[0m[ INFO] [1748070617.199276247]: [1748070617.199] Robot state - x: 0.000000, y: 0.000000, phi: 0.000000[0m
[0m[ INFO] [1748070617.203230447]: [1748070617.203] Reference trajectory - x: 0.000000, y: 0.000000, phi: 0.000000, v: 0.000000, w: 0.000000[0m
[0m[ INFO] [1748070617.299500992]: [1748070617.299] Robot state - x: 0.000000, y: 0.000000, phi: 0.000000[0m
[0m[ INFO] [1748070617.299618947]: [1748070617.300] Reference trajectory - x: 0.000000, y: 0.000000, phi: 0.000000, v: 0.000000, w: 0.000000[0m
[0m[ INFO] [1748070617.398919831]: [1748070617.399] Robot state - x: 0.000000, y: 0.000000, phi: 0.000000[0m
[0m[ INFO] [1748070617.399078586]: [1748070617.399] Reference trajectory - x: 0.000000, y: 0.000000, phi: 0.000000, v: 0.000000, w: 0.000000[0m
[0m[ INFO] [1748070617.498912507]: [1748070617.499] Robot state - x: 0.000000, y: 0.000000, phi: 0.000000[0m
[0m[ INFO] [1748070617.499004893]: [1748070617.499] Reference trajectory - x: 0.000000, y: 0.000000, phi: 0.000000, v: 0.000000, w: 0.000000[0m
[0m[ INFO] [1748070617.599154148]: [1748070617.599] Robot state - x: 0.000000, y: 0.000000, phi: 0.000000[0m
[0m[ INFO] [1748070617.599251750]: [1748070617.599] Reference trajectory - x: 0.000000, y: 0.000000, phi: 0.000000, v: 0.000000, w: 0.000000[0m
[0m[ INFO] [1748070617.699292394]: [1748070617.699] Robot state - x: 0.000000, y: 0.000000, phi: 0.000000[0m
[0m[ INFO] [1748070617.699395245]: [1748070617.699] Reference trajectory - x: 0.000000, y: 0.000000, phi: 0.000000, v: 0.000000, w: 0.000000[0m
[0m[ INFO] [1748070617.799142955]: [1748070617.799] Robot state - x: 0.000000, y: 0.000000, phi: 0.000000[0m
[0m[ INFO] [1748070617.799302382]: [1748070617.799] Reference trajectory - x: 0.000000, y: 0.000000, phi: 0.000000, v: 0.000000, w: 0.000000[0m
[0m[ INFO] [1748070617.898737894]: [1748070617.899] Robot state - x: 0.000000, y: 0.000000, phi: 0.000000[0m
[0m[ INFO] [1748070617.898857224]: [1748070617.899] Reference trajectory - x: 0.000000, y: 0.000000, phi: 0.000000, v: 0.000000, w: 0.000000[0m
[0m[ INFO] [1748070617.999072529]: [1748070617.999] Robot state - x: 0.000000, y: 0.000000, phi: 0.000000[0m
[0m[ INFO] [1748070617.999216468]: [1748070617.999] Reference trajectory - x: 0.000000, y: 0.000000, phi: 0.000000, v: 0.000000, w: 0.000000[0m
[0m[ INFO] [1748070618.098632519]: [1748070618.099] Robot state - x: 0.000000, y: 0.000000, phi: 0.000000[0m
[0m[ INFO] [1748070618.098736809]: [1748070618.099] Reference trajectory - x: 0.000000, y: 0.000000, phi: 0.000000, v: 0.000000, w: 0.000000[0m
[0m[ INFO] [1748070618.138167375]: Received reference trajectory - x: 0.000043, y: 0.000000, phi: 0.000000, v: 66.666664, w: 0.000000[0m
[0m[ INFO] [1748070618.198897964]: [1748070618.199] Robot state - x: 0.000000, y: 0.000000, phi: 0.000000[0m
[0m[ INFO] [1748070618.198994446]: [1748070618.199] Reference trajectory - x: 0.000000, y: 0.000000, phi: 0.000000, v: 0.066667, w: 0.000000[0m
[0m[ INFO] [1748070618.199053679]: [1748070618.199] v: 0.066667, w: 0.000000[0m
[0m[ INFO] [1748070618.233531592]: Received reference trajectory - x: 6.344126, y: 0.013093, phi: 0.006218, v: 66.101616, w: 0.062177[0m
[0m[ INFO] [1748070618.298676998]: [1748070618.299] Robot state - x: 0.000000, y: 0.000000, phi: 0.000000[0m
[0m[ INFO] [1748070618.298800521]: [1748070618.299] Reference trajectory - x: 0.006344, y: 0.000013, phi: 0.000109, v: 0.066102, w: 0.001085[0m
[0m[ INFO] [1748070618.298876586]: [1748070618.299] v: 0.088713, w: 0.001469[0m
[0m[ INFO] [1748070618.333327075]: Received reference trajectory - x: 12.925678, y: 0.112228, phi: 0.026272, v: 65.530258, w: 0.200544[0m
[0m[ INFO] [1748070618.398442816]: [1748070618.398] Robot state - x: 0.000000, y: 0.000000, phi: 0.000000[0m
[0m[ INFO] [1748070618.398532066]: [1748070618.399] Reference trajectory - x: 0.012926, y: 0.000112, phi: 0.000459, v: 0.065530, w: 0.003500[0m
[0m[ INFO] [1748070618.398613540]: [1748070618.399] v: 0.112233, w: 0.005435[0m
[0m[ INFO] [1748070618.433595208]: Received reference trajectory - x: 19.446859, y: 0.387385, phi: 0.060493, v: 65.034004, w: 0.342209[0m
[0m[ INFO] [1748070618.498636771]: [1748070618.499] Robot state - x: 0.000404, y: 0.000000, phi: 0.000000[0m
[0m[ INFO] [1748070618.498755398]: [1748070618.499] Reference trajectory - x: 0.019447, y: 0.000387, phi: 0.001056, v: 0.065034, w: 0.005973[0m
[0m[ INFO] [1748070618.498838536]: [1748070618.499] v: 0.134832, w: 0.011145[0m
[0m[ INFO] [1748070618.533494565]: Received reference trajectory - x: 25.906488, y: 0.928323, phi: 0.109026, v: 64.706848, w: 0.485326[0m
[0m[ INFO] [1748070618.598852903]: [1748070618.599] Robot state - x: 0.002222, y: 0.000002, phi: 0.001879[0m
[0m[ INFO] [1748070618.599005291]: [1748070618.599] Reference trajectory - x: 0.025906, y: 0.000928, phi: 0.001903, v: 0.064707, w: 0.008471[0m
[0m[ INFO] [1748070618.599079916]: [1748070618.599] v: 0.152954, w: 0.013685[0m
[0m[ INFO] [1748070618.633231294]: Received reference trajectory - x: 32.308681, y: 1.825317, phi: 0.171686, v: 64.681046, w: 0.626608[0m
[0m[ INFO] [1748070618.700225797]: [1748070618.700] Robot state - x: 0.005857, y: 0.000022, phi: 0.013151[0m
[0m[ INFO] [1748070618.700432105]: [1748070618.700] Reference trajectory - x: 0.032309, y: 0.001825, phi: 0.002996, v: 0.064681, w: 0.010936[0m
[0m[ INFO] [1748070618.700552460]: [1748070618.701] v: 0.165158, w: -0.008153[0m
[0m[ INFO] [1748070618.734658141]: Received reference trajectory - x: 38.657379, y: 3.169694, phi: 0.247668, v: 65.124168, w: 0.759817[0m
[0m[ INFO] [1748070618.799429426]: [1748070618.799] Robot state - x: 0.010300, y: 0.000022, phi: 0.009393[0m
[0m[ INFO] [1748070618.799569525]: [1748070618.800] Reference trajectory - x: 0.038657, y: 0.003170, phi: 0.004323, v: 0.065124, w: 0.013261[0m
[0m[ INFO] [1748070618.799622967]: [1748070618.800] v: 0.175038, w: 0.016335[0m
[0m[ INFO] [1748070618.833342079]: Received reference trajectory - x: 44.938526, y: 5.048188, phi: 0.334991, v: 66.225990, w: 0.873232[0m
[0m[ INFO] [1748070618.898861637]: [1748070618.899] Robot state - x: 0.016358, y: 0.000102, phi: 0.009393[0m
[0m[ INFO] [1748070618.898949767]: [1748070618.899] Reference trajectory - x: 0.044939, y: 0.005048, phi: 0.005847, v: 0.066226, w: 0.015241[0m
[0m[ INFO] [1748070618.899024137]: [1748070618.899] v: 0.179770, w: 0.032893[0m
[0m[ INFO] [1748070618.933309085]: Received reference trajectory - x: 51.161568, y: 7.552625, phi: 0.430907, v: 68.185295, w: 0.959160[0m
[0m[ INFO] [1748070618.998994343]: [1748070618.999] Robot state - x: 0.023628, y: 0.000170, phi: 0.009393[0m
[0m[ INFO] [1748070618.999138474]: [1748070618.999] Reference trajectory - x: 0.051162, y: 0.007553, phi: 0.007521, v: 0.068185, w: 0.016740[0m
[0m[ INFO] [1748070618.999221452]: [1748070618.999] v: 0.180855, w: 0.053086[0m
[0m[ INFO] [1748070619.033365660]: Received reference trajectory - x: 57.329235, y: 10.774908, phi: 0.531719, v: 71.187904, w: 1.008114[0m
[0m[ INFO] [1748070619.098903744]: [1748070619.099] Robot state - x: 0.031706, y: 0.000246, phi: 0.009393[0m
[0m[ INFO] [1748070619.099098148]: [1748070619.099] Reference trajectory - x: 0.057329, y: 0.010775, phi: 0.009280, v: 0.071188, w: 0.017595[0m
[0m[ INFO] [1748070619.099221127]: [1748070619.099] v: 0.179802, w: 0.077026[0m
[0m[ INFO] [1748070619.133446809]: Received reference trajectory - x: 63.434582, y: 14.801544, phi: 0.633174, v: 75.378937, w: 1.014555[0m
[0m[ INFO] [1748070619.199154368]: [1748070619.199] Robot state - x: 0.040794, y: 0.000340, phi: 0.011272[0m
[0m[ INFO] [1748070619.199280451]: [1748070619.199] Reference trajectory - x: 0.063435, y: 0.014802, phi: 0.011051, v: 0.075379, w: 0.017707[0m
[0m[ INFO] [1748070619.199328420]: [1748070619.199] v: 0.175926, w: 0.099503[0m
[0m[ INFO] [1748070619.233378290]: Received reference trajectory - x: 69.479927, y: 19.723227, phi: 0.731458, v: 80.857941, w: 0.982843[0m
[0m[ INFO] [1748070619.298875861]: [1748070619.299] Robot state - x: 0.049680, y: 0.000440, phi: 0.015030[0m
[0m[ INFO] [1748070619.299000535]: [1748070619.299] Reference trajectory - x: 0.069480, y: 0.019723, phi: 0.012766, v: 0.080858, w: 0.017154[0m
[0m[ INFO] [1748070619.299433473]: [1748070619.299] v: 0.173546, w: 0.121042[0m
[0m[ INFO] [1748070619.333313867]: Received reference trajectory - x: 75.467888, y: 25.632318, phi: 0.823617, v: 87.675690, w: 0.921586[0m
[0m[ INFO] [1748070619.398842958]: [1748070619.399] Robot state - x: 0.059171, y: 0.000556, phi: 0.016908[0m
[0m[ INFO] [1748070619.398936689]: [1748070619.399] Reference trajectory - x: 0.075468, y: 0.025632, phi: 0.014375, v: 0.087676, w: 0.016085[0m
[0m[ INFO] [1748070619.399010610]: [1748070619.399] v: 0.169857, w: 0.152975[0m
[0m[ INFO] [1748070619.433357351]: Received reference trajectory - x: 81.396317, y: 32.617096, phi: 0.907740, v: 95.835358, w: 0.841231[0m
[0m[ INFO] [1748070619.500715858]: [1748070619.501] Robot state - x: 0.069268, y: 0.000727, phi: 0.020666[0m
[0m[ INFO] [1748070619.500810324]: [1748070619.501] Reference trajectory - x: 0.081396, y: 0.032617, phi: 0.015843, v: 0.095835, w: 0.014682[0m
[0m[ INFO] [1748070619.500854421]: [1748070619.501] v: 0.164791, w: 0.184971[0m
[0m[ INFO] [1748070619.533242591]: Received reference trajectory - x: 87.266304, y: 40.769028, phi: 0.983033, v: 105.314049, w: 0.752933[0m
[0m[ INFO] [1748070619.600849424]: [1748070619.601] Robot state - x: 0.079566, y: 0.000930, phi: 0.026302[0m
[0m[ INFO] [1748070619.600992691]: [1748070619.601] Reference trajectory - x: 0.087266, y: 0.040769, phi: 0.017157, v: 0.105314, w: 0.013141[0m
[0m[ INFO] [1748070619.601042708]: [1748070619.601] v: 0.159701, w: 0.217914[0m
[0m[ INFO] [1748070619.634737946]: Received reference trajectory - x: 93.079147, y: 50.180973, phi: 1.049515, v: 116.073830, w: 0.664813[0m
[0m[ INFO] [1748070619.706804334]: [1748070619.707] Robot state - x: 0.090064, y: 0.001186, phi: 0.033816[0m
[0m[ INFO] [1748070619.706957777]: [1748070619.707] Reference trajectory - x: 0.093079, y: 0.050181, phi: 0.018317, v: 0.116074, w: 0.011603[0m
[0m[ INFO] [1748070619.707029939]: [1748070619.707] v: 0.154530, w: 0.252454[0m
[0m[ INFO] [1748070619.734909081]: Received reference trajectory - x: 98.833984, y: 60.942883, phi: 1.107694, v: 128.066940, w: 0.581792[0m
[0m[ INFO] [1748070619.798547506]: [1748070619.798] Robot state - x: 0.100359, y: 0.001506, phi: 0.043210[0m
[0m[ INFO] [1748070619.798635348]: [1748070619.799] Reference trajectory - x: 0.098834, y: 0.060943, phi: 0.019333, v: 0.128067, w: 0.010154[0m
[0m[ INFO] [1748070619.798681301]: [1748070619.799] v: 0.150643, w: 0.289268[0m
[0m[ INFO] [1748070619.833582582]: Received reference trajectory - x: 104.519592, y: 73.120338, phi: 1.158268, v: 141.219971, w: 0.505744[0m
[0m[ INFO] [1748070619.903292662]: [1748070619.903] Robot state - x: 0.110652, y: 0.001883, phi: 0.048846[0m
[0m[ INFO] [1748070619.903723583]: [1748070619.904] Reference trajectory - x: 0.104520, y: 0.073120, phi: 0.020216, v: 0.141220, w: 0.008827[0m
[0m[ INFO] [1748070619.903929540]: [1748070619.904] v: 0.147222, w: 0.345115[0m
[0m[ INFO] [1748070619.934842892]: Received reference trajectory - x: 110.153419, y: 86.839722, phi: 1.202284, v: 155.529312, w: 0.440153[0m
[0m[ INFO] [1748070620.009542809]: [1748070620.009] Robot state - x: 0.120940, y: 0.002395, phi: 0.061997[0m
[0m[ INFO] [1748070620.009634683]: [1748070620.010] Reference trajectory - x: 0.110153, y: 0.086840, phi: 0.020984, v: 0.155529, w: 0.007682[0m
[0m[ INFO] [1748070620.009679804]: [1748070620.010] v: 0.144333, w: 0.388160[0m
[0m[ INFO] [1748070620.033384549]: Received reference trajectory - x: 115.724846, y: 102.167000, phi: 1.240521, v: 170.931625, w: 0.382379[0m
[0m[ INFO] [1748070620.100418727]: [1748070620.100] Robot state - x: 0.131425, y: 0.002987, phi: 0.077026[0m
[0m[ INFO] [1748070620.100509641]: [1748070620.100] Reference trajectory - x: 0.115725, y: 0.102167, phi: 0.021651, v: 0.170932, w: 0.006674[0m
[0m[ INFO] [1748070620.100555850]: [1748070620.101] v: 0.141144, w: 0.435385[0m
[0m[ INFO] [1748070620.133607840]: Received reference trajectory - x: 121.238663, y: 119.204597, phi: 1.273820, v: 187.407349, w: 0.332986[0m
[0m[ INFO] [1748070620.199105984]: [1748070620.199] Robot state - x: 0.142103, y: 0.003720, phi: 0.090177[0m
[0m[ INFO] [1748070620.199202306]: [1748070620.199] Reference trajectory - x: 0.121239, y: 0.119205, phi: 0.022232, v: 0.187407, w: 0.005812[0m
[0m[ INFO] [1748070620.199248611]: [1748070620.199] v: 0.137641, w: 0.497998[0m
[0m[ INFO] [1748070620.234054944]: Received reference trajectory - x: 126.692360, y: 138.035141, phi: 1.302875, v: 204.922119, w: 0.290548[0m
[0m[ INFO] [1748070620.299451198]: [1748070620.299] Robot state - x: 0.152364, y: 0.004619, phi: 0.110843[0m
[0m[ INFO] [1748070620.299544096]: [1748070620.300] Reference trajectory - x: 0.126692, y: 0.138035, phi: 0.022739, v: 0.204922, w: 0.005071[0m
[0m[ INFO] [1748070620.299590017]: [1748070620.300] v: 0.135937, w: 0.549529[0m
[0m[ INFO] [1748070620.334316444]: Received reference trajectory - x: 132.087921, y: 158.755600, phi: 1.328313, v: 223.459793, w: 0.254378[0m
[0m[ INFO] [1748070620.400880723]: [1748070620.401] Robot state - x: 0.162612, y: 0.005653, phi: 0.131509[0m
[0m[ INFO] [1748070620.400979061]: [1748070620.401] Reference trajectory - x: 0.132088, y: 0.158756, phi: 0.023183, v: 0.223460, w: 0.004440[0m
[0m[ INFO] [1748070620.401235675]: [1748070620.401] v: 0.134613, w: 0.612430[0m
[0m[ INFO] [1748070620.434020460]: Received reference trajectory - x: 137.423203, y: 181.447784, phi: 1.350649, v: 242.994370, w: 0.223368[0m
[0m[ INFO] [1748070620.500425375]: [1748070620.500] Robot state - x: 0.173437, y: 0.006981, phi: 0.154053[0m
[0m[ INFO] [1748070620.500516481]: [1748070620.500] Reference trajectory - x: 0.137423, y: 0.181448, phi: 0.023573, v: 0.242994, w: 0.003899[0m
[0m[ INFO] [1748070620.500612579]: [1748070620.501] v: 0.131531, w: 0.681061[0m
[0m[ INFO] [1748070620.533980897]: Received reference trajectory - x: 142.700150, y: 206.209915, phi: 1.370340, v: 263.517456, w: 0.196902[0m
[0m[ INFO] [1748070620.599040823]: [1748070620.599] Robot state - x: 0.183429, y: 0.008437, phi: 0.180355[0m
[0m[ INFO] [1748070620.599279228]: [1748070620.599] Reference trajectory - x: 0.142700, y: 0.206210, phi: 0.023917, v: 0.263517, w: 0.003437[0m
[0m[ INFO] [1748070620.599325437]: [1748070620.599] v: 0.131646, w: 0.751670[0m
[0m[ INFO] [1748070620.644088821]: Received reference trajectory - x: 148.055649, y: 233.873657, phi: 1.388190, v: 285.597198, w: 0.178507[0m
[0m[ INFO] [1748070620.699665435]: [1748070620.700] Robot state - x: 0.193186, y: 0.010093, phi: 0.208535[0m
[0m[ INFO] [1748070620.699775517]: [1748070620.700] Reference trajectory - x: 0.148056, y: 0.233874, phi: 0.024228, v: 0.285597, w: 0.003116[0m
[0m[ INFO] [1748070620.699851359]: [1748070620.700] v: 0.133967, w: 0.834117[0m
[0m[ INFO] [1748070620.824374224]: Received reference trajectory - x: 153.266754, y: 263.420807, phi: 1.403755, v: 308.322906, w: 0.155646[0m
[0m[ INFO] [1748070620.824524563]: [1748070620.824] Robot state - x: 0.293186, y: 0.110093, phi: 0.034002[0m
[0m[ INFO] [1748070620.824575412]: [1748070620.825] Reference trajectory - x: 0.153267, y: 0.263421, phi: 0.024500, v: 0.308323, w: 0.002717[0m
[0m[ INFO] [1748070620.824615509]: [1748070620.825] v: -0.185657, w: 0.970509[0m
[0m[ INFO] [1748070620.829409982]: [1748070620.829] Robot state - x: 0.303288, y: 0.112102, phi: 0.065940[0m
[0m[ INFO] [1748070620.829509025]: [1748070620.829] Reference trajectory - x: 0.153267, y: 0.263421, phi: 0.024500, v: 0.308323, w: 0.002717[0m
[0m[ INFO] [1748070620.829555170]: [1748070620.830] v: -0.235654, w: 0.883124[0m
[0m[ INFO] [1748070620.833413686]: Received reference trajectory - x: 158.174301, y: 293.786499, phi: 1.416981, v: 330.875122, w: 0.132266[0m
[0m[ INFO] [1748070620.899281886]: [1748070620.899] Robot state - x: 0.313573, y: 0.112655, phi: 0.105392[0m
[0m[ INFO] [1748070620.899376672]: [1748070620.899] Reference trajectory - x: 0.158174, y: 0.293786, phi: 0.024731, v: 0.330875, w: 0.002308[0m
[0m[ INFO] [1748070620.899423425]: [1748070620.899] v: -0.247270, w: 0.949171[0m
[0m[ INFO] [1748070620.933583056]: Received reference trajectory - x: 163.214798, y: 327.717072, phi: 1.429289, v: 355.233429, w: 0.123080[0m
[0m[ INFO] [1748070620.999559770]: [1748070620.999] Robot state - x: 0.302880, y: 0.112161, phi: 0.065940[0m
[0m[ INFO] [1748070620.999652668]: [1748070621.000] Reference trajectory - x: 0.163215, y: 0.327717, phi: 0.024946, v: 0.355233, w: 0.002148[0m
[0m[ INFO] [1748070620.999699261]: [1748070621.000] v: -0.182378, w: 1.270240[0m
[0m[ INFO] [1748070621.033679559]: Received reference trajectory - x: 168.198395, y: 364.182678, phi: 1.440330, v: 380.543701, w: 0.110406[0m
[0m[ INFO] [1748070621.099493995]: [1748070621.099] Robot state - x: 0.307880, y: 0.112866, phi: 0.135451[0m
[0m[ INFO] [1748070621.099589645]: [1748070621.100] Reference trajectory - x: 0.168198, y: 0.364183, phi: 0.025139, v: 0.380544, w: 0.001927[0m
[0m[ INFO] [1748070621.099637582]: [1748070621.100] v: -0.171091, w: 1.289208[0m
[0m[ INFO] [1748070621.133424947]: Received reference trajectory - x: 173.115509, y: 403.198700, phi: 1.450246, v: 406.750214, w: 0.099157[0m
[0m[ INFO] [1748070621.200415280]: [1748070621.200] Robot state - x: 0.310497, y: 0.113076, phi: 0.163632[0m
[0m[ INFO] [1748070621.200507794]: [1748070621.200] Reference trajectory - x: 0.173116, y: 0.403199, phi: 0.025312, v: 0.406750, w: 0.001731[0m
[0m[ INFO] [1748070621.200554931]: [1748070621.201] v: -0.150655, w: 1.447100[0m
[0m[ INFO] [1748070621.233571784]: Received reference trajectory - x: 177.978958, y: 444.955322, phi: 1.459201, v: 433.916168, w: 0.089554[0m
[0m[ INFO] [1748070621.299532591]: [1748070621.299] Robot state - x: 0.310297, y: 0.113048, phi: 0.173025[0m
[0m[ INFO] [1748070621.299633457]: [1748070621.300] Reference trajectory - x: 0.177979, y: 0.444955, phi: 0.025468, v: 0.433916, w: 0.001563[0m
[0m[ INFO] [1748070621.299684306]: [1748070621.300] v: -0.119180, w: 1.679152[0m
[0m[ INFO] [1748070621.334273865]: Received reference trajectory - x: 182.782455, y: 489.493469, phi: 1.467301, v: 462.004639, w: 0.081003[0m
[0m[ INFO] [1748070621.400757883]: [1748070621.401] Robot state - x: 0.309103, y: 0.112843, phi: 0.184298[0m
[0m[ INFO] [1748070621.400862429]: [1748070621.401] Reference trajectory - x: 0.182782, y: 0.489493, phi: 0.025609, v: 0.462005, w: 0.001414[0m
[0m[ INFO] [1748070621.400915646]: [1748070621.401] v: -0.082947, w: 1.926225[0m
[0m[ INFO] [1748070621.434034517]: Received reference trajectory - x: 187.525146, y: 536.892883, phi: 1.474647, v: 491.006592, w: 0.073455[0m
[0m[ INFO] [1748070621.499316077]: [1748070621.499] Robot state - x: 0.307119, y: 0.112466, phi: 0.214357[0m
[0m[ INFO] [1748070621.499406575]: [1748070621.499] Reference trajectory - x: 0.187525, y: 0.536893, phi: 0.025737, v: 0.491007, w: 0.001282[0m
[0m[ INFO] [1748070621.499451888]: [1748070621.499] v: -0.042602, w: 2.140512[0m
[0m[ INFO] [1748070621.533795009]: Received reference trajectory - x: 192.208405, y: 587.255493, phi: 1.481327, v: 520.927063, w: 0.066802[0m
[0m[ INFO] [1748070621.624768717]: [1748070621.602] Robot state - x: 0.304946, y: 0.111999, phi: 0.268839[0m
[0m[ INFO] [1748070621.624908656]: [1748070621.625] Reference trajectory - x: 0.192208, y: 0.587255, phi: 0.025854, v: 0.520927, w: 0.001166[0m
[0m[ INFO] [1748070621.624986289]: [1748070621.625] v: -0.000208, w: 2.306237[0m
[0m[ INFO] [1748070621.635015309]: Received reference trajectory - x: 196.833359, y: 640.684021, phi: 1.487419, v: 551.771057, w: 0.060914[0m
[0m[ INFO] [1748070621.722015970]: [1748070621.722] Robot state - x: 0.302994, y: 0.111481, phi: 0.359016[0m
[0m[ INFO] [1748070621.722158501]: [1748070621.722] Reference trajectory - x: 0.196833, y: 0.640684, phi: 0.025960, v: 0.551771, w: 0.001063[0m
[0m[ INFO] [1748070621.722239943]: [1748070621.722] v: 0.042803, w: 2.391712[0m
[0m[ INFO] [1748070621.733910407]: Received reference trajectory - x: 201.399384, y: 697.263000, phi: 1.492985, v: 583.533081, w: 0.055667[0m
[0m[ INFO] [1748070621.798915320]: [1748070621.799] Robot state - x: 0.301273, y: 0.110899, phi: 0.473616[0m
[0m[ INFO] [1748070621.799155518]: [1748070621.799] Reference trajectory - x: 0.201399, y: 0.697263, phi: 0.026058, v: 0.583533, w: 0.000972[0m
[0m[ INFO] [1748070621.799204447]: [1748070621.799] v: 0.086360, w: 2.430139[0m
[0m[ INFO] [1748070621.833456878]: Received reference trajectory - x: 205.905090, y: 757.064270, phi: 1.498082, v: 616.201355, w: 0.050970[0m
[0m[ INFO] [1748070621.898982987]: [1748070621.899] Robot state - x: 0.301641, y: 0.111064, phi: 0.597610[0m
[0m[ INFO] [1748070621.899122127]: [1748070621.899] Reference trajectory - x: 0.205905, y: 0.757064, phi: 0.026146, v: 0.616201, w: 0.000890[0m
[0m[ INFO] [1748070621.899171664]: [1748070621.899] v: 0.123786, w: 2.460913[0m
[0m[ INFO] [1748070621.933556194]: Received reference trajectory - x: 210.351410, y: 820.188538, phi: 1.502760, v: 649.780579, w: 0.046778[0m
[0m[ INFO] [1748070621.999040158]: [1748070621.999] Robot state - x: 0.304070, y: 0.112512, phi: 0.725361[0m
[0m[ INFO] [1748070621.999123744]: [1748070621.999] Reference trajectory - x: 0.210351, y: 0.820189, phi: 0.026228, v: 0.649781, w: 0.000816[0m
[0m[ INFO] [1748070621.999168961]: [1748070621.999] v: 0.154982, w: 2.498070[0m
[0m[ INFO] [1748070622.033469296]: Received reference trajectory - x: 214.739639, y: 886.745483, phi: 1.507063, v: 684.279663, w: 0.043029[0m
[0m[ INFO] [1748070622.103402315]: [1748070622.103] Robot state - x: 0.307872, y: 0.115518, phi: 0.868142[0m
[0m[ INFO] [1748070622.103486061]: [1748070622.103] Reference trajectory - x: 0.214740, y: 0.886746, phi: 0.026303, v: 0.684280, w: 0.000751[0m
[0m[ INFO] [1748070622.103531214]: [1748070622.104] v: 0.182198, w: 2.508549[0m
[0m[ INFO] [1748070622.133437468]: Received reference trajectory - x: 219.068466, y: 956.807190, phi: 1.511028, v: 719.687805, w: 0.039645[0m
[0m[ INFO] [1748070622.198933654]: [1748070622.199] Robot state - x: 0.312915, y: 0.120755, phi: 1.025952[0m
[0m[ INFO] [1748070622.199019448]: [1748070622.199] Reference trajectory - x: 0.219068, y: 0.956807, phi: 0.026372, v: 0.719688, w: 0.000692[0m
[0m[ INFO] [1748070622.199064185]: [1748070622.199] v: 0.205747, w: 2.489235[0m
[0m[ INFO] [1748070622.233670542]: Received reference trajectory - x: 223.337875, y: 1030.462402, phi: 1.514687, v: 756.003479, w: 0.036594[0m
[0m[ INFO] [1748070622.308516501]: [1748070622.308] Robot state - x: 0.318452, y: 0.128465, phi: 1.185641[0m
[0m[ INFO] [1748070622.308627479]: [1748070622.309] Reference trajectory - x: 0.223338, y: 1.030462, phi: 0.026436, v: 0.756003, w: 0.000639[0m
[0m[ INFO] [1748070622.308674616]: [1748070622.309] v: 0.228160, w: 2.477164[0m
[0m[ INFO] [1748070622.334590384]: Received reference trajectory - x: 227.549683, y: 1107.835327, phi: 1.518072, v: 793.242065, w: 0.033850[0m
[0m[ INFO] [1748070622.398999729]: [1748070622.399] Robot state - x: 0.323234, y: 0.138041, phi: 1.349087[0m
[0m[ INFO] [1748070622.399117940]: [1748070622.399] Reference trajectory - x: 0.227550, y: 1.107835, phi: 0.026495, v: 0.793242, w: 0.000591[0m
[0m[ INFO] [1748070622.399163317]: [1748070622.399] v: 0.253856, w: 2.471071[0m
[0m[ INFO] [1748070622.433570758]: Received reference trajectory - x: 231.699921, y: 1188.942017, phi: 1.521206, v: 831.367432, w: 0.031336[0m
[0m[ INFO] [1748070622.500898536]: [1748070622.500] Robot state - x: 0.326724, y: 0.149223, phi: 1.514412[0m
[0m[ INFO] [1748070622.501254896]: [1748070622.501] Reference trajectory - x: 0.231700, y: 1.188942, phi: 0.026550, v: 0.831367, w: 0.000547[0m
[0m[ INFO] [1748070622.501377010]: [1748070622.501] v: 0.284767, w: 2.478060[0m
[0m[ INFO] [1748070622.535017619]: Received reference trajectory - x: 235.792221, y: 1273.941528, phi: 1.524113, v: 870.411743, w: 0.029079[0m
[0m[ INFO] [1748070622.598843656]: [1748070622.599] Robot state - x: 0.328616, y: 0.163029, phi: 1.685374[0m
[0m[ INFO] [1748070622.598991787]: [1748070622.599] Reference trajectory - x: 0.235792, y: 1.273942, phi: 0.026601, v: 0.870412, w: 0.000508[0m
[0m[ INFO] [1748070622.599062125]: [1748070622.599] v: 0.322150, w: 2.482828[0m
[0m[ INFO] [1748070622.633540959]: Received reference trajectory - x: 239.823486, y: 1362.859131, phi: 1.526814, v: 910.344666, w: 0.027006[0m
[0m[ INFO] [1748070622.698879094]: [1748070622.699] Robot state - x: 0.328167, y: 0.177967, phi: 1.858213[0m
[0m[ INFO] [1748070622.699037881]: [1748070622.699] Reference trajectory - x: 0.239823, y: 1.362859, phi: 0.026648, v: 0.910345, w: 0.000471[0m
[0m[ INFO] [1748070622.699177436]: [1748070622.699] v: 0.368768, w: 2.504634[0m
[0m[ INFO] [1748070622.734937355]: Received reference trajectory - x: 243.801178, y: 1455.956909, phi: 1.529330, v: 951.241577, w: 0.025163[0m
[0m[ INFO] [1748070622.798667038]: [1748070622.799] Robot state - x: 0.324724, y: 0.194785, phi: 2.032932[0m
[0m[ INFO] [1748070622.798814369]: [1748070622.799] Reference trajectory - x: 0.243801, y: 1.455957, phi: 0.026692, v: 0.951242, w: 0.000439[0m
[0m[ INFO] [1748070622.798880355]: [1748070622.799] v: 0.427278, w: 2.541088[0m
[0m[ INFO] [1748070622.833404406]: Received reference trajectory - x: 247.710541, y: 1552.972656, phi: 1.531670, v: 992.948486, w: 0.023392[0m
[0m[ INFO] [1748070622.899203063]: [1748070622.899] Robot state - x: 0.317701, y: 0.212640, phi: 2.207650[0m
[0m[ INFO] [1748070622.899333178]: [1748070622.899] Reference trajectory - x: 0.247711, y: 1.552973, phi: 0.026733, v: 0.992948, w: 0.000408[0m
[0m[ INFO] [1748070622.899397979]: [1748070622.899] v: 0.499858, w: 2.601004[0m
[0m[ INFO] [1748070622.937222839]: Received reference trajectory - x: 251.567810, y: 1654.395752, phi: 1.533856, v: 1035.637207, w: 0.021866[0m
[0m[ INFO] [1748070622.998746394]: [1748070622.999] Robot state - x: 0.306704, y: 0.230297, phi: 2.397398[0m
[0m[ INFO] [1748070622.998858684]: [1748070622.999] Reference trajectory - x: 0.251568, y: 1.654396, phi: 0.026771, v: 1.035637, w: 0.000382[0m
[0m[ INFO] [1748070622.998939806]: [1748070622.999] v: 0.588490, w: 2.651005[0m
[0m[ INFO] [1748070623.033589395]: Received reference trajectory - x: 255.360001, y: 1759.976685, phi: 1.535896, v: 1079.164185, w: 0.020396[0m
[0m[ INFO] [1748070623.104395454]: [1748070623.104] Robot state - x: 0.291873, y: 0.246565, phi: 2.602176[0m
[0m[ INFO] [1748070623.104642595]: [1748070623.105] Reference trajectory - x: 0.255360, y: 1.759977, phi: 0.026806, v: 1.079164, w: 0.000356[0m
[0m[ INFO] [1748070623.104739909]: [1748070623.105] v: 0.692879, w: 2.696738[0m
[0m[ INFO] [1748070623.133751263]: Received reference trajectory - x: 259.094696, y: 1870.007568, phi: 1.537804, v: 1123.613647, w: 0.019087[0m
[0m[ INFO] [1748070623.199303639]: [1748070623.199] Robot state - x: 0.271771, y: 0.261500, phi: 2.812589[0m
[0m[ INFO] [1748070623.199388153]: [1748070623.199] Reference trajectory - x: 0.259095, y: 1.870008, phi: 0.026840, v: 1.123614, w: 0.000333[0m
[0m[ INFO] [1748070623.199464283]: [1748070623.199] v: 0.818633, w: 2.767011[0m
[0m[ INFO] [1748070623.233808553]: Received reference trajectory - x: 262.771027, y: 1984.559082, phi: 1.539592, v: 1168.976685, w: 0.017878[0m
[0m[ INFO] [1748070623.300177715]: [1748070623.300] Robot state - x: 0.245777, y: 0.273613, phi: 3.019246[0m
[0m[ INFO] [1748070623.300271605]: [1748070623.300] Reference trajectory - x: 0.262771, y: 1.984559, phi: 0.026871, v: 1.168977, w: 0.000312[0m
[0m[ INFO] [1748070623.300320374]: [1748070623.300] v: 0.968478, w: 2.897939[0m
[0m[ INFO] [1748070623.334302012]: Received reference trajectory - x: 266.419189, y: 2104.748047, phi: 1.541283, v: 1215.647339, w: 0.016902[0m
[0m[ INFO] [1748070623.401590426]: [1748070623.401] Robot state - x: 0.213699, y: 0.281010, phi: -3.059162[0m
[0m[ INFO] [1748070623.401692700]: [1748070623.402] Reference trajectory - x: 0.266419, y: 2.104748, phi: 0.026900, v: 1.215647, w: 0.000295[0m
[0m[ INFO] [1748070623.401770046]: [1748070623.402] v: 1.144179, w: 21.136066[0m
[0m[ INFO] [1748070623.433346160]: Received reference trajectory - x: 269.946594, y: 2227.530029, phi: 1.542842, v: 1262.419678, w: 0.015593[0m
[0m[ INFO] [1748070623.499053643]: [1748070623.499] Robot state - x: 0.177148, y: 0.281533, phi: -2.843112[0m
[0m[ INFO] [1748070623.499336849]: [1748070623.499] Reference trajectory - x: 0.269947, y: 2.227530, phi: 0.026928, v: 1.262420, w: 0.000272[0m
[0m[ INFO] [1748070623.499423443]: [1748070623.499] v: 1.339066, w: 21.370508[0m
[0m[ INFO] [1748070623.533651551]: Received reference trajectory - x: 273.446136, y: 2356.142822, phi: 1.544320, v: 1310.503906, w: 0.014784[0m
[0m[ INFO] [1748070623.598719372]: [1748070623.599] Robot state - x: 0.154703, y: 0.275563, phi: -2.488039[0m
[0m[ INFO] [1748070623.598863695]: [1748070623.599] Reference trajectory - x: 0.273446, y: 2.356143, phi: 0.026953, v: 1.310504, w: 0.000258[0m
[0m[ INFO] [1748070623.598959345]: [1748070623.599] v: 1.488899, w: 21.285898[0m
[0m[ INFO] [1748070623.633729161]: Received reference trajectory - x: 276.885559, y: 2489.580811, phi: 1.545710, v: 1359.479004, w: 0.013900[0m
[0m[ INFO] [1748070623.699638985]: [1748070623.699] Robot state - x: 0.131539, y: 0.263205, phi: -2.104786[0m
[0m[ INFO] [1748070623.699822189]: [1748070623.700] Reference trajectory - x: 0.276886, y: 2.489581, phi: 0.026978, v: 1.359479, w: 0.000243[0m
[0m[ INFO] [1748070623.699956080]: [1748070623.700] v: 1.644566, w: 21.195507[0m
[0m[ INFO] [1748070623.734877066]: Received reference trajectory - x: 280.268982, y: 2628.100586, phi: 1.547020, v: 1409.404907, w: 0.013098[0m
[0m[ INFO] [1748070623.798679804]: [1748070623.799] Robot state - x: 0.108532, y: 0.237993, phi: -1.749713[0m
[0m[ INFO] [1748070623.798801983]: [1748070623.799] Reference trajectory - x: 0.280269, y: 2.628101, phi: 0.027001, v: 1.409405, w: 0.000229[0m
[0m[ INFO] [1748070623.798885889]: [1748070623.799] v: 1.803084, w: 21.299179[0m
[0m[ INFO] [1748070623.833215343]: Received reference trajectory - x: 283.588043, y: 2771.443115, phi: 1.548252, v: 1460.156372, w: 0.012322[0m
[0m[ INFO] [1748070623.901538947]: [1748070623.901] Robot state - x: 0.095738, y: 0.203535, phi: -1.392761[0m
[0m[ INFO] [1748070623.901896459]: [1748070623.902] Reference trajectory - x: 0.283588, y: 2.771443, phi: 0.027022, v: 1.460156, w: 0.000215[0m
[0m[ INFO] [1748070623.902102287]: [1748070623.902] v: 1.928438, w: 21.491177[0m
[0m[ INFO] [1748070623.936992714]: Received reference trajectory - x: 286.851074, y: 2920.053955, phi: 1.549416, v: 1511.859863, w: 0.011633[0m
[0m[ INFO] [1748070623.998831568]: [1748070623.999] Robot state - x: 0.096159, y: 0.167790, phi: -1.011386[0m
[0m[ INFO] [1748070623.998972051]: [1748070623.999] Reference trajectory - x: 0.286851, y: 2.920054, phi: 0.027042, v: 1.511860, w: 0.000203[0m
[0m[ INFO] [1748070623.999034517]: [1748070623.999] v: 2.009057, w: 21.666885[0m
[0m[ INFO] [1748070624.033524869]: Received reference trajectory - x: 290.052612, y: 3073.776123, phi: 1.550513, v: 1564.428955, w: 0.010973[0m
[0m[ INFO] [1748070624.102967087]: [1748070624.101] Robot state - x: 0.109650, y: 0.134469, phi: -0.598074[0m
[0m[ INFO] [1748070624.103527291]: [1748070624.103] Reference trajectory - x: 0.290053, y: 3.073776, phi: 0.027062, v: 1.564429, w: 0.000192[0m
[0m[ INFO] [1748070624.103680766]: [1748070624.104] v: 2.044023, w: 21.784136[0m
[0m[ INFO] [1748070624.134969256]: Received reference trajectory - x: 293.197540, y: 3232.937744, phi: 1.551550, v: 1617.944702, w: 0.010375[0m
[0m[ INFO] [1748070624.198835097]: [1748070624.199] Robot state - x: 0.134509, y: 0.109347, phi: -0.156581[0m
[0m[ INFO] [1748070624.198970940]: [1748070624.199] Reference trajectory - x: 0.293198, y: 3.232938, phi: 0.027080, v: 1.617945, w: 0.000181[0m
[0m[ INFO] [1748070624.199026685]: [1748070624.199] v: 2.038185, w: 21.824030[0m
[0m[ INFO] [1748070624.233443179]: Received reference trajectory - x: 296.280060, y: 3397.329102, phi: 1.552530, v: 1672.306519, w: 0.009799[0m
[0m[ INFO] [1748070624.308998714]: [1748070624.309] Robot state - x: 0.172960, y: 0.095716, phi: 0.358181[0m
[0m[ INFO] [1748070624.309094716]: [1748070624.309] Reference trajectory - x: 0.296280, y: 3.397329, phi: 0.027097, v: 1.672307, w: 0.000171[0m
[0m[ INFO] [1748070624.310116179]: [1748070624.310] v: 1.982359, w: 21.637627[0m
[0m[ INFO] [1748070624.333590738]: Received reference trajectory - x: 299.304352, y: 3567.258545, phi: 1.553458, v: 1727.587280, w: 0.009276[0m
[0m[ INFO] [1748070624.398796512]: [1748070624.399] Robot state - x: 0.214198, y: 0.101222, phi: 0.936819[0m
[0m[ INFO] [1748070624.398883490]: [1748070624.399] Reference trajectory - x: 0.299304, y: 3.567259, phi: 0.027113, v: 1.727587, w: 0.000162[0m
[0m[ INFO] [1748070624.398962307]: [1748070624.399] v: 1.913775, w: 21.210913[0m
[0m[ INFO] [1748070624.433525845]: Received reference trajectory - x: 302.269775, y: 3742.784424, phi: 1.554336, v: 1783.776245, w: 0.008785[0m
[0m[ INFO] [1748070624.499347152]: [1748070624.499] Robot state - x: 0.247757, y: 0.127811, phi: 1.560545[0m
[0m[ INFO] [1748070624.499452338]: [1748070624.499] Reference trajectory - x: 0.302270, y: 3.742785, phi: 0.027128, v: 1.783776, w: 0.000153[0m
[0m[ INFO] [1748070624.499540052]: [1748070624.500] v: 1.869438, w: 20.586082[0m
[0m[ INFO] [1748070624.535408290]: Received reference trajectory - x: 305.178192, y: 3924.120605, phi: 1.555169, v: 1840.911621, w: 0.008331[0m
[0m[ INFO] [1748070624.598776967]: [1748070624.599] Robot state - x: 0.260523, y: 0.168467, phi: 2.219966[0m
[0m[ INFO] [1748070624.598900266]: [1748070624.599] Reference trajectory - x: 0.305178, y: 3.924121, phi: 0.027143, v: 1.840912, w: 0.000145[0m
[0m[ INFO] [1748070624.598948491]: [1748070624.599] v: 1.896889, w: 19.828293[0m
[0m[ INFO] [1748070624.604698760]: [1748070624.605] Robot state - x: 0.326201, y: 0.068467, phi: 2.045433[0m
[0m[ INFO] [1748070624.604792650]: [1748070624.605] Reference trajectory - x: 0.305178, y: 3.924121, phi: 0.027143, v: 1.840912, w: 0.000145[0m
[0m[ INFO] [1748070624.604840491]: [1748070624.605] v: 1.667273, w: 21.254593[0m
[0m[ INFO] [1748070624.633336729]: Received reference trajectory - x: 308.023438, y: 4110.961426, phi: 1.555958, v: 1898.869263, w: 0.007889[0m
[0m[ INFO] [1748070624.698981520]: [1748070624.699] Robot state - x: 0.313480, y: 0.106804, phi: 2.706733[0m
[0m[ INFO] [1748070624.699096178]: [1748070624.699] Reference trajectory - x: 0.308023, y: 4.110961, phi: 0.027157, v: 1.898869, w: 0.000138[0m
[0m[ INFO] [1748070624.699302711]: [1748070624.699] v: 1.778608, w: 20.558495[0m
[0m[ INFO] [1748070624.733507488]: Received reference trajectory - x: 310.811249, y: 4303.765137, phi: 1.556708, v: 1957.764648, w: 0.007491[0m
[0m[ INFO] [1748070624.799692643]: [1748070624.800] Robot state - x: 0.280144, y: 0.136177, phi: -2.828732[0m
[0m[ INFO] [1748070624.799783269]: [1748070624.800] Reference trajectory - x: 0.310811, y: 4.303765, phi: 0.027170, v: 1.957765, w: 0.000131[0m
[0m[ INFO] [1748070624.799828742]: [1748070624.800] v: 1.965708, w: 37.745888[0m
[0m[ INFO] [1748070624.801998453]: [1748070624.802] Robot state - x: 0.180144, y: 0.036177, phi: -3.003265[0m
[0m[ INFO] [1748070624.802079415]: [1748070624.802] Reference trajectory - x: 0.310811, y: 4.303765, phi: 0.027170, v: 1.957765, w: 0.000131[0m
[0m[ INFO] [1748070624.802131544]: [1748070624.802] v: 2.325185, w: 39.213379[0m
[0m[ INFO] [1748070624.833567334]: Received reference trajectory - x: 313.539246, y: 4502.463867, phi: 1.557419, v: 2017.548706, w: 0.007112[0m
[0m[ INFO] [1748070624.898824372]: [1748070624.899] Robot state - x: 0.139682, y: 0.039451, phi: -2.294998[0m
[0m[ INFO] [1748070624.898993336]: [1748070624.899] Reference trajectory - x: 0.313539, y: 4.502464, phi: 0.027182, v: 2.017549, w: 0.000124[0m
[0m[ INFO] [1748070624.899233501]: [1748070624.899] v: 2.551968, w: 38.681618[0m
[0m[ INFO] [1748070624.933667052]: Received reference trajectory - x: 316.208618, y: 4707.234863, phi: 1.558095, v: 2078.247559, w: 0.006759[0m
[0m[ INFO] [1748070624.998924410]: [1748070624.999] Robot state - x: 0.102440, y: 0.018328, phi: -1.539763[0m
[0m[ INFO] [1748070624.999064989]: [1748070624.999] Reference trajectory - x: 0.316209, y: 4.707235, phi: 0.027194, v: 2.078248, w: 0.000118[0m
[0m[ INFO] [1748070624.999110174]: [1748070624.999] v: 2.772300, w: 38.202099[0m
[0m[ INFO] [1748070625.008154979]: [1748070625.008] Robot state - x: 0.096577, y: -0.081672, phi: -1.365230[0m
[0m[ INFO] [1748070625.008266502]: [1748070625.008] Reference trajectory - x: 0.316209, y: 4.707235, phi: 0.027194, v: 2.078248, w: 0.000118[0m
[0m[ INFO] [1748070625.008311431]: [1748070625.008] v: 2.814575, w: 38.719799[0m
[0m[ INFO] [1748070625.033404105]: Received reference trajectory - x: 318.818756, y: 4918.123535, phi: 1.558737, v: 2139.847900, w: 0.006426[0m
[0m[ INFO] [1748070625.098790935]: [1748070625.099] Robot state - x: 0.082739, y: -0.120907, phi: -0.594966[0m
[0m[ INFO] [1748070625.098910522]: [1748070625.099] Reference trajectory - x: 0.318819, y: 4.918124, phi: 0.027205, v: 2.139848, w: 0.000112[0m
[0m[ INFO] [1748070625.098957883]: [1748070625.099] v: 2.956760, w: 38.362934[0m
[0m[ INFO] [1748070625.133374920]: Received reference trajectory - x: 321.369354, y: 5135.195801, phi: 1.559348, v: 2202.342041, w: 0.006113[0m
[0m[ INFO] [1748070625.199261537]: [1748070625.199] Robot state - x: 0.104908, y: -0.153701, phi: 0.182813[0m
[0m[ INFO] [1748070625.199412004]: [1748070625.199] Reference trajectory - x: 0.321369, y: 5.135196, phi: 0.027216, v: 2.202342, w: 0.000107[0m
[0m[ INFO] [1748070625.199458789]: [1748070625.199] v: 2.972939, w: 38.008095[0m
[0m[ INFO] [1748070625.207930589]: [1748070625.208] Robot state - x: 0.204908, y: -0.053701, phi: 0.357346[0m
[0m[ INFO] [1748070625.208047616]: [1748070625.208] Reference trajectory - x: 0.321369, y: 5.135196, phi: 0.027216, v: 2.202342, w: 0.000107[0m
[0m[ INFO] [1748070625.208155170]: [1748070625.208] v: 2.638175, w: 37.486252[0m
[0m[ INFO] [1748070625.233524170]: Received reference trajectory - x: 323.861115, y: 5358.598145, phi: 1.559930, v: 2265.747070, w: 0.005820[0m
[0m[ INFO] [1748070625.298827383]: [1748070625.299] Robot state - x: 0.235364, y: -0.060939, phi: 1.080643[0m
[0m[ INFO] [1748070625.298946362]: [1748070625.299] Reference trajectory - x: 0.323861, y: 5.358598, phi: 0.027226, v: 2.265747, w: 0.000102[0m
[0m[ INFO] [1748070625.299024699]: [1748070625.299] v: 2.613560, w: 37.197075[0m
[0m[ INFO] [1748070625.333721070]: Received reference trajectory - x: 326.293823, y: 5588.410645, phi: 1.560485, v: 2330.059326, w: 0.005543[0m
[0m[ INFO] [1748070625.401474288]: [1748070625.401] Robot state - x: 0.161418, y: -0.099581, phi: 1.723342[0m
[0m[ INFO] [1748070625.401563858]: [1748070625.402] Reference trajectory - x: 0.326294, y: 5.588411, phi: 0.027236, v: 2.330059, w: 0.000097[0m
[0m[ INFO] [1748070625.401608499]: [1748070625.402] v: 2.958943, w: 37.370201[0m
[0m[ INFO] [1748070625.404882202]: [1748070625.405] Robot state - x: 0.161418, y: -0.099581, phi: 1.723342[0m
[0m[ INFO] [1748070625.405016253]: [1748070625.405] Reference trajectory - x: 0.326294, y: 5.588411, phi: 0.027236, v: 2.330059, w: 0.000097[0m
[0m[ INFO] [1748070625.405063198]: [1748070625.405] v: 2.975430, w: 37.939003[0m
[0m[ INFO] [1748070625.433324773]: Received reference trajectory - x: 328.666595, y: 5824.637207, phi: 1.561013, v: 2395.254883, w: 0.005281[0m
[0m[ INFO] [1748070625.498937272]: [1748070625.499] Robot state - x: 0.163945, y: -0.066354, phi: 2.551845[0m
[0m[ INFO] [1748070625.499056219]: [1748070625.499] Reference trajectory - x: 0.328667, y: 5.824637, phi: 0.027245, v: 2.395255, w: 0.000092[0m
[0m[ INFO] [1748070625.499107900]: [1748070625.499] v: 3.056564, w: 37.245796[0m
[0m[ INFO] [1748070625.533589418]: Received reference trajectory - x: 330.981659, y: 6067.591309, phi: 1.561517, v: 2461.394775, w: 0.005038[0m
[0m[ INFO] [1748070625.602442756]: [1748070625.602] Robot state - x: 0.067733, y: -0.166354, phi: 2.377312[0m
[0m[ INFO] [1748070625.602546086]: [1748070625.603] Reference trajectory - x: 0.330982, y: 6.067591, phi: 0.027254, v: 2.461395, w: 0.000088[0m
[0m[ INFO] [1748070625.602590695]: [1748070625.603] v: 3.490338, w: 40.221344[0m
[0m[ INFO] [1748070625.604822840]: [1748070625.605] Robot state - x: 0.050136, y: -0.139492, phi: -3.051067[0m
[0m[ INFO] [1748070625.605028604]: [1748070625.605] Reference trajectory - x: 0.330982, y: 6.067591, phi: 0.027254, v: 2.461395, w: 0.000088[0m
[0m[ INFO] [1748070625.605116158]: [1748070625.605] v: 3.579379, w: 56.278152[0m
[0m[ INFO] [1748070625.633385989]: Received reference trajectory - x: 333.236176, y: 6317.069336, phi: 1.561997, v: 2528.398926, w: 0.004803[0m
[0m[ INFO] [1748070625.698845429]: [1748070625.699] Robot state - x: 0.021486, y: -0.134496, phi: -2.216928[0m
[0m[ INFO] [1748070625.699004633]: [1748070625.699] Reference trajectory - x: 0.333236, y: 6.317070, phi: 0.027262, v: 2.528399, w: 0.000084[0m
[0m[ INFO] [1748070625.699065722]: [1748070625.699] v: 3.784613, w: 55.848740[0m
[0m[ INFO] [1748070625.733645258]: Received reference trajectory - x: 335.430328, y: 6573.165039, phi: 1.562455, v: 2596.269775, w: 0.004582[0m
[0m[ INFO] [1748070625.790244154]: [1748070625.790] Robot state - x: 0.111631, y: -0.071861, phi: -2.042395[0m
[0m[ INFO] [1748070625.790337916]: [1748070625.790] Reference trajectory - x: 0.335430, y: 6.573165, phi: 0.027270, v: 2.596270, w: 0.000080[0m
[0m[ INFO] [1748070625.790382429]: [1748070625.790] v: 3.570193, w: 57.056549[0m
[0m[ INFO] [1748070625.798745427]: [1748070625.799] Robot state - x: 0.088734, y: -0.085514, phi: -1.148137[0m
[0m[ INFO] [1748070625.798858197]: [1748070625.799] Reference trajectory - x: 0.335430, y: 6.573165, phi: 0.027270, v: 2.596270, w: 0.000080[0m
[0m[ INFO] [1748070625.798902198]: [1748070625.799] v: 3.674182, w: 55.229313[0m
[0m[ INFO] [1748070625.833635370]: Received reference trajectory - x: 337.565643, y: 6836.134766, phi: 1.562893, v: 2665.051758, w: 0.004376[0m
[0m[ INFO] [1748070625.899150875]: [1748070625.899] Robot state - x: 0.087407, y: -0.107892, phi: -0.323390[0m
[0m[ INFO] [1748070625.899362112]: [1748070625.899] Reference trajectory - x: 0.337566, y: 6.836135, phi: 0.027278, v: 2.665052, w: 0.000076[0m
[0m[ INFO] [1748070625.899460066]: [1748070625.899] v: 3.779974, w: 55.096695[0m
[0m[ INFO] [1748070625.933298882]: Received reference trajectory - x: 339.642090, y: 7106.076172, phi: 1.563311, v: 2734.746582, w: 0.004181[0m
[0m[ INFO] [1748070625.997686683]: [1748070625.998] Robot state - x: 0.116796, y: -0.009500, phi: -0.200575[0m
[0m[ INFO] [1748070625.997779645]: [1748070625.998] Reference trajectory - x: 0.339642, y: 7.106076, phi: 0.027285, v: 2.734747, w: 0.000073[0m
[0m[ INFO] [1748070625.997822366]: [1748070625.998] v: 3.777339, w: 56.381729[0m
[0m[ INFO] [1748070626.003121745]: [1748070626.003] Robot state - x: 0.132855, y: -0.022722, phi: 0.718106[0m
[0m[ INFO] [1748070626.003215635]: [1748070626.003] Reference trajectory - x: 0.339642, y: 7.106076, phi: 0.027285, v: 2.734747, w: 0.000073[0m
[0m[ INFO] [1748070626.003259828]: [1748070626.003] v: 3.742387, w: 54.529083[0m
[0m[ INFO] [1748070626.033309440]: Received reference trajectory - x: 341.659546, y: 7383.065918, phi: 1.563710, v: 2805.350098, w: 0.003996[0m
[0m[ INFO] [1748070626.098661899]: [1748070626.099] Robot state - x: 0.153214, y: -0.017557, phi: 1.616121[0m
[0m[ INFO] [1748070626.098769229]: [1748070626.099] Reference trajectory - x: 0.341660, y: 7.383066, phi: 0.027292, v: 2.805350, w: 0.000070[0m
[0m[ INFO] [1748070626.098814798]: [1748070626.099] v: 3.768298, w: 54.158829[0m
[0m[ INFO] [1748070626.133737477]: Received reference trajectory - x: 343.617737, y: 7667.158203, phi: 1.564093, v: 2876.853271, w: 0.003821[0m
[0m[ INFO] [1748070626.194981910]: [1748070626.195] Robot state - x: 0.135830, y: -0.037011, phi: 1.441588[0m
[0m[ INFO] [1748070626.195075448]: [1748070626.195] Reference trajectory - x: 0.343618, y: 7.667158, phi: 0.027299, v: 2.876853, w: 0.000067[0m
[0m[ INFO] [1748070626.195119801]: [1748070626.195] v: 3.927585, w: 57.068672[0m
[0m[ INFO] [1748070626.198374880]: [1748070626.198] Robot state - x: 0.142648, y: -0.019077, phi: 2.420388[0m
[0m[ INFO] [1748070626.198467842]: [1748070626.198] Reference trajectory - x: 0.343618, y: 7.667158, phi: 0.027299, v: 2.876853, w: 0.000067[0m
[0m[ INFO] [1748070626.198666374]: [1748070626.199] v: 3.924064, w: 54.931046[0m
[0m[ INFO] [1748070626.233418649]: Received reference trajectory - x: 345.517090, y: 7958.519043, phi: 1.564458, v: 2949.274902, w: 0.003656[0m
[0m[ INFO] [1748070626.298776484]: [1748070626.299] Robot state - x: 0.133907, y: -0.004538, phi: -2.870848[0m
[0m[ INFO] [1748070626.298872774]: [1748070626.299] Reference trajectory - x: 0.345517, y: 7.958519, phi: 0.027305, v: 2.949275, w: 0.000064[0m
[0m[ INFO] [1748070626.298943655]: [1748070626.299] v: 4.054506, w: 72.409012[0m
[0m[ INFO] [1748070626.333560279]: Received reference trajectory - x: 347.356689, y: 8257.084961, phi: 1.564808, v: 3022.576416, w: 0.003498[0m
[0m[ INFO] [1748070626.401579804]: [1748070626.401] Robot state - x: 0.120326, y: -0.001413, phi: -1.880776[0m
[0m[ INFO] [1748070626.401931587]: [1748070626.402] Reference trajectory - x: 0.347357, y: 8.257085, phi: 0.027311, v: 3.022576, w: 0.000061[0m
[0m[ INFO] [1748070626.401984996]: [1748070626.402] v: 4.203927, w: 71.987785[0m
[0m[ INFO] [1748070626.408705046]: [1748070626.409] Robot state - x: 0.050952, y: -0.101413, phi: -1.706244[0m
[0m[ INFO] [1748070626.408818457]: [1748070626.409] Reference trajectory - x: 0.347357, y: 8.257085, phi: 0.027311, v: 3.022576, w: 0.000061[0m
[0m[ INFO] [1748070626.408865018]: [1748070626.409] v: 4.473886, w: 72.862442[0m
[0m[ INFO] [1748070626.433985947]: Received reference trajectory - x: 349.137146, y: 8563.048828, phi: 1.565143, v: 3096.783936, w: 0.003349[0m
[0m[ INFO] [1748070626.498724409]: [1748070626.499] Robot state - x: 0.042363, y: -0.109672, phi: -0.716172[0m
[0m[ INFO] [1748070626.498841243]: [1748070626.499] Reference trajectory - x: 0.349137, y: 8.563048, phi: 0.027317, v: 3.096784, w: 0.000058[0m
[0m[ INFO] [1748070626.498907901]: [1748070626.499] v: 4.614694, w: 72.584000[0m
[0m[ INFO] [1748070626.533749521]: Received reference trajectory - x: 350.858612, y: 8876.532227, phi: 1.565464, v: 3171.904297, w: 0.003208[0m
[0m[ INFO] [1748070626.591189392]: [1748070626.591] Robot state - x: 0.118342, y: -0.017659, phi: -0.541639[0m
[0m[ INFO] [1748070626.591286034]: [1748070626.591] Reference trajectory - x: 0.350859, y: 8.876533, phi: 0.027322, v: 3.171904, w: 0.000056[0m
[0m[ INFO] [1748070626.591328755]: [1748070626.591] v: 4.455829, w: 74.167923[0m
[0m[ INFO] [1748070626.598767221]: [1748070626.599] Robot state - x: 0.122785, y: -0.028715, phi: 0.493521[0m
[0m[ INFO] [1748070626.598883447]: [1748070626.599] Reference trajectory - x: 0.350859, y: 8.876533, phi: 0.027322, v: 3.171904, w: 0.000056[0m
[0m[ INFO] [1748070626.598953145]: [1748070626.599] v: 4.463244, w: 72.146896[0m
[0m[ INFO] [1748070626.633549288]: Received reference trajectory - x: 352.519928, y: 9197.394531, phi: 1.565771, v: 3247.883057, w: 0.003071[0m
[0m[ INFO] [1748070626.745260033]: Received reference trajectory - x: 354.180298, y: 9538.237305, phi: 1.566076, v: 3327.631836, w: 0.003051[0m
[0m[ INFO] [1748070626.778433713]: [1748070626.778] Robot state - x: 0.132277, y: -0.028801, phi: 1.558740[0m
[0m[ INFO] [1748070626.778539315]: [1748070626.779] Reference trajectory - x: 0.354180, y: 9.538238, phi: 0.027333, v: 3.327632, w: 0.000053[0m
[0m[ INFO] [1748070626.778588084]: [1748070626.779] v: 4.619789, w: 73.618286[0m
[0m[ INFO] [1748070626.799100466]: [1748070626.799] Robot state - x: 0.136365, y: -0.021833, phi: 2.652139[0m
[0m[ INFO] [1748070626.799232789]: [1748070626.799] Reference trajectory - x: 0.354180, y: 9.538238, phi: 0.027333, v: 3.327632, w: 0.000053[0m
[0m[ INFO] [1748070626.799283478]: [1748070626.799] v: 4.627410, w: 71.398293[0m
[0m[ INFO] [1748070626.830987302]: [1748070626.831] Robot state - x: 0.057307, y: -0.060709, phi: 2.477606[0m
[0m[ INFO] [1748070626.831116873]: [1748070626.831] Reference trajectory - x: 0.354180, y: 9.538238, phi: 0.027333, v: 3.327632, w: 0.000053[0m
[0m[ INFO] [1748070626.831161450]: [1748070626.831] v: 4.930961, w: 73.069000[0m
[0m[ INFO] [1748070626.833540702]: Received reference trajectory - x: 355.668488, y: 9862.946289, phi: 1.566348, v: 3402.726807, w: 0.002722[0m
[0m[ INFO] [1748070626.899157742]: [1748070626.899] Robot state - x: 0.054956, y: -0.056470, phi: -2.768540[0m
[0m[ INFO] [1748070626.899287121]: [1748070626.899] Reference trajectory - x: 0.355668, y: 9.862947, phi: 0.027338, v: 3.402727, w: 0.000048[0m
[0m[ INFO] [1748070626.899356786]: [1748070626.899] v: 5.049427, w: 90.848770[0m
[0m[ INFO] [1748070626.933298803]: Received reference trajectory - x: 357.150024, y: 10206.550781, phi: 1.566618, v: 3481.300049, w: 0.002703[0m
[0m[ INFO] [1748070626.998209749]: [1748070626.998] Robot state - x: 0.042055, y: -0.116133, phi: -2.594007[0m
[0m[ INFO] [1748070626.998308695]: [1748070626.998] Reference trajectory - x: 0.357150, y: 10.206551, phi: 0.027343, v: 3.481300, w: 0.000047[0m
[0m[ INFO] [1748070626.998353112]: [1748070626.998] v: 5.209331, w: 93.556808[0m
[0m[ INFO] [1748070627.000574920]: [1748070627.001] Robot state - x: 0.038236, y: -0.115766, phi: -1.457398[0m
[0m[ INFO] [1748070627.000662890]: [1748070627.001] Reference trajectory - x: 0.357150, y: 10.206551, phi: 0.027343, v: 3.481300, w: 0.000047[0m
[0m[ INFO] [1748070627.000705419]: [1748070627.001] v: 5.254454, w: 91.324654[0m
[0m[ INFO] [1748070627.033470001]: Received reference trajectory - x: 358.575500, y: 10558.806641, phi: 1.566878, v: 3560.942139, w: 0.002599[0m
[0m[ INFO] [1748070627.098879962]: [1748070627.099] Robot state - x: 0.037622, y: -0.116568, phi: -0.369634[0m
[0m[ INFO] [1748070627.098975772]: [1748070627.099] Reference trajectory - x: 0.358575, y: 10.558806, phi: 0.027347, v: 3.560942, w: 0.000045[0m
[0m[ INFO] [1748070627.099025309]: [1748070627.099] v: 5.373257, w: 91.175697[0m
[0m[ INFO] [1748070627.133515848]: Received reference trajectory - x: 359.940582, y: 10918.784180, phi: 1.567127, v: 3641.420166, w: 0.002493[0m
[0m[ INFO] [1748070627.199309210]: [1748070627.199] Robot state - x: 0.037364, y: -0.116256, phi: 0.783883[0m
[0m[ INFO] [1748070627.199457437]: [1748070627.199] Reference trajectory - x: 0.359941, y: 10.918784, phi: 0.027352, v: 3.641420, w: 0.000044[0m
[0m[ INFO] [1748070627.199518238]: [1748070627.199] v: 5.491612, w: 90.909645[0m
[0m[ INFO] [1748070627.233387484]: Received reference trajectory - x: 361.246857, y: 11286.959961, phi: 1.567367, v: 3722.821533, w: 0.002394[0m
[0m[ INFO] [1748070627.299696537]: [1748070627.300] Robot state - x: 0.036966, y: -0.116322, phi: 1.847224[0m
[0m[ INFO] [1748070627.299861468]: [1748070627.300] Reference trajectory - x: 0.361247, y: 11.286960, phi: 0.027356, v: 3.722821, w: 0.000042[0m
[0m[ INFO] [1748070627.299944446]: [1748070627.300] v: 5.611348, w: 90.985535[0m
[0m[ INFO] [1748070627.333334546]: Received reference trajectory - x: 362.494080, y: 11663.393555, phi: 1.567597, v: 3805.138916, w: 0.002299[0m
[0m[ INFO] [1748070627.399029857]: [1748070627.399] Robot state - x: 0.036966, y: -0.116322, phi: 3.012014[0m
[0m[ INFO] [1748070627.399151108]: [1748070627.399] Reference trajectory - x: 0.362494, y: 11.663394, phi: 0.027360, v: 3.805139, w: 0.000040[0m
[0m[ INFO] [1748070627.399219973]: [1748070627.399] v: 5.730538, w: 90.852104[0m
[0m[ INFO] [1748070627.433356873]: Received reference trajectory - x: 363.681885, y: 12048.053711, phi: 1.567818, v: 3888.345703, w: 0.002209[0m
[0m[ INFO] [1748070627.499328638]: [1748070627.499] Robot state - x: 0.037115, y: -0.116457, phi: -2.153349[0m
[0m[ INFO] [1748070627.499607940]: [1748070627.499] Reference trajectory - x: 0.363682, y: 12.048054, phi: 0.027364, v: 3.888346, w: 0.000039[0m
[0m[ INFO] [1748070627.499692902]: [1748070627.500] v: 5.849998, w: 108.971725[0m
[0m[ INFO] [1748070627.534203666]: Received reference trajectory - x: 364.810791, y: 12441.211914, phi: 1.568030, v: 3972.480713, w: 0.002123[0m
[0m[ INFO] [1748070627.599410198]: [1748070627.599] Robot state - x: 0.037115, y: -0.116457, phi: -0.950985[0m
[0m[ INFO] [1748070627.599550137]: [1748070627.600] Reference trajectory - x: 0.364811, y: 12.441212, phi: 0.027367, v: 3.972481, w: 0.000037[0m
[0m[ INFO] [1748070627.599806847]: [1748070627.600] v: 5.970813, w: 108.898514[0m
[0m[ INFO] [1748070627.633872545]: Received reference trajectory - x: 365.879730, y: 12842.561523, phi: 1.568234, v: 4057.459717, w: 0.002039[0m
[0m[ INFO] [1748070627.699766709]: [1748070627.700] Robot state - x: 0.037179, y: -0.115652, phi: 0.055994[0m
[0m[ INFO] [1748070627.699922840]: [1748070627.700] Reference trajectory - x: 0.365880, y: 12.842562, phi: 0.027371, v: 4.057460, w: 0.000036[0m
[0m[ INFO] [1748070627.699990842]: [1748070627.700] v: 6.092144, w: 109.466034[0m
[0m[ INFO] [1748070627.734909294]: Received reference trajectory - x: 366.889862, y: 13252.636719, phi: 1.568430, v: 4143.376953, w: 0.001962[0m
[0m[ INFO] [1748070627.799780076]: [1748070627.800] Robot state - x: 0.036050, y: -0.115213, phi: 1.217027[0m
[0m[ INFO] [1748070627.799907214]: [1748070627.800] Reference trajectory - x: 0.366890, y: 13.252637, phi: 0.027374, v: 4.143377, w: 0.000034[0m
[0m[ INFO] [1748070627.799956303]: [1748070627.800] v: 6.218557, w: 109.681419[0m
[0m[ INFO] [1748070627.833509894]: Received reference trajectory - x: 367.840942, y: 13671.444336, phi: 1.568619, v: 4230.213379, w: 0.001887[0m
[0m[ INFO] [1748070627.909620855]: [1748070627.909] Robot state - x: 0.035388, y: -0.115676, phi: 2.325456[0m
[0m[ INFO] [1748070627.909741306]: [1748070627.910] Reference trajectory - x: 0.367841, y: 13.671444, phi: 0.027378, v: 4.230213, w: 0.000033[0m
[0m[ INFO] [1748070627.909802811]: [1748070627.910] v: 6.344227, w: 110.141708[0m
[0m[ INFO] [1748070627.933662656]: Received reference trajectory - x: 368.732086, y: 14098.666992, phi: 1.568800, v: 4317.886719, w: 0.001814[0m
[0m[ INFO] [1748070627.998879301]: [1748070627.999] Robot state - x: 0.035433, y: -0.115873, phi: -2.802333[0m
[0m[ INFO] [1748070627.998990536]: [1748070627.999] Reference trajectory - x: 0.368732, y: 14.098667, phi: 0.027381, v: 4.317887, w: 0.000032[0m
[0m[ INFO] [1748070627.999086346]: [1748070627.999] v: 6.468163, w: 128.588562[0m
[0m[ INFO] [1748070628.033684054]: Received reference trajectory - x: 369.564453, y: 14534.922852, phi: 1.568975, v: 4406.504395, w: 0.001746[0m
[0m[ INFO] [1748070628.109267800]: [1748070628.109] Robot state - x: 0.036218, y: -0.116060, phi: -1.637543[0m
[0m[ INFO] [1748070628.109414683]: [1748070628.109] Reference trajectory - x: 0.369564, y: 14.534923, phi: 0.027384, v: 4.406505, w: 0.000030[0m
[0m[ INFO] [1748070628.109497693]: [1748070628.109] v: 6.590276, w: 129.066177[0m
[0m[ INFO] [1748070628.136992304]: Received reference trajectory - x: 370.337921, y: 14980.333008, phi: 1.569143, v: 4496.071777, w: 0.001682[0m
[0m[ INFO] [1748070628.199127599]: [1748070628.199] Robot state - x: 0.037072, y: -0.114933, phi: -0.470875[0m
[0m[ INFO] [1748070628.199247730]: [1748070628.199] Reference trajectory - x: 0.370338, y: 14.980333, phi: 0.027387, v: 4.496072, w: 0.000029[0m
[0m[ INFO] [1748070628.199382069]: [1748070628.199] v: 6.712892, w: 129.625122[0m
[0m[ INFO] [1748070628.233363443]: Received reference trajectory - x: 371.051270, y: 15434.208984, phi: 1.569305, v: 4586.433105, w: 0.001617[0m
[0m[ INFO] [1748070628.300474015]: [1748070628.300] Robot state - x: 0.036772, y: -0.114407, phi: 0.699551[0m
[0m[ INFO] [1748070628.300686595]: [1748070628.301] Reference trajectory - x: 0.371051, y: 15.434209, phi: 0.027390, v: 4.586433, w: 0.000028[0m
[0m[ INFO] [1748070628.300808198]: [1748070628.301] v: 6.840193, w: 130.267578[0m
[0m[ INFO] [1748070628.333355045]: Received reference trajectory - x: 371.705719, y: 15897.394531, phi: 1.569461, v: 4677.739258, w: 0.001558[0m
[0m[ INFO] [1748070628.399283639]: [1748070628.399] Robot state - x: 0.036973, y: -0.114386, phi: 1.851190[0m
[0m[ INFO] [1748070628.399450043]: [1748070628.399] Reference trajectory - x: 0.371706, y: 15.897394, phi: 0.027392, v: 4.677739, w: 0.000027[0m
[0m[ INFO] [1748070628.399507132]: [1748070628.399] v: 6.966543, w: 131.063232[0m
[0m[ INFO] [1748070628.433308151]: Received reference trajectory - x: 372.300781, y: 16369.648438, phi: 1.569611, v: 4769.924805, w: 0.001500[0m
[0m[ INFO] [1748070628.500026745]: [1748070628.500] Robot state - x: 0.036789, y: -0.114963, phi: 2.976527[0m
[0m[ INFO] [1748070628.500302175]: [1748070628.500] Reference trajectory - x: 0.372301, y: 16.369648, phi: 0.027395, v: 4.769925, w: 0.000026[0m
[0m[ INFO] [1748070628.500484323]: [1748070628.500] v: 7.094978, w: 132.033859[0m
[0m[ INFO] [1748070628.534830506]: Received reference trajectory - x: 372.836914, y: 16851.441406, phi: 1.569755, v: 4863.063477, w: 0.001446[0m
[0m[ INFO] [1748070628.599515456]: [1748070628.599] Robot state - x: 0.037867, y: -0.115877, phi: -2.132475[0m
[0m[ INFO] [1748070628.599605058]: [1748070628.600] Reference trajectory - x: 0.372837, y: 16.851442, phi: 0.027397, v: 4.863063, w: 0.000025[0m
[0m[ INFO] [1748070628.599650915]: [1748070628.600] v: 7.219737, w: 151.000488[0m
[0m[ INFO] [1748070628.633403005]: Received reference trajectory - x: 373.313538, y: 17342.339844, phi: 1.569894, v: 4957.054199, w: 0.001393[0m
[0m[ INFO] [1748070628.700595722]: [1748070628.701] Robot state - x: 0.038608, y: -0.115557, phi: -0.986472[0m
[0m[ INFO] [1748070628.700710636]: [1748070628.701] Reference trajectory - x: 0.373314, y: 17.342340, phi: 0.027400, v: 4.957054, w: 0.000024[0m
[0m[ INFO] [1748070628.700761997]: [1748070628.701] v: 7.346280, w: 152.104919[0m
[0m[ INFO] [1748070628.733351150]: Received reference trajectory - x: 373.730957, y: 17842.746094, phi: 1.570029, v: 5051.956543, w: 0.001342[0m
[0m[ INFO] [1748070628.798839286]: [1748070628.799] Robot state - x: 0.038616, y: -0.115355, phi: 0.056203[0m
[0m[ INFO] [1748070628.798962265]: [1748070628.799] Reference trajectory - x: 0.373731, y: 17.842747, phi: 0.027402, v: 5.051957, w: 0.000023[0m
[0m[ INFO] [1748070628.799450627]: [1748070628.799] v: 7.476112, w: 153.607895[0m
[0m[ INFO] [1748070628.833568325]: Received reference trajectory - x: 374.089142, y: 18352.728516, phi: 1.570158, v: 5147.766602, w: 0.001294[0m
[0m[ INFO] [1748070628.907243582]: [1748070628.907] Robot state - x: 0.037326, y: -0.114778, phi: 1.189055[0m
[0m[ INFO] [1748070628.907606022]: [1748070628.908] Reference trajectory - x: 0.374089, y: 18.352728, phi: 0.027404, v: 5.147767, w: 0.000023[0m
[0m[ INFO] [1748070628.907666119]: [1748070628.908] v: 7.611310, w: 154.952652[0m
[0m[ INFO] [1748070628.937002849]: Received reference trajectory - x: 374.388367, y: 18872.888672, phi: 1.570283, v: 5244.579102, w: 0.001249[0m
[0m[ INFO] [1748070629.003932649]: [1748070629.004] Robot state - x: 0.036679, y: -0.115262, phi: 2.361359[0m
[0m[ INFO] [1748070629.004028011]: [1748070629.004] Reference trajectory - x: 0.374388, y: 18.872889, phi: 0.027407, v: 5.244579, w: 0.000022[0m
[0m[ INFO] [1748070629.004263984]: [1748070629.004] v: 7.745171, w: 156.296906[0m
[0m[ INFO] [1748070629.033443685]: Received reference trajectory - x: 374.627899, y: 19402.064453, phi: 1.570403, v: 5342.161621, w: 0.001203[0m
[0m[ INFO] [1748070629.099945440]: [1748070629.100] Robot state - x: 0.036714, y: -0.115461, phi: -2.807761[0m
[0m[ INFO] [1748070629.100260007]: [1748070629.100] Reference trajectory - x: 0.374628, y: 19.402065, phi: 0.027409, v: 5.342162, w: 0.000021[0m
[0m[ INFO] [1748070629.100354985]: [1748070629.100] v: 7.877253, w: 175.943008[0m
[0m[ INFO] [1748070629.136679737]: Received reference trajectory - x: 374.808258, y: 19941.152344, phi: 1.570519, v: 5440.663086, w: 0.001160[0m
[0m[ INFO] [1748070629.199803307]: [1748070629.200] Robot state - x: 0.037507, y: -0.115616, phi: -1.631699[0m
[0m[ INFO] [1748070629.199899277]: [1748070629.200] Reference trajectory - x: 0.374808, y: 19.941153, phi: 0.027411, v: 5.440663, w: 0.000020[0m
[0m[ INFO] [1748070629.199942958]: [1748070629.200] v: 8.007362, w: 177.483719[0m
[0m[ INFO] [1748070629.233449217]: Received reference trajectory - x: 374.929382, y: 20490.105469, phi: 1.570631, v: 5540.060059, w: 0.001119[0m
[0m[ INFO] [1748070629.299855642]: [1748070629.300] Robot state - x: 0.037135, y: -0.116094, phi: -0.480060[0m
[0m[ INFO] [1748070629.300779214]: [1748070629.301] Reference trajectory - x: 0.374929, y: 20.490105, phi: 0.027413, v: 5.540060, w: 0.000020[0m
[0m[ INFO] [1748070629.300993554]: [1748070629.301] v: 8.142247, w: 179.204468[0m
[0m[ INFO] [1748070629.333326732]: Received reference trajectory - x: 374.991211, y: 21048.791016, phi: 1.570739, v: 5640.311523, w: 0.001079[0m
[0m[ INFO] [1748070629.399216826]: [1748070629.399] Robot state - x: 0.036934, y: -0.115743, phi: 0.680973[0m
[0m[ INFO] [1748070629.399345629]: [1748070629.399] Reference trajectory - x: 0.374991, y: 21.048792, phi: 0.027415, v: 5.640312, w: 0.000019[0m
[0m[ INFO] [1748070629.399418718]: [1748070629.399] v: 8.277213, w: 181.002151[0m
[0m[ INFO] [1748070629.433408348]: Received reference trajectory - x: 374.993835, y: 21617.949219, phi: 1.570843, v: 5741.534668, w: 0.001042[0m
[0m[ INFO] [1748070629.498986691]: [1748070629.499] Robot state - x: 0.037336, y: -0.115704, phi: 1.834491[0m
[0m[ INFO] [1748070629.499134022]: [1748070629.499] Reference trajectory - x: 0.374994, y: 21.617949, phi: 0.027416, v: 5.741535, w: 0.000018[0m
[0m[ INFO] [1748070629.499262505]: [1748070629.499] v: 8.410818, w: 182.936508[0m
[0m[ INFO] [1748070629.533511596]: Received reference trajectory - x: 374.937225, y: 22197.236328, phi: 1.570944, v: 5843.651367, w: 0.001006[0m
[0m[ INFO] [1748070629.605751106]: [1748070629.606] Robot state - x: 0.037398, y: -0.115512, phi: 2.989887[0m
[0m[ INFO] [1748070629.605875141]: [1748070629.606] Reference trajectory - x: 0.374937, y: 22.197237, phi: 0.027418, v: 5.843651, w: 0.000018[0m
[0m[ INFO] [1748070629.606632405]: [1748070629.606] v: 8.546278, w: 184.977264[0m
[0m[ INFO] [1748070629.633651132]: Received reference trajectory - x: 374.821350, y: 22786.634766, phi: 1.571041, v: 5946.642090, w: 0.000971[0m
[0m[ INFO] [1748070629.699243492]: [1748070629.699] Robot state - x: 0.037103, y: -0.115236, phi: -2.181112[0m
[0m[ INFO] [1748070629.699364934]: [1748070629.699] Reference trajectory - x: 0.374821, y: 22.786634, phi: 0.027420, v: 5.946642, w: 0.000017[0m
[0m[ INFO] [1748070629.699494537]: [1748070629.699] v: 8.683662, w: 205.289673[0m
[0m[ INFO] [1748070629.733334627]: Received reference trajectory - x: 374.646210, y: 23386.492188, phi: 1.571135, v: 6050.553223, w: 0.000937[0m
[0m[ INFO] [1748070629.799629210]: [1748070629.800] Robot state - x: 0.035996, y: -0.115730, phi: -1.038867[0m
[0m[ INFO] [1748070629.799731196]: [1748070629.800] Reference trajectory - x: 0.374646, y: 23.386492, phi: 0.027421, v: 6.050553, w: 0.000016[0m
[0m[ INFO] [1748070629.799801054]: [1748070629.800] v: 8.824665, w: 207.601837[0m
[0m[ INFO] [1748070629.833439955]: Received reference trajectory - x: 374.411804, y: 23996.828125, phi: 1.571225, v: 6155.371582, w: 0.000905[0m
[0m[ INFO] [1748070629.899544646]: [1748070629.899] Robot state - x: 0.035990, y: -0.115932, phi: 0.112772[0m
[0m[ INFO] [1748070629.899700585]: [1748070629.900] Reference trajectory - x: 0.374412, y: 23.996828, phi: 0.027423, v: 6.155372, w: 0.000016[0m
[0m[ INFO] [1748070629.899759434]: [1748070629.900] v: 8.962538, w: 210.003082[0m
[0m[ INFO] [1748070629.933753448]: Received reference trajectory - x: 374.118073, y: 24617.746094, phi: 1.571313, v: 6261.099609, w: 0.000874[0m
[0m[ INFO] [1748070629.999107370]: [1748070629.999] Robot state - x: 0.035265, y: -0.115574, phi: 1.273805[0m
[0m[ INFO] [1748070629.999232845]: [1748070629.999] Reference trajectory - x: 0.374118, y: 24.617746, phi: 0.027425, v: 6.261100, w: 0.000015[0m
[0m[ INFO] [1748070629.999275342]: [1748070629.999] v: 9.103643, w: 212.493515[0m
[0m[ INFO] [1748070630.033292458]: Received reference trajectory - x: 373.765198, y: 25249.080078, phi: 1.571397, v: 6367.693359, w: 0.000844[0m
[0m[ INFO] [1748070630.099611455]: [1748070630.099] Robot state - x: 0.035107, y: -0.115700, phi: 2.387870[0m
[0m[ INFO] [1748070630.099784130]: [1748070630.100] Reference trajectory - x: 0.373765, y: 25.249081, phi: 0.027426, v: 6.367693, w: 0.000015[0m
[0m[ INFO] [1748070630.101059582]: [1748070630.101] v: 9.243429, w: 215.240723[0m
[0m[ INFO] [1748070630.133452855]: Received reference trajectory - x: 373.352997, y: 25891.255859, phi: 1.571479, v: 6475.209961, w: 0.000815[0m
[0m[ INFO] [1748070630.199464645]: [1748070630.199] Robot state - x: 0.035107, y: -0.115700, phi: -2.753070[0m
[0m[ INFO] [1748070630.199594152]: [1748070630.200] Reference trajectory - x: 0.373353, y: 25.891256, phi: 0.027427, v: 6.475210, w: 0.000014[0m
[0m[ INFO] [1748070630.199641577]: [1748070630.200] v: 9.383343, w: 236.063751[0m
[0m[ INFO] [1748070630.233393791]: Received reference trajectory - x: 372.881622, y: 26544.095703, phi: 1.571557, v: 6583.604980, w: 0.000788[0m
[0m[ INFO] [1748070630.299230537]: [1748070630.299] Robot state - x: 0.034520, y: -0.115547, phi: -1.755484[0m
[0m[ INFO] [1748070630.299387596]: [1748070630.299] Reference trajectory - x: 0.372882, y: 26.544096, phi: 0.027429, v: 6.583605, w: 0.000014[0m
[0m[ INFO] [1748070630.299469294]: [1748070630.299] v: 9.525971, w: 239.389374[0m
[0m[ INFO] [1748070630.335336371]: Received reference trajectory - x: 372.350037, y: 27208.966797, phi: 1.571634, v: 6693.087891, w: 0.000762[0m
[0m[ INFO] [1748070630.399787070]: [1748070630.400] Robot state - x: 0.035093, y: -0.114715, phi: -0.596330[0m
[0m[ INFO] [1748070630.399881088]: [1748070630.400] Reference trajectory - x: 0.372350, y: 27.208967, phi: 0.027430, v: 6.693088, w: 0.000013[0m
[0m[ INFO] [1748070630.399924545]: [1748070630.400] v: 9.665356, w: 242.378906[0m
[0m[ INFO] [1748070630.433443475]: Received reference trajectory - x: 371.760406, y: 27883.322266, phi: 1.571707, v: 6803.225586, w: 0.000735[0m
[0m[ INFO] [1748070630.499318078]: [1748070630.499] Robot state - x: 0.034786, y: -0.113968, phi: 0.553430[0m
[0m[ INFO] [1748070630.499510050]: [1748070630.499] Reference trajectory - x: 0.371760, y: 27.883322, phi: 0.027431, v: 6.803226, w: 0.000013[0m
[0m[ INFO] [1748070630.499620292]: [1748070630.500] v: 9.808213, w: 245.514435[0m
[0m[ INFO] [1748070630.533682082]: Received reference trajectory - x: 371.111633, y: 28568.707031, phi: 1.571778, v: 6914.258301, w: 0.000710[0m
[0m[ INFO] [1748070630.602438250]: [1748070630.602] Robot state - x: 0.033978, y: -0.113955, phi: 1.714463[0m
[0m[ INFO] [1748070630.602536108]: [1748070630.603] Reference trajectory - x: 0.371112, y: 28.568707, phi: 0.027433, v: 6.914258, w: 0.000012[0m
[0m[ INFO] [1748070630.602578253]: [1748070630.603] v: 9.953509, w: 248.749634[0m
[0m[ INFO] [1748070630.633429030]: Received reference trajectory - x: 370.403198, y: 29265.681641, phi: 1.571847, v: 7026.262207, w: 0.000687[0m
[0m[ INFO] [1748070630.700004351]: [1748070630.700] Robot state - x: 0.034075, y: -0.113778, phi: 2.749623[0m
[0m[ INFO] [1748070630.700212900]: [1748070630.700] Reference trajectory - x: 0.370403, y: 29.265682, phi: 0.027434, v: 7.026262, w: 0.000012[0m
[0m[ INFO] [1748070630.700341383]: [1748070630.700] v: 10.096357, w: 250.768509[0m
[0m[ INFO] [1748070630.733653076]: Received reference trajectory - x: 369.635162, y: 29974.208984, phi: 1.571913, v: 7139.214355, w: 0.000664[0m
[0m[ INFO] [1748070630.800878203]: [1748070630.801] Robot state - x: 0.033942, y: -0.113626, phi: -2.385681[0m
[0m[ INFO] [1748070630.800986686]: [1748070630.801] Reference trajectory - x: 0.369635, y: 29.974209, phi: 0.027435, v: 7.139215, w: 0.000012[0m
[0m[ INFO] [1748070630.801034079]: [1748070630.801] v: 10.240679, w: 269.332001[0m
[0m[ INFO] [1748070630.833463641]: Received reference trajectory - x: 368.808441, y: 30693.552734, phi: 1.571977, v: 7252.984863, w: 0.000642[0m
[0m[ INFO] [1748070630.907225614]: [1748070630.907] Robot state - x: 0.034745, y: -0.113536, phi: -1.378701[0m
[0m[ INFO] [1748070630.907416946]: [1748070630.907] Reference trajectory - x: 0.368808, y: 30.693552, phi: 0.027436, v: 7.252985, w: 0.000011[0m
[0m[ INFO] [1748070630.907494419]: [1748070630.907] v: 10.382211, w: 270.323975[0m
[0m[ INFO] [1748070630.935259881]: Received reference trajectory - x: 367.920654, y: 31425.792969, phi: 1.572039, v: 7367.884766, w: 0.000621[0m
[0m[ INFO] [1748070630.999246571]: [1748070630.999] Robot state - x: 0.034792, y: -0.113339, phi: -0.219547[0m
[0m[ INFO] [1748070630.999349741]: [1748070630.999] Reference trajectory - x: 0.367921, y: 31.425793, phi: 0.027437, v: 7.367885, w: 0.000011[0m
[0m[ INFO] [1748070630.999422479]: [1748070630.999] v: 10.527184, w: 270.948242[0m
[0m[ INFO] [1748070631.033417162]: Received reference trajectory - x: 366.976501, y: 32167.232422, phi: 1.572099, v: 7483.323242, w: 0.000599[0m
[0m[ INFO] [1748070631.100289639]: [1748070631.100] Robot state - x: 0.034792, y: -0.113339, phi: 0.840036[0m
[0m[ INFO] [1748070631.100446698]: [1748070631.100] Reference trajectory - x: 0.366976, y: 32.167233, phi: 0.027438, v: 7.483323, w: 0.000010[0m
[0m[ INFO] [1748070631.100554668]: [1748070631.101] v: 10.672570, w: 271.908997[0m
[0m[ INFO] [1748070631.134884206]: Received reference trajectory - x: 365.970825, y: 32922.050781, phi: 1.572158, v: 7599.937012, w: 0.000580[0m
[0m[ INFO] [1748070631.198839149]: [1748070631.199] Robot state - x: 0.034226, y: -0.113555, phi: 2.006704[0m
[0m[ INFO] [1748070631.198997360]: [1748070631.199] Reference trajectory - x: 0.365971, y: 32.922050, phi: 0.027439, v: 7.599937, w: 0.000010[0m
[0m[ INFO] [1748070631.199054257]: [1748070631.199] v: 10.820836, w: 272.635742[0m
[0m[ INFO] [1748070631.233404147]: Received reference trajectory - x: 364.907715, y: 33687.195312, phi: 1.572214, v: 7717.240234, w: 0.000560[0m
[0m[ INFO] [1748070631.305720453]: [1748070631.305] Robot state - x: 0.034195, y: -0.113755, phi: -3.117327[0m
[0m[ INFO] [1748070631.306254449]: [1748070631.306] Reference trajectory - x: 0.364908, y: 33.687195, phi: 0.027440, v: 7.717240, w: 0.000010[0m
[0m[ INFO] [1748070631.306379284]: [1748070631.306] v: 10.967634, w: 273.439758[0m
[0m[ INFO] [1748070631.335896750]: Received reference trajectory - x: 363.781677, y: 34466.683594, phi: 1.572268, v: 7835.832520, w: 0.000544[0m
[0m[ INFO] [1748070631.399653960]: [1748070631.400] Robot state - x: 0.034883, y: -0.114179, phi: -1.952538[0m
[0m[ INFO] [1748070631.399761994]: [1748070631.400] Reference trajectory - x: 0.363782, y: 34.466682, phi: 0.027441, v: 7.835833, w: 0.000009[0m
[0m[ INFO] [1748070631.399807979]: [1748070631.400] v: 11.112833, w: 292.340820[0m
[0m[ INFO] [1748070631.433405661]: Received reference trajectory - x: 362.600922, y: 35254.957031, phi: 1.572320, v: 7954.855957, w: 0.000524[0m
[0m[ INFO] [1748070631.500392285]: [1748070631.500] Robot state - x: 0.035575, y: -0.113763, phi: -0.919256[0m
[0m[ INFO] [1748070631.500525344]: [1748070631.500] Reference trajectory - x: 0.362601, y: 35.254955, phi: 0.027442, v: 7.954856, w: 0.000009[0m
[0m[ INFO] [1748070631.500571905]: [1748070631.501] v: 11.258070, w: 293.627625[0m
[0m[ INFO] [1748070631.533862508]: Received reference trajectory - x: 361.360138, y: 36055.738281, phi: 1.572371, v: 8074.862305, w: 0.000507[0m
[0m[ INFO] [1748070631.603951470]: [1748070631.604] Robot state - x: 0.035494, y: -0.113367, phi: 0.249291[0m
[0m[ INFO] [1748070631.604246645]: [1748070631.604] Reference trajectory - x: 0.361360, y: 36.055737, phi: 0.027443, v: 8.074862, w: 0.000009[0m
[0m[ INFO] [1748070631.604327127]: [1748070631.604] v: 11.406646, w: 294.593811[0m
[0m[ INFO] [1748070631.633390599]: Received reference trajectory - x: 360.059174, y: 36869.203125, phi: 1.572420, v: 8195.864258, w: 0.000491[0m
[0m[ INFO] [1748070631.733330411]: Received reference trajectory - x: 358.698975, y: 37694.804688, phi: 1.572467, v: 8317.764648, w: 0.000474[0m
[0m[ INFO] [1748070631.833534164]: Received reference trajectory - x: 357.279053, y: 38532.906250, phi: 1.572513, v: 8440.603516, w: 0.000459[0m
[0m[ INFO] [1748070631.841277147]: [1748070631.841] Robot state - x: 0.035305, y: -0.113296, phi: 1.374628[0m
[0m[ INFO] [1748070631.841367197]: [1748070631.841] Reference trajectory - x: 0.357279, y: 38.532906, phi: 0.027446, v: 8.440603, w: 0.000008[0m
[0m[[0m[ INFO] [1748070614.033711591]: [I2C FOR MOTORS] Now launching this node in namespace: /asc[0m
[0m[ INFO] [1748070614.099765957]: [I2C FOR MOTORS] publish motor duty cycle requests from command line with: rostopic pub --once /asc/set_motor_duty_cycle asclinic_pkg/LeftRightFloat32 "{left: 10.1, right: 10.1}"[0m
[0m[ INFO] [1748070614.099941705]: [I2C FOR MOTORS] Successfully opened named /dev/i2c-1, with file descriptor = 11[0m
[0m[ INFO] [1748070614.100048971]: [I2C FOR MOTORS] Actual acceleration limit = 0.0003125%/ms (after conversation to "internal units")[0m
[0m[ INFO] [1748070614.100266544]: [I2C FOR MOTORS] Actual deceleration limit = 0.0015625%/ms (after conversation to "internal units")[0m
[0m[ INFO] [1748070614.100336465]: [I2C FOR MOTORS] Now initialising SMC with I2C address 13[0m
[0m[ INFO] [1748070614.123577143]: [I2C FOR MOTORS] Now initialising SMC with I2C address 14[0m
[0m[ INFO] [1748070614.159406036]: [I2C FOR MOTORS] Node initialisation complete[0m
[0m[ INFO] [1748070618.132773848]: Trajectory Generator Node Started[0m
[0m[ INFO] [1748070618.136964661]: Reading trajectory coeffs[0m
 INFO] [1748070631.841408989]: [1748070631.841] v: 11.791103, w: 304.734436[0m
[0m[ INFO] [1748070631.846754160]: [1748070631.847] Robot state - x: 0.035855, y: -0.112704, phi: 2.520631[0m
[0m[ INFO] [1748070631.846855826]: [1748070631.847] Reference trajectory - x: 0.357279, y: 38.532906, phi: 0.027446, v: 8.440603, w: 0.000008[0m
[0m[ INFO] [1748070631.846923700]: [1748070631.847] v: 11.821341, w: 301.441895[0m
[0m[ INFO] [1748070631.899262393]: [1748070631.899] Robot state - x: 0.035991, y: -0.112556, phi: -2.603401[0m
[0m[ INFO] [1748070631.899364283]: [1748070631.899] Reference trajectory - x: 0.357279, y: 38.532906, phi: 0.027446, v: 8.440603, w: 0.000008[0m
[0m[ INFO] [1748070631.900071914]: [1748070631.900] v: 11.852997, w: 316.148560[0m

[ARUCO DETECTOR] Camera properties upon initialisation:
CV_CAP_PROP_FRAME_HEIGHT : '480.0'
CV_CAP_PROP_FRAME_WIDTH :  '640.0'
CAP_PROP_FPS :             '30.0'
CAP_PROP_FOCUS :           '0.0'
CAP_PROP_AUTOFOCUS :       '0.0'
CAP_PROP_BRIGHTNESS :      '128.0'
CAP_PROP_CONTRAST :        '128.0'
CAP_PROP_SATURATION :      '128.0'
CAP_PROP_BUFFERSIZE :      '4.0'

[ARUCO DETECTOR] Camera properties upon initialisation:
CV_CAP_PROP_FRAME_HEIGHT : '1080.0'
CV_CAP_PROP_FRAME_WIDTH :  '1920.0'
CAP_PROP_FPS :             '5.0'
CAP_PROP_FOCUS :           '0.0'
CAP_PROP_AUTOFOCUS :       '0.0'
CAP_PROP_BRIGHTNESS :      '128.0'
CAP_PROP_CONTRAST :        '128.0'
CAP_PROP_SATURATION :      '128.0'
CAP_PROP_BUFFERSIZE :      '1.0'
[INFO] [1748070619.781065]: [ARUCO DETECTOR] As a double check of the camera properties set, a frame captured just now has dimensions = (1080, 1920, 3)
[INFO] [1748070619.786111]: [ARUCO DETECTOR] publish request from command line to save a single camera image using: rostopic pub --once /asc/request_save_image std_msgs/UInt32 1
[INFO] [1748070619.789974]: [ARUCO DETECTOR] Node initialisation complete
... logging to /home/asc/.ros/log/20ec0744-386e-11f0-9581-d8c0a650f677/roslaunch-asc12-jetson-21772.log
Checking log directory for disk usage. This may take a while.
Press Ctrl-C to interrupt
Done checking log file disk usage. Usage is <1GB.
]2;/home/asc/ASClinic/catkin_ws/src/asclinic_pkg/launch/trajectory.launch
[1mstarted roslaunch server http://asc12-jetson:34941/[0m

SUMMARY
========

PARAMETERS
 * /asc/aruco_detector/aruco_detector_desired_camera_fps: 5
 * /asc/aruco_detector/aruco_detector_desired_camera_frame_height: 1080
 * /asc/aruco_detector/aruco_detector_desired_camera_frame_width: 1920
 * /asc/aruco_detector/aruco_detector_marker_size: 0.25
 * /asc/aruco_detector/aruco_detector_save_image_path: /home/asc/saved_c...
 * /asc/aruco_detector/aruco_detector_should_publish_camera_images: False
 * /asc/aruco_detector/aruco_detector_should_save_all_aruco_images: False
 * /asc/aruco_detector/aruco_detector_should_show_camera_images: False
 * /asc/aruco_detector/aruco_detector_usb_camera_device_number: 0
 * /asc/aruco_detector/aruco_detector_verbosity: 1
 * /asc/encoder_read_multi_threaded/delta_t_for_publishing_encoder_counts: 0.1
 * /asc/encoder_read_multi_threaded/encoder_events_to_monitor: rising
 * /asc/encoder_read_multi_threaded/encoder_read_verbosity: 1
 * /asc/encoder_read_multi_threaded/gpio_chip_number_for_encoder_lines: 1
 * /asc/encoder_read_multi_threaded/line_number_for_left_side_encoder_channel_a: 105
 * /asc/encoder_read_multi_threaded/line_number_for_left_side_encoder_channel_b: 106
 * /asc/encoder_read_multi_threaded/line_number_for_right_side_encoder_channel_a: 84
 * /asc/encoder_read_multi_threaded/line_number_for_right_side_encoder_channel_b: 130
 * /asc/encoder_read_multi_threaded/should_monitor_left_side_encoder_channel_a: True
 * /asc/encoder_read_multi_threaded/should_monitor_left_side_encoder_channel_b: False
 * /asc/encoder_read_multi_threaded/should_monitor_right_side_encoder_channel_a: True
 * /asc/encoder_read_multi_threaded/should_monitor_right_side_encoder_channel_b: False
 * /asc/i2c_for_motors/motor_driver_current_limit_in_milliamps: 5000
 * /asc/i2c_for_motors/motor_driver_left_side_multiplier: 1
 * /asc/i2c_for_motors/motor_driver_max_accel_limit_in_percent_per_millisecond: 0.04
 * /asc/i2c_for_motors/motor_driver_max_decel_limit_in_percent_per_millisecond: 0.16
 * /asc/i2c_for_motors/motor_driver_max_duty_cycle_limit_in_percent: 100.0
 * /asc/i2c_for_motors/motor_driver_right_side_multiplier: 1
 * /asc/i2c_for_motors/motor_driver_verbosity: 1
 * /rosdistro: noetic
 * /rosversion: 1.17.0

NODES
  /
    aruco_positioning (asclinic_pkg/aruco_positioning.py)
    kf_fusion_node (asclinic_pkg/KF.py)
    odomdelta (asclinic_pkg/odomdelta)
    trajectory_generator (asclinic_pkg/trajectory_generator_state_space)
    trajectory_tracker (asclinic_pkg/trajectory_tracker_state_space)
    velocity_PI_control (asclinic_pkg/velocity_PI_control)
  /asc/
    aruco_detector (asclinic_pkg/aruco_detector.py)
    encoder_read_multi_threaded (asclinic_pkg/encoder_read_multi_threaded)
    i2c_for_motors (asclinic_pkg/i2c_for_motors)

auto-starting new master
[1mprocess[master]: started with pid [21808][0m
[1mROS_MASTER_URI=http://localhost:11311[0m
]2;/home/asc/ASClinic/catkin_ws/src/asclinic_pkg/launch/trajectory.launch http://localhost:11311
[1msetting /run_id to 20ec0744-386e-11f0-9581-d8c0a650f677[0m
[1mprocess[rosout-1]: started with pid [21827][0m
started core service [/rosout]
[1mprocess[asc/i2c_for_motors-2]: started with pid [21834][0m
[1mprocess[asc/encoder_read_multi_threaded-3]: started with pid [21838][0m
[1mprocess[odomdelta-4]: started with pid [21853][0m
[1mprocess[asc/aruco_detector-5]: started with pid [21855][0m
[1mprocess[aruco_positioning-6]: started with pid [21869][0m
[1mprocess[trajectory_tracker-7]: started with pid [21870][0m
[1mprocess[trajectory_generator-8]: started with pid [21872][0m
[1mprocess[velocity_PI_control-9]: started with pid [21889][0m
[1mprocess[kf_fusion_node-10]: started with pid [21898][0m
[velocity_PI_control-9] killing on exit
[kf_fusion_node-10] killing on exit
[trajectory_generator-8] killing on exit
[trajectory_tracker-7] killing on exit
[aruco_positioning-6] killing on exit
[asc/aruco_detector-5] killing on exit
[odomdelta-4] killing on exit
[asc/encoder_read_multi_threaded-3] killing on exit
[asc/i2c_for_motors-2] killing on exit
[rosout-1] killing on exit
[master] killing on exit
shutting down processing monitor...
... shutting down processing monitor complete
[1mdone[0m
