[0m[ INFO] [1748067262.955668179]: [1748067262.955] Robot state - x: 0.000000, y: 0.000000, phi: 0.000000[0m
[0m[ INFO] [1748067262.959530304]: [1748067262.959] Reference trajectory - x: 0.000000, y: 0.000000, phi: 0.000000, v: 0.000000, w: 0.000000[0m
[0m[ INFO] [1748067263.055367842]: [1748067263.055] Robot state - x: 0.000000, y: 0.000000, phi: 0.000000[0m
[0m[ INFO] [1748067263.055478723]: [1748067263.055] Reference trajectory - x: 0.000000, y: 0.000000, phi: 0.000000, v: 0.000000, w: 0.000000[0m
[0m[ INFO] [1748067263.155320177]: [1748067263.155] Robot state - x: 0.000000, y: 0.000000, phi: 0.000000[0m
[0m[ INFO] [1748067263.155464211]: [1748067263.155] Reference trajectory - x: 0.000000, y: 0.000000, phi: 0.000000, v: 0.000000, w: 0.000000[0m
[0m[ INFO] [1748067263.256462575]: [1748067263.256] Robot state - x: 0.000000, y: 0.000000, phi: 0.000000[0m
[0m[ INFO] [1748067263.256598897]: [1748067263.257] Reference trajectory - x: 0.000000, y: 0.000000, phi: 0.000000, v: 0.000000, w: 0.000000[0m
[0m[ INFO] [1748067263.355936569]: [1748067263.356] Robot state - x: 0.000000, y: 0.000000, phi: 0.000000[0m
[0m[ INFO] [1748067263.356072955]: [1748067263.356] Reference trajectory - x: 0.000000, y: 0.000000, phi: 0.000000, v: 0.000000, w: 0.000000[0m
[0m[ INFO] [1748067263.451549206]: Received reference trajectory - x: 0.000000, y: 0.000000, phi: 0.000000, v: 0.000077, w: 0.000000[0m
[0m[ INFO] [1748067263.456084299]: [1748067263.456] Robot state - x: 0.000000, y: 0.000000, phi: 0.000000[0m
[0m[ INFO] [1748067263.456175884]: [1748067263.456] Reference trajectory - x: 0.000000, y: 0.000000, phi: 0.000000, v: 0.000000, w: 0.000000[0m
[0m[ INFO] [1748067263.456229933]: [1748067263.456] v: 0.000000, w: 0.000000[0m
[0m[ INFO] [1748067263.545410654]: Received reference trajectory - x: 0.591562, y: 0.000000, phi: 0.000000, v: 12.507077, w: 0.000000[0m
[0m[ INFO] [1748067263.555418387]: [1748067263.555] Robot state - x: 0.000000, y: 0.000000, phi: 0.000000[0m
[0m[ INFO] [1748067263.555533461]: [1748067263.556] Reference trajectory - x: 0.000592, y: 0.000000, phi: 0.000000, v: 0.012507, w: 0.000000[0m
[0m[ INFO] [1748067263.555606645]: [1748067263.556] v: 0.015084, w: 0.000000[0m
[0m[ INFO] [1748067263.646372890]: Received reference trajectory - x: 2.496194, y: 0.000000, phi: 0.000000, v: 25.576654, w: 0.000000[0m
[0m[ INFO] [1748067263.678475537]: [1748067263.678] Robot state - x: 0.000000, y: 0.000000, phi: 0.000000[0m
[0m[ INFO] [1748067263.678631571]: [1748067263.679] Reference trajectory - x: 0.002496, y: 0.000000, phi: 0.000000, v: 0.025577, w: 0.000000[0m
[0m[ INFO] [1748067263.678697363]: [1748067263.679] v: 0.036637, w: 0.000000[0m
[0m[ INFO] [1748067263.745138939]: Received reference trajectory - x: 5.699580, y: 0.000000, phi: 0.000000, v: 38.473240, w: 0.000000[0m
[0m[ INFO] [1748067263.755629814]: [1748067263.756] Robot state - x: 0.000000, y: 0.000000, phi: 0.000000[0m
[0m[ INFO] [1748067263.755737591]: [1748067263.756] Reference trajectory - x: 0.005700, y: 0.000000, phi: 0.000000, v: 0.038473, w: 0.000000[0m
[0m[ INFO] [1748067263.755784408]: [1748067263.756] v: 0.064276, w: 0.000000[0m
[0m[ INFO] [1748067263.845670258]: Received reference trajectory - x: 10.186747, y: 0.000000, phi: 0.000000, v: 51.200119, w: 0.000000[0m
[0m[ INFO] [1748067263.856691955]: [1748067263.857] Robot state - x: 0.000000, y: 0.000000, phi: 0.000000[0m
[0m[ INFO] [1748067263.856792404]: [1748067263.857] Reference trajectory - x: 0.010187, y: 0.000000, phi: 0.000000, v: 0.051200, w: 0.000000[0m
[0m[ INFO] [1748067263.856840980]: [1748067263.857] v: 0.098350, w: 0.000000[0m
[0m[ INFO] [1748067263.945652898]: Received reference trajectory - x: 15.931139, y: 0.000000, phi: 0.000000, v: 63.735123, w: 0.000000[0m
[0m[ INFO] [1748067263.955208401]: [1748067263.955] Robot state - x: 0.000192, y: 0.000000, phi: 0.001783[0m
[0m[ INFO] [1748067263.955308787]: [1748067263.955] Reference trajectory - x: 0.015931, y: 0.000000, phi: 0.000000, v: 0.063735, w: 0.000000[0m
[0m[ INFO] [1748067263.955388147]: [1748067263.955] v: 0.138292, w: -0.007092[0m
[0m[ INFO] [1748067264.045412238]: Received reference trajectory - x: 22.921972, y: 0.000000, phi: 0.000000, v: 76.096863, w: 0.000000[0m
[0m[ INFO] [1748067264.055220128]: [1748067264.055] Robot state - x: 0.001362, y: 0.000002, phi: 0.005158[0m
[0m[ INFO] [1748067264.055318785]: [1748067264.055] Reference trajectory - x: 0.022922, y: 0.000000, phi: 0.000000, v: 0.076097, w: 0.000000[0m
[0m[ INFO] [1748067264.055367169]: [1748067264.055] v: 0.180980, w: -0.020532[0m
[0m[ INFO] [1748067264.145057462]: Received reference trajectory - x: 31.146864, y: 0.000000, phi: 0.000000, v: 88.290756, w: 0.000000[0m
[0m[ INFO] [1748067264.155511695]: [1748067264.155] Robot state - x: 0.006480, y: 0.000008, phi: 0.003917[0m
[0m[ INFO] [1748067264.155638353]: [1748067264.156] Reference trajectory - x: 0.031147, y: 0.000000, phi: 0.000000, v: 0.088291, w: 0.000000[0m
[0m[ INFO] [1748067264.155684017]: [1748067264.156] v: 0.213523, w: -0.015654[0m
[0m[ INFO] [1748067264.245157507]: Received reference trajectory - x: 40.577854, y: 0.000000, phi: 0.000000, v: 100.300774, w: 0.000000[0m
[0m[ INFO] [1748067264.255703486]: [1748067264.256] Robot state - x: 0.013959, y: 0.000040, phi: 0.002102[0m
[0m[ INFO] [1748067264.255826687]: [1748067264.256] Reference trajectory - x: 0.040578, y: 0.000000, phi: 0.000000, v: 0.100301, w: 0.000000[0m
[0m[ INFO] [1748067264.255925729]: [1748067264.256] v: 0.241829, w: -0.008758[0m
[0m[ INFO] [1748067264.345037550]: Received reference trajectory - x: 51.199345, y: 0.000000, phi: 0.000000, v: 112.131325, w: 0.000000[0m
[0m[ INFO] [1748067264.356917944]: [1748067264.357] Robot state - x: 0.023013, y: 0.000065, phi: -0.000096[0m
[0m[ INFO] [1748067264.357009689]: [1748067264.357] Reference trajectory - x: 0.051199, y: 0.000000, phi: 0.000000, v: 0.112131, w: 0.000000[0m
[0m[ INFO] [1748067264.357055322]: [1748067264.357] v: 0.268900, w: -0.000290[0m
[0m[ INFO] [1748067264.447089586]: Received reference trajectory - x: 63.004288, y: 0.000000, phi: 0.000000, v: 123.792999, w: 0.000000[0m
[0m[ INFO] [1748067264.466825432]: [1748067264.467] Robot state - x: 0.034035, y: 0.000074, phi: -0.002770[0m
[0m[ INFO] [1748067264.466960154]: [1748067264.467] Reference trajectory - x: 0.063004, y: 0.000000, phi: 0.000000, v: 0.123793, w: 0.000000[0m
[0m[ INFO] [1748067264.467093691]: [1748067264.467] v: 0.292878, w: 0.010240[0m
[0m[ INFO] [1748067264.545021351]: Received reference trajectory - x: 75.947914, y: 0.000000, phi: 0.000000, v: 135.260437, w: 0.000000[0m
[0m[ INFO] [1748067264.555578497]: [1748067264.555] Robot state - x: 0.047611, y: 0.000063, phi: -0.004235[0m
[0m[ INFO] [1748067264.555688035]: [1748067264.556] Reference trajectory - x: 0.075948, y: 0.000000, phi: 0.000000, v: 0.135260, w: 0.000000[0m
[0m[ INFO] [1748067264.555736227]: [1748067264.556] v: 0.310746, w: 0.016152[0m
[0m[ INFO] [1748067264.645836636]: Received reference trajectory - x: 90.060326, y: 0.000000, phi: 0.000000, v: 146.574722, w: 0.000000[0m
[0m[ INFO] [1748067264.660250916]: [1748067264.660] Robot state - x: 0.062570, y: -0.000006, phi: -0.007865[0m
[0m[ INFO] [1748067264.660439110]: [1748067264.660] Reference trajectory - x: 0.090060, y: 0.000000, phi: 0.000000, v: 0.146575, w: 0.000000[0m
[0m[ INFO] [1748067264.660606376]: [1748067264.661] v: 0.327329, w: 0.031252[0m
[0m[ INFO] [1748067264.745230242]: Received reference trajectory - x: 105.270180, y: 0.000000, phi: 0.000000, v: 157.692154, w: 0.000000[0m
[0m[ INFO] [1748067264.755962431]: [1748067264.756] Robot state - x: 0.078901, y: -0.000093, phi: -0.009998[0m
[0m[ INFO] [1748067264.756182753]: [1748067264.756] Reference trajectory - x: 0.105270, y: 0.000000, phi: 0.000000, v: 0.157692, w: 0.000000[0m
[0m[ INFO] [1748067264.756255906]: [1748067264.756] v: 0.342249, w: 0.040602[0m
[0m[ INFO] [1748067264.848044847]: Received reference trajectory - x: 121.572136, y: 0.000000, phi: 0.000000, v: 168.625229, w: 0.000000[0m
[0m[ INFO] [1748067264.858540169]: [1748067264.858] Robot state - x: 0.096806, y: -0.000256, phi: -0.012514[0m
[0m[ INFO] [1748067264.858819916]: [1748067264.859] Reference trajectory - x: 0.121572, y: 0.000000, phi: 0.000000, v: 0.168625, w: 0.000000[0m
[0m[ INFO] [1748067264.858935565]: [1748067264.859] v: 0.354531, w: 0.052267[0m
[0m[ INFO] [1748067264.945057464]: Received reference trajectory - x: 138.977631, y: 0.000000, phi: 0.000000, v: 179.392838, w: 0.000000[0m
[0m[ INFO] [1748067264.955624467]: [1748067264.956] Robot state - x: 0.116083, y: -0.000459, phi: -0.013533[0m
[0m[ INFO] [1748067264.955747573]: [1748067264.956] Reference trajectory - x: 0.138978, y: 0.000000, phi: 0.000000, v: 0.179393, w: 0.000000[0m
[0m[ INFO] [1748067264.955832886]: [1748067264.956] v: 0.364971, w: 0.058426[0m
[0m[ INFO] [1748067265.048398474]: Received reference trajectory - x: 157.473740, y: 0.000000, phi: 0.000000, v: 189.995071, w: 0.000000[0m
[0m[ INFO] [1748067265.056944525]: [1748067265.057] Robot state - x: 0.136541, y: -0.000728, phi: -0.014838[0m
[0m[ INFO] [1748067265.057050254]: [1748067265.057] Reference trajectory - x: 0.157474, y: 0.000000, phi: 0.000000, v: 0.189995, w: 0.000000[0m
[0m[ INFO] [1748067265.057121071]: [1748067265.057] v: 0.374262, w: 0.066456[0m
[0m[ INFO] [1748067265.145133836]: Received reference trajectory - x: 176.964630, y: 0.000000, phi: 0.000000, v: 200.389191, w: 0.000000[0m
[0m[ INFO] [1748067265.155638854]: [1748067265.156] Robot state - x: 0.158179, y: -0.001038, phi: -0.016431[0m
[0m[ INFO] [1748067265.155753000]: [1748067265.156] Reference trajectory - x: 0.176965, y: 0.000000, phi: 0.000000, v: 0.200389, w: 0.000000[0m
[0m[ INFO] [1748067265.155798152]: [1748067265.156] v: 0.381917, w: 0.076118[0m
[0m[ INFO] [1748067265.247001963]: Received reference trajectory - x: 197.536255, y: 0.000000, phi: 0.000000, v: 210.630997, w: 0.000000[0m
[0m[ INFO] [1748067265.262358557]: [1748067265.262] Robot state - x: 0.180998, y: -0.001398, phi: -0.018309[0m
[0m[ INFO] [1748067265.262649472]: [1748067265.263] Reference trajectory - x: 0.197536, y: 0.000000, phi: 0.000000, v: 0.210631, w: 0.000000[0m
[0m[ INFO] [1748067265.262729217]: [1748067265.263] v: 0.388308, w: 0.087517[0m
[0m[ INFO] [1748067265.345159326]: Received reference trajectory - x: 219.082306, y: 0.000000, phi: 0.000000, v: 220.675827, w: 0.000000[0m
[0m[ INFO] [1748067265.355215986]: [1748067265.355] Robot state - x: 0.204402, y: -0.001785, phi: -0.018500[0m
[0m[ INFO] [1748067265.355348820]: [1748067265.355] Reference trajectory - x: 0.219082, y: 0.000000, phi: 0.000000, v: 0.220676, w: 0.000000[0m
[0m[ INFO] [1748067265.355443541]: [1748067265.355] v: 0.395487, w: 0.092588[0m
[0m[ INFO] [1748067265.446987131]: Received reference trajectory - x: 241.662827, y: 0.000000, phi: 0.000000, v: 230.560120, w: 0.000000[0m
[0m[ INFO] [1748067265.463646109]: [1748067265.464] Robot state - x: 0.228985, y: -0.002241, phi: -0.018978[0m
[0m[ INFO] [1748067265.463773502]: [1748067265.464] Reference trajectory - x: 0.241663, y: 0.000000, phi: 0.000000, v: 0.230560, w: 0.000000[0m
[0m[ INFO] [1748067265.463871935]: [1748067265.464] v: 0.401286, w: 0.099613[0m
[0m[ INFO] [1748067265.545125902]: Received reference trajectory - x: 265.186462, y: 0.000000, phi: 0.000000, v: 240.251495, w: 0.000000[0m
[0m[ INFO] [1748067265.555797770]: [1748067265.556] Robot state - x: 0.254355, y: -0.002719, phi: -0.019647[0m
[0m[ INFO] [1748067265.555919180]: [1748067265.556] Reference trajectory - x: 0.265186, y: 0.000000, phi: 0.000000, v: 0.240251, w: 0.000000[0m
[0m[ INFO] [1748067265.555965676]: [1748067265.556] v: 0.406938, w: 0.107760[0m
[0m[ INFO] [1748067265.645137303]: Received reference trajectory - x: 289.685333, y: 0.000000, phi: 0.000000, v: 249.771317, w: 0.000000[0m
[0m[ INFO] [1748067265.655341837]: [1748067265.655] Robot state - x: 0.280311, y: -0.003198, phi: -0.018628[0m
[0m[ INFO] [1748067265.655457263]: [1748067265.655] Reference trajectory - x: 0.289685, y: 0.000000, phi: 0.000000, v: 0.249771, w: 0.000000[0m
[0m[ INFO] [1748067265.655520207]: [1748067265.655] v: 0.413534, w: 0.109363[0m
[0m[ INFO] [1748067265.745102335]: Received reference trajectory - x: 315.132660, y: 0.000000, phi: 0.000000, v: 259.115387, w: 0.000000[0m
[0m[ INFO] [1748067265.755631257]: [1748067265.756] Robot state - x: 0.307448, y: -0.003721, phi: -0.017895[0m
[0m[ INFO] [1748067265.755719770]: [1748067265.756] Reference trajectory - x: 0.315133, y: 0.000000, phi: 0.000000, v: 0.259115, w: 0.000000[0m
[0m[ INFO] [1748067265.755763291]: [1748067265.756] v: 0.418483, w: 0.112696[0m
[0m[ INFO] [1748067265.845742383]: Received reference trajectory - x: 341.504028, y: 0.000000, phi: 0.000000, v: 268.281128, w: 0.000000[0m
[0m[ INFO] [1748067265.858887592]: [1748067265.859] Robot state - x: 0.335372, y: -0.004234, phi: -0.017354[0m
[0m[ INFO] [1748067265.859035657]: [1748067265.859] Reference trajectory - x: 0.341504, y: 0.000000, phi: 0.000000, v: 0.268281, w: 0.000000[0m
[0m[ INFO] [1748067265.859106858]: [1748067265.859] v: 0.423314, w: 0.116848[0m
[0m[ INFO] [1748067265.945129264]: Received reference trajectory - x: 368.778931, y: 0.000000, phi: 0.000000, v: 277.267761, w: 0.000000[0m
[0m[ INFO] [1748067265.955524361]: [1748067265.955] Robot state - x: 0.363296, y: -0.004726, phi: -0.016813[0m
[0m[ INFO] [1748067265.955617450]: [1748067265.956] Reference trajectory - x: 0.368779, y: 0.000000, phi: 0.000000, v: 0.277268, w: 0.000000[0m
[0m[ INFO] [1748067265.955661195]: [1748067265.956] v: 0.431410, w: 0.120957[0m
[0m[ INFO] [1748067266.047090318]: Received reference trajectory - x: 396.981720, y: 0.000000, phi: 0.000000, v: 286.088318, w: 0.000000[0m
[0m[ INFO] [1748067266.056317977]: [1748067266.056] Robot state - x: 0.392795, y: -0.005236, phi: -0.016653[0m
[0m[ INFO] [1748067266.056479707]: [1748067266.056] Reference trajectory - x: 0.396982, y: 0.000000, phi: 0.000000, v: 0.286088, w: 0.000000[0m
[0m[ INFO] [1748067266.056681053]: [1748067266.057] v: 0.436318, w: 0.126916[0m
[0m[ INFO] [1748067266.145158173]: Received reference trajectory - x: 425.995422, y: 0.000000, phi: 0.000000, v: 294.712341, w: 0.000000[0m
[0m[ INFO] [1748067266.155557717]: [1748067266.155] Robot state - x: 0.422486, y: -0.005706, phi: -0.014711[0m
[0m[ INFO] [1748067266.155649718]: [1748067266.156] Reference trajectory - x: 0.425995, y: 0.000000, phi: 0.000000, v: 0.294712, w: 0.000000[0m
[0m[ INFO] [1748067266.155779127]: [1748067266.156] v: 0.443314, w: 0.125553[0m
[0m[ INFO] [1748067266.245285667]: Received reference trajectory - x: 455.890747, y: 0.000000, phi: 0.000000, v: 303.166901, w: 0.000000[0m
[0m[ INFO] [1748067266.345446313]: Received reference trajectory - x: 486.620483, y: 0.000000, phi: 0.000000, v: 311.443146, w: 0.000000[0m
[0m[ INFO] [1748067266.415621173]: [1748067266.416] Robot state - x: 0.453358, y: -0.006195, phi: -0.013055[0m
[0m[ INFO] [1748067266.415748151]: [1748067266.416] Reference trajectory - x: 0.486620, y: 0.000000, phi: 0.000000, v: 0.311443, w: 0.000000[0m
[0m[ INFO] [1748067266.415793879]: [1748067266.416] v: 0.590758, w: 0.125660[0m
[0m[ INFO] [1748067266.417287432]: [1748067266.417] Robot state - x: 0.484816, y: -0.006605, phi: -0.009712[0m
[0m[ INFO] [1748067266.417489995]: [1748067266.417] Reference trajectory - x: 0.486620, y: 0.000000, phi: 0.000000, v: 0.311443, w: 0.000000[0m
[0m[ INFO] [1748067266.417552139]: [1748067266.418] v: 0.464236, w: 0.118428[0m
[0m[ INFO] [1748067266.444977961]: Received reference trajectory - x: 518.167725, y: 0.000000, phi: 0.000000, v: 319.541321, w: 0.000000[0m
[0m[ INFO] [1748067266.455328000]: [1748067266.455] Robot state - x: 0.516678, y: -0.007081, phi: -0.010126[0m
[0m[ INFO] [1748067266.455410689]: [1748067266.455] Reference trajectory - x: 0.518168, y: 0.000000, phi: 0.000000, v: 0.319541, w: 0.000000[0m
[0m[ INFO] [1748067266.455455586]: [1748067266.455] v: 0.471535, w: 0.126916[0m
[0m[ INFO] [1748067266.545098959]: Received reference trajectory - x: 550.522461, y: 0.000000, phi: 0.000000, v: 327.463348, w: 0.000000[0m
[0m[ INFO] [1748067266.556001997]: [1748067266.556] Robot state - x: 0.549319, y: -0.007348, phi: -0.007069[0m
[0m[ INFO] [1748067266.556253840]: [1748067266.556] Reference trajectory - x: 0.550522, y: 0.000000, phi: 0.000000, v: 0.327463, w: 0.000000[0m
[0m[ INFO] [1748067266.556311057]: [1748067266.556] v: 0.478681, w: 0.119671[0m
[0m[ INFO] [1748067266.645149396]: Received reference trajectory - x: 583.658325, y: 0.000000, phi: 0.000000, v: 335.207031, w: 0.000000[0m
[0m[ INFO] [1748067266.656092307]: [1748067266.656] Robot state - x: 0.583141, y: -0.007643, phi: -0.004299[0m
[0m[ INFO] [1748067266.656265301]: [1748067266.656] Reference trajectory - x: 0.583658, y: 0.000000, phi: 0.000000, v: 0.335207, w: 0.000000[0m
[0m[ INFO] [1748067266.656389238]: [1748067266.656] v: 0.483817, w: 0.113935[0m
[0m[ INFO] [1748067266.745177721]: Received reference trajectory - x: 617.580933, y: 0.000000, phi: 0.000000, v: 342.777588, w: 0.000000[0m
[0m[ INFO] [1748067266.755517873]: [1748067266.755] Robot state - x: 0.618346, y: -0.007881, phi: -0.003694[0m
[0m[ INFO] [1748067266.755630866]: [1748067266.756] Reference trajectory - x: 0.617581, y: 0.000000, phi: 0.000000, v: 0.342778, w: 0.000000[0m
[0m[ INFO] [1748067266.755695987]: [1748067266.756] v: 0.485964, w: 0.116328[0m
[0m[ INFO] [1748067266.845400897]: Received reference trajectory - x: 652.206665, y: 0.000000, phi: 0.000000, v: 350.160645, w: 0.000000[0m
[0m[ INFO] [1748067266.860818995]: [1748067266.860] Robot state - x: 0.653552, y: -0.008022, phi: -0.003089[0m
[0m[ INFO] [1748067266.861171703]: [1748067266.861] Reference trajectory - x: 0.652207, y: 0.000000, phi: 0.000000, v: 0.350161, w: 0.000000[0m
[0m[ INFO] [1748067266.861316473]: [1748067266.861] v: 0.490579, w: 0.117820[0m
[0m[ INFO] [1748067266.945157187]: Received reference trajectory - x: 687.584167, y: 0.000000, phi: 0.000000, v: 357.370697, w: 0.000000[0m
[0m[ INFO] [1748067266.955861663]: [1748067266.956] Robot state - x: 0.689938, y: -0.008151, phi: -0.002770[0m
[0m[ INFO] [1748067266.955983840]: [1748067266.956] Reference trajectory - x: 0.687584, y: 0.000000, phi: 0.000000, v: 0.357371, w: 0.000000[0m
[0m[ INFO] [1748067266.956053601]: [1748067266.956] v: 0.492968, w: 0.120376[0m
[0m[ INFO] [1748067267.045144518]: Received reference trajectory - x: 723.671326, y: 0.000000, phi: 0.000000, v: 364.402527, w: 0.000000[0m
[0m[ INFO] [1748067267.055983939]: [1748067267.056] Robot state - x: 0.726517, y: -0.008225, phi: -0.000669[0m
[0m[ INFO] [1748067267.056103812]: [1748067267.056] Reference trajectory - x: 0.723671, y: 0.000000, phi: 0.000000, v: 0.364403, w: 0.000000[0m
[0m[ INFO] [1748067267.056162341]: [1748067267.056] v: 0.497115, w: 0.115341[0m
[0m[ INFO] [1748067267.145240744]: Received reference trajectory - x: 760.465454, y: 0.000000, phi: 0.000000, v: 371.258911, w: 0.000000[0m
[0m[ INFO] [1748067267.155430910]: [1748067267.155] Robot state - x: 0.763691, y: -0.008326, phi: -0.000541[0m
[0m[ INFO] [1748067267.155571103]: [1748067267.156] Reference trajectory - x: 0.760465, y: 0.000000, phi: 0.000000, v: 0.371259, w: 0.000000[0m
[0m[ INFO] [1748067267.155663360]: [1748067267.156] v: 0.501417, w: 0.118441[0m
[0m[ INFO] [1748067267.245619086]: Received reference trajectory - x: 797.914001, y: 0.000000, phi: 0.000000, v: 377.933502, w: 0.000000[0m
[0m[ INFO] [1748067267.259820977]: [1748067267.260] Robot state - x: 0.801653, y: -0.008353, phi: -0.000605[0m
[0m[ INFO] [1748067267.259974227]: [1748067267.260] Reference trajectory - x: 0.797914, y: 0.000000, phi: 0.000000, v: 0.377934, w: 0.000000[0m
[0m[ INFO] [1748067267.260040852]: [1748067267.260] v: 0.504838, w: 0.121591[0m
[0m[ INFO] [1748067267.344971623]: Received reference trajectory - x: 836.032959, y: 0.000000, phi: 0.000000, v: 384.432465, w: 0.000000[0m
[0m[ INFO] [1748067267.355279006]: [1748067267.355] Robot state - x: 0.839806, y: -0.008340, phi: 0.001114[0m
[0m[ INFO] [1748067267.355392287]: [1748067267.355] Reference trajectory - x: 0.836033, y: 0.000000, phi: 0.000000, v: 0.384432, w: 0.000000[0m
[0m[ INFO] [1748067267.355436032]: [1748067267.355] v: 0.510006, w: 0.117272[0m
[0m[ INFO] [1748067267.445261580]: Received reference trajectory - x: 874.803772, y: 0.000000, phi: 0.000000, v: 390.755371, w: 0.000000[0m
[0m[ INFO] [1748067267.460134391]: [1748067267.460] Robot state - x: 0.878948, y: -0.008371, phi: 0.000764[0m
[0m[ INFO] [1748067267.460237016]: [1748067267.460] Reference trajectory - x: 0.874804, y: 0.000000, phi: 0.000000, v: 0.390755, w: 0.000000[0m
[0m[ INFO] [1748067267.460282041]: [1748067267.460] v: 0.513518, w: 0.121606[0m
[0m[ INFO] [1748067267.545039626]: Received reference trajectory - x: 914.183228, y: 0.000000, phi: 0.000000, v: 396.898132, w: 0.000000[0m
[0m[ INFO] [1748067267.556143146]: [1748067267.556] Robot state - x: 0.918282, y: -0.008299, phi: 0.002197[0m
[0m[ INFO] [1748067267.556297996]: [1748067267.556] Reference trajectory - x: 0.914183, y: 0.000000, phi: 0.000000, v: 0.396898, w: 0.000000[0m
[0m[ INFO] [1748067267.556348685]: [1748067267.556] v: 0.518548, w: 0.117833[0m
[0m[ INFO] [1748067267.645122508]: Received reference trajectory - x: 954.179138, y: 0.000000, phi: 0.000000, v: 402.864807, w: 0.000000[0m
[0m[ INFO] [1748067267.655369890]: [1748067267.655] Robot state - x: 0.958404, y: -0.008243, phi: 0.003439[0m
[0m[ INFO] [1748067267.655453411]: [1748067267.655] Reference trajectory - x: 0.954179, y: 0.000000, phi: 0.000000, v: 0.402865, w: 0.000000[0m
[0m[ INFO] [1748067267.655545828]: [1748067267.655] v: 0.522673, w: 0.114962[0m
[0m[ INFO] [1748067267.745162254]: Received reference trajectory - x: 994.747009, y: 0.000000, phi: 0.000000, v: 408.651398, w: 0.000000[0m
[0m[ INFO] [1748067267.755323971]: [1748067267.755] Robot state - x: 0.998727, y: -0.008168, phi: 0.002802[0m
[0m[ INFO] [1748067267.755461285]: [1748067267.755] Reference trajectory - x: 0.994747, y: 0.000000, phi: 0.000000, v: 0.408651, w: 0.000000[0m
[0m[ INFO] [1748067267.755511877]: [1748067267.755] v: 0.528189, w: 0.119341[0m
[0m[ INFO] [1748067267.844998573]: Received reference trajectory - x: 1035.890747, y: 0.000000, phi: 0.000000, v: 414.261139, w: 0.000000[0m
[0m[ INFO] [1748067267.861056774]: [1748067267.861] Robot state - x: 1.038061, y: -0.008004, phi: 0.004235[0m
[0m[ INFO] [1748067267.861142983]: [1748067267.861] Reference trajectory - x: 1.035891, y: 0.000000, phi: 0.000000, v: 0.414261, w: 0.000000[0m
[0m[ INFO] [1748067267.861187496]: [1748067267.861] v: 0.540425, w: 0.114590[0m
[0m[ INFO] [1748067267.945002254]: Received reference trajectory - x: 1077.590942, y: 0.000000, phi: 0.000000, v: 419.693665, w: 0.000000[0m
[0m[ INFO] [1748067267.955500295]: [1748067267.955] Robot state - x: 1.082310, y: -0.007834, phi: 0.006305[0m
[0m[ INFO] [1748067267.955637353]: [1748067267.956] Reference trajectory - x: 1.077591, y: 0.000000, phi: 0.000000, v: 0.419694, w: 0.000000[0m
[0m[ INFO] [1748067267.955701321]: [1748067267.956] v: 0.534068, w: 0.107192[0m
[0m[ INFO] [1748067268.045045230]: Received reference trajectory - x: 1119.827881, y: 0.000000, phi: 0.000000, v: 424.948730, w: 0.000000[0m
[0m[ INFO] [1748067268.055559527]: [1748067268.055] Robot state - x: 1.124208, y: -0.007678, phi: 0.005286[0m
[0m[ INFO] [1748067268.055721641]: [1748067268.056] Reference trajectory - x: 1.119828, y: 0.000000, phi: 0.000000, v: 0.424949, w: 0.000000[0m
[0m[ INFO] [1748067268.055784554]: [1748067268.056] v: 0.539310, w: 0.112157[0m
[0m[ INFO] [1748067268.145028524]: Received reference trajectory - x: 1162.578125, y: 0.000000, phi: 0.000000, v: 430.025604, w: 0.000000[0m
[0m[ INFO] [1748067268.155744295]: [1748067268.156] Robot state - x: 1.165127, y: -0.007474, phi: 0.002675[0m
[0m[ INFO] [1748067268.155892008]: [1748067268.156] Reference trajectory - x: 1.162578, y: 0.000000, phi: 0.000000, v: 0.430026, w: 0.000000[0m
[0m[ INFO] [1748067268.155965801]: [1748067268.156] v: 0.550981, w: 0.122919[0m
[0m[ INFO] [1748067268.246726557]: Received reference trajectory - x: 1205.847412, y: 0.000000, phi: 0.000000, v: 434.926910, w: 0.000000[0m
[0m[ INFO] [1748067268.258732103]: [1748067268.259] Robot state - x: 1.208993, y: -0.007275, phi: 0.001178[0m
[0m[ INFO] [1748067268.259840051]: [1748067268.260] Reference trajectory - x: 1.205847, y: 0.000000, phi: 0.000000, v: 0.434927, w: 0.000000[0m
[0m[ INFO] [1748067268.259891380]: [1748067268.260] v: 0.552478, w: 0.129240[0m
[0m[ INFO] [1748067268.344927717]: Received reference trajectory - x: 1249.561157, y: 0.000000, phi: 0.000000, v: 439.646393, w: 0.000000[0m
[0m[ INFO] [1748067268.355303101]: [1748067268.355] Robot state - x: 1.252848, y: -0.007110, phi: 0.003343[0m
[0m[ INFO] [1748067268.355432766]: [1748067268.355] Reference trajectory - x: 1.249561, y: 0.000000, phi: 0.000000, v: 0.439646, w: 0.000000[0m
[0m[ INFO] [1748067268.355514367]: [1748067268.355] v: 0.555586, w: 0.121281[0m
[0m[ INFO] [1748067268.445196742]: Received reference trajectory - x: 1293.770874, y: 0.000000, phi: 0.000000, v: 444.191559, w: 0.000000[0m
[0m[ INFO] [1748067268.455927937]: [1748067268.456] Robot state - x: 1.296906, y: -0.007052, phi: 0.003630[0m
[0m[ INFO] [1748067268.456077155]: [1748067268.456] Reference trajectory - x: 1.293771, y: 0.000000, phi: 0.000000, v: 0.444192, w: 0.000000[0m
[0m[ INFO] [1748067268.456130276]: [1748067268.456] v: 0.559753, w: 0.121806[0m
[0m[ INFO] [1748067268.544964865]: Received reference trajectory - x: 1338.387329, y: 0.000000, phi: 0.000000, v: 448.555054, w: 0.000000[0m
[0m[ INFO] [1748067268.555391769]: [1748067268.555] Robot state - x: 1.341953, y: -0.006941, phi: 0.001847[0m
[0m[ INFO] [1748067268.555523802]: [1748067268.555] Reference trajectory - x: 1.338387, y: 0.000000, phi: 0.000000, v: 0.448555, w: 0.000000[0m
[0m[ INFO] [1748067268.555590875]: [1748067268.556] v: 0.561250, w: 0.130020[0m
[0m[ INFO] [1748067268.647023542]: Received reference trajectory - x: 1383.517090, y: 0.000000, phi: 0.000000, v: 452.748779, w: 0.000000[0m
[0m[ INFO] [1748067268.656653509]: [1748067268.657] Robot state - x: 1.387383, y: -0.006736, phi: 0.003630[0m
[0m[ INFO] [1748067268.656808006]: [1748067268.657] Reference trajectory - x: 1.383517, y: 0.000000, phi: 0.000000, v: 0.452749, w: 0.000000[0m
[0m[ INFO] [1748067268.656877063]: [1748067268.657] v: 0.563008, w: 0.123068[0m
[0m[ INFO] [1748067268.745081853]: Received reference trajectory - x: 1428.959106, y: 0.000000, phi: 0.000000, v: 456.755707, w: 0.000000[0m
[0m[ INFO] [1748067268.755574390]: [1748067268.755] Robot state - x: 1.433016, y: -0.006654, phi: 0.003534[0m
[0m[ INFO] [1748067268.755726455]: [1748067268.756] Reference trajectory - x: 1.428959, y: 0.000000, phi: 0.000000, v: 0.456756, w: 0.000000[0m
[0m[ INFO] [1748067268.755797528]: [1748067268.756] v: 0.564964, w: 0.124755[0m
[0m[ INFO] [1748067268.845337981]: Received reference trajectory - x: 1474.816040, y: 0.000000, phi: 0.000000, v: 460.587067, w: 0.000000[0m
[0m[ INFO] [1748067268.859848260]: [1748067268.860] Robot state - x: 1.479436, y: -0.006492, phi: 0.003248[0m
[0m[ INFO] [1748067268.860005830]: [1748067268.860] Reference trajectory - x: 1.474816, y: 0.000000, phi: 0.000000, v: 0.460587, w: 0.000000[0m
[0m[ INFO] [1748067268.860096839]: [1748067268.860] v: 0.565062, w: 0.126378[0m
[0m[ INFO] [1748067268.945035383]: Received reference trajectory - x: 1521.041382, y: 0.000000, phi: 0.000000, v: 464.240295, w: 0.000000[0m
[0m[ INFO] [1748067268.955372430]: [1748067268.955] Robot state - x: 1.526047, y: -0.006292, phi: 0.004744[0m
[0m[ INFO] [1748067268.955491856]: [1748067268.955] Reference trajectory - x: 1.521041, y: 0.000000, phi: 0.000000, v: 0.464240, w: 0.000000[0m
[0m[ INFO] [1748067268.955566032]: [1748067268.956] v: 0.565575, w: 0.120483[0m
[0m[ INFO] [1748067269.045301271]: Received reference trajectory - x: 1567.651489, y: 0.000000, phi: 0.000000, v: 467.717926, w: 0.000000[0m
[0m[ INFO] [1748067269.057140990]: [1748067269.057] Robot state - x: 1.572668, y: -0.006191, phi: 0.002579[0m
[0m[ INFO] [1748067269.057257920]: [1748067269.057] Reference trajectory - x: 1.567652, y: 0.000000, phi: 0.000000, v: 0.467718, w: 0.000000[0m
[0m[ INFO] [1748067269.057472706]: [1748067269.057] v: 0.567420, w: 0.130070[0m
[0m[ INFO] [1748067269.145179471]: Received reference trajectory - x: 1614.583496, y: 0.000000, phi: 0.000000, v: 471.016541, w: 0.000000[0m
[0m[ INFO] [1748067269.155738056]: [1748067269.156] Robot state - x: 1.619482, y: -0.005978, phi: 0.002197[0m
[0m[ INFO] [1748067269.155830313]: [1748067269.156] Reference trajectory - x: 1.614583, y: 0.000000, phi: 0.000000, v: 0.471017, w: 0.000000[0m
[0m[ INFO] [1748067269.155875466]: [1748067269.156] v: 0.569651, w: 0.131414[0m
[0m[ INFO] [1748067269.245183561]: Received reference trajectory - x: 1661.853516, y: 0.000000, phi: 0.000000, v: 474.138519, w: 0.000000[0m
[0m[ INFO] [1748067269.256608940]: [1748067269.257] Robot state - x: 1.667274, y: -0.005826, phi: 0.003407[0m
[0m[ INFO] [1748067269.256726605]: [1748067269.257] Reference trajectory - x: 1.661854, y: 0.000000, phi: 0.000000, v: 0.474139, w: 0.000000[0m
[0m[ INFO] [1748067269.256770958]: [1748067269.257] v: 0.568951, w: 0.126970[0m
[0m[ INFO] [1748067269.345185475]: Received reference trajectory - x: 1709.422485, y: 0.000000, phi: 0.000000, v: 477.082397, w: 0.000000[0m
[0m[ INFO] [1748067269.356059328]: [1748067269.356] Robot state - x: 1.714875, y: -0.005735, phi: 0.002834[0m
[0m[ INFO] [1748067269.356173953]: [1748067269.356] Reference trajectory - x: 1.709422, y: 0.000000, phi: 0.000000, v: 0.477082, w: 0.000000[0m
[0m[ INFO] [1748067269.356258818]: [1748067269.356] v: 0.570044, w: 0.130180[0m
[0m[ INFO] [1748067269.445075196]: Received reference trajectory - x: 1757.254028, y: 0.000000, phi: 0.000000, v: 479.847137, w: 0.000000[0m
[0m[ INFO] [1748067269.457349096]: [1748067269.457] Robot state - x: 1.762667, y: -0.005543, phi: 0.004044[0m
[0m[ INFO] [1748067269.457444937]: [1748067269.457] Reference trajectory - x: 1.757254, y: 0.000000, phi: 0.000000, v: 0.479847, w: 0.000000[0m
[0m[ INFO] [1748067269.457491722]: [1748067269.457] v: 0.571257, w: 0.125263[0m
[0m[ INFO] [1748067269.545145110]: Received reference trajectory - x: 1805.364990, y: 0.000000, phi: 0.000000, v: 482.434845, w: 0.000000[0m
[0m[ INFO] [1748067269.555365163]: [1748067269.555] Robot state - x: 1.810863, y: -0.005468, phi: 0.001497[0m
[0m[ INFO] [1748067269.555506445]: [1748067269.555] Reference trajectory - x: 1.805365, y: 0.000000, phi: 0.000000, v: 0.482435, w: 0.000000[0m
[0m[ INFO] [1748067269.555570350]: [1748067269.556] v: 0.571762, w: 0.136391[0m
[0m[ INFO] [1748067269.645369491]: Received reference trajectory - x: 1853.753906, y: 0.000000, phi: 0.000000, v: 484.846161, w: 0.000000[0m
[0m[ INFO] [1748067269.659241298]: [1748067269.659] Robot state - x: 1.859442, y: -0.005247, phi: 0.002516[0m
[0m[ INFO] [1748067269.659382931]: [1748067269.659] Reference trajectory - x: 1.853754, y: 0.000000, phi: 0.000000, v: 0.484846, w: 0.000000[0m
[0m[ INFO] [1748067269.659592758]: [1748067269.659] v: 0.571607, w: 0.131854[0m
[0m[ INFO] [1748067269.745152490]: Received reference trajectory - x: 1902.331177, y: 0.000000, phi: 0.000000, v: 487.077576, w: 0.000000[0m
[0m[ INFO] [1748067269.755300383]: [1748067269.755] Robot state - x: 1.908022, y: -0.005149, phi: 0.003535[0m
[0m[ INFO] [1748067269.755400416]: [1748067269.755] Reference trajectory - x: 1.902331, y: 0.000000, phi: 0.000000, v: 0.487078, w: 0.000000[0m
[0m[ INFO] [1748067269.755448288]: [1748067269.755] v: 0.572030, w: 0.128486[0m
[0m[ INFO] [1748067269.845225605]: Received reference trajectory - x: 1951.145508, y: 0.000000, phi: 0.000000, v: 489.132294, w: 0.000000[0m
[0m[ INFO] [1748067269.855694493]: [1748067269.856] Robot state - x: 1.956804, y: -0.005048, phi: 0.002675[0m
[0m[ INFO] [1748067269.855823838]: [1748067269.856] Reference trajectory - x: 1.951146, y: 0.000000, phi: 0.000000, v: 0.489132, w: 0.000000[0m
[0m[ INFO] [1748067269.855956064]: [1748067269.856] v: 0.572429, w: 0.132514[0m
[0m[ INFO] [1748067269.945543587]: Received reference trajectory - x: 2000.146240, y: 0.000000, phi: 0.000000, v: 491.008850, w: 0.000000[0m
[0m[ INFO] [1748067269.955348051]: [1748067269.955] Robot state - x: 2.006171, y: -0.004853, phi: 0.003503[0m
[0m[ INFO] [1748067269.955439220]: [1748067269.955] Reference trajectory - x: 2.000146, y: 0.000000, phi: 0.000000, v: 0.491009, w: 0.000000[0m
[0m[ INFO] [1748067269.955482452]: [1748067269.955] v: 0.570922, w: 0.128867[0m
[0m[ INFO] [1748067270.045159287]: Received reference trajectory - x: 2049.347168, y: 0.000000, phi: 0.000000, v: 492.708374, w: 0.000000[0m
[0m[ INFO] [1748067270.056699195]: [1748067270.056] Robot state - x: 2.055346, y: -0.004745, phi: 0.002547[0m
[0m[ INFO] [1748067270.056838620]: [1748067270.057] Reference trajectory - x: 2.049347, y: 0.000000, phi: 0.000000, v: 0.492708, w: 0.000000[0m
[0m[ INFO] [1748067270.056910205]: [1748067270.057] v: 0.570829, w: 0.133118[0m
[0m[ INFO] [1748067270.145057196]: Received reference trajectory - x: 2098.679932, y: 0.000000, phi: 0.000000, v: 494.229187, w: 0.000000[0m
[0m[ INFO] [1748067270.155380962]: [1748067270.155] Robot state - x: 2.104319, y: -0.004550, phi: 0.003471[0m
[0m[ INFO] [1748067270.155491747]: [1748067270.155] Reference trajectory - x: 2.098680, y: 0.000000, phi: 0.000000, v: 0.494229, w: 0.000000[0m
[0m[ INFO] [1748067270.155555716]: [1748067270.156] v: 0.572023, w: 0.129004[0m
[0m[ INFO] [1748067270.245367142]: Received reference trajectory - x: 2148.179443, y: 0.000000, phi: 0.000000, v: 495.572906, w: 0.000000[0m
[0m[ INFO] [1748067270.255819581]: [1748067270.256] Robot state - x: 2.159399, y: -0.004476, phi: 0.001083[0m
[0m[ INFO] [1748067270.255968351]: [1748067270.256] Reference trajectory - x: 2.148180, y: 0.000000, phi: 0.000000, v: 0.495573, w: 0.000000[0m
[0m[ INFO] [1748067270.256040288]: [1748067270.256] v: 0.547274, w: 0.139191[0m
[0m[ INFO] [1748067270.345704800]: Received reference trajectory - x: 2197.801025, y: 0.000000, phi: 0.000000, v: 496.738739, w: 0.000000[0m
[0m[ INFO] [1748067270.355888853]: [1748067270.356] Robot state - x: 2.201680, y: -0.004275, phi: 0.003630[0m
[0m[ INFO] [1748067270.356015542]: [1748067270.356] Reference trajectory - x: 2.197801, y: 0.000000, phi: 0.000000, v: 0.496739, w: 0.000000[0m
[0m[ INFO] [1748067270.356086231]: [1748067270.356] v: 0.576872, w: 0.128471[0m
[0m[ INFO] [1748067270.445196433]: Received reference trajectory - x: 2247.518799, y: 0.000000, phi: 0.000000, v: 497.726562, w: 0.000000[0m
[0m[ INFO] [1748067270.455730089]: [1748067270.456] Robot state - x: 2.246919, y: -0.004226, phi: 0.003630[0m
[0m[ INFO] [1748067270.455826826]: [1748067270.456] Reference trajectory - x: 2.247519, y: 0.000000, phi: 0.000000, v: 0.497727, w: 0.000000[0m
[0m[ INFO] [1748067270.455925867]: [1748067270.456] v: 0.596143, w: 0.129332[0m
[0m[ INFO] [1748067270.545229448]: Received reference trajectory - x: 2297.336670, y: 0.000000, phi: 0.000000, v: 498.536804, w: 0.000000[0m
[0m[ INFO] [1748067270.555333627]: [1748067270.555] Robot state - x: 2.294711, y: -0.004024, phi: 0.004840[0m
[0m[ INFO] [1748067270.555435580]: [1748067270.555] Reference trajectory - x: 2.297337, y: 0.000000, phi: 0.000000, v: 0.498537, w: 0.000000[0m
[0m[ INFO] [1748067270.555480605]: [1748067270.555] v: 0.605967, w: 0.123831[0m
[0m[ INFO] [1748067270.645160125]: Received reference trajectory - x: 2347.218750, y: 0.000000, phi: 0.000000, v: 499.169128, w: 0.000000[0m
[0m[ INFO] [1748067270.655214448]: [1748067270.655] Robot state - x: 2.345844, y: -0.003781, phi: 0.007069[0m
[0m[ INFO] [1748067270.655337457]: [1748067270.655] Reference trajectory - x: 2.347219, y: 0.000000, phi: 0.000000, v: 0.499169, w: 0.000000[0m
[0m[ INFO] [1748067270.655400370]: [1748067270.655] v: 0.601981, w: 0.113814[0m
[0m[ INFO] [1748067270.745203060]: Received reference trajectory - x: 2397.155762, y: 0.000000, phi: 0.000000, v: 499.623749, w: 0.000000[0m
[0m[ INFO] [1748067270.755068069]: [1748067270.755] Robot state - x: 2.397977, y: -0.003620, phi: 0.003566[0m
[0m[ INFO] [1748067270.755189222]: [1748067270.755] Reference trajectory - x: 2.397156, y: 0.000000, phi: 0.000000, v: 0.499624, w: 0.000000[0m
[0m[ INFO] [1748067270.755441097]: [1748067270.755] v: 0.593305, w: 0.127325[0m
[0m[ INFO] [1748067270.846712476]: Received reference trajectory - x: 2447.166992, y: 0.000000, phi: 0.000000, v: 499.900726, w: 0.000000[0m
[0m[ INFO] [1748067270.862382223]: [1748067270.862] Robot state - x: 2.450491, y: -0.003247, phi: 0.003630[0m
[0m[ INFO] [1748067270.862718899]: [1748067270.863] Reference trajectory - x: 2.447167, y: 0.000000, phi: 0.000000, v: 0.499901, w: 0.000000[0m
[0m[ INFO] [1748067270.862770771]: [1748067270.863] v: 0.582417, w: 0.124485[0m
[0m[ INFO] [1748067270.945153664]: Received reference trajectory - x: 2497.146729, y: 0.000000, phi: 0.000000, v: 499.999725, w: 0.000000[0m
[0m[ INFO] [1748067270.955198899]: [1748067270.955] Robot state - x: 2.502422, y: -0.003104, phi: 0.002006[0m
[0m[ INFO] [1748067270.955295412]: [1748067270.955] Reference trajectory - x: 2.497147, y: 0.000000, phi: 0.000000, v: 0.500000, w: 0.000000[0m
[0m[ INFO] [1748067270.955340277]: [1748067270.955] v: 0.572967, w: 0.130537[0m
[0m[ INFO] [1748067271.047736851]: Received reference trajectory - x: 2547.174316, y: 0.000000, phi: 0.000000, v: 499.920868, w: 0.000000[0m
[0m[ INFO] [1748067271.061832627]: [1748067271.061] Robot state - x: 2.553959, y: -0.002957, phi: 0.000478[0m
[0m[ INFO] [1748067271.062314809]: [1748067271.062] Reference trajectory - x: 2.547174, y: 0.000000, phi: 0.000000, v: 0.499921, w: 0.000000[0m
[0m[ INFO] [1748067271.062368537]: [1748067271.062] v: 0.564645, w: 0.136118[0m
[0m[ INFO] [1748067271.145231593]: Received reference trajectory - x: 2597.119385, y: 0.000000, phi: 0.000000, v: 499.664490, w: 0.000000[0m
[0m[ INFO] [1748067271.155074329]: [1748067271.155] Robot state - x: 2.605689, y: -0.002846, phi: 0.000732[0m
[0m[ INFO] [1748067271.155163162]: [1748067271.155] Reference trajectory - x: 2.597119, y: 0.000000, phi: 0.000000, v: 0.499664, w: 0.000000[0m
[0m[ INFO] [1748067271.155207291]: [1748067271.155] v: 0.554473, w: 0.134935[0m
[0m[ INFO] [1748067271.245274749]: Received reference trajectory - x: 2647.059082, y: 0.000000, phi: 0.000000, v: 499.230286, w: 0.000000[0m
[0m[ INFO] [1748067271.255677139]: [1748067271.256] Robot state - x: 2.656630, y: -0.002811, phi: 0.001178[0m
[0m[ INFO] [1748067271.255764628]: [1748067271.256] Reference trajectory - x: 2.647059, y: 0.000000, phi: 0.000000, v: 0.499230, w: 0.000000[0m
[0m[ INFO] [1748067271.255808501]: [1748067271.256] v: 0.546967, w: 0.133705[0m
[0m[ INFO] [1748067271.345002317]: Received reference trajectory - x: 2696.950195, y: 0.000000, phi: 0.000000, v: 498.618286, w: 0.000000[0m
[0m[ INFO] [1748067271.386487045]: [1748067271.386] Robot state - x: 2.707178, y: -0.002760, phi: 0.001720[0m
[0m[ INFO] [1748067271.386589606]: [1748067271.387] Reference trajectory - x: 2.696950, y: 0.000000, phi: 0.000000, v: 0.498618, w: 0.000000[0m
[0m[ INFO] [1748067271.386644071]: [1748067271.387] v: 0.540469, w: 0.131934[0m
[0m[ INFO] [1748067271.445015200]: Received reference trajectory - x: 2746.775146, y: 0.000000, phi: 0.000000, v: 497.828461, w: 0.000000[0m
[0m[ INFO] [1748067271.456762181]: [1748067271.457] Robot state - x: 2.757535, y: -0.002732, phi: 0.000478[0m
[0m[ INFO] [1748067271.456880359]: [1748067271.457] Reference trajectory - x: 2.746775, y: 0.000000, phi: 0.000000, v: 0.497828, w: 0.000000[0m
[0m[ INFO] [1748067271.456955848]: [1748067271.457] v: 0.534132, w: 0.137463[0m
[0m[ INFO] [1748067271.545179156]: Received reference trajectory - x: 2796.514648, y: 0.000000, phi: 0.000000, v: 496.860809, w: 0.000000[0m
[0m[ INFO] [1748067271.555359144]: [1748067271.555] Robot state - x: 2.807689, y: -0.002630, phi: 0.001115[0m
[0m[ INFO] [1748067271.555492874]: [1748067271.555] Reference trajectory - x: 2.796515, y: 0.000000, phi: 0.000000, v: 0.496861, w: 0.000000[0m
[0m[ INFO] [1748067271.555560587]: [1748067271.556] v: 0.527959, w: 0.134771[0m
[0m[ INFO] [1748067271.645133607]: Received reference trajectory - x: 2846.143799, y: 0.000000, phi: 0.000000, v: 495.715454, w: 0.000000[0m
[0m[ INFO] [1748067271.663659386]: [1748067271.664] Robot state - x: 2.857258, y: -0.002632, phi: 0.000064[0m
[0m[ INFO] [1748067271.663769179]: [1748067271.664] Reference trajectory - x: 2.846144, y: 0.000000, phi: 0.000000, v: 0.495715, w: 0.000000[0m
[0m[ INFO] [1748067271.663816092]: [1748067271.664] v: 0.523543, w: 0.139804[0m
[0m[ INFO] [1748067271.745023993]: Received reference trajectory - x: 2895.647461, y: 0.000000, phi: 0.000000, v: 494.392395, w: 0.000000[0m
[0m[ INFO] [1748067271.756305945]: [1748067271.756] Robot state - x: 2.906423, y: -0.002511, phi: 0.002770[0m
[0m[ INFO] [1748067271.756570940]: [1748067271.756] Reference trajectory - x: 2.895648, y: 0.000000, phi: 0.000000, v: 0.494392, w: 0.000000[0m
[0m[ INFO] [1748067271.756651389]: [1748067271.757] v: 0.520184, w: 0.128660[0m
[0m[ INFO] [1748067271.845297903]: Received reference trajectory - x: 2945.033203, y: 0.000000, phi: 0.000000, v: 492.890839, w: 0.000000[0m
[0m[ INFO] [1748067271.860006710]: [1748067271.860] Robot state - x: 2.955598, y: -0.002531, phi: 0.001815[0m
[0m[ INFO] [1748067271.860196568]: [1748067271.860] Reference trajectory - x: 2.945033, y: 0.000000, phi: 0.000000, v: 0.492891, w: 0.000000[0m
[0m[ INFO] [1748067271.860314618]: [1748067271.860] v: 0.516193, w: 0.133455[0m
[0m[ INFO] [1748067271.945031583]: Received reference trajectory - x: 2994.242920, y: 0.000000, phi: 0.000000, v: 491.211945, w: 0.000000[0m
[0m[ INFO] [1748067271.955859194]: [1748067271.956] Robot state - x: 3.004380, y: -0.002417, phi: 0.000955[0m
[0m[ INFO] [1748067271.955988699]: [1748067271.956] Reference trajectory - x: 2.994243, y: 0.000000, phi: 0.000000, v: 0.491212, w: 0.000000[0m
[0m[ INFO] [1748067271.956032316]: [1748067271.956] v: 0.513040, w: 0.136531[0m
[0m[ INFO] [1748067272.045189074]: Received reference trajectory - x: 3043.254395, y: 0.000000, phi: 0.000000, v: 489.356140, w: 0.000000[0m
[0m[ INFO] [1748067272.055540616]: [1748067272.055] Robot state - x: 3.052960, y: -0.002304, phi: 0.001974[0m
[0m[ INFO] [1748067272.055681481]: [1748067272.056] Reference trajectory - x: 3.043254, y: 0.000000, phi: 0.000000, v: 0.489356, w: 0.000000[0m
[0m[ INFO] [1748067272.055730506]: [1748067272.056] v: 0.509862, w: 0.132114[0m
[0m[ INFO] [1748067272.145120865]: Received reference trajectory - x: 3092.091553, y: 0.000000, phi: 0.000000, v: 487.321808, w: 0.000000[0m
[0m[ INFO] [1748067272.155699481]: [1748067272.156] Robot state - x: 3.101540, y: -0.002233, phi: 0.002993[0m
[0m[ INFO] [1748067272.155837627]: [1748067272.156] Reference trajectory - x: 3.092092, y: 0.000000, phi: 0.000000, v: 0.487322, w: 0.000000[0m
[0m[ INFO] [1748067272.155976348]: [1748067272.156] v: 0.505881, w: 0.128079[0m
[0m[ INFO] [1748067272.245791032]: Received reference trajectory - x: 3140.850830, y: 0.000000, phi: 0.000000, v: 485.103271, w: 0.000000[0m
[0m[ INFO] [1748067272.263681059]: [1748067272.264] Robot state - x: 3.149534, y: -0.002154, phi: 0.002325[0m
[0m[ INFO] [1748067272.263889093]: [1748067272.264] Reference trajectory - x: 3.140851, y: 0.000000, phi: 0.000000, v: 0.485103, w: 0.000000[0m
[0m[ INFO] [1748067272.264120168]: [1748067272.264] v: 0.504009, w: 0.130656[0m
[0m[ INFO] [1748067272.345221889]: Received reference trajectory - x: 3189.144531, y: 0.000000, phi: 0.000000, v: 482.718018, w: 0.000000[0m
[0m[ INFO] [1748067272.355168210]: [1748067272.355] Robot state - x: 3.197720, y: -0.001983, phi: 0.003439[0m
[0m[ INFO] [1748067272.355268563]: [1748067272.355] Reference trajectory - x: 3.189145, y: 0.000000, phi: 0.000000, v: 0.482718, w: 0.000000[0m
[0m[ INFO] [1748067272.355334420]: [1748067272.355] v: 0.499350, w: 0.125194[0m
[0m[ INFO] [1748067272.445190704]: Received reference trajectory - x: 3237.252197, y: 0.000000, phi: 0.000000, v: 480.152344, w: 0.000000[0m
[0m[ INFO] [1748067272.456808724]: [1748067272.456] Robot state - x: 3.245321, y: -0.001886, phi: 0.002866[0m
[0m[ INFO] [1748067272.457378235]: [1748067272.457] Reference trajectory - x: 3.237252, y: 0.000000, phi: 0.000000, v: 0.480152, w: 0.000000[0m
[0m[ INFO] [1748067272.460571007]: [1748067272.460] v: 0.496282, w: 0.127129[0m
[0m[ INFO] [1748067272.544972381]: Received reference trajectory - x: 3285.126221, y: 0.000000, phi: 0.000000, v: 477.407288, w: 0.000000[0m
[0m[ INFO] [1748067272.555161873]: [1748067272.555] Robot state - x: 3.292921, y: -0.001736, phi: 0.002293[0m
[0m[ INFO] [1748067272.555271250]: [1748067272.555] Reference trajectory - x: 3.285126, y: 0.000000, phi: 0.000000, v: 0.477407, w: 0.000000[0m
[0m[ INFO] [1748067272.555316691]: [1748067272.555] v: 0.492179, w: 0.128502[0m
[0m[ INFO] [1748067272.645123599]: Received reference trajectory - x: 3332.723145, y: 0.000000, phi: 0.000000, v: 474.484100, w: 0.000000[0m
[0m[ INFO] [1748067272.655634214]: [1748067272.656] Robot state - x: 3.339724, y: -0.001525, phi: 0.005573[0m
[0m[ INFO] [1748067272.655752679]: [1748067272.656] Reference trajectory - x: 3.332723, y: 0.000000, phi: 0.000000, v: 0.474484, w: 0.000000[0m
[0m[ INFO] [1748067272.655801032]: [1748067272.656] v: 0.490252, w: 0.113901[0m
[0m[ INFO] [1748067272.745026557]: Received reference trajectory - x: 3380.017822, y: 0.000000, phi: 0.000000, v: 471.383179, w: 0.000000[0m
[0m[ INFO] [1748067272.755658902]: [1748067272.756] Robot state - x: 3.387325, y: -0.001429, phi: 0.004999[0m
[0m[ INFO] [1748067272.755779287]: [1748067272.756] Reference trajectory - x: 3.380018, y: 0.000000, phi: 0.000000, v: 0.471383, w: 0.000000[0m
[0m[ INFO] [1748067272.755827192]: [1748067272.756] v: 0.483604, w: 0.115706[0m
[0m[ INFO] [1748067272.847643370]: Received reference trajectory - x: 3427.016357, y: 0.000000, phi: 0.000000, v: 468.102844, w: 0.000000[0m
[0m[ INFO] [1748067272.862061934]: [1748067272.862] Robot state - x: 3.433542, y: -0.001135, phi: 0.006592[0m
[0m[ INFO] [1748067272.862239376]: [1748067272.862] Reference trajectory - x: 3.427016, y: 0.000000, phi: 0.000000, v: 0.468103, w: 0.000000[0m
[0m[ INFO] [1748067272.862327121]: [1748067272.862] v: 0.481420, w: 0.106883[0m
[0m[ INFO] [1748067272.945230719]: Received reference trajectory - x: 3473.641846, y: 0.000000, phi: 0.000000, v: 464.647308, w: 0.000000[0m
[0m[ INFO] [1748067272.955151503]: [1748067272.955] Robot state - x: 3.480355, y: -0.000910, phi: 0.006209[0m
[0m[ INFO] [1748067272.955236912]: [1748067272.955] Reference trajectory - x: 3.473642, y: 0.000000, phi: 0.000000, v: 0.464647, w: 0.000000[0m
[0m[ INFO] [1748067272.955355698]: [1748067272.955] v: 0.475087, w: 0.106510[0m
[0m[ INFO] [1748067273.045456463]: Received reference trajectory - x: 3519.927979, y: 0.000000, phi: 0.000000, v: 461.012909, w: 0.000000[0m
[0m[ INFO] [1748067273.061048320]: [1748067273.061] Robot state - x: 3.526582, y: -0.000653, phi: 0.004140[0m
[0m[ INFO] [1748067273.061375364]: [1748067273.061] Reference trajectory - x: 3.519928, y: 0.000000, phi: 0.000000, v: 0.461013, w: 0.000000[0m
[0m[ INFO] [1748067273.061731880]: [1748067273.062] v: 0.469587, w: 0.112457[0m
[0m[ INFO] [1748067273.144988438]: Received reference trajectory - x: 3565.829346, y: 0.000000, phi: 0.000000, v: 457.201752, w: 0.000000[0m
[0m[ INFO] [1748067273.155164425]: [1748067273.155] Robot state - x: 3.572405, y: -0.000330, phi: 0.005827[0m
[0m[ INFO] [1748067273.155269387]: [1748067273.155] Reference trajectory - x: 3.565829, y: 0.000000, phi: 0.000000, v: 0.457202, w: 0.000000[0m
[0m[ INFO] [1748067273.155347980]: [1748067273.155] v: 0.464012, w: 0.102720[0m
[0m[ INFO] [1748067273.247017561]: Received reference trajectory - x: 3611.407959, y: 0.000000, phi: 0.000000, v: 453.206879, w: 0.000000[0m
[0m[ INFO] [1748067273.260777141]: [1748067273.260] Robot state - x: 3.618239, y: -0.000185, phi: 0.003853[0m
[0m[ INFO] [1748067273.261071161]: [1748067273.261] Reference trajectory - x: 3.611408, y: 0.000000, phi: 0.000000, v: 0.453207, w: 0.000000[0m
[0m[ INFO] [1748067273.261149049]: [1748067273.261] v: 0.456827, w: 0.109229[0m
[0m[ INFO] [1748067273.345252594]: Received reference trajectory - x: 3656.515137, y: 0.000000, phi: 0.000000, v: 449.039673, w: 0.000000[0m
[0m[ INFO] [1748067273.356064844]: [1748067273.356] Robot state - x: 3.663478, y: 0.000078, phi: 0.003853[0m
[0m[ INFO] [1748067273.356154765]: [1748067273.356] Reference trajectory - x: 3.656515, y: 0.000000, phi: 0.000000, v: 0.449040, w: 0.000000[0m
[0m[ INFO] [1748067273.356224398]: [1748067273.356] v: 0.449929, w: 0.106650[0m
[0m[ INFO] [1748067273.447689497]: Received reference trajectory - x: 3701.192139, y: 0.000000, phi: 0.000000, v: 444.695251, w: 0.000000[0m
[0m[ INFO] [1748067273.460238376]: [1748067273.460] Robot state - x: 3.708131, y: 0.000213, phi: 0.002165[0m
[0m[ INFO] [1748067273.460671436]: [1748067273.461] Reference trajectory - x: 3.701192, y: 0.000000, phi: 0.000000, v: 0.444695, w: 0.000000[0m
[0m[ INFO] [1748067273.460761101]: [1748067273.461] v: 0.443488, w: 0.111992[0m
[0m[ INFO] [1748067273.545042568]: Received reference trajectory - x: 3745.408691, y: 0.000000, phi: 0.000000, v: 440.174927, w: 0.000000[0m
[0m[ INFO] [1748067273.555150682]: [1748067273.555] Robot state - x: 3.752582, y: 0.000388, phi: 0.002357[0m
[0m[ INFO] [1748067273.555247195]: [1748067273.555] Reference trajectory - x: 3.745409, y: 0.000000, phi: 0.000000, v: 0.440175, w: 0.000000[0m
[0m[ INFO] [1748067273.555294620]: [1748067273.555] v: 0.435753, w: 0.109409[0m
[0m[ INFO] [1748067273.645043380]: Received reference trajectory - x: 3789.186035, y: 0.000000, phi: 0.000000, v: 435.474701, w: 0.000000[0m
[0m[ INFO] [1748067273.656261011]: [1748067273.656] Robot state - x: 3.796449, y: 0.000450, phi: 0.000860[0m
[0m[ INFO] [1748067273.656360404]: [1748067273.656] Reference trajectory - x: 3.789186, y: 0.000000, phi: 0.000000, v: 0.435475, w: 0.000000[0m
[0m[ INFO] [1748067273.656473045]: [1748067273.656] v: 0.428398, w: 0.114615[0m
[0m[ INFO] [1748067273.745079457]: Received reference trajectory - x: 3832.485352, y: 0.000000, phi: 0.000000, v: 430.596619, w: 0.000000[0m
[0m[ INFO] [1748067273.755348373]: [1748067273.755] Robot state - x: 3.840113, y: 0.000562, phi: 0.001242[0m
[0m[ INFO] [1748067273.755468342]: [1748067273.755] Reference trajectory - x: 3.832485, y: 0.000000, phi: 0.000000, v: 0.430597, w: 0.000000[0m
[0m[ INFO] [1748067273.755519127]: [1748067273.755] v: 0.419637, w: 0.111841[0m
[0m[ INFO] [1748067273.847075587]: Received reference trajectory - x: 3875.356689, y: 0.000000, phi: 0.000000, v: 425.532593, w: 0.000000[0m
[0m[ INFO] [1748067273.855868231]: [1748067273.856] Robot state - x: 3.882213, y: 0.000537, phi: -0.001656[0m
[0m[ INFO] [1748067273.855998600]: [1748067273.856] Reference trajectory - x: 3.875357, y: 0.000000, phi: 0.000000, v: 0.425533, w: 0.000000[0m
[0m[ INFO] [1748067273.856088425]: [1748067273.856] v: 0.415521, w: 0.123432[0m
[0m[ INFO] [1748067273.945004824]: Received reference trajectory - x: 3917.600098, y: 0.000000, phi: 0.000000, v: 420.304321, w: 0.000000[0m
[0m[ INFO] [1748067273.955330253]: [1748067273.955] Robot state - x: 3.925675, y: 0.000640, phi: 0.000605[0m
[0m[ INFO] [1748067273.955425966]: [1748067273.955] Reference trajectory - x: 3.917600, y: 0.000000, phi: 0.000000, v: 0.420304, w: 0.000000[0m
[0m[ INFO] [1748067273.955472207]: [1748067273.955] v: 0.402817, w: 0.113242[0m
[0m[ INFO] [1748067274.047447583]: Received reference trajectory - x: 3959.416016, y: 0.000000, phi: 0.000000, v: 414.885040, w: 0.000000[0m
[0m[ INFO] [1748067274.059764874]: [1748067274.059] Robot state - x: 3.967371, y: 0.000589, phi: 0.001465[0m
[0m[ INFO] [1748067274.060163246]: [1748067274.060] Reference trajectory - x: 3.959416, y: 0.000000, phi: 0.000000, v: 0.414885, w: 0.000000[0m
[0m[ INFO] [1748067274.060262287]: [1748067274.060] v: 0.395369, w: 0.110133[0m
[0m[ INFO] [1748067274.144996652]: Received reference trajectory - x: 4000.571045, y: 0.000000, phi: 0.000000, v: 409.302643, w: 0.000000[0m
[0m[ INFO] [1748067274.155387265]: [1748067274.155] Robot state - x: 4.008482, y: 0.000597, phi: 0.000637[0m
[0m[ INFO] [1748067274.155515523]: [1748067274.155] Reference trajectory - x: 4.000571, y: 0.000000, phi: 0.000000, v: 0.409303, w: 0.000000[0m
[0m[ INFO] [1748067274.155748357]: [1748067274.156] v: 0.387466, w: 0.113160[0m
[0m[ INFO] [1748067274.246572807]: Received reference trajectory - x: 4041.227539, y: 0.000000, phi: 0.000000, v: 403.533112, w: 0.000000[0m
[0m[ INFO] [1748067274.261635601]: [1748067274.261] Robot state - x: 4.048997, y: 0.000679, phi: 0.001783[0m
[0m[ INFO] [1748067274.261997813]: [1748067274.262] Reference trajectory - x: 4.041227, y: 0.000000, phi: 0.000000, v: 0.403533, w: 0.000000[0m
[0m[ INFO] [1748067274.262636444]: [1748067274.262] v: 0.379811, w: 0.107588[0m
[0m[ INFO] [1748067274.345047550]: Received reference trajectory - x: 4081.270996, y: 0.000000, phi: 0.000000, v: 397.589813, w: 0.000000[0m
[0m[ INFO] [1748067274.355247697]: [1748067274.355] Robot state - x: 4.089714, y: 0.000690, phi: 0.001051[0m
[0m[ INFO] [1748067274.355335634]: [1748067274.355] Reference trajectory - x: 4.081271, y: 0.000000, phi: 0.000000, v: 0.397590, w: 0.000000[0m
[0m[ INFO] [1748067274.355386355]: [1748067274.355] v: 0.368480, w: 0.110175[0m
[0m[ INFO] [1748067274.445235273]: Received reference trajectory - x: 4120.721680, y: 0.000000, phi: 0.000000, v: 391.467194, w: 0.000000[0m
[0m[ INFO] [1748067274.459354569]: [1748067274.459] Robot state - x: 4.129048, y: 0.000789, phi: 0.002484[0m
[0m[ INFO] [1748067274.459487146]: [1748067274.459] Reference trajectory - x: 4.120722, y: 0.000000, phi: 0.000000, v: 0.391467, w: 0.000000[0m
[0m[ INFO] [1748067274.459558027]: [1748067274.460] v: 0.360198, w: 0.103276[0m
[0m[ INFO] [1748067274.544990160]: Received reference trajectory - x: 4159.551270, y: 0.000000, phi: 0.000000, v: 385.166870, w: 0.000000[0m
[0m[ INFO] [1748067274.555153570]: [1748067274.555] Robot state - x: 4.167989, y: 0.000859, phi: 0.004012[0m
[0m[ INFO] [1748067274.555256835]: [1748067274.555] Reference trajectory - x: 4.159551, y: 0.000000, phi: 0.000000, v: 0.385167, w: 0.000000[0m
[0m[ INFO] [1748067274.555323876]: [1748067274.555] v: 0.350781, w: 0.096243[0m
[0m[ INFO] [1748067274.645033977]: Received reference trajectory - x: 4197.768066, y: 0.000000, phi: 0.000000, v: 378.684326, w: 0.000000[0m
[0m[ INFO] [1748067274.660482055]: [1748067274.660] Robot state - x: 4.206344, y: 0.000951, phi: 0.003853[0m
[0m[ INFO] [1748067274.660614537]: [1748067274.661] Reference trajectory - x: 4.197768, y: 0.000000, phi: 0.000000, v: 0.378684, w: 0.000000[0m
[0m[ INFO] [1748067274.660751018]: [1748067274.661] v: 0.341031, w: 0.095682[0m
[0m[ INFO] [1748067274.745077442]: Received reference trajectory - x: 4235.281250, y: 0.000000, phi: 0.000000, v: 372.032043, w: 0.000000[0m
[0m[ INFO] [1748067274.755313110]: [1748067274.755] Robot state - x: 4.243720, y: 0.001069, phi: 0.002102[0m
[0m[ INFO] [1748067274.755492568]: [1748067274.755] Reference trajectory - x: 4.235281, y: 0.000000, phi: 0.000000, v: 0.372032, w: 0.000000[0m
[0m[ INFO] [1748067274.755555449]: [1748067274.756] v: 0.332268, w: 0.101172[0m
[0m[ INFO] [1748067274.847078722]: Received reference trajectory - x: 4272.151367, y: 0.000000, phi: 0.000000, v: 365.196442, w: 0.000000[0m
[0m[ INFO] [1748067274.857273237]: [1748067274.857] Robot state - x: 4.280489, y: 0.001282, phi: 0.005987[0m
[0m[ INFO] [1748067274.857508408]: [1748067274.857] Reference trajectory - x: 4.272151, y: 0.000000, phi: 0.000000, v: 0.365196, w: 0.000000[0m
[0m[ INFO] [1748067274.857608985]: [1748067274.858] v: 0.323202, w: 0.083256[0m
[0m[ INFO] [1748067274.945055892]: Received reference trajectory - x: 4308.316406, y: 0.000000, phi: 0.000000, v: 358.185455, w: 0.000000[0m
[0m[ INFO] [1748067274.955242183]: [1748067274.955] Robot state - x: 4.317078, y: 0.001330, phi: 0.004426[0m
[0m[ INFO] [1748067274.955323304]: [1748067274.955] Reference trajectory - x: 4.308316, y: 0.000000, phi: 0.000000, v: 0.358185, w: 0.000000[0m
[0m[ INFO] [1748067274.955365640]: [1748067274.955] v: 0.311709, w: 0.088571[0m
[0m[ INFO] [1748067275.046809167]: Received reference trajectory - x: 4343.791504, y: 0.000000, phi: 0.000000, v: 350.992706, w: 0.000000[0m
[0m[ INFO] [1748067275.062021371]: [1748067275.062] Robot state - x: 4.352283, y: 0.001552, phi: 0.005031[0m
[0m[ INFO] [1748067275.062255133]: [1748067275.062] Reference trajectory - x: 4.343791, y: 0.000000, phi: 0.000000, v: 0.350993, w: 0.000000[0m
[0m[ INFO] [1748067275.062318110]: [1748067275.062] v: 0.302924, w: 0.083531[0m
[0m[ INFO] [1748067275.144982656]: Received reference trajectory - x: 4378.516113, y: 0.000000, phi: 0.000000, v: 343.626740, w: 0.000000[0m
[0m[ INFO] [1748067275.155501943]: [1748067275.155] Robot state - x: 4.387297, y: 0.001686, phi: 0.003853[0m
[0m[ INFO] [1748067275.155590360]: [1748067275.156] Reference trajectory - x: 4.378516, y: 0.000000, phi: 0.000000, v: 0.343627, w: 0.000000[0m
[0m[ INFO] [1748067275.155714457]: [1748067275.156] v: 0.291615, w: 0.086381[0m
[0m[ INFO] [1748067275.245000070]: Received reference trajectory - x: 4412.496582, y: 0.000000, phi: 0.000000, v: 336.082733, w: 0.000000[0m
[0m[ INFO] [1748067275.255531709]: [1748067275.255] Robot state - x: 4.421322, y: 0.001872, phi: 0.004745[0m
[0m[ INFO] [1748067275.255642910]: [1748067275.256] Reference trajectory - x: 4.412497, y: 0.000000, phi: 0.000000, v: 0.336083, w: 0.000000[0m
[0m[ INFO] [1748067275.255779296]: [1748067275.256] v: 0.281101, w: 0.080439[0m
[0m[ INFO] [1748067275.345020588]: Received reference trajectory - x: 4445.720703, y: 0.000000, phi: 0.000000, v: 328.359589, w: 0.000000[0m
[0m[ INFO] [1748067275.355328928]: [1748067275.355] Robot state - x: 4.454560, y: 0.002018, phi: 0.005827[0m
[0m[ INFO] [1748067275.355439714]: [1748067275.355] Reference trajectory - x: 4.445721, y: 0.000000, phi: 0.000000, v: 0.328360, w: 0.000000[0m
[0m[ INFO] [1748067275.355484546]: [1748067275.355] v: 0.270531, w: 0.074082[0m
[0m[ INFO] [1748067275.446715269]: Received reference trajectory - x: 4478.190918, y: 0.000000, phi: 0.000000, v: 320.451630, w: 0.000000[0m
[0m[ INFO] [1748067275.462393077]: [1748067275.462] Robot state - x: 4.487010, y: 0.002193, phi: 0.007101[0m
[0m[ INFO] [1748067275.462709369]: [1748067275.463] Reference trajectory - x: 4.478191, y: 0.000000, phi: 0.000000, v: 0.320452, w: 0.000000[0m
[0m[ INFO] [1748067275.462797530]: [1748067275.463] v: 0.259917, w: 0.066633[0m
[0m[ INFO] [1748067275.544941335]: Received reference trajectory - x: 4509.810547, y: 0.000000, phi: 0.000000, v: 312.378876, w: 0.000000[0m
[0m[ INFO] [1748067275.555416685]: [1748067275.555] Robot state - x: 4.518682, y: 0.002343, phi: 0.004904[0m
[0m[ INFO] [1748067275.555505742]: [1748067275.555] Reference trajectory - x: 4.509810, y: 0.000000, phi: 0.000000, v: 0.312379, w: 0.000000[0m
[0m[ INFO] [1748067275.555550542]: [1748067275.556] v: 0.248827, w: 0.073178[0m
[0m[ INFO] [1748067275.645173503]: Received reference trajectory - x: 4540.636230, y: 0.000000, phi: 0.000000, v: 304.122620, w: 0.000000[0m
[0m[ INFO] [1748067275.655424466]: [1748067275.655] Robot state - x: 4.549558, y: 0.002588, phi: 0.006560[0m
[0m[ INFO] [1748067275.655563892]: [1748067275.656] Reference trajectory - x: 4.540636, y: 0.000000, phi: 0.000000, v: 0.304123, w: 0.000000[0m
[0m[ INFO] [1748067275.655621813]: [1748067275.656] v: 0.237551, w: 0.063405[0m
[0m[ INFO] [1748067275.745176165]: Received reference trajectory - x: 4570.626465, y: 0.000000, phi: 0.000000, v: 295.688904, w: 0.000000[0m
[0m[ INFO] [1748067275.755195189]: [1748067275.755] Robot state - x: 4.579656, y: 0.002708, phi: 0.004745[0m
[0m[ INFO] [1748067275.755287863]: [1748067275.755] Reference trajectory - x: 4.570626, y: 0.000000, phi: 0.000000, v: 0.295689, w: 0.000000[0m
[0m[ INFO] [1748067275.755335927]: [1748067275.755] v: 0.225827, w: 0.068601[0m
[0m[ INFO] [1748067275.845304556]: Received reference trajectory - x: 4599.769043, y: 0.000000, phi: 0.000000, v: 287.075958, w: 0.000000[0m
[0m[ INFO] [1748067275.857318899]: [1748067275.857] Robot state - x: 4.608765, y: 0.002902, phi: 0.004999[0m
[0m[ INFO] [1748067275.857448405]: [1748067275.857] Reference trajectory - x: 4.599769, y: 0.000000, phi: 0.000000, v: 0.287076, w: 0.000000[0m
[0m[ INFO] [1748067275.857659927]: [1748067275.858] v: 0.214508, w: 0.064785[0m
[0m[ INFO] [1748067275.945028430]: Received reference trajectory - x: 4628.034668, y: 0.000000, phi: 0.000000, v: 278.287445, w: 0.000000[0m
[0m[ INFO] [1748067275.955144032]: [1748067275.955] Robot state - x: 4.637087, y: 0.003043, phi: 0.005445[0m
[0m[ INFO] [1748067275.955232897]: [1748067275.955] Reference trajectory - x: 4.628035, y: 0.000000, phi: 0.000000, v: 0.278287, w: 0.000000[0m
[0m[ INFO] [1748067275.955277186]: [1748067275.955] v: 0.202632, w: 0.060688[0m
[0m[ INFO] [1748067276.044987410]: Received reference trajectory - x: 4655.417480, y: 0.000000, phi: 0.000000, v: 269.319427, w: 0.000000[0m
[0m[ INFO] [1748067276.062968988]: [1748067276.063] Robot state - x: 4.664430, y: 0.003164, phi: 0.004299[0m
[0m[ INFO] [1748067276.063061533]: [1748067276.063] Reference trajectory - x: 4.655417, y: 0.000000, phi: 0.000000, v: 0.269319, w: 0.000000[0m
[0m[ INFO] [1748067276.063107870]: [1748067276.063] v: 0.190977, w: 0.063073[0m
[0m[ INFO] [1748067276.144984277]: Received reference trajectory - x: 4681.892090, y: 0.000000, phi: 0.000000, v: 260.174774, w: 0.000000[0m
[0m[ INFO] [1748067276.155156455]: [1748067276.155] Robot state - x: 4.691177, y: 0.003321, phi: 0.005127[0m
[0m[ INFO] [1748067276.155282568]: [1748067276.155] Reference trajectory - x: 4.681892, y: 0.000000, phi: 0.000000, v: 0.260175, w: 0.000000[0m
[0m[ INFO] [1748067276.155340553]: [1748067276.155] v: 0.177795, w: 0.057214[0m
[0m[ INFO] [1748067276.246347559]: Received reference trajectory - x: 4707.456543, y: 0.000000, phi: 0.000000, v: 250.847153, w: 0.000000[0m
[0m[ INFO] [1748067276.255879378]: [1748067276.256] Robot state - x: 4.716350, y: 0.003444, phi: 0.006337[0m
[0m[ INFO] [1748067276.256012339]: [1748067276.256] Reference trajectory - x: 4.707457, y: 0.000000, phi: 0.000000, v: 0.250847, w: 0.000000[0m
[0m[ INFO] [1748067276.256058484]: [1748067276.256] v: 0.167242, w: 0.050119[0m
[0m[ INFO] [1748067276.345053787]: Received reference trajectory - x: 4732.061035, y: 0.000000, phi: 0.000000, v: 241.348923, w: 0.000000[0m
[0m[ INFO] [1748067276.355338030]: [1748067276.355] Robot state - x: 4.741139, y: 0.003542, phi: 0.003980[0m
[0m[ INFO] [1748067276.355497776]: [1748067276.355] Reference trajectory - x: 4.732061, y: 0.000000, phi: 0.000000, v: 0.241349, w: 0.000000[0m
[0m[ INFO] [1748067276.355559153]: [1748067276.356] v: 0.154128, w: 0.057420[0m
[0m[ INFO] [1748067276.445755781]: Received reference trajectory - x: 4755.710449, y: 0.000000, phi: 0.000000, v: 231.671463, w: 0.000000[0m
[0m[ INFO] [1748067276.498201362]: [1748067276.498] Robot state - x: 4.765131, y: 0.003712, phi: 0.005477[0m
[0m[ INFO] [1748067276.498296243]: [1748067276.498] Reference trajectory - x: 4.755711, y: 0.000000, phi: 0.000000, v: 0.231671, w: 0.000000[0m
[0m[ INFO] [1748067276.498377492]: [1748067276.498] v: 0.140091, w: 0.048650[0m
[0m[ INFO] [1748067276.545086400]: Received reference trajectory - x: 4778.384277, y: 0.000000, phi: 0.000000, v: 221.815704, w: 0.000000[0m
[0m[ INFO] [1748067276.555210290]: [1748067276.555] Robot state - x: 4.787750, y: 0.003802, phi: 0.005477[0m
[0m[ INFO] [1748067276.555296019]: [1748067276.555] Reference trajectory - x: 4.778384, y: 0.000000, phi: 0.000000, v: 0.221816, w: 0.000000[0m
[0m[ INFO] [1748067276.555344755]: [1748067276.555] v: 0.127497, w: 0.046576[0m
[0m[ INFO] [1748067276.647885282]: Received reference trajectory - x: 4800.112793, y: 0.000000, phi: 0.000000, v: 211.759048, w: 0.000000[0m
[0m[ INFO] [1748067276.656737317]: [1748067276.657] Robot state - x: 4.809380, y: 0.003943, phi: 0.007547[0m
[0m[ INFO] [1748067276.656927527]: [1748067276.657] Reference trajectory - x: 4.800113, y: 0.000000, phi: 0.000000, v: 0.211759, w: 0.000000[0m
[0m[ INFO] [1748067276.657109865]: [1748067276.657] v: 0.114909, w: 0.035736[0m
[0m[ INFO] [1748067276.744952355]: Received reference trajectory - x: 4820.741699, y: 0.000000, phi: 0.000000, v: 201.565903, w: 0.000000[0m
[0m[ INFO] [1748067276.755657596]: [1748067276.756] Robot state - x: 4.830233, y: 0.004043, phi: 0.006146[0m
[0m[ INFO] [1748067276.755757501]: [1748067276.756] Reference trajectory - x: 4.820742, y: 0.000000, phi: 0.000000, v: 0.201566, w: 0.000000[0m
[0m[ INFO] [1748067276.755804285]: [1748067276.756] v: 0.100811, w: 0.039065[0m
[0m[ INFO] [1748067276.845110536]: Received reference trajectory - x: 4840.375977, y: 0.000000, phi: 0.000000, v: 191.178375, w: 0.000000[0m
[0m[ INFO] [1748067276.861288925]: [1748067276.861] Robot state - x: 4.849904, y: 0.004180, phi: 0.005031[0m
[0m[ INFO] [1748067276.861452383]: [1748067276.861] Reference trajectory - x: 4.840376, y: 0.000000, phi: 0.000000, v: 0.191178, w: 0.000000[0m
[0m[ INFO] [1748067276.861551520]: [1748067276.861] v: 0.087264, w: 0.040843[0m
[0m[ INFO] [1748067276.945079722]: Received reference trajectory - x: 4858.965820, y: 0.000000, phi: 0.000000, v: 180.611588, w: 0.000000[0m
[0m[ INFO] [1748067276.955381245]: [1748067276.955] Robot state - x: 4.868587, y: 0.004304, phi: 0.005987[0m
[0m[ INFO] [1748067276.955478207]: [1748067276.955] Reference trajectory - x: 4.858966, y: 0.000000, phi: 0.000000, v: 0.180612, w: 0.000000[0m
[0m[ INFO] [1748067276.955522239]: [1748067276.956] v: 0.073281, w: 0.034486[0m
[0m[ INFO] [1748067277.047636872]: Received reference trajectory - x: 4876.502930, y: 0.000000, phi: 0.000000, v: 169.858658, w: 0.000000[0m
[0m[ INFO] [1748067277.056798510]: [1748067277.057] Robot state - x: 4.886089, y: 0.004403, phi: 0.007228[0m
[0m[ INFO] [1748067277.056933072]: [1748067277.057] Reference trajectory - x: 4.876503, y: 0.000000, phi: 0.000000, v: 0.169859, w: 0.000000[0m
[0m[ INFO] [1748067277.057051217]: [1748067277.057] v: 0.059642, w: 0.027199[0m
[0m[ INFO] [1748067277.145017450]: Received reference trajectory - x: 4892.936523, y: 0.000000, phi: 0.000000, v: 158.940567, w: 0.000000[0m
[0m[ INFO] [1748067277.155265372]: [1748067277.155] Robot state - x: 4.902611, y: 0.004499, phi: 0.006878[0m
[0m[ INFO] [1748067277.155350653]: [1748067277.155] Reference trajectory - x: 4.892937, y: 0.000000, phi: 0.000000, v: 0.158941, w: 0.000000[0m
[0m[ INFO] [1748067277.155422142]: [1748067277.155] v: 0.045308, w: 0.026240[0m
[0m[ INFO] [1748067277.246679964]: Received reference trajectory - x: 4908.277832, y: 0.000000, phi: 0.000000, v: 147.839096, w: 0.000000[0m
[0m[ INFO] [1748067277.261546402]: [1748067277.261] Robot state - x: 4.917953, y: 0.004609, phi: 0.006814[0m
[0m[ INFO] [1748067277.261984327]: [1748067277.262] Reference trajectory - x: 4.908278, y: 0.000000, phi: 0.000000, v: 0.147839, w: 0.000000[0m
[0m[ INFO] [1748067277.262354539]: [1748067277.262] v: 0.031147, w: 0.023967[0m
[0m[ INFO] [1748067277.345043529]: Received reference trajectory - x: 4922.502441, y: 0.000000, phi: 0.000000, v: 136.557785, w: 0.000000[0m
[0m[ INFO] [1748067277.355264091]: [1748067277.355] Robot state - x: 4.932508, y: 0.004710, phi: 0.006942[0m
[0m[ INFO] [1748067277.355349244]: [1748067277.355] Reference trajectory - x: 4.922503, y: 0.000000, phi: 0.000000, v: 0.136558, w: 0.000000[0m
[0m[ INFO] [1748067277.355393917]: [1748067277.355] v: 0.015369, w: 0.020993[0m
[0m[ INFO] [1748067277.446077172]: Received reference trajectory - x: 4935.580566, y: 0.000000, phi: 0.000000, v: 125.106934, w: 0.000000[0m
[0m[ INFO] [1748067277.458632192]: [1748067277.459] Robot state - x: 4.945487, y: 0.004802, phi: 0.007451[0m
[0m[ INFO] [1748067277.458753410]: [1748067277.459] Reference trajectory - x: 4.935581, y: 0.000000, phi: 0.000000, v: 0.125107, w: 0.000000[0m
[0m[ INFO] [1748067277.458823170]: [1748067277.459] v: 0.001187, w: 0.016561[0m
[0m[ INFO] [1748067277.544993415]: Received reference trajectory - x: 4947.510254, y: 0.000000, phi: 0.000000, v: 113.473351, w: 0.000000[0m
[0m[ INFO] [1748067277.555241434]: [1748067277.555] Robot state - x: 4.957680, y: 0.004891, phi: 0.008152[0m
[0m[ INFO] [1748067277.555323930]: [1748067277.555] Reference trajectory - x: 4.947510, y: 0.000000, phi: 0.000000, v: 0.113473, w: 0.000000[0m
[0m[ INFO] [1748067277.555520573]: [1748067277.555] v: -0.014724, w: 0.011369[0m
[0m[ INFO] [1748067277.647042301]: Received reference trajectory - x: 4958.272461, y: 0.000000, phi: 0.000000, v: 101.656624, w: 0.000000[0m
[0m[ INFO] [1748067277.659196325]: [1748067277.659] Robot state - x: 4.968298, y: 0.004976, phi: 0.009234[0m
[0m[ INFO] [1748067277.659496297]: [1748067277.659] Reference trajectory - x: 4.958272, y: 0.000000, phi: 0.000000, v: 0.101657, w: 0.000000[0m
[0m[ INFO] [1748067277.659585002]: [1748067277.660] v: -0.029125, w: 0.004670[0m
[0m[ INFO] [1748067277.745059878]: Received reference trajectory - x: 4967.838867, y: 0.000000, phi: 0.000000, v: 89.668663, w: 0.000000[0m
[0m[ INFO] [1748067277.755557820]: [1748067277.755] Robot state - x: 4.977937, y: 0.005052, phi: 0.008725[0m
[0m[ INFO] [1748067277.755706813]: [1748067277.756] Reference trajectory - x: 4.967839, y: 0.000000, phi: 0.000000, v: 0.089669, w: 0.000000[0m
[0m[ INFO] [1748067277.755776318]: [1748067277.756] v: -0.044599, w: 0.004362[0m
[0m[ INFO] [1748067277.845378153]: Received reference trajectory - x: 4976.200684, y: 0.000000, phi: 0.000000, v: 77.498276, w: 0.000000[0m
[0m[ INFO] [1748067277.862663179]: [1748067277.863] Robot state - x: 4.986395, y: 0.005129, phi: 0.008502[0m
[0m[ INFO] [1748067277.862751244]: [1748067277.863] Reference trajectory - x: 4.976201, y: 0.000000, phi: 0.000000, v: 0.077498, w: 0.000000[0m
[0m[ INFO] [1748067277.862873325]: [1748067277.863] v: -0.060378, w: 0.002880[0m
[0m[ INFO] [1748067277.945081861]: Received reference trajectory - x: 4983.331543, y: 0.000000, phi: 0.000000, v: 65.158981, w: 0.000000[0m
[0m[ INFO] [1748067277.955155574]: [1748067277.955] Robot state - x: 4.993279, y: 0.005190, phi: 0.008661[0m
[0m[ INFO] [1748067277.955259991]: [1748067277.955] Reference trajectory - x: 4.983332, y: 0.000000, phi: 0.000000, v: 0.065159, w: 0.000000[0m
[0m[ INFO] [1748067277.955358328]: [1748067277.955] v: -0.074860, w: 0.000020[0m
[0m[ INFO] [1748067278.045401991]: Received reference trajectory - x: 4989.223145, y: 0.000000, phi: 0.000000, v: 52.634937, w: 0.000000[0m
[0m[ INFO] [1748067278.059524005]: [1748067278.059] Robot state - x: 4.999374, y: 0.005243, phi: 0.009012[0m
[0m[ INFO] [1748067278.059740711]: [1748067278.060] Reference trajectory - x: 4.989223, y: 0.000000, phi: 0.000000, v: 0.052635, w: 0.000000[0m
[0m[ INFO] [1748067278.059837032]: [1748067278.060] v: -0.091419, w: -0.003542[0m
[0m[ INFO] [1748067278.145034559]: Received reference trajectory - x: 4993.852539, y: 0.000000, phi: 0.000000, v: 39.935196, w: 0.000000[0m
[0m[ INFO] [1748067278.155264529]: [1748067278.155] Robot state - x: 5.003705, y: 0.005278, phi: 0.007961[0m
[0m[ INFO] [1748067278.155374995]: [1748067278.155] Reference trajectory - x: 4.993853, y: 0.000000, phi: 0.000000, v: 0.039935, w: 0.000000[0m
[0m[ INFO] [1748067278.155435571]: [1748067278.155] v: -0.106022, w: -0.001373[0m
[0m[ INFO] [1748067278.245324415]: Received reference trajectory - x: 4997.204102, y: 0.000000, phi: 0.000000, v: 27.055500, w: 0.000000[0m
[0m[ INFO] [1748067278.266404490]: [1748067278.266] Robot state - x: 5.006843, y: 0.005311, phi: 0.010858[0m
[0m[ INFO] [1748067278.266856975]: [1748067278.267] Reference trajectory - x: 4.997204, y: 0.000000, phi: 0.000000, v: 0.027056, w: 0.000000[0m
[0m[ INFO] [1748067278.267004625]: [1748067278.267] v: -0.121086, w: -0.014891[0m
[0m[ INFO] [1748067278.345077464]: Received reference trajectory - x: 4999.258301, y: 0.000000, phi: 0.000000, v: 13.996995, w: 0.000000[0m
[0m[ INFO] [1748067278.355445644]: [1748067278.355] Robot state - x: 5.009014, y: 0.005325, phi: 0.008502[0m
[0m[ INFO] [1748067278.355553293]: [1748067278.355] Reference trajectory - x: 4.999259, y: 0.000000, phi: 0.000000, v: 0.013997, w: 0.000000[0m
[0m[ INFO] [1748067278.355615182]: [1748067278.356] v: -0.137698, w: -0.007347[0m
[0m[ INFO] [1748067278.445478841]: Received reference trajectory - x: 4999.998047, y: 0.000000, phi: 0.000000, v: 0.761782, w: 0.000000[0m
[0m[ INFO] [1748067278.461637773]: [1748067278.462] Robot state - x: 5.009609, y: 0.005331, phi: 0.006528[0m
[0m[ INFO] [1748067278.461756015]: [1748067278.462] Reference trajectory - x: 4.999998, y: 0.000000, phi: 0.000000, v: 0.000762, w: 0.000000[0m
[0m[ INFO] [1748067278.461816687]: [1748067278.462] v: -0.153388, w: -0.001240[0m
[0m[ INFO] [1748067278.555771752]: [1748067278.556] Robot state - x: 5.009609, y: 0.005331, phi: 0.006528[0m
[0m[ INFO] [1748067278.555971530]: [1748067278.556] Reference trajectory - x: 4.999998, y: 0.000000, phi: 0.000000, v: 0.000762, w: 0.000000[0m
[0m[ INFO] [1748067278.556086860]: [1748067278.556] v: -0.156425, w: -0.002924[0m
[0m[ INFO] [1748067278.657395894]: [1748067278.657] Robot state - x: 5.009609, y: 0.005331, phi: 0.006528[0m
[0m[ INFO] [1748067278.657634041]: [1748067278.657] Reference trajectory - x: 4.999998, y: 0.000000, phi: 0.000000, v: 0.000762, w: 0.000000[0m
[0m[ INFO] [1748067278.657751578]: [1748067278.658] v: -0.159462, w: -0.004609[0m
[0m[ INFO] [1748067278.755585214]: [1748067278.755] Robot state - x: 5.009024, y: 0.005328, phi: 0.004840[0m
[0m[ INFO] [1748067278.755682272]: [1748067278.756] Reference trajectory - x: 4.999998, y: 0.000000, phi: 0.000000, v: 0.000762, w: 0.000000[0m
[0m[ INFO] [1748067278.755728928]: [1748067278.756] v: -0.159951, w: 0.000450[0m
[0m[ INFO] [1748067278.860198414]: [1748067278.860] Robot state - x: 5.007056, y: 0.005315, phi: 0.005318[0m
[0m[ INFO] [1748067278.860394352]: [1748067278.860] Reference trajectory - x: 4.999998, y: 0.000000, phi: 0.000000, v: 0.000762, w: 0.000000[0m
[0m[ INFO] [1748067278.860487441]: [1748067278.860] v: -0.154229, w: -0.003000[0m
[0m[ INFO] [1748067278.955671480]: [1748067278.956] Robot state - x: 5.003917, y: 0.005304, phi: 0.002420[0m
[0m[ INFO] [1748067278.955811577]: [1748067278.956] Reference trajectory - x: 4.999998, y: 0.000000, phi: 0.000000, v: 0.000762, w: 0.000000[0m
[0m[ INFO] [1748067278.955865082]: [1748067278.956] v: -0.142785, w: 0.006948[0m
[0m[ INFO] [1748067279.059952770]: [1748067279.060] Robot state - x: 5.000768, y: 0.005286, phi: 0.003184[0m
[0m[ INFO] [1748067279.060162405]: [1748067279.060] Reference trajectory - x: 4.999998, y: 0.000000, phi: 0.000000, v: 0.000762, w: 0.000000[0m
[0m[ INFO] [1748067279.060285574]: [1748067279.060] v: -0.130307, w: 0.002413[0m
[0m[ INFO] [1748067279.156739480]: [1748067279.157] Robot state - x: 4.997023, y: 0.005272, phi: 0.005923[0m
[0m[ INFO] [1748067279.156841145]: [1748067279.157] Reference trajectory - x: 4.999998, y: 0.000000, phi: 0.000000, v: 0.000762, w: 0.000000[0m
[0m[ INFO] [1748067279.156885945]: [1748067279.157] v: -0.114238, w: -0.010003[0m
[0m[ INFO] [1748067279.265445714]: [1748067279.265] Robot state - x: 4.993490, y: 0.005266, phi: 0.003121[0m
[0m[ INFO] [1748067279.265596148]: [1748067279.266] Reference trajectory - x: 4.999998, y: 0.000000, phi: 0.000000, v: 0.000762, w: 0.000000[0m
[0m[ INFO] [1748067279.265666772]: [1748067279.266] v: -0.097909, w: -0.000465[0m
[0m[ INFO] [1748067279.355403643]: [1748067279.355] Robot state - x: 4.990341, y: 0.005246, phi: 0.003885[0m
[0m[ INFO] [1748067279.355535133]: [1748067279.355] Reference trajectory - x: 4.999998, y: 0.000000, phi: 0.000000, v: 0.000762, w: 0.000000[0m
[0m[ INFO] [1748067279.355605022]: [1748067279.356] v: -0.082135, w: -0.004969[0m
[0m[ INFO] [1748067279.458107827]: [1748067279.457] Robot state - x: 4.987586, y: 0.005236, phi: 0.004554[0m
[0m[ INFO] [1748067279.458452342]: [1748067279.458] Reference trajectory - x: 4.999998, y: 0.000000, phi: 0.000000, v: 0.000762, w: 0.000000[0m
[0m[ INFO] [1748067279.458529623]: [1748067279.458] v: -0.067080, w: -0.009190[0m
[0m[ INFO] [1748067279.556273815]: [1748067279.556] Robot state - x: 4.985234, y: 0.005231, phi: 0.001465[0m
[0m[ INFO] [1748067279.556391673]: [1748067279.556] Reference trajectory - x: 4.999998, y: 0.000000, phi: 0.000000, v: 0.000762, w: 0.000000[0m
[0m[ INFO] [1748067279.556476250]: [1748067279.556] v: -0.052913, w: 0.001491[0m
[0m[ INFO] [1748067279.661327017]: [1748067279.661] Robot state - x: 4.983265, y: 0.005221, phi: 0.001943[0m
[0m[ INFO] [1748067279.661423594]: [1748067279.661] Reference trajectory - x: 4.999998, y: 0.000000, phi: 0.000000, v: 0.000762, w: 0.000000[0m
[0m[ INFO] [1748067279.661467338]: [1748067279.661] v: -0.039674, w: -0.001966[0m
[0m[ INFO] [1748067279.756165385]: [1748067279.756] Robot state - x: 4.981691, y: 0.005219, phi: 0.002325[0m
[0m[ INFO] [1748067279.756261418]: [1748067279.756] Reference trajectory - x: 4.999998, y: 0.000000, phi: 0.000000, v: 0.000762, w: 0.000000[0m
[0m[ INFO] [1748067279.756306698]: [1748067279.756] v: -0.027528, w: -0.005110[0m
[0m[ INFO] [1748067279.855370073]: [1748067279.855] Robot state - x: 4.980904, y: 0.005217, phi: 0.002516[0m
[0m[ INFO] [1748067279.855487994]: [1748067279.855] Reference trajectory - x: 4.999998, y: 0.000000, phi: 0.000000, v: 0.000762, w: 0.000000[0m
[0m[ INFO] [1748067279.855531739]: [1748067279.856] v: -0.018313, w: -0.007502[0m
[0m[ INFO] [1748067279.955314258]: [1748067279.955] Robot state - x: 4.980904, y: 0.005217, phi: 0.002516[0m
[0m[ INFO] [1748067279.955430355]: [1748067279.955] Reference trajectory - x: 4.999998, y: 0.000000, phi: 0.000000, v: 0.000762, w: 0.000000[0m
[0m[ INFO] [1748067279.955480435]: [1748067279.955] v: -0.012279, w: -0.009151[0m
[0m[ INFO] [1748067280.066565574]: [1748067280.066] Robot state - x: 4.980904, y: 0.005217, phi: 0.002516[0m
[0m[ INFO] [1748067280.067151437]: [1748067280.067] Reference trajectory - x: 4.999998, y: 0.000000, phi: 0.000000, v: 0.000762, w: 0.000000[0m
[0m[ INFO] [1748067280.067333935]: [1748067280.067] v: -0.006245, w: -0.010799[0m
[0m[ INFO] [1748067280.155435521]: [1748067280.155] Robot state - x: 4.980904, y: 0.005217, phi: 0.002516[0m
[0m[ INFO] [1748067280.155530946]: [1748067280.156] Reference trajectory - x: 4.999998, y: 0.000000, phi: 0.000000, v: 0.000762, w: 0.000000[0m
[0m[ INFO] [1748067280.155577538]: [1748067280.156] v: -0.000212, w: -0.012448[0m
[0m[ INFO] [1748067280.256627172]: [1748067280.256] Robot state - x: 4.980701, y: 0.005216, phi: 0.004394[0m
[0m[ INFO] [1748067280.256750022]: [1748067280.257] Reference trajectory - x: 4.999998, y: 0.000000, phi: 0.000000, v: 0.000762, w: 0.000000[0m
[0m[ INFO] [1748067280.256809894]: [1748067280.257] v: 0.006703, w: -0.021559[0m
[0m[ INFO] [1748067280.355696304]: [1748067280.356] Robot state - x: 4.980701, y: 0.005216, phi: 0.004394[0m
[0m[ INFO] [1748067280.355818098]: [1748067280.356] Reference trajectory - x: 4.999998, y: 0.000000, phi: 0.000000, v: 0.000762, w: 0.000000[0m
[0m[ INFO] [1748067280.355868178]: [1748067280.356] v: 0.012801, w: -0.023208[0m
[0m[ INFO] [1748067280.463712255]: [1748067280.463] Robot state - x: 4.980701, y: 0.005216, phi: 0.004394[0m
[0m[ INFO] [1748067280.464188197]: [1748067280.464] Reference trajectory - x: 4.999998, y: 0.000000, phi: 0.000000, v: 0.000762, w: 0.000000[0m
[0m[ INFO] [1748067280.464292262]: [1748067280.464] v: 0.018898, w: -0.024856[0m
[0m[ INFO] [1748067280.555428602]: [1748067280.555] Robot state - x: 4.980701, y: 0.005216, phi: 0.004394[0m
[0m[ INFO] [1748067280.555548411]: [1748067280.556] Reference trajectory - x: 4.999998, y: 0.000000, phi: 0.000000, v: 0.000762, w: 0.000000[0m
[0m[ INFO] [1748067280.555595292]: [1748067280.556] v: 0.024996, w: -0.026505[0m
[0m[ INFO] [1748067280.664119408]: [1748067280.664] Robot state - x: 4.980701, y: 0.005216, phi: 0.004394[0m
[0m[ INFO] [1748067280.664629206]: [1748067280.664] Reference trajectory - x: 4.999998, y: 0.000000, phi: 0.000000, v: 0.000762, w: 0.000000[0m
[0m[ INFO] [1748067280.664759223]: [1748067280.665] v: 0.031094, w: -0.028153[0m
[0m[ INFO] [1748067280.755911115]: [1748067280.756] Robot state - x: 4.980701, y: 0.005216, phi: 0.004394[0m
[0m[ INFO] [1748067280.756032781]: [1748067280.756] Reference trajectory - x: 4.999998, y: 0.000000, phi: 0.000000, v: 0.000762, w: 0.000000[0m
[0m[ INFO] [1748067280.756114606]: [1748067280.756] v: 0.037192, w: -0.029801[0m
[0m[ INFO] [1748067280.864901606]: [1748067280.864] Robot state - x: 4.981096, y: 0.005218, phi: 0.004299[0m
[0m[ INFO] [1748067280.865257993]: [1748067280.865] Reference trajectory - x: 4.999998, y: 0.000000, phi: 0.000000, v: 0.000762, w: 0.000000[0m
[0m[ INFO] [1748067280.865362155]: [1748067280.865] v: 0.041572, w: -0.031087[0m
[0m[ INFO] [1748067280.955530516]: [1748067280.955] Robot state - x: 4.981096, y: 0.005218, phi: 0.004299[0m
[0m[ INFO] [1748067280.955655317]: [1748067280.956] Reference trajectory - x: 4.999998, y: 0.000000, phi: 0.000000, v: 0.000762, w: 0.000000[0m
[0m[ INFO] [1748067280.955713174]: [1748067280.956] v: 0.047545, w: -0.032736[0m
[0m[ INFO] [1748067281.055358247]: [1748067281.055] Robot state - x: 4.981096, y: 0.005218, phi: 0.004299[0m
[0m[ INFO] [1748067281.055483528]: [1748067281.055] Reference trajectory - x: 4.999998, y: 0.000000, phi: 0.000000, v: 0.000762, w: 0.000000[0m
[0m[ INFO] [1748067281.055567241]: [1748067281.056] v: 0.053518, w: -0.034385[0m
[0m[ INFO] [1748067281.155686109]: [1748067281.156] Robot state - x: 4.981500, y: 0.005219, phi: 0.000542[0m
[0m[ INFO] [1748067281.155824799]: [1748067281.156] Reference trajectory - x: 4.999998, y: 0.000000, phi: 0.000000, v: 0.000762, w: 0.000000[0m
[0m[ INFO] [1748067281.155869183]: [1748067281.156] v: 0.057732, w: -0.021104[0m
[0m[ INFO] [1748067281.255348269]: [1748067281.255] Robot state - x: 4.984074, y: 0.005222, phi: -0.005572[0m
[0m[ INFO] [1748067281.255460366]: [1748067281.255] Reference trajectory - x: 4.999998, y: 0.000000, phi: 0.000000, v: 0.000762, w: 0.000000[0m
[0m[ INFO] [1748067281.255506191]: [1748067281.255] v: 0.052365, w: 0.001523[0m
[0m[ INFO] [1748067263.444458755]: Trajectory Generator Node Started[0m
[0m[ INFO] [1748067263.449942883]: Reading trajectory coeffs[0m
[0m[ INFO] [1748067259.403735795]: [I2C FOR MOTORS] Now launching this node in namespace: /asc[0m
[0m[ INFO] [1748067259.429953706]: [I2C FOR MOTORS] publish motor duty cycle requests from command line with: rostopic pub --once /asc/set_motor_duty_cycle asclinic_pkg/LeftRightFloat32 "{left: 10.1, right: 10.1}"[0m
[0m[ INFO] [1748067259.430129900]: [I2C FOR MOTORS] Successfully opened named /dev/i2c-1, with file descriptor = 10[0m
[0m[ INFO] [1748067259.430304718]: [I2C FOR MOTORS] Actual acceleration limit = 0.0003125%/ms (after conversation to "internal units")[0m
[0m[ INFO] [1748067259.430356718]: [I2C FOR MOTORS] Actual deceleration limit = 0.0015625%/ms (after conversation to "internal units")[0m
[0m[ INFO] [1748067259.430396463]: [I2C FOR MOTORS] Now initialising SMC with I2C address 13[0m
[0m[ INFO] [1748067259.455865724]: [I2C FOR MOTORS] Now initialising SMC with I2C address 14[0m
[0m[ INFO] [1748067259.470466409]: [I2C FOR MOTORS] Node initialisation complete[0m

[ARUCO DETECTOR] Camera properties upon initialisation:
CV_CAP_PROP_FRAME_HEIGHT : '480.0'
CV_CAP_PROP_FRAME_WIDTH :  '640.0'
CAP_PROP_FPS :             '30.0'
CAP_PROP_FOCUS :           '0.0'
CAP_PROP_AUTOFOCUS :       '0.0'
CAP_PROP_BRIGHTNESS :      '128.0'
CAP_PROP_CONTRAST :        '128.0'
CAP_PROP_SATURATION :      '128.0'
CAP_PROP_BUFFERSIZE :      '4.0'

[ARUCO DETECTOR] Camera properties upon initialisation:
CV_CAP_PROP_FRAME_HEIGHT : '1080.0'
CV_CAP_PROP_FRAME_WIDTH :  '1920.0'
CAP_PROP_FPS :             '5.0'
CAP_PROP_FOCUS :           '0.0'
CAP_PROP_AUTOFOCUS :       '0.0'
CAP_PROP_BRIGHTNESS :      '128.0'
CAP_PROP_CONTRAST :        '128.0'
CAP_PROP_SATURATION :      '128.0'
CAP_PROP_BUFFERSIZE :      '1.0'
[INFO] [1748067263.316470]: [ARUCO DETECTOR] As a double check of the camera properties set, a frame captured just now has dimensions = (1080, 1920, 3)
[INFO] [1748067263.322791]: [ARUCO DETECTOR] publish request from command line to save a single camera image using: rostopic pub --once /asc/request_save_image std_msgs/UInt32 1
[INFO] [1748067263.328277]: [ARUCO DETECTOR] Node initialisation complete
... logging to /home/asc/.ros/log/c9a0eb2e-3865-11f0-9ace-d8c0a650f677/roslaunch-asc12-jetson-11620.log
Checking log directory for disk usage. This may take a while.
Press Ctrl-C to interrupt
Done checking log file disk usage. Usage is <1GB.
]2;/home/asc/ASClinic/catkin_ws/src/asclinic_pkg/launch/trajectory.launch
[1mstarted roslaunch server http://asc12-jetson:34065/[0m

SUMMARY
========

PARAMETERS
 * /asc/aruco_detector/aruco_detector_desired_camera_fps: 5
 * /asc/aruco_detector/aruco_detector_desired_camera_frame_height: 1080
 * /asc/aruco_detector/aruco_detector_desired_camera_frame_width: 1920
 * /asc/aruco_detector/aruco_detector_marker_size: 0.25
 * /asc/aruco_detector/aruco_detector_save_image_path: /home/asc/saved_c...
 * /asc/aruco_detector/aruco_detector_should_publish_camera_images: False
 * /asc/aruco_detector/aruco_detector_should_save_all_aruco_images: False
 * /asc/aruco_detector/aruco_detector_should_show_camera_images: False
 * /asc/aruco_detector/aruco_detector_usb_camera_device_number: 0
 * /asc/aruco_detector/aruco_detector_verbosity: 1
 * /asc/encoder_read_multi_threaded/delta_t_for_publishing_encoder_counts: 0.1
 * /asc/encoder_read_multi_threaded/encoder_events_to_monitor: rising
 * /asc/encoder_read_multi_threaded/encoder_read_verbosity: 1
 * /asc/encoder_read_multi_threaded/gpio_chip_number_for_encoder_lines: 1
 * /asc/encoder_read_multi_threaded/line_number_for_left_side_encoder_channel_a: 105
 * /asc/encoder_read_multi_threaded/line_number_for_left_side_encoder_channel_b: 106
 * /asc/encoder_read_multi_threaded/line_number_for_right_side_encoder_channel_a: 84
 * /asc/encoder_read_multi_threaded/line_number_for_right_side_encoder_channel_b: 130
 * /asc/encoder_read_multi_threaded/should_monitor_left_side_encoder_channel_a: True
 * /asc/encoder_read_multi_threaded/should_monitor_left_side_encoder_channel_b: False
 * /asc/encoder_read_multi_threaded/should_monitor_right_side_encoder_channel_a: True
 * /asc/encoder_read_multi_threaded/should_monitor_right_side_encoder_channel_b: False
 * /asc/i2c_for_motors/motor_driver_current_limit_in_milliamps: 5000
 * /asc/i2c_for_motors/motor_driver_left_side_multiplier: 1
 * /asc/i2c_for_motors/motor_driver_max_accel_limit_in_percent_per_millisecond: 0.04
 * /asc/i2c_for_motors/motor_driver_max_decel_limit_in_percent_per_millisecond: 0.16
 * /asc/i2c_for_motors/motor_driver_max_duty_cycle_limit_in_percent: 100.0
 * /asc/i2c_for_motors/motor_driver_right_side_multiplier: 1
 * /asc/i2c_for_motors/motor_driver_verbosity: 1
 * /rosdistro: noetic
 * /rosversion: 1.17.0

NODES
  /
    aruco_positioning (asclinic_pkg/aruco_positioning.py)
    kf_fusion_node (asclinic_pkg/KF.py)
    odomdelta (asclinic_pkg/odomdelta)
    trajectory_generator (asclinic_pkg/trajectory_generator_state_space)
    trajectory_tracker (asclinic_pkg/trajectory_tracker_state_space)
    velocity_PI_control (asclinic_pkg/velocity_PI_control)
  /asc/
    aruco_detector (asclinic_pkg/aruco_detector.py)
    encoder_read_multi_threaded (asclinic_pkg/encoder_read_multi_threaded)
    i2c_for_motors (asclinic_pkg/i2c_for_motors)

[1mROS_MASTER_URI=http://localhost:11311[0m
]2;/home/asc/ASClinic/catkin_ws/src/asclinic_pkg/launch/trajectory.launch http://localhost:11311
[1mprocess[asc/i2c_for_motors-1]: started with pid [11665][0m
[1mprocess[asc/encoder_read_multi_threaded-2]: started with pid [11666][0m
[1mprocess[odomdelta-3]: started with pid [11672][0m
[1mprocess[asc/aruco_detector-4]: started with pid [11682][0m
[1mprocess[aruco_positioning-5]: started with pid [11688][0m
[1mprocess[trajectory_tracker-6]: started with pid [11693][0m
[1mprocess[trajectory_generator-7]: started with pid [11703][0m
[1mprocess[velocity_PI_control-8]: started with pid [11717][0m
[1mprocess[kf_fusion_node-9]: started with pid [11727][0m
[kf_fusion_node-9] killing on exit
[trajectory_generator-7] killing on exit
[aruco_positioning-5] killing on exit
[velocity_PI_control-8] killing on exit
[trajectory_tracker-6] killing on exit
[odomdelta-3] killing on exit
[asc/aruco_detector-4] killing on exit
[asc/encoder_read_multi_threaded-2] killing on exit
[asc/i2c_for_motors-1] killing on exit
shutting down processing monitor...
... shutting down processing monitor complete
[1mdone[0m
