[0m[ INFO] [1748150352.410862087]: K_x: [0.000000, 0.000000, 0.000000; 0.000000, 0.000000, 0.000000][0m
[0m[ INFO] [1748150352.411111915]: K_x: [0.752481, 0.000000, 0.000000; 0.000000, 1.124046, 0.961472][0m
[0m[ INFO] [1748150352.411144939]: K_p: [0.158114, 0.000000; 0.000000, 0.158114][0m
[0m[ INFO] [1748150354.360362172]: [1748150354.360] Robot state - x: 0.000000, y: 0.000000, phi: 0.000000[0m
[0m[ INFO] [1748150354.364575637]: [1748150354.364] Reference trajectory - x: 0.000000, y: 0.000000, phi: 0.000000, v: 0.000000, w: 0.000000[0m
[0m[ INFO] [1748150354.459200028]: [1748150354.459] Robot state - x: 0.000000, y: 0.000000, phi: 0.000000[0m
[0m[ INFO] [1748150354.459298173]: [1748150354.459] Reference trajectory - x: 0.000000, y: 0.000000, phi: 0.000000, v: 0.000000, w: 0.000000[0m
[0m[ INFO] [1748150354.559988502]: [1748150354.560] Robot state - x: 0.000000, y: 0.000000, phi: 0.000000[0m
[0m[ INFO] [1748150354.560135896]: [1748150354.560] Reference trajectory - x: 0.000000, y: 0.000000, phi: 0.000000, v: 0.000000, w: 0.000000[0m
[0m[ INFO] [1748150354.660370476]: [1748150354.660] Robot state - x: 0.000000, y: 0.000000, phi: 0.000000[0m
[0m[ INFO] [1748150354.660506701]: [1748150354.660] Reference trajectory - x: 0.000000, y: 0.000000, phi: 0.000000, v: 0.000000, w: 0.000000[0m
[0m[ INFO] [1748150354.759886773]: [1748150354.760] Robot state - x: 0.000000, y: 0.000000, phi: 0.000000[0m
[0m[ INFO] [1748150354.760093400]: [1748150354.760] Reference trajectory - x: 0.000000, y: 0.000000, phi: 0.000000, v: 0.000000, w: 0.000000[0m
[0m[ INFO] [1748150354.869236452]: [1748150354.869] Robot state - x: 0.000000, y: 0.000000, phi: 0.000000[0m
[0m[ INFO] [1748150354.869402982]: [1748150354.869] Reference trajectory - x: 0.000000, y: 0.000000, phi: 0.000000, v: 0.000000, w: 0.000000[0m
[0m[ INFO] [1748150354.959907669]: [1748150354.960] Robot state - x: 0.000000, y: 0.000000, phi: 0.000000[0m
[0m[ INFO] [1748150354.960010294]: [1748150354.960] Reference trajectory - x: 0.000000, y: 0.000000, phi: 0.000000, v: 0.000000, w: 0.000000[0m
[0m[ INFO] [1748150355.062006625]: [1748150355.062] Robot state - x: 0.000000, y: 0.000000, phi: 0.000000[0m
[0m[ INFO] [1748150355.062133859]: [1748150355.062] Reference trajectory - x: 0.000000, y: 0.000000, phi: 0.000000, v: 0.000000, w: 0.000000[0m
[0m[ INFO] [1748150355.159313708]: [1748150355.159] Robot state - x: 0.000000, y: 0.000000, phi: 0.000000[0m
[0m[ INFO] [1748150355.159453582]: [1748150355.159] Reference trajectory - x: 0.000000, y: 0.000000, phi: 0.000000, v: 0.000000, w: 0.000000[0m
[0m[ INFO] [1748150355.259610112]: [1748150355.260] Robot state - x: 0.000000, y: 0.000000, phi: 0.000000[0m
[0m[ INFO] [1748150355.259722913]: [1748150355.260] Reference trajectory - x: 0.000000, y: 0.000000, phi: 0.000000, v: 0.000000, w: 0.000000[0m
[0m[ INFO] [1748150355.359291531]: [1748150355.359] Robot state - x: 0.000000, y: 0.000000, phi: 0.000000[0m
[0m[ INFO] [1748150355.359413901]: [1748150355.359] Reference trajectory - x: 0.000000, y: 0.000000, phi: 0.000000, v: 0.000000, w: 0.000000[0m
[0m[ INFO] [1748150355.460526060]: [1748150355.460] Robot state - x: 0.000000, y: 0.000000, phi: 0.000000[0m
[0m[ INFO] [1748150355.460618669]: [1748150355.461] Reference trajectory - x: 0.000000, y: 0.000000, phi: 0.000000, v: 0.000000, w: 0.000000[0m
[0m[ INFO] [1748150355.559413004]: [1748150355.559] Robot state - x: 0.000000, y: 0.000000, phi: 0.000000[0m
[0m[ INFO] [1748150355.559535630]: [1748150355.560] Reference trajectory - x: 0.000000, y: 0.000000, phi: 0.000000, v: 0.000000, w: 0.000000[0m
[0m[ INFO] [1748150355.659622783]: [1748150355.660] Robot state - x: 0.000000, y: 0.000000, phi: 0.000000[0m
[0m[ INFO] [1748150355.659727360]: [1748150355.660] Reference trajectory - x: 0.000000, y: 0.000000, phi: 0.000000, v: 0.000000, w: 0.000000[0m
[0m[ INFO] [1748150355.696172464]: Received reference trajectory - x: 0.000000, y: 0.000000, phi: 180.000000, v: 0.000000, w: 0.000000, line_no: 0[0m
[0m[ INFO] [1748150355.759394667]: [1748150355.759] Robot state - x: 0.000000, y: 0.000000, phi: 0.000000[0m
[0m[ INFO] [1748150355.759874482]: [1748150355.760] Reference trajectory - x: 0.000000, y: 0.000000, phi: 3.141593, v: 0.000000, w: 0.000000[0m
[0m[ INFO] [1748150355.791591425]: Received reference trajectory - x: 0.000000, y: 0.000000, phi: 180.000000, v: 0.000000, w: 0.000000, line_no: 0[0m
[0m[ INFO] [1748150355.859696831]: [1748150355.860] Robot state - x: 0.000000, y: 0.000000, phi: 0.000000[0m
[0m[ INFO] [1748150355.859878209]: [1748150355.860] Reference trajectory - x: 0.000000, y: 0.000000, phi: 3.141593, v: 0.000000, w: 0.000000[0m
[0m[ INFO] [1748150355.892255258]: Received reference trajectory - x: 0.000000, y: 0.000000, phi: 180.000000, v: 0.000000, w: 0.000000, line_no: 0[0m
[0m[ INFO] [1748150355.959723215]: [1748150355.960] Robot state - x: 0.000000, y: 0.000000, phi: 0.000000[0m
[0m[ INFO] [1748150355.959977746]: [1748150355.960] Reference trajectory - x: 0.000000, y: 0.000000, phi: 3.141593, v: 0.000000, w: 0.000000[0m
[0m[ INFO] [1748150355.991544192]: Received reference trajectory - x: 0.000000, y: 0.000000, phi: 180.000000, v: 0.000000, w: 0.000000, line_no: 0[0m
[0m[ INFO] [1748150356.059163607]: [1748150356.059] Robot state - x: 0.000000, y: 0.000000, phi: 0.000000[0m
[0m[ INFO] [1748150356.059283224]: [1748150356.059] Reference trajectory - x: 0.000000, y: 0.000000, phi: 3.141593, v: 0.000000, w: 0.000000[0m
[0m[ INFO] [1748150356.091563247]: Received reference trajectory - x: 0.000000, y: 0.000000, phi: 180.000000, v: 0.000000, w: 0.000000, line_no: 0[0m
[0m[ INFO] [1748150356.159371145]: [1748150356.159] Robot state - x: 0.000000, y: 0.000000, phi: -0.003757[0m
[0m[ INFO] [1748150356.159511371]: [1748150356.159] Reference trajectory - x: 0.000000, y: 0.000000, phi: 3.141593, v: 0.000000, w: 0.000000[0m
[0m[ INFO] [1748150356.192036837]: Received reference trajectory - x: 0.000000, y: 0.000000, phi: 180.000000, v: 0.000000, w: 0.000000, line_no: 0[0m
[0m[ INFO] [1748150356.260087266]: [1748150356.260] Robot state - x: 0.000000, y: 0.000000, phi: -0.015030[0m
[0m[ INFO] [1748150356.260226788]: [1748150356.260] Reference trajectory - x: 0.000000, y: 0.000000, phi: 3.141593, v: 0.000000, w: 0.000000[0m
[0m[ INFO] [1748150356.291839474]: Received reference trajectory - x: 0.000000, y: 0.000000, phi: 180.000000, v: 0.000000, w: 0.000000, line_no: 0[0m
[0m[ INFO] [1748150356.359186373]: [1748150356.359] Robot state - x: 0.000000, y: 0.000000, phi: -0.041331[0m
[0m[ INFO] [1748150356.359311783]: [1748150356.359] Reference trajectory - x: 0.000000, y: 0.000000, phi: 3.141593, v: 0.000000, w: 0.000000[0m
[0m[ INFO] [1748150356.391392027]: Received reference trajectory - x: 0.000000, y: 0.000000, phi: 180.000000, v: 0.000000, w: 0.000000, line_no: 0[0m
[0m[ INFO] [1748150356.459722076]: [1748150356.460] Robot state - x: 0.000404, y: -0.000018, phi: -0.101449[0m
[0m[ INFO] [1748150356.459866750]: [1748150356.460] Reference trajectory - x: 0.000000, y: 0.000000, phi: 3.141593, v: 0.000000, w: 0.000000[0m
[0m[ INFO] [1748150356.491684174]: Received reference trajectory - x: 0.000000, y: 0.000000, phi: 180.000000, v: 0.000000, w: 0.000000, line_no: 0[0m
[0m[ INFO] [1748150356.559231237]: [1748150356.559] Robot state - x: 0.000404, y: -0.000018, phi: -0.191627[0m
[0m[ INFO] [1748150356.559402343]: [1748150356.559] Reference trajectory - x: 0.000000, y: 0.000000, phi: 3.141593, v: 0.000000, w: 0.000000[0m
[0m[ INFO] [1748150356.591437434]: Received reference trajectory - x: 0.000000, y: 0.000000, phi: 180.000000, v: 0.000000, w: 0.000000, line_no: 0[0m
[0m[ INFO] [1748150356.663029736]: [1748150356.663] Robot state - x: 0.000204, y: 0.000011, phi: -0.279925[0m
[0m[ INFO] [1748150356.663183082]: [1748150356.663] Reference trajectory - x: 0.000000, y: 0.000000, phi: 3.141593, v: 0.000000, w: 0.000000[0m
[0m[ INFO] [1748150356.691811951]: Received reference trajectory - x: 0.000000, y: 0.000000, phi: 180.000000, v: 0.000000, w: 0.000000, line_no: 0[0m
[0m[ INFO] [1748150356.760030318]: [1748150356.760] Robot state - x: 0.000204, y: 0.000011, phi: -0.362588[0m
[0m[ INFO] [1748150356.760310674]: [1748150356.760] Reference trajectory - x: 0.000000, y: 0.000000, phi: 3.141593, v: 0.000000, w: 0.000000[0m
[0m[ INFO] [1748150356.791502266]: Received reference trajectory - x: 0.000000, y: 0.000000, phi: 180.000000, v: 0.000000, w: 0.000000, line_no: 0[0m
[0m[ INFO] [1748150356.860214080]: [1748150356.860] Robot state - x: 0.000012, y: 0.000075, phi: -0.447129[0m
[0m[ INFO] [1748150356.860354690]: [1748150356.860] Reference trajectory - x: 0.000000, y: 0.000000, phi: 3.141593, v: 0.000000, w: 0.000000[0m
[0m[ INFO] [1748150356.891880207]: Received reference trajectory - x: 0.000000, y: 0.000000, phi: 180.000000, v: 0.000000, w: 0.000000, line_no: 0[0m
[0m[ INFO] [1748150356.959800778]: [1748150356.960] Robot state - x: 0.000012, y: 0.000075, phi: -0.529791[0m
[0m[ INFO] [1748150356.959900139]: [1748150356.960] Reference trajectory - x: 0.000000, y: 0.000000, phi: 3.141593, v: 0.000000, w: 0.000000[0m
[0m[ INFO] [1748150356.991460728]: Received reference trajectory - x: 0.000000, y: 0.000000, phi: 180.000000, v: 0.000000, w: 0.000000, line_no: 0[0m
[0m[ INFO] [1748150357.059999868]: [1748150357.060] Robot state - x: 0.000012, y: 0.000075, phi: -0.616211[0m
[0m[ INFO] [1748150357.060146846]: [1748150357.060] Reference trajectory - x: 0.000000, y: 0.000000, phi: 3.141593, v: 0.000000, w: 0.000000[0m
[0m[ INFO] [1748150357.094670547]: Received reference trajectory - x: 0.000000, y: 0.000000, phi: 180.000000, v: 0.000000, w: 0.000000, line_no: 0[0m
[0m[ INFO] [1748150357.159635974]: [1748150357.160] Robot state - x: -0.000158, y: 0.000184, phi: -0.700753[0m
[0m[ INFO] [1748150357.160010571]: [1748150357.160] Reference trajectory - x: 0.000000, y: 0.000000, phi: 3.141593, v: 0.000000, w: 0.000000[0m
[0m[ INFO] [1748150357.191631769]: Received reference trajectory - x: 0.000000, y: 0.000000, phi: 180.000000, v: 0.000000, w: 0.000000, line_no: 0[0m
[0m[ INFO] [1748150357.259362289]: [1748150357.259] Robot state - x: -0.000158, y: 0.000184, phi: -0.779658[0m
[0m[ INFO] [1748150357.259455859]: [1748150357.259] Reference trajectory - x: 0.000000, y: 0.000000, phi: 3.141593, v: 0.000000, w: 0.000000[0m
[0m[ INFO] [1748150357.291662248]: Received reference trajectory - x: 0.000000, y: 0.000000, phi: 180.000000, v: 0.000000, w: 0.000000, line_no: 0[0m
[0m[ INFO] [1748150357.359779462]: [1748150357.360] Robot state - x: -0.000158, y: 0.000184, phi: -0.862320[0m
[0m[ INFO] [1748150357.359917192]: [1748150357.360] Reference trajectory - x: 0.000000, y: 0.000000, phi: 3.141593, v: 0.000000, w: 0.000000[0m
[0m[ INFO] [1748150357.396165397]: Received reference trajectory - x: 0.000000, y: 0.000000, phi: 180.000000, v: 0.000000, w: 0.000000, line_no: 0[0m
[0m[ INFO] [1748150357.460922149]: [1748150357.461] Robot state - x: -0.000295, y: 0.000332, phi: -0.943104[0m
[0m[ INFO] [1748150357.461020774]: [1748150357.461] Reference trajectory - x: 0.000000, y: 0.000000, phi: 3.141593, v: 0.000000, w: 0.000000[0m
[0m[ INFO] [1748150357.491536133]: Received reference trajectory - x: 0.000000, y: 0.000000, phi: 180.000000, v: 0.000000, w: 0.000000, line_no: 0[0m
[0m[ INFO] [1748150357.559415871]: [1748150357.559] Robot state - x: -0.000295, y: 0.000332, phi: -1.025766[0m
[0m[ INFO] [1748150357.559549345]: [1748150357.559] Reference trajectory - x: 0.000000, y: 0.000000, phi: 3.141593, v: 0.000000, w: 0.000000[0m
[0m[ INFO] [1748150357.591467379]: Received reference trajectory - x: 0.000000, y: 0.000000, phi: 180.000000, v: 0.000000, w: 0.000000, line_no: 0[0m
[0m[ INFO] [1748150357.659174571]: [1748150357.659] Robot state - x: -0.000183, y: 0.000164, phi: -1.102793[0m
[0m[ INFO] [1748150357.659277645]: [1748150357.659] Reference trajectory - x: 0.000000, y: 0.000000, phi: 3.141593, v: 0.000000, w: 0.000000[0m
[0m[ INFO] [1748150357.691626148]: Received reference trajectory - x: 0.000000, y: 0.000000, phi: 180.000000, v: 0.000000, w: 0.000000, line_no: 0[0m
[0m[ INFO] [1748150357.759792483]: [1748150357.760] Robot state - x: -0.000378, y: 0.000518, phi: -1.185455[0m
[0m[ INFO] [1748150357.760075911]: [1748150357.760] Reference trajectory - x: 0.000000, y: 0.000000, phi: 3.141593, v: 0.000000, w: 0.000000[0m
[0m[ INFO] [1748150357.791982520]: Received reference trajectory - x: 0.000000, y: 0.000000, phi: 180.000000, v: 0.000000, w: 0.000000, line_no: 0[0m
[0m[ INFO] [1748150357.859630704]: [1748150357.860] Robot state - x: -0.000545, y: 0.000886, phi: -1.268118[0m
[0m[ INFO] [1748150357.859795890]: [1748150357.860] Reference trajectory - x: 0.000000, y: 0.000000, phi: 3.141593, v: 0.000000, w: 0.000000[0m
[0m[ INFO] [1748150357.891450880]: Received reference trajectory - x: 0.000000, y: 0.000000, phi: 180.000000, v: 0.000000, w: 0.000000, line_no: 0[0m
[0m[ INFO] [1748150357.959809569]: [1748150357.960] Robot state - x: -0.000615, y: 0.001075, phi: -1.337630[0m
[0m[ INFO] [1748150357.959912931]: [1748150357.960] Reference trajectory - x: 0.000000, y: 0.000000, phi: 3.141593, v: 0.000000, w: 0.000000[0m
[0m[ INFO] [1748150357.991463632]: Received reference trajectory - x: 0.000000, y: 0.000000, phi: 180.000000, v: 0.000000, w: 0.000000, line_no: 0[0m
[0m[ INFO] [1748150358.059717359]: [1748150358.060] Robot state - x: -0.000615, y: 0.001075, phi: -1.412777[0m
[0m[ INFO] [1748150358.059910066]: [1748150358.060] Reference trajectory - x: 0.000000, y: 0.000000, phi: 3.141593, v: 0.000000, w: 0.000000[0m
[0m[ INFO] [1748150358.093456698]: Received reference trajectory - x: 0.000000, y: 0.000000, phi: 180.000000, v: 0.000000, w: 0.000000, line_no: 0[0m
[0m[ INFO] [1748150358.164050713]: [1748150358.164] Robot state - x: -0.000576, y: 0.000877, phi: -1.493561[0m
[0m[ INFO] [1748150358.164186011]: [1748150358.164] Reference trajectory - x: 0.000000, y: 0.000000, phi: 3.141593, v: 0.000000, w: 0.000000[0m
[0m[ INFO] [1748150358.191423181]: Received reference trajectory - x: 0.000000, y: 0.000000, phi: 180.000000, v: 0.000000, w: 0.000000, line_no: 0[0m
[0m[ INFO] [1748150358.259532650]: [1748150358.259] Robot state - x: -0.000552, y: 0.000676, phi: -1.574345[0m
[0m[ INFO] [1748150358.259671404]: [1748150358.260] Reference trajectory - x: 0.000000, y: 0.000000, phi: 3.141593, v: 0.000000, w: 0.000000[0m
[0m[ INFO] [1748150358.291425884]: Received reference trajectory - x: 0.000000, y: 0.000000, phi: 180.000000, v: 0.000000, w: 0.000000, line_no: 0[0m
[0m[ INFO] [1748150358.359612634]: [1748150358.360] Robot state - x: -0.000571, y: 0.001080, phi: -1.634463[0m
[0m[ INFO] [1748150358.359709948]: [1748150358.360] Reference trajectory - x: 0.000000, y: 0.000000, phi: 3.141593, v: 0.000000, w: 0.000000[0m
[0m[ INFO] [1748150358.391399210]: Received reference trajectory - x: 0.000000, y: 0.000000, phi: 180.000000, v: 0.000000, w: 0.000000, line_no: 0[0m
[0m[ INFO] [1748150358.460232434]: [1748150358.460] Robot state - x: -0.000564, y: 0.001282, phi: -1.703975[0m
[0m[ INFO] [1748150358.460322963]: [1748150358.460] Reference trajectory - x: 0.000000, y: 0.000000, phi: 3.141593, v: 0.000000, w: 0.000000[0m
[0m[ INFO] [1748150358.491409145]: Received reference trajectory - x: 0.000000, y: 0.000000, phi: 180.000000, v: 0.000000, w: 0.000000, line_no: 0[0m
[0m[ INFO] [1748150358.559561943]: [1748150358.559] Robot state - x: -0.000524, y: 0.001684, phi: -1.775365[0m
[0m[ INFO] [1748150358.559684985]: [1748150358.560] Reference trajectory - x: 0.000000, y: 0.000000, phi: 3.141593, v: 0.000000, w: 0.000000[0m
[0m[ INFO] [1748150358.591947631]: Received reference trajectory - x: 0.000000, y: 0.000000, phi: 180.000000, v: 0.000000, w: 0.000000, line_no: 0[0m
[0m[ INFO] [1748150358.659439749]: [1748150358.659] Robot state - x: -0.000557, y: 0.001485, phi: -1.844877[0m
[0m[ INFO] [1748150358.659534374]: [1748150358.660] Reference trajectory - x: 0.000000, y: 0.000000, phi: 3.141593, v: 0.000000, w: 0.000000[0m
[0m[ INFO] [1748150358.691425207]: Received reference trajectory - x: 0.000000, y: 0.000000, phi: 180.000000, v: 0.000000, w: 0.000000, line_no: 0[0m
[0m[ INFO] [1748150358.759869049]: [1748150358.760] Robot state - x: -0.000509, y: 0.001681, phi: -1.914388[0m
[0m[ INFO] [1748150358.760137629]: [1748150358.760] Reference trajectory - x: 0.000000, y: 0.000000, phi: 3.141593, v: 0.000000, w: 0.000000[0m
[0m[ INFO] [1748150358.859708870]: [1748150358.860] Robot state - x: -0.000449, y: 0.001873, phi: -1.976385[0m
[0m[ INFO] [1748150358.859906601]: [1748150358.860] Reference trajectory - x: 0.000000, y: 0.000000, phi: 3.141593, v: 0.000000, w: 0.000000[0m
[0m[ INFO] [1748150358.891597783]: Received reference trajectory - x: 0.000000, y: 0.000000, phi: 90.000000, v: 0.000000, w: 0.000000, line_no: 0[0m
[0m[ INFO] [1748150358.960058938]: [1748150358.960] Robot state - x: -0.000523, y: 0.001685, phi: -2.038382[0m
[0m[ INFO] [1748150358.960367358]: [1748150358.960] Reference trajectory - x: 0.000000, y: 0.000000, phi: 1.570796, v: 0.000000, w: 0.000000[0m
[0m[ INFO] [1748150358.991521701]: Received reference trajectory - x: 0.000000, y: 0.000000, phi: 90.000000, v: 0.000000, w: 0.000000, line_no: 0[0m
[0m[ INFO] [1748150359.059605122]: [1748150359.059] Robot state - x: -0.000437, y: 0.001868, phi: -2.104136[0m
[0m[ INFO] [1748150359.059705796]: [1748150359.060] Reference trajectory - x: 0.000000, y: 0.000000, phi: 1.570796, v: 0.000000, w: 0.000000[0m
[0m[ INFO] [1748150359.091418098]: Received reference trajectory - x: 0.000000, y: 0.000000, phi: 90.000000, v: 0.000000, w: 0.000000, line_no: 0[0m
[0m[ INFO] [1748150359.159630897]: [1748150359.160] Robot state - x: -0.000437, y: 0.001868, phi: -2.164255[0m
[0m[ INFO] [1748150359.159800147]: [1748150359.160] Reference trajectory - x: 0.000000, y: 0.000000, phi: 1.570796, v: 0.000000, w: 0.000000[0m
[0m[ INFO] [1748150359.191557603]: Received reference trajectory - x: 0.000000, y: 0.000000, phi: 90.000000, v: 0.000000, w: 0.000000, line_no: 0[0m
[0m[ INFO] [1748150359.260097030]: [1748150359.260] Robot state - x: -0.000329, y: 0.002039, phi: -2.230009[0m
[0m[ INFO] [1748150359.260215112]: [1748150359.260] Reference trajectory - x: 0.000000, y: 0.000000, phi: 1.570796, v: 0.000000, w: 0.000000[0m
[0m[ INFO] [1748150359.291502545]: Received reference trajectory - x: 0.000000, y: 0.000000, phi: 90.000000, v: 0.000000, w: 0.000000, line_no: 0[0m
[0m[ INFO] [1748150359.359665007]: [1748150359.360] Robot state - x: -0.000569, y: 0.001714, phi: -2.320186[0m
[0m[ INFO] [1748150359.359818385]: [1748150359.360] Reference trajectory - x: 0.000000, y: 0.000000, phi: 1.570796, v: 0.000000, w: 0.000000[0m
[0m[ INFO] [1748150359.391694466]: Received reference trajectory - x: 0.000000, y: 0.000000, phi: 90.000000, v: 0.000000, w: 0.000000, line_no: 0[0m
[0m[ INFO] [1748150359.460326086]: [1748150359.460] Robot state - x: -0.000437, y: 0.001867, phi: -2.427272[0m
[0m[ INFO] [1748150359.460420136]: [1748150359.460] Reference trajectory - x: 0.000000, y: 0.000000, phi: 1.570796, v: 0.000000, w: 0.000000[0m
[0m[ INFO] [1748150359.491511630]: Received reference trajectory - x: 0.000000, y: 0.000000, phi: 90.000000, v: 0.000000, w: 0.000000, line_no: 0[0m
[0m[ INFO] [1748150359.560209556]: [1748150359.560] Robot state - x: -0.000437, y: 0.001867, phi: -2.524964[0m
[0m[ INFO] [1748150359.560359286]: [1748150359.560] Reference trajectory - x: 0.000000, y: 0.000000, phi: 1.570796, v: 0.000000, w: 0.000000[0m
[0m[ INFO] [1748150359.591444092]: Received reference trajectory - x: 0.000000, y: 0.000000, phi: 90.000000, v: 0.000000, w: 0.000000, line_no: 0[0m
[0m[ INFO] [1748150359.659383991]: [1748150359.659] Robot state - x: -0.000437, y: 0.001867, phi: -2.618898[0m
[0m[ INFO] [1748150359.659493304]: [1748150359.659] Reference trajectory - x: 0.000000, y: 0.000000, phi: 1.570796, v: 0.000000, w: 0.000000[0m
[0m[ INFO] [1748150359.691722734]: Received reference trajectory - x: 0.000000, y: 0.000000, phi: 90.000000, v: 0.000000, w: 0.000000, line_no: 0[0m
[0m[ INFO] [1748150359.759890572]: [1748150359.760] Robot state - x: -0.000437, y: 0.001867, phi: -2.720348[0m
[0m[ INFO] [1748150359.760032174]: [1748150359.760] Reference trajectory - x: 0.000000, y: 0.000000, phi: 1.570796, v: 0.000000, w: 0.000000[0m
[0m[ INFO] [1748150359.791517178]: Received reference trajectory - x: 0.000000, y: 0.000000, phi: 90.000000, v: 0.000000, w: 0.000000, line_no: 0[0m
[0m[ INFO] [1748150359.859812474]: [1748150359.860] Robot state - x: -0.000617, y: 0.001774, phi: -2.808646[0m
[0m[ INFO] [1748150359.859950716]: [1748150359.860] Reference trajectory - x: 0.000000, y: 0.000000, phi: 1.570796, v: 0.000000, w: 0.000000[0m
[0m[ INFO] [1748150359.891461416]: Received reference trajectory - x: 0.000000, y: 0.000000, phi: 90.000000, v: 0.000000, w: 0.000000, line_no: 0[0m
[0m[ INFO] [1748150359.961583041]: [1748150359.961] Robot state - x: -0.000429, y: 0.001849, phi: -2.896945[0m
[0m[ INFO] [1748150359.961680450]: [1748150359.962] Reference trajectory - x: 0.000000, y: 0.000000, phi: 1.570796, v: 0.000000, w: 0.000000[0m
[0m[ INFO] [1748150359.991704442]: Received reference trajectory - x: 0.000000, y: 0.000000, phi: 90.000000, v: 0.000000, w: 0.000000, line_no: 0[0m
[0m[ INFO] [1748150360.059646901]: [1748150360.060] Robot state - x: -0.000429, y: 0.001849, phi: -2.987122[0m
[0m[ INFO] [1748150360.059808663]: [1748150360.060] Reference trajectory - x: 0.000000, y: 0.000000, phi: 1.570796, v: 0.000000, w: 0.000000[0m
[0m[ INFO] [1748150360.091614439]: Received reference trajectory - x: 0.000000, y: 0.000000, phi: 90.000000, v: 0.000000, w: 0.000000, line_no: 0[0m
[0m[ INFO] [1748150360.165804407]: [1748150360.166] Robot state - x: -0.000429, y: 0.001849, phi: -3.081057[0m
[0m[ INFO] [1748150360.165973817]: [1748150360.166] Reference trajectory - x: 0.000000, y: 0.000000, phi: 1.570796, v: 0.000000, w: 0.000000[0m
[0m[ INFO] [1748150360.191816120]: Received reference trajectory - x: 0.000000, y: 0.000000, phi: 90.000000, v: 0.000000, w: 0.000000, line_no: 0[0m
[0m[ INFO] [1748150360.260278266]: [1748150360.260] Robot state - x: -0.000228, y: 0.001872, phi: 3.125102[0m
[0m[ INFO] [1748150360.260393308]: [1748150360.260] Reference trajectory - x: 0.000000, y: 0.000000, phi: 1.570796, v: 0.000000, w: 0.000000[0m
[0m[ INFO] [1748150360.291457186]: Received reference trajectory - x: 0.000000, y: 0.000000, phi: 90.000000, v: 0.000000, w: 0.000000, line_no: 0[0m
[0m[ INFO] [1748150360.371276574]: [1748150360.371] Robot state - x: -0.000026, y: 0.001876, phi: 3.048075[0m
[0m[ INFO] [1748150360.371399840]: [1748150360.371] Reference trajectory - x: 0.000000, y: 0.000000, phi: 1.570796, v: 0.000000, w: 0.000000[0m
[0m[ INFO] [1748150360.391455792]: Received reference trajectory - x: 0.000000, y: 0.000000, phi: 90.000000, v: 0.000000, w: 0.000000, line_no: 0[0m
[0m[ INFO] [1748150360.460094004]: [1748150360.460] Robot state - x: -0.000228, y: 0.001888, phi: 2.967292[0m
[0m[ INFO] [1748150360.460215254]: [1748150360.460] Reference trajectory - x: 0.000000, y: 0.000000, phi: 1.570796, v: 0.000000, w: 0.000000[0m
[0m[ INFO] [1748150360.491699266]: Received reference trajectory - x: 0.000000, y: 0.000000, phi: 90.000000, v: 0.000000, w: 0.000000, line_no: 0[0m
[0m[ INFO] [1748150360.562453379]: [1748150360.562] Robot state - x: -0.000228, y: 0.001888, phi: 2.888386[0m
[0m[ INFO] [1748150360.562544036]: [1748150360.563] Reference trajectory - x: 0.000000, y: 0.000000, phi: 1.570796, v: 0.000000, w: 0.000000[0m
[0m[ INFO] [1748150360.591465709]: Received reference trajectory - x: 0.000000, y: 0.000000, phi: 90.000000, v: 0.000000, w: 0.000000, line_no: 0[0m
[0m[ INFO] [1748150360.659524201]: [1748150360.659] Robot state - x: -0.000228, y: 0.001888, phi: 2.809482[0m
[0m[ INFO] [1748150360.659611083]: [1748150360.660] Reference trajectory - x: 0.000000, y: 0.000000, phi: 1.570796, v: 0.000000, w: 0.000000[0m
[0m[ INFO] [1748150360.692404904]: Received reference trajectory - x: 0.000000, y: 0.000000, phi: 90.000000, v: 0.000000, w: 0.000000, line_no: 0[0m
[0m[ INFO] [1748150360.760816457]: [1748150360.761] Robot state - x: -0.000809, y: 0.002058, phi: 2.747484[0m
[0m[ INFO] [1748150360.760909739]: [1748150360.761] Reference trajectory - x: 0.000000, y: 0.000000, phi: 1.570796, v: 0.000000, w: 0.000000[0m
[0m[ INFO] [1748150360.791949840]: Received reference trajectory - x: 0.000000, y: 0.000000, phi: 90.000000, v: 0.000000, w: 0.000000, line_no: 0[0m
[0m[ INFO] [1748150360.859552006]: [1748150360.859] Robot state - x: -0.000809, y: 0.002058, phi: 2.679852[0m
[0m[ INFO] [1748150360.859652808]: [1748150360.860] Reference trajectory - x: 0.000000, y: 0.000000, phi: 1.570796, v: 0.000000, w: 0.000000[0m
[0m[ INFO] [1748150360.891548025]: Received reference trajectory - x: 0.000000, y: 0.000000, phi: 90.000000, v: 0.000000, w: 0.000000, line_no: 0[0m
[0m[ INFO] [1748150360.959829657]: [1748150360.960] Robot state - x: -0.000626, y: 0.001973, phi: 2.606582[0m
[0m[ INFO] [1748150360.959929946]: [1748150360.960] Reference trajectory - x: 0.000000, y: 0.000000, phi: 1.570796, v: 0.000000, w: 0.000000[0m
[0m[ INFO] [1748150360.991466886]: Received reference trajectory - x: 0.000000, y: 0.000000, phi: 90.000000, v: 0.000000, w: 0.000000, line_no: 0[0m
[0m[ INFO] [1748150361.059513027]: [1748150361.059] Robot state - x: -0.000804, y: 0.002070, phi: 2.537071[0m
[0m[ INFO] [1748150361.059628228]: [1748150361.060] Reference trajectory - x: 0.000000, y: 0.000000, phi: 1.570796, v: 0.000000, w: 0.000000[0m
[0m[ INFO] [1748150361.091667191]: Received reference trajectory - x: 0.000000, y: 0.000000, phi: 90.000000, v: 0.000000, w: 0.000000, line_no: 0[0m
[0m[ INFO] [1748150361.160605888]: [1748150361.161] Robot state - x: -0.001144, y: 0.002287, phi: 2.473195[0m
[0m[ INFO] [1748150361.160695969]: [1748150361.161] Reference trajectory - x: 0.000000, y: 0.000000, phi: 1.570796, v: 0.000000, w: 0.000000[0m
[0m[ INFO] [1748150361.191550052]: Received reference trajectory - x: 0.000000, y: 0.000000, phi: 90.000000, v: 0.000000, w: 0.000000, line_no: 0[0m
[0m[ INFO] [1748150361.259431806]: [1748150361.259] Robot state - x: -0.000819, y: 0.002047, phi: 2.409320[0m
[0m[ INFO] [1748150361.259524639]: [1748150361.259] Reference trajectory - x: 0.000000, y: 0.000000, phi: 1.570796, v: 0.000000, w: 0.000000[0m
[0m[ INFO] [1748150361.291555090]: Received reference trajectory - x: 0.000000, y: 0.000000, phi: 90.000000, v: 0.000000, w: 0.000000, line_no: 0[0m
[0m[ INFO] [1748150361.359891922]: [1748150361.360] Robot state - x: -0.000974, y: 0.002177, phi: 2.347323[0m
[0m[ INFO] [1748150361.359991443]: [1748150361.360] Reference trajectory - x: 0.000000, y: 0.000000, phi: 1.570796, v: 0.000000, w: 0.000000[0m
[0m[ INFO] [1748150361.391538144]: Received reference trajectory - x: 0.000000, y: 0.000000, phi: 90.000000, v: 0.000000, w: 0.000000, line_no: 0[0m
[0m[ INFO] [1748150361.460078243]: [1748150361.460] Robot state - x: -0.001120, y: 0.002316, phi: 2.289083[0m
[0m[ INFO] [1748150361.460257989]: [1748150361.460] Reference trajectory - x: 0.000000, y: 0.000000, phi: 1.570796, v: 0.000000, w: 0.000000[0m
[0m[ INFO] [1748150361.493069155]: Received reference trajectory - x: 0.000000, y: 0.000000, phi: 90.000000, v: 0.000000, w: 0.000000, line_no: 0[0m
[0m[ INFO] [1748150361.559594890]: [1748150361.559] Robot state - x: -0.000983, y: 0.002168, phi: 2.234601[0m
[0m[ INFO] [1748150361.559693580]: [1748150361.560] Reference trajectory - x: 0.000000, y: 0.000000, phi: 1.570796, v: 0.000000, w: 0.000000[0m
[0m[ INFO] [1748150361.591933729]: Received reference trajectory - x: 0.000000, y: 0.000000, phi: 90.000000, v: 0.000000, w: 0.000000, line_no: 0[0m
[0m[ INFO] [1748150361.660724328]: [1748150361.661] Robot state - x: -0.001240, y: 0.002479, phi: 2.181998[0m
[0m[ INFO] [1748150361.660815529]: [1748150361.661] Reference trajectory - x: 0.000000, y: 0.000000, phi: 1.570796, v: 0.000000, w: 0.000000[0m
[0m[ INFO] [1748150361.692167955]: Received reference trajectory - x: 0.000000, y: 0.000000, phi: 90.000000, v: 0.000000, w: 0.000000, line_no: 0[0m
[0m[ INFO] [1748150361.771277125]: [1748150361.771] Robot state - x: -0.001240, y: 0.002479, phi: 2.125637[0m
[0m[ INFO] [1748150361.771372742]: [1748150361.771] Reference trajectory - x: 0.000000, y: 0.000000, phi: 1.570796, v: 0.000000, w: 0.000000[0m
[0m[ INFO] [1748150361.791570777]: Received reference trajectory - x: 0.000000, y: 0.000000, phi: 90.000000, v: 0.000000, w: 0.000000, line_no: 0[0m
[0m[ INFO] [1748150361.859652661]: [1748150361.860] Robot state - x: -0.001352, y: 0.002647, phi: 2.074912[0m
[0m[ INFO] [1748150361.859833592]: [1748150361.860] Reference trajectory - x: 0.000000, y: 0.000000, phi: 1.570796, v: 0.000000, w: 0.000000[0m
[0m[ INFO] [1748150361.960697490]: [1748150361.961] Robot state - x: -0.001557, y: 0.002995, phi: 2.029824[0m
[0m[ INFO] [1748150361.960795539]: [1748150361.961] Reference trajectory - x: 0.000000, y: 0.000000, phi: 1.570796, v: 0.000000, w: 0.000000[0m
[0m[ INFO] [1748150361.991445587]: Received reference trajectory - x: 0.000000, y: 0.000000, phi: -90.000000, v: 0.000000, w: 0.000000, line_no: 0[0m
[0m[ INFO] [1748150362.059579761]: [1748150362.059] Robot state - x: -0.001557, y: 0.002995, phi: 1.988492[0m
[0m[ INFO] [1748150362.059672946]: [1748150362.060] Reference trajectory - x: 0.000000, y: 0.000000, phi: -1.570796, v: 0.000000, w: 0.000000[0m
[0m[ INFO] [1748150362.091408321]: Received reference trajectory - x: 0.000000, y: 0.000000, phi: -90.000000, v: 0.000000, w: 0.000000, line_no: 0[0m
[0m[ INFO] [1748150362.159953539]: [1748150362.160] Robot state - x: -0.001643, y: 0.003178, phi: 1.945283[0m
[0m[ INFO] [1748150362.160061317]: [1748150362.160] Reference trajectory - x: 0.000000, y: 0.000000, phi: -1.570796, v: 0.000000, w: 0.000000[0m
[0m[ INFO] [1748150362.191440143]: Received reference trajectory - x: 0.000000, y: 0.000000, phi: -90.000000, v: 0.000000, w: 0.000000, line_no: 0[0m
[0m[ INFO] [1748150362.259659021]: [1748150362.260] Robot state - x: -0.001643, y: 0.003178, phi: 1.982857[0m
[0m[ INFO] [1748150362.259854832]: [1748150362.260] Reference trajectory - x: 0.000000, y: 0.000000, phi: -1.570796, v: 0.000000, w: 0.000000[0m
[0m[ INFO] [1748150362.291494750]: Received reference trajectory - x: 0.000000, y: 0.000000, phi: -90.000000, v: 0.000000, w: 0.000000, line_no: 0[0m
[0m[ INFO] [1748150362.359617179]: [1748150362.359] Robot state - x: -0.001643, y: 0.003178, phi: 1.997886[0m
[0m[ INFO] [1748150362.359781693]: [1748150362.360] Reference trajectory - x: 0.000000, y: 0.000000, phi: -1.570796, v: 0.000000, w: 0.000000[0m
[0m[ INFO] [1748150362.391514796]: Received reference trajectory - x: 0.000000, y: 0.000000, phi: -90.000000, v: 0.000000, w: 0.000000, line_no: 0[0m
[0m[ INFO] [1748150362.459959405]: [1748150362.460] Robot state - x: -0.001643, y: 0.003178, phi: 1.997886[0m
[0m[ INFO] [1748150362.460059919]: [1748150362.460] Reference trajectory - x: 0.000000, y: 0.000000, phi: -1.570796, v: 0.000000, w: 0.000000[0m
[0m[ INFO] [1748150362.492062465]: Received reference trajectory - x: 0.000000, y: 0.000000, phi: -90.000000, v: 0.000000, w: 0.000000, line_no: 0[0m
[0m[ INFO] [1748150362.559654551]: [1748150362.560] Robot state - x: -0.001558, y: 0.002995, phi: 2.003522[0m
[0m[ INFO] [1748150362.559805017]: [1748150362.560] Reference trajectory - x: 0.000000, y: 0.000000, phi: -1.570796, v: 0.000000, w: 0.000000[0m
[0m[ INFO] [1748150362.591530792]: Received reference trajectory - x: 0.000000, y: 0.000000, phi: -90.000000, v: 0.000000, w: 0.000000, line_no: 0[0m
[0m[ INFO] [1748150362.660463024]: [1748150362.660] Robot state - x: -0.001899, y: 0.003727, phi: 2.018552[0m
[0m[ INFO] [1748150362.660582961]: [1748150362.661] Reference trajectory - x: 0.000000, y: 0.000000, phi: -1.570796, v: 0.000000, w: 0.000000[0m
[0m[ INFO] [1748150362.692004924]: Received reference trajectory - x: 0.000000, y: 0.000000, phi: -90.000000, v: 0.000000, w: 0.000000, line_no: 0[0m
[0m[ INFO] [1748150362.759911542]: [1748150362.760] Robot state - x: -0.001813, y: 0.003544, phi: 2.024188[0m
[0m[ INFO] [1748150362.760007639]: [1748150362.760] Reference trajectory - x: 0.000000, y: 0.000000, phi: -1.570796, v: 0.000000, w: 0.000000[0m
[0m[ INFO] [1748150362.791508099]: Received reference trajectory - x: 0.000000, y: 0.000000, phi: -90.000000, v: 0.000000, w: 0.000000, line_no: 0[0m
[0m[ INFO] [1748150362.892090905]: Received reference trajectory - x: 0.000000, y: 0.000000, phi: -90.000000, v: 0.000000, w: 0.000000, line_no: 0[0m
[0m[ INFO] [1748150362.991825315]: Received reference trajectory - x: 0.000000, y: 0.000000, phi: -90.000000, v: 0.000000, w: 0.000000, line_no: 0[0m
[0m[ INFO] [1748150363.015461956]: [1748150363.015] Robot state - x: -0.001989, y: 0.003908, phi: 2.027945[0m
[0m[ INFO] [1748150363.015608934]: [1748150363.016] Reference trajectory - x: 0.000000, y: 0.000000, phi: -1.570796, v: 0.000000, w: 0.000000[0m
[0m[ INFO] [1748150363.017068954]: [1748150363.017] Robot state - x: -0.001989, y: 0.003908, phi: 2.027945[0m
[0m[ INFO] [1748150363.017151483]: [1748150363.017] Reference trajectory - x: 0.000000, y: 0.000000, phi: -1.570796, v: 0.000000, w: 0.000000[0m
[0m[ INFO] [1748150363.059627932]: [1748150363.060] Robot state - x: -0.001989, y: 0.003908, phi: 2.031703[0m
[0m[ INFO] [1748150363.059796574]: [1748150363.060] Reference trajectory - x: 0.000000, y: 0.000000, phi: -1.570796, v: 0.000000, w: 0.000000[0m
[0m[ INFO] [1748150363.093533704]: Received reference trajectory - x: 0.000000, y: 0.000000, phi: -90.000000, v: 0.000000, w: 0.000000, line_no: 0[0m
[0m[ INFO] [1748150363.159642026]: [1748150363.160] Robot state - x: -0.002169, y: 0.004270, phi: 2.039217[0m
[0m[ INFO] [1748150363.159727787]: [1748150363.160] Reference trajectory - x: 0.000000, y: 0.000000, phi: -1.570796, v: 0.000000, w: 0.000000[0m
[0m[ INFO] [1748150363.195337870]: Received reference trajectory - x: 0.000000, y: 0.000000, phi: -90.000000, v: 0.000000, w: 0.000000, line_no: 0[0m
[0m[ INFO] [1748150363.261093451]: [1748150363.261] Robot state - x: -0.002169, y: 0.004270, phi: 2.065519[0m
[0m[ INFO] [1748150363.261194860]: [1748150363.261] Reference trajectory - x: 0.000000, y: 0.000000, phi: -1.570796, v: 0.000000, w: 0.000000[0m
[0m[ INFO] [1748150363.292011983]: Received reference trajectory - x: 0.000000, y: 0.000000, phi: -90.000000, v: 0.000000, w: 0.000000, line_no: 0[0m
[0m[ INFO] [1748150363.360229837]: [1748150363.360] Robot state - x: -0.002074, y: 0.004091, phi: 2.097457[0m
[0m[ INFO] [1748150363.360324654]: [1748150363.360] Reference trajectory - x: 0.000000, y: 0.000000, phi: -1.570796, v: 0.000000, w: 0.000000[0m
[0m[ INFO] [1748150363.391555958]: Received reference trajectory - x: 0.000000, y: 0.000000, phi: -90.000000, v: 0.000000, w: 0.000000, line_no: 0[0m
[0m[ INFO] [1748150363.459937750]: [1748150363.460] Robot state - x: -0.001976, y: 0.003915, phi: 2.125637[0m
[0m[ INFO] [1748150363.460030936]: [1748150363.460] Reference trajectory - x: 0.000000, y: 0.000000, phi: -1.570796, v: 0.000000, w: 0.000000[0m
[0m[ INFO] [1748150363.491518723]: Received reference trajectory - x: 0.000000, y: 0.000000, phi: -90.000000, v: 0.000000, w: 0.000000, line_no: 0[0m
[0m[ INFO] [1748150363.563831289]: [1748150363.564] Robot state - x: -0.002081, y: 0.004087, phi: 2.161332[0m
[0m[ INFO] [1748150363.563932890]: [1748150363.564] Reference trajectory - x: 0.000000, y: 0.000000, phi: -1.570796, v: 0.000000, w: 0.000000[0m
[0m[ INFO] [1748150363.591722324]: Received reference trajectory - x: 0.000000, y: 0.000000, phi: -90.000000, v: 0.000000, w: 0.000000, line_no: 0[0m
[0m[ INFO] [1748150363.659467723]: [1748150363.659] Robot state - x: -0.002191, y: 0.004257, phi: 2.208300[0m
[0m[ INFO] [1748150363.659552300]: [1748150363.660] Reference trajectory - x: 0.000000, y: 0.000000, phi: -1.570796, v: 0.000000, w: 0.000000[0m
[0m[ INFO] [1748150363.691480382]: Received reference trajectory - x: 0.000000, y: 0.000000, phi: -90.000000, v: 0.000000, w: 0.000000, line_no: 0[0m
[0m[ INFO] [1748150363.759709724]: [1748150363.760] Robot state - x: -0.002075, y: 0.004092, phi: 2.255267[0m
[0m[ INFO] [1748150363.759890239]: [1748150363.760] Reference trajectory - x: 0.000000, y: 0.000000, phi: -1.570796, v: 0.000000, w: 0.000000[0m
[0m[ INFO] [1748150363.791527852]: Received reference trajectory - x: 0.000000, y: 0.000000, phi: -90.000000, v: 0.000000, w: 0.000000, line_no: 0[0m
[0m[ INFO] [1748150363.859629257]: [1748150363.860] Robot state - x: -0.002075, y: 0.004092, phi: 2.300355[0m
[0m[ INFO] [1748150363.859719914]: [1748150363.860] Reference trajectory - x: 0.000000, y: 0.000000, phi: -1.570796, v: 0.000000, w: 0.000000[0m
[0m[ INFO] [1748150363.891449561]: Received reference trajectory - x: 0.000000, y: 0.000000, phi: -90.000000, v: 0.000000, w: 0.000000, line_no: 0[0m
[0m[ INFO] [1748150363.959861881]: [1748150363.960] Robot state - x: -0.002337, y: 0.004399, phi: 2.345444[0m
[0m[ INFO] [1748150363.959956475]: [1748150363.960] Reference trajectory - x: 0.000000, y: 0.000000, phi: -1.570796, v: 0.000000, w: 0.000000[0m
[0m[ INFO] [1748150363.991429958]: Received reference trajectory - x: 0.000000, y: 0.000000, phi: -90.000000, v: 0.000000, w: 0.000000, line_no: 0[0m
[0m[ INFO] [1748150364.060415406]: [1748150364.060] Robot state - x: -0.002337, y: 0.004399, phi: 2.398048[0m
[0m[ INFO] [1748150364.060506192]: [1748150364.060] Reference trajectory - x: 0.000000, y: 0.000000, phi: -1.570796, v: 0.000000, w: 0.000000[0m
[0m[ INFO] [1748150364.092016443]: Received reference trajectory - x: 0.000000, y: 0.000000, phi: -90.000000, v: 0.000000, w: 0.000000, line_no: 0[0m
[0m[ INFO] [1748150364.160525501]: [1748150364.160] Robot state - x: -0.002192, y: 0.004258, phi: 2.448772[0m
[0m[ INFO] [1748150364.160619839]: [1748150364.161] Reference trajectory - x: 0.000000, y: 0.000000, phi: -1.570796, v: 0.000000, w: 0.000000[0m
[0m[ INFO] [1748150364.191432161]: Received reference trajectory - x: 0.000000, y: 0.000000, phi: -90.000000, v: 0.000000, w: 0.000000, line_no: 0[0m
[0m[ INFO] [1748150364.260101573]: [1748150364.260] Robot state - x: -0.002345, y: 0.004390, phi: 2.507012[0m
[0m[ INFO] [1748150364.260225287]: [1748150364.260] Reference trajectory - x: 0.000000, y: 0.000000, phi: -1.570796, v: 0.000000, w: 0.000000[0m
[0m[ INFO] [1748150364.291402830]: Received reference trajectory - x: 0.000000, y: 0.000000, phi: -90.000000, v: 0.000000, w: 0.000000, line_no: 0[0m
[0m[ INFO] [1748150364.361032543]: [1748150364.361] Robot state - x: -0.002186, y: 0.004266, phi: 2.561494[0m
[0m[ INFO] [1748150364.361125152]: [1748150364.361] Reference trajectory - x: 0.000000, y: 0.000000, phi: -1.570796, v: 0.000000, w: 0.000000[0m
[0m[ INFO] [1748150364.391514589]: Received reference trajectory - x: 0.000000, y: 0.000000, phi: -90.000000, v: 0.000000, w: 0.000000, line_no: 0[0m
[0m[ INFO] [1748150364.459424118]: [1748150364.459] Robot state - x: -0.002020, y: 0.004151, phi: 2.619734[0m
[0m[ INFO] [1748150364.459514424]: [1748150364.459] Reference trajectory - x: 0.000000, y: 0.000000, phi: -1.570796, v: 0.000000, w: 0.000000[0m
[0m[ INFO] [1748150364.491690348]: Received reference trajectory - x: 0.000000, y: 0.000000, phi: -90.000000, v: 0.000000, w: 0.000000, line_no: 0[0m
[0m[ INFO] [1748150364.559835209]: [1748150364.560] Robot state - x: -0.001848, y: 0.004045, phi: 2.677973[0m
[0m[ INFO] [1748150364.559928651]: [1748150364.560] Reference trajectory - x: 0.000000, y: 0.000000, phi: -1.570796, v: 0.000000, w: 0.000000[0m
[0m[ INFO] [1748150364.591812347]: Received reference trajectory - x: 0.000000, y: 0.000000, phi: -90.000000, v: 0.000000, w: 0.000000, line_no: 0[0m
[0m[ INFO] [1748150364.659714933]: [1748150364.660] Robot state - x: -0.001848, y: 0.004045, phi: 2.738091[0m
[0m[ INFO] [1748150364.659929368]: [1748150364.660] Reference trajectory - x: 0.000000, y: 0.000000, phi: -1.570796, v: 0.000000, w: 0.000000[0m
[0m[ INFO] [1748150364.691565925]: Received reference trajectory - x: 0.000000, y: 0.000000, phi: -90.000000, v: 0.000000, w: 0.000000, line_no: 0[0m
[0m[ INFO] [1748150364.759711458]: [1748150364.760] Robot state - x: -0.001848, y: 0.004045, phi: 2.794452[0m
[0m[ INFO] [1748150364.759866053]: [1748150364.760] Reference trajectory - x: 0.000000, y: 0.000000, phi: -1.570796, v: 0.000000, w: 0.000000[0m
[0m[ INFO] [1748150364.791603059]: Received reference trajectory - x: 0.000000, y: 0.000000, phi: -90.000000, v: 0.000000, w: 0.000000, line_no: 0[0m
[0m[ INFO] [1748150364.859215977]: [1748150364.859] Robot state - x: -0.001472, y: 0.003898, phi: 2.854570[0m
[0m[ INFO] [1748150364.859310282]: [1748150364.859] Reference trajectory - x: 0.000000, y: 0.000000, phi: -1.570796, v: 0.000000, w: 0.000000[0m
[0m[ INFO] [1748150364.891576192]: Received reference trajectory - x: 0.000000, y: 0.000000, phi: -90.000000, v: 0.000000, w: 0.000000, line_no: 0[0m
[0m[ INFO] [1748150364.960770348]: [1748150364.961] Robot state - x: -0.001664, y: 0.003960, phi: 2.916567[0m
[0m[ INFO] [1748150364.960937198]: [1748150364.961] Reference trajectory - x: 0.000000, y: 0.000000, phi: -1.570796, v: 0.000000, w: 0.000000[0m
[0m[ INFO] [1748150365.059415910]: [1748150365.059] Robot state - x: -0.001664, y: 0.003960, phi: 2.980443[0m
[0m[ INFO] [1748150365.059524328]: [1748150365.059] Reference trajectory - x: 0.000000, y: 0.000000, phi: -1.570796, v: 0.000000, w: 0.000000[0m
[0m[ INFO] [1748150365.160660836]: [1748150365.161] Robot state - x: -0.001267, y: 0.003883, phi: 3.044318[0m
[0m[ INFO] [1748150365.160796998]: [1748150365.161] Reference trajectory - x: 0.000000, y: 0.000000, phi: -1.570796, v: 0.000000, w: 0.000000[0m
[0m[ INFO] [1748150365.259996233]: [1748150365.260] Robot state - x: -0.001468, y: 0.003909, phi: 3.106315[0m
[0m[ INFO] [1748150365.260126282]: [1748150365.260] Reference trajectory - x: 0.000000, y: 0.000000, phi: -1.570796, v: 0.000000, w: 0.000000[0m
[0m[ INFO] [1748150365.361031204]: [1748150365.361] Robot state - x: -0.001266, y: 0.003896, phi: -3.111116[0m
[0m[ INFO] [1748150365.361166918]: [1748150365.361] Reference trajectory - x: 0.000000, y: 0.000000, phi: -1.570796, v: 0.000000, w: 0.000000[0m
[0m[ INFO] [1748150365.462002366]: [1748150365.462] Robot state - x: -0.001468, y: 0.003897, phi: -3.052877[0m
[0m[ INFO] [1748150365.462155392]: [1748150365.462] Reference trajectory - x: 0.000000, y: 0.000000, phi: -1.570796, v: 0.000000, w: 0.000000[0m
[0m[ INFO] [1748150365.560845595]: [1748150365.561] Robot state - x: -0.001065, y: 0.003921, phi: -2.996516[0m
[0m[ INFO] [1748150365.560997213]: [1748150365.561] Reference trajectory - x: 0.000000, y: 0.000000, phi: -1.570796, v: 0.000000, w: 0.000000[0m
[0m[ INFO] [1748150365.667932009]: [1748150365.668] Robot state - x: -0.001265, y: 0.003897, phi: -2.938276[0m
[0m[ INFO] [1748150365.668031498]: [1748150365.668] Reference trajectory - x: 0.000000, y: 0.000000, phi: -1.570796, v: 0.000000, w: 0.000000[0m
[0m[ INFO] [1748150365.759699654]: [1748150365.760] Robot state - x: -0.000867, y: 0.003967, phi: -2.881916[0m
[0m[ INFO] [1748150365.759880233]: [1748150365.760] Reference trajectory - x: 0.000000, y: 0.000000, phi: -1.570796, v: 0.000000, w: 0.000000[0m
[0m[ INFO] [1748150365.867253498]: [1748150365.867] Robot state - x: -0.000671, y: 0.004013, phi: -2.827433[0m
[0m[ INFO] [1748150365.867379323]: [1748150365.867] Reference trajectory - x: 0.000000, y: 0.000000, phi: -1.570796, v: 0.000000, w: 0.000000[0m
[0m[ INFO] [1748150365.959645856]: [1748150365.960] Robot state - x: -0.000477, y: 0.004070, phi: -2.772951[0m
[0m[ INFO] [1748150365.960056517]: [1748150365.960] Reference trajectory - x: 0.000000, y: 0.000000, phi: -1.570796, v: 0.000000, w: 0.000000[0m
[0m[ INFO] [1748150366.061748297]: [1748150366.062] Robot state - x: -0.000477, y: 0.004070, phi: -2.720348[0m
[0m[ INFO] [1748150366.061845514]: [1748150366.062] Reference trajectory - x: 0.000000, y: 0.000000, phi: -1.570796, v: 0.000000, w: 0.000000[0m
[0m[ INFO] [1748150366.159554008]: [1748150366.159] Robot state - x: -0.000290, y: 0.004147, phi: -2.673380[0m
[0m[ INFO] [1748150366.159707482]: [1748150366.160] Reference trajectory - x: 0.000000, y: 0.000000, phi: -1.570796, v: 0.000000, w: 0.000000[0m
[0m[ INFO] [1748150366.259595718]: [1748150366.259] Robot state - x: -0.000655, y: 0.003973, phi: -2.620777[0m
[0m[ INFO] [1748150366.259690375]: [1748150366.260] Reference trajectory - x: 0.000000, y: 0.000000, phi: -1.570796, v: 0.000000, w: 0.000000[0m
[0m[ INFO] [1748150366.360297884]: [1748150366.360] Robot state - x: -0.000477, y: 0.004068, phi: -2.570052[0m
[0m[ INFO] [1748150366.360422462]: [1748150366.360] Reference trajectory - x: 0.000000, y: 0.000000, phi: -1.570796, v: 0.000000, w: 0.000000[0m
[0m[ INFO] [1748150366.464757637]: [1748150366.465] Robot state - x: -0.000649, y: 0.003963, phi: -2.519328[0m
[0m[ INFO] [1748150366.464883239]: [1748150366.465] Reference trajectory - x: 0.000000, y: 0.000000, phi: -1.570796, v: 0.000000, w: 0.000000[0m
[0m[ INFO] [1748150366.559371785]: [1748150366.559] Robot state - x: -0.000482, y: 0.004076, phi: -2.476118[0m
[0m[ INFO] [1748150366.559494315]: [1748150366.559] Reference trajectory - x: 0.000000, y: 0.000000, phi: -1.570796, v: 0.000000, w: 0.000000[0m
[0m[ INFO] [1748150366.659672922]: [1748150366.660] Robot state - x: -0.000482, y: 0.004076, phi: -2.431029[0m
[0m[ INFO] [1748150366.659911485]: [1748150366.660] Reference trajectory - x: 0.000000, y: 0.000000, phi: -1.570796, v: 0.000000, w: 0.000000[0m
[0m[ INFO] [1748150366.759507365]: [1748150366.759] Robot state - x: -0.000482, y: 0.004076, phi: -2.385940[0m
[0m[ INFO] [1748150366.759625478]: [1748150366.760] Reference trajectory - x: 0.000000, y: 0.000000, phi: -1.570796, v: 0.000000, w: 0.000000[0m
[0m[ INFO] [1748150366.859639635]: [1748150366.860] Robot state - x: -0.000482, y: 0.004076, phi: -2.344609[0m
[0m[ INFO] [1748150366.860005592]: [1748150366.860] Reference trajectory - x: 0.000000, y: 0.000000, phi: -1.570796, v: 0.000000, w: 0.000000[0m
[0m[ INFO] [1748150366.959678465]: [1748150366.960] Robot state - x: -0.000338, y: 0.004218, phi: -2.297642[0m
[0m[ INFO] [1748150366.959835043]: [1748150366.960] Reference trajectory - x: 0.000000, y: 0.000000, phi: -1.570796, v: 0.000000, w: 0.000000[0m
[0m[ INFO] [1748150367.059098150]: [1748150367.059] Robot state - x: -0.000338, y: 0.004218, phi: -2.256310[0m
[0m[ INFO] [1748150367.059229767]: [1748150367.059] Reference trajectory - x: 0.000000, y: 0.000000, phi: -1.570796, v: 0.000000, w: 0.000000[0m
[0m[ INFO] [1748150367.159511096]: [1748150367.159] Robot state - x: -0.000600, y: 0.003911, phi: -2.214979[0m
[0m[ INFO] [1748150367.159611577]: [1748150367.160] Reference trajectory - x: 0.000000, y: 0.000000, phi: -1.570796, v: 0.000000, w: 0.000000[0m
[0m[ INFO] [1748150367.262136200]: [1748150367.262] Robot state - x: -0.000476, y: 0.004070, phi: -2.175527[0m
[0m[ INFO] [1748150367.262496205]: [1748150367.262] Reference trajectory - x: 0.000000, y: 0.000000, phi: -1.570796, v: 0.000000, w: 0.000000[0m
[0m[ INFO] [1748150367.371035117]: [1748150367.371] Robot state - x: -0.000476, y: 0.004070, phi: -2.141710[0m
[0m[ INFO] [1748150367.371128367]: [1748150367.371] Reference trajectory - x: 0.000000, y: 0.000000, phi: -1.570796, v: 0.000000, w: 0.000000[0m
[0m[ INFO] [1748150367.459327323]: [1748150367.459] Robot state - x: -0.000476, y: 0.004070, phi: -2.104136[0m
[0m[ INFO] [1748150367.459419453]: [1748150367.459] Reference trajectory - x: 0.000000, y: 0.000000, phi: -1.570796, v: 0.000000, w: 0.000000[0m
[0m[ INFO] [1748150367.563265981]: [1748150367.563] Robot state - x: -0.000476, y: 0.004070, phi: -2.062805[0m
[0m[ INFO] [1748150367.563359135]: [1748150367.563] Reference trajectory - x: 0.000000, y: 0.000000, phi: -1.570796, v: 0.000000, w: 0.000000[0m
[0m[ INFO] [1748150367.659395093]: [1748150367.659] Robot state - x: -0.000476, y: 0.004070, phi: -2.021474[0m
[0m[ INFO] [1748150367.659529655]: [1748150367.659] Reference trajectory - x: 0.000000, y: 0.000000, phi: -1.570796, v: 0.000000, w: 0.000000[0m
[0m[ INFO] [1748150367.760346127]: [1748150367.760] Robot state - x: -0.000476, y: 0.004070, phi: -1.991415[0m
[0m[ INFO] [1748150367.760451024]: [1748150367.760] Reference trajectory - x: 0.000000, y: 0.000000, phi: -1.570796, v: 0.000000, w: 0.000000[0m
[0m[ INFO] [1748150367.986497579]: [1748150367.986] Robot state - x: -0.000476, y: 0.004070, phi: -1.961356[0m
[0m[ INFO] [1748150367.987704955]: [1748150367.987] Reference trajectory - x: 0.000000, y: 0.000000, phi: -1.570796, v: 0.000000, w: 0.000000[0m
[0m[ INFO] [1748150367.989037389]: [1748150367.989] Robot state - x: -0.000396, y: 0.004255, phi: -1.933175[0m
[0m[ INFO] [1748150367.989114350]: [1748150367.989] Reference trajectory - x: 0.000000, y: 0.000000, phi: -1.570796, v: 0.000000, w: 0.000000[0m
[0m[ INFO] [1748150368.060360277]: [1748150368.060] Robot state - x: -0.000476, y: 0.004070, phi: -1.908752[0m
[0m[ INFO] [1748150368.060521911]: [1748150368.060] Reference trajectory - x: 0.000000, y: 0.000000, phi: -1.570796, v: 0.000000, w: 0.000000[0m
[0m[ INFO] [1748150368.168407822]: [1748150368.168] Robot state - x: -0.000407, y: 0.004260, phi: -1.880572[0m
[0m[ INFO] [1748150368.168498640]: [1748150368.168] Reference trajectory - x: 0.000000, y: 0.000000, phi: -1.570796, v: 0.000000, w: 0.000000[0m
[0m[ INFO] [1748150368.260051305]: [1748150368.260] Robot state - x: -0.000466, y: 0.004066, phi: -1.852391[0m
[0m[ INFO] [1748150368.260161579]: [1748150368.260] Reference trajectory - x: 0.000000, y: 0.000000, phi: -1.570796, v: 0.000000, w: 0.000000[0m
[0m[ INFO] [1748150368.361955248]: [1748150368.362] Robot state - x: -0.000466, y: 0.004066, phi: -1.829847[0m
[0m[ INFO] [1748150368.362598904]: [1748150368.362] Reference trajectory - x: 0.000000, y: 0.000000, phi: -1.570796, v: 0.000000, w: 0.000000[0m
[0m[ INFO] [1748150368.459345593]: [1748150368.459] Robot state - x: -0.000412, y: 0.004261, phi: -1.805424[0m
[0m[ INFO] [1748150368.459491131]: [1748150368.459] Reference trajectory - x: 0.000000, y: 0.000000, phi: -1.570796, v: 0.000000, w: 0.000000[0m
[0m[ INFO] [1748150368.560364467]: [1748150368.560] Robot state - x: -0.000461, y: 0.004065, phi: -1.777244[0m
[0m[ INFO] [1748150368.560459316]: [1748150368.560] Reference trajectory - x: 0.000000, y: 0.000000, phi: -1.570796, v: 0.000000, w: 0.000000[0m
[0m[ INFO] [1748150368.659489267]: [1748150368.659] Robot state - x: -0.000416, y: 0.004262, phi: -1.752821[0m
[0m[ INFO] [1748150368.659631637]: [1748150368.660] Reference trajectory - x: 0.000000, y: 0.000000, phi: -1.570796, v: 0.000000, w: 0.000000[0m
[0m[ INFO] [1748150368.760958612]: [1748150368.761] Robot state - x: -0.000456, y: 0.004064, phi: -1.735913[0m
[0m[ INFO] [1748150368.761109494]: [1748150368.761] Reference trajectory - x: 0.000000, y: 0.000000, phi: -1.570796, v: 0.000000, w: 0.000000[0m
[0m[ INFO] [1748150368.860964704]: [1748150368.861] Robot state - x: -0.000387, y: 0.004462, phi: -1.717126[0m
[0m[ INFO] [1748150368.861126722]: [1748150368.861] Reference trajectory - x: 0.000000, y: 0.000000, phi: -1.570796, v: 0.000000, w: 0.000000[0m
[0m[ INFO] [1748150368.972363975]: [1748150368.972] Robot state - x: -0.000387, y: 0.004462, phi: -1.694581[0m
[0m[ INFO] [1748150368.972465544]: [1748150368.972] Reference trajectory - x: 0.000000, y: 0.000000, phi: -1.570796, v: 0.000000, w: 0.000000[0m
[0m[ INFO] [1748150369.059484421]: [1748150369.059] Robot state - x: -0.000387, y: 0.004462, phi: -1.672037[0m
[0m[ INFO] [1748150369.059622502]: [1748150369.060] Reference trajectory - x: 0.000000, y: 0.000000, phi: -1.570796, v: 0.000000, w: 0.000000[0m
[0m[ INFO] [1748150369.159530545]: [1748150369.159] Robot state - x: -0.000387, y: 0.004462, phi: -1.660765[0m
[0m[ INFO] [1748150369.159838582]: [1748150369.160] Reference trajectory - x: 0.000000, y: 0.000000, phi: -1.570796, v: 0.000000, w: 0.000000[0m
[0m[ INFO] [1748150369.259157656]: [1748150369.259] Robot state - x: -0.000387, y: 0.004462, phi: -1.649493[0m
[0m[ INFO] [1748150369.259263706]: [1748150369.259] Reference trajectory - x: 0.000000, y: 0.000000, phi: -1.570796, v: 0.000000, w: 0.000000[0m
[0m[ INFO] [1748150369.359564586]: [1748150369.359] Robot state - x: -0.000387, y: 0.004462, phi: -1.634463[0m
[0m[ INFO] [1748150369.359675948]: [1748150369.360] Reference trajectory - x: 0.000000, y: 0.000000, phi: -1.570796, v: 0.000000, w: 0.000000[0m
[0m[ INFO] [1748150369.459442037]: [1748150369.459] Robot state - x: -0.000373, y: 0.004663, phi: -1.617555[0m
[0m[ INFO] [1748150369.459722232]: [1748150369.460] Reference trajectory - x: 0.000000, y: 0.000000, phi: -1.570796, v: 0.000000, w: 0.000000[0m
[0m[ INFO] [1748150369.561546205]: [1748150369.561] Robot state - x: -0.000362, y: 0.004865, phi: -1.600647[0m
[0m[ INFO] [1748150369.561671199]: [1748150369.562] Reference trajectory - x: 0.000000, y: 0.000000, phi: -1.570796, v: 0.000000, w: 0.000000[0m
[0m[ INFO] [1748150369.659341323]: [1748150369.659] Robot state - x: -0.000370, y: 0.004663, phi: -1.587496[0m
[0m[ INFO] [1748150369.659458989]: [1748150369.659] Reference trajectory - x: 0.000000, y: 0.000000, phi: -1.570796, v: 0.000000, w: 0.000000[0m
[0m[ INFO] [1748150369.759232918]: [1748150369.759] Robot state - x: -0.000365, y: 0.004865, phi: -1.574345[0m
[0m[ INFO] [1748150369.759359736]: [1748150369.759] Reference trajectory - x: 0.000000, y: 0.000000, phi: -1.570796, v: 0.000000, w: 0.000000[0m
[0m[ INFO] [1748150369.859546246]: [1748150369.859] Robot state - x: -0.000369, y: 0.004461, phi: -1.559315[0m
[0m[ INFO] [1748150369.859646536]: [1748150369.860] Reference trajectory - x: 0.000000, y: 0.000000, phi: -1.570796, v: 0.000000, w: 0.000000[0m
[0m[ INFO] [1748150369.959626228]: [1748150369.960] Robot state - x: -0.000369, y: 0.004865, phi: -1.548043[0m
[0m[ INFO] [1748150369.959840439]: [1748150369.960] Reference trajectory - x: 0.000000, y: 0.000000, phi: -1.570796, v: 0.000000, w: 0.000000[0m
[0m[ INFO] [1748150370.059428093]: [1748150370.059] Robot state - x: -0.000367, y: 0.004663, phi: -1.542407[0m
[0m[ INFO] [1748150370.059553983]: [1748150370.060] Reference trajectory - x: 0.000000, y: 0.000000, phi: -1.570796, v: 0.000000, w: 0.000000[0m
[0m[ INFO] [1748150370.159717261]: [1748150370.160] Robot state - x: -0.000367, y: 0.004663, phi: -1.534892[0m
[0m[ INFO] [1748150370.160072722]: [1748150370.160] Reference trajectory - x: 0.000000, y: 0.000000, phi: -1.570796, v: 0.000000, w: 0.000000[0m
[0m[ INFO] [1748150370.259334867]: [1748150370.259] Robot state - x: -0.000360, y: 0.004461, phi: -1.529256[0m
[0m[ INFO] [1748150370.259438869]: [1748150370.259] Reference trajectory - x: 0.000000, y: 0.000000, phi: -1.570796, v: 0.000000, w: 0.000000[0m
[0m[ INFO] [1748150370.360490223]: [1748150370.360] Robot state - x: -0.000360, y: 0.004461, phi: -1.517984[0m
[0m[ INFO] [1748150370.360598320]: [1748150370.361] Reference trajectory - x: 0.000000, y: 0.000000, phi: -1.570796, v: 0.000000, w: 0.000000[0m
[0m[ INFO] [1748150370.460128342]: [1748150370.460] Robot state - x: -0.000378, y: 0.004865, phi: -1.514227[0m
[0m[ INFO] [1748150370.460247960]: [1748150370.460] Reference trajectory - x: 0.000000, y: 0.000000, phi: -1.570796, v: 0.000000, w: 0.000000[0m
[0m[ INFO] [1748150370.560065409]: [1748150370.560] Robot state - x: -0.000367, y: 0.004663, phi: -1.512348[0m
[0m[ INFO] [1748150370.560175778]: [1748150370.560] Reference trajectory - x: 0.000000, y: 0.000000, phi: -1.570796, v: 0.000000, w: 0.000000[0m
[0m[ INFO] [1748150370.659577158]: [1748150370.659] Robot state - x: -0.000367, y: 0.004663, phi: -1.508591[0m
[0m[ INFO] [1748150370.659811241]: [1748150370.660] Reference trajectory - x: 0.000000, y: 0.000000, phi: -1.570796, v: 0.000000, w: 0.000000[0m
[0m[ INFO] [1748150370.760291324]: [1748150370.760] Robot state - x: -0.000367, y: 0.004663, phi: -1.508591[0m
[0m[ INFO] [1748150370.760396477]: [1748150370.760] Reference trajectory - x: 0.000000, y: 0.000000, phi: -1.570796, v: 0.000000, w: 0.000000[0m
[0m[ INFO] [1748150370.859665791]: [1748150370.860] Robot state - x: -0.000380, y: 0.004865, phi: -1.506712[0m
[0m[ INFO] [1748150370.859828705]: [1748150370.860] Reference trajectory - x: 0.000000, y: 0.000000, phi: -1.570796, v: 0.000000, w: 0.000000[0m
[0m[ INFO] [1748150370.960053424]: [1748150370.960] Robot state - x: -0.000392, y: 0.005066, phi: -1.504833[0m
[0m[ INFO] [1748150370.960181202]: [1748150370.960] Reference trajectory - x: 0.000000, y: 0.000000, phi: -1.570796, v: 0.000000, w: 0.000000[0m
[0m[ INFO] [1748150371.059490708]: [1748150371.059] Robot state - x: -0.000366, y: 0.004663, phi: -1.501076[0m
[0m[ INFO] [1748150371.059666359]: [1748150371.060] Reference trajectory - x: 0.000000, y: 0.000000, phi: -1.570796, v: 0.000000, w: 0.000000[0m
[0m[ INFO] [1748150371.159959622]: [1748150371.160] Robot state - x: -0.000394, y: 0.005066, phi: -1.493561[0m
[0m[ INFO] [1748150371.160090024]: [1748150371.160] Reference trajectory - x: 0.000000, y: 0.000000, phi: -1.570796, v: 0.000000, w: 0.000000[0m
[0m[ INFO] [1748150371.259505164]: [1748150371.259] Robot state - x: -0.000409, y: 0.005268, phi: -1.484168[0m
[0m[ INFO] [1748150371.259616397]: [1748150371.260] Reference trajectory - x: 0.000000, y: 0.000000, phi: -1.570796, v: 0.000000, w: 0.000000[0m
[0m[ INFO] [1748150371.360759561]: [1748150371.361] Robot state - x: -0.000409, y: 0.005268, phi: -1.476653[0m
[0m[ INFO] [1748150371.360867690]: [1748150371.361] Reference trajectory - x: 0.000000, y: 0.000000, phi: -1.570796, v: 0.000000, w: 0.000000[0m
[0m[ INFO] [1748150371.460085259]: [1748150371.460] Robot state - x: -0.000409, y: 0.005268, phi: -1.476653[0m
[0m[ INFO] [1748150371.460194157]: [1748150371.460] Reference trajectory - x: 0.000000, y: 0.000000, phi: -1.570796, v: 0.000000, w: 0.000000[0m
[0m[ INFO] [1748150371.560670751]: [1748150371.561] Robot state - x: -0.000428, y: 0.005469, phi: -1.474774[0m
[0m[ INFO] [1748150371.560774304]: [1748150371.561] Reference trajectory - x: 0.000000, y: 0.000000, phi: -1.570796, v: 0.000000, w: 0.000000[0m
[0m[ INFO] [1748150371.659357400]: [1748150371.659] Robot state - x: -0.000447, y: 0.005670, phi: -1.472896[0m
[0m[ INFO] [1748150371.659488570]: [1748150371.659] Reference trajectory - x: 0.000000, y: 0.000000, phi: -1.570796, v: 0.000000, w: 0.000000[0m
[0m[ INFO] [1748150371.760080046]: [1748150371.760] Robot state - x: -0.000447, y: 0.005670, phi: -1.472896[0m
[0m[ INFO] [1748150371.760211408]: [1748150371.760] Reference trajectory - x: 0.000000, y: 0.000000, phi: -1.570796, v: 0.000000, w: 0.000000[0m
[0m[ INFO] [1748150371.859479825]: [1748150371.859] Robot state - x: -0.000447, y: 0.005670, phi: -1.472896[0m
[0m[ INFO] [1748150371.859611923]: [1748150371.860] Reference trajectory - x: 0.000000, y: 0.000000, phi: -1.570796, v: 0.000000, w: 0.000000[0m
[0m[ INFO] [1748150371.960022276]: [1748150371.960] Robot state - x: -0.000447, y: 0.005670, phi: -1.472896[0m
[0m[ INFO] [1748150371.960125350]: [1748150371.960] Reference trajectory - x: 0.000000, y: 0.000000, phi: -1.570796, v: 0.000000, w: 0.000000[0m
[0m[ INFO] [1748150372.060373013]: [1748150372.060] Robot state - x: -0.000447, y: 0.005670, phi: -1.472896[0m
[0m[ INFO] [1748150372.060498198]: [1748150372.060] Reference trajectory - x: 0.000000, y: 0.000000, phi: -1.570796, v: 0.000000, w: 0.000000[0m
[0m[ INFO] [1748150372.160401632]: [1748150372.160] Robot state - x: -0.000447, y: 0.005670, phi: -1.472896[0m
[0m[ INFO] [1748150372.160498658]: [1748150372.160] Reference trajectory - x: 0.000000, y: 0.000000, phi: -1.570796, v: 0.000000, w: 0.000000[0m
[0m[ INFO] [1748150372.262588329]: [1748150372.262] Robot state - x: -0.000447, y: 0.005670, phi: -1.472896[0m
[0m[ INFO] [1748150372.263075024]: [1748150372.263] Reference trajectory - x: 0.000000, y: 0.000000, phi: -1.570796, v: 0.000000, w: 0.000000[0m
[0m[ INFO] [1748150372.376380464]: [1748150372.376] Robot state - x: -0.000447, y: 0.005670, phi: -1.472896[0m
[0m[ INFO] [1748150372.376492625]: [1748150372.376] Reference trajectory - x: 0.000000, y: 0.000000, phi: -1.570796, v: 0.000000, w: 0.000000[0m
[0m[ INFO] [1748150372.461328015]: [1748150372.461] Robot state - x: -0.000447, y: 0.005670, phi: -1.472896[0m
[0m[ INFO] [1748150372.461425648]: [1748150372.461] Reference trajectory - x: 0.000000, y: 0.000000, phi: -1.570796, v: 0.000000, w: 0.000000[0m
[0m[ INFO] [1748150372.560712210]: [1748150372.561] Robot state - x: -0.000447, y: 0.005670, phi: -1.472896[0m
[0m[ INFO] [1748150372.560820180]: [1748150372.561] Reference trajectory - x: 0.000000, y: 0.000000, phi: -1.570796, v: 0.000000, w: 0.000000[0m
[0m[ INFO] [1748150372.660224791]: [1748150372.660] Robot state - x: -0.000447, y: 0.005670, phi: -1.472896[0m
[0m[ INFO] [1748150372.660387161]: [1748150372.660] Reference trajectory - x: 0.000000, y: 0.000000, phi: -1.570796, v: 0.000000, w: 0.000000[0m
[0m[ INFO] [1748150372.760275299]: [1748150372.760] Robot state - x: -0.000447, y: 0.005670, phi: -1.472896[0m
[0m[ INFO] [1748150372.760545095]: [1748150372.761] Reference trajectory - x: 0.000000, y: 0.000000, phi: -1.570796, v: 0.000000, w: 0.000000[0m
[0m[ INFO] [1748150373.002072336]: [1748150373.002] Robot state - x: -0.000447, y: 0.005670, phi: -1.472896[0m
[0m[ INFO] [1748150373.002227058]: [1748150373.002] Reference trajectory - x: 0.000000, y: 0.000000, phi: -1.570796, v: 0.000000, w: 0.000000[0m
[0m[ INFO] [1748150373.003843304]: [1748150373.004] Robot state - x: -0.000447, y: 0.005670, phi: -1.472896[0m
[0m[ INFO] [1748150373.003980874]: [1748150373.004] Reference trajectory - x: 0.000000, y: 0.000000, phi: -1.570796, v: 0.000000, w: 0.000000[0m
[0m[ INFO] [1748150373.059926688]: [1748150373.060] Robot state - x: -0.000447, y: 0.005670, phi: -1.472896[0m
[0m[ INFO] [1748150373.060072674]: [1748150373.060] Reference trajectory - x: 0.000000, y: 0.000000, phi: -1.570796, v: 0.000000, w: 0.000000[0m
[0m[ INFO] [1748150373.160121774]: [1748150373.160] Robot state - x: -0.000447, y: 0.005670, phi: -1.472896[0m
[0m[ INFO] [1748150373.160237424]: [1748150373.160] Reference trajectory - x: 0.000000, y: 0.000000, phi: -1.570796, v: 0.000000, w: 0.000000[0m
[0m[ INFO] [1748150373.260020664]: [1748150373.260] Robot state - x: -0.000447, y: 0.005670, phi: -1.472896[0m
[0m[ INFO] [1748150373.260166938]: [1748150373.260] Reference trajectory - x: 0.000000, y: 0.000000, phi: -1.570796, v: 0.000000, w: 0.000000[0m
[0m[ INFO] [1748150373.359782080]: [1748150373.360] Robot state - x: -0.000447, y: 0.005670, phi: -1.472896[0m
[0m[ INFO] [1748150373.359917026]: [1748150373.360] Reference trajectory - x: 0.000000, y: 0.000000, phi: -1.570796, v: 0.000000, w: 0.000000[0m
[0m[ INFO] [1748150373.459364869]: [1748150373.459] Robot state - x: -0.000447, y: 0.005670, phi: -1.472896[0m
[0m[ INFO] [1748150373.459463527]: [1748150373.459] Reference trajectory - x: 0.000000, y: 0.000000, phi: -1.570796, v: 0.000000, w: 0.000000[0m
[0m[ INFO] [1748150373.559719541]: [1748150373.560] Robot state - x: -0.000447, y: 0.005670, phi: -1.472896[0m
[0m[ INFO] [1748150373.559888279]: [1748150373.560] Reference trajectory - x: 0.000000, y: 0.000000, phi: -1.570796, v: 0.000000, w: 0.000000[0m
[0m[ INFO] [1748150373.659247642]: [1748150373.659] Robot state - x: -0.000447, y: 0.005670, phi: -1.472896[0m
[0m[ INFO] [1748150373.659348603]: [1748150373.659] Reference trajectory - x: 0.000000, y: 0.000000, phi: -1.570796, v: 0.000000, w: 0.000000[0m
[0m[ INFO] [1748150373.759460872]: [1748150373.759] Robot state - x: -0.000447, y: 0.005670, phi: -1.472896[0m
[0m[ INFO] [1748150373.759584586]: [1748150373.760] Reference trajectory - x: 0.000000, y: 0.000000, phi: -1.570796, v: 0.000000, w: 0.000000[0m
[0m[ INFO] [1748150373.859493203]: [1748150373.859] Robot state - x: -0.000447, y: 0.005670, phi: -1.472896[0m
[0m[ INFO] [1748150373.859589941]: [1748150373.860] Reference trajectory - x: 0.000000, y: 0.000000, phi: -1.570796, v: 0.000000, w: 0.000000[0m
[0m[ INFO] [1748150373.960007014]: [1748150373.960] Robot state - x: -0.000447, y: 0.005670, phi: -1.472896[0m
[0m[ INFO] [1748150373.960107655]: [1748150373.960] Reference trajectory - x: 0.000000, y: 0.000000, phi: -1.570796, v: 0.000000, w: 0.000000[0m
[0m[ INFO] [1748150374.059057444]: [1748150374.059] Robot state - x: -0.000447, y: 0.005670, phi: -1.472896[0m
[0m[ INFO] [1748150374.059157605]: [1748150374.059] Reference trajectory - x: 0.000000, y: 0.000000, phi: -1.570796, v: 0.000000, w: 0.000000[0m
[0m[ INFO] [1748150374.160377921]: [1748150374.160] Robot state - x: -0.000447, y: 0.005670, phi: -1.472896[0m
[0m[ INFO] [1748150374.160504354]: [1748150374.160] Reference trajectory - x: 0.000000, y: 0.000000, phi: -1.570796, v: 0.000000, w: 0.000000[0m
[0m[ INFO] [1748150374.259261724]: [1748150374.259] Robot state - x: -0.000447, y: 0.005670, phi: -1.472896[0m
[0m[ INFO] [1748150374.259385342]: [1748150374.259] Reference trajectory - x: 0.000000, y: 0.000000, phi: -1.570796, v: 0.000000, w: 0.000000[0m
[0m[ INFO] [1748150374.360157171]: [1748150374.360] Robot state - x: -0.000447, y: 0.005670, phi: -1.472896[0m
[0m[ INFO] [1748150374.360290389]: [1748150374.360] Reference trajectory - x: 0.000000, y: 0.000000, phi: -1.570796, v: 0.000000, w: 0.000000[0m
[0m[ INFO] [1748150374.459572246]: [1748150374.459] Robot state - x: -0.000447, y: 0.005670, phi: -1.472896[0m
[0m[ INFO] [1748150374.459724632]: [1748150374.460] Reference trajectory - x: 0.000000, y: 0.000000, phi: -1.570796, v: 0.000000, w: 0.000000[0m
[0m[ INFO] [1748150374.559652194]: [1748150374.560] Robot state - x: -0.000447, y: 0.005670, phi: -1.472896[0m
[0m[ INFO] [1748150374.559820869]: [1748150374.560] Reference trajectory - x: 0.000000, y: 0.000000, phi: -1.570796, v: 0.000000, w: 0.000000[0m
[0m[ INFO] [1748150374.659519883]: [1748150374.659] Robot state - x: -0.000447, y: 0.005670, phi: -1.472896[0m
[0m[ INFO] [1748150374.659617709]: [1748150374.660] Reference trajectory - x: 0.000000, y: 0.000000, phi: -1.570796, v: 0.000000, w: 0.000000[0m
[0m[ INFO] [1748150374.759863963]: [1748150374.760] Robot state - x: -0.000447, y: 0.005670, phi: -1.472896[0m
[0m[ INFO] [1748150374.760024317]: [1748150374.760] Reference trajectory - x: 0.000000, y: 0.000000, phi: -1.570796, v: 0.000000, w: 0.000000[0m
[0m[ INFO] [1748150374.859874150]: [1748150374.860] Robot state - x: -0.000447, y: 0.005670, phi: -1.472896[0m
[0m[ INFO] [1748150374.860001512]: [1748150374.860] Reference trajectory - x: 0.000000, y: 0.000000, phi: -1.570796, v: 0.000000, w: 0.000000[0m
[0m[ INFO] [1748150374.960693980]: [1748150374.961] Robot state - x: -0.000447, y: 0.005670, phi: -1.472896[0m
[0m[ INFO] [1748150374.960794045]: [1748150374.961] Reference trajectory - x: 0.000000, y: 0.000000, phi: -1.570796, v: 0.000000, w: 0.000000[0m
[0m[ INFO] [1748150375.059460118]: [1748150375.059] Robot state - x: -0.000447, y: 0.005670, phi: -1.472896[0m
[0m[ INFO] [1748150375.059613272]: [1748150375.060] Reference trajectory - x: 0.000000, y: 0.000000, phi: -1.570796, v: 0.000000, w: 0.000000[0m
[0m[ INFO] [1748150375.159967560]: [1748150375.160] Robot state - x: -0.000447, y: 0.005670, phi: -1.472896[0m
[0m[ INFO] [1748150375.160073801]: [1748150375.160] Reference trajectory - x: 0.000000, y: 0.000000, phi: -1.570796, v: 0.000000, w: 0.000000[0m
[0m[ INFO] [1748150375.260098228]: [1748150375.260] Robot state - x: -0.000447, y: 0.005670, phi: -1.472896[0m
[0m[ INFO] [1748150375.260217686]: [1748150375.260] Reference trajectory - x: 0.000000, y: 0.000000, phi: -1.570796, v: 0.000000, w: 0.000000[0m
[0m[ INFO] [1748150375.360081438]: [1748150375.360] Robot state - x: -0.000447, y: 0.005670, phi: -1.472896[0m
[0m[ INFO] [1748150375.360238656]: [1748150375.360] Reference trajectory - x: 0.000000, y: 0.000000, phi: -1.570796, v: 0.000000, w: 0.000000[0m
[0m[ INFO] [1748150375.459929831]: [1748150375.460] Robot state - x: -0.000447, y: 0.005670, phi: -1.472896[0m
[0m[ INFO] [1748150375.460082377]: [1748150375.460] Reference trajectory - x: 0.000000, y: 0.000000, phi: -1.570796, v: 0.000000, w: 0.000000[0m
[0m[ INFO] [1748150375.560576890]: [1748150375.560] Robot state - x: -0.000447, y: 0.005670, phi: -1.472896[0m
[0m[ INFO] [1748150375.560685180]: [1748150375.561] Reference trajectory - x: 0.000000, y: 0.000000, phi: -1.570796, v: 0.000000, w: 0.000000[0m
[0m[ INFO] [1748150375.660406147]: [1748150375.660] Robot state - x: -0.000447, y: 0.005670, phi: -1.472896[0m
[0m[ INFO] [1748150375.660547077]: [1748150375.661] Reference trajectory - x: 0.000000, y: 0.000000, phi: -1.570796, v: 0.000000, w: 0.000000[0m
[0m[ INFO] [1748150375.759699172]: [1748150375.760] Robot state - x: -0.000447, y: 0.005670, phi: -1.472896[0m
[0m[ INFO] [1748150375.760063945]: [1748150375.760] Reference trajectory - x: 0.000000, y: 0.000000, phi: -1.570796, v: 0.000000, w: 0.000000[0m
[0m[ INFO] [1748150375.859390282]: [1748150375.859] Robot state - x: -0.000447, y: 0.005670, phi: -1.472896[0m
[0m[ INFO] [1748150375.859538988]: [1748150375.859] Reference trajectory - x: 0.000000, y: 0.000000, phi: -1.570796, v: 0.000000, w: 0.000000[0m
[0m[ INFO] [1748150375.985893308]: [1748150375.986] Robot state - x: -0.000447, y: 0.005670, phi: -1.472896[0m
[0m[ INFO] [1748150375.986003549]: [1748150375.986] Reference trajectory - x: 0.000000, y: 0.000000, phi: -1.570796, v: 0.000000, w: 0.000000[0m
[0m[ INFO] [1748150376.059181693]: [1748150376.059] Robot state - x: -0.000447, y: 0.005670, phi: -1.472896[0m
[0m[ INFO] [1748150376.059314558]: [1748150376.059] Reference trajectory - x: 0.000000, y: 0.000000, phi: -1.570796, v: 0.000000, w: 0.000000[0m
[0m[ INFO] [1748150376.183352046]: [1748150376.183] Robot state - x: -0.000447, y: 0.005670, phi: -1.472896[0m
[0m[ INFO] [1748150376.183484304]: [1748150376.183] Reference trajectory - x: 0.000000, y: 0.000000, phi: -1.570796, v: 0.000000, w: 0.000000[0m
[0m[ INFO] [1748150376.259844698]: [1748150376.260] Robot state - x: -0.000447, y: 0.005670, phi: -1.472896[0m
[0m[ INFO] [1748150376.259969180]: [1748150376.260] Reference trajectory - x: 0.000000, y: 0.000000, phi: -1.570796, v: 0.000000, w: 0.000000[0m
[0m[ INFO] [1748150376.360021799]: [1748150376.360] Robot state - x: -0.000447, y: 0.005670, phi: -1.472896[0m
[0m[ INFO] [1748150376.360161321]: [1748150376.360] Reference trajectory - x: 0.000000, y: 0.000000, phi: -1.570796, v: 0.000000, w: 0.000000[0m
[0m[ INFO] [1748150376.460289653]: [1748150376.460] Robot state - x: -0.000447, y: 0.005670, phi: -1.472896[0m
[0m[ INFO] [1748150376.460440951]: [1748150376.460] Reference trajectory - x: 0.000000, y: 0.000000, phi: -1.570796, v: 0.000000, w: 0.000000[0m
[0m[ INFO] [1748150376.580610163]: [1748150376.581] Robot state - x: -0.000447, y: 0.005670, phi: -1.472896[0m
[0m[ INFO] [1748150376.580756725]: [1748150376.581] Reference trajectory - x: 0.000000, y: 0.000000, phi: -1.570796, v: 0.000000, w: 0.000000[0m
[0m[ INFO] [1748150376.660399436]: [1748150376.660] Robot state - x: -0.000447, y: 0.005670, phi: -1.472896[0m
[0m[ INFO] [1748150376.660499277]: [1748150376.660] Reference trajectory - x: 0.000000, y: 0.000000, phi: -1.570796, v: 0.000000, w: 0.000000[0m
[0m[ INFO] [1748150376.784054454]: [1748150376.784] Robot state - x: -0.000447, y: 0.005670, phi: -1.472896[0m
[0m[ INFO] [1748150376.784171480]: [1748150376.784] Reference trajectory - x: 0.000000, y: 0.000000, phi: -1.570796, v: 0.000000, w: 0.000000[0m
[0m[ INFO] [1748150376.859356178]: [1748150376.859] Robot state - x: -0.000447, y: 0.005670, phi: -1.472896[0m
[0m[ INFO] [1748150376.859482356]: [1748150376.859] Reference trajectory - x: 0.000000, y: 0.000000, phi: -1.570796, v: 0.000000, w: 0.000000[0m
[0m[ INFO] [1748150376.982793914]: [1748150376.983] Robot state - x: -0.000447, y: 0.005670, phi: -1.472896[0m
[0m[ INFO] [1748150376.982894363]: [1748150376.983] Reference trajectory - x: 0.000000, y: 0.000000, phi: -1.570796, v: 0.000000, w: 0.000000[0m
[0m[ INFO] [1748150377.060377077]: [1748150377.060] Robot state - x: -0.000447, y: 0.005670, phi: -1.472896[0m
[0m[ INFO] [1748150377.060511767]: [1748150377.060] Reference trajectory - x: 0.000000, y: 0.000000, phi: -1.570796, v: 0.000000, w: 0.000000[0m
[0m[ INFO] [1748150377.181043479]: [1748150377.181] Robot state - x: -0.000447, y: 0.005670, phi: -1.472896[0m
[0m[ INFO] [1748150377.181142808]: [1748150377.181] Reference trajectory - x: 0.000000, y: 0.000000, phi: -1.570796, v: 0.000000, w: 0.000000[0m
[0m[ INFO] [1748150377.260080069]: [1748150377.260] Robot state - x: -0.000447, y: 0.005670, phi: -1.472896[0m
[0m[ INFO] [1748150377.260212103]: [1748150377.260] Reference trajectory - x: 0.000000, y: 0.000000, phi: -1.570796, v: 0.000000, w: 0.000000[0m
[0m[ INFO] [1748150355.691100171]: Reading trajectory coeffs[0m
[0m[ INFO] [1748150355.694703356]: Reading trajectory coeffs[0m
[0m[ INFO] [1748150355.694794941]: Reading trajectory coeffs[0m
[0m[ INFO] [1748150377.359932525]: [1748150377.360] Robot state - x: -0.000447, y: 0.005670, phi: -1.472896[0m
[0m[ INFO] [1748150377.360160720]: [1748150377.360] Reference trajectory - x: 0.000000, y: 0.000000, phi: -1.570796, v: 0.000000, w: 0.000000[0m
[0m[ INFO] [1748150377.459399856]: [1748150377.459] Robot state - x: -0.000447, y: 0.005670, phi: -1.472896[0m
[0m[ INFO] [1748150377.459531954]: [1748150377.460] Reference trajectory - x: 0.000000, y: 0.000000, phi: -1.570796, v: 0.000000, w: 0.000000[0m
[0m[ INFO] [1748150377.560068579]: [1748150377.560] Robot state - x: -0.000447, y: 0.005670, phi: -1.472896[0m
[0m[ INFO] [1748150377.560165605]: [1748150377.560] Reference trajectory - x: 0.000000, y: 0.000000, phi: -1.570796, v: 0.000000, w: 0.000000[0m
[0m[ INFO] [1748150377.659914891]: [1748150377.660] Robot state - x: -0.000447, y: 0.005670, phi: -1.472896[0m
[0m[ INFO] [1748150377.660063149]: [1748150377.660] Reference trajectory - x: 0.000000, y: 0.000000, phi: -1.570796, v: 0.000000, w: 0.000000[0m
[0m[ INFO] [1748150377.760025271]: [1748150377.760] Robot state - x: -0.000447, y: 0.005670, phi: -1.472896[0m
[0m[ INFO] [1748150377.760159257]: [1748150377.760] Reference trajectory - x: 0.000000, y: 0.000000, phi: -1.570796, v: 0.000000, w: 0.000000[0m
[0m[ INFO] [1748150377.964083554]: [1748150377.964] Robot state - x: -0.000447, y: 0.005670, phi: -1.472896[0m
[0m[ INFO] [1748150377.964208708]: [1748150377.964] Reference trajectory - x: 0.000000, y: 0.000000, phi: -1.570796, v: 0.000000, w: 0.000000[0m
[0m[ INFO] [1748150377.966500835]: [1748150377.966] Robot state - x: -0.000447, y: 0.005670, phi: -1.472896[0m
[0m[ INFO] [1748150377.966603364]: [1748150377.967] Reference trajectory - x: 0.000000, y: 0.000000, phi: -1.570796, v: 0.000000, w: 0.000000[0m
[0m[ INFO] [1748150378.059394701]: [1748150378.059] Robot state - x: -0.000447, y: 0.005670, phi: -1.472896[0m
[0m[ INFO] [1748150378.059500622]: [1748150378.059] Reference trajectory - x: 0.000000, y: 0.000000, phi: -1.570796, v: 0.000000, w: 0.000000[0m
[0m[ INFO] [1748150378.160574887]: [1748150378.160] Robot state - x: -0.000447, y: 0.005670, phi: -1.472896[0m
[0m[ INFO] [1748150378.160673576]: [1748150378.161] Reference trajectory - x: 0.000000, y: 0.000000, phi: -1.570796, v: 0.000000, w: 0.000000[0m
[0m[ INFO] [1748150352.222876010]: [I2C FOR MOTORS] Now launching this node in namespace: /asc[0m
[0m[ INFO] [1748150352.286268776]: [I2C FOR MOTORS] publish motor duty cycle requests from command line with: rostopic pub --once /asc/set_motor_duty_cycle asclinic_pkg/LeftRightFloat32 "{left: 10.1, right: 10.1}"[0m
[0m[ INFO] [1748150352.286433162]: [I2C FOR MOTORS] Successfully opened named /dev/i2c-1, with file descriptor = 11[0m
[0m[ INFO] [1748150352.286576908]: [I2C FOR MOTORS] Actual acceleration limit = 0.0003125%/ms (after conversation to "internal units")[0m
[0m[ INFO] [1748150352.286639693]: [I2C FOR MOTORS] Actual deceleration limit = 0.0015625%/ms (after conversation to "internal units")[0m
[0m[ INFO] [1748150352.286697006]: [I2C FOR MOTORS] Now initialising SMC with I2C address 13[0m
[0m[ INFO] [1748150352.310419281]: [I2C FOR MOTORS] Now initialising SMC with I2C address 14[0m
[0m[ INFO] [1748150352.328288548]: [I2C FOR MOTORS] Node initialisation complete[0m

[ARUCO DETECTOR] Camera properties upon initialisation:
CV_CAP_PROP_FRAME_HEIGHT : '480.0'
CV_CAP_PROP_FRAME_WIDTH :  '640.0'
CAP_PROP_FPS :             '30.0'
CAP_PROP_FOCUS :           '0.0'
CAP_PROP_AUTOFOCUS :       '0.0'
CAP_PROP_BRIGHTNESS :      '128.0'
CAP_PROP_CONTRAST :        '128.0'
CAP_PROP_SATURATION :      '128.0'
CAP_PROP_BUFFERSIZE :      '4.0'

[ARUCO DETECTOR] Camera properties upon initialisation:
CV_CAP_PROP_FRAME_HEIGHT : '1080.0'
CV_CAP_PROP_FRAME_WIDTH :  '1920.0'
CAP_PROP_FPS :             '5.0'
CAP_PROP_FOCUS :           '0.0'
CAP_PROP_AUTOFOCUS :       '0.0'
CAP_PROP_BRIGHTNESS :      '128.0'
CAP_PROP_CONTRAST :        '128.0'
CAP_PROP_SATURATION :      '128.0'
CAP_PROP_BUFFERSIZE :      '1.0'
[INFO] [1748150357.166989]: [ARUCO DETECTOR] As a double check of the camera properties set, a frame captured just now has dimensions = (1080, 1920, 3)
[INFO] [1748150357.174239]: [ARUCO DETECTOR] publish request from command line to save a single camera image using: rostopic pub --once /asc/request_save_image std_msgs/UInt32 1
[INFO] [1748150357.179282]: [ARUCO DETECTOR] Node initialisation complete
... logging to /home/asc/.ros/log/0725ea1e-3922-11f0-8573-d8c0a650f677/roslaunch-asc12-jetson-23643.log
Checking log directory for disk usage. This may take a while.
Press Ctrl-C to interrupt
Done checking log file disk usage. Usage is <1GB.
]2;/home/asc/ASClinic/catkin_ws/src/asclinic_pkg/launch/trajectory.launch
[1mstarted roslaunch server http://asc12-jetson:41069/[0m

SUMMARY
========

PARAMETERS
 * /asc/aruco_detector/aruco_detector_desired_camera_fps: 5
 * /asc/aruco_detector/aruco_detector_desired_camera_frame_height: 1080
 * /asc/aruco_detector/aruco_detector_desired_camera_frame_width: 1920
 * /asc/aruco_detector/aruco_detector_marker_size: 0.25
 * /asc/aruco_detector/aruco_detector_save_image_path: /home/asc/saved_c...
 * /asc/aruco_detector/aruco_detector_should_publish_camera_images: False
 * /asc/aruco_detector/aruco_detector_should_save_all_aruco_images: False
 * /asc/aruco_detector/aruco_detector_should_show_camera_images: False
 * /asc/aruco_detector/aruco_detector_usb_camera_device_number: 0
 * /asc/aruco_detector/aruco_detector_verbosity: 1
 * /asc/encoder_read_multi_threaded/delta_t_for_publishing_encoder_counts: 0.1
 * /asc/encoder_read_multi_threaded/encoder_events_to_monitor: rising
 * /asc/encoder_read_multi_threaded/encoder_read_verbosity: 1
 * /asc/encoder_read_multi_threaded/gpio_chip_number_for_encoder_lines: 1
 * /asc/encoder_read_multi_threaded/line_number_for_left_side_encoder_channel_a: 105
 * /asc/encoder_read_multi_threaded/line_number_for_left_side_encoder_channel_b: 106
 * /asc/encoder_read_multi_threaded/line_number_for_right_side_encoder_channel_a: 84
 * /asc/encoder_read_multi_threaded/line_number_for_right_side_encoder_channel_b: 130
 * /asc/encoder_read_multi_threaded/should_monitor_left_side_encoder_channel_a: True
 * /asc/encoder_read_multi_threaded/should_monitor_left_side_encoder_channel_b: False
 * /asc/encoder_read_multi_threaded/should_monitor_right_side_encoder_channel_a: True
 * /asc/encoder_read_multi_threaded/should_monitor_right_side_encoder_channel_b: False
 * /asc/i2c_for_motors/motor_driver_current_limit_in_milliamps: 5000
 * /asc/i2c_for_motors/motor_driver_left_side_multiplier: 1
 * /asc/i2c_for_motors/motor_driver_max_accel_limit_in_percent_per_millisecond: 0.04
 * /asc/i2c_for_motors/motor_driver_max_decel_limit_in_percent_per_millisecond: 0.16
 * /asc/i2c_for_motors/motor_driver_max_duty_cycle_limit_in_percent: 100.0
 * /asc/i2c_for_motors/motor_driver_right_side_multiplier: 1
 * /asc/i2c_for_motors/motor_driver_verbosity: 1
 * /rosdistro: noetic
 * /rosversion: 1.17.0

NODES
  /
    aruco_positioning (asclinic_pkg/aruco_positioning.py)
    kf_fusion_node (asclinic_pkg/KF.py)
    odomdelta (asclinic_pkg/odomdelta)
    trajectory_generator (asclinic_pkg/trajectory_generator_state_space)
    trajectory_tracker (asclinic_pkg/trajectory_tracker_state_space)
    velocity_PI_control (asclinic_pkg/velocity_PI_control)
  /asc/
    aruco_detector (asclinic_pkg/aruco_detector.py)
    encoder_read_multi_threaded (asclinic_pkg/encoder_read_multi_threaded)
    i2c_for_motors (asclinic_pkg/i2c_for_motors)

[1mROS_MASTER_URI=http://localhost:11311[0m
]2;/home/asc/ASClinic/catkin_ws/src/asclinic_pkg/launch/trajectory.launch http://localhost:11311
[1mprocess[asc/i2c_for_motors-1]: started with pid [23698][0m
[1mprocess[asc/encoder_read_multi_threaded-2]: started with pid [23699][0m
[1mprocess[odomdelta-3]: started with pid [23700][0m
[1mprocess[asc/aruco_detector-4]: started with pid [23706][0m
[1mprocess[aruco_positioning-5]: started with pid [23714][0m
[1mprocess[trajectory_tracker-6]: started with pid [23718][0m
[1mprocess[trajectory_generator-7]: started with pid [23723][0m
[1mprocess[velocity_PI_control-8]: started with pid [23735][0m
[1mprocess[kf_fusion_node-9]: started with pid [23741][0m
[kf_fusion_node-9] killing on exit
[trajectory_tracker-6] killing on exit
[asc/aruco_detector-4] killing on exit
[odomdelta-3] killing on exit
[trajectory_generator-7] killing on exit
[aruco_positioning-5] killing on exit
[asc/encoder_read_multi_threaded-2] killing on exit
[velocity_PI_control-8] killing on exit
[asc/i2c_for_motors-1] killing on exit
shutting down processing monitor...
... shutting down processing monitor complete
[1mdone[0m
