[0m[ INFO] [1746508664.996260109]: Target - x: 0.000000, y: 0.000000, phi: 0.000000[0m
[0m[ INFO] [1746508664.999622685]: Current - x: 0.000000, y: 0.000000, phi: 45.000000[0m
[0m[ INFO] [1746508664.999746302]: Error - x: 0.000000, y: 0.000000[0m
[0m[ INFO] [1746508664.999813311]: Publishing motor command - Left: 0.000000, Right: 0.000000[0m
[0m[ INFO] [1746508664.999926081]: Target reached: x=0.00, y=0.00, phi=0.00[0m
[0m[ INFO] [1746508665.101176481]: Target - x: 0.000000, y: 0.000000, phi: 0.000000[0m
[0m[ INFO] [1746508665.101334211]: Current - x: 0.000000, y: 0.000000, phi: 45.000000[0m
[0m[ INFO] [1746508665.101382884]: Error - x: 0.000000, y: 0.000000[0m
[0m[ INFO] [1746508665.101485382]: Publishing motor command - Left: 0.000000, Right: 0.000000[0m
[0m[ INFO] [1746508665.101562119]: Target reached: x=0.00, y=0.00, phi=0.00[0m
[0m[ INFO] [1746508665.205160040]: Target - x: 0.000000, y: 0.000000, phi: 0.000000[0m
[0m[ INFO] [1746508665.205630159]: Current - x: 0.000000, y: 0.000000, phi: 45.000000[0m
[0m[ INFO] [1746508665.205912883]: Error - x: 0.000000, y: 0.000000[0m
[0m[ INFO] [1746508665.206503099]: Publishing motor command - Left: 0.000000, Right: 0.000000[0m
[0m[ INFO] [1746508665.206710622]: Target reached: x=0.00, y=0.00, phi=0.00[0m
[0m[ INFO] [1746508665.304496109]: Target - x: 0.000000, y: 0.000000, phi: 0.000000[0m
[0m[ INFO] [1746508665.305003316]: Current - x: 0.000000, y: 0.000000, phi: 45.000000[0m
[0m[ INFO] [1746508665.305096342]: Error - x: 0.000000, y: 0.000000[0m
[0m[ INFO] [1746508665.305162679]: Publishing motor command - Left: 0.000000, Right: 0.000000[0m
[0m[ INFO] [1746508665.305409562]: Target reached: x=0.00, y=0.00, phi=0.00[0m
[0m[ INFO] [1746508665.397339798]: Target - x: 0.000000, y: 0.000000, phi: 0.000000[0m
[0m[ INFO] [1746508665.397534489]: Current - x: 0.000000, y: 0.000000, phi: 45.000000[0m
[0m[ INFO] [1746508665.397643002]: Error - x: 0.000000, y: 0.000000[0m
[0m[ INFO] [1746508665.397714363]: Publishing motor command - Left: 0.000000, Right: 0.000000[0m
[0m[ INFO] [1746508665.397828797]: Target reached: x=0.00, y=0.00, phi=0.00[0m
[0m[ INFO] [1746508665.501555616]: Target - x: 0.000000, y: 0.000000, phi: 0.000000[0m
[0m[ INFO] [1746508665.501772355]: Current - x: 0.000000, y: 0.000000, phi: 45.000000[0m
[0m[ INFO] [1746508665.501829252]: Error - x: 0.000000, y: 0.000000[0m
[0m[ INFO] [1746508665.501925062]: Publishing motor command - Left: 0.000000, Right: 0.000000[0m
[0m[ INFO] [1746508665.502015783]: Target reached: x=0.00, y=0.00, phi=0.00[0m
[0m[ INFO] [1746508665.600575233]: Target - x: 0.000000, y: 0.000000, phi: 0.000000[0m
[0m[ INFO] [1746508665.600734307]: Current - x: 0.000000, y: 0.000000, phi: 45.000000[0m
[0m[ INFO] [1746508665.600831588]: Error - x: 0.000000, y: 0.000000[0m
[0m[ INFO] [1746508665.600922438]: Publishing motor command - Left: 0.000000, Right: 0.000000[0m
[0m[ INFO] [1746508665.601015527]: Target reached: x=0.00, y=0.00, phi=0.00[0m
[0m[ INFO] [1746508665.696849914]: Target - x: 0.000000, y: 0.000000, phi: 0.000000[0m
[0m[ INFO] [1746508665.696954140]: Current - x: 0.000000, y: 0.000000, phi: 45.000000[0m
[0m[ INFO] [1746508665.697001308]: Error - x: 0.000000, y: 0.000000[0m
[0m[ INFO] [1746508665.697044061]: Publishing motor command - Left: 0.000000, Right: 0.000000[0m
[0m[ INFO] [1746508665.697138718]: Target reached: x=0.00, y=0.00, phi=0.00[0m
[0m[ INFO] [1746508665.796496676]: Target - x: 0.000000, y: 0.000000, phi: 0.000000[0m
[0m[ INFO] [1746508665.796591909]: Current - x: 0.000000, y: 0.000000, phi: 45.000000[0m
[0m[ INFO] [1746508665.796629669]: Error - x: 0.000000, y: 0.000000[0m
[0m[ INFO] [1746508665.796675462]: Publishing motor command - Left: 0.000000, Right: 0.000000[0m
[0m[ INFO] [1746508665.796815368]: Target reached: x=0.00, y=0.00, phi=0.00[0m
[0m[ INFO] [1746508665.896240302]: Target - x: 0.000000, y: 0.000000, phi: 0.000000[0m
[0m[ INFO] [1746508665.896330544]: Current - x: 0.000000, y: 0.000000, phi: 45.000000[0m
[0m[ INFO] [1746508665.896373936]: Error - x: 0.000000, y: 0.000000[0m
[0m[ INFO] [1746508665.896618932]: Publishing motor command - Left: 0.000000, Right: 0.000000[0m
[0m[ INFO] [1746508665.896720981]: Target reached: x=0.00, y=0.00, phi=0.00[0m
[0m[ INFO] [1746508665.996586818]: Target - x: 0.000000, y: 0.000000, phi: 0.000000[0m
[0m[ INFO] [1746508665.996679587]: Current - x: 0.000000, y: 0.000000, phi: 45.000000[0m
[0m[ INFO] [1746508665.996717188]: Error - x: 0.000000, y: 0.000000[0m
[0m[ INFO] [1746508665.996751780]: Publishing motor command - Left: 0.000000, Right: 0.000000[0m
[0m[ INFO] [1746508665.996838245]: Target reached: x=0.00, y=0.00, phi=0.00[0m
[0m[ INFO] [1746508666.095894630]: Target - x: 0.000000, y: 0.000000, phi: 0.000000[0m
[0m[ INFO] [1746508666.096001352]: Current - x: 0.000000, y: 0.000000, phi: 45.000000[0m
[0m[ INFO] [1746508666.096041928]: Error - x: 0.000000, y: 0.000000[0m
[0m[ INFO] [1746508666.096108169]: Publishing motor command - Left: 0.000000, Right: 0.000000[0m
[0m[ INFO] [1746508666.096307596]: Target reached: x=0.00, y=0.00, phi=0.00[0m
[0m[ INFO] [1746508666.204109897]: Target - x: 0.000000, y: 0.000000, phi: 0.000000[0m
[0m[ INFO] [1746508666.204491279]: Current - x: 0.000000, y: 0.000000, phi: 45.000000[0m
[0m[ INFO] [1746508666.204692402]: Error - x: 0.000000, y: 0.000000[0m
[0m[ INFO] [1746508666.204924469]: Publishing motor command - Left: 0.000000, Right: 0.000000[0m
[0m[ INFO] [1746508666.205108760]: Target reached: x=0.00, y=0.00, phi=0.00[0m
[0m[ INFO] [1746508666.305679662]: Target - x: 0.000000, y: 0.000000, phi: 0.000000[0m
[0m[ INFO] [1746508666.306029075]: Current - x: 0.000000, y: 0.000000, phi: 45.000000[0m
[0m[ INFO] [1746508666.306348471]: Error - x: 0.000000, y: 0.000000[0m
[0m[ INFO] [1746508666.306498842]: Publishing motor command - Left: 0.000000, Right: 0.000000[0m
[0m[ INFO] [1746508666.306863807]: Target reached: x=0.00, y=0.00, phi=0.00[0m
[0m[ INFO] [1746508666.396122676]: Target - x: 0.000000, y: 0.000000, phi: 0.000000[0m
[0m[ INFO] [1746508666.396215734]: Current - x: 0.000000, y: 0.000000, phi: 45.000000[0m
[0m[ INFO] [1746508666.396253430]: Error - x: 0.000000, y: 0.000000[0m
[0m[ INFO] [1746508666.396285783]: Publishing motor command - Left: 0.000000, Right: 0.000000[0m
[0m[ INFO] [1746508666.396406456]: Target reached: x=0.00, y=0.00, phi=0.00[0m
[0m[ INFO] [1746508666.496657610]: Target - x: 30.000000, y: 0.000000, phi: 0.000000[0m
[0m[ INFO] [1746508666.496752588]: Current - x: 0.000000, y: 0.000000, phi: 45.000000[0m
[0m[ INFO] [1746508666.496820653]: Error - x: 30.000000, y: 0.000000[0m
[0m[ INFO] [1746508666.496878285]: error_y: 0.000000[0m
[0m[ INFO] [1746508666.496914894]: integral_error_y: 0.000000[0m
[0m[ INFO] [1746508666.496947662]: w: 0.000000[0m
[0m[ INFO] [1746508666.496982287]: Publishing motor command - Left: 250.000000, Right: 250.000000[0m
[0m[ INFO] [1746508666.596169458]: Target - x: 60.000000, y: 0.000000, phi: 0.000000[0m
[0m[ INFO] [1746508666.596254803]: Current - x: 0.000000, y: 0.000000, phi: 45.000000[0m
[0m[ INFO] [1746508666.596293523]: Error - x: 60.000000, y: 0.000000[0m
[0m[ INFO] [1746508666.596326100]: error_y: 0.000000[0m
[0m[ INFO] [1746508666.596414997]: integral_error_y: 0.000000[0m
[0m[ INFO] [1746508666.596474006]: w: 0.000000[0m
[0m[ INFO] [1746508666.596530551]: Publishing motor command - Left: 500.000000, Right: 500.000000[0m
[0m[ INFO] [1746508666.696627654]: Target - x: 90.000000, y: 0.000000, phi: 0.000000[0m
[0m[ INFO] [1746508666.696721416]: Current - x: 0.000000, y: 0.000000, phi: 45.000000[0m
[0m[ INFO] [1746508666.696760520]: Error - x: 90.000000, y: 0.000000[0m
[0m[ INFO] [1746508666.696829129]: error_y: 0.000000[0m
[0m[ INFO] [1746508666.696884298]: integral_error_y: 0.000000[0m
[0m[ INFO] [1746508666.696940555]: w: 0.000000[0m
[0m[ INFO] [1746508666.696975435]: Publishing motor command - Left: 750.000000, Right: 750.000000[0m
[0m[ INFO] [1746508666.804294914]: Target - x: 120.000000, y: 0.000000, phi: 0.000000[0m
[0m[ INFO] [1746508666.804827497]: Current - x: 0.000000, y: 0.000000, phi: 45.000000[0m
[0m[ INFO] [1746508666.805964121]: Error - x: 120.000000, y: 0.000000[0m
[0m[ INFO] [1746508666.806042843]: error_y: 0.000000[0m
[0m[ INFO] [1746508666.806088667]: integral_error_y: 0.000000[0m
[0m[ INFO] [1746508666.806310110]: w: 0.000000[0m
[0m[ INFO] [1746508666.806359295]: Publishing motor command - Left: 1000.000000, Right: 1000.000000[0m
[0m[ INFO] [1746508666.896757829]: Target - x: 150.000000, y: 0.000000, phi: 0.000000[0m
[0m[ INFO] [1746508666.896849542]: Current - x: 0.141486, y: 0.141750, phi: 45.106747[0m
[0m[ INFO] [1746508666.896917095]: Error - x: 149.858521, y: -0.141750[0m
[0m[ INFO] [1746508666.896990952]: error_y: -0.141750[0m
[0m[ INFO] [1746508666.897057193]: integral_error_y: -0.014175[0m
[0m[ INFO] [1746508666.897101322]: w: -14.245913[0m
[0m[ INFO] [1746508666.897140010]: Publishing motor command - Left: 1252.365967, Right: 1245.276001[0m
[0m[ INFO] [1746508666.997247770]: Target - x: 180.000000, y: 0.000000, phi: 0.000000[0m
[0m[ INFO] [1746508666.997417725]: Current - x: 0.566741, y: 0.567794, phi: 45.212891[0m
[0m[ INFO] [1746508666.997498334]: Error - x: 179.433258, y: -0.567794[0m
[0m[ INFO] [1746508666.997572255]: error_y: -0.567794[0m
[0m[ INFO] [1746508666.997623711]: integral_error_y: -0.070954[0m
[0m[ INFO] [1746508666.997672960]: w: -42.888332[0m
[0m[ INFO] [1746508666.997735713]: Publishing motor command - Left: 1505.949585, Right: 1484.604858[0m
[0m[ INFO] [1746508667.097126247]: Target - x: 210.000000, y: 0.000000, phi: 0.000000[0m
[0m[ INFO] [1746508667.097292873]: Current - x: 1.700771, y: 1.706010, phi: 45.210495[0m
[0m[ INFO] [1746508667.097335626]: Error - x: 208.299225, y: -1.706010[0m
[0m[ INFO] [1746508667.097368618]: error_y: -1.706010[0m
[0m[ INFO] [1746508667.097432587]: integral_error_y: -0.241555[0m
[0m[ INFO] [1746508667.097490444]: w: -114.674812[0m
[0m[ INFO] [1746508667.097556045]: Publishing motor command - Left: 1764.362793, Right: 1707.290894[0m
[0m[ INFO] [1746508667.196490508]: Target - x: 240.000000, y: 0.000000, phi: 0.000000[0m
[0m[ INFO] [1746508667.196605357]: Current - x: 4.951708, y: 4.986926, phi: 45.310654[0m
[0m[ INFO] [1746508667.196663854]: Error - x: 235.048294, y: -4.986926[0m
[0m[ INFO] [1746508667.196741487]: error_y: -4.986926[0m
[0m[ INFO] [1746508667.196840689]: integral_error_y: -0.740248[0m
[0m[ INFO] [1746508667.196929458]: w: -330.585815[0m
[0m[ INFO] [1746508667.196994643]: Publishing motor command - Left: 2040.999634, Right: 1876.472046[0m
[0m[ INFO] [1746508667.296492954]: Target - x: 270.000000, y: 0.000000, phi: 0.000000[0m
[0m[ INFO] [1746508667.296586971]: Current - x: 10.192774, y: 10.255769, phi: 45.192532[0m
[0m[ INFO] [1746508667.296624732]: Error - x: 259.807220, y: -10.255769[0m
[0m[ INFO] [1746508667.296706525]: error_y: -10.255769[0m
[0m[ INFO] [1746508667.296761982]: integral_error_y: -1.765825[0m
[0m[ INFO] [1746508667.296794526]: w: -532.013916[0m
[0m[ INFO] [1746508667.296826687]: Publishing motor command - Left: 2297.447998, Right: 2032.672485[0m
[0m[ INFO] [1746508667.396587721]: Target - x: 300.000000, y: 0.000000, phi: 0.000000[0m
[0m[ INFO] [1746508667.396749356]: Current - x: 16.838701, y: 16.959970, phi: 45.071419[0m
[0m[ INFO] [1746508667.396878637]: Error - x: 283.161285, y: -16.959970[0m
[0m[ INFO] [1746508667.396963535]: error_y: -16.959970[0m
[0m[ INFO] [1746508667.397014831]: integral_error_y: -3.461822[0m
[0m[ INFO] [1746508667.397061584]: w: -678.903625[0m
[0m[ INFO] [1746508667.397112881]: Publishing motor command - Left: 2528.617432, Right: 2190.737305[0m
[0m[ INFO] [1746508667.496751066]: Target - x: 330.000000, y: 0.000000, phi: 0.000000[0m
[0m[ INFO] [1746508667.496872348]: Current - x: 24.616674, y: 24.802782, phi: 45.161995[0m
[0m[ INFO] [1746508667.496910716]: Error - x: 305.383331, y: -24.802782[0m
[0m[ INFO] [1746508667.496948637]: error_y: -24.802782[0m
[0m[ INFO] [1746508667.497009245]: integral_error_y: -5.942100[0m
[0m[ INFO] [1746508667.497238017]: w: -796.688416[0m
[0m[ INFO] [1746508667.497275361]: Publishing motor command - Left: 2743.111328, Right: 2346.611084[0m
[0m[ INFO] [1746508667.596401795]: Target - x: 360.000000, y: 0.000000, phi: 0.000000[0m
[0m[ INFO] [1746508667.596521605]: Current - x: 33.278694, y: 33.467453, phi: 45.036686[0m
[0m[ INFO] [1746508667.596577285]: Error - x: 326.721313, y: -33.467453[0m
[0m[ INFO] [1746508667.596631846]: error_y: -33.467453[0m
[0m[ INFO] [1746508667.596747048]: integral_error_y: -9.288845[0m
[0m[ INFO] [1746508667.596798793]: w: -883.210144[0m
[0m[ INFO] [1746508667.596881994]: Publishing motor command - Left: 2942.458008, Right: 2502.897217[0m
[0m[ INFO] [1746508667.696757558]: Target - x: 390.000000, y: 0.000000, phi: 0.000000[0m
[0m[ INFO] [1746508667.696871704]: Current - x: 43.212860, y: 43.417053, phi: 44.801640[0m
[0m[ INFO] [1746508667.696939161]: Error - x: 346.787140, y: -43.417053[0m
[0m[ INFO] [1746508667.696991546]: error_y: -43.417053[0m
[0m[ INFO] [1746508667.697023514]: integral_error_y: -13.630550[0m
[0m[ INFO] [1746508667.697053210]: w: -1016.682190[0m
[0m[ INFO] [1746508667.697084539]: Publishing motor command - Left: 3142.886719, Right: 2636.899170[0m
[0m[ INFO] [1746508667.801311525]: Target - x: 420.000000, y: 0.000000, phi: 0.000000[0m
[0m[ INFO] [1746508667.801454823]: Current - x: 54.481518, y: 54.590626, phi: 44.242767[0m
[0m[ INFO] [1746508667.801519016]: Error - x: 365.518494, y: -54.590626[0m
[0m[ INFO] [1746508667.801565321]: error_y: -54.590626[0m
[0m[ INFO] [1746508667.801603465]: integral_error_y: -19.089613[0m
[0m[ INFO] [1746508667.801636426]: w: -1144.671631[0m
[0m[ INFO] [1746508667.801668554]: Publishing motor command - Left: 3330.830322, Right: 2761.144287[0m
[0m[ INFO] [1746508667.896004264]: Target - x: 450.000000, y: 0.000000, phi: 0.000000[0m
[0m[ INFO] [1746508667.896118761]: Current - x: 67.228195, y: 67.125809, phi: 43.680897[0m
[0m[ INFO] [1746508667.896172362]: Error - x: 382.771790, y: -67.125809[0m
[0m[ INFO] [1746508667.896206411]: error_y: -67.125809[0m
[0m[ INFO] [1746508667.896235435]: integral_error_y: -25.802195[0m
[0m[ INFO] [1746508667.896271436]: w: -1287.106934[0m
[0m[ INFO] [1746508667.896304460]: Publishing motor command - Left: 3510.052002, Right: 2869.477783[0m
[0m[ INFO] [1746508667.996674591]: Target - x: 480.000000, y: 0.000000, phi: 0.000000[0m
[0m[ INFO] [1746508667.996791169]: Current - x: 80.806877, y: 80.245285, phi: 43.224575[0m
[0m[ INFO] [1746508667.996848962]: Error - x: 399.193115, y: -80.245285[0m
[0m[ INFO] [1746508667.996909219]: error_y: -80.245285[0m
[0m[ INFO] [1746508667.996958820]: integral_error_y: -33.826721[0m
[0m[ INFO] [1746508667.997006148]: w: -1352.104126[0m
[0m[ INFO] [1746508667.997057221]: Publishing motor command - Left: 3663.070557, Right: 2990.148193[0m
[0m[ INFO] [1746508668.096177638]: Target - x: 510.000000, y: 0.000000, phi: 0.000000[0m
[0m[ INFO] [1746508668.096267272]: Current - x: 95.601463, y: 94.130585, phi: 42.230934[0m
[0m[ INFO] [1746508668.096321673]: Error - x: 414.398529, y: -94.130585[0m
[0m[ INFO] [1746508668.096396490]: error_y: -94.130585[0m
[0m[ INFO] [1746508668.096431306]: integral_error_y: -43.239780[0m
[0m[ INFO] [1746508668.096461610]: w: -1435.638550[0m
[0m[ INFO] [1746508668.096493163]: Publishing motor command - Left: 3810.569092, Right: 3096.072998[0m
[0m[ INFO] [1746508668.203550173]: Target - x: 540.000000, y: 0.000000, phi: 0.000000[0m
[0m[ INFO] [1746508668.203642143]: Current - x: 112.542084, y: 109.835739, phi: 41.447189[0m
[0m[ INFO] [1746508668.203710528]: Error - x: 427.457916, y: -109.835739[0m
[0m[ INFO] [1746508668.203764384]: error_y: -109.835739[0m
[0m[ INFO] [1746508668.203830337]: integral_error_y: -54.223354[0m
[0m[ INFO] [1746508668.203861890]: w: -1625.487427[0m
[0m[ INFO] [1746508668.203893698]: Publishing motor command - Left: 3966.639893, Right: 3157.658936[0m
[0m[ INFO] [1746508668.296346885]: Target - x: 570.000000, y: 0.000000, phi: 0.000000[0m
[0m[ INFO] [1746508668.296596296]: Current - x: 129.811646, y: 125.181831, phi: 40.235268[0m
[0m[ INFO] [1746508668.297547958]: Error - x: 440.188354, y: -125.181831[0m
[0m[ INFO] [1746508668.297618711]: error_y: -125.181831[0m
[0m[ INFO] [1746508668.297677016]: integral_error_y: -66.741539[0m
[0m[ INFO] [1746508668.297709176]: w: -1597.266968[0m
[0m[ INFO] [1746508668.297741369]: Publishing motor command - Left: 4065.704346, Right: 3270.768311[0m
[0m[ INFO] [1746508668.401258585]: Target - x: 600.000000, y: 0.000000, phi: 0.000000[0m
[0m[ INFO] [1746508668.401356122]: Current - x: 148.307114, y: 141.260132, phi: 39.342384[0m
[0m[ INFO] [1746508668.401493948]: Error - x: 451.692871, y: -141.260132[0m
[0m[ INFO] [1746508668.401605022]: error_y: -141.260132[0m
[0m[ INFO] [1746508668.401674751]: integral_error_y: -80.867554[0m
[0m[ INFO] [1746508668.401721279]: w: -1678.541016[0m
[0m[ INFO] [1746508668.401766304]: Publishing motor command - Left: 4181.800293, Right: 3346.414795[0m
[0m[ INFO] [1746508668.496224031]: Target - x: 630.000000, y: 0.000000, phi: 0.000000[0m
[0m[ INFO] [1746508668.496306272]: Current - x: 168.608444, y: 158.007080, phi: 37.911583[0m
[0m[ INFO] [1746508668.496345569]: Error - x: 461.391541, y: -158.007080[0m
[0m[ INFO] [1746508668.496377889]: error_y: -158.007080[0m
[0m[ INFO] [1746508668.496421506]: integral_error_y: -96.668259[0m
[0m[ INFO] [1746508668.496454050]: w: -1753.795044[0m
[0m[ INFO] [1746508668.496521635]: Publishing motor command - Left: 4281.348145, Right: 3408.510498[0m
[0m[ INFO] [1746508668.597242108]: Target - x: 660.000000, y: 0.000000, phi: 0.000000[0m
[0m[ INFO] [1746508668.597358781]: Current - x: 189.417969, y: 174.762756, phi: 36.908363[0m
[0m[ INFO] [1746508668.597550656]: Error - x: 470.582031, y: -174.762756[0m
[0m[ INFO] [1746508668.597650017]: error_y: -174.762756[0m
[0m[ INFO] [1746508668.597744739]: integral_error_y: -100.000000[0m
[0m[ INFO] [1746508668.597796164]: w: -1763.048950[0m
[0m[ INFO] [1746508668.597847684]: Publishing motor command - Left: 4360.238770, Right: 3482.795166[0m
[0m[ INFO] [1746508668.697621263]: Target - x: 690.000000, y: 0.000000, phi: 0.000000[0m
[0m[ INFO] [1746508668.697708368]: Current - x: 211.739975, y: 191.867813, phi: 36.010090[0m
[0m[ INFO] [1746508668.697744785]: Error - x: 478.260010, y: -191.867813[0m
[0m[ INFO] [1746508668.697777265]: error_y: -191.867813[0m
[0m[ INFO] [1746508668.697844402]: integral_error_y: -100.000000[0m
[0m[ INFO] [1746508668.697905491]: w: -1806.539551[0m
[0m[ INFO] [1746508668.697978548]: Publishing motor command - Left: 4435.043945, Right: 3535.956055[0m
[0m[ INFO] [1746508668.801056430]: Target - x: 720.000000, y: 0.000000, phi: 0.000000[0m
[0m[ INFO] [1746508668.801422963]: Current - x: 234.957077, y: 208.788162, phi: 34.361607[0m
[0m[ INFO] [1746508668.801571285]: Error - x: 485.042908, y: -208.788162[0m
[0m[ INFO] [1746508668.801687511]: error_y: -208.788162[0m
[0m[ INFO] [1746508668.801801081]: integral_error_y: -100.000000[0m
[0m[ INFO] [1746508668.801853081]: w: -1796.528931[0m
[0m[ INFO] [1746508668.801894394]: Publishing motor command - Left: 4489.077148, Right: 3594.970947[0m
[0m[ INFO] [1746508668.896278360]: Target - x: 750.000000, y: 0.000000, phi: 0.000000[0m
[0m[ INFO] [1746508668.896369657]: Current - x: 260.044464, y: 226.545349, phi: 32.924217[0m
[0m[ INFO] [1746508668.896430234]: Error - x: 489.955536, y: -226.545349[0m
[0m[ INFO] [1746508668.896478523]: error_y: -226.545349[0m
[0m[ INFO] [1746508668.896510843]: integral_error_y: -100.000000[0m
[0m[ INFO] [1746508668.896539932]: w: -1889.091431[0m
[0m[ INFO] [1746508668.896570940]: Publishing motor command - Left: 4553.049316, Right: 3612.876221[0m
[0m[ INFO] [1746508668.997627929]: Target - x: 780.000000, y: 0.000000, phi: 0.000000[0m
[0m[ INFO] [1746508668.997742587]: Current - x: 286.032898, y: 243.700150, phi: 31.058054[0m
[0m[ INFO] [1746508668.997997438]: Error - x: 493.967102, y: -243.700150[0m
[0m[ INFO] [1746508668.998071072]: error_y: -243.700150[0m
[0m[ INFO] [1746508668.998394692]: integral_error_y: -100.000000[0m
[0m[ INFO] [1746508668.998481541]: w: -1837.430054[0m
[0m[ INFO] [1746508668.998575239]: Publishing motor command - Left: 4573.623535, Right: 3659.161865[0m
[0m[ INFO] [1746508669.097476229]: Target - x: 810.000000, y: 0.000000, phi: 0.000000[0m
[0m[ INFO] [1746508669.097592167]: Current - x: 313.858917, y: 261.334869, phi: 29.938507[0m
[0m[ INFO] [1746508669.097674952]: Error - x: 496.141083, y: -261.334869[0m
[0m[ INFO] [1746508669.097757897]: error_y: -261.334869[0m
[0m[ INFO] [1746508669.097837194]: integral_error_y: -100.000000[0m
[0m[ INFO] [1746508669.097895531]: w: -1894.239380[0m
[0m[ INFO] [1746508669.097928203]: Publishing motor command - Left: 4605.876465, Right: 3663.141602[0m
[0m[ INFO] [1746508669.362212985]: Target - x: 900.000000, y: 0.000000, phi: 0.000000[0m
[0m[ INFO] [1746508669.362336187]: Current - x: 341.961700, y: 277.746613, phi: 28.391378[0m
[0m[ INFO] [1746508669.362374523]: Error - x: 558.038330, y: -277.746613[0m
[0m[ INFO] [1746508669.362405724]: error_y: -277.746613[0m
[0m[ INFO] [1746508669.362434108]: integral_error_y: -100.000000[0m
[0m[ INFO] [1746508669.362473341]: w: -1780.147583[0m
[0m[ INFO] [1746508669.362507357]: Publishing motor command - Left: 5093.295898, Right: 4207.342773[0m
[0m[ INFO] [1746508669.362813666]: Target - x: 900.000000, y: 0.000000, phi: 0.000000[0m
[0m[ INFO] [1746508669.362877539]: Current - x: 370.983643, y: 293.765503, phi: 26.308130[0m
[0m[ INFO] [1746508669.363002212]: Error - x: 529.016357, y: -293.765503[0m
[0m[ INFO] [1746508669.363067749]: error_y: -293.765503[0m
[0m[ INFO] [1746508669.363123750]: integral_error_y: -100.000000[0m
[0m[ INFO] [1746508669.363158439]: w: -1748.871704[0m
[0m[ INFO] [1746508669.363190983]: Publishing motor command - Left: 4843.663574, Right: 3973.276123[0m
[0m[ INFO] [1746508669.396972935]: Target - x: 900.000000, y: 0.000000, phi: 0.000000[0m
[0m[ INFO] [1746508669.397069321]: Current - x: 403.998108, y: 312.106445, phi: 24.539129[0m
[0m[ INFO] [1746508669.397143370]: Error - x: 496.001892, y: -312.106445[0m
[0m[ INFO] [1746508669.397205643]: error_y: -312.106445[0m
[0m[ INFO] [1746508669.397237771]: integral_error_y: -100.000000[0m
[0m[ INFO] [1746508669.397267884]: w: -1990.247437[0m
[0m[ INFO] [1746508669.397299404]: Publishing motor command - Left: 4628.607422, Right: 3638.090576[0m
[0m[ INFO] [1746508669.497457180]: Target - x: 930.000000, y: 0.000000, phi: 0.000000[0m
[0m[ INFO] [1746508669.497625599]: Current - x: 434.702789, y: 326.598114, phi: 22.454683[0m
[0m[ INFO] [1746508669.497693503]: Error - x: 495.297211, y: -326.598114[0m
[0m[ INFO] [1746508669.497728736]: error_y: -326.598114[0m
[0m[ INFO] [1746508669.497760064]: integral_error_y: -100.000000[0m
[0m[ INFO] [1746508669.497789025]: w: -1612.565918[0m
[0m[ INFO] [1746508669.497821345]: Publishing motor command - Left: 4528.751953, Right: 3726.201904[0m
[0m[ INFO] [1746508669.596298650]: Target - x: 960.000000, y: 0.000000, phi: 0.000000[0m
[0m[ INFO] [1746508669.596405179]: Current - x: 467.313965, y: 340.774963, phi: 20.367842[0m
[0m[ INFO] [1746508669.596929315]: Error - x: 492.686035, y: -340.774963[0m
[0m[ INFO] [1746508669.596988291]: error_y: -340.774963[0m
[0m[ INFO] [1746508669.597259623]: integral_error_y: -100.000000[0m
[0m[ INFO] [1746508669.597325256]: w: -1588.172363[0m
[0m[ INFO] [1746508669.597386025]: Publishing motor command - Left: 4500.921875, Right: 3710.511719[0m
[0m[ INFO] [1746508669.696129701]: Target - x: 990.000000, y: 0.000000, phi: 0.000000[0m
[0m[ INFO] [1746508669.696218566]: Current - x: 501.115326, y: 354.174774, phi: 18.707981[0m
[0m[ INFO] [1746508669.696256647]: Error - x: 488.884674, y: -354.174774[0m
[0m[ INFO] [1746508669.696289319]: error_y: -354.174774[0m
[0m[ INFO] [1746508669.696376457]: integral_error_y: -100.000000[0m
[0m[ INFO] [1746508669.696449482]: w: -1517.168457[0m
[0m[ INFO] [1746508669.696485258]: Publishing motor command - Left: 4451.575195, Right: 3696.502930[0m
[0m[ INFO] [1746508669.803042197]: Target - x: 1020.000000, y: 0.000000, phi: 0.000000[0m
[0m[ INFO] [1746508669.803128374]: Current - x: 535.228271, y: 366.172760, phi: 16.727285[0m
[0m[ INFO] [1746508669.803164855]: Error - x: 484.771729, y: -366.172760[0m
[0m[ INFO] [1746508669.803197303]: error_y: -366.172760[0m
[0m[ INFO] [1746508669.803236376]: integral_error_y: -100.000000[0m
[0m[ INFO] [1746508669.803301593]: w: -1382.984985[0m
[0m[ INFO] [1746508669.803373754]: Publishing motor command - Left: 4383.909668, Right: 3695.618896[0m
[0m[ INFO] [1746508669.896622664]: Target - x: 1050.000000, y: 0.000000, phi: 0.000000[0m
[0m[ INFO] [1746508669.896733833]: Current - x: 570.755005, y: 377.742065, phi: 15.387062[0m
[0m[ INFO] [1746508669.896803210]: Error - x: 479.244995, y: -377.742065[0m
[0m[ INFO] [1746508669.896889708]: error_y: -377.742065[0m
[0m[ INFO] [1746508669.896923980]: integral_error_y: -100.000000[0m
[0m[ INFO] [1746508669.896966349]: w: -1345.901489[0m
[0m[ INFO] [1746508669.897001677]: Publishing motor command - Left: 4328.625977, Right: 3658.790771[0m
[0m[ INFO] [1746508670.004025183]: Target - x: 1080.000000, y: 0.000000, phi: 0.000000[0m
[0m[ INFO] [1746508670.004114336]: Current - x: 605.908142, y: 387.789368, phi: 13.833946[0m
[0m[ INFO] [1746508670.004152705]: Error - x: 474.091858, y: -387.789368[0m
[0m[ INFO] [1746508670.004187393]: error_y: -387.789368[0m
[0m[ INFO] [1746508670.004240962]: integral_error_y: -100.000000[0m
[0m[ INFO] [1746508670.004286947]: w: -1198.724854[0m
[0m[ INFO] [1746508670.004351012]: Publishing motor command - Left: 4249.059570, Right: 3652.471680[0m
[0m[ INFO] [1746508670.097051273]: Target - x: 1110.000000, y: 0.000000, phi: 0.000000[0m
[0m[ INFO] [1746508670.097143179]: Current - x: 641.675476, y: 397.112854, phi: 12.280232[0m
[0m[ INFO] [1746508670.097180683]: Error - x: 468.324524, y: -397.112854[0m
[0m[ INFO] [1746508670.097213164]: error_y: -397.112854[0m
[0m[ INFO] [1746508670.097244396]: integral_error_y: -100.000000[0m
[0m[ INFO] [1746508670.097344110]: w: -1131.005005[0m
[0m[ INFO] [1746508670.097423151]: Publishing motor command - Left: 4184.146973, Right: 3621.261963[0m
[0m[ INFO] [1746508670.204688580]: Target - x: 1140.000000, y: 0.000000, phi: 0.000000[0m
[0m[ INFO] [1746508670.205094570]: Current - x: 677.511414, y: 405.318176, phi: 10.405684[0m
[0m[ INFO] [1746508670.205240780]: Error - x: 462.488586, y: -405.318176[0m
[0m[ INFO] [1746508670.205442383]: error_y: -405.318176[0m
[0m[ INFO] [1746508670.206691968]: integral_error_y: -100.000000[0m
[0m[ INFO] [1746508670.206755073]: w: -1023.291260[0m
[0m[ INFO] [1746508670.206796162]: Publishing motor command - Left: 4108.709961, Right: 3599.433350[0m
[0m[ INFO] [1746508670.297036901]: Target - x: 1170.000000, y: 0.000000, phi: 0.000000[0m
[0m[ INFO] [1746508670.297128646]: Current - x: 713.890503, y: 412.898865, phi: 9.386893[0m
[0m[ INFO] [1746508670.297197319]: Error - x: 456.109497, y: -412.898865[0m
[0m[ INFO] [1746508670.297244616]: error_y: -412.898865[0m
[0m[ INFO] [1746508670.297306985]: integral_error_y: -100.000000[0m
[0m[ INFO] [1746508670.297351017]: w: -964.618286[0m
[0m[ INFO] [1746508670.297389066]: Publishing motor command - Left: 4040.950439, Right: 3560.874268[0m
[0m[ INFO] [1746508670.403138569]: Target - x: 1200.000000, y: 0.000000, phi: 0.000000[0m
[0m[ INFO] [1746508670.403234731]: Current - x: 750.536621, y: 419.080750, phi: 7.725836[0m
[0m[ INFO] [1746508670.403274731]: Error - x: 449.463379, y: -419.080750[0m
[0m[ INFO] [1746508670.403313932]: error_y: -419.080750[0m
[0m[ INFO] [1746508670.403365132]: integral_error_y: -100.000000[0m
[0m[ INFO] [1746508670.403398381]: w: -827.828857[0m
[0m[ INFO] [1746508670.403431597]: Publishing motor command - Left: 3951.527100, Right: 3539.529053[0m
[0m[ INFO] [1746508670.496517689]: Target - x: 1230.000000, y: 0.000000, phi: 0.000000[0m
[0m[ INFO] [1746508670.496604634]: Current - x: 787.479736, y: 424.674286, phi: 6.171523[0m
[0m[ INFO] [1746508670.496824285]: Error - x: 442.520264, y: -424.674286[0m
[0m[ INFO] [1746508670.496859422]: error_y: -424.674286[0m
[0m[ INFO] [1746508670.496889630]: integral_error_y: -100.000000[0m
[0m[ INFO] [1746508670.496918495]: w: -771.790771[0m
[0m[ INFO] [1746508670.496980479]: Publishing motor command - Left: 3879.723389, Right: 3495.614502[0m
[0m[ INFO] [1746508670.603012355]: Target - x: 1260.000000, y: 0.000000, phi: 0.000000[0m
[0m[ INFO] [1746508670.603418697]: Current - x: 823.382446, y: 428.982452, phi: 4.404917[0m
[0m[ INFO] [1746508670.603562603]: Error - x: 436.617554, y: -428.982452[0m
[0m[ INFO] [1746508670.603665388]: error_y: -428.982452[0m
[0m[ INFO] [1746508670.603718477]: integral_error_y: -100.000000[0m
[0m[ INFO] [1746508670.603812910]: w: -645.407837[0m
[0m[ INFO] [1746508670.603871855]: Publishing motor command - Left: 3799.084229, Right: 3477.874756[0m
[0m[ INFO] [1746508670.696553333]: Target - x: 1290.000000, y: 0.000000, phi: 0.000000[0m
[0m[ INFO] [1746508670.696642614]: Current - x: 860.565491, y: 432.633820, phi: 3.278783[0m
[0m[ INFO] [1746508670.696703255]: Error - x: 429.434509, y: -432.633820[0m
[0m[ INFO] [1746508670.696767512]: error_y: -432.633820[0m
[0m[ INFO] [1746508670.696801912]: integral_error_y: -100.000000[0m
[0m[ INFO] [1746508670.696855449]: w: -581.553589[0m
[0m[ INFO] [1746508670.696914042]: Publishing motor command - Left: 3723.335938, Right: 3433.905518[0m
[0m[ INFO] [1746508670.803599911]: Target - x: 1320.000000, y: 0.000000, phi: 0.000000[0m
[0m[ INFO] [1746508670.803711432]: Current - x: 898.632996, y: 435.332703, phi: 2.579629[0m
[0m[ INFO] [1746508670.803765065]: Error - x: 421.367004, y: -435.332703[0m
[0m[ INFO] [1746508670.803833290]: error_y: -435.332703[0m
[0m[ INFO] [1746508670.803924299]: integral_error_y: -100.000000[0m
[0m[ INFO] [1746508670.803999372]: w: -487.654663[0m
[0m[ INFO] [1746508670.804066061]: Publishing motor command - Left: 3632.740967, Right: 3390.042236[0m
[0m[ INFO] [1746508670.896804596]: Target - x: 1350.000000, y: 0.000000, phi: 0.000000[0m
[0m[ INFO] [1746508670.896917077]: Current - x: 935.158936, y: 436.928894, phi: 1.026514[0m
[0m[ INFO] [1746508670.896995607]: Error - x: 414.841064, y: -436.928894[0m
[0m[ INFO] [1746508670.897056375]: error_y: -436.928894[0m
[0m[ INFO] [1746508670.897101912]: integral_error_y: -100.000000[0m
[0m[ INFO] [1746508670.897134393]: w: -378.183594[0m
[0m[ INFO] [1746508670.897190521]: Publishing motor command - Left: 3551.116943, Right: 3362.900635[0m
[0m[ INFO] [1746508671.000302035]: Target - x: 1380.000000, y: 0.000000, phi: 0.000000[0m
[0m[ INFO] [1746508671.000414965]: Current - x: 971.087280, y: 438.295410, phi: 0.223609[0m
[0m[ INFO] [1746508671.000476214]: Error - x: 408.912720, y: -438.295410[0m
[0m[ INFO] [1746508671.000522646]: error_y: -438.295410[0m
[0m[ INFO] [1746508671.000555895]: integral_error_y: -100.000000[0m
[0m[ INFO] [1746508671.000595927]: w: -355.899323[0m
[0m[ INFO] [1746508671.000652440]: Publishing motor command - Left: 3496.168945, Right: 3319.043213[0m
[0m[ INFO] [1746508671.097371351]: Target - x: 1410.000000, y: 0.000000, phi: 0.000000[0m
[0m[ INFO] [1746508671.097484921]: Current - x: 1005.637878, y: 438.511597, phi: -1.112423[0m
[0m[ INFO] [1746508671.097547322]: Error - x: 404.362122, y: -438.511597[0m
[0m[ INFO] [1746508671.097622395]: error_y: -438.511597[0m
[0m[ INFO] [1746508671.097657019]: integral_error_y: -100.000000[0m
[0m[ INFO] [1746508671.097688764]: w: -240.974457[0m
[0m[ INFO] [1746508671.097722620]: Publishing motor command - Left: 3429.649170, Right: 3309.719482[0m
[0m[ INFO] [1746508671.204764462]: Target - x: 1440.000000, y: 0.000000, phi: 0.000000[0m
[0m[ INFO] [1746508671.205060818]: Current - x: 1042.796143, y: 438.465088, phi: -1.703034[0m
[0m[ INFO] [1746508671.205125235]: Error - x: 397.203857, y: -438.465088[0m
[0m[ INFO] [1746508671.205182964]: error_y: -438.465088[0m
[0m[ INFO] [1746508671.205372407]: integral_error_y: -100.000000[0m
[0m[ INFO] [1746508671.205480952]: w: -214.681671[0m
[0m[ INFO] [1746508671.205545305]: Publishing motor command - Left: 3363.454102, Right: 3256.610352[0m
[0m[ INFO] [1746508671.297049454]: Target - x: 1470.000000, y: 0.000000, phi: 0.000000[0m
[0m[ INFO] [1746508671.297167216]: Current - x: 1077.531006, y: 437.352814, phi: -3.146410[0m
[0m[ INFO] [1746508671.297206768]: Error - x: 392.468994, y: -437.352814[0m
[0m[ INFO] [1746508671.297239633]: error_y: -437.352814[0m
[0m[ INFO] [1746508671.297291281]: integral_error_y: -100.000000[0m
[0m[ INFO] [1746508671.297325170]: w: -107.548988[0m
[0m[ INFO] [1746508671.297357970]: Publishing motor command - Left: 3297.337646, Right: 3243.812256[0m
[0m[ INFO] [1746508671.401659069]: Target - x: 1500.000000, y: 0.000000, phi: 0.000000[0m
[0m[ INFO] [1746508671.403275988]: Current - x: 1113.059692, y: 436.047424, phi: -3.948716[0m
[0m[ INFO] [1746508671.403548984]: Error - x: 386.940308, y: -436.047424[0m
[0m[ INFO] [1746508671.403705210]: error_y: -436.047424[0m
[0m[ INFO] [1746508671.403842012]: integral_error_y: -100.000000[0m
[0m[ INFO] [1746508671.403898941]: w: -87.584770[0m
[0m[ INFO] [1746508671.404016094]: Publishing motor command - Left: 3246.297607, Right: 3202.707764[0m
[0m[ INFO] [1746508671.496950056]: Target - x: 1530.000000, y: 0.000000, phi: 0.000000[0m
[0m[ INFO] [1746508671.497092778]: Current - x: 1148.948120, y: 433.889618, phi: -4.537531[0m
[0m[ INFO] [1746508671.497144170]: Error - x: 381.051880, y: -433.889618[0m
[0m[ INFO] [1746508671.497178315]: error_y: -433.889618[0m
[0m[ INFO] [1746508671.497208043]: integral_error_y: -100.000000[0m
[0m[ INFO] [1746508671.497248908]: w: -1.264169[0m
[0m[ INFO] [1746508671.497311661]: Publishing motor command - Left: 3175.746826, Right: 3175.117920[0m
[0m[ INFO] [1746508671.596311724]: Target - x: 1560.000000, y: 0.000000, phi: 0.000000[0m
[0m[ INFO] [1746508671.596519503]: Current - x: 1182.384399, y: 431.158569, phi: -5.979110[0m
[0m[ INFO] [1746508671.596577456]: Error - x: 377.615601, y: -431.158569[0m
[0m[ INFO] [1746508671.596643921]: error_y: -431.158569[0m
[0m[ INFO] [1746508671.596703954]: integral_error_y: -100.000000[0m
[0m[ INFO] [1746508671.596738962]: w: 57.425575[0m
[0m[ INFO] [1746508671.596798483]: Publishing motor command - Left: 3132.506592, Right: 3161.086670[0m
[0m[ INFO] [1746508671.696358074]: Target - x: 1590.000000, y: 0.000000, phi: 0.000000[0m
[0m[ INFO] [1746508671.696456700]: Current - x: 1217.000244, y: 428.102600, phi: -6.994306[0m
[0m[ INFO] [1746508671.696495388]: Error - x: 372.999756, y: -428.102600[0m
[0m[ INFO] [1746508671.696563901]: error_y: -428.102600[0m
[0m[ INFO] [1746508671.696624222]: integral_error_y: -100.000000[0m
[0m[ INFO] [1746508671.696679359]: w: 91.445625[0m
[0m[ INFO] [1746508671.696714559]: Publishing motor command - Left: 3085.575928, Right: 3131.086914[0m
[0m[ INFO] [1746508671.798715178]: Target - x: 1620.000000, y: 0.000000, phi: 0.000000[0m
[0m[ INFO] [1746508671.799100495]: Current - x: 1250.741943, y: 424.394165, phi: -7.580127[0m
[0m[ INFO] [1746508671.799197232]: Error - x: 369.258057, y: -424.394165[0m
[0m[ INFO] [1746508671.799321842]: error_y: -424.394165[0m
[0m[ INFO] [1746508671.799380563]: integral_error_y: -100.000000[0m
[0m[ INFO] [1746508671.799428148]: w: 158.546417[0m
[0m[ INFO] [1746508671.799495925]: Publishing motor command - Left: 3037.697266, Right: 3116.603516[0m
[0m[ INFO] [1746508671.896420342]: Target - x: 1650.000000, y: 0.000000, phi: 0.000000[0m
[0m[ INFO] [1746508671.896539512]: Current - x: 1284.020874, y: 420.201935, phi: -7.951259[0m
[0m[ INFO] [1746508671.896612761]: Error - x: 365.979126, y: -420.201935[0m
[0m[ INFO] [1746508671.896652282]: error_y: -420.201935[0m
[0m[ INFO] [1746508671.896683546]: integral_error_y: -100.000000[0m
[0m[ INFO] [1746508671.896986207]: w: 209.022049[0m
[0m[ INFO] [1746508671.897050559]: Publishing motor command - Left: 2997.812500, Right: 3101.839844[0m
[0m[ INFO] [1746508672.004100945]: Target - x: 1680.000000, y: 0.000000, phi: 0.000000[0m
[0m[ INFO] [1746508672.004189235]: Current - x: 1317.840820, y: 415.492950, phi: -8.644423[0m
[0m[ INFO] [1746508672.004228947]: Error - x: 362.159180, y: -415.492950[0m
[0m[ INFO] [1746508672.004273748]: error_y: -415.492950[0m
[0m[ INFO] [1746508672.004317812]: integral_error_y: -100.000000[0m
[0m[ INFO] [1746508672.004348693]: w: 263.051971[0m
[0m[ INFO] [1746508672.004408598]: Publishing motor command - Left: 2952.534424, Right: 3083.451904[0m
[0m[ INFO] [1746508672.096920697]: Target - x: 1710.000000, y: 0.000000, phi: 0.000000[0m
[0m[ INFO] [1746508672.097051130]: Current - x: 1350.842529, y: 410.743103, phi: -9.122302[0m
[0m[ INFO] [1746508672.097093595]: Error - x: 359.157471, y: -410.743103[0m
[0m[ INFO] [1746508672.097126684]: error_y: -410.743103[0m
[0m[ INFO] [1746508672.097171676]: integral_error_y: -100.000000[0m
[0m[ INFO] [1746508672.097203677]: w: 269.513184[0m
[0m[ INFO] [1746508672.097235709]: Publishing motor command - Left: 2925.912354, Right: 3060.045166[0m
[0m[ INFO] [1746508672.198254937]: Target - x: 1740.000000, y: 0.000000, phi: 0.000000[0m
[0m[ INFO] [1746508672.198380571]: Current - x: 1382.788086, y: 405.719910, phi: -9.705728[0m
[0m[ INFO] [1746508672.198485724]: Error - x: 357.211914, y: -405.719910[0m
[0m[ INFO] [1746508672.198611902]: error_y: -405.719910[0m
[0m[ INFO] [1746508672.198667391]: integral_error_y: -100.000000[0m
[0m[ INFO] [1746508672.198714976]: w: 299.359375[0m
[0m[ INFO] [1746508672.198766176]: Publishing motor command - Left: 2902.272461, Right: 3051.259521[0m
[0m[ INFO] [1746508672.296725041]: Target - x: 1770.000000, y: 0.000000, phi: 0.000000[0m
[0m[ INFO] [1746508672.296820466]: Current - x: 1415.906372, y: 400.418915, phi: -9.648681[0m
[0m[ INFO] [1746508672.296858835]: Error - x: 354.093628, y: -400.418915[0m
[0m[ INFO] [1746508672.296899763]: error_y: -400.418915[0m
[0m[ INFO] [1746508672.296929716]: integral_error_y: -100.000000[0m
[0m[ INFO] [1746508672.296972564]: w: 329.790009[0m
[0m[ INFO] [1746508672.297008149]: Publishing motor command - Left: 2868.714600, Right: 3032.845947[0m
[0m[ INFO] [1746508672.396515867]: Target - x: 1800.000000, y: 0.000000, phi: 0.000000[0m
[0m[ INFO] [1746508672.396668573]: Current - x: 1449.943970, y: 394.516022, phi: -9.914266[0m
[0m[ INFO] [1746508672.396745023]: Error - x: 350.056030, y: -394.516022[0m
[0m[ INFO] [1746508672.396805759]: error_y: -394.516022[0m
[0m[ INFO] [1746508672.396853184]: integral_error_y: -100.000000[0m
[0m[ INFO] [1746508672.396896001]: w: 392.931305[0m
[0m[ INFO] [1746508672.396942689]: Publishing motor command - Left: 2819.355469, Right: 3014.911377[0m
[0m[ INFO] [1746508672.496744972]: Target - x: 1830.000000, y: 0.000000, phi: 0.000000[0m
[0m[ INFO] [1746508672.496875822]: Current - x: 1481.401001, y: 389.003204, phi: -10.497093[0m
[0m[ INFO] [1746508672.496986063]: Error - x: 348.598999, y: -389.003204[0m
[0m[ INFO] [1746508672.497022768]: error_y: -389.003204[0m
[0m[ INFO] [1746508672.497052400]: integral_error_y: -100.000000[0m
[0m[ INFO] [1746508672.497080017]: w: 356.680145[0m
[0m[ INFO] [1746508672.497111441]: Publishing motor command - Left: 2816.234375, Right: 2993.748779[0m
[0m[ INFO] [1746508672.600235371]: Target - x: 1860.000000, y: 0.000000, phi: 0.000000[0m
[0m[ INFO] [1746508672.600369773]: Current - x: 1513.458130, y: 383.447845, phi: -10.331505[0m
[0m[ INFO] [1746508672.600410990]: Error - x: 346.541870, y: -383.447845[0m
[0m[ INFO] [1746508672.600468110]: error_y: -383.447845[0m
[0m[ INFO] [1746508672.600500655]: integral_error_y: -100.000000[0m
[0m[ INFO] [1746508672.600530063]: w: 363.711945[0m
[0m[ INFO] [1746508672.600563312]: Publishing motor command - Left: 2797.341797, Right: 2978.356201[0m
[0m[ INFO] [1746508672.697277838]: Target - x: 1890.000000, y: 0.000000, phi: 0.000000[0m
[0m[ INFO] [1746508672.697370992]: Current - x: 1544.840088, y: 377.528656, phi: -10.700242[0m
[0m[ INFO] [1746508672.697611059]: Error - x: 345.159912, y: -377.528656[0m
[0m[ INFO] [1746508672.697668532]: error_y: -377.528656[0m
[0m[ INFO] [1746508672.697716373]: integral_error_y: -100.000000[0m
[0m[ INFO] [1746508672.697746709]: w: 403.054596[0m
[0m[ INFO] [1746508672.697777334]: Publishing motor command - Left: 2776.035400, Right: 2976.629883[0m
[0m[ INFO] [1746508672.800164805]: Target - x: 1920.000000, y: 0.000000, phi: 0.000000[0m
[0m[ INFO] [1746508672.800301575]: Current - x: 1576.026978, y: 371.649231, phi: -11.389814[0m
[0m[ INFO] [1746508672.800407048]: Error - x: 343.973022, y: -371.649231[0m
[0m[ INFO] [1746508672.800554858]: error_y: -371.649231[0m
[0m[ INFO] [1746508672.800664972]: integral_error_y: -100.000000[0m
[0m[ INFO] [1746508672.800770222]: w: 402.017883[0m
[0m[ INFO] [1746508672.800845551]: Publishing motor command - Left: 2766.402588, Right: 2966.480713[0m
[0m[ INFO] [1746508672.896416221]: Target - x: 1950.000000, y: 0.000000, phi: 0.000000[0m
[0m[ INFO] [1746508672.896516767]: Current - x: 1608.622437, y: 365.696045, phi: -10.689901[0m
[0m[ INFO] [1746508672.896582175]: Error - x: 341.377563, y: -365.696045[0m
[0m[ INFO] [1746508672.896641728]: error_y: -365.696045[0m
[0m[ INFO] [1746508672.896680609]: integral_error_y: -100.000000[0m
[0m[ INFO] [1746508672.896736802]: w: 412.370575[0m
[0m[ INFO] [1746508672.896771074]: Publishing motor command - Left: 2742.197998, Right: 2947.428467[0m
[0m[ INFO] [1746508672.997630684]: Target - x: 1980.000000, y: 0.000000, phi: 0.000000[0m
[0m[ INFO] [1746508672.997826911]: Current - x: 1639.121460, y: 359.450165, phi: -11.057442[0m
[0m[ INFO] [1746508672.997925120]: Error - x: 340.878540, y: -359.450165[0m
[0m[ INFO] [1746508672.998047458]: error_y: -359.450165[0m
[0m[ INFO] [1746508672.998191652]: integral_error_y: -100.000000[0m
[0m[ INFO] [1746508672.998299237]: w: 444.762909[0m
[0m[ INFO] [1746508672.998355302]: Publishing motor command - Left: 2729.978760, Right: 2951.330811[0m
[0m[ INFO] [1746508673.097225091]: Target - x: 2010.000000, y: 0.000000, phi: 0.000000[0m
[0m[ INFO] [1746508673.097349733]: Current - x: 1670.078735, y: 353.443329, phi: -11.639670[0m
[0m[ INFO] [1746508673.097425798]: Error - x: 339.921265, y: -353.443329[0m
[0m[ INFO] [1746508673.097476135]: error_y: -353.443329[0m
[0m[ INFO] [1746508673.097509095]: integral_error_y: -100.000000[0m
[0m[ INFO] [1746508673.097543464]: w: 423.861908[0m
[0m[ INFO] [1746508673.097601897]: Publishing motor command - Left: 2727.202148, Right: 2938.152100[0m
[0m[ INFO] [1746508673.196845451]: Target - x: 2010.000000, y: 0.000000, phi: 0.000000[0m
[0m[ INFO] [1746508673.197016590]: Current - x: 1702.018799, y: 347.249481, phi: -11.474082[0m
[0m[ INFO] [1746508673.197077871]: Error - x: 307.981201, y: -347.249481[0m
[0m[ INFO] [1746508673.197392851]: Publishing motor command - Left: -885.124573, Right: 885.124573[0m
[0m[ INFO] [1746508673.297351808]: Target - x: 2010.000000, y: 0.000000, phi: 0.000000[0m
[0m[ INFO] [1746508673.297441921]: Current - x: 1733.309326, y: 340.881683, phi: -11.200552[0m
[0m[ INFO] [1746508673.297513762]: Error - x: 276.690674, y: -340.881683[0m
[0m[ INFO] [1746508673.297591459]: Publishing motor command - Left: -150.214005, Right: 150.214005[0m
[0m[ INFO] [1746508673.397478671]: Target - x: 2010.000000, y: 0.000000, phi: 0.000000[0m
[0m[ INFO] [1746508673.397636913]: Current - x: 1732.823120, y: 340.910065, phi: 5.070841[0m
[0m[ INFO] [1746508673.397771763]: Error - x: 277.176880, y: -340.910065[0m
[0m[ INFO] [1746508673.397854996]: Publishing motor command - Left: 1087.964478, Right: -1087.964478[0m
[0m[ INFO] [1746508673.496909108]: Target - x: 2010.000000, y: 0.000000, phi: 0.000000[0m
[0m[ INFO] [1746508673.497029942]: Current - x: 1759.798828, y: 335.479797, phi: 4.708690[0m
[0m[ INFO] [1746508673.497098199]: Error - x: 250.201172, y: -335.479797[0m
[0m[ INFO] [1746508673.497151608]: Publishing motor command - Left: 47.773743, Right: -47.773743[0m
[0m[ INFO] [1746508673.598374038]: Target - x: 2010.000000, y: 0.000000, phi: 0.000000[0m
[0m[ INFO] [1746508673.598680059]: Current - x: 1778.628540, y: 336.933472, phi: 3.396011[0m
[0m[ INFO] [1746508673.598764124]: Error - x: 231.371460, y: -336.933472[0m
[0m[ INFO] [1746508673.598845469]: Publishing motor command - Left: -30.958288, Right: 30.958288[0m
[0m[ INFO] [1746508673.696114820]: Target - x: 2010.000000, y: 0.000000, phi: 0.000000[0m
[0m[ INFO] [1746508673.696224453]: Current - x: 1790.877563, y: 337.607025, phi: 0.273452[0m
[0m[ INFO] [1746508673.696291238]: Error - x: 219.122437, y: -337.607025[0m
[0m[ INFO] [1746508673.696364359]: Publishing motor command - Left: -190.173630, Right: 190.173630[0m
[0m[ INFO] [1746508673.802375274]: Target - x: 2010.000000, y: 0.000000, phi: 0.000000[0m
[0m[ INFO] [1746508673.803244278]: Current - x: 1799.328735, y: 337.838654, phi: -3.378642[0m
[0m[ INFO] [1746508673.803372344]: Error - x: 210.671265, y: -337.838654[0m
[0m[ INFO] [1746508673.803546298]: Publishing motor command - Left: -277.644135, Right: 277.644135[0m
[0m[ INFO] [1746508673.896947722]: Target - x: 2010.000000, y: 0.000000, phi: 0.000000[0m
[0m[ INFO] [1746508673.897071212]: Current - x: 1807.171509, y: 337.736084, phi: -5.424167[0m
[0m[ INFO] [1746508673.897107756]: Error - x: 202.828491, y: -337.736084[0m
[0m[ INFO] [1746508673.897146125]: Publishing motor command - Left: -208.239319, Right: 208.239319[0m
[0m[ INFO] [1746508674.003397939]: Target - x: 2010.000000, y: 0.000000, phi: 0.000000[0m
[0m[ INFO] [1746508674.003769592]: Current - x: 1815.993408, y: 337.114929, phi: -6.721877[0m
[0m[ INFO] [1746508674.003983483]: Error - x: 194.006592, y: -337.114929[0m
[0m[ INFO] [1746508674.004084093]: Publishing motor command - Left: -181.092728, Right: 181.092728[0m
[0m[ INFO] [1746508674.097639886]: Target - x: 2010.000000, y: 0.000000, phi: 0.000000[0m
[0m[ INFO] [1746508674.097761584]: Current - x: 1825.388428, y: 336.159637, phi: -7.485261[0m
[0m[ INFO] [1746508674.097826097]: Error - x: 184.611572, y: -336.159637[0m
[0m[ INFO] [1746508674.097878898]: Publishing motor command - Left: -159.249756, Right: 159.249756[0m
[0m[ INFO] [1746508674.373110393]: Target - x: 2010.000000, y: 0.000000, phi: 0.000000[0m
[0m[ INFO] [1746508674.373231195]: Current - x: 1835.760132, y: 334.935822, phi: -7.500830[0m
[0m[ INFO] [1746508674.373443934]: Error - x: 174.239868, y: -334.935822[0m
[0m[ INFO] [1746508674.373526271]: Publishing motor command - Left: -112.960106, Right: 112.960106[0m
[0m[ INFO] [1746508674.374076519]: Target - x: 2010.000000, y: 0.000000, phi: 0.000000[0m
[0m[ INFO] [1746508674.374202121]: Current - x: 1847.311035, y: 333.438293, phi: -7.304105[0m
[0m[ INFO] [1746508674.374240969]: Error - x: 162.688965, y: -333.438293[0m
[0m[ INFO] [1746508674.374289546]: Publishing motor command - Left: -96.815971, Right: 96.815971[0m
[0m[ INFO] [1746508674.395800188]: Target - x: 2010.000000, y: 0.000000, phi: 0.000000[0m
[0m[ INFO] [1746508674.395919357]: Current - x: 1858.265259, y: 332.028625, phi: -6.999437[0m
[0m[ INFO] [1746508674.395983422]: Error - x: 151.734741, y: -332.028625[0m
[0m[ INFO] [1746508674.396061919]: Publishing motor command - Left: -85.551941, Right: 85.551941[0m
[0m[ INFO] [1746508674.498907317]: Target - x: 2010.000000, y: 0.000000, phi: 0.000000[0m
[0m[ INFO] [1746508674.499121400]: Current - x: 1867.628540, y: 330.836182, phi: -6.906464[0m
[0m[ INFO] [1746508674.499188473]: Error - x: 142.371460, y: -330.836182[0m
[0m[ INFO] [1746508674.499231066]: Publishing motor command - Left: -97.333427, Right: 97.333427[0m
[0m[ INFO] [1746508674.596080666]: Target - x: 2010.000000, y: 0.000000, phi: 0.000000[0m
[0m[ INFO] [1746508674.596190972]: Current - x: 1877.397949, y: 329.663269, phi: -6.600001[0m
[0m[ INFO] [1746508674.596230588]: Error - x: 132.602051, y: -329.663269[0m
[0m[ INFO] [1746508674.596280157]: Publishing motor command - Left: -79.476410, Right: 79.476410[0m
[0m[ INFO] [1746508674.700579303]: Target - x: 2010.000000, y: 0.000000, phi: 0.000000[0m
[0m[ INFO] [1746508674.700914924]: Current - x: 1886.369629, y: 328.566986, phi: -6.720518[0m
[0m[ INFO] [1746508674.700984077]: Error - x: 123.630371, y: -328.566986[0m
[0m[ INFO] [1746508674.701023245]: Publishing motor command - Left: -107.838531, Right: 107.838531[0m
[0m[ INFO] [1746508674.796991841]: Target - x: 2010.000000, y: 0.000000, phi: 0.000000[0m
[0m[ INFO] [1746508674.797080451]: Current - x: 1894.948730, y: 327.581482, phi: -6.626348[0m
[0m[ INFO] [1746508674.797147556]: Error - x: 115.051270, y: -327.581482[0m
[0m[ INFO] [1746508674.797306790]: Publishing motor command - Left: -93.076653, Right: 93.076653[0m
[0m[ INFO] [1746508674.896852077]: Target - x: 2010.000000, y: 0.000000, phi: 0.000000[0m
[0m[ INFO] [1746508674.896957678]: Current - x: 1903.126831, y: 326.624664, phi: -6.531578[0m
[0m[ INFO] [1746508674.897024143]: Error - x: 106.873169, y: -326.624664[0m
[0m[ INFO] [1746508674.897062352]: Publishing motor command - Left: -91.624390, Right: 91.624390[0m
[0m[ INFO] [1746508674.996519573]: Target - x: 2010.000000, y: 0.000000, phi: 0.000000[0m
[0m[ INFO] [1746508674.996642999]: Current - x: 1911.306519, y: 325.681305, phi: -6.436808[0m
[0m[ INFO] [1746508674.996686775]: Error - x: 98.693481, y: -325.681305[0m
[0m[ INFO] [1746508674.996792345]: Publishing motor command - Left: -90.209465, Right: 90.209465[0m
[0m[ INFO] [1746508675.096982697]: Target - x: 2010.000000, y: 0.000000, phi: 0.000000[0m
[0m[ INFO] [1746508675.097108682]: Current - x: 1918.290039, y: 324.874481, phi: -6.554331[0m
[0m[ INFO] [1746508675.097179531]: Error - x: 91.709961, y: -324.874481[0m
[0m[ INFO] [1746508675.097273965]: Publishing motor command - Left: -105.171013, Right: 105.171013[0m
[0m[ INFO] [1746508675.201982397]: Target - x: 2010.000000, y: 0.000000, phi: 0.000000[0m
[0m[ INFO] [1746508675.202193088]: Current - x: 1925.275513, y: 324.105530, phi: -6.243676[0m
[0m[ INFO] [1746508675.202336994]: Error - x: 84.724487, y: -324.105530[0m
[0m[ INFO] [1746508675.202404995]: Publishing motor command - Left: -73.895500, Right: 73.895500[0m
[0m[ INFO] [1746508675.296639006]: Target - x: 2010.000000, y: 0.000000, phi: 0.000000[0m
[0m[ INFO] [1746508675.296756479]: Current - x: 1932.059448, y: 323.325500, phi: -6.253856[0m
[0m[ INFO] [1746508675.296820608]: Error - x: 77.940552, y: -323.325500[0m
[0m[ INFO] [1746508675.296885185]: Publishing motor command - Left: -94.006828, Right: 94.006828[0m
[0m[ INFO] [1746508675.400638916]: Target - x: 2010.000000, y: 0.000000, phi: 0.000000[0m
[0m[ INFO] [1746508675.400755301]: Current - x: 1938.448364, y: 322.638031, phi: -6.049346[0m
[0m[ INFO] [1746508675.400821798]: Error - x: 71.551636, y: -322.638031[0m
[0m[ INFO] [1746508675.400873095]: Publishing motor command - Left: -77.597458, Right: 77.597458[0m
[0m[ INFO] [1746508675.496859803]: Target - x: 2010.000000, y: 0.000000, phi: 0.000000[0m
[0m[ INFO] [1746508675.496949852]: Current - x: 1944.238037, y: 322.008606, phi: -5.950984[0m
[0m[ INFO] [1746508675.497014909]: Error - x: 65.761963, y: -322.008606[0m
[0m[ INFO] [1746508675.497093470]: Publishing motor command - Left: -82.732353, Right: 82.732353[0m
[0m[ INFO] [1746508675.604875514]: Target - x: 2010.000000, y: 0.000000, phi: 0.000000[0m
[0m[ INFO] [1746508675.604983708]: Current - x: 1949.830200, y: 321.426117, phi: -5.745278[0m
[0m[ INFO] [1746508675.605021724]: Error - x: 60.169800, y: -321.426117[0m
[0m[ INFO] [1746508675.605059773]: Publishing motor command - Left: -72.983063, Right: 72.983063[0m
[0m[ INFO] [1746508675.696654642]: Target - x: 2010.000000, y: 0.000000, phi: 0.000000[0m
[0m[ INFO] [1746508675.696748948]: Current - x: 1955.423340, y: 320.853241, phi: -5.539572[0m
[0m[ INFO] [1746508675.696786004]: Error - x: 54.576660, y: -320.853241[0m
[0m[ INFO] [1746508675.696822613]: Publishing motor command - Left: -69.911774, Right: 69.911774[0m
[0m[ INFO] [1746508675.796537214]: Target - x: 2010.000000, y: 0.000000, phi: 0.000000[0m
[0m[ INFO] [1746508675.796654047]: Current - x: 1960.419189, y: 320.345551, phi: -5.654101[0m
[0m[ INFO] [1746508675.797600301]: Error - x: 49.580811, y: -320.345551[0m
[0m[ INFO] [1746508675.797696366]: Publishing motor command - Left: -91.543816, Right: 91.543816[0m
[0m[ INFO] [1746508675.896697965]: Target - x: 2010.000000, y: 0.000000, phi: 0.000000[0m
[0m[ INFO] [1746508675.896815247]: Current - x: 1965.416382, y: 319.874695, phi: -5.340452[0m
[0m[ INFO] [1746508675.896864975]: Error - x: 44.583618, y: -319.874695[0m
[0m[ INFO] [1746508675.896925232]: Publishing motor command - Left: -60.223598, Right: 60.223598[0m
[0m[ INFO] [1746508676.001324412]: Target - x: 2010.000000, y: 0.000000, phi: 0.000000[0m
[0m[ INFO] [1746508676.001450301]: Current - x: 1970.013062, y: 319.423676, phi: -5.240293[0m
[0m[ INFO] [1746508676.001545407]: Error - x: 39.986938, y: -319.423676[0m
[0m[ INFO] [1746508676.001623168]: Publishing motor command - Left: -72.009552, Right: 72.009552[0m
[0m[ INFO] [1746508676.096699623]: Target - x: 2010.000000, y: 0.000000, phi: 0.000000[0m
[0m[ INFO] [1746508676.096826825]: Current - x: 1973.812256, y: 319.071930, phi: -5.138937[0m
[0m[ INFO] [1746508676.096890186]: Error - x: 36.187744, y: -319.071930[0m
[0m[ INFO] [1746508676.096966603]: Publishing motor command - Left: -70.421761, Right: 70.421761[0m
[0m[ INFO] [1746508676.205181868]: Target - x: 2010.000000, y: 0.000000, phi: 0.000000[0m
[0m[ INFO] [1746508676.205362735]: Current - x: 1978.211792, y: 318.676422, phi: -4.931434[0m
[0m[ INFO] [1746508676.205426736]: Error - x: 31.788208, y: -318.676422[0m
[0m[ INFO] [1746508676.205503025]: Publishing motor command - Left: -60.720173, Right: 60.720173[0m
[0m[ INFO] [1746508676.297741487]: Target - x: 2010.000000, y: 0.000000, phi: 0.000000[0m
[0m[ INFO] [1746508676.297875761]: Current - x: 1982.212036, y: 318.324005, phi: -4.723332[0m
[0m[ INFO] [1746508676.297920178]: Error - x: 27.787964, y: -318.324005[0m
[0m[ INFO] [1746508676.297982771]: Publishing motor command - Left: -57.575836, Right: 57.575836[0m
[0m[ INFO] [1746508676.399490069]: Target - x: 2010.000000, y: 0.000000, phi: 0.000000[0m
[0m[ INFO] [1746508676.399640023]: Current - x: 1985.613403, y: 318.033569, phi: -4.621377[0m
[0m[ INFO] [1746508676.399691160]: Error - x: 24.386597, y: -318.033569[0m
[0m[ INFO] [1746508676.399762873]: Publishing motor command - Left: -62.657059, Right: 62.657059[0m
[0m[ INFO] [1746508676.497517190]: Target - x: 2010.000000, y: 0.000000, phi: 0.000000[0m
[0m[ INFO] [1746508676.497639432]: Current - x: 1988.815308, y: 317.774902, phi: -4.412078[0m
[0m[ INFO] [1746508676.497677992]: Error - x: 21.184692, y: -317.774902[0m
[0m[ INFO] [1746508676.497715241]: Publishing motor command - Left: -52.854156, Right: 52.854156[0m
[0m[ INFO] [1746508676.604552439]: Target - x: 2010.000000, y: 0.000000, phi: 0.000000[0m
[0m[ INFO] [1746508676.604672889]: Current - x: 1992.218140, y: 317.502899, phi: -4.310123[0m
[0m[ INFO] [1746508676.604736474]: Error - x: 17.781860, y: -317.502899[0m
[0m[ INFO] [1746508676.604788634]: Publishing motor command - Left: -58.009861, Right: 58.009861[0m
[0m[ INFO] [1746508676.707949652]: Target - x: 2010.000000, y: 0.000000, phi: 0.000000[0m
[0m[ INFO] [1746508676.708065526]: Current - x: 1995.221436, y: 317.273865, phi: -4.207570[0m
[0m[ INFO] [1746508676.708144695]: Error - x: 14.778564, y: -317.273865[0m
[0m[ INFO] [1746508676.708200664]: Publishing motor command - Left: -56.441418, Right: 56.441418[0m
[0m[ INFO] [1746508676.796475166]: Target - x: 2010.000000, y: 0.000000, phi: 0.000000[0m
[0m[ INFO] [1746508676.796585760]: Current - x: 1998.225220, y: 317.050171, phi: -4.105016[0m
[0m[ INFO] [1746508676.796669729]: Error - x: 11.774780, y: -317.050171[0m
[0m[ INFO] [1746508676.796742178]: Publishing motor command - Left: -54.910233, Right: 54.910233[0m
[0m[ INFO] [1746508676.896872337]: Target - x: 2010.000000, y: 0.000000, phi: 0.000000[0m
[0m[ INFO] [1746508676.896991538]: Current - x: 2001.229248, y: 316.831879, phi: -4.002462[0m
[0m[ INFO] [1746508676.897222101]: Error - x: 8.770752, y: -316.831879[0m
[0m[ INFO] [1746508676.897265494]: Publishing motor command - Left: -53.379044, Right: 53.379044[0m
[0m[ INFO] [1746508676.997011295]: Target - x: 2010.000000, y: 0.000000, phi: 0.000000[0m
[0m[ INFO] [1746508676.997180418]: Current - x: 2003.633179, y: 316.659271, phi: -4.006054[0m
[0m[ INFO] [1746508676.997281795]: Error - x: 6.366821, y: -316.659271[0m
[0m[ INFO] [1746508676.997399237]: Publishing motor command - Left: -60.036114, Right: 60.036114[0m
[0m[ INFO] [1746508677.096930667]: Target - x: 2010.000000, y: 0.000000, phi: 0.000000[0m
[0m[ INFO] [1746508677.097073165]: Current - x: 2005.836670, y: 316.507111, phi: -3.902303[0m
[0m[ INFO] [1746508677.097111854]: Error - x: 4.163330, y: -316.507111[0m
[0m[ INFO] [1746508677.097159982]: Publishing motor command - Left: -51.809132, Right: 51.809132[0m
[0m[ INFO] [1746508677.201500889]: Target - x: 2010.000000, y: 0.000000, phi: 0.000000[0m
[0m[ INFO] [1746508677.201651963]: Current - x: 2008.239990, y: 316.343231, phi: -3.691807[0m
[0m[ INFO] [1746508677.201743004]: Error - x: 1.760010, y: -316.343231[0m
[0m[ INFO] [1746508677.201802653]: Publishing motor command - Left: -42.025593, Right: 42.025593[0m
[0m[ INFO] [1746508677.296554079]: Target - x: 2010.000000, y: 0.000000, phi: 0.000000[0m
[0m[ INFO] [1746508677.296676225]: Current - x: 2010.444580, y: 316.190704, phi: -3.802145[0m
[0m[ INFO] [1746508677.296713985]: Error - x: -0.444580, y: -316.190704[0m
[0m[ INFO] [1746508677.296751490]: Publishing motor command - Left: -63.632336, Right: 63.632336[0m
[0m[ INFO] [1746508677.401118829]: Target - x: 2010.000000, y: 0.000000, phi: 0.000000[0m
[0m[ INFO] [1746508677.401434609]: Current - x: 2012.647949, y: 316.054688, phi: -3.484304[0m
[0m[ INFO] [1746508677.401627540]: Error - x: -2.647949, y: -316.054688[0m
[0m[ INFO] [1746508677.401770486]: Publishing motor command - Left: -32.249512, Right: 32.249512[0m
[0m[ INFO] [1746508677.496367894]: Target - x: 2010.000000, y: 0.000000, phi: 0.000000[0m
[0m[ INFO] [1746508677.496464855]: Current - x: 2014.251099, y: 315.948120, phi: -3.486699[0m
[0m[ INFO] [1746508677.496531544]: Error - x: -4.251099, y: -315.948120[0m
[0m[ INFO] [1746508677.497052224]: Publishing motor command - Left: -52.207363, Right: 52.207363[0m
[0m[ INFO] [1746508677.604587512]: Target - x: 2010.000000, y: 0.000000, phi: 0.000000[0m
[0m[ INFO] [1746508677.605120607]: Current - x: 2016.054810, y: 315.839935, phi: -3.382349[0m
[0m[ INFO] [1746508677.605303970]: Error - x: -6.054810, y: -315.839935[0m
[0m[ INFO] [1746508677.606270320]: Publishing motor command - Left: -44.008667, Right: 44.008667[0m
[0m[ INFO] [1746508677.696498161]: Target - x: 2010.000000, y: 0.000000, phi: 0.000000[0m
[0m[ INFO] [1746508677.696589715]: Current - x: 2017.858643, y: 315.731659, phi: -3.277999[0m
[0m[ INFO] [1746508677.696668724]: Error - x: -7.858643, y: -315.731659[0m
[0m[ INFO] [1746508677.696734549]: Publishing motor command - Left: -42.450657, Right: 42.450657[0m
[0m[ INFO] [1746508677.804958614]: Target - x: 2010.000000, y: 0.000000, phi: 0.000000[0m
[0m[ INFO] [1746508677.805098296]: Current - x: 2019.662598, y: 315.626709, phi: -3.173648[0m
[0m[ INFO] [1746508677.805662944]: Error - x: -9.662598, y: -315.626709[0m
[0m[ INFO] [1746508677.805728257]: Publishing motor command - Left: -40.892635, Right: 40.892635[0m
[0m[ INFO] [1746508677.896798767]: Target - x: 2010.000000, y: 0.000000, phi: 0.000000[0m
[0m[ INFO] [1746508677.896926449]: Current - x: 2021.667725, y: 315.511810, phi: -3.176642[0m
[0m[ INFO] [1746508677.896988626]: Error - x: -11.667725, y: -315.511810[0m
[0m[ INFO] [1746508677.897057491]: Publishing motor command - Left: -47.615307, Right: 47.615307[0m
[0m[ INFO] [1746508678.005446743]: Target - x: 2010.000000, y: 0.000000, phi: 0.000000[0m
[0m[ INFO] [1746508678.005914366]: Current - x: 2023.271973, y: 315.422821, phi: -3.179038[0m
[0m[ INFO] [1746508678.006074336]: Error - x: -13.271973, y: -315.422821[0m
[0m[ INFO] [1746508678.007124815]: Publishing motor command - Left: -47.613804, Right: 47.613804[0m
[0m[ INFO] [1746508678.096519813]: Target - x: 2010.000000, y: 0.000000, phi: 0.000000[0m
[0m[ INFO] [1746508678.096641958]: Current - x: 2024.474121, y: 315.358337, phi: -2.966744[0m
[0m[ INFO] [1746508678.096678855]: Error - x: -14.474121, y: -315.358337[0m
[0m[ INFO] [1746508678.096718440]: Publishing motor command - Left: -31.088251, Right: 31.088251[0m
[0m[ INFO] [1746508678.196216557]: Target - x: 2010.000000, y: 0.000000, phi: 0.000000[0m
[0m[ INFO] [1746508678.196299310]: Current - x: 2025.477295, y: 315.301666, phi: -3.075286[0m
[0m[ INFO] [1746508678.196364975]: Error - x: -15.477295, y: -315.301666[0m
[0m[ INFO] [1746508678.196433136]: Publishing motor command - Left: -52.668186, Right: 52.668186[0m
[0m[ INFO] [1746508678.297048709]: Target - x: 2010.000000, y: 0.000000, phi: 0.000000[0m
[0m[ INFO] [1746508678.297135783]: Current - x: 2026.680664, y: 315.239288, phi: -3.077082[0m
[0m[ INFO] [1746508678.297171879]: Error - x: -16.680664, y: -315.239288[0m
[0m[ INFO] [1746508678.297208776]: Publishing motor command - Left: -46.054302, Right: 46.054302[0m
[0m[ INFO] [1746508678.397231381]: Target - x: 2010.000000, y: 0.000000, phi: 0.000000[0m
[0m[ INFO] [1746508678.397325174]: Current - x: 2028.084106, y: 315.165161, phi: -2.972133[0m
[0m[ INFO] [1746508678.397361239]: Error - x: -18.084106, y: -315.165161[0m
[0m[ INFO] [1746508678.397434488]: Publishing motor command - Left: -37.846661, Right: 37.846661[0m
[0m[ INFO] [1746508678.497066591]: Target - x: 2010.000000, y: 0.000000, phi: 0.000000[0m
[0m[ INFO] [1746508678.497152320]: Current - x: 2029.086304, y: 315.112213, phi: -2.866586[0m
[0m[ INFO] [1746508678.497231553]: Error - x: -19.086304, y: -315.112213[0m
[0m[ INFO] [1746508678.497305858]: Publishing motor command - Left: -36.233532, Right: 36.233532[0m
[0m[ INFO] [1746508678.596260640]: Target - x: 2010.000000, y: 0.000000, phi: 0.000000[0m
[0m[ INFO] [1746508678.596371234]: Current - x: 2029.687500, y: 315.081573, phi: -2.760439[0m
[0m[ INFO] [1746508678.596412162]: Error - x: -19.687500, y: -315.081573[0m
[0m[ INFO] [1746508678.596463523]: Publishing motor command - Left: -34.611443, Right: 34.611443[0m
[0m[ INFO] [1746508678.696506544]: Target - x: 2010.000000, y: 0.000000, phi: 0.000000[0m
[0m[ INFO] [1746508678.696594674]: Current - x: 2030.289795, y: 315.050842, phi: -2.868382[0m
[0m[ INFO] [1746508678.696631090]: Error - x: -20.289795, y: -315.050842[0m
[0m[ INFO] [1746508678.696695635]: Publishing motor command - Left: -49.541752, Right: 49.541752[0m
[0m[ INFO] [1746508678.803887878]: Target - x: 2010.000000, y: 0.000000, phi: 0.000000[0m
[0m[ INFO] [1746508678.804541039]: Current - x: 2031.092163, y: 315.012146, phi: -2.869580[0m
[0m[ INFO] [1746508678.805165528]: Error - x: -21.092163, y: -315.012146[0m
[0m[ INFO] [1746508678.805285402]: Publishing motor command - Left: -42.918926, Right: 42.918926[0m
[0m[ INFO] [1746508678.896655340]: Target - x: 2010.000000, y: 0.000000, phi: 0.000000[0m
[0m[ INFO] [1746508678.896743309]: Current - x: 2032.093628, y: 314.964752, phi: -2.549942[0m
[0m[ INFO] [1746508678.896779245]: Error - x: -22.093628, y: -314.964752[0m
[0m[ INFO] [1746508678.896846702]: Publishing motor command - Left: -18.187216, Right: 18.187216[0m
[0m[ INFO] [1746508679.009780435]: Target - x: 2010.000000, y: 0.000000, phi: 0.000000[0m
[0m[ INFO] [1746508679.010438620]: Current - x: 2033.097046, y: 314.913513, phi: -2.658484[0m
[0m[ INFO] [1746508679.010737856]: Error - x: -23.097046, y: -314.913513[0m
[0m[ INFO] [1746508679.010952067]: Publishing motor command - Left: -46.445103, Right: 46.445103[0m
[0m[ INFO] [1746508679.096809511]: Target - x: 2010.000000, y: 0.000000, phi: 0.000000[0m
[0m[ INFO] [1746508679.096911144]: Current - x: 2034.099731, y: 314.869781, phi: -2.552937[0m
[0m[ INFO] [1746508679.096979273]: Error - x: -24.099731, y: -314.869781[0m
[0m[ INFO] [1746508679.097036298]: Publishing motor command - Left: -31.550575, Right: 31.550575[0m
[0m[ INFO] [1746508679.197837826]: Target - x: 2010.000000, y: 0.000000, phi: 0.000000[0m
[0m[ INFO] [1746508679.197979588]: Current - x: 2034.099731, y: 314.869781, phi: -2.552937[0m
[0m[ INFO] [1746508679.198153511]: Error - x: -24.099731, y: -314.869781[0m
[0m[ INFO] [1746508679.198245128]: Publishing motor command - Left: -38.116764, Right: 38.116764[0m
[0m[ INFO] [1746508679.339394493]: Target - x: 2010.000000, y: 0.000000, phi: 0.000000[0m
[0m[ INFO] [1746508679.339524511]: Current - x: 2034.099731, y: 314.869781, phi: -2.552937[0m
[0m[ INFO] [1746508679.339564607]: Error - x: -24.099731, y: -314.869781[0m
[0m[ INFO] [1746508679.339604192]: Publishing motor command - Left: -38.116764, Right: 38.116764[0m
[0m[ INFO] [1746508679.396782764]: Target - x: 2010.000000, y: 0.000000, phi: 0.000000[0m
[0m[ INFO] [1746508679.396892718]: Current - x: 2034.099731, y: 314.869781, phi: -2.552937[0m
[0m[ INFO] [1746508679.396945934]: Error - x: -24.099731, y: -314.869781[0m
[0m[ INFO] [1746508679.397002735]: Publishing motor command - Left: -38.116764, Right: 38.116764[0m
[0m[ INFO] [1746508679.497250015]: Target - x: 2010.000000, y: 0.000000, phi: 0.000000[0m
[0m[ INFO] [1746508679.497387073]: Current - x: 2034.099731, y: 314.869781, phi: -2.552937[0m
[0m[ INFO] [1746508679.497428386]: Error - x: -24.099731, y: -314.869781[0m
[0m[ INFO] [1746508679.497468386]: Publishing motor command - Left: -38.116764, Right: 38.116764[0m
[0m[ INFO] [1746508679.596140380]: Target - x: 2010.000000, y: 0.000000, phi: 0.000000[0m
[0m[ INFO] [1746508679.596249757]: Current - x: 2034.099731, y: 314.869781, phi: -2.552937[0m
[0m[ INFO] [1746508679.596288382]: Error - x: -24.099731, y: -314.869781[0m
[0m[ INFO] [1746508679.596337151]: Publishing motor command - Left: -38.116764, Right: 38.116764[0m
[0m[ INFO] [1746508679.697233176]: Target - x: 2010.000000, y: 0.000000, phi: 0.000000[0m
[0m[ INFO] [1746508679.697388954]: Current - x: 2034.099731, y: 314.869781, phi: -2.552937[0m
[0m[ INFO] [1746508679.697428315]: Error - x: -24.099731, y: -314.869781[0m
[0m[ INFO] [1746508679.697465307]: Publishing motor command - Left: -38.116764, Right: 38.116764[0m
[0m[ INFO] [1746508679.796828927]: Target - x: 2010.000000, y: 0.000000, phi: 0.000000[0m
[0m[ INFO] [1746508679.796965505]: Current - x: 2034.099731, y: 314.869781, phi: -2.552937[0m
[0m[ INFO] [1746508679.797070594]: Error - x: -24.099731, y: -314.869781[0m
[0m[ INFO] [1746508679.797156835]: Publishing motor command - Left: -38.116764, Right: 38.116764[0m
[0m[ INFO] [1746508679.897016654]: Target - x: 2010.000000, y: 0.000000, phi: 0.000000[0m
[0m[ INFO] [1746508679.897117967]: Current - x: 2034.099731, y: 314.869781, phi: -2.552937[0m
[0m[ INFO] [1746508679.897157712]: Error - x: -24.099731, y: -314.869781[0m
[0m[ INFO] [1746508679.897197264]: Publishing motor command - Left: -38.116764, Right: 38.116764[0m
[0m[ INFO] [1746508679.996145838]: Target - x: 2010.000000, y: 0.000000, phi: 0.000000[0m
[0m[ INFO] [1746508679.996262672]: Current - x: 2034.099731, y: 314.869781, phi: -2.552937[0m
[0m[ INFO] [1746508679.996302864]: Error - x: -24.099731, y: -314.869781[0m
[0m[ INFO] [1746508679.996346481]: Publishing motor command - Left: -38.116764, Right: 38.116764[0m
[0m[ INFO] [1746508680.096615521]: Target - x: 2010.000000, y: 0.000000, phi: 0.000000[0m
[0m[ INFO] [1746508680.096704962]: Current - x: 2034.099731, y: 314.869781, phi: -2.552937[0m
[0m[ INFO] [1746508680.096741571]: Error - x: -24.099731, y: -314.869781[0m
[0m[ INFO] [1746508680.096800260]: Publishing motor command - Left: -38.116764, Right: 38.116764[0m
[0m[ INFO] [1746508680.206497434]: Target - x: 2010.000000, y: 0.000000, phi: 0.000000[0m
[0m[ INFO] [1746508680.206607803]: Current - x: 2034.099731, y: 314.869781, phi: -2.552937[0m
[0m[ INFO] [1746508680.206708925]: Error - x: -24.099731, y: -314.869781[0m
[0m[ INFO] [1746508680.206782814]: Publishing motor command - Left: -38.116764, Right: 38.116764[0m
[0m[ INFO] [1746508680.297740266]: Target - x: 2010.000000, y: 0.000000, phi: 0.000000[0m
[0m[ INFO] [1746508680.297829547]: Current - x: 2034.099731, y: 314.869781, phi: -2.552937[0m
[0m[ INFO] [1746508680.297896940]: Error - x: -24.099731, y: -314.869781[0m
[0m[ INFO] [1746508680.297937452]: Publishing motor command - Left: -38.116764, Right: 38.116764[0m
[0m[ INFO] [1746508680.397808343]: Target - x: 2010.000000, y: 0.000000, phi: 0.000000[0m
[0m[ INFO] [1746508680.398519969]: Current - x: 2034.099731, y: 314.869781, phi: -2.552937[0m
[0m[ INFO] [1746508680.398639875]: Error - x: -24.099731, y: -314.869781[0m
[0m[ INFO] [1746508680.398870886]: Publishing motor command - Left: -38.116764, Right: 38.116764[0m
[0m[ INFO] [1746508680.496803861]: Target - x: 2010.000000, y: 0.000000, phi: 0.000000[0m
[0m[ INFO] [1746508680.496893366]: Current - x: 2034.099731, y: 314.869781, phi: -2.552937[0m
[0m[ INFO] [1746508680.496937111]: Error - x: -24.099731, y: -314.869781[0m
[0m[ INFO] [1746508680.496978199]: Publishing motor command - Left: -38.116764, Right: 38.116764[0m
[0m[ INFO] [1746508680.604361933]: Target - x: 2010.000000, y: 0.000000, phi: 0.000000[0m
[0m[ INFO] [1746508680.604479278]: Current - x: 2034.099731, y: 314.869781, phi: -2.552937[0m
[0m[ INFO] [1746508680.604561264]: Error - x: -24.099731, y: -314.869781[0m
[0m[ INFO] [1746508680.604618480]: Publishing motor command - Left: -38.116764, Right: 38.116764[0m
[0m[ INFO] [1746508680.697504888]: Target - x: 2010.000000, y: 0.000000, phi: 0.000000[0m
[0m[ INFO] [1746508680.697600377]: Current - x: 2034.099731, y: 314.869781, phi: -2.552937[0m
[0m[ INFO] [1746508680.697639066]: Error - x: -24.099731, y: -314.869781[0m
[0m[ INFO] [1746508680.697679898]: Publishing motor command - Left: -38.116764, Right: 38.116764[0m
[0m[ INFO] [1746508680.809328812]: Target - x: 2010.000000, y: 0.000000, phi: 0.000000[0m
[0m[ INFO] [1746508680.809838451]: Current - x: 2034.099731, y: 314.869781, phi: -2.552937[0m
[0m[ INFO] [1746508680.809935829]: Error - x: -24.099731, y: -314.869781[0m
[0m[ INFO] [1746508680.810462396]: Publishing motor command - Left: -38.116764, Right: 38.116764[0m
[0m[ INFO] [1746508680.896737061]: Target - x: 2010.000000, y: 0.000000, phi: 0.000000[0m
[0m[ INFO] [1746508680.896844039]: Current - x: 2034.099731, y: 314.869781, phi: -2.552937[0m
[0m[ INFO] [1746508680.896922632]: Error - x: -24.099731, y: -314.869781[0m
[0m[ INFO] [1746508680.896988553]: Publishing motor command - Left: -38.116764, Right: 38.116764[0m
[0m[ INFO] [1746508681.004333342]: Target - x: 2010.000000, y: 0.000000, phi: 0.000000[0m
[0m[ INFO] [1746508681.004781700]: Current - x: 2034.099731, y: 314.869781, phi: -2.552937[0m
[0m[ INFO] [1746508681.005093033]: Error - x: -24.099731, y: -314.869781[0m
[0m[ INFO] [1746508681.005291307]: Publishing motor command - Left: -38.116764, Right: 38.116764[0m
[0m[ INFO] [1746508681.098011280]: Target - x: 2010.000000, y: 0.000000, phi: 0.000000[0m
[0m[ INFO] [1746508681.098167154]: Current - x: 2034.099731, y: 314.869781, phi: -2.552937[0m
[0m[ INFO] [1746508681.098253172]: Error - x: -24.099731, y: -314.869781[0m
[0m[ INFO] [1746508681.098309524]: Publishing motor command - Left: -38.116764, Right: 38.116764[0m
[0m[ INFO] [1746508681.204367383]: Target - x: 2010.000000, y: 0.000000, phi: 0.000000[0m
[0m[ INFO] [1746508681.204766876]: Current - x: 2034.099731, y: 314.869781, phi: -2.552937[0m
[0m[ INFO] [1746508681.204933503]: Error - x: -24.099731, y: -314.869781[0m
[0m[ INFO] [1746508681.205091457]: Publishing motor command - Left: -38.116764, Right: 38.116764[0m
[0m[ INFO] [1746508681.296566068]: Target - x: 2010.000000, y: 0.000000, phi: 0.000000[0m
[0m[ INFO] [1746508681.296687382]: Current - x: 2034.099731, y: 314.869781, phi: -2.552937[0m
[0m[ INFO] [1746508681.296746391]: Error - x: -24.099731, y: -314.869781[0m
[0m[ INFO] [1746508681.296819128]: Publishing motor command - Left: -38.116764, Right: 38.116764[0m[ INFO] [1746508663.067938276]: [I2C FOR MOTORS] Now launching this node in namespace: /asc[0m
[0m[ INFO] [1746508663.131388490]: [I2C FOR MOTORS] publish motor duty cycle requests from command line with: rostopic pub --once /asc/set_motor_duty_cycle asclinic_pkg/LeftRightFloat32 "{left: 10.1, right: 10.1}"[0m
[0m[ INFO] [1746508663.131544365]: [I2C FOR MOTORS] Successfully opened named /dev/i2c-1, with file descriptor = 11[0m
[0m[ INFO] [1746508663.131683310]: [I2C FOR MOTORS] Actual acceleration limit = 0.0003125%/ms (after conversation to "internal units")[0m
[0m[ INFO] [1746508663.131735951]: [I2C FOR MOTORS] Actual deceleration limit = 0.0015625%/ms (after conversation to "internal units")[0m
[0m[ INFO] [1746508663.131806448]: [I2C FOR MOTORS] Now initialising SMC with I2C address 13[0m
[0m[ INFO] [1746508663.150501754]: [I2C FOR MOTORS] Now initialising SMC with I2C address 14[0m
[0m[ INFO] [1746508663.165917014]: [I2C FOR MOTORS] Node initialisation complete[0m
[0m[ INFO] [1746508673.103991396]: Reached 5 meters, transitioning to TURNING state.[0m
[0m
[0m[ INFO] [1746508681.406896115]: Target - x: 2010.000000, y: 0.000000, phi: 0.000000[0m
[0m[ INFO] [1746508681.407059797]: Current - x: 2034.099731, y: 314.869781, phi: -2.552937[0m
[0m[ INFO] [1746508681.407230808]: Error - x: -24.099731, y: -314.869781[0m
[0m[ INFO] [1746508681.407327929]: Publishing motor command - Left: -38.116764, Right: 38.116764[0m
[0m[ INFO] [1746508681.520080026]: Target - x: 2010.000000, y: 0.000000, phi: 0.000000[0m
[0m[ INFO] [1746508681.520172508]: Current - x: 2034.099731, y: 314.869781, phi: -2.552937[0m
[0m[ INFO] [1746508681.520213340]: Error - x: -24.099731, y: -314.869781[0m
[0m[ INFO] [1746508681.520267069]: Publishing motor command - Left: -38.116764, Right: 38.116764[0m
[0m[ INFO] [1746508681.596730267]: Target - x: 2010.000000, y: 0.000000, phi: 0.000000[0m
[0m[ INFO] [1746508681.596858461]: Current - x: 2034.099731, y: 314.869781, phi: -2.552937[0m
[0m[ INFO] [1746508681.596911742]: Error - x: -24.099731, y: -314.869781[0m
[0m[ INFO] [1746508681.596952094]: Publishing motor command - Left: -38.116764, Right: 38.116764[0m
[0m[ INFO] [1746508681.696420291]: Target - x: 2010.000000, y: 0.000000, phi: 0.000000[0m
[0m[ INFO] [1746508681.696531908]: Current - x: 2034.099731, y: 314.869781, phi: -2.552937[0m
[0m[ INFO] [1746508681.696606181]: Error - x: -24.099731, y: -314.869781[0m
[0m[ INFO] [1746508681.696662022]: Publishing motor command - Left: -38.116764, Right: 38.116764[0m
[0m[ INFO] [1746508681.805129835]: Target - x: 2010.000000, y: 0.000000, phi: 0.000000[0m
[0m[ INFO] [1746508681.805449711]: Current - x: 2034.099731, y: 314.869781, phi: -2.552937[0m
[0m[ INFO] [1746508681.805532048]: Error - x: -24.099731, y: -314.869781[0m
[0m[ INFO] [1746508681.805619602]: Publishing motor command - Left: -38.116764, Right: 38.116764[0m
[0m[ INFO] [1746508681.897665965]: Target - x: 2010.000000, y: 0.000000, phi: 0.000000[0m
[0m[ INFO] [1746508681.897754990]: Current - x: 2034.099731, y: 314.869781, phi: -2.552937[0m
[0m[ INFO] [1746508681.897792495]: Error - x: -24.099731, y: -314.869781[0m
[0m[ INFO] [1746508681.897831343]: Publishing motor command - Left: -38.116764, Right: 38.116764[0m
[0m[ INFO] [1746508682.006605496]: Target - x: 2010.000000, y: 0.000000, phi: 0.000000[0m
[0m[ INFO] [1746508682.006972509]: Current - x: 2034.099731, y: 314.869781, phi: -2.552937[0m
[0m[ INFO] [1746508682.007361571]: Error - x: -24.099731, y: -314.869781[0m
[0m[ INFO] [1746508682.007580966]: Publishing motor command - Left: -38.116764, Right: 38.116764[0m
[0m[ INFO] [1746508682.097471779]: Target - x: 2010.000000, y: 0.000000, phi: 0.000000[0m
[0m[ INFO] [1746508682.098041643]: Current - x: 2034.099731, y: 314.869781, phi: -2.552937[0m
[0m[ INFO] [1746508682.098089419]: Error - x: -24.099731, y: -314.869781[0m
[0m[ INFO] [1746508682.098214957]: Publishing motor command - Left: -38.116764, Right: 38.116764[0m

[ARUCO DETECTOR] Camera properties upon initialisation:
CV_CAP_PROP_FRAME_HEIGHT : '480.0'
CV_CAP_PROP_FRAME_WIDTH :  '640.0'
CAP_PROP_FPS :             '30.0'
CAP_PROP_FOCUS :           '0.0'
CAP_PROP_AUTOFOCUS :       '0.0'
CAP_PROP_BRIGHTNESS :      '128.0'
CAP_PROP_CONTRAST :        '128.0'
CAP_PROP_SATURATION :      '128.0'
CAP_PROP_BUFFERSIZE :      '4.0'

[ARUCO DETECTOR] Camera properties upon initialisation:
CV_CAP_PROP_FRAME_HEIGHT : '1080.0'
CV_CAP_PROP_FRAME_WIDTH :  '1920.0'
CAP_PROP_FPS :             '5.0'
CAP_PROP_FOCUS :           '0.0'
CAP_PROP_AUTOFOCUS :       '0.0'
CAP_PROP_BRIGHTNESS :      '128.0'
CAP_PROP_CONTRAST :        '128.0'
CAP_PROP_SATURATION :      '128.0'
CAP_PROP_BUFFERSIZE :      '1.0'
[INFO] [1746508666.081661]: [ARUCO DETECTOR] As a double check of the camera properties set, a frame captured just now has dimensions = (1080, 1920, 3)
[INFO] [1746508666.086828]: [ARUCO DETECTOR] publish request from command line to save a single camera image using: rostopic pub --once /asc/request_save_image std_msgs/UInt32 1
[INFO] [1746508666.090713]: [ARUCO DETECTOR] Node initialisation complete
... logging to /home/asc/.ros/log/e3d3d45a-2a2a-11f0-b317-d8c0a650f677/roslaunch-asc12-jetson-38146.log
Checking log directory for disk usage. This may take a while.
Press Ctrl-C to interrupt
Done checking log file disk usage. Usage is <1GB.
]2;/home/asc/ASClinic/catkin_ws/src/asclinic_pkg/launch/trajectory.launch
[1mstarted roslaunch server http://asc12-jetson:42863/[0m

SUMMARY
========

PARAMETERS
 * /asc/aruco_detector/aruco_detector_desired_camera_fps: 5
 * /asc/aruco_detector/aruco_detector_desired_camera_frame_height: 1080
 * /asc/aruco_detector/aruco_detector_desired_camera_frame_width: 1920
 * /asc/aruco_detector/aruco_detector_marker_size: 0.25
 * /asc/aruco_detector/aruco_detector_save_image_path: /home/asc/saved_c...
 * /asc/aruco_detector/aruco_detector_should_publish_camera_images: False
 * /asc/aruco_detector/aruco_detector_should_save_all_aruco_images: False
 * /asc/aruco_detector/aruco_detector_should_show_camera_images: False
 * /asc/aruco_detector/aruco_detector_usb_camera_device_number: 0
 * /asc/aruco_detector/aruco_detector_verbosity: 1
 * /asc/encoder_read_multi_threaded/delta_t_for_publishing_encoder_counts: 0.1
 * /asc/encoder_read_multi_threaded/encoder_events_to_monitor: rising
 * /asc/encoder_read_multi_threaded/encoder_read_verbosity: 1
 * /asc/encoder_read_multi_threaded/gpio_chip_number_for_encoder_lines: 1
 * /asc/encoder_read_multi_threaded/line_number_for_left_side_encoder_channel_a: 105
 * /asc/encoder_read_multi_threaded/line_number_for_left_side_encoder_channel_b: 106
 * /asc/encoder_read_multi_threaded/line_number_for_right_side_encoder_channel_a: 84
 * /asc/encoder_read_multi_threaded/line_number_for_right_side_encoder_channel_b: 130
 * /asc/encoder_read_multi_threaded/should_monitor_left_side_encoder_channel_a: True
 * /asc/encoder_read_multi_threaded/should_monitor_left_side_encoder_channel_b: False
 * /asc/encoder_read_multi_threaded/should_monitor_right_side_encoder_channel_a: True
 * /asc/encoder_read_multi_threaded/should_monitor_right_side_encoder_channel_b: False
 * /asc/i2c_for_motors/motor_driver_current_limit_in_milliamps: 5000
 * /asc/i2c_for_motors/motor_driver_left_side_multiplier: 1
 * /asc/i2c_for_motors/motor_driver_max_accel_limit_in_percent_per_millisecond: 0.04
 * /asc/i2c_for_motors/motor_driver_max_decel_limit_in_percent_per_millisecond: 0.16
 * /asc/i2c_for_motors/motor_driver_max_duty_cycle_limit_in_percent: 100.0
 * /asc/i2c_for_motors/motor_driver_right_side_multiplier: 1
 * /asc/i2c_for_motors/motor_driver_verbosity: 1
 * /rosdistro: noetic
 * /rosversion: 1.17.0

NODES
  /
    aruco_positioning (asclinic_pkg/aruco_positioning.py)
    kf_fusion_node (asclinic_pkg/KF.py)
    odomdelta (asclinic_pkg/odomdelta)
    trajectory_generator (asclinic_pkg/trajectory_generator)
    trajectory_tracker (asclinic_pkg/trajectory_tracker)
    velocity_PI_control (asclinic_pkg/velocity_PI_control)
  /asc/
    aruco_detector (asclinic_pkg/aruco_detector.py)
    encoder_read_multi_threaded (asclinic_pkg/encoder_read_multi_threaded)
    i2c_for_motors (asclinic_pkg/i2c_for_motors)

[1mROS_MASTER_URI=http://localhost:11311[0m
]2;/home/asc/ASClinic/catkin_ws/src/asclinic_pkg/launch/trajectory.launch http://localhost:11311
[1mprocess[asc/i2c_for_motors-1]: started with pid [38183][0m
[1mprocess[asc/encoder_read_multi_threaded-2]: started with pid [38185][0m
[1mprocess[odomdelta-3]: started with pid [38194][0m
[1mprocess[asc/aruco_detector-4]: started with pid [38200][0m
[1mprocess[aruco_positioning-5]: started with pid [38207][0m
[1mprocess[trajectory_tracker-6]: started with pid [38214][0m
[1mprocess[trajectory_generator-7]: started with pid [38220][0m
[1mprocess[velocity_PI_control-8]: started with pid [38225][0m
[1mprocess[kf_fusion_node-9]: started with pid [38231][0m
[kf_fusion_node-9] killing on exit
[velocity_PI_control-8] killing on exit
[trajectory_generator-7] killing on exit
[trajectory_tracker-6] killing on exit
[aruco_positioning-5] killing on exit
[asc/aruco_detector-4] killing on exit
[odomdelta-3] killing on exit
[asc/encoder_read_multi_threaded-2] killing on exit
[asc/i2c_for_motors-1] killing on exit
shutting down processing monitor...
... shutting down processing monitor complete
[1mdone[0m
