[0m[ INFO] [1746503625.132883136]: Target - x: 0.000000, y: 0.000000, phi: 0.000000[0m
[0m[ INFO] [1746503625.135923233]: Current - x: 0.000000, y: 0.000000, phi: 90.000000[0m
[0m[ INFO] [1746503625.136007746]: Error - x: 0.000000, y: 0.000000[0m
[0m[ INFO] [1746503625.136082147]: Publishing motor command - Left: 0.000000, Right: 0.000000[0m
[0m[ INFO] [1746503625.136212932]: Target reached: x=0.00, y=0.00, phi=0.00[0m
[0m[ INFO] [1746503625.232607698]: Target - x: 0.000000, y: 0.000000, phi: 0.000000[0m
[0m[ INFO] [1746503625.232747956]: Current - x: 0.000000, y: 0.000000, phi: 90.000000[0m
[0m[ INFO] [1746503625.232790676]: Error - x: 0.000000, y: 0.000000[0m
[0m[ INFO] [1746503625.233148024]: Publishing motor command - Left: 0.000000, Right: 0.000000[0m
[0m[ INFO] [1746503625.233307130]: Target reached: x=0.00, y=0.00, phi=0.00[0m
[0m[ INFO] [1746503625.332756873]: Target - x: 0.000000, y: 0.000000, phi: 0.000000[0m
[0m[ INFO] [1746503625.332887338]: Current - x: 0.000000, y: 0.000000, phi: 90.000000[0m
[0m[ INFO] [1746503625.332982827]: Error - x: 0.000000, y: 0.000000[0m
[0m[ INFO] [1746503625.333043052]: Publishing motor command - Left: 0.000000, Right: 0.000000[0m
[0m[ INFO] [1746503625.333164269]: Target reached: x=0.00, y=0.00, phi=0.00[0m
[0m[ INFO] [1746503625.433042305]: Target - x: 0.000000, y: 0.000000, phi: 0.000000[0m
[0m[ INFO] [1746503625.433183330]: Current - x: 0.000000, y: 0.000000, phi: 90.000000[0m
[0m[ INFO] [1746503625.433222147]: Error - x: 0.000000, y: 0.000000[0m
[0m[ INFO] [1746503625.433257347]: Publishing motor command - Left: 0.000000, Right: 0.000000[0m
[0m[ INFO] [1746503625.433331012]: Target reached: x=0.00, y=0.00, phi=0.00[0m
[0m[ INFO] [1746503625.532691442]: Target - x: 0.000000, y: 0.000000, phi: 0.000000[0m
[0m[ INFO] [1746503625.532776115]: Current - x: 0.000000, y: 0.000000, phi: 90.000000[0m
[0m[ INFO] [1746503625.532872212]: Error - x: 0.000000, y: 0.000000[0m
[0m[ INFO] [1746503625.532932724]: Publishing motor command - Left: 0.000000, Right: 0.000000[0m
[0m[ INFO] [1746503625.533006997]: Target reached: x=0.00, y=0.00, phi=0.00[0m
[0m[ INFO] [1746503625.632859400]: Target - x: 0.000000, y: 0.000000, phi: 0.000000[0m
[0m[ INFO] [1746503625.632988778]: Current - x: 0.000000, y: 0.000000, phi: 90.000000[0m
[0m[ INFO] [1746503625.633030506]: Error - x: 0.000000, y: 0.000000[0m
[0m[ INFO] [1746503625.633087851]: Publishing motor command - Left: 0.000000, Right: 0.000000[0m
[0m[ INFO] [1746503625.633151532]: Target reached: x=0.00, y=0.00, phi=0.00[0m
[0m[ INFO] [1746503625.732671227]: Target - x: 0.000000, y: 0.000000, phi: 0.000000[0m
[0m[ INFO] [1746503625.732762780]: Current - x: 0.000000, y: 0.000000, phi: 90.000000[0m
[0m[ INFO] [1746503625.732829885]: Error - x: 0.000000, y: 0.000000[0m
[0m[ INFO] [1746503625.732883741]: Publishing motor command - Left: 0.000000, Right: 0.000000[0m
[0m[ INFO] [1746503625.733050719]: Target reached: x=0.00, y=0.00, phi=0.00[0m
[0m[ INFO] [1746503625.833062356]: Target - x: 0.000000, y: 0.000000, phi: 0.000000[0m
[0m[ INFO] [1746503625.833193878]: Current - x: 0.000000, y: 0.000000, phi: 90.000000[0m
[0m[ INFO] [1746503625.833233590]: Error - x: 0.000000, y: 0.000000[0m
[0m[ INFO] [1746503625.833280471]: Publishing motor command - Left: 0.000000, Right: 0.000000[0m
[0m[ INFO] [1746503625.833417080]: Target reached: x=0.00, y=0.00, phi=0.00[0m
[0m[ INFO] [1746503625.932863079]: Target - x: 0.000000, y: 0.000000, phi: 0.000000[0m
[0m[ INFO] [1746503625.932952616]: Current - x: 0.000000, y: 0.000000, phi: 90.000000[0m
[0m[ INFO] [1746503625.932990184]: Error - x: 0.000000, y: 0.000000[0m
[0m[ INFO] [1746503625.933048233]: Publishing motor command - Left: 0.000000, Right: 0.000000[0m
[0m[ INFO] [1746503625.933143178]: Target reached: x=0.00, y=0.00, phi=0.00[0m
[0m[ INFO] [1746503626.039681125]: Target - x: 0.000000, y: 0.000000, phi: 0.000000[0m
[0m[ INFO] [1746503626.040057193]: Current - x: 0.000000, y: 0.000000, phi: 90.000000[0m
[0m[ INFO] [1746503626.041405880]: Error - x: 0.000000, y: 0.000000[0m
[0m[ INFO] [1746503626.046795314]: Publishing motor command - Left: 0.000000, Right: 0.000000[0m
[0m[ INFO] [1746503626.049184844]: Target reached: x=0.00, y=0.00, phi=0.00[0m
[0m[ INFO] [1746503626.133071155]: Target - x: 0.000000, y: 0.000000, phi: 0.000000[0m
[0m[ INFO] [1746503626.133166452]: Current - x: 0.000000, y: 0.000000, phi: 90.000000[0m
[0m[ INFO] [1746503626.133241621]: Error - x: 0.000000, y: 0.000000[0m
[0m[ INFO] [1746503626.133322134]: Publishing motor command - Left: 0.000000, Right: 0.000000[0m
[0m[ INFO] [1746503626.133406870]: Target reached: x=0.00, y=0.00, phi=0.00[0m
[0m[ INFO] [1746503626.235504130]: Target - x: 0.000000, y: 0.000000, phi: 0.000000[0m
[0m[ INFO] [1746503626.235945799]: Current - x: 0.000000, y: 0.000000, phi: 90.000000[0m
[0m[ INFO] [1746503626.236103272]: Error - x: 0.000000, y: 0.000000[0m
[0m[ INFO] [1746503626.236319915]: Publishing motor command - Left: 0.000000, Right: 0.000000[0m
[0m[ INFO] [1746503626.236615694]: Target reached: x=0.00, y=0.00, phi=0.00[0m
[0m[ INFO] [1746503626.342380769]: Target - x: 0.000000, y: 0.000000, phi: 0.000000[0m
[0m[ INFO] [1746503626.342690436]: Current - x: 0.000000, y: 0.000000, phi: 90.000000[0m
[0m[ INFO] [1746503626.342752741]: Error - x: 0.000000, y: 0.000000[0m
[0m[ INFO] [1746503626.342939367]: Publishing motor command - Left: 0.000000, Right: 0.000000[0m
[0m[ INFO] [1746503626.343342987]: Target reached: x=0.00, y=0.00, phi=0.00[0m
[0m[ INFO] [1746503626.440500961]: Target - x: 0.000000, y: 0.000000, phi: 0.000000[0m
[0m[ INFO] [1746503626.440871941]: Current - x: 0.000000, y: 0.000000, phi: 90.000000[0m
[0m[ INFO] [1746503626.441024519]: Error - x: 0.000000, y: 0.000000[0m
[0m[ INFO] [1746503626.441164808]: Publishing motor command - Left: 0.000000, Right: 0.000000[0m
[0m[ INFO] [1746503626.441416075]: Target reached: x=0.00, y=0.00, phi=0.00[0m
[0m[ INFO] [1746503626.541260638]: Target - x: 0.000000, y: 0.000000, phi: 0.000000[0m
[0m[ INFO] [1746503626.541798564]: Current - x: 0.000000, y: 0.000000, phi: 90.000000[0m
[0m[ INFO] [1746503626.542018278]: Error - x: 0.000000, y: 0.000000[0m
[0m[ INFO] [1746503626.542550124]: Publishing motor command - Left: 0.000000, Right: 0.000000[0m
[0m[ INFO] [1746503626.543041457]: Target reached: x=0.00, y=0.00, phi=0.00[0m
[0m[ INFO] [1746503626.639602593]: Target - x: 0.000000, y: 0.000000, phi: 0.000000[0m
[0m[ INFO] [1746503626.640113734]: Current - x: 0.000000, y: 0.000000, phi: 90.000000[0m
[0m[ INFO] [1746503626.640296232]: Error - x: 0.000000, y: 0.000000[0m
[0m[ INFO] [1746503626.640415754]: Publishing motor command - Left: 0.000000, Right: 0.000000[0m
[0m[ INFO] [1746503626.640616556]: Target reached: x=0.00, y=0.00, phi=0.00[0m
[0m[ INFO] [1746503626.740963780]: Target - x: 0.000000, y: 0.000000, phi: 0.000000[0m
[0m[ INFO] [1746503626.742446516]: Current - x: 0.000000, y: 0.000000, phi: 90.000000[0m
[0m[ INFO] [1746503626.742637110]: Error - x: 0.000000, y: 0.000000[0m
[0m[ INFO] [1746503626.742701719]: Publishing motor command - Left: 0.000000, Right: 0.000000[0m
[0m[ INFO] [1746503626.742924921]: Target reached: x=0.00, y=0.00, phi=0.00[0m
[0m[ INFO] [1746503626.840251953]: Target - x: 30.000000, y: 0.000000, phi: 0.000000[0m
[0m[ INFO] [1746503626.840873976]: Current - x: 0.000000, y: 0.000000, phi: 90.000000[0m
[0m[ INFO] [1746503626.841683425]: Error - x: 30.000000, y: 0.000000[0m
[0m[ INFO] [1746503626.841987140]: error_y: 0.000000[0m
[0m[ INFO] [1746503626.842049893]: integral_error_y: 0.000000[0m
[0m[ INFO] [1746503626.842445929]: w: 0.000000[0m
[0m[ INFO] [1746503626.842719852]: Publishing motor command - Left: 250.000000, Right: 250.000000[0m
[0m[ INFO] [1746503626.939252635]: Target - x: 60.000000, y: 0.000000, phi: 0.000000[0m
[0m[ INFO] [1746503626.939573759]: Current - x: 0.000000, y: 0.000000, phi: 90.000000[0m
[0m[ INFO] [1746503626.939742913]: Error - x: 60.000000, y: 0.000000[0m
[0m[ INFO] [1746503626.939913762]: error_y: 0.000000[0m
[0m[ INFO] [1746503626.941828471]: integral_error_y: 0.000000[0m
[0m[ INFO] [1746503626.942007353]: w: 0.000000[0m
[0m[ INFO] [1746503626.942331964]: Publishing motor command - Left: 500.000000, Right: 500.000000[0m
[0m[ INFO] [1746503627.044342375]: Target - x: 120.000000, y: 0.000000, phi: 0.000000[0m
[0m[ INFO] [1746503627.045198992]: Current - x: 0.000000, y: 0.000000, phi: 90.000000[0m
[0m[ INFO] [1746503627.045733782]: Error - x: 120.000000, y: 0.000000[0m
[0m[ INFO] [1746503627.047374215]: error_y: 0.000000[0m
[0m[ INFO] [1746503627.047671339]: integral_error_y: 0.000000[0m
[0m[ INFO] [1746503627.047940238]: w: 0.000000[0m
[0m[ INFO] [1746503627.048430995]: Publishing motor command - Left: 1000.000000, Right: 1000.000000[0m
[0m[ INFO] [1746503627.140896758]: Target - x: 120.000000, y: 0.000000, phi: 0.000000[0m
[0m[ INFO] [1746503627.141408348]: Current - x: 0.000000, y: 0.000000, phi: 90.000000[0m
[0m[ INFO] [1746503627.142589577]: Error - x: 120.000000, y: 0.000000[0m
[0m[ INFO] [1746503627.142733322]: error_y: 0.000000[0m
[0m[ INFO] [1746503627.142908812]: integral_error_y: 0.000000[0m
[0m[ INFO] [1746503627.142969453]: w: 0.000000[0m
[0m[ INFO] [1746503627.143047374]: Publishing motor command - Left: 1000.000000, Right: 1000.000000[0m
[0m[ INFO] [1746503627.407900177]: Target - x: 210.000000, y: 0.000000, phi: 0.000000[0m
[0m[ INFO] [1746503627.408033042]: Current - x: -0.000187, y: 0.200279, phi: 90.106743[0m
[0m[ INFO] [1746503627.408101139]: Error - x: 210.000183, y: -0.200279[0m
[0m[ INFO] [1746503627.408133748]: error_y: -0.200279[0m
[0m[ INFO] [1746503627.408163284]: integral_error_y: -0.020028[0m
[0m[ INFO] [1746503627.408192212]: w: -0.701175[0m
[0m[ INFO] [1746503627.408227477]: Publishing motor command - Left: 1750.175903, Right: 1749.827026[0m
[0m[ INFO] [1746503627.409360289]: Target - x: 210.000000, y: 0.000000, phi: 0.000000[0m
[0m[ INFO] [1746503627.409440834]: Current - x: -0.000187, y: 0.200279, phi: 90.106743[0m
[0m[ INFO] [1746503627.409505730]: Error - x: 210.000183, y: -0.200279[0m
[0m[ INFO] [1746503627.409536995]: error_y: -0.200279[0m
[0m[ INFO] [1746503627.409588259]: integral_error_y: -0.040056[0m
[0m[ INFO] [1746503627.409638948]: w: -0.200679[0m
[0m[ INFO] [1746503627.409688324]: Publishing motor command - Left: 1750.051392, Right: 1749.951538[0m
[0m[ INFO] [1746503627.432822173]: Target - x: 210.000000, y: 0.000000, phi: 0.000000[0m
[0m[ INFO] [1746503627.432906078]: Current - x: -0.000184, y: 0.601959, phi: 90.106148[0m
[0m[ INFO] [1746503627.432940319]: Error - x: 210.000183, y: -0.601959[0m
[0m[ INFO] [1746503627.432971775]: error_y: -0.601959[0m
[0m[ INFO] [1746503627.433012767]: integral_error_y: -0.100252[0m
[0m[ INFO] [1746503627.433067040]: w: -1.607164[0m
[0m[ INFO] [1746503627.433133121]: Publishing motor command - Left: 1750.401367, Right: 1749.601562[0m
[0m[ INFO] [1746503627.536378072]: Target - x: 240.000000, y: 0.000000, phi: 0.000000[0m
[0m[ INFO] [1746503627.536471001]: Current - x: -0.010569, y: 3.412581, phi: 90.316048[0m
[0m[ INFO] [1746503627.536508570]: Error - x: 240.010574, y: -3.412581[0m
[0m[ INFO] [1746503627.536554394]: error_y: -3.412581[0m
[0m[ INFO] [1746503627.536598235]: integral_error_y: -0.441510[0m
[0m[ INFO] [1746503627.536630427]: w: -10.443552[0m
[0m[ INFO] [1746503627.536666459]: Publishing motor command - Left: 2002.686890, Right: 1997.489258[0m
[0m[ INFO] [1746503627.633438125]: Target - x: 270.000000, y: 0.000000, phi: 0.000000[0m
[0m[ INFO] [1746503627.633562639]: Current - x: -0.018501, y: 7.831062, phi: 90.309456[0m
[0m[ INFO] [1746503627.633600815]: Error - x: 270.018494, y: -7.831062[0m
[0m[ INFO] [1746503627.633633519]: error_y: -7.831062[0m
[0m[ INFO] [1746503627.633663760]: integral_error_y: -1.224616[0m
[0m[ INFO] [1746503627.633694832]: w: -18.889509[0m
[0m[ INFO] [1746503627.633745553]: Publishing motor command - Left: 2254.854736, Right: 2245.453613[0m
[0m[ INFO] [1746503627.738241974]: Target - x: 300.000000, y: 0.000000, phi: 0.000000[0m
[0m[ INFO] [1746503627.739350626]: Current - x: -0.048016, y: 12.449734, phi: 90.409615[0m
[0m[ INFO] [1746503627.739460867]: Error - x: 300.048004, y: -12.449734[0m
[0m[ INFO] [1746503627.739549348]: error_y: -12.449734[0m
[0m[ INFO] [1746503627.739624548]: integral_error_y: -2.469589[0m
[0m[ INFO] [1746503627.739668645]: w: -24.021111[0m
[0m[ INFO] [1746503627.739733702]: Publishing motor command - Left: 2506.377686, Right: 2494.422607[0m
[0m[ INFO] [1746503627.833816443]: Target - x: 330.000000, y: 0.000000, phi: 0.000000[0m
[0m[ INFO] [1746503627.834032477]: Current - x: -0.086386, y: 19.679884, phi: 90.398842[0m
[0m[ INFO] [1746503627.834357568]: Error - x: 330.086395, y: -19.679884[0m
[0m[ INFO] [1746503627.834508066]: error_y: -19.679884[0m
[0m[ INFO] [1746503627.834570947]: integral_error_y: -4.437578[0m
[0m[ INFO] [1746503627.834622115]: w: -37.799633[0m
[0m[ INFO] [1746503627.834684740]: Publishing motor command - Left: 2760.126221, Right: 2741.313721[0m
[0m[ INFO] [1746503627.933209705]: Target - x: 360.000000, y: 0.000000, phi: 0.000000[0m
[0m[ INFO] [1746503627.933329386]: Current - x: -0.159630, y: 30.123325, phi: 90.383270[0m
[0m[ INFO] [1746503627.933369034]: Error - x: 360.159637, y: -30.123325[0m
[0m[ INFO] [1746503627.933402347]: error_y: -30.123325[0m
[0m[ INFO] [1746503627.933444587]: integral_error_y: -7.449910[0m
[0m[ INFO] [1746503627.933476268]: w: -56.306427[0m
[0m[ INFO] [1746503627.933508556]: Publishing motor command - Left: 3015.341797, Right: 2987.319092[0m
[0m[ INFO] [1746503628.040240553]: Target - x: 390.000000, y: 0.000000, phi: 0.000000[0m
[0m[ INFO] [1746503628.040647981]: Current - x: -0.269564, y: 44.382008, phi: 90.469055[0m
[0m[ INFO] [1746503628.040820847]: Error - x: 390.269562, y: -44.382008[0m
[0m[ INFO] [1746503628.040920848]: error_y: -44.382008[0m
[0m[ INFO] [1746503628.040966737]: integral_error_y: -11.888111[0m
[0m[ INFO] [1746503628.041043090]: w: -80.147598[0m
[0m[ INFO] [1746503628.041094194]: Publishing motor command - Left: 3272.190430, Right: 3232.302490[0m
[0m[ INFO] [1746503628.133020368]: Target - x: 420.000000, y: 0.000000, phi: 0.000000[0m
[0m[ INFO] [1746503628.133122513]: Current - x: -0.395911, y: 61.452408, phi: 90.550652[0m
[0m[ INFO] [1746503628.133224914]: Error - x: 420.395905, y: -61.452408[0m
[0m[ INFO] [1746503628.133295059]: error_y: -61.452408[0m
[0m[ INFO] [1746503628.133330355]: integral_error_y: -18.033352[0m
[0m[ INFO] [1746503628.133400660]: w: -104.308746[0m
[0m[ INFO] [1746503628.133441972]: Publishing motor command - Left: 3529.255615, Right: 3477.342773[0m
[0m[ INFO] [1746503628.239670252]: Target - x: 450.000000, y: 0.000000, phi: 0.000000[0m
[0m[ INFO] [1746503628.240088880]: Current - x: -0.581085, y: 80.329369, phi: 90.736603[0m
[0m[ INFO] [1746503628.240159761]: Error - x: 450.581085, y: -80.329369[0m
[0m[ INFO] [1746503628.240221042]: error_y: -80.329369[0m
[0m[ INFO] [1746503628.240256978]: integral_error_y: -26.066288[0m
[0m[ INFO] [1746503628.240298931]: w: -127.782440[0m
[0m[ INFO] [1746503628.240340339]: Publishing motor command - Left: 3786.640381, Right: 3723.044678[0m
[0m[ INFO] [1746503628.333444253]: Target - x: 480.000000, y: 0.000000, phi: 0.000000[0m
[0m[ INFO] [1746503628.333535294]: Current - x: -0.789623, y: 100.612610, phi: 90.813408[0m
[0m[ INFO] [1746503628.333572159]: Error - x: 480.789612, y: -100.612610[0m
[0m[ INFO] [1746503628.333632447]: error_y: -100.612610[0m
[0m[ INFO] [1746503628.333705632]: integral_error_y: -36.127548[0m
[0m[ INFO] [1746503628.333766209]: w: -151.681992[0m
[0m[ INFO] [1746503628.333802273]: Publishing motor command - Left: 4044.324951, Right: 3968.835205[0m
[0m[ INFO] [1746503628.436978776]: Target - x: 510.000000, y: 0.000000, phi: 0.000000[0m
[0m[ INFO] [1746503628.437385340]: Current - x: -1.072222, y: 123.104950, phi: 90.779877[0m
[0m[ INFO] [1746503628.437557438]: Error - x: 511.072235, y: -123.104950[0m
[0m[ INFO] [1746503628.437618559]: error_y: -123.104950[0m
[0m[ INFO] [1746503628.439313073]: integral_error_y: -48.438042[0m
[0m[ INFO] [1746503628.439375474]: w: -179.820175[0m
[0m[ INFO] [1746503628.440282843]: Publishing motor command - Left: 4303.682129, Right: 4214.187988[0m
[0m[ INFO] [1746503628.533220196]: Target - x: 540.000000, y: 0.000000, phi: 0.000000[0m
[0m[ INFO] [1746503628.533345989]: Current - x: -1.464205, y: 148.004944, phi: 90.956841[0m
[0m[ INFO] [1746503628.533384966]: Error - x: 541.464233, y: -148.004944[0m
[0m[ INFO] [1746503628.533418374]: error_y: -148.004944[0m
[0m[ INFO] [1746503628.533449382]: integral_error_y: -63.238537[0m
[0m[ INFO] [1746503628.533480135]: w: -210.887314[0m
[0m[ INFO] [1746503628.533511271]: Publishing motor command - Left: 4564.679688, Right: 4459.724121[0m
[0m[ INFO] [1746503628.638278831]: Target - x: 570.000000, y: 0.000000, phi: 0.000000[0m
[0m[ INFO] [1746503628.638379792]: Current - x: -1.815901, y: 174.513535, phi: 90.917320[0m
[0m[ INFO] [1746503628.638448881]: Error - x: 571.815918, y: -174.513535[0m
[0m[ INFO] [1746503628.638501105]: error_y: -174.513535[0m
[0m[ INFO] [1746503628.638561266]: integral_error_y: -80.689888[0m
[0m[ INFO] [1746503628.638621715]: w: -241.591904[0m
[0m[ INFO] [1746503628.638671283]: Publishing motor command - Left: 4825.251465, Right: 4705.014160[0m
[0m[ INFO] [1746503628.734071254]: Target - x: 600.000000, y: 0.000000, phi: 0.000000[0m
[0m[ INFO] [1746503628.734235800]: Current - x: -2.304809, y: 202.827240, phi: 90.982147[0m
[0m[ INFO] [1746503628.734311321]: Error - x: 602.304810, y: -202.827240[0m
[0m[ INFO] [1746503628.734370809]: error_y: -202.827240[0m
[0m[ INFO] [1746503628.734401850]: integral_error_y: -100.000000[0m
[0m[ INFO] [1746503628.734432218]: w: -274.611511[0m
[0m[ INFO] [1746503628.734465050]: Publishing motor command - Left: 5087.541504, Right: 4950.871582[0m
[0m[ INFO] [1746503628.841145687]: Target - x: 630.000000, y: 0.000000, phi: 0.000000[0m
[0m[ INFO] [1746503628.841590396]: Current - x: -2.787532, y: 233.752884, phi: 90.936043[0m
[0m[ INFO] [1746503628.841731965]: Error - x: 632.787537, y: -233.752884[0m
[0m[ INFO] [1746503628.841862655]: error_y: -233.752884[0m
[0m[ INFO] [1746503628.841907519]: integral_error_y: -100.000000[0m
[0m[ INFO] [1746503628.841946335]: w: -312.066986[0m
[0m[ INFO] [1746503628.841985440]: Publishing motor command - Left: 5350.885254, Right: 5195.573730[0m
[0m[ INFO] [1746503628.933841085]: Target - x: 660.000000, y: 0.000000, phi: 0.000000[0m
[0m[ INFO] [1746503628.933967646]: Current - x: -3.351078, y: 267.489349, phi: 90.885742[0m
[0m[ INFO] [1746503628.934032927]: Error - x: 663.351074, y: -267.489349[0m
[0m[ INFO] [1746503628.934176384]: error_y: -267.489349[0m
[0m[ INFO] [1746503628.934248321]: integral_error_y: -100.000000[0m
[0m[ INFO] [1746503628.934279073]: w: -352.830505[0m
[0m[ INFO] [1746503628.934311618]: Publishing motor command - Left: 5615.725098, Right: 5440.126465[0m
[0m[ INFO] [1746503629.034355031]: Target - x: 690.000000, y: 0.000000, phi: 0.000000[0m
[0m[ INFO] [1746503629.034534617]: Current - x: -3.924659, y: 303.636078, phi: 90.831856[0m
[0m[ INFO] [1746503629.034641690]: Error - x: 693.924683, y: -303.636078[0m
[0m[ INFO] [1746503629.034698330]: error_y: -303.636078[0m
[0m[ INFO] [1746503629.034776827]: integral_error_y: -100.000000[0m
[0m[ INFO] [1746503629.034850108]: w: -395.002899[0m
[0m[ INFO] [1746503629.034904253]: Publishing motor command - Left: 5880.999512, Right: 5684.412109[0m
[0m[ INFO] [1746503629.134052392]: Target - x: 720.000000, y: 0.000000, phi: 0.000000[0m
[0m[ INFO] [1746503629.134246410]: Current - x: -4.457255, y: 341.591705, phi: 90.668228[0m
[0m[ INFO] [1746503629.134295562]: Error - x: 724.457275, y: -341.591705[0m
[0m[ INFO] [1746503629.134335243]: error_y: -341.591705[0m
[0m[ INFO] [1746503629.134407212]: integral_error_y: -100.000000[0m
[0m[ INFO] [1746503629.134444236]: w: -437.480774[0m
[0m[ INFO] [1746503629.134496525]: Publishing motor command - Left: 6146.007812, Right: 5928.279785[0m
[0m[ INFO] [1746503629.233572503]: Target - x: 750.000000, y: 0.000000, phi: 0.000000[0m
[0m[ INFO] [1746503629.233735353]: Current - x: -4.909037, y: 381.959778, phi: 90.286911[0m
[0m[ INFO] [1746503629.233820058]: Error - x: 754.909058, y: -381.959778[0m
[0m[ INFO] [1746503629.233871738]: error_y: -381.959778[0m
[0m[ INFO] [1746503629.233934715]: integral_error_y: -100.000000[0m
[0m[ INFO] [1746503629.233981660]: w: -483.879944[0m
[0m[ INFO] [1746503629.234030940]: Publishing motor command - Left: 6411.318848, Right: 6170.498535[0m
[0m[ INFO] [1746503629.334301075]: Target - x: 780.000000, y: 0.000000, phi: 0.000000[0m
[0m[ INFO] [1746503629.334448437]: Current - x: -5.340323, y: 424.335449, phi: 90.116699[0m
[0m[ INFO] [1746503629.334513814]: Error - x: 785.340332, y: -424.335449[0m
[0m[ INFO] [1746503629.335245758]: error_y: -424.335449[0m
[0m[ INFO] [1746503629.335306238]: integral_error_y: -100.000000[0m
[0m[ INFO] [1746503629.335375007]: w: -531.274658[0m
[0m[ INFO] [1746503629.335472864]: Publishing motor command - Left: 6676.706543, Right: 6412.298828[0m
[0m[ INFO] [1746503629.440763085]: Target - x: 810.000000, y: 0.000000, phi: 0.000000[0m
[0m[ INFO] [1746503629.441255443]: Current - x: -5.456016, y: 469.726349, phi: 89.834946[0m
[0m[ INFO] [1746503629.441331507]: Error - x: 815.455994, y: -469.726349[0m
[0m[ INFO] [1746503629.441390196]: error_y: -469.726349[0m
[0m[ INFO] [1746503629.441427956]: integral_error_y: -100.000000[0m
[0m[ INFO] [1746503629.441626423]: w: -584.203613[0m
[0m[ INFO] [1746503629.442245117]: Publishing motor command - Left: 6940.841797, Right: 6650.091797[0m
[0m[ INFO] [1746503629.533393778]: Target - x: 840.000000, y: 0.000000, phi: 0.000000[0m
[0m[ INFO] [1746503629.533515924]: Current - x: -5.434345, y: 517.527466, phi: 89.549599[0m
[0m[ INFO] [1746503629.533556692]: Error - x: 845.434326, y: -517.527466[0m
[0m[ INFO] [1746503629.533601909]: error_y: -517.527466[0m
[0m[ INFO] [1746503629.533639381]: integral_error_y: -100.000000[0m
[0m[ INFO] [1746503629.533683158]: w: -638.030273[0m
[0m[ INFO] [1746503629.533719702]: Publishing motor command - Left: 7204.054688, Right: 6886.517090[0m
[0m[ INFO] [1746503629.639747307]: Target - x: 870.000000, y: 0.000000, phi: 0.000000[0m
[0m[ INFO] [1746503629.640177776]: Current - x: -5.117590, y: 567.537415, phi: 89.153915[0m
[0m[ INFO] [1746503629.640223120]: Error - x: 875.117615, y: -567.537415[0m
[0m[ INFO] [1746503629.640257585]: error_y: -567.537415[0m
[0m[ INFO] [1746503629.640288113]: integral_error_y: -100.000000[0m
[0m[ INFO] [1746503629.640319089]: w: -693.562256[0m
[0m[ INFO] [1746503629.640380850]: Publishing motor command - Left: 7465.234375, Right: 7120.058594[0m
[0m[ INFO] [1746503629.734171652]: Target - x: 900.000000, y: 0.000000, phi: 0.000000[0m
[0m[ INFO] [1746503629.734276613]: Current - x: -4.430505, y: 619.553345, phi: 88.541153[0m
[0m[ INFO] [1746503629.734345477]: Error - x: 904.430481, y: -619.553345[0m
[0m[ INFO] [1746503629.734417574]: error_y: -619.553345[0m
[0m[ INFO] [1746503629.734450983]: integral_error_y: -100.000000[0m
[0m[ INFO] [1746503629.734483143]: w: -750.593140[0m
[0m[ INFO] [1746503629.734518087]: Publishing motor command - Left: 7723.699707, Right: 7350.141113[0m
[0m[ INFO] [1746503629.839696691]: Target - x: 930.000000, y: 0.000000, phi: 0.000000[0m
[0m[ INFO] [1746503629.839817269]: Current - x: -3.482949, y: 674.174805, phi: 88.245628[0m
[0m[ INFO] [1746503629.839890006]: Error - x: 933.482971, y: -674.174805[0m
[0m[ INFO] [1746503629.839940886]: error_y: -674.174805[0m
[0m[ INFO] [1746503629.839972790]: integral_error_y: -100.000000[0m
[0m[ INFO] [1746503629.840074072]: w: -811.728455[0m
[0m[ INFO] [1746503629.840112536]: Publishing motor command - Left: 7981.017578, Right: 7577.031738[0m
[0m[ INFO] [1746503629.934713266]: Target - x: 960.000000, y: 0.000000, phi: 0.000000[0m
[0m[ INFO] [1746503629.934813619]: Current - x: -1.681906, y: 730.786499, phi: 87.518929[0m
[0m[ INFO] [1746503629.934853396]: Error - x: 961.681885, y: -730.786499[0m
[0m[ INFO] [1746503629.935137175]: error_y: -730.786499[0m
[0m[ INFO] [1746503629.935173303]: integral_error_y: -100.000000[0m
[0m[ INFO] [1746503629.935233176]: w: -873.315735[0m
[0m[ INFO] [1746503629.935272984]: Publishing motor command - Left: 8231.333984, Right: 7796.697266[0m
[0m[ INFO] [1746503630.041492720]: Target - x: 990.000000, y: 0.000000, phi: 0.000000[0m
[0m[ INFO] [1746503630.041617873]: Current - x: 0.357650, y: 790.402893, phi: 87.108879[0m
[0m[ INFO] [1746503630.041681586]: Error - x: 989.642334, y: -790.402893[0m
[0m[ INFO] [1746503630.041770483]: error_y: -790.402893[0m
[0m[ INFO] [1746503630.041877044]: integral_error_y: -100.000000[0m
[0m[ INFO] [1746503630.041986965]: w: -940.443848[0m
[0m[ INFO] [1746503630.042095094]: Publishing motor command - Left: 8481.041992, Right: 8012.996582[0m
[0m[ INFO] [1746503630.137097973]: Target - x: 1020.000000, y: 0.000000, phi: 0.000000[0m
[0m[ INFO] [1746503630.137254294]: Current - x: 3.499775, y: 852.386902, phi: 86.267052[0m
[0m[ INFO] [1746503630.137294551]: Error - x: 1016.500244, y: -852.386902[0m
[0m[ INFO] [1746503630.137327127]: error_y: -852.386902[0m
[0m[ INFO] [1746503630.137355575]: integral_error_y: -100.000000[0m
[0m[ INFO] [1746503630.137384504]: w: -1008.346924[0m
[0m[ INFO] [1746503630.137416696]: Publishing motor command - Left: 8721.754883, Right: 8219.915039[0m
[0m[ INFO] [1746503630.233709732]: Target - x: 1020.000000, y: 0.000000, phi: 0.000000[0m
[0m[ INFO] [1746503630.233805989]: Current - x: 7.106354, y: 916.758545, phi: 85.635727[0m
[0m[ INFO] [1746503630.233949063]: Error - x: 1012.893677, y: -916.758545[0m
[0m[ INFO] [1746503630.234089544]: Publishing motor command - Left: 6606.043457, Right: -6606.043457[0m
[0m[ INFO] [1746503630.333282868]: Target - x: 1020.000000, y: 0.000000, phi: 0.000000[0m
[0m[ INFO] [1746503630.333408213]: Current - x: 12.065850, y: 982.452820, phi: 84.467079[0m
[0m[ INFO] [1746503630.333491414]: Error - x: 1007.934143, y: -982.452820[0m
[0m[ INFO] [1746503630.333538199]: Publishing motor command - Left: 1188.438232, Right: -1188.438232[0m
[0m[ INFO] [1746503630.433218344]: Target - x: 1020.000000, y: 0.000000, phi: 0.000000[0m
[0m[ INFO] [1746503630.433333673]: Current - x: 12.834639, y: 984.298218, phi: 47.962139[0m
[0m[ INFO] [1746503630.433400746]: Error - x: 1007.165344, y: -984.298218[0m
[0m[ INFO] [1746503630.433562635]: Publishing motor command - Left: -1554.894897, Right: 1554.894897[0m
[0m[ INFO] [1746503630.533540639]: Target - x: 1020.000000, y: 0.000000, phi: 0.000000[0m
[0m[ INFO] [1746503630.533685313]: Current - x: 19.774023, y: 1052.636475, phi: 47.431568[0m
[0m[ INFO] [1746503630.534230631]: Error - x: 1000.225952, y: -1052.636475[0m
[0m[ INFO] [1746503630.534344136]: Publishing motor command - Left: 675.172546, Right: -675.172546[0m
[0m[ INFO] [1746503630.639225489]: Target - x: 1020.000000, y: 0.000000, phi: 0.000000[0m
[0m[ INFO] [1746503630.639546484]: Current - x: 19.872658, y: 1052.842773, phi: 80.400734[0m
[0m[ INFO] [1746503630.639698678]: Error - x: 1000.127319, y: -1052.842773[0m
[0m[ INFO] [1746503630.639819415]: Publishing motor command - Left: 3251.460938, Right: -3251.460938[0m
[0m[ INFO] [1746503630.733444839]: Target - x: 1020.000000, y: 0.000000, phi: 0.000000[0m
[0m[ INFO] [1746503630.733608297]: Current - x: 15.975849, y: 1050.261597, phi: 52.576302[0m
[0m[ INFO] [1746503630.733682698]: Error - x: 1004.024170, y: -1050.261597[0m
[0m[ INFO] [1746503630.733745290]: Publishing motor command - Left: -945.982605, Right: 945.982605[0m
[0m[ INFO] [1746503630.836003991]: Target - x: 1020.000000, y: 0.000000, phi: 0.000000[0m
[0m[ INFO] [1746503630.836134456]: Current - x: 21.490953, y: 1088.614136, phi: 55.408726[0m
[0m[ INFO] [1746503630.836210297]: Error - x: 998.509033, y: -1088.614136[0m
[0m[ INFO] [1746503630.836369467]: Publishing motor command - Left: 1003.490051, Right: -1003.490051[0m
[0m[ INFO] [1746503630.935024417]: Target - x: 1020.000000, y: 0.000000, phi: 0.000000[0m
[0m[ INFO] [1746503630.935331780]: Current - x: 39.671684, y: 1112.631592, phi: 56.006088[0m
[0m[ INFO] [1746503630.935423845]: Error - x: 980.328308, y: -1112.631592[0m
[0m[ INFO] [1746503630.935503910]: Publishing motor command - Left: 873.364319, Right: -873.364319[0m
[0m[ INFO] [1746503631.033983338]: Target - x: 1020.000000, y: 0.000000, phi: 0.000000[0m
[0m[ INFO] [1746503631.034441519]: Current - x: 53.264961, y: 1132.290161, phi: 55.863415[0m
[0m[ INFO] [1746503631.034571792]: Error - x: 966.735046, y: -1132.290161[0m
[0m[ INFO] [1746503631.034815731]: Publishing motor command - Left: 825.196045, Right: -825.196045[0m
[0m[ INFO] [1746503631.133764635]: Target - x: 1020.000000, y: 0.000000, phi: 0.000000[0m
[0m[ INFO] [1746503631.133905949]: Current - x: 62.150402, y: 1145.198853, phi: 54.769615[0m
[0m[ INFO] [1746503631.133997822]: Error - x: 957.849609, y: -1145.198853[0m
[0m[ INFO] [1746503631.134084863]: Publishing motor command - Left: 749.694885, Right: -749.694885[0m
[0m[ INFO] [1746503631.240311030]: Target - x: 1020.000000, y: 0.000000, phi: 0.000000[0m
[0m[ INFO] [1746503631.240651866]: Current - x: 67.294914, y: 1152.401855, phi: 51.973278[0m
[0m[ INFO] [1746503631.240843804]: Error - x: 952.705078, y: -1152.401855[0m
[0m[ INFO] [1746503631.240958333]: Publishing motor command - Left: 602.028015, Right: -602.028015[0m
[0m[ INFO] [1746503631.333115037]: Target - x: 1020.000000, y: 0.000000, phi: 0.000000[0m
[0m[ INFO] [1746503631.333211742]: Current - x: 72.575989, y: 1159.505493, phi: 49.176945[0m
[0m[ INFO] [1746503631.333284671]: Error - x: 947.424011, y: -1159.505493[0m
[0m[ INFO] [1746503631.333375296]: Publishing motor command - Left: 560.277466, Right: -560.277466[0m
[0m[ INFO] [1746503631.440725347]: Target - x: 1020.000000, y: 0.000000, phi: 0.000000[0m
[0m[ INFO] [1746503631.441255881]: Current - x: 79.711182, y: 1168.216919, phi: 46.591106[0m
[0m[ INFO] [1746503631.441347786]: Error - x: 940.288818, y: -1168.216919[0m
[0m[ INFO] [1746503631.441503499]: Publishing motor command - Left: 534.764465, Right: -534.764465[0m
[0m[ INFO] [1746503631.533953710]: Target - x: 1020.000000, y: 0.000000, phi: 0.000000[0m
[0m[ INFO] [1746503631.534233297]: Current - x: 89.189377, y: 1178.621582, phi: 43.572899[0m
[0m[ INFO] [1746503631.534329202]: Error - x: 930.810608, y: -1178.621582[0m
[0m[ INFO] [1746503631.534382515]: Publishing motor command - Left: 462.803009, Right: -462.803009[0m
[0m[ INFO] [1746503631.636060281]: Target - x: 1020.000000, y: 0.000000, phi: 0.000000[0m
[0m[ INFO] [1746503631.636192154]: Current - x: 100.262062, y: 1189.725464, phi: 40.552292[0m
[0m[ INFO] [1746503631.636231803]: Error - x: 919.737915, y: -1189.725464[0m
[0m[ INFO] [1746503631.636302364]: Publishing motor command - Left: 417.554352, Right: -417.554352[0m
[0m[ INFO] [1746503631.733785205]: Target - x: 1020.000000, y: 0.000000, phi: 0.000000[0m
[0m[ INFO] [1746503631.733894454]: Current - x: 110.850777, y: 1199.298950, phi: 37.640831[0m
[0m[ INFO] [1746503631.733980087]: Error - x: 909.149231, y: -1199.298950[0m
[0m[ INFO] [1746503631.734059032]: Publishing motor command - Left: 380.874725, Right: -380.874725[0m
[0m[ INFO] [1746503631.835518972]: Target - x: 1020.000000, y: 0.000000, phi: 0.000000[0m
[0m[ INFO] [1746503631.835632573]: Current - x: 120.961296, y: 1207.577637, phi: 35.159340[0m
[0m[ INFO] [1746503631.835734558]: Error - x: 899.038696, y: -1207.577637[0m
[0m[ INFO] [1746503631.835856351]: Publishing motor command - Left: 370.573334, Right: -370.573334[0m
[0m[ INFO] [1746503631.933493914]: Target - x: 1020.000000, y: 0.000000, phi: 0.000000[0m
[0m[ INFO] [1746503631.933644476]: Current - x: 130.832565, y: 1214.855591, phi: 32.679050[0m
[0m[ INFO] [1746503631.933691452]: Error - x: 889.167419, y: -1214.855591[0m
[0m[ INFO] [1746503631.933735901]: Publishing motor command - Left: 333.615997, Right: -333.615997[0m
[0m[ INFO] [1746503632.033786865]: Target - x: 1020.000000, y: 0.000000, phi: 0.000000[0m
[0m[ INFO] [1746503632.034143797]: Current - x: 140.676346, y: 1221.475220, phi: 30.199358[0m
[0m[ INFO] [1746503632.034237270]: Error - x: 879.323669, y: -1221.475220[0m
[0m[ INFO] [1746503632.034281303]: Publishing motor command - Left: 296.629944, Right: -296.629944[0m
[0m[ INFO] [1746503632.133488034]: Target - x: 1020.000000, y: 0.000000, phi: 0.000000[0m
[0m[ INFO] [1746503632.133581123]: Current - x: 150.607468, y: 1227.584839, phi: 28.041100[0m
[0m[ INFO] [1746503632.133685732]: Error - x: 869.392517, y: -1227.584839[0m
[0m[ INFO] [1746503632.133751397]: Publishing motor command - Left: 284.402557, Right: -284.402557[0m
[0m[ INFO] [1746503632.349859258]: Target - x: 1020.000000, y: 0.000000, phi: 0.000000[0m
[0m[ INFO] [1746503632.349949435]: Current - x: 159.740814, y: 1232.672852, phi: 25.884638[0m
[0m[ INFO] [1746503632.349987612]: Error - x: 860.259155, y: -1232.672852[0m
[0m[ INFO] [1746503632.350025980]: Publishing motor command - Left: 252.317154, Right: -252.317154[0m
[0m[ INFO] [1746503632.351096616]: Target - x: 1020.000000, y: 0.000000, phi: 0.000000[0m
[0m[ INFO] [1746503632.351167880]: Current - x: 168.875443, y: 1237.330444, phi: 23.835518[0m
[0m[ INFO] [1746503632.351220777]: Error - x: 851.124573, y: -1237.330444[0m
[0m[ INFO] [1746503632.351258441]: Publishing motor command - Left: 228.400467, Right: -228.400467[0m
[0m[ INFO] [1746503632.433706881]: Target - x: 1020.000000, y: 0.000000, phi: 0.000000[0m
[0m[ INFO] [1746503632.433878210]: Current - x: 177.468658, y: 1241.722290, phi: 21.894344[0m
[0m[ INFO] [1746503632.434335591]: Error - x: 842.531372, y: -1241.722290[0m
[0m[ INFO] [1746503632.434624266]: Publishing motor command - Left: 206.133072, Right: -206.133072[0m
[0m[ INFO] [1746503632.534581758]: Target - x: 1020.000000, y: 0.000000, phi: 0.000000[0m
[0m[ INFO] [1746503632.534678175]: Current - x: 186.360794, y: 1245.472046, phi: 19.953169[0m
[0m[ INFO] [1746503632.534718720]: Error - x: 833.639221, y: -1245.472046[0m
[0m[ INFO] [1746503632.534777056]: Publishing motor command - Left: 177.150146, Right: -177.150146[0m
[0m[ INFO] [1746503632.640627251]: Target - x: 1020.000000, y: 0.000000, phi: 0.000000[0m
[0m[ INFO] [1746503632.640980023]: Current - x: 194.624451, y: 1248.631592, phi: 18.013191[0m
[0m[ INFO] [1746503632.641099704]: Error - x: 825.375549, y: -1248.631592[0m
[0m[ INFO] [1746503632.641194745]: Publishing motor command - Left: 148.259720, Right: -148.259720[0m
[0m[ INFO] [1746503632.733245208]: Target - x: 1020.000000, y: 0.000000, phi: 0.000000[0m
[0m[ INFO] [1746503632.733368985]: Current - x: 202.411469, y: 1251.334839, phi: 16.395245[0m
[0m[ INFO] [1746503632.733433178]: Error - x: 817.588501, y: -1251.334839[0m
[0m[ INFO] [1746503632.733544891]: Publishing motor command - Left: 144.136612, Right: -144.136612[0m
[0m[ INFO] [1746503632.837742716]: Target - x: 1020.000000, y: 0.000000, phi: 0.000000[0m
[0m[ INFO] [1746503632.837833949]: Current - x: 210.096420, y: 1253.706543, phi: 14.670554[0m
[0m[ INFO] [1746503632.837933886]: Error - x: 809.903564, y: -1253.706543[0m
[0m[ INFO] [1746503632.837999231]: Publishing motor command - Left: 111.745430, Right: -111.745430[0m
[0m[ INFO] [1746503632.934607951]: Target - x: 1020.000000, y: 0.000000, phi: 0.000000[0m
[0m[ INFO] [1746503632.934754640]: Current - x: 217.840164, y: 1255.874390, phi: 13.159953[0m
[0m[ INFO] [1746503632.934822225]: Error - x: 802.159851, y: -1255.874390[0m
[0m[ INFO] [1746503632.934893810]: Publishing motor command - Left: 102.509949, Right: -102.509949[0m
[0m[ INFO] [1746503633.035380267]: Target - x: 1020.000000, y: 0.000000, phi: 0.000000[0m
[0m[ INFO] [1746503633.035797839]: Current - x: 225.063004, y: 1257.656860, phi: 11.543205[0m
[0m[ INFO] [1746503633.036937564]: Error - x: 794.937012, y: -1257.656860[0m
[0m[ INFO] [1746503633.037169374]: Publishing motor command - Left: 71.767540, Right: -71.767540[0m
[0m[ INFO] [1746503633.134267475]: Target - x: 1020.000000, y: 0.000000, phi: 0.000000[0m
[0m[ INFO] [1746503633.134602871]: Current - x: 231.541779, y: 1259.088379, phi: 10.141744[0m
[0m[ INFO] [1746503633.134651607]: Error - x: 788.458252, y: -1259.088379[0m
[0m[ INFO] [1746503633.134696472]: Publishing motor command - Left: 64.236046, Right: -64.236046[0m
[0m[ INFO] [1746503633.233039610]: Target - x: 1020.000000, y: 0.000000, phi: 0.000000[0m
[0m[ INFO] [1746503633.233141819]: Current - x: 237.859421, y: 1260.304443, phi: 8.847628[0m
[0m[ INFO] [1746503633.233228892]: Error - x: 782.140564, y: -1260.304443[0m
[0m[ INFO] [1746503633.233315965]: Publishing motor command - Left: 51.592209, Right: -51.592209[0m
[0m[ INFO] [1746503633.333799254]: Target - x: 1020.000000, y: 0.000000, phi: 0.000000[0m
[0m[ INFO] [1746503633.333915319]: Current - x: 244.204926, y: 1261.365723, phi: 7.553510[0m
[0m[ INFO] [1746503633.333986072]: Error - x: 775.795044, y: -1261.365723[0m
[0m[ INFO] [1746503633.334076409]: Publishing motor command - Left: 32.270222, Right: -32.270222[0m
[0m[ INFO] [1746503633.442872811]: Target - x: 1020.000000, y: 0.000000, phi: 0.000000[0m
[0m[ INFO] [1746503633.443263408]: Current - x: 250.172470, y: 1262.237183, phi: 6.474082[0m
[0m[ INFO] [1746503633.443408785]: Error - x: 769.827515, y: -1262.237183[0m
[0m[ INFO] [1746503633.443503026]: Publishing motor command - Left: 29.509712, Right: -29.509712[0m
[0m[ INFO] [1746503633.533618748]: Target - x: 1020.000000, y: 0.000000, phi: 0.000000[0m
[0m[ INFO] [1746503633.533722909]: Current - x: 255.759491, y: 1262.924561, phi: 5.395252[0m
[0m[ INFO] [1746503633.533865086]: Error - x: 764.240479, y: -1262.924561[0m
[0m[ INFO] [1746503633.533941215]: Publishing motor command - Left: 13.439384, Right: -13.439384[0m
[0m[ INFO] [1746503633.636440302]: Target - x: 1020.000000, y: 0.000000, phi: 0.000000[0m
[0m[ INFO] [1746503633.636564271]: Current - x: 260.958923, y: 1263.465088, phi: 4.317021[0m
[0m[ INFO] [1746503633.636859123]: Error - x: 759.041077, y: -1263.465088[0m
[0m[ INFO] [1746503633.636986740]: Publishing motor command - Left: -2.621922, Right: 2.621922[0m
[0m[ INFO] [1746503633.735100564]: Target - x: 1020.000000, y: 0.000000, phi: 0.000000[0m
[0m[ INFO] [1746503633.735209141]: Current - x: 265.966553, y: 1263.895264, phi: 3.346134[0m
[0m[ INFO] [1746503633.735256021]: Error - x: 754.033447, y: -1263.895264[0m
[0m[ INFO] [1746503633.735300182]: Publishing motor command - Left: -10.439870, Right: 10.439870[0m
[0m[ INFO] [1746503633.836430262]: Target - x: 1020.000000, y: 0.000000, phi: 0.000000[0m
[0m[ INFO] [1746503633.836552215]: Current - x: 270.780121, y: 1264.222168, phi: 2.482591[0m
[0m[ INFO] [1746503633.836638104]: Error - x: 749.219849, y: -1264.222168[0m
[0m[ INFO] [1746503633.836679801]: Publishing motor command - Left: -16.655111, Right: 16.655111[0m
[0m[ INFO] [1746503633.934212690]: Target - x: 1020.000000, y: 0.000000, phi: 0.000000[0m
[0m[ INFO] [1746503633.934315475]: Current - x: 275.799927, y: 1264.473022, phi: 1.511704[0m
[0m[ INFO] [1746503633.934362420]: Error - x: 744.200073, y: -1264.473022[0m
[0m[ INFO] [1746503633.934404916]: Publishing motor command - Left: -37.828930, Right: 37.828930[0m
[0m[ INFO] [1746503634.041419731]: Target - x: 1020.000000, y: 0.000000, phi: 0.000000[0m
[0m[ INFO] [1746503634.041917913]: Current - x: 280.018646, y: 1264.628052, phi: 0.756104[0m
[0m[ INFO] [1746503634.042088667]: Error - x: 739.981323, y: -1264.628052[0m
[0m[ INFO] [1746503634.042382206]: Publishing motor command - Left: -35.717323, Right: 35.717323[0m
[0m[ INFO] [1746503634.133414801]: Target - x: 1020.000000, y: 0.000000, phi: 0.000000[0m
[0m[ INFO] [1746503634.133539282]: Current - x: 284.037964, y: 1264.711304, phi: 0.107848[0m
[0m[ INFO] [1746503634.133635732]: Error - x: 735.962036, y: -1264.711304[0m
[0m[ INFO] [1746503634.133701940]: Publishing motor command - Left: -38.718204, Right: 38.718204[0m
[0m[ INFO] [1746503634.240750164]: Target - x: 1020.000000, y: 0.000000, phi: 0.000000[0m
[0m[ INFO] [1746503634.241054999]: Current - x: 287.857788, y: 1264.736572, phi: -0.647153[0m
[0m[ INFO] [1746503634.241949921]: Error - x: 732.142212, y: -1264.736572[0m
[0m[ INFO] [1746503634.242399846]: Publishing motor command - Left: -56.631485, Right: 56.631485[0m
[0m[ INFO] [1746503634.333945023]: Target - x: 1020.000000, y: 0.000000, phi: 0.000000[0m
[0m[ INFO] [1746503634.334043552]: Current - x: 291.877930, y: 1264.721436, phi: -1.295410[0m
[0m[ INFO] [1746503634.334084640]: Error - x: 728.122070, y: -1264.721436[0m
[0m[ INFO] [1746503634.334180033]: Publishing motor command - Left: -59.669617, Right: 59.669617[0m
[0m[ INFO] [1746503634.437029204]: Target - x: 1020.000000, y: 0.000000, phi: 0.000000[0m
[0m[ INFO] [1746503634.437156757]: Current - x: 295.295593, y: 1264.660278, phi: -2.049812[0m
[0m[ INFO] [1746503634.437221142]: Error - x: 724.704407, y: -1264.660278[0m
[0m[ INFO] [1746503634.437309399]: Publishing motor command - Left: -77.536713, Right: 77.536713[0m
[0m[ INFO] [1746503634.533514146]: Target - x: 1020.000000, y: 0.000000, phi: 0.000000[0m
[0m[ INFO] [1746503634.533605859]: Current - x: 298.711426, y: 1264.567017, phi: -2.590125[0m
[0m[ INFO] [1746503634.533678275]: Error - x: 721.288574, y: -1264.567017[0m
[0m[ INFO] [1746503634.533722436]: Publishing motor command - Left: -72.285233, Right: 72.285233[0m
[0m[ INFO] [1746503634.637341023]: Target - x: 1020.000000, y: 0.000000, phi: 0.000000[0m
[0m[ INFO] [1746503634.637459616]: Current - x: 302.125732, y: 1264.428589, phi: -3.130438[0m
[0m[ INFO] [1746503634.637520833]: Error - x: 717.874268, y: -1264.428589[0m
[0m[ INFO] [1746503634.637581569]: Publishing motor command - Left: -80.352409, Right: 80.352409[0m
[0m[ INFO] [1746503634.733850701]: Target - x: 1020.000000, y: 0.000000, phi: 0.000000[0m
[0m[ INFO] [1746503634.733971918]: Current - x: 304.936371, y: 1264.290894, phi: -3.562808[0m
[0m[ INFO] [1746503634.734064847]: Error - x: 715.063599, y: -1264.290894[0m
[0m[ INFO] [1746503634.734215857]: Publishing motor command - Left: -80.092735, Right: 80.092735[0m
[0m[ INFO] [1746503634.842425085]: Target - x: 1020.000000, y: 0.000000, phi: 0.000000[0m
[0m[ INFO] [1746503634.842805825]: Current - x: 307.946472, y: 1264.112061, phi: -4.102523[0m
[0m[ INFO] [1746503634.842955171]: Error - x: 712.053528, y: -1264.112061[0m
[0m[ INFO] [1746503634.843098244]: Publishing motor command - Left: -94.828949, Right: 94.828949[0m
[0m[ INFO] [1746503634.933633682]: Target - x: 1020.000000, y: 0.000000, phi: 0.000000[0m
[0m[ INFO] [1746503634.933766612]: Current - x: 310.353546, y: 1263.953003, phi: -4.534294[0m
[0m[ INFO] [1746503634.933834516]: Error - x: 709.646484, y: -1263.953003[0m
[0m[ INFO] [1746503634.933891829]: Publishing motor command - Left: -94.560310, Right: 94.560310[0m
[0m[ INFO] [1746503635.034699282]: Target - x: 1020.000000, y: 0.000000, phi: 0.000000[0m
[0m[ INFO] [1746503635.034906932]: Current - x: 312.958923, y: 1263.758789, phi: -4.859320[0m
[0m[ INFO] [1746503635.035008405]: Error - x: 707.041077, y: -1263.758789[0m
[0m[ INFO] [1746503635.035126902]: Publishing motor command - Left: -92.772430, Right: 92.772430[0m
[0m[ INFO] [1746503635.133745435]: Target - x: 1020.000000, y: 0.000000, phi: 0.000000[0m
[0m[ INFO] [1746503635.133838044]: Current - x: 315.562775, y: 1263.544800, phi: -5.184347[0m
[0m[ INFO] [1746503635.133932701]: Error - x: 704.437256, y: -1263.544800[0m
[0m[ INFO] [1746503635.133990014]: Publishing motor command - Left: -97.625298, Right: 97.625298[0m
[0m[ INFO] [1746503635.239088648]: Target - x: 1020.000000, y: 0.000000, phi: 0.000000[0m
[0m[ INFO] [1746503635.239394955]: Current - x: 317.965637, y: 1263.331421, phi: -5.616118[0m
[0m[ INFO] [1746503635.239469452]: Error - x: 702.034363, y: -1263.331421[0m
[0m[ INFO] [1746503635.239557645]: Publishing motor command - Left: -110.712532, Right: 110.712532[0m
[0m[ INFO] [1746503635.333852100]: Target - x: 1020.000000, y: 0.000000, phi: 0.000000[0m
[0m[ INFO] [1746503635.333982117]: Current - x: 320.166199, y: 1263.129639, phi: -5.726456[0m
[0m[ INFO] [1746503635.334243848]: Error - x: 699.833801, y: -1263.129639[0m
[0m[ INFO] [1746503635.334285000]: Publishing motor command - Left: -92.363396, Right: 92.363396[0m
[0m[ INFO] [1746503635.435165317]: Target - x: 1020.000000, y: 0.000000, phi: 0.000000[0m
[0m[ INFO] [1746503635.435614570]: Current - x: 321.966248, y: 1262.947510, phi: -6.050284[0m
[0m[ INFO] [1746503635.435727467]: Error - x: 698.033752, y: -1262.947510[0m
[0m[ INFO] [1746503635.435819980]: Publishing motor command - Left: -110.479683, Right: 110.479683[0m
[0m[ INFO] [1746503635.533562184]: Target - x: 1020.000000, y: 0.000000, phi: 0.000000[0m
[0m[ INFO] [1746503635.533697705]: Current - x: 323.965363, y: 1262.743164, phi: -6.267368[0m
[0m[ INFO] [1746503635.533768042]: Error - x: 696.034668, y: -1262.743164[0m
[0m[ INFO] [1746503635.533815819]: Publishing motor command - Left: -107.080200, Right: 107.080200[0m
[0m[ INFO] [1746503635.640638920]: Target - x: 1020.000000, y: 0.000000, phi: 0.000000[0m
[0m[ INFO] [1746503635.640970635]: Current - x: 325.963318, y: 1262.527588, phi: -6.484451[0m
[0m[ INFO] [1746503635.641157293]: Error - x: 694.036682, y: -1262.527588[0m
[0m[ INFO] [1746503635.641321199]: Publishing motor command - Left: -110.321381, Right: 110.321381[0m
[0m[ INFO] [1746503635.733410734]: Target - x: 1020.000000, y: 0.000000, phi: 0.000000[0m
[0m[ INFO] [1746503635.733570159]: Current - x: 327.560425, y: 1262.352173, phi: -6.486846[0m
[0m[ INFO] [1746503635.733620080]: Error - x: 692.439575, y: -1262.352173[0m
[0m[ INFO] [1746503635.733667921]: Publishing motor command - Left: -97.001228, Right: 97.001228[0m
[0m[ INFO] [1746503635.838960733]: Target - x: 1020.000000, y: 0.000000, phi: 0.000000[0m
[0m[ INFO] [1746503635.839050782]: Current - x: 328.957703, y: 1262.192017, phi: -6.595987[0m
[0m[ INFO] [1746503635.839091327]: Error - x: 691.042297, y: -1262.192017[0m
[0m[ INFO] [1746503635.839140031]: Publishing motor command - Left: -105.271454, Right: 105.271454[0m
[0m[ INFO] [1746503635.933212915]: Target - x: 1020.000000, y: 0.000000, phi: 0.000000[0m
[0m[ INFO] [1746503635.933307092]: Current - x: 330.554932, y: 1262.007324, phi: -6.812471[0m
[0m[ INFO] [1746503635.933362197]: Error - x: 689.445068, y: -1262.007324[0m
[0m[ INFO] [1746503635.933425013]: Publishing motor command - Left: -115.181641, Right: 115.181641[0m
[0m[ INFO] [1746503636.039467658]: Target - x: 1020.000000, y: 0.000000, phi: 0.000000[0m
[0m[ INFO] [1746503636.039961391]: Current - x: 332.151001, y: 1261.822754, phi: -6.814867[0m
[0m[ INFO] [1746503636.040152913]: Error - x: 687.848999, y: -1261.822754[0m
[0m[ INFO] [1746503636.040310419]: Publishing motor command - Left: -101.898766, Right: 101.898766[0m
[0m[ INFO] [1746503636.133462173]: Target - x: 1020.000000, y: 0.000000, phi: 0.000000[0m
[0m[ INFO] [1746503636.133585854]: Current - x: 333.547363, y: 1261.654541, phi: -6.924007[0m
[0m[ INFO] [1746503636.133628063]: Error - x: 686.452637, y: -1261.654541[0m
[0m[ INFO] [1746503636.133669343]: Publishing motor command - Left: -110.168976, Right: 110.168976[0m
[0m[ INFO] [1746503636.239260079]: Target - x: 1020.000000, y: 0.000000, phi: 0.000000[0m
[0m[ INFO] [1746503636.239788277]: Current - x: 334.544922, y: 1261.534424, phi: -7.032548[0m
[0m[ INFO] [1746503636.239909494]: Error - x: 685.455078, y: -1261.534424[0m
[0m[ INFO] [1746503636.239998103]: Publishing motor command - Left: -111.752312, Right: 111.752312[0m
[0m[ INFO] [1746503636.333566085]: Target - x: 1020.000000, y: 0.000000, phi: 0.000000[0m
[0m[ INFO] [1746503636.333686823]: Current - x: 335.940948, y: 1261.363525, phi: -7.141689[0m
[0m[ INFO] [1746503636.333731271]: Error - x: 684.059082, y: -1261.363525[0m
[0m[ INFO] [1746503636.333789480]: Publishing motor command - Left: -113.419090, Right: 113.419090[0m
[0m[ INFO] [1746503636.439396312]: Target - x: 1020.000000, y: 0.000000, phi: 0.000000[0m
[0m[ INFO] [1746503636.439788700]: Current - x: 336.938019, y: 1261.239502, phi: -7.250230[0m
[0m[ INFO] [1746503636.440261857]: Error - x: 683.062012, y: -1261.239502[0m
[0m[ INFO] [1746503636.440312002]: Publishing motor command - Left: -115.002419, Right: 115.002419[0m
[0m[ INFO] [1746503636.533290250]: Target - x: 1020.000000, y: 0.000000, phi: 0.000000[0m
[0m[ INFO] [1746503636.533387211]: Current - x: 338.532288, y: 1261.039795, phi: -7.252625[0m
[0m[ INFO] [1746503636.533427243]: Error - x: 681.467712, y: -1261.039795[0m
[0m[ INFO] [1746503636.533466764]: Publishing motor command - Left: -108.434746, Right: 108.434746[0m
[0m[ INFO] [1746503636.636059867]: Target - x: 1020.000000, y: 0.000000, phi: 0.000000[0m
[0m[ INFO] [1746503636.636284958]: Current - x: 339.927307, y: 1260.860962, phi: -7.361766[0m
[0m[ INFO] [1746503636.636350974]: Error - x: 680.072693, y: -1260.860962[0m
[0m[ INFO] [1746503636.636445631]: Publishing motor command - Left: -116.704994, Right: 116.704994[0m
[0m[ INFO] [1746503636.733397522]: Target - x: 1020.000000, y: 0.000000, phi: 0.000000[0m
[0m[ INFO] [1746503636.733514195]: Current - x: 341.521179, y: 1260.658081, phi: -7.364161[0m
[0m[ INFO] [1746503636.733571540]: Error - x: 678.478821, y: -1260.658081[0m
[0m[ INFO] [1746503636.733631093]: Publishing motor command - Left: -110.100006, Right: 110.100006[0m
[0m[ INFO] [1746503636.839983789]: Target - x: 1020.000000, y: 0.000000, phi: 0.000000[0m
[0m[ INFO] [1746503636.840386993]: Current - x: 342.716278, y: 1260.503662, phi: -7.365958[0m
[0m[ INFO] [1746503636.840541043]: Error - x: 677.283691, y: -1260.503662[0m
[0m[ INFO] [1746503636.840708884]: Publishing motor command - Left: -110.089630, Right: 110.089630[0m
[0m[ INFO] [1746503636.933785502]: Target - x: 1020.000000, y: 0.000000, phi: 0.000000[0m
[0m[ INFO] [1746503636.933923391]: Current - x: 343.911377, y: 1260.349121, phi: -7.367754[0m
[0m[ INFO] [1746503636.933966399]: Error - x: 676.088623, y: -1260.349121[0m
[0m[ INFO] [1746503636.934059904]: Publishing motor command - Left: -110.116425, Right: 110.116425[0m
[0m[ INFO] [1746503637.038164608]: Target - x: 1020.000000, y: 0.000000, phi: 0.000000[0m
[0m[ INFO] [1746503637.038255393]: Current - x: 345.106476, y: 1260.194580, phi: -7.369550[0m
[0m[ INFO] [1746503637.038331298]: Error - x: 674.893555, y: -1260.194580[0m
[0m[ INFO] [1746503637.038400099]: Publishing motor command - Left: -110.143242, Right: 110.143242[0m
[0m[ INFO] [1746503637.133991783]: Target - x: 1020.000000, y: 0.000000, phi: 0.000000[0m
[0m[ INFO] [1746503637.134188297]: Current - x: 345.704498, y: 1260.116699, phi: -7.477493[0m
[0m[ INFO] [1746503637.134265354]: Error - x: 674.295532, y: -1260.116699[0m
[0m[ INFO] [1746503637.134361547]: Publishing motor command - Left: -118.358345, Right: 118.358345[0m
[0m[ INFO] [1746503637.234810627]: Target - x: 1020.000000, y: 0.000000, phi: 0.000000[0m
[0m[ INFO] [1746503637.234941285]: Current - x: 346.501221, y: 1260.013672, phi: -7.478691[0m
[0m[ INFO] [1746503637.234985157]: Error - x: 673.498779, y: -1260.013672[0m
[0m[ INFO] [1746503637.235054246]: Publishing motor command - Left: -111.735504, Right: 111.735504[0m
[0m[ INFO] [1746503637.378529133]: Target - x: 1020.000000, y: 0.000000, phi: 0.000000[0m
[0m[ INFO] [1746503637.378609006]: Current - x: 347.297760, y: 1259.909180, phi: -7.479888[0m
[0m[ INFO] [1746503637.378649326]: Error - x: 672.702271, y: -1259.909180[0m
[0m[ INFO] [1746503637.378688175]: Publishing motor command - Left: -111.753418, Right: 111.753418[0m
[0m[ INFO] [1746503637.433863584]: Target - x: 1020.000000, y: 0.000000, phi: 0.000000[0m
[0m[ INFO] [1746503637.433958561]: Current - x: 347.297760, y: 1259.909180, phi: -7.479888[0m
[0m[ INFO] [1746503637.433997729]: Error - x: 672.702271, y: -1259.909180[0m
[0m[ INFO] [1746503637.434064258]: Publishing motor command - Left: -111.678902, Right: 111.678902[0m
[0m[ INFO] [1746503637.534213687]: Target - x: 1020.000000, y: 0.000000, phi: 0.000000[0m
[0m[ INFO] [1746503637.534308632]: Current - x: 347.297760, y: 1259.909180, phi: -7.479888[0m
[0m[ INFO] [1746503637.534581755]: Error - x: 672.702271, y: -1259.909180[0m
[0m[ INFO] [1746503637.534626716]: Publishing motor command - Left: -111.678902, Right: 111.678902[0m
[0m[ INFO] [1746503637.646813714]: Target - x: 1020.000000, y: 0.000000, phi: 0.000000[0m
[0m[ INFO] [1746503637.647237879]: Current - x: 347.297760, y: 1259.909180, phi: -7.479888[0m
[0m[ INFO] [1746503637.647417593]: Error - x: 672.702271, y: -1259.909180[0m
[0m[ INFO] [1746503637.647537914]: Publishing motor command - Left: -111.678902, Right: 111.678902[0m
[0m[ INFO] [1746503637.733283732]: Target - x: 1020.000000, y: 0.000000, phi: 0.000000[0m
[0m[ INFO] [1746503637.733408438]: Current - x: 347.297760, y: 1259.909180, phi: -7.479888[0m
[0m[ INFO] [1746503637.733475542]: Error - x: 672.702271, y: -1259.909180[0m
[0m[ INFO] [1746503637.733518775]: Publishing motor command - Left: -111.678902, Right: 111.678902[0m
[0m[ INFO] [1746503637.839111174]: Target - x: 1020.000000, y: 0.000000, phi: 0.000000[0m
[0m[ INFO] [1746503637.839538827]: Current - x: 347.297760, y: 1259.909180, phi: -7.479888[0m
[0m[ INFO] [1746503637.839695085]: Error - x: 672.702271, y: -1259.909180[0m
[0m[ INFO] [1746503637.839820110]: Publishing motor command - Left: -111.678902, Right: 111.678902[0m
[0m[ INFO] [1746503637.933313756]: Target - x: 1020.000000, y: 0.000000, phi: 0.000000[0m
[0m[ INFO] [1746503637.933487326]: Current - x: 347.297760, y: 1259.909180, phi: -7.479888[0m
[0m[ INFO] [1746503637.933579902]: Error - x: 672.702271, y: -1259.909180[0m
[0m[ INFO] [1746503637.933679424]: Publishing motor command - Left: -111.678902, Right: 111.678902[0m
[0m[ INFO] [1746503638.040662718]: Target - x: 1020.000000, y: 0.000000, phi: 0.000000[0m
[0m[ INFO] [1746503638.041242116]: Current - x: 347.297760, y: 1259.909180, phi: -7.479888[0m
[0m[ INFO] [1746503638.041464807]: Error - x: 672.702271, y: -1259.909180[0m
[0m[ INFO] [1746503638.041656105]: Publishing motor command - Left: -111.678902, Right: 111.678902[0m
[0m[ INFO] [1746503638.133408996]: Target - x: 1020.000000, y: 0.000000, phi: 0.000000[0m
[0m[ INFO] [1746503638.133525957]: Current - x: 347.297760, y: 1259.909180, phi: -7.479888[0m
[0m[ INFO] [1746503638.133610342]: Error - x: 672.702271, y: -1259.909180[0m
[0m[ INFO] [1746503638.133687847]: Publishing motor command - Left: -111.678902, Right: 111.678902[0m
[0m[ INFO] [1746503638.232838865]: Target - x: 1020.000000, y: 0.000000, phi: 0.000000[0m
[0m[ INFO] [1746503638.232964274]: Current - x: 347.297760, y: 1259.909180, phi: -7.479888[0m
[0m[ INFO] [1746503638.233003795]: Error - x: 672.702271, y: -1259.909180[0m
[0m[ INFO] [1746503638.233058195]: Publishing motor command - Left: -111.678902, Right: 111.678902[0m
[0m[ INFO] [1746503638.333320681]: Target - x: 1020.000000, y: 0.000000, phi: 0.000000[0m
[0m[ INFO] [1746503638.333448907]: Current - x: 347.297760, y: 1259.909180, phi: -7.479888[0m
[0m[ INFO] [1746503638.333490731]: Error - x: 672.702271, y: -1259.909180[0m
[0m[ INFO] [1746503638.333532044]: Publishing motor command - Left: -111.678902, Right: 111.678902[0m
[0m[ INFO] [1746503638.439358238]: Target - x: 1020.000000, y: 0.000000, phi: 0.000000[0m
[0m[ INFO] [1746503638.439801762]: Current - x: 347.297760, y: 1259.909180, phi: -7.479888[0m
[0m[ INFO] [1746503638.439892835]: Error - x: 672.702271, y: -1259.909180[0m
[0m[ INFO] [1746503638.439989572]: Publishing motor command - Left: -111.678902, Right: 111.678902[0m
[0m[ INFO] [1746503638.533451858]: Target - x: 1020.000000, y: 0.000000, phi: 0.000000[0m
[0m[ INFO] [1746503638.533599827]: Current - x: 347.297760, y: 1259.909180, phi: -7.479888[0m
[0m[ INFO] [1746503638.533703540]: Error - x: 672.702271, y: -1259.909180[0m
[0m[ INFO] [1746503638.533757301]: Publishing motor command - Left: -111.678902, Right: 111.678902[0m
[0m[ INFO] [1746503638.638879167]: Target - x: 1020.000000, y: 0.000000, phi: 0.000000[0m
[0m[ INFO] [1746503638.639365733]: Current - x: 347.496368, y: 1259.883179, phi: -7.373143[0m
[0m[ INFO] [1746503638.639526630]: Error - x: 672.503662, y: -1259.883179[0m
[0m[ INFO] [1746503638.641507484]: Publishing motor command - Left: -103.444405, Right: 103.444405[0m
[0m[ INFO] [1746503638.733155477]: Target - x: 1020.000000, y: 0.000000, phi: 0.000000[0m
[0m[ INFO] [1746503638.733262262]: Current - x: 347.496368, y: 1259.883179, phi: -7.373143[0m
[0m[ INFO] [1746503638.733303351]: Error - x: 672.503662, y: -1259.883179[0m
[0m[ INFO] [1746503638.733345079]: Publishing motor command - Left: -110.085121, Right: 110.085121[0m
[0m[ INFO] [1746503638.840240949]: Target - x: 1020.000000, y: 0.000000, phi: 0.000000[0m
[0m[ INFO] [1746503638.840723898]: Current - x: 347.496368, y: 1259.883179, phi: -7.373143[0m
[0m[ INFO] [1746503638.840900700]: Error - x: 672.503662, y: -1259.883179[0m
[0m[ INFO] [1746503638.841077182]: Publishing motor command - Left: -110.085121, Right: 110.085121[0m
[0m[ INFO] [1746503638.933904196]: Target - x: 1020.000000, y: 0.000000, phi: 0.000000[0m
[0m[ INFO] [1746503638.934020517]: Current - x: 347.496368, y: 1259.883179, phi: -7.373143[0m
[0m[ INFO] [1746503638.934221703]: Error - x: 672.503662, y: -1259.883179[0m
[0m[ INFO] [1746503638.934339625]: Publishing motor command - Left: -110.085121, Right: 110.085121[0m
[0m[ INFO] [1746503639.040368349]: Target - x: 1020.000000, y: 0.000000, phi: 0.000000[0m
[0m[ INFO] [1746503639.040565887]: Current - x: 347.496368, y: 1259.883179, phi: -7.373143[0m
[0m[ INFO] [1746503639.040608512]: Error - x: 672.503662, y: -1259.883179[0m
[0m[ INFO] [1746503639.040705345]: Publishing motor command - Left: -110.085121, Right: 110.085121[0m
[0m[ INFO] [1746503639.133297956]: Target - x: 1020.000000, y: 0.000000, phi: 0.000000[0m
[0m[ INFO] [1746503639.133423910]: Current - x: 347.496368, y: 1259.883179, phi: -7.373143[0m
[0m[ INFO] [1746503639.133495270]: Error - x: 672.503662, y: -1259.883179[0m
[0m[ INFO] [1746503639.133553991]: Publishing motor command - Left: -110.085121, Right: 110.085121[0m
[0m[ INFO] [1746503639.239487930]: Target - x: 1020.000000, y: 0.000000, phi: 0.000000[0m
[0m[ INFO] [1746503639.239963775]: Current - x: 347.496368, y: 1259.883179, phi: -7.373143[0m
[0m[ INFO] [1746503639.240156257]: Error - x: 672.503662, y: -1259.883179[0m
[0m[ INFO] [1746503639.240275907]: Publishing motor command - Left: -110.085121, Right: 110.085121[0m
[0m[ INFO] [1746503639.333762224]: Target - x: 1020.000000, y: 0.000000, phi: 0.000000[0m
[0m[ INFO] [1746503639.333914737]: Current - x: 347.496368, y: 1259.883179, phi: -7.373143[0m
[0m[ INFO] [1746503639.333985106]: Error - x: 672.503662, y: -1259.883179[0m
[0m[ INFO] [1746503639.334060691]: Publishing motor command - Left: -110.085121, Right: 110.085121[0m
[0m[ INFO] [1746503639.439334079]: Target - x: 1020.000000, y: 0.000000, phi: 0.000000[0m
[0m[ INFO] [1746503639.439814148]: Current - x: 347.496368, y: 1259.883179, phi: -7.373143[0m
[0m[ INFO] [1746503639.439947814]: Error - x: 672.503662, y: -1259.883179[0m
[0m[ INFO] [1746503639.440106279]: Publishing motor command - Left: -110.085121, Right: 110.085121[0m
[0m[ INFO] [1746503639.533443443]: Target - x: 1020.000000, y: 0.000000, phi: 0.000000[0m
[0m[ INFO] [1746503639.533697686]: Current - x: 347.496368, y: 1259.883179, phi: -7.373143[0m
[0m[ INFO] [1746503639.533778551]: Error - x: 672.503662, y: -1259.883179[0m
[0m[ INFO] [1746503639.533974393]: Publishing motor command - Left: -110.085121, Right: 110.085121[0m
[0m[ INFO] [1746503639.639517544]: Target - x: 1020.000000, y: 0.000000, phi: 0.000000[0m
[0m[ INFO] [1746503639.639968972]: Current - x: 347.496368, y: 1259.883179, phi: -7.373143[0m
[0m[ INFO] [1746503639.640145710]: Error - x: 672.503662, y: -1259.883179[0m
[0m[ INFO] [1746503639.640256207]: Publishing motor command - Left: -110.085121, Right: 110.085121[0m
[0m[ INFO] [1746503639.733424249]: Target - x: 1020.000000, y: 0.000000, phi: 0.000000[0m
[0m[ INFO] [1746503639.733556123]: Current - x: 347.496368, y: 1259.883179, phi: -7.373143[0m
[0m[ INFO] [1746503639.733633372]: Error - x: 672.503662, y: -1259.883179[0m
[0m[ INFO] [1746503639.733879102]: Publishing motor command - Left: -110.085121, Right: 110.085121[0m
[0m[ INFO] [1746503639.840320023]: Target - x: 1020.000000, y: 0.000000, phi: 0.000000[0m
[0m[ INFO] [1746503639.840524889]: Current - x: 347.496368, y: 1259.883179, phi: -7.373143[0m
[0m[ INFO] [1746503639.840602682]: Error - x: 672.503662, y: -1259.883179[0m
[0m[ INFO] [1746503639.840675195]: Publishing motor command - Left: -110.085121, Right: 110.085121[0m
[0m[ INFO] [1746503639.933702659]: Target - x: 1020.000000, y: 0.000000, phi: 0.000000[0m
[0m[ INFO] [1746503639.933842788]: Current - x: 347.496368, y: 1259.883179, phi: -7.373143[0m
[0m[ INFO] [1746503639.934015750]: Error - x: 672.503662, y: -1259.883179[0m
[0m[ INFO] [1746503639.934077031]: Publishing motor command - Left: -110.085121, Right: 110.085121[0m
[0m[ INFO] [1746503640.040234396]: Target - x: 1020.000000, y: 0.000000, phi: 0.000000[0m
[0m[ INFO] [1746503640.040663905]: Current - x: 347.496368, y: 1259.883179, phi: -7.373143[0m
[0m[ INFO] [1746503640.040746978]: Error - x: 672.503662, y: -1259.883179[0m
[0m[ INFO] [1746503640.040802594]: Publishing motor command - Left: -110.085121, Right: 110.085121[0m
[0m[ INFO] [1746503640.133297541]: Target - x: 1020.000000, y: 0.000000, phi: 0.000000[0m
[0m[ INFO] [1746503640.133431110]: Current - x: 347.496368, y: 1259.883179, phi: -7.373143[0m
[0m[ INFO] [1746503640.133504391]: Error - x: 672.503662, y: -1259.883179[0m
[0m[ INFO] [1746503640.133568040]: Publishing motor command - Left: -110.085121, Right: 110.085121[0m
[0m[ INFO] [1746503640.239812190]: Target - x: 1020.000000, y: 0.000000, phi: 0.000000[0m
[0m[ INFO] [1746503640.240174530]: Current - x: 347.496368, y: 1259.883179, phi: -7.373143[0m
[0m[ INFO] [1746503640.240285219]: Error - x: 672.503662, y: -1259.883179[0m
[0m[ INFO] [1746503640.240698632]: Publishing motor command - Left: -110.085121, Right: 110.085121[0m
[0m[ INFO] [1746503640.333575406]: Target - x: 1020.000000, y: 0.000000, phi: 0.000000[0m
[0m[ INFO] [1746503640.333706608]: Current - x: 347.496368, y: 1259.883179, phi: -7.373143[0m
[0m[ INFO] [1746503640.333983667]: Error - x: 672.503662, y: -1259.883179[0m
[0m[ INFO] [1746503640.334231445]: Publishing motor command - Left: -110.085121, Right: 110.085121[0m
[0m[ INFO] [1746503640.441737241]: Target - x: 1020.000000, y: 0.000000, phi: 0.000000[0m
[0m[ INFO] [1746503640.441834970]: Current - x: 347.496368, y: 1259.883179, phi: -7.373143[0m
[0m[ INFO] [1746503640.441957948]: Error - x: 672.503662, y: -1259.883179[0m
[0m[ INFO] [1746503640.442058013]: Publishing motor command - Left: -110.085121, Right: 110.085121[0m
[0m[ INFO] [1746503640.533418803]: Target - x: 1020.000000, y: 0.000000, phi: 0.000000[0m
[0m[ INFO] [1746503640.533661782]: Current - x: 347.496368, y: 1259.883179, phi: -7.373143[0m
[0m[ INFO] [1746503640.533746903]: Error - x: 672.503662, y: -1259.883179[0m
[0m[ INFO] [1746503640.533817335]: Publishing motor command - Left: -110.085121, Right: 110.085121[0m
[0m[ INFO] [1746503640.640364849]: Target - x: 1020.000000, y: 0.000000, phi: 0.000000[0m
[0m[ INFO] [1746503640.640810934]: Current - x: 347.496368, y: 1259.883179, phi: -7.373143[0m
[0m[ INFO] [1746503640.640977655]: Error - x: 672.503662, y: -1259.883179[0m
[0m[ INFO] [1746503640.641123577]: Publishing motor command - Left: -110.085121, Right: 110.085121[0m
[0m[ INFO] [1746503640.733949503]: Target - x: 1020.000000, y: 0.000000, phi: 0.000000[0m
[0m[ INFO] [1746503640.734094881]: Current - x: 347.496368, y: 1259.883179, phi: -7.373143[0m
[0m[ INFO] [1746503640.734194914]: Error - x: 672.503662, y: -1259.883179[0m
[0m[ INFO] [1746503640.734307139]: Publishing motor command - Left: -110.085121, Right: 110.085121[0m
[0m[ INFO] [1746503640.839611663]: Target - x: 1020.000000, y: 0.000000, phi: 0.000000[0m
[0m[ INFO] [1746503640.840016947]: Current - x: 347.496368, y: 1259.883179, phi: -7.373143[0m
[0m[ INFO] [1746503640.840195605]: Error - x: 672.503662, y: -1259.883179[0m
[0m[ INFO] [1746503640.841148608]: Publishing motor command - Left: -110.085121, Right: 110.085121[0m
[0m[ INFO] [1746503640.933253726]: Target - x: 1020.000000, y: 0.000000, phi: 0.000000[0m
[0m[ INFO] [1746503640.933385215]: Current - x: 347.496368, y: 1259.883179, phi: -7.373143[0m
[0m[ INFO] [1746503640.933456768]: Error - x: 672.503662, y: -1259.883179[0m
[0m[ INFO] [1746503640.933517569]: Publishing motor command - Left: -110.085121, Right: 110.085121[0m
[0m[ INFO] [1746503641.040189884]: Target - x: 1020.000000, y: 0.000000, phi: 0.000000[0m
[0m[ INFO] [1746503641.040676545]: Current - x: 347.496368, y: 1259.883179, phi: -7.373143[0m
[0m[ INFO] [1746503641.040850275]: Error - x: 672.503662, y: -1259.883179[0m
[0m[ INFO] [1746503641.041037061]: Publishing motor command - Left: -110.085121, Right: 110.085121[0m
[0m[ INFO] [1746503641.138904001]: Target - x: 1020.000000, y: 0.000000, phi: 0.000000[0m
[0m[ INFO] [1746503641.139027042]: Current - x: 347.496368, y: 1259.883179, phi: -7.373143[0m
[0m[ INFO] [1746503641.139070499]: Error - x: 672.503662, y: -1259.883179[0m
[0m[ INFO] [1746503641.139112643]: Publishing motor command - Left: -110.085121, Right: 110.085121[0m
[0m[ INFO] [1746503623.682320794]: [I2C FOR MOTORS] Now launching this node in namespace: /asc[0m
[0m[ INFO] [1746503623.932064284]: [I2C FOR MOTORS] publish motor duty cycle requests from command line with: rostopic pub --once /asc/set_motor_duty_cycle asclinic_pkg/LeftRightFloat32 "{left: 10.1, right: 10.1}"[0m
[0m[ INFO] [1746503623.932261086]: [I2C FOR MOTORS] Successfully opened named /dev/i2c-1, with file descriptor = 11[0m
[0m[ INFO] [1746503623.933349642]: [I2C FOR MOTORS] Actual acceleration limit = 0.0003125%/ms (after conversation to "internal units")[0m
[0m[ INFO] [1746503623.933527820]: [I2C FOR MOTORS] Actual deceleration limit = 0.0015625%/ms (after conversation to "internal units")[0m
[0m[ INFO] [1746503623.933668781]: [I2C FOR MOTORS] Now initialising SMC with I2C address 13[0m
[0m[ INFO] [1746503623.967203990]: [I2C FOR MOTORS] Now initialising SMC with I2C address 14[0m
[0m[ INFO] [1746503623.983844330]: [I2C FOR MOTORS] Node initialisation complete[0m
[0m[ INFO] [1746503630.139421262]: Reached 5 meters, transitioning to TURNING state.[0m

[ARUCO DETECTOR] Camera properties upon initialisation:
CV_CAP_PROP_FRAME_HEIGHT : '480.0'
CV_CAP_PROP_FRAME_WIDTH :  '640.0'
CAP_PROP_FPS :             '30.0'
CAP_PROP_FOCUS :           '0.0'
CAP_PROP_AUTOFOCUS :       '0.0'
CAP_PROP_BRIGHTNESS :      '128.0'
CAP_PROP_CONTRAST :        '128.0'
CAP_PROP_SATURATION :      '128.0'
CAP_PROP_BUFFERSIZE :      '4.0'

[ARUCO DETECTOR] Camera properties upon initialisation:
CV_CAP_PROP_FRAME_HEIGHT : '1080.0'
CV_CAP_PROP_FRAME_WIDTH :  '1920.0'
CAP_PROP_FPS :             '5.0'
CAP_PROP_FOCUS :           '0.0'
CAP_PROP_AUTOFOCUS :       '0.0'
CAP_PROP_BRIGHTNESS :      '128.0'
CAP_PROP_CONTRAST :        '128.0'
CAP_PROP_SATURATION :      '128.0'
CAP_PROP_BUFFERSIZE :      '1.0'
[INFO] [1746503627.340612]: [ARUCO DETECTOR] As a double check of the camera properties set, a frame captured just now has dimensions = (1080, 1920, 3)
[INFO] [1746503627.410600]: [ARUCO DETECTOR] publish request from command line to save a single camera image using: rostopic pub --once /asc/request_save_image std_msgs/UInt32 1
[INFO] [1746503627.414517]: [ARUCO DETECTOR] Node initialisation complete
... logging to /home/asc/.ros/log/e3d3d45a-2a2a-11f0-b317-d8c0a650f677/roslaunch-asc12-jetson-18032.log
Checking log directory for disk usage. This may take a while.
Press Ctrl-C to interrupt
Done checking log file disk usage. Usage is <1GB.
]2;/home/asc/ASClinic/catkin_ws/src/asclinic_pkg/launch/trajectory.launch
[1mstarted roslaunch server http://asc12-jetson:43281/[0m

SUMMARY
========

PARAMETERS
 * /asc/aruco_detector/aruco_detector_desired_camera_fps: 5
 * /asc/aruco_detector/aruco_detector_desired_camera_frame_height: 1080
 * /asc/aruco_detector/aruco_detector_desired_camera_frame_width: 1920
 * /asc/aruco_detector/aruco_detector_marker_size: 0.25
 * /asc/aruco_detector/aruco_detector_save_image_path: /home/asc/saved_c...
 * /asc/aruco_detector/aruco_detector_should_publish_camera_images: False
 * /asc/aruco_detector/aruco_detector_should_save_all_aruco_images: False
 * /asc/aruco_detector/aruco_detector_should_show_camera_images: False
 * /asc/aruco_detector/aruco_detector_usb_camera_device_number: 0
 * /asc/aruco_detector/aruco_detector_verbosity: 1
 * /asc/encoder_read_multi_threaded/delta_t_for_publishing_encoder_counts: 0.1
 * /asc/encoder_read_multi_threaded/encoder_events_to_monitor: rising
 * /asc/encoder_read_multi_threaded/encoder_read_verbosity: 1
 * /asc/encoder_read_multi_threaded/gpio_chip_number_for_encoder_lines: 1
 * /asc/encoder_read_multi_threaded/line_number_for_left_side_encoder_channel_a: 105
 * /asc/encoder_read_multi_threaded/line_number_for_left_side_encoder_channel_b: 106
 * /asc/encoder_read_multi_threaded/line_number_for_right_side_encoder_channel_a: 84
 * /asc/encoder_read_multi_threaded/line_number_for_right_side_encoder_channel_b: 130
 * /asc/encoder_read_multi_threaded/should_monitor_left_side_encoder_channel_a: True
 * /asc/encoder_read_multi_threaded/should_monitor_left_side_encoder_channel_b: False
 * /asc/encoder_read_multi_threaded/should_monitor_right_side_encoder_channel_a: True
 * /asc/encoder_read_multi_threaded/should_monitor_right_side_encoder_channel_b: False
 * /asc/i2c_for_motors/motor_driver_current_limit_in_milliamps: 5000
 * /asc/i2c_for_motors/motor_driver_left_side_multiplier: 1
 * /asc/i2c_for_motors/motor_driver_max_accel_limit_in_percent_per_millisecond: 0.04
 * /asc/i2c_for_motors/motor_driver_max_decel_limit_in_percent_per_millisecond: 0.16
 * /asc/i2c_for_motors/motor_driver_max_duty_cycle_limit_in_percent: 100.0
 * /asc/i2c_for_motors/motor_driver_right_side_multiplier: 1
 * /asc/i2c_for_motors/motor_driver_verbosity: 1
 * /rosdistro: noetic
 * /rosversion: 1.17.0

NODES
  /
    kf_fusion_node (asclinic_pkg/KF.py)
    odomdelta (asclinic_pkg/odomdelta)
    trajectory_generator (asclinic_pkg/trajectory_generator)
    trajectory_tracker (asclinic_pkg/trajectory_tracker)
    velocity_PI_control (asclinic_pkg/velocity_PI_control)
  /asc/
    aruco_detector (asclinic_pkg/aruco_detector.py)
    encoder_read_multi_threaded (asclinic_pkg/encoder_read_multi_threaded)
    i2c_for_motors (asclinic_pkg/i2c_for_motors)

[1mROS_MASTER_URI=http://localhost:11311[0m
]2;/home/asc/ASClinic/catkin_ws/src/asclinic_pkg/launch/trajectory.launch http://localhost:11311
[1mprocess[asc/i2c_for_motors-1]: started with pid [18075][0m
[1mprocess[asc/encoder_read_multi_threaded-2]: started with pid [18076][0m
[1mprocess[odomdelta-3]: started with pid [18077][0m
[1mprocess[asc/aruco_detector-4]: started with pid [18078][0m
[1mprocess[trajectory_tracker-5]: started with pid [18081][0m
[1mprocess[trajectory_generator-6]: started with pid [18082][0m
[1mprocess[velocity_PI_control-7]: started with pid [18083][0m
[1mprocess[kf_fusion_node-8]: started with pid [18084][0m
[kf_fusion_node-8] killing on exit
[velocity_PI_control-7] killing on exit
[trajectory_generator-6] killing on exit
[trajectory_tracker-5] killing on exit
[asc/aruco_detector-4] killing on exit
[odomdelta-3] killing on exit
[asc/encoder_read_multi_threaded-2] killing on exit
[asc/i2c_for_motors-1] killing on exit
shutting down processing monitor...
... shutting down processing monitor complete
[1mdone[0m
