[0m[ INFO] [1746505172.579311142]: Target - x: 0.000000, y: 0.000000, phi: 0.000000[0m
[0m[ INFO] [1746505172.587391294]: Current - x: 0.000000, y: 0.000000, phi: -45.000000[0m
[0m[ INFO] [1746505172.587483711]: Error - x: 0.000000, y: 0.000000[0m
[0m[ INFO] [1746505172.587826115]: Publishing motor command - Left: 0.000000, Right: 0.000000[0m
[0m[ INFO] [1746505172.588669644]: Target reached: x=0.00, y=0.00, phi=0.00[0m
[0m[ INFO] [1746505172.678754851]: Target - x: 0.000000, y: 0.000000, phi: 0.000000[0m
[0m[ INFO] [1746505172.678917957]: Current - x: 0.000000, y: 0.000000, phi: -45.000000[0m
[0m[ INFO] [1746505172.678957317]: Error - x: 0.000000, y: 0.000000[0m
[0m[ INFO] [1746505172.678995653]: Publishing motor command - Left: 0.000000, Right: 0.000000[0m
[0m[ INFO] [1746505172.679150919]: Target reached: x=0.00, y=0.00, phi=0.00[0m
[0m[ INFO] [1746505172.778449090]: Target - x: 0.000000, y: 0.000000, phi: 0.000000[0m
[0m[ INFO] [1746505172.778549347]: Current - x: 0.000000, y: 0.000000, phi: -45.000000[0m
[0m[ INFO] [1746505172.778588644]: Error - x: 0.000000, y: 0.000000[0m
[0m[ INFO] [1746505172.778647492]: Publishing motor command - Left: 0.000000, Right: 0.000000[0m
[0m[ INFO] [1746505172.778748421]: Target reached: x=0.00, y=0.00, phi=0.00[0m
[0m[ INFO] [1746505172.879353135]: Target - x: 30.000000, y: 0.000000, phi: 0.000000[0m
[0m[ INFO] [1746505172.879510449]: Current - x: 0.000000, y: 0.000000, phi: -45.000000[0m
[0m[ INFO] [1746505172.879552817]: Error - x: 30.000000, y: 0.000000[0m
[0m[ INFO] [1746505172.879637554]: error_y: 0.000000[0m
[0m[ INFO] [1746505172.879688050]: integral_error_y: 0.000000[0m
[0m[ INFO] [1746505172.879721011]: w: 0.000000[0m
[0m[ INFO] [1746505172.879753779]: Publishing motor command - Left: 250.000000, Right: 250.000000[0m
[0m[ INFO] [1746505172.978775435]: Target - x: 60.000000, y: 0.000000, phi: 0.000000[0m
[0m[ INFO] [1746505172.978870956]: Current - x: 0.000000, y: 0.000000, phi: -45.000000[0m
[0m[ INFO] [1746505172.978912173]: Error - x: 60.000000, y: 0.000000[0m
[0m[ INFO] [1746505172.979059822]: error_y: 0.000000[0m
[0m[ INFO] [1746505172.979142543]: integral_error_y: 0.000000[0m
[0m[ INFO] [1746505172.979199632]: w: 0.000000[0m
[0m[ INFO] [1746505172.979235856]: Publishing motor command - Left: 500.000000, Right: 500.000000[0m
[0m[ INFO] [1746505173.078418826]: Target - x: 90.000000, y: 0.000000, phi: 0.000000[0m
[0m[ INFO] [1746505173.078528139]: Current - x: 0.000000, y: 0.000000, phi: -45.000000[0m
[0m[ INFO] [1746505173.078570156]: Error - x: 90.000000, y: 0.000000[0m
[0m[ INFO] [1746505173.078606188]: error_y: 0.000000[0m
[0m[ INFO] [1746505173.078667917]: integral_error_y: 0.000000[0m
[0m[ INFO] [1746505173.078754830]: w: 0.000000[0m
[0m[ INFO] [1746505173.078791854]: Publishing motor command - Left: 750.000000, Right: 750.000000[0m
[0m[ INFO] [1746505173.190716691]: Target - x: 120.000000, y: 0.000000, phi: 0.000000[0m
[0m[ INFO] [1746505173.190871509]: Current - x: 0.000000, y: 0.000000, phi: -45.000000[0m
[0m[ INFO] [1746505173.190912245]: Error - x: 120.000000, y: 0.000000[0m
[0m[ INFO] [1746505173.190943253]: error_y: 0.000000[0m
[0m[ INFO] [1746505173.190971830]: integral_error_y: 0.000000[0m
[0m[ INFO] [1746505173.190998678]: w: 0.000000[0m
[0m[ INFO] [1746505173.191028566]: Publishing motor command - Left: 1000.000000, Right: 1000.000000[0m
[0m[ INFO] [1746505173.278791412]: Target - x: 150.000000, y: 0.000000, phi: 0.000000[0m
[0m[ INFO] [1746505173.278957749]: Current - x: 0.142279, y: -0.142546, phi: -45.107346[0m
[0m[ INFO] [1746505173.279008918]: Error - x: 149.857727, y: 0.142546[0m
[0m[ INFO] [1746505173.279043990]: error_y: 0.142546[0m
[0m[ INFO] [1746505173.279092119]: integral_error_y: 0.014255[0m
[0m[ INFO] [1746505173.279127127]: w: 29.936111[0m
[0m[ INFO] [1746505173.279191448]: Publishing motor command - Left: 1241.364990, Right: 1256.263794[0m
[0m[ INFO] [1746505173.378187472]: Target - x: 180.000000, y: 0.000000, phi: 0.000000[0m
[0m[ INFO] [1746505173.378281329]: Current - x: 0.284559, y: -0.285092, phi: -45.214687[0m
[0m[ INFO] [1746505173.378851223]: Error - x: 179.715439, y: 0.285092[0m
[0m[ INFO] [1746505173.378945944]: error_y: 0.285092[0m
[0m[ INFO] [1746505173.379012345]: integral_error_y: 0.042764[0m
[0m[ INFO] [1746505173.379091290]: w: 31.364426[0m
[0m[ INFO] [1746505173.379128762]: Publishing motor command - Left: 1489.823730, Right: 1505.433472[0m
[0m[ INFO] [1746505173.511830049]: Target - x: 210.000000, y: 0.000000, phi: 0.000000[0m
[0m[ INFO] [1746505173.511964195]: Current - x: 1.276250, y: -1.282405, phi: -45.323830[0m
[0m[ INFO] [1746505173.512016675]: Error - x: 208.723755, y: 1.282405[0m
[0m[ INFO] [1746505173.512076836]: error_y: 1.282405[0m
[0m[ INFO] [1746505173.512152453]: integral_error_y: 0.171004[0m
[0m[ INFO] [1746505173.512225382]: w: 212.303680[0m
[0m[ INFO] [1746505173.512301126]: Publishing motor command - Left: 1686.534302, Right: 1792.194824[0m
[0m[ INFO] [1746505173.578813020]: Target - x: 240.000000, y: 0.000000, phi: 0.000000[0m
[0m[ INFO] [1746505173.578900701]: Current - x: 4.110279, y: -4.127400, phi: -45.115726[0m
[0m[ INFO] [1746505173.578936285]: Error - x: 235.889725, y: 4.127400[0m
[0m[ INFO] [1746505173.578966078]: error_y: 4.127400[0m
[0m[ INFO] [1746505173.578993598]: integral_error_y: 0.583744[0m
[0m[ INFO] [1746505173.579021822]: w: 610.331360[0m
[0m[ INFO] [1746505173.579082815]: Publishing motor command - Left: 1813.871216, Right: 2117.624268[0m
[0m[ INFO] [1746505173.678492827]: Target - x: 270.000000, y: 0.000000, phi: 0.000000[0m
[0m[ INFO] [1746505173.678626429]: Current - x: 8.636377, y: -8.688641, phi: -44.911217[0m
[0m[ INFO] [1746505173.678674269]: Error - x: 261.363617, y: 8.688641[0m
[0m[ INFO] [1746505173.678735614]: error_y: 8.688641[0m
[0m[ INFO] [1746505173.678795358]: integral_error_y: 1.452608[0m
[0m[ INFO] [1746505173.678826847]: w: 999.279846[0m
[0m[ INFO] [1746505173.678860735]: Publishing motor command - Left: 1929.366699, Right: 2426.693604[0m
[0m[ INFO] [1746505173.778426525]: Target - x: 300.000000, y: 0.000000, phi: 0.000000[0m
[0m[ INFO] [1746505173.778516158]: Current - x: 14.735331, y: -14.802224, phi: -44.817047[0m
[0m[ INFO] [1746505173.778557567]: Error - x: 285.264679, y: 14.802224[0m
[0m[ INFO] [1746505173.778629631]: error_y: 14.802224[0m
[0m[ INFO] [1746505173.778685888]: integral_error_y: 2.932831[0m
[0m[ INFO] [1746505173.778835362]: w: 1371.032227[0m
[0m[ INFO] [1746505173.778892098]: Publishing motor command - Left: 2036.034546, Right: 2718.376953[0m
[0m[ INFO] [1746505173.878642818]: Target - x: 330.000000, y: 0.000000, phi: 0.000000[0m
[0m[ INFO] [1746505173.878739363]: Current - x: 22.292606, y: -22.296082, phi: -44.511780[0m
[0m[ INFO] [1746505173.878781476]: Error - x: 307.707397, y: 22.296082[0m
[0m[ INFO] [1746505173.878841988]: error_y: 22.296082[0m
[0m[ INFO] [1746505173.878928389]: integral_error_y: 5.162439[0m
[0m[ INFO] [1746505173.878964550]: w: 1722.248535[0m
[0m[ INFO] [1746505173.879014502]: Publishing motor command - Left: 2135.659424, Right: 2992.797119[0m
[0m[ INFO] [1746505173.980354328]: Target - x: 360.000000, y: 0.000000, phi: 0.000000[0m
[0m[ INFO] [1746505173.980474617]: Current - x: 31.020041, y: -30.890060, phi: -43.994820[0m
[0m[ INFO] [1746505173.980514649]: Error - x: 328.979950, y: 30.890060[0m
[0m[ INFO] [1746505173.980552666]: error_y: 30.890060[0m
[0m[ INFO] [1746505173.980594810]: integral_error_y: 8.251445[0m
[0m[ INFO] [1746505173.980633531]: w: 2028.521606[0m
[0m[ INFO] [1746505173.981753063]: Publishing motor command - Left: 2236.717041, Right: 3246.282227[0m
[0m[ INFO] [1746505174.082408849]: Target - x: 390.000000, y: 0.000000, phi: 0.000000[0m
[0m[ INFO] [1746505174.082535250]: Current - x: 41.131279, y: -40.649952, phi: -42.945332[0m
[0m[ INFO] [1746505174.082605235]: Error - x: 348.868713, y: 40.649952[0m
[0m[ INFO] [1746505174.082658867]: error_y: 40.649952[0m
[0m[ INFO] [1746505174.082697236]: integral_error_y: 12.316440[0m
[0m[ INFO] [1746505174.082935030]: w: 2359.709473[0m
[0m[ INFO] [1746505174.082979383]: Publishing motor command - Left: 2320.042969, Right: 3494.435547[0m
[0m[ INFO] [1746505174.178812844]: Target - x: 420.000000, y: 0.000000, phi: 0.000000[0m
[0m[ INFO] [1746505174.178925645]: Current - x: 52.204540, y: -51.147427, phi: -41.897636[0m
[0m[ INFO] [1746505174.178992046]: Error - x: 367.795471, y: 51.147427[0m
[0m[ INFO] [1746505174.179043951]: error_y: 51.147427[0m
[0m[ INFO] [1746505174.179153712]: integral_error_y: 17.431183[0m
[0m[ INFO] [1746505174.179219985]: w: 2612.712402[0m
[0m[ INFO] [1746505174.179266417]: Publishing motor command - Left: 2414.808105, Right: 3715.116455[0m
[0m[ INFO] [1746505174.278696686]: Target - x: 450.000000, y: 0.000000, phi: 0.000000[0m
[0m[ INFO] [1746505174.278824719]: Current - x: 64.971436, y: -62.770897, phi: -40.638851[0m
[0m[ INFO] [1746505174.278910256]: Error - x: 385.028564, y: 62.770897[0m
[0m[ INFO] [1746505174.278992017]: error_y: 62.770897[0m
[0m[ INFO] [1746505174.279026673]: integral_error_y: 23.708273[0m
[0m[ INFO] [1746505174.279057650]: w: 2954.773926[0m
[0m[ INFO] [1746505174.279091986]: Publishing motor command - Left: 2473.297607, Right: 3943.844971[0m
[0m[ INFO] [1746505174.378678768]: Target - x: 480.000000, y: 0.000000, phi: 0.000000[0m
[0m[ INFO] [1746505174.378778769]: Current - x: 79.060448, y: -75.019012, phi: -38.846935[0m
[0m[ INFO] [1746505174.378827474]: Error - x: 400.939545, y: 75.019012[0m
[0m[ INFO] [1746505174.378895186]: error_y: 75.019012[0m
[0m[ INFO] [1746505174.378987219]: integral_error_y: 31.210175[0m
[0m[ INFO] [1746505174.379021972]: w: 3202.934326[0m
[0m[ INFO] [1746505174.380907336]: Publishing motor command - Left: 2544.136230, Right: 4138.189453[0m
[0m[ INFO] [1746505174.482446364]: Target - x: 510.000000, y: 0.000000, phi: 0.000000[0m
[0m[ INFO] [1746505174.482537949]: Current - x: 94.364357, y: -87.696053, phi: -36.842724[0m
[0m[ INFO] [1746505174.482580829]: Error - x: 415.635651, y: 87.696053[0m
[0m[ INFO] [1746505174.482613630]: error_y: 87.696053[0m
[0m[ INFO] [1746505174.482644702]: integral_error_y: 39.979778[0m
[0m[ INFO] [1746505174.482674974]: w: 3416.366455[0m
[0m[ INFO] [1746505174.482708671]: Publishing motor command - Left: 2613.492920, Right: 4313.768066[0m
[0m[ INFO] [1746505174.583338792]: Target - x: 540.000000, y: 0.000000, phi: 0.000000[0m
[0m[ INFO] [1746505174.583437289]: Current - x: 111.520149, y: -100.948669, phi: -34.520077[0m
[0m[ INFO] [1746505174.583476714]: Error - x: 428.479858, y: 100.948669[0m
[0m[ INFO] [1746505174.583509098]: error_y: 100.948669[0m
[0m[ INFO] [1746505174.583538922]: integral_error_y: 50.074646[0m
[0m[ INFO] [1746505174.583568747]: w: 3665.017822[0m
[0m[ INFO] [1746505174.583603595]: Publishing motor command - Left: 2658.652588, Right: 4482.678223[0m
[0m[ INFO] [1746505174.678390549]: Target - x: 570.000000, y: 0.000000, phi: 0.000000[0m
[0m[ INFO] [1746505174.678497110]: Current - x: 130.131531, y: -114.260956, phi: -31.985132[0m
[0m[ INFO] [1746505174.678535159]: Error - x: 439.868469, y: 114.260956[0m
[0m[ INFO] [1746505174.678567895]: error_y: 114.260956[0m
[0m[ INFO] [1746505174.678596887]: integral_error_y: 61.500740[0m
[0m[ INFO] [1746505174.678625528]: w: 3811.217041[0m
[0m[ INFO] [1746505174.678659704]: Publishing motor command - Left: 2717.177490, Right: 4613.963867[0m
[0m[ INFO] [1746505174.778839229]: Target - x: 600.000000, y: 0.000000, phi: 0.000000[0m
[0m[ INFO] [1746505174.778940734]: Current - x: 150.298340, y: -127.430855, phi: -29.237898[0m
[0m[ INFO] [1746505174.778979646]: Error - x: 449.701660, y: 127.430855[0m
[0m[ INFO] [1746505174.779011486]: error_y: 127.430855[0m
[0m[ INFO] [1746505174.779073087]: integral_error_y: 74.243828[0m
[0m[ INFO] [1746505174.779115488]: w: 3915.712646[0m
[0m[ INFO] [1746505174.779148672]: Publishing motor command - Left: 2773.117432, Right: 4721.909668[0m
[0m[ INFO] [1746505174.878955585]: Target - x: 630.000000, y: 0.000000, phi: 0.000000[0m
[0m[ INFO] [1746505174.879238276]: Current - x: 173.520828, y: -140.996887, phi: -25.852587[0m
[0m[ INFO] [1746505174.879313572]: Error - x: 456.479187, y: 140.996887[0m
[0m[ INFO] [1746505174.879347525]: error_y: 140.996887[0m
[0m[ INFO] [1746505174.879376485]: integral_error_y: 88.343513[0m
[0m[ INFO] [1746505174.879404805]: w: 4132.009766[0m
[0m[ INFO] [1746505174.879435462]: Publishing motor command - Left: 2775.773193, Right: 4832.213379[0m
[0m[ INFO] [1746505174.979897645]: Target - x: 660.000000, y: 0.000000, phi: 0.000000[0m
[0m[ INFO] [1746505174.980054191]: Current - x: 197.556091, y: -153.504517, phi: -22.360529[0m
[0m[ INFO] [1746505174.981215228]: Error - x: 462.443909, y: 153.504517[0m
[0m[ INFO] [1746505174.981286909]: error_y: 153.504517[0m
[0m[ INFO] [1746505174.981322813]: integral_error_y: 100.000000[0m
[0m[ INFO] [1746505174.981353789]: w: 4046.571045[0m
[0m[ INFO] [1746505174.981417310]: Publishing motor command - Left: 2846.739990, Right: 4860.658691[0m
[0m[ INFO] [1746505175.078808292]: Target - x: 690.000000, y: 0.000000, phi: 0.000000[0m
[0m[ INFO] [1746505175.078902373]: Current - x: 223.041382, y: -164.851364, phi: -18.655581[0m
[0m[ INFO] [1746505175.079001286]: Error - x: 466.958618, y: 164.851364[0m
[0m[ INFO] [1746505175.079037639]: error_y: 164.851364[0m
[0m[ INFO] [1746505175.079070375]: integral_error_y: 100.000000[0m
[0m[ INFO] [1746505175.079112872]: w: 3927.883301[0m
[0m[ INFO] [1746505175.079166888]: Publishing motor command - Left: 2913.897217, Right: 4868.746582[0m
[0m[ INFO] [1746505175.179860594]: Target - x: 720.000000, y: 0.000000, phi: 0.000000[0m
[0m[ INFO] [1746505175.180007828]: Current - x: 250.693375, y: -175.136261, phi: -14.738937[0m
[0m[ INFO] [1746505175.180050484]: Error - x: 469.306641, y: 175.136261[0m
[0m[ INFO] [1746505175.180132661]: error_y: 175.136261[0m
[0m[ INFO] [1746505175.180205590]: integral_error_y: 100.000000[0m
[0m[ INFO] [1746505175.180831133]: w: 3818.342041[0m
[0m[ INFO] [1746505175.180945598]: Publishing motor command - Left: 2960.722412, Right: 4861.055176[0m
[0m[ INFO] [1746505175.279064396]: Target - x: 750.000000, y: 0.000000, phi: 0.000000[0m
[0m[ INFO] [1746505175.279156493]: Current - x: 279.906250, y: -183.929184, phi: -10.930837[0m
[0m[ INFO] [1746505175.279197134]: Error - x: 470.093750, y: 183.929184[0m
[0m[ INFO] [1746505175.279645843]: error_y: 183.929184[0m
[0m[ INFO] [1746505175.279698323]: integral_error_y: 100.000000[0m
[0m[ INFO] [1746505175.279730324]: w: 3607.876465[0m
[0m[ INFO] [1746505175.279792628]: Publishing motor command - Left: 3019.654297, Right: 4815.241699[0m
[0m[ INFO] [1746505175.378450568]: Target - x: 780.000000, y: 0.000000, phi: 0.000000[0m
[0m[ INFO] [1746505175.378537609]: Current - x: 310.256531, y: -190.754883, phi: -6.802501[0m
[0m[ INFO] [1746505175.378577962]: Error - x: 469.743469, y: 190.754883[0m
[0m[ INFO] [1746505175.378651179]: error_y: 190.754883[0m
[0m[ INFO] [1746505175.378695179]: integral_error_y: 100.000000[0m
[0m[ INFO] [1746505175.378769452]: w: 3282.688477[0m
[0m[ INFO] [1746505175.378848205]: Publishing motor command - Left: 3097.656250, Right: 4731.401855[0m
[0m[ INFO] [1746505175.478787247]: Target - x: 810.000000, y: 0.000000, phi: 0.000000[0m
[0m[ INFO] [1746505175.478879472]: Current - x: 341.778687, y: -195.733017, phi: -2.889451[0m
[0m[ INFO] [1746505175.478973841]: Error - x: 468.221313, y: 195.733017[0m
[0m[ INFO] [1746505175.479026065]: error_y: 195.733017[0m
[0m[ INFO] [1746505175.479062930]: integral_error_y: 100.000000[0m
[0m[ INFO] [1746505175.479096338]: w: 2962.957031[0m
[0m[ INFO] [1746505175.479202291]: Publishing motor command - Left: 3164.534424, Right: 4639.154297[0m
[0m[ INFO] [1746505175.579124629]: Target - x: 840.000000, y: 0.000000, phi: 0.000000[0m
[0m[ INFO] [1746505175.579231478]: Current - x: 373.783356, y: -198.356155, phi: 1.344434[0m
[0m[ INFO] [1746505175.579272471]: Error - x: 466.216644, y: 198.356155[0m
[0m[ INFO] [1746505175.579308823]: error_y: 198.356155[0m
[0m[ INFO] [1746505175.579539898]: integral_error_y: 100.000000[0m
[0m[ INFO] [1746505175.579571162]: w: 2518.189209[0m
[0m[ INFO] [1746505175.579602554]: Publishing motor command - Left: 3258.505859, Right: 4511.771484[0m
[0m[ INFO] [1746505175.678721267]: Target - x: 870.000000, y: 0.000000, phi: 0.000000[0m
[0m[ INFO] [1746505175.678819828]: Current - x: 404.085663, y: -198.962234, phi: 4.831700[0m
[0m[ INFO] [1746505175.678861237]: Error - x: 465.914337, y: 198.962234[0m
[0m[ INFO] [1746505175.678901877]: error_y: 198.962234[0m
[0m[ INFO] [1746505175.678939158]: integral_error_y: 100.000000[0m
[0m[ INFO] [1746505175.678981814]: w: 2120.838135[0m
[0m[ INFO] [1746505175.679017111]: Publishing motor command - Left: 3354.864502, Right: 4410.374512[0m
[0m[ INFO] [1746505175.778650997]: Target - x: 900.000000, y: 0.000000, phi: 0.000000[0m
[0m[ INFO] [1746505175.778746422]: Current - x: 438.762177, y: -197.093460, phi: 8.312381[0m
[0m[ INFO] [1746505175.778785463]: Error - x: 461.237823, y: 197.093460[0m
[0m[ INFO] [1746505175.778840503]: error_y: 197.093460[0m
[0m[ INFO] [1746505175.778885848]: integral_error_y: 100.000000[0m
[0m[ INFO] [1746505175.780141509]: w: 1607.179688[0m
[0m[ INFO] [1746505175.780205574]: Publishing motor command - Left: 3443.713623, Right: 4243.583496[0m
[0m[ INFO] [1746505175.879276767]: Target - x: 930.000000, y: 0.000000, phi: 0.000000[0m
[0m[ INFO] [1746505175.879418848]: Current - x: 472.063629, y: -193.256287, phi: 11.794856[0m
[0m[ INFO] [1746505175.879462657]: Error - x: 457.936371, y: 193.256287[0m
[0m[ INFO] [1746505175.879501985]: error_y: 193.256287[0m
[0m[ INFO] [1746505175.879546306]: integral_error_y: 100.000000[0m
[0m[ INFO] [1746505175.879581538]: w: 1175.128174[0m
[0m[ INFO] [1746505175.879655651]: Publishing motor command - Left: 3523.714600, Right: 4108.558105[0m
[0m[ INFO] [1746505175.978761884]: Target - x: 960.000000, y: 0.000000, phi: 0.000000[0m
[0m[ INFO] [1746505175.978875613]: Current - x: 504.687012, y: -187.535095, phi: 15.063842[0m
[0m[ INFO] [1746505175.978916253]: Error - x: 455.312988, y: 187.535095[0m
[0m[ INFO] [1746505175.978951646]: error_y: 187.535095[0m
[0m[ INFO] [1746505175.978984574]: integral_error_y: 100.000000[0m
[0m[ INFO] [1746505175.979030079]: w: 741.112671[0m
[0m[ INFO] [1746505175.979070079]: Publishing motor command - Left: 3609.854248, Right: 3978.695312[0m
[0m[ INFO] [1746505176.115877619]: Target - x: 990.000000, y: 0.000000, phi: 0.000000[0m
[0m[ INFO] [1746505176.115976660]: Current - x: 537.339783, y: -179.931793, phi: 17.689960[0m
[0m[ INFO] [1746505176.116053141]: Error - x: 452.660217, y: 179.931793[0m
[0m[ INFO] [1746505176.116094134]: error_y: 179.931793[0m
[0m[ INFO] [1746505176.116127254]: integral_error_y: 100.000000[0m
[0m[ INFO] [1746505176.116159510]: w: 288.657471[0m
[0m[ INFO] [1746505176.116194679]: Publishing motor command - Left: 3700.338135, Right: 3843.999023[0m
[0m[ INFO] [1746505176.178652576]: Target - x: 1020.000000, y: 0.000000, phi: 0.000000[0m
[0m[ INFO] [1746505176.178744321]: Current - x: 569.524536, y: -170.538696, phi: 20.101990[0m
[0m[ INFO] [1746505176.178987971]: Error - x: 450.475464, y: 170.538696[0m
[0m[ INFO] [1746505176.179092261]: error_y: 170.538696[0m
[0m[ INFO] [1746505176.179175718]: integral_error_y: 100.000000[0m
[0m[ INFO] [1746505176.179211206]: w: -163.232422[0m
[0m[ INFO] [1746505176.179244390]: Publishing motor command - Left: 3794.581299, Right: 3713.343018[0m
[0m[ INFO] [1746505176.278460224]: Target - x: 1050.000000, y: 0.000000, phi: 0.000000[0m
[0m[ INFO] [1746505176.278584290]: Current - x: 602.027039, y: -159.481323, phi: 22.298733[0m
[0m[ INFO] [1746505176.278655586]: Error - x: 447.972961, y: 159.481323[0m
[0m[ INFO] [1746505176.278731587]: error_y: 159.481323[0m
[0m[ INFO] [1746505176.278767396]: integral_error_y: 100.000000[0m
[0m[ INFO] [1746505176.278797316]: w: -606.661377[0m
[0m[ INFO] [1746505176.278828932]: Publishing motor command - Left: 3884.071289, Right: 3582.144775[0m
[0m[ INFO] [1746505176.378373058]: Target - x: 1080.000000, y: 0.000000, phi: 0.000000[0m
[0m[ INFO] [1746505176.378471843]: Current - x: 635.333740, y: -146.527145, phi: 24.600424[0m
[0m[ INFO] [1746505176.378532676]: Error - x: 444.666260, y: 146.527145[0m
[0m[ INFO] [1746505176.378630405]: error_y: 146.527145[0m
[0m[ INFO] [1746505176.378667429]: integral_error_y: 100.000000[0m
[0m[ INFO] [1746505176.378701606]: w: -1115.563965[0m
[0m[ INFO] [1746505176.379317964]: Publishing motor command - Left: 3983.152100, Right: 3427.952148[0m
[0m[ INFO] [1746505176.478611207]: Target - x: 1110.000000, y: 0.000000, phi: 0.000000[0m
[0m[ INFO] [1746505176.478725129]: Current - x: 666.060974, y: -133.604858, phi: 25.621172[0m
[0m[ INFO] [1746505176.478770697]: Error - x: 443.939026, y: 133.604858[0m
[0m[ INFO] [1746505176.478803817]: error_y: 133.604858[0m
[0m[ INFO] [1746505176.478832010]: integral_error_y: 100.000000[0m
[0m[ INFO] [1746505176.478864298]: w: -1238.408936[0m
[0m[ INFO] [1746505176.478895850]: Publishing motor command - Left: 4007.660889, Right: 3391.322998[0m
[0m[ INFO] [1746505176.579466611]: Target - x: 1140.000000, y: 0.000000, phi: 0.000000[0m
[0m[ INFO] [1746505176.579586005]: Current - x: 697.111450, y: -118.946854, phi: 26.961555[0m
[0m[ INFO] [1746505176.579653237]: Error - x: 442.888550, y: 118.946854[0m
[0m[ INFO] [1746505176.579739606]: error_y: 118.946854[0m
[0m[ INFO] [1746505176.579773079]: integral_error_y: 100.000000[0m
[0m[ INFO] [1746505176.579802839]: w: -1732.132568[0m
[0m[ INFO] [1746505176.579836279]: Publishing motor command - Left: 4121.766113, Right: 3259.709717[0m
[0m[ INFO] [1746505176.678833135]: Target - x: 1170.000000, y: 0.000000, phi: 0.000000[0m
[0m[ INFO] [1746505176.678954608]: Current - x: 728.735779, y: -103.616432, phi: 27.444386[0m
[0m[ INFO] [1746505176.678991665]: Error - x: 441.264221, y: 103.616432[0m
[0m[ INFO] [1746505176.679024209]: error_y: 103.616432[0m
[0m[ INFO] [1746505176.679053841]: integral_error_y: 100.000000[0m
[0m[ INFO] [1746505176.679081906]: w: -2019.919922[0m
[0m[ INFO] [1746505176.679115122]: Publishing motor command - Left: 4179.844238, Right: 3174.559570[0m
[0m[ INFO] [1746505176.806735458]: Target - x: 1200.000000, y: 0.000000, phi: 0.000000[0m
[0m[ INFO] [1746505176.806830915]: Current - x: 760.155884, y: -87.429611, phi: 28.033960[0m
[0m[ INFO] [1746505176.806907268]: Error - x: 439.844116, y: 87.429611[0m
[0m[ INFO] [1746505176.806956612]: error_y: 87.429611[0m
[0m[ INFO] [1746505176.806990885]: integral_error_y: 100.000000[0m
[0m[ INFO] [1746505176.807022117]: w: -2353.068115[0m
[0m[ INFO] [1746505176.807053573]: Publishing motor command - Left: 4250.911133, Right: 3079.823975[0m
[0m[ INFO] [1746505176.879865023]: Target - x: 1230.000000, y: 0.000000, phi: 0.000000[0m
[0m[ INFO] [1746505176.879955872]: Current - x: 789.586365, y: -72.196327, phi: 27.877516[0m
[0m[ INFO] [1746505176.880033153]: Error - x: 440.413635, y: 72.196327[0m
[0m[ INFO] [1746505176.880604296]: error_y: 72.196327[0m
[0m[ INFO] [1746505176.880644360]: integral_error_y: 100.000000[0m
[0m[ INFO] [1746505176.880676872]: w: -2314.693359[0m
[0m[ INFO] [1746505176.880709961]: Publishing motor command - Left: 4246.107910, Right: 3094.119141[0m
[0m[ INFO] [1746505176.978955960]: Target - x: 1260.000000, y: 0.000000, phi: 0.000000[0m
[0m[ INFO] [1746505176.979048985]: Current - x: 819.660034, y: -56.451454, phi: 27.077606[0m
[0m[ INFO] [1746505176.979087930]: Error - x: 440.339966, y: 56.451454[0m
[0m[ INFO] [1746505176.979138522]: error_y: 56.451454[0m
[0m[ INFO] [1746505176.979178235]: integral_error_y: 100.000000[0m
[0m[ INFO] [1746505176.979221691]: w: -2574.459961[0m
[0m[ INFO] [1746505176.979258203]: Publishing motor command - Left: 4310.135254, Right: 3028.864258[0m
[0m[ INFO] [1746505177.131831451]: Target - x: 1320.000000, y: 0.000000, phi: 0.000000[0m
[0m[ INFO] [1746505177.131926845]: Current - x: 852.433594, y: -39.369652, phi: 26.380251[0m
[0m[ INFO] [1746505177.131968125]: Error - x: 467.566406, y: 39.369652[0m
[0m[ INFO] [1746505177.132216576]: error_y: 39.369652[0m
[0m[ INFO] [1746505177.132253728]: integral_error_y: 100.000000[0m
[0m[ INFO] [1746505177.132288960]: w: -3012.663818[0m
[0m[ INFO] [1746505177.132326881]: Publishing motor command - Left: 4646.065918, Right: 3146.707764[0m
[0m[ INFO] [1746505177.178592217]: Target - x: 1320.000000, y: 0.000000, phi: 0.000000[0m
[0m[ INFO] [1746505177.178857660]: Current - x: 884.068237, y: -23.586136, phi: 25.257111[0m
[0m[ INFO] [1746505177.178906205]: Error - x: 435.931763, y: 23.586136[0m
[0m[ INFO] [1746505177.178938077]: error_y: 23.586136[0m
[0m[ INFO] [1746505177.178966174]: integral_error_y: 100.000000[0m
[0m[ INFO] [1746505177.178995230]: w: -2910.841797[0m
[0m[ INFO] [1746505177.179025438]: Publishing motor command - Left: 4357.105957, Right: 2908.423096[0m
[0m[ INFO] [1746505177.278674781]: Target - x: 1350.000000, y: 0.000000, phi: 0.000000[0m
[0m[ INFO] [1746505177.279838346]: Current - x: 911.835510, y: -9.957192, phi: 24.782825[0m
[0m[ INFO] [1746505177.279916939]: Error - x: 438.164490, y: 9.957192[0m
[0m[ INFO] [1746505177.279953003]: error_y: 9.957192[0m
[0m[ INFO] [1746505177.281109624]: integral_error_y: 100.000000[0m
[0m[ INFO] [1746505177.281157496]: w: -2616.216553[0m
[0m[ INFO] [1746505177.281193400]: Publishing motor command - Left: 4302.396973, Right: 3000.344727[0m
[0m[ INFO] [1746505177.378444893]: Target - x: 1380.000000, y: 0.000000, phi: 0.000000[0m
[0m[ INFO] [1746505177.379443304]: Current - x: 945.887024, y: 5.893457, phi: 24.191616[0m
[0m[ INFO] [1746505177.379551433]: Error - x: 434.112976, y: -5.893457[0m
[0m[ INFO] [1746505177.379592810]: error_y: -5.893457[0m
[0m[ INFO] [1746505177.379626986]: integral_error_y: 99.410652[0m
[0m[ INFO] [1746505177.379656202]: w: -3219.123047[0m
[0m[ INFO] [1746505177.379689035]: Publishing motor command - Left: 4418.663086, Right: 2816.552979[0m
[0m[ INFO] [1746505177.479560460]: Target - x: 1410.000000, y: 0.000000, phi: 0.000000[0m
[0m[ INFO] [1746505177.479661773]: Current - x: 979.116211, y: 20.655304, phi: 22.531755[0m
[0m[ INFO] [1746505177.479698797]: Error - x: 430.883789, y: -20.655304[0m
[0m[ INFO] [1746505177.479729838]: error_y: -20.655304[0m
[0m[ INFO] [1746505177.479759054]: integral_error_y: 97.345123[0m
[0m[ INFO] [1746505177.479787374]: w: -3149.187744[0m
[0m[ INFO] [1746505177.479817775]: Publishing motor command - Left: 4374.350098, Right: 2807.046143[0m
[0m[ INFO] [1746505177.578714469]: Target - x: 1440.000000, y: 0.000000, phi: 0.000000[0m
[0m[ INFO] [1746505177.578812294]: Current - x: 1011.785522, y: 34.694710, phi: 20.659002[0m
[0m[ INFO] [1746505177.578854631]: Error - x: 428.214478, y: -34.694710[0m
[0m[ INFO] [1746505177.578894983]: error_y: -34.694710[0m
[0m[ INFO] [1746505177.578926120]: integral_error_y: 93.875656[0m
[0m[ INFO] [1746505177.578955144]: w: -3145.440674[0m
[0m[ INFO] [1746505177.578987016]: Publishing motor command - Left: 4351.173828, Right: 2785.734375[0m
[0m[ INFO] [1746505177.678602695]: Target - x: 1470.000000, y: 0.000000, phi: 0.000000[0m
[0m[ INFO] [1746505177.678698632]: Current - x: 1047.179688, y: 48.971966, phi: 19.531670[0m
[0m[ INFO] [1746505177.678734792]: Error - x: 422.820312, y: -48.971966[0m
[0m[ INFO] [1746505177.678771432]: error_y: -48.971966[0m
[0m[ INFO] [1746505177.678800841]: integral_error_y: 88.978462[0m
[0m[ INFO] [1746505177.678828489]: w: -3336.272949[0m
[0m[ INFO] [1746505177.678858953]: Publishing motor command - Left: 4353.709473, Right: 2693.295654[0m
[0m[ INFO] [1746505177.799621006]: Target - x: 1500.000000, y: 0.000000, phi: 0.000000[0m
[0m[ INFO] [1746505177.799717040]: Current - x: 1080.722046, y: 60.785042, phi: 17.016651[0m
[0m[ INFO] [1746505177.799752080]: Error - x: 419.277954, y: -60.785042[0m
[0m[ INFO] [1746505177.799783664]: error_y: -60.785042[0m
[0m[ INFO] [1746505177.799843089]: integral_error_y: 82.899956[0m
[0m[ INFO] [1746505177.799872817]: w: -2962.175537[0m
[0m[ INFO] [1746505177.800117108]: Publishing motor command - Left: 4231.098633, Right: 2756.867432[0m
[0m[ INFO] [1746505177.878702733]: Target - x: 1530.000000, y: 0.000000, phi: 0.000000[0m
[0m[ INFO] [1746505177.878867311]: Current - x: 1114.927734, y: 70.506996, phi: 14.715719[0m
[0m[ INFO] [1746505177.878921039]: Error - x: 415.072266, y: -70.506996[0m
[0m[ INFO] [1746505177.878973296]: error_y: -70.506996[0m
[0m[ INFO] [1746505177.879009072]: integral_error_y: 75.849258[0m
[0m[ INFO] [1746505177.879042737]: w: -2641.875977[0m
[0m[ INFO] [1746505177.879075729]: Publishing motor command - Left: 4116.347168, Right: 2801.524170[0m
[0m[ INFO] [1746505177.978471245]: Target - x: 1560.000000, y: 0.000000, phi: 0.000000[0m
[0m[ INFO] [1746505177.978578798]: Current - x: 1145.401367, y: 79.385590, phi: 13.169790[0m
[0m[ INFO] [1746505177.978622415]: Error - x: 414.598633, y: -79.385590[0m
[0m[ INFO] [1746505177.978657583]: error_y: -79.385590[0m
[0m[ INFO] [1746505177.978689359]: integral_error_y: 67.910698[0m
[0m[ INFO] [1746505177.978720720]: w: -2562.783691[0m
[0m[ INFO] [1746505177.978756304]: Publishing motor command - Left: 4092.718506, Right: 2817.258789[0m
[0m[ INFO] [1746505178.078508880]: Target - x: 1590.000000, y: 0.000000, phi: 0.000000[0m
[0m[ INFO] [1746505178.078606097]: Current - x: 1182.312988, y: 88.290535, phi: 10.865267[0m
[0m[ INFO] [1746505178.078677682]: Error - x: 407.687012, y: -88.290535[0m
[0m[ INFO] [1746505178.078722194]: error_y: -88.290535[0m
[0m[ INFO] [1746505178.078756307]: integral_error_y: 59.081646[0m
[0m[ INFO] [1746505178.078789107]: w: -2657.986084[0m
[0m[ INFO] [1746505178.078823283]: Publishing motor command - Left: 4058.812256, Right: 2735.971680[0m
[0m[ INFO] [1746505178.178731573]: Target - x: 1620.000000, y: 0.000000, phi: 0.000000[0m
[0m[ INFO] [1746505178.178830134]: Current - x: 1227.645020, y: 97.273560, phi: 6.942797[0m
[0m[ INFO] [1746505178.178872055]: Error - x: 392.354980, y: -97.273560[0m
[0m[ INFO] [1746505178.178907255]: error_y: -97.273560[0m
[0m[ INFO] [1746505178.178939671]: integral_error_y: 49.354290[0m
[0m[ INFO] [1746505178.178971960]: w: -2764.405029[0m
[0m[ INFO] [1746505178.179009816]: Publishing motor command - Left: 3957.526611, Right: 2581.723389[0m
[0m[ INFO] [1746505178.289777680]: Target - x: 1650.000000, y: 0.000000, phi: 0.000000[0m
[0m[ INFO] [1746505178.289870737]: Current - x: 1252.382935, y: 101.607323, phi: 5.085613[0m
[0m[ INFO] [1746505178.289910194]: Error - x: 397.617065, y: -101.607323[0m
[0m[ INFO] [1746505178.289943346]: error_y: -101.607323[0m
[0m[ INFO] [1746505178.289983890]: integral_error_y: 39.193558[0m
[0m[ INFO] [1746505178.290044403]: w: -1878.906616[0m
[0m[ INFO] [1746505178.290080435]: Publishing motor command - Left: 3781.027588, Right: 2845.923584[0m
[0m[ INFO] [1746505178.387188118]: Target - x: 1680.000000, y: 0.000000, phi: 0.000000[0m
[0m[ INFO] [1746505178.387320152]: Current - x: 1284.150513, y: 104.951347, phi: 3.218250[0m
[0m[ INFO] [1746505178.387362456]: Error - x: 395.849487, y: -104.951347[0m
[0m[ INFO] [1746505178.387413593]: error_y: -104.951347[0m
[0m[ INFO] [1746505178.387482426]: integral_error_y: 28.698423[0m
[0m[ INFO] [1746505178.387519162]: w: -1715.448486[0m
[0m[ INFO] [1746505178.387554842]: Publishing motor command - Left: 3725.622314, Right: 2871.869141[0m
[0m[ INFO] [1746505178.484509788]: Target - x: 1710.000000, y: 0.000000, phi: 0.000000[0m
[0m[ INFO] [1746505178.484631037]: Current - x: 1319.190552, y: 107.756882, phi: 2.202454[0m
[0m[ INFO] [1746505178.484669726]: Error - x: 390.809448, y: -107.756882[0m
[0m[ INFO] [1746505178.484703102]: error_y: -107.756882[0m
[0m[ INFO] [1746505178.484732286]: integral_error_y: 17.922735[0m
[0m[ INFO] [1746505178.484767711]: w: -1636.883545[0m
[0m[ INFO] [1746505178.484896064]: Publishing motor command - Left: 3664.072021, Right: 2849.418945[0m
[0m[ INFO] [1746505178.579271109]: Target - x: 1740.000000, y: 0.000000, phi: 0.000000[0m
[0m[ INFO] [1746505178.579371942]: Current - x: 1348.085938, y: 109.100082, phi: 1.088895[0m
[0m[ INFO] [1746505178.579597321]: Error - x: 391.914062, y: -109.100082[0m
[0m[ INFO] [1746505178.579633577]: error_y: -109.100082[0m
[0m[ INFO] [1746505178.579694666]: integral_error_y: 7.012727[0m
[0m[ INFO] [1746505178.579733162]: w: -1358.939697[0m
[0m[ INFO] [1746505178.579766763]: Publishing motor command - Left: 3604.112549, Right: 2927.788330[0m
[0m[ INFO] [1746505178.678434655]: Target - x: 1770.000000, y: 0.000000, phi: 0.000000[0m
[0m[ INFO] [1746505178.678536192]: Current - x: 1380.016113, y: 109.926643, phi: -0.350289[0m
[0m[ INFO] [1746505178.678575968]: Error - x: 389.983887, y: -109.926643[0m
[0m[ INFO] [1746505178.678656641]: error_y: -109.926643[0m
[0m[ INFO] [1746505178.678694530]: integral_error_y: -3.979938[0m
[0m[ INFO] [1746505178.678724802]: w: -1264.976562[0m
[0m[ INFO] [1746505178.678756898]: Publishing motor command - Left: 3564.645752, Right: 2935.085938[0m
[0m[ INFO] [1746505178.814713485]: Target - x: 1800.000000, y: 0.000000, phi: 0.000000[0m
[0m[ INFO] [1746505178.814826926]: Current - x: 1417.981567, y: 110.168381, phi: -1.798455[0m
[0m[ INFO] [1746505178.814867471]: Error - x: 382.018433, y: -110.168381[0m
[0m[ INFO] [1746505178.814930959]: error_y: -110.168381[0m
[0m[ INFO] [1746505178.814970704]: integral_error_y: -14.996776[0m
[0m[ INFO] [1746505178.815002512]: w: -1151.530884[0m
[0m[ INFO] [1746505178.815035280]: Publishing motor command - Left: 3470.037109, Right: 2896.936768[0m
[0m[ INFO] [1746505178.878442724]: Target - x: 1830.000000, y: 0.000000, phi: 0.000000[0m
[0m[ INFO] [1746505178.878541541]: Current - x: 1447.306396, y: 109.484703, phi: -3.768971[0m
[0m[ INFO] [1746505178.878581318]: Error - x: 382.693604, y: -109.484703[0m
[0m[ INFO] [1746505178.878615334]: error_y: -109.484703[0m
[0m[ INFO] [1746505178.878647654]: integral_error_y: -25.945246[0m
[0m[ INFO] [1746505178.878681607]: w: -960.706055[0m
[0m[ INFO] [1746505178.878714567]: Publishing motor command - Left: 3428.177734, Right: 2950.048828[0m
[0m[ INFO] [1746505178.978472647]: Target - x: 1860.000000, y: 0.000000, phi: 0.000000[0m
[0m[ INFO] [1746505178.978569256]: Current - x: 1478.613770, y: 108.078850, phi: -5.314302[0m
[0m[ INFO] [1746505178.978613608]: Error - x: 381.386230, y: -108.078850[0m
[0m[ INFO] [1746505178.978648233]: error_y: -108.078850[0m
[0m[ INFO] [1746505178.978680233]: integral_error_y: -36.753132[0m
[0m[ INFO] [1746505178.978710825]: w: -803.293091[0m
[0m[ INFO] [1746505178.978743850]: Publishing motor command - Left: 3378.112305, Right: 2978.325195[0m
[0m[ INFO] [1746505179.078509386]: Target - x: 1890.000000, y: 0.000000, phi: 0.000000[0m
[0m[ INFO] [1746505179.078627147]: Current - x: 1515.446289, y: 104.942581, phi: -7.510283[0m
[0m[ INFO] [1746505179.078667276]: Error - x: 374.553711, y: -104.942581[0m
[0m[ INFO] [1746505179.078714444]: error_y: -104.942581[0m
[0m[ INFO] [1746505179.078747692]: integral_error_y: -47.247391[0m
[0m[ INFO] [1746505179.078776013]: w: -426.896790[0m
[0m[ INFO] [1746505179.078825869]: Publishing motor command - Left: 3227.510986, Right: 3015.050781[0m
[0m[ INFO] [1746505179.180313600]: Target - x: 1920.000000, y: 0.000000, phi: 0.000000[0m
[0m[ INFO] [1746505179.180405473]: Current - x: 1552.200073, y: 101.020470, phi: -9.063998[0m
[0m[ INFO] [1746505179.180443426]: Error - x: 367.799927, y: -101.020470[0m
[0m[ INFO] [1746505179.180556195]: error_y: -101.020470[0m
[0m[ INFO] [1746505179.180624899]: integral_error_y: -57.349438[0m
[0m[ INFO] [1746505179.180662980]: w: -231.517349[0m
[0m[ INFO] [1746505179.180696676]: Publishing motor command - Left: 3122.610596, Right: 3007.387939[0m
[0m[ INFO] [1746505179.279042069]: Target - x: 1950.000000, y: 0.000000, phi: 0.000000[0m
[0m[ INFO] [1746505179.279142550]: Current - x: 1587.169800, y: 95.794205, phi: -11.043496[0m
[0m[ INFO] [1746505179.279180278]: Error - x: 362.830200, y: -95.794205[0m
[0m[ INFO] [1746505179.279217943]: error_y: -95.794205[0m
[0m[ INFO] [1746505179.279411993]: integral_error_y: -66.928856[0m
[0m[ INFO] [1746505179.279442425]: w: 80.618027[0m
[0m[ INFO] [1746505179.279472889]: Publishing motor command - Left: 3003.523682, Right: 3043.646240[0m
[0m[ INFO] [1746505179.387849879]: Target - x: 1980.000000, y: 0.000000, phi: 0.000000[0m
[0m[ INFO] [1746505179.387955993]: Current - x: 1622.005493, y: 89.752205, phi: -12.594814[0m
[0m[ INFO] [1746505179.387997145]: Error - x: 357.994507, y: -89.752205[0m
[0m[ INFO] [1746505179.388033785]: error_y: -89.752205[0m
[0m[ INFO] [1746505179.388067162]: integral_error_y: -75.904076[0m
[0m[ INFO] [1746505179.388100218]: w: 303.287476[0m
[0m[ INFO] [1746505179.388136731]: Publishing motor command - Left: 2907.816650, Right: 3058.758057[0m
[0m[ INFO] [1746505179.480804589]: Target - x: 2010.000000, y: 0.000000, phi: 0.000000[0m
[0m[ INFO] [1746505179.480967279]: Current - x: 1655.467651, y: 82.945992, phi: -13.502069[0m
[0m[ INFO] [1746505179.481012111]: Error - x: 354.532349, y: -82.945992[0m
[0m[ INFO] [1746505179.481050960]: error_y: -82.945992[0m
[0m[ INFO] [1746505179.481091696]: integral_error_y: -84.198677[0m
[0m[ INFO] [1746505179.481124113]: w: 523.362915[0m
[0m[ INFO] [1746505179.481157873]: Publishing motor command - Left: 2824.201172, Right: 3084.671143[0m
[0m[ INFO] [1746505179.578594840]: Target - x: 2040.000000, y: 0.000000, phi: 0.000000[0m
[0m[ INFO] [1746505179.578736537]: Current - x: 1689.151245, y: 75.271835, phi: -13.981743[0m
[0m[ INFO] [1746505179.578775930]: Error - x: 350.848755, y: -75.271835[0m
[0m[ INFO] [1746505179.578808954]: error_y: -75.271835[0m
[0m[ INFO] [1746505179.578839834]: integral_error_y: -91.725861[0m
[0m[ INFO] [1746505179.578869467]: w: 772.940308[0m
[0m[ INFO] [1746505179.578901307]: Publishing motor command - Left: 2731.399170, Right: 3116.080078[0m
[0m[ INFO] [1746505179.678525273]: Target - x: 2070.000000, y: 0.000000, phi: 0.000000[0m
[0m[ INFO] [1746505179.678617722]: Current - x: 1722.868042, y: 66.859253, phi: -14.996940[0m
[0m[ INFO] [1746505179.678656219]: Error - x: 347.131958, y: -66.859253[0m
[0m[ INFO] [1746505179.678688507]: error_y: -66.859253[0m
[0m[ INFO] [1746505179.678760572]: integral_error_y: -98.411789[0m
[0m[ INFO] [1746505179.678792412]: w: 1004.082764[0m
[0m[ INFO] [1746505179.678824349]: Publishing motor command - Left: 2642.907715, Right: 3142.625000[0m
[0m[ INFO] [1746505179.779282116]: Target - x: 2100.000000, y: 0.000000, phi: 0.000000[0m
[0m[ INFO] [1746505179.779384997]: Current - x: 1756.385376, y: 58.497791, phi: -15.048435[0m
[0m[ INFO] [1746505179.779424294]: Error - x: 343.614624, y: -58.497791[0m
[0m[ INFO] [1746505179.779456326]: error_y: -58.497791[0m
[0m[ INFO] [1746505179.779486950]: integral_error_y: -100.000000[0m
[0m[ INFO] [1746505179.779516615]: w: 1077.314453[0m
[0m[ INFO] [1746505179.779548167]: Publishing motor command - Left: 2595.373291, Right: 3131.536865[0m
[0m[ INFO] [1746505179.881616256]: Target - x: 2130.000000, y: 0.000000, phi: 0.000000[0m
[0m[ INFO] [1746505179.881708161]: Current - x: 1788.384155, y: 49.878742, phi: -15.204879[0m
[0m[ INFO] [1746505179.881777570]: Error - x: 341.615845, y: -49.878742[0m
[0m[ INFO] [1746505179.881813090]: error_y: -49.878742[0m
[0m[ INFO] [1746505179.881843363]: integral_error_y: -100.000000[0m
[0m[ INFO] [1746505179.881872067]: w: 1215.022461[0m
[0m[ INFO] [1746505179.881924612]: Publishing motor command - Left: 2544.449463, Right: 3149.148193[0m
[0m[ INFO] [1746505179.984514818]: Target - x: 2160.000000, y: 0.000000, phi: 0.000000[0m
[0m[ INFO] [1746505179.984606435]: Current - x: 1820.964355, y: 41.104034, phi: -15.255177[0m
[0m[ INFO] [1746505179.984651780]: Error - x: 339.035645, y: -41.104034[0m
[0m[ INFO] [1746505179.984688516]: error_y: -41.104034[0m
[0m[ INFO] [1746505179.984718981]: integral_error_y: -100.000000[0m
[0m[ INFO] [1746505179.984747845]: w: 1333.901123[0m
[0m[ INFO] [1746505179.984779781]: Publishing motor command - Left: 2493.365479, Right: 3157.228271[0m
[0m[ INFO] [1746505180.078390050]: Target - x: 2190.000000, y: 0.000000, phi: 0.000000[0m
[0m[ INFO] [1746505180.078483171]: Current - x: 1850.634888, y: 33.116516, phi: -14.979851[0m
[0m[ INFO] [1746505180.078521380]: Error - x: 339.365112, y: -33.116516[0m
[0m[ INFO] [1746505180.078553540]: error_y: -33.116516[0m
[0m[ INFO] [1746505180.078582660]: integral_error_y: -100.000000[0m
[0m[ INFO] [1746505180.078614661]: w: 1256.338501[0m
[0m[ INFO] [1746505180.078648101]: Publishing motor command - Left: 2515.412109, Right: 3140.673096[0m
[0m[ INFO] [1746505180.178316324]: Target - x: 2220.000000, y: 0.000000, phi: 0.000000[0m
[0m[ INFO] [1746505180.178408069]: Current - x: 1885.136841, y: 23.758844, phi: -14.819053[0m
[0m[ INFO] [1746505180.178444805]: Error - x: 334.863159, y: -23.758844[0m
[0m[ INFO] [1746505180.178476518]: error_y: -23.758844[0m
[0m[ INFO] [1746505180.178510726]: integral_error_y: -100.000000[0m
[0m[ INFO] [1746505180.178539398]: w: 1623.946045[0m
[0m[ INFO] [1746505180.178570183]: Publishing motor command - Left: 2386.419434, Right: 3194.633545[0m
[0m[ INFO] [1746505180.278541385]: Target - x: 2250.000000, y: 0.000000, phi: 0.000000[0m
[0m[ INFO] [1746505180.278634026]: Current - x: 1916.190186, y: 15.498068, phi: -14.652866[0m
[0m[ INFO] [1746505180.278670634]: Error - x: 333.809814, y: -15.498068[0m
[0m[ INFO] [1746505180.278701547]: error_y: -15.498068[0m
[0m[ INFO] [1746505180.278730731]: integral_error_y: -100.000000[0m
[0m[ INFO] [1746505180.278761931]: w: 1487.174561[0m
[0m[ INFO] [1746505180.278793804]: Publishing motor command - Left: 2411.676025, Right: 3151.821045[0m
[0m[ INFO] [1746505180.386501250]: Target - x: 2280.000000, y: 0.000000, phi: 0.000000[0m
[0m[ INFO] [1746505180.386633540]: Current - x: 1946.704712, y: 7.563884, phi: -14.164648[0m
[0m[ INFO] [1746505180.386686692]: Error - x: 333.295288, y: -7.563884[0m
[0m[ INFO] [1746505180.386734309]: error_y: -7.563884[0m
[0m[ INFO] [1746505180.386767333]: integral_error_y: -100.000000[0m
[0m[ INFO] [1746505180.386797061]: w: 1501.197876[0m
[0m[ INFO] [1746505180.386833990]: Publishing motor command - Left: 2403.898682, Right: 3151.022705[0m
[0m[ INFO] [1746505180.483033023]: Target - x: 2310.000000, y: 0.000000, phi: 0.000000[0m
[0m[ INFO] [1746505180.483136512]: Current - x: 1978.783691, y: -0.742468, phi: -13.892914[0m
[0m[ INFO] [1746505180.483173856]: Error - x: 331.216309, y: 0.742468[0m
[0m[ INFO] [1746505180.483205089]: error_y: 0.742468[0m
[0m[ INFO] [1746505180.483235105]: integral_error_y: -99.925751[0m
[0m[ INFO] [1746505180.483283458]: w: 1658.702637[0m
[0m[ INFO] [1746505180.483319106]: Publishing motor command - Left: 2347.380127, Right: 3172.891846[0m
[0m[ INFO] [1746505180.578933013]: Target - x: 2340.000000, y: 0.000000, phi: 0.000000[0m
[0m[ INFO] [1746505180.579022774]: Current - x: 2009.776733, y: -8.424415, phi: -13.405293[0m
[0m[ INFO] [1746505180.579062390]: Error - x: 330.223267, y: 8.424415[0m
[0m[ INFO] [1746505180.579094135]: error_y: 8.424415[0m
[0m[ INFO] [1746505180.579158871]: integral_error_y: -99.083313[0m
[0m[ INFO] [1746505180.579195832]: w: 1610.725098[0m
[0m[ INFO] [1746505180.579230712]: Publishing motor command - Left: 2351.043701, Right: 3152.677734[0m
[0m[ INFO] [1746505180.678641460]: Target - x: 2370.000000, y: 0.000000, phi: 0.000000[0m
[0m[ INFO] [1746505180.678737685]: Current - x: 2041.222168, y: -15.936262, phi: -12.490094[0m
[0m[ INFO] [1746505180.678831670]: Error - x: 328.777832, y: 15.936262[0m
[0m[ INFO] [1746505180.678910871]: error_y: 15.936262[0m
[0m[ INFO] [1746505180.678947799]: integral_error_y: -97.489685[0m
[0m[ INFO] [1746505180.678986232]: w: 1651.983154[0m
[0m[ INFO] [1746505180.679020920]: Publishing motor command - Left: 2328.731201, Right: 3150.899170[0m
[0m[ INFO] [1746505180.778004304]: Target - x: 2400.000000, y: 0.000000, phi: 0.000000[0m
[0m[ INFO] [1746505180.778176402]: Current - x: 2071.923096, y: -23.115170, phi: -12.001875[0m
[0m[ INFO] [1746505180.778254130]: Error - x: 328.076904, y: 23.115170[0m
[0m[ INFO] [1746505180.778410420]: error_y: 23.115170[0m
[0m[ INFO] [1746505180.778443572]: integral_error_y: -95.178169[0m
[0m[ INFO] [1746505180.778472949]: w: 1657.415405[0m
[0m[ INFO] [1746505180.778539222]: Publishing motor command - Left: 2321.538818, Right: 3146.409912[0m
[0m[ INFO] [1746505180.906726891]: Target - x: 2430.000000, y: 0.000000, phi: 0.000000[0m
[0m[ INFO] [1746505180.906853229]: Current - x: 2102.768555, y: -29.629292, phi: -10.871388[0m
[0m[ INFO] [1746505180.906890669]: Error - x: 327.231445, y: 29.629292[0m
[0m[ INFO] [1746505180.906946606]: error_y: 29.629292[0m
[0m[ INFO] [1746505180.906983566]: integral_error_y: -92.215240[0m
[0m[ INFO] [1746505180.907015439]: w: 1589.895874[0m
[0m[ INFO] [1746505180.907048495]: Publishing motor command - Left: 2331.294922, Right: 3122.562500[0m
[0m[ INFO] [1746505180.978934559]: Target - x: 2460.000000, y: 0.000000, phi: 0.000000[0m
[0m[ INFO] [1746505180.979027328]: Current - x: 2133.849121, y: -36.007710, phi: -10.062335[0m
[0m[ INFO] [1746505180.979064512]: Error - x: 326.150879, y: 36.007710[0m
[0m[ INFO] [1746505180.979130305]: error_y: 36.007710[0m
[0m[ INFO] [1746505180.979185826]: integral_error_y: -88.614471[0m
[0m[ INFO] [1746505180.979242754]: w: 1626.899292[0m
[0m[ INFO] [1746505180.979274211]: Publishing motor command - Left: 2313.082031, Right: 3122.765869[0m
[0m[ INFO] [1746505181.078617758]: Target - x: 2490.000000, y: 0.000000, phi: 0.000000[0m
[0m[ INFO] [1746505181.078717055]: Current - x: 2164.673340, y: -41.583004, phi: -8.824504[0m
[0m[ INFO] [1746505181.078754431]: Error - x: 325.326660, y: 41.583004[0m
[0m[ INFO] [1746505181.078787072]: error_y: 41.583004[0m
[0m[ INFO] [1746505181.078817088]: integral_error_y: -84.456169[0m
[0m[ INFO] [1746505181.078845440]: w: 1522.443359[0m
[0m[ INFO] [1746505181.078875937]: Publishing motor command - Left: 2332.206787, Right: 3089.904297[0m
[0m[ INFO] [1746505181.179802541]: Target - x: 2520.000000, y: 0.000000, phi: 0.000000[0m
[0m[ INFO] [1746505181.179908047]: Current - x: 2195.370850, y: -46.718243, phi: -7.693418[0m
[0m[ INFO] [1746505181.179947183]: Error - x: 324.629150, y: 46.718243[0m
[0m[ INFO] [1746505181.180020080]: error_y: 46.718243[0m
[0m[ INFO] [1746505181.180054736]: integral_error_y: -79.784348[0m
[0m[ INFO] [1746505181.180084976]: w: 1486.251831[0m
[0m[ INFO] [1746505181.180116113]: Publishing motor command - Left: 2335.400146, Right: 3075.085693[0m
[0m[ INFO] [1746505181.280161492]: Target - x: 2550.000000, y: 0.000000, phi: 0.000000[0m
[0m[ INFO] [1746505181.280260469]: Current - x: 2225.781738, y: -51.074303, phi: -6.347643[0m
[0m[ INFO] [1746505181.280297365]: Error - x: 324.218262, y: 51.074303[0m
[0m[ INFO] [1746505181.280354070]: error_y: 51.074303[0m
[0m[ INFO] [1746505181.280388342]: integral_error_y: -74.676918[0m
[0m[ INFO] [1746505181.280418071]: w: 1374.487427[0m
[0m[ INFO] [1746505181.280449335]: Publishing motor command - Left: 2359.787842, Right: 3043.849854[0m
[0m[ INFO] [1746505181.378594437]: Target - x: 2580.000000, y: 0.000000, phi: 0.000000[0m
[0m[ INFO] [1746505181.378721031]: Current - x: 2256.468994, y: -54.882576, phi: -5.109213[0m
[0m[ INFO] [1746505181.378782279]: Error - x: 323.531006, y: 54.882576[0m
[0m[ INFO] [1746505181.378847112]: error_y: 54.882576[0m
[0m[ INFO] [1746505181.378894121]: integral_error_y: -69.188660[0m
[0m[ INFO] [1746505181.378925513]: w: 1303.561646[0m
[0m[ INFO] [1746505181.378957353]: Publishing motor command - Left: 2371.710205, Right: 3020.473633[0m
[0m[ INFO] [1746505181.479100173]: Target - x: 2610.000000, y: 0.000000, phi: 0.000000[0m
[0m[ INFO] [1746505181.479194734]: Current - x: 2286.428711, y: -58.000767, phi: -4.297765[0m
[0m[ INFO] [1746505181.479235695]: Error - x: 323.571289, y: 58.000767[0m
[0m[ INFO] [1746505181.479273231]: error_y: 58.000767[0m
[0m[ INFO] [1746505181.479311152]: integral_error_y: -63.388584[0m
[0m[ INFO] [1746505181.479356720]: w: 1197.307007[0m
[0m[ INFO] [1746505181.479575602]: Publishing motor command - Left: 2398.486328, Right: 2994.368408[0m
[0m[ INFO] [1746505181.578948110]: Target - x: 2640.000000, y: 0.000000, phi: 0.000000[0m
[0m[ INFO] [1746505181.579048239]: Current - x: 2318.060791, y: -60.425591, phi: -2.846443[0m
[0m[ INFO] [1746505181.579091984]: Error - x: 321.939209, y: 60.425591[0m
[0m[ INFO] [1746505181.579162704]: error_y: 60.425591[0m
[0m[ INFO] [1746505181.579307186]: integral_error_y: -57.346024[0m
[0m[ INFO] [1746505181.579376467]: w: 1083.486084[0m
[0m[ INFO] [1746505181.579420115]: Publishing motor command - Left: 2413.209229, Right: 2952.444336[0m
[0m[ INFO] [1746505181.683274016]: Target - x: 2670.000000, y: 0.000000, phi: 0.000000[0m
[0m[ INFO] [1746505181.683397697]: Current - x: 2347.313965, y: -62.360580, phi: -1.819707[0m
[0m[ INFO] [1746505181.683465346]: Error - x: 322.686035, y: 62.360580[0m
[0m[ INFO] [1746505181.683543523]: error_y: 62.360580[0m
[0m[ INFO] [1746505181.683606947]: integral_error_y: -51.109966[0m
[0m[ INFO] [1746505181.683653316]: w: 1005.492798[0m
[0m[ INFO] [1746505181.683700996]: Publishing motor command - Left: 2438.840820, Right: 2939.259766[0m
[0m[ INFO] [1746505181.779598970]: Target - x: 2700.000000, y: 0.000000, phi: 0.000000[0m
[0m[ INFO] [1746505181.779687451]: Current - x: 2377.811768, y: -63.546551, phi: -0.580678[0m
[0m[ INFO] [1746505181.779729180]: Error - x: 322.188232, y: 63.546551[0m
[0m[ INFO] [1746505181.779796572]: error_y: 63.546551[0m
[0m[ INFO] [1746505181.779855901]: integral_error_y: -44.755310[0m
[0m[ INFO] [1746505181.779910398]: w: 868.184021[0m
[0m[ INFO] [1746505181.779948478]: Publishing motor command - Left: 2468.860840, Right: 2900.943359[0m
[0m[ INFO] [1746505181.879073751]: Target - x: 2730.000000, y: 0.000000, phi: 0.000000[0m
[0m[ INFO] [1746505181.879162040]: Current - x: 2408.125244, y: -64.266541, phi: 0.337516[0m
[0m[ INFO] [1746505181.879201144]: Error - x: 321.874756, y: 64.266541[0m
[0m[ INFO] [1746505181.879280217]: error_y: 64.266541[0m
[0m[ INFO] [1746505181.879331802]: integral_error_y: -38.328655[0m
[0m[ INFO] [1746505181.879365562]: w: 782.830444[0m
[0m[ INFO] [1746505181.879401019]: Publishing motor command - Left: 2487.488037, Right: 2877.091064[0m
[0m[ INFO] [1746505182.082461793]: Target - x: 2790.000000, y: 0.000000, phi: 0.000000[0m
[0m[ INFO] [1746505182.082560962]: Current - x: 2438.847412, y: -64.274490, phi: 1.469201[0m
[0m[ INFO] [1746505182.082604291]: Error - x: 351.152588, y: 64.274490[0m
[0m[ INFO] [1746505182.082644163]: error_y: 64.274490[0m
[0m[ INFO] [1746505182.082699780]: integral_error_y: -31.901207[0m
[0m[ INFO] [1746505182.082735044]: w: 641.144714[0m
[0m[ INFO] [1746505182.082769572]: Publishing motor command - Left: 2766.727295, Right: 3085.815674[0m
[0m[ INFO] [1746505182.082871045]: Target - x: 2790.000000, y: 0.000000, phi: 0.000000[0m
[0m[ INFO] [1746505182.082912198]: Current - x: 2468.564941, y: -63.888824, phi: 2.281248[0m
[0m[ INFO] [1746505182.082945510]: Error - x: 321.435059, y: 63.888824[0m
[0m[ INFO] [1746505182.082977511]: error_y: 63.888824[0m
[0m[ INFO] [1746505182.083034855]: integral_error_y: -25.512325[0m
[0m[ INFO] [1746505182.083068488]: w: 559.203857[0m
[0m[ INFO] [1746505182.083104552]: Publishing motor command - Left: 2539.471680, Right: 2817.779297[0m
[0m[ INFO] [1746505182.179179744]: Target - x: 2820.000000, y: 0.000000, phi: 0.000000[0m
[0m[ INFO] [1746505182.179270721]: Current - x: 2489.844971, y: -63.309143, phi: 2.463602[0m
[0m[ INFO] [1746505182.179310465]: Error - x: 330.155029, y: 63.309143[0m
[0m[ INFO] [1746505182.179421218]: error_y: 63.309143[0m
[0m[ INFO] [1746505182.179474371]: integral_error_y: -19.181412[0m
[0m[ INFO] [1746505182.179508515]: w: 515.237000[0m
[0m[ INFO] [1746505182.179542852]: Publishing motor command - Left: 2623.079102, Right: 2879.504883[0m
[0m[ INFO] [1746505182.278603580]: Target - x: 2850.000000, y: 0.000000, phi: 0.000000[0m
[0m[ INFO] [1746505182.278704797]: Current - x: 2521.133301, y: -61.782661, phi: 3.487344[0m
[0m[ INFO] [1746505182.278958400]: Error - x: 328.866699, y: 61.782661[0m
[0m[ INFO] [1746505182.278998976]: error_y: 61.782661[0m
[0m[ INFO] [1746505182.279029505]: integral_error_y: -13.003145[0m
[0m[ INFO] [1746505182.279057377]: w: 311.229950[0m
[0m[ INFO] [1746505182.279091105]: Publishing motor command - Left: 2663.108643, Right: 2818.003174[0m
[0m[ INFO] [1746505182.455253282]: Target - x: 2910.000000, y: 0.000000, phi: 0.000000[0m
[0m[ INFO] [1746505182.455346115]: Current - x: 2551.419678, y: -60.293114, phi: 4.191448[0m
[0m[ INFO] [1746505182.455386884]: Error - x: 358.580322, y: 60.293114[0m
[0m[ INFO] [1746505182.455421124]: error_y: 60.293114[0m
[0m[ INFO] [1746505182.455448996]: integral_error_y: -6.973834[0m
[0m[ INFO] [1746505182.455477253]: w: 304.324219[0m
[0m[ INFO] [1746505182.455517605]: Publishing motor command - Left: 2912.440430, Right: 3063.898193[0m
[0m[ INFO] [1746505182.481812580]: Target - x: 2910.000000, y: 0.000000, phi: 0.000000[0m
[0m[ INFO] [1746505182.481908357]: Current - x: 2581.273682, y: -58.289433, phi: 4.896152[0m
[0m[ INFO] [1746505182.481950021]: Error - x: 328.726318, y: 58.289433[0m
[0m[ INFO] [1746505182.481984614]: error_y: 58.289433[0m
[0m[ INFO] [1746505182.482024070]: integral_error_y: -1.144891[0m
[0m[ INFO] [1746505182.482055782]: w: 182.043625[0m
[0m[ INFO] [1746505182.482087783]: Publishing motor command - Left: 2694.085938, Right: 2784.686279[0m
[0m[ INFO] [1746505182.592377370]: Target - x: 2940.000000, y: 0.000000, phi: 0.000000[0m
[0m[ INFO] [1746505182.592466714]: Current - x: 2611.895996, y: -55.798584, phi: 5.813747[0m
[0m[ INFO] [1746505182.592503707]: Error - x: 328.104004, y: 55.798584[0m
[0m[ INFO] [1746505182.592535675]: error_y: 55.798584[0m
[0m[ INFO] [1746505182.592563484]: integral_error_y: 4.434968[0m
[0m[ INFO] [1746505182.592596348]: w: 60.259628[0m
[0m[ INFO] [1746505182.592630076]: Publishing motor command - Left: 2719.204834, Right: 2749.195068[0m
[0m[ INFO] [1746505182.678470948]: Target - x: 2970.000000, y: 0.000000, phi: 0.000000[0m
[0m[ INFO] [1746505182.678565125]: Current - x: 2641.697998, y: -53.117088, phi: 6.304362[0m
[0m[ INFO] [1746505182.678604166]: Error - x: 328.302002, y: 53.117088[0m
[0m[ INFO] [1746505182.678636678]: error_y: 53.117088[0m
[0m[ INFO] [1746505182.678665414]: integral_error_y: 9.746676[0m
[0m[ INFO] [1746505182.678695783]: w: -4.153567[0m
[0m[ INFO] [1746505182.678732679]: Publishing motor command - Left: 2736.883545, Right: 2734.816406[0m
[0m[ INFO] [1746505182.778606792]: Target - x: 3000.000000, y: 0.000000, phi: 0.000000[0m
[0m[ INFO] [1746505182.778727594]: Current - x: 2672.041748, y: -49.810444, phi: 7.115212[0m
[0m[ INFO] [1746505182.778774186]: Error - x: 327.958252, y: 49.810444[0m
[0m[ INFO] [1746505182.778811083]: error_y: 49.810444[0m
[0m[ INFO] [1746505182.778883563]: integral_error_y: 14.727721[0m
[0m[ INFO] [1746505182.778919148]: w: -161.751648[0m
[0m[ INFO] [1746505182.778980940]: Publishing motor command - Left: 2773.236084, Right: 2692.734619[0m
[0m[ INFO] [1746505182.880166588]: Target - x: 3000.000000, y: 0.000000, phi: 0.000000[0m
[0m[ INFO] [1746505182.880295645]: Current - x: 2701.369629, y: -46.443024, phi: 7.606424[0m
[0m[ INFO] [1746505182.880338782]: Error - x: 298.630371, y: 46.443024[0m
[0m[ INFO] [1746505182.880410750]: Publishing motor command - Left: 586.768738, Right: -586.768738[0m
[0m[ INFO] [1746505182.980368961]: Target - x: 3000.000000, y: 0.000000, phi: 0.000000[0m
[0m[ INFO] [1746505182.980459970]: Current - x: 2730.842285, y: -42.607792, phi: 8.204383[0m
[0m[ INFO] [1746505182.980500354]: Error - x: 269.157715, y: 42.607792[0m
[0m[ INFO] [1746505182.980539042]: Publishing motor command - Left: 159.695404, Right: -159.695404[0m
[0m[ INFO] [1746505183.079369912]: Target - x: 3000.000000, y: 0.000000, phi: 0.000000[0m
[0m[ INFO] [1746505183.079462745]: Current - x: 2730.322266, y: -42.605423, phi: -7.530288[0m
[0m[ INFO] [1746505183.079679355]: Error - x: 269.677734, y: 42.605423[0m
[0m[ INFO] [1746505183.079787709]: Publishing motor command - Left: -1091.295532, Right: 1091.295532[0m
[0m[ INFO] [1746505183.178480177]: Target - x: 3000.000000, y: 0.000000, phi: 0.000000[0m
[0m[ INFO] [1746505183.178586546]: Current - x: 2757.349854, y: -38.666809, phi: -7.356916[0m
[0m[ INFO] [1746505183.178678835]: Error - x: 242.650146, y: 38.666809[0m
[0m[ INFO] [1746505183.178765300]: Publishing motor command - Left: -99.057274, Right: 99.057274[0m
[0m[ INFO] [1746505183.278539412]: Target - x: 3000.000000, y: 0.000000, phi: 0.000000[0m
[0m[ INFO] [1746505183.278672213]: Current - x: 2774.284180, y: -40.796581, phi: -6.633052[0m
[0m[ INFO] [1746505183.278755574]: Error - x: 225.715820, y: 40.796581[0m
[0m[ INFO] [1746505183.278822903]: Publishing motor command - Left: -54.003101, Right: 54.003101[0m
[0m[ INFO] [1746505183.377879247]: Target - x: 3000.000000, y: 0.000000, phi: 0.000000[0m
[0m[ INFO] [1746505183.377981968]: Current - x: 2785.454346, y: -41.986557, phi: -4.080745[0m
[0m[ INFO] [1746505183.378056817]: Error - x: 214.545654, y: 41.986557[0m
[0m[ INFO] [1746505183.378097106]: Publishing motor command - Left: 97.852867, Right: -97.852867[0m
[0m[ INFO] [1746505183.478366999]: Target - x: 3000.000000, y: 0.000000, phi: 0.000000[0m
[0m[ INFO] [1746505183.478455000]: Current - x: 2794.040039, y: -42.767059, phi: -1.203413[0m
[0m[ INFO] [1746505183.478493304]: Error - x: 205.959961, y: 42.767059[0m
[0m[ INFO] [1746505183.478531385]: Publishing motor command - Left: 161.033127, Right: -161.033127[0m
[0m[ INFO] [1746505183.577890932]: Target - x: 3000.000000, y: 0.000000, phi: 0.000000[0m
[0m[ INFO] [1746505183.578005014]: Current - x: 2803.254395, y: -43.235474, phi: 1.137799[0m
[0m[ INFO] [1746505183.578071830]: Error - x: 196.745605, y: 43.235474[0m
[0m[ INFO] [1746505183.578192248]: Publishing motor command - Left: 162.636276, Right: -162.636276[0m
[0m[ INFO] [1746505183.678495997]: Target - x: 3000.000000, y: 0.000000, phi: 0.000000[0m
[0m[ INFO] [1746505183.678589854]: Current - x: 2812.485840, y: -43.326996, phi: 2.408563[0m
[0m[ INFO] [1746505183.678659839]: Error - x: 187.514160, y: 43.326996[0m
[0m[ INFO] [1746505183.678739200]: Publishing motor command - Left: 115.016273, Right: -115.016273[0m
[0m[ INFO] [1746505183.778861316]: Target - x: 3000.000000, y: 0.000000, phi: 0.000000[0m
[0m[ INFO] [1746505183.778948773]: Current - x: 2822.721191, y: -43.058113, phi: 3.142607[0m
[0m[ INFO] [1746505183.778991301]: Error - x: 177.278809, y: 43.058113[0m
[0m[ INFO] [1746505183.779028710]: Publishing motor command - Left: 92.586220, Right: -92.586220[0m
[0m[ INFO] [1746505183.881632644]: Target - x: 3000.000000, y: 0.000000, phi: 0.000000[0m
[0m[ INFO] [1746505183.881720389]: Current - x: 2833.555176, y: -42.583672, phi: 3.340529[0m
[0m[ INFO] [1746505183.881759046]: Error - x: 166.444824, y: 42.583672[0m
[0m[ INFO] [1746505183.881816966]: Publishing motor command - Left: 62.188812, Right: -62.188812[0m
[0m[ INFO] [1746505183.978650406]: Target - x: 3000.000000, y: 0.000000, phi: 0.000000[0m
[0m[ INFO] [1746505183.978739687]: Current - x: 2844.382080, y: -41.970474, phi: 3.538451[0m
[0m[ INFO] [1746505183.978814728]: Error - x: 155.617920, y: 41.970474[0m
[0m[ INFO] [1746505183.978896393]: Publishing motor command - Left: 65.143898, Right: -65.143898[0m
[0m[ INFO] [1746505184.078597736]: Target - x: 3000.000000, y: 0.000000, phi: 0.000000[0m
[0m[ INFO] [1746505184.078686825]: Current - x: 2854.404785, y: -41.367970, phi: 3.737571[0m
[0m[ INFO] [1746505184.078728970]: Error - x: 145.595215, y: 41.367970[0m
[0m[ INFO] [1746505184.078805739]: Publishing motor command - Left: 68.191383, Right: -68.191383[0m
[0m[ INFO] [1746505184.184689805]: Target - x: 3000.000000, y: 0.000000, phi: 0.000000[0m
[0m[ INFO] [1746505184.184788622]: Current - x: 2864.223877, y: -40.734432, phi: 4.044034[0m
[0m[ INFO] [1746505184.184832239]: Error - x: 135.776123, y: 40.734432[0m
[0m[ INFO] [1746505184.185049873]: Publishing motor command - Left: 79.445000, Right: -79.445000[0m
[0m[ INFO] [1746505184.278871024]: Target - x: 3000.000000, y: 0.000000, phi: 0.000000[0m
[0m[ INFO] [1746505184.278999185]: Current - x: 2873.241455, y: -40.137959, phi: 4.137606[0m
[0m[ INFO] [1746505184.279074418]: Error - x: 126.758545, y: 40.137959[0m
[0m[ INFO] [1746505184.279119315]: Publishing motor command - Left: 67.597923, Right: -67.597923[0m
[0m[ INFO] [1746505184.378719025]: Target - x: 3000.000000, y: 0.000000, phi: 0.000000[0m
[0m[ INFO] [1746505184.378827250]: Current - x: 2881.854980, y: -39.521873, phi: 4.231777[0m
[0m[ INFO] [1746505184.378874867]: Error - x: 118.145020, y: 39.521873[0m
[0m[ INFO] [1746505184.378950355]: Publishing motor command - Left: 69.041237, Right: -69.041237[0m
[0m[ INFO] [1746505184.479072983]: Target - x: 3000.000000, y: 0.000000, phi: 0.000000[0m
[0m[ INFO] [1746505184.479235353]: Current - x: 2890.066895, y: -38.920986, phi: 4.326547[0m
[0m[ INFO] [1746505184.479313370]: Error - x: 109.933105, y: 38.920986[0m
[0m[ INFO] [1746505184.479359962]: Publishing motor command - Left: 70.493431, Right: -70.493431[0m
[0m[ INFO] [1746505184.578767606]: Target - x: 3000.000000, y: 0.000000, phi: 0.000000[0m
[0m[ INFO] [1746505184.578856791]: Current - x: 2898.477051, y: -38.283829, phi: 4.528062[0m
[0m[ INFO] [1746505184.578951960]: Error - x: 101.522949, y: 38.283829[0m
[0m[ INFO] [1746505184.578994041]: Publishing motor command - Left: 80.142876, Right: -80.142876[0m
[0m[ INFO] [1746505184.678458837]: Target - x: 3000.000000, y: 0.000000, phi: 0.000000[0m
[0m[ INFO] [1746505184.678539894]: Current - x: 2905.684570, y: -37.725670, phi: 4.731373[0m
[0m[ INFO] [1746505184.678580215]: Error - x: 94.315430, y: 37.725670[0m
[0m[ INFO] [1746505184.678618967]: Publishing motor command - Left: 83.290146, Right: -83.290146[0m
[0m[ INFO] [1746505184.778357111]: Target - x: 3000.000000, y: 0.000000, phi: 0.000000[0m
[0m[ INFO] [1746505184.778483608]: Current - x: 2912.491943, y: -37.187176, phi: 4.721194[0m
[0m[ INFO] [1746505184.778564665]: Error - x: 87.508057, y: 37.187176[0m
[0m[ INFO] [1746505184.778619578]: Publishing motor command - Left: 69.856804, Right: -69.856804[0m
[0m[ INFO] [1746505184.879022272]: Target - x: 3000.000000, y: 0.000000, phi: 0.000000[0m
[0m[ INFO] [1746505184.879142082]: Current - x: 2919.297119, y: -36.624531, phi: 4.711014[0m
[0m[ INFO] [1746505184.879208226]: Error - x: 80.702881, y: 36.624531[0m
[0m[ INFO] [1746505184.879272739]: Publishing motor command - Left: 69.704788, Right: -69.704788[0m
[0m[ INFO] [1746505184.979044771]: Target - x: 3000.000000, y: 0.000000, phi: 0.000000[0m
[0m[ INFO] [1746505184.979140612]: Current - x: 2925.702393, y: -36.096088, phi: 4.701434[0m
[0m[ INFO] [1746505184.979235045]: Error - x: 74.297607, y: 36.096088[0m
[0m[ INFO] [1746505184.979292614]: Publishing motor command - Left: 69.599014, Right: -69.599014[0m
[0m[ INFO] [1746505185.078574752]: Target - x: 3000.000000, y: 0.000000, phi: 0.000000[0m
[0m[ INFO] [1746505185.078663745]: Current - x: 2931.707275, y: -35.601707, phi: 4.692452[0m
[0m[ INFO] [1746505185.078738530]: Error - x: 68.292725, y: 35.601707[0m
[0m[ INFO] [1746505185.078853539]: Publishing motor command - Left: 69.502167, Right: -69.502167[0m
[0m[ INFO] [1746505185.178416033]: Target - x: 3000.000000, y: 0.000000, phi: 0.000000[0m
[0m[ INFO] [1746505185.178523490]: Current - x: 2937.513184, y: -35.130138, phi: 4.576725[0m
[0m[ INFO] [1746505185.178595011]: Error - x: 62.486816, y: 35.130138[0m
[0m[ INFO] [1746505185.178682820]: Publishing motor command - Left: 61.133610, Right: -61.133610[0m
[0m[ INFO] [1746505185.278762119]: Target - x: 3000.000000, y: 0.000000, phi: 0.000000[0m
[0m[ INFO] [1746505185.278884425]: Current - x: 2943.117676, y: -34.670506, phi: 4.568342[0m
[0m[ INFO] [1746505185.278924297]: Error - x: 56.882324, y: 34.670506[0m
[0m[ INFO] [1746505185.278964265]: Publishing motor command - Left: 67.686356, Right: -67.686356[0m
[0m[ INFO] [1746505185.378622856]: Target - x: 3000.000000, y: 0.000000, phi: 0.000000[0m
[0m[ INFO] [1746505185.378711369]: Current - x: 2948.322998, y: -34.254185, phi: 4.560557[0m
[0m[ INFO] [1746505185.378752074]: Error - x: 51.677002, y: 34.254185[0m
[0m[ INFO] [1746505185.378789354]: Publishing motor command - Left: 67.607391, Right: -67.607391[0m
[0m[ INFO] [1746505185.478310631]: Target - x: 3000.000000, y: 0.000000, phi: 0.000000[0m
[0m[ INFO] [1746505185.478399176]: Current - x: 2953.727539, y: -33.817654, phi: 4.659519[0m
[0m[ INFO] [1746505185.478469417]: Error - x: 46.272461, y: 33.817654[0m
[0m[ INFO] [1746505185.478506249]: Publishing motor command - Left: 75.725662, Right: -75.725662[0m
[0m[ INFO] [1746505185.578559660]: Target - x: 3000.000000, y: 0.000000, phi: 0.000000[0m
[0m[ INFO] [1746505185.578676174]: Current - x: 2958.333252, y: -33.454895, phi: 4.545588[0m
[0m[ INFO] [1746505185.578738350]: Error - x: 41.666748, y: 33.454895[0m
[0m[ INFO] [1746505185.578790895]: Publishing motor command - Left: 60.780457, Right: -60.780457[0m
[0m[ INFO] [1746505185.678306668]: Target - x: 3000.000000, y: 0.000000, phi: 0.000000[0m
[0m[ INFO] [1746505185.678433325]: Current - x: 2963.137451, y: -33.063633, phi: 4.538403[0m
[0m[ INFO] [1746505185.678474734]: Error - x: 36.862549, y: 33.063633[0m
[0m[ INFO] [1746505185.678552335]: Publishing motor command - Left: 67.313866, Right: -67.313866[0m
[0m[ INFO] [1746505185.778544177]: Target - x: 3000.000000, y: 0.000000, phi: 0.000000[0m
[0m[ INFO] [1746505185.778651954]: Current - x: 2967.741455, y: -32.693562, phi: 4.638561[0m
[0m[ INFO] [1746505185.778716979]: Error - x: 32.258545, y: 32.693562[0m
[0m[ INFO] [1746505185.778756339]: Publishing motor command - Left: 75.487236, Right: -75.487236[0m
[0m[ INFO] [1746505185.878573140]: Target - x: 3000.000000, y: 0.000000, phi: 0.000000[0m
[0m[ INFO] [1746505185.878666133]: Current - x: 2971.546143, y: -32.395313, phi: 4.525828[0m
[0m[ INFO] [1746505185.878703733]: Error - x: 28.453857, y: 32.395313[0m
[0m[ INFO] [1746505185.878739477]: Publishing motor command - Left: 60.559952, Right: -60.559952[0m
[0m[ INFO] [1746505185.978258099]: Target - x: 3000.000000, y: 0.000000, phi: 0.000000[0m
[0m[ INFO] [1746505185.978380020]: Current - x: 2975.350586, y: -32.090412, phi: 4.413095[0m
[0m[ INFO] [1746505185.978444885]: Error - x: 24.649414, y: 32.090412[0m
[0m[ INFO] [1746505185.978484405]: Publishing motor command - Left: 58.876751, Right: -58.876751[0m
[0m[ INFO] [1746505186.078223765]: Target - x: 3000.000000, y: 0.000000, phi: 0.000000[0m
[0m[ INFO] [1746505186.078349014]: Current - x: 2978.754883, y: -31.824284, phi: 4.300961[0m
[0m[ INFO] [1746505186.078430551]: Error - x: 21.245117, y: 31.824284[0m
[0m[ INFO] [1746505186.078469335]: Publishing motor command - Left: 57.239811, Right: -57.239811[0m
[0m[ INFO] [1746505186.178357656]: Target - x: 3000.000000, y: 0.000000, phi: 0.000000[0m
[0m[ INFO] [1746505186.178447129]: Current - x: 2982.159912, y: -31.564854, phi: 4.188827[0m
[0m[ INFO] [1746505186.178514650]: Error - x: 17.840088, y: 31.564854[0m
[0m[ INFO] [1746505186.178579739]: Publishing motor command - Left: 55.565556, Right: -55.565556[0m
[0m[ INFO] [1746505186.278474876]: Target - x: 3000.000000, y: 0.000000, phi: 0.000000[0m
[0m[ INFO] [1746505186.278565245]: Current - x: 2985.364258, y: -31.323994, phi: 4.184036[0m
[0m[ INFO] [1746505186.278607806]: Error - x: 14.635742, y: 31.323994[0m
[0m[ INFO] [1746505186.278646494]: Publishing motor command - Left: 62.171986, Right: -62.171986[0m
[0m[ INFO] [1746505186.377940985]: Target - x: 3000.000000, y: 0.000000, phi: 0.000000[0m
[0m[ INFO] [1746505186.378061978]: Current - x: 2988.569336, y: -31.089405, phi: 4.179246[0m
[0m[ INFO] [1746505186.378183099]: Error - x: 11.430664, y: 31.089405[0m
[0m[ INFO] [1746505186.378248156]: Publishing motor command - Left: 62.100464, Right: -62.100464[0m
[0m[ INFO] [1746505186.479026279]: Target - x: 3000.000000, y: 0.000000, phi: 0.000000[0m
[0m[ INFO] [1746505186.479244297]: Current - x: 2991.574707, y: -30.872490, phi: 4.067710[0m
[0m[ INFO] [1746505186.479339562]: Error - x: 8.425293, y: 30.872490[0m
[0m[ INFO] [1746505186.479411435]: Publishing motor command - Left: 53.794483, Right: -53.794483[0m
[0m[ INFO] [1746505186.578500516]: Target - x: 3000.000000, y: 0.000000, phi: 0.000000[0m
[0m[ INFO] [1746505186.578589509]: Current - x: 2994.179443, y: -30.684694, phi: 3.956774[0m
[0m[ INFO] [1746505186.578655781]: Error - x: 5.820557, y: 30.684694[0m
[0m[ INFO] [1746505186.578744934]: Publishing motor command - Left: 52.175381, Right: -52.175381[0m
[0m[ INFO] [1746505186.678491430]: Target - x: 3000.000000, y: 0.000000, phi: 0.000000[0m
[0m[ INFO] [1746505186.678581607]: Current - x: 2996.984131, y: -30.485342, phi: 3.952582[0m
[0m[ INFO] [1746505186.678654856]: Error - x: 3.015869, y: 30.485342[0m
[0m[ INFO] [1746505186.678749609]: Publishing motor command - Left: 58.753483, Right: -58.753483[0m
[0m[ INFO] [1746505186.777945346]: Target - x: 3000.000000, y: 0.000000, phi: 0.000000[0m
[0m[ INFO] [1746505186.778206661]: Current - x: 2999.789062, y: -30.291424, phi: 3.948390[0m
[0m[ INFO] [1746505186.778310054]: Error - x: 0.210938, y: 30.291424[0m
[0m[ INFO] [1746505186.778389863]: Publishing motor command - Left: 58.690918, Right: -58.690918[0m
[0m[ INFO] [1746505186.877986917]: Target - x: 3000.000000, y: 0.000000, phi: 0.000000[0m
[0m[ INFO] [1746505186.878073830]: Current - x: 3002.193359, y: -30.125368, phi: 3.944798[0m
[0m[ INFO] [1746505186.878156295]: Error - x: -2.193359, y: 30.125368[0m
[0m[ INFO] [1746505186.878244904]: Publishing motor command - Left: 58.674526, Right: -58.674526[0m
[0m[ INFO] [1746505186.978095881]: Target - x: 3000.000000, y: 0.000000, phi: 0.000000[0m
[0m[ INFO] [1746505186.978244554]: Current - x: 3004.398193, y: -29.975328, phi: 3.834460[0m
[0m[ INFO] [1746505186.978285739]: Error - x: -4.398193, y: 29.975328[0m
[0m[ INFO] [1746505186.978374252]: Publishing motor command - Left: 50.386425, Right: -50.386425[0m
[0m[ INFO] [1746505187.078027434]: Target - x: 3000.000000, y: 0.000000, phi: 0.000000[0m
[0m[ INFO] [1746505187.078216108]: Current - x: 3006.602783, y: -29.825428, phi: 3.724122[0m
[0m[ INFO] [1746505187.078259725]: Error - x: -6.602783, y: 29.825428[0m
[0m[ INFO] [1746505187.078312653]: Publishing motor command - Left: 48.739017, Right: -48.739017[0m
[0m[ INFO] [1746505187.178261615]: Target - x: 3000.000000, y: 0.000000, phi: 0.000000[0m
[0m[ INFO] [1746505187.178383985]: Current - x: 3009.007568, y: -29.664331, phi: 3.720529[0m
[0m[ INFO] [1746505187.178473138]: Error - x: -9.007568, y: 29.664331[0m
[0m[ INFO] [1746505187.178513522]: Publishing motor command - Left: 55.326069, Right: -55.326069[0m
[0m[ INFO] [1746505187.278315570]: Target - x: 3000.000000, y: 0.000000, phi: 0.000000[0m
[0m[ INFO] [1746505187.278404851]: Current - x: 3011.011719, y: -29.533934, phi: 3.717535[0m
[0m[ INFO] [1746505187.278481268]: Error - x: -11.011719, y: 29.533934[0m
[0m[ INFO] [1746505187.278560053]: Publishing motor command - Left: 55.318623, Right: -55.318623[0m
[0m[ INFO] [1746505187.378268564]: Target - x: 3000.000000, y: 0.000000, phi: 0.000000[0m
[0m[ INFO] [1746505187.378391989]: Current - x: 3012.214111, y: -29.455757, phi: 3.715739[0m
[0m[ INFO] [1746505187.378459478]: Error - x: -12.214111, y: 29.455757[0m
[0m[ INFO] [1746505187.378536215]: Publishing motor command - Left: 55.366306, Right: -55.366306[0m
[0m[ INFO] [1746505187.478161653]: Target - x: 3000.000000, y: 0.000000, phi: 0.000000[0m
[0m[ INFO] [1746505187.478255958]: Current - x: 3013.817627, y: -29.351614, phi: 3.713344[0m
[0m[ INFO] [1746505187.478344759]: Error - x: -13.817627, y: 29.351614[0m
[0m[ INFO] [1746505187.478457528]: Publishing motor command - Left: 55.293289, Right: -55.293289[0m
[0m[ INFO] [1746505187.578283193]: Target - x: 3000.000000, y: 0.000000, phi: 0.000000[0m
[0m[ INFO] [1746505187.578415354]: Current - x: 3015.420898, y: -29.247522, phi: 3.710949[0m
[0m[ INFO] [1746505187.578631997]: Error - x: -15.420898, y: 29.247522[0m
[0m[ INFO] [1746505187.578919040]: Publishing motor command - Left: 55.257526, Right: -55.257526[0m
[0m[ INFO] [1746505187.678273563]: Target - x: 3000.000000, y: 0.000000, phi: 0.000000[0m
[0m[ INFO] [1746505187.678362940]: Current - x: 3016.824463, y: -29.157770, phi: 3.601808[0m
[0m[ INFO] [1746505187.678400925]: Error - x: -16.824463, y: 29.157770[0m
[0m[ INFO] [1746505187.678437213]: Publishing motor command - Left: 46.987309, Right: -46.987309[0m
[0m[ INFO] [1746505187.778145500]: Target - x: 3000.000000, y: 0.000000, phi: 0.000000[0m
[0m[ INFO] [1746505187.778272669]: Current - x: 3017.825928, y: -29.091888, phi: 3.707356[0m
[0m[ INFO] [1746505187.778366655]: Error - x: -17.825928, y: 29.091888[0m
[0m[ INFO] [1746505187.778408671]: Publishing motor command - Left: 61.919079, Right: -61.919079[0m
[0m[ INFO] [1746505187.878026301]: Target - x: 3000.000000, y: 0.000000, phi: 0.000000[0m
[0m[ INFO] [1746505187.878243232]: Current - x: 3018.630127, y: -29.044292, phi: 3.277980[0m
[0m[ INFO] [1746505187.878288256]: Error - x: -18.630127, y: 29.044292[0m
[0m[ INFO] [1746505187.878328000]: Publishing motor command - Left: 22.230276, Right: -22.230276[0m
[0m[ INFO] [1746505187.978227010]: Target - x: 3000.000000, y: 0.000000, phi: 0.000000[0m
[0m[ INFO] [1746505187.978319555]: Current - x: 3019.830078, y: -28.962053, phi: 3.704362[0m
[0m[ INFO] [1746505187.978392196]: Error - x: -19.830078, y: 28.962053[0m
[0m[ INFO] [1746505187.978469764]: Publishing motor command - Left: 81.833710, Right: -81.833710[0m
[0m[ INFO] [1746505188.078050690]: Target - x: 3000.000000, y: 0.000000, phi: 0.000000[0m
[0m[ INFO] [1746505188.078225956]: Current - x: 3020.835693, y: -28.909182, phi: 3.167642[0m
[0m[ INFO] [1746505188.078269765]: Error - x: -20.835693, y: 28.909182[0m
[0m[ INFO] [1746505188.078308325]: Publishing motor command - Left: 13.904935, Right: -13.904935[0m
[0m[ INFO] [1746505188.178065829]: Target - x: 3000.000000, y: 0.000000, phi: 0.000000[0m
[0m[ INFO] [1746505188.178239559]: Current - x: 3022.037109, y: -28.829174, phi: 3.379935[0m
[0m[ INFO] [1746505188.178317191]: Error - x: -22.037109, y: 28.829174[0m
[0m[ INFO] [1746505188.178382952]: Publishing motor command - Left: 63.671185, Right: -63.671185[0m
[0m[ INFO] [1746505188.278188424]: Target - x: 3000.000000, y: 0.000000, phi: 0.000000[0m
[0m[ INFO] [1746505188.278326058]: Current - x: 3022.840332, y: -28.786228, phi: 3.164648[0m
[0m[ INFO] [1746505188.278430859]: Error - x: -22.840332, y: 28.786228[0m
[0m[ INFO] [1746505188.278496620]: Publishing motor command - Left: 33.856808, Right: -33.856808[0m
[0m[ INFO] [1746505188.377988136]: Target - x: 3000.000000, y: 0.000000, phi: 0.000000[0m
[0m[ INFO] [1746505188.378076745]: Current - x: 3023.240234, y: -28.761868, phi: 3.378138[0m
[0m[ INFO] [1746505188.378187851]: Error - x: -23.240234, y: 28.761868[0m
[0m[ INFO] [1746505188.378228171]: Publishing motor command - Left: 63.718884, Right: -63.718884[0m
[0m[ INFO] [1746505188.481449265]: Target - x: 3000.000000, y: 0.000000, phi: 0.000000[0m
[0m[ INFO] [1746505188.481542386]: Current - x: 3024.043457, y: -28.718966, phi: 3.162851[0m
[0m[ INFO] [1746505188.481610418]: Error - x: -24.043457, y: 28.718966[0m
[0m[ INFO] [1746505188.481680915]: Publishing motor command - Left: 33.829990, Right: -33.829990[0m
[0m[ INFO] [1746505188.578032270]: Target - x: 3000.000000, y: 0.000000, phi: 0.000000[0m
[0m[ INFO] [1746505188.578151663]: Current - x: 3024.845459, y: -28.671635, phi: 3.161654[0m
[0m[ INFO] [1746505188.578231152]: Error - x: -24.845459, y: 28.671635[0m
[0m[ INFO] [1746505188.578312657]: Publishing motor command - Left: 47.130749, Right: -47.130749[0m
[0m[ INFO] [1746505188.678321907]: Target - x: 3000.000000, y: 0.000000, phi: 0.000000[0m
[0m[ INFO] [1746505188.678444116]: Current - x: 3025.447754, y: -28.638927, phi: 3.053711[0m
[0m[ INFO] [1746505188.678517877]: Error - x: -25.447754, y: 28.638927[0m
[0m[ INFO] [1746505188.678745784]: Publishing motor command - Left: 38.878414, Right: -38.878414[0m
[0m[ INFO] [1746505188.778093459]: Target - x: 3000.000000, y: 0.000000, phi: 0.000000[0m
[0m[ INFO] [1746505188.778235893]: Current - x: 3025.648682, y: -28.628008, phi: 2.946367[0m
[0m[ INFO] [1746505188.778282229]: Error - x: -25.648682, y: 28.628008[0m
[0m[ INFO] [1746505188.778356886]: Publishing motor command - Left: 37.312950, Right: -37.312950[0m
[0m[ INFO] [1746505188.878242263]: Target - x: 3000.000000, y: 0.000000, phi: 0.000000[0m
[0m[ INFO] [1746505188.878338904]: Current - x: 3026.249756, y: -28.595385, phi: 3.052513[0m
[0m[ INFO] [1746505188.878378040]: Error - x: -26.249756, y: 28.595385[0m
[0m[ INFO] [1746505188.878416505]: Publishing motor command - Left: 52.179169, Right: -52.179169[0m
[0m[ INFO] [1746505188.978479708]: Target - x: 3000.000000, y: 0.000000, phi: 0.000000[0m
[0m[ INFO] [1746505188.978612445]: Current - x: 3026.852295, y: -28.564953, phi: 2.944571[0m
[0m[ INFO] [1746505188.978858944]: Error - x: -26.852295, y: 28.564953[0m
[0m[ INFO] [1746505188.978929473]: Publishing motor command - Left: 37.248882, Right: -37.248882[0m
[0m[ INFO] [1746505189.078623616]: Target - x: 3000.000000, y: 0.000000, phi: 0.000000[0m
[0m[ INFO] [1746505189.078737313]: Current - x: 3027.654297, y: -28.522181, phi: 2.943373[0m
[0m[ INFO] [1746505189.078817474]: Error - x: -27.654297, y: 28.522181[0m
[0m[ INFO] [1746505189.078859042]: Publishing motor command - Left: 43.871693, Right: -43.871693[0m
[0m[ INFO] [1746505189.178285150]: Target - x: 3000.000000, y: 0.000000, phi: 0.000000[0m
[0m[ INFO] [1746505189.178375711]: Current - x: 3028.055664, y: -28.501549, phi: 2.942774[0m
[0m[ INFO] [1746505189.178417728]: Error - x: -28.055664, y: 28.501549[0m
[0m[ INFO] [1746505189.178506273]: Publishing motor command - Left: 43.899998, Right: -43.899998[0m
[0m[ INFO] [1746505189.278295969]: Target - x: 3000.000000, y: 0.000000, phi: 0.000000[0m
[0m[ INFO] [1746505189.278389410]: Current - x: 3028.657959, y: -28.471148, phi: 2.834831[0m
[0m[ INFO] [1746505189.278432610]: Error - x: -28.657959, y: 28.471148[0m
[0m[ INFO] [1746505189.278494371]: Publishing motor command - Left: 35.610416, Right: -35.610416[0m
[0m[ INFO] [1746505189.379381263]: Target - x: 3000.000000, y: 0.000000, phi: 0.000000[0m
[0m[ INFO] [1746505189.379465840]: Current - x: 3029.059082, y: -28.450529, phi: 2.834232[0m
[0m[ INFO] [1746505189.379590225]: Error - x: -29.059082, y: 28.450529[0m
[0m[ INFO] [1746505189.379661874]: Publishing motor command - Left: 42.279408, Right: -42.279408[0m
[0m[ INFO] [1746505189.478807339]: Target - x: 3000.000000, y: 0.000000, phi: 0.000000[0m
[0m[ INFO] [1746505189.478903596]: Current - x: 3029.059082, y: -28.450529, phi: 2.834232[0m
[0m[ INFO] [1746505189.478947885]: Error - x: -29.059082, y: 28.450529[0m
[0m[ INFO] [1746505189.478999181]: Publishing motor command - Left: 42.316669, Right: -42.316669[0m
[0m[ INFO] [1746505189.578276808]: Target - x: 3000.000000, y: 0.000000, phi: 0.000000[0m
[0m[ INFO] [1746505189.578371689]: Current - x: 3029.059082, y: -28.450529, phi: 2.834232[0m
[0m[ INFO] [1746505189.578409929]: Error - x: -29.059082, y: 28.450529[0m
[0m[ INFO] [1746505189.578449129]: Publishing motor command - Left: 42.316669, Right: -42.316669[0m
[0m[ INFO] [1746505189.678028007]: Target - x: 3000.000000, y: 0.000000, phi: 0.000000[0m
[0m[ INFO] [1746505189.678226345]: Current - x: 3029.260254, y: -28.440758, phi: 2.726888[0m
[0m[ INFO] [1746505189.678321738]: Error - x: -29.260254, y: 28.440758[0m
[0m[ INFO] [1746505189.678372811]: Publishing motor command - Left: 34.036030, Right: -34.036030[0m
[0m[ INFO] [1746505189.778031561]: Target - x: 3000.000000, y: 0.000000, phi: 0.000000[0m
[0m[ INFO] [1746505189.778267340]: Current - x: 3029.661377, y: -28.420898, phi: 2.726290[0m
[0m[ INFO] [1746505189.778365645]: Error - x: -29.661377, y: 28.420898[0m
[0m[ INFO] [1746505189.778454702]: Publishing motor command - Left: 40.667763, Right: -40.667763[0m
[0m[ INFO] [1746505189.878290063]: Target - x: 3000.000000, y: 0.000000, phi: 0.000000[0m
[0m[ INFO] [1746505189.878375856]: Current - x: 3032.076660, y: -28.333061, phi: 1.438161[0m
[0m[ INFO] [1746505189.878411600]: Error - x: -32.076660, y: 28.333061[0m
[0m[ INFO] [1746505189.878448432]: Publishing motor command - Left: -58.662800, Right: 58.662800[0m
[0m[ INFO] [1746505189.978256177]: Target - x: 3000.000000, y: 0.000000, phi: 0.000000[0m
[0m[ INFO] [1746505189.978369010]: Current - x: 3034.893311, y: -28.230669, phi: 0.149433[0m
[0m[ INFO] [1746505189.978429778]: Error - x: -34.893311, y: 28.230669[0m
[0m[ INFO] [1746505189.978470035]: Publishing motor command - Left: -77.941490, Right: 77.941490[0m
[0m[ INFO] [1746505169.119456315]: [I2C FOR MOTORS] Now launching this node in namespace: /asc[0m
[0m[ INFO] [1746505169.183816633]: [I2C FOR MOTORS] publish motor duty cycle requests from command line with: rostopic pub --once /asc/set_motor_duty_cycle asclinic_pkg/LeftRightFloat32 "{left: 10.1, right: 10.1}"[0m
[0m[ INFO] [1746505169.184088732]: [I2C FOR MOTORS] Successfully opened named /dev/i2c-1, with file descriptor = 10[0m
[0m[ INFO] [1746505169.184264286]: [I2C FOR MOTORS] Actual acceleration limit = 0.0003125%/ms (after conversation to "internal units")[0m
[0m[ INFO] [1746505169.184432000]: [I2C FOR MOTORS] Actual deceleration limit = 0.0015625%/ms (after conversation to "internal units")[0m
[0m[ INFO] [1746505169.184565249]: [I2C FOR MOTORS] Now initialising SMC with I2C address 13[0m
[0m[ INFO] [1746505169.229115015]: [I2C FOR MOTORS] Now initialising SMC with I2C address 14[0m
[0m[ INFO] [1746505169.249021024]: [I2C FOR MOTORS] Node initialisation complete[0m
[0m[ INFO] [1746505182.817923989]: Reached 5 meters, transitioning to TURNING state.[0m

[ARUCO DETECTOR] Camera properties upon initialisation:
CV_CAP_PROP_FRAME_HEIGHT : '480.0'
CV_CAP_PROP_FRAME_WIDTH :  '640.0'
CAP_PROP_FPS :             '30.0'
CAP_PROP_FOCUS :           '0.0'
CAP_PROP_AUTOFOCUS :       '0.0'
CAP_PROP_BRIGHTNESS :      '128.0'
CAP_PROP_CONTRAST :        '128.0'
CAP_PROP_SATURATION :      '128.0'
CAP_PROP_BUFFERSIZE :      '4.0'

[ARUCO DETECTOR] Camera properties upon initialisation:
CV_CAP_PROP_FRAME_HEIGHT : '1080.0'
CV_CAP_PROP_FRAME_WIDTH :  '1920.0'
CAP_PROP_FPS :             '5.0'
CAP_PROP_FOCUS :           '0.0'
CAP_PROP_AUTOFOCUS :       '0.0'
CAP_PROP_BRIGHTNESS :      '128.0'
CAP_PROP_CONTRAST :        '128.0'
CAP_PROP_SATURATION :      '128.0'
CAP_PROP_BUFFERSIZE :      '1.0'
[INFO] [1746505177.922980]: [ARUCO DETECTOR] As a double check of the camera properties set, a frame captured just now has dimensions = (1080, 1920, 3)
[INFO] [1746505177.942951]: [ARUCO DETECTOR] publish request from command line to save a single camera image using: rostopic pub --once /asc/request_save_image std_msgs/UInt32 1
[INFO] [1746505177.956469]: [ARUCO DETECTOR] Node initialisation complete
... logging to /home/asc/.ros/log/e3d3d45a-2a2a-11f0-b317-d8c0a650f677/roslaunch-asc12-jetson-26153.log
Checking log directory for disk usage. This may take a while.
Press Ctrl-C to interrupt
Done checking log file disk usage. Usage is <1GB.
]2;/home/asc/ASClinic/catkin_ws/src/asclinic_pkg/launch/trajectory.launch
[1mstarted roslaunch server http://asc12-jetson:42697/[0m

SUMMARY
========

PARAMETERS
 * /asc/aruco_detector/aruco_detector_desired_camera_fps: 5
 * /asc/aruco_detector/aruco_detector_desired_camera_frame_height: 1080
 * /asc/aruco_detector/aruco_detector_desired_camera_frame_width: 1920
 * /asc/aruco_detector/aruco_detector_marker_size: 0.25
 * /asc/aruco_detector/aruco_detector_save_image_path: /home/asc/saved_c...
 * /asc/aruco_detector/aruco_detector_should_publish_camera_images: False
 * /asc/aruco_detector/aruco_detector_should_save_all_aruco_images: False
 * /asc/aruco_detector/aruco_detector_should_show_camera_images: False
 * /asc/aruco_detector/aruco_detector_usb_camera_device_number: 0
 * /asc/aruco_detector/aruco_detector_verbosity: 1
 * /asc/encoder_read_multi_threaded/delta_t_for_publishing_encoder_counts: 0.1
 * /asc/encoder_read_multi_threaded/encoder_events_to_monitor: rising
 * /asc/encoder_read_multi_threaded/encoder_read_verbosity: 1
 * /asc/encoder_read_multi_threaded/gpio_chip_number_for_encoder_lines: 1
 * /asc/encoder_read_multi_threaded/line_number_for_left_side_encoder_channel_a: 105
 * /asc/encoder_read_multi_threaded/line_number_for_left_side_encoder_channel_b: 106
 * /asc/encoder_read_multi_threaded/line_number_for_right_side_encoder_channel_a: 84
 * /asc/encoder_read_multi_threaded/line_number_for_right_side_encoder_channel_b: 130
 * /asc/encoder_read_multi_threaded/should_monitor_left_side_encoder_channel_a: True
 * /asc/encoder_read_multi_threaded/should_monitor_left_side_encoder_channel_b: False
 * /asc/encoder_read_multi_threaded/should_monitor_right_side_encoder_channel_a: True
 * /asc/encoder_read_multi_threaded/should_monitor_right_side_encoder_channel_b: False
 * /asc/i2c_for_motors/motor_driver_current_limit_in_milliamps: 5000
 * /asc/i2c_for_motors/motor_driver_left_side_multiplier: 1
 * /asc/i2c_for_motors/motor_driver_max_accel_limit_in_percent_per_millisecond: 0.04
 * /asc/i2c_for_motors/motor_driver_max_decel_limit_in_percent_per_millisecond: 0.16
 * /asc/i2c_for_motors/motor_driver_max_duty_cycle_limit_in_percent: 100.0
 * /asc/i2c_for_motors/motor_driver_right_side_multiplier: 1
 * /asc/i2c_for_motors/motor_driver_verbosity: 1
 * /rosdistro: noetic
 * /rosversion: 1.17.0

NODES
  /
    kf_fusion_node (asclinic_pkg/KF.py)
    odomdelta (asclinic_pkg/odomdelta)
    trajectory_generator (asclinic_pkg/trajectory_generator)
    trajectory_tracker (asclinic_pkg/trajectory_tracker)
    velocity_PI_control (asclinic_pkg/velocity_PI_control)
  /asc/
    aruco_detector (asclinic_pkg/aruco_detector.py)
    encoder_read_multi_threaded (asclinic_pkg/encoder_read_multi_threaded)
    i2c_for_motors (asclinic_pkg/i2c_for_motors)

[1mROS_MASTER_URI=http://localhost:11311[0m
]2;/home/asc/ASClinic/catkin_ws/src/asclinic_pkg/launch/trajectory.launch http://localhost:11311
[1mprocess[asc/i2c_for_motors-1]: started with pid [26232][0m
[1mprocess[asc/encoder_read_multi_threaded-2]: started with pid [26233][0m
[1mprocess[odomdelta-3]: started with pid [26234][0m
[1mprocess[asc/aruco_detector-4]: started with pid [26240][0m
[1mprocess[trajectory_tracker-5]: started with pid [26254][0m
[1mprocess[trajectory_generator-6]: started with pid [26256][0m
[1mprocess[velocity_PI_control-7]: started with pid [26263][0m
[1mprocess[kf_fusion_node-8]: started with pid [26268][0m
[kf_fusion_node-8] killing on exit
[trajectory_generator-6] killing on exit
[asc/aruco_detector-4] killing on exit
[velocity_PI_control-7] killing on exit
[trajectory_tracker-5] killing on exit
[asc/encoder_read_multi_threaded-2] killing on exit
[odomdelta-3] killing on exit
[asc/i2c_for_motors-1] killing on exit
shutting down processing monitor...
... shutting down processing monitor complete
[1mdone[0m
