[0m[ INFO] [1748157697.458040349]: Loaded 1 segments of gains[0m
[0m[ INFO] [1748157697.458146270]: Segment 0:[0m
[0m[ INFO] [1748157697.458171454]:   K_x:[0m
[0m[ INFO] [1748157697.458231230]:     [0.835752, 2.32898e-16, 1.06855e-16][0m
[0m[ INFO] [1748157697.458266239]:     [1.06855e-16, 1.26739, 1.04583][0m
[0m[ INFO] [1748157697.458290367]:   K_p:[0m
[0m[ INFO] [1748157697.458324351]:     [0.182574, 4.01274e-17][0m
[0m[ INFO] [1748157697.458356479]:     [3.08391e-17, 0.182574][0m
[0m[ INFO] [1748157699.359692535]: [1748157699.360] Robot state - x: 5.000000, y: 0.000000, phi: 0.000000[0m
[0m[ INFO] [1748157699.363261875]: [1748157699.363] Reference trajectory - x: 0.000000, y: 0.000000, phi: 0.000000, v: 0.000000, w: 0.000000[0m
[0m[ INFO] [1748157699.473268897]: [1748157699.473] Robot state - x: 5.000000, y: 0.000000, phi: 0.000000[0m
[0m[ INFO] [1748157699.473783557]: [1748157699.474] Reference trajectory - x: 0.000000, y: 0.000000, phi: 0.000000, v: 0.000000, w: 0.000000[0m
[0m[ INFO] [1748157699.571364367]: [1748157699.571] Robot state - x: 5.000000, y: 0.000000, phi: 0.000000[0m
[0m[ INFO] [1748157699.571650993]: [1748157699.572] Reference trajectory - x: 0.000000, y: 0.000000, phi: 0.000000, v: 0.000000, w: 0.000000[0m
[0m[ INFO] [1748157699.669108379]: [1748157699.669] Robot state - x: 5.000000, y: 0.000000, phi: 0.000000[0m
[0m[ INFO] [1748157699.669207548]: [1748157699.669] Reference trajectory - x: 0.000000, y: 0.000000, phi: 0.000000, v: 0.000000, w: 0.000000[0m
[0m[ INFO] [1748157699.759578028]: [1748157699.759] Robot state - x: 5.000000, y: 0.000000, phi: 0.000000[0m
[0m[ INFO] [1748157699.759704749]: [1748157699.760] Reference trajectory - x: 0.000000, y: 0.000000, phi: 0.000000, v: 0.000000, w: 0.000000[0m
[0m[ INFO] [1748157699.859837228]: [1748157699.860] Robot state - x: 5.000000, y: 0.000000, phi: 0.000000[0m
[0m[ INFO] [1748157699.859965421]: [1748157699.860] Reference trajectory - x: 0.000000, y: 0.000000, phi: 0.000000, v: 0.000000, w: 0.000000[0m
[0m[ INFO] [1748157699.959607048]: [1748157699.960] Robot state - x: 5.000000, y: 0.000000, phi: 0.000000[0m
[0m[ INFO] [1748157699.959789001]: [1748157699.960] Reference trajectory - x: 0.000000, y: 0.000000, phi: 0.000000, v: 0.000000, w: 0.000000[0m
[0m[ INFO] [1748157700.059966568]: [1748157700.060] Robot state - x: 5.000000, y: 0.000000, phi: 0.000000[0m
[0m[ INFO] [1748157700.060182154]: [1748157700.060] Reference trajectory - x: 0.000000, y: 0.000000, phi: 0.000000, v: 0.000000, w: 0.000000[0m
[0m[ INFO] [1748157700.159859749]: [1748157700.160] Robot state - x: 5.000000, y: 0.000000, phi: 0.000000[0m
[0m[ INFO] [1748157700.160050855]: [1748157700.160] Reference trajectory - x: 0.000000, y: 0.000000, phi: 0.000000, v: 0.000000, w: 0.000000[0m
[0m[ INFO] [1748157700.266895067]: [1748157700.267] Robot state - x: 5.000000, y: 0.000000, phi: 0.000000[0m
[0m[ INFO] [1748157700.267013020]: [1748157700.267] Reference trajectory - x: 0.000000, y: 0.000000, phi: 0.000000, v: 0.000000, w: 0.000000[0m
[0m[ INFO] [1748157700.359411518]: [1748157700.359] Robot state - x: 5.000000, y: 0.000000, phi: 0.000000[0m
[0m[ INFO] [1748157700.359610911]: [1748157700.360] Reference trajectory - x: 0.000000, y: 0.000000, phi: 0.000000, v: 0.000000, w: 0.000000[0m
[0m[ INFO] [1748157700.475204985]: [1748157700.475] Robot state - x: 5.000000, y: 0.000000, phi: 0.000000[0m
[0m[ INFO] [1748157700.475508252]: [1748157700.475] Reference trajectory - x: 0.000000, y: 0.000000, phi: 0.000000, v: 0.000000, w: 0.000000[0m
[0m[ INFO] [1748157700.568129439]: [1748157700.568] Robot state - x: 5.000000, y: 0.000000, phi: 0.000000[0m
[0m[ INFO] [1748157700.568432033]: [1748157700.568] Reference trajectory - x: 0.000000, y: 0.000000, phi: 0.000000, v: 0.000000, w: 0.000000[0m
[0m[ INFO] [1748157700.611429848]: Received reference trajectory - x: 0.000000, y: 0.000000, phi: 180.000000, v: 0.000000, w: 0.000000, line_no: 0[0m
[0m[ INFO] [1748157700.660563904]: [1748157700.660] Robot state - x: 5.000000, y: 0.000000, phi: 0.000000[0m
[0m[ INFO] [1748157700.661328582]: [1748157700.661] Reference trajectory - x: 0.000000, y: 0.000000, phi: 3.141593, v: 0.000000, w: 0.000000[0m
[0m[ INFO] [1748157700.699956283]: Received reference trajectory - x: 0.000000, y: 0.000000, phi: 180.000000, v: 0.000000, w: 0.000000, line_no: 0[0m
[0m[ INFO] [1748157700.745541126]: [1748157700.745] Robot state - x: 5.028000, y: -0.022123, phi: 0.046048[0m
[0m[ INFO] [1748157700.745689128]: [1748157700.746] Reference trajectory - x: 0.000000, y: 0.000000, phi: 3.141593, v: 0.000000, w: 0.000000[0m
[0m[ INFO] [1748157700.759237428]: [1748157700.759] Robot state - x: 5.028000, y: -0.022123, phi: 0.046048[0m
[0m[ INFO] [1748157700.759326708]: [1748157700.759] Reference trajectory - x: 0.000000, y: 0.000000, phi: 3.141593, v: 0.000000, w: 0.000000[0m
[0m[ INFO] [1748157700.799606134]: Received reference trajectory - x: 0.000000, y: 0.000000, phi: 180.000000, v: 0.000000, w: 0.000000, line_no: 0[0m
[0m[ INFO] [1748157700.859915351]: [1748157700.860] Robot state - x: 5.028000, y: -0.022123, phi: 0.046048[0m
[0m[ INFO] [1748157700.860052984]: [1748157700.860] Reference trajectory - x: 0.000000, y: 0.000000, phi: 3.141593, v: 0.000000, w: 0.000000[0m
[0m[ INFO] [1748157700.900380570]: [1748157700.900] Robot state - x: 5.056000, y: -0.023114, phi: 0.048911[0m
[0m[ INFO] [1748157700.900499963]: [1748157700.900] Reference trajectory - x: 0.000000, y: 0.000000, phi: 3.141593, v: 0.000000, w: 0.000000[0m
[0m[ INFO] [1748157700.900609948]: Received reference trajectory - x: 0.000000, y: 0.000000, phi: 180.000000, v: 0.000000, w: 0.000000, line_no: 0[0m
[0m[ INFO] [1748157700.959568050]: [1748157700.959] Robot state - x: 5.056000, y: -0.023114, phi: 0.052668[0m
[0m[ INFO] [1748157700.959680499]: [1748157700.960] Reference trajectory - x: 0.000000, y: 0.000000, phi: 3.141593, v: 0.000000, w: 0.000000[0m
[0m[ INFO] [1748157700.999652306]: Received reference trajectory - x: 0.000000, y: 0.000000, phi: 180.000000, v: 0.000000, w: 0.000000, line_no: 0[0m
[0m[ INFO] [1748157701.060689273]: [1748157701.061] Robot state - x: 5.055799, y: -0.023124, phi: 0.054547[0m
[0m[ INFO] [1748157701.060796346]: [1748157701.061] Reference trajectory - x: 0.000000, y: 0.000000, phi: 3.141593, v: 0.000000, w: 0.000000[0m
[0m[ INFO] [1748157701.099866482]: Received reference trajectory - x: 0.000000, y: 0.000000, phi: 180.000000, v: 0.000000, w: 0.000000, line_no: 0[0m
[0m[ INFO] [1748157701.199629678]: Received reference trajectory - x: 0.000000, y: 0.000000, phi: 180.000000, v: 0.000000, w: 0.000000, line_no: 0[0m
[0m[ INFO] [1748157701.237235930]: [1748157701.237] Robot state - x: 5.055799, y: -0.023124, phi: 0.069576[0m
[0m[ INFO] [1748157701.237382459]: [1748157701.237] Reference trajectory - x: 0.000000, y: 0.000000, phi: 3.141593, v: 0.000000, w: 0.000000[0m
[0m[ INFO] [1748157701.245569565]: [1748157701.245] Robot state - x: 5.083798, y: -0.024614, phi: 0.068114[0m
[0m[ INFO] [1748157701.245690557]: [1748157701.246] Reference trajectory - x: 0.000000, y: 0.000000, phi: 3.141593, v: 0.000000, w: 0.000000[0m
[0m[ INFO] [1748157701.259966351]: [1748157701.260] Robot state - x: 5.083798, y: -0.024614, phi: 0.098173[0m
[0m[ INFO] [1748157701.260091056]: [1748157701.260] Reference trajectory - x: 0.000000, y: 0.000000, phi: 3.141593, v: 0.000000, w: 0.000000[0m
[0m[ INFO] [1748157701.299557387]: Received reference trajectory - x: 0.000000, y: 0.000000, phi: 180.000000, v: 0.000000, w: 0.000000, line_no: 0[0m
[0m[ INFO] [1748157701.308906518]: [1748157701.309] Robot state - x: 5.111798, y: -0.021789, phi: 0.044652[0m
[0m[ INFO] [1748157701.309048311]: [1748157701.309] Reference trajectory - x: 0.000000, y: 0.000000, phi: 3.141593, v: 0.000000, w: 0.000000[0m
[0m[ INFO] [1748157701.362123007]: [1748157701.362] Robot state - x: 5.112000, y: -0.021772, phi: 0.080347[0m
[0m[ INFO] [1748157701.362216319]: [1748157701.362] Reference trajectory - x: 0.000000, y: 0.000000, phi: 3.141593, v: 0.000000, w: 0.000000[0m
[0m[ INFO] [1748157701.399551305]: Received reference trajectory - x: 0.000000, y: 0.000000, phi: 180.000000, v: 0.000000, w: 0.000000, line_no: 0[0m
[0m[ INFO] [1748157701.461486008]: [1748157701.461] Robot state - x: 5.111798, y: -0.021787, phi: 0.146102[0m
[0m[ INFO] [1748157701.461591545]: [1748157701.462] Reference trajectory - x: 0.000000, y: 0.000000, phi: 3.141593, v: 0.000000, w: 0.000000[0m
[0m[ INFO] [1748157701.488204173]: [1748157701.488] Robot state - x: 5.139798, y: -0.036191, phi: 0.153744[0m
[0m[ INFO] [1748157701.488347470]: [1748157701.488] Reference trajectory - x: 0.000000, y: 0.000000, phi: 3.141593, v: 0.000000, w: 0.000000[0m
[0m[ INFO] [1748157701.499673193]: Received reference trajectory - x: 0.000000, y: 0.000000, phi: 180.000000, v: 0.000000, w: 0.000000, line_no: 0[0m
[0m[ INFO] [1748157701.559349189]: [1748157701.559] Robot state - x: 5.139598, y: -0.036217, phi: 0.249558[0m
[0m[ INFO] [1748157701.559470374]: [1748157701.559] Reference trajectory - x: 0.000000, y: 0.000000, phi: 3.141593, v: 0.000000, w: 0.000000[0m
[0m[ INFO] [1748157701.599546854]: Received reference trajectory - x: 0.000000, y: 0.000000, phi: 180.000000, v: 0.000000, w: 0.000000, line_no: 0[0m
[0m[ INFO] [1748157701.660226090]: [1748157701.660] Robot state - x: 5.139401, y: -0.036261, phi: 0.382945[0m
[0m[ INFO] [1748157701.660317803]: [1748157701.660] Reference trajectory - x: 0.000000, y: 0.000000, phi: 3.141593, v: 0.000000, w: 0.000000[0m
[0m[ INFO] [1748157701.694868158]: [1748157701.695] Robot state - x: 5.167401, y: -0.032722, phi: 0.358487[0m
[0m[ INFO] [1748157701.694956159]: [1748157701.695] Reference trajectory - x: 0.000000, y: 0.000000, phi: 3.141593, v: 0.000000, w: 0.000000[0m
[0m[ INFO] [1748157701.699394563]: Received reference trajectory - x: 0.000000, y: 0.000000, phi: 180.000000, v: 0.000000, w: 0.000000, line_no: 0[0m
[0m[ INFO] [1748157701.759477506]: [1748157701.759] Robot state - x: 5.166826, y: -0.032915, phi: 0.506904[0m
[0m[ INFO] [1748157701.759622947]: [1748157701.760] Reference trajectory - x: 0.000000, y: 0.000000, phi: 3.141593, v: 0.000000, w: 0.000000[0m
[0m[ INFO] [1748157701.799628835]: Received reference trajectory - x: 0.000000, y: 0.000000, phi: 180.000000, v: 0.000000, w: 0.000000, line_no: 0[0m
[0m[ INFO] [1748157701.859843043]: [1748157701.860] Robot state - x: 5.166459, y: -0.033082, phi: 0.642170[0m
[0m[ INFO] [1748157701.859998628]: [1748157701.860] Reference trajectory - x: 0.000000, y: 0.000000, phi: 3.141593, v: 0.000000, w: 0.000000[0m
[0m[ INFO] [1748157701.899543744]: Received reference trajectory - x: 0.000000, y: 0.000000, phi: 180.000000, v: 0.000000, w: 0.000000, line_no: 0[0m
[0m[ INFO] [1748157701.959836833]: [1748157701.960] Robot state - x: 5.166289, y: -0.033191, phi: 0.779314[0m
[0m[ INFO] [1748157701.959984610]: [1748157701.960] Reference trajectory - x: 0.000000, y: 0.000000, phi: 3.141593, v: 0.000000, w: 0.000000[0m
[0m[ INFO] [1748157702.001719600]: Received reference trajectory - x: 0.000000, y: 0.000000, phi: 180.000000, v: 0.000000, w: 0.000000, line_no: 0[0m
[0m[ INFO] [1748157702.059999489]: [1748157702.060] Robot state - x: 5.165982, y: -0.033454, phi: 0.910823[0m
[0m[ INFO] [1748157702.060091938]: [1748157702.060] Reference trajectory - x: 0.000000, y: 0.000000, phi: 3.141593, v: 0.000000, w: 0.000000[0m
[0m[ INFO] [1748157702.099900863]: Received reference trajectory - x: 0.000000, y: 0.000000, phi: 180.000000, v: 0.000000, w: 0.000000, line_no: 0[0m
[0m[ INFO] [1748157702.161345194]: [1748157702.161] Robot state - x: 5.165714, y: -0.033756, phi: 1.038574[0m
[0m[ INFO] [1748157702.162513171]: [1748157702.162] Reference trajectory - x: 0.000000, y: 0.000000, phi: 3.141593, v: 0.000000, w: 0.000000[0m
[0m[ INFO] [1748157702.201781837]: Received reference trajectory - x: 0.000000, y: 0.000000, phi: 180.000000, v: 0.000000, w: 0.000000, line_no: 0[0m
[0m[ INFO] [1748157702.261178439]: [1748157702.261] Robot state - x: 5.165601, y: -0.033923, phi: 1.168204[0m
[0m[ INFO] [1748157702.261313384]: [1748157702.261] Reference trajectory - x: 0.000000, y: 0.000000, phi: 3.141593, v: 0.000000, w: 0.000000[0m
[0m[ INFO] [1748157702.299802395]: Received reference trajectory - x: 0.000000, y: 0.000000, phi: 180.000000, v: 0.000000, w: 0.000000, line_no: 0[0m
[0m[ INFO] [1748157702.360010876]: [1748157702.360] Robot state - x: 5.165509, y: -0.034103, phi: 1.294076[0m
[0m[ INFO] [1748157702.360171805]: [1748157702.360] Reference trajectory - x: 0.000000, y: 0.000000, phi: 3.141593, v: 0.000000, w: 0.000000[0m
[0m[ INFO] [1748157702.399612728]: Received reference trajectory - x: 0.000000, y: 0.000000, phi: 180.000000, v: 0.000000, w: 0.000000, line_no: 0[0m
[0m[ INFO] [1748157702.462187468]: [1748157702.462] Robot state - x: 5.165442, y: -0.034293, phi: 1.416191[0m
[0m[ INFO] [1748157702.462285837]: [1748157702.462] Reference trajectory - x: 0.000000, y: 0.000000, phi: 3.141593, v: 0.000000, w: 0.000000[0m
[0m[ INFO] [1748157702.499678455]: Received reference trajectory - x: 0.000000, y: 0.000000, phi: 180.000000, v: 0.000000, w: 0.000000, line_no: 0[0m
[0m[ INFO] [1748157702.563832791]: [1748157702.564] Robot state - x: 5.165529, y: -0.033899, phi: 1.532670[0m
[0m[ INFO] [1748157702.563924280]: [1748157702.564] Reference trajectory - x: 0.000000, y: 0.000000, phi: 3.141593, v: 0.000000, w: 0.000000[0m
[0m[ INFO] [1748157702.601697286]: Received reference trajectory - x: 0.000000, y: 0.000000, phi: 180.000000, v: 0.000000, w: 0.000000, line_no: 0[0m
[0m[ INFO] [1748157702.661566756]: [1748157702.660] Robot state - x: 5.165529, y: -0.033899, phi: 1.645392[0m
[0m[ INFO] [1748157702.661994823]: [1748157702.662] Reference trajectory - x: 0.000000, y: 0.000000, phi: 3.141593, v: 0.000000, w: 0.000000[0m
[0m[ INFO] [1748157702.699903542]: Received reference trajectory - x: 0.000000, y: 0.000000, phi: 180.000000, v: 0.000000, w: 0.000000, line_no: 0[0m
[0m[ INFO] [1748157702.768121430]: [1748157702.768] Robot state - x: 5.165529, y: -0.033899, phi: 1.754356[0m
[0m[ INFO] [1748157702.768255959]: [1748157702.768] Reference trajectory - x: 0.000000, y: 0.000000, phi: 3.141593, v: 0.000000, w: 0.000000[0m
[0m[ INFO] [1748157702.800084182]: Received reference trajectory - x: 0.000000, y: 0.000000, phi: 180.000000, v: 0.000000, w: 0.000000, line_no: 0[0m
[0m[ INFO] [1748157702.861846115]: [1748157702.862] Robot state - x: 5.165477, y: -0.033499, phi: 1.863320[0m
[0m[ INFO] [1748157702.861984004]: [1748157702.862] Reference trajectory - x: 0.000000, y: 0.000000, phi: 3.141593, v: 0.000000, w: 0.000000[0m
[0m[ INFO] [1748157702.899861970]: Received reference trajectory - x: 0.000000, y: 0.000000, phi: 180.000000, v: 0.000000, w: 0.000000, line_no: 0[0m
[0m[ INFO] [1748157702.961273884]: [1748157702.961] Robot state - x: 5.165430, y: -0.033302, phi: 1.966648[0m
[0m[ INFO] [1748157702.961419262]: [1748157702.961] Reference trajectory - x: 0.000000, y: 0.000000, phi: 3.141593, v: 0.000000, w: 0.000000[0m
[0m[ INFO] [1748157702.999927505]: Received reference trajectory - x: 0.000000, y: 0.000000, phi: 180.000000, v: 0.000000, w: 0.000000, line_no: 0[0m
[0m[ INFO] [1748157703.060288243]: [1748157703.060] Robot state - x: 5.165295, y: -0.032922, phi: 2.064341[0m
[0m[ INFO] [1748157703.060385844]: [1748157703.060] Reference trajectory - x: 0.000000, y: 0.000000, phi: 3.141593, v: 0.000000, w: 0.000000[0m
[0m[ INFO] [1748157703.099635405]: Received reference trajectory - x: 0.000000, y: 0.000000, phi: 180.000000, v: 0.000000, w: 0.000000, line_no: 0[0m
[0m[ INFO] [1748157703.163803918]: [1748157703.164] Robot state - x: 5.165295, y: -0.032922, phi: 2.158275[0m
[0m[ INFO] [1748157703.163953967]: [1748157703.164] Reference trajectory - x: 0.000000, y: 0.000000, phi: 3.141593, v: 0.000000, w: 0.000000[0m
[0m[ INFO] [1748157703.201640828]: Received reference trajectory - x: 0.000000, y: 0.000000, phi: 180.000000, v: 0.000000, w: 0.000000, line_no: 0[0m
[0m[ INFO] [1748157703.260789652]: [1748157703.261] Robot state - x: 5.165191, y: -0.032748, phi: 2.250331[0m
[0m[ INFO] [1748157703.260891189]: [1748157703.261] Reference trajectory - x: 0.000000, y: 0.000000, phi: 3.141593, v: 0.000000, w: 0.000000[0m
[0m[ INFO] [1748157703.299676363]: Received reference trajectory - x: 0.000000, y: 0.000000, phi: 180.000000, v: 0.000000, w: 0.000000, line_no: 0[0m
[0m[ INFO] [1748157703.359910156]: [1748157703.360] Robot state - x: 5.165310, y: -0.032911, phi: 2.338630[0m
[0m[ INFO] [1748157703.360028941]: [1748157703.360] Reference trajectory - x: 0.000000, y: 0.000000, phi: 3.141593, v: 0.000000, w: 0.000000[0m
[0m[ INFO] [1748157703.401220150]: Received reference trajectory - x: 0.000000, y: 0.000000, phi: 180.000000, v: 0.000000, w: 0.000000, line_no: 0[0m
[0m[ INFO] [1748157703.460066028]: [1748157703.460] Robot state - x: 5.165043, y: -0.032608, phi: 2.421292[0m
[0m[ INFO] [1748157703.460164781]: [1748157703.460] Reference trajectory - x: 0.000000, y: 0.000000, phi: 3.141593, v: 0.000000, w: 0.000000[0m
[0m[ INFO] [1748157703.500010859]: Received reference trajectory - x: 0.000000, y: 0.000000, phi: 180.000000, v: 0.000000, w: 0.000000, line_no: 0[0m
[0m[ INFO] [1748157703.562579839]: [1748157703.562] Robot state - x: 5.165043, y: -0.032608, phi: 2.500197[0m
[0m[ INFO] [1748157703.562720704]: [1748157703.563] Reference trajectory - x: 0.000000, y: 0.000000, phi: 3.141593, v: 0.000000, w: 0.000000[0m
[0m[ INFO] [1748157703.599660519]: Received reference trajectory - x: 0.000000, y: 0.000000, phi: 180.000000, v: 0.000000, w: 0.000000, line_no: 0[0m
[0m[ INFO] [1748157703.659904680]: [1748157703.660] Robot state - x: 5.164731, y: -0.032352, phi: 2.571588[0m
[0m[ INFO] [1748157703.660055625]: [1748157703.660] Reference trajectory - x: 0.000000, y: 0.000000, phi: 3.141593, v: 0.000000, w: 0.000000[0m
[0m[ INFO] [1748157703.700067817]: Received reference trajectory - x: 0.000000, y: 0.000000, phi: 180.000000, v: 0.000000, w: 0.000000, line_no: 0[0m
[0m[ INFO] [1748157703.759250497]: [1748157703.759] Robot state - x: 5.164731, y: -0.032352, phi: 2.642978[0m
[0m[ INFO] [1748157703.759366210]: [1748157703.759] Reference trajectory - x: 0.000000, y: 0.000000, phi: 3.141593, v: 0.000000, w: 0.000000[0m
[0m[ INFO] [1748157703.799710757]: Received reference trajectory - x: 0.000000, y: 0.000000, phi: 180.000000, v: 0.000000, w: 0.000000, line_no: 0[0m
[0m[ INFO] [1748157703.859601219]: [1748157703.860] Robot state - x: 5.164557, y: -0.032250, phi: 2.716247[0m
[0m[ INFO] [1748157703.859690660]: [1748157703.860] Reference trajectory - x: 0.000000, y: 0.000000, phi: 3.141593, v: 0.000000, w: 0.000000[0m
[0m[ INFO] [1748157703.899905381]: Received reference trajectory - x: 0.000000, y: 0.000000, phi: 180.000000, v: 0.000000, w: 0.000000, line_no: 0[0m
[0m[ INFO] [1748157703.960945708]: [1748157703.961] Robot state - x: 5.164196, y: -0.032068, phi: 2.780123[0m
[0m[ INFO] [1748157703.961713266]: [1748157703.961] Reference trajectory - x: 0.000000, y: 0.000000, phi: 3.141593, v: 0.000000, w: 0.000000[0m
[0m[ INFO] [1748157704.002296726]: Received reference trajectory - x: 0.000000, y: 0.000000, phi: 180.000000, v: 0.000000, w: 0.000000, line_no: 0[0m
[0m[ INFO] [1748157704.060168325]: [1748157704.060] Robot state - x: 5.164382, y: -0.032146, phi: 2.838362[0m
[0m[ INFO] [1748157704.060266374]: [1748157704.060] Reference trajectory - x: 0.000000, y: 0.000000, phi: 3.141593, v: 0.000000, w: 0.000000[0m
[0m[ INFO] [1748157704.099822114]: Received reference trajectory - x: 0.000000, y: 0.000000, phi: 180.000000, v: 0.000000, w: 0.000000, line_no: 0[0m
[0m[ INFO] [1748157704.166976442]: [1748157704.167] Robot state - x: 5.164001, y: -0.032014, phi: 2.894723[0m
[0m[ INFO] [1748157704.167143451]: [1748157704.167] Reference trajectory - x: 0.000000, y: 0.000000, phi: 3.141593, v: 0.000000, w: 0.000000[0m
[0m[ INFO] [1748157704.200000322]: Received reference trajectory - x: 0.000000, y: 0.000000, phi: 180.000000, v: 0.000000, w: 0.000000, line_no: 0[0m
[0m[ INFO] [1748157704.260332804]: [1748157704.260] Robot state - x: 5.164001, y: -0.032014, phi: 2.947326[0m
[0m[ INFO] [1748157704.260457701]: [1748157704.260] Reference trajectory - x: 0.000000, y: 0.000000, phi: 3.141593, v: 0.000000, w: 0.000000[0m
[0m[ INFO] [1748157704.299710399]: Received reference trajectory - x: 0.000000, y: 0.000000, phi: 180.000000, v: 0.000000, w: 0.000000, line_no: 0[0m
[0m[ INFO] [1748157704.359883423]: [1748157704.360] Robot state - x: 5.163804, y: -0.031969, phi: 2.998051[0m
[0m[ INFO] [1748157704.360038529]: [1748157704.360] Reference trajectory - x: 0.000000, y: 0.000000, phi: 3.141593, v: 0.000000, w: 0.000000[0m
[0m[ INFO] [1748157704.400083488]: Received reference trajectory - x: 0.000000, y: 0.000000, phi: 180.000000, v: 0.000000, w: 0.000000, line_no: 0[0m
[0m[ INFO] [1748157704.459841534]: [1748157704.460] Robot state - x: 5.163804, y: -0.031969, phi: 3.039382[0m
[0m[ INFO] [1748157704.459942079]: [1748157704.460] Reference trajectory - x: 0.000000, y: 0.000000, phi: 3.141593, v: 0.000000, w: 0.000000[0m
[0m[ INFO] [1748157704.500025279]: Received reference trajectory - x: 0.000000, y: 0.000000, phi: 180.000000, v: 0.000000, w: 0.000000, line_no: 0[0m
[0m[ INFO] [1748157704.560100287]: [1748157704.560] Robot state - x: 5.163403, y: -0.031920, phi: 3.080714[0m
[0m[ INFO] [1748157704.560191712]: [1748157704.560] Reference trajectory - x: 0.000000, y: 0.000000, phi: 3.141593, v: 0.000000, w: 0.000000[0m
[0m[ INFO] [1748157704.599583066]: Received reference trajectory - x: 0.000000, y: 0.000000, phi: 180.000000, v: 0.000000, w: 0.000000, line_no: 0[0m
[0m[ INFO] [1748157704.660262303]: [1748157704.660] Robot state - x: 5.163403, y: -0.031920, phi: 3.118287[0m
[0m[ INFO] [1748157704.660487809]: [1748157704.660] Reference trajectory - x: 0.000000, y: 0.000000, phi: 3.141593, v: 0.000000, w: 0.000000[0m
[0m[ INFO] [1748157704.699693018]: Received reference trajectory - x: 0.000000, y: 0.000000, phi: 180.000000, v: 0.000000, w: 0.000000, line_no: 0[0m
[0m[ INFO] [1748157704.759358231]: [1748157704.759] Robot state - x: 5.163604, y: -0.031929, phi: -3.129203[0m
[0m[ INFO] [1748157704.759451351]: [1748157704.759] Reference trajectory - x: 0.000000, y: 0.000000, phi: 3.141593, v: 0.000000, w: 0.000000[0m
[0m[ INFO] [1748157704.799863354]: Received reference trajectory - x: 0.000000, y: 0.000000, phi: 180.000000, v: 0.000000, w: 0.000000, line_no: 0[0m
[0m[ INFO] [1748157704.860610528]: [1748157704.860] Robot state - x: 5.163403, y: -0.031927, phi: -3.097265[0m
[0m[ INFO] [1748157704.860748545]: [1748157704.861] Reference trajectory - x: 0.000000, y: 0.000000, phi: 3.141593, v: 0.000000, w: 0.000000[0m
[0m[ INFO] [1748157704.899636407]: Received reference trajectory - x: 0.000000, y: 0.000000, phi: 180.000000, v: 0.000000, w: 0.000000, line_no: 0[0m
[0m[ INFO] [1748157704.959985882]: [1748157704.960] Robot state - x: 5.163201, y: -0.031932, phi: -3.069085[0m
[0m[ INFO] [1748157704.960089562]: [1748157704.960] Reference trajectory - x: 0.000000, y: 0.000000, phi: 3.141593, v: 0.000000, w: 0.000000[0m
[0m[ INFO] [1748157704.999542230]: Received reference trajectory - x: 0.000000, y: 0.000000, phi: 180.000000, v: 0.000000, w: 0.000000, line_no: 0[0m
[0m[ INFO] [1748157705.059935320]: [1748157705.060] Robot state - x: 5.162999, y: -0.031944, phi: -3.040904[0m
[0m[ INFO] [1748157705.060111290]: [1748157705.060] Reference trajectory - x: 0.000000, y: 0.000000, phi: 3.141593, v: 0.000000, w: 0.000000[0m
[0m[ INFO] [1748157705.099542997]: Received reference trajectory - x: 0.000000, y: 0.000000, phi: 180.000000, v: 0.000000, w: 0.000000, line_no: 0[0m
[0m[ INFO] [1748157705.160079129]: [1748157705.160] Robot state - x: 5.162999, y: -0.031944, phi: -3.014602[0m
[0m[ INFO] [1748157705.160223226]: [1748157705.160] Reference trajectory - x: 0.000000, y: 0.000000, phi: 3.141593, v: 0.000000, w: 0.000000[0m
[0m[ INFO] [1748157705.200958975]: Received reference trajectory - x: 0.000000, y: 0.000000, phi: 180.000000, v: 0.000000, w: 0.000000, line_no: 0[0m
[0m[ INFO] [1748157705.260094808]: [1748157705.260] Robot state - x: 5.162598, y: -0.031989, phi: -2.995816[0m
[0m[ INFO] [1748157705.260237721]: [1748157705.260] Reference trajectory - x: 0.000000, y: 0.000000, phi: 3.141593, v: 0.000000, w: 0.000000[0m
[0m[ INFO] [1748157705.299650260]: Received reference trajectory - x: 0.000000, y: 0.000000, phi: 180.000000, v: 0.000000, w: 0.000000, line_no: 0[0m
[0m[ INFO] [1748157705.364197432]: [1748157705.364] Robot state - x: 5.162598, y: -0.031989, phi: -2.977028[0m
[0m[ INFO] [1748157705.364310937]: [1748157705.364] Reference trajectory - x: 0.000000, y: 0.000000, phi: 3.141593, v: 0.000000, w: 0.000000[0m
[0m[ INFO] [1748157705.401605731]: Received reference trajectory - x: 0.000000, y: 0.000000, phi: 180.000000, v: 0.000000, w: 0.000000, line_no: 0[0m
[0m[ INFO] [1748157705.459632018]: [1748157705.460] Robot state - x: 5.162598, y: -0.031989, phi: -2.961999[0m
[0m[ INFO] [1748157705.459839444]: [1748157705.460] Reference trajectory - x: 0.000000, y: 0.000000, phi: 3.141593, v: 0.000000, w: 0.000000[0m
[0m[ INFO] [1748157705.499703443]: Received reference trajectory - x: 0.000000, y: 0.000000, phi: 180.000000, v: 0.000000, w: 0.000000, line_no: 0[0m
[0m[ INFO] [1748157705.564440760]: [1748157705.564] Robot state - x: 5.162398, y: -0.032023, phi: -2.945091[0m
[0m[ INFO] [1748157705.564551193]: [1748157705.565] Reference trajectory - x: 0.000000, y: 0.000000, phi: 3.141593, v: 0.000000, w: 0.000000[0m
[0m[ INFO] [1748157705.601942884]: Received reference trajectory - x: 0.000000, y: 0.000000, phi: 180.000000, v: 0.000000, w: 0.000000, line_no: 0[0m
[0m[ INFO] [1748157705.660813946]: [1748157705.661] Robot state - x: 5.162200, y: -0.032060, phi: -2.935697[0m
[0m[ INFO] [1748157705.660948827]: [1748157705.661] Reference trajectory - x: 0.000000, y: 0.000000, phi: 3.141593, v: 0.000000, w: 0.000000[0m
[0m[ INFO] [1748157705.761771745]: [1748157705.762] Robot state - x: 5.162003, y: -0.032101, phi: -2.926304[0m
[0m[ INFO] [1748157705.761935330]: [1748157705.762] Reference trajectory - x: 0.000000, y: 0.000000, phi: 3.141593, v: 0.000000, w: 0.000000[0m
[0m[ INFO] [1748157705.799964530]: Received reference trajectory - x: 4998.512695, y: 0.000000, phi: 0.000000, v: 29.674795, w: 0.000000, line_no: 3[0m
[0m[ INFO] [1748157705.859989970]: [1748157705.860] Robot state - x: 5.161805, y: -0.032143, phi: -2.916910[0m
[0m[ INFO] [1748157705.860112211]: [1748157705.860] Reference trajectory - x: 4.998513, y: 0.000000, phi: 0.000000, v: 0.029675, w: 0.000000[0m
[0m[ INFO] [1748157705.860169619]: [1748157705.860] v: -6.739759, w: 3.123943 (segment 0)[0m
[0m[ INFO] [1748157705.899685103]: Received reference trajectory - x: 4994.086914, y: 0.000000, phi: 0.000000, v: 58.766232, w: 0.000000, line_no: 3[0m
[0m[ INFO] [1748157705.964849592]: [1748157705.964] Robot state - x: 5.161607, y: -0.032187, phi: -2.907517[0m
[0m[ INFO] [1748157705.965199355]: [1748157705.965] Reference trajectory - x: 4.994087, y: 0.000000, phi: 0.000000, v: 0.058766, w: 0.000000[0m
[0m[ INFO] [1748157705.965309020]: [1748157705.965] v: -6.717259, w: 3.114763 (segment 0)[0m
[0m[ INFO] [1748157705.999806895]: Received reference trajectory - x: 4986.776855, y: 0.000000, phi: 0.000000, v: 87.277412, w: 0.000000, line_no: 3[0m
[0m[ INFO] [1748157706.060216178]: [1748157706.060] Robot state - x: 5.162002, y: -0.032098, phi: -2.911274[0m
[0m[ INFO] [1748157706.060318771]: [1748157706.060] Reference trajectory - x: 4.986777, y: 0.000000, phi: 0.000000, v: 0.087277, w: 0.000000[0m
[0m[ INFO] [1748157706.060365587]: [1748157706.060] v: -6.698386, w: 3.119165 (segment 0)[0m
[0m[ INFO] [1748157706.100020080]: Received reference trajectory - x: 4976.640137, y: 0.000000, phi: 0.000000, v: 115.199600, w: 0.000000, line_no: 3[0m
[0m[ INFO] [1748157706.199544492]: Received reference trajectory - x: 4963.766113, y: 0.000000, phi: 0.000000, v: 142.469147, w: 0.000000, line_no: 3[0m
[0m[ INFO] [1748157706.233981055]: [1748157706.234] Robot state - x: 5.162591, y: -0.031956, phi: -2.905638[0m
[0m[ INFO] [1748157706.234233217]: [1748157706.234] Reference trajectory - x: 4.963766, y: 0.000000, phi: 0.000000, v: 0.142469, w: 0.000000[0m
[0m[ INFO] [1748157706.234319970]: [1748157706.234] v: -6.666548, w: 3.113674 (segment 0)[0m
[0m[ INFO] [1748157706.259555244]: [1748157706.259] Robot state - x: 5.164751, y: -0.031438, phi: -2.896245[0m
[0m[ INFO] [1748157706.259662797]: [1748157706.260] Reference trajectory - x: 4.963766, y: 0.000000, phi: 0.000000, v: 0.142469, w: 0.000000[0m
[0m[ INFO] [1748157706.259854286]: [1748157706.260] v: -6.672023, w: 3.103769 (segment 0)[0m
[0m[ INFO] [1748157706.299848462]: Received reference trajectory - x: 4948.180664, y: 0.000000, phi: 0.000000, v: 169.167664, w: 0.000000, line_no: 3[0m
[0m[ INFO] [1748157706.364195216]: [1748157706.364] Robot state - x: 5.169849, y: -0.030182, phi: -2.884973[0m
[0m[ INFO] [1748157706.364600020]: [1748157706.365] Reference trajectory - x: 4.948181, y: 0.000000, phi: 0.000000, v: 0.169168, w: 0.000000[0m
[0m[ INFO] [1748157706.364697204]: [1748157706.365] v: -6.666658, w: 3.090939 (segment 0)[0m
[0m[ INFO] [1748157706.401898494]: Received reference trajectory - x: 4929.920898, y: 0.000000, phi: 0.000000, v: 195.312057, w: 0.000000, line_no: 3[0m
[0m[ INFO] [1748157706.459494218]: [1748157706.459] Robot state - x: 5.177857, y: -0.028073, phi: -2.860549[0m
[0m[ INFO] [1748157706.459617195]: [1748157706.460] Reference trajectory - x: 4.929921, y: 0.000000, phi: 0.000000, v: 0.195312, w: 0.000000[0m
[0m[ INFO] [1748157706.459689772]: [1748157706.460] v: -6.666995, w: 3.063235 (segment 0)[0m
[0m[ INFO] [1748157706.500004526]: Received reference trajectory - x: 4909.137695, y: 0.000000, phi: 0.000000, v: 220.779526, w: 0.000000, line_no: 3[0m
[0m[ INFO] [1748157706.559621995]: [1748157706.559] Robot state - x: 5.188949, y: -0.024994, phi: -2.832369[0m
[0m[ INFO] [1748157706.559851277]: [1748157706.560] Reference trajectory - x: 4.909138, y: 0.000000, phi: 0.000000, v: 0.220780, w: 0.000000[0m
[0m[ INFO] [1748157706.559952333]: [1748157706.560] v: -6.673275, w: 3.030318 (segment 0)[0m
[0m[ INFO] [1748157706.600070414]: Received reference trajectory - x: 4885.808105, y: 0.000000, phi: 0.000000, v: 245.682098, w: 0.000000, line_no: 3[0m
[0m[ INFO] [1748157706.660016205]: [1748157706.660] Robot state - x: 5.203828, y: -0.020471, phi: -2.804189[0m
[0m[ INFO] [1748157706.660141518]: [1748157706.660] Reference trajectory - x: 4.885808, y: 0.000000, phi: 0.000000, v: 0.245682, w: 0.000000[0m
[0m[ INFO] [1748157706.660212463]: [1748157706.660] v: -6.686112, w: 2.995487 (segment 0)[0m
[0m[ INFO] [1748157706.699636330]: Received reference trajectory - x: 4860.034668, y: 0.000000, phi: 0.000000, v: 269.969055, w: 0.000000, line_no: 3[0m
[0m[ INFO] [1748157706.760133230]: [1748157706.760] Robot state - x: 5.222391, y: -0.014212, phi: -2.772251[0m
[0m[ INFO] [1748157706.760428496]: [1748157706.760] Reference trajectory - x: 4.860034, y: 0.000000, phi: 0.000000, v: 0.269969, w: 0.000000[0m
[0m[ INFO] [1748157706.760542065]: [1748157706.760] v: -6.705495, w: 2.954413 (segment 0)[0m
[0m[ INFO] [1748157706.801578329]: Received reference trajectory - x: 4831.821289, y: 0.000000, phi: 0.000000, v: 293.691193, w: 0.000000, line_no: 3[0m
[0m[ INFO] [1748157706.859980620]: [1748157706.860] Robot state - x: 5.244181, y: -0.006175, phi: -2.740313[0m
[0m[ INFO] [1748157706.860126669]: [1748157706.860] Reference trajectory - x: 4.831821, y: 0.000000, phi: 0.000000, v: 0.293691, w: 0.000000[0m
[0m[ INFO] [1748157706.860177069]: [1748157706.860] v: -6.731092, w: 2.910937 (segment 0)[0m
[0m[ INFO] [1748157706.899887147]: Received reference trajectory - x: 4801.303711, y: 0.000000, phi: 0.000000, v: 316.782837, w: 0.000000, line_no: 3[0m
[0m[ INFO] [1748157706.961799418]: [1748157706.962] Robot state - x: 5.269625, y: 0.004172, phi: -2.706496[0m
[0m[ INFO] [1748157706.961910651]: [1748157706.962] Reference trajectory - x: 4.801304, y: 0.000000, phi: 0.000000, v: 0.316783, w: 0.000000[0m
[0m[ INFO] [1748157706.961970555]: [1748157706.962] v: -6.763320, w: 2.862381 (segment 0)[0m
[0m[ INFO] [1748157707.002213789]: Received reference trajectory - x: 4768.507324, y: 0.000000, phi: 0.000000, v: 339.275513, w: 0.000000, line_no: 3[0m
[0m[ INFO] [1748157707.060572240]: [1748157707.060] Robot state - x: 5.298587, y: 0.017076, phi: -2.670801[0m
[0m[ INFO] [1748157707.060699409]: [1748157707.061] Reference trajectory - x: 4.768507, y: 0.000000, phi: 0.000000, v: 0.339276, w: 0.000000[0m
[0m[ INFO] [1748157707.060792561]: [1748157707.061] v: -6.802121, w: 2.808384 (segment 0)[0m
[0m[ INFO] [1748157707.099687144]: Received reference trajectory - x: 4733.469238, y: 0.000000, phi: 0.000000, v: 361.182465, w: 0.000000, line_no: 3[0m
[0m[ INFO] [1748157707.164497135]: [1748157707.164] Robot state - x: 5.330729, y: 0.032719, phi: -2.635106[0m
[0m[ INFO] [1748157707.164902610]: [1748157707.165] Reference trajectory - x: 4.733469, y: 0.000000, phi: 0.000000, v: 0.361182, w: 0.000000[0m
[0m[ INFO] [1748157707.165036915]: [1748157707.165] v: -6.847265, w: 2.750629 (segment 0)[0m
[0m[ INFO] [1748157707.199487430]: Received reference trajectory - x: 4696.300293, y: 0.000000, phi: 0.000000, v: 382.472412, w: 0.000000, line_no: 3[0m
[0m[ INFO] [1748157707.261275029]: [1748157707.261] Robot state - x: 5.365180, y: 0.050952, phi: -2.603168[0m
[0m[ INFO] [1748157707.261437366]: [1748157707.261] Reference trajectory - x: 4.696301, y: 0.000000, phi: 0.000000, v: 0.382472, w: 0.000000[0m
[0m[ INFO] [1748157707.261498550]: [1748157707.261] v: -6.898043, w: 2.693189 (segment 0)[0m
[0m[ INFO] [1748157707.299620839]: Received reference trajectory - x: 4657.010742, y: 0.000000, phi: 0.000000, v: 403.174316, w: 0.000000, line_no: 3[0m
[0m[ INFO] [1748157707.360365165]: [1748157707.360] Robot state - x: 5.402379, y: 0.072558, phi: -2.563716[0m
[0m[ INFO] [1748157707.360486862]: [1748157707.360] Reference trajectory - x: 4.657011, y: 0.000000, phi: 0.000000, v: 0.403174, w: 0.000000[0m
[0m[ INFO] [1748157707.360556366]: [1748157707.361] v: -6.954875, w: 2.623220 (segment 0)[0m
[0m[ INFO] [1748157707.402077019]: Received reference trajectory - x: 4615.640625, y: 0.000000, phi: 0.000000, v: 423.295013, w: 0.000000, line_no: 3[0m
[0m[ INFO] [1748157707.460123947]: [1748157707.460] Robot state - x: 5.443512, y: 0.097813, phi: -2.539293[0m
[0m[ INFO] [1748157707.460249228]: [1748157707.460] Reference trajectory - x: 4.615641, y: 0.000000, phi: 0.000000, v: 0.423295, w: 0.000000[0m
[0m[ INFO] [1748157707.460320460]: [1748157707.460] v: -7.018821, w: 2.563884 (segment 0)[0m
[0m[ INFO] [1748157707.499669511]: Received reference trajectory - x: 4572.360840, y: 0.000000, phi: 0.000000, v: 442.782257, w: 0.000000, line_no: 3[0m
[0m[ INFO] [1748157707.560291468]: [1748157707.560] Robot state - x: 5.486585, y: 0.126775, phi: -2.511113[0m
[0m[ INFO] [1748157707.560428333]: [1748157707.560] Reference trajectory - x: 4.572361, y: 0.000000, phi: 0.000000, v: 0.442782, w: 0.000000[0m
[0m[ INFO] [1748157707.560474861]: [1748157707.560] v: -7.088194, w: 2.495391 (segment 0)[0m
[0m[ INFO] [1748157707.602147866]: Received reference trajectory - x: 4527.082520, y: 0.000000, phi: 0.000000, v: 461.703064, w: 0.000000, line_no: 3[0m
[0m[ INFO] [1748157707.662853408]: [1748157707.663] Robot state - x: 5.532182, y: 0.159533, phi: -2.469781[0m
[0m[ INFO] [1748157707.662975041]: [1748157707.663] Reference trajectory - x: 4.527082, y: 0.000000, phi: 0.000000, v: 0.461703, w: 0.000000[0m
[0m[ INFO] [1748157707.663056834]: [1748157707.663] v: -7.163574, w: 2.407736 (segment 0)[0m
[0m[ INFO] [1748157707.699696935]: Received reference trajectory - x: 4480.050781, y: 0.000000, phi: 0.000000, v: 479.981018, w: 0.000000, line_no: 3[0m
[0m[ INFO] [1748157707.759683942]: [1748157707.760] Robot state - x: 5.580130, y: 0.195573, phi: -2.441601[0m
[0m[ INFO] [1748157707.759853608]: [1748157707.760] Reference trajectory - x: 4.480051, y: 0.000000, phi: 0.000000, v: 0.479981, w: 0.000000[0m
[0m[ INFO] [1748157707.759915944]: [1748157707.760] v: -7.244760, w: 2.329016 (segment 0)[0m
[0m[ INFO] [1748157707.800308555]: Received reference trajectory - x: 4430.895996, y: 0.000000, phi: 0.000000, v: 497.774811, w: 0.000000, line_no: 3[0m
[0m[ INFO] [1748157707.860265515]: [1748157707.860] Robot state - x: 5.627316, y: 0.233899, phi: -2.420935[0m
[0m[ INFO] [1748157707.860355211]: [1748157707.860] Reference trajectory - x: 4.430896, y: 0.000000, phi: 0.000000, v: 0.497775, w: 0.000000[0m
[0m[ INFO] [1748157707.860401388]: [1748157707.860] v: -7.329327, w: 2.254560 (segment 0)[0m
[0m[ INFO] [1748157707.899641093]: Received reference trajectory - x: 4380.544922, y: 0.000000, phi: 0.000000, v: 514.778870, w: 0.000000, line_no: 3[0m
[0m[ INFO] [1748157707.959713702]: [1748157707.960] Robot state - x: 5.677557, y: 0.277689, phi: -2.387119[0m
[0m[ INFO] [1748157707.959926632]: [1748157707.960] Reference trajectory - x: 4.380545, y: 0.000000, phi: 0.000000, v: 0.514779, w: 0.000000[0m
[0m[ INFO] [1748157707.960013896]: [1748157707.960] v: -7.420072, w: 2.158624 (segment 0)[0m
[0m[ INFO] [1748157708.001274770]: Received reference trajectory - x: 4328.232910, y: 0.000000, phi: 0.000000, v: 531.280762, w: 0.000000, line_no: 3[0m
[0m[ INFO] [1748157708.059595173]: [1748157708.059] Robot state - x: 5.728800, y: 0.324602, phi: -2.345788[0m
[0m[ INFO] [1748157708.059693446]: [1748157708.060] Reference trajectory - x: 4.328233, y: 0.000000, phi: 0.000000, v: 0.531281, w: 0.000000[0m
[0m[ INFO] [1748157708.059931975]: [1748157708.060] v: -7.515687, w: 2.050014 (segment 0)[0m
[0m[ INFO] [1748157708.099652485]: Received reference trajectory - x: 4274.309082, y: 0.000000, phi: 0.000000, v: 547.180237, w: 0.000000, line_no: 3[0m
[0m[ INFO] [1748157708.159901095]: [1748157708.160] Robot state - x: 5.781505, y: 0.376140, phi: -2.306335[0m
[0m[ INFO] [1748157708.160116329]: [1748157708.160] Reference trajectory - x: 4.274309, y: 0.000000, phi: 0.000000, v: 0.547180, w: 0.000000[0m
[0m[ INFO] [1748157708.160236202]: [1748157708.160] v: -7.616420, w: 1.936568 (segment 0)[0m
[0m[ INFO] [1748157708.199644901]: Received reference trajectory - x: 4218.821777, y: 0.000000, phi: 0.000000, v: 562.480835, w: 0.000000, line_no: 3[0m
[0m[ INFO] [1748157708.261726358]: [1748157708.260] Robot state - x: 5.835366, y: 0.434437, phi: -2.248096[0m
[0m[ INFO] [1748157708.261893655]: [1748157708.262] Reference trajectory - x: 4.218822, y: 0.000000, phi: 0.000000, v: 0.562481, w: 0.000000[0m
[0m[ INFO] [1748157708.262039480]: [1748157708.262] v: -7.722022, w: 1.793842 (segment 0)[0m
[0m[ INFO] [1748157708.299633253]: Received reference trajectory - x: 4161.834473, y: 0.000000, phi: 0.000000, v: 577.181458, w: 0.000000, line_no: 3[0m
[0m[ INFO] [1748157708.359319778]: [1748157708.359] Robot state - x: 5.887753, y: 0.495133, phi: -2.201128[0m
[0m[ INFO] [1748157708.359466724]: [1748157708.359] Reference trajectory - x: 4.161834, y: 0.000000, phi: 0.000000, v: 0.577181, w: 0.000000[0m
[0m[ INFO] [1748157708.359577732]: [1748157708.360] v: -7.830242, w: 1.658756 (segment 0)[0m
[0m[ INFO] [1748157708.399701381]: Received reference trajectory - x: 4103.405762, y: 0.000000, phi: 0.000000, v: 591.282349, w: 0.000000, line_no: 3[0m
[0m[ INFO] [1748157708.460127817]: [1748157708.460] Robot state - x: 5.935161, y: 0.556763, phi: -2.157918[0m
[0m[ INFO] [1748157708.460234314]: [1748157708.460] Reference trajectory - x: 4.103406, y: 0.000000, phi: 0.000000, v: 0.591282, w: 0.000000[0m
[0m[ INFO] [1748157708.460308970]: [1748157708.460] v: -7.938037, w: 1.525291 (segment 0)[0m
[0m[ INFO] [1748157708.499662533]: Received reference trajectory - x: 4043.598145, y: 0.000000, phi: 0.000000, v: 604.782898, w: 0.000000, line_no: 3[0m
[0m[ INFO] [1748157708.559993928]: [1748157708.560] Robot state - x: 5.987571, y: 0.631505, phi: -2.120344[0m
[0m[ INFO] [1748157708.560117001]: [1748157708.560] Reference trajectory - x: 4.043598, y: 0.000000, phi: 0.000000, v: 0.604783, w: 0.000000[0m
[0m[ INFO] [1748157708.560328362]: [1748157708.560] v: -8.053815, w: 1.379739 (segment 0)[0m
[0m[ INFO] [1748157708.599878599]: Received reference trajectory - x: 3982.457031, y: 0.000000, phi: 0.000000, v: 617.686340, w: 0.000000, line_no: 3[0m
[0m[ INFO] [1748157708.661238674]: [1748157708.661] Robot state - x: 6.035143, y: 0.705842, phi: -2.084649[0m
[0m[ INFO] [1748157708.661520308]: [1748157708.661] Reference trajectory - x: 3.982457, y: 0.000000, phi: 0.000000, v: 0.617686, w: 0.000000[0m
[0m[ INFO] [1748157708.661572788]: [1748157708.662] v: -8.169246, w: 1.235306 (segment 0)[0m
[0m[ INFO] [1748157708.699845222]: Received reference trajectory - x: 3920.078369, y: 0.000000, phi: 0.000000, v: 629.985107, w: 0.000000, line_no: 3[0m
[0m[ INFO] [1748157708.760031368]: [1748157708.760] Robot state - x: 6.084690, y: 0.790805, phi: -2.041439[0m
[0m[ INFO] [1748157708.760125609]: [1748157708.760] Reference trajectory - x: 3.920078, y: 0.000000, phi: 0.000000, v: 0.629985, w: 0.000000[0m
[0m[ INFO] [1748157708.760329866]: [1748157708.760] v: -8.290009, w: 1.067996 (segment 0)[0m
[0m[ INFO] [1748157708.800007016]: Received reference trajectory - x: 3856.485596, y: 0.000000, phi: 0.000000, v: 641.686523, w: 0.000000, line_no: 3[0m
[0m[ INFO] [1748157708.860159721]: [1748157708.860] Robot state - x: 6.133252, y: 0.880951, phi: -2.001987[0m
[0m[ INFO] [1748157708.860307498]: [1748157708.860] Reference trajectory - x: 3.856486, y: 0.000000, phi: 0.000000, v: 0.641686, w: 0.000000[0m
[0m[ INFO] [1748157708.860417387]: [1748157708.860] v: -8.413609, w: 0.896402 (segment 0)[0m
[0m[ INFO] [1748157708.899947911]: Received reference trajectory - x: 3791.763916, y: 0.000000, phi: 0.000000, v: 652.786133, w: 0.000000, line_no: 3[0m
[0m[ INFO] [1748157708.959641669]: [1748157708.959] Robot state - x: 6.179276, y: 0.976694, phi: -1.956898[0m
[0m[ INFO] [1748157708.960064680]: [1748157708.960] Reference trajectory - x: 3.791764, y: 0.000000, phi: 0.000000, v: 0.652786, w: 0.000000[0m
[0m[ INFO] [1748157708.960221865]: [1748157708.960] v: -8.538655, w: 0.710071 (segment 0)[0m
[0m[ INFO] [1748157708.999591460]: Received reference trajectory - x: 3725.951416, y: 0.000000, phi: 0.000000, v: 663.287476, w: 0.000000, line_no: 3[0m
[0m[ INFO] [1748157709.059670661]: [1748157709.060] Robot state - x: 6.224841, y: 1.082189, phi: -1.909931[0m
[0m[ INFO] [1748157709.059808774]: [1748157709.060] Reference trajectory - x: 3.725951, y: 0.000000, phi: 0.000000, v: 0.663287, w: 0.000000[0m
[0m[ INFO] [1748157709.059886919]: [1748157709.060] v: -8.666861, w: 0.507489 (segment 0)[0m
[0m[ INFO] [1748157709.099823014]: Received reference trajectory - x: 3659.113037, y: 0.000000, phi: 0.000000, v: 673.189575, w: 0.000000, line_no: 3[0m
[0m[ INFO] [1748157709.159563556]: [1748157709.159] Robot state - x: 6.265483, y: 1.190540, phi: -1.855449[0m
[0m[ INFO] [1748157709.159722086]: [1748157709.160] Reference trajectory - x: 3.659113, y: 0.000000, phi: 0.000000, v: 0.673190, w: 0.000000[0m
[0m[ INFO] [1748157709.159871751]: [1748157709.160] v: -8.794371, w: 0.291450 (segment 0)[0m
[0m[ INFO] [1748157709.200083241]: Received reference trajectory - x: 3591.333984, y: 0.000000, phi: 0.000000, v: 682.488953, w: 0.000000, line_no: 3[0m
[0m[ INFO] [1748157709.260298410]: [1748157709.260] Robot state - x: 6.302144, y: 1.299664, phi: -1.825390[0m
[0m[ INFO] [1748157709.260437868]: [1748157709.260] Reference trajectory - x: 3.591334, y: 0.000000, phi: 0.000000, v: 0.682489, w: 0.000000[0m
[0m[ INFO] [1748157709.260576525]: [1748157709.261] v: -8.921849, w: 0.097983 (segment 0)[0m
[0m[ INFO] [1748157709.299708262]: Received reference trajectory - x: 3522.645508, y: 0.000000, phi: 0.000000, v: 691.189636, w: 0.000000, line_no: 3[0m
[0m[ INFO] [1748157709.359425508]: [1748157709.359] Robot state - x: 6.333776, y: 1.414125, phi: -1.795331[0m
[0m[ INFO] [1748157709.359514948]: [1748157709.359] Reference trajectory - x: 3.522645, y: 0.000000, phi: 0.000000, v: 0.691190, w: 0.000000[0m
[0m[ INFO] [1748157709.359586117]: [1748157709.360] v: -9.048316, w: -0.104340 (segment 0)[0m
[0m[ INFO] [1748157709.399920200]: Received reference trajectory - x: 3453.113037, y: 0.000000, phi: 0.000000, v: 699.290771, w: 0.000000, line_no: 3[0m
[0m[ INFO] [1748157709.461064817]: [1748157709.461] Robot state - x: 6.360004, y: 1.518525, phi: -1.778422[0m
[0m[ INFO] [1748157709.461344435]: [1748157709.461] Reference trajectory - x: 3.453113, y: 0.000000, phi: 0.000000, v: 0.699291, w: 0.000000[0m
[0m[ INFO] [1748157709.461394388]: [1748157709.461] v: -9.173319, w: -0.282064 (segment 0)[0m
[0m[ INFO] [1748157709.499696966]: Received reference trajectory - x: 3382.811035, y: 0.000000, phi: 0.000000, v: 706.790710, w: 0.000000, line_no: 3[0m
[0m[ INFO] [1748157709.559535493]: [1748157709.559] Robot state - x: 6.386046, y: 1.637697, phi: -1.759635[0m
[0m[ INFO] [1748157709.559657862]: [1748157709.560] Reference trajectory - x: 3.382811, y: 0.000000, phi: 0.000000, v: 0.706791, w: 0.000000[0m
[0m[ INFO] [1748157709.559707846]: [1748157709.560] v: -9.301170, w: -0.482649 (segment 0)[0m
[0m[ INFO] [1748157709.599913608]: Received reference trajectory - x: 3311.779053, y: 0.000000, phi: 0.000000, v: 713.691772, w: 0.000000, line_no: 3[0m
[0m[ INFO] [1748157709.659916840]: [1748157709.660] Robot state - x: 6.409102, y: 1.751924, phi: -1.742727[0m
[0m[ INFO] [1748157709.660039433]: [1748157709.660] Reference trajectory - x: 3.311779, y: 0.000000, phi: 0.000000, v: 0.713692, w: 0.000000[0m
[0m[ INFO] [1748157709.660392652]: [1748157709.660] v: -9.429452, w: -0.677088 (segment 0)[0m
[0m[ INFO] [1748157709.700158730]: Received reference trajectory - x: 3239.901367, y: 0.000000, phi: 0.000000, v: 720.008240, w: 0.000000, line_no: 3[0m
[0m[ INFO] [1748157709.759354628]: [1748157709.759] Robot state - x: 6.425163, y: 1.861426, phi: -1.656307[0m
[0m[ INFO] [1748157709.759449541]: [1748157709.759] Reference trajectory - x: 3.239901, y: 0.000000, phi: 0.000000, v: 0.720008, w: 0.000000[0m
[0m[ INFO] [1748157709.759525221]: [1748157709.759] v: -9.554786, w: -0.940236 (segment 0)[0m
[0m[ INFO] [1748157709.799999497]: Received reference trajectory - x: 3167.794189, y: 0.000000, phi: 0.000000, v: 725.693726, w: 0.000000, line_no: 3[0m
[0m[ INFO] [1748157709.860969009]: [1748157709.861] Robot state - x: 6.440046, y: 1.933417, phi: -1.720183[0m
[0m[ INFO] [1748157709.861083634]: [1748157709.861] Reference trajectory - x: 3.167794, y: 0.000000, phi: 0.000000, v: 0.725694, w: 0.000000[0m
[0m[ INFO] [1748157709.861131378]: [1748157709.861] v: -9.681545, w: -0.999972 (segment 0)[0m
[0m[ INFO] [1748157709.900071210]: Received reference trajectory - x: 3094.959961, y: 0.000000, phi: 0.000000, v: 730.794739, w: 0.000000, line_no: 3[0m
[0m[ INFO] [1748157709.959323204]: [1748157709.959] Robot state - x: 6.554002, y: 1.316363, phi: -1.183920[0m
[0m[ INFO] [1748157709.959418277]: [1748157709.959] Reference trajectory - x: 3.094960, y: 0.000000, phi: 0.000000, v: 0.730795, w: 0.000000[0m
[0m[ INFO] [1748157709.959464293]: [1748157709.959] v: -9.895708, w: -0.802798 (segment 0)[0m
[0m[ INFO] [1748157709.999605478]: Received reference trajectory - x: 3021.662598, y: 0.000000, phi: 0.000000, v: 735.294739, w: 0.000000, line_no: 3[0m
[0m[ INFO] [1748157710.062971842]: [1748157710.063] Robot state - x: 6.564878, y: 1.350203, phi: -1.507055[0m
[0m[ INFO] [1748157710.063075586]: [1748157710.063] Reference trajectory - x: 3.021663, y: 0.000000, phi: 0.000000, v: 0.735295, w: 0.000000[0m
[0m[ INFO] [1748157710.063203491]: [1748157710.063] v: -10.026245, w: -0.532393 (segment 0)[0m
[0m[ INFO] [1748157710.099703880]: Received reference trajectory - x: 2947.928467, y: 0.000000, phi: 0.000000, v: 739.195679, w: 0.000000, line_no: 3[0m
[0m[ INFO] [1748157710.159898985]: [1748157710.160] Robot state - x: 6.564878, y: 1.350203, phi: -1.507055[0m
[0m[ INFO] [1748157710.160005098]: [1748157710.160] Reference trajectory - x: 2.947928, y: 0.000000, phi: 0.000000, v: 0.739196, w: 0.000000[0m
[0m[ INFO] [1748157710.160066795]: [1748157710.160] v: -10.150003, w: -0.557044 (segment 0)[0m
[0m[ INFO] [1748157710.202232188]: Received reference trajectory - x: 2873.726074, y: 0.000000, phi: 0.000000, v: 742.500977, w: 0.000000, line_no: 3[0m
[0m[ INFO] [1748157710.263686440]: [1748157710.264] Robot state - x: 6.564878, y: 1.350203, phi: -1.507055[0m
[0m[ INFO] [1748157710.264038507]: [1748157710.264] Reference trajectory - x: 2.873726, y: 0.000000, phi: 0.000000, v: 0.742501, w: 0.000000[0m
[0m[ INFO] [1748157710.264137068]: [1748157710.264] v: -10.276104, w: -0.581695 (segment 0)[0m
[0m[ INFO] [1748157710.299617864]: Received reference trajectory - x: 2799.426758, y: 0.000000, phi: 0.000000, v: 745.197876, w: 0.000000, line_no: 3[0m
[0m[ INFO] [1748157710.360675537]: [1748157710.361] Robot state - x: 6.564878, y: 1.350203, phi: -1.507055[0m
[0m[ INFO] [1748157710.360877362]: [1748157710.361] Reference trajectory - x: 2.799427, y: 0.000000, phi: 0.000000, v: 0.745198, w: 0.000000[0m
[0m[ INFO] [1748157710.360952659]: [1748157710.361] v: -10.404251, w: -0.606346 (segment 0)[0m
[0m[ INFO] [1748157710.399792586]: Received reference trajectory - x: 2724.815674, y: 0.000000, phi: 0.000000, v: 747.297913, w: 0.000000, line_no: 3[0m
[0m[ INFO] [1748157710.460091404]: [1748157710.460] Robot state - x: 6.564878, y: 1.350203, phi: -1.507055[0m
[0m[ INFO] [1748157710.460224173]: [1748157710.460] Reference trajectory - x: 2.724816, y: 0.000000, phi: 0.000000, v: 0.747298, w: 0.000000[0m
[0m[ INFO] [1748157710.460282414]: [1748157710.460] v: -10.534616, w: -0.630997 (segment 0)[0m
[0m[ INFO] [1748157710.499794762]: Received reference trajectory - x: 2650.012939, y: 0.000000, phi: 0.000000, v: 748.798523, w: 0.000000, line_no: 3[0m
[0m[ INFO] [1748157710.569911483]: [1748157710.570] Robot state - x: 6.564878, y: 1.350203, phi: -1.507055[0m
[0m[ INFO] [1748157710.570014428]: [1748157710.570] Reference trajectory - x: 2.650013, y: 0.000000, phi: 0.000000, v: 0.748799, w: 0.000000[0m
[0m[ INFO] [1748157710.570099101]: [1748157710.570] v: -10.667109, w: -0.655649 (segment 0)[0m
[0m[ INFO] [1748157710.602673794]: Received reference trajectory - x: 2575.041016, y: 0.000000, phi: 0.000000, v: 749.699585, w: 0.000000, line_no: 3[0m
[0m[ INFO] [1748157710.659854507]: [1748157710.660] Robot state - x: 6.564878, y: 1.350203, phi: -1.507055[0m
[0m[ INFO] [1748157710.659972684]: [1748157710.660] Reference trajectory - x: 2.575041, y: 0.000000, phi: 0.000000, v: 0.749700, w: 0.000000[0m
[0m[ INFO] [1748157710.660051853]: [1748157710.660] v: -10.801708, w: -0.680300 (segment 0)[0m
[0m[ INFO] [1748157710.699653770]: Received reference trajectory - x: 2500.066162, y: 0.000000, phi: 0.000000, v: 750.000000, w: 0.000000, line_no: 3[0m
[0m[ INFO] [1748157710.772576018]: [1748157710.772] Robot state - x: 6.564878, y: 1.350203, phi: -1.507055[0m
[0m[ INFO] [1748157710.772957781]: [1748157710.773] Reference trajectory - x: 2.500066, y: 0.000000, phi: 0.000000, v: 0.750000, w: 0.000000[0m
[0m[ INFO] [1748157710.773074582]: [1748157710.773] v: -10.938282, w: -0.704951 (segment 0)[0m
[0m[ INFO] [1748157710.801815292]: Received reference trajectory - x: 2425.034668, y: 0.000000, phi: 0.000000, v: 749.700195, w: 0.000000, line_no: 3[0m
[0m[ INFO] [1748157710.861436441]: [1748157710.861] Robot state - x: 6.564878, y: 1.350203, phi: -1.507055[0m
[0m[ INFO] [1748157710.861533466]: [1748157710.862] Reference trajectory - x: 2.425035, y: 0.000000, phi: 0.000000, v: 0.749700, w: 0.000000[0m
[0m[ INFO] [1748157710.861580058]: [1748157710.862] v: -11.076872, w: -0.729602 (segment 0)[0m
[0m[ INFO] [1748157710.899683307]: Received reference trajectory - x: 2350.133545, y: 0.000000, phi: 0.000000, v: 748.800842, w: 0.000000, line_no: 3[0m
[0m[ INFO] [1748157710.959281608]: [1748157710.959] Robot state - x: 6.564878, y: 1.350203, phi: -1.507055[0m
[0m[ INFO] [1748157710.959368713]: [1748157710.959] Reference trajectory - x: 2.350134, y: 0.000000, phi: 0.000000, v: 0.748801, w: 0.000000[0m
[0m[ INFO] [1748157710.959414505]: [1748157710.959] v: -11.217321, w: -0.754254 (segment 0)[0m
[0m[ INFO] [1748157710.999888845]: Received reference trajectory - x: 2275.343750, y: 0.000000, phi: 0.000000, v: 747.301758, w: 0.000000, line_no: 3[0m
[0m[ INFO] [1748157711.060349585]: [1748157711.060] Robot state - x: 6.564878, y: 1.350203, phi: -1.507055[0m
[0m[ INFO] [1748157711.060664436]: [1748157711.061] Reference trajectory - x: 2.275344, y: 0.000000, phi: 0.000000, v: 0.747302, w: 0.000000[0m
[0m[ INFO] [1748157711.060743892]: [1748157711.061] v: -11.359642, w: -0.778905 (segment 0)[0m
[0m[ INFO] [1748157711.099859310]: Received reference trajectory - x: 2200.708496, y: 0.000000, phi: 0.000000, v: 745.202209, w: 0.000000, line_no: 3[0m
[0m[ INFO] [1748157711.199936943]: Received reference trajectory - x: 2126.337402, y: 0.000000, phi: 0.000000, v: 742.503540, w: 0.000000, line_no: 3[0m
[0m[ INFO] [1748157711.231780974]: [1748157711.232] Robot state - x: 6.564878, y: 1.350203, phi: -1.507055[0m
[0m[ INFO] [1748157711.231900495]: [1748157711.232] Reference trajectory - x: 2.126337, y: 0.000000, phi: 0.000000, v: 0.742504, w: 0.000000[0m
[0m[ INFO] [1748157711.231991824]: [1748157711.232] v: -11.570009, w: -0.803556 (segment 0)[0m
[0m[ INFO] [1748157711.259709742]: [1748157711.260] Robot state - x: 6.564878, y: 1.350203, phi: -1.507055[0m
[0m[ INFO] [1748157711.259933519]: [1748157711.260] Reference trajectory - x: 2.126337, y: 0.000000, phi: 0.000000, v: 0.742504, w: 0.000000[0m
[0m[ INFO] [1748157711.260005616]: [1748157711.260] v: -11.651046, w: -0.828207 (segment 0)[0m
[0m[ INFO] [1748157711.299792015]: Received reference trajectory - x: 2052.256836, y: 0.000000, phi: 0.000000, v: 739.204712, w: 0.000000, line_no: 3[0m
[0m[ INFO] [1748157711.367412108]: [1748157711.367] Robot state - x: 6.564878, y: 1.350203, phi: -1.507055[0m
[0m[ INFO] [1748157711.367538221]: [1748157711.367] Reference trajectory - x: 2.052257, y: 0.000000, phi: 0.000000, v: 0.739205, w: 0.000000[0m
[0m[ INFO] [1748157711.367722702]: [1748157711.368] v: -11.798647, w: -0.852858 (segment 0)[0m
[0m[ INFO] [1748157711.402757255]: Received reference trajectory - x: 1978.439453, y: 0.000000, phi: 0.000000, v: 735.300537, w: 0.000000, line_no: 3[0m
[0m[ INFO] [1748157711.462740039]: [1748157711.463] Robot state - x: 6.564878, y: 1.350203, phi: -1.507055[0m
[0m[ INFO] [1748157711.462847688]: [1748157711.463] Reference trajectory - x: 1.978439, y: 0.000000, phi: 0.000000, v: 0.735301, w: 0.000000[0m
[0m[ INFO] [1748157711.462903081]: [1748157711.463] v: -11.947981, w: -0.877510 (segment 0)[0m
[0m[ INFO] [1748157711.499652495]: Received reference trajectory - x: 1905.179321, y: 0.000000, phi: 0.000000, v: 730.803894, w: 0.000000, line_no: 3[0m
[0m[ INFO] [1748157711.569992546]: [1748157711.570] Robot state - x: 6.564878, y: 1.350203, phi: -1.507055[0m
[0m[ INFO] [1748157711.570110467]: [1748157711.570] Reference trajectory - x: 1.905179, y: 0.000000, phi: 0.000000, v: 0.730804, w: 0.000000[0m
[0m[ INFO] [1748157711.570175940]: [1748157711.570] v: -12.098779, w: -0.902161 (segment 0)[0m
[0m[ INFO] [1748157711.601829057]: Received reference trajectory - x: 1832.310669, y: 0.000000, phi: 0.000000, v: 725.701538, w: 0.000000, line_no: 3[0m
[0m[ INFO] [1748157711.660184756]: [1748157711.660] Robot state - x: 6.564878, y: 1.350203, phi: -1.507055[0m
[0m[ INFO] [1748157711.660305333]: [1748157711.660] Reference trajectory - x: 1.832311, y: 0.000000, phi: 0.000000, v: 0.725702, w: 0.000000[0m
[0m[ INFO] [1748157711.660388406]: [1748157711.660] v: -12.251185, w: -0.926812 (segment 0)[0m
[0m[ INFO] [1748157711.699974355]: Received reference trajectory - x: 1760.068604, y: 0.000000, phi: 0.000000, v: 720.005737, w: 0.000000, line_no: 3[0m
[0m[ INFO] [1748157711.759366670]: [1748157711.759] Robot state - x: 6.564878, y: 1.350203, phi: -1.507055[0m
[0m[ INFO] [1748157711.759452271]: [1748157711.759] Reference trajectory - x: 1.760069, y: 0.000000, phi: 0.000000, v: 0.720006, w: 0.000000[0m
[0m[ INFO] [1748157711.759496432]: [1748157711.759] v: -12.404982, w: -0.951463 (segment 0)[0m
[0m[ INFO] [1748157711.799616977]: Received reference trajectory - x: 1688.389526, y: 0.000000, phi: 0.000000, v: 713.707336, w: 0.000000, line_no: 3[0m
[0m[ INFO] [1748157711.860060981]: [1748157711.860] Robot state - x: 6.564878, y: 1.350203, phi: -1.507055[0m
[0m[ INFO] [1748157711.860375703]: [1748157711.860] Reference trajectory - x: 1.688390, y: 0.000000, phi: 0.000000, v: 0.713707, w: 0.000000[0m
[0m[ INFO] [1748157711.860426008]: [1748157711.860] v: -12.560217, w: -0.976115 (segment 0)[0m
[0m[ INFO] [1748157711.899537745]: Received reference trajectory - x: 1617.368286, y: 0.000000, phi: 0.000000, v: 706.809021, w: 0.000000, line_no: 3[0m
[0m[ INFO] [1748157711.967108718]: [1748157711.967] Robot state - x: 6.564878, y: 1.350203, phi: -1.507055[0m
[0m[ INFO] [1748157711.967425808]: [1748157711.967] Reference trajectory - x: 1.617368, y: 0.000000, phi: 0.000000, v: 0.706809, w: 0.000000[0m
[0m[ INFO] [1748157711.967531537]: [1748157711.967] v: -12.716801, w: -1.000766 (segment 0)[0m
[0m[ INFO] [1748157711.999817556]: Received reference trajectory - x: 1547.038208, y: 0.000000, phi: 0.000000, v: 699.307617, w: 0.000000, line_no: 3[0m
[0m[ INFO] [1748157712.061987078]: [1748157712.062] Robot state - x: 6.564878, y: 1.350203, phi: -1.507055[0m
[0m[ INFO] [1748157712.062107143]: [1748157712.062] Reference trajectory - x: 1.547038, y: 0.000000, phi: 0.000000, v: 0.699308, w: 0.000000[0m
[0m[ INFO] [1748157712.062154567]: [1748157712.062] v: -12.874693, w: -1.025417 (segment 0)[0m
[0m[ INFO] [1748157712.099495250]: Received reference trajectory - x: 1477.531616, y: 0.000000, phi: 0.000000, v: 691.211121, w: 0.000000, line_no: 3[0m
[0m[ INFO] [1748157712.161948934]: [1748157712.162] Robot state - x: 6.564878, y: 1.350203, phi: -1.507055[0m
[0m[ INFO] [1748157712.162305545]: [1748157712.162] Reference trajectory - x: 1.477532, y: 0.000000, phi: 0.000000, v: 0.691211, w: 0.000000[0m
[0m[ INFO] [1748157712.162478123]: [1748157712.162] v: -13.033762, w: -1.050068 (segment 0)[0m
[0m[ INFO] [1748157712.200428411]: Received reference trajectory - x: 1408.832031, y: 0.000000, phi: 0.000000, v: 682.510803, w: 0.000000, line_no: 3[0m
[0m[ INFO] [1748157712.259606485]: [1748157712.260] Robot state - x: 6.564878, y: 1.350203, phi: -1.507055[0m
[0m[ INFO] [1748157712.259809494]: [1748157712.260] Reference trajectory - x: 1.408832, y: 0.000000, phi: 0.000000, v: 0.682511, w: 0.000000[0m
[0m[ INFO] [1748157712.259886839]: [1748157712.260] v: -13.194014, w: -1.074719 (segment 0)[0m
[0m[ INFO] [1748157712.299635605]: Received reference trajectory - x: 1341.041992, y: 0.000000, phi: 0.000000, v: 673.211670, w: 0.000000, line_no: 3[0m
[0m[ INFO] [1748157712.362583245]: [1748157712.363] Robot state - x: 6.564878, y: 1.350203, phi: -1.507055[0m
[0m[ INFO] [1748157712.362661166]: [1748157712.363] Reference trajectory - x: 1.341042, y: 0.000000, phi: 0.000000, v: 0.673212, w: 0.000000[0m
[0m[ INFO] [1748157712.362735759]: [1748157712.363] v: -13.355343, w: -1.099370 (segment 0)[0m
[0m[ INFO] [1748157712.399847672]: Received reference trajectory - x: 1274.206787, y: 0.000000, phi: 0.000000, v: 663.311829, w: 0.000000, line_no: 3[0m
[0m[ INFO] [1748157712.460430781]: [1748157712.460] Robot state - x: 6.564878, y: 1.350203, phi: -1.507055[0m
[0m[ INFO] [1748157712.460541438]: [1748157712.460] Reference trajectory - x: 1.274207, y: 0.000000, phi: 0.000000, v: 0.663312, w: 0.000000[0m
[0m[ INFO] [1748157712.460619615]: [1748157712.461] v: -13.517694, w: -1.124022 (segment 0)[0m
[0m[ INFO] [1748157712.499555895]: Received reference trajectory - x: 1208.404541, y: 0.000000, phi: 0.000000, v: 652.813965, w: 0.000000, line_no: 3[0m
[0m[ INFO] [1748157712.560071003]: [1748157712.560] Robot state - x: 6.564878, y: 1.350203, phi: -1.507055[0m
[0m[ INFO] [1748157712.560180348]: [1748157712.560] Reference trajectory - x: 1.208405, y: 0.000000, phi: 0.000000, v: 0.652814, w: 0.000000[0m
[0m[ INFO] [1748157712.560244189]: [1748157712.560] v: -13.680983, w: -1.148673 (segment 0)[0m
[0m[ INFO] [1748157712.602135788]: Received reference trajectory - x: 1143.593018, y: 0.000000, phi: 0.000000, v: 641.700500, w: 0.000000, line_no: 3[0m
[0m[ INFO] [1748157712.659892699]: [1748157712.660] Robot state - x: 6.564878, y: 1.350203, phi: -1.507055[0m
[0m[ INFO] [1748157712.660857699]: [1748157712.661] Reference trajectory - x: 1.143593, y: 0.000000, phi: 0.000000, v: 0.641701, w: 0.000000[0m
[0m[ INFO] [1748157712.660939779]: [1748157712.661] v: -13.845241, w: -1.173324 (segment 0)[0m
[0m[ INFO] [1748157712.699582777]: Received reference trajectory - x: 1080.061279, y: 0.000000, phi: 0.000000, v: 630.011658, w: 0.000000, line_no: 3[0m
[0m[ INFO] [1748157712.759844795]: [1748157712.760] Robot state - x: 6.564878, y: 1.350203, phi: -1.507055[0m
[0m[ INFO] [1748157712.759983325]: [1748157712.760] Reference trajectory - x: 1.080061, y: 0.000000, phi: 0.000000, v: 0.630012, w: 0.000000[0m
[0m[ INFO] [1748157712.760096093]: [1748157712.760] v: -14.010166, w: -1.197975 (segment 0)[0m
[0m[ INFO] [1748157712.802270991]: Received reference trajectory - x: 1017.643555, y: 0.000000, phi: 0.000000, v: 617.706848, w: 0.000000, line_no: 3[0m
[0m[ INFO] [1748157712.860823012]: [1748157712.861] Robot state - x: 6.564878, y: 1.350203, phi: -1.507055[0m
[0m[ INFO] [1748157712.860959333]: [1748157712.861] Reference trajectory - x: 1.017644, y: 0.000000, phi: 0.000000, v: 0.617707, w: 0.000000[0m
[0m[ INFO] [1748157712.861051462]: [1748157712.861] v: -14.175914, w: -1.222627 (segment 0)[0m
[0m[ INFO] [1748157712.899691900]: Received reference trajectory - x: 956.532776, y: 0.000000, phi: 0.000000, v: 604.811523, w: 0.000000, line_no: 3[0m
[0m[ INFO] [1748157712.960959878]: [1748157712.961] Robot state - x: 6.564878, y: 1.350203, phi: -1.507055[0m
[0m[ INFO] [1748157712.961477194]: [1748157712.961] Reference trajectory - x: 0.956533, y: 0.000000, phi: 0.000000, v: 0.604812, w: 0.000000[0m
[0m[ INFO] [1748157712.961694220]: [1748157712.962] v: -14.342276, w: -1.247278 (segment 0)[0m
[0m[ INFO] [1748157713.002332402]: Received reference trajectory - x: 896.695251, y: 0.000000, phi: 0.000000, v: 591.305908, w: 0.000000, line_no: 3[0m
[0m[ INFO] [1748157713.060575492]: [1748157713.060] Robot state - x: 6.564878, y: 1.350203, phi: -1.507055[0m
[0m[ INFO] [1748157713.060666597]: [1748157713.061] Reference trajectory - x: 0.896695, y: 0.000000, phi: 0.000000, v: 0.591306, w: 0.000000[0m
[0m[ INFO] [1748157713.060767302]: [1748157713.061] v: -14.509277, w: -1.271929 (segment 0)[0m
[0m[ INFO] [1748157713.099669534]: Received reference trajectory - x: 838.291809, y: 0.000000, phi: 0.000000, v: 577.212952, w: 0.000000, line_no: 3[0m
[0m[ INFO] [1748157713.169592654]: [1748157713.169] Robot state - x: 6.564878, y: 1.350203, phi: -1.507055[0m
[0m[ INFO] [1748157713.169742351]: [1748157713.170] Reference trajectory - x: 0.838292, y: 0.000000, phi: 0.000000, v: 0.577213, w: 0.000000[0m
[0m[ INFO] [1748157713.169849360]: [1748157713.170] v: -14.676735, w: -1.296580 (segment 0)[0m
[0m[ INFO] [1748157713.202638519]: Received reference trajectory - x: 781.278503, y: 0.000000, phi: 0.000000, v: 562.507568, w: 0.000000, line_no: 3[0m
[0m[ INFO] [1748157713.260178468]: [1748157713.260] Robot state - x: 6.564878, y: 1.350203, phi: -1.507055[0m
[0m[ INFO] [1748157713.260272548]: [1748157713.260] Reference trajectory - x: 0.781278, y: 0.000000, phi: 0.000000, v: 0.562508, w: 0.000000[0m
[0m[ INFO] [1748157713.260318853]: [1748157713.260] v: -14.844683, w: -1.321231 (segment 0)[0m
[0m[ INFO] [1748157713.299617728]: Received reference trajectory - x: 725.809204, y: 0.000000, phi: 0.000000, v: 547.214050, w: 0.000000, line_no: 3[0m
[0m[ INFO] [1748157713.362618008]: [1748157713.363] Robot state - x: 6.564878, y: 1.350203, phi: -1.507055[0m
[0m[ INFO] [1748157713.362820026]: [1748157713.363] Reference trajectory - x: 0.725809, y: 0.000000, phi: 0.000000, v: 0.547214, w: 0.000000[0m
[0m[ INFO] [1748157713.362901339]: [1748157713.363] v: -15.012941, w: -1.345883 (segment 0)[0m
[0m[ INFO] [1748157713.402216374]: Received reference trajectory - x: 671.860474, y: 0.000000, phi: 0.000000, v: 531.309326, w: 0.000000, line_no: 3[0m
[0m[ INFO] [1748157713.459861380]: [1748157713.460] Robot state - x: 6.564878, y: 1.350203, phi: -1.507055[0m
[0m[ INFO] [1748157713.459946372]: [1748157713.460] Reference trajectory - x: 0.671860, y: 0.000000, phi: 0.000000, v: 0.531309, w: 0.000000[0m
[0m[ INFO] [1748157713.460175974]: [1748157713.460] v: -15.181526, w: -1.370534 (segment 0)[0m
[0m[ INFO] [1748157713.499562658]: Received reference trajectory - x: 619.569824, y: 0.000000, phi: 0.000000, v: 514.816284, w: 0.000000, line_no: 3[0m
[0m[ INFO] [1748157713.561946805]: [1748157713.562] Robot state - x: 6.564878, y: 1.350203, phi: -1.507055[0m
[0m[ INFO] [1748157713.562064246]: [1748157713.562] Reference trajectory - x: 0.619570, y: 0.000000, phi: 0.000000, v: 0.514816, w: 0.000000[0m
[0m[ INFO] [1748157713.562124471]: [1748157713.562] v: -15.350266, w: -1.395185 (segment 0)[0m
[0m[ INFO] [1748157713.602291225]: Received reference trajectory - x: 568.881775, y: 0.000000, phi: 0.000000, v: 497.697113, w: 0.000000, line_no: 3[0m
[0m[ INFO] [1748157713.659681829]: [1748157713.660] Robot state - x: 6.564878, y: 1.350203, phi: -1.507055[0m
[0m[ INFO] [1748157713.659887174]: [1748157713.660] Reference trajectory - x: 0.568882, y: 0.000000, phi: 0.000000, v: 0.497697, w: 0.000000[0m
[0m[ INFO] [1748157713.660075752]: [1748157713.660] v: -15.519218, w: -1.419836 (segment 0)[0m
[0m[ INFO] [1748157713.699666277]: Received reference trajectory - x: 520.045532, y: 0.000000, phi: 0.000000, v: 480.017059, w: 0.000000, line_no: 3[0m
[0m[ INFO] [1748157713.767944264]: [1748157713.768] Robot state - x: 6.564878, y: 1.350203, phi: -1.507055[0m
[0m[ INFO] [1748157713.768072137]: [1748157713.768] Reference trajectory - x: 0.520046, y: 0.000000, phi: 0.000000, v: 0.480017, w: 0.000000[0m
[0m[ INFO] [1748157713.768192842]: [1748157713.768] v: -15.688078, w: -1.444488 (segment 0)[0m
[0m[ INFO] [1748157713.801441204]: Received reference trajectory - x: 472.935547, y: 0.000000, phi: 0.000000, v: 461.710297, w: 0.000000, line_no: 3[0m
[0m[ INFO] [1748157713.860309644]: [1748157713.860] Robot state - x: 6.564878, y: 1.350203, phi: -1.507055[0m
[0m[ INFO] [1748157713.860454157]: [1748157713.860] Reference trajectory - x: 0.472936, y: 0.000000, phi: 0.000000, v: 0.461710, w: 0.000000[0m
[0m[ INFO] [1748157713.860532238]: [1748157713.860] v: -15.856979, w: -1.469139 (segment 0)[0m
[0m[ INFO] [1748157713.899802248]: Received reference trajectory - x: 427.726257, y: 0.000000, phi: 0.000000, v: 442.820068, w: 0.000000, line_no: 3[0m
[0m[ INFO] [1748157713.967683400]: [1748157713.968] Robot state - x: 6.564878, y: 1.350203, phi: -1.507055[0m
[0m[ INFO] [1748157713.967875754]: [1748157713.968] Reference trajectory - x: 0.427726, y: 0.000000, phi: 0.000000, v: 0.442820, w: 0.000000[0m
[0m[ INFO] [1748157713.967989195]: [1748157713.968] v: -16.025702, w: -1.493790 (segment 0)[0m
[0m[ INFO] [1748157714.001764953]: Received reference trajectory - x: 384.396423, y: 0.000000, phi: 0.000000, v: 423.312378, w: 0.000000, line_no: 3[0m
[0m[ INFO] [1748157714.066007868]: [1748157714.066] Robot state - x: 6.564878, y: 1.350203, phi: -1.507055[0m
[0m[ INFO] [1748157714.066109533]: [1748157714.066] Reference trajectory - x: 0.384396, y: 0.000000, phi: 0.000000, v: 0.423312, w: 0.000000[0m
[0m[ INFO] [1748157714.066159550]: [1748157714.066] v: -16.194263, w: -1.518441 (segment 0)[0m
[0m[ INFO] [1748157714.099632682]: Received reference trajectory - x: 343.078308, y: 0.000000, phi: 0.000000, v: 403.219391, w: 0.000000, line_no: 3[0m
[0m[ INFO] [1748157714.166974022]: [1748157714.167] Robot state - x: 6.564878, y: 1.350203, phi: -1.507055[0m
[0m[ INFO] [1748157714.167072102]: [1748157714.167] Reference trajectory - x: 0.343078, y: 0.000000, phi: 0.000000, v: 0.403219, w: 0.000000[0m
[0m[ INFO] [1748157714.167184487]: [1748157714.167] v: -16.362482, w: -1.543092 (segment 0)[0m
[0m[ INFO] [1748157714.201211032]: Received reference trajectory - x: 303.774719, y: 0.000000, phi: 0.000000, v: 382.513580, w: 0.000000, line_no: 3[0m
[0m[ INFO] [1748157714.261573372]: [1748157714.261] Robot state - x: 6.564878, y: 1.350203, phi: -1.507055[0m
[0m[ INFO] [1748157714.261666844]: [1748157714.262] Reference trajectory - x: 0.303775, y: 0.000000, phi: 0.000000, v: 0.382514, w: 0.000000[0m
[0m[ INFO] [1748157714.261891774]: [1748157714.262] v: -16.530348, w: -1.567744 (segment 0)[0m
[0m[ INFO] [1748157714.299563980]: Received reference trajectory - x: 266.592072, y: 0.000000, phi: 0.000000, v: 361.219177, w: 0.000000, line_no: 3[0m
[0m[ INFO] [1748157714.365463228]: [1748157714.365] Robot state - x: 6.564878, y: 1.350203, phi: -1.507055[0m
[0m[ INFO] [1748157714.365644510]: [1748157714.366] Reference trajectory - x: 0.266592, y: 0.000000, phi: 0.000000, v: 0.361219, w: 0.000000[0m
[0m[ INFO] [1748157714.365762367]: [1748157714.366] v: -16.697708, w: -1.592395 (segment 0)[0m
[0m[ INFO] [1748157714.402057634]: Received reference trajectory - x: 231.541199, y: 0.000000, phi: 0.000000, v: 339.307312, w: 0.000000, line_no: 3[0m
[0m[ INFO] [1748157714.461270620]: [1748157714.461] Robot state - x: 6.564878, y: 1.350203, phi: -1.507055[0m
[0m[ INFO] [1748157714.461360605]: [1748157714.461] Reference trajectory - x: 0.231541, y: 0.000000, phi: 0.000000, v: 0.339307, w: 0.000000[0m
[0m[ INFO] [1748157714.461406973]: [1748157714.461] v: -16.864544, w: -1.617046 (segment 0)[0m
[0m[ INFO] [1748157714.499632752]: Received reference trajectory - x: 198.740570, y: 0.000000, phi: 0.000000, v: 316.814789, w: 0.000000, line_no: 3[0m
[0m[ INFO] [1748157714.564910043]: [1748157714.564] Robot state - x: 6.564878, y: 1.350203, phi: -1.507055[0m
[0m[ INFO] [1748157714.565232221]: [1748157714.565] Reference trajectory - x: 0.198741, y: 0.000000, phi: 0.000000, v: 0.316815, w: 0.000000[0m
[0m[ INFO] [1748157714.565421823]: [1748157714.565] v: -17.030678, w: -1.641697 (segment 0)[0m
[0m[ INFO] [1748157714.602196166]: Received reference trajectory - x: 168.200882, y: 0.000000, phi: 0.000000, v: 293.708679, w: 0.000000, line_no: 3[0m
[0m[ INFO] [1748157714.659554801]: [1748157714.659] Robot state - x: 6.564878, y: 1.350203, phi: -1.507055[0m
[0m[ INFO] [1748157714.659697875]: [1748157714.660] Reference trajectory - x: 0.168201, y: 0.000000, phi: 0.000000, v: 0.293709, w: 0.000000[0m
[0m[ INFO] [1748157714.659822900]: [1748157714.660] v: -17.196095, w: -1.666349 (segment 0)[0m
[0m[ INFO] [1748157714.700039510]: Received reference trajectory - x: 140.018677, y: 0.000000, phi: 0.000000, v: 270.016602, w: 0.000000, line_no: 3[0m
[0m[ INFO] [1748157714.759553459]: [1748157714.759] Robot state - x: 6.564878, y: 1.350203, phi: -1.507055[0m
[0m[ INFO] [1748157714.759672564]: [1748157714.760] Reference trajectory - x: 0.140019, y: 0.000000, phi: 0.000000, v: 0.270017, w: 0.000000[0m
[0m[ INFO] [1748157714.759803029]: [1748157714.760] v: -17.360641, w: -1.691000 (segment 0)[0m
[0m[ INFO] [1748157714.799777909]: Received reference trajectory - x: 114.230972, y: 0.000000, phi: 0.000000, v: 245.720993, w: 0.000000, line_no: 3[0m
[0m[ INFO] [1748157714.859725846]: [1748157714.860] Robot state - x: 6.564878, y: 1.350203, phi: -1.507055[0m
[0m[ INFO] [1748157714.859870935]: [1748157714.860] Reference trajectory - x: 0.114231, y: 0.000000, phi: 0.000000, v: 0.245721, w: 0.000000[0m
[0m[ INFO] [1748157714.859946488]: [1748157714.860] v: -17.524261, w: -1.715651 (segment 0)[0m
[0m[ INFO] [1748157714.899596725]: Received reference trajectory - x: 90.907669, y: 0.000000, phi: 0.000000, v: 220.831573, w: 0.000000, line_no: 3[0m
[0m[ INFO] [1748157714.959660855]: [1748157714.960] Robot state - x: 6.564878, y: 1.350203, phi: -1.507055[0m
[0m[ INFO] [1748157714.959805816]: [1748157714.960] Reference trajectory - x: 0.090908, y: 0.000000, phi: 0.000000, v: 0.220832, w: 0.000000[0m
[0m[ INFO] [1748157714.959854840]: [1748157714.960] v: -17.686842, w: -1.740302 (segment 0)[0m
[0m[ INFO] [1748157714.999689464]: Received reference trajectory - x: 70.093719, y: 0.000000, phi: 0.000000, v: 195.331329, w: 0.000000, line_no: 3[0m
[0m[ INFO] [1748157715.059300150]: [1748157715.059] Robot state - x: 6.564878, y: 1.350203, phi: -1.507055[0m
[0m[ INFO] [1748157715.059442167]: [1748157715.059] Reference trajectory - x: 0.070094, y: 0.000000, phi: 0.000000, v: 0.195331, w: 0.000000[0m
[0m[ INFO] [1748157715.059687097]: [1748157715.060] v: -17.848316, w: -1.764953 (segment 0)[0m
[0m[ INFO] [1748157715.099602233]: Received reference trajectory - x: 51.861610, y: 0.000000, phi: 0.000000, v: 169.233719, w: 0.000000, line_no: 3[0m
[0m[ INFO] [1748157715.159827867]: [1748157715.160] Robot state - x: 6.564878, y: 1.350203, phi: -1.507055[0m
[0m[ INFO] [1748157715.159974493]: [1748157715.160] Reference trajectory - x: 0.051862, y: 0.000000, phi: 0.000000, v: 0.169234, w: 0.000000[0m
[0m[ INFO] [1748157715.160061949]: [1748157715.160] v: -18.008560, w: -1.789605 (segment 0)[0m
[0m[ INFO] [1748157715.202659379]: Received reference trajectory - x: 36.256260, y: 0.000000, phi: 0.000000, v: 142.511856, w: 0.000000, line_no: 3[0m
[0m[ INFO] [1748157715.260225504]: [1748157715.260] Robot state - x: 6.564878, y: 1.350203, phi: -1.507055[0m
[0m[ INFO] [1748157715.260315553]: [1748157715.260] Reference trajectory - x: 0.036256, y: 0.000000, phi: 0.000000, v: 0.142512, w: 0.000000[0m
[0m[ INFO] [1748157715.260406946]: [1748157715.260] v: -18.167521, w: -1.814256 (segment 0)[0m
[0m[ INFO] [1748157715.299931423]: Received reference trajectory - x: 23.362940, y: 0.000000, phi: 0.000000, v: 115.207047, w: 0.000000, line_no: 3[0m
[0m[ INFO] [1748157715.370082193]: [1748157715.370] Robot state - x: 6.564878, y: 1.350203, phi: -1.507055[0m
[0m[ INFO] [1748157715.370187090]: [1748157715.370] Reference trajectory - x: 0.023363, y: 0.000000, phi: 0.000000, v: 0.115207, w: 0.000000[0m
[0m[ INFO] [1748157715.370311475]: [1748157715.370] v: -18.325031, w: -1.838907 (segment 0)[0m
[0m[ INFO] [1748157715.399584190]: Received reference trajectory - x: 13.241220, y: 0.000000, phi: 0.000000, v: 87.336235, w: 0.000000, line_no: 3[0m
[0m[ INFO] [1748157715.461265292]: [1748157715.461] Robot state - x: 6.564878, y: 1.350203, phi: -1.507055[0m
[0m[ INFO] [1748157715.461375277]: [1748157715.461] Reference trajectory - x: 0.013241, y: 0.000000, phi: 0.000000, v: 0.087336, w: 0.000000[0m
[0m[ INFO] [1748157715.461423406]: [1748157715.461] v: -18.480980, w: -1.863558 (segment 0)[0m
[0m[ INFO] [1748157715.499708320]: Received reference trajectory - x: 5.926871, y: 0.000000, phi: 0.000000, v: 58.833641, w: 0.000000, line_no: 3[0m
[0m[ INFO] [1748157715.564804298]: [1748157715.565] Robot state - x: 6.564878, y: 1.350203, phi: -1.507055[0m
[0m[ INFO] [1748157715.565037260]: [1748157715.565] Reference trajectory - x: 0.005927, y: 0.000000, phi: 0.000000, v: 0.058834, w: 0.000000[0m
[0m[ INFO] [1748157715.565152077]: [1748157715.565] v: -18.635344, w: -1.888209 (segment 0)[0m
[0m[ INFO] [1748157715.601450000]: Received reference trajectory - x: 1.491073, y: 0.000000, phi: 0.000000, v: 29.710617, w: 0.000000, line_no: 3[0m
[0m[ INFO] [1748157715.659473345]: [1748157715.659] Robot state - x: 6.564878, y: 1.350203, phi: -1.507055[0m
[0m[ INFO] [1748157715.659606274]: [1748157715.660] Reference trajectory - x: 0.001491, y: 0.000000, phi: 0.000000, v: 0.029711, w: 0.000000[0m
[0m[ INFO] [1748157715.659656387]: [1748157715.660] v: -18.788006, w: -1.912861 (segment 0)[0m
[0m[ INFO] [1748157715.699828197]: Received reference trajectory - x: 0.000001, y: 0.000000, phi: 0.000000, v: 0.026701, w: 0.000000, line_no: 3[0m
[0m[ INFO] [1748157715.765828150]: [1748157715.766] Robot state - x: 6.564878, y: 1.350203, phi: -1.507055[0m
[0m[ INFO] [1748157715.765961495]: [1748157715.766] Reference trajectory - x: 0.000000, y: 0.000000, phi: 0.000000, v: 0.000027, w: 0.000000[0m
[0m[ INFO] [1748157715.766036120]: [1748157715.766] v: -18.938793, w: -1.937512 (segment 0)[0m
[0m[ INFO] [1748157715.860277387]: [1748157715.860] Robot state - x: 6.564878, y: 1.350203, phi: -1.507055[0m
[0m[ INFO] [1748157715.860491853]: [1748157715.860] Reference trajectory - x: 0.000000, y: 0.000000, phi: 0.000000, v: 0.000027, w: 0.000000[0m
[0m[ INFO] [1748157715.860557358]: [1748157715.861] v: -19.058651, w: -1.962163 (segment 0)[0m
[0m[ INFO] [1748157715.959471911]: [1748157715.959] Robot state - x: 6.564878, y: 1.350203, phi: -1.507055[0m
[0m[ INFO] [1748157715.959831817]: [1748157715.960] Reference trajectory - x: 0.000000, y: 0.000000, phi: 0.000000, v: 0.000027, w: 0.000000[0m
[0m[ INFO] [1748157715.959929706]: [1748157715.960] v: -19.178509, w: -1.986814 (segment 0)[0m
[0m[ INFO] [1748157716.059457224]: [1748157716.059] Robot state - x: 6.564878, y: 1.350203, phi: -1.507055[0m
[0m[ INFO] [1748157716.059558985]: [1748157716.060] Reference trajectory - x: 0.000000, y: 0.000000, phi: 0.000000, v: 0.000027, w: 0.000000[0m
[0m[ INFO] [1748157716.059605609]: [1748157716.060] v: -19.298365, w: -2.011466 (segment 0)[0m
[0m[ INFO] [1748157716.233186202]: [1748157716.233] Robot state - x: 6.564878, y: 1.350203, phi: -1.507055[0m
[0m[ INFO] [1748157716.233286522]: [1748157716.233] Reference trajectory - x: 0.000000, y: 0.000000, phi: 0.000000, v: 0.000027, w: 0.000000[0m
[0m[ INFO] [1748157716.233358459]: [1748157716.233] v: -19.418222, w: -2.036117 (segment 0)[0m
[0m[ INFO] [1748157716.259625934]: [1748157716.260] Robot state - x: 6.564878, y: 1.350203, phi: -1.507055[0m
[0m[ INFO] [1748157716.259878736]: [1748157716.260] Reference trajectory - x: 0.000000, y: 0.000000, phi: 0.000000, v: 0.000027, w: 0.000000[0m
[0m[ INFO] [1748157716.259948464]: [1748157716.260] v: -19.538080, w: -2.060768 (segment 0)[0m
[0m[ INFO] [1748157716.371671536]: [1748157716.371] Robot state - x: 6.564878, y: 1.350203, phi: -1.507055[0m
[0m[ INFO] [1748157716.372261109]: [1748157716.372] Reference trajectory - x: 0.000000, y: 0.000000, phi: 0.000000, v: 0.000027, w: 0.000000[0m
[0m[ INFO] [1748157716.372425590]: [1748157716.372] v: -19.657936, w: -2.085419 (segment 0)[0m
[0m[ INFO] [1748157716.459875540]: [1748157716.460] Robot state - x: 6.564878, y: 1.350203, phi: -1.507055[0m
[0m[ INFO] [1748157716.459971956]: [1748157716.460] Reference trajectory - x: 0.000000, y: 0.000000, phi: 0.000000, v: 0.000027, w: 0.000000[0m
[0m[ INFO] [1748157716.460018901]: [1748157716.460] v: -19.777794, w: -2.110070 (segment 0)[0m
[0m[ INFO] [1748157716.560148984]: [1748157716.560] Robot state - x: 6.564878, y: 1.350203, phi: -1.507055[0m
[0m[ INFO] [1748157716.560274169]: [1748157716.560] Reference trajectory - x: 0.000000, y: 0.000000, phi: 0.000000, v: 0.000027, w: 0.000000[0m
[0m[ INFO] [1748157716.560343609]: [1748157716.560] v: -19.897652, w: -2.134722 (segment 0)[0m
[0m[ INFO] [1748157716.659906232]: [1748157716.660] Robot state - x: 6.564878, y: 1.350203, phi: -1.507055[0m
[0m[ INFO] [1748157716.660019705]: [1748157716.660] Reference trajectory - x: 0.000000, y: 0.000000, phi: 0.000000, v: 0.000027, w: 0.000000[0m
[0m[ INFO] [1748157716.660133658]: [1748157716.660] v: -20.017509, w: -2.159373 (segment 0)[0m
[0m[ INFO] [1748157716.767585143]: [1748157716.767] Robot state - x: 6.564878, y: 1.350203, phi: -1.507055[0m
[0m[ INFO] [1748157716.768489023]: [1748157716.768] Reference trajectory - x: 0.000000, y: 0.000000, phi: 0.000000, v: 0.000027, w: 0.000000[0m
[0m[ INFO] [1748157716.768861506]: [1748157716.769] v: -20.137367, w: -2.184024 (segment 0)[0m
[0m[ INFO] [1748157716.874581554]: [1748157716.874] Robot state - x: 6.564878, y: 1.350203, phi: -1.507055[0m
[0m[ INFO] [1748157716.874682226]: [1748157716.875] Reference trajectory - x: 0.000000, y: 0.000000, phi: 0.000000, v: 0.000027, w: 0.000000[0m
[0m[ INFO] [1748157716.874755379]: [1748157716.875] v: -20.257225, w: -2.208675 (segment 0)[0m
[0m[ INFO] [1748157716.959355737]: [1748157716.959] Robot state - x: 6.564878, y: 1.350203, phi: -1.507055[0m
[0m[ INFO] [1748157716.959455930]: [1748157716.959] Reference trajectory - x: 0.000000, y: 0.000000, phi: 0.000000, v: 0.000027, w: 0.000000[0m
[0m[ INFO] [1748157716.959507355]: [1748157716.959] v: -20.377083, w: -2.233326 (segment 0)[0m
[0m[ INFO] [1748157717.059943232]: [1748157717.060] Robot state - x: 6.564878, y: 1.350203, phi: -1.507055[0m
[0m[ INFO] [1748157717.060047361]: [1748157717.060] Reference trajectory - x: 0.000000, y: 0.000000, phi: 0.000000, v: 0.000027, w: 0.000000[0m
[0m[ INFO] [1748157717.060263875]: [1748157717.060] v: -20.496941, w: -2.257978 (segment 0)[0m
[0m[ INFO] [1748157717.159611360]: [1748157717.160] Robot state - x: 6.564878, y: 1.350203, phi: -1.507055[0m
[0m[ INFO] [1748157717.159711777]: [1748157717.160] Reference trajectory - x: 0.000000, y: 0.000000, phi: 0.000000, v: 0.000027, w: 0.000000[0m
[0m[ INFO] [1748157717.159840674]: [1748157717.160] v: -20.616798, w: -2.282629 (segment 0)[0m
[0m[ INFO] [1748157717.259559234]: [1748157717.259] Robot state - x: 6.564878, y: 1.350203, phi: -1.507055[0m
[0m[ INFO] [1748157717.259663203]: [1748157717.260] Reference trajectory - x: 0.000000, y: 0.000000, phi: 0.000000, v: 0.000027, w: 0.000000[0m
[0m[ INFO] [1748157717.259841572]: [1748157717.260] v: -20.736656, w: -2.307280 (segment 0)[0m
[0m[ INFO] [1748157717.359627012]: [1748157717.360] Robot state - x: 6.564878, y: 1.350203, phi: -1.507055[0m
[0m[ INFO] [1748157717.359816230]: [1748157717.360] Reference trajectory - x: 0.000000, y: 0.000000, phi: 0.000000, v: 0.000027, w: 0.000000[0m
[0m[ INFO] [1748157717.359894951]: [1748157717.360] v: -20.856512, w: -2.331931 (segment 0)[0m
[0m[ INFO] [1748157717.460074282]: [1748157717.460] Robot state - x: 6.564878, y: 1.350203, phi: -1.507055[0m
[0m[ INFO] [1748157717.460172779]: [1748157717.460] Reference trajectory - x: 0.000000, y: 0.000000, phi: 0.000000, v: 0.000027, w: 0.000000[0m
[0m[ INFO] [1748157717.460268268]: [1748157717.460] v: -20.976370, w: -2.356582 (segment 0)[0m
[0m[ INFO] [1748157717.566195326]: [1748157717.566] Robot state - x: 6.564878, y: 1.350203, phi: -1.507055[0m
[0m[ INFO] [1748157717.566489344]: [1748157717.566] Reference trajectory - x: 0.000000, y: 0.000000, phi: 0.000000, v: 0.000027, w: 0.000000[0m
[0m[ INFO] [1748157717.566712642]: [1748157717.567] v: -21.096228, w: -2.381234 (segment 0)[0m
[0m[ INFO] [1748157717.660272816]: [1748157717.660] Robot state - x: 6.564878, y: 1.350203, phi: -1.507055[0m
[0m[ INFO] [1748157717.660430610]: [1748157717.660] Reference trajectory - x: 0.000000, y: 0.000000, phi: 0.000000, v: 0.000027, w: 0.000000[0m
[0m[ INFO] [1748157717.660486706]: [1748157717.660] v: -21.216084, w: -2.405885 (segment 0)[0m
[0m[ INFO] [1748157717.771060969]: [1748157717.771] Robot state - x: 6.564878, y: 1.350203, phi: -1.507055[0m
[0m[ INFO] [1748157717.771371916]: [1748157717.771] Reference trajectory - x: 0.000000, y: 0.000000, phi: 0.000000, v: 0.000027, w: 0.000000[0m
[0m[ INFO] [1748157717.771572493]: [1748157717.771] v: -21.335941, w: -2.430536 (segment 0)[0m
[0m[ INFO] [1748157717.860635896]: [1748157717.861] Robot state - x: 6.564878, y: 1.350203, phi: -1.507055[0m
[0m[ INFO] [1748157717.860786681]: [1748157717.861] Reference trajectory - x: 0.000000, y: 0.000000, phi: 0.000000, v: 0.000027, w: 0.000000[0m
[0m[ INFO] [1748157717.860837497]: [1748157717.861] v: -21.455799, w: -2.455187 (segment 0)[0m
[0m[ INFO] [1748157717.966345032]: [1748157717.966] Robot state - x: 6.564878, y: 1.350203, phi: -1.507055[0m
[0m[ INFO] [1748157717.966811948]: [1748157717.967] Reference trajectory - x: 0.000000, y: 0.000000, phi: 0.000000, v: 0.000027, w: 0.000000[0m
[0m[ INFO] [1748157717.966921036]: [1748157717.967] v: -21.575657, w: -2.479839 (segment 0)[0m
[0m[ INFO] [1748157718.060052824]: [1748157718.060] Robot state - x: 6.564878, y: 1.350203, phi: -1.507055[0m
[0m[ INFO] [1748157718.060179449]: [1748157718.060] Reference trajectory - x: 0.000000, y: 0.000000, phi: 0.000000, v: 0.000027, w: 0.000000[0m
[0m[ INFO] [1748157718.060228505]: [1748157718.060] v: -21.695515, w: -2.504490 (segment 0)[0m
[0m[ INFO] [1748157718.166991890]: [1748157718.167] Robot state - x: 6.564878, y: 1.350203, phi: -1.507055[0m
[0m[ INFO] [1748157718.167113395]: [1748157718.167] Reference trajectory - x: 0.000000, y: 0.000000, phi: 0.000000, v: 0.000027, w: 0.000000[0m
[0m[ INFO] [1748157718.167170099]: [1748157718.167] v: -21.815372, w: -2.529141 (segment 0)[0m
[0m[ INFO] [1748157718.260279199]: [1748157718.260] Robot state - x: 6.564878, y: 1.350203, phi: -1.507055[0m
[0m[ INFO] [1748157718.260538945]: [1748157718.261] Reference trajectory - x: 0.000000, y: 0.000000, phi: 0.000000, v: 0.000027, w: 0.000000[0m
[0m[ INFO] [1748157718.260637665]: [1748157718.261] v: -21.935230, w: -2.553792 (segment 0)[0m
[0m[ INFO] [1748157718.375854366]: [1748157718.376] Robot state - x: 6.564878, y: 1.350203, phi: -1.507055[0m
[0m[ INFO] [1748157718.375971199]: [1748157718.376] Reference trajectory - x: 0.000000, y: 0.000000, phi: 0.000000, v: 0.000027, w: 0.000000[0m
[0m[ INFO] [1748157718.376103648]: [1748157718.376] v: -22.055088, w: -2.578444 (segment 0)[0m
[0m[ INFO] [1748157718.460044322]: [1748157718.460] Robot state - x: 6.564878, y: 1.350203, phi: -1.507055[0m
[0m[ INFO] [1748157718.460136898]: [1748157718.460] Reference trajectory - x: 0.000000, y: 0.000000, phi: 0.000000, v: 0.000027, w: 0.000000[0m
[0m[ INFO] [1748157718.460260707]: [1748157718.460] v: -22.174946, w: -2.603095 (segment 0)[0m
[0m[ INFO] [1748157718.559398271]: [1748157718.559] Robot state - x: 6.564878, y: 1.350203, phi: -1.507055[0m
[0m[ INFO] [1748157718.559552096]: [1748157718.559] Reference trajectory - x: 0.000000, y: 0.000000, phi: 0.000000, v: 0.000027, w: 0.000000[0m
[0m[ INFO] [1748157718.559627873]: [1748157718.560] v: -22.294804, w: -2.627746 (segment 0)[0m
[0m[ INFO] [1748157718.660531691]: [1748157718.660] Robot state - x: 6.564878, y: 1.350203, phi: -1.507055[0m
[0m[ INFO] [1748157718.660638123]: [1748157718.661] Reference trajectory - x: 0.000000, y: 0.000000, phi: 0.000000, v: 0.000027, w: 0.000000[0m
[0m[ INFO] [1748157718.660690028]: [1748157718.661] v: -22.414661, w: -2.652397 (segment 0)[0m
[0m[ INFO] [1748157718.760831216]: [1748157718.761] Robot state - x: 6.564878, y: 1.350203, phi: -1.507055[0m
[0m[ INFO] [1748157718.761001105]: [1748157718.761] Reference trajectory - x: 0.000000, y: 0.000000, phi: 0.000000, v: 0.000027, w: 0.000000[0m
[0m[ INFO] [1748157718.761110770]: [1748157718.761] v: -22.534515, w: -2.677048 (segment 0)[0m
[0m[ INFO] [1748157718.860230221]: [1748157718.860] Robot state - x: 6.564878, y: 1.350203, phi: -1.507055[0m
[0m[ INFO] [1748157718.860377838]: [1748157718.860] Reference trajectory - x: 0.000000, y: 0.000000, phi: 0.000000, v: 0.000027, w: 0.000000[0m
[0m[ INFO] [1748157718.860512783]: [1748157718.860] v: -22.654373, w: -2.701699 (segment 0)[0m
[0m[ INFO] [1748157718.968186576]: [1748157718.968] Robot state - x: 6.564878, y: 1.350203, phi: -1.507055[0m
[0m[ INFO] [1748157718.968297616]: [1748157718.968] Reference trajectory - x: 0.000000, y: 0.000000, phi: 0.000000, v: 0.000027, w: 0.000000[0m
[0m[ INFO] [1748157718.968358737]: [1748157718.968] v: -22.774231, w: -2.726351 (segment 0)[0m
[0m[ INFO] [1748157719.061382332]: [1748157719.061] Robot state - x: 6.564878, y: 1.350203, phi: -1.507055[0m
[0m[ INFO] [1748157719.061516541]: [1748157719.061] Reference trajectory - x: 0.000000, y: 0.000000, phi: 0.000000, v: 0.000027, w: 0.000000[0m
[0m[ INFO] [1748157719.061564669]: [1748157719.062] v: -22.894089, w: -2.751002 (segment 0)[0m
[0m[ INFO] [1748157719.165363070]: [1748157719.165] Robot state - x: 6.564878, y: 1.350203, phi: -1.507055[0m
[0m[ INFO] [1748157719.165467871]: [1748157719.165] Reference trajectory - x: 0.000000, y: 0.000000, phi: 0.000000, v: 0.000027, w: 0.000000[0m
[0m[ INFO] [1748157719.165657601]: [1748157719.166] v: -23.013947, w: -2.775653 (segment 0)[0m
[0m[ INFO] [1748157719.261693636]: [1748157719.262] Robot state - x: 6.564878, y: 1.350203, phi: -1.507055[0m
[0m[ INFO] [1748157719.261796900]: [1748157719.262] Reference trajectory - x: 0.000000, y: 0.000000, phi: 0.000000, v: 0.000027, w: 0.000000[0m
[0m[ INFO] [1748157719.261918981]: [1748157719.262] v: -23.133804, w: -2.800304 (segment 0)[0m
[0m[ INFO] [1748157719.372968641]: [1748157719.372] Robot state - x: 6.564878, y: 1.350203, phi: -1.507055[0m
[0m[ INFO] [1748157719.373389540]: [1748157719.373] Reference trajectory - x: 0.000000, y: 0.000000, phi: 0.000000, v: 0.000027, w: 0.000000[0m
[0m[ INFO] [1748157719.374072234]: [1748157719.374] v: -23.253662, w: -2.824955 (segment 0)[0m
[0m[ INFO] [1748157719.467429079]: [1748157719.467] Robot state - x: 6.564878, y: 1.350203, phi: -1.507055[0m
[0m[ INFO] [1748157719.467534648]: [1748157719.468] Reference trajectory - x: 0.000000, y: 0.000000, phi: 0.000000, v: 0.000027, w: 0.000000[0m
[0m[ INFO] [1748157719.467637721]: [1748157719.468] v: -23.373520, w: -2.849607 (segment 0)[0m
[0m[ INFO] [1748157719.566502546]: [1748157719.566] Robot state - x: 6.564878, y: 1.350203, phi: -1.507055[0m
[0m[ INFO] [1748157719.566637204]: [1748157719.567] Reference trajectory - x: 0.000000, y: 0.000000, phi: 0.000000, v: 0.000027, w: 0.000000[0m
[0m[ INFO] [1748157719.566702548]: [1748157719.567] v: -23.493378, w: -2.874258 (segment 0)[0m
[0m[ INFO] [1748157719.660193251]: [1748157719.660] Robot state - x: 6.564878, y: 1.350203, phi: -1.507055[0m
[0m[ INFO] [1748157719.660344260]: [1748157719.660] Reference trajectory - x: 0.000000, y: 0.000000, phi: 0.000000, v: 0.000027, w: 0.000000[0m
[0m[ INFO] [1748157719.660446117]: [1748157719.660] v: -23.613235, w: -2.898909 (segment 0)[0m
[0m[ INFO] [1748157719.759910659]: [1748157719.760] Robot state - x: 6.564878, y: 1.350203, phi: -1.507055[0m
[0m[ INFO] [1748157719.760037956]: [1748157719.760] Reference trajectory - x: 0.000000, y: 0.000000, phi: 0.000000, v: 0.000027, w: 0.000000[0m
[0m[ INFO] [1748157719.760100741]: [1748157719.760] v: -23.733093, w: -2.923560 (segment 0)[0m
[0m[ INFO] [1748157719.860170056]: [1748157719.860] Robot state - x: 6.564878, y: 1.350203, phi: -1.507055[0m
[0m[ INFO] [1748157719.860324905]: [1748157719.860] Reference trajectory - x: 0.000000, y: 0.000000, phi: 0.000000, v: 0.000027, w: 0.000000[0m
[0m[ INFO] [1748157719.860404266]: [1748157719.860] v: -23.744003, w: -2.948212 (segment 0)[0m
[0m[ INFO] [1748157719.959267715]: [1748157719.959] Robot state - x: 6.564878, y: 1.350203, phi: -1.507055[0m
[0m[ INFO] [1748157719.959432581]: [1748157719.959] Reference trajectory - x: 0.000000, y: 0.000000, phi: 0.000000, v: 0.000027, w: 0.000000[0m
[0m[ INFO] [1748157719.959494405]: [1748157719.959] v: -23.744003, w: -2.972863 (segment 0)[0m
[0m[ INFO] [1748157720.064543921]: [1748157720.064] Robot state - x: 6.564878, y: 1.350203, phi: -1.507055[0m
[0m[ INFO] [1748157720.064687858]: [1748157720.065] Reference trajectory - x: 0.000000, y: 0.000000, phi: 0.000000, v: 0.000027, w: 0.000000[0m
[0m[ INFO] [1748157720.064760786]: [1748157720.065] v: -23.744003, w: -2.997514 (segment 0)[0m
[0m[ INFO] [1748157720.159635404]: [1748157720.160] Robot state - x: 6.564878, y: 1.350203, phi: -1.507055[0m
[0m[ INFO] [1748157720.159939151]: [1748157720.160] Reference trajectory - x: 0.000000, y: 0.000000, phi: 0.000000, v: 0.000027, w: 0.000000[0m
[0m[ INFO] [1748157720.160007567]: [1748157720.160] v: -23.744003, w: -3.022165 (segment 0)[0m
[0m[ INFO] [1748157720.262066115]: [1748157720.262] Robot state - x: 6.564878, y: 1.350203, phi: -1.507055[0m
[0m[ INFO] [1748157720.262162404]: [1748157720.262] Reference trajectory - x: 0.000000, y: 0.000000, phi: 0.000000, v: 0.000027, w: 0.000000[0m
[0m[ INFO] [1748157720.262233924]: [1748157720.262] v: -23.744003, w: -3.046816 (segment 0)[0m
[0m[ INFO] [1748157720.360239895]: [1748157720.360] Robot state - x: 6.564878, y: 1.350203, phi: -1.507055[0m
[0m[ INFO] [1748157720.360347288]: [1748157720.360] Reference trajectory - x: 0.000000, y: 0.000000, phi: 0.000000, v: 0.000027, w: 0.000000[0m
[0m[ INFO] [1748157720.360411321]: [1748157720.360] v: -23.744003, w: -3.071468 (segment 0)[0m
[0m[ INFO] [1748157720.460585597]: [1748157720.460] Robot state - x: 6.564878, y: 1.350203, phi: -1.507055[0m
[0m[ INFO] [1748157720.460706302]: [1748157720.461] Reference trajectory - x: 0.000000, y: 0.000000, phi: 0.000000, v: 0.000027, w: 0.000000[0m
[0m[ INFO] [1748157720.460779678]: [1748157720.461] v: -23.744003, w: -3.096119 (segment 0)[0m
[0m[ INFO] [1748157720.565467847]: [1748157720.565] Robot state - x: 6.564878, y: 1.350203, phi: -1.507055[0m
[0m[ INFO] [1748157720.565737577]: [1748157720.566] Reference trajectory - x: 0.000000, y: 0.000000, phi: 0.000000, v: 0.000027, w: 0.000000[0m
[0m[ INFO] [1748157720.565833514]: [1748157720.566] v: -23.744003, w: -3.120771 (segment 0)[0m
[0m[ INFO] [1748157720.659872189]: [1748157720.660] Robot state - x: 6.564878, y: 1.350203, phi: -1.507055[0m
[0m[ INFO] [1748157720.659972958]: [1748157720.660] Reference trajectory - x: 0.000000, y: 0.000000, phi: 0.000000, v: 0.000027, w: 0.000000[0m
[0m[ INFO] [1748157720.660080223]: [1748157720.660] v: -23.744003, w: -3.145422 (segment 0)[0m
[0m[ INFO] [1748157720.769563406]: [1748157720.769] Robot state - x: 6.564878, y: 1.350203, phi: -1.507055[0m
[0m[ INFO] [1748157720.769915729]: [1748157720.770] Reference trajectory - x: 0.000000, y: 0.000000, phi: 0.000000, v: 0.000027, w: 0.000000[0m
[0m[ INFO] [1748157720.770173491]: [1748157720.770] v: -23.744003, w: -3.170074 (segment 0)[0m
[0m[ INFO] [1748157720.859612513]: [1748157720.860] Robot state - x: 6.564878, y: 1.350203, phi: -1.507055[0m
[0m[ INFO] [1748157720.859903107]: [1748157720.860] Reference trajectory - x: 0.000000, y: 0.000000, phi: 0.000000, v: 0.000027, w: 0.000000[0m
[0m[ INFO] [1748157720.859959940]: [1748157720.860] v: -23.744003, w: -3.194725 (segment 0)[0m
[0m[ INFO] [1748157720.959443427]: [1748157720.959] Robot state - x: 6.564878, y: 1.350203, phi: -1.507055[0m
[0m[ INFO] [1748157720.959590660]: [1748157720.960] Reference trajectory - x: 0.000000, y: 0.000000, phi: 0.000000, v: 0.000027, w: 0.000000[0m
[0m[ INFO] [1748157720.959645380]: [1748157720.960] v: -23.744003, w: -3.219376 (segment 0)[0m
[0m[ INFO] [1748157721.059666984]: [1748157721.060] Robot state - x: 6.564878, y: 1.350203, phi: -1.507055[0m
[0m[ INFO] [1748157721.059894314]: [1748157721.060] Reference trajectory - x: 0.000000, y: 0.000000, phi: 0.000000, v: 0.000027, w: 0.000000[0m
[0m[ INFO] [1748157721.059946442]: [1748157721.060] v: -23.744003, w: -3.244028 (segment 0)[0m
[0m[ INFO] [1748157721.234319523]: [1748157721.234] Robot state - x: 6.564878, y: 1.350203, phi: -1.507055[0m
[0m[ INFO] [1748157721.234417283]: [1748157721.234] Reference trajectory - x: 0.000000, y: 0.000000, phi: 0.000000, v: 0.000027, w: 0.000000[0m
[0m[ INFO] [1748157721.234461956]: [1748157721.234] v: -23.744003, w: -3.268679 (segment 0)[0m
[0m[ INFO] [1748157721.259613070]: [1748157721.260] Robot state - x: 6.564878, y: 1.350203, phi: -1.507055[0m
[0m[ INFO] [1748157721.259938224]: [1748157721.260] Reference trajectory - x: 0.000000, y: 0.000000, phi: 0.000000, v: 0.000027, w: 0.000000[0m
[0m[ INFO] [1748157721.260036049]: [1748157721.260] v: -23.744003, w: -3.293330 (segment 0)[0m
[0m[ INFO] [1748157721.368258871]: [1748157721.368] Robot state - x: 6.564878, y: 1.350203, phi: -1.507055[0m
[0m[ INFO] [1748157721.368574937]: [1748157721.369] Reference trajectory - x: 0.000000, y: 0.000000, phi: 0.000000, v: 0.000027, w: 0.000000[0m
[0m[ INFO] [1748157721.368677818]: [1748157721.369] v: -23.744003, w: -3.317982 (segment 0)[0m
[0m[ INFO] [1748157721.462210953]: [1748157721.462] Robot state - x: 6.564878, y: 1.350203, phi: -1.507055[0m
[0m[ INFO] [1748157721.462343754]: [1748157721.462] Reference trajectory - x: 0.000000, y: 0.000000, phi: 0.000000, v: 0.000027, w: 0.000000[0m
[0m[ INFO] [1748157721.462390795]: [1748157721.462] v: -23.744003, w: -3.342633 (segment 0)[0m
[0m[ INFO] [1748157721.559382070]: [1748157721.559] Robot state - x: 6.564878, y: 1.350203, phi: -1.507055[0m
[0m[ INFO] [1748157721.559486071]: [1748157721.559] Reference trajectory - x: 0.000000, y: 0.000000, phi: 0.000000, v: 0.000027, w: 0.000000[0m
[0m[ INFO] [1748157721.559573623]: [1748157721.560] v: -23.744003, w: -3.367285 (segment 0)[0m
[0m[ INFO] [1748157721.659715484]: [1748157721.660] Robot state - x: 6.564878, y: 1.350203, phi: -1.507055[0m
[0m[ INFO] [1748157721.659955806]: [1748157721.660] Reference trajectory - x: 0.000000, y: 0.000000, phi: 0.000000, v: 0.000027, w: 0.000000[0m