[0m[ INFO] [1748147503.041660796]: K_x: [0.000000, 0.000000, 0.000000; 0.000000, 0.000000, 0.000000][0m
[0m[ INFO] [1748147503.182493011]: K_x: [0.752481, 0.000000, 0.000000; 0.000000, 1.124046, 0.961472][0m
[0m[ INFO] [1748147503.182538900]: K_p: [0.158114, 0.000000; 0.000000, 0.158114][0m
[0m[ INFO] [1748147505.369179352]: [1748147505.369] Robot state - x: 0.000000, y: 0.000000, phi: 0.000000[0m
[0m[ INFO] [1748147505.373504144]: [1748147505.373] Reference trajectory - x: 0.000000, y: 0.000000, phi: 0.000000, v: 0.000000, w: 0.000000[0m
[0m[ INFO] [1748147505.469213451]: [1748147505.469] Robot state - x: 0.000000, y: 0.000000, phi: 0.000000[0m
[0m[ INFO] [1748147505.469311917]: [1748147505.469] Reference trajectory - x: 0.000000, y: 0.000000, phi: 0.000000, v: 0.000000, w: 0.000000[0m
[0m[ INFO] [1748147505.569693415]: [1748147505.570] Robot state - x: 0.000000, y: 0.000000, phi: 0.000000[0m
[0m[ INFO] [1748147505.569852170]: [1748147505.570] Reference trajectory - x: 0.000000, y: 0.000000, phi: 0.000000, v: 0.000000, w: 0.000000[0m
[0m[ INFO] [1748147505.669099182]: [1748147505.669] Robot state - x: 0.000000, y: 0.000000, phi: 0.000000[0m
[0m[ INFO] [1748147505.669194864]: [1748147505.669] Reference trajectory - x: 0.000000, y: 0.000000, phi: 0.000000, v: 0.000000, w: 0.000000[0m
[0m[ INFO] [1748147505.769448551]: [1748147505.769] Robot state - x: 0.000000, y: 0.000000, phi: 0.000000[0m
[0m[ INFO] [1748147505.769549769]: [1748147505.770] Reference trajectory - x: 0.000000, y: 0.000000, phi: 0.000000, v: 0.000000, w: 0.000000[0m
[0m[ INFO] [1748147505.869720383]: [1748147505.870] Robot state - x: 0.000000, y: 0.000000, phi: 0.000000[0m
[0m[ INFO] [1748147505.869839234]: [1748147505.870] Reference trajectory - x: 0.000000, y: 0.000000, phi: 0.000000, v: 0.000000, w: 0.000000[0m
[0m[ INFO] [1748147505.971931903]: [1748147505.972] Robot state - x: 0.000000, y: 0.000000, phi: 0.000000[0m
[0m[ INFO] [1748147505.972044289]: [1748147505.972] Reference trajectory - x: 0.000000, y: 0.000000, phi: 0.000000, v: 0.000000, w: 0.000000[0m
[0m[ INFO] [1748147506.068668750]: [1748147506.069] Robot state - x: 0.000000, y: 0.000000, phi: 0.000000[0m
[0m[ INFO] [1748147506.068790992]: [1748147506.069] Reference trajectory - x: 0.000000, y: 0.000000, phi: 0.000000, v: 0.000000, w: 0.000000[0m
[0m[ INFO] [1748147506.168815745]: [1748147506.169] Robot state - x: 0.000000, y: 0.000000, phi: 0.000000[0m
[0m[ INFO] [1748147506.168966756]: [1748147506.169] Reference trajectory - x: 0.000000, y: 0.000000, phi: 0.000000, v: 0.000000, w: 0.000000[0m
[0m[ INFO] [1748147506.269787365]: [1748147506.270] Robot state - x: 0.000000, y: 0.000000, phi: 0.000000[0m
[0m[ INFO] [1748147506.270013034]: [1748147506.270] Reference trajectory - x: 0.000000, y: 0.000000, phi: 0.000000, v: 0.000000, w: 0.000000[0m
[0m[ INFO] [1748147506.369943513]: [1748147506.370] Robot state - x: 0.000000, y: 0.000000, phi: 0.000000[0m
[0m[ INFO] [1748147506.370148701]: [1748147506.370] Reference trajectory - x: 0.000000, y: 0.000000, phi: 0.000000, v: 0.000000, w: 0.000000[0m
[0m[ INFO] [1748147506.370230623]: [1748147506.370] v: 0.000000, w: 0.000000[0m
[0m[ INFO] [1748147506.469898280]: [1748147506.470] Robot state - x: 0.000000, y: 0.000000, phi: 0.000000[0m
[0m[ INFO] [1748147506.470032267]: [1748147506.470] Reference trajectory - x: 0.000000, y: 0.000000, phi: 0.000000, v: 0.000000, w: 0.000000[0m
[0m[ INFO] [1748147506.470099244]: [1748147506.470] v: 0.000000, w: 0.000000[0m
[0m[ INFO] [1748147506.581929485]: [1748147506.582] Robot state - x: 0.000000, y: 0.000000, phi: 0.000000[0m
[0m[ INFO] [1748147506.582371894]: [1748147506.582] Reference trajectory - x: 0.000000, y: 0.000000, phi: 0.000000, v: 0.000000, w: 0.000000[0m
[0m[ INFO] [1748147506.582581146]: [1748147506.582] v: 0.000000, w: 0.000000[0m
[0m[ INFO] [1748147506.669630147]: [1748147506.670] Robot state - x: 0.000000, y: 0.000000, phi: 0.000000[0m
[0m[ INFO] [1748147506.669779142]: [1748147506.670] Reference trajectory - x: 0.000000, y: 0.000000, phi: 0.000000, v: 0.000000, w: 0.000000[0m
[0m[ INFO] [1748147506.670032908]: [1748147506.670] v: 0.000000, w: 0.000000[0m
[0m[ INFO] [1748147506.768731201]: [1748147506.769] Robot state - x: 0.000000, y: 0.000000, phi: 0.000000[0m
[0m[ INFO] [1748147506.768854148]: [1748147506.769] Reference trajectory - x: 0.000000, y: 0.000000, phi: 0.000000, v: 0.000000, w: 0.000000[0m
[0m[ INFO] [1748147506.768938470]: [1748147506.769] v: 0.000000, w: 0.000000[0m
[0m[ INFO] [1748147506.869747815]: [1748147506.870] Robot state - x: 0.000000, y: 0.000000, phi: 0.000000[0m
[0m[ INFO] [1748147506.869911626]: [1748147506.870] Reference trajectory - x: 0.000000, y: 0.000000, phi: 0.000000, v: 0.000000, w: 0.000000[0m
[0m[ INFO] [1748147506.870042765]: [1748147506.870] v: 0.000000, w: 0.000000[0m
[0m[ INFO] [1748147506.969428848]: [1748147506.969] Robot state - x: 0.000000, y: 0.000000, phi: 0.000000[0m
[0m[ INFO] [1748147506.969520306]: [1748147506.969] Reference trajectory - x: 0.000000, y: 0.000000, phi: 0.000000, v: 0.000000, w: 0.000000[0m
[0m[ INFO] [1748147506.969622260]: [1748147506.970] v: 0.000000, w: 0.000000[0m
[0m[ INFO] [1748147507.073769911]: [1748147507.074] Robot state - x: 0.000000, y: 0.000000, phi: 0.000000[0m
[0m[ INFO] [1748147507.073911738]: [1748147507.074] Reference trajectory - x: 0.000000, y: 0.000000, phi: 0.000000, v: 0.000000, w: 0.000000[0m
[0m[ INFO] [1748147507.073967419]: [1748147507.074] v: 0.000000, w: 0.000000[0m
[0m[ INFO] [1748147507.169809461]: [1748147507.170] Robot state - x: 0.000000, y: 0.000000, phi: 0.000000[0m
[0m[ INFO] [1748147507.169958040]: [1748147507.170] Reference trajectory - x: 0.000000, y: 0.000000, phi: 0.000000, v: 0.000000, w: 0.000000[0m
[0m[ INFO] [1748147507.170007417]: [1748147507.170] v: 0.000000, w: 0.000000[0m
[0m[ INFO] [1748147507.268946802]: [1748147507.269] Robot state - x: 0.000000, y: 0.000000, phi: 0.000000[0m
[0m[ INFO] [1748147507.269093109]: [1748147507.269] Reference trajectory - x: 0.000000, y: 0.000000, phi: 0.000000, v: 0.000000, w: 0.000000[0m
[0m[ INFO] [1748147507.269175222]: [1748147507.269] v: 0.000000, w: 0.000000[0m
[0m[ INFO] [1748147507.369076867]: [1748147507.369] Robot state - x: 0.000000, y: 0.000000, phi: 0.000000[0m
[0m[ INFO] [1748147507.369395849]: [1748147507.369] Reference trajectory - x: 0.000000, y: 0.000000, phi: 0.000000, v: 0.000000, w: 0.000000[0m
[0m[ INFO] [1748147507.369466218]: [1748147507.369] v: 0.000000, w: 0.000000[0m
[0m[ INFO] [1748147507.468843532]: [1748147507.469] Robot state - x: 0.000000, y: 0.000000, phi: 0.000000[0m
[0m[ INFO] [1748147507.468938830]: [1748147507.469] Reference trajectory - x: 0.000000, y: 0.000000, phi: 0.000000, v: 0.000000, w: 0.000000[0m
[0m[ INFO] [1748147507.468986831]: [1748147507.469] v: 0.000000, w: 0.000000[0m
[0m[ INFO] [1748147507.568882779]: [1748147507.569] Robot state - x: 0.000000, y: 0.000000, phi: 0.000000[0m
[0m[ INFO] [1748147507.569000029]: [1748147507.569] Reference trajectory - x: 0.000000, y: 0.000000, phi: 0.000000, v: 0.000000, w: 0.000000[0m
[0m[ INFO] [1748147507.569047614]: [1748147507.569] v: 0.000000, w: 0.000000[0m
[0m[ INFO] [1748147507.670289830]: [1748147507.670] Robot state - x: 0.000000, y: 0.000000, phi: 0.000000[0m
[0m[ INFO] [1748147507.670384552]: [1748147507.670] Reference trajectory - x: 0.000000, y: 0.000000, phi: 0.000000, v: 0.000000, w: 0.000000[0m
[0m[ INFO] [1748147507.671050645]: [1748147507.670] v: 0.000000, w: 0.000000[0m
[0m[ INFO] [1748147507.858172364]: [1748147507.858] Robot state - x: 0.000000, y: 0.000000, phi: 0.000000[0m
[0m[ INFO] [1748147507.858266798]: [1748147507.858] Reference trajectory - x: 0.000000, y: 0.000000, phi: 0.000000, v: 0.000000, w: 0.000000[0m
[0m[ INFO] [1748147507.858312623]: [1748147507.858] v: 0.000000, w: 0.000000[0m
[0m[ INFO] [1748147507.869980412]: [1748147507.870] Robot state - x: 0.000000, y: 0.000000, phi: 0.000000[0m
[0m[ INFO] [1748147507.870101630]: [1748147507.870] Reference trajectory - x: 0.000000, y: 0.000000, phi: 0.000000, v: 0.000000, w: 0.000000[0m
[0m[ INFO] [1748147507.870495270]: [1748147507.870] v: 0.000000, w: 0.000000[0m
[0m[ INFO] [1748147507.968819602]: [1748147507.969] Robot state - x: 0.000000, y: 0.000000, phi: 0.000000[0m
[0m[ INFO] [1748147507.968914452]: [1748147507.969] Reference trajectory - x: 0.000000, y: 0.000000, phi: 0.000000, v: 0.000000, w: 0.000000[0m
[0m[ INFO] [1748147507.968959573]: [1748147507.969] v: 0.000000, w: 0.000000[0m
[0m[ INFO] [1748147508.068940577]: [1748147508.069] Robot state - x: 0.000000, y: 0.000000, phi: 0.000000[0m
[0m[ INFO] [1748147508.069038819]: [1748147508.069] Reference trajectory - x: 0.000000, y: 0.000000, phi: 0.000000, v: 0.000000, w: 0.000000[0m
[0m[ INFO] [1748147508.069082436]: [1748147508.069] v: 0.000000, w: 0.000000[0m
[0m[ INFO] [1748147508.169292756]: [1748147508.169] Robot state - x: 0.000000, y: 0.000000, phi: 0.000000[0m
[0m[ INFO] [1748147508.169496857]: [1748147508.169] Reference trajectory - x: 0.000000, y: 0.000000, phi: 0.000000, v: 0.000000, w: 0.000000[0m
[0m[ INFO] [1748147508.169556570]: [1748147508.170] v: 0.000000, w: 0.000000[0m
[0m[ INFO] [1748147508.268940249]: [1748147508.269] Robot state - x: 0.000000, y: 0.000000, phi: 0.000000[0m
[0m[ INFO] [1748147508.269041787]: [1748147508.269] Reference trajectory - x: 0.000000, y: 0.000000, phi: 0.000000, v: 0.000000, w: 0.000000[0m
[0m[ INFO] [1748147508.269090428]: [1748147508.269] v: 0.000000, w: 0.000000[0m
[0m[ INFO] [1748147508.368889380]: [1748147508.369] Robot state - x: 0.000000, y: 0.000000, phi: 0.000000[0m
[0m[ INFO] [1748147508.368978086]: [1748147508.369] Reference trajectory - x: 0.000000, y: 0.000000, phi: 0.000000, v: 0.000000, w: 0.000000[0m
[0m[ INFO] [1748147508.369022983]: [1748147508.369] v: 0.000000, w: 0.000000[0m
[0m[ INFO] [1748147508.469238007]: [1748147508.469] Robot state - x: 0.000000, y: 0.000000, phi: 0.000000[0m
[0m[ INFO] [1748147508.469419963]: [1748147508.469] Reference trajectory - x: 0.000000, y: 0.000000, phi: 0.000000, v: 0.000000, w: 0.000000[0m
[0m[ INFO] [1748147508.469508637]: [1748147508.469] v: 0.000000, w: 0.000000[0m
[0m[ INFO] [1748147508.568715705]: [1748147508.569] Robot state - x: 0.000000, y: 0.000000, phi: 0.000000[0m
[0m[ INFO] [1748147508.568804858]: [1748147508.569] Reference trajectory - x: 0.000000, y: 0.000000, phi: 0.000000, v: 0.000000, w: 0.000000[0m
[0m[ INFO] [1748147508.568851739]: [1748147508.569] v: 0.000000, w: 0.000000[0m
[0m[ INFO] [1748147508.669330193]: [1748147508.669] Robot state - x: 0.000000, y: 0.000000, phi: 0.000000[0m
[0m[ INFO] [1748147508.669469108]: [1748147508.669] Reference trajectory - x: 0.000000, y: 0.000000, phi: 0.000000, v: 0.000000, w: 0.000000[0m
[0m[ INFO] [1748147508.669542485]: [1748147508.669] v: 0.000000, w: 0.000000[0m
[0m[ INFO] [1748147508.770341937]: [1748147508.770] Robot state - x: 0.000000, y: 0.000000, phi: 0.000000[0m
[0m[ INFO] [1748147508.770979774]: [1748147508.771] Reference trajectory - x: 0.000000, y: 0.000000, phi: 0.000000, v: 0.000000, w: 0.000000[0m
[0m[ INFO] [1748147508.771070112]: [1748147508.771] v: 0.000000, w: 0.000000[0m
[0m[ INFO] [1748147508.870214619]: [1748147508.870] Robot state - x: 0.000000, y: 0.000000, phi: 0.000000[0m
[0m[ INFO] [1748147508.870686436]: [1748147508.870] Reference trajectory - x: 0.000000, y: 0.000000, phi: 0.000000, v: 0.000000, w: 0.000000[0m
[0m[ INFO] [1748147508.870761830]: [1748147508.871] v: 0.000000, w: 0.000000[0m
[0m[ INFO] [1748147508.969202290]: [1748147508.969] Robot state - x: 0.000000, y: 0.000000, phi: 0.000000[0m
[0m[ INFO] [1748147508.969334613]: [1748147508.969] Reference trajectory - x: 0.000000, y: 0.000000, phi: 0.000000, v: 0.000000, w: 0.000000[0m
[0m[ INFO] [1748147508.969382198]: [1748147508.969] v: 0.000000, w: 0.000000[0m
[0m[ INFO] [1748147509.069699111]: [1748147509.070] Robot state - x: 0.000000, y: 0.000000, phi: 0.000000[0m
[0m[ INFO] [1748147509.069826985]: [1748147509.070] Reference trajectory - x: 0.000000, y: 0.000000, phi: 0.000000, v: 0.000000, w: 0.000000[0m
[0m[ INFO] [1748147509.069874410]: [1748147509.070] v: 0.000000, w: 0.000000[0m
[0m[ INFO] [1748147509.170463488]: [1748147509.170] Robot state - x: 0.000000, y: 0.000000, phi: 0.000000[0m
[0m[ INFO] [1748147509.170612099]: [1748147509.171] Reference trajectory - x: 0.000000, y: 0.000000, phi: 0.000000, v: 0.000000, w: 0.000000[0m
[0m[ INFO] [1748147509.170706981]: [1748147509.171] v: 0.000000, w: 0.000000[0m
[0m[ INFO] [1748147509.269093454]: [1748147509.269] Robot state - x: 0.000000, y: 0.000000, phi: 0.000000[0m
[0m[ INFO] [1748147509.269236913]: [1748147509.269] Reference trajectory - x: 0.000000, y: 0.000000, phi: 0.000000, v: 0.000000, w: 0.000000[0m
[0m[ INFO] [1748147509.269284018]: [1748147509.269] v: 0.000000, w: 0.000000[0m
[0m[ INFO] [1748147509.369035223]: [1748147509.369] Robot state - x: 0.000000, y: 0.000000, phi: 0.000000[0m
[0m[ INFO] [1748147509.369152761]: [1748147509.369] Reference trajectory - x: 0.000000, y: 0.000000, phi: 0.000000, v: 0.000000, w: 0.000000[0m
[0m[ INFO] [1748147509.369209370]: [1748147509.369] v: 0.000000, w: 0.000000[0m
[0m[ INFO] [1748147509.469483753]: [1748147509.469] Robot state - x: 0.000000, y: 0.000000, phi: 0.000000[0m
[0m[ INFO] [1748147509.469589676]: [1748147509.470] Reference trajectory - x: 0.000000, y: 0.000000, phi: 0.000000, v: 0.000000, w: 0.000000[0m
[0m[ INFO] [1748147509.469633580]: [1748147509.470] v: 0.000000, w: 0.000000[0m
[0m[ INFO] [1748147509.569035818]: [1748147509.569] Robot state - x: 0.000000, y: 0.000000, phi: 0.000000[0m
[0m[ INFO] [1748147509.569158541]: [1748147509.569] Reference trajectory - x: 0.000000, y: 0.000000, phi: 0.000000, v: 0.000000, w: 0.000000[0m
[0m[ INFO] [1748147509.569223822]: [1748147509.569] v: 0.000000, w: 0.000000[0m
[0m[ INFO] [1748147509.669276441]: [1748147509.669] Robot state - x: 0.000000, y: 0.000000, phi: 0.000000[0m
[0m[ INFO] [1748147509.669362874]: [1748147509.669] Reference trajectory - x: 0.000000, y: 0.000000, phi: 0.000000, v: 0.000000, w: 0.000000[0m
[0m[ INFO] [1748147509.669407387]: [1748147509.669] v: 0.000000, w: 0.000000[0m
[0m[ INFO] [1748147509.769019517]: [1748147509.769] Robot state - x: 0.000000, y: 0.000000, phi: 0.000000[0m
[0m[ INFO] [1748147509.769111647]: [1748147509.769] Reference trajectory - x: 0.000000, y: 0.000000, phi: 0.000000, v: 0.000000, w: 0.000000[0m
[0m[ INFO] [1748147509.769155552]: [1748147509.769] v: 0.000000, w: 0.000000[0m
[0m[ INFO] [1748147509.868925125]: [1748147509.869] Robot state - x: 0.000000, y: 0.000000, phi: 0.000000[0m
[0m[ INFO] [1748147509.869011559]: [1748147509.869] Reference trajectory - x: 0.000000, y: 0.000000, phi: 0.000000, v: 0.000000, w: 0.000000[0m
[0m[ INFO] [1748147509.869056328]: [1748147509.869] v: 0.000000, w: 0.000000[0m
[0m[ INFO] [1748147509.970120199]: [1748147509.970] Robot state - x: 0.000000, y: 0.000000, phi: 0.000000[0m
[0m[ INFO] [1748147509.970216009]: [1748147509.970] Reference trajectory - x: 0.000000, y: 0.000000, phi: 0.000000, v: 0.000000, w: 0.000000[0m
[0m[ INFO] [1748147509.970259754]: [1748147509.970] v: 0.000000, w: 0.000000[0m
[0m[ INFO] [1748147510.069200605]: [1748147510.069] Robot state - x: 0.000000, y: 0.000000, phi: 0.000000[0m
[0m[ INFO] [1748147510.069341536]: [1748147510.069] Reference trajectory - x: 0.000000, y: 0.000000, phi: 0.000000, v: 0.000000, w: 0.000000[0m
[0m[ INFO] [1748147510.069410049]: [1748147510.069] v: 0.000000, w: 0.000000[0m
[0m[ INFO] [1748147510.169345703]: [1748147510.169] Robot state - x: 0.000000, y: 0.000000, phi: 0.000000[0m
[0m[ INFO] [1748147510.169438217]: [1748147510.169] Reference trajectory - x: 0.000000, y: 0.000000, phi: 0.000000, v: 0.000000, w: 0.000000[0m
[0m[ INFO] [1748147510.169480202]: [1748147510.169] v: 0.000000, w: 0.000000[0m
[0m[ INFO] [1748147510.269439953]: [1748147510.269] Robot state - x: 0.000000, y: 0.000000, phi: 0.000000[0m
[0m[ INFO] [1748147510.269554003]: [1748147510.270] Reference trajectory - x: 0.000000, y: 0.000000, phi: 0.000000, v: 0.000000, w: 0.000000[0m
[0m[ INFO] [1748147510.269621716]: [1748147510.270] v: 0.000000, w: 0.000000[0m
[0m[ INFO] [1748147510.370451789]: [1748147510.370] Robot state - x: 0.000000, y: 0.000000, phi: 0.000000[0m
[0m[ INFO] [1748147510.370599536]: [1748147510.371] Reference trajectory - x: 0.000000, y: 0.000000, phi: 0.000000, v: 0.000000, w: 0.000000[0m
[0m[ INFO] [1748147510.370714482]: [1748147510.371] v: 0.000000, w: 0.000000[0m
[0m[ INFO] [1748147510.469378110]: [1748147510.469] Robot state - x: 0.000000, y: 0.000000, phi: 0.000000[0m
[0m[ INFO] [1748147510.469479264]: [1748147510.469] Reference trajectory - x: 0.000000, y: 0.000000, phi: 0.000000, v: 0.000000, w: 0.000000[0m
[0m[ INFO] [1748147510.469588483]: [1748147510.470] v: 0.000000, w: 0.000000[0m
[0m[ INFO] [1748147510.569086784]: [1748147510.569] Robot state - x: 0.000000, y: 0.000000, phi: 0.000000[0m
[0m[ INFO] [1748147510.569176386]: [1748147510.569] Reference trajectory - x: 0.000000, y: 0.000000, phi: 0.000000, v: 0.000000, w: 0.000000[0m
[0m[ INFO] [1748147510.569240259]: [1748147510.569] v: 0.000000, w: 0.000000[0m
[0m[ INFO] [1748147510.669717972]: [1748147510.670] Robot state - x: 0.000000, y: 0.000000, phi: 0.000000[0m
[0m[ INFO] [1748147510.669968121]: [1748147510.670] Reference trajectory - x: 0.000000, y: 0.000000, phi: 0.000000, v: 0.000000, w: 0.000000[0m
[0m[ INFO] [1748147510.670040667]: [1748147510.670] v: 0.000000, w: 0.000000[0m
[0m[ INFO] [1748147510.770677775]: [1748147510.771] Robot state - x: 0.000000, y: 0.000000, phi: 0.000000[0m
[0m[ INFO] [1748147510.771284380]: [1748147510.771] Reference trajectory - x: 0.000000, y: 0.000000, phi: 0.000000, v: 0.000000, w: 0.000000[0m
[0m[ INFO] [1748147510.771359773]: [1748147510.771] v: 0.000000, w: 0.000000[0m
[0m[ INFO] [1748147510.869363196]: [1748147510.869] Robot state - x: 0.000000, y: 0.000000, phi: 0.000000[0m
[0m[ INFO] [1748147510.869834854]: [1748147510.870] Reference trajectory - x: 0.000000, y: 0.000000, phi: 0.000000, v: 0.000000, w: 0.000000[0m
[0m[ INFO] [1748147510.869941416]: [1748147510.870] v: 0.000000, w: 0.000000[0m
[0m[ INFO] [1748147510.969793517]: [1748147510.970] Robot state - x: 0.000000, y: 0.000000, phi: 0.000000[0m
[0m[ INFO] [1748147510.970191989]: [1748147510.970] Reference trajectory - x: 0.000000, y: 0.000000, phi: 0.000000, v: 0.000000, w: 0.000000[0m
[0m[ INFO] [1748147510.970267254]: [1748147510.970] v: 0.000000, w: 0.000000[0m
[0m[ INFO] [1748147511.070206491]: [1748147511.070] Robot state - x: 0.000000, y: 0.000000, phi: 0.000000[0m
[0m[ INFO] [1748147511.070353086]: [1748147511.070] Reference trajectory - x: 0.000000, y: 0.000000, phi: 0.000000, v: 0.000000, w: 0.000000[0m
[0m[ INFO] [1748147511.070435488]: [1748147511.070] v: 0.000000, w: 0.000000[0m
[0m[ INFO] [1748147511.170657642]: [1748147511.171] Robot state - x: 0.000000, y: 0.000000, phi: 0.000000[0m
[0m[ INFO] [1748147511.170806605]: [1748147511.171] Reference trajectory - x: 0.000000, y: 0.000000, phi: 0.000000, v: 0.000000, w: 0.000000[0m
[0m[ INFO] [1748147511.174169168]: [1748147511.174] v: 0.000000, w: 0.000000[0m
[0m[ INFO] [1748147511.269442870]: [1748147511.269] Robot state - x: 0.000000, y: 0.000000, phi: 0.000000[0m
[0m[ INFO] [1748147511.269579417]: [1748147511.270] Reference trajectory - x: 0.000000, y: 0.000000, phi: 0.000000, v: 0.000000, w: 0.000000[0m
[0m[ INFO] [1748147511.269662299]: [1748147511.270] v: 0.000000, w: 0.000000[0m
[0m[ INFO] [1748147511.369802979]: [1748147511.370] Robot state - x: 0.000000, y: 0.000000, phi: 0.000000[0m
[0m[ INFO] [1748147511.369953286]: [1748147511.370] Reference trajectory - x: 0.000000, y: 0.000000, phi: 0.000000, v: 0.000000, w: 0.000000[0m
[0m[ INFO] [1748147511.370006791]: [1748147511.370] v: 0.000000, w: 0.000000[0m
[0m[ INFO] [1748147511.469030553]: [1748147511.469] Robot state - x: 0.000000, y: 0.000000, phi: 0.000000[0m
[0m[ INFO] [1748147511.469148251]: [1748147511.469] Reference trajectory - x: 0.000000, y: 0.000000, phi: 0.000000, v: 0.000000, w: 0.000000[0m
[0m[ INFO] [1748147511.469226013]: [1748147511.469] v: 0.000000, w: 0.000000[0m
[0m[ INFO] [1748147511.570379577]: [1748147511.570] Robot state - x: 0.000000, y: 0.000000, phi: 0.000000[0m
[0m[ INFO] [1748147511.570523164]: [1748147511.570] Reference trajectory - x: 0.000000, y: 0.000000, phi: 0.000000, v: 0.000000, w: 0.000000[0m
[0m[ INFO] [1748147511.570567805]: [1748147511.571] v: 0.000000, w: 0.000000[0m
[0m[ INFO] [1748147511.670184923]: [1748147511.670] Robot state - x: 0.000000, y: 0.000000, phi: 0.000000[0m
[0m[ INFO] [1748147511.670289021]: [1748147511.670] Reference trajectory - x: 0.000000, y: 0.000000, phi: 0.000000, v: 0.000000, w: 0.000000[0m
[0m[ INFO] [1748147511.670447616]: [1748147511.670] v: 0.000000, w: 0.000000[0m
[0m[ INFO] [1748147511.770045981]: [1748147511.770] Robot state - x: 0.000000, y: 0.000000, phi: 0.000000[0m
[0m[ INFO] [1748147511.770168256]: [1748147511.770] Reference trajectory - x: 0.000000, y: 0.000000, phi: 0.000000, v: 0.000000, w: 0.000000[0m
[0m[ INFO] [1748147511.770215745]: [1748147511.770] v: 0.000000, w: 0.000000[0m
[0m[ INFO] [1748147511.869647867]: [1748147511.870] Robot state - x: 0.000000, y: 0.000000, phi: 0.000000[0m
[0m[ INFO] [1748147511.869800350]: [1748147511.870] Reference trajectory - x: 0.000000, y: 0.000000, phi: 0.000000, v: 0.000000, w: 0.000000[0m
[0m[ INFO] [1748147511.869848191]: [1748147511.870] v: 0.000000, w: 0.000000[0m
[0m[ INFO] [1748147511.970097737]: [1748147511.970] Robot state - x: 0.000000, y: 0.000000, phi: 0.000000[0m
[0m[ INFO] [1748147511.970219404]: [1748147511.970] Reference trajectory - x: 0.000000, y: 0.000000, phi: 0.000000, v: 0.000000, w: 0.000000[0m
[0m[ INFO] [1748147511.970263980]: [1748147511.970] v: 0.000000, w: 0.000000[0m
[0m[ INFO] [1748147512.069314973]: [1748147512.069] Robot state - x: 0.000000, y: 0.000000, phi: 0.000000[0m
[0m[ INFO] [1748147512.069472000]: [1748147512.069] Reference trajectory - x: 0.000000, y: 0.000000, phi: 0.000000, v: 0.000000, w: 0.000000[0m
[0m[ INFO] [1748147512.069562626]: [1748147512.070] v: 0.000000, w: 0.000000[0m
[0m[ INFO] [1748147512.170178770]: [1748147512.170] Robot state - x: 0.000000, y: 0.000000, phi: 0.000000[0m
[0m[ INFO] [1748147512.170270004]: [1748147512.170] Reference trajectory - x: 0.000000, y: 0.000000, phi: 0.000000, v: 0.000000, w: 0.000000[0m
[0m[ INFO] [1748147512.170314325]: [1748147512.170] v: 0.000000, w: 0.000000[0m
[0m[ INFO] [1748147512.269257442]: [1748147512.269] Robot state - x: 0.000000, y: 0.000000, phi: 0.000000[0m
[0m[ INFO] [1748147512.269415078]: [1748147512.269] Reference trajectory - x: 0.000000, y: 0.000000, phi: 0.000000, v: 0.000000, w: 0.000000[0m
[0m[ INFO] [1748147512.269462823]: [1748147512.269] v: 0.000000, w: 0.000000[0m
[0m[ INFO] [1748147512.369575660]: [1748147512.369] Robot state - x: 0.000000, y: 0.000000, phi: 0.000000[0m
[0m[ INFO] [1748147512.369670254]: [1748147512.370] Reference trajectory - x: 0.000000, y: 0.000000, phi: 0.000000, v: 0.000000, w: 0.000000[0m
[0m[ INFO] [1748147512.369714063]: [1748147512.370] v: 0.000000, w: 0.000000[0m
[0m[ INFO] [1748147512.469003172]: [1748147512.469] Robot state - x: 0.000000, y: 0.000000, phi: 0.000000[0m
[0m[ INFO] [1748147512.469097413]: [1748147512.469] Reference trajectory - x: 0.000000, y: 0.000000, phi: 0.000000, v: 0.000000, w: 0.000000[0m
[0m[ INFO] [1748147512.469177671]: [1748147512.469] v: 0.000000, w: 0.000000[0m
[0m[ INFO] [1748147512.569504817]: [1748147512.569] Robot state - x: 0.000000, y: 0.000000, phi: 0.000000[0m
[0m[ INFO] [1748147512.569602259]: [1748147512.570] Reference trajectory - x: 0.000000, y: 0.000000, phi: 0.000000, v: 0.000000, w: 0.000000[0m
[0m[ INFO] [1748147512.569648756]: [1748147512.570] v: 0.000000, w: 0.000000[0m
[0m[ INFO] [1748147512.669980286]: [1748147512.670] Robot state - x: 0.000000, y: 0.000000, phi: 0.000000[0m
[0m[ INFO] [1748147512.670100768]: [1748147512.670] Reference trajectory - x: 0.000000, y: 0.000000, phi: 0.000000, v: 0.000000, w: 0.000000[0m
[0m[ INFO] [1748147512.670168001]: [1748147512.670] v: 0.000000, w: 0.000000[0m
[0m[ INFO] [1748147512.798553730]: [1748147512.798] Robot state - x: 0.000000, y: 0.000000, phi: 0.000000[0m
[0m[ INFO] [1748147512.799310097]: [1748147512.799] Reference trajectory - x: 0.000000, y: 0.000000, phi: 0.000000, v: 0.000000, w: 0.000000[0m
[0m[ INFO] [1748147512.799363154]: [1748147512.799] v: 0.000000, w: 0.000000[0m
[0m[ INFO] [1748147512.868904174]: [1748147512.869] Robot state - x: 0.000000, y: 0.000000, phi: 0.000000[0m
[0m[ INFO] [1748147512.869063697]: [1748147512.869] Reference trajectory - x: 0.000000, y: 0.000000, phi: 0.000000, v: 0.000000, w: 0.000000[0m
[0m[ INFO] [1748147512.869138227]: [1748147512.869] v: 0.000000, w: 0.000000[0m
[0m[ INFO] [1748147512.970700822]: [1748147512.971] Robot state - x: 0.000000, y: 0.000000, phi: 0.000000[0m
[0m[ INFO] [1748147512.970794424]: [1748147512.971] Reference trajectory - x: 0.000000, y: 0.000000, phi: 0.000000, v: 0.000000, w: 0.000000[0m
[0m[ INFO] [1748147512.970860633]: [1748147512.971] v: 0.000000, w: 0.000000[0m
[0m[ INFO] [1748147513.069598273]: [1748147513.069] Robot state - x: 0.000000, y: 0.000000, phi: 0.000000[0m
[0m[ INFO] [1748147513.069868807]: [1748147513.070] Reference trajectory - x: 0.000000, y: 0.000000, phi: 0.000000, v: 0.000000, w: 0.000000[0m
[0m[ INFO] [1748147513.069977897]: [1748147513.070] v: 0.000000, w: 0.000000[0m
[0m[ INFO] [1748147513.170013291]: [1748147513.170] Robot state - x: 0.000000, y: 0.000000, phi: 0.000000[0m
[0m[ INFO] [1748147513.170131501]: [1748147513.170] Reference trajectory - x: 0.000000, y: 0.000000, phi: 0.000000, v: 0.000000, w: 0.000000[0m
[0m[ INFO] [1748147513.170208878]: [1748147513.170] v: 0.000000, w: 0.000000[0m
[0m[ INFO] [1748147513.269842248]: [1748147513.270] Robot state - x: 0.000000, y: 0.000000, phi: 0.000000[0m
[0m[ INFO] [1748147513.270011851]: [1748147513.270] Reference trajectory - x: 0.000000, y: 0.000000, phi: 0.000000, v: 0.000000, w: 0.000000[0m
[0m[ INFO] [1748147513.270094861]: [1748147513.270] v: 0.000000, w: 0.000000[0m
[0m[ INFO] [1748147513.376912536]: [1748147513.377] Robot state - x: 0.000000, y: 0.000000, phi: 0.000000[0m
[0m[ INFO] [1748147513.377012058]: [1748147513.377] Reference trajectory - x: 0.000000, y: 0.000000, phi: 0.000000, v: 0.000000, w: 0.000000[0m
[0m[ INFO] [1748147513.377059195]: [1748147513.377] v: 0.000000, w: 0.000000[0m
[0m[ INFO] [1748147513.469202109]: [1748147513.469] Robot state - x: 0.000000, y: 0.000000, phi: 0.000000[0m
[0m[ INFO] [1748147513.469303263]: [1748147513.469] Reference trajectory - x: 0.000000, y: 0.000000, phi: 0.000000, v: 0.000000, w: 0.000000[0m
[0m[ INFO] [1748147513.469350656]: [1748147513.469] v: 0.000000, w: 0.000000[0m
[0m[ INFO] [1748147513.570634171]: [1748147513.571] Robot state - x: 0.000000, y: 0.000000, phi: 0.000000[0m
[0m[ INFO] [1748147513.570727197]: [1748147513.571] Reference trajectory - x: 0.000000, y: 0.000000, phi: 0.000000, v: 0.000000, w: 0.000000[0m
[0m[ INFO] [1748147513.570794654]: [1748147513.571] v: 0.000000, w: 0.000000[0m
[0m[ INFO] [1748147513.668699221]: [1748147513.669] Robot state - x: 0.000000, y: 0.000000, phi: 0.000000[0m
[0m[ INFO] [1748147513.668830520]: [1748147513.669] Reference trajectory - x: 0.000000, y: 0.000000, phi: 0.000000, v: 0.000000, w: 0.000000[0m
[0m[ INFO] [1748147513.668878649]: [1748147513.669] v: 0.000000, w: 0.000000[0m
[0m[ INFO] [1748147513.775955816]: [1748147513.776] Robot state - x: 0.000000, y: 0.000000, phi: 0.000000[0m
[0m[ INFO] [1748147513.776103723]: [1748147513.776] Reference trajectory - x: 0.000000, y: 0.000000, phi: 0.000000, v: 0.000000, w: 0.000000[0m
[0m[ INFO] [1748147513.776150508]: [1748147513.776] v: 0.000000, w: 0.000000[0m
[0m[ INFO] [1748147513.868775384]: [1748147513.869] Robot state - x: 0.000000, y: 0.000000, phi: 0.000000[0m
[0m[ INFO] [1748147513.868930492]: [1748147513.869] Reference trajectory - x: 0.000000, y: 0.000000, phi: 0.000000, v: 0.000000, w: 0.000000[0m
[0m[ INFO] [1748147513.869001277]: [1748147513.869] v: 0.000000, w: 0.000000[0m
[0m[ INFO] [1748147513.969661003]: [1748147513.970] Robot state - x: 0.000000, y: 0.000000, phi: 0.000000[0m
[0m[ INFO] [1748147513.969997682]: [1748147513.970] Reference trajectory - x: 0.000000, y: 0.000000, phi: 0.000000, v: 0.000000, w: 0.000000[0m
[0m[ INFO] [1748147513.970073684]: [1748147513.970] v: 0.000000, w: 0.000000[0m
[0m[ INFO] [1748147514.068795929]: [1748147514.069] Robot state - x: 0.000000, y: 0.000000, phi: 0.000000[0m
[0m[ INFO] [1748147514.068899260]: [1748147514.069] Reference trajectory - x: 0.000000, y: 0.000000, phi: 0.000000, v: 0.000000, w: 0.000000[0m
[0m[ INFO] [1748147514.068946364]: [1748147514.069] v: 0.000000, w: 0.000000[0m
[0m[ INFO] [1748147514.169453734]: [1748147514.169] Robot state - x: 0.000000, y: 0.000000, phi: 0.000000[0m
[0m[ INFO] [1748147514.169610761]: [1748147514.170] Reference trajectory - x: 0.000000, y: 0.000000, phi: 0.000000, v: 0.000000, w: 0.000000[0m
[0m[ INFO] [1748147514.169659370]: [1748147514.170] v: 0.000000, w: 0.000000[0m
[0m[ INFO] [1748147514.268932922]: [1748147514.269] Robot state - x: 0.000000, y: 0.000000, phi: 0.000000[0m
[0m[ INFO] [1748147514.269065501]: [1748147514.269] Reference trajectory - x: 0.000000, y: 0.000000, phi: 0.000000, v: 0.000000, w: 0.000000[0m
[0m[ INFO] [1748147514.269110973]: [1748147514.269] v: 0.000000, w: 0.000000[0m
[0m[ INFO] [1748147514.371685136]: [1748147514.372] Robot state - x: 0.000000, y: 0.000000, phi: 0.000000[0m
[0m[ INFO] [1748147514.371809011]: [1748147514.372] Reference trajectory - x: 0.000000, y: 0.000000, phi: 0.000000, v: 0.000000, w: 0.000000[0m
[0m[ INFO] [1748147514.371852819]: [1748147514.372] v: 0.000000, w: 0.000000[0m
[0m[ INFO] [1748147514.468748500]: [1748147514.469] Robot state - x: 0.000000, y: 0.000000, phi: 0.000000[0m
[0m[ INFO] [1748147514.468838806]: [1748147514.469] Reference trajectory - x: 0.000000, y: 0.000000, phi: 0.000000, v: 0.000000, w: 0.000000[0m
[0m[ INFO] [1748147514.468884054]: [1748147514.469] v: 0.000000, w: 0.000000[0m
[0m[ INFO] [1748147514.569757799]: [1748147514.570] Robot state - x: 0.000000, y: 0.000000, phi: 0.000000[0m
[0m[ INFO] [1748147514.569928554]: [1748147514.570] Reference trajectory - x: 0.000000, y: 0.000000, phi: 0.000000, v: 0.000000, w: 0.000000[0m
[0m[ INFO] [1748147514.570004620]: [1748147514.570] v: 0.000000, w: 0.000000[0m
[0m[ INFO] [1748147514.669186042]: [1748147514.669] Robot state - x: 0.000000, y: 0.000000, phi: 0.000000[0m
[0m[ INFO] [1748147514.669335101]: [1748147514.669] Reference trajectory - x: 0.000000, y: 0.000000, phi: 0.000000, v: 0.000000, w: 0.000000[0m
[0m[ INFO] [1748147514.669438687]: [1748147514.669] v: 0.000000, w: 0.000000[0m
[0m[ INFO] [1748147514.770667863]: [1748147514.769] Robot state - x: 0.000000, y: 0.000000, phi: 0.000000[0m
[0m[ INFO] [1748147514.770815610]: [1748147514.771] Reference trajectory - x: 0.000000, y: 0.000000, phi: 0.000000, v: 0.000000, w: 0.000000[0m
[0m[ INFO] [1748147514.770924764]: [1748147514.771] v: 0.000000, w: 0.000000[0m
[0m[ INFO] [1748147514.868977844]: [1748147514.869] Robot state - x: 0.000000, y: 0.000000, phi: 0.000000[0m
[0m[ INFO] [1748147514.869097654]: [1748147514.869] Reference trajectory - x: 0.000000, y: 0.000000, phi: 0.000000, v: 0.000000, w: 0.000000[0m
[0m[ INFO] [1748147514.869145911]: [1748147514.869] v: 0.000000, w: 0.000000[0m
[0m[ INFO] [1748147514.980099123]: [1748147514.980] Robot state - x: 0.000000, y: 0.000000, phi: 0.000000[0m
[0m[ INFO] [1748147514.980208053]: [1748147514.980] Reference trajectory - x: 0.000000, y: 0.000000, phi: 0.000000, v: 0.000000, w: 0.000000[0m
[0m[ INFO] [1748147514.980252118]: [1748147514.980] v: 0.000000, w: 0.000000[0m
[0m[ INFO] [1748147515.069430681]: [1748147515.069] Robot state - x: 0.000000, y: 0.000000, phi: 0.000000[0m
[0m[ INFO] [1748147515.069557787]: [1748147515.070] Reference trajectory - x: 0.000000, y: 0.000000, phi: 0.000000, v: 0.000000, w: 0.000000[0m
[0m[ INFO] [1748147515.069612381]: [1748147515.070] v: 0.000000, w: 0.000000[0m
[0m[ INFO] [1748147515.170363144]: [1748147515.170] Robot state - x: 0.000000, y: 0.000000, phi: 0.000000[0m
[0m[ INFO] [1748147515.170655438]: [1748147515.171] Reference trajectory - x: 0.000000, y: 0.000000, phi: 0.000000, v: 0.000000, w: 0.000000[0m
[0m[ INFO] [1748147515.170713103]: [1748147515.171] v: 0.000000, w: 0.000000[0m
[0m[ INFO] [1748147515.269286863]: [1748147515.269] Robot state - x: 0.000000, y: 0.000000, phi: 0.000000[0m
[0m[ INFO] [1748147515.269444594]: [1748147515.269] Reference trajectory - x: 0.000000, y: 0.000000, phi: 0.000000, v: 0.000000, w: 0.000000[0m
[0m[ INFO] [1748147515.269526004]: [1748147515.269] v: 0.000000, w: 0.000000[0m
[0m[ INFO] [1748147515.369848631]: [1748147515.370] Robot state - x: 0.000000, y: 0.000000, phi: 0.000000[0m
[0m[ INFO] [1748147515.369944505]: [1748147515.370] Reference trajectory - x: 0.000000, y: 0.000000, phi: 0.000000, v: 0.000000, w: 0.000000[0m
[0m[ INFO] [1748147515.369988730]: [1748147515.370] v: 0.000000, w: 0.000000[0m
[0m[ INFO] [1748147515.468908801]: [1748147515.469] Robot state - x: 0.000000, y: 0.000000, phi: 0.000000[0m
[0m[ INFO] [1748147515.469030371]: [1748147515.469] Reference trajectory - x: 0.000000, y: 0.000000, phi: 0.000000, v: 0.000000, w: 0.000000[0m
[0m[ INFO] [1748147515.469097637]: [1748147515.469] v: 0.000000, w: 0.000000[0m
[0m[ INFO] [1748147515.569226500]: [1748147515.569] Robot state - x: 0.000000, y: 0.000000, phi: 0.000000[0m
[0m[ INFO] [1748147515.569349414]: [1748147515.569] Reference trajectory - x: 0.000000, y: 0.000000, phi: 0.000000, v: 0.000000, w: 0.000000[0m
[0m[ INFO] [1748147515.569419368]: [1748147515.569] v: 0.000000, w: 0.000000[0m
[0m[ INFO] [1748147515.668971708]: [1748147515.669] Robot state - x: 0.000000, y: 0.000000, phi: 0.000000[0m
[0m[ INFO] [1748147515.669069854]: [1748147515.669] Reference trajectory - x: 0.000000, y: 0.000000, phi: 0.000000, v: 0.000000, w: 0.000000[0m
[0m[ INFO] [1748147515.669147167]: [1748147515.669] v: 0.000000, w: 0.000000[0m
[0m[ INFO] [1748147515.769907691]: [1748147515.770] Robot state - x: 0.000000, y: 0.000000, phi: 0.000000[0m
[0m[ INFO] [1748147515.770019629]: [1748147515.770] Reference trajectory - x: 0.000000, y: 0.000000, phi: 0.000000, v: 0.000000, w: 0.000000[0m
[0m[ INFO] [1748147515.770066382]: [1748147515.770] v: 0.000000, w: 0.000000[0m
[0m[ INFO] [1748147515.868929044]: [1748147515.869] Robot state - x: 0.000000, y: 0.000000, phi: 0.000000[0m
[0m[ INFO] [1748147515.869026934]: [1748147515.869] Reference trajectory - x: 0.000000, y: 0.000000, phi: 0.000000, v: 0.000000, w: 0.000000[0m
[0m[ INFO] [1748147515.869074327]: [1748147515.869] v: 0.000000, w: 0.000000[0m
[0m[ INFO] [1748147515.970353997]: [1748147515.970] Robot state - x: 0.000000, y: 0.000000, phi: 0.000000[0m
[0m[ INFO] [1748147515.970484912]: [1748147515.970] Reference trajectory - x: 0.000000, y: 0.000000, phi: 0.000000, v: 0.000000, w: 0.000000[0m
[0m[ INFO] [1748147515.970559793]: [1748147515.971] v: 0.000000, w: 0.000000[0m
[0m[ INFO] [1748147516.068864747]: [1748147516.069] Robot state - x: 0.000000, y: 0.000000, phi: 0.000000[0m
[0m[ INFO] [1748147516.069018510]: [1748147516.069] Reference trajectory - x: 0.000000, y: 0.000000, phi: 0.000000, v: 0.000000, w: 0.000000[0m
[0m[ INFO] [1748147516.069078703]: [1748147516.069] v: 0.000000, w: 0.000000[0m
[0m[ INFO] [1748147516.169348271]: [1748147516.169] Robot state - x: 0.000000, y: 0.000000, phi: 0.000000[0m
[0m[ INFO] [1748147516.169441169]: [1748147516.169] Reference trajectory - x: 0.000000, y: 0.000000, phi: 0.000000, v: 0.000000, w: 0.000000[0m
[0m[ INFO] [1748147516.169572595]: [1748147516.169] v: 0.000000, w: 0.000000[0m
[0m[ INFO] [1748147516.269034051]: [1748147516.269] Robot state - x: 0.000000, y: 0.000000, phi: 0.000000[0m
[0m[ INFO] [1748147516.269126181]: [1748147516.269] Reference trajectory - x: 0.000000, y: 0.000000, phi: 0.000000, v: 0.000000, w: 0.000000[0m
[0m[ INFO] [1748147516.269171878]: [1748147516.269] v: 0.000000, w: 0.000000[0m
[0m[ INFO] [1748147516.386675872]: [1748147516.387] Robot state - x: 0.000000, y: 0.000000, phi: 0.000000[0m
[0m[ INFO] [1748147516.386917701]: [1748147516.387] Reference trajectory - x: 0.000000, y: 0.000000, phi: 0.000000, v: 0.000000, w: 0.000000[0m
[0m[ INFO] [1748147516.386970758]: [1748147516.387] v: 0.000000, w: 0.000000[0m
[0m[ INFO] [1748147516.468819923]: [1748147516.469] Robot state - x: 0.000000, y: 0.000000, phi: 0.000000[0m
[0m[ INFO] [1748147516.468973623]: [1748147516.469] Reference trajectory - x: 0.000000, y: 0.000000, phi: 0.000000, v: 0.000000, w: 0.000000[0m
[0m[ INFO] [1748147516.469059320]: [1748147516.469] v: 0.000000, w: 0.000000[0m
[0m[ INFO] [1748147516.570170409]: [1748147516.570] Robot state - x: 0.000000, y: 0.000000, phi: 0.000000[0m
[0m[ INFO] [1748147516.570271659]: [1748147516.570] Reference trajectory - x: 0.000000, y: 0.000000, phi: 0.000000, v: 0.000000, w: 0.000000[0m
[0m[ INFO] [1748147516.570315020]: [1748147516.570] v: 0.000000, w: 0.000000[0m
[0m[ INFO] [1748147516.668894602]: [1748147516.669] Robot state - x: 0.000000, y: 0.000000, phi: 0.000000[0m
[0m[ INFO] [1748147516.669054189]: [1748147516.669] Reference trajectory - x: 0.000000, y: 0.000000, phi: 0.000000, v: 0.000000, w: 0.000000[0m
[0m[ INFO] [1748147516.669140079]: [1748147516.669] v: 0.000000, w: 0.000000[0m
[0m[ INFO] [1748147516.769354702]: [1748147516.769] Robot state - x: 0.000000, y: 0.000000, phi: 0.000000[0m
[0m[ INFO] [1748147516.769489360]: [1748147516.769] Reference trajectory - x: 0.000000, y: 0.000000, phi: 0.000000, v: 0.000000, w: 0.000000[0m
[0m[ INFO] [1748147516.769559954]: [1748147516.770] v: 0.000000, w: 0.000000[0m
[0m[ INFO] [1748147516.869084867]: [1748147516.869] Robot state - x: 0.000000, y: 0.000000, phi: 0.000000[0m
[0m[ INFO] [1748147516.869179525]: [1748147516.869] Reference trajectory - x: 0.000000, y: 0.000000, phi: 0.000000, v: 0.000000, w: 0.000000[0m
[0m[ INFO] [1748147516.869293063]: [1748147516.869] v: 0.000000, w: 0.000000[0m
[0m[ INFO] [1748147516.970692733]: [1748147516.971] Robot state - x: 0.000000, y: 0.000000, phi: 0.000000[0m
[0m[ INFO] [1748147516.970788191]: [1748147516.971] Reference trajectory - x: 0.000000, y: 0.000000, phi: 0.000000, v: 0.000000, w: 0.000000[0m
[0m[ INFO] [1748147516.970846657]: [1748147516.971] v: 0.000000, w: 0.000000[0m
[0m[ INFO] [1748147517.069868838]: [1748147517.070] Robot state - x: 0.000000, y: 0.000000, phi: 0.000000[0m
[0m[ INFO] [1748147517.069967336]: [1748147517.070] Reference trajectory - x: 0.000000, y: 0.000000, phi: 0.000000, v: 0.000000, w: 0.000000[0m
[0m[ INFO] [1748147517.070034857]: [1748147517.070] v: 0.000000, w: 0.000000[0m
[0m[ INFO] [1748147517.171873863]: [1748147517.172] Robot state - x: 0.000000, y: 0.000000, phi: 0.000000[0m
[0m[ INFO] [1748147517.171998729]: [1748147517.172] Reference trajectory - x: 0.000000, y: 0.000000, phi: 0.000000, v: 0.000000, w: 0.000000[0m
[0m[ INFO] [1748147517.172043690]: [1748147517.172] v: 0.000000, w: 0.000000[0m
[0m[ INFO] [1748147517.268939620]: [1748147517.269] Robot state - x: 0.000000, y: 0.000000, phi: 0.000000[0m
[0m[ INFO] [1748147517.269066822]: [1748147517.269] Reference trajectory - x: 0.000000, y: 0.000000, phi: 0.000000, v: 0.000000, w: 0.000000[0m
[0m[ INFO] [1748147517.269176649]: [1748147517.269] v: 0.000000, w: 0.000000[0m
[0m[ INFO] [1748147517.381144881]: [1748147517.381] Robot state - x: 0.000000, y: 0.000000, phi: 0.000000[0m
[0m[ INFO] [1748147517.381293140]: [1748147517.381] Reference trajectory - x: 0.000000, y: 0.000000, phi: 0.000000, v: 0.000000, w: 0.000000[0m
[0m[ INFO] [1748147517.381363862]: [1748147517.381] v: 0.000000, w: 0.000000[0m
[0m[ INFO] [1748147517.469071831]: [1748147517.469] Robot state - x: 0.000000, y: 0.000000, phi: 0.000000[0m
[0m[ INFO] [1748147517.469201050]: [1748147517.469] Reference trajectory - x: 0.000000, y: 0.000000, phi: 0.000000, v: 0.000000, w: 0.000000[0m
[0m[ INFO] [1748147517.469303100]: [1748147517.469] v: 0.000000, w: 0.000000[0m
[0m[ INFO] [1748147517.570385514]: [1748147517.570] Robot state - x: 0.000000, y: 0.000000, phi: 0.000000[0m
[0m[ INFO] [1748147517.570484364]: [1748147517.570] Reference trajectory - x: 0.000000, y: 0.000000, phi: 0.000000, v: 0.000000, w: 0.000000[0m
[0m[ INFO] [1748147517.570739953]: [1748147517.571] v: 0.000000, w: 0.000000[0m
[0m[ INFO] [1748147517.669136105]: [1748147517.669] Robot state - x: 0.000000, y: 0.000000, phi: 0.000000[0m
[0m[ INFO] [1748147517.669233035]: [1748147517.669] Reference trajectory - x: 0.000000, y: 0.000000, phi: 0.000000, v: 0.000000, w: 0.000000[0m
[0m[ INFO] [1748147517.669278348]: [1748147517.669] v: 0.000000, w: 0.000000[0m
[0m[ INFO] [1748147517.901903436]: [1748147517.902] Robot state - x: 0.000000, y: 0.000000, phi: 0.000000[0m
[0m[ INFO] [1748147517.902035342]: [1748147517.902] Reference trajectory - x: 0.000000, y: 0.000000, phi: 0.000000, v: 0.000000, w: 0.000000[0m
[0m[ INFO] [1748147517.902088655]: [1748147517.902] v: 0.000000, w: 0.000000[0m
[0m[ INFO] [1748147517.906127361]: [1748147517.906] Robot state - x: 0.000000, y: 0.000000, phi: 0.000000[0m
[0m[ INFO] [1748147517.906253027]: [1748147517.906] Reference trajectory - x: 0.000000, y: 0.000000, phi: 0.000000, v: 0.000000, w: 0.000000[0m
[0m[ INFO] [1748147517.906357893]: [1748147517.906] v: 0.000000, w: 0.000000[0m
[0m[ INFO] [1748147517.976908750]: [1748147517.977] Robot state - x: 0.000000, y: 0.000000, phi: 0.000000[0m
[0m[ INFO] [1748147517.977037841]: [1748147517.977] Reference trajectory - x: 0.000000, y: 0.000000, phi: 0.000000, v: 0.000000, w: 0.000000[0m
[0m[ INFO] [1748147517.977124914]: [1748147517.977] v: 0.000000, w: 0.000000[0m
[0m[ INFO] [1748147518.069798102]: [1748147518.070] Robot state - x: 0.000000, y: 0.000000, phi: 0.000000[0m
[0m[ INFO] [1748147518.069896536]: [1748147518.070] Reference trajectory - x: 0.000000, y: 0.000000, phi: 0.000000, v: 0.000000, w: 0.000000[0m
[0m[ INFO] [1748147518.069950361]: [1748147518.070] v: 0.000000, w: 0.000000[0m
[0m[ INFO] [1748147518.170075026]: [1748147518.170] Robot state - x: 0.000000, y: 0.000000, phi: 0.000000[0m
[0m[ INFO] [1748147518.170197300]: [1748147518.170] Reference trajectory - x: 0.000000, y: 0.000000, phi: 0.000000, v: 0.000000, w: 0.000000[0m
[0m[ INFO] [1748147518.170276278]: [1748147518.170] v: 0.000000, w: 0.000000[0m
[0m[ INFO] [1748147518.269109205]: [1748147518.269] Robot state - x: 0.000000, y: 0.000000, phi: 0.000000[0m
[0m[ INFO] [1748147518.269230967]: [1748147518.269] Reference trajectory - x: 0.000000, y: 0.000000, phi: 0.000000, v: 0.000000, w: 0.000000[0m
[0m[ INFO] [1748147518.269301880]: [1748147518.269] v: 0.000000, w: 0.000000[0m
[0m[ INFO] [1748147518.369411281]: [1748147518.369] Robot state - x: 0.000000, y: 0.000000, phi: 0.000000[0m
[0m[ INFO] [1748147518.369517043]: [1748147518.369] Reference trajectory - x: 0.000000, y: 0.000000, phi: 0.000000, v: 0.000000, w: 0.000000[0m
[0m[ INFO] [1748147518.369564308]: [1748147518.370] v: 0.000000, w: 0.000000[0m
[0m[ INFO] [1748147518.470279608]: [1748147518.470] Robot state - x: 0.000000, y: 0.000000, phi: 0.000000[0m
[0m[ INFO] [1748147518.470385691]: [1748147518.470] Reference trajectory - x: 0.000000, y: 0.000000, phi: 0.000000, v: 0.000000, w: 0.000000[0m
[0m[ INFO] [1748147518.470432219]: [1748147518.470] v: 0.000000, w: 0.000000[0m
[0m[ INFO] [1748147518.569767492]: [1748147518.570] Robot state - x: 0.000000, y: 0.000000, phi: 0.000000[0m
[0m[ INFO] [1748147518.569903559]: [1748147518.570] Reference trajectory - x: 0.000000, y: 0.000000, phi: 0.000000, v: 0.000000, w: 0.000000[0m
[0m[ INFO] [1748147518.570001321]: [1748147518.570] v: 0.000000, w: 0.000000[0m
[0m[ INFO] [1748147518.668856168]: [1748147518.669] Robot state - x: 0.000000, y: 0.000000, phi: 0.000000[0m
[0m[ INFO] [1748147518.669009867]: [1748147518.669] Reference trajectory - x: 0.000000, y: 0.000000, phi: 0.000000, v: 0.000000, w: 0.000000[0m
[0m[ INFO] [1748147518.669083053]: [1748147518.669] v: 0.000000, w: 0.000000[0m
[0m[ INFO] [1748147518.769118084]: [1748147518.769] Robot state - x: 0.000000, y: 0.000000, phi: 0.000000[0m
[0m[ INFO] [1748147518.769217158]: [1748147518.769] Reference trajectory - x: 0.000000, y: 0.000000, phi: 0.000000, v: 0.000000, w: 0.000000[0m
[0m[ INFO] [1748147518.769453578]: [1748147518.769] v: 0.000000, w: 0.000000[0m
[0m[ INFO] [1748147518.868887253]: [1748147518.869] Robot state - x: 0.000000, y: 0.000000, phi: 0.000000[0m
[0m[ INFO] [1748147518.868974199]: [1748147518.869] Reference trajectory - x: 0.000000, y: 0.000000, phi: 0.000000, v: 0.000000, w: 0.000000[0m
[0m[ INFO] [1748147518.869066137]: [1748147518.869] v: 0.000000, w: 0.000000[0m
[0m[ INFO] [1748147518.969273331]: [1748147518.969] Robot state - x: 0.000000, y: 0.000000, phi: 0.000000[0m
[0m[ INFO] [1748147518.969365045]: [1748147518.969] Reference trajectory - x: 0.000000, y: 0.000000, phi: 0.000000, v: 0.000000, w: 0.000000[0m
[0m[ INFO] [1748147518.969407478]: [1748147518.969] v: 0.000000, w: 0.000000[0m
[0m[ INFO] [1748147519.069826291]: [1748147519.070] Robot state - x: 0.000000, y: 0.000000, phi: 0.000000[0m
[0m[ INFO] [1748147519.069968726]: [1748147519.070] Reference trajectory - x: 0.000000, y: 0.000000, phi: 0.000000, v: 0.000000, w: 0.000000[0m
[0m[ INFO] [1748147519.070014134]: [1748147519.070] v: 0.000000, w: 0.000000[0m
[0m[ INFO] [1748147519.170427827]: [1748147519.170] Robot state - x: 0.000000, y: 0.000000, phi: 0.000000[0m
[0m[ INFO] [1748147519.170522837]: [1748147519.170] Reference trajectory - x: 0.000000, y: 0.000000, phi: 0.000000, v: 0.000000, w: 0.000000[0m
[0m[ INFO] [1748147519.170566198]: [1748147519.171] v: 0.000000, w: 0.000000[0m
[0m[ INFO] [1748147519.268706948]: [1748147519.269] Robot state - x: 0.000000, y: 0.000000, phi: 0.000000[0m
[0m[ INFO] [1748147519.268807718]: [1748147519.269] Reference trajectory - x: 0.000000, y: 0.000000, phi: 0.000000, v: 0.000000, w: 0.000000[0m
[0m[ INFO] [1748147519.268850119]: [1748147519.269] v: 0.000000, w: 0.000000[0m
[0m[ INFO] [1748147519.369287300]: [1748147519.369] Robot state - x: 0.000000, y: 0.000000, phi: 0.000000[0m
[0m[ INFO] [1748147519.369378214]: [1748147519.369] Reference trajectory - x: 0.000000, y: 0.000000, phi: 0.000000, v: 0.000000, w: 0.000000[0m
[0m[ INFO] [1748147519.369420935]: [1748147519.369] v: 0.000000, w: 0.000000[0m
[0m[ INFO] [1748147519.468827951]: [1748147519.469] Robot state - x: 0.000000, y: 0.000000, phi: 0.000000[0m
[0m[ INFO] [1748147519.468952913]: [1748147519.469] Reference trajectory - x: 0.000000, y: 0.000000, phi: 0.000000, v: 0.000000, w: 0.000000[0m
[0m[ INFO] [1748147519.468997266]: [1748147519.469] v: 0.000000, w: 0.000000[0m
[0m[ INFO] [1748147519.569289356]: [1748147519.569] Robot state - x: 0.000000, y: 0.000000, phi: 0.000000[0m
[0m[ INFO] [1748147519.569410190]: [1748147519.569] Reference trajectory - x: 0.000000, y: 0.000000, phi: 0.000000, v: 0.000000, w: 0.000000[0m
[0m[ INFO] [1748147519.569477040]: [1748147519.569] v: 0.000000, w: 0.000000[0m
[0m[ INFO] [1748147519.668925049]: [1748147519.669] Robot state - x: 0.000000, y: 0.000000, phi: 0.000000[0m
[0m[ INFO] [1748147519.669012378]: [1748147519.669] Reference trajectory - x: 0.000000, y: 0.000000, phi: 0.000000, v: 0.000000, w: 0.000000[0m
[0m[ INFO] [1748147519.669072508]: [1748147519.669] v: 0.000000, w: 0.000000[0m
[0m[ INFO] [1748147519.769129009]: [1748147519.769] Robot state - x: 0.000000, y: 0.000000, phi: 0.000000[0m
[0m[ INFO] [1748147519.769248499]: [1748147519.769] Reference trajectory - x: 0.000000, y: 0.000000, phi: 0.000000, v: 0.000000, w: 0.000000[0m
[0m[ INFO] [1748147519.769332149]: [1748147519.769] v: 0.000000, w: 0.000000[0m
[0m[ INFO] [1748147519.869326569]: [1748147519.869] Robot state - x: 0.000000, y: 0.000000, phi: 0.000000[0m
[0m[ INFO] [1748147519.869443499]: [1748147519.869] Reference trajectory - x: 0.000000, y: 0.000000, phi: 0.000000, v: 0.000000, w: 0.000000[0m
[0m[ INFO] [1748147519.869507820]: [1748147519.869] v: 0.000000, w: 0.000000[0m
[0m[ INFO] [1748147519.969554689]: [1748147519.969] Robot state - x: 0.000000, y: 0.000000, phi: 0.000000[0m
[0m[ INFO] [1748147519.969650243]: [1748147519.970] Reference trajectory - x: 0.000000, y: 0.000000, phi: 0.000000, v: 0.000000, w: 0.000000[0m
[0m[ INFO] [1748147519.969850247]: [1748147519.970] v: 0.000000, w: 0.000000[0m
[0m[ INFO] [1748147520.070384804]: [1748147520.070] Robot state - x: 0.000000, y: 0.000000, phi: 0.000000[0m
[0m[ INFO] [1748147520.070477830]: [1748147520.070] Reference trajectory - x: 0.000000, y: 0.000000, phi: 0.000000, v: 0.000000, w: 0.000000[0m
[0m[ INFO] [1748147520.070549448]: [1748147520.071] v: 0.000000, w: 0.000000[0m
[0m[ INFO] [1748147520.171793426]: [1748147520.172] Robot state - x: 0.000000, y: 0.000000, phi: 0.000000[0m
[0m[ INFO] [1748147520.171903349]: [1748147520.172] Reference trajectory - x: 0.000000, y: 0.000000, phi: 0.000000, v: 0.000000, w: 0.000000[0m
[0m[ INFO] [1748147520.171948693]: [1748147520.172] v: 0.000000, w: 0.000000[0m
[0m[ INFO] [1748147520.268833225]: [1748147520.269] Robot state - x: 0.000000, y: 0.000000, phi: 0.000000[0m
[0m[ INFO] [1748147520.268960491]: [1748147520.269] Reference trajectory - x: 0.000000, y: 0.000000, phi: 0.000000, v: 0.000000, w: 0.000000[0m
[0m[ INFO] [1748147520.269006796]: [1748147520.269] v: 0.000000, w: 0.000000[0m
[0m[ INFO] [1748147520.370486364]: [1748147520.370] Robot state - x: 0.000000, y: 0.000000, phi: 0.000000[0m
[0m[ INFO] [1748147520.370581182]: [1748147520.371] Reference trajectory - x: 0.000000, y: 0.000000, phi: 0.000000, v: 0.000000, w: 0.000000[0m
[0m[ INFO] [1748147520.370627935]: [1748147520.371] v: 0.000000, w: 0.000000[0m
[0m[ INFO] [1748147520.469006416]: [1748147520.469] Robot state - x: 0.000000, y: 0.000000, phi: 0.000000[0m
[0m[ INFO] [1748147520.469134547]: [1748147520.469] Reference trajectory - x: 0.000000, y: 0.000000, phi: 0.000000, v: 0.000000, w: 0.000000[0m
[0m[ INFO] [1748147520.469180916]: [1748147520.469] v: 0.000000, w: 0.000000[0m
[0m[ INFO] [1748147520.576697788]: [1748147520.577] Robot state - x: 0.000000, y: 0.000000, phi: 0.000000[0m
[0m[ INFO] [1748147520.576794238]: [1748147520.577] Reference trajectory - x: 0.000000, y: 0.000000, phi: 0.000000, v: 0.000000, w: 0.000000[0m
[0m[ INFO] [1748147520.576863871]: [1748147520.577] v: 0.000000, w: 0.000000[0m
[0m[ INFO] [1748147520.669698338]: [1748147520.670] Robot state - x: 0.000000, y: 0.000000, phi: 0.000000[0m
[0m[ INFO] [1748147520.669860261]: [1748147520.670] Reference trajectory - x: 0.000000, y: 0.000000, phi: 0.000000, v: 0.000000, w: 0.000000[0m
[0m[ INFO] [1748147520.669910118]: [1748147520.670] v: 0.000000, w: 0.000000[0m
[0m[ INFO] [1748147520.771095663]: [1748147520.771] Robot state - x: 0.000000, y: 0.000000, phi: 0.000000[0m
[0m[ INFO] [1748147520.771458071]: [1748147520.771] Reference trajectory - x: 0.000000, y: 0.000000, phi: 0.000000, v: 0.000000, w: 0.000000[0m
[0m[ INFO] [1748147520.771508568]: [1748147520.771] v: 0.000000, w: 0.000000[0m
[0m[ INFO] [1748147520.868999735]: [1748147520.869] Robot state - x: 0.000000, y: 0.000000, phi: 0.000000[0m
[0m[ INFO] [1748147520.869160891]: [1748147520.869] Reference trajectory - x: 0.000000, y: 0.000000, phi: 0.000000, v: 0.000000, w: 0.000000[0m
[0m[ INFO] [1748147520.869239036]: [1748147520.869] v: 0.000000, w: 0.000000[0m
[0m[ INFO] [1748147520.968896135]: [1748147520.969] Robot state - x: 0.000000, y: 0.000000, phi: 0.000000[0m
[0m[ INFO] [1748147520.969004361]: [1748147520.969] Reference trajectory - x: 0.000000, y: 0.000000, phi: 0.000000, v: 0.000000, w: 0.000000[0m
[0m[ INFO] [1748147520.969051786]: [1748147520.969] v: 0.000000, w: 0.000000[0m
[0m[ INFO] [1748147521.069261343]: [1748147521.069] Robot state - x: 0.000000, y: 0.000000, phi: 0.000000[0m
[0m[ INFO] [1748147521.069428194]: [1748147521.069] Reference trajectory - x: 0.000000, y: 0.000000, phi: 0.000000, v: 0.000000, w: 0.000000[0m
[0m[ INFO] [1748147521.069505252]: [1748147521.069] v: 0.000000, w: 0.000000[0m
[0m[ INFO] [1748147521.169281807]: [1748147521.169] Robot state - x: 0.000000, y: 0.000000, phi: 0.000000[0m
[0m[ INFO] [1748147521.169386481]: [1748147521.169] Reference trajectory - x: 0.000000, y: 0.000000, phi: 0.000000, v: 0.000000, w: 0.000000[0m
[0m[ INFO] [1748147521.169622166]: [1748147521.170] v: 0.000000, w: 0.000000[0m
[0m[ INFO] [1748147521.269488579]: [1748147521.269] Robot state - x: 0.000000, y: 0.000000, phi: 0.000000[0m
[0m[ INFO] [1748147521.269602469]: [1748147521.270] Reference trajectory - x: 0.000000, y: 0.000000, phi: 0.000000, v: 0.000000, w: 0.000000[0m
[0m[ INFO] [1748147521.269680391]: [1748147521.270] v: 0.000000, w: 0.000000[0m
[0m[ INFO] [1748147521.369716087]: [1748147521.370] Robot state - x: 0.000000, y: 0.000000, phi: 0.000000[0m
[0m[ INFO] [1748147521.369848762]: [1748147521.370] Reference trajectory - x: 0.000000, y: 0.000000, phi: 0.000000, v: 0.000000, w: 0.000000[0m
[0m[ INFO] [1748147521.370094271]: [1748147521.370] v: 0.000000, w: 0.000000[0m
[0m[ INFO] [1748147521.470452149]: [1748147521.470] Robot state - x: 0.000000, y: 0.000000, phi: 0.000000[0m
[0m[ INFO] [1748147521.470542935]: [1748147521.471] Reference trajectory - x: 0.000000, y: 0.000000, phi: 0.000000, v: 0.000000, w: 0.000000[0m
[0m[ INFO] [1748147521.470585176]: [1748147521.471] v: 0.000000, w: 0.000000[0m
[0m[ INFO] [1748147521.569153611]: [1748147521.569] Robot state - x: 0.000000, y: 0.000000, phi: 0.000000[0m
[0m[ INFO] [1748147521.569252973]: [1748147521.569] Reference trajectory - x: 0.000000, y: 0.000000, phi: 0.000000, v: 0.000000, w: 0.000000[0m
[0m[ INFO] [1748147521.569296302]: [1748147521.569] v: 0.000000, w: 0.000000[0m
[0m[ INFO] [1748147521.668843253]: [1748147521.669] Robot state - x: 0.000000, y: 0.000000, phi: 0.000000[0m
[0m[ INFO] [1748147521.668984407]: [1748147521.669] Reference trajectory - x: 0.000000, y: 0.000000, phi: 0.000000, v: 0.000000, w: 0.000000[0m
[0m[ INFO] [1748147521.669059353]: [1748147521.669] v: 0.000000, w: 0.000000[0m
[0m[ INFO] [1748147521.769888313]: [1748147521.770] Robot state - x: 0.000000, y: 0.000000, phi: 0.000000[0m
[0m[ INFO] [1748147521.769988987]: [1748147521.770] Reference trajectory - x: 0.000000, y: 0.000000, phi: 0.000000, v: 0.000000, w: 0.000000[0m
[0m[ INFO] [1748147521.770074525]: [1748147521.770] v: 0.000000, w: 0.000000[0m
[0m[ INFO] [1748147521.868727122]: [1748147521.869] Robot state - x: 0.000000, y: 0.000000, phi: 0.000000[0m
[0m[ INFO] [1748147521.868845428]: [1748147521.869] Reference trajectory - x: 0.000000, y: 0.000000, phi: 0.000000, v: 0.000000, w: 0.000000[0m
[0m[ INFO] [1748147521.868890485]: [1748147521.869] v: 0.000000, w: 0.000000[0m
[0m[ INFO] [1748147521.969881112]: [1748147521.970] Robot state - x: 0.000000, y: 0.000000, phi: 0.000000[0m
[0m[ INFO] [1748147521.970030843]: [1748147521.970] Reference trajectory - x: 0.000000, y: 0.000000, phi: 0.000000, v: 0.000000, w: 0.000000[0m
[0m[ INFO] [1748147521.970099133]: [1748147521.970] v: 0.000000, w: 0.000000[0m
[0m[ INFO] [1748147522.068980213]: [1748147522.069] Robot state - x: 0.000000, y: 0.000000, phi: 0.000000[0m
[0m[ INFO] [1748147522.069110007]: [1748147522.069] Reference trajectory - x: 0.000000, y: 0.000000, phi: 0.000000, v: 0.000000, w: 0.000000[0m
[0m[ INFO] [1748147522.069181081]: [1748147522.069] v: 0.000000, w: 0.000000[0m
[0m[ INFO] [1748147522.169488140]: [1748147522.169] Robot state - x: 0.000000, y: 0.000000, phi: 0.000000[0m
[0m[ INFO] [1748147522.169585710]: [1748147522.170] Reference trajectory - x: 0.000000, y: 0.000000, phi: 0.000000, v: 0.000000, w: 0.000000[0m
[0m[ INFO] [1748147522.169655600]: [1748147522.170] v: 0.000000, w: 0.000000[0m
[0m[ INFO] [1748147522.268928399]: [1748147522.269] Robot state - x: 0.000000, y: 0.000000, phi: 0.000000[0m
[0m[ INFO] [1748147522.269048529]: [1748147522.269] Reference trajectory - x: 0.000000, y: 0.000000, phi: 0.000000, v: 0.000000, w: 0.000000[0m
[0m[ INFO] [1748147522.269118130]: [1748147522.269] v: 0.000000, w: 0.000000[0m
[0m[ INFO] [1748147522.380465475]: [1748147522.380] Robot state - x: 0.000000, y: 0.000000, phi: 0.000000[0m
[0m[ INFO] [1748147522.380559493]: [1748147522.381] Reference trajectory - x: 0.000000, y: 0.000000, phi: 0.000000, v: 0.000000, w: 0.000000[0m
[0m[ INFO] [1748147522.380767753]: [1748147522.381] v: 0.000000, w: 0.000000[0m
[0m[ INFO] [1748147522.469210959]: [1748147522.469] Robot state - x: 0.000000, y: 0.000000, phi: 0.000000[0m
[0m[ INFO] [1748147522.469307345]: [1748147522.469] Reference trajectory - x: 0.000000, y: 0.000000, phi: 0.000000, v: 0.000000, w: 0.000000[0m
[0m[ INFO] [1748147522.469378995]: [1748147522.469] v: 0.000000, w: 0.000000[0m
[0m[ INFO] [1748147522.578666170]: [1748147522.579] Robot state - x: 0.000000, y: 0.000000, phi: 0.000000[0m
[0m[ INFO] [1748147522.578783516]: [1748147522.579] Reference trajectory - x: 0.000000, y: 0.000000, phi: 0.000000, v: 0.000000, w: 0.000000[0m
[0m[ INFO] [1748147522.578826461]: [1748147522.579] v: 0.000000, w: 0.000000[0m
[0m[ INFO] [1748147522.671993570]: [1748147522.672] Robot state - x: 0.000000, y: 0.000000, phi: 0.000000[0m
[0m[ INFO] [1748147522.672112388]: [1748147522.672] Reference trajectory - x: 0.000000, y: 0.000000, phi: 0.000000, v: 0.000000, w: 0.000000[0m
[0m[ INFO] [1748147522.672190214]: [1748147522.672] v: 0.000000, w: 0.000000[0m
[0m[ INFO] [1748147522.773985815]: [1748147522.774] Robot state - x: 0.000000, y: 0.000000, phi: 0.000000[0m
[0m[ INFO] [1748147522.774138170]: [1748147522.774] Reference trajectory - x: 0.000000, y: 0.000000, phi: 0.000000, v: 0.000000, w: 0.000000[0m
[0m[ INFO] [1748147522.774191772]: [1748147522.774] v: 0.000000, w: 0.000000[0m
[0m[ INFO] [1748147522.868787805]: [1748147522.869] Robot state - x: 0.000000, y: 0.000000, phi: 0.000000[0m
[0m[ INFO] [1748147522.868915616]: [1748147522.869] Reference trajectory - x: 0.000000, y: 0.000000, phi: 0.000000, v: 0.000000, w: 0.000000[0m
[0m[ INFO] [1748147522.869004033]: [1748147522.869] v: 0.000000, w: 0.000000[0m
[0m[ INFO] [1748147522.969210451]: [1748147522.969] Robot state - x: 0.000000, y: 0.000000, phi: 0.000000[0m
[0m[ INFO] [1748147522.969357334]: [1748147522.969] Reference trajectory - x: 0.000000, y: 0.000000, phi: 0.000000, v: 0.000000, w: 0.000000[0m
[0m[ INFO] [1748147522.969427959]: [1748147522.969] v: 0.000000, w: 0.000000[0m
[0m[ INFO] [1748147523.068702165]: [1748147523.069] Robot state - x: 0.000000, y: 0.000000, phi: 0.000000[0m
[0m[ INFO] [1748147523.068857944]: [1748147523.069] Reference trajectory - x: 0.000000, y: 0.000000, phi: 0.000000, v: 0.000000, w: 0.000000[0m
[0m[ INFO] [1748147523.068922169]: [1748147523.069] v: 0.000000, w: 0.000000[0m
[0m[ INFO] [1748147523.169275692]: [1748147523.169] Robot state - x: 0.000000, y: 0.000000, phi: 0.000000[0m
[0m[ INFO] [1748147523.169375182]: [1748147523.169] Reference trajectory - x: 0.000000, y: 0.000000, phi: 0.000000, v: 0.000000, w: 0.000000[0m
[0m[ INFO] [1748147523.169444175]: [1748147523.169] v: 0.000000, w: 0.000000[0m
[0m[ INFO] [1748147523.269756737]: [1748147523.270] Robot state - x: 0.000000, y: 0.000000, phi: 0.000000[0m
[0m[ INFO] [1748147523.269856643]: [1748147523.270] Reference trajectory - x: 0.000000, y: 0.000000, phi: 0.000000, v: 0.000000, w: 0.000000[0m
[0m[ INFO] [1748147523.269900164]: [1748147523.270] v: 0.000000, w: 0.000000[0m
[0m[ INFO] [1748147523.370081555]: [1748147523.370] Robot state - x: 0.000000, y: 0.000000, phi: 0.000000[0m
[0m[ INFO] [1748147523.370212405]: [1748147523.370] Reference trajectory - x: 0.000000, y: 0.000000, phi: 0.000000, v: 0.000000, w: 0.000000[0m
[0m[ INFO] [1748147523.370282647]: [1748147523.370] v: 0.000000, w: 0.000000[0m
[0m[ INFO] [1748147523.468929703]: [1748147523.469] Robot state - x: 0.000000, y: 0.000000, phi: 0.000000[0m
[0m[ INFO] [1748147523.469027465]: [1748147523.469] Reference trajectory - x: 0.000000, y: 0.000000, phi: 0.000000, v: 0.000000, w: 0.000000[0m
[0m[ INFO] [1748147523.469136107]: [1748147523.469] v: 0.000000, w: 0.000000[0m
[0m[ INFO] [1748147523.570128619]: [1748147523.570] Robot state - x: 0.000000, y: 0.000000, phi: 0.000000[0m
[0m[ INFO] [1748147523.570297262]: [1748147523.570] Reference trajectory - x: 0.000000, y: 0.000000, phi: 0.000000, v: 0.000000, w: 0.000000[0m
[0m[ INFO] [1748147523.570375055]: [1748147523.570] v: 0.000000, w: 0.000000[0m
[0m[ INFO] [1748147523.669062881]: [1748147523.669] Robot state - x: 0.000000, y: 0.000000, phi: 0.000000[0m
[0m[ INFO] [1748147523.669194851]: [1748147523.669] Reference trajectory - x: 0.000000, y: 0.000000, phi: 0.000000, v: 0.000000, w: 0.000000[0m
[0m[ INFO] [1748147523.669257061]: [1748147523.669] v: 0.000000, w: 0.000000[0m
[0m[ INFO] [1748147523.769410515]: [1748147523.769] Robot state - x: 0.000000, y: 0.000000, phi: 0.000000[0m
[0m[ INFO] [1748147523.769549494]: [1748147523.769] Reference trajectory - x: 0.000000, y: 0.000000, phi: 0.000000, v: 0.000000, w: 0.000000[0m
[0m[ INFO] [1748147523.769627447]: [1748147523.770] v: 0.000000, w: 0.000000[0m
[0m[ INFO] [1748147523.869263932]: [1748147523.869] Robot state - x: 0.000000, y: 0.000000, phi: 0.000000[0m
[0m[ INFO] [1748147523.869395774]: [1748147523.869] Reference trajectory - x: 0.000000, y: 0.000000, phi: 0.000000, v: 0.000000, w: 0.000000[0m
[0m[ INFO] [1748147523.869455071]: [1748147523.869] v: 0.000000, w: 0.000000[0m
[0m[ INFO] [1748147523.969863187]: [1748147523.970] Robot state - x: 0.000000, y: 0.000000, phi: 0.000000[0m
[0m[ INFO] [1748147523.969986677]: [1748147523.970] Reference trajectory - x: 0.000000, y: 0.000000, phi: 0.000000, v: 0.000000, w: 0.000000[0m
[0m[ INFO] [1748147523.971113196]: [1748147523.971] v: 0.000000, w: 0.000000[0m
[0m[ INFO] [1748147524.068899338]: [1748147524.069] Robot state - x: 0.000000, y: 0.000000, phi: 0.000000[0m
[0m[ INFO] [1748147524.069027756]: [1748147524.069] Reference trajectory - x: 0.000000, y: 0.000000, phi: 0.000000, v: 0.000000, w: 0.000000[0m
[0m[ INFO] [1748147524.069092142]: [1748147524.069] v: 0.000000, w: 0.000000[0m
[0m[ INFO] [1748147524.171936271]: [1748147524.172] Robot state - x: 0.000000, y: 0.000000, phi: 0.000000[0m
[0m[ INFO] [1748147524.172059794]: [1748147524.172] Reference trajectory - x: 0.000000, y: 0.000000, phi: 0.000000, v: 0.000000, w: 0.000000[0m
[0m[ INFO] [1748147524.172106547]: [1748147524.172] v: 0.000000, w: 0.000000[0m
[0m[ INFO] [1748147524.269286244]: [1748147524.269] Robot state - x: 0.000000, y: 0.000000, phi: 0.000000[0m
[0m[ INFO] [1748147524.269402758]: [1748147524.269] Reference trajectory - x: 0.000000, y: 0.000000, phi: 0.000000, v: 0.000000, w: 0.000000[0m
[0m[ INFO] [1748147524.269469288]: [1748147524.269] v: 0.000000, w: 0.000000[0m
[0m[ INFO] [1748147524.369124682]: [1748147524.369] Robot state - x: 0.000000, y: 0.000000, phi: 0.000000[0m
[0m[ INFO] [1748147524.369269997]: [1748147524.369] Reference trajectory - x: 0.000000, y: 0.000000, phi: 0.000000, v: 0.000000, w: 0.000000[0m
[0m[ INFO] [1748147524.369367087]: [1748147524.369] v: 0.000000, w: 0.000000[0m
[0m[ INFO] [1748147524.469411897]: [1748147524.469] Robot state - x: 0.000000, y: 0.000000, phi: 0.000000[0m
[0m[ INFO] [1748147524.469508667]: [1748147524.469] Reference trajectory - x: 0.000000, y: 0.000000, phi: 0.000000, v: 0.000000, w: 0.000000[0m
[0m[ INFO] [1748147524.469553020]: [1748147524.470] v: 0.000000, w: 0.000000[0m
[0m[ INFO] [1748147524.569417858]: [1748147524.569] Robot state - x: 0.000000, y: 0.000000, phi: 0.000000[0m
[0m[ INFO] [1748147524.569537669]: [1748147524.569] Reference trajectory - x: 0.000000, y: 0.000000, phi: 0.000000, v: 0.000000, w: 0.000000[0m
[0m[ INFO] [1748147524.569582278]: [1748147524.570] v: 0.000000, w: 0.000000[0m
[0m[ INFO] [1748147524.669385579]: [1748147524.669] Robot state - x: 0.000000, y: 0.000000, phi: 0.000000[0m
[0m[ INFO] [1748147524.669507917]: [1748147524.669] Reference trajectory - x: 0.000000, y: 0.000000, phi: 0.000000, v: 0.000000, w: 0.000000[0m
[0m[ INFO] [1748147524.669566575]: [1748147524.670] v: 0.000000, w: 0.000000[0m
[0m[ INFO] [1748147524.769816285]: [1748147524.770] Robot state - x: 0.000000, y: 0.000000, phi: 0.000000[0m
[0m[ INFO] [1748147524.769918079]: [1748147524.770] Reference trajectory - x: 0.000000, y: 0.000000, phi: 0.000000, v: 0.000000, w: 0.000000[0m
[0m[ INFO] [1748147524.769999808]: [1748147524.770] v: 0.000000, w: 0.000000[0m
[0m[ INFO] [1748147524.869073911]: [1748147524.869] Robot state - x: 0.000000, y: 0.000000, phi: 0.000000[0m
[0m[ INFO] [1748147524.869205082]: [1748147524.869] Reference trajectory - x: 0.000000, y: 0.000000, phi: 0.000000, v: 0.000000, w: 0.000000[0m
[0m[ INFO] [1748147524.869273019]: [1748147524.869] v: 0.000000, w: 0.000000[0m
[0m[ INFO] [1748147524.969360646]: [1748147524.969] Robot state - x: 0.000000, y: 0.000000, phi: 0.000000[0m
[0m[ INFO] [1748147524.969458216]: [1748147524.969] Reference trajectory - x: 0.000000, y: 0.000000, phi: 0.000000, v: 0.000000, w: 0.000000[0m
[0m[ INFO] [1748147524.969504105]: [1748147524.969] v: 0.000000, w: 0.000000[0m
[0m[ INFO] [1748147525.069168522]: [1748147525.069] Robot state - x: 0.000000, y: 0.000000, phi: 0.000000[0m
[0m[ INFO] [1748147525.069305773]: [1748147525.069] Reference trajectory - x: 0.000000, y: 0.000000, phi: 0.000000, v: 0.000000, w: 0.000000[0m
[0m[ INFO] [1748147525.069368078]: [1748147525.069] v: 0.000000, w: 0.000000[0m
[0m[ INFO] [1748147525.169461111]: [1748147525.169] Robot state - x: 0.000000, y: 0.000000, phi: 0.000000[0m
[0m[ INFO] [1748147525.169563289]: [1748147525.170] Reference trajectory - x: 0.000000, y: 0.000000, phi: 0.000000, v: 0.000000, w: 0.000000[0m
[0m[ INFO] [1748147525.169609626]: [1748147525.170] v: 0.000000, w: 0.000000[0m
[0m[ INFO] [1748147525.269167961]: [1748147525.269] Robot state - x: 0.000000, y: 0.000000, phi: 0.000000[0m
[0m[ INFO] [1748147525.269291547]: [1748147525.269] Reference trajectory - x: 0.000000, y: 0.000000, phi: 0.000000, v: 0.000000, w: 0.000000[0m
[0m[ INFO] [1748147525.269351196]: [1748147525.269] v: 0.000000, w: 0.000000[0m
[0m[ INFO] [1748147525.369341475]: [1748147525.369] Robot state - x: 0.000000, y: 0.000000, phi: 0.000000[0m
[0m[ INFO] [1748147525.369453445]: [1748147525.369] Reference trajectory - x: 0.000000, y: 0.000000, phi: 0.000000, v: 0.000000, w: 0.000000[0m
[0m[ INFO] [1748147525.369502726]: [1748147525.369] v: 0.000000, w: 0.000000[0m
[0m[ INFO] [1748147525.469172615]: [1748147525.469] Robot state - x: 0.000000, y: 0.000000, phi: 0.000000[0m
[0m[ INFO] [1748147525.469305226]: [1748147525.469] Reference trajectory - x: 0.000000, y: 0.000000, phi: 0.000000, v: 0.000000, w: 0.000000[0m
[0m[ INFO] [1748147525.469368139]: [1748147525.469] v: 0.000000, w: 0.000000[0m
[0m[ INFO] [1748147525.569131405]: [1748147525.569] Robot state - x: 0.000000, y: 0.000000, phi: 0.000000[0m
[0m[ INFO] [1748147525.569226959]: [1748147525.569] Reference trajectory - x: 0.000000, y: 0.000000, phi: 0.000000, v: 0.000000, w: 0.000000[0m
[0m[ INFO] [1748147525.569301073]: [1748147525.569] v: 0.000000, w: 0.000000[0m
[0m[ INFO] [1748147525.669627870]: [1748147525.670] Robot state - x: 0.000000, y: 0.000000, phi: 0.000000[0m
[0m[ INFO] [1748147525.669756193]: [1748147525.670] Reference trajectory - x: 0.000000, y: 0.000000, phi: 0.000000, v: 0.000000, w: 0.000000[0m
[0m[ INFO] [1748147525.669801442]: [1748147525.670] v: 0.000000, w: 0.000000[0m
[0m[ INFO] [1748147525.769666630]: [1748147525.770] Robot state - x: 0.000000, y: 0.000000, phi: 0.000000[0m
[0m[ INFO] [1748147525.769792009]: [1748147525.770] Reference trajectory - x: 0.000000, y: 0.000000, phi: 0.000000, v: 0.000000, w: 0.000000[0m
[0m[ INFO] [1748147525.769839402]: [1748147525.770] v: 0.000000, w: 0.000000[0m
[0m[ INFO] [1748147525.868778492]: [1748147525.869] Robot state - x: 0.000000, y: 0.000000, phi: 0.000000[0m
[0m[ INFO] [1748147525.868913374]: [1748147525.869] Reference trajectory - x: 0.000000, y: 0.000000, phi: 0.000000, v: 0.000000, w: 0.000000[0m
[0m[ INFO] [1748147525.868977120]: [1748147525.869] v: 0.000000, w: 0.000000[0m
[0m[ INFO] [1748147525.968957958]: [1748147525.969] Robot state - x: 0.000000, y: 0.000000, phi: 0.000000[0m
[0m[ INFO] [1748147525.969100233]: [1748147525.969] Reference trajectory - x: 0.000000, y: 0.000000, phi: 0.000000, v: 0.000000, w: 0.000000[0m
[0m[ INFO] [1748147525.969149450]: [1748147525.969] v: 0.00000[0m[ INFO] [1748147506.333140557]: Reading trajectory coeffs[0m
[0m[ INFO] [1748147502.725111903]: [I2C FOR MOTORS] Now launching this node in namespace: /asc[0m
[0m[ INFO] [1748147502.756821254]: [I2C FOR MOTORS] publish motor duty cycle requests from command line with: rostopic pub --once /asc/set_motor_duty_cycle asclinic_pkg/LeftRightFloat32 "{left: 10.1, right: 10.1}"[0m
[0m[ INFO] [1748147502.757000106]: [I2C FOR MOTORS] Successfully opened named /dev/i2c-1, with file descriptor = 10[0m
[0m[ INFO] [1748147502.757102636]: [I2C FOR MOTORS] Actual acceleration limit = 0.0003125%/ms (after conversation to "internal units")[0m
[0m[ INFO] [1748147502.757146061]: [I2C FOR MOTORS] Actual deceleration limit = 0.0015625%/ms (after conversation to "internal units")[0m
[0m[ INFO] [1748147502.757181006]: [I2C FOR MOTORS] Now initialising SMC with I2C address 13[0m
[0m[ INFO] [1748147502.772247297]: [I2C FOR MOTORS] Now initialising SMC with I2C address 14[0m
[0m[ INFO] [1748147502.786708361]: [I2C FOR MOTORS] Node initialisation complete[0m
0, w: 0.000000[0m
[0m[ INFO] [1748147526.068999597]: [1748147526.069] Robot state - x: 0.000000, y: 0.000000, phi: 0.000000[0m
[0m[ INFO] [1748147526.069149936]: [1748147526.069] Reference trajectory - x: 0.000000, y: 0.000000, phi: 0.000000, v: 0.000000, w: 0.000000[0m
[0m[ INFO] [1748147526.069210129]: [1748147526.069] v: 0.000000, w: 0.000000[0m
[0m[ INFO] [1748147526.169637503]: [1748147526.170] Robot state - x: 0.000000, y: 0.000000, phi: 0.000000[0m
[0m[ INFO] [1748147526.169734689]: [1748147526.170] Reference trajectory - x: 0.000000, y: 0.000000, phi: 0.000000, v: 0.000000, w: 0.000000[0m
[0m[ INFO] [1748147526.169782049]: [1748147526.170] v: 0.000000, w: 0.000000[0m
[0m[ INFO] [1748147526.269063448]: [1748147526.269] Robot state - x: 0.000000, y: 0.000000, phi: 0.000000[0m
[0m[ INFO] [1748147526.269180187]: [1748147526.269] Reference trajectory - x: 0.000000, y: 0.000000, phi: 0.000000, v: 0.000000, w: 0.000000[0m
[0m[ INFO] [1748147526.269225499]: [1748147526.269] v: 0.000000, w: 0.000000[0m
[0m[ INFO] [1748147526.371240136]: [1748147526.371] Robot state - x: 0.000000, y: 0.000000, phi: 0.000000[0m
[0m[ INFO] [1748147526.371335274]: [1748147526.371] Reference trajectory - x: 0.000000, y: 0.000000, phi: 0.000000, v: 0.000000, w: 0.000000[0m
[0m[ INFO] [1748147526.371532654]: [1748147526.371] v: 0.000000, w: 0.000000[0m
[0m[ INFO] [1748147526.469995925]: [1748147526.470] Robot state - x: 0.000000, y: 0.000000, phi: 0.000000[0m
[0m[ INFO] [1748147526.470124439]: [1748147526.470] Reference trajectory - x: 0.000000, y: 0.000000, phi: 0.000000, v: 0.000000, w: 0.000000[0m
[0m[ INFO] [1748147526.470216505]: [1748147526.470] v: 0.000000, w: 0.000000[0m
[0m[ INFO] [1748147526.569168009]: [1748147526.569] Robot state - x: 0.000000, y: 0.000000, phi: 0.000000[0m
[0m[ INFO] [1748147526.569317580]: [1748147526.569] Reference trajectory - x: 0.000000, y: 0.000000, phi: 0.000000, v: 0.000000, w: 0.000000[0m
[0m[ INFO] [1748147526.569379469]: [1748147526.569] v: 0.000000, w: 0.000000[0m

[ARUCO DETECTOR] Camera properties upon initialisation:
CV_CAP_PROP_FRAME_HEIGHT : '480.0'
CV_CAP_PROP_FRAME_WIDTH :  '640.0'
CAP_PROP_FPS :             '30.0'
CAP_PROP_FOCUS :           '0.0'
CAP_PROP_AUTOFOCUS :       '1.0'
CAP_PROP_BRIGHTNESS :      '128.0'
CAP_PROP_CONTRAST :        '128.0'
CAP_PROP_SATURATION :      '128.0'
CAP_PROP_BUFFERSIZE :      '4.0'

[ARUCO DETECTOR] Camera properties upon initialisation:
CV_CAP_PROP_FRAME_HEIGHT : '1080.0'
CV_CAP_PROP_FRAME_WIDTH :  '1920.0'
CAP_PROP_FPS :             '5.0'
CAP_PROP_FOCUS :           '0.0'
CAP_PROP_AUTOFOCUS :       '0.0'
CAP_PROP_BRIGHTNESS :      '128.0'
CAP_PROP_CONTRAST :        '128.0'
CAP_PROP_SATURATION :      '128.0'
CAP_PROP_BUFFERSIZE :      '1.0'
[INFO] [1748147509.187292]: [ARUCO DETECTOR] As a double check of the camera properties set, a frame captured just now has dimensions = (1080, 1920, 3)
[INFO] [1748147509.193761]: [ARUCO DETECTOR] publish request from command line to save a single camera image using: rostopic pub --once /asc/request_save_image std_msgs/UInt32 1
[INFO] [1748147509.198014]: [ARUCO DETECTOR] Node initialisation complete
... logging to /home/asc/.ros/log/adb0194e-3919-11f0-bbe1-d8c0a650f677/roslaunch-asc12-jetson-19776.log
Checking log directory for disk usage. This may take a while.
Press Ctrl-C to interrupt
Done checking log file disk usage. Usage is <1GB.
]2;/home/asc/ASClinic/catkin_ws/src/asclinic_pkg/launch/trajectory.launch
[1mstarted roslaunch server http://asc12-jetson:37179/[0m

SUMMARY
========

PARAMETERS
 * /asc/aruco_detector/aruco_detector_desired_camera_fps: 5
 * /asc/aruco_detector/aruco_detector_desired_camera_frame_height: 1080
 * /asc/aruco_detector/aruco_detector_desired_camera_frame_width: 1920
 * /asc/aruco_detector/aruco_detector_marker_size: 0.25
 * /asc/aruco_detector/aruco_detector_save_image_path: /home/asc/saved_c...
 * /asc/aruco_detector/aruco_detector_should_publish_camera_images: False
 * /asc/aruco_detector/aruco_detector_should_save_all_aruco_images: False
 * /asc/aruco_detector/aruco_detector_should_show_camera_images: False
 * /asc/aruco_detector/aruco_detector_usb_camera_device_number: 0
 * /asc/aruco_detector/aruco_detector_verbosity: 1
 * /asc/encoder_read_multi_threaded/delta_t_for_publishing_encoder_counts: 0.1
 * /asc/encoder_read_multi_threaded/encoder_events_to_monitor: rising
 * /asc/encoder_read_multi_threaded/encoder_read_verbosity: 1
 * /asc/encoder_read_multi_threaded/gpio_chip_number_for_encoder_lines: 1
 * /asc/encoder_read_multi_threaded/line_number_for_left_side_encoder_channel_a: 105
 * /asc/encoder_read_multi_threaded/line_number_for_left_side_encoder_channel_b: 106
 * /asc/encoder_read_multi_threaded/line_number_for_right_side_encoder_channel_a: 84
 * /asc/encoder_read_multi_threaded/line_number_for_right_side_encoder_channel_b: 130
 * /asc/encoder_read_multi_threaded/should_monitor_left_side_encoder_channel_a: True
 * /asc/encoder_read_multi_threaded/should_monitor_left_side_encoder_channel_b: False
 * /asc/encoder_read_multi_threaded/should_monitor_right_side_encoder_channel_a: True
 * /asc/encoder_read_multi_threaded/should_monitor_right_side_encoder_channel_b: False
 * /asc/i2c_for_motors/motor_driver_current_limit_in_milliamps: 5000
 * /asc/i2c_for_motors/motor_driver_left_side_multiplier: 1
 * /asc/i2c_for_motors/motor_driver_max_accel_limit_in_percent_per_millisecond: 0.04
 * /asc/i2c_for_motors/motor_driver_max_decel_limit_in_percent_per_millisecond: 0.16
 * /asc/i2c_for_motors/motor_driver_max_duty_cycle_limit_in_percent: 100.0
 * /asc/i2c_for_motors/motor_driver_right_side_multiplier: 1
 * /asc/i2c_for_motors/motor_driver_verbosity: 1
 * /rosdistro: noetic
 * /rosversion: 1.17.0

NODES
  /
    aruco_positioning (asclinic_pkg/aruco_positioning.py)
    kf_fusion_node (asclinic_pkg/KF.py)
    odomdelta (asclinic_pkg/odomdelta)
    trajectory_generator (asclinic_pkg/trajectory_generator_state_space)
    trajectory_tracker (asclinic_pkg/trajectory_tracker_state_space)
    velocity_PI_control (asclinic_pkg/velocity_PI_control)
  /asc/
    aruco_detector (asclinic_pkg/aruco_detector.py)
    encoder_read_multi_threaded (asclinic_pkg/encoder_read_multi_threaded)
    i2c_for_motors (asclinic_pkg/i2c_for_motors)

[1mROS_MASTER_URI=http://localhost:11311[0m
]2;/home/asc/ASClinic/catkin_ws/src/asclinic_pkg/launch/trajectory.launch http://localhost:11311
[1mprocess[asc/i2c_for_motors-1]: started with pid [19871][0m
[1mprocess[asc/encoder_read_multi_threaded-2]: started with pid [19872][0m
[1mprocess[odomdelta-3]: started with pid [19877][0m
[1mprocess[asc/aruco_detector-4]: started with pid [19888][0m
[1mprocess[aruco_positioning-5]: started with pid [19890][0m
[1mprocess[trajectory_tracker-6]: started with pid [19895][0m
[1mprocess[trajectory_generator-7]: started with pid [19896][0m
[1mprocess[velocity_PI_control-8]: started with pid [19901][0m
[1mprocess[kf_fusion_node-9]: started with pid [19911][0m
[kf_fusion_node-9] killing on exit
[velocity_PI_control-8] killing on exit
[trajectory_tracker-6] killing on exit
[aruco_positioning-5] killing on exit
[asc/aruco_detector-4] killing on exit
[odomdelta-3] killing on exit
[asc/encoder_read_multi_threaded-2] killing on exit
[asc/i2c_for_motors-1] killing on exit
[trajectory_generator-7] killing on exit
shutting down processing monitor...
... shutting down processing monitor complete
[1mdone[0m
