[0m[ INFO] [1748221964.895910296]: Loaded 1 segments of gains[0m
[0m[ INFO] [1748221964.895996314]: Segment 0:[0m
[0m[ INFO] [1748221964.896021211]:   K_x:[0m
[0m[ INFO] [1748221964.896103740]:     [-2.68003e-17, 1.87083, -1.10342e-16][0m
[0m[ INFO] [1748221964.896135933]:     [-3.07369, 7.78674e-17, 2.08428][0m
[0m[ INFO] [1748221964.896159325]:   K_p:[0m
[0m[ INFO] [1748221964.896189886]:     [-6.65586e-18, 0.5][0m
[0m[ INFO] [1748221964.896217535]:     [-0.5, -1.02901e-16][0m
[0m[ INFO] [1748221966.810454530]: [1748221966.810] Robot state - x: 0.000000, y: 0.000000, phi: 0.000000[0m
[0m[ INFO] [1748221966.825630309]: [1748221966.825] Reference trajectory - x: 0.000000, y: 0.000000, phi: 0.000000, v: 0.000000, w: 0.000000, line_no: 0[0m
[0m[ INFO] [1748221966.903588862]: [1748221966.903] Robot state - x: 0.000000, y: 0.000000, phi: 0.000000[0m
[0m[ INFO] [1748221966.903701248]: [1748221966.904] Reference trajectory - x: 0.000000, y: 0.000000, phi: 0.000000, v: 0.000000, w: 0.000000, line_no: 0[0m
[0m[ INFO] [1748221967.008453043]: [1748221967.008] Robot state - x: 0.000000, y: 0.000000, phi: 0.000000[0m
[0m[ INFO] [1748221967.008987646]: [1748221967.009] Reference trajectory - x: 0.000000, y: 0.000000, phi: 0.000000, v: 0.000000, w: 0.000000, line_no: 0[0m
[0m[ INFO] [1748221967.107695791]: [1748221967.107] Robot state - x: 0.000000, y: 0.000000, phi: 0.000000[0m
[0m[ INFO] [1748221967.107960980]: [1748221967.108] Reference trajectory - x: 0.000000, y: 0.000000, phi: 0.000000, v: 0.000000, w: 0.000000, line_no: 0[0m
[0m[ INFO] [1748221967.208878772]: [1748221967.208] Robot state - x: 0.000000, y: 0.000000, phi: 0.000000[0m
[0m[ INFO] [1748221967.209445952]: [1748221967.209] Reference trajectory - x: 0.000000, y: 0.000000, phi: 0.000000, v: 0.000000, w: 0.000000, line_no: 0[0m
[0m[ INFO] [1748221967.308625243]: [1748221967.308] Robot state - x: 0.000000, y: 0.000000, phi: 0.000000[0m
[0m[ INFO] [1748221967.309000035]: [1748221967.309] Reference trajectory - x: 0.000000, y: 0.000000, phi: 0.000000, v: 0.000000, w: 0.000000, line_no: 0[0m
[0m[ INFO] [1748221967.408432163]: [1748221967.408] Robot state - x: 0.000000, y: 0.000000, phi: 0.000000[0m
[0m[ INFO] [1748221967.408724041]: [1748221967.409] Reference trajectory - x: 0.000000, y: 0.000000, phi: 0.000000, v: 0.000000, w: 0.000000, line_no: 0[0m
[0m[ INFO] [1748221967.501773953]: [1748221967.502] Robot state - x: 0.000000, y: 0.000000, phi: 0.000000[0m
[0m[ INFO] [1748221967.501913956]: [1748221967.502] Reference trajectory - x: 0.000000, y: 0.000000, phi: 0.000000, v: 0.000000, w: 0.000000, line_no: 0[0m
[0m[ INFO] [1748221967.612446032]: [1748221967.612] Robot state - x: 0.000000, y: 0.000000, phi: 0.000000[0m
[0m[ INFO] [1748221967.612582451]: [1748221967.613] Reference trajectory - x: 0.000000, y: 0.000000, phi: 0.000000, v: 0.000000, w: 0.000000, line_no: 0[0m
[0m[ INFO] [1748221967.701743769]: [1748221967.702] Robot state - x: 0.000000, y: 0.000000, phi: 0.000000[0m
[0m[ INFO] [1748221967.701951678]: [1748221967.702] Reference trajectory - x: 0.000000, y: 0.000000, phi: 0.000000, v: 0.000000, w: 0.000000, line_no: 0[0m
[0m[ INFO] [1748221967.801212506]: [1748221967.801] Robot state - x: 0.000000, y: 0.000000, phi: 0.000000[0m
[0m[ INFO] [1748221967.801350269]: [1748221967.801] Reference trajectory - x: 0.000000, y: 0.000000, phi: 0.000000, v: 0.000000, w: 0.000000, line_no: 0[0m
[0m[ INFO] [1748221967.909799837]: [1748221967.909] Robot state - x: 0.000000, y: 0.000000, phi: 0.000000[0m
[0m[ INFO] [1748221967.910250694]: [1748221967.910] Reference trajectory - x: 0.000000, y: 0.000000, phi: 0.000000, v: 0.000000, w: 0.000000, line_no: 0[0m
[0m[ INFO] [1748221968.006616933]: [1748221968.007] Robot state - x: 0.000000, y: 0.000000, phi: 0.000000[0m
[0m[ INFO] [1748221968.006757672]: [1748221968.007] Reference trajectory - x: 0.000000, y: 0.000000, phi: 0.000000, v: 0.000000, w: 0.000000, line_no: 0[0m
[0m[ INFO] [1748221968.101925836]: [1748221968.102] Robot state - x: 0.000000, y: 0.000000, phi: 0.000000[0m
[0m[ INFO] [1748221968.102231475]: [1748221968.102] Reference trajectory - x: 0.000000, y: 0.000000, phi: 1.570796, v: 0.000000, w: 0.000000, line_no: 0[0m
[0m[ INFO] [1748221968.202304287]: [1748221968.202] Robot state - x: 0.000000, y: 0.000000, phi: 0.000000[0m
[0m[ INFO] [1748221968.202440034]: [1748221968.202] Reference trajectory - x: 0.000000, y: 0.000000, phi: 1.570796, v: 0.000000, w: 0.000000, line_no: 0[0m
[0m[ INFO] [1748221968.301993507]: [1748221968.302] Robot state - x: 0.000000, y: 0.000000, phi: 0.000000[0m
[0m[ INFO] [1748221968.302089829]: [1748221968.302] Reference trajectory - x: 0.000000, y: 0.000000, phi: 1.570796, v: 0.000000, w: 0.000000, line_no: 0[0m
[0m[ INFO] [1748221968.410377888]: [1748221968.410] Robot state - x: 0.000000, y: 0.000000, phi: 0.000000[0m
[0m[ INFO] [1748221968.410772360]: [1748221968.411] Reference trajectory - x: 0.000000, y: 0.000000, phi: 1.570796, v: 0.000000, w: 0.000000, line_no: 0[0m
[0m[ INFO] [1748221968.502107323]: [1748221968.502] Robot state - x: 0.000606, y: 0.000005, phi: 0.016908[0m
[0m[ INFO] [1748221968.502213437]: [1748221968.502] Reference trajectory - x: 0.000000, y: 0.000000, phi: 1.570796, v: 0.000000, w: 0.000000, line_no: 0[0m
[0m[ INFO] [1748221968.603235773]: [1748221968.603] Robot state - x: 0.000808, y: 0.000011, phi: 0.071390[0m
[0m[ INFO] [1748221968.603335135]: [1748221968.603] Reference trajectory - x: 0.000000, y: 0.000000, phi: 1.570796, v: 0.000000, w: 0.000000, line_no: 0[0m
[0m[ INFO] [1748221968.702000526]: [1748221968.702] Robot state - x: 0.001211, y: 0.000033, phi: 0.150295[0m
[0m[ INFO] [1748221968.702105840]: [1748221968.702] Reference trajectory - x: 0.000000, y: 0.000000, phi: 1.570796, v: 0.000000, w: 0.000000, line_no: 0[0m
[0m[ INFO] [1748221968.808281022]: [1748221968.808] Robot state - x: 0.001412, y: 0.000055, phi: 0.223565[0m
[0m[ INFO] [1748221968.808769992]: [1748221968.809] Reference trajectory - x: 0.000000, y: 0.000000, phi: 1.570796, v: 0.000000, w: 0.000000, line_no: 0[0m
[0m[ INFO] [1748221968.902124518]: [1748221968.902] Robot state - x: 0.001213, y: 0.000018, phi: 0.289319[0m
[0m[ INFO] [1748221968.902248104]: [1748221968.902] Reference trajectory - x: 0.000000, y: 0.000000, phi: 1.570796, v: 0.000000, w: 0.000000, line_no: 0[0m
[0m[ INFO] [1748221969.008186513]: [1748221969.008] Robot state - x: 0.001604, y: 0.000122, phi: 0.360709[0m
[0m[ INFO] [1748221969.008285939]: [1748221969.008] Reference trajectory - x: 0.000000, y: 0.000000, phi: 1.570796, v: 0.000000, w: 0.000000, line_no: 0[0m
[0m[ INFO] [1748221969.101328201]: [1748221969.101] Robot state - x: 0.001604, y: 0.000122, phi: 0.432099[0m
[0m[ INFO] [1748221969.101446699]: [1748221969.101] Reference trajectory - x: 0.000000, y: 0.000000, phi: 1.570796, v: 0.000000, w: 0.000000, line_no: 0[0m
[0m[ INFO] [1748221969.212273850]: [1748221969.212] Robot state - x: 0.001604, y: 0.000122, phi: 0.495975[0m
[0m[ INFO] [1748221969.212690979]: [1748221969.213] Reference trajectory - x: 0.000000, y: 0.000000, phi: 1.570796, v: 0.000000, w: 0.000000, line_no: 0[0m
[0m[ INFO] [1748221969.301971433]: [1748221969.302] Robot state - x: 0.001965, y: 0.000303, phi: 0.563608[0m
[0m[ INFO] [1748221969.302082795]: [1748221969.302] Reference trajectory - x: 0.000000, y: 0.000000, phi: 1.570796, v: 0.000000, w: 0.000000, line_no: 0[0m
[0m[ INFO] [1748221969.411469627]: [1748221969.411] Robot state - x: 0.001790, y: 0.000202, phi: 0.625605[0m
[0m[ INFO] [1748221969.411810947]: [1748221969.412] Reference trajectory - x: 0.000000, y: 0.000000, phi: 1.570796, v: 0.000000, w: 0.000000, line_no: 0[0m
[0m[ INFO] [1748221969.501446416]: [1748221969.501] Robot state - x: 0.002124, y: 0.000428, phi: 0.689480[0m
[0m[ INFO] [1748221969.501561331]: [1748221969.502] Reference trajectory - x: 0.000000, y: 0.000000, phi: 1.570796, v: 0.000000, w: 0.000000, line_no: 0[0m
[0m[ INFO] [1748221969.608578353]: [1748221969.608] Robot state - x: 0.002124, y: 0.000428, phi: 0.749599[0m
[0m[ INFO] [1748221969.608841750]: [1748221969.609] Reference trajectory - x: 0.000000, y: 0.000000, phi: 1.570796, v: 0.000000, w: 0.000000, line_no: 0[0m
[0m[ INFO] [1748221969.702158034]: [1748221969.702] Robot state - x: 0.001972, y: 0.000295, phi: 0.807838[0m
[0m[ INFO] [1748221969.702278836]: [1748221969.702] Reference trajectory - x: 0.000000, y: 0.000000, phi: 1.570796, v: 0.000000, w: 0.000000, line_no: 0[0m
[0m[ INFO] [1748221969.805005687]: [1748221969.805] Robot state - x: 0.002260, y: 0.000579, phi: 0.864199[0m
[0m[ INFO] [1748221969.805130010]: [1748221969.805] Reference trajectory - x: 0.000000, y: 0.000000, phi: 1.570796, v: 0.000000, w: 0.000000, line_no: 0[0m
[0m[ INFO] [1748221969.902470379]: [1748221969.902] Robot state - x: 0.002260, y: 0.000579, phi: 0.920560[0m
[0m[ INFO] [1748221969.902595405]: [1748221969.903] Reference trajectory - x: 0.000000, y: 0.000000, phi: 1.570796, v: 0.000000, w: 0.000000, line_no: 0[0m
[0m[ INFO] [1748221970.003415400]: [1748221970.003] Robot state - x: 0.002260, y: 0.000579, phi: 0.973163[0m
[0m[ INFO] [1748221970.003621132]: [1748221970.004] Reference trajectory - x: 0.000000, y: 0.000000, phi: 1.570796, v: 0.000000, w: 0.000000, line_no: 0[0m
[0m[ INFO] [1748221970.241266074]: [1748221970.241] Robot state - x: 0.002260, y: 0.000579, phi: 1.025766[0m
[0m[ INFO] [1748221970.241361820]: [1748221970.241] Reference trajectory - x: 0.000000, y: 0.000000, phi: 1.570796, v: 0.000000, w: 0.000000, line_no: 0[0m
[0m[ INFO] [1748221970.242936125]: [1748221970.243] Robot state - x: 0.002369, y: 0.000749, phi: 1.076491[0m
[0m[ INFO] [1748221970.243008479]: [1748221970.243] Reference trajectory - x: 0.000000, y: 0.000000, phi: 1.570796, v: 0.000000, w: 0.000000, line_no: 0[0m
[0m[ INFO] [1748221970.301297650]: [1748221970.301] Robot state - x: 0.002260, y: 0.000579, phi: 1.123459[0m
[0m[ INFO] [1748221970.301417045]: [1748221970.301] Reference trajectory - x: 0.000000, y: 0.000000, phi: 1.570796, v: 0.000000, w: 0.000000, line_no: 0[0m
[0m[ INFO] [1748221970.405173036]: [1748221970.405] Robot state - x: 0.002351, y: 0.000759, phi: 1.170426[0m
[0m[ INFO] [1748221970.405337232]: [1748221970.405] Reference trajectory - x: 0.000000, y: 0.000000, phi: 1.570796, v: 0.000000, w: 0.000000, line_no: 0[0m
[0m[ INFO] [1748221970.501485958]: [1748221970.501] Robot state - x: 0.002268, y: 0.000575, phi: 1.213636[0m
[0m[ INFO] [1748221970.501603656]: [1748221970.502] Reference trajectory - x: 0.000000, y: 0.000000, phi: 1.570796, v: 0.000000, w: 0.000000, line_no: 0[0m
[0m[ INFO] [1748221970.608651333]: [1748221970.608] Robot state - x: 0.002268, y: 0.000575, phi: 1.251210[0m
[0m[ INFO] [1748221970.608948364]: [1748221970.609] Reference trajectory - x: 0.000000, y: 0.000000, phi: 1.570796, v: 0.000000, w: 0.000000, line_no: 0[0m
[0m[ INFO] [1748221970.702572076]: [1748221970.702] Robot state - x: 0.002268, y: 0.000575, phi: 1.288784[0m
[0m[ INFO] [1748221970.702707471]: [1748221970.703] Reference trajectory - x: 0.000000, y: 0.000000, phi: 1.570796, v: 0.000000, w: 0.000000, line_no: 0[0m
[0m[ INFO] [1748221970.808176843]: [1748221970.808] Robot state - x: 0.002328, y: 0.000768, phi: 1.324479[0m
[0m[ INFO] [1748221970.808600084]: [1748221970.809] Reference trajectory - x: 0.000000, y: 0.000000, phi: 1.570796, v: 0.000000, w: 0.000000, line_no: 0[0m
[0m[ INFO] [1748221970.901950286]: [1748221970.902] Robot state - x: 0.002275, y: 0.000573, phi: 1.356416[0m
[0m[ INFO] [1748221970.902048753]: [1748221970.902] Reference trajectory - x: 0.000000, y: 0.000000, phi: 1.570796, v: 0.000000, w: 0.000000, line_no: 0[0m
[0m[ INFO] [1748221971.001242183]: [1748221971.001] Robot state - x: 0.002275, y: 0.000573, phi: 1.386476[0m
[0m[ INFO] [1748221971.001353226]: [1748221971.001] Reference trajectory - x: 0.000000, y: 0.000000, phi: 1.570796, v: 0.000000, w: 0.000000, line_no: 0[0m
[0m[ INFO] [1748221971.101880443]: [1748221971.102] Robot state - x: 0.002275, y: 0.000573, phi: 1.416535[0m
[0m[ INFO] [1748221971.101982781]: [1748221971.102] Reference trajectory - x: 0.000000, y: 0.000000, phi: 1.570796, v: 0.000000, w: 0.000000, line_no: 0[0m
[0m[ INFO] [1748221971.210117520]: [1748221971.210] Robot state - x: 0.002309, y: 0.000772, phi: 1.440958[0m
[0m[ INFO] [1748221971.210476695]: [1748221971.210] Reference trajectory - x: 0.000000, y: 0.000000, phi: 1.570796, v: 0.000000, w: 0.000000, line_no: 0[0m
[0m[ INFO] [1748221971.303296614]: [1748221971.303] Robot state - x: 0.002309, y: 0.000772, phi: 1.467259[0m
[0m[ INFO] [1748221971.303410632]: [1748221971.303] Reference trajectory - x: 0.000000, y: 0.000000, phi: 1.570796, v: 0.000000, w: 0.000000, line_no: 0[0m
[0m[ INFO] [1748221971.405845026]: [1748221971.406] Robot state - x: 0.002286, y: 0.000572, phi: 1.491682[0m
[0m[ INFO] [1748221971.406019654]: [1748221971.406] Reference trajectory - x: 0.000000, y: 0.000000, phi: 1.570796, v: 0.000000, w: 0.000000, line_no: 0[0m
[0m[ INFO] [1748221971.503468694]: [1748221971.503] Robot state - x: 0.002305, y: 0.000773, phi: 1.512348[0m
[0m[ INFO] [1748221971.503581112]: [1748221971.504] Reference trajectory - x: 0.000000, y: 0.000000, phi: 1.570796, v: 0.000000, w: 0.000000, line_no: 0[0m
[0m[ INFO] [1748221971.604803768]: [1748221971.605] Robot state - x: 0.002305, y: 0.000773, phi: 1.534892[0m
[0m[ INFO] [1748221971.604900442]: [1748221971.605] Reference trajectory - x: 0.000000, y: 0.000000, phi: 1.570796, v: 0.000000, w: 0.000000, line_no: 0[0m
[0m[ INFO] [1748221971.701858496]: [1748221971.702] Robot state - x: 0.002305, y: 0.000773, phi: 1.553679[0m
[0m[ INFO] [1748221971.701953890]: [1748221971.702] Reference trajectory - x: 0.000000, y: 0.000000, phi: 1.570796, v: 0.000000, w: 0.000000, line_no: 0[0m
[0m[ INFO] [1748221971.807544159]: [1748221971.807] Robot state - x: 0.002310, y: 0.000974, phi: 1.570588[0m
[0m[ INFO] [1748221971.807917383]: [1748221971.808] Reference trajectory - x: 0.000000, y: 0.000000, phi: 1.570796, v: 0.000000, w: 0.000000, line_no: 0[0m
[0m[ INFO] [1748221971.901908110]: [1748221971.902] Robot state - x: 0.002309, y: 0.000773, phi: 1.591253[0m
[0m[ INFO] [1748221971.902027568]: [1748221971.902] Reference trajectory - x: 0.000000, y: 0.000000, phi: 1.570796, v: 0.000000, w: 0.000000, line_no: 0[0m
[0m[ INFO] [1748221972.007969844]: [1748221972.007] Robot state - x: 0.002309, y: 0.000773, phi: 1.602525[0m
[0m[ INFO] [1748221972.008439902]: [1748221972.008] Reference trajectory - x: 0.000000, y: 0.000000, phi: 1.570796, v: 0.000000, w: 0.000000, line_no: 0[0m
[0m[ INFO] [1748221972.102286721]: [1748221972.102] Robot state - x: 0.002309, y: 0.000773, phi: 1.613798[0m
[0m[ INFO] [1748221972.102386499]: [1748221972.102] Reference trajectory - x: 0.000000, y: 0.000000, phi: 1.570796, v: 0.000000, w: 0.000000, line_no: 0[0m
[0m[ INFO] [1748221972.208096001]: [1748221972.208] Robot state - x: 0.002316, y: 0.000571, phi: 1.626948[0m
[0m[ INFO] [1748221972.208462761]: [1748221972.208] Reference trajectory - x: 0.000000, y: 0.000000, phi: 1.570796, v: 0.000000, w: 0.000000, line_no: 0[0m
[0m[ INFO] [1748221972.302125543]: [1748221972.302] Robot state - x: 0.002326, y: 0.000369, phi: 1.636342[0m
[0m[ INFO] [1748221972.302338700]: [1748221972.302] Reference trajectory - x: 0.000000, y: 0.000000, phi: 1.570796, v: 0.000000, w: 0.000000, line_no: 0[0m
[0m[ INFO] [1748221972.408738872]: [1748221972.408] Robot state - x: 0.002314, y: 0.000571, phi: 1.645735[0m
[0m[ INFO] [1748221972.409177729]: [1748221972.409] Reference trajectory - x: 0.000000, y: 0.000000, phi: 1.570796, v: 0.000000, w: 0.000000, line_no: 0[0m
[0m[ INFO] [1748221972.501757481]: [1748221972.502] Robot state - x: 0.002300, y: 0.000772, phi: 1.651371[0m
[0m[ INFO] [1748221972.501929709]: [1748221972.502] Reference trajectory - x: 0.000000, y: 0.000000, phi: 1.570796, v: 0.000000, w: 0.000000, line_no: 0[0m
[0m[ INFO] [1748221972.609033032]: [1748221972.609] Robot state - x: 0.002300, y: 0.000772, phi: 1.651371[0m
[0m[ INFO] [1748221972.609443313]: [1748221972.609] Reference trajectory - x: 0.000000, y: 0.000000, phi: 1.570796, v: 0.000000, w: 0.000000, line_no: 0[0m
[0m[ INFO] [1748221972.701842964]: [1748221972.702] Robot state - x: 0.002300, y: 0.000772, phi: 1.651371[0m
[0m[ INFO] [1748221972.702159611]: [1748221972.702] Reference trajectory - x: 0.000000, y: 0.000000, phi: 1.570796, v: 0.000000, w: 0.000000, line_no: 0[0m
[0m[ INFO] [1748221972.810226987]: [1748221972.810] Robot state - x: 0.002300, y: 0.000772, phi: 1.651371[0m
[0m[ INFO] [1748221972.810546930]: [1748221972.810] Reference trajectory - x: 0.000000, y: 0.000000, phi: 1.570796, v: 0.000000, w: 0.000000, line_no: 0[0m
[0m[ INFO] [1748221972.901915808]: [1748221972.902] Robot state - x: 0.002300, y: 0.000772, phi: 1.651371[0m
[0m[ INFO] [1748221972.902020354]: [1748221972.902] Reference trajectory - x: 0.000000, y: 0.000000, phi: 1.570796, v: 0.000000, w: 0.000000, line_no: 0[0m
[0m[ INFO] [1748221973.009524965]: [1748221973.009] Robot state - x: 0.002300, y: 0.000772, phi: 1.651371[0m
[0m[ INFO] [1748221973.009943822]: [1748221973.010] Reference trajectory - x: 0.000000, y: 0.000000, phi: 1.570796, v: 0.000000, w: 0.000000, line_no: 0[0m
[0m[ INFO] [1748221973.102736953]: [1748221973.103] Robot state - x: 0.002300, y: 0.000772, phi: 1.651371[0m
[0m[ INFO] [1748221973.102839419]: [1748221973.103] Reference trajectory - x: 0.000000, y: 0.000000, phi: 1.570796, v: 0.000000, w: 0.000000, line_no: 0[0m
[0m[ INFO] [1748221973.210665732]: [1748221973.210] Robot state - x: 0.002300, y: 0.000772, phi: 1.651371[0m
[0m[ INFO] [1748221973.210990027]: [1748221973.211] Reference trajectory - x: 0.000000, y: 0.000235, phi: 1.570796, v: 0.004739, w: 0.000000, line_no: 0[0m
[0m[ INFO] [1748221973.301879886]: [1748221973.302] Robot state - x: 0.002300, y: 0.000772, phi: 1.651371[0m
[0m[ INFO] [1748221973.302004144]: [1748221973.302] Reference trajectory - x: 0.000000, y: 0.000946, phi: 1.570796, v: 0.009481, w: 0.000000, line_no: 0[0m
[0m[ INFO] [1748221973.408976103]: [1748221973.409] Robot state - x: 0.002300, y: 0.000772, phi: 1.651371[0m
[0m[ INFO] [1748221973.409298734]: [1748221973.409] Reference trajectory - x: 0.000000, y: 0.002130, phi: 1.570796, v: 0.014185, w: 0.000000, line_no: 0[0m
[0m[ INFO] [1748221973.502328382]: [1748221973.502] Robot state - x: 0.002300, y: 0.000772, phi: 1.651371[0m
[0m[ INFO] [1748221973.502434528]: [1748221973.502] Reference trajectory - x: 0.000000, y: 0.003788, phi: 1.570796, v: 0.018864, w: 0.000000, line_no: 0[0m
[0m[ INFO] [1748221973.609351670]: [1748221973.609] Robot state - x: 0.002300, y: 0.000772, phi: 1.651371[0m
[0m[ INFO] [1748221973.609796991]: [1748221973.610] Reference trajectory - x: 0.000000, y: 0.005897, phi: 1.570796, v: 0.023476, w: 0.000000, line_no: 0[0m
[0m[ INFO] [1748221973.701831738]: [1748221973.702] Robot state - x: 0.002300, y: 0.000772, phi: 1.651371[0m
[0m[ INFO] [1748221973.701976285]: [1748221973.702] Reference trajectory - x: 0.000000, y: 0.008484, phi: 1.570796, v: 0.028079, w: 0.000000, line_no: 0[0m
[0m[ INFO] [1748221973.809074647]: [1748221973.809] Robot state - x: 0.002300, y: 0.000772, phi: 1.651371[0m
[0m[ INFO] [1748221973.809472831]: [1748221973.809] Reference trajectory - x: 0.000000, y: 0.011509, phi: 1.570796, v: 0.032616, w: 0.000000, line_no: 0[0m
[0m[ INFO] [1748221973.902136871]: [1748221973.902] Robot state - x: 0.002300, y: 0.000772, phi: 1.651371[0m
[0m[ INFO] [1748221973.902267498]: [1748221973.902] Reference trajectory - x: 0.000000, y: 0.015009, phi: 1.570796, v: 0.037143, w: 0.000000, line_no: 0[0m
[0m[ INFO] [1748221974.008337902]: [1748221974.008] Robot state - x: 0.002200, y: 0.001980, phi: 1.655129[0m
[0m[ INFO] [1748221974.008467377]: [1748221974.008] Reference trajectory - x: 0.000000, y: 0.018934, phi: 1.570796, v: 0.041603, w: 0.000000, line_no: 0[0m
[0m[ INFO] [1748221974.101842982]: [1748221974.102] Robot state - x: 0.001977, y: 0.004596, phi: 1.664522[0m
[0m[ INFO] [1748221974.101938537]: [1748221974.102] Reference trajectory - x: 0.000000, y: 0.023314, phi: 1.570796, v: 0.046035, w: 0.000000, line_no: 0[0m
[0m[ INFO] [1748221974.206275718]: [1748221974.206] Robot state - x: 0.00[0m[ INFO] [1748221967.986757471]: Reading trajectory coeffs[0m
[0m[ INFO] [1748221968.006223165]: Reading trajectory coeffs[0m
[0m[ INFO] [1748221968.006313727]: phi: 90.000000[0m
[0m[ INFO] [1748221968.006355007]: line_segment_no: 0[0m
[0m[ INFO] [1748221968.006419457]: trajectory_info:[0m
[0m[ INFO] [1748221968.006459074]: [TURNING] idx=0, phi=90.000000, tf=5.000000[0m
[0m[ INFO] [1748221968.006719943]: [DRIVING] idx=1, coeffx=[0, 0, -0, 0], coeffy=[0, 0, 24, -0.64], tf=25, phi=90, line_segment_no=0[0m
[0m[ INFO] [1748221973.186266528]: Published position command - x: 0.000000, y: 0.235139, phi: 90.000000, v: 4.738573, w: 0.000000, segment_no: 0[0m
[0m[ INFO] [1748221973.285806522]: Published position command - x: 0.000000, y: 0.946364, phi: 90.000000, v: 9.480867, w: 0.000000, segment_no: 0[0m
[0m[ INFO] [1748221973.386052866]: Published position command - x: 0.000000, y: 2.129781, phi: 90.000000, v: 14.184528, w: 0.000000, segment_no: 0[0m
[0m[ INFO] [1748221973.486487951]: Published position command - x: 0.000000, y: 3.787526, phi: 90.000000, v: 18.864460, w: 0.000000, segment_no: 0[0m
[0m[ INFO] [1748221973.586005288]: Published position command - x: 0.000000, y: 5.897363, phi: 90.000000, v: 23.475606, w: 0.000000, segment_no: 0[0m
[0m[ INFO] [1748221973.686336658]: Published position command - x: 0.000000, y: 8.483669, phi: 90.000000, v: 28.079373, w: 0.000000, segment_no: 0[0m
[0m[ INFO] [1748221973.785960814]: Published position command - x: 0.000000, y: 11.509079, phi: 90.000000, v: 32.615603, w: 0.000000, segment_no: 0[0m
[0m[ INFO] [1748221973.887548563]: Published position command - x: 0.000000, y: 15.008626, phi: 90.000000, v: 37.142549, w: 0.000000, segment_no: 0[0m
[0m[ INFO] [1748221973.985769969]: Published position command - x: 0.000000, y: 18.933933, phi: 90.000000, v: 41.602520, w: 0.000000, segment_no: 0[0m
[0m[ INFO] [1748221974.085091940]: Published position command - x: 0.000000, y: 23.313524, phi: 90.000000, v: 46.035437, w: 0.000000, segment_no: 0[0m
[0m[ INFO] [1748221974.186329024]: Published position command - x: 0.000000, y: 28.135753, phi: 90.000000, v: 50.431327, w: 0.000000, segment_no: 0[0m
[0m[ INFO] [1748221974.285019239]: Published position command - x: 0.000000, y: 33.396893, phi: 90.000000, v: 54.789926, w: 0.000000, segment_no: 0[0m
[0m[ INFO] [1748221974.385016297]: Published position command - x: 0.000000, y: 39.091621, phi: 90.000000, v: 59.109887, w: 0.000000, segment_no: 0[0m
[0m[ INFO] [1748221974.485033451]: Published position command - x: 0.000000, y: 45.217433, phi: 90.000000, v: 63.392163, w: 0.000000, segment_no: 0[0m
[0m[ INFO] [1748221974.584986252]: Published position command - x: 0.000000, y: 51.766830, phi: 90.000000, v: 67.634316, w: 0.000000, segment_no: 0[0m
[0m[ INFO] [1748221974.685046287]: Published position command - x: 0.000000, y: 58.743727, phi: 90.000000, v: 71.841212, w: 0.000000, segment_no: 0[0m
[0m[ INFO] [1748221974.785005552]: Published position command - x: 0.000000, y: 66.133651, phi: 90.000000, v: 76.006453, w: 0.000000, segment_no: 0[0m
[0m[ INFO] [1748221974.884967921]: Published position command - x: 0.000000, y: 73.941286, phi: 90.000000, v: 80.134995, w: 0.000000, segment_no: 0[0m
[0m[ INFO] [1748221974.984936402]: Published position command - x: 0.000000, y: 82.158081, phi: 90.000000, v: 84.224271, w: 0.000000, segment_no: 0[0m
[0m[ INFO] [1748221975.085011253]: Published position command - x: 0.000000, y: 90.785776, phi: 90.000000, v: 88.276972, w: 0.000000, segment_no: 0[0m
[0m[ INFO] [1748221975.184955764]: Published position command - x: 0.000000, y: 99.811630, phi: 90.000000, v: 92.288960, w: 0.000000, segment_no: 0[0m
[0m[ INFO] [1748221975.284990357]: Published position command - x: 0.000000, y: 109.243604, phi: 90.000000, v: 96.265432, w: 0.000000, segment_no: 0[0m
[0m[ INFO] [1748221975.385561250]: Published position command - x: 0.000000, y: 119.070248, phi: 90.000000, v: 100.202995, w: 0.000000, segment_no: 0[0m
[0m[ INFO] [1748221975.485065144]: Published position co1733, y: 0.007413, phi: 1.668280[0m
[0m[ INFO] [1748221974.206859954]: [1748221974.207] Reference trajectory - x: 0.000000, y: 0.028136, phi: 1.570796, v: 0.050431, w: 0.000000, line_no: 0[0m
[0m[ INFO] [1748221974.301385985]: [1748221974.301] Robot state - x: 0.001409, y: 0.010831, phi: 1.670158[0m
[0m[ INFO] [1748221974.301507587]: [1748221974.301] Reference trajectory - x: 0.000000, y: 0.033397, phi: 1.570796, v: 0.054790, w: 0.000000, line_no: 0[0m
[0m[ INFO] [1748221974.401235551]: [1748221974.401] Robot state - x: 0.000928, y: 0.015654, phi: 1.673916[0m
[0m[ INFO] [1748221974.401363010]: [1748221974.401] Reference trajectory - x: 0.000000, y: 0.039092, phi: 1.570796, v: 0.059110, w: 0.000000, line_no: 0[0m
[0m[ INFO] [1748221974.501671370]: [1748221974.502] Robot state - x: 0.000432, y: 0.020678, phi: 1.672037[0m
[0m[ INFO] [1748221974.501778093]: [1748221974.502] Reference trajectory - x: 0.000000, y: 0.045217, phi: 1.570796, v: 0.063392, w: 0.000000, line_no: 0[0m
[0m[ INFO] [1748221974.601501705]: [1748221974.601] Robot state - x: -0.000125, y: 0.026103, phi: 1.670158[0m
[0m[ INFO] [1748221974.601624203]: [1748221974.602] Reference trajectory - x: 0.000000, y: 0.051767, phi: 1.570796, v: 0.067634, w: 0.000000, line_no: 0[0m
[0m[ INFO] [1748221974.701579244]: [1748221974.701] Robot state - x: -0.000737, y: 0.032130, phi: 1.670158[0m
[0m[ INFO] [1748221974.701698511]: [1748221974.702] Reference trajectory - x: 0.000000, y: 0.058744, phi: 1.570796, v: 0.071841, w: 0.000000, line_no: 0[0m
[0m[ INFO] [1748221974.811701988]: [1748221974.811] Robot state - x: -0.001418, y: 0.039166, phi: 1.664522[0m
[0m[ INFO] [1748221974.812015339]: [1748221974.812] Reference trajectory - x: 0.000000, y: 0.066134, phi: 1.570796, v: 0.076006, w: 0.000000, line_no: 0[0m
[0m[ INFO] [1748221974.901539375]: [1748221974.901] Robot state - x: -0.002126, y: 0.046402, phi: 1.660765[0m
[0m[ INFO] [1748221974.901661522]: [1748221974.902] Reference trajectory - x: 0.000000, y: 0.073941, phi: 1.570796, v: 0.080135, w: 0.000000, line_no: 0[0m
[0m[ INFO] [1748221975.001182026]: [1748221975.001] Robot state - x: -0.002830, y: 0.054044, phi: 1.657007[0m
[0m[ INFO] [1748221975.001271532]: [1748221975.001] Reference trajectory - x: 0.000000, y: 0.082158, phi: 1.570796, v: 0.084224, w: 0.000000, line_no: 0[0m
[0m[ INFO] [1748221975.241295482]: [1748221975.241] Robot state - x: -0.003586, y: 0.062696, phi: 1.651371[0m
[0m[ INFO] [1748221975.241484286]: [1748221975.241] Reference trajectory - x: 0.000000, y: 0.099812, phi: 1.570796, v: 0.092289, w: 0.000000, line_no: 0[0m
[0m[ INFO] [1748221975.242305807]: [1748221975.242] Robot state - x: -0.004368, y: 0.071953, phi: 1.647614[0m
[0m[ INFO] [1748221975.242375153]: [1748221975.242] Reference trajectory - x: 0.000000, y: 0.099812, phi: 1.570796, v: 0.092289, w: 0.000000, line_no: 0[0m
[0m[ INFO] [1748221975.301359855]: [1748221975.301] Robot state - x: -0.005159, y: 0.081412, phi: 1.641978[0m
[0m[ INFO] [1748221975.301456881]: [1748221975.301] Reference trajectory - x: 0.000000, y: 0.109244, phi: 1.570796, v: 0.096265, w: 0.000000, line_no: 0[0m
[0m[ INFO] [1748221975.409211605]: [1748221975.409] Robot state - x: -0.005866, y: 0.091080, phi: 1.634463[0m
[0m[ INFO] [1748221975.409564861]: [1748221975.409] Reference trajectory - x: 0.000000, y: 0.119070, phi: 1.570796, v: 0.100203, w: 0.000000, line_no: 0[0m
[0m[ INFO] [1748221975.501536756]: [1748221975.501] Robot state - x: -0.006570, y: 0.101356, phi: 1.628827[0m
[0m[ INFO] [1748221975.502022590]: [1748221975.502] Reference trajectory - x: 0.000000, y: 0.129288, phi: 1.570796, v: 0.104102, w: 0.000000, line_no: 0[0m
[0m[ INFO] [1748221975.608564424]: [1748221975.608] Robot state - x: -0.007270, y: 0.112846, phi: 1.623191[0m
[0m[ INFO] [1748221975.608715308]: [1748221975.609] Reference trajectory - x: 0.000000, y: 0.139891, phi: 1.570796, v: 0.107961, w: 0.000000, line_no: 0[0m
[0m[ INFO] [1748221975.701687544]: [1748221975.702] Robot state - x: -0.007905, y: 0.124340, phi: 1.617555[0m
[0m[ INFO] [1748221975.701854043]: [1748221975.702] Reference trajectory - x: 0.000000, y: 0.150908, phi: 1.570796, v: 0.111792, w: 0.000000, line_no: 0[0m
[0m[ INFO] [1748221975.801765786]: [1748221975.802] Robot state - x: -0.008536, y: 0.137048, phi: 1.611919[0m
[0m[ INFO] [1748221975.801865436]: [1748221975.802] Reference trajectory - x: 0.000000, y: 0.162244, phi: 1.570796, v: 0.115565, w: 0.000000, line_no: 0[0m
[0m[ INFO] [1748221975.902242372]: [1748221975.902] Robot state - x: -0.009042, y: 0.148549, phi: 1.606283[0m
[0m[ INFO] [1748221975.902355399]: [1748221975.902] Reference trajectory - x: 0.000000, y: 0.173996, phi: 1.570796, v: 0.119311, w: 0.000000, line_no: 0[0m
[0m[ INFO] [1748221976.001745754]: [1748221976.002] Robot state - x: -0.009544, y: 0.161666, phi: 1.600647[0m
[0m[ INFO] [1748221976.001861021]: [1748221976.002] Reference trajectory - x: 0.000000, y: 0.186107, phi: 1.570796, v: 0.123016, w: 0.000000, line_no: 0[0m
[0m[ INFO] [1748221976.102374823]: [1748221976.102] Robot state - x: -0.009992, y: 0.174988, phi: 1.596889[0m
[0m[ INFO] [1748221976.102580555]: [1748221976.103] Reference trajectory - x: 0.000000, y: 0.198617, phi: 1.570796, v: 0.126690, w: 0.000000, line_no: 0[0m
[0m[ INFO] [1748221976.211651561]: [1748221976.211] Robot state - x: -0.010358, y: 0.188515, phi: 1.591253[0m
[0m[ INFO] [1748221976.212187701]: [1748221976.212] Reference trajectory - x: 0.000000, y: 0.211616, phi: 1.570796, v: 0.130361, w: 0.000000, line_no: 0[0m
[0m[ INFO] [1748221976.302397125]: [1748221976.302] Robot state - x: -0.010692, y: 0.202850, phi: 1.585617[0m
[0m[ INFO] [1748221976.302496039]: [1748221976.302] Reference trajectory - x: 0.000000, y: 0.224644, phi: 1.570796, v: 0.133901, w: 0.000000, line_no: 0[0m
[0m[ INFO] [1748221976.405720138]: [1748221976.406] Robot state - x: -0.010979, y: 0.217590, phi: 1.583738[0m
[0m[ INFO] [1748221976.405834541]: [1748221976.406] Reference trajectory - x: 0.000000, y: 0.238221, phi: 1.570796, v: 0.137455, w: 0.000000, line_no: 0[0m
[0m[ INFO] [1748221976.501807287]: [1748221976.502] Robot state - x: -0.011156, y: 0.232332, phi: 1.578102[0m
[0m[ INFO] [1748221976.501900345]: [1748221976.502] Reference trajectory - x: 0.000000, y: 0.252180, phi: 1.570796, v: 0.140979, w: 0.000000, line_no: 0[0m
[0m[ INFO] [1748221976.607190087]: [1748221976.607] Robot state - x: -0.011310, y: 0.247478, phi: 1.572466[0m
[0m[ INFO] [1748221976.607307178]: [1748221976.607] Reference trajectory - x: 0.000000, y: 0.266416, phi: 1.570796, v: 0.144445, w: 0.000000, line_no: 0[0m
[0m[ INFO] [1748221976.701399820]: [1748221976.701] Robot state - x: -0.011425, y: 0.263231, phi: 1.572466[0m
[0m[ INFO] [1748221976.701563855]: [1748221976.702] Reference trajectory - x: 0.000000, y: 0.281024, phi: 1.570796, v: 0.147881, w: 0.000000, line_no: 0[0m
[0m[ INFO] [1748221976.808134905]: [1748221976.808] Robot state - x: -0.011406, y: 0.279186, phi: 1.566830[0m
[0m[ INFO] [1748221976.808474656]: [1748221976.808] Reference trajectory - x: 0.000000, y: 0.295982, phi: 1.570796, v: 0.151279, w: 0.000000, line_no: 0[0m
[0m[ INFO] [1748221976.902096825]: [1748221976.902] Robot state - x: -0.011433, y: 0.295342, phi: 1.566830[0m
[0m[ INFO] [1748221976.902192923]: [1748221976.902] Reference trajectory - x: 0.000000, y: 0.311278, phi: 1.570796, v: 0.154640, w: 0.000000, line_no: 0[0m
[0m[ INFO] [1748221977.008651042]: [1748221977.009] Robot state - x: -0.011337, y: 0.311903, phi: 1.563073[0m
[0m[ INFO] [1748221977.008770981]: [1748221977.009] Reference trajectory - x: 0.000000, y: 0.326918, phi: 1.570796, v: 0.157964, w: 0.000000, line_no: 0[0m
[0m[ INFO] [1748221977.101746702]: [1748221977.102] Robot state - x: -0.011237, y: 0.328867, phi: 1.559315[0m
[0m[ INFO] [1748221977.101854128]: [1748221977.102] Reference trajectory - x: 0.000000, y: 0.343108, phi: 1.570796, v: 0.161294, w: 0.000000, line_no: 0[0m
[0m[ INFO] [1748221977.201649321]: [1748221977.202] Robot state - x: -0.011103, y: 0.346235, phi: 1.559315[0m
[0m[ INFO] [1748221977.201740683]: [1748221977.202] Refermmand - x: 0.000000, y: 129.287516, phi: 90.000000, v: 104.101640, w: 0.000000, segment_no: 0[0m
[0m[ INFO] [1748221975.585637508]: Published position command - x: 0.000000, y: 139.890979, phi: 90.000000, v: 107.961228, w: 0.000000, segment_no: 0[0m
[0m[ INFO] [1748221975.686596057]: Published position command - x: 0.000000, y: 150.907908, phi: 90.000000, v: 111.792424, w: 0.000000, segment_no: 0[0m
[0m[ INFO] [1748221975.785002744]: Published position command - x: 0.000000, y: 162.244038, phi: 90.000000, v: 115.564505, w: 0.000000, segment_no: 0[0m
[0m[ INFO] [1748221975.885875883]: Published position command - x: 0.000000, y: 173.995519, phi: 90.000000, v: 119.311239, w: 0.000000, segment_no: 0[0m
[0m[ INFO] [1748221975.985589573]: Published position command - x: 0.000000, y: 186.107297, phi: 90.000000, v: 123.015722, w: 0.000000, segment_no: 0[0m
[0m[ INFO] [1748221976.086158416]: Published position command - x: 0.000000, y: 198.617039, phi: 90.000000, v: 126.690355, w: 0.000000, segment_no: 0[0m
[0m[ INFO] [1748221976.186358067]: Published position command - x: 0.000000, y: 211.616145, phi: 90.000000, v: 130.360536, w: 0.000000, segment_no: 0[0m
[0m[ INFO] [1748221976.285004886]: Published position command - x: 0.000000, y: 224.644035, phi: 90.000000, v: 133.900679, w: 0.000000, segment_no: 0[0m
[0m[ INFO] [1748221976.385759813]: Published position command - x: 0.000000, y: 238.221395, phi: 90.000000, v: 137.455497, w: 0.000000, segment_no: 0[0m
[0m[ INFO] [1748221976.486959581]: Published position command - x: 0.000000, y: 252.180330, phi: 90.000000, v: 140.978748, w: 0.000000, segment_no: 0[0m
[0m[ INFO] [1748221976.585646560]: Published position command - x: 0.000000, y: 266.415625, phi: 90.000000, v: 144.445459, w: 0.000000, segment_no: 0[0m
[0m[ INFO] [1748221976.684995314]: Published position command - x: 0.000000, y: 281.024073, phi: 90.000000, v: 147.880730, w: 0.000000, segment_no: 0[0m
[0m[ INFO] [1748221976.785532028]: Published position command - x: 0.000000, y: 295.981641, phi: 90.000000, v: 151.279364, w: 0.000000, segment_no: 0[0m
[0m[ INFO] [1748221976.884999600]: Published position command - x: 0.000000, y: 311.277615, phi: 90.000000, v: 154.639706, w: 0.000000, segment_no: 0[0m
[0m[ INFO] [1748221976.985756863]: Published position command - x: 0.000000, y: 326.917884, phi: 90.000000, v: 157.963779, w: 0.000000, segment_no: 0[0m
[0m[ INFO] [1748221977.089263783]: Published position command - x: 0.000000, y: 343.108239, phi: 90.000000, v: 161.293809, w: 0.000000, segment_no: 0[0m
[0m[ INFO] [1748221977.185620727]: Published position command - x: 0.000000, y: 359.166886, phi: 90.000000, v: 164.492706, w: 0.000000, segment_no: 0[0m
[0m[ INFO] [1748221977.284975847]: Published position command - x: 0.000000, y: 375.763845, phi: 90.000000, v: 167.697022, w: 0.000000, segment_no: 0[0m
[0m[ INFO] [1748221977.385572561]: Published position command - x: 0.000000, y: 392.698077, phi: 90.000000, v: 170.866501, w: 0.000000, segment_no: 0[0m
[0m[ INFO] [1748221977.486113242]: Published position command - x: 0.000000, y: 409.974471, phi: 90.000000, v: 174.002386, w: 0.000000, segment_no: 0[0m
[0m[ INFO] [1748221977.585024033]: Published position command - x: 0.000000, y: 427.487625, phi: 90.000000, v: 177.086629, w: 0.000000, segment_no: 0[0m
[0m[ INFO] [1748221977.685098432]: Published position command - x: 0.000000, y: 445.368118, phi: 90.000000, v: 180.143021, w: 0.000000, segment_no: 0[0m
[0m[ INFO] [1748221977.785546695]: Published position command - x: 0.000000, y: 463.518756, phi: 90.000000, v: 183.155389, w: 0.000000, segment_no: 0[0m
[0m[ INFO] [1748221977.884991737]: Published position command - x: 0.000000, y: 481.983333, phi: 90.000000, v: 186.131781, w: 0.000000, segment_no: 0[0m
[0m[ INFO] [1748221977.985651524]: Published position command - x: 0.000000, y: 500.744003, phi: 90.000000, v: 189.069831, w: 0.000000, segment_no: 0[0m
[0m[ INFO] [1748221978.086061450]: Published position command - x: 0.000000, y: 520.001994, phi: 90.000000, v: 192.000299,ence trajectory - x: 0.000000, y: 0.359167, phi: 1.570796, v: 0.164493, w: 0.000000, line_no: 0[0m
[0m[ INFO] [1748221977.301932781]: [1748221977.302] Robot state - x: -0.010890, y: 0.363400, phi: 1.557437[0m
[0m[ INFO] [1748221977.302064080]: [1748221977.302] Reference trajectory - x: 0.000000, y: 0.375764, phi: 1.570796, v: 0.167697, w: 0.000000, line_no: 0[0m
[0m[ INFO] [1748221977.410653379]: [1748221977.410] Robot state - x: -0.010653, y: 0.381171, phi: 1.553679[0m
[0m[ INFO] [1748221977.411007530]: [1748221977.411] Reference trajectory - x: 0.000000, y: 0.392698, phi: 1.570796, v: 0.170867, w: 0.000000, line_no: 0[0m
[0m[ INFO] [1748221977.502310608]: [1748221977.502] Robot state - x: -0.010410, y: 0.399346, phi: 1.553679[0m
[0m[ INFO] [1748221977.502449139]: [1748221977.502] Reference trajectory - x: 0.000000, y: 0.409974, phi: 1.570796, v: 0.174002, w: 0.000000, line_no: 0[0m
[0m[ INFO] [1748221977.609747627]: [1748221977.609] Robot state - x: -0.010099, y: 0.417519, phi: 1.553679[0m
[0m[ INFO] [1748221977.610106002]: [1748221977.610] Reference trajectory - x: 0.000000, y: 0.427488, phi: 1.570796, v: 0.177087, w: 0.000000, line_no: 0[0m
[0m[ INFO] [1748221977.701424313]: [1748221977.701] Robot state - x: -0.009746, y: 0.436096, phi: 1.549922[0m
[0m[ INFO] [1748221977.701514842]: [1748221977.701] Reference trajectory - x: 0.000000, y: 0.445368, phi: 1.570796, v: 0.180143, w: 0.000000, line_no: 0[0m
[0m[ INFO] [1748221977.808931764]: [1748221977.808] Robot state - x: -0.009421, y: 0.455078, phi: 1.549922[0m
[0m[ INFO] [1748221977.809310012]: [1748221977.809] Reference trajectory - x: 0.000000, y: 0.463519, phi: 1.570796, v: 0.183155, w: 0.000000, line_no: 0[0m
[0m[ INFO] [1748221977.901846333]: [1748221977.902] Robot state - x: -0.009038, y: 0.474260, phi: 1.551801[0m
[0m[ INFO] [1748221977.901948127]: [1748221977.902] Reference trajectory - x: 0.000000, y: 0.481983, phi: 1.570796, v: 0.186132, w: 0.000000, line_no: 0[0m
[0m[ INFO] [1748221978.006335897]: [1748221978.006] Robot state - x: -0.008597, y: 0.493643, phi: 1.548043[0m
[0m[ INFO] [1748221978.006458267]: [1748221978.006] Reference trajectory - x: 0.000000, y: 0.500744, phi: 1.570796, v: 0.189070, w: 0.000000, line_no: 0[0m
[0m[ INFO] [1748221978.101660242]: [1748221978.102] Robot state - x: -0.008221, y: 0.513432, phi: 1.548043[0m
[0m[ INFO] [1748221978.101762580]: [1748221978.102] Reference trajectory - x: 0.000000, y: 0.520002, phi: 1.570796, v: 0.192000, w: 0.000000, line_no: 0[0m
[0m[ INFO] [1748221978.208717347]: [1748221978.208] Robot state - x: -0.007794, y: 0.533017, phi: 1.549922[0m
[0m[ INFO] [1748221978.209012777]: [1748221978.209] Reference trajectory - x: 0.000000, y: 0.539138, phi: 1.570796, v: 0.194831, w: 0.000000, line_no: 0[0m
[0m[ INFO] [1748221978.302446907]: [1748221978.302] Robot state - x: -0.007311, y: 0.553409, phi: 1.548043[0m
[0m[ INFO] [1748221978.302586782]: [1748221978.303] Reference trajectory - x: 0.000000, y: 0.558781, phi: 1.570796, v: 0.197656, w: 0.000000, line_no: 0[0m
[0m[ INFO] [1748221978.408197489]: [1748221978.408] Robot state - x: -0.006904, y: 0.573803, phi: 1.549922[0m
[0m[ INFO] [1748221978.408535672]: [1748221978.408] Reference trajectory - x: 0.000000, y: 0.578668, phi: 1.570796, v: 0.200438, w: 0.000000, line_no: 0[0m
[0m[ INFO] [1748221978.501378077]: [1748221978.501] Robot state - x: -0.006436, y: 0.594398, phi: 1.549922[0m
[0m[ INFO] [1748221978.501519904]: [1748221978.501] Reference trajectory - x: 0.000000, y: 0.598854, phi: 1.570796, v: 0.203185, w: 0.000000, line_no: 0[0m
[0m[ INFO] [1748221978.614219304]: [1748221978.614] Robot state - x: -0.005982, y: 0.615195, phi: 1.548043[0m
[0m[ INFO] [1748221978.615865738]: [1748221978.616] Reference trajectory - x: 0.000000, y: 0.619297, phi: 1.570796, v: 0.205891, w: 0.000000, line_no: 0[0m
[0m[ INFO] [1748221978.701688348]: [1748221978.702] Robot state - x: -0.005559, y: 0.636396, phi: 1.549922[0m
[0m[ INFO] [1748221978.701823711]: [1748221978.702] Reference trajectory - x: 0.000000, y: 0.640131, phi: 1.570796, v: 0.208574, w: 0.000000, line_no: 0[0m
[0m[ INFO] [1748221978.801640791]: [1748221978.801] Robot state - x: -0.005072, y: 0.657798, phi: 1.549922[0m
[0m[ INFO] [1748221978.801811130]: [1748221978.802] Reference trajectory - x: 0.000000, y: 0.661006, phi: 1.570796, v: 0.211191, w: 0.000000, line_no: 0[0m
[0m[ INFO] [1748221978.902648008]: [1748221978.903] Robot state - x: -0.004617, y: 0.679605, phi: 1.549922[0m
[0m[ INFO] [1748221978.902777675]: [1748221978.903] Reference trajectory - x: 0.000000, y: 0.682395, phi: 1.570796, v: 0.213800, w: 0.000000, line_no: 0[0m
[0m[ INFO] [1748221979.001858004]: [1748221979.002] Robot state - x: -0.004186, y: 0.701211, phi: 1.551801[0m
[0m[ INFO] [1748221979.001992246]: [1748221979.002] Reference trajectory - x: 0.000000, y: 0.703777, phi: 1.570796, v: 0.216339, w: 0.000000, line_no: 0[0m
[0m[ INFO] [1748221979.102311320]: [1748221979.102] Robot state - x: -0.003722, y: 0.723421, phi: 1.551801[0m
[0m[ INFO] [1748221979.102417818]: [1748221979.102] Reference trajectory - x: 0.000000, y: 0.725581, phi: 1.570796, v: 0.218860, w: 0.000000, line_no: 0[0m
[0m[ INFO] [1748221979.211020618]: [1748221979.211] Robot state - x: -0.003318, y: 0.745835, phi: 1.553679[0m
[0m[ INFO] [1748221979.211531125]: [1748221979.211] Reference trajectory - x: 0.000000, y: 0.747530, phi: 1.570796, v: 0.221330, w: 0.000000, line_no: 0[0m
[0m[ INFO] [1748221979.301757346]: [1748221979.302] Robot state - x: -0.002913, y: 0.768249, phi: 1.555558[0m
[0m[ INFO] [1748221979.301961862]: [1748221979.302] Reference trajectory - x: 0.000000, y: 0.769799, phi: 1.570796, v: 0.223770, w: 0.000000, line_no: 0[0m
[0m[ INFO] [1748221979.406664932]: [1748221979.407] Robot state - x: -0.002519, y: 0.791269, phi: 1.555558[0m
[0m[ INFO] [1748221979.406939529]: [1748221979.407] Reference trajectory - x: 0.000000, y: 0.792312, phi: 1.570796, v: 0.226172, w: 0.000000, line_no: 0[0m
[0m[ INFO] [1748221979.501573363]: [1748221979.501] Robot state - x: -0.002192, y: 0.814088, phi: 1.557437[0m
[0m[ INFO] [1748221979.501668917]: [1748221979.502] Reference trajectory - x: 0.000000, y: 0.815045, phi: 1.570796, v: 0.228534, w: 0.000000, line_no: 0[0m
[0m[ INFO] [1748221979.601890452]: [1748221979.602] Robot state - x: -0.001817, y: 0.837310, phi: 1.555558[0m
[0m[ INFO] [1748221979.602036599]: [1748221979.602] Reference trajectory - x: 0.000000, y: 0.837987, phi: 1.570796, v: 0.230855, w: 0.000000, line_no: 0[0m
[0m[ INFO] [1748221979.701543400]: [1748221979.701] Robot state - x: -0.001548, y: 0.860736, phi: 1.559315[0m
[0m[ INFO] [1748221979.701640394]: [1748221979.702] Reference trajectory - x: 0.000000, y: 0.861196, phi: 1.570796, v: 0.233141, w: 0.000000, line_no: 0[0m
[0m[ INFO] [1748221979.802000748]: [1748221979.802] Robot state - x: -0.001191, y: 0.884161, phi: 1.559315[0m
[0m[ INFO] [1748221979.802115279]: [1748221979.802] Reference trajectory - x: 0.000000, y: 0.884618, phi: 1.570796, v: 0.235387, w: 0.000000, line_no: 0[0m
[0m[ INFO] [1748221979.901697216]: [1748221979.902] Robot state - x: -0.000917, y: 0.907990, phi: 1.559315[0m
[0m[ INFO] [1748221979.901799619]: [1748221979.902] Reference trajectory - x: 0.000000, y: 0.908283, phi: 1.570796, v: 0.237597, w: 0.000000, line_no: 0[0m
[0m[ INFO] [1748221980.003824808]: [1748221980.003] Robot state - x: -0.000639, y: 0.932224, phi: 1.559315[0m
[0m[ INFO] [1748221980.004320658]: [1748221980.004] Reference trajectory - x: 0.000000, y: 0.932149, phi: 1.570796, v: 0.239767, w: 0.000000, line_no: 0[0m
[0m[ INFO] [1748221980.242104448]: [1748221980.242] Robot state - x: -0.000406, y: 0.956458, phi: 1.563073[0m
[0m[ INFO] [1748221980.242210210]: [1748221980.242] Reference trajectory - x: 0.000000, y: 0.980509, phi: 1.570796, v: 0.243990, w: 0.000000, line_no: 0[0m
[0m[ INFO] [1748221980.244466514]: [1748221980.244] Robot state - x: -0.000103, y: 0.980893, phi: 1.561194[0m
[0m[ INFO] [1748221980.244547316]: [1748221980.245] Reference trajectory - x: 0.000000, y: 0.980509, phi: 1.570796, v: 0.243990, w: 0.000000, line_no w: 0.000000, segment_no: 0[0m
[0m[ INFO] [1748221978.185648189]: Published position command - x: 0.000000, y: 539.137601, phi: 90.000000, v: 194.830790, w: 0.000000, segment_no: 0[0m
[0m[ INFO] [1748221978.285790012]: Published position command - x: 0.000000, y: 558.781229, phi: 90.000000, v: 197.656303, w: 0.000000, segment_no: 0[0m
[0m[ INFO] [1748221978.385041928]: Published position command - x: 0.000000, y: 578.668277, phi: 90.000000, v: 200.438172, w: 0.000000, segment_no: 0[0m
[0m[ INFO] [1748221978.485039524]: Published position command - x: 0.000000, y: 598.854408, phi: 90.000000, v: 203.184805, w: 0.000000, segment_no: 0[0m
[0m[ INFO] [1748221978.584983455]: Published position command - x: 0.000000, y: 619.297182, phi: 90.000000, v: 205.890910, w: 0.000000, segment_no: 0[0m
[0m[ INFO] [1748221978.685484742]: Published position command - x: 0.000000, y: 640.130532, phi: 90.000000, v: 208.574162, w: 0.000000, segment_no: 0[0m
[0m[ INFO] [1748221978.784962455]: Published position command - x: 0.000000, y: 661.005560, phi: 90.000000, v: 211.190648, w: 0.000000, segment_no: 0[0m
[0m[ INFO] [1748221978.886372177]: Published position command - x: 0.000000, y: 682.394706, phi: 90.000000, v: 213.799935, w: 0.000000, segment_no: 0[0m
[0m[ INFO] [1748221978.985697375]: Published position command - x: 0.000000, y: 703.776960, phi: 90.000000, v: 216.338970, w: 0.000000, segment_no: 0[0m
[0m[ INFO] [1748221979.086514859]: Published position command - x: 0.000000, y: 725.581316, phi: 90.000000, v: 218.859622, w: 0.000000, segment_no: 0[0m
[0m[ INFO] [1748221979.184982213]: Published position command - x: 0.000000, y: 747.529564, phi: 90.000000, v: 221.329862, w: 0.000000, segment_no: 0[0m
[0m[ INFO] [1748221979.285047554]: Published position command - x: 0.000000, y: 769.798809, phi: 90.000000, v: 223.770196, w: 0.000000, segment_no: 0[0m
[0m[ INFO] [1748221979.385675529]: Published position command - x: 0.000000, y: 792.311815, phi: 90.000000, v: 226.172241, w: 0.000000, segment_no: 0[0m
[0m[ INFO] [1748221979.485084952]: Published position command - x: 0.000000, y: 815.044904, phi: 90.000000, v: 228.533949, w: 0.000000, segment_no: 0[0m
[0m[ INFO] [1748221979.584984944]: Published position command - x: 0.000000, y: 837.987063, phi: 90.000000, v: 230.854755, w: 0.000000, segment_no: 0[0m
[0m[ INFO] [1748221979.685011756]: Published position command - x: 0.000000, y: 861.196049, phi: 90.000000, v: 233.140844, w: 0.000000, segment_no: 0[0m
[0m[ INFO] [1748221979.784969125]: Published position command - x: 0.000000, y: 884.617693, phi: 90.000000, v: 235.387167, w: 0.000000, segment_no: 0[0m
[0m[ INFO] [1748221979.885061346]: Published position command - x: 0.000000, y: 908.282865, phi: 90.000000, v: 237.597029, w: 0.000000, segment_no: 0[0m
[0m[ INFO] [1748221979.985785452]: Published position command - x: 0.000000, y: 932.149376, phi: 90.000000, v: 239.766838, w: 0.000000, segment_no: 0[0m
[0m[ INFO] [1748221980.085134424]: Published position command - x: 0.000000, y: 956.227648, phi: 90.000000, v: 241.897966, w: 0.000000, segment_no: 0[0m
[0m[ INFO] [1748221980.184943341]: Published position command - x: 0.000000, y: 980.508649, phi: 90.000000, v: 243.989996, w: 0.000000, segment_no: 0[0m
[0m[ INFO] [1748221980.284955110]: Published position command - x: 0.000000, y: 1005.012535, phi: 90.000000, v: 246.044969, w: 0.000000, segment_no: 0[0m
[0m[ INFO] [1748221980.385057890]: Published position command - x: 0.000000, y: 1029.734564, phi: 90.000000, v: 248.062708, w: 0.000000, segment_no: 0[0m
[0m[ INFO] [1748221980.485000410]: Published position command - x: 0.000000, y: 1054.627490, phi: 90.000000, v: 250.039718, w: 0.000000, segment_no: 0[0m
[0m[ INFO] [1748221980.585563743]: Published position command - x: 0.000000, y: 1079.746815, phi: 90.000000, v: 251.980707, w: 0.000000, segment_no: 0[0m
[0m[ INFO] [1748221980.685134415]: Published position command - x: 0.000000, y: 1105.027858, phi: 90.000000, v: 253.880973, w: 0.000000, segment_no: 0[0m
[0m[ INFO] [1748221980.78569: 0[0m
[0m[ INFO] [1748221980.301469442]: [1748221980.301] Robot state - x: 0.000155, y: 1.005329, phi: 1.563073[0m
[0m[ INFO] [1748221980.301557028]: [1748221980.302] Reference trajectory - x: 0.000000, y: 1.005013, phi: 1.570796, v: 0.246045, w: 0.000000, line_no: 0[0m
[0m[ INFO] [1748221980.408688435]: [1748221980.408] Robot state - x: 0.000370, y: 1.030169, phi: 1.564952[0m
[0m[ INFO] [1748221980.409059355]: [1748221980.409] Reference trajectory - x: 0.000000, y: 1.029735, phi: 1.570796, v: 0.248063, w: 0.000000, line_no: 0[0m
[0m[ INFO] [1748221980.501530902]: [1748221980.501] Robot state - x: 0.000567, y: 1.055615, phi: 1.564952[0m
[0m[ INFO] [1748221980.501655000]: [1748221980.502] Reference trajectory - x: 0.000000, y: 1.054627, phi: 1.570796, v: 0.250040, w: 0.000000, line_no: 0[0m
[0m[ INFO] [1748221980.609441494]: [1748221980.609] Robot state - x: 0.000713, y: 1.080658, phi: 1.564952[0m
[0m[ INFO] [1748221980.609824542]: [1748221980.610] Reference trajectory - x: 0.000000, y: 1.079747, phi: 1.570796, v: 0.251981, w: 0.000000, line_no: 0[0m
[0m[ INFO] [1748221980.701987922]: [1748221980.702] Robot state - x: 0.000862, y: 1.106104, phi: 1.564952[0m
[0m[ INFO] [1748221980.702125525]: [1748221980.702] Reference trajectory - x: 0.000000, y: 1.105028, phi: 1.570796, v: 0.253881, w: 0.000000, line_no: 0[0m
[0m[ INFO] [1748221980.806747343]: [1748221980.807] Robot state - x: 0.001013, y: 1.131955, phi: 1.564952[0m
[0m[ INFO] [1748221980.806914355]: [1748221980.807] Reference trajectory - x: 0.000000, y: 1.130517, phi: 1.570796, v: 0.255744, w: 0.000000, line_no: 0[0m
[0m[ INFO] [1748221980.901470298]: [1748221980.901] Robot state - x: 0.001141, y: 1.158007, phi: 1.566830[0m
[0m[ INFO] [1748221980.901602780]: [1748221980.902] Reference trajectory - x: 0.000000, y: 1.156176, phi: 1.570796, v: 0.257568, w: 0.000000, line_no: 0[0m
[0m[ INFO] [1748221981.002417287]: [1748221981.002] Robot state - x: 0.001292, y: 1.183857, phi: 1.566830[0m
[0m[ INFO] [1748221981.002539913]: [1748221981.003] Reference trajectory - x: 0.000000, y: 1.182038, phi: 1.570796, v: 0.259355, w: 0.000000, line_no: 0[0m
[0m[ INFO] [1748221981.102090264]: [1748221981.102] Robot state - x: 0.001396, y: 1.210112, phi: 1.566830[0m
[0m[ INFO] [1748221981.102214234]: [1748221981.102] Reference trajectory - x: 0.000000, y: 1.208198, phi: 1.570796, v: 0.261112, w: 0.000000, line_no: 0[0m
[0m[ INFO] [1748221981.206951350]: [1748221981.207] Robot state - x: 0.001476, y: 1.236568, phi: 1.568709[0m
[0m[ INFO] [1748221981.207216987]: [1748221981.207] Reference trajectory - x: 0.000000, y: 1.234273, phi: 1.570796, v: 0.262813, w: 0.000000, line_no: 0[0m
[0m[ INFO] [1748221981.301571996]: [1748221981.301] Robot state - x: 0.001582, y: 1.263227, phi: 1.568709[0m
[0m[ INFO] [1748221981.301662718]: [1748221981.302] Reference trajectory - x: 0.000000, y: 1.260612, phi: 1.570796, v: 0.264482, w: 0.000000, line_no: 0[0m
[0m[ INFO] [1748221981.408813581]: [1748221981.408] Robot state - x: 0.001636, y: 1.289482, phi: 1.568709[0m
[0m[ INFO] [1748221981.409224661]: [1748221981.409] Reference trajectory - x: 0.000000, y: 1.287167, phi: 1.570796, v: 0.266116, w: 0.000000, line_no: 0[0m
[0m[ INFO] [1748221981.501825969]: [1748221981.502] Robot state - x: 0.001693, y: 1.316544, phi: 1.568709[0m
[0m[ INFO] [1748221981.501959604]: [1748221981.502] Reference trajectory - x: 0.000000, y: 1.313837, phi: 1.570796, v: 0.267709, w: 0.000000, line_no: 0[0m
[0m[ INFO] [1748221981.602237362]: [1748221981.602] Robot state - x: 0.001724, y: 1.343809, phi: 1.570588[0m
[0m[ INFO] [1748221981.602388789]: [1748221981.602] Reference trajectory - x: 0.000000, y: 1.340679, phi: 1.570796, v: 0.269264, w: 0.000000, line_no: 0[0m
[0m[ INFO] [1748221981.702047270]: [1748221981.702] Robot state - x: 0.001781, y: 1.370871, phi: 1.570588[0m
[0m[ INFO] [1748221981.702200649]: [1748221981.702] Reference trajectory - x: 0.000000, y: 1.367826, phi: 1.570796, v: 0.270789, w: 0.000000, line_no: 0[0m
[0m[ INFO] [1748221981.808644072]: [1748221981.808] Robot state - x: 0.001786, y: 1.397934, phi: 1.570588[0m
[0m[ INFO] [1748221981.809849698]: [1748221981.810] Reference trajectory - x: 0.000000, y: 1.394854, phi: 1.570796, v: 0.272261, w: 0.000000, line_no: 0[0m
[0m[ INFO] [1748221981.901902514]: [1748221981.902] Robot state - x: 0.001818, y: 1.425602, phi: 1.568709[0m
[0m[ INFO] [1748221981.902027189]: [1748221981.902] Reference trajectory - x: 0.000000, y: 1.422134, phi: 1.570796, v: 0.273700, w: 0.000000, line_no: 0[0m
[0m[ INFO] [1748221982.009752239]: [1748221982.009] Robot state - x: 0.001824, y: 1.453069, phi: 1.568709[0m
[0m[ INFO] [1748221982.010151479]: [1748221982.010] Reference trajectory - x: 0.000000, y: 1.449575, phi: 1.570796, v: 0.275102, w: 0.000000, line_no: 0[0m
[0m[ INFO] [1748221982.101987906]: [1748221982.102] Robot state - x: 0.001856, y: 1.480737, phi: 1.570588[0m
[0m[ INFO] [1748221982.102112517]: [1748221982.102] Reference trajectory - x: 0.000000, y: 1.477157, phi: 1.570796, v: 0.276466, w: 0.000000, line_no: 0[0m
[0m[ INFO] [1748221982.209305586]: [1748221982.209] Robot state - x: 0.001914, y: 1.508607, phi: 1.570588[0m
[0m[ INFO] [1748221982.209799325]: [1748221982.210] Reference trajectory - x: 0.000000, y: 1.504868, phi: 1.570796, v: 0.277791, w: 0.000000, line_no: 0[0m
[0m[ INFO] [1748221982.301990671]: [1748221982.302] Robot state - x: 0.001920, y: 1.536478, phi: 1.570588[0m
[0m[ INFO] [1748221982.302089201]: [1748221982.302] Reference trajectory - x: 0.000000, y: 1.532704, phi: 1.570796, v: 0.279078, w: 0.000000, line_no: 0[0m
[0m[ INFO] [1748221982.405744020]: [1748221982.406] Robot state - x: 0.001926, y: 1.564752, phi: 1.570588[0m
[0m[ INFO] [1748221982.405974169]: [1748221982.406] Reference trajectory - x: 0.000000, y: 1.560679, phi: 1.570796, v: 0.280326, w: 0.000000, line_no: 0[0m
[0m[ INFO] [1748221982.501928602]: [1748221982.502] Robot state - x: 0.001958, y: 1.592825, phi: 1.568709[0m
[0m[ INFO] [1748221982.502058621]: [1748221982.502] Reference trajectory - x: 0.000000, y: 1.588813, phi: 1.570796, v: 0.281538, w: 0.000000, line_no: 0[0m
[0m[ INFO] [1748221982.608797665]: [1748221982.608] Robot state - x: 0.001937, y: 1.621301, phi: 1.570588[0m
[0m[ INFO] [1748221982.609091527]: [1748221982.609] Reference trajectory - x: 0.000000, y: 1.616977, phi: 1.570796, v: 0.282708, w: 0.000000, line_no: 0[0m
[0m[ INFO] [1748221982.702187469]: [1748221982.702] Robot state - x: 0.001996, y: 1.649575, phi: 1.570588[0m
[0m[ INFO] [1748221982.702292783]: [1748221982.702] Reference trajectory - x: 0.000000, y: 1.645307, phi: 1.570796, v: 0.283841, w: 0.000000, line_no: 0[0m
[0m[ INFO] [1748221982.806716514]: [1748221982.807] Robot state - x: 0.002029, y: 1.678051, phi: 1.568709[0m
[0m[ INFO] [1748221982.806827269]: [1748221982.807] Reference trajectory - x: 0.000000, y: 1.673777, phi: 1.570796, v: 0.284937, w: 0.000000, line_no: 0[0m
[0m[ INFO] [1748221982.901844946]: [1748221982.902] Robot state - x: 0.002008, y: 1.706932, phi: 1.570588[0m
[0m[ INFO] [1748221982.901971157]: [1748221982.902] Reference trajectory - x: 0.000000, y: 1.702375, phi: 1.570796, v: 0.285995, w: 0.000000, line_no: 0[0m
[0m[ INFO] [1748221983.010121623]: [1748221983.010] Robot state - x: 0.002067, y: 1.735610, phi: 1.570588[0m
[0m[ INFO] [1748221983.010423645]: [1748221983.010] Reference trajectory - x: 0.000000, y: 1.730974, phi: 1.570796, v: 0.287011, w: 0.000000, line_no: 0[0m
[0m[ INFO] [1748221983.102039490]: [1748221983.102] Robot state - x: 0.002100, y: 1.764086, phi: 1.568709[0m
[0m[ INFO] [1748221983.102138436]: [1748221983.102] Reference trajectory - x: 0.000000, y: 1.759703, phi: 1.570796, v: 0.287990, w: 0.000000, line_no: 0[0m
[0m[ INFO] [1748221983.203317553]: [1748221983.203] Robot state - x: 0.002079, y: 1.793370, phi: 1.570588[0m
[0m[ INFO] [1748221983.203475797]: [1748221983.203] Reference trajectory - x: 0.000000, y: 1.788546, phi: 1.570796, v: 0.288931, w: 0.000000, line_no: 0[0m
[0m[ INFO] [1748221983.302553014]: [1748221983.302] Robot state - x: 0.002139, y: 1.822452, phi: 1.570588[0m
[00516]: Published position command - x: 0.000000, y: 1130.517033, phi: 90.000000, v: 255.744327, w: 0.000000, segment_no: 0[0m
[0m[ INFO] [1748221980.885018431]: Published position command - x: 0.000000, y: 1156.176451, phi: 90.000000, v: 257.568261, w: 0.000000, segment_no: 0[0m
[0m[ INFO] [1748221980.985710855]: Published position command - x: 0.000000, y: 1182.038506, phi: 90.000000, v: 259.355327, w: 0.000000, segment_no: 0[0m
[0m[ INFO] [1748221981.086547217]: Published position command - x: 0.000000, y: 1208.198242, phi: 90.000000, v: 261.111942, w: 0.000000, segment_no: 0[0m
[0m[ INFO] [1748221981.185843482]: Published position command - x: 0.000000, y: 1234.272547, phi: 90.000000, v: 262.813034, w: 0.000000, segment_no: 0[0m
[0m[ INFO] [1748221981.285037377]: Published position command - x: 0.000000, y: 1260.611900, phi: 90.000000, v: 264.482181, w: 0.000000, segment_no: 0[0m
[0m[ INFO] [1748221981.385755111]: Published position command - x: 0.000000, y: 1287.166914, phi: 90.000000, v: 266.116083, w: 0.000000, segment_no: 0[0m
[0m[ INFO] [1748221981.485079633]: Published position command - x: 0.000000, y: 1313.837360, phi: 90.000000, v: 267.708797, w: 0.000000, segment_no: 0[0m
[0m[ INFO] [1748221981.585699030]: Published position command - x: 0.000000, y: 1340.679229, phi: 90.000000, v: 269.263982, w: 0.000000, segment_no: 0[0m
[0m[ INFO] [1748221981.686406365]: Published position command - x: 0.000000, y: 1367.826463, phi: 90.000000, v: 270.789184, w: 0.000000, segment_no: 0[0m
[0m[ INFO] [1748221981.785798536]: Published position command - x: 0.000000, y: 1394.854054, phi: 90.000000, v: 272.261048, w: 0.000000, segment_no: 0[0m
[0m[ INFO] [1748221981.885032335]: Published position command - x: 0.000000, y: 1422.134216, phi: 90.000000, v: 273.700471, w: 0.000000, segment_no: 0[0m
[0m[ INFO] [1748221981.985692949]: Published position command - x: 0.000000, y: 1449.575280, phi: 90.000000, v: 275.102499, w: 0.000000, segment_no: 0[0m
[0m[ INFO] [1748221982.085050270]: Published position command - x: 0.000000, y: 1477.156530, phi: 90.000000, v: 276.466218, w: 0.000000, segment_no: 0[0m
[0m[ INFO] [1748221982.185760899]: Published position command - x: 0.000000, y: 1504.867569, phi: 90.000000, v: 277.791310, w: 0.000000, segment_no: 0[0m
[0m[ INFO] [1748221982.285001706]: Published position command - x: 0.000000, y: 1532.704320, phi: 90.000000, v: 279.077787, w: 0.000000, segment_no: 0[0m
[0m[ INFO] [1748221982.385549836]: Published position command - x: 0.000000, y: 1560.679402, phi: 90.000000, v: 280.326393, w: 0.000000, segment_no: 0[0m
[0m[ INFO] [1748221982.486090893]: Published position command - x: 0.000000, y: 1588.813266, phi: 90.000000, v: 281.538102, w: 0.000000, segment_no: 0[0m
[0m[ INFO] [1748221982.584960652]: Published position command - x: 0.000000, y: 1616.976864, phi: 90.000000, v: 282.707646, w: 0.000000, segment_no: 0[0m
[0m[ INFO] [1748221982.684994883]: Published position command - x: 0.000000, y: 1645.307204, phi: 90.000000, v: 283.840959, w: 0.000000, segment_no: 0[0m
[0m[ INFO] [1748221982.785645127]: Published position command - x: 0.000000, y: 1673.776430, phi: 90.000000, v: 284.936903, w: 0.000000, segment_no: 0[0m
[0m[ INFO] [1748221982.885970212]: Published position command - x: 0.000000, y: 1702.374745, phi: 90.000000, v: 285.995137, w: 0.000000, segment_no: 0[0m
[0m[ INFO] [1748221982.985710197]: Published position command - x: 0.000000, y: 1730.974193, phi: 90.000000, v: 287.011251, w: 0.000000, segment_no: 0[0m
[0m[ INFO] [1748221983.085058429]: Published position command - x: 0.000000, y: 1759.702670, phi: 90.000000, v: 287.990087, w: 0.000000, segment_no: 0[0m
[0m[ INFO] [1748221983.185538588]: Published position command - x: 0.000000, y: 1788.546162, phi: 90.000000, v: 288.931191, w: 0.000000, segment_no: 0[0m
[0m[ INFO] [1748221983.286563366]: Published position command - x: 0.000000, y: 1817.597298, phi: 90.000000, v: 289.837422, w: 0.000000, segment_no: 0[0m
[0m[ INFO] [1748221983.385061180]: Published position command - x: 0m[ INFO] [1748221983.302748570]: [1748221983.303] Reference trajectory - x: 0.000000, y: 1.817597, phi: 1.570796, v: 0.289837, w: 0.000000, line_no: 0[0m
[0m[ INFO] [1748221983.411055070]: [1748221983.411] Robot state - x: 0.002173, y: 1.851333, phi: 1.568709[0m
[0m[ INFO] [1748221983.411645674]: [1748221983.412] Reference trajectory - x: 0.000000, y: 1.846514, phi: 1.570796, v: 0.290698, w: 0.000000, line_no: 0[0m
[0m[ INFO] [1748221983.501833457]: [1748221983.502] Robot state - x: 0.002151, y: 1.880617, phi: 1.570588[0m
[0m[ INFO] [1748221983.501936691]: [1748221983.502] Reference trajectory - x: 0.000000, y: 1.875624, phi: 1.570796, v: 0.291524, w: 0.000000, line_no: 0[0m
[0m[ INFO] [1748221983.608241229]: [1748221983.608] Robot state - x: 0.002212, y: 1.909699, phi: 1.570588[0m
[0m[ INFO] [1748221983.608568532]: [1748221983.608] Reference trajectory - x: 0.000000, y: 1.904820, phi: 1.570796, v: 0.292312, w: 0.000000, line_no: 0[0m
[0m[ INFO] [1748221983.701738457]: [1748221983.702] Robot state - x: 0.002246, y: 1.939387, phi: 1.568709[0m
[0m[ INFO] [1748221983.701859612]: [1748221983.702] Reference trajectory - x: 0.000000, y: 1.934087, phi: 1.570796, v: 0.293061, w: 0.000000, line_no: 0[0m
[0m[ INFO] [1748221983.805484669]: [1748221983.805] Robot state - x: 0.002225, y: 1.968671, phi: 1.570588[0m
[0m[ INFO] [1748221983.805628960]: [1748221983.806] Reference trajectory - x: 0.000000, y: 1.963428, phi: 1.570796, v: 0.293772, w: 0.000000, line_no: 0[0m
[0m[ INFO] [1748221983.901969576]: [1748221983.902] Robot state - x: 0.002286, y: 1.998157, phi: 1.570588[0m
[0m[ INFO] [1748221983.902140491]: [1748221983.902] Reference trajectory - x: 0.000000, y: 1.992845, phi: 1.570796, v: 0.294445, w: 0.000000, line_no: 0[0m
[0m[ INFO] [1748221984.009051281]: [1748221984.009] Robot state - x: 0.002320, y: 2.027845, phi: 1.568709[0m
[0m[ INFO] [1748221984.009338167]: [1748221984.009] Reference trajectory - x: 0.000000, y: 2.022317, phi: 1.570796, v: 0.295078, w: 0.000000, line_no: 0[0m
[0m[ INFO] [1748221984.102126612]: [1748221984.102] Robot state - x: 0.002326, y: 2.057331, phi: 1.568709[0m
[0m[ INFO] [1748221984.102217878]: [1748221984.102] Reference trajectory - x: 0.000000, y: 2.051868, phi: 1.570796, v: 0.295674, w: 0.000000, line_no: 0[0m
[0m[ INFO] [1748221984.209105146]: [1748221984.209] Robot state - x: 0.002360, y: 2.087019, phi: 1.570588[0m
[0m[ INFO] [1748221984.209412000]: [1748221984.209] Reference trajectory - x: 0.000000, y: 2.081449, phi: 1.570796, v: 0.296231, w: 0.000000, line_no: 0[0m
[0m[ INFO] [1748221984.301934295]: [1748221984.302] Robot state - x: 0.002423, y: 2.116909, phi: 1.570588[0m
[0m[ INFO] [1748221984.302055481]: [1748221984.302] Reference trajectory - x: 0.000000, y: 2.111090, phi: 1.570796, v: 0.296750, w: 0.000000, line_no: 0[0m
[0m[ INFO] [1748221984.406482890]: [1748221984.406] Robot state - x: 0.002457, y: 2.146597, phi: 1.568709[0m
[0m[ INFO] [1748221984.407063222]: [1748221984.407] Reference trajectory - x: 0.000000, y: 2.140794, phi: 1.570796, v: 0.297230, w: 0.000000, line_no: 0[0m
[0m[ INFO] [1748221984.502075553]: [1748221984.502] Robot state - x: 0.002407, y: 2.176487, phi: 1.572466[0m
[0m[ INFO] [1748221984.502202307]: [1748221984.502] Reference trajectory - x: 0.000000, y: 2.170557, phi: 1.570796, v: 0.297673, w: 0.000000, line_no: 0[0m
[0m[ INFO] [1748221984.602861957]: [1748221984.603] Robot state - x: 0.002498, y: 2.206579, phi: 1.570588[0m
[0m[ INFO] [1748221984.603007688]: [1748221984.603] Reference trajectory - x: 0.000000, y: 2.200320, phi: 1.570796, v: 0.298076, w: 0.000000, line_no: 0[0m
[0m[ INFO] [1748221984.702731989]: [1748221984.702] Robot state - x: 0.002449, y: 2.236065, phi: 1.570588[0m
[0m[ INFO] [1748221984.702834456]: [1748221984.703] Reference trajectory - x: 0.000000, y: 2.230144, phi: 1.570796, v: 0.298441, w: 0.000000, line_no: 0[0m
[0m[ INFO] [1748221984.801336396]: [1748221984.801] Robot state - x: 0.002427, y: 2.266157, phi: 1.572466[0m
[0m[ INFO] [1748221984.801427758]: [1748221984.801] Reference t.000000, y: 1846.514409, phi: 90.000000, v: 290.698471, w: 0.000000, segment_no: 0[0m
[0m[ INFO] [1748221983.485056081]: Published position command - x: 0.000000, y: 1875.623801, phi: 90.000000, v: 291.524410, w: 0.000000, segment_no: 0[0m
[0m[ INFO] [1748221983.585687347]: Published position command - x: 0.000000, y: 1904.820354, phi: 90.000000, v: 292.312125, w: 0.000000, segment_no: 0[0m
[0m[ INFO] [1748221983.685028122]: Published position command - x: 0.000000, y: 1934.087121, phi: 90.000000, v: 293.061264, w: 0.000000, segment_no: 0[0m
[0m[ INFO] [1748221983.785660604]: Published position command - x: 0.000000, y: 1963.427514, phi: 90.000000, v: 293.772023, w: 0.000000, segment_no: 0[0m
[0m[ INFO] [1748221983.885048388]: Published position command - x: 0.000000, y: 1992.844675, phi: 90.000000, v: 294.444555, w: 0.000000, segment_no: 0[0m
[0m[ INFO] [1748221983.985652422]: Published position command - x: 0.000000, y: 2022.317209, phi: 90.000000, v: 295.078463, w: 0.000000, segment_no: 0[0m
[0m[ INFO] [1748221984.085101006]: Published position command - x: 0.000000, y: 2051.867924, phi: 90.000000, v: 295.674308, w: 0.000000, segment_no: 0[0m
[0m[ INFO] [1748221984.185679374]: Published position command - x: 0.000000, y: 2081.449226, phi: 90.000000, v: 296.231228, w: 0.000000, segment_no: 0[0m
[0m[ INFO] [1748221984.285026132]: Published position command - x: 0.000000, y: 2111.090191, phi: 90.000000, v: 296.749884, w: 0.000000, segment_no: 0[0m
[0m[ INFO] [1748221984.385703381]: Published position command - x: 0.000000, y: 2140.793625, phi: 90.000000, v: 297.230356, w: 0.000000, segment_no: 0[0m
[0m[ INFO] [1748221984.485462756]: Published position command - x: 0.000000, y: 2170.557395, phi: 90.000000, v: 297.672620, w: 0.000000, segment_no: 0[0m
[0m[ INFO] [1748221984.584977645]: Published position command - x: 0.000000, y: 2200.320238, phi: 90.000000, v: 298.075878, w: 0.000000, segment_no: 0[0m
[0m[ INFO] [1748221984.684990369]: Published position command - x: 0.000000, y: 2230.143690, phi: 90.000000, v: 298.441059, w: 0.000000, segment_no: 0[0m
[0m[ INFO] [1748221984.784937491]: Published position command - x: 0.000000, y: 2259.999587, phi: 90.000000, v: 298.767824, w: 0.000000, segment_no: 0[0m
[0m[ INFO] [1748221984.886290531]: Published position command - x: 0.000000, y: 2289.917013, phi: 90.000000, v: 299.056479, w: 0.000000, segment_no: 0[0m
[0m[ INFO] [1748221984.984994172]: Published position command - x: 0.000000, y: 2319.813772, phi: 90.000000, v: 299.306300, w: 0.000000, segment_no: 0[0m
[0m[ INFO] [1748221985.084992366]: Published position command - x: 0.000000, y: 2349.759593, phi: 90.000000, v: 299.517944, w: 0.000000, segment_no: 0[0m
[0m[ INFO] [1748221985.185122403]: Published position command - x: 0.000000, y: 2379.764096, phi: 90.000000, v: 299.691379, w: 0.000000, segment_no: 0[0m
[0m[ INFO] [1748221985.284982610]: Published position command - x: 0.000000, y: 2409.694838, phi: 90.000000, v: 299.825959, w: 0.000000, segment_no: 0[0m
[0m[ INFO] [1748221985.385711635]: Published position command - x: 0.000000, y: 2439.705067, phi: 90.000000, v: 299.922430, w: 0.000000, segment_no: 0[0m
[0m[ INFO] [1748221985.485001143]: Published position command - x: 0.000000, y: 2469.683370, phi: 90.000000, v: 299.980392, w: 0.000000, segment_no: 0[0m
[0m[ INFO] [1748221985.585708408]: Published position command - x: 0.000000, y: 2499.686882, phi: 90.000000, v: 299.999998, w: 0.000000, segment_no: 0[0m
[0m[ INFO] [1748221985.689157042]: Published position command - x: 0.000000, y: 2529.777271, phi: 90.000000, v: 299.981083, w: 0.000000, segment_no: 0[0m
[0m[ INFO] [1748221985.785007053]: Published position command - x: 0.000000, y: 2559.671564, phi: 90.000000, v: 299.924026, w: 0.000000, segment_no: 0[0m
[0m[ INFO] [1748221985.885010783]: Published position command - x: 0.000000, y: 2589.669472, phi: 90.000000, v: 299.828401, w: 0.000000, segment_no: 0[0m
[0m[ INFO] [1748221985.985036690]: Published position command - x: 0.000000, y: 2619.635349, phi: 90.000000,rajectory - x: 0.000000, y: 2.260000, phi: 1.570796, v: 0.298768, w: 0.000000, line_no: 0[0m
[0m[ INFO] [1748221984.902865727]: [1748221984.903] Robot state - x: 0.002461, y: 2.296249, phi: 1.570588[0m
[0m[ INFO] [1748221984.902955713]: [1748221984.903] Reference trajectory - x: 0.000000, y: 2.289917, phi: 1.570796, v: 0.299057, w: 0.000000, line_no: 0[0m
[0m[ INFO] [1748221985.008828784]: [1748221985.008] Robot state - x: 0.002412, y: 2.326139, phi: 1.570588[0m
[0m[ INFO] [1748221985.009165943]: [1748221985.009] Reference trajectory - x: 0.000000, y: 2.319814, phi: 1.570796, v: 0.299306, w: 0.000000, line_no: 0[0m
[0m[ INFO] [1748221985.240478604]: [1748221985.240] Robot state - x: 0.002418, y: 2.356029, phi: 1.570588[0m
[0m[ INFO] [1748221985.240564366]: [1748221985.241] Reference trajectory - x: 0.000000, y: 2.379764, phi: 1.570796, v: 0.299691, w: 0.000000, line_no: 0[0m
[0m[ INFO] [1748221985.241723878]: [1748221985.242] Robot state - x: 0.002424, y: 2.386323, phi: 1.570588[0m
[0m[ INFO] [1748221985.241792136]: [1748221985.242] Reference trajectory - x: 0.000000, y: 2.379764, phi: 1.570796, v: 0.299691, w: 0.000000, line_no: 0[0m
[0m[ INFO] [1748221985.301302888]: [1748221985.301] Robot state - x: 0.002430, y: 2.416213, phi: 1.570588[0m
[0m[ INFO] [1748221985.301423563]: [1748221985.301] Reference trajectory - x: 0.000000, y: 2.409695, phi: 1.570796, v: 0.299826, w: 0.000000, line_no: 0[0m
[0m[ INFO] [1748221985.408545170]: [1748221985.408] Robot state - x: 0.002437, y: 2.446103, phi: 1.570588[0m
[0m[ INFO] [1748221985.408838169]: [1748221985.409] Reference trajectory - x: 0.000000, y: 2.439705, phi: 1.570796, v: 0.299922, w: 0.000000, line_no: 0[0m
[0m[ INFO] [1748221985.501972475]: [1748221985.502] Robot state - x: 0.002443, y: 2.476800, phi: 1.570588[0m
[0m[ INFO] [1748221985.502087933]: [1748221985.502] Reference trajectory - x: 0.000000, y: 2.469683, phi: 1.570796, v: 0.299980, w: 0.000000, line_no: 0[0m
[0m[ INFO] [1748221985.602172081]: [1748221985.602] Robot state - x: 0.002449, y: 2.506691, phi: 1.570588[0m
[0m[ INFO] [1748221985.602294804]: [1748221985.602] Reference trajectory - x: 0.000000, y: 2.499687, phi: 1.570796, v: 0.300000, w: 0.000000, line_no: 0[0m
[0m[ INFO] [1748221985.701898877]: [1748221985.702] Robot state - x: 0.002455, y: 2.536581, phi: 1.570588[0m
[0m[ INFO] [1748221985.702149987]: [1748221985.702] Reference trajectory - x: 0.000000, y: 2.529777, phi: 1.570796, v: 0.299981, w: 0.000000, line_no: 0[0m
[0m[ INFO] [1748221985.808645981]: [1748221985.808] Robot state - x: 0.002491, y: 2.567076, phi: 1.568709[0m
[0m[ INFO] [1748221985.809009477]: [1748221985.809] Reference trajectory - x: 0.000000, y: 2.559672, phi: 1.570796, v: 0.299924, w: 0.000000, line_no: 0[0m
[0m[ INFO] [1748221985.901741022]: [1748221985.902] Robot state - x: 0.002469, y: 2.597168, phi: 1.570588[0m
[0m[ INFO] [1748221985.901835776]: [1748221985.902] Reference trajectory - x: 0.000000, y: 2.589669, phi: 1.570796, v: 0.299828, w: 0.000000, line_no: 0[0m
[0m[ INFO] [1748221986.009722200]: [1748221986.009] Robot state - x: 0.002503, y: 2.627260, phi: 1.572466[0m
[0m[ INFO] [1748221986.010082591]: [1748221986.010] Reference trajectory - x: 0.000000, y: 2.619635, phi: 1.570796, v: 0.299694, w: 0.000000, line_no: 0[0m
[0m[ INFO] [1748221986.101782658]: [1748221986.102] Robot state - x: 0.002538, y: 2.657352, phi: 1.570588[0m
[0m[ INFO] [1748221986.101908389]: [1748221986.102] Reference trajectory - x: 0.000000, y: 2.649607, phi: 1.570796, v: 0.299522, w: 0.000000, line_no: 0[0m
[0m[ INFO] [1748221986.208096375]: [1748221986.208] Robot state - x: 0.002487, y: 2.687646, phi: 1.570588[0m
[0m[ INFO] [1748221986.208452990]: [1748221986.208] Reference trajectory - x: 0.000000, y: 2.679539, phi: 1.570796, v: 0.299311, w: 0.000000, line_no: 0[0m
[0m[ INFO] [1748221986.301867781]: [1748221986.302] Robot state - x: 0.002493, y: 2.717536, phi: 1.570588[0m
[0m[ INFO] [1748221986.301961543]: [1748221986.302] Reference trajectory - x: 0.000000, y: 2.709466, phi: 1.570796, v: 0.299062, w: 0.000000, line_no: 0[0m
[0m[ INFO] [1748221986.408601507]: [1748221986.408] Robot state - x: 0.002500, y: 2.747426, phi: 1.570588[0m
[0m[ INFO] [1748221986.408912425]: [1748221986.409] Reference trajectory - x: 0.000000, y: 2.739349, phi: 1.570796, v: 0.298775, w: 0.000000, line_no: 0[0m
[0m[ INFO] [1748221986.502077099]: [1748221986.502] Robot state - x: 0.002478, y: 2.777518, phi: 1.572466[0m
[0m[ INFO] [1748221986.502204781]: [1748221986.502] Reference trajectory - x: 0.000000, y: 2.769230, phi: 1.570796, v: 0.298448, w: 0.000000, line_no: 0[0m
[0m[ INFO] [1748221986.609641210]: [1748221986.609] Robot state - x: 0.002484, y: 2.807408, phi: 1.572466[0m
[0m[ INFO] [1748221986.610154533]: [1748221986.610] Reference trajectory - x: 0.000000, y: 2.799032, phi: 1.570796, v: 0.298084, w: 0.000000, line_no: 0[0m
[0m[ INFO] [1748221986.701758021]: [1748221986.702] Robot state - x: 0.002462, y: 2.837096, phi: 1.570588[0m
[0m[ INFO] [1748221986.701881768]: [1748221986.702] Reference trajectory - x: 0.000000, y: 2.828830, phi: 1.570796, v: 0.297681, w: 0.000000, line_no: 0[0m
[0m[ INFO] [1748221986.805576486]: [1748221986.805] Robot state - x: 0.002384, y: 2.867188, phi: 1.572466[0m
[0m[ INFO] [1748221986.805698441]: [1748221986.806] Reference trajectory - x: 0.000000, y: 2.858609, phi: 1.570796, v: 0.297240, w: 0.000000, line_no: 0[0m
[0m[ INFO] [1748221986.901750727]: [1748221986.902] Robot state - x: 0.002418, y: 2.896876, phi: 1.570588[0m
[0m[ INFO] [1748221986.901884361]: [1748221986.902] Reference trajectory - x: 0.000000, y: 2.888307, phi: 1.570796, v: 0.296760, w: 0.000000, line_no: 0[0m
[0m[ INFO] [1748221987.008955534]: [1748221987.009] Robot state - x: 0.002368, y: 2.926766, phi: 1.570588[0m
[0m[ INFO] [1748221987.009247956]: [1748221987.009] Reference trajectory - x: 0.000000, y: 2.917947, phi: 1.570796, v: 0.296242, w: 0.000000, line_no: 0[0m
[0m[ INFO] [1748221987.102003980]: [1748221987.102] Robot state - x: 0.002374, y: 2.956252, phi: 1.570588[0m
[0m[ INFO] [1748221987.102162895]: [1748221987.102] Reference trajectory - x: 0.000000, y: 2.947519, phi: 1.570796, v: 0.295686, w: 0.000000, line_no: 0[0m
[0m[ INFO] [1748221987.208826474]: [1748221987.208] Robot state - x: 0.002352, y: 2.985940, phi: 1.572466[0m
[0m[ INFO] [1748221987.209229683]: [1748221987.209] Reference trajectory - x: 0.000000, y: 2.977064, phi: 1.570796, v: 0.295091, w: 0.000000, line_no: 0[0m
[0m[ INFO] [1748221987.301568993]: [1748221987.301] Robot state - x: 0.002358, y: 3.015426, phi: 1.572466[0m
[0m[ INFO] [1748221987.301699428]: [1748221987.302] Reference trajectory - x: 0.000000, y: 3.006545, phi: 1.570796, v: 0.294458, w: 0.000000, line_no: 0[0m
[0m[ INFO] [1748221987.408953675]: [1748221987.409] Robot state - x: 0.002309, y: 3.044912, phi: 1.572466[0m
[0m[ INFO] [1748221987.409325619]: [1748221987.409] Reference trajectory - x: 0.000000, y: 3.035961, phi: 1.570796, v: 0.293786, w: 0.000000, line_no: 0[0m
[0m[ INFO] [1748221987.502163436]: [1748221987.502] Robot state - x: 0.002288, y: 3.074197, phi: 1.570588[0m
[0m[ INFO] [1748221987.502287535]: [1748221987.502] Reference trajectory - x: 0.000000, y: 3.065300, phi: 1.570796, v: 0.293077, w: 0.000000, line_no: 0[0m
[0m[ INFO] [1748221987.602530435]: [1748221987.602] Robot state - x: 0.002210, y: 3.103884, phi: 1.572466[0m
[0m[ INFO] [1748221987.602687111]: [1748221987.603] Reference trajectory - x: 0.000000, y: 3.094572, phi: 1.570796, v: 0.292328, w: 0.000000, line_no: 0[0m
[0m[ INFO] [1748221987.701878693]: [1748221987.702] Robot state - x: 0.002243, y: 3.132765, phi: 1.570588[0m
[0m[ INFO] [1748221987.702111690]: [1748221987.702] Reference trajectory - x: 0.000000, y: 3.123775, phi: 1.570796, v: 0.291541, w: 0.000000, line_no: 0[0m
[0m[ INFO] [1748221987.810986579]: [1748221987.810] Robot state - x: 0.002167, y: 3.162049, phi: 1.572466[0m
[0m[ INFO] [1748221987.811542463]: [1748221987.811] Reference trajectory - x: 0.000000, y: 3.152901, phi: 1.570796, v: 0.290715, w: 0.000000, line_no: 0[0m
[0m[ INFO] [1748221987.9024 v: 299.694457, w: 0.000000, segment_no: 0[0m
[0m[ INFO] [1748221986.085797107]: Published position command - x: 0.000000, y: 2649.607207, phi: 90.000000, v: 299.522003, w: 0.000000, segment_no: 0[0m
[0m[ INFO] [1748221986.185047860]: Published position command - x: 0.000000, y: 2679.538925, phi: 90.000000, v: 299.311283, w: 0.000000, segment_no: 0[0m
[0m[ INFO] [1748221986.284994307]: Published position command - x: 0.000000, y: 2709.465651, phi: 90.000000, v: 299.062028, w: 0.000000, segment_no: 0[0m
[0m[ INFO] [1748221986.385155831]: Published position command - x: 0.000000, y: 2739.349319, phi: 90.000000, v: 298.774519, w: 0.000000, segment_no: 0[0m
[0m[ INFO] [1748221986.485044646]: Published position command - x: 0.000000, y: 2769.230385, phi: 90.000000, v: 298.448307, w: 0.000000, segment_no: 0[0m
[0m[ INFO] [1748221986.584959221]: Published position command - x: 0.000000, y: 2799.032137, phi: 90.000000, v: 298.084221, w: 0.000000, segment_no: 0[0m
[0m[ INFO] [1748221986.684998726]: Published position command - x: 0.000000, y: 2828.830595, phi: 90.000000, v: 297.681304, w: 0.000000, segment_no: 0[0m
[0m[ INFO] [1748221986.785853833]: Published position command - x: 0.000000, y: 2858.609198, phi: 90.000000, v: 297.239615, w: 0.000000, segment_no: 0[0m
[0m[ INFO] [1748221986.886232417]: Published position command - x: 0.000000, y: 2888.307490, phi: 90.000000, v: 296.760016, w: 0.000000, segment_no: 0[0m
[0m[ INFO] [1748221986.985617509]: Published position command - x: 0.000000, y: 2917.946729, phi: 90.000000, v: 296.242190, w: 0.000000, segment_no: 0[0m
[0m[ INFO] [1748221987.084985191]: Published position command - x: 0.000000, y: 2947.518661, phi: 90.000000, v: 295.686258, w: 0.000000, segment_no: 0[0m
[0m[ INFO] [1748221987.185054008]: Published position command - x: 0.000000, y: 2977.063821, phi: 90.000000, v: 295.091351, w: 0.000000, segment_no: 0[0m
[0m[ INFO] [1748221987.285024103]: Published position command - x: 0.000000, y: 3006.545268, phi: 90.000000, v: 294.458080, w: 0.000000, segment_no: 0[0m
[0m[ INFO] [1748221987.385558657]: Published position command - x: 0.000000, y: 3035.960650, phi: 90.000000, v: 293.786418, w: 0.000000, segment_no: 0[0m
[0m[ INFO] [1748221987.485024389]: Published position command - x: 0.000000, y: 3065.300187, phi: 90.000000, v: 293.076517, w: 0.000000, segment_no: 0[0m
[0m[ INFO] [1748221987.585536927]: Published position command - x: 0.000000, y: 3094.571903, phi: 90.000000, v: 292.328092, w: 0.000000, segment_no: 0[0m
[0m[ INFO] [1748221987.685052004]: Published position command - x: 0.000000, y: 3123.775503, phi: 90.000000, v: 291.541026, w: 0.000000, segment_no: 0[0m
[0m[ INFO] [1748221987.785770531]: Published position command - x: 0.000000, y: 3152.900521, phi: 90.000000, v: 290.715473, w: 0.000000, segment_no: 0[0m
[0m[ INFO] [1748221987.885008674]: Published position command - x: 0.000000, y: 3181.911653, phi: 90.000000, v: 289.852384, w: 0.000000, segment_no: 0[0m
[0m[ INFO] [1748221987.984941808]: Published position command - x: 0.000000, y: 3210.836526, phi: 90.000000, v: 288.950880, w: 0.000000, segment_no: 0[0m
[0m[ INFO] [1748221988.085049568]: Published position command - x: 0.000000, y: 3239.701398, phi: 90.000000, v: 288.009951, w: 0.000000, segment_no: 0[0m
[0m[ INFO] [1748221988.185045710]: Published position command - x: 0.000000, y: 3268.443260, phi: 90.000000, v: 287.031515, w: 0.000000, segment_no: 0[0m
[0m[ INFO] [1748221988.285133950]: Published position command - x: 0.000000, y: 3297.118063, phi: 90.000000, v: 286.013523, w: 0.000000, segment_no: 0[0m
[0m[ INFO] [1748221988.385003337]: Published position command - x: 0.000000, y: 3325.644307, phi: 90.000000, v: 284.958760, w: 0.000000, segment_no: 0[0m
[0m[ INFO] [1748221988.485053528]: Published position command - x: 0.000000, y: 3354.097689, phi: 90.000000, v: 283.864306, w: 0.000000, segment_no: 0[0m
[0m[ INFO] [1748221988.585574544]: Published position command - x: 0.000000, y: 3382.433252, phi: 90.000000, v: 282.731682, w: 0.000000, segment_no:05199]: [1748221987.902] Robot state - x: 0.002173, y: 3.191131, phi: 1.572466[0m
[0m[ INFO] [1748221987.902673876]: [1748221987.903] Reference trajectory - x: 0.000000, y: 3.181912, phi: 1.570796, v: 0.289852, w: 0.000000, line_no: 0[0m
[0m[ INFO] [1748221988.009521363]: [1748221988.009] Robot state - x: 0.002152, y: 3.220011, phi: 1.570588[0m
[0m[ INFO] [1748221988.009866170]: [1748221988.010] Reference trajectory - x: 0.000000, y: 3.210836, phi: 1.570796, v: 0.288951, w: 0.000000, line_no: 0[0m
[0m[ INFO] [1748221988.102088133]: [1748221988.102] Robot state - x: 0.002103, y: 3.249093, phi: 1.570588[0m
[0m[ INFO] [1748221988.102184711]: [1748221988.102] Reference trajectory - x: 0.000000, y: 3.239702, phi: 1.570796, v: 0.288010, w: 0.000000, line_no: 0[0m
[0m[ INFO] [1748221988.207722633]: [1748221988.207] Robot state - x: 0.002083, y: 3.277569, phi: 1.572466[0m
[0m[ INFO] [1748221988.208084624]: [1748221988.208] Reference trajectory - x: 0.000000, y: 3.268443, phi: 1.570796, v: 0.287032, w: 0.000000, line_no: 0[0m
[0m[ INFO] [1748221988.301805147]: [1748221988.302] Robot state - x: 0.002116, y: 3.306450, phi: 1.570588[0m
[0m[ INFO] [1748221988.302040672]: [1748221988.302] Reference trajectory - x: 0.000000, y: 3.297118, phi: 1.570796, v: 0.286014, w: 0.000000, line_no: 0[0m
[0m[ INFO] [1748221988.407962730]: [1748221988.408] Robot state - x: 0.002068, y: 3.335128, phi: 1.570588[0m
[0m[ INFO] [1748221988.408239567]: [1748221988.408] Reference trajectory - x: 0.000000, y: 3.325644, phi: 1.570796, v: 0.284959, w: 0.000000, line_no: 0[0m
[0m[ INFO] [1748221988.501240971]: [1748221988.501] Robot state - x: 0.002047, y: 3.363604, phi: 1.572466[0m
[0m[ INFO] [1748221988.501333485]: [1748221988.501] Reference trajectory - x: 0.000000, y: 3.354098, phi: 1.570796, v: 0.283864, w: 0.000000, line_no: 0[0m
[0m[ INFO] [1748221988.607924068]: [1748221988.607] Robot state - x: 0.002053, y: 3.391878, phi: 1.572466[0m
[0m[ INFO] [1748221988.608360782]: [1748221988.608] Reference trajectory - x: 0.000000, y: 3.382433, phi: 1.570796, v: 0.282732, w: 0.000000, line_no: 0[0m
[0m[ INFO] [1748221988.702022551]: [1748221988.702] Robot state - x: 0.002032, y: 3.420355, phi: 1.570588[0m
[0m[ INFO] [1748221988.702260188]: [1748221988.702] Reference trajectory - x: 0.000000, y: 3.410715, phi: 1.570796, v: 0.281558, w: 0.000000, line_no: 0[0m
[0m[ INFO] [1748221988.808549549]: [1748221988.808] Robot state - x: 0.001959, y: 3.448427, phi: 1.572466[0m
[0m[ INFO] [1748221988.808927637]: [1748221988.809] Reference trajectory - x: 0.000000, y: 3.438758, phi: 1.570796, v: 0.280351, w: 0.000000, line_no: 0[0m
[0m[ INFO] [1748221988.901607946]: [1748221988.902] Robot state - x: 0.001991, y: 3.476095, phi: 1.570588[0m
[0m[ INFO] [1748221988.901938353]: [1748221988.902] Reference trajectory - x: 0.000000, y: 3.466707, phi: 1.570796, v: 0.279105, w: 0.000000, line_no: 0[0m
[0m[ INFO] [1748221989.008624394]: [1748221989.008] Robot state - x: 0.001917, y: 3.504168, phi: 1.572466[0m
[0m[ INFO] [1748221989.008924689]: [1748221989.009] Reference trajectory - x: 0.000000, y: 3.494548, phi: 1.570796, v: 0.277819, w: 0.000000, line_no: 0[0m
[0m[ INFO] [1748221989.101512418]: [1748221989.101] Robot state - x: 0.001923, y: 3.532038, phi: 1.572466[0m
[0m[ INFO] [1748221989.101612740]: [1748221989.102] Reference trajectory - x: 0.000000, y: 3.522283, phi: 1.570796, v: 0.276493, w: 0.000000, line_no: 0[0m
[0m[ INFO] [1748221989.206824606]: [1748221989.207] Robot state - x: 0.001877, y: 3.559505, phi: 1.572466[0m
[0m[ INFO] [1748221989.206938304]: [1748221989.207] Reference trajectory - x: 0.000000, y: 3.549869, phi: 1.570796, v: 0.275130, w: 0.000000, line_no: 0[0m
[0m[ INFO] [1748221989.302464495]: [1748221989.302] Robot state - x: 0.001832, y: 3.586971, phi: 1.572466[0m
[0m[ INFO] [1748221989.302565041]: [1748221989.303] Reference trajectory - x: 0.000000, y: 3.577348, phi: 1.570796, v: 0.273727, w: 0.000000, line_no: 0[0m
[0m[ INFO] [1748221989.401936912]: [1748221989.402] Robot state - x: 0.001812, y: 3.6142 0[0m
[0m[ INFO] [1748221988.685993255]: Published position command - x: 0.000000, y: 3410.715428, phi: 90.000000, v: 281.558030, w: 0.000000, segment_no: 0[0m
[0m[ INFO] [1748221988.785620525]: Published position command - x: 0.000000, y: 3438.758356, phi: 90.000000, v: 280.351038, w: 0.000000, segment_no: 0[0m
[0m[ INFO] [1748221988.885028815]: Published position command - x: 0.000000, y: 3466.707582, phi: 90.000000, v: 279.104489, w: 0.000000, segment_no: 0[0m
[0m[ INFO] [1748221988.984998684]: Published position command - x: 0.000000, y: 3494.547769, phi: 90.000000, v: 277.818787, w: 0.000000, segment_no: 0[0m
[0m[ INFO] [1748221989.085050410]: Published position command - x: 0.000000, y: 3522.283270, phi: 90.000000, v: 276.493450, w: 0.000000, segment_no: 0[0m
[0m[ INFO] [1748221989.185597057]: Published position command - x: 0.000000, y: 3549.868971, phi: 90.000000, v: 275.130424, w: 0.000000, segment_no: 0[0m
[0m[ INFO] [1748221989.286018263]: Published position command - x: 0.000000, y: 3577.347752, phi: 90.000000, v: 273.727362, w: 0.000000, segment_no: 0[0m
[0m[ INFO] [1748221989.385594170]: Published position command - x: 0.000000, y: 3604.610890, phi: 90.000000, v: 272.289723, w: 0.000000, segment_no: 0[0m
[0m[ INFO] [1748221989.485016027]: Published position command - x: 0.000000, y: 3631.749992, phi: 90.000000, v: 270.812606, w: 0.000000, segment_no: 0[0m
[0m[ INFO] [1748221989.584983974]: Published position command - x: 0.000000, y: 3658.748035, phi: 90.000000, v: 269.296651, w: 0.000000, segment_no: 0[0m
[0m[ INFO] [1748221989.685026036]: Published position command - x: 0.000000, y: 3685.612305, phi: 90.000000, v: 267.741161, w: 0.000000, segment_no: 0[0m
[0m[ INFO] [1748221989.784956127]: Published position command - x: 0.000000, y: 3712.293917, phi: 90.000000, v: 266.148757, w: 0.000000, segment_no: 0[0m
[0m[ INFO] [1748221989.885070702]: Published position command - x: 0.000000, y: 3738.852237, phi: 90.000000, v: 264.515634, w: 0.000000, segment_no: 0[0m
[0m[ INFO] [1748221989.984983960]: Published position command - x: 0.000000, y: 3765.194001, phi: 90.000000, v: 262.847327, w: 0.000000, segment_no: 0[0m
[0m[ INFO] [1748221990.085073125]: Published position command - x: 0.000000, y: 3791.408128, phi: 90.000000, v: 261.137989, w: 0.000000, segment_no: 0[0m
[0m[ INFO] [1748221990.184959470]: Published position command - x: 0.000000, y: 3817.419520, phi: 90.000000, v: 259.392236, w: 0.000000, segment_no: 0[0m
[0m[ INFO] [1748221990.285000026]: Published position command - x: 0.000000, y: 3843.282412, phi: 90.000000, v: 257.606176, w: 0.000000, segment_no: 0[0m
[0m[ INFO] [1748221990.385704500]: Published position command - x: 0.000000, y: 3868.964205, phi: 90.000000, v: 255.781712, w: 0.000000, segment_no: 0[0m
[0m[ INFO] [1748221990.485042897]: Published position command - x: 0.000000, y: 3894.445397, phi: 90.000000, v: 253.920009, w: 0.000000, segment_no: 0[0m
36, phi: 1.570588[0m
[0m[ INFO] [1748221989.402659647]: [1748221989.402] Reference trajectory - x: 0.000000, y: 3.604611, phi: 1.570796, v: 0.272290, w: 0.000000, line_no: 0[0m
[0m[ INFO] [1748221989.501764857]: [1748221989.502] Robot state - x: 0.001766, y: 3.641702, phi: 1.570588[0m
[0m[ INFO] [1748221989.501912348]: [1748221989.502] Reference trajectory - x: 0.000000, y: 3.631750, phi: 1.570796, v: 0.270813, w: 0.000000, line_no: 0[0m
[0m[ INFO] [1748221989.608223405]: [1748221989.608] Robot state - x: 0.001746, y: 3.668563, phi: 1.572466[0m
[0m[ INFO] [1748221989.608562516]: [1748221989.608] Reference trajectory - x: 0.000000, y: 3.658748, phi: 1.570796, v: 0.269297, w: 0.000000, line_no: 0[0m
[0m[ INFO] [1748221989.709499636]: [1748221989.709] Robot state - x: 0.001777, y: 3.695423, phi: 1.570588[0m
[0m[ INFO] [1748221989.709635927]: [1748221989.710] Reference trajectory - x: 0.000000, y: 3.685612, phi: 1.570796, v: 0.267741, w: 0.000000, line_no: 0[0m
[0m[ INFO] [1748221989.801680477]: [1748221989.802] Robot state - x: 0.001707, y: 3.722284, phi: 1.572466[0m
[0m[ INFO] [1748221989.801777183]: [1748221989.802] Reference trajectory - x: 0.000000, y: 3.712294, phi: 1.570796, v: 0.266149, w: 0.000000, line_no: 0[0m
[0m[ INFO] [1748221989.903312459]: [1748221989.903] Robot state - x: 0.001737, y: 3.748740, phi: 1.570588[0m
[0m[ INFO] [1748221989.903417581]: [1748221989.903] Reference trajectory - x: 0.000000, y: 3.738852, phi: 1.570796, v: 0.264516, w: 0.000000, line_no: 0[0m
[0m[ INFO] [1748221990.011068410]: [1748221990.010] Robot state - x: 0.001693, y: 3.774995, phi: 1.570588[0m
[0m[ INFO] [1748221990.011723304]: [1748221990.011] Reference trajectory - x: 0.000000, y: 3.765194, phi: 1.570796, v: 0.262847, w: 0.000000, line_no: 0[0m
[0m[ INFO] [1748221990.244127331]: [1748221990.244] Robot state - x: 0.001674, y: 3.801452, phi: 1.572466[0m
[0m[ INFO] [1748221990.244233765]: [1748221990.244] Reference trajectory - x: 0.000000, y: 3.817420, phi: 1.570796, v: 0.259392, w: 0.000000, line_no: 0[0m
[0m[ INFO] [1748221990.246042123]: [1748221990.246] Robot state - x: 0.001704, y: 3.827505, phi: 1.570588[0m
[0m[ INFO] [1748221990.246218415]: [1748221990.246] Reference trajectory - x: 0.000000, y: 3.817420, phi: 1.570796, v: 0.259392, w: 0.000000, line_no: 0[0m
[0m[ INFO] [1748221990.301401873]: [1748221990.301] Robot state - x: 0.001709, y: 3.853355, phi: 1.570588[0m
[0m[ INFO] [1748221990.301496531]: [1748221990.301] Reference trajectory - x: 0.000000, y: 3.843282, phi: 1.570796, v: 0.257606, w: 0.000000, line_no: 0[0m
[0m[ INFO] [1748221990.411531536]: [1748221990.411] Robot state - x: 0.001715, y: 3.879206, phi: 1.570588[0m
[0m[ INFO] [1748221990.411957657]: [1748221990.412] Reference trajectory - x: 0.000000, y: 3.868964, phi: 1.570796, v: 0.255782, w: 0.000000, line_no: 0[0m
[0m[ INFO] [1748221964.727305875]: [I2C FOR MOTORS] Now launching this node in namespace: /asc[0m
[0m[ INFO] [1748221964.749725681]: [I2C FOR MOTORS] publish motor duty cycle requests from command line with: rostopic pub --once /asc/set_motor_duty_cycle asclinic_pkg/LeftRightFloat32 "{left: 10.1, right: 10.1}"[0m
[0m[ INFO] [1748221964.749901396]: [I2C FOR MOTORS] Successfully opened named /dev/i2c-1, with file descriptor = 10[0m
[0m[ INFO] [1748221964.749994006]: [I2C FOR MOTORS] Actual acceleration limit = 0.0003125%/ms (after conversation to "internal units")[0m
[0m[ INFO] [1748221964.750047511]: [I2C FOR MOTORS] Actual deceleration limit = 0.0015625%/ms (after conversation to "internal units")[0m
[0m[ INFO] [1748221964.750128569]: [I2C FOR MOTORS] Now initialising SMC with I2C address 13[0m
[0m[ INFO] [1748221964.774274907]: [I2C FOR MOTORS] Now initialising SMC with I2C address 14[0m
[0m[ INFO] [1748221964.791381895]: [I2C FOR MOTORS] Node initialisation complete[0m

[ARUCO DETECTOR] Camera properties upon initialisation:
CV_CAP_PROP_FRAME_HEIGHT : '480.0'
CV_CAP_PROP_FRAME_WIDTH :  '640.0'
CAP_PROP_FPS :             '30.0'
CAP_PROP_FOCUS :           '0.0'
CAP_PROP_AUTOFOCUS :       '0.0'
CAP_PROP_BRIGHTNESS :      '128.0'
CAP_PROP_CONTRAST :        '128.0'
CAP_PROP_SATURATION :      '128.0'
CAP_PROP_BUFFERSIZE :      '4.0'

[ARUCO DETECTOR] Camera properties upon initialisation:
CV_CAP_PROP_FRAME_HEIGHT : '1080.0'
CV_CAP_PROP_FRAME_WIDTH :  '1920.0'
CAP_PROP_FPS :             '5.0'
CAP_PROP_FOCUS :           '0.0'
CAP_PROP_AUTOFOCUS :       '0.0'
CAP_PROP_BRIGHTNESS :      '128.0'
CAP_PROP_CONTRAST :        '128.0'
CAP_PROP_SATURATION :      '128.0'
CAP_PROP_BUFFERSIZE :      '1.0'
[INFO] [1748221967.504183]: [ARUCO DETECTOR] As a double check of the camera properties set, a frame captured just now has dimensions = (1080, 1920, 3)
[INFO] [1748221967.509005]: [ARUCO DETECTOR] publish request from command line to save a single camera image using: rostopic pub --once /asc/request_save_image std_msgs/UInt32 1
[INFO] [1748221967.513180]: [ARUCO DETECTOR] Node initialisation complete
... logging to /home/asc/.ros/log/d0b22016-39c5-11f0-933a-d8c0a650f677/roslaunch-asc12-jetson-20062.log
Checking log directory for disk usage. This may take a while.
Press Ctrl-C to interrupt
Done checking log file disk usage. Usage is <1GB.
]2;/home/asc/ASClinic/catkin_ws/src/asclinic_pkg/launch/trajectory.launch
[1mstarted roslaunch server http://asc12-jetson:33335/[0m

SUMMARY
========

PARAMETERS
 * /asc/aruco_detector/aruco_detector_desired_camera_fps: 5
 * /asc/aruco_detector/aruco_detector_desired_camera_frame_height: 1080
 * /asc/aruco_detector/aruco_detector_desired_camera_frame_width: 1920
 * /asc/aruco_detector/aruco_detector_marker_size: 0.25
 * /asc/aruco_detector/aruco_detector_save_image_path: /home/asc/saved_c...
 * /asc/aruco_detector/aruco_detector_should_publish_camera_images: False
 * /asc/aruco_detector/aruco_detector_should_save_all_aruco_images: False
 * /asc/aruco_detector/aruco_detector_should_show_camera_images: False
 * /asc/aruco_detector/aruco_detector_usb_camera_device_number: 0
 * /asc/aruco_detector/aruco_detector_verbosity: 1
 * /asc/encoder_read_multi_threaded/delta_t_for_publishing_encoder_counts: 0.1
 * /asc/encoder_read_multi_threaded/encoder_events_to_monitor: rising
 * /asc/encoder_read_multi_threaded/encoder_read_verbosity: 1
 * /asc/encoder_read_multi_threaded/gpio_chip_number_for_encoder_lines: 1
 * /asc/encoder_read_multi_threaded/line_number_for_left_side_encoder_channel_a: 105
 * /asc/encoder_read_multi_threaded/line_number_for_left_side_encoder_channel_b: 106
 * /asc/encoder_read_multi_threaded/line_number_for_right_side_encoder_channel_a: 84
 * /asc/encoder_read_multi_threaded/line_number_for_right_side_encoder_channel_b: 130
 * /asc/encoder_read_multi_threaded/should_monitor_left_side_encoder_channel_a: True
 * /asc/encoder_read_multi_threaded/should_monitor_left_side_encoder_channel_b: False
 * /asc/encoder_read_multi_threaded/should_monitor_right_side_encoder_channel_a: True
 * /asc/encoder_read_multi_threaded/should_monitor_right_side_encoder_channel_b: False
 * /asc/i2c_for_motors/motor_driver_current_limit_in_milliamps: 5000
 * /asc/i2c_for_motors/motor_driver_left_side_multiplier: 1
 * /asc/i2c_for_motors/motor_driver_max_accel_limit_in_percent_per_millisecond: 0.04
 * /asc/i2c_for_motors/motor_driver_max_decel_limit_in_percent_per_millisecond: 0.16
 * /asc/i2c_for_motors/motor_driver_max_duty_cycle_limit_in_percent: 100.0
 * /asc/i2c_for_motors/motor_driver_right_side_multiplier: 1
 * /asc/i2c_for_motors/motor_driver_verbosity: 1
 * /rosdistro: noetic
 * /rosversion: 1.17.0

NODES
  /
    aruco_positioning (asclinic_pkg/aruco_positioning.py)
    kf_fusion_node (asclinic_pkg/KF.py)
    odomdelta (asclinic_pkg/odomdelta)
    trajectory_generator (asclinic_pkg/trajectory_generator_state_space)
    trajectory_tracker (asclinic_pkg/trajectory_tracker_state_space)
    velocity_PI_control (asclinic_pkg/velocity_PI_control)
  /asc/
    aruco_detector (asclinic_pkg/aruco_detector.py)
    encoder_read_multi_threaded (asclinic_pkg/encoder_read_multi_threaded)
    i2c_for_motors (asclinic_pkg/i2c_for_motors)

[1mROS_MASTER_URI=http://localhost:11311[0m
]2;/home/asc/ASClinic/catkin_ws/src/asclinic_pkg/launch/trajectory.launch http://localhost:11311
[1mprocess[asc/i2c_for_motors-1]: started with pid [20106][0m
[1mprocess[asc/encoder_read_multi_threaded-2]: started with pid [20107][0m
[1mprocess[odomdelta-3]: started with pid [20113][0m
[1mprocess[asc/aruco_detector-4]: started with pid [20119][0m
[1mprocess[aruco_positioning-5]: started with pid [20127][0m
[1mprocess[trajectory_tracker-6]: started with pid [20129][0m
[1mprocess[trajectory_generator-7]: started with pid [20131][0m
[1mprocess[velocity_PI_control-8]: started with pid [20137][0m
[1mprocess[kf_fusion_node-9]: started with pid [20143][0m
[kf_fusion_node-9] killing on exit
[velocity_PI_control-8] killing on exit
[trajectory_generator-7] killing on exit
[trajectory_tracker-6] killing on exit
[aruco_positioning-5] killing on exit
[asc/aruco_detector-4] killing on exit
[odomdelta-3] killing on exit
[asc/encoder_read_multi_threaded-2] killing on exit
[asc/i2c_for_motors-1] killing on exit
shutting down processing monitor...
... shutting down processing monitor complete
[1mdone[0m
