[0m[ INFO] [1746504393.122778355]: Target - x: 0.000000, y: 0.000000, phi: 0.000000[0m
[0m[ INFO] [1746504393.126222266]: Current - x: 0.000000, y: 0.000000, phi: 45.000000[0m
[0m[ INFO] [1746504393.126319035]: Error - x: 0.000000, y: 0.000000[0m
[0m[ INFO] [1746504393.126369820]: Publishing motor command - Left: 0.000000, Right: 0.000000[0m
[0m[ INFO] [1746504393.126486749]: Target reached: x=0.00, y=0.00, phi=0.00[0m
[0m[ INFO] [1746504393.221210322]: Target - x: 0.000000, y: 0.000000, phi: 0.000000[0m
[0m[ INFO] [1746504393.221295123]: Current - x: 0.000000, y: 0.000000, phi: 45.000000[0m
[0m[ INFO] [1746504393.221334964]: Error - x: 0.000000, y: 0.000000[0m
[0m[ INFO] [1746504393.221461045]: Publishing motor command - Left: 0.000000, Right: 0.000000[0m
[0m[ INFO] [1746504393.222007963]: Target reached: x=0.00, y=0.00, phi=0.00[0m
[0m[ INFO] [1746504393.321619464]: Target - x: 0.000000, y: 0.000000, phi: 0.000000[0m
[0m[ INFO] [1746504393.321773962]: Current - x: 0.000000, y: 0.000000, phi: 45.000000[0m
[0m[ INFO] [1746504393.321834827]: Error - x: 0.000000, y: 0.000000[0m
[0m[ INFO] [1746504393.321905548]: Publishing motor command - Left: 0.000000, Right: 0.000000[0m
[0m[ INFO] [1746504393.321965740]: Target reached: x=0.00, y=0.00, phi=0.00[0m
[0m[ INFO] [1746504393.421664058]: Target - x: 0.000000, y: 0.000000, phi: 0.000000[0m
[0m[ INFO] [1746504393.421768123]: Current - x: 0.000000, y: 0.000000, phi: 45.000000[0m
[0m[ INFO] [1746504393.421815388]: Error - x: 0.000000, y: 0.000000[0m
[0m[ INFO] [1746504393.421876029]: Publishing motor command - Left: 0.000000, Right: 0.000000[0m
[0m[ INFO] [1746504393.422010462]: Target reached: x=0.00, y=0.00, phi=0.00[0m
[0m[ INFO] [1746504393.528537978]: Target - x: 0.000000, y: 0.000000, phi: 0.000000[0m
[0m[ INFO] [1746504393.528992095]: Current - x: 0.000000, y: 0.000000, phi: 45.000000[0m
[0m[ INFO] [1746504393.529193089]: Error - x: 0.000000, y: 0.000000[0m
[0m[ INFO] [1746504393.529297890]: Publishing motor command - Left: 0.000000, Right: 0.000000[0m
[0m[ INFO] [1746504393.529490437]: Target reached: x=0.00, y=0.00, phi=0.00[0m
[0m[ INFO] [1746504393.628582156]: Target - x: 0.000000, y: 0.000000, phi: 0.000000[0m
[0m[ INFO] [1746504393.628854159]: Current - x: 0.000000, y: 0.000000, phi: 45.000000[0m
[0m[ INFO] [1746504393.628924975]: Error - x: 0.000000, y: 0.000000[0m
[0m[ INFO] [1746504393.628991216]: Publishing motor command - Left: 0.000000, Right: 0.000000[0m
[0m[ INFO] [1746504393.629387605]: Target reached: x=0.00, y=0.00, phi=0.00[0m
[0m[ INFO] [1746504393.722978397]: Target - x: 0.000000, y: 0.000000, phi: 0.000000[0m
[0m[ INFO] [1746504393.723128319]: Current - x: 0.000000, y: 0.000000, phi: 45.000000[0m
[0m[ INFO] [1746504393.723187456]: Error - x: 0.000000, y: 0.000000[0m
[0m[ INFO] [1746504393.723275905]: Publishing motor command - Left: 0.000000, Right: 0.000000[0m
[0m[ INFO] [1746504393.723600644]: Target reached: x=0.00, y=0.00, phi=0.00[0m
[0m[ INFO] [1746504393.828332748]: Target - x: 0.000000, y: 0.000000, phi: 0.000000[0m
[0m[ INFO] [1746504393.828584366]: Current - x: 0.000000, y: 0.000000, phi: 45.000000[0m
[0m[ INFO] [1746504393.828665615]: Error - x: 0.000000, y: 0.000000[0m
[0m[ INFO] [1746504393.828837777]: Publishing motor command - Left: 0.000000, Right: 0.000000[0m
[0m[ INFO] [1746504393.829400024]: Target reached: x=0.00, y=0.00, phi=0.00[0m
[0m[ INFO] [1746504393.929080773]: Target - x: 0.000000, y: 0.000000, phi: 0.000000[0m
[0m[ INFO] [1746504393.929378665]: Current - x: 0.000000, y: 0.000000, phi: 45.000000[0m
[0m[ INFO] [1746504393.929458666]: Error - x: 0.000000, y: 0.000000[0m
[0m[ INFO] [1746504393.929533611]: Publishing motor command - Left: 0.000000, Right: 0.000000[0m
[0m[ INFO] [1746504393.929849966]: Target reached: x=0.00, y=0.00, phi=0.00[0m
[0m[ INFO] [1746504394.029640285]: Target - x: 0.000000, y: 0.000000, phi: 0.000000[0m
[0m[ INFO] [1746504394.030598248]: Current - x: 0.000000, y: 0.000000, phi: 45.000000[0m
[0m[ INFO] [1746504394.030902891]: Error - x: 0.000000, y: 0.000000[0m
[0m[ INFO] [1746504394.032361340]: Publishing motor command - Left: 0.000000, Right: 0.000000[0m
[0m[ INFO] [1746504394.032718720]: Target reached: x=0.00, y=0.00, phi=0.00[0m
[0m[ INFO] [1746504394.258384998]: Target - x: 0.000000, y: 0.000000, phi: 0.000000[0m
[0m[ INFO] [1746504394.258475175]: Current - x: 0.000000, y: 0.000000, phi: 45.000000[0m
[0m[ INFO] [1746504394.258513224]: Error - x: 0.000000, y: 0.000000[0m
[0m[ INFO] [1746504394.258547048]: Publishing motor command - Left: 0.000000, Right: 0.000000[0m
[0m[ INFO] [1746504394.258629129]: Target reached: x=0.00, y=0.00, phi=0.00[0m
[0m[ INFO] [1746504394.261205735]: Target - x: 0.000000, y: 0.000000, phi: 0.000000[0m
[0m[ INFO] [1746504394.261322600]: Current - x: 0.000000, y: 0.000000, phi: 45.000000[0m
[0m[ INFO] [1746504394.261405033]: Error - x: 0.000000, y: 0.000000[0m
[0m[ INFO] [1746504394.261468778]: Publishing motor command - Left: 0.000000, Right: 0.000000[0m
[0m[ INFO] [1746504394.261550570]: Target reached: x=0.00, y=0.00, phi=0.00[0m
[0m[ INFO] [1746504394.330071414]: Target - x: 0.000000, y: 0.000000, phi: 0.000000[0m
[0m[ INFO] [1746504394.330794174]: Current - x: 0.000000, y: 0.000000, phi: 45.000000[0m
[0m[ INFO] [1746504394.330889055]: Error - x: 0.000000, y: 0.000000[0m
[0m[ INFO] [1746504394.331211139]: Publishing motor command - Left: 0.000000, Right: 0.000000[0m
[0m[ INFO] [1746504394.331628263]: Target reached: x=0.00, y=0.00, phi=0.00[0m
[0m[ INFO] [1746504394.421525382]: Target - x: 0.000000, y: 0.000000, phi: 0.000000[0m
[0m[ INFO] [1746504394.421610695]: Current - x: 0.000000, y: 0.000000, phi: 45.000000[0m
[0m[ INFO] [1746504394.421648135]: Error - x: 0.000000, y: 0.000000[0m
[0m[ INFO] [1746504394.421703656]: Publishing motor command - Left: 0.000000, Right: 0.000000[0m
[0m[ INFO] [1746504394.421769097]: Target reached: x=0.00, y=0.00, phi=0.00[0m
[0m[ INFO] [1746504394.530638367]: Target - x: 0.000000, y: 0.000000, phi: 0.000000[0m
[0m[ INFO] [1746504394.531122948]: Current - x: 0.000000, y: 0.000000, phi: 45.000000[0m
[0m[ INFO] [1746504394.531354503]: Error - x: 0.000000, y: 0.000000[0m
[0m[ INFO] [1746504394.531435816]: Publishing motor command - Left: 0.000000, Right: 0.000000[0m
[0m[ INFO] [1746504394.531600810]: Target reached: x=0.00, y=0.00, phi=0.00[0m
[0m[ INFO] [1746504394.625301523]: Target - x: 0.000000, y: 0.000000, phi: 0.000000[0m
[0m[ INFO] [1746504394.625462005]: Current - x: 0.000000, y: 0.000000, phi: 45.000000[0m
[0m[ INFO] [1746504394.625509494]: Error - x: 0.000000, y: 0.000000[0m
[0m[ INFO] [1746504394.625553206]: Publishing motor command - Left: 0.000000, Right: 0.000000[0m
[0m[ INFO] [1746504394.625647415]: Target reached: x=0.00, y=0.00, phi=0.00[0m
[0m[ INFO] [1746504394.721523034]: Target - x: 30.000000, y: 0.000000, phi: 0.000000[0m
[0m[ INFO] [1746504394.721623803]: Current - x: 0.000000, y: 0.000000, phi: 45.000000[0m
[0m[ INFO] [1746504394.721662747]: Error - x: 30.000000, y: 0.000000[0m
[0m[ INFO] [1746504394.721720252]: error_y: 0.000000[0m
[0m[ INFO] [1746504394.721781596]: integral_error_y: 0.000000[0m
[0m[ INFO] [1746504394.721819773]: w: 0.000000[0m
[0m[ INFO] [1746504394.721861789]: Publishing motor command - Left: 250.000000, Right: 250.000000[0m
[0m[ INFO] [1746504394.823869061]: Target - x: 60.000000, y: 0.000000, phi: 0.000000[0m
[0m[ INFO] [1746504394.824194409]: Current - x: 0.000000, y: 0.000000, phi: 45.000000[0m
[0m[ INFO] [1746504394.824415052]: Error - x: 60.000000, y: 0.000000[0m
[0m[ INFO] [1746504394.824532589]: error_y: 0.000000[0m
[0m[ INFO] [1746504394.825645690]: integral_error_y: 0.000000[0m
[0m[ INFO] [1746504394.825784379]: w: 0.000000[0m
[0m[ INFO] [1746504394.825862652]: Publishing motor command - Left: 500.000000, Right: 500.000000[0m
[0m[ INFO] [1746504394.922031298]: Target - x: 90.000000, y: 0.000000, phi: 0.000000[0m
[0m[ INFO] [1746504394.922233476]: Current - x: 0.000000, y: 0.000000, phi: 45.000000[0m
[0m[ INFO] [1746504394.922379462]: Error - x: 90.000000, y: 0.000000[0m
[0m[ INFO] [1746504394.922661769]: error_y: 0.000000[0m
[0m[ INFO] [1746504394.922723562]: integral_error_y: 0.000000[0m
[0m[ INFO] [1746504394.924319388]: w: 0.000000[0m
[0m[ INFO] [1746504394.924527486]: Publishing motor command - Left: 750.000000, Right: 750.000000[0m
[0m[ INFO] [1746504395.021548462]: Target - x: 120.000000, y: 0.000000, phi: 0.000000[0m
[0m[ INFO] [1746504395.021658415]: Current - x: 0.000000, y: 0.000000, phi: 45.000000[0m
[0m[ INFO] [1746504395.021700527]: Error - x: 120.000000, y: 0.000000[0m
[0m[ INFO] [1746504395.021736080]: error_y: 0.000000[0m
[0m[ INFO] [1746504395.021768912]: integral_error_y: 0.000000[0m
[0m[ INFO] [1746504395.021799952]: w: 0.000000[0m
[0m[ INFO] [1746504395.021834257]: Publishing motor command - Left: 1000.000000, Right: 1000.000000[0m
[0m[ INFO] [1746504395.128546574]: Target - x: 150.000000, y: 0.000000, phi: 0.000000[0m
[0m[ INFO] [1746504395.129759292]: Current - x: 0.000000, y: 0.000000, phi: 45.000000[0m
[0m[ INFO] [1746504395.129984159]: Error - x: 150.000000, y: 0.000000[0m
[0m[ INFO] [1746504395.130059199]: error_y: 0.000000[0m
[0m[ INFO] [1746504395.130278850]: integral_error_y: 0.000000[0m
[0m[ INFO] [1746504395.130395363]: w: 0.000000[0m
[0m[ INFO] [1746504395.130447236]: Publishing motor command - Left: 1250.000000, Right: 1250.000000[0m
[0m[ INFO] [1746504395.221355726]: Target - x: 180.000000, y: 0.000000, phi: 0.000000[0m
[0m[ INFO] [1746504395.221495439]: Current - x: 0.571782, y: 0.567513, phi: 44.570625[0m
[0m[ INFO] [1746504395.221560144]: Error - x: 179.428223, y: -0.567513[0m
[0m[ INFO] [1746504395.221662897]: error_y: -0.567513[0m
[0m[ INFO] [1746504395.221716146]: integral_error_y: -0.056751[0m
[0m[ INFO] [1746504395.221768626]: w: -7.099583[0m
[0m[ INFO] [1746504395.221822483]: Publishing motor command - Left: 1497.001831, Right: 1493.468628[0m
[0m[ INFO] [1746504395.322300618]: Target - x: 210.000000, y: 0.000000, phi: 0.000000[0m
[0m[ INFO] [1746504395.322483084]: Current - x: 1.285051, y: 1.276777, phi: 44.247993[0m
[0m[ INFO] [1746504395.322608909]: Error - x: 208.714951, y: -1.276777[0m
[0m[ INFO] [1746504395.322667918]: error_y: -1.276777[0m
[0m[ INFO] [1746504395.322720110]: integral_error_y: -0.184429[0m
[0m[ INFO] [1746504395.322803951]: w: -14.559371[0m
[0m[ INFO] [1746504395.322863312]: Publishing motor command - Left: 1742.914185, Right: 1735.668091[0m
[0m[ INFO] [1746504395.421137581]: Target - x: 240.000000, y: 0.000000, phi: 0.000000[0m
[0m[ INFO] [1746504395.421268143]: Current - x: 3.002014, y: 2.968091, phi: 44.244400[0m
[0m[ INFO] [1746504395.421350352]: Error - x: 236.997986, y: -2.968091[0m
[0m[ INFO] [1746504395.421388208]: error_y: -2.968091[0m
[0m[ INFO] [1746504395.421462193]: integral_error_y: -0.481238[0m
[0m[ INFO] [1746504395.421500370]: w: -33.957317[0m
[0m[ INFO] [1746504395.421537426]: Publishing motor command - Left: 1983.433228, Right: 1966.533203[0m
[0m[ INFO] [1746504395.521110046]: Target - x: 270.000000, y: 0.000000, phi: 0.000000[0m
[0m[ INFO] [1746504395.521285568]: Current - x: 6.742809, y: 6.611462, phi: 44.236614[0m
[0m[ INFO] [1746504395.521402594]: Error - x: 263.257202, y: -6.611462[0m
[0m[ INFO] [1746504395.521460386]: error_y: -6.611462[0m
[0m[ INFO] [1746504395.521510947]: integral_error_y: -1.142384[0m
[0m[ INFO] [1746504395.521560675]: w: -75.337288[0m
[0m[ INFO] [1746504395.521615844]: Publishing motor command - Left: 2212.557129, Right: 2175.062988[0m
[0m[ INFO] [1746504395.625350080]: Target - x: 300.000000, y: 0.000000, phi: 0.000000[0m
[0m[ INFO] [1746504395.625828421]: Current - x: 13.074063, y: 12.776473, phi: 44.223442[0m
[0m[ INFO] [1746504395.625938918]: Error - x: 286.925934, y: -12.776473[0m
[0m[ INFO] [1746504395.626468748]: error_y: -12.776473[0m
[0m[ INFO] [1746504395.626539245]: integral_error_y: -2.420032[0m
[0m[ INFO] [1746504395.626584974]: w: -143.419266[0m
[0m[ INFO] [1746504395.626633134]: Publishing motor command - Left: 2426.738281, Right: 2355.360596[0m
[0m[ INFO] [1746504395.731345877]: Target - x: 330.000000, y: 0.000000, phi: 0.000000[0m
[0m[ INFO] [1746504395.731808762]: Current - x: 20.543169, y: 20.074404, phi: 44.421963[0m
[0m[ INFO] [1746504395.731944668]: Error - x: 309.456818, y: -20.074404[0m
[0m[ INFO] [1746504395.731983708]: error_y: -20.074404[0m
[0m[ INFO] [1746504395.732031133]: integral_error_y: -4.427472[0m
[0m[ INFO] [1746504395.732063645]: w: -219.431610[0m
[0m[ INFO] [1746504395.732098429]: Publishing motor command - Left: 2633.410889, Right: 2524.202881[0m
[0m[ INFO] [1746504395.821818106]: Target - x: 360.000000, y: 0.000000, phi: 0.000000[0m
[0m[ INFO] [1746504395.821941083]: Current - x: 29.163605, y: 28.493055, phi: 44.618088[0m
[0m[ INFO] [1746504395.822059740]: Error - x: 330.836395, y: -28.493055[0m
[0m[ INFO] [1746504395.822183230]: error_y: -28.493055[0m
[0m[ INFO] [1746504395.822258239]: integral_error_y: -7.276778[0m
[0m[ INFO] [1746504395.822308831]: w: -306.704865[0m
[0m[ INFO] [1746504395.822359872]: Publishing motor command - Left: 2833.291260, Right: 2680.648682[0m
[0m[ INFO] [1746504395.923593983]: Target - x: 390.000000, y: 0.000000, phi: 0.000000[0m
[0m[ INFO] [1746504395.924760460]: Current - x: 39.053322, y: 38.199837, phi: 44.704475[0m
[0m[ INFO] [1746504395.925086384]: Error - x: 350.946686, y: -38.199837[0m
[0m[ INFO] [1746504395.925245938]: error_y: -38.199837[0m
[0m[ INFO] [1746504395.925352435]: integral_error_y: -11.096762[0m
[0m[ INFO] [1746504395.925424692]: w: -407.375000[0m
[0m[ INFO] [1746504395.925530101]: Publishing motor command - Left: 3025.927979, Right: 2823.183350[0m
[0m[ INFO] [1746504396.021610426]: Target - x: 420.000000, y: 0.000000, phi: 0.000000[0m
[0m[ INFO] [1746504396.021721627]: Current - x: 50.073895, y: 49.049793, phi: 44.574379[0m
[0m[ INFO] [1746504396.021774331]: Error - x: 369.926117, y: -49.049793[0m
[0m[ INFO] [1746504396.021846780]: error_y: -49.049793[0m
[0m[ INFO] [1746504396.021967998]: integral_error_y: -16.001741[0m
[0m[ INFO] [1746504396.022051519]: w: -519.222961[0m
[0m[ INFO] [1746504396.022205088]: Publishing motor command - Left: 3211.922607, Right: 2953.512939[0m
[0m[ INFO] [1746504396.125552023]: Target - x: 450.000000, y: 0.000000, phi: 0.000000[0m
[0m[ INFO] [1746504396.125678969]: Current - x: 62.221596, y: 61.045052, phi: 44.441883[0m
[0m[ INFO] [1746504396.125747546]: Error - x: 387.778412, y: -61.045052[0m
[0m[ INFO] [1746504396.125799898]: error_y: -61.045052[0m
[0m[ INFO] [1746504396.125835355]: integral_error_y: -22.106247[0m
[0m[ INFO] [1746504396.125880763]: w: -642.649292[0m
[0m[ INFO] [1746504396.125928636]: Publishing motor command - Left: 3391.405273, Right: 3071.568115[0m
[0m[ INFO] [1746504396.229034896]: Target - x: 480.000000, y: 0.000000, phi: 0.000000[0m
[0m[ INFO] [1746504396.229351828]: Current - x: 75.386841, y: 74.009903, phi: 44.414341[0m
[0m[ INFO] [1746504396.229504149]: Error - x: 404.613159, y: -74.009903[0m
[0m[ INFO] [1746504396.229594102]: error_y: -74.009903[0m
[0m[ INFO] [1746504396.229680471]: integral_error_y: -29.507236[0m
[0m[ INFO] [1746504396.229736376]: w: -775.461853[0m
[0m[ INFO] [1746504396.229781593]: Publishing motor command - Left: 3564.744385, Right: 3178.808350[0m
[0m[ INFO] [1746504396.327154124]: Target - x: 510.000000, y: 0.000000, phi: 0.000000[0m
[0m[ INFO] [1746504396.327246605]: Current - x: 89.914139, y: 88.169785, phi: 44.062969[0m
[0m[ INFO] [1746504396.327286925]: Error - x: 420.085876, y: -88.169785[0m
[0m[ INFO] [1746504396.327322766]: error_y: -88.169785[0m
[0m[ INFO] [1746504396.327370766]: integral_error_y: -38.324215[0m
[0m[ INFO] [1746504396.327438991]: w: -920.929993[0m
[0m[ INFO] [1746504396.327558928]: Publishing motor command - Left: 3729.882080, Right: 3271.548828[0m
[0m[ INFO] [1746504396.430371553]: Target - x: 540.000000, y: 0.000000, phi: 0.000000[0m
[0m[ INFO] [1746504396.430698213]: Current - x: 105.570320, y: 103.471764, phi: 43.923290[0m
[0m[ INFO] [1746504396.430842151]: Error - x: 434.429688, y: -103.471764[0m
[0m[ INFO] [1746504396.432878878]: error_y: -103.471764[0m
[0m[ INFO] [1746504396.434637170]: integral_error_y: -48.671391[0m
[0m[ INFO] [1746504396.434992054]: w: -1077.839844[0m
[0m[ INFO] [1746504396.435230073]: Publishing motor command - Left: 3888.459961, Right: 3352.034912[0m
[0m[ INFO] [1746504396.530390547]: Target - x: 570.000000, y: 0.000000, phi: 0.000000[0m
[0m[ INFO] [1746504396.530732982]: Current - x: 121.928398, y: 119.205513, phi: 43.568325[0m
[0m[ INFO] [1746504396.530847128]: Error - x: 448.071594, y: -119.205513[0m
[0m[ INFO] [1746504396.531723746]: error_y: -119.205513[0m
[0m[ INFO] [1746504396.531828739]: integral_error_y: -60.591942[0m
[0m[ INFO] [1746504396.532123814]: w: -1237.448730[0m
[0m[ INFO] [1746504396.532264296]: Publishing motor command - Left: 4041.860107, Right: 3426.000000[0m
[0m[ INFO] [1746504396.621735169]: Target - x: 600.000000, y: 0.000000, phi: 0.000000[0m
[0m[ INFO] [1746504396.621859203]: Current - x: 140.132782, y: 136.498901, phi: 42.781586[0m
[0m[ INFO] [1746504396.621911651]: Error - x: 459.867218, y: -136.498901[0m
[0m[ INFO] [1746504396.621981028]: error_y: -136.498901[0m
[0m[ INFO] [1746504396.622049509]: integral_error_y: -74.241829[0m
[0m[ INFO] [1746504396.622094725]: w: -1415.646729[0m
[0m[ INFO] [1746504396.622300936]: Publishing motor command - Left: 4184.500000, Right: 3479.953857[0m
[0m[ INFO] [1746504396.722896351]: Target - x: 630.000000, y: 0.000000, phi: 0.000000[0m
[0m[ INFO] [1746504396.723024961]: Current - x: 159.486893, y: 154.623077, phi: 41.885708[0m
[0m[ INFO] [1746504396.723220835]: Error - x: 470.513123, y: -154.623077[0m
[0m[ INFO] [1746504396.723317476]: error_y: -154.623077[0m
[0m[ INFO] [1746504396.723376037]: integral_error_y: -89.704140[0m
[0m[ INFO] [1746504396.723426789]: w: -1600.511597[0m
[0m[ INFO] [1746504396.723481478]: Publishing motor command - Left: 4319.218262, Right: 3522.667236[0m
[0m[ INFO] [1746504396.828740403]: Target - x: 660.000000, y: 0.000000, phi: 0.000000[0m
[0m[ INFO] [1746504396.829038710]: Current - x: 179.777359, y: 173.211624, phi: 41.309471[0m
[0m[ INFO] [1746504396.829276249]: Error - x: 480.222656, y: -173.211624[0m
[0m[ INFO] [1746504396.829348538]: error_y: -173.211624[0m
[0m[ INFO] [1746504396.829393178]: integral_error_y: -100.000000[0m
[0m[ INFO] [1746504396.829435003]: w: -1788.587524[0m
[0m[ INFO] [1746504396.829486587]: Publishing motor command - Left: 4446.932129, Right: 3556.778564[0m
[0m[ INFO] [1746504396.928529537]: Target - x: 690.000000, y: 0.000000, phi: 0.000000[0m
[0m[ INFO] [1746504396.928822405]: Current - x: 201.028748, y: 191.935974, phi: 40.303852[0m
[0m[ INFO] [1746504396.928889414]: Error - x: 488.971252, y: -191.935974[0m
[0m[ INFO] [1746504396.928954822]: error_y: -191.935974[0m
[0m[ INFO] [1746504396.928997319]: integral_error_y: -100.000000[0m
[0m[ INFO] [1746504396.929038503]: w: -1976.170654[0m
[0m[ INFO] [1746504396.929182345]: Publishing motor command - Left: 4566.516113, Right: 3583.004883[0m
[0m[ INFO] [1746504397.029215034]: Target - x: 720.000000, y: 0.000000, phi: 0.000000[0m
[0m[ INFO] [1746504397.029501662]: Current - x: 223.209396, y: 211.121979, phi: 39.403782[0m
[0m[ INFO] [1746504397.029689824]: Error - x: 496.790588, y: -211.121979[0m
[0m[ INFO] [1746504397.029877410]: error_y: -211.121979[0m
[0m[ INFO] [1746504397.029931522]: integral_error_y: -100.000000[0m
[0m[ INFO] [1746504397.029973059]: w: -2169.184814[0m
[0m[ INFO] [1746504397.030019171]: Publishing motor command - Left: 4679.707031, Right: 3600.135986[0m
[0m[ INFO] [1746504397.128756550]: Target - x: 750.000000, y: 0.000000, phi: 0.000000[0m
[0m[ INFO] [1746504397.128872839]: Current - x: 246.550186, y: 230.494720, phi: 38.181084[0m
[0m[ INFO] [1746504397.128911624]: Error - x: 503.449829, y: -230.494720[0m
[0m[ INFO] [1746504397.128967720]: error_y: -230.494720[0m
[0m[ INFO] [1746504397.129000169]: integral_error_y: -100.000000[0m
[0m[ INFO] [1746504397.129028937]: w: -2363.379150[0m
[0m[ INFO] [1746504397.129274092]: Publishing motor command - Left: 4783.524902, Right: 3607.305908[0m
[0m[ INFO] [1746504397.224232035]: Target - x: 780.000000, y: 0.000000, phi: 0.000000[0m
[0m[ INFO] [1746504397.224706537]: Current - x: 271.934387, y: 250.858429, phi: 36.848045[0m
[0m[ INFO] [1746504397.224920875]: Error - x: 508.065613, y: -250.858429[0m
[0m[ INFO] [1746504397.224996524]: error_y: -250.858429[0m
[0m[ INFO] [1746504397.225057389]: integral_error_y: -100.000000[0m
[0m[ INFO] [1746504397.225111341]: w: -2569.493408[0m
[0m[ INFO] [1746504397.225201390]: Publishing motor command - Left: 4873.279785, Right: 3594.480713[0m
[0m[ INFO] [1746504397.324921820]: Target - x: 810.000000, y: 0.000000, phi: 0.000000[0m
[0m[ INFO] [1746504397.325358657]: Current - x: 298.423584, y: 271.115997, phi: 35.299721[0m
[0m[ INFO] [1746504397.325558371]: Error - x: 511.576416, y: -271.115997[0m
[0m[ INFO] [1746504397.325629316]: error_y: -271.115997[0m
[0m[ INFO] [1746504397.325681925]: integral_error_y: -100.000000[0m
[0m[ INFO] [1746504397.325718981]: w: -2771.803711[0m
[0m[ INFO] [1746504397.325773318]: Publishing motor command - Left: 4952.879395, Right: 3573.393799[0m
[0m[ INFO] [1746504397.421479910]: Target - x: 840.000000, y: 0.000000, phi: 0.000000[0m
[0m[ INFO] [1746504397.421639208]: Current - x: 324.981750, y: 290.275116, phi: 33.217072[0m
[0m[ INFO] [1746504397.421695208]: Error - x: 515.018250, y: -290.275116[0m
[0m[ INFO] [1746504397.421809130]: error_y: -290.275116[0m
[0m[ INFO] [1746504397.421866282]: integral_error_y: -100.000000[0m
[0m[ INFO] [1746504397.421911691]: w: -2960.648926[0m
[0m[ INFO] [1746504397.422001484]: Publishing motor command - Left: 5028.554199, Right: 3555.083008[0m
[0m[ INFO] [1746504397.528512519]: Target - x: 870.000000, y: 0.000000, phi: 0.000000[0m
[0m[ INFO] [1746504397.528823498]: Current - x: 353.413300, y: 309.561035, phi: 30.917936[0m
[0m[ INFO] [1746504397.528961996]: Error - x: 516.586670, y: -309.561035[0m
[0m[ INFO] [1746504397.529143822]: error_y: -309.561035[0m
[0m[ INFO] [1746504397.529355248]: integral_error_y: -100.000000[0m
[0m[ INFO] [1746504397.529460050]: w: -3153.825195[0m
[0m[ INFO] [1746504397.529538738]: Publishing motor command - Left: 5089.695312, Right: 3520.082764[0m
[0m[ INFO] [1746504397.627016071]: Target - x: 900.000000, y: 0.000000, phi: 0.000000[0m
[0m[ INFO] [1746504397.627412267]: Current - x: 383.360168, y: 328.361420, phi: 28.724350[0m
[0m[ INFO] [1746504397.628674010]: Error - x: 516.639832, y: -328.361420[0m
[0m[ INFO] [1746504397.628946717]: error_y: -328.361420[0m
[0m[ INFO] [1746504397.629043838]: integral_error_y: -100.000000[0m
[0m[ INFO] [1746504397.629094046]: w: -3340.615234[0m
[0m[ INFO] [1746504397.629159551]: Publishing motor command - Left: 5136.619629, Right: 3474.044678[0m
[0m[ INFO] [1746504397.729715094]: Target - x: 930.000000, y: 0.000000, phi: 0.000000[0m
[0m[ INFO] [1746504397.730902564]: Current - x: 415.152527, y: 346.426544, phi: 26.100786[0m
[0m[ INFO] [1746504397.731236392]: Error - x: 514.847473, y: -346.426544[0m
[0m[ INFO] [1746504397.731406346]: error_y: -346.426544[0m
[0m[ INFO] [1746504397.731543275]: integral_error_y: -100.000000[0m
[0m[ INFO] [1746504397.731620844]: w: -3519.428223[0m
[0m[ INFO] [1746504397.731687661]: Publishing motor command - Left: 5166.179199, Right: 3414.612061[0m
[0m[ INFO] [1746504397.821633867]: Target - x: 960.000000, y: 0.000000, phi: 0.000000[0m
[0m[ INFO] [1746504397.821835438]: Current - x: 448.293213, y: 363.692474, phi: 23.690117[0m
[0m[ INFO] [1746504397.821920175]: Error - x: 511.706787, y: -363.692474[0m
[0m[ INFO] [1746504397.821959983]: error_y: -363.692474[0m
[0m[ INFO] [1746504397.822026128]: integral_error_y: -100.000000[0m
[0m[ INFO] [1746504397.822075376]: w: -3690.089600[0m
[0m[ INFO] [1746504397.822193458]: Publishing motor command - Left: 5182.475098, Right: 3345.971680[0m
[0m[ INFO] [1746504397.921967680]: Target - x: 990.000000, y: 0.000000, phi: 0.000000[0m
[0m[ INFO] [1746504397.925617322]: Current - x: 480.986877, y: 378.680725, phi: 20.746319[0m
[0m[ INFO] [1746504397.925874892]: Error - x: 509.013123, y: -378.680725[0m
[0m[ INFO] [1746504397.926681878]: error_y: -378.680725[0m
[0m[ INFO] [1746504397.926826391]: integral_error_y: -100.000000[0m
[0m[ INFO] [1746504397.926942233]: w: -3834.277832[0m
[0m[ INFO] [1746504397.927141627]: Publishing motor command - Left: 5195.907715, Right: 3287.644287[0m
[0m[ INFO] [1746504398.021468235]: Target - x: 1020.000000, y: 0.000000, phi: 0.000000[0m
[0m[ INFO] [1746504398.021560940]: Current - x: 515.425049, y: 392.671814, phi: 17.586636[0m
[0m[ INFO] [1746504398.021634317]: Error - x: 504.574951, y: -392.671814[0m
[0m[ INFO] [1746504398.021707758]: error_y: -392.671814[0m
[0m[ INFO] [1746504398.021771311]: integral_error_y: -100.000000[0m
[0m[ INFO] [1746504398.021806447]: w: -3971.696045[0m
[0m[ INFO] [1746504398.021842799]: Publishing motor command - Left: 5193.118652, Right: 3216.464111[0m
[0m[ INFO] [1746504398.121949057]: Target - x: 1020.000000, y: 0.000000, phi: 0.000000[0m
[0m[ INFO] [1746504398.122071683]: Current - x: 550.939880, y: 404.941559, phi: 14.212263[0m
[0m[ INFO] [1746504398.122242245]: Error - x: 469.060120, y: -404.941559[0m
[0m[ INFO] [1746504398.122373126]: Publishing motor command - Left: 1096.351196, Right: -1096.351196[0m
[0m[ INFO] [1746504398.221528653]: Target - x: 1020.000000, y: 0.000000, phi: 0.000000[0m
[0m[ INFO] [1746504398.221651375]: Current - x: 587.280334, y: 415.256256, phi: 10.730547[0m
[0m[ INFO] [1746504398.221695023]: Error - x: 432.719666, y: -415.256256[0m
[0m[ INFO] [1746504398.221785200]: Publishing motor command - Left: -56.386791, Right: 56.386791[0m
[0m[ INFO] [1746504398.325298281]: Target - x: 1020.000000, y: 0.000000, phi: 0.000000[0m
[0m[ INFO] [1746504398.325620845]: Current - x: 594.200439, y: 415.731750, phi: -9.832212[0m
[0m[ INFO] [1746504398.325796751]: Error - x: 425.799561, y: -415.731750[0m
[0m[ INFO] [1746504398.325929136]: Publishing motor command - Left: -1426.023071, Right: 1426.023071[0m
[0m[ INFO] [1746504398.421695889]: Target - x: 1020.000000, y: 0.000000, phi: 0.000000[0m
[0m[ INFO] [1746504398.421815186]: Current - x: 586.752563, y: 413.005798, phi: 8.912285[0m
[0m[ INFO] [1746504398.421876435]: Error - x: 433.247437, y: -413.005798[0m
[0m[ INFO] [1746504398.421948756]: Publishing motor command - Left: 1299.172729, Right: -1299.172729[0m
[0m[ INFO] [1746504398.521693762]: Target - x: 1020.000000, y: 0.000000, phi: 0.000000[0m
[0m[ INFO] [1746504398.521858596]: Current - x: 612.550537, y: 407.751984, phi: 5.554679[0m
[0m[ INFO] [1746504398.521934884]: Error - x: 407.449463, y: -407.751984[0m
[0m[ INFO] [1746504398.522022757]: Publishing motor command - Left: -125.944397, Right: 125.944397[0m
[0m[ INFO] [1746504398.630304564]: Target - x: 1020.000000, y: 0.000000, phi: 0.000000[0m
[0m[ INFO] [1746504398.630704441]: Current - x: 631.820801, y: 410.639893, phi: 4.776325[0m
[0m[ INFO] [1746504398.630970812]: Error - x: 388.179199, y: -410.639893[0m
[0m[ INFO] [1746504398.631147902]: Publishing motor command - Left: 22.891268, Right: -22.891268[0m
[0m[ INFO] [1746504398.727341284]: Target - x: 1020.000000, y: 0.000000, phi: 0.000000[0m
[0m[ INFO] [1746504398.727824201]: Current - x: 646.826477, y: 411.997284, phi: 4.004558[0m
[0m[ INFO] [1746504398.727915786]: Error - x: 373.173523, y: -411.997284[0m
[0m[ INFO] [1746504398.728002795]: Publishing motor command - Left: 11.778136, Right: -11.778136[0m
[0m[ INFO] [1746504398.828406720]: Target - x: 1020.000000, y: 0.000000, phi: 0.000000[0m
[0m[ INFO] [1746504398.828746084]: Current - x: 657.458862, y: 412.694427, phi: 1.954841[0m
[0m[ INFO] [1746504398.828856294]: Error - x: 362.541138, y: -412.694427[0m
[0m[ INFO] [1746504398.828930694]: Publishing motor command - Left: -98.327385, Right: 98.327385[0m
[0m[ INFO] [1746504398.928565139]: Target - x: 1020.000000, y: 0.000000, phi: 0.000000[0m
[0m[ INFO] [1746504398.928883191]: Current - x: 666.889954, y: 413.238525, phi: 0.549188[0m
[0m[ INFO] [1746504398.932011610]: Error - x: 353.110046, y: -413.238525[0m
[0m[ INFO] [1746504398.932160572]: Publishing motor command - Left: -79.246857, Right: 79.246857[0m
[0m[ INFO] [1746504399.031989099]: Target - x: 1020.000000, y: 0.000000, phi: 0.000000[0m
[0m[ INFO] [1746504399.032340815]: Current - x: 676.734558, y: 413.472015, phi: -0.642973[0m
[0m[ INFO] [1746504399.032420848]: Error - x: 343.265442, y: -413.472015[0m
[0m[ INFO] [1746504399.032516593]: Publishing motor command - Left: -83.765114, Right: 83.765114[0m
[0m[ INFO] [1746504399.215323663]: Target - x: 1020.000000, y: 0.000000, phi: 0.000000[0m
[0m[ INFO] [1746504399.215425104]: Current - x: 688.186340, y: 413.505188, phi: -1.409352[0m
[0m[ INFO] [1746504399.215504561]: Error - x: 331.813660, y: -413.505188[0m
[0m[ INFO] [1746504399.215570065]: Publishing motor command - Left: -68.719307, Right: 68.719307[0m
[0m[ INFO] [1746504399.222356863]: Target - x: 1020.000000, y: 0.000000, phi: 0.000000[0m
[0m[ INFO] [1746504399.222501664]: Current - x: 699.634766, y: 413.342926, phi: -1.747551[0m
[0m[ INFO] [1746504399.222551425]: Error - x: 320.365234, y: -413.342926[0m
[0m[ INFO] [1746504399.222599969]: Publishing motor command - Left: -47.131504, Right: 47.131504[0m
[0m[ INFO] [1746504399.321566438]: Target - x: 1020.000000, y: 0.000000, phi: 0.000000[0m
[0m[ INFO] [1746504399.321667335]: Current - x: 710.477417, y: 413.054352, phi: -1.977808[0m
[0m[ INFO] [1746504399.321740104]: Error - x: 309.522583, y: -413.054352[0m
[0m[ INFO] [1746504399.321808617]: Publishing motor command - Left: -43.854191, Right: 43.854191[0m
[0m[ INFO] [1746504399.421450582]: Target - x: 1020.000000, y: 0.000000, phi: 0.000000[0m
[0m[ INFO] [1746504399.421599095]: Current - x: 720.515259, y: 412.728027, phi: -2.206867[0m
[0m[ INFO] [1746504399.421687544]: Error - x: 299.484741, y: -412.728027[0m
[0m[ INFO] [1746504399.421731481]: Publishing motor command - Left: -47.199665, Right: 47.199665[0m
[0m[ INFO] [1746504399.524447848]: Target - x: 1020.000000, y: 0.000000, phi: 0.000000[0m
[0m[ INFO] [1746504399.524568874]: Current - x: 729.949829, y: 412.374573, phi: -2.542072[0m
[0m[ INFO] [1746504399.524629834]: Error - x: 290.050171, y: -412.374573[0m
[0m[ INFO] [1746504399.524724043]: Publishing motor command - Left: -58.807892, Right: 58.807892[0m
[0m[ INFO] [1746504399.628623016]: Target - x: 1020.000000, y: 0.000000, phi: 0.000000[0m
[0m[ INFO] [1746504399.629049325]: Current - x: 738.981567, y: 412.000122, phi: -2.876679[0m
[0m[ INFO] [1746504399.629193039]: Error - x: 281.018433, y: -412.000122[0m
[0m[ INFO] [1746504399.629310448]: Publishing motor command - Left: -63.766514, Right: 63.766514[0m
[0m[ INFO] [1746504399.726665155]: Target - x: 1020.000000, y: 0.000000, phi: 0.000000[0m
[0m[ INFO] [1746504399.726805348]: Current - x: 747.208496, y: 411.610901, phi: -3.210088[0m
[0m[ INFO] [1746504399.726847973]: Error - x: 272.791504, y: -411.610901[0m
[0m[ INFO] [1746504399.726886821]: Publishing motor command - Left: -68.670013, Right: 68.670013[0m
[0m[ INFO] [1746504399.828439464]: Target - x: 1020.000000, y: 0.000000, phi: 0.000000[0m
[0m[ INFO] [1746504399.828745771]: Current - x: 755.031555, y: 411.209656, phi: -3.328809[0m
[0m[ INFO] [1746504399.828828940]: Error - x: 264.968445, y: -411.209656[0m
[0m[ INFO] [1746504399.828896973]: Publishing motor command - Left: -57.086685, Right: 57.086685[0m
[0m[ INFO] [1746504399.924369354]: Target - x: 1020.000000, y: 0.000000, phi: 0.000000[0m
[0m[ INFO] [1746504399.924536908]: Current - x: 762.852112, y: 410.762909, phi: -3.447530[0m
[0m[ INFO] [1746504399.924621517]: Error - x: 257.147888, y: -410.762909[0m
[0m[ INFO] [1746504399.924683758]: Publishing motor command - Left: -58.859257, Right: 58.859257[0m
[0m[ INFO] [1746504400.021521562]: Target - x: 1020.000000, y: 0.000000, phi: 0.000000[0m
[0m[ INFO] [1746504400.021633724]: Current - x: 770.270813, y: 410.323730, phi: -3.565652[0m
[0m[ INFO] [1746504400.021891999]: Error - x: 249.729187, y: -410.323730[0m
[0m[ INFO] [1746504400.021949087]: Publishing motor command - Left: -60.585629, Right: 60.585629[0m
[0m[ INFO] [1746504400.128896255]: Target - x: 1020.000000, y: 0.000000, phi: 0.000000[0m
[0m[ INFO] [1746504400.129067201]: Current - x: 776.886719, y: 409.918396, phi: -3.682577[0m
[0m[ INFO] [1746504400.129137826]: Error - x: 243.113281, y: -409.918396[0m
[0m[ INFO] [1746504400.129344516]: Publishing motor command - Left: -62.256893, Right: 62.256893[0m
[0m[ INFO] [1746504400.228665005]: Target - x: 1020.000000, y: 0.000000, phi: 0.000000[0m
[0m[ INFO] [1746504400.228977680]: Current - x: 783.501709, y: 409.499420, phi: -3.799501[0m
[0m[ INFO] [1746504400.229083985]: Error - x: 236.498291, y: -409.499420[0m
[0m[ INFO] [1746504400.229320244]: Publishing motor command - Left: -64.002632, Right: 64.002632[0m
[0m[ INFO] [1746504400.328548028]: Target - x: 1020.000000, y: 0.000000, phi: 0.000000[0m
[0m[ INFO] [1746504400.328843711]: Current - x: 789.715088, y: 409.093170, phi: -3.915827[0m
[0m[ INFO] [1746504400.328967233]: Error - x: 230.284912, y: -409.093170[0m
[0m[ INFO] [1746504400.329040482]: Publishing motor command - Left: -65.702187, Right: 65.702187[0m
[0m[ INFO] [1746504400.421745183]: Target - x: 1020.000000, y: 0.000000, phi: 0.000000[0m
[0m[ INFO] [1746504400.421893729]: Current - x: 795.727356, y: 408.682129, phi: -4.138898[0m
[0m[ INFO] [1746504400.421968418]: Error - x: 224.272644, y: -408.682129[0m
[0m[ INFO] [1746504400.422062691]: Publishing motor command - Left: -75.673454, Right: 75.673454[0m
[0m[ INFO] [1746504400.523254305]: Target - x: 1020.000000, y: 0.000000, phi: 0.000000[0m
[0m[ INFO] [1746504400.523728998]: Current - x: 801.337341, y: 408.308258, phi: -3.933192[0m
[0m[ INFO] [1746504400.523832423]: Error - x: 218.662659, y: -408.308258[0m
[0m[ INFO] [1746504400.523928105]: Publishing motor command - Left: -45.927639, Right: 45.927639[0m
[0m[ INFO] [1746504400.626327828]: Target - x: 1020.000000, y: 0.000000, phi: 0.000000[0m
[0m[ INFO] [1746504400.626424502]: Current - x: 806.545959, y: 407.921204, phi: -4.155066[0m
[0m[ INFO] [1746504400.626466486]: Error - x: 213.454041, y: -407.921204[0m
[0m[ INFO] [1746504400.626561815]: Publishing motor command - Left: -75.840324, Right: 75.840324[0m
[0m[ INFO] [1746504400.728594847]: Target - x: 1020.000000, y: 0.000000, phi: 0.000000[0m
[0m[ INFO] [1746504400.728983523]: Current - x: 811.554871, y: 407.581177, phi: -4.055506[0m
[0m[ INFO] [1746504400.729121925]: Error - x: 208.445129, y: -407.581177[0m
[0m[ INFO] [1746504400.729212518]: Publishing motor command - Left: -54.357281, Right: 54.357281[0m
[0m[ INFO] [1746504400.827786054]: Target - x: 1020.000000, y: 0.000000, phi: 0.000000[0m
[0m[ INFO] [1746504400.828270220]: Current - x: 816.562866, y: 407.212341, phi: -4.170035[0m
[0m[ INFO] [1746504400.828413741]: Error - x: 203.437134, y: -407.212341[0m
[0m[ INFO] [1746504400.828490734]: Publishing motor command - Left: -69.385918, Right: 69.385918[0m
[0m[ INFO] [1746504400.928403390]: Target - x: 1020.000000, y: 0.000000, phi: 0.000000[0m
[0m[ INFO] [1746504400.928812962]: Current - x: 820.769653, y: 406.917786, phi: -4.069278[0m
[0m[ INFO] [1746504400.928896131]: Error - x: 199.230347, y: -406.917786[0m
[0m[ INFO] [1746504400.928987588]: Publishing motor command - Left: -54.488384, Right: 54.488384[0m
[0m[ INFO] [1746504401.022967536]: Target - x: 1020.000000, y: 0.000000, phi: 0.000000[0m
[0m[ INFO] [1746504401.023306548]: Current - x: 825.176453, y: 406.596252, phi: -4.075864[0m
[0m[ INFO] [1746504401.023395957]: Error - x: 194.823547, y: -406.596252[0m
[0m[ INFO] [1746504401.023491638]: Publishing motor command - Left: -61.264679, Right: 61.264679[0m
[0m[ INFO] [1746504401.128296765]: Target - x: 1020.000000, y: 0.000000, phi: 0.000000[0m
[0m[ INFO] [1746504401.128672098]: Current - x: 829.383728, y: 406.292755, phi: -4.189197[0m
[0m[ INFO] [1746504401.128839812]: Error - x: 190.616272, y: -406.292755[0m
[0m[ INFO] [1746504401.133387191]: Publishing motor command - Left: -69.597511, Right: 69.597511[0m
[0m[ INFO] [1746504401.222040423]: Target - x: 1020.000000, y: 0.000000, phi: 0.000000[0m
[0m[ INFO] [1746504401.222223657]: Current - x: 833.590393, y: 405.996704, phi: -4.088439[0m
[0m[ INFO] [1746504401.222717422]: Error - x: 186.409607, y: -405.996704[0m
[0m[ INFO] [1746504401.222814032]: Publishing motor command - Left: -54.774475, Right: 54.774475[0m
[0m[ INFO] [1746504401.330478647]: Target - x: 1020.000000, y: 0.000000, phi: 0.000000[0m
[0m[ INFO] [1746504401.330794907]: Current - x: 837.195862, y: 405.732452, phi: -4.093828[0m
[0m[ INFO] [1746504401.330866844]: Error - x: 182.804138, y: -405.732452[0m
[0m[ INFO] [1746504401.330948636]: Publishing motor command - Left: -61.458405, Right: 61.458405[0m
[0m[ INFO] [1746504401.429847552]: Target - x: 1020.000000, y: 0.000000, phi: 0.000000[0m
[0m[ INFO] [1746504401.430486024]: Current - x: 841.202393, y: 405.445862, phi: -4.099816[0m
[0m[ INFO] [1746504401.430633737]: Error - x: 178.797607, y: -405.445862[0m
[0m[ INFO] [1746504401.430812043]: Publishing motor command - Left: -61.585033, Right: 61.585033[0m
[0m[ INFO] [1746504401.528956807]: Target - x: 1020.000000, y: 0.000000, phi: 0.000000[0m
[0m[ INFO] [1746504401.529343083]: Current - x: 845.208984, y: 405.158875, phi: -4.105803[0m
[0m[ INFO] [1746504401.529441004]: Error - x: 174.791016, y: -405.158875[0m
[0m[ INFO] [1746504401.529516909]: Publishing motor command - Left: -61.674427, Right: 61.674427[0m
[0m[ INFO] [1746504401.621645124]: Target - x: 1020.000000, y: 0.000000, phi: 0.000000[0m
[0m[ INFO] [1746504401.621750277]: Current - x: 848.614807, y: 404.911407, phi: -4.217938[0m
[0m[ INFO] [1746504401.621862535]: Error - x: 171.385193, y: -404.911407[0m
[0m[ INFO] [1746504401.621949224]: Publishing motor command - Left: -69.952126, Right: 69.952126[0m
[0m[ INFO] [1746504401.727509783]: Target - x: 1020.000000, y: 0.000000, phi: 0.000000[0m
[0m[ INFO] [1746504401.727861819]: Current - x: 852.020020, y: 404.670013, phi: -4.115983[0m
[0m[ INFO] [1746504401.728132030]: Error - x: 167.979980, y: -404.670013[0m
[0m[ INFO] [1746504401.728297408]: Publishing motor command - Left: -55.111237, Right: 55.111237[0m
[0m[ INFO] [1746504401.821975817]: Target - x: 1020.000000, y: 0.000000, phi: 0.000000[0m
[0m[ INFO] [1746504401.822143851]: Current - x: 855.224731, y: 404.433533, phi: -4.120773[0m
[0m[ INFO] [1746504401.822273164]: Error - x: 164.775269, y: -404.433533[0m
[0m[ INFO] [1746504401.822367533]: Publishing motor command - Left: -61.823444, Right: 61.823444[0m
[0m[ INFO] [1746504401.927638202]: Target - x: 1020.000000, y: 0.000000, phi: 0.000000[0m
[0m[ INFO] [1746504401.927998494]: Current - x: 857.828552, y: 404.248535, phi: -4.017621[0m
[0m[ INFO] [1746504401.928157791]: Error - x: 162.171448, y: -404.248535[0m
[0m[ INFO] [1746504401.928331809]: Publishing motor command - Left: -53.568111, Right: 53.568111[0m
[0m[ INFO] [1746504402.021990026]: Target - x: 1020.000000, y: 0.000000, phi: 0.000000[0m
[0m[ INFO] [1746504402.022212108]: Current - x: 860.432312, y: 404.063293, phi: -3.914468[0m
[0m[ INFO] [1746504402.022280013]: Error - x: 159.567688, y: -404.063293[0m
[0m[ INFO] [1746504402.022346734]: Publishing motor command - Left: -52.028004, Right: 52.028004[0m
[0m[ INFO] [1746504402.121321906]: Target - x: 1020.000000, y: 0.000000, phi: 0.000000[0m
[0m[ INFO] [1746504402.121440596]: Current - x: 863.037231, y: 403.877808, phi: -4.025405[0m
[0m[ INFO] [1746504402.121512629]: Error - x: 156.962769, y: -403.877808[0m
[0m[ INFO] [1746504402.121566517]: Publishing motor command - Left: -67.002998, Right: 67.002998[0m
[0m[ INFO] [1746504402.221605286]: Target - x: 1020.000000, y: 0.000000, phi: 0.000000[0m
[0m[ INFO] [1746504402.221710407]: Current - x: 865.040039, y: 403.744446, phi: -3.814309[0m
[0m[ INFO] [1746504402.221808456]: Error - x: 154.959961, y: -403.744446[0m
[0m[ INFO] [1746504402.221890825]: Publishing motor command - Left: -43.817371, Right: 43.817371[0m
[0m[ INFO] [1746504402.325383201]: Target - x: 1020.000000, y: 0.000000, phi: 0.000000[0m
[0m[ INFO] [1746504402.325524707]: Current - x: 867.243408, y: 403.591400, phi: -3.710558[0m
[0m[ INFO] [1746504402.325661444]: Error - x: 152.756592, y: -403.591400[0m
[0m[ INFO] [1746504402.325759014]: Publishing motor command - Left: -48.946259, Right: 48.946259[0m
[0m[ INFO] [1746504402.428825433]: Target - x: 1020.000000, y: 0.000000, phi: 0.000000[0m
[0m[ INFO] [1746504402.429123516]: Current - x: 869.247375, y: 403.457733, phi: -3.713552[0m
[0m[ INFO] [1746504402.429295038]: Error - x: 150.752625, y: -403.457733[0m
[0m[ INFO] [1746504402.429438944]: Publishing motor command - Left: -55.631664, Right: 55.631664[0m
[0m[ INFO] [1746504402.527340984]: Target - x: 1020.000000, y: 0.000000, phi: 0.000000[0m
[0m[ INFO] [1746504402.527664636]: Current - x: 871.251587, y: 403.327728, phi: -3.716546[0m
[0m[ INFO] [1746504402.528563718]: Error - x: 148.748413, y: -403.327728[0m
[0m[ INFO] [1746504402.528712232]: Publishing motor command - Left: -55.676350, Right: 55.676350[0m
[0m[ INFO] [1746504402.621591431]: Target - x: 1020.000000, y: 0.000000, phi: 0.000000[0m
[0m[ INFO] [1746504402.621747433]: Current - x: 872.854919, y: 403.223602, phi: -3.718941[0m
[0m[ INFO] [1746504402.621823818]: Error - x: 147.145081, y: -403.223602[0m
[0m[ INFO] [1746504402.621880522]: Publishing motor command - Left: -55.674866, Right: 55.674866[0m
[0m[ INFO] [1746504402.730084440]: Target - x: 1020.000000, y: 0.000000, phi: 0.000000[0m
[0m[ INFO] [1746504402.730545821]: Current - x: 874.658203, y: 403.108124, phi: -3.614591[0m
[0m[ INFO] [1746504402.730878689]: Error - x: 145.341797, y: -403.108124[0m
[0m[ INFO] [1746504402.731229605]: Publishing motor command - Left: -47.476170, Right: 47.476170[0m
[0m[ INFO] [1746504402.822051789]: Target - x: 1020.000000, y: 0.000000, phi: 0.000000[0m
[0m[ INFO] [1746504402.822242415]: Current - x: 876.060669, y: 403.018250, phi: -3.509642[0m
[0m[ INFO] [1746504402.822300880]: Error - x: 143.939331, y: -403.018250[0m
[0m[ INFO] [1746504402.822362065]: Publishing motor command - Left: -45.871964, Right: 45.871964[0m
[0m[ INFO] [1746504402.923561999]: Target - x: 1020.000000, y: 0.000000, phi: 0.000000[0m
[0m[ INFO] [1746504402.923687984]: Current - x: 877.664185, y: 402.916931, phi: -3.512037[0m
[0m[ INFO] [1746504402.923791473]: Error - x: 142.335815, y: -402.916931[0m
[0m[ INFO] [1746504402.923885650]: Publishing motor command - Left: -52.585674, Right: 52.585674[0m
[0m[ INFO] [1746504403.029665828]: Target - x: 1020.000000, y: 0.000000, phi: 0.000000[0m
[0m[ INFO] [1746504403.029965736]: Current - x: 879.066956, y: 402.832184, phi: -3.407088[0m
[0m[ INFO] [1746504403.030039241]: Error - x: 140.933044, y: -402.832184[0m
[0m[ INFO] [1746504403.030283179]: Publishing motor command - Left: -44.340775, Right: 44.340775[0m
[0m[ INFO] [1746504403.123046793]: Target - x: 1020.000000, y: 0.000000, phi: 0.000000[0m
[0m[ INFO] [1746504403.123420206]: Current - x: 880.269714, y: 402.758362, phi: -3.408884[0m
[0m[ INFO] [1746504403.123657168]: Error - x: 139.730286, y: -402.758362[0m
[0m[ INFO] [1746504403.123752849]: Publishing motor command - Left: -51.008286, Right: 51.008286[0m
[0m[ INFO] [1746504403.221704874]: Target - x: 1020.000000, y: 0.000000, phi: 0.000000[0m
[0m[ INFO] [1746504403.221820108]: Current - x: 881.672668, y: 402.676117, phi: -3.303936[0m
[0m[ INFO] [1746504403.221945037]: Error - x: 138.327332, y: -402.676117[0m
[0m[ INFO] [1746504403.222038958]: Publishing motor command - Left: -42.800663, Right: 42.800663[0m
[0m[ INFO] [1746504403.329108527]: Target - x: 1020.000000, y: 0.000000, phi: 0.000000[0m
[0m[ INFO] [1746504403.329438162]: Current - x: 883.276550, y: 402.580536, phi: -3.306331[0m
[0m[ INFO] [1746504403.329559444]: Error - x: 136.723450, y: -402.580536[0m
[0m[ INFO] [1746504403.330671264]: Publishing motor command - Left: -49.514362, Right: 49.514362[0m
[0m[ INFO] [1746504403.421321062]: Target - x: 1020.000000, y: 0.000000, phi: 0.000000[0m
[0m[ INFO] [1746504403.421417895]: Current - x: 884.479553, y: 402.511078, phi: -3.308127[0m
[0m[ INFO] [1746504403.421465960]: Error - x: 135.520447, y: -402.511078[0m
[0m[ INFO] [1746504403.421510472]: Publishing motor command - Left: -49.503922, Right: 49.503922[0m
[0m[ INFO] [1746504403.524036341]: Target - x: 1020.000000, y: 0.000000, phi: 0.000000[0m
[0m[ INFO] [1746504403.524353433]: Current - x: 886.283630, y: 402.408508, phi: -3.203777[0m
[0m[ INFO] [1746504403.524495195]: Error - x: 133.716370, y: -402.408508[0m
[0m[ INFO] [1746504403.524596252]: Publishing motor command - Left: -41.342484, Right: 41.342484[0m
[0m[ INFO] [1746504403.631143606]: Target - x: 1020.000000, y: 0.000000, phi: 0.000000[0m
[0m[ INFO] [1746504403.631580219]: Current - x: 887.085693, y: 402.362122, phi: -3.204974[0m
[0m[ INFO] [1746504403.631734653]: Error - x: 132.914307, y: -402.362122[0m
[0m[ INFO] [1746504403.631835934]: Publishing motor command - Left: -47.926556, Right: 47.926556[0m
[0m[ INFO] [1746504403.728229093]: Target - x: 1020.000000, y: 0.000000, phi: 0.000000[0m
[0m[ INFO] [1746504403.728649610]: Current - x: 888.087769, y: 402.306976, phi: -3.099427[0m
[0m[ INFO] [1746504403.728802060]: Error - x: 131.912231, y: -402.306976[0m
[0m[ INFO] [1746504403.728875661]: Publishing motor command - Left: -39.709961, Right: 39.709961[0m
[0m[ INFO] [1746504403.821787820]: Target - x: 1020.000000, y: 0.000000, phi: 0.000000[0m
[0m[ INFO] [1746504403.821900654]: Current - x: 889.089905, y: 402.251770, phi: -2.993879[0m
[0m[ INFO] [1746504403.821954318]: Error - x: 130.910095, y: -402.251770[0m
[0m[ INFO] [1746504403.822008207]: Publishing motor command - Left: -38.134090, Right: 38.134090[0m
[0m[ INFO] [1746504403.927654399]: Target - x: 1020.000000, y: 0.000000, phi: 0.000000[0m
[0m[ INFO] [1746504403.927983907]: Current - x: 889.691040, y: 402.219788, phi: -2.887732[0m
[0m[ INFO] [1746504403.928137061]: Error - x: 130.308960, y: -402.219788[0m
[0m[ INFO] [1746504403.928269830]: Publishing motor command - Left: -36.512005, Right: 36.512005[0m
[0m[ INFO] [1746504404.026356833]: Target - x: 1020.000000, y: 0.000000, phi: 0.000000[0m
[0m[ INFO] [1746504404.026834758]: Current - x: 890.293274, y: 402.187714, phi: -2.995675[0m
[0m[ INFO] [1746504404.026961800]: Error - x: 129.706726, y: -402.187714[0m
[0m[ INFO] [1746504404.027060393]: Publishing motor command - Left: -51.442310, Right: 51.442310[0m
[0m[ INFO] [1746504404.253481237]: Target - x: 1020.000000, y: 0.000000, phi: 0.000000[0m
[0m[ INFO] [1746504404.253631991]: Current - x: 890.293274, y: 402.187714, phi: -2.995675[0m
[0m[ INFO] [1746504404.253716184]: Error - x: 129.706726, y: -402.187714[0m
[0m[ INFO] [1746504404.253771768]: Publishing motor command - Left: -44.727100, Right: 44.727100[0m
[0m[ INFO] [1746504404.255390443]: Target - x: 1020.000000, y: 0.000000, phi: 0.000000[0m
[0m[ INFO] [1746504404.255473868]: Current - x: 890.293274, y: 402.187714, phi: -2.995675[0m
[0m[ INFO] [1746504404.255559853]: Error - x: 129.706726, y: -402.187714[0m
[0m[ INFO] [1746504404.255626414]: Publishing motor command - Left: -44.727100, Right: 44.727100[0m
[0m[ INFO] [1746504404.321351992]: Target - x: 1020.000000, y: 0.000000, phi: 0.000000[0m
[0m[ INFO] [1746504404.321452857]: Current - x: 891.096558, y: 402.144165, phi: -3.210962[0m
[0m[ INFO] [1746504404.321500282]: Error - x: 128.903442, y: -402.144165[0m
[0m[ INFO] [1746504404.321557179]: Publishing motor command - Left: -61.334599, Right: 61.334599[0m
[0m[ INFO] [1746504404.427011241]: Target - x: 1020.000000, y: 0.000000, phi: 0.000000[0m
[0m[ INFO] [1746504404.427359469]: Current - x: 892.298950, y: 402.083466, phi: -2.998669[0m
[0m[ INFO] [1746504404.427557999]: Error - x: 127.701050, y: -402.083466[0m
[0m[ INFO] [1746504404.427738545]: Publishing motor command - Left: -31.564905, Right: 31.564905[0m
[0m[ INFO] [1746504404.521523578]: Target - x: 1020.000000, y: 0.000000, phi: 0.000000[0m
[0m[ INFO] [1746504404.521835934]: Current - x: 893.101074, y: 402.038483, phi: -2.999867[0m
[0m[ INFO] [1746504404.521903967]: Error - x: 126.898926, y: -402.038483[0m
[0m[ INFO] [1746504404.521998240]: Publishing motor command - Left: -44.864182, Right: 44.864182[0m
[0m[ INFO] [1746504404.630813780]: Target - x: 1020.000000, y: 0.000000, phi: 0.000000[0m
[0m[ INFO] [1746504404.631382554]: Current - x: 893.702209, y: 402.007538, phi: -2.893720[0m
[0m[ INFO] [1746504404.631494108]: Error - x: 126.297791, y: -402.007538[0m
[0m[ INFO] [1746504404.631713438]: Publishing motor command - Left: -36.601410, Right: 36.601410[0m
[0m[ INFO] [1746504404.729259730]: Target - x: 1020.000000, y: 0.000000, phi: 0.000000[0m
[0m[ INFO] [1746504404.729757208]: Current - x: 894.103333, y: 401.986511, phi: -2.894319[0m
[0m[ INFO] [1746504404.729848761]: Error - x: 125.896667, y: -401.986511[0m
[0m[ INFO] [1746504404.729922906]: Publishing motor command - Left: -43.251053, Right: 43.251053[0m
[0m[ INFO] [1746504404.821777774]: Target - x: 1020.000000, y: 0.000000, phi: 0.000000[0m
[0m[ INFO] [1746504404.821928847]: Current - x: 894.905701, y: 401.945953, phi: -2.895517[0m
[0m[ INFO] [1746504404.822019984]: Error - x: 125.094299, y: -401.945953[0m
[0m[ INFO] [1746504404.822094801]: Publishing motor command - Left: -43.306179, Right: 43.306179[0m
[0m[ INFO] [1746504404.928848910]: Target - x: 1020.000000, y: 0.000000, phi: 0.000000[0m
[0m[ INFO] [1746504404.929226322]: Current - x: 895.506897, y: 401.916107, phi: -2.789370[0m
[0m[ INFO] [1746504404.929328563]: Error - x: 124.493103, y: -401.916107[0m
[0m[ INFO] [1746504404.929413652]: Publishing motor command - Left: -35.043400, Right: 35.043400[0m
[0m[ INFO] [1746504405.022167666]: Target - x: 1020.000000, y: 0.000000, phi: 0.000000[0m
[0m[ INFO] [1746504405.022360788]: Current - x: 895.708008, y: 401.905762, phi: -2.896714[0m
[0m[ INFO] [1746504405.022524662]: Error - x: 124.291992, y: -401.905762[0m
[0m[ INFO] [1746504405.022851034]: Publishing motor command - Left: -49.927505, Right: 49.927505[0m
[0m[ INFO] [1746504405.128263687]: Target - x: 1020.000000, y: 0.000000, phi: 0.000000[0m
[0m[ INFO] [1746504405.128839374]: Current - x: 896.308228, y: 401.878204, phi: -2.576478[0m
[0m[ INFO] [1746504405.129004016]: Error - x: 123.691772, y: -401.878204[0m
[0m[ INFO] [1746504405.129177682]: Publishing motor command - Left: -18.546167, Right: 18.546167[0m
[0m[ INFO] [1746504405.229314723]: Target - x: 1020.000000, y: 0.000000, phi: 0.000000[0m
[0m[ INFO] [1746504405.229654407]: Current - x: 896.509399, y: 401.867828, phi: -2.683822[0m
[0m[ INFO] [1746504405.230549777]: Error - x: 123.490601, y: -401.867828[0m
[0m[ INFO] [1746504405.230795124]: Publishing motor command - Left: -46.748917, Right: 46.748917[0m
[0m[ INFO] [1746504405.328224455]: Target - x: 1020.000000, y: 0.000000, phi: 0.000000[0m
[0m[ INFO] [1746504405.328600075]: Current - x: 896.710571, y: 401.858582, phi: -2.791167[0m
[0m[ INFO] [1746504405.328715181]: Error - x: 123.289429, y: -401.858582[0m
[0m[ INFO] [1746504405.328788077]: Publishing motor command - Left: -48.351624, Right: 48.351624[0m
[0m[ INFO] [1746504405.431154360]: Target - x: 1020.000000, y: 0.000000, phi: 0.000000[0m
[0m[ INFO] [1746504405.431658558]: Current - x: 896.911743, y: 401.848969, phi: -2.898510[0m
[0m[ INFO] [1746504405.432445479]: Error - x: 123.088257, y: -401.848969[0m
[0m[ INFO] [1746504405.432598537]: Publishing motor command - Left: -49.954311, Right: 49.954311[0m
[0m[ INFO] [1746504405.528249927]: Target - x: 1020.000000, y: 0.000000, phi: 0.000000[0m
[0m[ INFO] [1746504405.528643916]: Current - x: 897.312927, y: 401.829407, phi: -2.899109[0m
[0m[ INFO] [1746504405.529589526]: Error - x: 122.687073, y: -401.829407[0m
[0m[ INFO] [1746504405.529807833]: Publishing motor command - Left: -43.322575, Right: 43.322575[0m
[0m[ INFO] [1746504405.629916042]: Target - x: 1020.000000, y: 0.000000, phi: 0.000000[0m
[0m[ INFO] [1746504405.632293765]: Current - x: 897.312927, y: 401.829407, phi: -2.899109[0m
[0m[ INFO] [1746504405.632576360]: Error - x: 122.687073, y: -401.829407[0m
[0m[ INFO] [1746504405.632720362]: Publishing motor command - Left: -43.285320, Right: 43.285320[0m
[0m[ INFO] [1746504405.728209639]: Target - x: 1020.000000, y: 0.000000, phi: 0.000000[0m
[0m[ INFO] [1746504405.728680652]: Current - x: 897.312927, y: 401.829407, phi: -2.899109[0m
[0m[ INFO] [1746504405.728798317]: Error - x: 122.687073, y: -401.829407[0m
[0m[ INFO] [1746504405.728927183]: Publishing motor command - Left: -43.285320, Right: 43.285320[0m
[0m[ INFO] [1746504405.822000688]: Target - x: 1020.000000, y: 0.000000, phi: 0.000000[0m
[0m[ INFO] [1746504405.822189394]: Current - x: 897.312927, y: 401.829407, phi: -2.899109[0m
[0m[ INFO] [1746504405.823161085]: Error - x: 122.687073, y: -401.829407[0m
[0m[ INFO] [1746504405.823389344]: Publishing motor command - Left: -43.285320, Right: 43.285320[0m
[0m[ INFO] [1746504405.927834786]: Target - x: 1020.000000, y: 0.000000, phi: 0.000000[0m
[0m[ INFO] [1746504405.928176646]: Current - x: 897.312927, y: 401.829407, phi: -2.899109[0m
[0m[ INFO] [1746504405.928288808]: Error - x: 122.687073, y: -401.829407[0m
[0m[ INFO] [1746504405.928412393]: Publishing motor command - Left: -43.285320, Right: 43.285320[0m
[0m[ INFO] [1746504406.029495397]: Target - x: 1020.000000, y: 0.000000, phi: 0.000000[0m
[0m[ INFO] [1746504406.029839241]: Current - x: 897.312927, y: 401.829407, phi: -2.899109[0m
[0m[ INFO] [1746504406.030008875]: Error - x: 122.687073, y: -401.829407[0m
[0m[ INFO] [1746504406.030319663]: Publishing motor command - Left: -43.285320, Right: 43.285320[0m
[0m[ INFO] [1746504406.128120582]: Target - x: 1020.000000, y: 0.000000, phi: 0.000000[0m
[0m[ INFO] [1746504406.128460905]: Current - x: 897.312927, y: 401.829407, phi: -2.899109[0m
[0m[ INFO] [1746504406.128672812]: Error - x: 122.687073, y: -401.829407[0m
[0m[ INFO] [1746504406.128836750]: Publishing motor command - Left: -43.285320, Right: 43.285320[0m
[0m[ INFO] [1746504406.229426852]: Target - x: 1020.000000, y: 0.000000, phi: 0.000000[0m
[0m[ INFO] [1746504406.229766152]: Current - x: 897.312927, y: 401.829407, phi: -2.899109[0m
[0m[ INFO] [1746504406.229965162]: Error - x: 122.687073, y: -401.829407[0m
[0m[ INFO] [1746504406.230314222]: Publishing motor command - Left: -43.285320, Right: 43.285320[0m
[0m[ INFO] [1746504406.328140101]: Target - x: 1020.000000, y: 0.000000, phi: 0.000000[0m
[0m[ INFO] [1746504406.328478537]: Current - x: 897.312927, y: 401.829407, phi: -2.899109[0m
[0m[ INFO] [1746504406.328663243]: Error - x: 122.687073, y: -401.829407[0m
[0m[ INFO] [1746504406.328872462]: Publishing motor command - Left: -43.285320, Right: 43.285320[0m
[0m[ INFO] [1746504406.431448891]: Target - x: 1020.000000, y: 0.000000, phi: 0.000000[0m
[0m[ INFO] [1746504406.431985345]: Current - x: 897.312927, y: 401.829407, phi: -2.899109[0m
[0m[ INFO] [1746504406.432081730]: Error - x: 122.687073, y: -401.829407[0m
[0m[ INFO] [1746504406.432167363]: Publishing motor command - Left: -43.285320, Right: 43.285320[0m
[0m[ INFO] [1746504406.528932750]: Target - x: 1020.000000, y: 0.000000, phi: 0.000000[0m
[0m[ INFO] [1746504406.529453044]: Current - x: 897.312927, y: 401.829407, phi: -2.899109[0m
[0m[ INFO] [1746504406.530359166]: Error - x: 122.687073, y: -401.829407[0m
[0m[ INFO] [1746504406.530622977]: Publishing motor command - Left: -43.285320, Right: 43.285320[0m
[0m[ INFO] [1746504406.630445679]: Target - x: 1020.000000, y: 0.000000, phi: 0.000000[0m
[0m[ INFO] [1746504406.630829396]: Current - x: 897.312927, y: 401.829407, phi: -2.899109[0m
[0m[ INFO] [1746504406.631030838]: Error - x: 122.687073, y: -401.829407[0m
[0m[ INFO] [1746504406.631241912]: Publishing motor command - Left: -43.285320, Right: 43.285320[0m
[0m[ INFO] [1746504406.730477856]: Target - x: 1020.000000, y: 0.000000, phi: 0.000000[0m
[0m[ INFO] [1746504406.730939333]: Current - x: 897.312927, y: 401.829407, phi: -2.899109[0m
[0m[ INFO] [1746504406.731971921]: Error - x: 122.687073, y: -401.829407[0m
[0m[ INFO] [1746504406.732083186]: Publishing motor command - Left: -43.285320, Right: 43.285320[0m
[0m[ INFO] [1746504406.821659787]: Target - x: 1020.000000, y: 0.000000, phi: 0.000000[0m
[0m[ INFO] [1746504406.821790253]: Current - x: 897.312927, y: 401.829407, phi: -2.899109[0m
[0m[ INFO] [1746504406.821840461]: Error - x: 122.687073, y: -401.829407[0m
[0m[ INFO] [1746504406.821885838]: Publishing motor command - Left: -43.285320, Right: 43.285320[0m
[0m[ INFO] [1746504406.928866477]: Target - x: 1020.000000, y: 0.000000, phi: 0.000000[0m
[0m[ INFO] [1746504406.929307954]: Current - x: 897.312927, y: 401.829407, phi: -2.899109[0m
[0m[ INFO] [1746504406.929411027]: Error - x: 122.687073, y: -401.829407[0m
[0m[ INFO] [1746504406.929539701]: Publishing motor command - Left: -43.285320, Right: 43.285320[0m
[0m[ INFO] [1746504407.027994643]: Target - x: 1020.000000, y: 0.000000, phi: 0.000000[0m
[0m[ INFO] [1746504407.028565017]: Current - x: 897.312927, y: 401.829407, phi: -2.899109[0m
[0m[ INFO] [1746504407.028757180]: Error - x: 122.687073, y: -401.829407[0m
[0m[ INFO] [1746504407.028855517]: Publishing motor command - Left: -43.285320, Right: 43.285320[0m
[0m[ INFO] [1746504407.132392885]: Target - x: 1020.000000, y: 0.000000, phi: 0.000000[0m
[0m[ INFO] [1746504407.132795705]: Current - x: 897.312927, y: 401.829407, phi: -2.899109[0m
[0m[ INFO] [1746504407.132895098]: Error - x: 122.687073, y: -401.829407[0m
[0m[ INFO] [1746504407.132984251]: Publishing motor command - Left: -43.285320, Right: 43.285320[0m
[0m[ INFO] [1746504407.221697323]: Target - x: 1020.000000, y: 0.000000, phi: 0.000000[0m
[0m[ INFO] [1746504407.221790572]: Current - x: 897.312927, y: 401.829407, phi: -2.899109[0m
[0m[ INFO] [1746504407.221831276]: Error - x: 122.687073, y: -401.829407[0m
[0m[ INFO] [1746504407.221925806]: Publishing motor command - Left: -43.285320, Right: 43.285320[0m
[0m[ INFO] [1746504407.322500548]: Target - x: 1020.000000, y: 0.000000, phi: 0.000000[0m
[0m[ INFO] [1746504407.322606117]: Current - x: 897.312927, y: 401.829407, phi: -2.899109[0m
[0m[ INFO] [1746504407.323803091]: Error - x: 122.687073, y: -401.829407[0m
[0m[ INFO] [1746504407.323869715]: Publishing motor command - Left: -43.285320, Right: 43.285320[0m
[0m[ INFO] [1746504407.422357010]: Target - x: 1020.000000, y: 0.000000, phi: 0.000000[0m
[0m[ INFO] [1746504407.422460179]: Current - x: 897.312927, y: 401.829407, phi: -2.899109[0m
[0m[ INFO] [1746504407.422529812]: Error - x: 122.687073, y: -401.829407[0m
[0m[ INFO] [1746504407.422579380]: Publishing motor command - Left: -43.285320, Right: 43.285320[0m
[0m[ INFO] [1746504407.521747195]: Target - x: 1020.000000, y: 0.000000, phi: 0.000000[0m
[0m[ INFO] [1746504407.521889372]: Current - x: 897.312927, y: 401.829407, phi: -2.899109[0m
[0m[ INFO] [1746504407.521975933]: Error - x: 122.687073, y: -401.829407[0m
[0m[ INFO] [1746504407.522020126]: Publishing motor command - Left: -43.285320, Right: 43.285320[0m
[0m[ INFO] [1746504407.621464135]: Target - x: 1020.000000, y: 0.000000, phi: 0.000000[0m
[0m[ INFO] [1746504407.621556360]: Current - x: 897.312927, y: 401.829407, phi: -2.899109[0m
[0m[ INFO] [1746504407.621642377]: Error - x: 122.687073, y: -401.829407[0m
[0m[ INFO] [1746504407.621731114]: Publishing motor command - Left: -43.285320, Right: 43.285320[0m
[0m[ INFO] [1746504407.729849494]: Target - x: 1020.000000, y: 0.000000, phi: 0.000000[0m
[0m[ INFO] [1746504407.730407613]: Current - x: 897.312927, y: 401.829407, phi: -2.899109[0m
[0m[ INFO] [1746504407.730683776]: Error - x: 122.687073, y: -401.829407[0m
[0m[ INFO] [1746504407.730788257]: Publishing motor command - Left: -43.285320, Right: 43.285320[0m
[0m[ INFO] [1746504407.829689668]: Target - x: 1020.000000, y: 0.000000, phi: 0.000000[0m
[0m[ INFO] [1746504407.830039848]: Current - x: 897.312927, y: 401.829407, phi: -2.899109[0m
[0m[ INFO] [1746504407.830383692]: Error - x: 122.687073, y: -401.829407[0m
[0m[ INFO] [1746504407.831458328]: Publishing motor command - Left: -43.285320, Right: 43.285320[0m
[0m[ INFO] [1746504407.930761248]: Target - x: 1020.000000, y: 0.000000, phi: 0.000000[0m
[0m[ INFO] [1746504407.931078372]: Current - x: 897.312927, y: 401.829407, phi: -2.899109[0m
[0m[ INFO] [1746504407.931260230]: Error - x: 122.687073, y: -401.829407[0m
[0m[ INFO] [1746504407.931475496]: Publishing motor command - Left: -43.285320, Right: 43.285320[0m
[0m[ INFO] [1746504408.021880619]: Target - x: 1020.000000, y: 0.000000, phi: 0.000000[0m
[0m[ INFO] [1746504408.022016845]: Current - x: 897.312927, y: 401.829407, phi: -2.899109[0m
[0m[ INFO] [1746504408.022171822]: Error - x: 122.687073, y: -401.829407[0m
[0m[ INFO] [1746504408.022281296]: Publishing motor command - Left: -43.285320, Right: 43.285320[0m
[0m[ INFO] [1746504408.128878890]: Target - x: 1020.000000, y: 0.000000, phi: 0.000000[0m
[0m[ INFO] [1746504408.129271183]: Current - x: 897.913086, y: 401.800690, phi: -2.578873[0m
[0m[ INFO] [1746504408.129381552]: Error - x: 122.086914, y: -401.800690[0m
[0m[ INFO] [1746504408.129474033]: Publishing motor command - Left: -18.581928, Right: 18.581928[0m
[0m[ INFO] [1746504408.221828042]: Target - x: 1020.000000, y: 0.000000, phi: 0.000000[0m
[0m[ INFO] [1746504408.221953611]: Current - x: 897.913086, y: 401.800690, phi: -2.578873[0m
[0m[ INFO] [1746504408.222052140]: Error - x: 122.086914, y: -401.800690[0m
[0m[ INFO] [1746504408.222325007]: Publishing motor command - Left: -38.504017, Right: 38.504017[0m
[0m[ INFO] [1746504408.328003968]: Target - x: 1020.000000, y: 0.000000, phi: 0.000000[0m
[0m[ INFO] [1746504408.328292547]: Current - x: 898.113159, y: 401.791870, phi: -2.472128[0m
[0m[ INFO] [1746504408.328530246]: Error - x: 121.886841, y: -401.791870[0m
[0m[ INFO] [1746504408.328668615]: Publishing motor command - Left: -30.269556, Right: 30.269556[0m
[0m[ INFO] [1746504408.430937552]: Target - x: 1020.000000, y: 0.000000, phi: 0.000000[0m
[0m[ INFO] [1746504408.431338133]: Current - x: 898.513367, y: 401.774597, phi: -2.258638[0m
[0m[ INFO] [1746504408.431503351]: Error - x: 121.486633, y: -401.774597[0m
[0m[ INFO] [1746504408.432073149]: Publishing motor command - Left: -20.441338, Right: 20.441338[0m
[0m[ INFO] [1746504408.529718290]: Target - x: 1020.000000, y: 0.000000, phi: 0.000000[0m
[0m[ INFO] [1746504408.530402906]: Current - x: 898.913574, y: 401.758057, phi: -2.045147[0m
[0m[ INFO] [1746504408.530619261]: Error - x: 121.086426, y: -401.758057[0m
[0m[ INFO] [1746504408.530717534]: Publishing motor command - Left: -17.253786, Right: 17.253786[0m
[0m[ INFO] [1746504408.624178755]: Target - x: 1020.000000, y: 0.000000, phi: 0.000000[0m
[0m[ INFO] [1746504408.625557427]: Current - x: 898.913574, y: 401.758057, phi: -2.045147[0m
[0m[ INFO] [1746504408.625744405]: Error - x: 121.086426, y: -401.758057[0m
[0m[ INFO] [1746504408.625947479]: Publishing motor command - Left: -30.535185, Right: 30.535185[0m
[0m[ INFO] [1746504408.728787015]: Target - x: 1020.000000, y: 0.000000, phi: 0.000000[0m
[0m[ INFO] [1746504408.729265548]: Current - x: 898.913574, y: 401.758057, phi: -2.045147[0m
[0m[ INFO] [1746504408.729366862]: Error - x: 121.086426, y: -401.758057[0m
[0m[ INFO] [1746504408.729499311]: Publishing motor command - Left: -30.535185, Right: 30.535185[0m
[0m[ INFO] [1746504408.824078913]: Target - x: 1020.000000, y: 0.000000, phi: 0.000000[0m
[0m[ INFO] [1746504408.824531494]: Current - x: 898.913574, y: 401.758057, phi: -2.045147[0m
[0m[ INFO] [1746504408.824707496]: Error - x: 121.086426, y: -401.758057[0m
[0m[ INFO] [1746504408.824850474]: Publishing motor command - Left: -30.535185, Right: 30.535185[0m
[0m[ INFO] [1746504408.923912943]: Target - x: 1020.000000, y: 0.000000, phi: 0.000000[0m
[0m[ INFO] [1746504408.924011248]: Current - x: 898.913574, y: 401.758057, phi: -2.045147[0m
[0m[ INFO] [1746504408.924082193]: Error - x: 121.086426, y: -401.758057[0m
[0m[ INFO] [1746504408.925090972]: Publishing motor command - Left: -30.535185, Right: 30.535185[0m
[0m[ INFO] [1746504409.021378658]: Target - x: 1020.000000, y: 0.000000, phi: 0.000000[0m
[0m[ INFO] [1746504409.021510819]: Current - x: 898.913574, y: 401.758057, phi: -2.045147[0m
[0m[ INFO] [1746504409.021555524]: Error - x: 121.086426, y: -401.758057[0m
[0m[ INFO] [1746504409.021598276]: Publishing motor command - Left: -30.535185, Right: 30.535185[0m
[0m[ INFO] [1746504409.252044445]: Target - x: 1020.000000, y: 0.000000, phi: 0.000000[0m
[0m[ INFO] [1746504409.252185279]: Current - x: 898.913574, y: 401.758057, phi: -2.045147[0m
[0m[ INFO] [1746504409.252229567]: Error - x: 121.086426, y: -401.758057[0m
[0m[ INFO] [1746504409.252276288]: Publishing motor command - Left: -30.535185, Right: 30.535185[0m
[0m[ INFO] [1746504409.254400024]: Target - x: 1020.000000, y: 0.000000, phi: 0.000000[0m
[0m[ INFO] [1746504409.254501497]: Current - x: 898.913574, y: 401.758057, phi: -2.045147[0m
[0m[ INFO] [1746504409.254565818]: Error - x: 121.086426, y: -401.758057[0m
[0m[ INFO] [1746504409.254645627]: Publishing motor command - Left: -30.535185, Right: 30.535185[0m
[0m[ INFO] [1746504409.321765813]: Target - x: 1020.000000, y: 0.000000, phi: 0.000000[0m
[0m[ INFO] [1746504409.321876214]: Current - x: 898.913574, y: 401.758057, phi: -2.045147[0m
[0m[ INFO] [1746504409.321929559]: Error - x: 121.086426, y: -401.758057[0m
[0m[ INFO] [1746504409.321980599]: Publishing motor command - Left: -30.535185, Right: 30.535185[0m
[0m[ INFO] [1746504409.421578914]: Target - x: 1020.000000, y: 0.000000, phi: 0.000000[0m
[0m[ INFO] [1746504409.421698852]: Current - x: 898.913574, y: 401.758057, phi: -2.045147[0m
[0m[ INFO] [1746504409.421788293]: Error - x: 121.086426, y: -401.758057[0m
[0m[ INFO] [1746504409.421847237]: Publishing motor command - Left: -30.535185, Right: 30.535185[0m
[0m[ INFO] [1746504409.525679936]: Target - x: 1020.000000, y: 0.000000, phi: 0.000000[0m
[0m[ INFO] [1746504409.526021924]: Current - x: 898.913574, y: 401.758057, phi: -2.045147[0m
[0m[ INFO] [1746504409.526414313]: Error - x: 121.086426, y: -401.758057[0m
[0m[ INFO] [1746504409.526654283]: Publishing motor command - Left: -30.535185, Right: 30.535185[0m
[0m[ INFO] [1746504409.621708131]: Target - x: 1020.000000, y: 0.000000, phi: 0.000000[0m
[0m[ INFO] [1746504409.621846244]: Current - x: 898.913574, y: 401.758057, phi: -2.045147[0m
[0m[ INFO] [1746504409.621930597]: Error - x: 121.086426, y: -401.758057[0m
[0m[ INFO] [1746504409.622000742]: Publishing motor command - Left: -30.535185, Right: 30.535185[0m
[0m[ INFO] [1746504409.723587784]: Target - x: 1020.000000, y: 0.000000, phi: 0.000000[0m
[0m[ INFO] [1746504409.724345840]: Current - x: 898.913574, y: 401.758057, phi: -2.045147[0m
[0m[ INFO] [1746504409.724540274]: Error - x: 121.086426, y: -401.758057[0m
[0m[ INFO] [1746504409.724864822]: Publishing motor command - Left: -30.535185, Right: 30.535185[0m
[0m[ INFO] [1746504409.829147158]: Target - x: 1020.000000, y: 0.000000, phi: 0.000000[0m
[0m[ INFO] [1746504409.829604507]: Current - x: 898.913574, y: 401.758057, phi: -2.045147[0m
[0m[ INFO] [1746504409.829803678]: Error - x: 121.086426, y: -401.758057[0m
[0m[ INFO] [1746504409.830070241]: Publishing motor command - Left: -30.535185, Right: 30.535185[0m
[0m[ INFO] [1746504409.927938392]: Target - x: 1020.000000, y: 0.000000, phi: 0.000000[0m
[0m[ INFO] [1746504409.928383613]: Current - x: 898.913574, y: 401.758057, phi: -2.045147[0m
[0m[ INFO] [1746504409.928572287]: Error - x: 121.086426, y: -401.758057[0m
[0m[ INFO] [1746504409.928668288]: Publishing motor command - Left: -30.535185, Right: 30.535185[0m
[0m[ INFO] [1746504410.028978803]: Target - x: 1020.000000, y: 0.000000, phi: 0.000000[0m
[0m[ INFO] [1746504410.029624891]: Current - x: 898.913574, y: 401.758057, phi: -2.045147[0m
[0m[ INFO] [1746504410.029973919]: Error - x: 121.086426, y: -401.758057[0m
[0m[ INFO] [1746504410.030806440]: Publishing motor c[0m[ INFO] [1746504391.429558614]: [I2C FOR MOTORS] Now launching this node in namespace: /asc[0m
[0m[ INFO] [1746504391.470516648]: [I2C FOR MOTORS] publish motor duty cycle requests from command line with: rostopic pub --once /asc/set_motor_duty_cycle asclinic_pkg/LeftRightFloat32 "{left: 10.1, right: 10.1}"[0m
[0m[ INFO] [1746504391.471793975]: [I2C FOR MOTORS] Successfully opened named /dev/i2c-1, with file descriptor = 11[0m
[0m[ INFO] [1746504391.471934232]: [I2C FOR MOTORS] Actual acceleration limit = 0.0003125%/ms (after conversation to "internal units")[0m
[0m[ INFO] [1746504391.471982169]: [I2C FOR MOTORS] Actual deceleration limit = 0.0015625%/ms (after conversation to "internal units")[0m
[0m[ INFO] [1746504391.472019513]: [I2C FOR MOTORS] Now initialising SMC with I2C address 13[0m
[0m[ INFO] [1746504391.487166885]: [I2C FOR MOTORS] Now initialising SMC with I2C address 14[0m
[0m[ INFO] [1746504391.505057201]: [I2C FOR MOTORS] Node initialisation complete[0m
[0m[ INFO] [1746504398.066631341]: Reached 5 meters, transitioning to TURNING state.[0m
ommand - Left: -30.535185, Right: 30.535185[0m
[0m[ INFO] [1746504410.129745964]: Target - x: 1020.000000, y: 0.000000, phi: 0.000000[0m
[0m[ INFO] [1746504410.130096752]: Current - x: 898.913574, y: 401.758057, phi: -2.045147[0m
[0m[ INFO] [1746504410.130342642]: Error - x: 121.086426, y: -401.758057[0m
[0m[ INFO] [1746504410.130435635]: Publishing motor command - Left: -30.535185, Right: 30.535185[0m
[0m[ INFO] [1746504410.221774208]: Target - x: 1020.000000, y: 0.000000, phi: 0.000000[0m
[0m[ INFO] [1746504410.221933922]: Current - x: 898.913574, y: 401.758057, phi: -2.045147[0m
[0m[ INFO] [1746504410.222041315]: Error - x: 121.086426, y: -401.758057[0m
[0m[ INFO] [1746504410.222161573]: Publishing motor command - Left: -30.535185, Right: 30.535185[0m
[0m[ INFO] [1746504410.328565085]: Target - x: 1020.000000, y: 0.000000, phi: 0.000000[0m
[0m[ INFO] [1746504410.328916289]: Current - x: 898.913574, y: 401.758057, phi: -2.045147[0m
[0m[ INFO] [1746504410.329100099]: Error - x: 121.086426, y: -401.758057[0m
[0m[ INFO] [1746504410.329293573]: Publishing motor command - Left: -30.535185, Right: 30.535185[0m
[0m[ INFO] [1746504410.429191604]: Target - x: 1020.000000, y: 0.000000, phi: 0.000000[0m
[0m[ INFO] [1746504410.429666905]: Current - x: 898.913574, y: 401.758057, phi: -2.045147[0m
[0m[ INFO] [1746504410.429773434]: Error - x: 121.086426, y: -401.758057[0m
[0m[ INFO] [1746504410.429891387]: Publishing motor command - Left: -30.535185, Right: 30.535185[0m
[0m[ INFO] [1746504410.529231011]: Target - x: 1020.000000, y: 0.000000, phi: 0.000000[0m
[0m[ INFO] [1746504410.529703529]: Current - x: 898.913574, y: 401.758057, phi: -2.045147[0m
[0m[ INFO] [1746504410.529885067]: Error - x: 121.086426, y: -401.758057[0m
[0m[ INFO] [1746504410.530050509]: Publishing motor command - Left: -30.535185, Right: 30.535185[0m
[0m[ INFO] [1746504410.629137650]: Target - x: 1020.000000, y: 0.000000, phi: 0.000000[0m
[0m[ INFO] [1746504410.629459477]: Current - x: 898.913574, y: 401.758057, phi: -2.045147[0m
[0m[ INFO] [1746504410.629555574]: Error - x: 121.086426, y: -401.758057[0m
[0m[ INFO] [1746504410.629648568]: Publishing motor command - Left: -30.535185, Right: 30.535185[0m
[0m[ INFO] [1746504410.728371800]: Target - x: 1020.000000, y: 0.000000, phi: 0.000000[0m
[0m[ INFO] [1746504410.728710300]: Current - x: 898.913574, y: 401.758057, phi: -2.045147[0m
[0m[ INFO] [1746504410.728808349]: Error - x: 121.086426, y: -401.758057[0m
[0m[ INFO] [1746504410.728898526]: Publishing motor command - Left: -30.535185, Right: 30.535185[0m
[0m[ INFO] [1746504410.830656866]: Target - x: 1020.000000, y: 0.000000, phi: 0.000000[0m
[0m[ INFO] [1746504410.831009286]: Current - x: 898.913574, y: 401.758057, phi: -2.045147[0m
[0m[ INFO] [1746504410.831109351]: Error - x: 121.086426, y: -401.758057[0m
[0m[ INFO] [1746504410.831202024]: Publishing motor command - Left: -30.535185, Right: 30.535185[0m
[0m[ INFO] [1746504410.921930094]: Target - x: 1020.000000, y: 0.000000, phi: 0.000000[0m
[0m[ INFO] [1746504410.922031759]: Current - x: 898.913574, y: 401.758057, phi: -2.045147[0m
[0m[ INFO] [1746504410.922205297]: Error - x: 121.086426, y: -401.758057[0m
[0m[ INFO] [1746504410.922276882]: Publishing motor command - Left: -30.535185, Right: 30.535185[0m

[ARUCO DETECTOR] Camera properties upon initialisation:
CV_CAP_PROP_FRAME_HEIGHT : '480.0'
CV_CAP_PROP_FRAME_WIDTH :  '640.0'
CAP_PROP_FPS :             '30.0'
CAP_PROP_FOCUS :           '0.0'
CAP_PROP_AUTOFOCUS :       '0.0'
CAP_PROP_BRIGHTNESS :      '128.0'
CAP_PROP_CONTRAST :        '128.0'
CAP_PROP_SATURATION :      '128.0'
CAP_PROP_BUFFERSIZE :      '4.0'

[ARUCO DETECTOR] Camera properties upon initialisation:
CV_CAP_PROP_FRAME_HEIGHT : '1080.0'
CV_CAP_PROP_FRAME_WIDTH :  '1920.0'
CAP_PROP_FPS :             '5.0'
CAP_PROP_FOCUS :           '0.0'
CAP_PROP_AUTOFOCUS :       '0.0'
CAP_PROP_BRIGHTNESS :      '128.0'
CAP_PROP_CONTRAST :        '128.0'
CAP_PROP_SATURATION :      '128.0'
CAP_PROP_BUFFERSIZE :      '1.0'
[INFO] [1746504394.382041]: [ARUCO DETECTOR] As a double check of the camera properties set, a frame captured just now has dimensions = (1080, 1920, 3)
[INFO] [1746504394.386933]: [ARUCO DETECTOR] publish request from command line to save a single camera image using: rostopic pub --once /asc/request_save_image std_msgs/UInt32 1
[INFO] [1746504394.390439]: [ARUCO DETECTOR] Node initialisation complete
... logging to /home/asc/.ros/log/e3d3d45a-2a2a-11f0-b317-d8c0a650f677/roslaunch-asc12-jetson-20842.log
Checking log directory for disk usage. This may take a while.
Press Ctrl-C to interrupt
Done checking log file disk usage. Usage is <1GB.
]2;/home/asc/ASClinic/catkin_ws/src/asclinic_pkg/launch/trajectory.launch
[1mstarted roslaunch server http://asc12-jetson:40369/[0m

SUMMARY
========

PARAMETERS
 * /asc/aruco_detector/aruco_detector_desired_camera_fps: 5
 * /asc/aruco_detector/aruco_detector_desired_camera_frame_height: 1080
 * /asc/aruco_detector/aruco_detector_desired_camera_frame_width: 1920
 * /asc/aruco_detector/aruco_detector_marker_size: 0.25
 * /asc/aruco_detector/aruco_detector_save_image_path: /home/asc/saved_c...
 * /asc/aruco_detector/aruco_detector_should_publish_camera_images: False
 * /asc/aruco_detector/aruco_detector_should_save_all_aruco_images: False
 * /asc/aruco_detector/aruco_detector_should_show_camera_images: False
 * /asc/aruco_detector/aruco_detector_usb_camera_device_number: 0
 * /asc/aruco_detector/aruco_detector_verbosity: 1
 * /asc/encoder_read_multi_threaded/delta_t_for_publishing_encoder_counts: 0.1
 * /asc/encoder_read_multi_threaded/encoder_events_to_monitor: rising
 * /asc/encoder_read_multi_threaded/encoder_read_verbosity: 1
 * /asc/encoder_read_multi_threaded/gpio_chip_number_for_encoder_lines: 1
 * /asc/encoder_read_multi_threaded/line_number_for_left_side_encoder_channel_a: 105
 * /asc/encoder_read_multi_threaded/line_number_for_left_side_encoder_channel_b: 106
 * /asc/encoder_read_multi_threaded/line_number_for_right_side_encoder_channel_a: 84
 * /asc/encoder_read_multi_threaded/line_number_for_right_side_encoder_channel_b: 130
 * /asc/encoder_read_multi_threaded/should_monitor_left_side_encoder_channel_a: True
 * /asc/encoder_read_multi_threaded/should_monitor_left_side_encoder_channel_b: False
 * /asc/encoder_read_multi_threaded/should_monitor_right_side_encoder_channel_a: True
 * /asc/encoder_read_multi_threaded/should_monitor_right_side_encoder_channel_b: False
 * /asc/i2c_for_motors/motor_driver_current_limit_in_milliamps: 5000
 * /asc/i2c_for_motors/motor_driver_left_side_multiplier: 1
 * /asc/i2c_for_motors/motor_driver_max_accel_limit_in_percent_per_millisecond: 0.04
 * /asc/i2c_for_motors/motor_driver_max_decel_limit_in_percent_per_millisecond: 0.16
 * /asc/i2c_for_motors/motor_driver_max_duty_cycle_limit_in_percent: 100.0
 * /asc/i2c_for_motors/motor_driver_right_side_multiplier: 1
 * /asc/i2c_for_motors/motor_driver_verbosity: 1
 * /rosdistro: noetic
 * /rosversion: 1.17.0

NODES
  /
    kf_fusion_node (asclinic_pkg/KF.py)
    odomdelta (asclinic_pkg/odomdelta)
    trajectory_generator (asclinic_pkg/trajectory_generator)
    trajectory_tracker (asclinic_pkg/trajectory_tracker)
    velocity_PI_control (asclinic_pkg/velocity_PI_control)
  /asc/
    aruco_detector (asclinic_pkg/aruco_detector.py)
    encoder_read_multi_threaded (asclinic_pkg/encoder_read_multi_threaded)
    i2c_for_motors (asclinic_pkg/i2c_for_motors)

[1mROS_MASTER_URI=http://localhost:11311[0m
]2;/home/asc/ASClinic/catkin_ws/src/asclinic_pkg/launch/trajectory.launch http://localhost:11311
[1mprocess[asc/i2c_for_motors-1]: started with pid [20882][0m
[1mprocess[asc/encoder_read_multi_threaded-2]: started with pid [20883][0m
[1mprocess[odomdelta-3]: started with pid [20889][0m
[1mprocess[asc/aruco_detector-4]: started with pid [20891][0m
[1mprocess[trajectory_tracker-5]: started with pid [20903][0m
[1mprocess[trajectory_generator-6]: started with pid [20906][0m
[1mprocess[velocity_PI_control-7]: started with pid [20909][0m
[1mprocess[kf_fusion_node-8]: started with pid [20914][0m
[kf_fusion_node-8] killing on exit
[trajectory_generator-6] killing on exit
[velocity_PI_control-7] killing on exit
[trajectory_tracker-5] killing on exit
[odomdelta-3] killing on exit
[asc/aruco_detector-4] killing on exit
[asc/i2c_for_motors-1] killing on exit
[asc/encoder_read_multi_threaded-2] killing on exit
shutting down processing monitor...
... shutting down processing monitor complete
[1mdone[0m
