[0m[ INFO] [1746503032.351324738]: Target - x: 0.000000, y: 0.000000, phi: 0.000000[0m
[0m[ INFO] [1746503032.356488488]: Current - x: 0.000000, y: 0.000000, phi: 0.000000[0m
[0m[ INFO] [1746503032.356672874]: Error - x: 0.000000, y: 0.000000[0m
[0m[ INFO] [1746503032.356805004]: Publishing motor command - Left: 0.000000, Right: 0.000000[0m
[0m[ INFO] [1746503032.356925550]: Target reached: x=0.00, y=0.00, phi=0.00[0m
[0m[ INFO] [1746503032.451230436]: Target - x: 0.000000, y: 0.000000, phi: 0.000000[0m
[0m[ INFO] [1746503032.451366694]: Current - x: 0.000000, y: 0.000000, phi: 0.000000[0m
[0m[ INFO] [1746503032.451422407]: Error - x: 0.000000, y: 0.000000[0m
[0m[ INFO] [1746503032.451505672]: Publishing motor command - Left: 0.000000, Right: 0.000000[0m
[0m[ INFO] [1746503032.451583785]: Target reached: x=0.00, y=0.00, phi=0.00[0m
[0m[ INFO] [1746503032.551190247]: Target - x: 0.000000, y: 0.000000, phi: 0.000000[0m
[0m[ INFO] [1746503032.551367050]: Current - x: 0.000000, y: 0.000000, phi: 0.000000[0m
[0m[ INFO] [1746503032.551457227]: Error - x: 0.000000, y: 0.000000[0m
[0m[ INFO] [1746503032.551539820]: Publishing motor command - Left: 0.000000, Right: 0.000000[0m
[0m[ INFO] [1746503032.551691022]: Target reached: x=0.00, y=0.00, phi=0.00[0m
[0m[ INFO] [1746503032.650484546]: Target - x: 0.000000, y: 0.000000, phi: 0.000000[0m
[0m[ INFO] [1746503032.650585699]: Current - x: 0.000000, y: 0.000000, phi: 0.000000[0m
[0m[ INFO] [1746503032.650648036]: Error - x: 0.000000, y: 0.000000[0m
[0m[ INFO] [1746503032.650738021]: Publishing motor command - Left: 0.000000, Right: 0.000000[0m
[0m[ INFO] [1746503032.650987240]: Target reached: x=0.00, y=0.00, phi=0.00[0m
[0m[ INFO] [1746503032.750244674]: Target - x: 0.000000, y: 0.000000, phi: 0.000000[0m
[0m[ INFO] [1746503032.750345155]: Current - x: 0.000000, y: 0.000000, phi: 0.000000[0m
[0m[ INFO] [1746503032.750401604]: Error - x: 0.000000, y: 0.000000[0m
[0m[ INFO] [1746503032.750462917]: Publishing motor command - Left: 0.000000, Right: 0.000000[0m
[0m[ INFO] [1746503032.750527270]: Target reached: x=0.00, y=0.00, phi=0.00[0m
[0m[ INFO] [1746503032.850439880]: Target - x: 0.000000, y: 0.000000, phi: 0.000000[0m
[0m[ INFO] [1746503032.850529097]: Current - x: 0.000000, y: 0.000000, phi: 0.000000[0m
[0m[ INFO] [1746503032.850572202]: Error - x: 0.000000, y: 0.000000[0m
[0m[ INFO] [1746503032.850756140]: Publishing motor command - Left: 0.000000, Right: 0.000000[0m
[0m[ INFO] [1746503032.851632056]: Target reached: x=0.00, y=0.00, phi=0.00[0m
[0m[ INFO] [1746503032.950495212]: Target - x: 0.000000, y: 0.000000, phi: 0.000000[0m
[0m[ INFO] [1746503032.950625070]: Current - x: 0.000000, y: 0.000000, phi: 0.000000[0m
[0m[ INFO] [1746503032.950696527]: Error - x: 0.000000, y: 0.000000[0m
[0m[ INFO] [1746503032.950865841]: Publishing motor command - Left: 0.000000, Right: 0.000000[0m
[0m[ INFO] [1746503032.951039924]: Target reached: x=0.00, y=0.00, phi=0.00[0m
[0m[ INFO] [1746503033.050456783]: Target - x: 0.000000, y: 0.000000, phi: 0.000000[0m
[0m[ INFO] [1746503033.050558064]: Current - x: 0.000000, y: 0.000000, phi: 0.000000[0m
[0m[ INFO] [1746503033.050598353]: Error - x: 0.000000, y: 0.000000[0m
[0m[ INFO] [1746503033.050653042]: Publishing motor command - Left: 0.000000, Right: 0.000000[0m
[0m[ INFO] [1746503033.050742835]: Target reached: x=0.00, y=0.00, phi=0.00[0m
[0m[ INFO] [1746503033.150441073]: Target - x: 0.000000, y: 0.000000, phi: 0.000000[0m
[0m[ INFO] [1746503033.150534290]: Current - x: 0.000000, y: 0.000000, phi: 0.000000[0m
[0m[ INFO] [1746503033.150571955]: Error - x: 0.000000, y: 0.000000[0m
[0m[ INFO] [1746503033.150670196]: Publishing motor command - Left: 0.000000, Right: 0.000000[0m
[0m[ INFO] [1746503033.150791382]: Target reached: x=0.00, y=0.00, phi=0.00[0m
[0m[ INFO] [1746503033.250553077]: Target - x: 0.000000, y: 0.000000, phi: 0.000000[0m
[0m[ INFO] [1746503033.250650838]: Current - x: 0.000000, y: 0.000000, phi: 0.000000[0m
[0m[ INFO] [1746503033.250689303]: Error - x: 0.000000, y: 0.000000[0m
[0m[ INFO] [1746503033.250932250]: Publishing motor command - Left: 0.000000, Right: 0.000000[0m
[0m[ INFO] [1746503033.251024091]: Target reached: x=0.00, y=0.00, phi=0.00[0m
[0m[ INFO] [1746503033.350626008]: Target - x: 0.000000, y: 0.000000, phi: 0.000000[0m
[0m[ INFO] [1746503033.350729978]: Current - x: 0.000000, y: 0.000000, phi: 0.000000[0m
[0m[ INFO] [1746503033.350767546]: Error - x: 0.000000, y: 0.000000[0m
[0m[ INFO] [1746503033.350869660]: Publishing motor command - Left: 0.000000, Right: 0.000000[0m
[0m[ INFO] [1746503033.350948189]: Target reached: x=0.00, y=0.00, phi=0.00[0m
[0m[ INFO] [1746503033.450253686]: Target - x: 0.000000, y: 0.000000, phi: 0.000000[0m
[0m[ INFO] [1746503033.450404568]: Current - x: 0.000000, y: 0.000000, phi: 0.000000[0m
[0m[ INFO] [1746503033.450481913]: Error - x: 0.000000, y: 0.000000[0m
[0m[ INFO] [1746503033.450524377]: Publishing motor command - Left: 0.000000, Right: 0.000000[0m
[0m[ INFO] [1746503033.450590746]: Target reached: x=0.00, y=0.00, phi=0.00[0m
[0m[ INFO] [1746503033.550608541]: Target - x: 0.000000, y: 0.000000, phi: 0.000000[0m
[0m[ INFO] [1746503033.550815840]: Current - x: 0.000000, y: 0.000000, phi: 0.000000[0m
[0m[ INFO] [1746503033.550887617]: Error - x: 0.000000, y: 0.000000[0m
[0m[ INFO] [1746503033.550946273]: Publishing motor command - Left: 0.000000, Right: 0.000000[0m
[0m[ INFO] [1746503033.551413544]: Target reached: x=0.00, y=0.00, phi=0.00[0m
[0m[ INFO] [1746503033.657103607]: Target - x: 0.000000, y: 0.000000, phi: 0.000000[0m
[0m[ INFO] [1746503033.657582205]: Current - x: 0.000000, y: 0.000000, phi: 0.000000[0m
[0m[ INFO] [1746503033.657663486]: Error - x: 0.000000, y: 0.000000[0m
[0m[ INFO] [1746503033.657727039]: Publishing motor command - Left: 0.000000, Right: 0.000000[0m
[0m[ INFO] [1746503033.658573643]: Target reached: x=0.00, y=0.00, phi=0.00[0m
[0m[ INFO] [1746503033.756976119]: Target - x: 30.000000, y: 0.000000, phi: 0.000000[0m
[0m[ INFO] [1746503033.757419613]: Current - x: 0.000000, y: 0.000000, phi: 0.000000[0m
[0m[ INFO] [1746503033.757597248]: Error - x: 30.000000, y: 0.000000[0m
[0m[ INFO] [1746503033.757830243]: error_y: 0.000000[0m
[0m[ INFO] [1746503033.757915460]: integral_error_y: 0.000000[0m
[0m[ INFO] [1746503033.757979909]: w: 0.000000[0m
[0m[ INFO] [1746503033.758072230]: Publishing motor command - Left: 250.000000, Right: 250.000000[0m
[0m[ INFO] [1746503033.850581092]: Target - x: 60.000000, y: 0.000000, phi: 0.000000[0m
[0m[ INFO] [1746503033.850683525]: Current - x: 0.000000, y: 0.000000, phi: 0.000000[0m
[0m[ INFO] [1746503033.850855399]: Error - x: 60.000000, y: 0.000000[0m
[0m[ INFO] [1746503033.850943113]: error_y: 0.000000[0m
[0m[ INFO] [1746503033.851042570]: integral_error_y: 0.000000[0m
[0m[ INFO] [1746503033.851079466]: w: 0.000000[0m
[0m[ INFO] [1746503033.851142763]: Publishing motor command - Left: 500.000000, Right: 500.000000[0m
[0m[ INFO] [1746503033.951794582]: Target - x: 90.000000, y: 0.000000, phi: 0.000000[0m
[0m[ INFO] [1746503033.951911064]: Current - x: 0.000000, y: 0.000000, phi: 0.000000[0m
[0m[ INFO] [1746503033.952000025]: Error - x: 90.000000, y: 0.000000[0m
[0m[ INFO] [1746503033.952047674]: error_y: 0.000000[0m
[0m[ INFO] [1746503033.952078202]: integral_error_y: 0.000000[0m
[0m[ INFO] [1746503033.952106555]: w: 0.000000[0m
[0m[ INFO] [1746503033.952140475]: Publishing motor command - Left: 750.000000, Right: 750.000000[0m
[0m[ INFO] [1746503034.057699720]: Target - x: 120.000000, y: 0.000000, phi: 0.000000[0m
[0m[ INFO] [1746503034.058371121]: Current - x: 0.000000, y: 0.000000, phi: 0.000000[0m
[0m[ INFO] [1746503034.058529331]: Error - x: 120.000000, y: 0.000000[0m
[0m[ INFO] [1746503034.058604660]: error_y: 0.000000[0m
[0m[ INFO] [1746503034.059790244]: integral_error_y: 0.000000[0m
[0m[ INFO] [1746503034.060287691]: w: 0.000000[0m
[0m[ INFO] [1746503034.060600975]: Publishing motor command - Left: 1000.000000, Right: 1000.000000[0m
[0m[ INFO] [1746503034.156996063]: Target - x: 150.000000, y: 0.000000, phi: 0.000000[0m
[0m[ INFO] [1746503034.158369746]: Current - x: 0.200279, y: 0.000187, phi: 0.106745[0m
[0m[ INFO] [1746503034.159826630]: Error - x: 149.799728, y: -0.000187[0m
[0m[ INFO] [1746503034.159981128]: error_y: -0.000187[0m
[0m[ INFO] [1746503034.160089961]: integral_error_y: -0.000019[0m
[0m[ INFO] [1746503034.160153674]: w: -0.000653[0m
[0m[ INFO] [1746503034.160243787]: Publishing motor command - Left: 1248.331177, Right: 1248.330933[0m
[0m[ INFO] [1746503034.253926967]: Target - x: 180.000000, y: 0.000000, phi: 0.000000[0m
[0m[ INFO] [1746503034.254087834]: Current - x: 0.200279, y: 0.000187, phi: 0.106745[0m
[0m[ INFO] [1746503034.254223675]: Error - x: 179.799728, y: -0.000187[0m
[0m[ INFO] [1746503034.254273980]: error_y: -0.000187[0m
[0m[ INFO] [1746503034.254324285]: integral_error_y: -0.000037[0m
[0m[ INFO] [1746503034.254370909]: w: -0.000187[0m
[0m[ INFO] [1746503034.254427710]: Publishing motor command - Left: 1498.331055, Right: 1498.331055[0m
[0m[ INFO] [1746503034.357493929]: Target - x: 210.000000, y: 0.000000, phi: 0.000000[0m
[0m[ INFO] [1746503034.357857646]: Current - x: 0.601959, y: 0.000933, phi: 0.106147[0m
[0m[ INFO] [1746503034.357956815]: Error - x: 209.398041, y: -0.000933[0m
[0m[ INFO] [1746503034.358017776]: error_y: -0.000933[0m
[0m[ INFO] [1746503034.358066672]: integral_error_y: -0.000131[0m
[0m[ INFO] [1746503034.358315732]: w: -0.002800[0m
[0m[ INFO] [1746503034.359272545]: Publishing motor command - Left: 1744.984375, Right: 1744.983032[0m
[0m[ INFO] [1746503034.452870668]: Target - x: 240.000000, y: 0.000000, phi: 0.000000[0m
[0m[ INFO] [1746503034.452993965]: Current - x: 3.815399, y: 0.006785, phi: 0.101356[0m
[0m[ INFO] [1746503034.453119247]: Error - x: 236.184601, y: -0.006785[0m
[0m[ INFO] [1746503034.453271505]: error_y: -0.006785[0m
[0m[ INFO] [1746503034.453370098]: integral_error_y: -0.000809[0m
[0m[ INFO] [1746503034.453422707]: w: -0.021425[0m
[0m[ INFO] [1746503034.453715447]: Publishing motor command - Left: 1968.210449, Right: 1968.199707[0m
[0m[ INFO] [1746503034.557053061]: Target - x: 270.000000, y: 0.000000, phi: 0.000000[0m
[0m[ INFO] [1746503034.557149478]: Current - x: 9.640329, y: 0.011694, phi: -0.014371[0m
[0m[ INFO] [1746503034.557233512]: Error - x: 260.359680, y: -0.011694[0m
[0m[ INFO] [1746503034.557292776]: error_y: -0.011694[0m
[0m[ INFO] [1746503034.557324745]: integral_error_y: -0.001979[0m
[0m[ INFO] [1746503034.557353417]: w: -0.023985[0m
[0m[ INFO] [1746503034.557388906]: Publishing motor command - Left: 2169.670166, Right: 2169.657959[0m
[0m[ INFO] [1746503034.651019669]: Target - x: 300.000000, y: 0.000000, phi: 0.000000[0m
[0m[ INFO] [1746503034.651180599]: Current - x: 17.874193, y: 0.033069, phi: 0.080399[0m
[0m[ INFO] [1746503034.651284665]: Error - x: 282.125793, y: -0.033069[0m
[0m[ INFO] [1746503034.651369146]: error_y: -0.033069[0m
[0m[ INFO] [1746503034.651451899]: integral_error_y: -0.005285[0m
[0m[ INFO] [1746503034.651511900]: w: -0.086560[0m
[0m[ INFO] [1746503034.651564605]: Publishing motor command - Left: 2351.069824, Right: 2351.026855[0m
[0m[ INFO] [1746503034.752596428]: Target - x: 330.000000, y: 0.000000, phi: 0.000000[0m
[0m[ INFO] [1746503034.752767982]: Current - x: 27.514530, y: 0.029442, phi: 0.066028[0m
[0m[ INFO] [1746503034.752851279]: Error - x: 302.485474, y: -0.029442[0m
[0m[ INFO] [1746503034.752912464]: error_y: -0.029442[0m
[0m[ INFO] [1746503034.753056850]: integral_error_y: -0.008230[0m
[0m[ INFO] [1746503034.753115795]: w: -0.020457[0m
[0m[ INFO] [1746503034.753173619]: Publishing motor command - Left: 2520.717285, Right: 2520.707275[0m
[0m[ INFO] [1746503034.850378223]: Target - x: 360.000000, y: 0.000000, phi: 0.000000[0m
[0m[ INFO] [1746503034.850474576]: Current - x: 39.363522, y: 0.055311, phi: 0.155409[0m
[0m[ INFO] [1746503034.850512721]: Error - x: 320.636475, y: -0.055311[0m
[0m[ INFO] [1746503034.850577266]: error_y: -0.055311[0m
[0m[ INFO] [1746503034.851911268]: integral_error_y: -0.013761[0m
[0m[ INFO] [1746503034.851987781]: w: -0.120121[0m
[0m[ INFO] [1746503034.852037445]: Publishing motor command - Left: 2672.000732, Right: 2671.940674[0m
[0m[ INFO] [1746503034.953687421]: Target - x: 390.000000, y: 0.000000, phi: 0.000000[0m
[0m[ INFO] [1746503034.953824255]: Current - x: 52.819237, y: 0.081032, phi: 0.242394[0m
[0m[ INFO] [1746503034.953930528]: Error - x: 337.180756, y: -0.081032[0m
[0m[ INFO] [1746503034.954040354]: error_y: -0.081032[0m
[0m[ INFO] [1746503034.954227140]: integral_error_y: -0.021864[0m
[0m[ INFO] [1746503034.954284965]: w: -0.145552[0m
[0m[ INFO] [1746503034.954340742]: Publishing motor command - Left: 2809.875732, Right: 2809.803467[0m
[0m[ INFO] [1746503035.053643005]: Target - x: 420.000000, y: 0.000000, phi: 0.000000[0m
[0m[ INFO] [1746503035.054043202]: Current - x: 67.681374, y: 0.118471, phi: 0.220239[0m
[0m[ INFO] [1746503035.054431335]: Error - x: 352.318634, y: -0.118471[0m
[0m[ INFO] [1746503035.054526441]: error_y: -0.118471[0m
[0m[ INFO] [1746503035.054589162]: integral_error_y: -0.033711[0m
[0m[ INFO] [1746503035.054749932]: w: -0.212404[0m
[0m[ INFO] [1746503035.054845325]: Publishing motor command - Left: 2936.041260, Right: 2935.935791[0m
[0m[ INFO] [1746503035.150949849]: Target - x: 450.000000, y: 0.000000, phi: 0.000000[0m
[0m[ INFO] [1746503035.151078650]: Current - x: 83.145332, y: 0.195227, phi: 0.304231[0m
[0m[ INFO] [1746503035.151175292]: Error - x: 366.854675, y: -0.195227[0m
[0m[ INFO] [1746503035.151278109]: error_y: -0.195227[0m
[0m[ INFO] [1746503035.151328990]: integral_error_y: -0.053234[0m
[0m[ INFO] [1746503035.151390847]: w: -0.387651[0m
[0m[ INFO] [1746503035.151447743]: Publishing motor command - Left: 3057.218750, Right: 3057.026123[0m
[0m[ INFO] [1746503035.254382407]: Target - x: 480.000000, y: 0.000000, phi: 0.000000[0m
[0m[ INFO] [1746503035.254542313]: Current - x: 99.815582, y: 0.240119, phi: 0.172336[0m
[0m[ INFO] [1746503035.254602282]: Error - x: 380.184418, y: -0.240119[0m
[0m[ INFO] [1746503035.254669835]: error_y: -0.240119[0m
[0m[ INFO] [1746503035.254718859]: integral_error_y: -0.077246[0m
[0m[ INFO] [1746503035.254784716]: w: -0.353120[0m
[0m[ INFO] [1746503035.254859373]: Publishing motor command - Left: 3168.291260, Right: 3168.115479[0m
[0m[ INFO] [1746503035.353736478]: Target - x: 510.000000, y: 0.000000, phi: 0.000000[0m
[0m[ INFO] [1746503035.353881856]: Current - x: 117.689491, y: 0.347568, phi: 0.252735[0m
[0m[ INFO] [1746503035.353920705]: Error - x: 392.310516, y: -0.347568[0m
[0m[ INFO] [1746503035.353968929]: error_y: -0.347568[0m
[0m[ INFO] [1746503035.354000482]: integral_error_y: -0.112002[0m
[0m[ INFO] [1746503035.354029314]: w: -0.617311[0m
[0m[ INFO] [1746503035.354067587]: Publishing motor command - Left: 3269.407959, Right: 3269.100586[0m
[0m[ INFO] [1746503035.450798103]: Target - x: 540.000000, y: 0.000000, phi: 0.000000[0m
[0m[ INFO] [1746503035.450954041]: Current - x: 137.169022, y: 0.455813, phi: 0.544828[0m
[0m[ INFO] [1746503035.451045498]: Error - x: 402.830994, y: -0.455813[0m
[0m[ INFO] [1746503035.451112763]: error_y: -0.455813[0m
[0m[ INFO] [1746503035.451157276]: integral_error_y: -0.157584[0m
[0m[ INFO] [1746503035.451197788]: w: -0.728003[0m
[0m[ INFO] [1746503035.451249629]: Publishing motor command - Left: 3357.106201, Right: 3356.743408[0m
[0m[ INFO] [1746503035.553526364]: Target - x: 570.000000, y: 0.000000, phi: 0.000000[0m
[0m[ INFO] [1746503035.553648253]: Current - x: 157.048630, y: 0.631218, phi: 1.050411[0m
[0m[ INFO] [1746503035.553750207]: Error - x: 412.951355, y: -0.631218[0m
[0m[ INFO] [1746503035.553841856]: error_y: -0.631218[0m
[0m[ INFO] [1746503035.553942113]: integral_error_y: -0.220706[0m
[0m[ INFO] [1746503035.554029090]: w: -1.071936[0m
[0m[ INFO] [1746503035.554091811]: Publishing motor command - Left: 3441.528076, Right: 3440.994873[0m
[0m[ INFO] [1746503035.655899740]: Target - x: 600.000000, y: 0.000000, phi: 0.000000[0m
[0m[ INFO] [1746503035.656317281]: Current - x: 180.345123, y: 0.845691, phi: 1.015682[0m
[0m[ INFO] [1746503035.656377858]: Error - x: 419.654877, y: -0.845691[0m
[0m[ INFO] [1746503035.656427075]: error_y: -0.845691[0m
[0m[ INFO] [1746503035.656470755]: integral_error_y: -0.305275[0m
[0m[ INFO] [1746503035.656512260]: w: -1.384926[0m
[0m[ INFO] [1746503035.656564196]: Publishing motor command - Left: 3497.468750, Right: 3496.779297[0m
[0m[ INFO] [1746503035.751510881]: Target - x: 630.000000, y: 0.000000, phi: 0.000000[0m
[0m[ INFO] [1746503035.751672131]: Current - x: 203.237198, y: 1.258601, phi: 0.981552[0m
[0m[ INFO] [1746503035.751767972]: Error - x: 426.762817, y: -1.258601[0m
[0m[ INFO] [1746503035.751869381]: error_y: -1.258601[0m
[0m[ INFO] [1746503035.751918790]: integral_error_y: -0.431135[0m
[0m[ INFO] [1746503035.751964071]: w: -2.295188[0m
[0m[ INFO] [1746503035.752027976]: Publishing motor command - Left: 3556.927979, Right: 3555.785400[0m
[0m[ INFO] [1746503035.850630869]: Target - x: 660.000000, y: 0.000000, phi: 0.000000[0m
[0m[ INFO] [1746503035.850789975]: Current - x: 226.729019, y: 1.733758, phi: 1.267657[0m
[0m[ INFO] [1746503035.850845432]: Error - x: 433.270996, y: -1.733758[0m
[0m[ INFO] [1746503035.850923769]: error_y: -1.733758[0m
[0m[ INFO] [1746503035.850973241]: integral_error_y: -0.604511[0m
[0m[ INFO] [1746503035.851088763]: w: -2.927696[0m
[0m[ INFO] [1746503035.851204541]: Publishing motor command - Left: 3611.320312, Right: 3609.863281[0m
[0m[ INFO] [1746503035.956645094]: Target - x: 690.000000, y: 0.000000, phi: 0.000000[0m
[0m[ INFO] [1746503035.956764551]: Current - x: 249.823303, y: 2.100912, phi: 1.126182[0m
[0m[ INFO] [1746503035.956828232]: Error - x: 440.176697, y: -2.100912[0m
[0m[ INFO] [1746503035.956869417]: error_y: -2.100912[0m
[0m[ INFO] [1746503035.956912553]: integral_error_y: -0.814602[0m
[0m[ INFO] [1746503035.956943434]: w: -3.026944[0m
[0m[ INFO] [1746503035.956979402]: Publishing motor command - Left: 3668.892334, Right: 3667.385742[0m
[0m[ INFO] [1746503036.052122408]: Target - x: 720.000000, y: 0.000000, phi: 0.000000[0m
[0m[ INFO] [1746503036.052519022]: Current - x: 277.330780, y: 2.725466, phi: 1.192210[0m
[0m[ INFO] [1746503036.052739857]: Error - x: 442.669220, y: -2.725466[0m
[0m[ INFO] [1746503036.052903251]: error_y: -2.725466[0m
[0m[ INFO] [1746503036.053043925]: integral_error_y: -1.087148[0m
[0m[ INFO] [1746503036.053123478]: w: -4.297723[0m
[0m[ INFO] [1746503036.053357881]: Publishing motor command - Left: 3689.979492, Right: 3687.840820[0m
[0m[ INFO] [1746503036.153087668]: Target - x: 750.000000, y: 0.000000, phi: 0.000000[0m
[0m[ INFO] [1746503036.153238294]: Current - x: 304.238373, y: 3.244995, phi: 1.152092[0m
[0m[ INFO] [1746503036.153317207]: Error - x: 445.761627, y: -3.244995[0m
[0m[ INFO] [1746503036.153352152]: error_y: -3.244995[0m
[0m[ INFO] [1746503036.153381624]: integral_error_y: -1.411648[0m
[0m[ INFO] [1746503036.153445977]: w: -4.557934[0m
[0m[ INFO] [1746503036.153495770]: Publishing motor command - Left: 3715.814453, Right: 3713.546143[0m
[0m[ INFO] [1746503036.250993591]: Target - x: 780.000000, y: 0.000000, phi: 0.000000[0m
[0m[ INFO] [1746503036.251125113]: Current - x: 333.353027, y: 3.867075, phi: 1.215725[0m
[0m[ INFO] [1746503036.251189370]: Error - x: 446.646973, y: -3.867075[0m
[0m[ INFO] [1746503036.251259163]: error_y: -3.867075[0m
[0m[ INFO] [1746503036.251291323]: integral_error_y: -1.798355[0m
[0m[ INFO] [1746503036.251317211]: w: -5.440257[0m
[0m[ INFO] [1746503036.251385500]: Publishing motor command - Left: 3723.411865, Right: 3720.704102[0m
[0m[ INFO] [1746503036.357447885]: Target - x: 810.000000, y: 0.000000, phi: 0.000000[0m
[0m[ INFO] [1746503036.357924403]: Current - x: 360.664062, y: 4.355563, phi: 0.960919[0m
[0m[ INFO] [1746503036.358279000]: Error - x: 449.335938, y: -4.355563[0m
[0m[ INFO] [1746503036.358402169]: error_y: -4.355563[0m
[0m[ INFO] [1746503036.358456154]: integral_error_y: -2.233912[0m
[0m[ INFO] [1746503036.363163961]: w: -5.599122[0m
[0m[ INFO] [1746503036.363288795]: Publishing motor command - Left: 3745.859375, Right: 3743.072998[0m
[0m[ INFO] [1746503036.451437563]: Target - x: 840.000000, y: 0.000000, phi: 0.000000[0m
[0m[ INFO] [1746503036.451608541]: Current - x: 390.983215, y: 5.015352, phi: 1.022755[0m
[0m[ INFO] [1746503036.451706494]: Error - x: 449.016785, y: -5.015352[0m
[0m[ INFO] [1746503036.451761247]: error_y: -5.015352[0m
[0m[ INFO] [1746503036.451810336]: integral_error_y: -2.735447[0m
[0m[ INFO] [1746503036.451854048]: w: -6.692179[0m
[0m[ INFO] [1746503036.451932513]: Publishing motor command - Left: 3743.471924, Right: 3740.141357[0m
[0m[ INFO] [1746503036.551992929]: Target - x: 870.000000, y: 0.000000, phi: 0.000000[0m
[0m[ INFO] [1746503036.552118883]: Current - x: 421.304993, y: 5.540299, phi: 1.084591[0m
[0m[ INFO] [1746503036.552179556]: Error - x: 448.695007, y: -5.540299[0m
[0m[ INFO] [1746503036.552231620]: error_y: -5.540299[0m
[0m[ INFO] [1746503036.552308549]: integral_error_y: -3.289477[0m
[0m[ INFO] [1746503036.552360166]: w: -6.885563[0m
[0m[ INFO] [1746503036.552425927]: Publishing motor command - Left: 3740.838623, Right: 3737.411377[0m
[0m[ INFO] [1746503036.650869009]: Target - x: 900.000000, y: 0.000000, phi: 0.000000[0m
[0m[ INFO] [1746503036.650959698]: Current - x: 452.429443, y: 6.112419, phi: 1.145230[0m
[0m[ INFO] [1746503036.651072372]: Error - x: 447.570557, y: -6.112419[0m
[0m[ INFO] [1746503036.651158869]: error_y: -6.112419[0m
[0m[ INFO] [1746503036.651235766]: integral_error_y: -3.900718[0m
[0m[ INFO] [1746503036.651274678]: w: -7.581724[0m
[0m[ INFO] [1746503036.651332407]: Publishing motor command - Left: 3731.641357, Right: 3727.867920[0m
[0m[ INFO] [1746503036.751912446]: Target - x: 930.000000, y: 0.000000, phi: 0.000000[0m
[0m[ INFO] [1746503036.752215042]: Current - x: 484.558380, y: 6.707247, phi: 1.097327[0m
[0m[ INFO] [1746503036.752407013]: Error - x: 445.441620, y: -6.707247[0m
[0m[ INFO] [1746503036.752788202]: error_y: -6.707247[0m
[0m[ INFO] [1746503036.753136046]: integral_error_y: -4.571443[0m
[0m[ INFO] [1746503036.753221039]: w: -8.240031[0m
[0m[ INFO] [1746503036.753325873]: Publishing motor command - Left: 3714.063721, Right: 3709.962891[0m
[0m[ INFO] [1746503036.851166515]: Target - x: 960.000000, y: 0.000000, phi: 0.000000[0m
[0m[ INFO] [1746503036.851412182]: Current - x: 515.878723, y: 7.437675, phi: 1.478801[0m
[0m[ INFO] [1746503036.851496567]: Error - x: 444.121277, y: -7.437675[0m
[0m[ INFO] [1746503036.851533848]: error_y: -7.437675[0m
[0m[ INFO] [1746503036.851562904]: integral_error_y: -5.315211[0m
[0m[ INFO] [1746503036.851591737]: w: -9.316899[0m
[0m[ INFO] [1746503036.851625433]: Publishing motor command - Left: 3703.329102, Right: 3698.692383[0m
[0m[ INFO] [1746503036.955733679]: Target - x: 990.000000, y: 0.000000, phi: 0.000000[0m
[0m[ INFO] [1746503036.955830128]: Current - x: 548.204834, y: 8.133885, phi: 1.751733[0m
[0m[ INFO] [1746503036.955891345]: Error - x: 441.795166, y: -8.133885[0m
[0m[ INFO] [1746503036.955963186]: error_y: -8.133885[0m
[0m[ INFO] [1746503036.956051507]: integral_error_y: -6.128599[0m
[0m[ INFO] [1746503036.956095540]: w: -9.935697[0m
[0m[ INFO] [1746503036.956232854]: Publishing motor command - Left: 3684.098633, Right: 3679.154053[0m
[0m[ INFO] [1746503037.050804875]: Target - x: 1020.000000, y: 0.000000, phi: 0.000000[0m
[0m[ INFO] [1746503037.050949741]: Current - x: 580.724915, y: 9.081244, phi: 2.131410[0m
[0m[ INFO] [1746503037.050998510]: Error - x: 439.275085, y: -9.081244[0m
[0m[ INFO] [1746503037.051045166]: error_y: -9.081244[0m
[0m[ INFO] [1746503037.051086991]: integral_error_y: -7.036724[0m
[0m[ INFO] [1746503037.051130960]: w: -11.520009[0m
[0m[ INFO] [1746503037.051180048]: Publishing motor command - Left: 3663.492188, Right: 3657.759033[0m
[0m[ INFO] [1746503037.152651970]: Target - x: 1020.000000, y: 0.000000, phi: 0.000000[0m
[0m[ INFO] [1746503037.153078151]: Current - x: 612.035767, y: 10.143167, phi: 2.512883[0m
[0m[ INFO] [1746503037.153177577]: Error - x: 407.964233, y: -10.143167[0m
[0m[ INFO] [1746503037.153280394]: Publishing motor command - Left: 193.846863, Right: -193.846863[0m
[0m[ INFO] [1746503037.250763718]: Target - x: 1020.000000, y: 0.000000, phi: 0.000000[0m
[0m[ INFO] [1746503037.250927720]: Current - x: 647.149902, y: 11.598201, phi: 2.995713[0m
[0m[ INFO] [1746503037.251037610]: Error - x: 372.850098, y: -11.598201[0m
[0m[ INFO] [1746503037.251144939]: Publishing motor command - Left: 74.764809, Right: -74.764809[0m
[0m[ INFO] [1746503037.355540292]: Target - x: 1020.000000, y: 0.000000, phi: 0.000000[0m
[0m[ INFO] [1746503037.355704646]: Current - x: 646.437866, y: 11.670978, phi: -13.702060[0m
[0m[ INFO] [1746503037.355883241]: Error - x: 373.562134, y: -11.670978[0m
[0m[ INFO] [1746503037.356051531]: Publishing motor command - Left: -1243.358643, Right: 1243.358643[0m
[0m[ INFO] [1746503037.451818512]: Target - x: 1020.000000, y: 0.000000, phi: 0.000000[0m
[0m[ INFO] [1746503037.452064915]: Current - x: 677.325684, y: 13.274960, phi: -13.748166[0m
[0m[ INFO] [1746503037.452275574]: Error - x: 342.674316, y: -13.274960[0m
[0m[ INFO] [1746503037.453104417]: Publishing motor command - Left: -208.136093, Right: 208.136093[0m
[0m[ INFO] [1746503037.557764221]: Target - x: 1020.000000, y: 0.000000, phi: 0.000000[0m
[0m[ INFO] [1746503037.558058401]: Current - x: 678.461548, y: 13.110392, phi: -2.831405[0m
[0m[ INFO] [1746503037.558268484]: Error - x: 341.538452, y: -13.110392[0m
[0m[ INFO] [1746503037.558510119]: Publishing motor command - Left: 636.864441, Right: -636.864441[0m
[0m[ INFO] [1746503037.656030436]: Target - x: 1020.000000, y: 0.000000, phi: 0.000000[0m
[0m[ INFO] [1746503037.656413833]: Current - x: 690.816406, y: 10.462094, phi: 0.468119[0m
[0m[ INFO] [1746503037.656787054]: Error - x: 329.183594, y: -10.462094[0m
[0m[ INFO] [1746503037.656954448]: Publishing motor command - Left: 212.254807, Right: -212.254807[0m
[0m[ INFO] [1746503037.752142253]: Target - x: 1020.000000, y: 0.000000, phi: 0.000000[0m
[0m[ INFO] [1746503037.752304112]: Current - x: 698.225891, y: 10.351308, phi: 4.417695[0m
[0m[ INFO] [1746503037.752407473]: Error - x: 321.774109, y: -10.351308[0m
[0m[ INFO] [1746503037.752700469]: Publishing motor command - Left: 311.664337, Right: -311.664337[0m
[0m[ INFO] [1746503037.852652626]: Target - x: 1020.000000, y: 0.000000, phi: 0.000000[0m
[0m[ INFO] [1746503037.852763347]: Current - x: 703.235962, y: 10.471498, phi: 6.229970[0m
[0m[ INFO] [1746503037.852833012]: Error - x: 316.764038, y: -10.471498[0m
[0m[ INFO] [1746503037.852981750]: Publishing motor command - Left: 205.759750, Right: -205.759750[0m
[0m[ INFO] [1746503037.952382124]: Target - x: 1020.000000, y: 0.000000, phi: 0.000000[0m
[0m[ INFO] [1746503037.952637072]: Current - x: 707.440186, y: 10.800024, phi: 6.330727[0m
[0m[ INFO] [1746503037.952756241]: Error - x: 312.559814, y: -10.800024[0m
[0m[ INFO] [1746503037.952857811]: Publishing motor command - Left: 100.789452, Right: -100.789452[0m
[0m[ INFO] [1746503038.057413357]: Target - x: 1020.000000, y: 0.000000, phi: 0.000000[0m
[0m[ INFO] [1746503038.057701649]: Current - x: 712.031250, y: 11.305263, phi: 6.430886[0m
[0m[ INFO] [1746503038.057855123]: Error - x: 307.968750, y: -11.305263[0m
[0m[ INFO] [1746503038.057973652]: Publishing motor command - Left: 102.247650, Right: -102.247650[0m
[0m[ INFO] [1746503038.150475404]: Target - x: 1020.000000, y: 0.000000, phi: 0.000000[0m
[0m[ INFO] [1746503038.150569998]: Current - x: 719.212219, y: 12.128438, phi: 6.848287[0m
[0m[ INFO] [1746503038.150645743]: Error - x: 300.787781, y: -12.128438[0m
[0m[ INFO] [1746503038.150706479]: Publishing motor command - Left: 128.215500, Right: -128.215500[0m
[0m[ INFO] [1746503038.250748205]: Target - x: 1020.000000, y: 0.000000, phi: 0.000000[0m
[0m[ INFO] [1746503038.250895215]: Current - x: 729.784912, y: 13.348656, phi: 7.153553[0m
[0m[ INFO] [1746503038.251473910]: Error - x: 290.215088, y: -13.348656[0m
[0m[ INFO] [1746503038.251531927]: Publishing motor command - Left: 125.797310, Right: -125.797310[0m
[0m[ INFO] [1746503038.351225392]: Target - x: 1020.000000, y: 0.000000, phi: 0.000000[0m
[0m[ INFO] [1746503038.351374482]: Current - x: 740.556580, y: 14.620359, phi: 6.923296[0m
[0m[ INFO] [1746503038.351441202]: Error - x: 279.443420, y: -14.620359[0m
[0m[ INFO] [1746503038.351509299]: Publishing motor command - Left: 89.044250, Right: -89.044250[0m
[0m[ INFO] [1746503038.450569347]: Target - x: 1020.000000, y: 0.000000, phi: 0.000000[0m
[0m[ INFO] [1746503038.450660165]: Current - x: 750.926208, y: 15.881036, phi: 6.479549[0m
[0m[ INFO] [1746503038.450701541]: Error - x: 269.073792, y: -15.881036[0m
[0m[ INFO] [1746503038.450742438]: Publishing motor command - Left: 69.137482, Right: -69.137482[0m
[0m[ INFO] [1746503038.550598208]: Target - x: 1020.000000, y: 0.000000, phi: 0.000000[0m
[0m[ INFO] [1746503038.550717730]: Current - x: 759.902893, y: 16.944454, phi: 6.144942[0m
[0m[ INFO] [1746503038.550773827]: Error - x: 260.097107, y: -16.944454[0m
[0m[ INFO] [1746503038.551022918]: Publishing motor command - Left: 70.931313, Right: -70.931313[0m
[0m[ INFO] [1746503038.655055353]: Target - x: 1020.000000, y: 0.000000, phi: 0.000000[0m
[0m[ INFO] [1746503038.655224571]: Current - x: 768.485474, y: 17.910112, phi: 6.025023[0m
[0m[ INFO] [1746503038.655342621]: Error - x: 251.514526, y: -17.910112[0m
[0m[ INFO] [1746503038.655444702]: Publishing motor command - Left: 82.496727, Right: -82.496727[0m
[0m[ INFO] [1746503038.755389786]: Target - x: 1020.000000, y: 0.000000, phi: 0.000000[0m
[0m[ INFO] [1746503038.756199269]: Current - x: 776.875183, y: 18.796585, phi: 5.798360[0m
[0m[ INFO] [1746503038.756453224]: Error - x: 243.124817, y: -18.796585[0m
[0m[ INFO] [1746503038.756629034]: Publishing motor command - Left: 72.471855, Right: -72.471855[0m
[0m[ INFO] [1746503038.854418057]: Target - x: 1020.000000, y: 0.000000, phi: 0.000000[0m
[0m[ INFO] [1746503038.854582508]: Current - x: 784.666077, y: 19.610723, phi: 5.679639[0m
[0m[ INFO] [1746503038.854678157]: Error - x: 235.333923, y: -19.610723[0m
[0m[ INFO] [1746503038.854763342]: Publishing motor command - Left: 77.414459, Right: -77.414459[0m
[0m[ INFO] [1746503038.956954280]: Target - x: 1020.000000, y: 0.000000, phi: 0.000000[0m
[0m[ INFO] [1746503038.957354381]: Current - x: 791.864319, y: 20.313839, phi: 5.240682[0m
[0m[ INFO] [1746503038.957526608]: Error - x: 228.135681, y: -20.313839[0m
[0m[ INFO] [1746503038.957635665]: Publishing motor command - Left: 50.938519, Right: -50.938519[0m
[0m[ INFO] [1746503039.051109846]: Target - x: 1020.000000, y: 0.000000, phi: 0.000000[0m
[0m[ INFO] [1746503039.051233623]: Current - x: 799.061584, y: 21.015377, phi: 5.015814[0m
[0m[ INFO] [1746503039.051314392]: Error - x: 220.938416, y: -21.015377[0m
[0m[ INFO] [1746503039.051407034]: Publishing motor command - Left: 60.899731, Right: -60.899731[0m
[0m[ INFO] [1746503039.153788021]: Target - x: 1020.000000, y: 0.000000, phi: 0.000000[0m
[0m[ INFO] [1746503039.153958391]: Current - x: 805.262756, y: 21.577820, phi: 4.899488[0m
[0m[ INFO] [1746503039.154074297]: Error - x: 214.737244, y: -21.577820[0m
[0m[ INFO] [1746503039.154242619]: Publishing motor command - Left: 65.915382, Right: -65.915382[0m
[0m[ INFO] [1746503039.258498128]: Target - x: 1020.000000, y: 0.000000, phi: 0.000000[0m
[0m[ INFO] [1746503039.258887317]: Current - x: 811.665100, y: 22.139193, phi: 4.889908[0m
[0m[ INFO] [1746503039.259051863]: Error - x: 208.334900, y: -22.139193[0m
[0m[ INFO] [1746503039.259190297]: Publishing motor command - Left: 72.413033, Right: -72.413033[0m
[0m[ INFO] [1746503039.355801223]: Target - x: 1020.000000, y: 0.000000, phi: 0.000000[0m
[0m[ INFO] [1746503039.356186764]: Current - x: 818.269714, y: 22.698563, phi: 4.772984[0m
[0m[ INFO] [1746503039.356337710]: Error - x: 201.730286, y: -22.698563[0m
[0m[ INFO] [1746503039.359153172]: Publishing motor command - Left: 63.989368, Right: -63.989368[0m
[0m[ INFO] [1746503039.452028080]: Target - x: 1020.000000, y: 0.000000, phi: 0.000000[0m
[0m[ INFO] [1746503039.452355220]: Current - x: 824.073975, y: 23.189226, phi: 4.657256[0m
[0m[ INFO] [1746503039.452454294]: Error - x: 195.926025, y: -23.189226[0m
[0m[ INFO] [1746503039.452565399]: Publishing motor command - Left: 62.335949, Right: -62.335949[0m
[0m[ INFO] [1746503039.551944202]: Target - x: 1020.000000, y: 0.000000, phi: 0.000000[0m
[0m[ INFO] [1746503039.552407504]: Current - x: 829.881165, y: 23.657290, phi: 4.327440[0m
[0m[ INFO] [1746503039.552620819]: Error - x: 190.118835, y: -23.657290[0m
[0m[ INFO] [1746503039.552774517]: Publishing motor command - Left: 44.092999, Right: -44.092999[0m
[0m[ INFO] [1746503039.651696898]: Target - x: 1020.000000, y: 0.000000, phi: 0.000000[0m
[0m[ INFO] [1746503039.652235946]: Current - x: 834.886597, y: 24.060013, phi: 4.212910[0m
[0m[ INFO] [1746503039.652349035]: Error - x: 185.113403, y: -24.060013[0m
[0m[ INFO] [1746503039.652445612]: Publishing motor command - Left: 55.776134, Right: -55.776134[0m
[0m[ INFO] [1746503039.751824575]: Target - x: 1020.000000, y: 0.000000, phi: 0.000000[0m
[0m[ INFO] [1746503039.752304326]: Current - x: 839.497131, y: 24.386974, phi: 3.670801[0m
[0m[ INFO] [1746503039.752471880]: Error - x: 180.502869, y: -24.386974[0m
[0m[ INFO] [1746503039.753215762]: Publishing motor command - Left: 21.082132, Right: -21.082132[0m
[0m[ INFO] [1746503039.851015792]: Target - x: 1020.000000, y: 0.000000, phi: 0.000000[0m
[0m[ INFO] [1746503039.851169138]: Current - x: 844.505493, y: 24.750868, phi: 3.556271[0m
[0m[ INFO] [1746503039.851261555]: Error - x: 175.494507, y: -24.750868[0m
[0m[ INFO] [1746503039.851336660]: Publishing motor command - Left: 45.972153, Right: -45.972153[0m
[0m[ INFO] [1746503039.953987219]: Target - x: 1020.000000, y: 0.000000, phi: 0.000000[0m
[0m[ INFO] [1746503039.954597660]: Current - x: 849.117859, y: 25.033520, phi: 3.228251[0m
[0m[ INFO] [1746503039.954784542]: Error - x: 170.882141, y: -25.033520[0m
[0m[ INFO] [1746503039.954974977]: Publishing motor command - Left: 27.793243, Right: -27.793243[0m
[0m[ INFO] [1746503040.051087463]: Target - x: 1020.000000, y: 0.000000, phi: 0.000000[0m
[0m[ INFO] [1746503040.051249418]: Current - x: 853.527832, y: 25.307341, phi: 3.221665[0m
[0m[ INFO] [1746503040.051350987]: Error - x: 166.472168, y: -25.307341[0m
[0m[ INFO] [1746503040.051496493]: Publishing motor command - Left: 47.691494, Right: -47.691494[0m
[0m[ INFO] [1746503040.155280250]: Target - x: 1020.000000, y: 0.000000, phi: 0.000000[0m
[0m[ INFO] [1746503040.155755424]: Current - x: 857.539856, y: 25.525900, phi: 3.001587[0m
[0m[ INFO] [1746503040.155868610]: Error - x: 162.460144, y: -25.525900[0m
[0m[ INFO] [1746503040.156010852]: Publishing motor command - Left: 31.124222, Right: -31.124222[0m
[0m[ INFO] [1746503040.256256385]: Target - x: 1020.000000, y: 0.000000, phi: 0.000000[0m
[0m[ INFO] [1746503040.256458372]: Current - x: 861.350525, y: 25.736637, phi: 2.888854[0m
[0m[ INFO] [1746503040.256690215]: Error - x: 158.649475, y: -25.736637[0m
[0m[ INFO] [1746503040.256785512]: Publishing motor command - Left: 36.119003, Right: -36.119003[0m
[0m[ INFO] [1746503040.355359536]: Target - x: 1020.000000, y: 0.000000, phi: 0.000000[0m
[0m[ INFO] [1746503040.355717012]: Current - x: 865.162048, y: 25.932735, phi: 2.776121[0m
[0m[ INFO] [1746503040.355809398]: Error - x: 154.837952, y: -25.932735[0m
[0m[ INFO] [1746503040.355949751]: Publishing motor command - Left: 34.435829, Right: -34.435829[0m
[0m[ INFO] [1746503040.451274611]: Target - x: 1020.000000, y: 0.000000, phi: 0.000000[0m
[0m[ INFO] [1746503040.451614232]: Current - x: 868.973877, y: 26.121332, phi: 2.663388[0m
[0m[ INFO] [1746503040.451922300]: Error - x: 151.026123, y: -26.121332[0m
[0m[ INFO] [1746503040.452071934]: Publishing motor command - Left: 32.752666, Right: -32.752666[0m
[0m[ INFO] [1746503040.557733348]: Target - x: 1020.000000, y: 0.000000, phi: 0.000000[0m
[0m[ INFO] [1746503040.558268843]: Current - x: 872.384888, y: 26.283388, phi: 2.551254[0m
[0m[ INFO] [1746503040.558391565]: Error - x: 147.615112, y: -26.283388[0m
[0m[ INFO] [1746503040.558487566]: Publishing motor command - Left: 31.115698, Right: -31.115698[0m
[0m[ INFO] [1746503040.651016388]: Target - x: 1020.000000, y: 0.000000, phi: 0.000000[0m
[0m[ INFO] [1746503040.651178951]: Current - x: 875.394958, y: 26.420475, phi: 2.439718[0m
[0m[ INFO] [1746503040.651243463]: Error - x: 144.605042, y: -26.420475[0m
[0m[ INFO] [1746503040.651323592]: Publishing motor command - Left: 29.487650, Right: -29.487650[0m
[0m[ INFO] [1746503040.752106381]: Target - x: 1020.000000, y: 0.000000, phi: 0.000000[0m
[0m[ INFO] [1746503040.752270735]: Current - x: 878.806580, y: 26.569141, phi: 2.327584[0m
[0m[ INFO] [1746503040.752391217]: Error - x: 141.193420, y: -26.569141[0m
[0m[ INFO] [1746503040.752510771]: Publishing motor command - Left: 27.776163, Right: -27.776163[0m
[0m[ INFO] [1746503040.855433076]: Target - x: 1020.000000, y: 0.000000, phi: 0.000000[0m
[0m[ INFO] [1746503040.855719192]: Current - x: 881.817139, y: 26.694477, phi: 2.216048[0m
[0m[ INFO] [1746503040.855804345]: Error - x: 138.182861, y: -26.694477[0m
[0m[ INFO] [1746503040.855914203]: Publishing motor command - Left: 26.148134, Right: -26.148134[0m
[0m[ INFO] [1746503040.955408558]: Target - x: 1020.000000, y: 0.000000, phi: 0.000000[0m
[0m[ INFO] [1746503040.955565776]: Current - x: 884.025208, y: 26.782097, phi: 2.105710[0m
[0m[ INFO] [1746503040.955626705]: Error - x: 135.974792, y: -26.782097[0m
[0m[ INFO] [1746503040.955716914]: Publishing motor command - Left: 24.575228, Right: -24.575228[0m
[0m[ INFO] [1746503041.057127135]: Target - x: 1020.000000, y: 0.000000, phi: 0.000000[0m
[0m[ INFO] [1746503041.057270913]: Current - x: 886.634827, y: 26.880550, phi: 1.994773[0m
[0m[ INFO] [1746503041.057342530]: Error - x: 133.365173, y: -26.880550[0m
[0m[ INFO] [1746503041.057397026]: Publishing motor command - Left: 22.881620, Right: -22.881620[0m
[0m[ INFO] [1746503041.157582238]: Target - x: 1020.000000, y: 0.000000, phi: 0.000000[0m
[0m[ INFO] [1746503041.157960451]: Current - x: 889.043274, y: 26.969030, phi: 1.991181[0m
[0m[ INFO] [1746503041.158181894]: Error - x: 130.956726, y: -26.969030[0m
[0m[ INFO] [1746503041.158233383]: Publishing motor command - Left: 29.505938, Right: -29.505938[0m
[0m[ INFO] [1746503041.258489763]: Target - x: 1020.000000, y: 0.000000, phi: 0.000000[0m
[0m[ INFO] [1746503041.258943721]: Current - x: 891.653259, y: 27.057404, phi: 1.880244[0m
[0m[ INFO] [1746503041.259131468]: Error - x: 128.346741, y: -27.057404[0m
[0m[ INFO] [1746503041.259244461]: Publishing motor command - Left: 21.171642, Right: -21.171642[0m
[0m[ INFO] [1746503041.356249823]: Target - x: 1020.000000, y: 0.000000, phi: 0.000000[0m
[0m[ INFO] [1746503041.356365248]: Current - x: 894.063171, y: 27.136606, phi: 1.662562[0m
[0m[ INFO] [1746503041.356427425]: Error - x: 125.936829, y: -27.136606[0m
[0m[ INFO] [1746503041.356491554]: Publishing motor command - Left: 11.280828, Right: -11.280828[0m
[0m[ INFO] [1746503041.458714553]: Target - x: 1020.000000, y: 0.000000, phi: 0.000000[0m
[0m[ INFO] [1746503041.459142110]: Current - x: 895.669006, y: 27.189289, phi: 1.660167[0m
[0m[ INFO] [1746503041.459317633]: Error - x: 124.330994, y: -27.189289[0m
[0m[ INFO] [1746503041.459466019]: Publishing motor command - Left: 24.638208, Right: -24.638208[0m
[0m[ INFO] [1746503041.553898129]: Target - x: 1020.000000, y: 0.000000, phi: 0.000000[0m
[0m[ INFO] [1746503041.554457945]: Current - x: 896.874756, y: 27.222013, phi: 1.444281[0m
[0m[ INFO] [1746503041.554568698]: Error - x: 123.125244, y: -27.222013[0m
[0m[ INFO] [1746503041.554796541]: Publishing motor command - Left: 8.133526, Right: -8.133526[0m
[0m[ INFO] [1746503041.653607111]: Target - x: 1020.000000, y: 0.000000, phi: 0.000000[0m
[0m[ INFO] [1746503041.653991756]: Current - x: 898.882324, y: 27.280146, phi: 1.441287[0m
[0m[ INFO] [1746503041.654157614]: Error - x: 121.117676, y: -27.280146[0m
[0m[ INFO] [1746503041.654229615]: Publishing motor command - Left: 21.332972, Right: -21.332972[0m
[0m[ INFO] [1746503041.754531052]: Target - x: 1020.000000, y: 0.000000, phi: 0.000000[0m
[0m[ INFO] [1746503041.754649870]: Current - x: 900.488525, y: 27.320610, phi: 1.438892[0m
[0m[ INFO] [1746503041.754773776]: Error - x: 119.511475, y: -27.320610[0m
[0m[ INFO] [1746503041.754858897]: Publishing motor command - Left: 21.334455, Right: -21.334455[0m
[0m[ INFO] [1746503041.857826962]: Target - x: 1020.000000, y: 0.000000, phi: 0.000000[0m
[0m[ INFO] [1746503041.858425210]: Current - x: 902.095947, y: 27.358015, phi: 1.222407[0m
[0m[ INFO] [1746503041.858600188]: Error - x: 117.904053, y: -27.358015[0m
[0m[ INFO] [1746503041.859206948]: Publishing motor command - Left: 4.783578, Right: -4.783578[0m
[0m[ INFO] [1746503041.950571498]: Target - x: 1020.000000, y: 0.000000, phi: 0.000000[0m
[0m[ INFO] [1746503041.950741388]: Current - x: 904.305115, y: 27.411377, phi: 1.112069[0m
[0m[ INFO] [1746503041.950865454]: Error - x: 115.694885, y: -27.411377[0m
[0m[ INFO] [1746503041.950929550]: Publishing motor command - Left: 9.739618, Right: -9.739618[0m
[0m[ INFO] [1746503042.051018728]: Target - x: 1020.000000, y: 0.000000, phi: 0.000000[0m
[0m[ INFO] [1746503042.051194251]: Current - x: 905.911438, y: 27.445621, phi: 1.109674[0m
[0m[ INFO] [1746503042.051311692]: Error - x: 114.088562, y: -27.445621[0m
[0m[ INFO] [1746503042.051426446]: Publishing motor command - Left: 16.419052, Right: -16.419052[0m
[0m[ INFO] [1746503042.152448659]: Target - x: 1020.000000, y: 0.000000, phi: 0.000000[0m
[0m[ INFO] [1746503042.152613334]: Current - x: 907.317627, y: 27.471579, phi: 1.000534[0m
[0m[ INFO] [1746503042.152720887]: Error - x: 112.682373, y: -27.471579[0m
[0m[ INFO] [1746503042.152784344]: Publishing motor command - Left: 8.148833, Right: -8.148833[0m
[0m[ INFO] [1746503042.257485231]: Target - x: 1020.000000, y: 0.000000, phi: 0.000000[0m
[0m[ INFO] [1746503042.257579664]: Current - x: 908.723877, y: 27.497477, phi: 0.891393[0m
[0m[ INFO] [1746503042.257647185]: Error - x: 111.276123, y: -27.497477[0m
[0m[ INFO] [1746503042.257723602]: Publishing motor command - Left: 6.519302, Right: -6.519302[0m
[0m[ INFO] [1746503042.352144607]: Target - x: 1020.000000, y: 0.000000, phi: 0.000000[0m
[0m[ INFO] [1746503042.352606790]: Current - x: 910.130127, y: 27.520695, phi: 0.782253[0m
[0m[ INFO] [1746503042.353166253]: Error - x: 109.869873, y: -27.520695[0m
[0m[ INFO] [1746503042.353527346]: Publishing motor command - Left: 4.889774, Right: -4.889774[0m
[0m[ INFO] [1746503042.453404776]: Target - x: 1020.000000, y: 0.000000, phi: 0.000000[0m
[0m[ INFO] [1746503042.453805198]: Current - x: 911.736633, y: 27.545658, phi: 0.779858[0m
[0m[ INFO] [1746503042.454010736]: Error - x: 108.263367, y: -27.545658[0m
[0m[ INFO] [1746503042.454506807]: Publishing motor command - Left: 11.494709, Right: -11.494709[0m
[0m[ INFO] [1746503042.558443876]: Target - x: 1020.000000, y: 0.000000, phi: 0.000000[0m
[0m[ INFO] [1746503042.558800232]: Current - x: 913.142944, y: 27.563520, phi: 0.670717[0m
[0m[ INFO] [1746503042.558985899]: Error - x: 106.857056, y: -27.563520[0m
[0m[ INFO] [1746503042.559159437]: Publishing motor command - Left: 3.224490, Right: -3.224490[0m
[0m[ INFO] [1746503042.657846260]: Target - x: 1020.000000, y: 0.000000, phi: 0.000000[0m
[0m[ INFO] [1746503042.658398427]: Current - x: 914.549316, y: 27.581324, phi: 0.561577[0m
[0m[ INFO] [1746503042.659101509]: Error - x: 105.450684, y: -27.581324[0m
[0m[ INFO] [1746503042.659274023]: Publishing motor command - Left: 1.594959, Right: -1.594959[0m
[0m[ INFO] [1746503042.756659740]: Target - x: 1020.000000, y: 0.000000, phi: 0.000000[0m
[0m[ INFO] [1746503042.756783006]: Current - x: 915.955688, y: 27.596447, phi: 0.452437[0m
[0m[ INFO] [1746503042.757701386]: Error - x: 104.044312, y: -27.596447[0m
[0m[ INFO] [1746503042.757842988]: Publishing motor command - Left: -0.034566, Right: 0.034566[0m
[0m[ INFO] [1746503042.855830473]: Target - x: 1020.000000, y: 0.000000, phi: 0.000000[0m
[0m[ INFO] [1746503042.856209294]: Current - x: 916.959229, y: 27.607208, phi: 0.557984[0m
[0m[ INFO] [1746503042.856305263]: Error - x: 103.040771, y: -27.607208[0m
[0m[ INFO] [1746503042.856543442]: Publishing motor command - Left: 14.897213, Right: -14.897213[0m
[0m[ INFO] [1746503042.953306527]: Target - x: 1020.000000, y: 0.000000, phi: 0.000000[0m
[0m[ INFO] [1746503042.953450561]: Current - x: 917.762573, y: 27.613544, phi: 0.556787[0m
[0m[ INFO] [1746503042.953538338]: Error - x: 102.237427, y: -27.613544[0m
[0m[ INFO] [1746503042.953607491]: Publishing motor command - Left: 8.238635, Right: -8.238635[0m
[0m[ INFO] [1746503043.050439760]: Target - x: 1020.000000, y: 0.000000, phi: 0.000000[0m
[0m[ INFO] [1746503043.050531794]: Current - x: 918.767334, y: 27.622377, phi: 0.448245[0m
[0m[ INFO] [1746503043.050599475]: Error - x: 101.232666, y: -27.622377[0m
[0m[ INFO] [1746503043.050663539]: Publishing motor command - Left: -0.059899, Right: 0.059899[0m
[0m[ INFO] [1746503043.159472576]: Target - x: 1020.000000, y: 0.000000, phi: 0.000000[0m
[0m[ INFO] [1746503043.159901990]: Current - x: 919.770874, y: 27.633055, phi: 0.553793[0m
[0m[ INFO] [1746503043.160078376]: Error - x: 100.229126, y: -27.633055[0m
[0m[ INFO] [1746503043.160174729]: Publishing motor command - Left: 14.834629, Right: -14.834629[0m
[0m[ INFO] [1746503043.258547531]: Target - x: 1020.000000, y: 0.000000, phi: 0.000000[0m
[0m[ INFO] [1746503043.259014737]: Current - x: 920.575378, y: 27.637836, phi: 0.338506[0m
[0m[ INFO] [1746503043.259192755]: Error - x: 99.424622, y: -27.637836[0m
[0m[ INFO] [1746503043.259313557]: Publishing motor command - Left: -8.339061, Right: 8.339061[0m
[0m[ INFO] [1746503043.354610157]: Target - x: 1020.000000, y: 0.000000, phi: 0.000000[0m
[0m[ INFO] [1746503043.354744271]: Current - x: 921.378662, y: 27.645594, phi: 0.337308[0m
[0m[ INFO] [1746503043.354840112]: Error - x: 98.621338, y: -27.645594[0m
[0m[ INFO] [1746503043.354931217]: Publishing motor command - Left: 4.961699, Right: -4.961699[0m
[0m[ INFO] [1746503043.451721693]: Target - x: 1020.000000, y: 0.000000, phi: 0.000000[0m
[0m[ INFO] [1746503043.451837823]: Current - x: 922.383423, y: 27.650578, phi: 0.228767[0m
[0m[ INFO] [1746503043.451909824]: Error - x: 97.616577, y: -27.650578[0m
[0m[ INFO] [1746503043.451987297]: Publishing motor command - Left: -3.336832, Right: 3.336832[0m
[0m[ INFO] [1746503043.556467732]: Target - x: 1020.000000, y: 0.000000, phi: 0.000000[0m
[0m[ INFO] [1746503043.556864281]: Current - x: 922.986511, y: 27.653561, phi: 0.120824[0m
[0m[ INFO] [1746503043.557042779]: Error - x: 97.013489, y: -27.653561[0m
[0m[ INFO] [1746503043.557140445]: Publishing motor command - Left: -4.911230, Right: 4.911230[0m
[0m[ INFO] [1746503043.650901792]: Target - x: 1020.000000, y: 0.000000, phi: 0.000000[0m
[0m[ INFO] [1746503043.650997377]: Current - x: 923.789856, y: 27.656759, phi: 0.119626[0m
[0m[ INFO] [1746503043.651068738]: Error - x: 96.210144, y: -27.656759[0m
[0m[ INFO] [1746503043.651148611]: Publishing motor command - Left: 1.711584, Right: -1.711584[0m
[0m[ INFO] [1746503043.759180774]: Target - x: 1020.000000, y: 0.000000, phi: 0.000000[0m
[0m[ INFO] [1746503043.759763981]: Current - x: 924.593201, y: 27.658445, phi: 0.118429[0m
[0m[ INFO] [1746503043.759950928]: Error - x: 95.406799, y: -27.658445[0m
[0m[ INFO] [1746503043.760393270]: Publishing motor command - Left: 1.693704, Right: -1.693704[0m
[0m[ INFO] [1746503043.850779212]: Target - x: 1020.000000, y: 0.000000, phi: 0.000000[0m
[0m[ INFO] [1746503043.850910990]: Current - x: 925.598022, y: 27.659592, phi: 0.009887[0m
[0m[ INFO] [1746503043.850966703]: Error - x: 94.401978, y: -27.659592[0m
[0m[ INFO] [1746503043.851019824]: Publishing motor command - Left: -6.604828, Right: 6.604828[0m
[0m[ INFO] [1746503043.958669485]: Target - x: 1020.000000, y: 0.000000, phi: 0.000000[0m
[0m[ INFO] [1746503043.959198452]: Current - x: 925.999695, y: 27.660419, phi: 0.009288[0m
[0m[ INFO] [1746503043.959312917]: Error - x: 94.000305, y: -27.660419[0m
[0m[ INFO] [1746503043.959424055]: Publishing motor command - Left: 0.101428, Right: -0.101428[0m
[0m[ INFO] [1746503044.050988668]: Target - x: 1020.000000, y: 0.000000, phi: 0.000000[0m
[0m[ INFO] [1746503044.051142334]: Current - x: 926.401367, y: 27.660486, phi: 0.008689[0m
[0m[ INFO] [1746503044.051253184]: Error - x: 93.598633, y: -27.660486[0m
[0m[ INFO] [1746503044.051336321]: Publishing motor command - Left: 0.092487, Right: -0.092487[0m
[0m[ INFO] [1746503044.157340039]: Target - x: 1020.000000, y: 0.000000, phi: 0.000000[0m
[0m[ INFO] [1746503044.157688716]: Current - x: 926.401367, y: 27.660486, phi: 0.008689[0m
[0m[ INFO] [1746503044.158541687]: Error - x: 93.598633, y: -27.660486[0m
[0m[ INFO] [1746503044.158814139]: Publishing motor command - Left: 0.129738, Right: -0.129738[0m
[0m[ INFO] [1746503044.259069172]: Target - x: 1020.000000, y: 0.000000, phi: 0.000000[0m
[0m[ INFO] [1746503044.259520954]: Current - x: 926.401367, y: 27.660486, phi: 0.008689[0m
[0m[ INFO] [1746503044.259661660]: Error - x: 93.598633, y: -27.660486[0m
[0m[ INFO] [1746503044.259827358]: Publishing motor command - Left: 0.129738, Right: -0.129738[0m
[0m[ INFO] [1746503044.357536725]: Target - x: 1020.000000, y: 0.000000, phi: 0.000000[0m
[0m[ INFO] [1746503044.357967323]: Current - x: 926.401367, y: 27.660486, phi: 0.008689[0m
[0m[ INFO] [1746503044.358505090]: Error - x: 93.598633, y: -27.660486[0m
[0m[ INFO] [1746503044.358775750]: Publishing motor command - Left: 0.129738, Right: -0.129738[0m
[0m[ INFO] [1746503044.458639354]: Target - x: 1020.000000, y: 0.000000, phi: 0.000000[0m
[0m[ INFO] [1746503044.459098880]: Current - x: 926.401367, y: 27.660486, phi: 0.008689[0m
[0m[ INFO] [1746503044.459282754]: Error - x: 93.598633, y: -27.660486[0m
[0m[ INFO] [1746503044.459386980]: Publishing motor command - Left: 0.129738, Right: -0.129738[0m
[0m[ INFO] [1746503044.557584353]: Target - x: 1020.000000, y: 0.000000, phi: 0.000000[0m
[0m[ INFO] [1746503044.557996231]: Current - x: 926.401367, y: 27.660486, phi: 0.008689[0m
[0m[ INFO] [1746503044.558375052]: Error - x: 93.598633, y: -27.660486[0m
[0m[ INFO] [1746503044.558586639]: Publishing motor command - Left: 0.129738, Right: -0.129738[0m
[0m[ INFO] [1746503044.657992541]: Target - x: 1020.000000, y: 0.000000, phi: 0.000000[0m
[0m[ INFO] [1746503044.658575108]: Current - x: 926.401367, y: 27.660486, phi: 0.008689[0m
[0m[ INFO] [1746503044.658674694]: Error - x: 93.598633, y: -27.660486[0m
[0m[ INFO] [1746503044.658790439]: Publishing motor command - Left: 0.129738, Right: -0.129738[0m
[0m[ INFO] [1746503044.757612301]: Target - x: 1020.000000, y: 0.000000, phi: 0.000000[0m
[0m[ INFO] [1746503044.757963666]: Current - x: 926.401367, y: 27.660486, phi: 0.008689[0m
[0m[ INFO] [1746503044.758095540]: Error - x: 93.598633, y: -27.660486[0m
[0m[ INFO] [1746503044.758438360]: Publishing motor command - Left: 0.129738, Right: -0.129738[0m
[0m[ INFO] [1746503044.852386589]: Target - x: 1020.000000, y: 0.000000, phi: 0.000000[0m
[0m[ INFO] [1746503044.852848836]: Current - x: 926.401367, y: 27.660486, phi: 0.008689[0m
[0m[ INFO] [1746503044.853036934]: Error - x: 93.598633, y: -27.660486[0m
[0m[ INFO] [1746503044.853148328]: Publishing motor command - Left: 0.129738, Right: -0.129738[0m
[0m[ INFO] [1746503044.959704821]: Target - x: 1020.000000, y: 0.000000, phi: 0.000000[0m
[0m[ INFO] [1746503044.960159003]: Current - x: 926.401367, y: 27.660486, phi: 0.008689[0m
[0m[ INFO] [1746503044.960273340]: Error - x: 93.598633, y: -27.660486[0m
[0m[ INFO] [1746503044.960482239]: Publishing motor command - Left: 0.129738, Right: -0.129738[0m
[0m[ INFO] [1746503045.059169763]: Target - [0m[ INFO] [1746503037.087854460]: Reached 5 meters, transitioning to TURNING state.[0m
[0m[ INFO] [1746503030.341412826]: [I2C FOR MOTORS] Now launching this node in namespace: /asc[0m
[0m[ INFO] [1746503030.365226107]: [I2C FOR MOTORS] publish motor duty cycle requests from command line with: rostopic pub --once /asc/set_motor_duty_cycle asclinic_pkg/LeftRightFloat32 "{left: 10.1, right: 10.1}"[0m
[0m[ INFO] [1746503030.365382397]: [I2C FOR MOTORS] Successfully opened named /dev/i2c-1, with file descriptor = 10[0m
[0m[ INFO] [1746503030.365480671]: [I2C FOR MOTORS] Actual acceleration limit = 0.0003125%/ms (after conversation to "internal units")[0m
[0m[ INFO] [1746503030.365525151]: [I2C FOR MOTORS] Actual deceleration limit = 0.0015625%/ms (after conversation to "internal units")[0m
[0m[ INFO] [1746503030.365591456]: [I2C FOR MOTORS] Now initialising SMC with I2C address 13[0m
[0m[ INFO] [1746503030.382082623]: [I2C FOR MOTORS] Now initialising SMC with I2C address 14[0m
[0m[ INFO] [1746503030.405454490]: [I2C FOR MOTORS] Node initialisation complete[0m
x: 1020.000000, y: 0.000000, phi: 0.000000[0m
[0m[ INFO] [1746503045.060501525]: Current - x: 926.401367, y: 27.660486, phi: 0.008689[0m
[0m[ INFO] [1746503045.060618038]: Error - x: 93.598633, y: -27.660486[0m
[0m[ INFO] [1746503045.061875687]: Publishing motor command - Left: 0.129738, Right: -0.129738[0m
[0m[ INFO] [1746503045.157471105]: Target - x: 1020.000000, y: 0.000000, phi: 0.000000[0m
[0m[ INFO] [1746503045.157922823]: Current - x: 926.401367, y: 27.660486, phi: 0.008689[0m
[0m[ INFO] [1746503045.158513679]: Error - x: 93.598633, y: -27.660486[0m
[0m[ INFO] [1746503045.158782322]: Publishing motor command - Left: 0.129738, Right: -0.129738[0m
[0m[ INFO] [1746503045.250983327]: Target - x: 1020.000000, y: 0.000000, phi: 0.000000[0m
[0m[ INFO] [1746503045.251120513]: Current - x: 926.401367, y: 27.660486, phi: 0.008689[0m
[0m[ INFO] [1746503045.251194882]: Error - x: 93.598633, y: -27.660486[0m
[0m[ INFO] [1746503045.251290883]: Publishing motor command - Left: 0.129738, Right: -0.129738[0m
[0m[ INFO] [1746503045.352384806]: Target - x: 1020.000000, y: 0.000000, phi: 0.000000[0m
[0m[ INFO] [1746503045.352526984]: Current - x: 926.401367, y: 27.660486, phi: 0.008689[0m
[0m[ INFO] [1746503045.352589161]: Error - x: 93.598633, y: -27.660486[0m
[0m[ INFO] [1746503045.352657994]: Publishing motor command - Left: 0.129738, Right: -0.129738[0m
[0m[ INFO] [1746503045.457003833]: Target - x: 1020.000000, y: 0.000000, phi: 0.000000[0m
[0m[ INFO] [1746503045.457444191]: Current - x: 926.401367, y: 27.660486, phi: 0.008689[0m
[0m[ INFO] [1746503045.457592033]: Error - x: 93.598633, y: -27.660486[0m
[0m[ INFO] [1746503045.457781123]: Publishing motor command - Left: 0.129738, Right: -0.129738[0m
[0m[ INFO] [1746503045.558511809]: Target - x: 1020.000000, y: 0.000000, phi: 0.000000[0m
[0m[ INFO] [1746503045.558981160]: Current - x: 926.401367, y: 27.660486, phi: 0.008689[0m
[0m[ INFO] [1746503045.559151722]: Error - x: 93.598633, y: -27.660486[0m
[0m[ INFO] [1746503045.559259179]: Publishing motor command - Left: 0.129738, Right: -0.129738[0m
[0m[ INFO] [1746503045.659637797]: Target - x: 1020.000000, y: 0.000000, phi: 0.000000[0m
[0m[ INFO] [1746503045.660062987]: Current - x: 926.401367, y: 27.660486, phi: 0.008689[0m
[0m[ INFO] [1746503045.660184876]: Error - x: 93.598633, y: -27.660486[0m
[0m[ INFO] [1746503045.660360847]: Publishing motor command - Left: 0.129738, Right: -0.129738[0m
[0m[ INFO] [1746503045.758283336]: Target - x: 1020.000000, y: 0.000000, phi: 0.000000[0m
[0m[ INFO] [1746503045.758650573]: Current - x: 926.401367, y: 27.660486, phi: 0.008689[0m
[0m[ INFO] [1746503045.758810639]: Error - x: 93.598633, y: -27.660486[0m
[0m[ INFO] [1746503045.759030322]: Publishing motor command - Left: 0.129738, Right: -0.129738[0m
[0m[ INFO] [1746503045.852727314]: Target - x: 1020.000000, y: 0.000000, phi: 0.000000[0m
[0m[ INFO] [1746503045.853080343]: Current - x: 926.401367, y: 27.660486, phi: 0.008689[0m
[0m[ INFO] [1746503045.853166168]: Error - x: 93.598633, y: -27.660486[0m
[0m[ INFO] [1746503045.853354907]: Publishing motor command - Left: 0.129738, Right: -0.129738[0m
[0m[ INFO] [1746503045.950485417]: Target - x: 1020.000000, y: 0.000000, phi: 0.000000[0m
[0m[ INFO] [1746503045.950599595]: Current - x: 926.401367, y: 27.660486, phi: 0.008689[0m
[0m[ INFO] [1746503045.950681516]: Error - x: 93.598633, y: -27.660486[0m
[0m[ INFO] [1746503045.950742797]: Publishing motor command - Left: 0.129738, Right: -0.129738[0m

[ARUCO DETECTOR] Camera properties upon initialisation:
CV_CAP_PROP_FRAME_HEIGHT : '480.0'
CV_CAP_PROP_FRAME_WIDTH :  '640.0'
CAP_PROP_FPS :             '30.0'
CAP_PROP_FOCUS :           '0.0'
CAP_PROP_AUTOFOCUS :       '0.0'
CAP_PROP_BRIGHTNESS :      '128.0'
CAP_PROP_CONTRAST :        '128.0'
CAP_PROP_SATURATION :      '128.0'
CAP_PROP_BUFFERSIZE :      '4.0'

[ARUCO DETECTOR] Camera properties upon initialisation:
CV_CAP_PROP_FRAME_HEIGHT : '1080.0'
CV_CAP_PROP_FRAME_WIDTH :  '1920.0'
CAP_PROP_FPS :             '5.0'
CAP_PROP_FOCUS :           '0.0'
CAP_PROP_AUTOFOCUS :       '0.0'
CAP_PROP_BRIGHTNESS :      '128.0'
CAP_PROP_CONTRAST :        '128.0'
CAP_PROP_SATURATION :      '128.0'
CAP_PROP_BUFFERSIZE :      '1.0'
[INFO] [1746503034.820788]: [ARUCO DETECTOR] As a double check of the camera properties set, a frame captured just now has dimensions = (1080, 1920, 3)
[INFO] [1746503034.825712]: [ARUCO DETECTOR] publish request from command line to save a single camera image using: rostopic pub --once /asc/request_save_image std_msgs/UInt32 1
[INFO] [1746503034.829719]: [ARUCO DETECTOR] Node initialisation complete
... logging to /home/asc/.ros/log/e3d3d45a-2a2a-11f0-b317-d8c0a650f677/roslaunch-asc12-jetson-16967.log
Checking log directory for disk usage. This may take a while.
Press Ctrl-C to interrupt
Done checking log file disk usage. Usage is <1GB.
]2;/home/asc/ASClinic/catkin_ws/src/asclinic_pkg/launch/trajectory.launch
[1mstarted roslaunch server http://asc12-jetson:34923/[0m

SUMMARY
========

PARAMETERS
 * /asc/aruco_detector/aruco_detector_desired_camera_fps: 5
 * /asc/aruco_detector/aruco_detector_desired_camera_frame_height: 1080
 * /asc/aruco_detector/aruco_detector_desired_camera_frame_width: 1920
 * /asc/aruco_detector/aruco_detector_marker_size: 0.25
 * /asc/aruco_detector/aruco_detector_save_image_path: /home/asc/saved_c...
 * /asc/aruco_detector/aruco_detector_should_publish_camera_images: False
 * /asc/aruco_detector/aruco_detector_should_save_all_aruco_images: False
 * /asc/aruco_detector/aruco_detector_should_show_camera_images: False
 * /asc/aruco_detector/aruco_detector_usb_camera_device_number: 0
 * /asc/aruco_detector/aruco_detector_verbosity: 1
 * /asc/encoder_read_multi_threaded/delta_t_for_publishing_encoder_counts: 0.1
 * /asc/encoder_read_multi_threaded/encoder_events_to_monitor: rising
 * /asc/encoder_read_multi_threaded/encoder_read_verbosity: 1
 * /asc/encoder_read_multi_threaded/gpio_chip_number_for_encoder_lines: 1
 * /asc/encoder_read_multi_threaded/line_number_for_left_side_encoder_channel_a: 105
 * /asc/encoder_read_multi_threaded/line_number_for_left_side_encoder_channel_b: 106
 * /asc/encoder_read_multi_threaded/line_number_for_right_side_encoder_channel_a: 84
 * /asc/encoder_read_multi_threaded/line_number_for_right_side_encoder_channel_b: 130
 * /asc/encoder_read_multi_threaded/should_monitor_left_side_encoder_channel_a: True
 * /asc/encoder_read_multi_threaded/should_monitor_left_side_encoder_channel_b: False
 * /asc/encoder_read_multi_threaded/should_monitor_right_side_encoder_channel_a: True
 * /asc/encoder_read_multi_threaded/should_monitor_right_side_encoder_channel_b: False
 * /asc/i2c_for_motors/motor_driver_current_limit_in_milliamps: 5000
 * /asc/i2c_for_motors/motor_driver_left_side_multiplier: 1
 * /asc/i2c_for_motors/motor_driver_max_accel_limit_in_percent_per_millisecond: 0.04
 * /asc/i2c_for_motors/motor_driver_max_decel_limit_in_percent_per_millisecond: 0.16
 * /asc/i2c_for_motors/motor_driver_max_duty_cycle_limit_in_percent: 100.0
 * /asc/i2c_for_motors/motor_driver_right_side_multiplier: 1
 * /asc/i2c_for_motors/motor_driver_verbosity: 1
 * /rosdistro: noetic
 * /rosversion: 1.17.0

NODES
  /
    kf_fusion_node (asclinic_pkg/KF.py)
    odomdelta (asclinic_pkg/odomdelta)
    trajectory_generator (asclinic_pkg/trajectory_generator)
    trajectory_tracker (asclinic_pkg/trajectory_tracker)
    velocity_PI_control (asclinic_pkg/velocity_PI_control)
  /asc/
    aruco_detector (asclinic_pkg/aruco_detector.py)
    encoder_read_multi_threaded (asclinic_pkg/encoder_read_multi_threaded)
    i2c_for_motors (asclinic_pkg/i2c_for_motors)

[1mROS_MASTER_URI=http://localhost:11311[0m
]2;/home/asc/ASClinic/catkin_ws/src/asclinic_pkg/launch/trajectory.launch http://localhost:11311
[1mprocess[asc/i2c_for_motors-1]: started with pid [17008][0m
[1mprocess[asc/encoder_read_multi_threaded-2]: started with pid [17009][0m
[1mprocess[odomdelta-3]: started with pid [17014][0m
[1mprocess[asc/aruco_detector-4]: started with pid [17025][0m
[1mprocess[trajectory_tracker-5]: started with pid [17029][0m
[1mprocess[trajectory_generator-6]: started with pid [17032][0m
[1mprocess[velocity_PI_control-7]: started with pid [17033][0m
[1mprocess[kf_fusion_node-8]: started with pid [17047][0m
[kf_fusion_node-8] killing on exit
[velocity_PI_control-7] killing on exit
[trajectory_generator-6] killing on exit
[asc/aruco_detector-4] killing on exit
[odomdelta-3] killing on exit
[trajectory_tracker-5] killing on exit
[asc/i2c_for_motors-1] killing on exit
[asc/encoder_read_multi_threaded-2] killing on exit
shutting down processing monitor...
... shutting down processing monitor complete
[1mdone[0m
