[0m[ INFO] [1748159582.601189460]: Loaded 1 segments of gains[0m
[0m[ INFO] [1748159582.601300181]: Segment 0:[0m
[0m[ INFO] [1748159582.601325205]:   K_x:[0m
[0m[ INFO] [1748159582.601376950]:     [-0.752481, -4.20757e-16, 2.74231e-16][0m
[0m[ INFO] [1748159582.601410550]:     [-4.11887e-16, -1.12405, 0.961472][0m
[0m[ INFO] [1748159582.601434262]:   K_p:[0m
[0m[ INFO] [1748159582.601463735]:     [-0.158114, -7.87729e-17][0m
[0m[ INFO] [1748159582.601490935]:     [-1.51454e-16, -0.158114][0m
[0m[ INFO] [1748159584.541506103]: [1748159584.541] Robot state - x: 5.000000, y: 0.000000, phi: 0.000000[0m
[0m[ INFO] [1748159584.545298372]: [1748159584.545] Reference trajectory - x: 0.000000, y: 0.000000, phi: 0.000000, v: 0.000000, w: 0.000000[0m
[0m[ INFO] [1748159584.644715431]: [1748159584.645] Robot state - x: 5.000000, y: 0.000000, phi: 0.000000[0m
[0m[ INFO] [1748159584.644830793]: [1748159584.645] Reference trajectory - x: 0.000000, y: 0.000000, phi: 0.000000, v: 0.000000, w: 0.000000[0m
[0m[ INFO] [1748159584.741837999]: [1748159584.742] Robot state - x: 5.000000, y: 0.000000, phi: 0.000000[0m
[0m[ INFO] [1748159584.741963345]: [1748159584.742] Reference trajectory - x: 0.000000, y: 0.000000, phi: 0.000000, v: 0.000000, w: 0.000000[0m
[0m[ INFO] [1748159584.841718296]: [1748159584.842] Robot state - x: 5.000000, y: 0.000000, phi: 0.000000[0m
[0m[ INFO] [1748159584.841810585]: [1748159584.842] Reference trajectory - x: 0.000000, y: 0.000000, phi: 0.000000, v: 0.000000, w: 0.000000[0m
[0m[ INFO] [1748159584.941190524]: [1748159584.941] Robot state - x: 5.000000, y: 0.000000, phi: 0.000000[0m
[0m[ INFO] [1748159584.941280317]: [1748159584.941] Reference trajectory - x: 0.000000, y: 0.000000, phi: 0.000000, v: 0.000000, w: 0.000000[0m
[0m[ INFO] [1748159585.041464106]: [1748159585.041] Robot state - x: 5.000000, y: 0.000000, phi: 0.000000[0m
[0m[ INFO] [1748159585.041603788]: [1748159585.042] Reference trajectory - x: 0.000000, y: 0.000000, phi: 0.000000, v: 0.000000, w: 0.000000[0m
[0m[ INFO] [1748159585.140526889]: [1748159585.140] Robot state - x: 5.000000, y: 0.000000, phi: 0.000000[0m
[0m[ INFO] [1748159585.140637323]: [1748159585.141] Reference trajectory - x: 0.000000, y: 0.000000, phi: 0.000000, v: 0.000000, w: 0.000000[0m
[0m[ INFO] [1748159585.240819863]: [1748159585.241] Robot state - x: 5.000000, y: 0.000000, phi: 0.000000[0m
[0m[ INFO] [1748159585.240923225]: [1748159585.241] Reference trajectory - x: 0.000000, y: 0.000000, phi: 0.000000, v: 0.000000, w: 0.000000[0m
[0m[ INFO] [1748159585.340960356]: [1748159585.341] Robot state - x: 5.000000, y: 0.000000, phi: 0.000000[0m
[0m[ INFO] [1748159585.341091653]: [1748159585.341] Reference trajectory - x: 0.000000, y: 0.000000, phi: 0.000000, v: 0.000000, w: 0.000000[0m
[0m[ INFO] [1748159585.440801132]: [1748159585.441] Robot state - x: 5.000000, y: 0.000000, phi: 0.000000[0m
[0m[ INFO] [1748159585.440906766]: [1748159585.441] Reference trajectory - x: 0.000000, y: 0.000000, phi: 0.000000, v: 0.000000, w: 0.000000[0m
[0m[ INFO] [1748159585.541659265]: [1748159585.542] Robot state - x: 5.000000, y: 0.000000, phi: 0.000000[0m
[0m[ INFO] [1748159585.541781635]: [1748159585.542] Reference trajectory - x: 0.000000, y: 0.000000, phi: 0.000000, v: 0.000000, w: 0.000000[0m
[0m[ INFO] [1748159585.641317192]: [1748159585.641] Robot state - x: 5.000000, y: 0.000000, phi: 0.000000[0m
[0m[ INFO] [1748159585.641471466]: [1748159585.641] Reference trajectory - x: 0.000000, y: 0.000000, phi: 0.000000, v: 0.000000, w: 0.000000[0m
[0m[ INFO] [1748159585.743578477]: Received reference trajectory - x: 0.000000, y: 0.000000, phi: 180.000000, v: 0.000000, w: 0.000000, line_no: 0[0m
[0m[ INFO] [1748159585.743838800]: [1748159585.744] Robot state - x: 5.000000, y: 0.000000, phi: 0.000000[0m
[0m[ INFO] [1748159585.743966578]: [1748159585.744] Reference trajectory - x: 0.000000, y: 0.000000, phi: 180.000000, v: 0.000000, w: 0.000000[0m
[0m[ INFO] [1748159585.837757202]: Received reference trajectory - x: 0.000000, y: 0.000000, phi: 180.000000, v: 0.000000, w: 0.000000, line_no: 0[0m
[0m[ INFO] [1748159585.841550720]: [1748159585.841] Robot state - x: 5.000000, y: 0.000000, phi: 0.000000[0m
[0m[ INFO] [1748159585.841666625]: [1748159585.842] Reference trajectory - x: 0.000000, y: 0.000000, phi: 180.000000, v: 0.000000, w: 0.000000[0m
[0m[ INFO] [1748159585.939330576]: Received reference trajectory - x: 0.000000, y: 0.000000, phi: 180.000000, v: 0.000000, w: 0.000000, line_no: 0[0m
[0m[ INFO] [1748159585.952671567]: [1748159585.953] Robot state - x: 5.000000, y: 0.000000, phi: 0.000000[0m
[0m[ INFO] [1748159585.952788592]: [1748159585.953] Reference trajectory - x: 0.000000, y: 0.000000, phi: 180.000000, v: 0.000000, w: 0.000000[0m
[0m[ INFO] [1748159586.037791368]: Received reference trajectory - x: 0.000000, y: 0.000000, phi: 180.000000, v: 0.000000, w: 0.000000, line_no: 0[0m
[0m[ INFO] [1748159586.047591645]: [1748159586.047] Robot state - x: 5.000202, y: -0.000000, phi: -0.001879[0m
[0m[ INFO] [1748159586.048321478]: [1748159586.048] Reference trajectory - x: 0.000000, y: 0.000000, phi: 180.000000, v: 0.000000, w: 0.000000[0m
[0m[ INFO] [1748159586.137845683]: Received reference trajectory - x: 0.000000, y: 0.000000, phi: 180.000000, v: 0.000000, w: 0.000000, line_no: 0[0m
[0m[ INFO] [1748159586.144747846]: [1748159586.145] Robot state - x: 5.000808, y: -0.000005, phi: -0.018787[0m
[0m[ INFO] [1748159586.144872071]: [1748159586.145] Reference trajectory - x: 0.000000, y: 0.000000, phi: 180.000000, v: 0.000000, w: 0.000000[0m
[0m[ INFO] [1748159586.237488890]: Received reference trajectory - x: 0.000000, y: 0.000000, phi: 180.000000, v: 0.000000, w: 0.000000, line_no: 0[0m
[0m[ INFO] [1748159586.240862786]: [1748159586.241] Robot state - x: 5.000606, y: 0.000001, phi: -0.077026[0m
[0m[ INFO] [1748159586.241017572]: [1748159586.241] Reference trajectory - x: 0.000000, y: 0.000000, phi: 180.000000, v: 0.000000, w: 0.000000[0m
[0m[ INFO] [1748159586.339107640]: Received reference trajectory - x: 0.000000, y: 0.000000, phi: 180.000000, v: 0.000000, w: 0.000000, line_no: 0[0m
[0m[ INFO] [1748159586.342661186]: [1748159586.343] Robot state - x: 5.000404, y: 0.000014, phi: -0.172840[0m
[0m[ INFO] [1748159586.342771172]: [1748159586.343] Reference trajectory - x: 0.000000, y: 0.000000, phi: 180.000000, v: 0.000000, w: 0.000000[0m
[0m[ INFO] [1748159586.437879412]: Received reference trajectory - x: 0.000000, y: 0.000000, phi: 180.000000, v: 0.000000, w: 0.000000, line_no: 0[0m
[0m[ INFO] [1748159586.440799287]: [1748159586.441] Robot state - x: 5.000404, y: 0.000014, phi: -0.289319[0m
[0m[ INFO] [1748159586.440889784]: [1748159586.441] Reference trajectory - x: 0.000000, y: 0.000000, phi: 180.000000, v: 0.000000, w: 0.000000[0m
[0m[ INFO] [1748159586.537610908]: Received reference trajectory - x: 0.000000, y: 0.000000, phi: 180.000000, v: 0.000000, w: 0.000000, line_no: 0[0m
[0m[ INFO] [1748159586.540985252]: [1748159586.541] Robot state - x: 5.000207, y: 0.000059, phi: -0.392647[0m
[0m[ INFO] [1748159586.541083109]: [1748159586.541] Reference trajectory - x: 0.000000, y: 0.000000, phi: 180.000000, v: 0.000000, w: 0.000000[0m
[0m[ INFO] [1748159586.637537318]: Received reference trajectory - x: 0.000000, y: 0.000000, phi: 180.000000, v: 0.000000, w: 0.000000, line_no: 0[0m
[0m[ INFO] [1748159586.641530453]: [1748159586.641] Robot state - x: 5.000017, y: 0.000127, phi: -0.495975[0m
[0m[ INFO] [1748159586.641621078]: [1748159586.642] Reference trajectory - x: 0.000000, y: 0.000000, phi: 180.000000, v: 0.000000, w: 0.000000[0m
[0m[ INFO] [1748159586.737460975]: Received reference trajectory - x: 0.000000, y: 0.000000, phi: 180.000000, v: 0.000000, w: 0.000000, line_no: 0[0m
[0m[ INFO] [1748159586.741069883]: [1748159586.741] Robot state - x: 5.000017, y: 0.000127, phi: -0.601182[0m
[0m[ INFO] [1748159586.741177372]: [1748159586.741] Reference trajectory - x: 0.000000, y: 0.000000, phi: 180.000000, v: 0.000000, w: 0.000000[0m
[0m[ INFO] [1748159586.837652188]: Received reference trajectory - x: 0.000000, y: 0.000000, phi: 180.000000, v: 0.000000, w: 0.000000, line_no: 0[0m
[0m[ INFO] [1748159586.841959472]: [1748159586.842] Robot state - x: 4.999844, y: 0.000231, phi: -0.696995[0m
[0m[ INFO] [1748159586.842054513]: [1748159586.842] Reference trajectory - x: 0.000000, y: 0.000000, phi: 180.000000, v: 0.000000, w: 0.000000[0m
[0m[ INFO] [1748159586.937511110]: Received reference trajectory - x: 0.000000, y: 0.000000, phi: 180.000000, v: 0.000000, w: 0.000000, line_no: 0[0m
[0m[ INFO] [1748159586.941438356]: [1748159586.941] Robot state - x: 4.999683, y: 0.000354, phi: -0.796566[0m
[0m[ INFO] [1748159586.941558166]: [1748159586.942] Reference trajectory - x: 0.000000, y: 0.000000, phi: 180.000000, v: 0.000000, w: 0.000000[0m
[0m[ INFO] [1748159587.039958990]: Received reference trajectory - x: 0.000000, y: 0.000000, phi: 180.000000, v: 0.000000, w: 0.000000, line_no: 0[0m
[0m[ INFO] [1748159587.045177356]: [1748159587.045] Robot state - x: 4.999683, y: 0.000354, phi: -0.894258[0m
[0m[ INFO] [1748159587.045303661]: [1748159587.045] Reference trajectory - x: 0.000000, y: 0.000000, phi: 180.000000, v: 0.000000, w: 0.000000[0m
[0m[ INFO] [1748159587.138264356]: Received reference trajectory - x: 0.000000, y: 0.000000, phi: 180.000000, v: 0.000000, w: 0.000000, line_no: 0[0m
[0m[ INFO] [1748159587.141296745]: [1748159587.141] Robot state - x: 4.999683, y: 0.000354, phi: -0.984435[0m
[0m[ INFO] [1748159587.141415530]: [1748159587.141] Reference trajectory - x: 0.000000, y: 0.000000, phi: 180.000000, v: 0.000000, w: 0.000000[0m
[0m[ INFO] [1748159587.237501286]: Received reference trajectory - x: 0.000000, y: 0.000000, phi: 180.000000, v: 0.000000, w: 0.000000, line_no: 0[0m
[0m[ INFO] [1748159587.240820206]: [1748159587.241] Robot state - x: 4.999565, y: 0.000517, phi: -1.072734[0m
[0m[ INFO] [1748159587.240954639]: [1748159587.241] Reference trajectory - x: 0.000000, y: 0.000000, phi: 180.000000, v: 0.000000, w: 0.000000[0m
[0m[ INFO] [1748159587.340623958]: Received reference trajectory - x: 0.000000, y: 0.000000, phi: 180.000000, v: 0.000000, w: 0.000000, line_no: 0[0m
[0m[ INFO] [1748159587.345659059]: [1748159587.346] Robot state - x: 4.999460, y: 0.000690, phi: -1.161033[0m
[0m[ INFO] [1748159587.345784372]: [1748159587.346] Reference trajectory - x: 0.000000, y: 0.000000, phi: 180.000000, v: 0.000000, w: 0.000000[0m
[0m[ INFO] [1748159587.437483036]: Received reference trajectory - x: 0.000000, y: 0.000000, phi: 180.000000, v: 0.000000, w: 0.000000, line_no: 0[0m
[0m[ INFO] [1748159587.441226569]: [1748159587.441] Robot state - x: 4.999460, y: 0.000690, phi: -1.243695[0m
[0m[ INFO] [1748159587.441372842]: [1748159587.441] Reference trajectory - x: 0.000000, y: 0.000000, phi: 180.000000, v: 0.000000, w: 0.000000[0m
[0m[ INFO] [1748159587.537875660]: Received reference trajectory - x: 0.000000, y: 0.000000, phi: 180.000000, v: 0.000000, w: 0.000000, line_no: 0[0m
[0m[ INFO] [1748159587.541428054]: [1748159587.541] Robot state - x: 4.999533, y: 0.000501, phi: -1.324479[0m
[0m[ INFO] [1748159587.541522487]: [1748159587.541] Reference trajectory - x: 0.000000, y: 0.000000, phi: 180.000000, v: 0.000000, w: 0.000000[0m
[0m[ INFO] [1748159587.637632084]: Received reference trajectory - x: 0.000000, y: 0.000000, phi: 180.000000, v: 0.000000, w: 0.000000, line_no: 0[0m
[0m[ INFO] [1748159587.641604131]: [1748159587.642] Robot state - x: 4.999418, y: 0.000889, phi: -1.403384[0m
[0m[ INFO] [1748159587.641719268]: [1748159587.642] Reference trajectory - x: 0.000000, y: 0.000000, phi: 180.000000, v: 0.000000, w: 0.000000[0m
[0m[ INFO] [1748159587.742748572]: Received reference trajectory - x: 0.000000, y: 0.000000, phi: 180.000000, v: 0.000000, w: 0.000000, line_no: 0[0m
[0m[ INFO] [1748159587.745422684]: [1748159587.745] Robot state - x: 4.999418, y: 0.000889, phi: -1.474774[0m
[0m[ INFO] [1748159587.745532445]: [1748159587.745] Reference trajectory - x: 0.000000, y: 0.000000, phi: 180.000000, v: 0.000000, w: 0.000000[0m
[0m[ INFO] [1748159587.837430887]: Received reference trajectory - x: 0.000000, y: 0.000000, phi: 180.000000, v: 0.000000, w: 0.000000, line_no: 0[0m
[0m[ INFO] [1748159587.841941757]: [1748159587.842] Robot state - x: 4.999418, y: 0.000889, phi: -1.542407[0m
[0m[ INFO] [1748159587.842065695]: [1748159587.842] Reference trajectory - x: 0.000000, y: 0.000000, phi: 180.000000, v: 0.000000, w: 0.000000[0m
[0m[ INFO] [1748159587.937982297]: Received reference trajectory - x: 0.000000, y: 0.000000, phi: 180.000000, v: 0.000000, w: 0.000000, line_no: 0[0m
[0m[ INFO] [1748159587.940721081]: [1748159587.941] Robot state - x: 4.999406, y: 0.001090, phi: -1.611919[0m
[0m[ INFO] [1748159587.940838523]: [1748159587.941] Reference trajectory - x: 0.000000, y: 0.000000, phi: 180.000000, v: 0.000000, w: 0.000000[0m
[0m[ INFO] [1748159588.037769601]: Received reference trajectory - x: 0.000000, y: 0.000000, phi: 180.000000, v: 0.000000, w: 0.000000, line_no: 0[0m
[0m[ INFO] [1748159588.040999752]: [1748159588.041] Robot state - x: 4.999406, y: 0.001090, phi: -1.675794[0m
[0m[ INFO] [1748159588.041096393]: [1748159588.041] Reference trajectory - x: 0.000000, y: 0.000000, phi: 180.000000, v: 0.000000, w: 0.000000[0m
[0m[ INFO] [1748159588.137891534]: Received reference trajectory - x: 0.000000, y: 0.000000, phi: 180.000000, v: 0.000000, w: 0.000000, line_no: 0[0m
[0m[ INFO] [1748159588.141243478]: [1748159588.141] Robot state - x: 4.999421, y: 0.001292, phi: -1.734034[0m
[0m[ INFO] [1748159588.141361047]: [1748159588.141] Reference trajectory - x: 0.000000, y: 0.000000, phi: 180.000000, v: 0.000000, w: 0.000000[0m
[0m[ INFO] [1748159588.237455156]: Received reference trajectory - x: 0.000000, y: 0.000000, phi: 180.000000, v: 0.000000, w: 0.000000, line_no: 0[0m
[0m[ INFO] [1748159588.240990654]: [1748159588.241] Robot state - x: 4.999393, y: 0.001092, phi: -1.792273[0m
[0m[ INFO] [1748159588.241082271]: [1748159588.241] Reference trajectory - x: 0.000000, y: 0.000000, phi: 180.000000, v: 0.000000, w: 0.000000[0m
[0m[ INFO] [1748159588.337715682]: Received reference trajectory - x: 0.000000, y: 0.000000, phi: 180.000000, v: 0.000000, w: 0.000000, line_no: 0[0m
[0m[ INFO] [1748159588.341264877]: [1748159588.341] Robot state - x: 4.999432, y: 0.001290, phi: -1.846756[0m
[0m[ INFO] [1748159588.341363054]: [1748159588.341] Reference trajectory - x: 0.000000, y: 0.000000, phi: 180.000000, v: 0.000000, w: 0.000000[0m
[0m[ INFO] [1748159588.438573848]: Received reference trajectory - x: 0.000000, y: 0.000000, phi: 180.000000, v: 0.000000, w: 0.000000, line_no: 0[0m
[0m[ INFO] [1748159588.447974376]: [1748159588.448] Robot state - x: 4.999432, y: 0.001290, phi: -1.899359[0m
[0m[ INFO] [1748159588.448054761]: [1748159588.448] Reference trajectory - x: 0.000000, y: 0.000000, phi: 180.000000, v: 0.000000, w: 0.000000[0m
[0m[ INFO] [1748159588.540617499]: Received reference trajectory - x: 0.000000, y: 0.000000, phi: 180.000000, v: 0.000000, w: 0.000000, line_no: 0[0m
[0m[ INFO] [1748159588.544757389]: [1748159588.545] Robot state - x: 4.999432, y: 0.001290, phi: -1.944448[0m
[0m[ INFO] [1748159588.544905358]: [1748159588.545] Reference trajectory - x: 0.000000, y: 0.000000, phi: 180.000000, v: 0.000000, w: 0.000000[0m
[0m[ INFO] [1748159588.637618082]: Received reference trajectory - x: 0.000000, y: 0.000000, phi: 180.000000, v: 0.000000, w: 0.000000, line_no: 0[0m
[0m[ INFO] [1748159588.640840105]: [1748159588.641] Robot state - x: 4.999432, y: 0.001290, phi: -1.993294[0m
[0m[ INFO] [1748159588.640973067]: [1748159588.641] Reference trajectory - x: 0.000000, y: 0.000000, phi: 180.000000, v: 0.000000, w: 0.000000[0m
[0m[ INFO] [1748159588.740607057]: Received reference trajectory - x: 0.000000, y: 0.000000, phi: 180.000000, v: 0.000000, w: 0.000000, line_no: 0[0m
[0m[ INFO] [1748159588.742739755]: [1748159588.743] Robot state - x: 4.999509, y: 0.001476, phi: -2.032746[0m
[0m[ INFO] [1748159588.742883725]: [1748159588.743] Reference trajectory - x: 0.000000, y: 0.000000, phi: 180.000000, v: 0.000000, w: 0.000000[0m
[0m[ INFO] [1748159588.837872476]: Received reference trajectory - x: 0.000000, y: 0.000000, phi: 180.000000, v: 0.000000, w: 0.000000, line_no: 0[0m
[0m[ INFO] [1748159588.850242832]: [1748159588.850] Robot state - x: 4.999509, y: 0.001476, phi: -2.070320[0m
[0m[ INFO] [1748159588.850700053]: [1748159588.851] Reference trajectory - x: 0.000000, y: 0.000000, phi: 180.000000, v: 0.000000, w: 0.000000[0m
[0m[ INFO] [1748159588.941417361]: Received reference trajectory - x: 0.000000, y: 0.000000, phi: 180.000000, v: 0.000000, w: 0.000000, line_no: 0[0m
[0m[ INFO] [1748159588.944459254]: [1748159588.944] Robot state - x: 4.999509, y: 0.001476, phi: -2.107894[0m
[0m[ INFO] [1748159588.944576567]: [1748159588.945] Reference trajectory - x: 0.000000, y: 0.000000, phi: 180.000000, v: 0.000000, w: 0.000000[0m
[0m[ INFO] [1748159589.037709712]: Received reference trajectory - x: 0.000000, y: 0.000000, phi: 180.000000, v: 0.000000, w: 0.000000, line_no: 0[0m
[0m[ INFO] [1748159589.040874550]: [1748159589.041] Robot state - x: 4.999509, y: 0.001476, phi: -2.137953[0m
[0m[ INFO] [1748159589.040973975]: [1748159589.041] Reference trajectory - x: 0.000000, y: 0.000000, phi: 180.000000, v: 0.000000, w: 0.000000[0m
[0m[ INFO] [1748159589.137877214]: Received reference trajectory - x: 0.000000, y: 0.000000, phi: 180.000000, v: 0.000000, w: 0.000000, line_no: 0[0m
[0m[ INFO] [1748159589.141545033]: [1748159589.141] Robot state - x: 4.999721, y: 0.001820, phi: -2.168012[0m
[0m[ INFO] [1748159589.142733528]: [1748159589.142] Reference trajectory - x: 0.000000, y: 0.000000, phi: 180.000000, v: 0.000000, w: 0.000000[0m
[0m[ INFO] [1748159589.237585190]: Received reference trajectory - x: 0.000000, y: 0.000000, phi: 180.000000, v: 0.000000, w: 0.000000, line_no: 0[0m
[0m[ INFO] [1748159589.241145296]: [1748159589.241] Robot state - x: 4.999499, y: 0.001483, phi: -2.194314[0m
[0m[ INFO] [1748159589.241307698]: [1748159589.241] Reference trajectory - x: 0.000000, y: 0.000000, phi: 180.000000, v: 0.000000, w: 0.000000[0m
[0m[ INFO] [1748159589.337729587]: Received reference trajectory - x: 0.000000, y: 0.000000, phi: 180.000000, v: 0.000000, w: 0.000000, line_no: 0[0m
[0m[ INFO] [1748159589.340926905]: [1748159589.341] Robot state - x: 4.999731, y: 0.001814, phi: -2.220615[0m
[0m[ INFO] [1748159589.341031514]: [1748159589.341] Reference trajectory - x: 0.000000, y: 0.000000, phi: 180.000000, v: 0.000000, w: 0.000000[0m
[0m[ INFO] [1748159589.437786495]: Received reference trajectory - x: 0.000000, y: 0.000000, phi: 180.000000, v: 0.000000, w: 0.000000, line_no: 0[0m
[0m[ INFO] [1748159589.441767662]: [1748159589.442] Robot state - x: 4.999731, y: 0.001814, phi: -2.243160[0m
[0m[ INFO] [1748159589.442148083]: [1748159589.442] Reference trajectory - x: 0.000000, y: 0.000000, phi: 180.000000, v: 0.000000, w: 0.000000[0m
[0m[ INFO] [1748159589.538402929]: Received reference trajectory - x: 0.000000, y: 0.000000, phi: 180.000000, v: 0.000000, w: 0.000000, line_no: 0[0m
[0m[ INFO] [1748159589.542260480]: [1748159589.542] Robot state - x: 4.999731, y: 0.001814, phi: -2.265704[0m
[0m[ INFO] [1748159589.542395201]: [1748159589.542] Reference trajectory - x: 0.000000, y: 0.000000, phi: 180.000000, v: 0.000000, w: 0.000000[0m
[0m[ INFO] [1748159589.640041520]: Received reference trajectory - x: 0.000000, y: 0.000000, phi: 180.000000, v: 0.000000, w: 0.000000, line_no: 0[0m
[0m[ INFO] [1748159589.648226322]: [1748159589.648] Robot state - x: 4.999604, y: 0.001657, phi: -2.286370[0m
[0m[ INFO] [1748159589.648355732]: [1748159589.648] Reference trajectory - x: 0.000000, y: 0.000000, phi: 180.000000, v: 0.000000, w: 0.000000[0m
[0m[ INFO] [1748159589.737683904]: Received reference trajectory - x: 0.000000, y: 0.000000, phi: 180.000000, v: 0.000000, w: 0.000000, line_no: 0[0m
[0m[ INFO] [1748159589.741002151]: [1748159589.741] Robot state - x: 4.999864, y: 0.001965, phi: -2.301399[0m
[0m[ INFO] [1748159589.741133641]: [1748159589.741] Reference trajectory - x: 0.000000, y: 0.000000, phi: 180.000000, v: 0.000000, w: 0.000000[0m
[0m[ INFO] [1748159589.837558377]: Received reference trajectory - x: 0.000000, y: 0.000000, phi: 180.000000, v: 0.000000, w: 0.000000, line_no: 0[0m
[0m[ INFO] [1748159589.841711931]: [1748159589.842] Robot state - x: 4.999864, y: 0.001965, phi: -2.320186[0m
[0m[ INFO] [1748159589.841805884]: [1748159589.842] Reference trajectory - x: 0.000000, y: 0.000000, phi: 180.000000, v: 0.000000, w: 0.000000[0m
[0m[ INFO] [1748159589.939275017]: Received reference trajectory - x: 0.000000, y: 0.000000, phi: 180.000000, v: 0.000000, w: 0.000000, line_no: 0[0m
[0m[ INFO] [1748159589.941933289]: [1748159589.942] Robot state - x: 4.999729, y: 0.001815, phi: -2.329580[0m
[0m[ INFO] [1748159589.942080235]: [1748159589.942] Reference trajectory - x: 0.000000, y: 0.000000, phi: 180.000000, v: 0.000000, w: 0.000000[0m
[0m[ INFO] [1748159590.041276301]: Received reference trajectory - x: 0.000000, y: 0.000000, phi: 180.000000, v: 0.000000, w: 0.000000, line_no: 0[0m
[0m[ INFO] [1748159590.162774745]: Received reference trajectory - x: 0.000000, y: 0.000000, phi: 180.000000, v: 0.000000, w: 0.000000, line_no: 0[0m
[0m[ INFO] [1748159590.209311142]: [1748159590.209] Robot state - x: 4.999729, y: 0.001815, phi: -2.329580[0m
[0m[ INFO] [1748159590.209463175]: [1748159590.209] Reference trajectory - x: 0.000000, y: 0.000000, phi: 180.000000, v: 0.000000, w: 0.000000[0m
[0m[ INFO] [1748159590.211373630]: [1748159590.211] Robot state - x: 4.999451, y: 0.001523, phi: -2.333337[0m
[0m[ INFO] [1748159590.211475359]: [1748159590.211] Reference trajectory - x: 0.000000, y: 0.000000, phi: 180.000000, v: 0.000000, w: 0.000000[0m
[0m[ INFO] [1748159590.237502295]: Received reference trajectory - x: 0.000000, y: 0.000000, phi: 180.000000, v: 0.000000, w: 0.000000, line_no: 0[0m
[0m[ INFO] [1748159590.240730301]: [1748159590.241] Robot state - x: 4.998753, y: 0.000793, phi: -2.342731[0m
[0m[ INFO] [1748159590.240845279]: [1748159590.241] Reference trajectory - x: 0.000000, y: 0.000000, phi: 180.000000, v: 0.000000, w: 0.000000[0m
[0m[ INFO] [1748159590.341344656]: Received reference trajectory - x: 0.000000, y: 0.000000, phi: 180.000000, v: 0.000000, w: 0.000000, line_no: 0[0m
[0m[ INFO] [1748159590.342240699]: [1748159590.342] Robot state - x: 4.998613, y: 0.000647, phi: -2.344609[0m
[0m[ INFO] [1748159590.342375708]: [1748159590.342] Reference trajectory - x: 0.000000, y: 0.000000, phi: 180.000000, v: 0.000000, w: 0.000000[0m
[0m[ INFO] [1748159590.438196246]: Received reference trajectory - x: 0.000000, y: 0.000000, phi: 180.000000, v: 0.000000, w: 0.000000, line_no: 0[0m
[0m[ INFO] [1748159590.442216102]: [1748159590.442] Robot state - x: 4.998613, y: 0.000647, phi: -2.344609[0m
[0m[ INFO] [1748159590.442369544]: [1748159590.442] Reference trajectory - x: 0.000000, y: 0.000000, phi: 180.000000, v: 0.000000, w: 0.000000[0m
[0m[ INFO] [1748159590.538535334]: Received reference trajectory - x: 0.000000, y: 0.000000, phi: 180.000000, v: 0.000000, w: 0.000000, line_no: 0[0m
[0m[ INFO] [1748159590.541277190]: [1748159590.541] Robot state - x: 4.998613, y: 0.000647, phi: -2.344609[0m
[0m[ INFO] [1748159590.541371464]: [1748159590.541] Reference trajectory - x: 0.000000, y: 0.000000, phi: 180.000000, v: 0.000000, w: 0.000000[0m
[0m[ INFO] [1748159590.639877377]: Received reference trajectory - x: 0.000000, y: 0.000000, phi: 180.000000, v: 0.000000, w: 0.000000, line_no: 0[0m
[0m[ INFO] [1748159590.653944969]: [1748159590.654] Robot state - x: 4.998613, y: 0.000647, phi: -2.344609[0m
[0m[ INFO] [1748159590.654079211]: [1748159590.654] Reference trajectory - x: 0.000000, y: 0.000000, phi: 180.000000, v: 0.000000, w: 0.000000[0m
[0m[ INFO] [1748159590.740847672]: Received reference trajectory - x: 0.000000, y: 0.000000, phi: 180.000000, v: 0.000000, w: 0.000000, line_no: 0[0m
[0m[ INFO] [1748159590.745563697]: [1748159590.745] Robot state - x: 4.998613, y: 0.000647, phi: -2.344609[0m
[0m[ INFO] [1748159590.745710675]: [1748159590.746] Reference trajectory - x: 0.000000, y: 0.000000, phi: 180.000000, v: 0.000000, w: 0.000000[0m
[0m[ INFO] [1748159590.842250069]: [1748159590.842] Robot state - x: 4.998613, y: 0.000647, phi: -2.344609[0m
[0m[ INFO] [1748159590.842361334]: [1748159590.842] Reference trajectory - x: 0.000000, y: 0.000000, phi: 180.000000, v: 0.000000, w: 0.000000[0m
[0m[ INFO] [1748159590.939189948]: Received reference trajectory - x: -0.239294, y: 0.000000, phi: 0.000000, v: 4.780141, w: 0.000000, line_no: 3[0m
[0m[ INFO] [1748159590.943131147]: [1748159590.943] Robot state - x: 4.998613, y: 0.000647, phi: -2.344609[0m
[0m[ INFO] [1748159590.943261996]: [1748159590.943] Reference trajectory - x: -0.000239, y: 0.000000, phi: 0.000000, v: 0.004780, w: 0.000000[0m
[0m[ INFO] [1748159590.943404686]: [1748159590.943] v: 8.904661, w: 2.255748 (segment 0)[0m
[0m[ INFO] [1748159591.040539160]: Received reference trajectory - x: -0.954874, y: 0.000000, phi: 0.000000, v: 9.523170, w: 0.000000, line_no: 3[0m
[0m[ INFO] [1748159591.048824795]: [1748159591.049] Robot state - x: 4.998613, y: 0.000647, phi: -2.344609[0m
[0m[ INFO] [1748159591.048929404]: [1748159591.049] Reference trajectory - x: -0.000955, y: 0.000000, phi: 0.000000, v: 0.009523, w: 0.000000[0m
[0m[ INFO] [1748159591.049028989]: [1748159591.049] v: 8.988993, w: 2.255759 (segment 0)[0m
[0m[ INFO] [1748159591.137888836]: Received reference trajectory - x: -2.141787, y: 0.000000, phi: 0.000000, v: 14.224129, w: 0.000000, line_no: 3[0m
[0m[ INFO] [1748159591.141041065]: [1748159591.141] Robot state - x: 4.998613, y: 0.000647, phi: -2.344609[0m
[0m[ INFO] [1748159591.141135562]: [1748159591.141] Reference trajectory - x: -0.002142, y: 0.000000, phi: 0.000000, v: 0.014224, w: 0.000000[0m
[0m[ INFO] [1748159591.141190091]: [1748159591.141] v: 9.073656, w: 2.255769 (segment 0)[0m
[0m[ INFO] [1748159591.237667021]: Received reference trajectory - x: -3.796708, y: 0.000000, phi: 0.000000, v: 18.887062, w: 0.000000, line_no: 3[0m
[0m[ INFO] [1748159591.241673309]: [1748159591.242] Robot state - x: 4.998330, y: 0.000358, phi: -2.344609[0m
[0m[ INFO] [1748159591.241784030]: [1748159591.242] Reference trajectory - x: -0.003797, y: 0.000000, phi: 0.000000, v: 0.018887, w: 0.000000[0m
[0m[ INFO] [1748159591.241854303]: [1748159591.242] v: 9.158442, w: 2.255450 (segment 0)[0m
[0m[ INFO] [1748159591.337791482]: Received reference trajectory - x: -5.917654, y: 0.000000, phi: 0.000000, v: 23.515402, w: 0.000000, line_no: 3[0m
[0m[ INFO] [1748159591.340992352]: [1748159591.341] Robot state - x: 4.996055, y: -0.001936, phi: -2.359639[0m
[0m[ INFO] [1748159591.341114434]: [1748159591.341] Reference trajectory - x: -0.005918, y: 0.000000, phi: 0.000000, v: 0.023515, w: 0.000000[0m
[0m[ INFO] [1748159591.341168546]: [1748159591.341] v: 9.242043, w: 2.267291 (segment 0)[0m
[0m[ INFO] [1748159591.437468898]: Received reference trajectory - x: -8.498135, y: 0.000000, phi: 0.000000, v: 28.102905, w: 0.000000, line_no: 3[0m
[0m[ INFO] [1748159591.442910755]: [1748159591.443] Robot state - x: 4.990503, y: -0.007523, phi: -2.376547[0m
[0m[ INFO] [1748159591.443029860]: [1748159591.443] Reference trajectory - x: -0.008498, y: 0.000000, phi: 0.000000, v: 0.028103, w: 0.000000[0m
[0m[ INFO] [1748159591.443081733]: [1748159591.443] v: 9.323436, w: 2.277149 (segment 0)[0m
[0m[ INFO] [1748159591.537928691]: Received reference trajectory - x: -11.540291, y: 0.000000, phi: 0.000000, v: 32.658936, w: 0.000000, line_no: 3[0m
[0m[ INFO] [1748159591.541358364]: [1748159591.541] Robot state - x: 4.982130, y: -0.015714, phi: -2.391577[0m
[0m[ INFO] [1748159591.541451677]: [1748159591.541] Reference trajectory - x: -0.011540, y: 0.000000, phi: 0.000000, v: 0.032659, w: 0.000000[0m
[0m[ INFO] [1748159591.541504254]: [1748159591.541] v: 9.402937, w: 2.282143 (segment 0)[0m
[0m[ INFO] [1748159591.637683868]: Received reference trajectory - x: -15.028163, y: 0.000000, phi: 0.000000, v: 37.166176, w: 0.000000, line_no: 3[0m
[0m[ INFO] [1748159591.645820893]: [1748159591.644] Robot state - x: 4.970841, y: -0.026410, phi: -2.404727[0m
[0m[ INFO] [1748159591.646233698]: [1748159591.646] Reference trajectory - x: -0.015028, y: 0.000000, phi: 0.000000, v: 0.037166, w: 0.000000[0m
[0m[ INFO] [1748159591.650297427]: [1748159591.650] v: 9.480408, w: 2.282346 (segment 0)[0m
[0m[ INFO] [1748159591.739011992]: Received reference trajectory - x: -18.971220, y: 0.000000, phi: 0.000000, v: 41.642426, w: 0.000000, line_no: 3[0m
[0m[ INFO] [1748159591.742208286]: [1748159591.742] Robot state - x: 4.956420, y: -0.039669, phi: -2.417878[0m
[0m[ INFO] [1748159591.742353600]: [1748159591.742] Reference trajectory - x: -0.018971, y: 0.000000, phi: 0.000000, v: 0.041642, w: 0.000000[0m
[0m[ INFO] [1748159591.742422272]: [1748159591.742] v: 9.555668, w: 2.279460 (segment 0)[0m
[0m[ INFO] [1748159591.837491185]: Received reference trajectory - x: -23.354807, y: 0.000000, phi: 0.000000, v: 46.075024, w: 0.000000, line_no: 3[0m
[0m[ INFO] [1748159591.841299583]: [1748159591.841] Robot state - x: 4.938952, y: -0.055281, phi: -2.432908[0m
[0m[ INFO] [1748159591.841452609]: [1748159591.841] Reference trajectory - x: -0.023355, y: 0.000000, phi: 0.000000, v: 0.046075, w: 0.000000[0m
[0m[ INFO] [1748159591.841529601]: [1748159591.841] v: 9.628716, w: 2.275488 (segment 0)[0m
[0m[ INFO] [1748159591.937765504]: Received reference trajectory - x: -28.183098, y: 0.000000, phi: 0.000000, v: 50.472408, w: 0.000000, line_no: 3[0m
[0m[ INFO] [1748159591.942038995]: [1748159591.942] Robot state - x: 4.918404, y: -0.073200, phi: -2.446059[0m
[0m[ INFO] [1748159591.942139956]: [1748159591.942] Reference trajectory - x: -0.028183, y: 0.000000, phi: 0.000000, v: 0.050472, w: 0.000000[0m
[0m[ INFO] [1748159591.942197941]: [1748159591.942] v: 9.699496, w: 2.266833 (segment 0)[0m
[0m[ INFO] [1748159592.037814413]: Received reference trajectory - x: -33.448959, y: 0.000000, phi: 0.000000, v: 54.831150, w: 0.000000, line_no: 3[0m
[0m[ INFO] [1748159592.041361975]: [1748159592.041] Robot state - x: 4.894677, y: -0.093309, phi: -2.457331[0m
[0m[ INFO] [1748159592.041547417]: [1748159592.041] Reference trajectory - x: -0.033449, y: 0.000000, phi: 0.000000, v: 0.054831, w: 0.000000[0m
[0m[ INFO] [1748159592.041667579]: [1748159592.042] v: 9.767884, w: 2.253592 (segment 0)[0m
[0m[ INFO] [1748159592.137852569]: Received reference trajectory - x: -39.149296, y: 0.000000, phi: 0.000000, v: 59.151836, w: 0.000000, line_no: 3[0m
[0m[ INFO] [1748159592.141150304]: [1748159592.141] Robot state - x: 4.867749, y: -0.115571, phi: -2.466724[0m
[0m[ INFO] [1748159592.141271778]: [1748159592.141] Reference trajectory - x: -0.039149, y: 0.000000, phi: 0.000000, v: 0.059152, w: 0.000000[0m
[0m[ INFO] [1748159592.141367075]: [1748159592.141] v: 9.833817, w: 2.235772 (segment 0)[0m
[0m[ INFO] [1748159592.237475936]: Received reference trajectory - x: -45.276436, y: 0.000000, phi: 0.000000, v: 63.431824, w: 0.000000, line_no: 3[0m
[0m[ INFO] [1748159592.241689843]: [1748159592.242] Robot state - x: 4.837384, y: -0.140010, phi: -2.479875[0m
[0m[ INFO] [1748159592.241856533]: [1748159592.242] Reference trajectory - x: -0.045276, y: 0.000000, phi: 0.000000, v: 0.063432, w: 0.000000[0m
[0m[ INFO] [1748159592.241933462]: [1748159592.242] v: 9.897059, w: 2.218732 (segment 0)[0m
[0m[ INFO] [1748159592.337840753]: Received reference trajectory - x: -51.836212, y: 0.000000, phi: 0.000000, v: 67.677635, w: 0.000000, line_no: 3[0m
[0m[ INFO] [1748159592.341250810]: [1748159592.341] Robot state - x: 4.803988, y: -0.166478, phi: -2.489269[0m
[0m[ INFO] [1748159592.341348635]: [1748159592.341] Reference trajectory - x: -0.051836, y: 0.000000, phi: 0.000000, v: 0.067678, w: 0.000000[0m
[0m[ INFO] [1748159592.341401883]: [1748159592.341] v: 9.957889, w: 2.195380 (segment 0)[0m
[0m[ INFO] [1748159592.440219097]: Received reference trajectory - x: -58.818722, y: 0.000000, phi: 0.000000, v: 71.884895, w: 0.000000, line_no: 3[0m
[0m[ INFO] [1748159592.446070367]: [1748159592.446] Robot state - x: 4.767047, y: -0.194972, phi: -2.498662[0m
[0m[ INFO] [1748159592.446216353]: [1748159592.446] Reference trajectory - x: -0.058819, y: 0.000000, phi: 0.000000, v: 0.071885, w: 0.000000[0m
[0m[ INFO] [1748159592.446498180]: [1748159592.446] v: 10.015856, w: 2.169301 (segment 0)[0m
[0m[ INFO] [1748159592.542150268]: Received reference trajectory - x: -66.233665, y: 0.000000, phi: 0.000000, v: 76.061005, w: 0.000000, line_no: 3[0m
[0m[ INFO] [1748159592.547049911]: [1748159592.547] Robot state - x: 4.726942, y: -0.225311, phi: -2.508056[0m
[0m[ INFO] [1748159592.547158488]: [1748159592.547] Reference trajectory - x: -0.066234, y: 0.000000, phi: 0.000000, v: 0.076061, w: 0.000000[0m
[0m[ INFO] [1748159592.547213049]: [1748159592.547] v: 10.071220, w: 2.140668 (segment 0)[0m
[0m[ INFO] [1748159592.637636658]: Received reference trajectory - x: -74.023819, y: 0.000000, phi: 0.000000, v: 80.177299, w: 0.000000, line_no: 3[0m
[0m[ INFO] [1748159592.640943962]: [1748159592.641] Robot state - x: 4.683633, y: -0.257437, phi: -2.517449[0m
[0m[ INFO] [1748159592.641061051]: [1748159592.641] Reference trajectory - x: -0.074024, y: 0.000000, phi: 0.000000, v: 0.080177, w: 0.000000[0m
[0m[ INFO] [1748159592.641129820]: [1748159592.641] v: 10.123835, w: 2.109518 (segment 0)[0m
[0m[ INFO] [1748159592.737854305]: Received reference trajectory - x: -82.247177, y: 0.000000, phi: 0.000000, v: 84.267319, w: 0.000000, line_no: 3[0m
[0m[ INFO] [1748159592.741289098]: [1748159592.741] Robot state - x: 4.636627, y: -0.291694, phi: -2.524964[0m
[0m[ INFO] [1748159592.741417227]: [1748159592.741] Reference trajectory - x: -0.082247, y: 0.000000, phi: 0.000000, v: 0.084267, w: 0.000000[0m
[0m[ INFO] [1748159592.741612238]: [1748159592.742] v: 10.173353, w: 2.073625 (segment 0)[0m
[0m[ INFO] [1748159592.837604330]: Received reference trajectory - x: -90.869896, y: 0.000000, phi: 0.000000, v: 88.315384, w: 0.000000, line_no: 3[0m
[0m[ INFO] [1748159592.841010706]: [1748159592.841] Robot state - x: 4.586474, y: -0.327456, phi: -2.534357[0m
[0m[ INFO] [1748159592.841121748]: [1748159592.841] Reference trajectory - x: -0.090870, y: 0.000000, phi: 0.000000, v: 0.088315, w: 0.000000[0m
[0m[ INFO] [1748159592.841212373]: [1748159592.841] v: 10.220106, w: 2.037280 (segment 0)[0m
[0m[ INFO] [1748159592.937710999]: Received reference trajectory - x: -99.909325, y: 0.000000, phi: 0.000000, v: 92.331230, w: 0.000000, line_no: 3[0m
[0m[ INFO] [1748159592.942726323]: [1748159592.943] Robot state - x: 4.532819, y: -0.365262, phi: -2.539993[0m
[0m[ INFO] [1748159592.943226841]: [1748159592.943] Reference trajectory - x: -0.099909, y: 0.000000, phi: 0.000000, v: 0.092331, w: 0.000000[0m
[0m[ INFO] [1748159592.943305658]: [1748159592.943] v: 10.263800, w: 1.994428 (segment 0)[0m
[0m[ INFO] [1748159593.037525825]: Received reference trajectory - x: -109.334038, y: 0.000000, phi: 0.000000, v: 96.302582, w: 0.000000, line_no: 3[0m
[0m[ INFO] [1748159593.041724147]: [1748159593.042] Robot state - x: 4.475949, y: -0.404460, phi: -2.547508[0m
[0m[ INFO] [1748159593.041816180]: [1748159593.042] Reference trajectory - x: -0.109334, y: 0.000000, phi: 0.000000, v: 0.096303, w: 0.000000[0m
[0m[ INFO] [1748159593.041866101]: [1748159593.042] v: 10.304568, w: 1.951197 (segment 0)[0m
[0m[ INFO] [1748159593.137968722]: Received reference trajectory - x: -119.167717, y: 0.000000, phi: 0.000000, v: 100.241089, w: 0.000000, line_no: 3[0m
[0m[ INFO] [1748159593.142551433]: [1748159593.142] Robot state - x: 4.415186, y: -0.445838, phi: -2.555023[0m
[0m[ INFO] [1748159593.142647466]: [1748159593.143] Reference trajectory - x: -0.119168, y: 0.000000, phi: 0.000000, v: 0.100241, w: 0.000000[0m
[0m[ INFO] [1748159593.142782092]: [1748159593.143] v: 10.341879, w: 1.904863 (segment 0)[0m
[0m[ INFO] [1748159593.237550105]: Received reference trajectory - x: -129.380447, y: 0.000000, phi: 0.000000, v: 104.136261, w: 0.000000, line_no: 3[0m
[0m[ INFO] [1748159593.241179333]: [1748159593.241] Robot state - x: 4.351303, y: -0.488729, phi: -2.560659[0m
[0m[ INFO] [1748159593.241274182]: [1748159593.241] Reference trajectory - x: -0.129380, y: 0.000000, phi: 0.000000, v: 0.104136, w: 0.000000[0m
[0m[ INFO] [1748159593.241492008]: [1748159593.241] v: 10.376232, w: 1.854343 (segment 0)[0m
[0m[ INFO] [1748159593.337970378]: Received reference trajectory - x: -139.998032, y: 0.000000, phi: 0.000000, v: 107.999298, w: 0.000000, line_no: 3[0m
[0m[ INFO] [1748159593.342541697]: [1748159593.342] Robot state - x: 4.283728, y: -0.533365, phi: -2.566295[0m
[0m[ INFO] [1748159593.342667235]: [1748159593.343] Reference trajectory - x: -0.139998, y: 0.000000, phi: 0.000000, v: 0.107999, w: 0.000000[0m
[0m[ INFO] [1748159593.342722339]: [1748159593.343] v: 10.407182, w: 1.801156 (segment 0)[0m
[0m[ INFO] [1748159593.437674195]: Received reference trajectory - x: -150.982147, y: 0.000000, phi: 0.000000, v: 111.817673, w: 0.000000, line_no: 3[0m
[0m[ INFO] [1748159593.440925466]: [1748159593.441] Robot state - x: 4.212646, y: -0.579649, phi: -2.573810[0m
[0m[ INFO] [1748159593.441072572]: [1748159593.441] Reference trajectory - x: -0.150982, y: 0.000000, phi: 0.000000, v: 0.111818, w: 0.000000[0m
[0m[ INFO] [1748159593.441139389]: [1748159593.441] v: 10.434772, w: 1.747190 (segment 0)[0m
[0m[ INFO] [1748159593.542267766]: Received reference trajectory - x: -162.419678, y: 0.000000, phi: 0.000000, v: 115.621689, w: 0.000000, line_no: 3[0m
[0m[ INFO] [1748159593.545382139]: [1748159593.545] Robot state - x: 4.143977, y: -0.624088, phi: -2.575689[0m
[0m[ INFO] [1748159593.545528605]: [1748159593.545] Reference trajectory - x: -0.162420, y: 0.000000, phi: 0.000000, v: 0.115622, w: 0.000000[0m
[0m[ INFO] [1748159593.545630654]: [1748159593.546] v: 10.463601, w: 1.689178 (segment 0)[0m
[0m[ INFO] [1748159593.638151761]: Received reference trajectory - x: -174.136414, y: 0.000000, phi: 0.000000, v: 119.355217, w: 0.000000, line_no: 3[0m
[0m[ INFO] [1748159593.641998559]: [1748159593.642] Robot state - x: 4.065682, y: -0.673718, phi: -2.581325[0m
[0m[ INFO] [1748159593.642090496]: [1748159593.642] Reference trajectory - x: -0.174136, y: 0.000000, phi: 0.000000, v: 0.119355, w: 0.000000[0m
[0m[ INFO] [1748159593.642150145]: [1748159593.642] v: 10.484273, w: 1.628158 (segment 0)[0m
[0m[ INFO] [1748159593.739136329]: Received reference trajectory - x: -186.269119, y: 0.000000, phi: 0.000000, v: 123.064209, w: 0.000000, line_no: 3[0m
[0m[ INFO] [1748159593.742775381]: [1748159593.743] Robot state - x: 3.984658, y: -0.725078, phi: -2.583203[0m
[0m[ INFO] [1748159593.742905622]: [1748159593.743] Reference trajectory - x: -0.186269, y: 0.000000, phi: 0.000000, v: 0.123064, w: 0.000000[0m
[0m[ INFO] [1748159593.742967799]: [1748159593.743] v: 10.502090, w: 1.560769 (segment 0)[0m
[0m[ INFO] [1748159593.837612163]: Received reference trajectory - x: -198.713806, y: 0.000000, phi: 0.000000, v: 126.718216, w: 0.000000, line_no: 3[0m
[0m[ INFO] [1748159593.842127161]: [1748159593.842] Robot state - x: 3.899701, y: -0.778151, phi: -2.586961[0m
[0m[ INFO] [1748159593.842266011]: [1748159593.842] Reference trajectory - x: -0.198714, y: 0.000000, phi: 0.000000, v: 0.126718, w: 0.000000[0m
[0m[ INFO] [1748159593.842426044]: [1748159593.842] v: 10.515983, w: 1.492421 (segment 0)[0m
[0m[ INFO] [1748159593.937830962]: Received reference trajectory - x: -211.567947, y: 0.000000, phi: 0.000000, v: 130.347183, w: 0.000000, line_no: 3[0m
[0m[ INFO] [1748159593.941162906]: [1748159593.941] Robot state - x: 3.814181, y: -0.831465, phi: -2.588840[0m
[0m[ INFO] [1748159593.941305915]: [1748159593.941] Reference trajectory - x: -0.211568, y: 0.000000, phi: 0.000000, v: 0.130347, w: 0.000000[0m
[0m[ INFO] [1748159593.941357948]: [1748159593.941] v: 10.528584, w: 1.421154 (segment 0)[0m
[0m[ INFO] [1748159594.037607323]: Received reference trajectory - x: -224.775299, y: 0.000000, phi: 0.000000, v: 133.935684, w: 0.000000, line_no: 3[0m
[0m[ INFO] [1748159594.040857026]: [1748159594.041] Robot state - x: 3.723188, y: -0.887834, phi: -2.588840[0m
[0m[ INFO] [1748159594.040943811]: [1748159594.041] Reference trajectory - x: -0.224775, y: 0.000000, phi: 0.000000, v: 0.133936, w: 0.000000[0m
[0m[ INFO] [1748159594.041186534]: [1748159594.041] v: 10.536063, w: 1.343754 (segment 0)[0m
[0m[ INFO] [1748159594.138810294]: Received reference trajectory - x: -238.348938, y: 0.000000, phi: 0.000000, v: 137.488281, w: 0.000000, line_no: 3[0m
[0m[ INFO] [1748159594.141555639]: [1748159594.141] Robot state - x: 3.628081, y: -0.946383, phi: -2.590718[0m
[0m[ INFO] [1748159594.141654808]: [1748159594.142] Reference trajectory - x: -0.238349, y: 0.000000, phi: 0.000000, v: 0.137488, w: 0.000000[0m
[0m[ INFO] [1748159594.141727961]: [1748159594.142] v: 10.539397, w: 1.264785 (segment 0)[0m
[0m[ INFO] [1748159594.237770006]: Received reference trajectory - x: -252.271011, y: 0.000000, phi: 0.000000, v: 141.001221, w: 0.000000, line_no: 3[0m
[0m[ INFO] [1748159594.241162622]: [1748159594.241] Robot state - x: 3.529878, y: -1.006837, phi: -2.592597[0m
[0m[ INFO] [1748159594.241252511]: [1748159594.241] Reference trajectory - x: -0.252271, y: 0.000000, phi: 0.000000, v: 0.141001, w: 0.000000[0m
[0m[ INFO] [1748159594.241301856]: [1748159594.241] v: 10.539291, w: 1.182719 (segment 0)[0m
[0m[ INFO] [1748159594.337770018]: Received reference trajectory - x: -266.543732, y: 0.000000, phi: 0.000000, v: 144.476105, w: 0.000000, line_no: 3[0m
[0m[ INFO] [1748159594.342505115]: [1748159594.342] Robot state - x: 3.428466, y: -1.069397, phi: -2.588840[0m
[0m[ INFO] [1748159594.342632188]: [1748159594.343] Reference trajectory - x: -0.266544, y: 0.000000, phi: 0.000000, v: 0.144476, w: 0.000000[0m
[0m[ INFO] [1748159594.342725885]: [1748159594.343] v: 10.535619, w: 1.091877 (segment 0)[0m
[0m[ INFO] [1748159594.437974577]: Received reference trajectory - x: -281.184509, y: 0.000000, phi: 0.000000, v: 147.917801, w: 0.000000, line_no: 3[0m
[0m[ INFO] [1748159594.441330553]: [1748159594.441] Robot state - x: 3.325344, y: -1.133415, phi: -2.575689[0m
[0m[ INFO] [1748159594.441427226]: [1748159594.441] Reference trajectory - x: -0.281184, y: 0.000000, phi: 0.000000, v: 0.147918, w: 0.000000[0m
[0m[ INFO] [1748159594.441479899]: [1748159594.441] v: 10.529504, w: 0.989352 (segment 0)[0m
[0m[ INFO] [1748159594.538040094]: Received reference trajectory - x: -296.140472, y: 0.000000, phi: 0.000000, v: 151.314835, w: 0.000000, line_no: 3[0m
[0m[ INFO] [1748159594.541244260]: [1748159594.541] Robot state - x: 3.222695, y: -1.197810, phi: -2.560659[0m
[0m[ INFO] [1748159594.541372678]: [1748159594.541] Reference trajectory - x: -0.296140, y: 0.000000, phi: 0.000000, v: 0.151315, w: 0.000000[0m
[0m[ INFO] [1748159594.541443879]: [1748159594.541] v: 10.522551, w: 0.883581 (segment 0)[0m
[0m[ INFO] [1748159594.637595813]: Received reference trajectory - x: -311.424042, y: 0.000000, phi: 0.000000, v: 154.671341, w: 0.000000, line_no: 3[0m
[0m[ INFO] [1748159594.641865560]: [1748159594.642] Robot state - x: 3.120115, y: -1.264193, phi: -2.543751[0m
[0m[ INFO] [1748159594.641986842]: [1748159594.642] Reference trajectory - x: -0.311424, y: 0.000000, phi: 0.000000, v: 0.154671, w: 0.000000[0m
[0m[ INFO] [1748159594.642072155]: [1748159594.642] v: 10.514476, w: 0.772718 (segment 0)[0m
[0m[ INFO] [1748159594.737726707]: Received reference trajectory - x: -327.068268, y: 0.000000, phi: 0.000000, v: 157.995209, w: 0.000000, line_no: 3[0m
[0m[ INFO] [1748159594.742231369]: [1748159594.742] Robot state - x: 3.018544, y: -1.332110, phi: -2.526842[0m
[0m[ INFO] [1748159594.742330506]: [1748159594.742] Reference trajectory - x: -0.327068, y: 0.000000, phi: 0.000000, v: 0.157995, w: 0.000000[0m
[0m[ INFO] [1748159594.742379243]: [1748159594.742] v: 10.506041, w: 0.659057 (segment 0)[0m
[0m[ INFO] [1748159594.837451228]: Received reference trajectory - x: -343.022308, y: 0.000000, phi: 0.000000, v: 161.276413, w: 0.000000, line_no: 3[0m
[0m[ INFO] [1748159594.842537177]: [1748159594.842] Robot state - x: 2.918136, y: -1.401734, phi: -2.509934[0m
[0m[ INFO] [1748159594.842644314]: [1748159594.843] Reference trajectory - x: -0.343022, y: 0.000000, phi: 0.000000, v: 0.161276, w: 0.000000[0m
[0m[ INFO] [1748159594.842888285]: [1748159594.843] v: 10.497335, w: 0.542375 (segment 0)[0m
[0m[ INFO] [1748159594.937805805]: Received reference trajectory - x: -359.316071, y: 0.000000, phi: 0.000000, v: 164.521957, w: 0.000000, line_no: 3[0m
[0m[ INFO] [1748159594.945506121]: [1748159594.945] Robot state - x: 2.822201, y: -1.470689, phi: -2.493026[0m
[0m[ INFO] [1748159594.945665771]: [1748159594.946] Reference trajectory - x: -0.359316, y: 0.000000, phi: 0.000000, v: 0.164522, w: 0.000000[0m
[0m[ INFO] [1748159594.945787212]: [1748159594.946] v: 10.490956, w: 0.425356 (segment 0)[0m
[0m[ INFO] [1748159595.037658487]: Received reference trajectory - x: -375.926544, y: 0.000000, phi: 0.000000, v: 167.727936, w: 0.000000, line_no: 3[0m
[0m[ INFO] [1748159595.179466328]: Received reference trajectory - x: -394.183533, y: 0.000000, phi: 0.000000, v: 171.139923, w: 0.000000, line_no: 3[0m
[0m[ INFO] [1748159595.190087735]: [1748159595.190] Robot state - x: 2.723880, y: -1.543910, phi: -2.476118[0m
[0m[ INFO] [1748159595.190203000]: [1748159595.190] Reference trajectory - x: -0.394184, y: 0.000000, phi: 0.000000, v: 0.171140, w: 0.000000[0m
[0m[ INFO] [1748159595.190290202]: [1748159595.190] v: 10.499127, w: 0.302384 (segment 0)[0m
[0m[ INFO] [1748159595.193996486]: [1748159595.194] Robot state - x: 2.630102, y: -1.616105, phi: -2.461088[0m
[0m[ INFO] [1748159595.194082503]: [1748159595.194] Reference trajectory - x: -0.394184, y: 0.000000, phi: 0.000000, v: 0.171140, w: 0.000000[0m
[0m[ INFO] [1748159595.194145992]: [1748159595.194] v: 10.476379, w: 0.181231 (segment 0)[0m
[0m[ INFO] [1748159595.237523823]: Received reference trajectory - x: -410.101959, y: 0.000000, phi: 0.000000, v: 174.025177, w: 0.000000, line_no: 3[0m
[0m[ INFO] [1748159595.240803766]: [1748159595.241] Robot state - x: 2.533354, y: -1.690731, phi: -2.444180[0m
[0m[ INFO] [1748159595.240921335]: [1748159595.241] Reference trajectory - x: -0.410102, y: 0.000000, phi: 0.000000, v: 0.174025, w: 0.000000[0m
[0m[ INFO] [1748159595.240975832]: [1748159595.241] v: 10.464983, w: 0.054358 (segment 0)[0m
[0m[ INFO] [1748159595.338274788]: Received reference trajectory - x: -427.665588, y: 0.000000, phi: 0.000000, v: 177.117508, w: 0.000000, line_no: 3[0m
[0m[ INFO] [1748159595.341072102]: [1748159595.341] Robot state - x: 2.439038, y: -1.768408, phi: -2.427272[0m
[0m[ INFO] [1748159595.341190727]: [1748159595.341] Reference trajectory - x: -0.427666, y: 0.000000, phi: 0.000000, v: 0.177118, w: 0.000000[0m
[0m[ INFO] [1748159595.341246664]: [1748159595.341] v: 10.455647, w: -0.077173 (segment 0)[0m
[0m[ INFO] [1748159595.437679978]: Received reference trajectory - x: -445.524078, y: 0.000000, phi: 0.000000, v: 180.169281, w: 0.000000, line_no: 3[0m
[0m[ INFO] [1748159595.442754278]: [1748159595.443] Robot state - x: 2.346049, y: -1.847669, phi: -2.410363[0m
[0m[ INFO] [1748159595.442859528]: [1748159595.443] Reference trajectory - x: -0.445524, y: 0.000000, phi: 0.000000, v: 0.180169, w: 0.000000[0m
[0m[ INFO] [1748159595.442964137]: [1748159595.443] v: 10.446302, w: -0.211737 (segment 0)[0m
[0m[ INFO] [1748159595.537719223]: Received reference trajectory - x: -463.701447, y: 0.000000, phi: 0.000000, v: 183.185272, w: 0.000000, line_no: 3[0m
[0m[ INFO] [1748159595.541314338]: [1748159595.541] Robot state - x: 2.259339, y: -1.924001, phi: -2.395334[0m
[0m[ INFO] [1748159595.541495908]: [1748159595.541] Reference trajectory - x: -0.463701, y: 0.000000, phi: 0.000000, v: 0.183185, w: 0.000000[0m
[0m[ INFO] [1748159595.541571685]: [1748159595.542] v: 10.440805, w: -0.342409 (segment 0)[0m
[0m[ INFO] [1748159595.637785316]: Received reference trajectory - x: -482.159790, y: 0.000000, phi: 0.000000, v: 186.159805, w: 0.000000, line_no: 3[0m
[0m[ INFO] [1748159595.641977558]: [1748159595.642] Robot state - x: 2.169083, y: -2.006361, phi: -2.378426[0m
[0m[ INFO] [1748159595.642133240]: [1748159595.642] Reference trajectory - x: -0.482160, y: 0.000000, phi: 0.000000, v: 0.186160, w: 0.000000[0m
[0m[ INFO] [1748159595.642369691]: [1748159595.642] v: 10.431673, w: -0.482965 (segment 0)[0m
[0m[ INFO] [1748159595.740121388]: Received reference trajectory - x: -500.958344, y: 0.000000, phi: 0.000000, v: 189.102921, w: 0.000000, line_no: 3[0m
[0m[ INFO] [1748159595.747096544]: [1748159595.747] Robot state - x: 2.097773, y: -2.072920, phi: -2.369032[0m
[0m[ INFO] [1748159595.747199425]: [1748159595.747] Reference trajectory - x: -0.500958, y: 0.000000, phi: 0.000000, v: 0.189103, w: 0.000000[0m
[0m[ INFO] [1748159595.747372867]: [1748159595.747] v: 10.436191, w: -0.599589 (segment 0)[0m
[0m[ INFO] [1748159595.837590171]: Received reference trajectory - x: -519.982605, y: 0.000000, phi: 0.000000, v: 191.997391, w: 0.000000, line_no: 3[0m
[0m[ INFO] [1748159595.840912610]: [1748159595.841] Robot state - x: 2.010193, y: -2.158120, phi: -2.352124[0m
[0m[ INFO] [1748159595.841008100]: [1748159595.841] Reference trajectory - x: -0.519983, y: 0.000000, phi: 0.000000, v: 0.191997, w: 0.000000[0m
[0m[ INFO] [1748159595.841063012]: [1748159595.841] v: 10.427504, w: -0.745737 (segment 0)[0m
[0m[ INFO] [1748159595.937725001]: Received reference trajectory - x: -539.332520, y: 0.000000, phi: 0.000000, v: 194.859222, w: 0.000000, line_no: 3[0m
[0m[ INFO] [1748159595.942567523]: [1748159595.942] Robot state - x: 1.925106, y: -2.243260, phi: -2.325822[0m
[0m[ INFO] [1748159595.942719557]: [1748159595.943] Reference trajectory - x: -0.539333, y: 0.000000, phi: 0.000000, v: 0.194859, w: 0.000000[0m
[0m[ INFO] [1748159595.942780965]: [1748159595.943] v: 10.419867, w: -0.902195 (segment 0)[0m
[0m[ INFO] [1748159596.037649237]: Received reference trajectory - x: -558.948914, y: 0.000000, phi: 0.000000, v: 197.680084, w: 0.000000, line_no: 3[0m
[0m[ INFO] [1748159596.041006941]: [1748159596.041] Robot state - x: 1.839515, y: -2.331023, phi: -2.308914[0m
[0m[ INFO] [1748159596.041140062]: [1748159596.041] Reference trajectory - x: -0.558949, y: 0.000000, phi: 0.000000, v: 0.197680, w: 0.000000[0m
[0m[ INFO] [1748159596.041200735]: [1748159596.041] v: 10.410965, w: -1.053958 (segment 0)[0m
[0m[ INFO] [1748159596.137818723]: Received reference trajectory - x: -578.860168, y: 0.000000, phi: 0.000000, v: 200.464645, w: 0.000000, line_no: 3[0m
[0m[ INFO] [1748159596.141231052]: [1748159596.141] Robot state - x: 1.756536, y: -2.420709, phi: -2.292006[0m
[0m[ INFO] [1748159596.141324941]: [1748159596.141] Reference trajectory - x: -0.578860, y: 0.000000, phi: 0.000000, v: 0.200465, w: 0.000000[0m
[0m[ INFO] [1748159596.141374126]: [1748159596.141] v: 10.403218, w: -1.209302 (segment 0)[0m
[0m[ INFO] [1748159596.237544941]: Received reference trajectory - x: -599.039001, y: 0.000000, phi: 0.000000, v: 203.209564, w: 0.000000, line_no: 3[0m
[0m[ INFO] [1748159596.240920277]: [1748159596.241] Robot state - x: 1.674864, y: -2.511860, phi: -2.276976[0m
[0m[ INFO] [1748159596.241009750]: [1748159596.241] Reference trajectory - x: -0.599039, y: 0.000000, phi: 0.000000, v: 0.203210, w: 0.000000[0m
[0m[ INFO] [1748159596.241128248]: [1748159596.241] v: 10.395645, w: -1.365926 (segment 0)[0m
[0m[ INFO] [1748159596.338213697]: Received reference trajectory - x: -619.500183, y: 0.000000, phi: 0.000000, v: 205.917419, w: 0.000000, line_no: 3[0m
[0m[ INFO] [1748159596.341308998]: [1748159596.341] Robot state - x: 1.594965, y: -2.604301, phi: -2.260068[0m
[0m[ INFO] [1748159596.341401768]: [1748159596.341] Reference trajectory - x: -0.619500, y: 0.000000, phi: 0.000000, v: 0.205917, w: 0.000000[0m
[0m[ INFO] [1748159596.341487689]: [1748159596.341] v: 10.388640, w: -1.527269 (segment 0)[0m
[0m[ INFO] [1748159596.437620935]: Received reference trajectory - x: -640.222107, y: 0.000000, phi: 0.000000, v: 208.585800, w: 0.000000, line_no: 3[0m
[0m[ INFO] [1748159596.441708792]: [1748159596.442] Robot state - x: 1.516245, y: -2.698014, phi: -2.245039[0m
[0m[ INFO] [1748159596.441810457]: [1748159596.442] Reference trajectory - x: -0.640222, y: 0.000000, phi: 0.000000, v: 0.208586, w: 0.000000[0m
[0m[ INFO] [1748159596.442080284]: [1748159596.442] v: 10.381763, w: -1.689715 (segment 0)[0m
[0m[ INFO] [1748159596.537747125]: Received reference trajectory - x: -661.220459, y: 0.000000, phi: 0.000000, v: 211.217224, w: 0.000000, line_no: 3[0m
[0m[ INFO] [1748159596.542116490]: [1748159596.542] Robot state - x: 1.440355, y: -2.791703, phi: -2.228130[0m
[0m[ INFO] [1748159596.542217003]: [1748159596.542] Reference trajectory - x: -0.661220, y: 0.000000, phi: 0.000000, v: 0.211217, w: 0.000000[0m
[0m[ INFO] [1748159596.542271403]: [1748159596.542] v: 10.376319, w: -1.855425 (segment 0)[0m
[0m[ INFO] [1748159596.637555680]: Received reference trajectory - x: -682.466064, y: 0.000000, phi: 0.000000, v: 213.808517, w: 0.000000, line_no: 3[0m
[0m[ INFO] [1748159596.640943048]: [1748159596.641] Robot state - x: 1.364850, y: -2.888023, phi: -2.209343[0m
[0m[ INFO] [1748159596.641032041]: [1748159596.641] Reference trajectory - x: -0.682466, y: 0.000000, phi: 0.000000, v: 0.213809, w: 0.000000[0m
[0m[ INFO] [1748159596.641102410]: [1748159596.641] v: 10.370451, w: -2.027420 (segment 0)[0m
[0m[ INFO] [1748159596.738309205]: Received reference trajectory - x: -703.984192, y: 0.000000, phi: 0.000000, v: 216.363251, w: 0.000000, line_no: 3[0m
[0m[ INFO] [1748159596.742152291]: [1748159596.742] Robot state - x: 1.291014, y: -2.985376, phi: -2.192435[0m
[0m[ INFO] [1748159596.742278149]: [1748159596.742] Reference trajectory - x: -0.703984, y: 0.000000, phi: 0.000000, v: 0.216363, w: 0.000000[0m
[0m[ INFO] [1748159596.742410087]: [1748159596.742] v: 10.365183, w: -2.200308 (segment 0)[0m
[0m[ INFO] [1748159596.837561945]: Received reference trajectory - x: -725.734619, y: 0.000000, phi: 0.000000, v: 218.877106, w: 0.000000, line_no: 3[0m
[0m[ INFO] [1748159596.840991426]: [1748159596.841] Robot state - x: 1.219020, y: -3.084099, phi: -2.175527[0m
[0m[ INFO] [1748159596.841128388]: [1748159596.841] Reference trajectory - x: -0.725735, y: 0.000000, phi: 0.000000, v: 0.218877, w: 0.000000[0m
[0m[ INFO] [1748159596.841208421]: [1748159596.841] v: 10.360639, w: -2.376297 (segment 0)[0m
[0m[ INFO] [1748159596.938109229]: Received reference trajectory - x: -747.748413, y: 0.000000, phi: 0.000000, v: 221.354156, w: 0.000000, line_no: 3[0m
[0m[ INFO] [1748159596.941204658]: [1748159596.941] Robot state - x: 1.156242, y: -3.172782, phi: -2.164254[0m
[0m[ INFO] [1748159596.941298291]: [1748159596.941] Reference trajectory - x: -0.747748, y: 0.000000, phi: 0.000000, v: 0.221354, w: 0.000000[0m
[0m[ INFO] [1748159596.941346675]: [1748159596.941] v: 10.362546, w: -2.536985 (segment 0)[0m
[0m[ INFO] [1748159597.037599059]: Received reference trajectory - x: -770.006409, y: 0.000000, phi: 0.000000, v: 223.792633, w: 0.000000, line_no: 3[0m
[0m[ INFO] [1748159597.040828538]: [1748159597.041] Robot state - x: 1.087835, y: -3.273779, phi: -2.145468[0m
[0m[ INFO] [1748159597.040919675]: [1748159597.041] Reference trajectory - x: -0.770006, y: 0.000000, phi: 0.000000, v: 0.223793, w: 0.000000[0m
[0m[ INFO] [1748159597.040970012]: [1748159597.041] v: 10.359633, w: -2.720337 (segment 0)[0m
[0m[ INFO] [1748159597.138065798]: Received reference trajectory - x: -792.520142, y: 0.000000, phi: 0.000000, v: 226.194168, w: 0.000000, line_no: 3[0m
[0m[ INFO] [1748159597.141884019]: [1748159597.142] Robot state - x: 1.020348, y: -3.375878, phi: -2.126681[0m
[0m[ INFO] [1748159597.141979925]: [1748159597.142] Reference trajectory - x: -0.792520, y: 0.000000, phi: 0.000000, v: 0.226194, w: 0.000000[0m
[0m[ INFO] [1748159597.142064502]: [1748159597.142] v: 10.356857, w: -2.906542 (segment 0)[0m
[0m[ INFO] [1748159597.237593389]: Received reference trajectory - x: -815.241699, y: 0.000000, phi: 0.000000, v: 228.554123, w: 0.000000, line_no: 3[0m
[0m[ INFO] [1748159597.241301273]: [1748159597.241] Robot state - x: 0.954597, y: -3.479104, phi: -2.111651[0m
[0m[ INFO] [1748159597.241498332]: [1748159597.241] Reference trajectory - x: -0.815242, y: 0.000000, phi: 0.000000, v: 0.228554, w: 0.000000[0m
[0m[ INFO] [1748159597.241757055]: [1748159597.242] v: 10.354822, w: -3.092032 (segment 0)[0m
[0m[ INFO] [1748159597.337879965]: Received reference trajectory - x: -838.225159, y: 0.000000, phi: 0.000000, v: 230.878525, w: 0.000000, line_no: 3[0m
[0m[ INFO] [1748159597.341826413]: [1748159597.342] Robot state - x: 0.893757, y: -3.578491, phi: -2.098500[0m
[0m[ INFO] [1748159597.341927502]: [1748159597.342] Reference trajectory - x: -0.838225, y: 0.000000, phi: 0.000000, v: 0.230879, w: 0.000000[0m
[0m[ INFO] [1748159597.342005103]: [1748159597.342] v: 10.356045, w: -3.272973 (segment 0)[0m
[0m[ INFO] [1748159597.437562054]: Received reference trajectory - x: -861.420715, y: 0.000000, phi: 0.000000, v: 233.162674, w: 0.000000, line_no: 3[0m
[0m[ INFO] [1748159597.440991759]: [1748159597.441] Robot state - x: 0.831735, y: -3.683765, phi: -2.081592[0m
[0m[ INFO] [1748159597.441111473]: [1748159597.441] Reference trajectory - x: -0.861421, y: 0.000000, phi: 0.000000, v: 0.233163, w: 0.000000[0m
[0m[ INFO] [1748159597.441171762]: [1748159597.441] v: 10.355884, w: -3.465808 (segment 0)[0m
[0m[ INFO] [1748159597.537956888]: Received reference trajectory - x: -884.862793, y: 0.000000, phi: 0.000000, v: 235.410355, w: 0.000000, line_no: 3[0m
[0m[ INFO] [1748159597.541295840]: [1748159597.541] Robot state - x: 0.775328, y: -3.782025, phi: -2.068441[0m
[0m[ INFO] [1748159597.541413473]: [1748159597.541] Reference trajectory - x: -0.884863, y: 0.000000, phi: 0.000000, v: 0.235410, w: 0.000000[0m
[0m[ INFO] [1748159597.541506083]: [1748159597.541] v: 10.359576, w: -3.648700 (segment 0)[0m
[0m[ INFO] [1748159597.637806403]: Received reference trajectory - x: -908.496338, y: 0.000000, phi: 0.000000, v: 237.616699, w: 0.000000, line_no: 3[0m
[0m[ INFO] [1748159597.644207568]: [1748159597.644] Robot state - x: 0.716304, y: -3.889469, phi: -2.051533[0m
[0m[ INFO] [1748159597.644338353]: [1748159597.644] Reference trajectory - x: -0.908496, y: 0.000000, phi: 0.000000, v: 0.237617, w: 0.000000[0m
[0m[ INFO] [1748159597.644421618]: [1748159597.644] v: 10.360842, w: -3.847227 (segment 0)[0m
[0m[ INFO] [1748159597.738411639]: Received reference trajectory - x: -932.370728, y: 0.000000, phi: 0.000000, v: 239.786697, w: 0.000000, line_no: 3[0m
[0m[ INFO] [1748159597.743196305]: [1748159597.743] Robot state - x: 0.661351, y: -3.992229, phi: -2.038382[0m
[0m[ INFO] [1748159597.743340658]: [1748159597.743] Reference trajectory - x: -0.932371, y: 0.000000, phi: 0.000000, v: 0.239787, w: 0.000000[0m
[0m[ INFO] [1748159597.743397491]: [1748159597.743] v: 10.364825, w: -4.038501 (segment 0)[0m
[0m[ INFO] [1748159597.837533850]: Received reference trajectory - x: -956.452515, y: 0.000000, phi: 0.000000, v: 241.917603, w: 0.000000, line_no: 3[0m
[0m[ INFO] [1748159597.841206854]: [1748159597.841] Robot state - x: 0.605767, y: -4.101039, phi: -2.021474[0m
[0m[ INFO] [1748159597.841315495]: [1748159597.841] Reference trajectory - x: -0.956452, y: 0.000000, phi: 0.000000, v: 0.241918, w: 0.000000[0m
[0m[ INFO] [1748159597.841372584]: [1748159597.841] v: 10.367951, w: -4.241909 (segment 0)[0m
[0m[ INFO] [1748159597.937779498]: Received reference trajectory - x: -980.767090, y: 0.000000, phi: 0.000000, v: 244.011963, w: 0.000000, line_no: 3[0m
[0m[ INFO] [1748159597.941500406]: [1748159597.941] Robot state - x: 0.551618, y: -4.210571, phi: -2.004566[0m
[0m[ INFO] [1748159597.941630040]: [1748159597.942] Reference trajectory - x: -0.980767, y: 0.000000, phi: 0.000000, v: 0.244012, w: 0.000000[0m
[0m[ INFO] [1748159597.941709945]: [1748159597.942] v: 10.371825, w: -4.447859 (segment 0)[0m
[0m[ INFO] [1748159598.037922968]: Received reference trajectory - x: -1005.253357, y: 0.000000, phi: 0.000000, v: 246.064896, w: 0.000000, line_no: 3[0m
[0m[ INFO] [1748159598.042066058]: [1748159598.042] Robot state - x: 0.499311, y: -4.320771, phi: -1.989536[0m
[0m[ INFO] [1748159598.042161899]: [1748159598.042] Reference trajectory - x: -1.005253, y: 0.000000, phi: 0.000000, v: 0.246065, w: 0.000000[0m
[0m[ INFO] [1748159598.042400270]: [1748159598.042] v: 10.376734, w: -4.654497 (segment 0)[0m
[0m[ INFO] [1748159598.137677154]: Received reference trajectory - x: -1029.974243, y: 0.000000, phi: 0.000000, v: 248.082001, w: 0.000000, line_no: 3[0m
[0m[ INFO] [1748159598.141954774]: [1748159598.142] Robot state - x: 0.448730, y: -4.432439, phi: -1.972628[0m
[0m[ INFO] [1748159598.142082871]: [1748159598.142] Reference trajectory - x: -1.029974, y: 0.000000, phi: 0.000000, v: 0.248082, w: 0.000000[0m
[0m[ INFO] [1748159598.142164824]: [1748159598.142] v: 10.382670, w: -4.866356 (segment 0)[0m
[0m[ INFO] [1748159598.237605839]: Received reference trajectory - x: -1054.869141, y: 0.000000, phi: 0.000000, v: 250.058655, w: 0.000000, line_no: 3[0m
[0m[ INFO] [1748159598.241451677]: [1748159598.241] Robot state - x: 0.399994, y: -4.544484, phi: -1.955719[0m
[0m[ INFO] [1748159598.241552158]: [1748159598.242] Reference trajectory - x: -1.054869, y: 0.000000, phi: 0.000000, v: 0.250059, w: 0.000000[0m
[0m[ INFO] [1748159598.241605887]: [1748159598.242] v: 10.389710, w: -5.080411 (segment 0)[0m
[0m[ INFO] [1748159598.337757278]: Received reference trajectory - x: -1079.986084, y: 0.000000, phi: 0.000000, v: 251.998947, w: 0.000000, line_no: 3[0m
[0m[ INFO] [1748159598.341022085]: [1748159598.341] Robot state - x: 0.352975, y: -4.657479, phi: -1.940690[0m
[0m[ INFO] [1748159598.341122566]: [1748159598.341] Reference trajectory - x: -1.079986, y: 0.000000, phi: 0.000000, v: 0.251999, w: 0.000000[0m
[0m[ INFO] [1748159598.341175111]: [1748159598.341] v: 10.397828, w: -5.295515 (segment 0)[0m
[0m[ INFO] [1748159598.437617801]: Received reference trajectory - x: -1105.266357, y: 0.000000, phi: 0.000000, v: 253.898651, w: 0.000000, line_no: 3[0m
[0m[ INFO] [1748159598.441191860]: [1748159598.441] Robot state - x: 0.308055, y: -4.771108, phi: -1.923782[0m
[0m[ INFO] [1748159598.441342390]: [1748159598.441] Reference trajectory - x: -1.105266, y: 0.000000, phi: 0.000000, v: 0.253899, w: 0.000000[0m
[0m[ INFO] [1748159598.441508216]: [1748159598.441] v: 10.407294, w: -5.514934 (segment 0)[0m
[0m[ INFO] [1748159598.542522673]: Received reference trajectory - x: -1130.871826, y: 0.000000, phi: 0.000000, v: 255.769897, w: 0.000000, line_no: 3[0m
[0m[ INFO] [1748159598.545431156]: [1748159598.545] Robot state - x: 0.267103, y: -4.879127, phi: -1.908752[0m
[0m[ INFO] [1748159598.545583253]: [1748159598.546] Reference trajectory - x: -1.130872, y: 0.000000, phi: 0.000000, v: 0.255770, w: 0.000000[0m
[0m[ INFO] [1748159598.545653654]: [1748159598.546] v: 10.419722, w: -5.727948 (segment 0)[0m
[0m[ INFO] [1748159598.637778885]: Received reference trajectory - x: -1156.426025, y: 0.000000, phi: 0.000000, v: 257.585754, w: 0.000000, line_no: 3[0m
[0m[ INFO] [1748159598.642243291]: [1748159598.642] Robot state - x: 0.225834, y: -4.994132, phi: -1.891844[0m
[0m[ INFO] [1748159598.642391868]: [1748159598.642] Reference trajectory - x: -1.156426, y: 0.000000, phi: 0.000000, v: 0.257586, w: 0.000000[0m
[0m[ INFO] [1748159598.642524030]: [1748159598.642] v: 10.431568, w: -5.952440 (segment 0)[0m
[0m[ INFO] [1748159598.738167703]: Received reference trajectory - x: -1182.271973, y: 0.000000, phi: 0.000000, v: 259.371216, w: 0.000000, line_no: 3[0m
[0m[ INFO] [1748159598.754574619]: [1748159598.754] Robot state - x: 0.186775, y: -5.109053, phi: -1.871178[0m
[0m[ INFO] [1748159598.754731965]: [1748159598.755] Reference trajectory - x: -1.182272, y: 0.000000, phi: 0.000000, v: 0.259371, w: 0.000000[0m
[0m[ INFO] [1748159598.754789502]: [1748159598.755] v: 10.445058, w: -6.182268 (segment 0)[0m
[0m[ INFO] [1748159598.837542717]: Received reference trajectory - x: -1208.288574, y: 0.000000, phi: 0.000000, v: 261.117920, w: 0.000000, line_no: 3[0m
[0m[ INFO] [1748159598.843036414]: [1748159598.843] Robot state - x: 0.149200, y: -5.225317, phi: -1.854270[0m
[0m[ INFO] [1748159598.843135679]: [1748159598.843] Reference trajectory - x: -1.208289, y: 0.000000, phi: 0.000000, v: 0.261118, w: 0.000000[0m
[0m[ INFO] [1748159598.843351138]: [1748159598.843] v: 10.459571, w: -6.411830 (segment 0)[0m
[0m[ INFO] [1748159581.729112872]: [I2C FOR MOTORS] Now launching this node in namespace: /asc[0m
[0m[ INFO] [1748159581.748351085]: [I2C FOR MOTORS] publish motor duty cycle requests from command line with: rostopic pub --once /asc/set_motor_duty_cycle asclinic_pkg/LeftRightFloat32 "{left: 10.1, right: 10.1}"[0m
[0m[ INFO] [1748159581.748508783]: [I2C FOR MOTORS] Successfully opened named /dev/i2c-1, with file descriptor = 10[0m
[0m[ INFO] [1748159581.748627281]: [I2C FOR MOTORS] Actual acceleration limit = 0.0003125%/ms (after conversation to "internal units")[0m
[0m[ INFO] [1748159581.748693265]: [I2C FOR MOTORS] Actual deceleration limit = 0.0015625%/ms (after conversation to "internal units")[0m
[0m[ INFO] [1748159581.748748306]: [I2C FOR MOTORS] Now initialising SMC with I2C address 13[0m
[0m[ INFO] [1748159581.764177994]: [I2C FOR MOTORS] Now initialising SMC with I2C address 14[0m
[0m[ INFO] [1748159581.782321827]: [I2C FOR MOTORS] Node initialisation complete[0m
[0m[ INFO] [1748159585.737159841]: Reading trajectory coeffs[0m
[0m[ INFO] [1748159585.741419059]: Reading trajectory coeffs[0m

[ARUCO DETECTOR] Camera properties upon initialisation:
CV_CAP_PROP_FRAME_HEIGHT : '480.0'
CV_CAP_PROP_FRAME_WIDTH :  '640.0'
CAP_PROP_FPS :             '30.0'
CAP_PROP_FOCUS :           '0.0'
CAP_PROP_AUTOFOCUS :       '0.0'
CAP_PROP_BRIGHTNESS :      '128.0'
CAP_PROP_CONTRAST :        '128.0'
CAP_PROP_SATURATION :      '128.0'
CAP_PROP_BUFFERSIZE :      '4.0'

[ARUCO DETECTOR] Camera properties upon initialisation:
CV_CAP_PROP_FRAME_HEIGHT : '1080.0'
CV_CAP_PROP_FRAME_WIDTH :  '1920.0'
CAP_PROP_FPS :             '5.0'
CAP_PROP_FOCUS :           '0.0'
CAP_PROP_AUTOFOCUS :       '0.0'
CAP_PROP_BRIGHTNESS :      '128.0'
CAP_PROP_CONTRAST :        '128.0'
CAP_PROP_SATURATION :      '128.0'
CAP_PROP_BUFFERSIZE :      '1.0'
[INFO] [1748159586.151009]: [ARUCO DETECTOR] As a double check of the camera properties set, a frame captured just now has dimensions = (1080, 1920, 3)
[INFO] [1748159586.155918]: [ARUCO DETECTOR] publish request from command line to save a single camera image using: rostopic pub --once /asc/request_save_image std_msgs/UInt32 1
[INFO] [1748159586.159884]: [ARUCO DETECTOR] Node initialisation complete
... logging to /home/asc/.ros/log/45a3ae96-393d-11f0-b43e-d8c0a650f677/roslaunch-asc12-jetson-17488.log
Checking log directory for disk usage. This may take a while.
Press Ctrl-C to interrupt
Done checking log file disk usage. Usage is <1GB.
]2;/home/asc/ASClinic/catkin_ws/src/asclinic_pkg/launch/trajectory.launch
[1mstarted roslaunch server http://asc12-jetson:38597/[0m

SUMMARY
========

PARAMETERS
 * /asc/aruco_detector/aruco_detector_desired_camera_fps: 5
 * /asc/aruco_detector/aruco_detector_desired_camera_frame_height: 1080
 * /asc/aruco_detector/aruco_detector_desired_camera_frame_width: 1920
 * /asc/aruco_detector/aruco_detector_marker_size: 0.25
 * /asc/aruco_detector/aruco_detector_save_image_path: /home/asc/saved_c...
 * /asc/aruco_detector/aruco_detector_should_publish_camera_images: False
 * /asc/aruco_detector/aruco_detector_should_save_all_aruco_images: False
 * /asc/aruco_detector/aruco_detector_should_show_camera_images: False
 * /asc/aruco_detector/aruco_detector_usb_camera_device_number: 0
 * /asc/aruco_detector/aruco_detector_verbosity: 1
 * /asc/encoder_read_multi_threaded/delta_t_for_publishing_encoder_counts: 0.1
 * /asc/encoder_read_multi_threaded/encoder_events_to_monitor: rising
 * /asc/encoder_read_multi_threaded/encoder_read_verbosity: 1
 * /asc/encoder_read_multi_threaded/gpio_chip_number_for_encoder_lines: 1
 * /asc/encoder_read_multi_threaded/line_number_for_left_side_encoder_channel_a: 105
 * /asc/encoder_read_multi_threaded/line_number_for_left_side_encoder_channel_b: 106
 * /asc/encoder_read_multi_threaded/line_number_for_right_side_encoder_channel_a: 84
 * /asc/encoder_read_multi_threaded/line_number_for_right_side_encoder_channel_b: 130
 * /asc/encoder_read_multi_threaded/should_monitor_left_side_encoder_channel_a: True
 * /asc/encoder_read_multi_threaded/should_monitor_left_side_encoder_channel_b: False
 * /asc/encoder_read_multi_threaded/should_monitor_right_side_encoder_channel_a: True
 * /asc/encoder_read_multi_threaded/should_monitor_right_side_encoder_channel_b: False
 * /asc/i2c_for_motors/motor_driver_current_limit_in_milliamps: 5000
 * /asc/i2c_for_motors/motor_driver_left_side_multiplier: 1
 * /asc/i2c_for_motors/motor_driver_max_accel_limit_in_percent_per_millisecond: 0.04
 * /asc/i2c_for_motors/motor_driver_max_decel_limit_in_percent_per_millisecond: 0.16
 * /asc/i2c_for_motors/motor_driver_max_duty_cycle_limit_in_percent: 100.0
 * /asc/i2c_for_motors/motor_driver_right_side_multiplier: 1
 * /asc/i2c_for_motors/motor_driver_verbosity: 1
 * /rosdistro: noetic
 * /rosversion: 1.17.0

NODES
  /
    aruco_positioning (asclinic_pkg/aruco_positioning.py)
    kf_fusion_node (asclinic_pkg/KF.py)
    odomdelta (asclinic_pkg/odomdelta)
    trajectory_generator (asclinic_pkg/trajectory_generator_state_space)
    trajectory_tracker (asclinic_pkg/trajectory_tracker_state_space)
    velocity_PI_control (asclinic_pkg/velocity_PI_control)
  /asc/
    aruco_detector (asclinic_pkg/aruco_detector.py)
    encoder_read_multi_threaded (asclinic_pkg/encoder_read_multi_threaded)
    i2c_for_motors (asclinic_pkg/i2c_for_motors)

auto-starting new master
[1mprocess[master]: started with pid [17544][0m
[1mROS_MASTER_URI=http://localhost:11311[0m
]2;/home/asc/ASClinic/catkin_ws/src/asclinic_pkg/launch/trajectory.launch http://localhost:11311
[1msetting /run_id to 45a3ae96-393d-11f0-b43e-d8c0a650f677[0m
[1mprocess[rosout-1]: started with pid [17557][0m
started core service [/rosout]
[1mprocess[asc/i2c_for_motors-2]: started with pid [17560][0m
[1mprocess[asc/encoder_read_multi_threaded-3]: started with pid [17561][0m
[1mprocess[odomdelta-4]: started with pid [17566][0m
[1mprocess[asc/aruco_detector-5]: started with pid [17581][0m
[1mprocess[aruco_positioning-6]: started with pid [17587][0m
[1mprocess[trajectory_tracker-7]: started with pid [17588][0m
[1mprocess[trajectory_generator-8]: started with pid [17592][0m
[1mprocess[velocity_PI_control-9]: started with pid [17601][0m
[1mprocess[kf_fusion_node-10]: started with pid [17607][0m
[velocity_PI_control-9] killing on exit
[trajectory_generator-8] killing on exit
[kf_fusion_node-10] killing on exit
[trajectory_tracker-7] killing on exit
[odomdelta-4] killing on exit
[asc/encoder_read_multi_threaded-3] killing on exit
[asc/aruco_detector-5] killing on exit
[aruco_positioning-6] killing on exit
[asc/i2c_for_motors-2] killing on exit
[rosout-1] killing on exit
[master] killing on exit
shutting down processing monitor...
... shutting down processing monitor complete
[1mdone[0m
