[0m[ INFO] [1746507385.235243980]: Target - x: 0.000000, y: 0.000000, phi: 0.000000[0m
[0m[ INFO] [1746507385.240353074]: Current - x: 0.000000, y: 0.000000, phi: 0.000000[0m
[0m[ INFO] [1746507385.240431315]: Error - x: 0.000000, y: 0.000000[0m
[0m[ INFO] [1746507385.240492083]: Publishing motor command - Left: 0.000000, Right: 0.000000[0m
[0m[ INFO] [1746507385.241354335]: Target reached: x=0.00, y=0.00, phi=0.00[0m
[0m[ INFO] [1746507385.335739402]: Target - x: 0.000000, y: 0.000000, phi: 0.000000[0m
[0m[ INFO] [1746507385.335897004]: Current - x: 0.000000, y: 0.000000, phi: 0.000000[0m
[0m[ INFO] [1746507385.335967277]: Error - x: 0.000000, y: 0.000000[0m
[0m[ INFO] [1746507385.336085582]: Publishing motor command - Left: 0.000000, Right: 0.000000[0m
[0m[ INFO] [1746507385.336140175]: Target reached: x=0.00, y=0.00, phi=0.00[0m
[0m[ INFO] [1746507385.434424111]: Target - x: 0.000000, y: 0.000000, phi: 0.000000[0m
[0m[ INFO] [1746507385.434507472]: Current - x: 0.000000, y: 0.000000, phi: 0.000000[0m
[0m[ INFO] [1746507385.434547472]: Error - x: 0.000000, y: 0.000000[0m
[0m[ INFO] [1746507385.434691602]: Publishing motor command - Left: 0.000000, Right: 0.000000[0m
[0m[ INFO] [1746507385.434790740]: Target reached: x=0.00, y=0.00, phi=0.00[0m
[0m[ INFO] [1746507385.534284644]: Target - x: 0.000000, y: 0.000000, phi: 0.000000[0m
[0m[ INFO] [1746507385.534424934]: Current - x: 0.000000, y: 0.000000, phi: 0.000000[0m
[0m[ INFO] [1746507385.534505159]: Error - x: 0.000000, y: 0.000000[0m
[0m[ INFO] [1746507385.534545608]: Publishing motor command - Left: 0.000000, Right: 0.000000[0m
[0m[ INFO] [1746507385.534608968]: Target reached: x=0.00, y=0.00, phi=0.00[0m
[0m[ INFO] [1746507385.634349180]: Target - x: 0.000000, y: 0.000000, phi: 0.000000[0m
[0m[ INFO] [1746507385.634437341]: Current - x: 0.000000, y: 0.000000, phi: 0.000000[0m
[0m[ INFO] [1746507385.634476062]: Error - x: 0.000000, y: 0.000000[0m
[0m[ INFO] [1746507385.634513118]: Publishing motor command - Left: 0.000000, Right: 0.000000[0m
[0m[ INFO] [1746507385.634593151]: Target reached: x=0.00, y=0.00, phi=0.00[0m
[0m[ INFO] [1746507385.734465557]: Target - x: 0.000000, y: 0.000000, phi: 0.000000[0m
[0m[ INFO] [1746507385.734572918]: Current - x: 0.000000, y: 0.000000, phi: 0.000000[0m
[0m[ INFO] [1746507385.734612119]: Error - x: 0.000000, y: 0.000000[0m
[0m[ INFO] [1746507385.734648215]: Publishing motor command - Left: 0.000000, Right: 0.000000[0m
[0m[ INFO] [1746507385.734759609]: Target reached: x=0.00, y=0.00, phi=0.00[0m
[0m[ INFO] [1746507385.834489452]: Target - x: 0.000000, y: 0.000000, phi: 0.000000[0m
[0m[ INFO] [1746507385.834581326]: Current - x: 0.000000, y: 0.000000, phi: 0.000000[0m
[0m[ INFO] [1746507385.834621454]: Error - x: 0.000000, y: 0.000000[0m
[0m[ INFO] [1746507385.834659087]: Publishing motor command - Left: 0.000000, Right: 0.000000[0m
[0m[ INFO] [1746507385.834767280]: Target reached: x=0.00, y=0.00, phi=0.00[0m
[0m[ INFO] [1746507385.934365218]: Target - x: 0.000000, y: 0.000000, phi: 0.000000[0m
[0m[ INFO] [1746507385.934451715]: Current - x: 0.000000, y: 0.000000, phi: 0.000000[0m
[0m[ INFO] [1746507385.934662438]: Error - x: 0.000000, y: 0.000000[0m
[0m[ INFO] [1746507385.934777511]: Publishing motor command - Left: 0.000000, Right: 0.000000[0m
[0m[ INFO] [1746507385.934865801]: Target reached: x=0.00, y=0.00, phi=0.00[0m
[0m[ INFO] [1746507386.034253367]: Target - x: 0.000000, y: 0.000000, phi: 0.000000[0m
[0m[ INFO] [1746507386.034371897]: Current - x: 0.000000, y: 0.000000, phi: 0.000000[0m
[0m[ INFO] [1746507386.034448954]: Error - x: 0.000000, y: 0.000000[0m
[0m[ INFO] [1746507386.034488219]: Publishing motor command - Left: 0.000000, Right: 0.000000[0m
[0m[ INFO] [1746507386.034676189]: Target reached: x=0.00, y=0.00, phi=0.00[0m
[0m[ INFO] [1746507386.134826550]: Target - x: 0.000000, y: 0.000000, phi: 0.000000[0m
[0m[ INFO] [1746507386.134919703]: Current - x: 0.000000, y: 0.000000, phi: 0.000000[0m
[0m[ INFO] [1746507386.134959864]: Error - x: 0.000000, y: 0.000000[0m
[0m[ INFO] [1746507386.135241660]: Publishing motor command - Left: 0.000000, Right: 0.000000[0m
[0m[ INFO] [1746507386.135324573]: Target reached: x=0.00, y=0.00, phi=0.00[0m
[0m[ INFO] [1746507386.235066577]: Target - x: 0.000000, y: 0.000000, phi: 0.000000[0m
[0m[ INFO] [1746507386.235216147]: Current - x: 0.000000, y: 0.000000, phi: 0.000000[0m
[0m[ INFO] [1746507386.235259923]: Error - x: 0.000000, y: 0.000000[0m
[0m[ INFO] [1746507386.235295540]: Publishing motor command - Left: 0.000000, Right: 0.000000[0m
[0m[ INFO] [1746507386.235386357]: Target reached: x=0.00, y=0.00, phi=0.00[0m
[0m[ INFO] [1746507386.334530112]: Target - x: 0.000000, y: 0.000000, phi: 0.000000[0m
[0m[ INFO] [1746507386.334670626]: Current - x: 0.000000, y: 0.000000, phi: 0.000000[0m
[0m[ INFO] [1746507386.334738947]: Error - x: 0.000000, y: 0.000000[0m
[0m[ INFO] [1746507386.334800068]: Publishing motor command - Left: 0.000000, Right: 0.000000[0m
[0m[ INFO] [1746507386.334867333]: Target reached: x=0.00, y=0.00, phi=0.00[0m
[0m[ INFO] [1746507386.434459926]: Target - x: 0.000000, y: 0.000000, phi: 0.000000[0m
[0m[ INFO] [1746507386.434547223]: Current - x: 0.000000, y: 0.000000, phi: 0.000000[0m
[0m[ INFO] [1746507386.434613720]: Error - x: 0.000000, y: 0.000000[0m
[0m[ INFO] [1746507386.434663321]: Publishing motor command - Left: 0.000000, Right: 0.000000[0m
[0m[ INFO] [1746507386.434740186]: Target reached: x=0.00, y=0.00, phi=0.00[0m
[0m[ INFO] [1746507386.534690416]: Target - x: 30.000000, y: 0.000000, phi: 0.000000[0m
[0m[ INFO] [1746507386.534786002]: Current - x: 0.000000, y: 0.000000, phi: 0.000000[0m
[0m[ INFO] [1746507386.534911027]: Error - x: 30.000000, y: 0.000000[0m
[0m[ INFO] [1746507386.534958324]: error_y: 0.000000[0m
[0m[ INFO] [1746507386.534990517]: integral_error_y: 0.000000[0m
[0m[ INFO] [1746507386.535021781]: w: 0.000000[0m
[0m[ INFO] [1746507386.535054645]: Publishing motor command - Left: 250.000000, Right: 250.000000[0m
[0m[ INFO] [1746507386.634264546]: Target - x: 60.000000, y: 0.000000, phi: 0.000000[0m
[0m[ INFO] [1746507386.634375395]: Current - x: 0.000000, y: 0.000000, phi: 0.000000[0m
[0m[ INFO] [1746507386.634415076]: Error - x: 60.000000, y: 0.000000[0m
[0m[ INFO] [1746507386.634466404]: error_y: 0.000000[0m
[0m[ INFO] [1746507386.634516805]: integral_error_y: 0.000000[0m
[0m[ INFO] [1746507386.634550726]: w: 0.000000[0m
[0m[ INFO] [1746507386.634612902]: Publishing motor command - Left: 500.000000, Right: 500.000000[0m
[0m[ INFO] [1746507386.734323129]: Target - x: 90.000000, y: 0.000000, phi: 0.000000[0m
[0m[ INFO] [1746507386.734410683]: Current - x: 0.000000, y: 0.000000, phi: 0.000000[0m
[0m[ INFO] [1746507386.734449435]: Error - x: 90.000000, y: 0.000000[0m
[0m[ INFO] [1746507386.734482428]: error_y: 0.000000[0m
[0m[ INFO] [1746507386.734511516]: integral_error_y: 0.000000[0m
[0m[ INFO] [1746507386.734572445]: w: 0.000000[0m
[0m[ INFO] [1746507386.734643326]: Publishing motor command - Left: 750.000000, Right: 750.000000[0m
[0m[ INFO] [1746507386.834376113]: Target - x: 120.000000, y: 0.000000, phi: 0.000000[0m
[0m[ INFO] [1746507386.834463250]: Current - x: 0.000000, y: 0.000000, phi: 0.000000[0m
[0m[ INFO] [1746507386.834571124]: Error - x: 120.000000, y: 0.000000[0m
[0m[ INFO] [1746507386.834619893]: error_y: 0.000000[0m
[0m[ INFO] [1746507386.834653141]: integral_error_y: 0.000000[0m
[0m[ INFO] [1746507386.834683381]: w: 0.000000[0m
[0m[ INFO] [1746507386.834734326]: Publishing motor command - Left: 1000.000000, Right: 1000.000000[0m
[0m[ INFO] [1746507386.934194182]: Target - x: 150.000000, y: 0.000000, phi: 0.000000[0m
[0m[ INFO] [1746507386.934338376]: Current - x: 0.801109, y: 0.002985, phi: 0.426981[0m
[0m[ INFO] [1746507386.934396681]: Error - x: 149.198898, y: -0.002985[0m
[0m[ INFO] [1746507386.934463785]: error_y: -0.002985[0m
[0m[ INFO] [1746507386.934497738]: integral_error_y: -0.000299[0m
[0m[ INFO] [1746507386.934527882]: w: -0.611962[0m
[0m[ INFO] [1746507386.934740013]: Publishing motor command - Left: 1243.476440, Right: 1243.171875[0m
[0m[ INFO] [1746507387.035454030]: Target - x: 180.000000, y: 0.000000, phi: 0.000000[0m
[0m[ INFO] [1746507387.035538191]: Current - x: 2.809513, y: 0.002933, phi: 0.423987[0m
[0m[ INFO] [1746507387.035653745]: Error - x: 177.190491, y: -0.002933[0m
[0m[ INFO] [1746507387.035721170]: error_y: -0.002933[0m
[0m[ INFO] [1746507387.035757938]: integral_error_y: -0.000592[0m
[0m[ INFO] [1746507387.035789363]: w: -0.004227[0m
[0m[ INFO] [1746507387.035826451]: Publishing motor command - Left: 1476.588379, Right: 1476.586426[0m
[0m[ INFO] [1746507387.143862040]: Target - x: 210.000000, y: 0.000000, phi: 0.000000[0m
[0m[ INFO] [1746507387.143991546]: Current - x: 5.021557, y: 0.009022, phi: -0.114529[0m
[0m[ INFO] [1746507387.144050650]: Error - x: 204.978439, y: -0.009022[0m
[0m[ INFO] [1746507387.144100443]: error_y: -0.009022[0m
[0m[ INFO] [1746507387.144145980]: integral_error_y: -0.001494[0m
[0m[ INFO] [1746507387.144222589]: w: -1.263117[0m
[0m[ INFO] [1746507387.144282174]: Publishing motor command - Left: 1708.467896, Right: 1707.839355[0m
[0m[ INFO] [1746507387.236914640]: Target - x: 240.000000, y: 0.000000, phi: 0.000000[0m
[0m[ INFO] [1746507387.237046033]: Current - x: 7.832078, y: 0.034968, phi: 0.095368[0m
[0m[ INFO] [1746507387.237090482]: Error - x: 232.167923, y: -0.034968[0m
[0m[ INFO] [1746507387.237140947]: error_y: -0.034968[0m
[0m[ INFO] [1746507387.237176243]: integral_error_y: -0.004991[0m
[0m[ INFO] [1746507387.237209428]: w: -5.364656[0m
[0m[ INFO] [1746507387.237247348]: Publishing motor command - Left: 1936.067749, Right: 1933.397827[0m
[0m[ INFO] [1746507387.334658056]: Target - x: 270.000000, y: 0.000000, phi: 0.000000[0m
[0m[ INFO] [1746507387.334787081]: Current - x: 12.450841, y: 0.029773, phi: 0.195527[0m
[0m[ INFO] [1746507387.334863115]: Error - x: 257.549164, y: -0.029773[0m
[0m[ INFO] [1746507387.334896907]: error_y: -0.029773[0m
[0m[ INFO] [1746507387.334927147]: integral_error_y: -0.007968[0m
[0m[ INFO] [1746507387.334953964]: w: 0.889437[0m
[0m[ INFO] [1746507387.334987692]: Publishing motor command - Left: 2146.021729, Right: 2146.464355[0m
[0m[ INFO] [1746507387.441208376]: Target - x: 300.000000, y: 0.000000, phi: 0.000000[0m
[0m[ INFO] [1746507387.441314746]: Current - x: 19.681086, y: 0.041128, phi: 0.184749[0m
[0m[ INFO] [1746507387.441383547]: Error - x: 280.318909, y: -0.041128[0m
[0m[ INFO] [1746507387.441414907]: error_y: -0.041128[0m
[0m[ INFO] [1746507387.441444027]: integral_error_y: -0.012081[0m
[0m[ INFO] [1746507387.441472796]: w: -2.477777[0m
[0m[ INFO] [1746507387.441505948]: Publishing motor command - Left: 2336.607422, Right: 2335.374268[0m
[0m[ INFO] [1746507387.541119758]: Target - x: 330.000000, y: 0.000000, phi: 0.000000[0m
[0m[ INFO] [1746507387.541545140]: Current - x: 29.520395, y: 0.101020, phi: 0.491213[0m
[0m[ INFO] [1746507387.541681334]: Error - x: 300.479614, y: -0.101020[0m
[0m[ INFO] [1746507387.541797399]: error_y: -0.101020[0m
[0m[ INFO] [1746507387.542392799]: integral_error_y: -0.022183[0m
[0m[ INFO] [1746507387.542450240]: w: -12.485826[0m
[0m[ INFO] [1746507387.542500609]: Publishing motor command - Left: 2507.103760, Right: 2500.889893[0m
[0m[ INFO] [1746507387.635093362]: Target - x: 360.000000, y: 0.000000, phi: 0.000000[0m
[0m[ INFO] [1746507387.635229300]: Current - x: 41.167870, y: 0.158573, phi: 0.687937[0m
[0m[ INFO] [1746507387.635333078]: Error - x: 318.832123, y: -0.158573[0m
[0m[ INFO] [1746507387.635553337]: error_y: -0.158573[0m
[0m[ INFO] [1746507387.635628826]: integral_error_y: -0.038040[0m
[0m[ INFO] [1746507387.635690651]: w: -12.307330[0m
[0m[ INFO] [1746507387.635769692]: Publishing motor command - Left: 2659.997070, Right: 2653.871826[0m
[0m[ INFO] [1746507387.741207677]: Target - x: 390.000000, y: 0.000000, phi: 0.000000[0m
[0m[ INFO] [1746507387.741500833]: Current - x: 54.621643, y: 0.309271, phi: 0.989012[0m
[0m[ INFO] [1746507387.741563010]: Error - x: 335.378357, y: -0.309271[0m
[0m[ INFO] [1746507387.743115479]: error_y: -0.309271[0m
[0m[ INFO] [1746507387.743344602]: integral_error_y: -0.068967[0m
[0m[ INFO] [1746507387.743461436]: w: -31.692724[0m
[0m[ INFO] [1746507387.743579677]: Publishing motor command - Left: 2802.706055, Right: 2786.933350[0m
[0m[ INFO] [1746507387.834448119]: Target - x: 420.000000, y: 0.000000, phi: 0.000000[0m
[0m[ INFO] [1746507387.834539705]: Current - x: 68.273346, y: 0.547298, phi: 1.610922[0m
[0m[ INFO] [1746507387.834623482]: Error - x: 351.726654, y: -0.547298[0m
[0m[ INFO] [1746507387.834659290]: error_y: -0.547298[0m
[0m[ INFO] [1746507387.834688379]: integral_error_y: -0.123697[0m
[0m[ INFO] [1746507387.834717403]: w: -50.354301[0m
[0m[ INFO] [1746507387.834959998]: Publishing motor command - Left: 2943.585693, Right: 2918.525146[0m
[0m[ INFO] [1746507387.934838228]: Target - x: 450.000000, y: 0.000000, phi: 0.000000[0m
[0m[ INFO] [1746507387.934929109]: Current - x: 84.339844, y: 0.791274, phi: 1.372881[0m
[0m[ INFO] [1746507387.935003414]: Error - x: 365.660156, y: -0.791274[0m
[0m[ INFO] [1746507387.935095447]: error_y: -0.791274[0m
[0m[ INFO] [1746507387.935138296]: integral_error_y: -0.202824[0m
[0m[ INFO] [1746507387.935198328]: w: -52.771854[0m
[0m[ INFO] [1746507387.935241369]: Publishing motor command - Left: 3060.299805, Right: 3034.036133[0m
[0m[ INFO] [1746507388.034235458]: Target - x: 480.000000, y: 0.000000, phi: 0.000000[0m
[0m[ INFO] [1746507388.034356164]: Current - x: 102.805679, y: 1.375212, phi: 1.773516[0m
[0m[ INFO] [1746507388.034444261]: Error - x: 377.194336, y: -1.375212[0m
[0m[ INFO] [1746507388.034479109]: error_y: -1.375212[0m
[0m[ INFO] [1746507388.034509350]: integral_error_y: -0.340346[0m
[0m[ INFO] [1746507388.034555654]: w: -123.697708[0m
[0m[ INFO] [1746507388.034591207]: Publishing motor command - Left: 3174.067383, Right: 3112.504883[0m
[0m[ INFO] [1746507388.144070527]: Target - x: 510.000000, y: 0.000000, phi: 0.000000[0m
[0m[ INFO] [1746507388.144536262]: Current - x: 121.475578, y: 1.870468, phi: 2.066807[0m
[0m[ INFO] [1746507388.144686152]: Error - x: 388.524414, y: -1.870468[0m
[0m[ INFO] [1746507388.144799177]: error_y: -1.870468[0m
[0m[ INFO] [1746507388.144920843]: integral_error_y: -0.527392[0m
[0m[ INFO] [1746507388.145032012]: w: -108.456200[0m
[0m[ INFO] [1746507388.146413535]: Publishing motor command - Left: 3264.692139, Right: 3210.714844[0m
[0m[ INFO] [1746507388.245928687]: Target - x: 540.000000, y: 0.000000, phi: 0.000000[0m
[0m[ INFO] [1746507388.246561432]: Current - x: 142.151230, y: 2.524423, phi: 2.143014[0m
[0m[ INFO] [1746507388.246705082]: Error - x: 397.848755, y: -2.524423[0m
[0m[ INFO] [1746507388.246804667]: error_y: -2.524423[0m
[0m[ INFO] [1746507388.246875516]: integral_error_y: -0.779835[0m
[0m[ INFO] [1746507388.246910717]: w: -143.491241[0m
[0m[ INFO] [1746507388.247285346]: Publishing motor command - Left: 3351.113037, Right: 3279.699463[0m
[0m[ INFO] [1746507388.334534314]: Target - x: 570.000000, y: 0.000000, phi: 0.000000[0m
[0m[ INFO] [1746507388.334649100]: Current - x: 164.630951, y: 3.329090, phi: 2.109482[0m
[0m[ INFO] [1746507388.334731533]: Error - x: 405.369049, y: -3.329090[0m
[0m[ INFO] [1746507388.334843759]: error_y: -3.329090[0m
[0m[ INFO] [1746507388.334898511]: integral_error_y: -1.112744[0m
[0m[ INFO] [1746507388.334935376]: w: -177.690063[0m
[0m[ INFO] [1746507388.334979825]: Publishing motor command - Left: 3422.292236, Right: 3333.858643[0m
[0m[ INFO] [1746507388.434549185]: Target - x: 600.000000, y: 0.000000, phi: 0.000000[0m
[0m[ INFO] [1746507388.434680227]: Current - x: 187.903824, y: 4.323549, phi: 2.717020[0m
[0m[ INFO] [1746507388.434743204]: Error - x: 412.096191, y: -4.323549[0m
[0m[ INFO] [1746507388.434817253]: error_y: -4.323549[0m
[0m[ INFO] [1746507388.434848550]: integral_error_y: -1.545099[0m
[0m[ INFO] [1746507388.434879302]: w: -220.664093[0m
[0m[ INFO] [1746507388.434911398]: Publishing motor command - Left: 3489.045166, Right: 3379.224365[0m
[0m[ INFO] [1746507388.534693210]: Target - x: 630.000000, y: 0.000000, phi: 0.000000[0m
[0m[ INFO] [1746507388.534851804]: Current - x: 211.382309, y: 5.247061, phi: 3.003125[0m
[0m[ INFO] [1746507388.534913309]: Error - x: 418.617676, y: -5.247061[0m
[0m[ INFO] [1746507388.535018079]: error_y: -5.247061[0m
[0m[ INFO] [1746507388.535068447]: integral_error_y: -2.069805[0m
[0m[ INFO] [1746507388.535114464]: w: -211.144684[0m
[0m[ INFO] [1746507388.535204673]: Publishing motor command - Left: 3541.022217, Right: 3435.938721[0m
[0m[ INFO] [1746507388.634449934]: Target - x: 660.000000, y: 0.000000, phi: 0.000000[0m
[0m[ INFO] [1746507388.634541423]: Current - x: 236.457840, y: 6.452328, phi: 3.072746[0m
[0m[ INFO] [1746507388.634579727]: Error - x: 423.542175, y: -6.452328[0m
[0m[ INFO] [1746507388.634613648]: error_y: -6.452328[0m
[0m[ INFO] [1746507388.634655184]: integral_error_y: -2.715038[0m
[0m[ INFO] [1746507388.634700849]: w: -273.586548[0m
[0m[ INFO] [1746507388.634748818]: Publishing motor command - Left: 3597.598389, Right: 3461.438232[0m
[0m[ INFO] [1746507388.916752000]: Target - x: 750.000000, y: 0.000000, phi: 0.000000[0m
[0m[ INFO] [1746507388.916863617]: Current - x: 263.520813, y: 8.040055, phi: 3.781641[0m
[0m[ INFO] [1746507388.916907138]: Error - x: 486.479187, y: -8.040055[0m
[0m[ INFO] [1746507388.916945827]: error_y: -8.040055[0m
[0m[ INFO] [1746507388.916983267]: integral_error_y: -3.519043[0m
[0m[ INFO] [1746507388.917018436]: w: -358.097595[0m
[0m[ INFO] [1746507388.917068516]: Publishing motor command - Left: 4143.103027, Right: 3964.883057[0m
[0m[ INFO] [1746507388.918940254]: Target - x: 750.000000, y: 0.000000, phi: 0.000000[0m
[0m[ INFO] [1746507388.919063360]: Current - x: 289.787842, y: 9.514913, phi: 4.063554[0m
[0m[ INFO] [1746507388.919134401]: Error - x: 460.212158, y: -9.514913[0m
[0m[ INFO] [1746507388.919181825]: error_y: -9.514913[0m
[0m[ INFO] [1746507388.919250466]: integral_error_y: -4.470535[0m
[0m[ INFO] [1746507388.919325539]: w: -342.993073[0m
[0m[ INFO] [1746507388.919374052]: Publishing motor command - Left: 3920.452393, Right: 3749.750000[0m
[0m[ INFO] [1746507388.934188718]: Target - x: 750.000000, y: 0.000000, phi: 0.000000[0m
[0m[ INFO] [1746507388.934268623]: Current - x: 317.265869, y: 10.954356, phi: 3.915493[0m
[0m[ INFO] [1746507388.934307152]: Error - x: 432.734131, y: -10.954356[0m
[0m[ INFO] [1746507388.934339792]: error_y: -10.954356[0m
[0m[ INFO] [1746507388.934380593]: integral_error_y: -5.565970[0m
[0m[ INFO] [1746507388.934440754]: w: -343.217133[0m
[0m[ INFO] [1746507388.934514963]: Publishing motor command - Left: 3691.524658, Right: 3520.710938[0m
[0m[ INFO] [1746507389.034530858]: Target - x: 780.000000, y: 0.000000, phi: 0.000000[0m
[0m[ INFO] [1746507389.034649323]: Current - x: 345.902008, y: 13.112425, phi: 4.407904[0m
[0m[ INFO] [1746507389.034704108]: Error - x: 434.097992, y: -13.112425[0m
[0m[ INFO] [1746507389.034753645]: error_y: -13.112425[0m
[0m[ INFO] [1746507389.034797517]: integral_error_y: -6.877213[0m
[0m[ INFO] [1746507389.034889615]: w: -497.863586[0m
[0m[ INFO] [1746507389.035005424]: Publishing motor command - Left: 3741.373047, Right: 3493.593750[0m
[0m[ INFO] [1746507389.134474176]: Target - x: 810.000000, y: 0.000000, phi: 0.000000[0m
[0m[ INFO] [1746507389.134571905]: Current - x: 374.553497, y: 15.089606, phi: 4.472136[0m
[0m[ INFO] [1746507389.134681794]: Error - x: 435.446503, y: -15.089606[0m
[0m[ INFO] [1746507389.134733699]: error_y: -15.089606[0m
[0m[ INFO] [1746507389.134781220]: integral_error_y: -8.386173[0m
[0m[ INFO] [1746507389.134834148]: w: -471.722931[0m
[0m[ INFO] [1746507389.134886629]: Publishing motor command - Left: 3746.105469, Right: 3511.335938[0m
[0m[ INFO] [1746507389.234987517]: Target - x: 840.000000, y: 0.000000, phi: 0.000000[0m
[0m[ INFO] [1746507389.235142495]: Current - x: 404.388367, y: 17.405767, phi: 4.534571[0m
[0m[ INFO] [1746507389.235231104]: Error - x: 435.611633, y: -17.405767[0m
[0m[ INFO] [1746507389.235452324]: error_y: -17.405767[0m
[0m[ INFO] [1746507389.235489476]: integral_error_y: -10.126750[0m
[0m[ INFO] [1746507389.235519908]: w: -551.273804[0m
[0m[ INFO] [1746507389.235552837]: Publishing motor command - Left: 3767.277344, Right: 3492.916748[0m
[0m[ INFO] [1746507389.335027956]: Target - x: 870.000000, y: 0.000000, phi: 0.000000[0m
[0m[ INFO] [1746507389.335213655]: Current - x: 434.215057, y: 19.811016, phi: 4.811096[0m
[0m[ INFO] [1746507389.335357977]: Error - x: 435.784943, y: -19.811016[0m
[0m[ INFO] [1746507389.335413818]: error_y: -19.811016[0m
[0m[ INFO] [1746507389.335463194]: integral_error_y: -12.107852[0m
[0m[ INFO] [1746507389.335513115]: w: -581.315674[0m
[0m[ INFO] [1746507389.335566940]: Publishing motor command - Left: 3776.197510, Right: 3486.885010[0m
[0m[ INFO] [1746507389.434401122]: Target - x: 900.000000, y: 0.000000, phi: 0.000000[0m
[0m[ INFO] [1746507389.434496324]: Current - x: 464.648193, y: 22.212471, phi: 4.765588[0m
[0m[ INFO] [1746507389.434580933]: Error - x: 435.351807, y: -22.212471[0m
[0m[ INFO] [1746507389.434643782]: error_y: -22.212471[0m
[0m[ INFO] [1746507389.434675814]: integral_error_y: -14.329099[0m
[0m[ INFO] [1746507389.434711943]: w: -592.786255[0m
[0m[ INFO] [1746507389.434746471]: Publishing motor command - Left: 3775.442139, Right: 3480.421143[0m
[0m[ INFO] [1746507389.542780428]: Target - x: 930.000000, y: 0.000000, phi: 0.000000[0m
[0m[ INFO] [1746507389.542950478]: Current - x: 496.467346, y: 24.907228, phi: 4.825029[0m
[0m[ INFO] [1746507389.543045455]: Error - x: 433.532654, y: -24.907228[0m
[0m[ INFO] [1746507389.543098512]: error_y: -24.907228[0m
[0m[ INFO] [1746507389.543170769]: integral_error_y: -16.819822[0m
[0m[ INFO] [1746507389.543232370]: w: -665.169617[0m
[0m[ INFO] [1746507389.543315667]: Publishing motor command - Left: 3778.294678, Right: 3447.249756[0m
[0m[ INFO] [1746507389.634597522]: Target - x: 960.000000, y: 0.000000, phi: 0.000000[0m
[0m[ INFO] [1746507389.634710900]: Current - x: 527.087769, y: 27.476454, phi: 4.886267[0m
[0m[ INFO] [1746507389.634813045]: Error - x: 432.912231, y: -27.476454[0m
[0m[ INFO] [1746507389.634869942]: error_y: -27.476454[0m
[0m[ INFO] [1746507389.634902774]: integral_error_y: -19.567467[0m
[0m[ INFO] [1746507389.634931287]: w: -653.184082[0m
[0m[ INFO] [1746507389.634964471]: Publishing motor command - Left: 3770.141846, Right: 3445.061768[0m
[0m[ INFO] [1746507389.742769209]: Target - x: 990.000000, y: 0.000000, phi: 0.000000[0m
[0m[ INFO] [1746507389.743364225]: Current - x: 558.721130, y: 30.014549, phi: 4.410784[0m
[0m[ INFO] [1746507389.744575889]: Error - x: 431.278870, y: -30.014549[0m
[0m[ INFO] [1746507389.744648082]: error_y: -30.014549[0m
[0m[ INFO] [1746507389.744697843]: integral_error_y: -22.568922[0m
[0m[ INFO] [1746507389.744984567]: w: -659.948730[0m
[0m[ INFO] [1746507389.745098648]: Publishing motor command - Left: 3758.213867, Right: 3429.767334[0m
[0m[ INFO] [1746507389.834992229]: Target - x: 1020.000000, y: 0.000000, phi: 0.000000[0m
[0m[ INFO] [1746507389.835133959]: Current - x: 590.949280, y: 32.665092, phi: 4.041448[0m
[0m[ INFO] [1746507389.835201384]: Error - x: 429.050720, y: -32.665092[0m
[0m[ INFO] [1746507389.835248200]: error_y: -32.665092[0m
[0m[ INFO] [1746507389.835291113]: integral_error_y: -25.835432[0m
[0m[ INFO] [1746507389.835329578]: w: -696.017639[0m
[0m[ INFO] [1746507389.835416011]: Publishing motor command - Left: 3748.621338, Right: 3402.223633[0m
[0m[ INFO] [1746507389.943198572]: Target - x: 1050.000000, y: 0.000000, phi: 0.000000[0m
[0m[ INFO] [1746507389.943967126]: Current - x: 623.999573, y: 35.106953, phi: 3.670913[0m
[0m[ INFO] [1746507389.944111992]: Error - x: 426.000427, y: -35.106953[0m
[0m[ INFO] [1746507389.944219450]: error_y: -35.106953[0m
[0m[ INFO] [1746507389.944281179]: integral_error_y: -29.346127[0m
[0m[ INFO] [1746507389.944372668]: w: -666.841431[0m
[0m[ INFO] [1746507389.945348521]: Publishing motor command - Left: 3715.942139, Right: 3384.065186[0m
[0m[ INFO] [1746507390.034292745]: Target - x: 1080.000000, y: 0.000000, phi: 0.000000[0m
[0m[ INFO] [1746507390.034493099]: Current - x: 656.476379, y: 37.143970, phi: 2.766054[0m
[0m[ INFO] [1746507390.034607597]: Error - x: 423.523621, y: -37.143970[0m
[0m[ INFO] [1746507390.034709646]: error_y: -37.143970[0m
[0m[ INFO] [1746507390.034760591]: integral_error_y: -33.060524[0m
[0m[ INFO] [1746507390.034832720]: w: -596.429443[0m
[0m[ INFO] [1746507390.034927409]: Publishing motor command - Left: 3677.780518, Right: 3380.946533[0m
[0m[ INFO] [1746507390.140231504]: Target - x: 1110.000000, y: 0.000000, phi: 0.000000[0m
[0m[ INFO] [1746507390.140653334]: Current - x: 689.966003, y: 39.058113, phi: 1.966743[0m
[0m[ INFO] [1746507390.140776568]: Error - x: 420.033997, y: -39.058113[0m
[0m[ INFO] [1746507390.141184285]: error_y: -39.058113[0m
[0m[ INFO] [1746507390.141242430]: integral_error_y: -36.966335[0m
[0m[ INFO] [1746507390.141323967]: w: -581.815735[0m
[0m[ INFO] [1746507390.141374592]: Publishing motor command - Left: 3645.063721, Right: 3355.502686[0m
[0m[ INFO] [1746507390.234667483]: Target - x: 1140.000000, y: 0.000000, phi: 0.000000[0m
[0m[ INFO] [1746507390.234787772]: Current - x: 722.078735, y: 40.355709, phi: 1.062482[0m
[0m[ INFO] [1746507390.234828189]: Error - x: 417.921265, y: -40.355709[0m
[0m[ INFO] [1746507390.234861885]: error_y: -40.355709[0m
[0m[ INFO] [1746507390.234900318]: integral_error_y: -41.001907[0m
[0m[ INFO] [1746507390.234934750]: w: -465.397919[0m
[0m[ INFO] [1746507390.234970143]: Publishing motor command - Left: 3598.488037, Right: 3366.866211[0m
[0m[ INFO] [1746507390.334959445]: Target - x: 1170.000000, y: 0.000000, phi: 0.000000[0m
[0m[ INFO] [1746507390.335100471]: Current - x: 755.012207, y: 41.164597, phi: -0.057065[0m
[0m[ INFO] [1746507390.335160984]: Error - x: 414.987793, y: -41.164597[0m
[0m[ INFO] [1746507390.335225913]: error_y: -41.164597[0m
[0m[ INFO] [1746507390.335272953]: integral_error_y: -45.118366[0m
[0m[ INFO] [1746507390.335326170]: w: -372.112305[0m
[0m[ INFO] [1746507390.335459932]: Publishing motor command - Left: 3550.829102, Right: 3365.634521[0m
[0m[ INFO] [1746507390.434617031]: Target - x: 1200.000000, y: 0.000000, phi: 0.000000[0m
[0m[ INFO] [1746507390.434710248]: Current - x: 787.952698, y: 41.515167, phi: -0.962523[0m
[0m[ INFO] [1746507390.434753449]: Error - x: 412.047302, y: -41.515167[0m
[0m[ INFO] [1746507390.434832874]: error_y: -41.515167[0m
[0m[ INFO] [1746507390.434901995]: integral_error_y: -49.269882[0m
[0m[ INFO] [1746507390.434969836]: w: -282.616974[0m
[0m[ INFO] [1746507390.435024173]: Publishing motor command - Left: 3504.054688, Right: 3363.400391[0m
[0m[ INFO] [1746507390.535334919]: Target - x: 1230.000000, y: 0.000000, phi: 0.000000[0m
[0m[ INFO] [1746507390.535444041]: Current - x: 821.293091, y: 41.405212, phi: -1.226311[0m
[0m[ INFO] [1746507390.535505578]: Error - x: 408.706909, y: -41.405212[0m
[0m[ INFO] [1746507390.535562762]: error_y: -41.405212[0m
[0m[ INFO] [1746507390.535595787]: integral_error_y: -53.410404[0m
[0m[ INFO] [1746507390.535625355]: w: -190.376129[0m
[0m[ INFO] [1746507390.535680460]: Publishing motor command - Left: 3453.264648, Right: 3358.517334[0m
[0m[ INFO] [1746507390.634885624]: Target - x: 1260.000000, y: 0.000000, phi: 0.000000[0m
[0m[ INFO] [1746507390.634971161]: Current - x: 853.422729, y: 40.731876, phi: -1.702393[0m
[0m[ INFO] [1746507390.635011417]: Error - x: 406.577271, y: -40.731876[0m
[0m[ INFO] [1746507390.635074842]: error_y: -40.731876[0m
[0m[ INFO] [1746507390.635120315]: integral_error_y: -57.483593[0m
[0m[ INFO] [1746507390.635169948]: w: -74.740532[0m
[0m[ INFO] [1746507390.635224412]: Publishing motor command - Left: 3406.742432, Right: 3369.545166[0m
[0m[ INFO] [1746507390.741265733]: Target - x: 1290.000000, y: 0.000000, phi: 0.000000[0m
[0m[ INFO] [1746507390.741714123]: Current - x: 888.760681, y: 39.760975, phi: -2.397354[0m
[0m[ INFO] [1746507390.744921367]: Error - x: 401.239319, y: -39.760975[0m
[0m[ INFO] [1746507390.745082809]: error_y: -39.760975[0m
[0m[ INFO] [1746507390.745960805]: integral_error_y: -61.459690[0m
[0m[ INFO] [1746507390.746159400]: w: -10.770542[0m
[0m[ INFO] [1746507390.746390987]: Publishing motor command - Left: 3346.341064, Right: 3340.981201[0m
[0m[ INFO] [1746507390.834473087]: Target - x: 1320.000000, y: 0.000000, phi: 0.000000[0m
[0m[ INFO] [1746507390.834628161]: Current - x: 922.282410, y: 38.530590, phi: -3.196666[0m
[0m[ INFO] [1746507390.834691362]: Error - x: 397.717590, y: -38.530590[0m
[0m[ INFO] [1746507390.834762339]: error_y: -38.530590[0m
[0m[ INFO] [1746507390.834797507]: integral_error_y: -65.312752[0m
[0m[ INFO] [1746507390.834833220]: w: 46.892735[0m
[0m[ INFO] [1746507390.834868804]: Publishing motor command - Left: 3302.644287, Right: 3325.982178[0m
[0m[ INFO] [1746507390.934962108]: Target - x: 1350.000000, y: 0.000000, phi: 0.000000[0m
[0m[ INFO] [1746507390.935062398]: Current - x: 955.788574, y: 36.956360, phi: -3.781888[0m
[0m[ INFO] [1746507390.935104478]: Error - x: 394.211426, y: -36.956360[0m
[0m[ INFO] [1746507390.935167551]: error_y: -36.956360[0m
[0m[ INFO] [1746507390.935202143]: integral_error_y: -69.008385[0m
[0m[ INFO] [1746507390.935280257]: w: 123.163399[0m
[0m[ INFO] [1746507390.935362082]: Publishing motor command - Left: 3254.446533, Right: 3315.743408[0m
[0m[ INFO] [1746507391.035077300]: Target - x: 1380.000000, y: 0.000000, phi: 0.000000[0m
[0m[ INFO] [1746507391.035170453]: Current - x: 988.873657, y: 35.063232, phi: -3.938331[0m
[0m[ INFO] [1746507391.035215894]: Error - x: 391.126343, y: -35.063232[0m
[0m[ INFO] [1746507391.035249815]: error_y: -35.063232[0m
[0m[ INFO] [1746507391.035298423]: integral_error_y: -72.514709[0m
[0m[ INFO] [1746507391.035332568]: w: 196.057861[0m
[0m[ INFO] [1746507391.035435673]: Publishing motor command - Left: 3210.598633, Right: 3308.173584[0m
[0m[ INFO] [1746507391.134436226]: Target - x: 1410.000000, y: 0.000000, phi: 0.000000[0m
[0m[ INFO] [1746507391.134558083]: Current - x: 1022.335327, y: 32.742466, phi: -4.309464[0m
[0m[ INFO] [1746507391.134624132]: Error - x: 387.664673, y: -32.742466[0m
[0m[ INFO] [1746507391.135879573]: error_y: -32.742466[0m
[0m[ INFO] [1746507391.135993047]: integral_error_y: -75.788956[0m
[0m[ INFO] [1746507391.136032056]: w: 292.862091[0m
[0m[ INFO] [1746507391.136070008]: Publishing motor command - Left: 3157.662354, Right: 3303.415771[0m
[0m[ INFO] [1746507391.234281142]: Target - x: 1440.000000, y: 0.000000, phi: 0.000000[0m
[0m[ INFO] [1746507391.234385207]: Current - x: 1055.191162, y: 30.404663, phi: -4.572654[0m
[0m[ INFO] [1746507391.234440152]: Error - x: 384.808838, y: -30.404663[0m
[0m[ INFO] [1746507391.234520665]: error_y: -30.404663[0m
[0m[ INFO] [1746507391.234590074]: integral_error_y: -78.829422[0m
[0m[ INFO] [1746507391.234656475]: w: 307.654327[0m
[0m[ INFO] [1746507391.234706780]: Publishing motor command - Left: 3130.182617, Right: 3283.297852[0m
[0m[ INFO] [1746507391.335300666]: Target - x: 1470.000000, y: 0.000000, phi: 0.000000[0m
[0m[ INFO] [1746507391.335469533]: Current - x: 1088.236816, y: 27.931175, phi: -4.515008[0m
[0m[ INFO] [1746507391.335674975]: Error - x: 381.763184, y: -27.931175[0m
[0m[ INFO] [1746507391.335786657]: error_y: -27.931175[0m
[0m[ INFO] [1746507391.335860962]: integral_error_y: -81.622543[0m
[0m[ INFO] [1746507391.335920291]: w: 346.879425[0m
[0m[ INFO] [1746507391.336228967]: Publishing motor command - Left: 3095.041748, Right: 3267.678467[0m
[0m[ INFO] [1746507391.434746697]: Target - x: 1500.000000, y: 0.000000, phi: 0.000000[0m
[0m[ INFO] [1746507391.434863659]: Current - x: 1121.064819, y: 25.229773, phi: -4.778198[0m
[0m[ INFO] [1746507391.434917099]: Error - x: 378.935181, y: -25.229773[0m
[0m[ INFO] [1746507391.435006797]: error_y: -25.229773[0m
[0m[ INFO] [1746507391.435050669]: integral_error_y: -84.145523[0m
[0m[ INFO] [1746507391.435357745]: w: 405.717102[0m
[0m[ INFO] [1746507391.435407474]: Publishing motor command - Left: 3056.833740, Right: 3258.752930[0m
[0m[ INFO] [1746507391.535502250]: Target - x: 1530.000000, y: 0.000000, phi: 0.000000[0m
[0m[ INFO] [1746507391.535595435]: Current - x: 1153.495117, y: 22.594110, phi: -5.040790[0m
[0m[ INFO] [1746507391.535676428]: Error - x: 376.504883, y: -22.594110[0m
[0m[ INFO] [1746507391.535734061]: error_y: -22.594110[0m
[0m[ INFO] [1746507391.535803982]: integral_error_y: -86.404938[0m
[0m[ INFO] [1746507391.535849871]: w: 405.521393[0m
[0m[ INFO] [1746507391.535916367]: Publishing motor command - Left: 3036.629639, Right: 3238.451904[0m
[0m[ INFO] [1746507391.634479954]: Target - x: 1560.000000, y: 0.000000, phi: 0.000000[0m
[0m[ INFO] [1746507391.634602292]: Current - x: 1187.522217, y: 19.798605, phi: -4.877597[0m
[0m[ INFO] [1746507391.634644372]: Error - x: 372.477783, y: -19.798605[0m
[0m[ INFO] [1746507391.634705237]: error_y: -19.798605[0m
[0m[ INFO] [1746507391.634739190]: integral_error_y: -88.384796[0m
[0m[ INFO] [1746507391.634769110]: w: 451.269562[0m
[0m[ INFO] [1746507391.634801079]: Publishing motor command - Left: 2991.686279, Right: 3216.276611[0m
[0m[ INFO] [1746507391.735549111]: Target - x: 1590.000000, y: 0.000000, phi: 0.000000[0m
[0m[ INFO] [1746507391.735665721]: Current - x: 1219.931274, y: 16.926102, phi: -4.926099[0m
[0m[ INFO] [1746507391.735749690]: Error - x: 370.068726, y: -16.926102[0m
[0m[ INFO] [1746507391.735788730]: error_y: -16.926102[0m
[0m[ INFO] [1746507391.735832987]: integral_error_y: -90.077408[0m
[0m[ INFO] [1746507391.735866555]: w: 480.862427[0m
[0m[ INFO] [1746507391.735933500]: Publishing motor command - Left: 2964.246826, Right: 3203.565186[0m
[0m[ INFO] [1746507391.834563328]: Target - x: 1620.000000, y: 0.000000, phi: 0.000000[0m
[0m[ INFO] [1746507391.834662753]: Current - x: 1253.568970, y: 14.357010, phi: -3.905950[0m
[0m[ INFO] [1746507391.834709218]: Error - x: 366.431030, y: -14.357010[0m
[0m[ INFO] [1746507391.834746915]: error_y: -14.357010[0m
[0m[ INFO] [1746507391.834788099]: integral_error_y: -91.513107[0m
[0m[ INFO] [1746507391.834836900]: w: 432.882019[0m
[0m[ INFO] [1746507391.834875364]: Publishing motor command - Left: 2945.872314, Right: 3161.311279[0m
[0m[ INFO] [1746507391.934709688]: Target - x: 1650.000000, y: 0.000000, phi: 0.000000[0m
[0m[ INFO] [1746507391.934832346]: Current - x: 1283.975098, y: 11.609664, phi: -4.379637[0m
[0m[ INFO] [1746507391.934900315]: Error - x: 366.024902, y: -11.609664[0m
[0m[ INFO] [1746507391.934952412]: error_y: -11.609664[0m
[0m[ INFO] [1746507391.935013885]: integral_error_y: -92.674072[0m
[0m[ INFO] [1746507391.935080157]: w: 482.153473[0m
[0m[ INFO] [1746507391.935136542]: Publishing motor command - Left: 2930.227295, Right: 3170.188232[0m
[0m[ INFO] [1746507392.034545452]: Target - x: 1680.000000, y: 0.000000, phi: 0.000000[0m
[0m[ INFO] [1746507392.034665006]: Current - x: 1315.036255, y: 9.563682, phi: -4.104909[0m
[0m[ INFO] [1746507392.034730991]: Error - x: 364.963745, y: -9.563682[0m
[0m[ INFO] [1746507392.034791504]: error_y: -9.563682[0m
[0m[ INFO] [1746507392.034836720]: integral_error_y: -93.630440[0m
[0m[ INFO] [1746507392.034903281]: w: 352.015015[0m
[0m[ INFO] [1746507392.034942098]: Publishing motor command - Left: 2953.768311, Right: 3128.960938[0m
[0m[ INFO] [1746507392.139385893]: Target - x: 1710.000000, y: 0.000000, phi: 0.000000[0m
[0m[ INFO] [1746507392.139778986]: Current - x: 1347.887207, y: 7.218670, phi: -3.511741[0m
[0m[ INFO] [1746507392.140029134]: Error - x: 362.112793, y: -7.218670[0m
[0m[ INFO] [1746507392.140229584]: error_y: -7.218670[0m
[0m[ INFO] [1746507392.140289905]: integral_error_y: -94.352310[0m
[0m[ INFO] [1746507392.140325138]: w: 423.473755[0m
[0m[ INFO] [1746507392.140375346]: Publishing motor command - Left: 2912.228516, Right: 3122.985107[0m
[0m[ INFO] [1746507392.234453144]: Target - x: 1740.000000, y: 0.000000, phi: 0.000000[0m
[0m[ INFO] [1746507392.234738236]: Current - x: 1379.534424, y: 4.874869, phi: -3.773134[0m
[0m[ INFO] [1746507392.234820477]: Error - x: 360.465576, y: -4.874869[0m
[0m[ INFO] [1746507392.234856893]: error_y: -4.874869[0m
[0m[ INFO] [1746507392.234919582]: integral_error_y: -94.839798[0m
[0m[ INFO] [1746507392.234950814]: w: 434.901886[0m
[0m[ INFO] [1746507392.234985183]: Publishing motor command - Left: 2895.657959, Right: 3112.101807[0m
[0m[ INFO] [1746507392.335730591]: Target - x: 1770.000000, y: 0.000000, phi: 0.000000[0m
[0m[ INFO] [1746507392.336173477]: Current - x: 1411.209229, y: 2.977307, phi: -3.606349[0m
[0m[ INFO] [1746507392.336273511]: Error - x: 358.790771, y: -2.977307[0m
[0m[ INFO] [1746507392.336338952]: error_y: -2.977307[0m
[0m[ INFO] [1746507392.336399208]: integral_error_y: -95.137527[0m
[0m[ INFO] [1746507392.336454793]: w: 355.112030[0m
[0m[ INFO] [1746507392.336689772]: Publishing motor command - Left: 2901.556396, Right: 3078.290039[0m
[0m[ INFO] [1746507392.434543205]: Target - x: 1800.000000, y: 0.000000, phi: 0.000000[0m
[0m[ INFO] [1746507392.434676423]: Current - x: 1444.481323, y: 0.893396, phi: -3.227870[0m
[0m[ INFO] [1746507392.434767464]: Error - x: 355.518677, y: -0.893396[0m
[0m[ INFO] [1746507392.434817161]: error_y: -0.893396[0m
[0m[ INFO] [1746507392.434851690]: integral_error_y: -95.226868[0m
[0m[ INFO] [1746507392.434882026]: w: 402.792542[0m
[0m[ INFO] [1746507392.434927467]: Publishing motor command - Left: 2862.423584, Right: 3062.887695[0m
[0m[ INFO] [1746507392.534821311]: Target - x: 1830.000000, y: 0.000000, phi: 0.000000[0m
[0m[ INFO] [1746507392.534942113]: Current - x: 1475.348633, y: -1.064518, phi: -3.273976[0m
[0m[ INFO] [1746507392.535003106]: Error - x: 354.651367, y: 1.064518[0m
[0m[ INFO] [1746507392.535090531]: error_y: 1.064518[0m
[0m[ INFO] [1746507392.535198212]: integral_error_y: -95.120415[0m
[0m[ INFO] [1746507392.535271397]: w: 387.393433[0m
[0m[ INFO] [1746507392.535410439]: Publishing motor command - Left: 2859.028076, Right: 3051.828125[0m
[0m[ INFO] [1746507392.634885494]: Target - x: 1860.000000, y: 0.000000, phi: 0.000000[0m
[0m[ INFO] [1746507392.635008088]: Current - x: 1507.435791, y: -2.767319, phi: -2.893700[0m
[0m[ INFO] [1746507392.635084985]: Error - x: 352.564209, y: 2.767319[0m
[0m[ INFO] [1746507392.635134234]: error_y: 2.767319[0m
[0m[ INFO] [1746507392.635166714]: integral_error_y: -94.843681[0m
[0m[ INFO] [1746507392.635196795]: w: 344.912476[0m
[0m[ INFO] [1746507392.635230811]: Publishing motor command - Left: 2852.206299, Right: 3023.864014[0m
[0m[ INFO] [1746507392.736712006]: Target - x: 1890.000000, y: 0.000000, phi: 0.000000[0m
[0m[ INFO] [1746507392.737102731]: Current - x: 1539.523438, y: -4.435934, phi: -2.299335[0m
[0m[ INFO] [1746507392.737206924]: Error - x: 350.476562, y: 4.435934[0m
[0m[ INFO] [1746507392.737272141]: error_y: 4.435934[0m
[0m[ INFO] [1746507392.737326446]: integral_error_y: -94.400085[0m
[0m[ INFO] [1746507392.737378959]: w: 346.462555[0m
[0m[ INFO] [1746507392.737446576]: Publishing motor command - Left: 2834.423584, Right: 3006.852539[0m
[0m[ INFO] [1746507392.834495390]: Target - x: 1920.000000, y: 0.000000, phi: 0.000000[0m
[0m[ INFO] [1746507392.834606207]: Current - x: 1571.215088, y: -6.050986, phi: -2.346638[0m
[0m[ INFO] [1746507392.834671200]: Error - x: 348.784912, y: 6.050986[0m
[0m[ INFO] [1746507392.834718081]: error_y: 6.050986[0m
[0m[ INFO] [1746507392.834752257]: integral_error_y: -93.794991[0m
[0m[ INFO] [1746507392.834782721]: w: 343.885895[0m
[0m[ INFO] [1746507392.834816802]: Publishing motor command - Left: 2820.967529, Right: 2992.114502[0m
[0m[ INFO] [1746507392.934372082]: Target - x: 1950.000000, y: 0.000000, phi: 0.000000[0m
[0m[ INFO] [1746507392.934482900]: Current - x: 1603.125366, y: -7.196279, phi: -1.859018[0m
[0m[ INFO] [1746507392.934521588]: Error - x: 346.874634, y: 7.196279[0m
[0m[ INFO] [1746507392.934552053]: error_y: 7.196279[0m
[0m[ INFO] [1746507392.934737847]: integral_error_y: -93.075363[0m
[0m[ INFO] [1746507392.934773080]: w: 255.732498[0m
[0m[ INFO] [1746507392.934807256]: Publishing motor command - Left: 2826.985107, Right: 2954.259033[0m
[0m[ INFO] [1746507393.034444905]: Target - x: 1980.000000, y: 0.000000, phi: 0.000000[0m
[0m[ INFO] [1746507393.034540139]: Current - x: 1634.430908, y: -8.433362, phi: -1.691634[0m
[0m[ INFO] [1746507393.034609644]: Error - x: 345.569092, y: 8.433362[0m
[0m[ INFO] [1746507393.034655596]: error_y: 8.433362[0m
[0m[ INFO] [1746507393.034688653]: integral_error_y: -92.232025[0m
[0m[ INFO] [1746507393.034718317]: w: 280.360199[0m
[0m[ INFO] [1746507393.034751757]: Publishing motor command - Left: 2809.976807, Right: 2949.508057[0m
[0m[ INFO] [1746507393.139857193]: Target - x: 2010.000000, y: 0.000000, phi: 0.000000[0m
[0m[ INFO] [1746507393.139989803]: Current - x: 1666.346802, y: -9.512389, phi: -1.846282[0m
[0m[ INFO] [1746507393.140040044]: Error - x: 343.653198, y: 9.512389[0m
[0m[ INFO] [1746507393.140086028]: error_y: 9.512389[0m
[0m[ INFO] [1746507393.140120493]: integral_error_y: -91.280785[0m
[0m[ INFO] [1746507393.140174222]: w: 254.239288[0m
[0m[ INFO] [1746507393.140256431]: Publishing motor command - Left: 2800.510986, Right: 2927.042236[0m
[0m[ INFO] [1746507393.234871579]: Target - x: 2040.000000, y: 0.000000, phi: 0.000000[0m
[0m[ INFO] [1746507393.235002557]: Current - x: 1697.263794, y: -10.264501, phi: -1.250120[0m
[0m[ INFO] [1746507393.235063518]: Error - x: 342.736206, y: 10.264501[0m
[0m[ INFO] [1746507393.235127423]: error_y: 10.264501[0m
[0m[ INFO] [1746507393.235195872]: integral_error_y: -90.254333[0m
[0m[ INFO] [1746507393.235289665]: w: 192.719345[0m
[0m[ INFO] [1746507393.235397090]: Publishing motor command - Left: 2808.178467, Right: 2904.091797[0m
[0m[ INFO] [1746507393.341971890]: Target - x: 2070.000000, y: 0.000000, phi: 0.000000[0m
[0m[ INFO] [1746507393.343125314]: Current - x: 1728.177979, y: -11.157846, phi: -0.868048[0m
[0m[ INFO] [1746507393.343306053]: Error - x: 341.822021, y: 11.157846[0m
[0m[ INFO] [1746507393.343444134]: error_y: 11.157846[0m
[0m[ INFO] [1746507393.343512615]: integral_error_y: -89.138550[0m
[0m[ INFO] [1746507393.343552712]: w: 225.544540[0m
[0m[ INFO] [1746507393.343604649]: Publishing motor command - Left: 2792.391846, Right: 2904.641846[0m
[0m[ INFO] [1746507393.434456770]: Target - x: 2100.000000, y: 0.000000, phi: 0.000000[0m
[0m[ INFO] [1746507393.434575011]: Current - x: 1760.304688, y: -11.752264, phi: -0.487772[0m
[0m[ INFO] [1746507393.434644100]: Error - x: 339.695312, y: 11.752264[0m
[0m[ INFO] [1746507393.434694053]: error_y: 11.752264[0m
[0m[ INFO] [1746507393.434728870]: integral_error_y: -87.963326[0m
[0m[ INFO] [1746507393.434770822]: w: 168.848511[0m
[0m[ INFO] [1746507393.435800372]: Publishing motor command - Left: 2788.777588, Right: 2872.810791[0m
[0m[ INFO] [1746507393.535072992]: Target - x: 2130.000000, y: 0.000000, phi: 0.000000[0m
[0m[ INFO] [1746507393.535219682]: Current - x: 1791.631714, y: -12.181145, phi: -0.320388[0m
[0m[ INFO] [1746507393.535272291]: Error - x: 338.368286, y: 12.181145[0m
[0m[ INFO] [1746507393.535315844]: error_y: 12.181145[0m
[0m[ INFO] [1746507393.535373732]: integral_error_y: -86.745209[0m
[0m[ INFO] [1746507393.535431589]: w: 138.007339[0m
[0m[ INFO] [1746507393.535496230]: Publishing motor command - Left: 2785.393555, Right: 2854.077881[0m
[0m[ INFO] [1746507393.634500911]: Target - x: 2160.000000, y: 0.000000, phi: 0.000000[0m
[0m[ INFO] [1746507393.634662673]: Current - x: 1821.355469, y: -12.501228, phi: -0.578787[0m
[0m[ INFO] [1746507393.634740434]: Error - x: 338.644531, y: 12.501228[0m
[0m[ INFO] [1746507393.634791731]: error_y: 12.501228[0m
[0m[ INFO] [1746507393.634860948]: integral_error_y: -85.495087[0m
[0m[ INFO] [1746507393.634909972]: w: 117.973358[0m
[0m[ INFO] [1746507393.634986645]: Publishing motor command - Left: 2792.680908, Right: 2851.394531[0m
[0m[ INFO] [1746507393.736843877]: Target - x: 2190.000000, y: 0.000000, phi: 0.000000[0m
[0m[ INFO] [1746507393.736979783]: Current - x: 1852.483887, y: -12.600664, phi: -0.304059[0m
[0m[ INFO] [1746507393.737043175]: Error - x: 337.516113, y: 12.600664[0m
[0m[ INFO] [1746507393.737096040]: error_y: 12.600664[0m
[0m[ INFO] [1746507393.737144361]: integral_error_y: -84.235023[0m
[0m[ INFO] [1746507393.737238762]: w: 74.466980[0m
[0m[ INFO] [1746507393.737328427]: Publishing motor command - Left: 2794.103516, Right: 2831.164795[0m
[0m[ INFO] [1746507393.907395711]: Target - x: 2250.000000, y: 0.000000, phi: 0.000000[0m
[0m[ INFO] [1746507393.907514688]: Current - x: 1883.411133, y: -12.867752, phi: -0.136076[0m
[0m[ INFO] [1746507393.907571809]: Error - x: 366.588867, y: 12.867752[0m
[0m[ INFO] [1746507393.907755171]: error_y: 12.867752[0m
[0m[ INFO] [1746507393.907792292]: integral_error_y: -82.948250[0m
[0m[ INFO] [1746507393.907849317]: w: 109.461525[0m
[0m[ INFO] [1746507393.907901029]: Publishing motor command - Left: 3027.668701, Right: 3082.145752[0m
[0m[ INFO] [1746507393.934215501]: Target - x: 2250.000000, y: 0.000000, phi: 0.000000[0m
[0m[ INFO] [1746507393.934335247]: Current - x: 1914.138794, y: -13.014399, phi: -0.074838[0m
[0m[ INFO] [1746507393.934374831]: Error - x: 335.861206, y: 13.014399[0m
[0m[ INFO] [1746507393.934420240]: error_y: 13.014399[0m
[0m[ INFO] [1746507393.934463888]: integral_error_y: -81.646812[0m
[0m[ INFO] [1746507393.934495985]: w: 86.236610[0m
[0m[ INFO] [1746507393.934562290]: Publishing motor command - Left: 2777.384033, Right: 2820.302734[0m
[0m[ INFO] [1746507394.042725431]: Target - x: 2280.000000, y: 0.000000, phi: 0.000000[0m
[0m[ INFO] [1746507394.043083196]: Current - x: 1944.665283, y: -13.041989, phi: 0.093743[0m
[0m[ INFO] [1746507394.043157277]: Error - x: 335.334717, y: 13.041989[0m
[0m[ INFO] [1746507394.043271551]: error_y: 13.041989[0m
[0m[ INFO] [1746507394.043312383]: integral_error_y: -80.342613[0m
[0m[ INFO] [1746507394.043350176]: w: 62.693832[0m
[0m[ INFO] [1746507394.043400064]: Publishing motor command - Left: 2778.855225, Right: 2810.056885[0m
[0m[ INFO] [1746507394.137315523]: Target - x: 2310.000000, y: 0.000000, phi: 0.000000[0m
[0m[ INFO] [1746507394.137446981]: Current - x: 1975.394409, y: -13.123116, phi: -0.059108[0m
[0m[ INFO] [1746507394.137488806]: Error - x: 334.605591, y: 13.123116[0m
[0m[ INFO] [1746507394.137544486]: error_y: 13.123116[0m
[0m[ INFO] [1746507394.137578279]: integral_error_y: -79.030304[0m
[0m[ INFO] [1746507394.137607495]: w: 73.937988[0m
[0m[ INFO] [1746507394.137648328]: Publishing motor command - Left: 2769.981201, Right: 2806.778564[0m
[0m[ INFO] [1746507394.236684497]: Target - x: 2340.000000, y: 0.000000, phi: 0.000000[0m
[0m[ INFO] [1746507394.236792498]: Current - x: 2006.322510, y: -13.027175, phi: 0.108875[0m
[0m[ INFO] [1746507394.236833875]: Error - x: 333.677490, y: 13.027175[0m
[0m[ INFO] [1746507394.236867283]: error_y: 13.027175[0m
[0m[ INFO] [1746507394.236896724]: integral_error_y: -77.727585[0m
[0m[ INFO] [1746507394.236925556]: w: 38.174805[0m
[0m[ INFO] [1746507394.236964212]: Publishing motor command - Left: 2771.146240, Right: 2790.145508[0m
[0m[ INFO] [1746507394.334686379]: Target - x: 2370.000000, y: 0.000000, phi: 0.000000[0m
[0m[ INFO] [1746507394.334793581]: Current - x: 2035.645142, y: -13.068610, phi: 0.065163[0m
[0m[ INFO] [1746507394.334834253]: Error - x: 334.354858, y: 13.068610[0m
[0m[ INFO] [1746507394.334868526]: error_y: 13.068610[0m
[0m[ INFO] [1746507394.334914318]: integral_error_y: -76.420723[0m
[0m[ INFO] [1746507394.334974543]: w: 65.988022[0m
[0m[ INFO] [1746507394.335012368]: Publishing motor command - Left: 2769.869873, Right: 2802.710938[0m
[0m[ INFO] [1746507394.434434142]: Target - x: 2400.000000, y: 0.000000, phi: 0.000000[0m
[0m[ INFO] [1746507394.434563840]: Current - x: 2067.376709, y: -12.962130, phi: 0.231948[0m
[0m[ INFO] [1746507394.434658209]: Error - x: 332.623291, y: 12.962130[0m
[0m[ INFO] [1746507394.434877124]: error_y: 12.962130[0m
[0m[ INFO] [1746507394.434915876]: integral_error_y: -75.124512[0m
[0m[ INFO] [1746507394.434947109]: w: 36.002075[0m
[0m[ INFO] [1746507394.435001958]: Publishing motor command - Left: 2762.901611, Right: 2780.819580[0m
[0m[ INFO] [1746507394.538931121]: Target - x: 2430.000000, y: 0.000000, phi: 0.000000[0m
[0m[ INFO] [1746507394.539051475]: Current - x: 2097.302490, y: -12.967699, phi: 0.080294[0m
[0m[ INFO] [1746507394.539135764]: Error - x: 332.697510, y: 12.967699[0m
[0m[ INFO] [1746507394.539205749]: error_y: 12.967699[0m
[0m[ INFO] [1746507394.539247702]: integral_error_y: -73.827744[0m
[0m[ INFO] [1746507394.539313270]: w: 58.569611[0m
[0m[ INFO] [1746507394.539366423]: Publishing motor command - Left: 2757.904541, Right: 2787.053711[0m
[0m[ INFO] [1746507394.634584812]: Target - x: 2460.000000, y: 0.000000, phi: 0.000000[0m
[0m[ INFO] [1746507394.634707949]: Current - x: 2127.226807, y: -12.830252, phi: 0.142729[0m
[0m[ INFO] [1746507394.634771950]: Error - x: 332.773193, y: 12.830252[0m
[0m[ INFO] [1746507394.634821103]: error_y: 12.830252[0m
[0m[ INFO] [1746507394.634854191]: integral_error_y: -72.544716[0m
[0m[ INFO] [1746507394.634883568]: w: 29.407318[0m
[0m[ INFO] [1746507394.634916816]: Publishing motor command - Left: 2765.792236, Right: 2780.427734[0m
[0m[ INFO] [1746507394.744101124]: Target - x: 2490.000000, y: 0.000000, phi: 0.000000[0m
[0m[ INFO] [1746507394.744486729]: Current - x: 2157.350098, y: -12.687284, phi: 0.525999[0m
[0m[ INFO] [1746507394.744615595]: Error - x: 332.649902, y: 12.687284[0m
[0m[ INFO] [1746507394.744721036]: error_y: 12.687284[0m
[0m[ INFO] [1746507394.744819214]: integral_error_y: -71.275986[0m
[0m[ INFO] [1746507394.745015120]: w: 27.715183[0m
[0m[ INFO] [1746507394.745157938]: Publishing motor command - Left: 2765.185791, Right: 2778.979492[0m
[0m[ INFO] [1746507394.834493622]: Target - x: 2520.000000, y: 0.000000, phi: 0.000000[0m
[0m[ INFO] [1746507394.834621016]: Current - x: 2187.876465, y: -12.566330, phi: 0.694581[0m
[0m[ INFO] [1746507394.834712569]: Error - x: 332.123535, y: 12.566330[0m
[0m[ INFO] [1746507394.835215424]: error_y: 12.566330[0m
[0m[ INFO] [1746507394.835269857]: integral_error_y: -70.019356[0m
[0m[ INFO] [1746507394.835301922]: w: 31.639002[0m
[0m[ INFO] [1746507394.835335426]: Publishing motor command - Left: 2759.822998, Right: 2775.569092[0m
[0m[ INFO] [1746507394.941561165]: Target - x: 2550.000000, y: 0.000000, phi: 0.000000[0m
[0m[ INFO] [1746507394.941863185]: Current - x: 2218.801270, y: -12.179297, phi: 1.076653[0m
[0m[ INFO] [1746507394.942052404]: Error - x: 331.198730, y: 12.179297[0m
[0m[ INFO] [1746507394.942433561]: error_y: 12.179297[0m
[0m[ INFO] [1746507394.942561467]: integral_error_y: -68.801430[0m
[0m[ INFO] [1746507394.943673930]: w: -23.390156[0m
[0m[ INFO] [1746507394.944048687]: Publishing motor command - Left: 2765.809814, Right: 2754.169189[0m
[0m[ INFO] [1746507395.034568163]: Target - x: 2580.000000, y: 0.000000, phi: 0.000000[0m
[0m[ INFO] [1746507395.034664229]: Current - x: 2248.120117, y: -11.780256, phi: 1.247031[0m
[0m[ INFO] [1746507395.034703813]: Error - x: 331.879883, y: 11.780256[0m
[0m[ INFO] [1746507395.034738534]: error_y: 11.780256[0m
[0m[ INFO] [1746507395.034784422]: integral_error_y: -67.623405[0m
[0m[ INFO] [1746507395.034848743]: w: -27.669292[0m
[0m[ INFO] [1746507395.035573841]: Publishing motor command - Left: 2772.551025, Right: 2758.780273[0m
[0m[ INFO] [1746507395.143011021]: Target - x: 2610.000000, y: 0.000000, phi: 0.000000[0m
[0m[ INFO] [1746507395.143448531]: Current - x: 2278.440918, y: -11.194062, phi: 1.308867[0m
[0m[ INFO] [1746507395.143523220]: Error - x: 331.559082, y: 11.194062[0m
[0m[ INFO] [1746507395.143616469]: error_y: 11.194062[0m
[0m[ INFO] [1746507395.143765847]: integral_error_y: -66.503998[0m
[0m[ INFO] [1746507395.143866424]: w: -67.918900[0m
[0m[ INFO] [1746507395.143997210]: Publishing motor command - Left: 2779.893311, Right: 2746.091064[0m
[0m[ INFO] [1746507395.234705233]: Target - x: 2640.000000, y: 0.000000, phi: 0.000000[0m
[0m[ INFO] [1746507395.234842803]: Current - x: 2308.560059, y: -10.550230, phi: 1.263958[0m
[0m[ INFO] [1746507395.234989621]: Error - x: 331.439941, y: 10.550230[0m
[0m[ INFO] [1746507395.235073718]: error_y: 10.550230[0m
[0m[ INFO] [1746507395.235114743]: integral_error_y: -65.448975[0m
[0m[ INFO] [1746507395.235152279]: w: -82.560196[0m
[0m[ INFO] [1746507395.235194680]: Publishing motor command - Left: 2782.543945, Right: 2741.454834[0m
[0m[ INFO] [1746507395.341830280]: Target - x: 2670.000000, y: 0.000000, phi: 0.000000[0m
[0m[ INFO] [1746507395.342473265]: Current - x: 2339.271729, y: -9.659854, phi: 1.967464[0m
[0m[ INFO] [1746507395.342630835]: Error - x: 330.728271, y: 9.659854[0m
[0m[ INFO] [1746507395.342759797]: error_y: 9.659854[0m
[0m[ INFO] [1746507395.342819190]: integral_error_y: -64.482986[0m
[0m[ INFO] [1746507395.342854294]: w: -136.224258[0m
[0m[ INFO] [1746507395.342902167]: Publishing motor command - Left: 2789.967529, Right: 2722.170654[0m
[0m[ INFO] [1746507395.434430009]: Target - x: 2700.000000, y: 0.000000, phi: 0.000000[0m
[0m[ INFO] [1746507395.434522202]: Current - x: 2368.787109, y: -8.992387, phi: 2.030498[0m
[0m[ INFO] [1746507395.434563995]: Error - x: 331.212891, y: 8.992387[0m
[0m[ INFO] [1746507395.434599163]: error_y: 8.992387[0m
[0m[ INFO] [1746507395.434643484]: integral_error_y: -63.583748[0m
[0m[ INFO] [1746507395.434721981]: w: -94.889870[0m
[0m[ INFO] [1746507395.434792190]: Publishing motor command - Left: 2783.719971, Right: 2736.494873[0m
[0m[ INFO] [1746507395.546036141]: Target - x: 2730.000000, y: 0.000000, phi: 0.000000[0m
[0m[ INFO] [1746507395.546534324]: Current - x: 2398.497314, y: -8.038845, phi: 1.772098[0m
[0m[ INFO] [1746507395.546601781]: Error - x: 331.502686, y: 8.038845[0m
[0m[ INFO] [1746507395.546650518]: error_y: 8.038845[0m
[0m[ INFO] [1746507395.546778391]: integral_error_y: -62.779861[0m
[0m[ INFO] [1746507395.546822136]: w: -156.792099[0m
[0m[ INFO] [1746507395.546880217]: Publishing motor command - Left: 2801.539062, Right: 2723.505859[0m
[0m[ INFO] [1746507395.634479333]: Target - x: 2760.000000, y: 0.000000, phi: 0.000000[0m
[0m[ INFO] [1746507395.634600615]: Current - x: 2428.200439, y: -6.941698, phi: 1.941877[0m
[0m[ INFO] [1746507395.634668776]: Error - x: 331.799561, y: 6.941698[0m
[0m[ INFO] [1746507395.634726665]: error_y: 6.941698[0m
[0m[ INFO] [1746507395.634778825]: integral_error_y: -62.085693[0m
[0m[ INFO] [1746507395.634828074]: w: -190.929581[0m
[0m[ INFO] [1746507395.634878731]: Publishing motor command - Left: 2812.507812, Right: 2717.485107[0m
[0m[ INFO] [1746507395.734976482]: Target - x: 2790.000000, y: 0.000000, phi: 0.000000[0m
[0m[ INFO] [1746507395.735099715]: Current - x: 2458.511719, y: -5.987529, phi: 2.003713[0m
[0m[ INFO] [1746507395.735160068]: Error - x: 331.488281, y: 5.987529[0m
[0m[ INFO] [1746507395.735273062]: error_y: 5.987529[0m
[0m[ INFO] [1746507395.735362311]: integral_error_y: -61.486942[0m
[0m[ INFO] [1746507395.735469641]: w: -167.044815[0m
[0m[ INFO] [1746507395.735620811]: Publishing motor command - Left: 2803.969971, Right: 2720.834473[0m
[0m[ INFO] [1746507395.834548594]: Target - x: 2820.000000, y: 0.000000, phi: 0.000000[0m
[0m[ INFO] [1746507395.834661043]: Current - x: 2489.221436, y: -4.929878, phi: 2.064951[0m
[0m[ INFO] [1746507395.834703380]: Error - x: 330.778564, y: 4.929878[0m
[0m[ INFO] [1746507395.834739028]: error_y: 4.929878[0m
[0m[ INFO] [1746507395.834786293]: integral_error_y: -60.993954[0m
[0m[ INFO] [1746507395.834818965]: w: -192.980133[0m
[0m[ INFO] [1746507395.834859318]: Publishing motor command - Left: 2804.509766, Right: 2708.466309[0m
[0m[ INFO] [1746507395.941579240]: Target - x: 2850.000000, y: 0.000000, phi: 0.000000[0m
[0m[ INFO] [1746507395.942021934]: Current - x: 2519.930176, y: -3.839085, phi: 2.126189[0m
[0m[ INFO] [1746507395.942215248]: Error - x: 330.069824, y: 3.839085[0m
[0m[ INFO] [1746507395.943194846]: error_y: 3.839085[0m
[0m[ INFO] [1746507395.943290591]: integral_error_y: -60.610046[0m
[0m[ INFO] [1746507395.943411777]: w: -205.024216[0m
[0m[ INFO] [1746507395.943559971]: Publishing motor command - Left: 2801.600830, Right: 2699.563232[0m
[0m[ INFO] [1746507396.034391547]: Target - x: 2880.000000, y: 0.000000, phi: 0.000000[0m
[0m[ INFO] [1746507396.034500541]: Current - x: 2549.837891, y: -2.800368, phi: 1.974535[0m
[0m[ INFO] [1746507396.034545533]: Error - x: 330.162109, y: 2.800368[0m
[0m[ INFO] [1746507396.034590206]: error_y: 2.800368[0m
[0m[ INFO] [1746507396.034624478]: integral_error_y: -60.330009[0m
[0m[ INFO] [1746507396.034654143]: w: -199.774673[0m
[0m[ INFO] [1746507396.034726304]: Publishing motor command - Left: 2801.063477, Right: 2701.638428[0m
[0m[ INFO] [1746507396.137781791]: Target - x: 2910.000000, y: 0.000000, phi: 0.000000[0m
[0m[ INFO] [1746507396.137948065]: Current - x: 2579.143799, y: -1.778368, phi: 1.716734[0m
[0m[ INFO] [1746507396.138070723]: Error - x: 330.856201, y: 1.778368[0m
[0m[ INFO] [1746507396.138188293]: error_y: 1.778368[0m
[0m[ INFO] [1746507396.138244326]: integral_error_y: -60.152172[0m
[0m[ INFO] [1746507396.138291942]: w: -201.523270[0m
[0m[ INFO] [1746507396.138346887]: Publishing motor command - Left: 2807.282471, Right: 2706.987549[0m
[0m[ INFO] [1746507396.234609514]: Target - x: 2940.000000, y: 0.000000, phi: 0.000000[0m
[0m[ INFO] [1746507396.234727499]: Current - x: 2609.650879, y: -0.681683, phi: 1.885316[0m
[0m[ INFO] [1746507396.234783724]: Error - x: 330.349121, y: 0.681683[0m
[0m[ INFO] [1746507396.234818348]: error_y: 0.681683[0m
[0m[ INFO] [1746507396.234849677]: integral_error_y: -60.084003[0m
[0m[ INFO] [1746507396.234890573]: w: -221.937027[0m
[0m[ INFO] [1746507396.234927918]: Publishing motor command - Left: 2808.136963, Right: 2697.682129[0m
[0m[ INFO] [1746507396.334587583]: Target - x: 2970.000000, y: 0.000000, phi: 0.000000[0m
[0m[ INFO] [1746507396.334723457]: Current - x: 2639.962891, y: 0.243196, phi: 1.947152[0m
[0m[ INFO] [1746507396.334777442]: Error - x: 330.037109, y: -0.243196[0m
[0m[ INFO] [1746507396.334824162]: error_y: -0.243196[0m
[0m[ INFO] [1746507396.334863811]: integral_error_y: -60.108322[0m
[0m[ INFO] [1746507396.334901635]: w: -192.202621[0m
[0m[ INFO] [1746507396.334943172]: Publishing motor command - Left: 2798.137451, Right: 2702.481201[0m
[0m[ INFO] [1746507396.434279440]: Target - x: 3000.000000, y: 0.000000, phi: 0.000000[0m
[0m[ INFO] [1746507396.434393138]: Current - x: 2669.671631, y: 1.209612, phi: 1.902842[0m
[0m[ INFO] [1746507396.434455955]: Error - x: 330.328369, y: -1.209612[0m
[0m[ INFO] [1746507396.434504756]: error_y: -1.209612[0m
[0m[ INFO] [1746507396.434537364]: integral_error_y: -60.229282[0m
[0m[ INFO] [1746507396.434566484]: w: -205.354095[0m
[0m[ INFO] [1746507396.434599029]: Publishing motor command - Left: 2803.837158, Right: 2701.635498[0m
[0m[ INFO] [1746507396.543712423]: Target - x: 3030.000000, y: 0.000000, phi: 0.000000[0m
[0m[ INFO] [1746507396.543806600]: Current - x: 2698.781494, y: 2.106560, phi: 1.538296[0m
[0m[ INFO] [1746507396.543844169]: Error - x: 331.218506, y: -2.106560[0m
[0m[ INFO] [1746507396.543876841]: error_y: -2.106560[0m
[0m[ INFO] [1746507396.543929674]: integral_error_y: -60.439938[0m
[0m[ INFO] [1746507396.543961194]: w: -195.966537[0m
[0m[ INFO] [1746507396.544029547]: Publishing motor command - Left: 2808.919189, Right: 2711.389404[0m
[0m[ INFO] [1746507396.634902788]: Target - x: 3060.000000, y: 0.000000, phi: 0.000000[0m
[0m[ INFO] [1746507396.634999878]: Current - x: 2729.890137, y: 3.214762, phi: 1.813024[0m
[0m[ INFO] [1746507396.635072679]: Error - x: 330.109863, y: -3.214762[0m
[0m[ INFO] [1746507396.635171272]: error_y: -3.214762[0m
[0m[ INFO] [1746507396.635217865]: integral_error_y: -60.761414[0m
[0m[ INFO] [1746507396.635265065]: w: -243.790253[0m
[0m[ INFO] [1746507396.635316330]: Publishing motor command - Left: 2811.580811, Right: 2690.250000[0m
[0m[ INFO] [1746507396.746826845]: Target - x: 3090.000000, y: 0.000000, phi: 0.000000[0m
[0m[ INFO] [1746507396.747307011]: Current - x: 2759.609131, y: 3.890244, phi: 1.340535[0m
[0m[ INFO] [1746507396.747479654]: Error - x: 330.390869, y: -3.890244[0m
[0m[ INFO] [1746507396.747550791]: error_y: -3.890244[0m
[0m[ INFO] [1746507396.747662760]: integral_error_y: -61.150436[0m
[0m[ INFO] [1746507396.747717289]: w: -160.662628[0m
[0m[ INFO] [1746507396.747814730]: Publishing motor command - Left: 2793.237061, Right: 2713.277588[0m
[0m[ INFO] [1746507396.834586891]: Target - x: 3120.000000, y: 0.000000, phi: 0.000000[0m
[0m[ INFO] [1746507396.834805966]: Current - x: 2788.119873, y: 4.675505, phi: 0.869843[0m
[0m[ INFO] [1746507396.834886096]: Error - x: 331.880127, y: -4.675505[0m
[0m[ INFO] [1746507396.835041394]: error_y: -4.675505[0m
[0m[ INFO] [1746507396.835163827]: integral_error_y: -61.617989[0m
[0m[ INFO] [1746507396.835210612]: w: -186.591614[0m
[0m[ INFO] [1746507396.835257813]: Publishing motor command - Left: 2812.099609, Right: 2719.235596[0m
[0m[ INFO] [1746507396.944976431]: Target - x: 3150.000000, y: 0.000000, phi: 0.000000[0m
[0m[ INFO] [1746507396.945085137]: Current - x: 2818.235596, y: 5.424729, phi: 1.039023[0m
[0m[ INFO] [1746507396.945301972]: Error - x: 331.764404, y: -5.424729[0m
[0m[ INFO] [1746507396.945380405]: error_y: -5.424729[0m
[0m[ INFO] [1746507396.945463222]: integral_error_y: -62.160461[0m
[0m[ INFO] [1746507396.945529111]: w: -183.184525[0m
[0m[ INFO] [1746507396.945580151]: Publishing motor command - Left: 2810.287354, Right: 2719.119385[0m
[0m[ INFO] [1746507397.034694104]: Target - x: 3180.000000, y: 0.000000, phi: 0.000000[0m
[0m[ INFO] [1746507397.034815642]: Current - x: 2848.163574, y: 5.671742, phi: 0.245101[0m
[0m[ INFO] [1746507397.034883867]: Error - x: 331.836426, y: -5.671742[0m
[0m[ INFO] [1746507397.034937980]: error_y: -5.671742[0m
[0m[ INFO] [1746507397.034974940]: integral_error_y: -62.727634[0m
[0m[ INFO] [1746507397.035017853]: w: -84.033997[0m
[0m[ INFO] [1746507397.035072349]: Publishing motor command - Left: 2786.214600, Right: 2744.392334[0m
[0m[ INFO] [1746507397.140609759]: Target - x: 3210.000000, y: 0.000000, phi: 0.000000[0m
[0m[ INFO] [1746507397.141283816]: Current - x: 2878.284912, y: 6.206224, phi: 0.200191[0m
[0m[ INFO] [1746507397.141446986]: Error - x: 331.715088, y: -6.206224[0m
[0m[ INFO] [1746507397.141691501]: error_y: -6.206224[0m
[0m[ INFO] [1746507397.141747854]: integral_error_y: -63.348255[0m
[0m[ INFO] [1746507397.141809359]: w: -144.262451[0m
[0m[ INFO] [1746507397.142404151]: Publishing motor command - Left: 2800.191162, Right: 2728.393799[0m
[0m[ INFO] [1746507397.243204408]: Target - x: 3240.000000, y: 0.000000, phi: 0.000000[0m
[0m[ INFO] [1746507397.244714924]: Current - x: 2907.808838, y: 6.293604, phi: 0.049136[0m
[0m[ INFO] [1746507397.244903247]: Error - x: 332.191162, y: -6.293604[0m
[0m[ INFO] [1746507397.244967856]: error_y: -6.293604[0m
[0m[ INFO] [1746507397.245067889]: integral_error_y: -63.977615[0m
[0m[ INFO] [1746507397.245112818]: w: -55.341770[0m
[0m[ INFO] [1746507397.245165362]: Publishing motor command - Left: 2782.031250, Right: 2754.488281[0m
[0m[ INFO] [1746507397.339470554]: Target - x: 3270.000000, y: 0.000000, phi: 0.000000[0m
[0m[ INFO] [1746507397.339564763]: Current - x: 2937.934814, y: 6.387058, phi: 0.004227[0m
[0m[ INFO] [1746507397.339693565]: Error - x: 332.065186, y: -6.387058[0m
[0m[ INFO] [1746507397.339729438]: error_y: -6.387058[0m
[0m[ INFO] [1746507397.339868288]: integral_error_y: -64.616318[0m
[0m[ INFO] [1746507397.339929312]: w: -57.087601[0m
[0m[ INFO] [1746507397.341853915]: Publishing motor command - Left: 2781.415771, Right: 2753.004150[0m
[0m[ INFO] [1746507397.434706959]: Target - x: 3300.000000, y: 0.000000, phi: 0.000000[0m
[0m[ INFO] [1746507397.434819472]: Current - x: 2968.062988, y: 6.288512, phi: -0.468860[0m
[0m[ INFO] [1746507397.435055155]: Error - x: 331.937012, y: -6.288512[0m
[0m[ INFO] [1746507397.435104308]: error_y: -6.288512[0m
[0m[ INFO] [1746507397.435642011]: integral_error_y: -65.245171[0m
[0m[ INFO] [1746507397.435724413]: w: -18.257969[0m
[0m[ INFO] [1746507397.435818398]: Publishing motor command - Left: 2770.685303, Right: 2761.598633[0m
[0m[ INFO] [1746507397.541772325]: Target - x: 3330.000000, y: 0.000000, phi: 0.000000[0m
[0m[ INFO] [1746507397.542207947]: Current - x: 2997.186279, y: 6.198011, phi: -0.833406[0m
[0m[ INFO] [1746507397.542339149]: Error - x: 332.813721, y: -6.198011[0m
[0m[ INFO] [1746507397.542403021]: error_y: -6.198011[0m
[0m[ INFO] [1746507397.542452494]: integral_error_y: -65.864975[0m
[0m[ INFO] [1746507397.542527887]: w: -19.476292[0m
[0m[ INFO] [1746507397.542669297]: Publishing motor command - Left: 2778.294189, Right: 2768.600830[0m
[0m[ INFO] [1746507397.634239763]: Target - x: 3360.000000, y: 0.000000, phi: 0.000000[0m
[0m[ INFO] [1746507397.634362549]: Current - x: 3026.708496, y: 5.972662, phi: -0.770372[0m
[0m[ INFO] [1746507397.634417238]: Error - x: 333.291504, y: -5.972662[0m
[0m[ INFO] [1746507397.634485719]: error_y: -5.972662[0m
[0m[ INFO] [1746507397.634548888]: integral_error_y: -66.462242[0m
[0m[ INFO] [1746507397.634580728]: w: 8.560255[0m
[0m[ INFO] [1746507397.634628441]: Publishing motor command - Left: 2775.298828, Right: 2779.559326[0m
[0m[ INFO] [1746507397.735095541]: Target - x: 3390.000000, y: 0.000000, phi: 0.000000[0m
[0m[ INFO] [1746507397.735245879]: Current - x: 3056.831055, y: 5.522668, phi: -0.815282[0m
[0m[ INFO] [1746507397.735349048]: Error - x: 333.168945, y: -5.522668[0m
[0m[ INFO] [1746507397.735411385]: error_y: -5.522668[0m
[0m[ INFO] [1746507397.735455738]: integral_error_y: -67.014511[0m
[0m[ INFO] [1746507397.735551739]: w: 55.683926[0m
[0m[ INFO] [1746507397.735618076]: Publishing motor command - Left: 2762.551514, Right: 2790.264404[0m
[0m[ INFO] [1746507397.834635268]: Target - x: 3420.000000, y: 0.000000, phi: 0.000000[0m
[0m[ INFO] [1746507397.834782566]: Current - x: 3086.752930, y: 5.192546, phi: -0.538757[0m
[0m[ INFO] [1746507397.834876679]: Error - x: 333.247070, y: -5.192546[0m
[0m[ INFO] [1746507397.834948904]: error_y: -5.192546[0m
[0m[ INFO] [1746507397.834997865]: integral_error_y: -67.533768[0m
[0m[ INFO] [1746507397.835036073]: w: 33.308292[0m
[0m[ INFO] [1746507397.835075498]: Publishing motor command - Left: 2768.770508, Right: 2785.347412[0m
[0m[ INFO] [1746507397.934627449]: Target - x: 3450.000000, y: 0.000000, phi: 0.000000[0m
[0m[ INFO] [1746507397.934752155]: Current - x: 3115.871826, y: 4.739934, phi: -0.689214[0m
[0m[ INFO] [1746507397.934810524]: Error - x: 334.128174, y: -4.739934[0m
[0m[ INFO] [1746507397.934961886]: error_y: -4.739934[0m
[0m[ INFO] [1746507397.935672296]: integral_error_y: -68.007759[0m
[0m[ INFO] [1746507397.935800521]: w: 60.021931[0m
[0m[ INFO] [1746507397.935897291]: Publishing motor command - Left: 2769.465576, Right: 2799.337158[0m
[0m[ INFO] [1746507398.039636563]: Target - x: 3480.000000, y: 0.000000, phi: 0.000000[0m
[0m[ INFO] [1746507398.040018265]: Current - x: 3145.795166, y: 4.474858, phi: -0.626779[0m
[0m[ INFO] [1746507398.040097082]: Error - x: 334.204834, y: -4.474858[0m
[0m[ INFO] [1746507398.040160859]: error_y: -4.474858[0m
[0m[ INFO] [1746507398.040402782]: integral_error_y: -68.455246[0m
[0m[ INFO] [1746507398.040545984]: w: 23.795418[0m
[0m[ INFO] [1746507398.040708450]: Publishing motor command - Left: 2779.119141, Right: 2790.961670[0m
[0m[ INFO] [1746507398.144669614]: Target - x: 3510.000000, y: 0.000000, phi: 0.000000[0m
[0m[ INFO] [1746507398.145014994]: Current - x: 3175.718262, y: 4.075287, phi: -0.778433[0m
[0m[ INFO] [1746507398.145341911]: Error - x: 334.281738, y: -4.075287[0m
[0m[ INFO] [1746507398.145649339]: error_y: -4.075287[0m
[0m[ INFO] [1746507398.145792349]: integral_error_y: -68.862778[0m
[0m[ INFO] [1746507398.145843806]: w: 52.651573[0m
[0m[ INFO] [1746507398.147007725]: Publishing motor command - Left: 2772.579102, Right: 2798.782959[0m
[0m[ INFO] [1746507398.234789628]: Target - x: 3540.000000, y: 0.000000, phi: 0.000000[0m
[0m[ INFO] [1746507398.234896766]: Current - x: 3205.240723, y: 3.658232, phi: -1.143578[0m
[0m[ INFO] [1746507398.234995007]: Error - x: 334.759277, y: -3.658232[0m
[0m[ INFO] [1746507398.235079840]: error_y: -3.658232[0m
[0m[ INFO] [1746507398.235147585]: integral_error_y: -69.228600[0m
[0m[ INFO] [1746507398.235201250]: w: 58.196915[0m
[0m[ INFO] [1746507398.235260099]: Publishing motor command - Left: 2775.178955, Right: 2804.142578[0m
[0m[ INFO] [1746507398.339355984]: Target - x: 3570.000000, y: 0.000000, phi: 0.000000[0m
[0m[ INFO] [1746507398.339698453]: Current - x: 3235.162354, y: 3.323901, phi: -0.867053[0m
[0m[ INFO] [1746507398.339778262]: Error - x: 334.837646, y: -3.323901[0m
[0m[ INFO] [1746507398.339844151]: error_y: -3.323901[0m
[0m[ INFO] [1746507398.339890647]: integral_error_y: -69.560989[0m
[0m[ INFO] [1746507398.340064282]: w: 43.290649[0m
[0m[ INFO] [1746507398.340244220]: Publishing motor command - Left: 2779.541260, Right: 2801.086182[0m
[0m[ INFO] [1746507398.434632133]: Target - x: 3600.000000, y: 0.000000, phi: 0.000000[0m
[0m[ INFO] [1746507398.434780615]: Current - x: 3264.880371, y: 2.663628, phi: -1.125453[0m
[0m[ INFO] [1746507398.434828743]: Error - x: 335.119629, y: -2.663628[0m
[0m[ INFO] [1746507398.434869832]: error_y: -2.663628[0m
[0m[ INFO] [1746507398.434910345]: integral_error_y: -69.827354[0m
[0m[ INFO] [1746507398.434950345]: w: 111.753639[0m
[0m[ INFO] [1746507398.435011114]: Publishing motor command - Left: 2764.854492, Right: 2820.472412[0m
[0m[ INFO] [1746507398.542540774]: Target - x: 3630.000000, y: 0.000000, phi: 0.000000[0m
[0m[ INFO] [1746507398.542918859]: Current - x: 3295.203613, y: 2.221082, phi: -1.063617[0m
[0m[ INFO] [1746507398.543096430]: Error - x: 334.796387, y: -2.221082[0m
[0m[ INFO] [1746507398.543379602]: error_y: -2.221082[0m
[0m[ INFO] [1746507398.543567060]: integral_error_y: -70.049461[0m
[0m[ INFO] [1746507398.543689014]: w: 70.398865[0m
[0m[ INFO] [1746507398.543737879]: Publishing motor command - Left: 2772.451904, Right: 2807.488281[0m
[0m[ INFO] [1746507398.635116342]: Target - x: 3660.000000, y: 0.000000, phi: 0.000000[0m
[0m[ INFO] [1746507398.635232216]: Current - x: 3325.524414, y: 1.641786, phi: -1.001781[0m
[0m[ INFO] [1746507398.635283961]: Error - x: 334.475586, y: -1.641786[0m
[0m[ INFO] [1746507398.635357530]: error_y: -1.641786[0m
[0m[ INFO] [1746507398.635586909]: integral_error_y: -70.213638[0m
[0m[ INFO] [1746507398.635755807]: w: 100.628883[0m
[0m[ INFO] [1746507398.635835680]: Publishing motor command - Left: 2762.255859, Right: 2812.337158[0m
[0m[ INFO] [1746507398.735371567]: Target - x: 3690.000000, y: 0.000000, phi: 0.000000[0m
[0m[ INFO] [1746507398.735748244]: Current - x: 3355.644775, y: 1.127059, phi: -0.832601[0m
[0m[ INFO] [1746507398.735833814]: Error - x: 334.355225, y: -1.127059[0m
[0m[ INFO] [1746507398.736038584]: error_y: -1.127059[0m
[0m[ INFO] [1746507398.736142362]: integral_error_y: -70.326347[0m
[0m[ INFO] [1746507398.736308188]: w: 90.277435[0m
[0m[ INFO] [1746507398.736461438]: Publishing motor command - Left: 2763.828857, Right: 2808.758545[0m
[0m[ INFO] [1746507398.934211050]: Target - x: 3750.000000, y: 0.000000, phi: 0.000000[0m
[0m[ INFO] [1746507398.934343372]: Current - x: 3386.368164, y: 0.663664, phi: -0.557274[0m
[0m[ INFO] [1746507398.934382157]: Error - x: 363.631836, y: -0.663664[0m
[0m[ INFO] [1746507398.934434573]: error_y: -0.663664[0m
[0m[ INFO] [1746507398.934467214]: integral_error_y: -70.392715[0m
[0m[ INFO] [1746507398.934496654]: w: 82.321617[0m
[0m[ INFO] [1746507398.934530671]: Publishing motor command - Left: 3009.780273, Right: 3050.750244[0m
[0m[ INFO] [1746507398.936127492]: Target - x: 3750.000000, y: 0.000000, phi: 0.000000[0m
[0m[ INFO] [1746507398.936197605]: Current - x: 3416.490967, y: 0.214093, phi: -0.602183[0m
[0m[ INFO] [1746507398.936360584]: Error - x: 333.509033, y: -0.214093[0m
[0m[ INFO] [1746507398.936410760]: error_y: -0.214093[0m
[0m[ INFO] [1746507398.936443113]: integral_error_y: -70.414124[0m
[0m[ INFO] [1746507398.936473545]: w: 81.802200[0m
[0m[ INFO] [1746507398.936505930]: Publishing motor command - Left: 2758.885986, Right: 2799.597656[0m
[0m[ INFO] [1746507399.034407138]: Target - x: 3780.000000, y: 0.000000, phi: 0.000000[0m
[0m[ INFO] [1746507399.034595493]: Current - x: 3446.011230, y: -0.253839, phi: -0.753238[0m
[0m[ INFO] [1746507399.034785511]: Error - x: 333.988770, y: 0.253839[0m
[0m[ INFO] [1746507399.034841992]: error_y: 0.253839[0m
[0m[ INFO] [1746507399.034878409]: integral_error_y: -70.388741[0m
[0m[ INFO] [1746507399.034909321]: w: 87.816750[0m
[0m[ INFO] [1746507399.034943786]: Publishing motor command - Left: 2761.386963, Right: 2805.092041[0m
[0m[ INFO] [1746507399.141897406]: Target - x: 3810.000000, y: 0.000000, phi: 0.000000[0m
[0m[ INFO] [1746507399.142888043]: Current - x: 3475.732666, y: -0.466653, phi: -0.369369[0m
[0m[ INFO] [1746507399.143092878]: Error - x: 334.267334, y: 0.466653[0m
[0m[ INFO] [1746507399.143211088]: error_y: 0.466653[0m
[0m[ INFO] [1746507399.143360786]: integral_error_y: -70.342072[0m
[0m[ INFO] [1746507399.143418131]: w: 37.861897[0m
[0m[ INFO] [1746507399.143469395]: Publishing motor command - Left: 2776.139648, Right: 2794.982666[0m
[0m[ INFO] [1746507399.234763058]: Target - x: 3840.000000, y: 0.000000, phi: 0.000000[0m
[0m[ INFO] [1746507399.234884755]: Current - x: 3506.859863, y: -0.859416, phi: -0.308730[0m
[0m[ INFO] [1746507399.234926036]: Error - x: 333.140137, y: 0.859416[0m
[0m[ INFO] [1746507399.234971893]: error_y: 0.859416[0m
[0m[ INFO] [1746507399.235006101]: integral_error_y: -70.256126[0m
[0m[ INFO] [1746507399.235070902]: w: 75.823959[0m
[0m[ INFO] [1746507399.235119479]: Publishing motor command - Left: 2757.299805, Right: 2795.036133[0m
[0m[ INFO] [1746507399.334771207]: Target - x: 3870.000000, y: 0.000000, phi: 0.000000[0m
[0m[ INFO] [1746507399.334897833]: Current - x: 3535.982178, y: -1.139812, phi: -0.673276[0m
[0m[ INFO] [1746507399.334957674]: Error - x: 334.017822, y: 1.139812[0m
[0m[ INFO] [1746507399.335041803]: error_y: 1.139812[0m
[0m[ INFO] [1746507399.335150604]: integral_error_y: -70.142143[0m
[0m[ INFO] [1746507399.335748149]: w: 54.764114[0m
[0m[ INFO] [1746507399.335837878]: Publishing motor command - Left: 2769.854248, Right: 2797.109375[0m
[0m[ INFO] [1746507399.434524473]: Target - x: 3900.000000, y: 0.000000, phi: 0.000000[0m
[0m[ INFO] [1746507399.434629531]: Current - x: 3565.905518, y: -1.228841, phi: -0.396752[0m
[0m[ INFO] [1746507399.434676667]: Error - x: 334.094482, y: 1.228841[0m
[0m[ INFO] [1746507399.434724124]: error_y: 1.228841[0m
[0m[ INFO] [1746507399.434799933]: integral_error_y: -70.019257[0m
[0m[ INFO] [1746507399.434889182]: w: 16.948120[0m
[0m[ INFO] [1746507399.434950175]: Publishing motor command - Left: 2779.903320, Right: 2788.338135[0m
[0m[ INFO] [1746507399.542591037]: Target - x: 3930.000000, y: 0.000000, phi: 0.000000[0m
[0m[ INFO] [1746507399.542929025]: Current - x: 3595.427002, y: -1.614683, phi: -0.547807[0m
[0m[ INFO] [1746507399.543207653]: Error - x: 334.572998, y: 1.614683[0m
[0m[ INFO] [1746507399.543354823]: error_y: 1.614683[0m
[0m[ INFO] [1746507399.543407048]: integral_error_y: -69.857788[0m
[0m[ INFO] [1746507399.543453800]: w: 78.256035[0m
[0m[ INFO] [1746507399.543504873]: Publishing motor command - Left: 2768.635010, Right: 2807.581787[0m
[0m[ INFO] [1746507399.634626533]: Target - x: 3960.000000, y: 0.000000, phi: 0.000000[0m
[0m[ INFO] [1746507399.634786023]: Current - x: 3625.552979, y: -1.891392, phi: -0.806805[0m
[0m[ INFO] [1746507399.634860232]: Error - x: 334.447021, y: 1.891392[0m
[0m[ INFO] [1746507399.634922217]: error_y: 1.891392[0m
[0m[ INFO] [1746507399.635001930]: integral_error_y: -69.668648[0m
[0m[ INFO] [1746507399.635063947]: w: 57.831810[0m
[0m[ INFO] [1746507399.635324687]: Publishing motor command - Left: 2772.667725, Right: 2801.449463[0m
[0m[ INFO] [1746507399.737445761]: Target - x: 3990.000000, y: 0.000000, phi: 0.000000[0m
[0m[ INFO] [1746507399.737541282]: Current - x: 3655.878662, y: -2.221642, phi: -0.959058[0m
[0m[ INFO] [1746507399.737579203]: Error - x: 334.121338, y: 2.221642[0m
[0m[ INFO] [1746507399.737660324]: error_y: 2.221642[0m
[0m[ INFO] [1746507399.737710917]: integral_error_y: -69.446480[0m
[0m[ INFO] [1746507399.737753733]: w: 70.213608[0m
[0m[ INFO] [1746507399.738250956]: Publishing motor command - Left: 2766.872314, Right: 2801.816406[0m
[0m[ INFO] [1746507399.834479310]: Target - x: 4020.000000, y: 0.000000, phi: 0.000000[0m
[0m[ INFO] [1746507399.834566319]: Current - x: 3685.800537, y: -2.626706, phi: -0.896623[0m
[0m[ INFO] [1746507399.834605999]: Error - x: 334.199463, y: 2.626706[0m
[0m[ INFO] [1746507399.834644560]: error_y: 2.626706[0m
[0m[ INFO] [1746507399.834686161]: integral_error_y: -69.183807[0m
[0m[ INFO] [1746507399.834717713]: w: 87.228020[0m
[0m[ INFO] [1746507399.834753201]: Publishing motor command - Left: 2763.289307, Right: 2806.701416[0m
[0m[ INFO] [1746507399.936331708]: Target - x: 4050.000000, y: 0.000000, phi: 0.000000[0m
[0m[ INFO] [1746507399.936451966]: Current - x: 3715.921875, y: -3.086466, phi: -0.727443[0m
[0m[ INFO] [1746507399.936560127]: Error - x: 334.078125, y: 3.086466[0m
[0m[ INFO] [1746507399.936633376]: error_y: 3.086466[0m
[0m[ INFO] [1746507399.936684257]: integral_error_y: -68.875160[0m
[0m[ INFO] [1746507399.936730434]: w: 100.496658[0m
[0m[ INFO] [1746507399.936819011]: Publishing motor command - Left: 2758.976562, Right: 2808.992188[0m
[0m[ INFO] [1746507400.034529305]: Target - x: 4080.000000, y: 0.000000, phi: 0.000000[0m
[0m[ INFO] [1746507400.034664123]: Current - x: 3746.445801, y: -3.576298, phi: -0.772951[0m
[0m[ INFO] [1746507400.034704443]: Error - x: 333.554199, y: 3.576298[0m
[0m[ INFO] [1746507400.034754428]: error_y: 3.576298[0m
[0m[ INFO] [1746507400.034814397]: integral_error_y: -68.517532[0m
[0m[ INFO] [1746507400.034858205]: w: 108.996117[0m
[0m[ INFO] [1746507400.034905854]: Publishing motor command - Left: 2752.495850, Right: 2806.741211[0m
[0m[ INFO] [1746507400.142391673]: Target - x: 4110.000000, y: 0.000000, phi: 0.000000[0m
[0m[ INFO] [1746507400.142839872]: Current - x: 3776.970947, y: -3.975998, phi: -0.818459[0m
[0m[ INFO] [1746507400.143086179]: Error - x: 333.029053, y: 3.975998[0m
[0m[ INFO] [1746507400.143160996]: error_y: 3.975998[0m
[0m[ INFO] [1746507400.143242469]: integral_error_y: -68.119934[0m
[0m[ INFO] [1746507400.143295494]: w: 93.008072[0m
[0m[ INFO] [1746507400.143372967]: Publishing motor command - Left: 2752.097656, Right: 2798.386719[0m
[0m[ INFO] [1746507400.234536451]: Target - x: 4140.000000, y: 0.000000, phi: 0.000000[0m
[0m[ INFO] [1746507400.234670725]: Current - x: 3807.094238, y: -4.450503, phi: -1.077457[0m
[0m[ INFO] [1746507400.234715014]: Error - x: 332.905762, y: 4.450503[0m
[0m[ INFO] [1746507400.234765415]: error_y: 4.450503[0m
[0m[ INFO] [1746507400.234802823]: integral_error_y: -67.674881[0m
[0m[ INFO] [1746507400.234838024]: w: 110.386017[0m
[0m[ INFO] [1746507400.234882824]: Publishing motor command - Left: 2746.746094, Right: 2801.683594[0m
[0m[ INFO] [1746507400.341904221]: Target - x: 4170.000000, y: 0.000000, phi: 0.000000[0m
[0m[ INFO] [1746507400.342571526]: Current - x: 3839.426270, y: -5.016625, phi: -1.446793[0m
[0m[ INFO] [1746507400.342691016]: Error - x: 330.573730, y: 5.016625[0m
[0m[ INFO] [1746507400.342869610]: error_y: 5.016625[0m
[0m[ INFO] [1746507400.342924427]: integral_error_y: -67.173218[0m
[0m[ INFO] [1746507400.342964172]: w: 131.590317[0m
[0m[ INFO] [1746507400.343016556]: Publishing motor command - Left: 2722.035889, Right: 2787.526611[0m
[0m[ INFO] [1746507400.435154230]: Target - x: 4200.000000, y: 0.000000, phi: 0.000000[0m
[0m[ INFO] [1746507400.435[0m[ INFO] [1746507383.224339332]: [I2C FOR MOTORS] Now launching this node in namespace: /asc[0m
[0m[ INFO] [1746507383.271100131]: [I2C FOR MOTORS] publish motor duty cycle requests from command line with: rostopic pub --once /asc/set_motor_duty_cycle asclinic_pkg/LeftRightFloat32 "{left: 10.1, right: 10.1}"[0m
[0m[ INFO] [1746507383.271255974]: [I2C FOR MOTORS] Successfully opened named /dev/i2c-1, with file descriptor = 10[0m
[0m[ INFO] [1746507383.271353991]: [I2C FOR MOTORS] Actual acceleration limit = 0.0003125%/ms (after conversation to "internal units")[0m
[0m[ INFO] [1746507383.271406856]: [I2C FOR MOTORS] Actual deceleration limit = 0.0015625%/ms (after conversation to "internal units")[0m
[0m[ INFO] [1746507383.271447720]: [I2C FOR MOTORS] Now initialising SMC with I2C address 13[0m
[0m[ INFO] [1746507383.294684614]: [I2C FOR MOTORS] Now initialising SMC with I2C address 14[0m
[0m[ INFO] [1746507383.314472309]: [I2C FOR MOTORS] Node initialisation complete[0m
275768]: Current - x: 3870.350098, y: -5.668463, phi: -1.706989[0m
[0m[ INFO] [1746507400.435478875]: Error - x: 329.649902, y: 5.668463[0m
[0m[ INFO] [1746507400.435515867]: error_y: 5.668463[0m
[0m[ INFO] [1746507400.435548380]: integral_error_y: -66.606369[0m
[0m[ INFO] [1746507400.435579260]: w: 152.049255[0m
[0m[ INFO] [1746507400.435614173]: Publishing motor command - Left: 2709.246338, Right: 2784.918945[0m
[0m[ INFO] [1746507400.536332475]: Target - x: 4230.000000, y: 0.000000, phi: 0.000000[0m
[0m[ INFO] [1746507400.536464157]: Current - x: 3900.867676, y: -6.451366, phi: -1.752497[0m
[0m[ INFO] [1746507400.536519550]: Error - x: 329.132324, y: 6.451366[0m
[0m[ INFO] [1746507400.536590143]: error_y: 6.451366[0m
[0m[ INFO] [1746507400.536636384]: integral_error_y: -65.961235[0m
[0m[ INFO] [1746507400.536677984]: w: 182.241241[0m
[0m[ INFO] [1746507400.536726849]: Publishing motor command - Left: 2697.420166, Right: 2788.118896[0m
[0m[ INFO] [1746507400.634532888]: Target - x: 4260.000000, y: 0.000000, phi: 0.000000[0m
[0m[ INFO] [1746507400.634648922]: Current - x: 3932.183838, y: -7.455969, phi: -2.013292[0m
[0m[ INFO] [1746507400.634710715]: Error - x: 327.816162, y: 7.455969[0m
[0m[ INFO] [1746507400.634759131]: error_y: 7.455969[0m
[0m[ INFO] [1746507400.634792412]: integral_error_y: -65.215637[0m
[0m[ INFO] [1746507400.634851836]: w: 231.678970[0m
[0m[ INFO] [1746507400.634889117]: Publishing motor command - Left: 2674.149902, Right: 2789.453125[0m
[0m[ INFO] [1746507400.749580315]: Target - x: 4290.000000, y: 0.000000, phi: 0.000000[0m
[0m[ INFO] [1746507400.749673948]: Current - x: 3963.097656, y: -8.472086, phi: -2.273488[0m
[0m[ INFO] [1746507400.749738717]: Error - x: 326.902344, y: 8.472086[0m
[0m[ INFO] [1746507400.749795006]: error_y: 8.472086[0m
[0m[ INFO] [1746507400.749849310]: integral_error_y: -64.368431[0m
[0m[ INFO] [1746507400.749891103]: w: 239.146912[0m
[0m[ INFO] [1746507400.749926495]: Publishing motor command - Left: 2664.676270, Right: 2783.696289[0m
[0m[ INFO] [1746507400.834949960]: Target - x: 4320.000000, y: 0.000000, phi: 0.000000[0m
[0m[ INFO] [1746507400.835049545]: Current - x: 3993.807373, y: -9.535192, phi: -2.212250[0m
[0m[ INFO] [1746507400.835115050]: Error - x: 326.192627, y: 9.535192[0m
[0m[ INFO] [1746507400.835196619]: error_y: 9.535192[0m
[0m[ INFO] [1746507400.835303597]: integral_error_y: -63.414913[0m
[0m[ INFO] [1746507400.835339853]: w: 253.955597[0m
[0m[ INFO] [1746507400.835373678]: Publishing motor command - Left: 2655.076904, Right: 2781.466797[0m

[ARUCO DETECTOR] Camera properties upon initialisation:
CV_CAP_PROP_FRAME_HEIGHT : '480.0'
CV_CAP_PROP_FRAME_WIDTH :  '640.0'
CAP_PROP_FPS :             '30.0'
CAP_PROP_FOCUS :           '0.0'
CAP_PROP_AUTOFOCUS :       '0.0'
CAP_PROP_BRIGHTNESS :      '128.0'
CAP_PROP_CONTRAST :        '128.0'
CAP_PROP_SATURATION :      '128.0'
CAP_PROP_BUFFERSIZE :      '4.0'

[ARUCO DETECTOR] Camera properties upon initialisation:
CV_CAP_PROP_FRAME_HEIGHT : '1080.0'
CV_CAP_PROP_FRAME_WIDTH :  '1920.0'
CAP_PROP_FPS :             '5.0'
CAP_PROP_FOCUS :           '0.0'
CAP_PROP_AUTOFOCUS :       '0.0'
CAP_PROP_BRIGHTNESS :      '128.0'
CAP_PROP_CONTRAST :        '128.0'
CAP_PROP_SATURATION :      '128.0'
CAP_PROP_BUFFERSIZE :      '1.0'
[INFO] [1746507388.010325]: [ARUCO DETECTOR] As a double check of the camera properties set, a frame captured just now has dimensions = (1080, 1920, 3)
[INFO] [1746507388.015622]: [ARUCO DETECTOR] publish request from command line to save a single camera image using: rostopic pub --once /asc/request_save_image std_msgs/UInt32 1
[INFO] [1746507388.019856]: [ARUCO DETECTOR] Node initialisation complete
... logging to /home/asc/.ros/log/e3d3d45a-2a2a-11f0-b317-d8c0a650f677/roslaunch-asc12-jetson-30508.log
Checking log directory for disk usage. This may take a while.
Press Ctrl-C to interrupt
Done checking log file disk usage. Usage is <1GB.
]2;/home/asc/ASClinic/catkin_ws/src/asclinic_pkg/launch/trajectory.launch
[1mstarted roslaunch server http://asc12-jetson:35881/[0m

SUMMARY
========

PARAMETERS
 * /asc/aruco_detector/aruco_detector_desired_camera_fps: 5
 * /asc/aruco_detector/aruco_detector_desired_camera_frame_height: 1080
 * /asc/aruco_detector/aruco_detector_desired_camera_frame_width: 1920
 * /asc/aruco_detector/aruco_detector_marker_size: 0.25
 * /asc/aruco_detector/aruco_detector_save_image_path: /home/asc/saved_c...
 * /asc/aruco_detector/aruco_detector_should_publish_camera_images: False
 * /asc/aruco_detector/aruco_detector_should_save_all_aruco_images: False
 * /asc/aruco_detector/aruco_detector_should_show_camera_images: False
 * /asc/aruco_detector/aruco_detector_usb_camera_device_number: 0
 * /asc/aruco_detector/aruco_detector_verbosity: 1
 * /asc/encoder_read_multi_threaded/delta_t_for_publishing_encoder_counts: 0.1
 * /asc/encoder_read_multi_threaded/encoder_events_to_monitor: rising
 * /asc/encoder_read_multi_threaded/encoder_read_verbosity: 1
 * /asc/encoder_read_multi_threaded/gpio_chip_number_for_encoder_lines: 1
 * /asc/encoder_read_multi_threaded/line_number_for_left_side_encoder_channel_a: 105
 * /asc/encoder_read_multi_threaded/line_number_for_left_side_encoder_channel_b: 106
 * /asc/encoder_read_multi_threaded/line_number_for_right_side_encoder_channel_a: 84
 * /asc/encoder_read_multi_threaded/line_number_for_right_side_encoder_channel_b: 130
 * /asc/encoder_read_multi_threaded/should_monitor_left_side_encoder_channel_a: True
 * /asc/encoder_read_multi_threaded/should_monitor_left_side_encoder_channel_b: False
 * /asc/encoder_read_multi_threaded/should_monitor_right_side_encoder_channel_a: True
 * /asc/encoder_read_multi_threaded/should_monitor_right_side_encoder_channel_b: False
 * /asc/i2c_for_motors/motor_driver_current_limit_in_milliamps: 5000
 * /asc/i2c_for_motors/motor_driver_left_side_multiplier: 1
 * /asc/i2c_for_motors/motor_driver_max_accel_limit_in_percent_per_millisecond: 0.04
 * /asc/i2c_for_motors/motor_driver_max_decel_limit_in_percent_per_millisecond: 0.16
 * /asc/i2c_for_motors/motor_driver_max_duty_cycle_limit_in_percent: 100.0
 * /asc/i2c_for_motors/motor_driver_right_side_multiplier: 1
 * /asc/i2c_for_motors/motor_driver_verbosity: 1
 * /rosdistro: noetic
 * /rosversion: 1.17.0

NODES
  /
    aruco_positioning (asclinic_pkg/aruco_positioning.py)
    kf_fusion_node (asclinic_pkg/KF.py)
    odomdelta (asclinic_pkg/odomdelta)
    trajectory_generator (asclinic_pkg/trajectory_generator)
    trajectory_tracker (asclinic_pkg/trajectory_tracker)
    velocity_PI_control (asclinic_pkg/velocity_PI_control)
  /asc/
    aruco_detector (asclinic_pkg/aruco_detector.py)
    encoder_read_multi_threaded (asclinic_pkg/encoder_read_multi_threaded)
    i2c_for_motors (asclinic_pkg/i2c_for_motors)

[1mROS_MASTER_URI=http://localhost:11311[0m
]2;/home/asc/ASClinic/catkin_ws/src/asclinic_pkg/launch/trajectory.launch http://localhost:11311
[1mprocess[asc/i2c_for_motors-1]: started with pid [30562][0m
[1mprocess[asc/encoder_read_multi_threaded-2]: started with pid [30563][0m
[1mprocess[odomdelta-3]: started with pid [30564][0m
[1mprocess[asc/aruco_detector-4]: started with pid [30565][0m
[1mprocess[aruco_positioning-5]: started with pid [30575][0m
[1mprocess[trajectory_tracker-6]: started with pid [30582][0m
[1mprocess[trajectory_generator-7]: started with pid [30587][0m
[1mprocess[velocity_PI_control-8]: started with pid [30593][0m
[1mprocess[kf_fusion_node-9]: started with pid [30610][0m
[kf_fusion_node-9] killing on exit
[velocity_PI_control-8] killing on exit
[trajectory_generator-7] killing on exit
[trajectory_tracker-6] killing on exit
[aruco_positioning-5] killing on exit
[asc/aruco_detector-4] killing on exit
[odomdelta-3] killing on exit
[asc/i2c_for_motors-1] killing on exit
[asc/encoder_read_multi_threaded-2] killing on exit
shutting down processing monitor...
... shutting down processing monitor complete
[1mdone[0m
