[0m[ INFO] [1748148341.906582312]: K_x: [0.000000, 0.000000, 0.000000; 0.000000, 0.000000, 0.000000][0m
[0m[ INFO] [1748148341.922864931]: K_x: [0.752481, 0.000000, 0.000000; 0.000000, 1.124046, 0.961472][0m
[0m[ INFO] [1748148341.922917411]: K_p: [0.158114, 0.000000; 0.000000, 0.158114][0m
[0m[ INFO] [1748148343.999584665]: [1748148343.999] Robot state - x: 0.000000, y: 0.000000, phi: 0.000000[0m
[0m[ INFO] [1748148344.004742408]: [1748148344.005] Reference trajectory - x: 0.000000, y: 0.000000, phi: 0.000000, v: 0.000000, w: 0.000000[0m
[0m[ INFO] [1748148344.097321840]: [1748148344.097] Robot state - x: 0.000000, y: 0.000000, phi: 0.000000[0m
[0m[ INFO] [1748148344.097445394]: [1748148344.097] Reference trajectory - x: 0.000000, y: 0.000000, phi: 0.000000, v: 0.000000, w: 0.000000[0m
[0m[ INFO] [1748148344.197225032]: [1748148344.197] Robot state - x: 0.000000, y: 0.000000, phi: 0.000000[0m
[0m[ INFO] [1748148344.197394954]: [1748148344.197] Reference trajectory - x: 0.000000, y: 0.000000, phi: 0.000000, v: 0.000000, w: 0.000000[0m
[0m[ INFO] [1748148344.297422660]: [1748148344.297] Robot state - x: 0.000000, y: 0.000000, phi: 0.000000[0m
[0m[ INFO] [1748148344.297568038]: [1748148344.298] Reference trajectory - x: 0.000000, y: 0.000000, phi: 0.000000, v: 0.000000, w: 0.000000[0m
[0m[ INFO] [1748148344.397771427]: [1748148344.398] Robot state - x: 0.000000, y: 0.000000, phi: 0.000000[0m
[0m[ INFO] [1748148344.397911717]: [1748148344.398] Reference trajectory - x: 0.000000, y: 0.000000, phi: 0.000000, v: 0.000000, w: 0.000000[0m
[0m[ INFO] [1748148344.498257539]: [1748148344.498] Robot state - x: 0.000000, y: 0.000000, phi: 0.000000[0m
[0m[ INFO] [1748148344.498463239]: [1748148344.498] Reference trajectory - x: 0.000000, y: 0.000000, phi: 0.000000, v: 0.000000, w: 0.000000[0m
[0m[ INFO] [1748148344.597971576]: [1748148344.598] Robot state - x: 0.000000, y: 0.000000, phi: 0.000000[0m
[0m[ INFO] [1748148344.598095386]: [1748148344.598] Reference trajectory - x: 0.000000, y: 0.000000, phi: 0.000000, v: 0.000000, w: 0.000000[0m
[0m[ INFO] [1748148344.698191125]: [1748148344.698] Robot state - x: 0.000000, y: 0.000000, phi: 0.000000[0m
[0m[ INFO] [1748148344.698290742]: [1748148344.698] Reference trajectory - x: 0.000000, y: 0.000000, phi: 0.000000, v: 0.000000, w: 0.000000[0m
[0m[ INFO] [1748148344.797537828]: [1748148344.797] Robot state - x: 0.000000, y: 0.000000, phi: 0.000000[0m
[0m[ INFO] [1748148344.797713799]: [1748148344.798] Reference trajectory - x: 0.000000, y: 0.000000, phi: 0.000000, v: 0.000000, w: 0.000000[0m
[0m[ INFO] [1748148344.898193383]: [1748148344.898] Robot state - x: 0.000000, y: 0.000000, phi: 0.000000[0m
[0m[ INFO] [1748148344.898344714]: [1748148344.898] Reference trajectory - x: 0.000000, y: 0.000000, phi: 0.000000, v: 0.000000, w: 0.000000[0m
[0m[ INFO] [1748148344.997866236]: [1748148344.998] Robot state - x: 0.000000, y: 0.000000, phi: 0.000000[0m
[0m[ INFO] [1748148344.998533030]: [1748148344.998] Reference trajectory - x: 0.000000, y: 0.000000, phi: 0.000000, v: 0.000000, w: 0.000000[0m
[0m[ INFO] [1748148345.097400267]: [1748148345.097] Robot state - x: 0.000000, y: 0.000000, phi: 0.000000[0m
[0m[ INFO] [1748148345.097497740]: [1748148345.097] Reference trajectory - x: 0.000000, y: 0.000000, phi: 0.000000, v: 0.000000, w: 0.000000[0m
[0m[ INFO] [1748148345.197790823]: [1748148345.198] Robot state - x: 0.000000, y: 0.000000, phi: 0.000000[0m
[0m[ INFO] [1748148345.198507314]: [1748148345.198] Reference trajectory - x: 0.000000, y: 0.000000, phi: 0.000000, v: 0.000000, w: 0.000000[0m
[0m[ INFO] [1748148345.265067593]: Received reference trajectory - x: 0.000000, y: 0.000000, phi: 0.000000, v: 0.000090, w: 0.000000, line_no: 0[0m
[0m[ INFO] [1748148345.265234988]: Received reference trajectory - x: 0.000013, y: 0.000000, phi: 0.000000, v: 0.059818, w: 0.000000, line_no: 0[0m
[0m[ INFO] [1748148345.297805149]: [1748148345.298] Robot state - x: 0.000000, y: 0.000000, phi: 0.000000[0m
[0m[ INFO] [1748148345.297925791]: [1748148345.298] Reference trajectory - x: 0.000000, y: 0.000000, phi: 0.000000, v: 0.000060, w: 0.000000[0m
[0m[ INFO] [1748148345.298223683]: [1748148345.298] v: 0.000060, w: 0.000000[0m
[0m[ INFO] [1748148345.364377941]: Received reference trajectory - x: 0.670844, y: 0.000000, phi: 0.000000, v: 13.315174, w: 0.000000, line_no: 0[0m
[0m[ INFO] [1748148345.397659601]: [1748148345.398] Robot state - x: 0.000000, y: 0.000000, phi: 0.000000[0m
[0m[ INFO] [1748148345.397777715]: [1748148345.398] Reference trajectory - x: 0.000671, y: 0.000000, phi: 0.000000, v: 0.013315, w: 0.000000[0m
[0m[ INFO] [1748148345.397864596]: [1748148345.398] v: 0.013831, w: 0.000000[0m
[0m[ INFO] [1748148345.464522573]: Received reference trajectory - x: 2.657099, y: 0.000000, phi: 0.000000, v: 26.380743, w: 0.000000, line_no: 0[0m
[0m[ INFO] [1748148345.497788905]: [1748148345.498] Robot state - x: 0.000000, y: 0.000000, phi: 0.000000[0m
[0m[ INFO] [1748148345.497905739]: [1748148345.498] Reference trajectory - x: 0.002657, y: 0.000000, phi: 0.000000, v: 0.026381, w: 0.000000[0m
[0m[ INFO] [1748148345.497952491]: [1748148345.498] v: 0.028433, w: 0.000000[0m
[0m[ INFO] [1748148345.564624197]: Received reference trajectory - x: 5.942470, y: 0.000000, phi: 0.000000, v: 39.273300, w: 0.000000, line_no: 0[0m
[0m[ INFO] [1748148345.597892353]: [1748148345.598] Robot state - x: 0.000000, y: 0.000000, phi: 0.000000[0m
[0m[ INFO] [1748148345.598034019]: [1748148345.598] Reference trajectory - x: 0.005942, y: 0.000000, phi: 0.000000, v: 0.039273, w: 0.000000[0m
[0m[ INFO] [1748148345.598080835]: [1748148345.598] v: 0.043891, w: 0.000000[0m
[0m[ INFO] [1748148345.664324246]: Received reference trajectory - x: 10.505039, y: 0.000000, phi: 0.000000, v: 51.979153, w: 0.000000, line_no: 0[0m
[0m[ INFO] [1748148345.697582002]: [1748148345.697] Robot state - x: 0.000000, y: 0.000000, phi: 0.000000[0m
[0m[ INFO] [1748148345.697707412]: [1748148345.698] Reference trajectory - x: 0.010505, y: 0.000000, phi: 0.000000, v: 0.051979, w: 0.000000[0m
[0m[ INFO] [1748148345.697755381]: [1748148345.698] v: 0.060197, w: 0.000000[0m
[0m[ INFO] [1748148345.764627985]: Received reference trajectory - x: 16.332027, y: 0.000000, phi: 0.000000, v: 64.513405, w: 0.000000, line_no: 0[0m
[0m[ INFO] [1748148345.797702314]: [1748148345.798] Robot state - x: 0.000000, y: 0.000000, phi: 0.000000[0m
[0m[ INFO] [1748148345.797907469]: [1748148345.798] Reference trajectory - x: 0.016332, y: 0.000000, phi: 0.000000, v: 0.064513, w: 0.000000[0m
[0m[ INFO] [1748148345.798044527]: [1748148345.798] v: 0.077374, w: 0.000000[0m
[0m[ INFO] [1748148345.864572614]: Received reference trajectory - x: 23.403496, y: 0.000000, phi: 0.000000, v: 76.869438, w: 0.000000, line_no: 0[0m
[0m[ INFO] [1748148345.897858466]: [1748148345.898] Robot state - x: 0.000202, y: 0.000000, phi: 0.001879[0m
[0m[ INFO] [1748148345.897960260]: [1748148345.898] Reference trajectory - x: 0.023403, y: 0.000000, phi: 0.000000, v: 0.076869, w: 0.000000[0m
[0m[ INFO] [1748148345.898008549]: [1748148345.898] v: 0.095266, w: -0.001807[0m
[0m[ INFO] [1748148345.964432378]: Received reference trajectory - x: 31.698502, y: 0.000000, phi: 0.000000, v: 89.043144, w: 0.000000, line_no: 0[0m
[0m[ INFO] [1748148346.006145815]: [1748148346.006] Robot state - x: 0.002424, y: 0.000006, phi: 0.007515[0m
[0m[ INFO] [1748148346.006489148]: [1748148346.006] Reference trajectory - x: 0.031699, y: 0.000000, phi: 0.000000, v: 0.089043, w: 0.000000[0m
[0m[ INFO] [1748148346.006671839]: [1748148346.007] v: 0.112473, w: -0.007233[0m
[0m[ INFO] [1748148346.064565904]: Received reference trajectory - x: 41.207172, y: 0.000000, phi: 0.000000, v: 101.045624, w: 0.000000, line_no: 0[0m
[0m[ INFO] [1748148346.097328227]: [1748148346.097] Robot state - x: 0.004645, y: 0.000009, phi: 0.005636[0m
[0m[ INFO] [1748148346.097454405]: [1748148346.097] Reference trajectory - x: 0.041207, y: 0.000000, phi: 0.000000, v: 0.101046, w: 0.000000[0m
[0m[ INFO] [1748148346.097503814]: [1748148346.097] v: 0.130537, w: -0.005429[0m
[0m[ INFO] [1748148346.164410049]: Received reference trajectory - x: 51.900459, y: 0.000000, phi: 0.000000, v: 112.862869, w: 0.000000, line_no: 0[0m
[0m[ INFO] [1748148346.240779052]: [1748148346.241] Robot state - x: 0.006463, y: 0.000020, phi: 0.003757[0m
[0m[ INFO] [1748148346.241081905]: [1748148346.241] Reference trajectory - x: 0.051900, y: 0.000000, phi: 0.000000, v: 0.112863, w: 0.000000[0m
[0m[ INFO] [1748148346.241142161]: [1748148346.241] v: 0.149751, w: -0.003636[0m
[0m[ INFO] [1748148346.264638487]: Received reference trajectory - x: 63.770771, y: 0.000000, phi: 0.000000, v: 124.506706, w: 0.000000, line_no: 0[0m
[0m[ INFO] [1748148346.298230679]: [1748148346.298] Robot state - x: 0.008886, y: 0.000034, phi: 0.003757[0m
[0m[ INFO] [1748148346.298365241]: [1748148346.298] Reference trajectory - x: 0.063771, y: 0.000000, phi: 0.000000, v: 0.124507, w: 0.000000[0m
[0m[ INFO] [1748148346.298411514]: [1748148346.298] v: 0.169371, w: -0.003652[0m
[0m[ INFO] [1748148346.364525672]: Received reference trajectory - x: 76.795731, y: 0.000000, phi: 0.000000, v: 135.972015, w: 0.000000, line_no: 0[0m
[0m[ INFO] [1748148346.397942309]: [1748148346.398] Robot state - x: 0.012723, y: 0.000045, phi: 0.001879[0m
[0m[ INFO] [1748148346.398042279]: [1748148346.398] Reference trajectory - x: 0.076796, y: 0.000000, phi: 0.000000, v: 0.135972, w: 0.000000[0m
[0m[ INFO] [1748148346.398091176]: [1748148346.398] v: 0.188763, w: -0.001859[0m
[0m[ INFO] [1748148346.464701758]: Received reference trajectory - x: 90.959869, y: 0.000000, phi: 0.000000, v: 147.260757, w: 0.000000, line_no: 0[0m
[0m[ INFO] [1748148346.497702741]: [1748148346.498] Robot state - x: 0.018782, y: 0.000068, phi: 0.001879[0m
[0m[ INFO] [1748148346.497853463]: [1748148346.498] Reference trajectory - x: 0.090960, y: 0.000000, phi: 0.000000, v: 0.147261, w: 0.000000[0m
[0m[ INFO] [1748148346.497939480]: [1748148346.498] v: 0.207292, w: -0.001885[0m
[0m[ INFO] [1748148346.564531694]: Received reference trajectory - x: 106.242302, y: 0.000000, phi: 0.000000, v: 158.370468, w: 0.000000, line_no: 0[0m
[0m[ INFO] [1748148346.597464612]: [1748148346.597] Robot state - x: 0.025447, y: 0.000074, phi: -0.000000[0m
[0m[ INFO] [1748148346.597563109]: [1748148346.598] Reference trajectory - x: 0.106242, y: 0.000000, phi: 0.000000, v: 0.158370, w: 0.000000[0m
[0m[ INFO] [1748148346.597667591]: [1748148346.598] v: 0.226164, w: -0.000087[0m
[0m[ INFO] [1748148346.664467840]: Received reference trajectory - x: 122.627541, y: 0.000000, phi: 0.000000, v: 169.302902, w: 0.000000, line_no: 0[0m
[0m[ INFO] [1748148346.697595257]: [1748148346.697] Robot state - x: 0.034131, y: 0.000082, phi: -0.001879[0m
[0m[ INFO] [1748148346.697693466]: [1748148346.698] Reference trajectory - x: 0.122628, y: 0.000000, phi: 0.000000, v: 0.169303, w: 0.000000[0m
[0m[ INFO] [1748148346.697796348]: [1748148346.698] v: 0.244291, w: 0.001709[0m
[0m[ INFO] [1748148346.764587477]: Received reference trajectory - x: 140.096176, y: 0.000000, phi: 0.000000, v: 180.056976, w: 0.000000, line_no: 0[0m
[0m[ INFO] [1748148346.797341320]: [1748148346.797] Robot state - x: 0.044431, y: 0.000072, phi: -0.003757[0m
[0m[ INFO] [1748148346.797459370]: [1748148346.797] Reference trajectory - x: 0.140096, y: 0.000000, phi: 0.000000, v: 0.180057, w: 0.000000[0m
[0m[ INFO] [1748148346.797508650]: [1748148346.797] v: 0.261952, w: 0.003525[0m
[0m[ INFO] [1748148346.864501095]: Received reference trajectory - x: 158.635193, y: 0.000000, phi: 0.000000, v: 190.635452, w: 0.000000, line_no: 0[0m
[0m[ INFO] [1748148346.897941348]: [1748148346.898] Robot state - x: 0.056145, y: 0.000050, phi: -0.003757[0m
[0m[ INFO] [1748148346.898054790]: [1748148346.898] Reference trajectory - x: 0.158635, y: 0.000000, phi: 0.000000, v: 0.190635, w: 0.000000[0m
[0m[ INFO] [1748148346.898123975]: [1748148346.898] v: 0.279287, w: 0.003549[0m
[0m[ INFO] [1748148346.964424408]: Received reference trajectory - x: 178.218643, y: 0.000000, phi: 0.000000, v: 201.033691, w: 0.000000, line_no: 0[0m
[0m[ INFO] [1748148346.997772340]: [1748148346.998] Robot state - x: 0.069272, y: 0.000013, phi: -0.001879[0m
[0m[ INFO] [1748148346.997892150]: [1748148346.998] Reference trajectory - x: 0.178219, y: 0.000000, phi: 0.000000, v: 0.201034, w: 0.000000[0m
[0m[ INFO] [1748148346.997941271]: [1748148346.998] v: 0.296266, w: 0.001784[0m
[0m[ INFO] [1748148347.064428649]: Received reference trajectory - x: 198.833313, y: 0.000000, phi: 0.000000, v: 211.254364, w: 0.000000, line_no: 0[0m
[0m[ INFO] [1748148347.097987815]: [1748148347.098] Robot state - x: 0.084015, y: -0.000028, phi: 0.000000[0m
[0m[ INFO] [1748148347.098337805]: [1748148347.098] Reference trajectory - x: 0.198833, y: 0.000000, phi: 0.000000, v: 0.211254, w: 0.000000[0m
[0m[ INFO] [1748148347.098415630]: [1748148347.098] v: 0.312720, w: 0.000024[0m
[0m[ INFO] [1748148347.164697117]: Received reference trajectory - x: 220.499466, y: 0.000000, phi: 0.000000, v: 221.314514, w: 0.000000, line_no: 0[0m
[0m[ INFO] [1748148347.197444399]: [1748148347.197] Robot state - x: 0.099768, y: -0.000028, phi: 0.003757[0m
[0m[ INFO] [1748148347.197564721]: [1748148347.198] Reference trajectory - x: 0.220499, y: 0.000000, phi: 0.000000, v: 0.221315, w: 0.000000[0m
[0m[ INFO] [1748148347.197649266]: [1748148347.198] v: 0.329139, w: -0.003588[0m
[0m[ INFO] [1748148347.264522154]: Received reference trajectory - x: 243.090454, y: 0.000000, phi: 0.000000, v: 231.165039, w: 0.000000, line_no: 0[0m
[0m[ INFO] [1748148347.297280828]: [1748148347.297] Robot state - x: 0.116732, y: -0.000028, phi: 0.003757[0m
[0m[ INFO] [1748148347.297417214]: [1748148347.297] Reference trajectory - x: 0.243090, y: 0.000000, phi: 0.000000, v: 0.231165, w: 0.000000[0m
[0m[ INFO] [1748148347.297467007]: [1748148347.297] v: 0.345221, w: -0.003587[0m
[0m[ INFO] [1748148347.364584507]: Received reference trajectory - x: 266.695618, y: 0.000000, phi: 0.000000, v: 240.854050, w: 0.000000, line_no: 0[0m
[0m[ INFO] [1748148347.398209178]: [1748148347.398] Robot state - x: 0.135514, y: 0.000025, phi: 0.001879[0m
[0m[ INFO] [1748148347.398335964]: [1748148347.398] Reference trajectory - x: 0.266696, y: 0.000000, phi: 0.000000, v: 0.240854, w: 0.000000[0m
[0m[ INFO] [1748148347.398395005]: [1748148347.398] v: 0.360614, w: -0.001841[0m
[0m[ INFO] [1748148347.464478633]: Received reference trajectory - x: 291.257019, y: 0.000000, phi: 0.000000, v: 250.363800, w: 0.000000, line_no: 0[0m
[0m[ INFO] [1748148347.498028199]: [1748148347.498] Robot state - x: 0.155710, y: 0.000101, phi: 0.001879[0m
[0m[ INFO] [1748148347.498124520]: [1748148347.498] Reference trajectory - x: 0.291257, y: 0.000000, phi: 0.000000, v: 0.250364, w: 0.000000[0m
[0m[ INFO] [1748148347.498171561]: [1748148347.498] v: 0.375552, w: -0.001928[0m
[0m[ INFO] [1748148347.564456568]: Received reference trajectory - x: 316.761688, y: 0.000000, phi: 0.000000, v: 259.696198, w: 0.000000, line_no: 0[0m
[0m[ INFO] [1748148347.597888917]: [1748148347.598] Robot state - x: 0.177118, y: 0.000181, phi: 0.005636[0m
[0m[ INFO] [1748148347.598012054]: [1748148347.598] Reference trajectory - x: 0.316762, y: 0.000000, phi: 0.000000, v: 0.259696, w: 0.000000[0m
[0m[ INFO] [1748148347.598062071]: [1748148347.598] v: 0.390175, w: -0.005634[0m
[0m[ INFO] [1748148347.664514729]: Received reference trajectory - x: 343.192413, y: 0.000000, phi: 0.000000, v: 268.851410, w: 0.000000, line_no: 0[0m
[0m[ INFO] [1748148347.697618336]: [1748148347.697] Robot state - x: 0.199939, y: 0.000245, phi: 0.007515[0m
[0m[ INFO] [1748148347.697821507]: [1748148347.698] Reference trajectory - x: 0.343192, y: 0.000000, phi: 0.000000, v: 0.268851, w: 0.000000[0m
[0m[ INFO] [1748148347.697881476]: [1748148347.698] v: 0.404311, w: -0.007516[0m
[0m[ INFO] [1748148347.764562010]: Received reference trajectory - x: 370.529297, y: 0.000000, phi: 0.000000, v: 277.828613, w: 0.000000, line_no: 0[0m
[0m[ INFO] [1748148347.797661617]: [1748148347.798] Robot state - x: 0.223972, y: 0.000358, phi: 0.005636[0m
[0m[ INFO] [1748148347.797753362]: [1748148347.798] Reference trajectory - x: 0.370529, y: 0.000000, phi: 0.000000, v: 0.277829, w: 0.000000[0m
[0m[ INFO] [1748148347.797973429]: [1748148347.798] v: 0.418092, w: -0.005842[0m
[0m[ INFO] [1748148347.864424647]: Received reference trajectory - x: 398.746582, y: 0.000000, phi: 0.000000, v: 286.625488, w: 0.000000, line_no: 0[0m
[0m[ INFO] [1748148347.898019366]: [1748148347.898] Robot state - x: 0.249015, y: 0.000500, phi: 0.001879[0m
[0m[ INFO] [1748148347.898114599]: [1748148347.898] Reference trajectory - x: 0.398747, y: 0.000000, phi: 0.000000, v: 0.286625, w: 0.000000[0m
[0m[ INFO] [1748148347.898188776]: [1748148347.898] v: 0.431645, w: -0.002396[0m
[0m[ INFO] [1748148347.964794941]: Received reference trajectory - x: 427.874329, y: 0.000000, phi: 0.000000, v: 295.256165, w: 0.000000, line_no: 0[0m
[0m[ INFO] [1748148347.998036662]: [1748148347.998] Robot state - x: 0.275673, y: 0.000600, phi: -0.001879[0m
[0m[ INFO] [1748148347.998191992]: [1748148347.998] Reference trajectory - x: 0.427874, y: 0.000000, phi: 0.000000, v: 0.295256, w: 0.000000[0m
[0m[ INFO] [1748148347.998239833]: [1748148347.998] v: 0.444540, w: 0.001094[0m
[0m[ INFO] [1748148348.064611240]: Received reference trajectory - x: 457.794037, y: 0.000000, phi: 0.000000, v: 303.691315, w: 0.000000, line_no: 0[0m
[0m[ INFO] [1748148348.097830656]: [1748148348.098] Robot state - x: 0.303543, y: 0.000704, phi: 0.001879[0m
[0m[ INFO] [1748148348.097929857]: [1748148348.098] Reference trajectory - x: 0.457794, y: 0.000000, phi: 0.000000, v: 0.303691, w: 0.000000[0m
[0m[ INFO] [1748148348.097979810]: [1748148348.098] v: 0.456957, w: -0.002647[0m
[0m[ INFO] [1748148348.164549971]: Received reference trajectory - x: 488.575104, y: 0.000000, phi: 0.000000, v: 311.956238, w: 0.000000, line_no: 0[0m
[0m[ INFO] [1748148348.197853133]: [1748148348.198] Robot state - x: 0.332222, y: 0.000704, phi: 0.005636[0m
[0m[ INFO] [1748148348.197953422]: [1748148348.198] Reference trajectory - x: 0.488575, y: 0.000000, phi: 0.000000, v: 0.311956, w: 0.000000[0m
[0m[ INFO] [1748148348.198006575]: [1748148348.198] v: 0.469276, w: -0.006271[0m
[0m[ INFO] [1748148348.264845381]: Received reference trajectory - x: 520.176392, y: 0.000000, phi: 0.000000, v: 320.044098, w: 0.000000, line_no: 0[0m
[0m[ INFO] [1748148348.297993659]: [1748148348.298] Robot state - x: 0.362112, y: 0.000761, phi: 0.005636[0m
[0m[ INFO] [1748148348.298091677]: [1748148348.298] Reference trajectory - x: 0.520176, y: 0.000000, phi: 0.000000, v: 0.320044, w: 0.000000[0m
[0m[ INFO] [1748148348.298140670]: [1748148348.298] v: 0.481151, w: -0.006346[0m
[0m[ INFO] [1748148348.364932819]: Received reference trajectory - x: 552.574829, y: 0.000000, phi: 0.000000, v: 327.953522, w: 0.000000, line_no: 0[0m
[0m[ INFO] [1748148348.397589762]: [1748148348.397] Robot state - x: 0.393415, y: 0.000966, phi: 0.007515[0m
[0m[ INFO] [1748148348.397736484]: [1748148348.398] Reference trajectory - x: 0.552575, y: 0.000000, phi: 0.000000, v: 0.327954, w: 0.000000[0m
[0m[ INFO] [1748148348.397789445]: [1748148348.398] v: 0.492401, w: -0.008399[0m
[0m[ INFO] [1748148348.464739100]: Received reference trajectory - x: 585.760681, y: 0.000000, phi: 0.000000, v: 335.686432, w: 0.000000, line_no: 0[0m
[0m[ INFO] [1748148348.497528558]: [1748148348.497] Robot state - x: 0.425526, y: 0.001117, phi: 0.005636[0m
[0m[ INFO] [1748148348.497654287]: [1748148348.498] Reference trajectory - x: 0.585761, y: 0.000000, phi: 0.000000, v: 0.335686, w: 0.000000[0m
[0m[ INFO] [1748148348.497749681]: [1748148348.498] v: 0.503476, w: -0.006780[0m
[0m[ INFO] [1748148348.564948204]: Received reference trajectory - x: 619.704834, y: 0.000000, phi: 0.000000, v: 343.240204, w: 0.000000, line_no: 0[0m
[0m[ INFO] [1748148348.597646684]: [1748148348.598] Robot state - x: 0.459253, y: 0.001276, phi: 0.000000[0m
[0m[ INFO] [1748148348.597739197]: [1748148348.598] Reference trajectory - x: 0.619705, y: 0.000000, phi: 0.000000, v: 0.343240, w: 0.000000[0m
[0m[ INFO] [1748148348.597786974]: [1748148348.598] v: 0.513730, w: -0.001559[0m
[0m[ INFO] [1748148348.664751510]: Received reference trajectory - x: 654.402039, y: 0.000000, phi: 0.000000, v: 350.617615, w: 0.000000, line_no: 0[0m
[0m[ INFO] [1748148348.697569415]: [1748148348.697] Robot state - x: 0.494393, y: 0.001474, phi: 0.000000[0m
[0m[ INFO] [1748148348.697716874]: [1748148348.698] Reference trajectory - x: 0.654402, y: 0.000000, phi: 0.000000, v: 0.350618, w: 0.000000[0m
[0m[ INFO] [1748148348.697800139]: [1748148348.698] v: 0.523304, w: -0.001805[0m
[0m[ INFO] [1748148348.764983590]: Received reference trajectory - x: 689.823975, y: 0.000000, phi: 0.000000, v: 357.816406, w: 0.000000, line_no: 0[0m
[0m[ INFO] [1748148348.797559220]: [1748148348.797] Robot state - x: 0.530948, y: 0.001439, phi: -0.001879[0m
[0m[ INFO] [1748148348.797651061]: [1748148348.798] Reference trajectory - x: 0.689824, y: 0.000000, phi: 0.000000, v: 0.357816, w: 0.000000[0m
[0m[ INFO] [1748148348.797697750]: [1748148348.798] v: 0.532163, w: 0.000017[0m
[0m[ INFO] [1748148348.864548364]: Received reference trajectory - x: 725.964661, y: 0.000000, phi: 0.000000, v: 364.838898, w: 0.000000, line_no: 0[0m
[0m[ INFO] [1748148348.897781444]: [1748148348.898] Robot state - x: 0.568108, y: 0.001439, phi: -0.001879[0m
[0m[ INFO] [1748148348.897918982]: [1748148348.898] Reference trajectory - x: 0.725965, y: 0.000000, phi: 0.000000, v: 0.364839, w: 0.000000[0m
[0m[ INFO] [1748148348.897970343]: [1748148348.898] v: 0.540914, w: -0.000006[0m
[0m[ INFO] [1748148348.964418839]: Received reference trajectory - x: 762.783142, y: 0.000000, phi: 0.000000, v: 371.680695, w: 0.000000, line_no: 0[0m
[0m[ INFO] [1748148348.997944723]: [1748148348.998] Robot state - x: 0.606885, y: 0.001439, phi: 0.001879[0m
[0m[ INFO] [1748148348.998072149]: [1748148348.998] Reference trajectory - x: 0.762783, y: 0.000000, phi: 0.000000, v: 0.371681, w: 0.000000[0m
[0m[ INFO] [1748148348.998121526]: [1748148348.998] v: 0.548747, w: -0.003641[0m
[0m[ INFO] [1748148349.065153836]: Received reference trajectory - x: 800.297791, y: 0.000000, phi: 0.000000, v: 378.348450, w: 0.000000, line_no: 0[0m
[0m[ INFO] [1748148349.098094271]: [1748148349.098] Robot state - x: 0.646469, y: 0.001439, phi: 0.005636[0m
[0m[ INFO] [1748148349.098240097]: [1748148349.098] Reference trajectory - x: 0.800298, y: 0.000000, phi: 0.000000, v: 0.378348, w: 0.000000[0m
[0m[ INFO] [1748148349.098322018]: [1748148349.098] v: 0.556290, w: -0.007277[0m
[0m[ INFO] [1748148349.164494956]: Received reference trajectory - x: 838.446838, y: 0.000000, phi: 0.000000, v: 384.834412, w: 0.000000, line_no: 0[0m
[0m[ INFO] [1748148349.197887173]: [1748148349.198] Robot state - x: 0.686861, y: 0.001439, phi: 0.001879[0m
[0m[ INFO] [1748148349.198048136]: [1748148349.198] Reference trajectory - x: 0.838447, y: 0.000000, phi: 0.000000, v: 0.384834, w: 0.000000[0m
[0m[ INFO] [1748148349.198120137]: [1748148349.198] v: 0.563485, w: -0.003687[0m
[0m[ INFO] [1748148349.264906556]: Received reference trajectory - x: 877.268494, y: 0.000000, phi: 0.000000, v: 391.147919, w: 0.000000, line_no: 0[0m
[0m[ INFO] [1748148349.297761421]: [1748148349.298] Robot state - x: 0.728060, y: 0.001672, phi: 0.001879[0m
[0m[ INFO] [1748148349.297862127]: [1748148349.298] Reference trajectory - x: 0.877268, y: 0.000000, phi: 0.000000, v: 0.391148, w: 0.000000[0m
[0m[ INFO] [1748148349.297911599]: [1748148349.298] v: 0.570369, w: -0.003974[0m
[0m[ INFO] [1748148349.366319003]: Received reference trajectory - x: 916.737915, y: 0.000000, phi: 0.000000, v: 397.287292, w: 0.000000, line_no: 0[0m
[0m[ INFO] [1748148349.403901716]: [1748148349.404] Robot state - x: 0.770067, y: 0.001750, phi: 0.001879[0m
[0m[ INFO] [1748148349.404116631]: [1748148349.404] Reference trajectory - x: 0.916738, y: 0.000000, phi: 0.000000, v: 0.397287, w: 0.000000[0m
[0m[ INFO] [1748148349.404264281]: [1748148349.404] v: 0.576917, w: -0.004090[0m
[0m[ INFO] [1748148349.464803405]: Received reference trajectory - x: 956.764526, y: 0.000000, phi: 0.000000, v: 403.241394, w: 0.000000, line_no: 0[0m
[0m[ INFO] [1748148349.497626718]: [1748148349.498] Robot state - x: 0.812882, y: 0.001911, phi: 0.005636[0m
[0m[ INFO] [1748148349.497777664]: [1748148349.498] Reference trajectory - x: 0.956765, y: 0.000000, phi: 0.000000, v: 0.403241, w: 0.000000[0m
[0m[ INFO] [1748148349.497853186]: [1748148349.498] v: 0.583048, w: -0.007914[0m
[0m[ INFO] [1748148349.565285726]: Received reference trajectory - x: 997.500488, y: 0.000000, phi: 0.000000, v: 409.034821, w: 0.000000, line_no: 0[0m
[0m[ INFO] [1748148349.598551158]: [1748148349.598] Robot state - x: 0.856102, y: 0.001993, phi: 0.005636[0m
[0m[ INFO] [1748148349.598690168]: [1748148349.599] Reference trajectory - x: 0.997500, y: 0.000000, phi: 0.000000, v: 0.409035, w: 0.000000[0m
[0m[ INFO] [1748148349.598766265]: [1748148349.599] v: 0.589209, w: -0.008037[0m
[0m[ INFO] [1748148349.664822305]: Received reference trajectory - x: 1038.499023, y: 0.000000, phi: 0.000000, v: 414.608276, w: 0.000000, line_no: 0[0m
[0m[ INFO] [1748148349.697515439]: [1748148349.697] Robot state - x: 0.899925, y: 0.002363, phi: 0.011272[0m
[0m[ INFO] [1748148349.697610641]: [1748148349.698] Reference trajectory - x: 1.038499, y: 0.000000, phi: 0.000000, v: 0.414608, w: 0.000000[0m
[0m[ INFO] [1748148349.697659954]: [1748148349.698] v: 0.594847, w: -0.013910[0m
[0m[ INFO] [1748148349.764781642]: Received reference trajectory - x: 1080.241333, y: 0.000000, phi: 0.000000, v: 420.030640, w: 0.000000, line_no: 0[0m
[0m[ INFO] [1748148349.802510373]: [1748148349.802] Robot state - x: 0.945163, y: 0.002618, phi: 0.011272[0m
[0m[ INFO] [1748148349.802723560]: [1748148349.803] Reference trajectory - x: 1.080241, y: 0.000000, phi: 0.000000, v: 0.420031, w: 0.000000[0m
[0m[ INFO] [1748148349.802813545]: [1748148349.803] v: 0.599775, w: -0.014238[0m
[0m[ INFO] [1748148349.864627409]: Received reference trajectory - x: 1122.508789, y: 0.000000, phi: 0.000000, v: 425.274139, w: 0.000000, line_no: 0[0m
[0m[ INFO] [1748148349.898136108]: [1748148349.898] Robot state - x: 0.991409, y: 0.003183, phi: 0.013151[0m
[0m[ INFO] [1748148349.898270798]: [1748148349.898] Reference trajectory - x: 1.122509, y: 0.000000, phi: 0.000000, v: 0.425274, w: 0.000000[0m
[0m[ INFO] [1748148349.898325231]: [1748148349.898] v: 0.604098, w: -0.016729[0m
[0m[ INFO] [1748148349.968100879]: Received reference trajectory - x: 1165.437256, y: 0.000000, phi: 0.000000, v: 430.356720, w: 0.000000, line_no: 0[0m
[0m[ INFO] [1748148349.997654062]: [1748148349.998] Robot state - x: 1.038059, y: 0.003665, phi: 0.011272[0m
[0m[ INFO] [1748148349.997743824]: [1748148349.998] Reference trajectory - x: 1.165437, y: 0.000000, phi: 0.000000, v: 0.430357, w: 0.000000[0m
[0m[ INFO] [1748148349.997790576]: [1748148349.998] v: 0.608394, w: -0.015523[0m
[0m[ INFO] [1748148350.064769796]: Received reference trajectory - x: 1208.579346, y: 0.000000, phi: 0.000000, v: 435.228607, w: 0.000000, line_no: 0[0m
[0m[ INFO] [1748148350.097805879]: [1748148350.098] Robot state - x: 1.085717, y: 0.004292, phi: 0.011272[0m
[0m[ INFO] [1748148350.097943353]: [1748148350.098] Reference trajectory - x: 1.208579, y: 0.000000, phi: 0.000000, v: 0.435229, w: 0.000000[0m
[0m[ INFO] [1748148350.097997786]: [1748148350.098] v: 0.611810, w: -0.016295[0m
[0m[ INFO] [1748148350.166752937]: Received reference trajectory - x: 1252.434937, y: 0.000000, phi: 0.000000, v: 439.948700, w: 0.000000, line_no: 0[0m
[0m[ INFO] [1748148350.203033005]: [1748148350.203] Robot state - x: 1.133376, y: 0.004918, phi: 0.015030[0m
[0m[ INFO] [1748148350.203125230]: [1748148350.203] Reference trajectory - x: 1.252435, y: 0.000000, phi: 0.000000, v: 0.439949, w: 0.000000[0m
[0m[ INFO] [1748148350.203173167]: [1748148350.203] v: 0.615551, w: -0.020690[0m
[0m[ INFO] [1748148350.264855602]: Received reference trajectory - x: 1296.592285, y: 0.000000, phi: 0.000000, v: 444.474030, w: 0.000000, line_no: 0[0m
[0m[ INFO] [1748148350.297520352]: [1748148350.297] Robot state - x: 1.182045, y: 0.005421, phi: 0.013151[0m
[0m[ INFO] [1748148350.297801092]: [1748148350.298] Reference trajectory - x: 1.296592, y: 0.000000, phi: 0.000000, v: 0.444474, w: 0.000000[0m
[0m[ INFO] [1748148350.297928038]: [1748148350.298] v: 0.618492, w: -0.019535[0m
[0m[ INFO] [1748148350.364471699]: Received reference trajectory - x: 1341.203125, y: 0.000000, phi: 0.000000, v: 448.823120, w: 0.000000, line_no: 0[0m
[0m[ INFO] [1748148350.397519398]: [1748148350.397] Robot state - x: 1.231722, y: 0.006168, phi: 0.013151[0m
[0m[ INFO] [1748148350.397638888]: [1748148350.398] Reference trajectory - x: 1.341203, y: 0.000000, phi: 0.000000, v: 0.448823, w: 0.000000[0m
[0m[ INFO] [1748148350.397687497]: [1748148350.398] v: 0.620761, w: -0.020471[0m
[0m[ INFO] [1748148350.464517754]: Received reference trajectory - x: 1386.296753, y: 0.000000, phi: 0.000000, v: 453.000000, w: 0.000000, line_no: 0[0m
[0m[ INFO] [1748148350.497656655]: [1748148350.497] Robot state - x: 1.281602, y: 0.006777, phi: 0.011272[0m
[0m[ INFO] [1748148350.497782033]: [1748148350.498] Reference trajectory - x: 1.386297, y: 0.000000, phi: 0.000000, v: 0.453000, w: 0.000000[0m
[0m[ INFO] [1748148350.497884466]: [1748148350.498] v: 0.622991, w: -0.019457[0m
[0m[ INFO] [1748148350.566289468]: Received reference trajectory - x: 1431.814453, y: 0.000000, phi: 0.000000, v: 457.000458, w: 0.000000, line_no: 0[0m
[0m[ INFO] [1748148350.600118171]: [1748148350.600] Robot state - x: 1.332087, y: 0.007441, phi: 0.011272[0m
[0m[ INFO] [1748148350.600286269]: [1748148350.600] Reference trajectory - x: 1.431814, y: 0.000000, phi: 0.000000, v: 0.457000, w: 0.000000[0m
[0m[ INFO] [1748148350.600395263]: [1748148350.600] v: 0.624830, w: -0.020321[0m
[0m[ INFO] [1748148350.665845051]: Received reference trajectory - x: 1477.701904, y: 0.000000, phi: 0.000000, v: 460.821228, w: 0.000000, line_no: 0[0m
[0m[ INFO] [1748148350.697536506]: [1748148350.697] Robot state - x: 1.383179, y: 0.008065, phi: 0.013151[0m
[0m[ INFO] [1748148350.697635548]: [1748148350.698] Reference trajectory - x: 1.477702, y: 0.000000, phi: 0.000000, v: 0.460821, w: 0.000000[0m
[0m[ INFO] [1748148350.697686268]: [1748148350.698] v: 0.626229, w: -0.022956[0m
[0m[ INFO] [1748148350.766777296]: Received reference trajectory - x: 1524.033813, y: 0.000000, phi: 0.000000, v: 464.469727, w: 0.000000, line_no: 0[0m
[0m[ INFO] [1748148350.800265386]: [1748148350.800] Robot state - x: 1.435079, y: 0.008699, phi: 0.015030[0m
[0m[ INFO] [1748148350.800452877]: [1748148350.800] Reference trajectory - x: 1.524034, y: 0.000000, phi: 0.000000, v: 0.464470, w: 0.000000[0m
[0m[ INFO] [1748148350.800529614]: [1748148350.800] v: 0.627095, w: -0.025612[0m
[0m[ INFO] [1748148350.864775256]: Received reference trajectory - x: 1570.634888, y: 0.000000, phi: 0.000000, v: 467.933624, w: 0.000000, line_no: 0[0m
[0m[ INFO] [1748148350.897716522]: [1748148350.898] Robot state - x: 1.487180, y: 0.009384, phi: 0.015030[0m
[0m[ INFO] [1748148350.897872236]: [1748148350.898] Reference trajectory - x: 1.570635, y: 0.000000, phi: 0.000000, v: 0.467934, w: 0.000000[0m
[0m[ INFO] [1748148350.897960205]: [1748148350.898] v: 0.627739, w: -0.026531[0m
[0m[ INFO] [1748148350.967623018]: Received reference trajectory - x: 1617.558472, y: 0.000000, phi: 0.000000, v: 471.218903, w: 0.000000, line_no: 0[0m
[0m[ INFO] [1748148350.998492348]: [1748148350.998] Robot state - x: 1.540089, y: 0.010080, phi: 0.011272[0m
[0m[ INFO] [1748148350.998985635]: [1748148350.999] Reference trajectory - x: 1.617558, y: 0.000000, phi: 0.000000, v: 0.471219, w: 0.000000[0m
[0m[ INFO] [1748148350.999573452]: [1748148350.999] v: 0.627746, w: -0.023860[0m
[0m[ INFO] [1748148351.064720034]: Received reference trajectory - x: 1664.833740, y: 0.000000, phi: 0.000000, v: 474.328735, w: 0.000000, line_no: 0[0m
[0m[ INFO] [1748148351.097539793]: [1748148351.097] Robot state - x: 1.592995, y: 0.010974, phi: 0.015030[0m
[0m[ INFO] [1748148351.097728660]: [1748148351.098] Reference trajectory - x: 1.664834, y: 0.000000, phi: 0.000000, v: 0.474329, w: 0.000000[0m
[0m[ INFO] [1748148351.097989752]: [1748148351.098] v: 0.627755, w: -0.028652[0m
[0m[ INFO] [1748148351.164477314]: Received reference trajectory - x: 1712.392700, y: 0.000000, phi: 0.000000, v: 477.259735, w: 0.000000, line_no: 0[0m
[0m[ INFO] [1748148351.264640936]: Received reference trajectory - x: 1760.279297, y: 0.000000, phi: 0.000000, v: 480.015503, w: 0.000000, line_no: 0[0m
[0m[ INFO] [1748148351.280618873]: [1748148351.281] Robot state - x: 1.646713, y: 0.011580, phi: 0.015030[0m
[0m[ INFO] [1748148351.280817436]: [1748148351.281] Reference trajectory - x: 1.760279, y: 0.000000, phi: 0.000000, v: 0.480016, w: 0.000000[0m
[0m[ INFO] [1748148351.280869149]: [1748148351.281] v: 0.666636, w: -0.029515[0m
[0m[ INFO] [1748148351.297045873]: [1748148351.297] Robot state - x: 1.699821, y: 0.012428, phi: 0.016908[0m
[0m[ INFO] [1748148351.297190227]: [1748148351.297] Reference trajectory - x: 1.760279, y: 0.000000, phi: 0.000000, v: 0.480016, w: 0.000000[0m
[0m[ INFO] [1748148351.297236819]: [1748148351.297] v: 0.627629, w: -0.032472[0m
[0m[ INFO] [1748148351.367450902]: Received reference trajectory - x: 1808.488525, y: 0.000000, phi: 0.000000, v: 482.596252, w: 0.000000, line_no: 0[0m
[0m[ INFO] [1748148351.402844363]: [1748148351.403] Robot state - x: 1.753536, y: 0.013236, phi: 0.016908[0m
[0m[ INFO] [1748148351.403047726]: [1748148351.403] Reference trajectory - x: 1.808488, y: 0.000000, phi: 0.000000, v: 0.482596, w: 0.000000[0m
[0m[ INFO] [1748148351.403179632]: [1748148351.403] v: 0.626936, w: -0.033588[0m
[0m[ INFO] [1748148351.464803345]: Received reference trajectory - x: 1856.795898, y: 0.000000, phi: 0.000000, v: 484.991425, w: 0.000000, line_no: 0[0m
[0m[ INFO] [1748148351.497565823]: [1748148351.497] Robot state - x: 1.807855, y: 0.014205, phi: 0.018787[0m
[0m[ INFO] [1748148351.497707905]: [1748148351.498] Reference trajectory - x: 1.856796, y: 0.000000, phi: 0.000000, v: 0.484991, w: 0.000000[0m
[0m[ INFO] [1748148351.497758242]: [1748148351.498] v: 0.625581, w: -0.036709[0m
[0m[ INFO] [1748148351.564616818]: Received reference trajectory - x: 1905.380981, y: 0.000000, phi: 0.000000, v: 487.211426, w: 0.000000, line_no: 0[0m
[0m[ INFO] [1748148351.600314028]: [1748148351.599] Robot state - x: 1.862577, y: 0.015182, phi: 0.020666[0m
[0m[ INFO] [1748148351.600746323]: [1748148351.601] Reference trajectory - x: 1.905381, y: 0.000000, phi: 0.000000, v: 0.487211, w: 0.000000[0m
[0m[ INFO] [1748148351.600845940]: [1748148351.601] v: 0.623860, w: -0.039853[0m
[0m[ INFO] [1748148351.664773400]: Received reference trajectory - x: 1954.223999, y: 0.000000, phi: 0.000000, v: 489.255646, w: 0.000000, line_no: 0[0m
[0m[ INFO] [1748148351.697620615]: [1748148351.697] Robot state - x: 1.916896, y: 0.016151, phi: 0.018787[0m
[0m[ INFO] [1748148351.697821450]: [1748148351.698] Reference trajectory - x: 1.954224, y: 0.000000, phi: 0.000000, v: 0.489256, w: 0.000000[0m
[0m[ INFO] [1748148351.697887307]: [1748148351.698] v: 0.622374, w: -0.039392[0m
[0m[ INFO] [1748148351.766762809]: Received reference trajectory - x: 2003.481445, y: 0.000000, phi: 0.000000, v: 491.129883, w: 0.000000, line_no: 0[0m
[0m[ INFO] [1748148351.801032766]: [1748148351.801] Robot state - x: 1.972020, y: 0.017239, phi: 0.016908[0m
[0m[ INFO] [1748148351.801257825]: [1748148351.801] Reference trajectory - x: 2.003481, y: 0.000000, phi: 0.000000, v: 0.491130, w: 0.000000[0m
[0m[ INFO] [1748148351.801394083]: [1748148351.801] v: 0.620331, w: -0.039081[0m
[0m[ INFO] [1748148351.864519899]: Received reference trajectory - x: 2052.445801, y: 0.000000, phi: 0.000000, v: 492.809265, w: 0.000000, line_no: 0[0m
[0m[ INFO] [1748148351.897415819]: [1748148351.897] Robot state - x: 2.026943, y: 0.018271, phi: 0.016908[0m
[0m[ INFO] [1748148351.897565133]: [1748148351.898] Reference trajectory - x: 2.052446, y: 0.000000, phi: 0.000000, v: 0.492809, w: 0.000000[0m
[0m[ INFO] [1748148351.897671503]: [1748148351.898] v: 0.617930, w: -0.040530[0m
[0m[ INFO] [1748148351.966220728]: Received reference trajectory - x: 2101.912354, y: 0.000000, phi: 0.000000, v: 494.322479, w: 0.000000, line_no: 0[0m
[0m[ INFO] [1748148352.001542252]: [1748148352.001] Robot state - x: 2.082274, y: 0.019103, phi: 0.013151[0m
[0m[ INFO] [1748148352.001656782]: [1748148352.002] Reference trajectory - x: 2.101912, y: 0.000000, phi: 0.000000, v: 0.494322, w: 0.000000[0m
[0m[ INFO] [1748148352.001744335]: [1748148352.002] v: 0.615341, w: -0.038154[0m
[0m[ INFO] [1748148352.064464479]: Received reference trajectory - x: 2151.300049, y: 0.000000, phi: 0.000000, v: 495.651550, w: 0.000000, line_no: 0[0m
[0m[ INFO] [1748148352.097422991]: [1748148352.097] Robot state - x: 2.137603, y: 0.020038, phi: 0.013151[0m
[0m[ INFO] [1748148352.097532305]: [1748148352.097] Reference trajectory - x: 2.151300, y: 0.000000, phi: 0.000000, v: 0.495652, w: 0.000000[0m
[0m[ INFO] [1748148352.097645234]: [1748148352.098] v: 0.612416, w: -0.039523[0m
[0m[ INFO] [1748148352.165946390]: Received reference trajectory - x: 2200.919189, y: 0.000000, phi: 0.000000, v: 496.806000, w: 0.000000, line_no: 0[0m
[0m[ INFO] [1748148352.202185623]: [1748148352.202] Robot state - x: 2.192330, y: 0.020707, phi: 0.011272[0m
[0m[ INFO] [1748148352.202577853]: [1748148352.202] Reference trajectory - x: 2.200919, y: 0.000000, phi: 0.000000, v: 0.496806, w: 0.000000[0m
[0m[ INFO] [1748148352.202755904]: [1748148352.203] v: 0.609863, w: -0.038795[0m
[0m[ INFO] [1748148352.264455296]: Received reference trajectory - x: 2250.641602, y: 0.000000, phi: 0.000000, v: 497.782623, w: 0.000000, line_no: 0[0m
[0m[ INFO] [1748148352.297652851]: [1748148352.298] Robot state - x: 2.246450, y: 0.021418, phi: 0.011272[0m
[0m[ INFO] [1748148352.297813110]: [1748148352.298] Reference trajectory - x: 2.250642, y: 0.000000, phi: 0.000000, v: 0.497783, w: 0.000000[0m
[0m[ INFO] [1748148352.297926679]: [1748148352.298] v: 0.607596, w: -0.039934[0m
[0m[ INFO] [1748148352.366089561]: Received reference trajectory - x: 2300.673340, y: 0.000000, phi: 0.000000, v: 498.584656, w: 0.000000, line_no: 0[0m
[0m[ INFO] [1748148352.402320314]: [1748148352.402] Robot state - x: 2.301986, y: 0.021992, phi: 0.009393[0m
[0m[ INFO] [1748148352.402478940]: [1748148352.402] Reference trajectory - x: 2.300673, y: 0.000000, phi: 0.000000, v: 0.498585, w: 0.000000[0m
[0m[ INFO] [1748148352.402612062]: [1748148352.403] v: 0.604236, w: -0.039120[0m
[0m[ INFO] [1748148352.464888967]: Received reference trajectory - x: 2350.372070, y: 0.000000, phi: 0.000000, v: 499.203125, w: 0.000000, line_no: 0[0m
[0m[ INFO] [1748148352.497519346]: [1748148352.497] Robot state - x: 2.356714, y: 0.022558, phi: 0.007515[0m
[0m[ INFO] [1748148352.497644628]: [1748148352.498] Reference trajectory - x: 2.350372, y: 0.000000, phi: 0.000000, v: 0.499203, w: 0.000000[0m
[0m[ INFO] [1748148352.497691829]: [1748148352.498] v: 0.600969, w: -0.038306[0m
[0m[ INFO] [1748148352.567407821]: Received reference trajectory - x: 2400.318115, y: 0.000000, phi: 0.000000, v: 499.646545, w: 0.000000, line_no: 0[0m
[0m[ INFO] [1748148352.601827987]: [1748148352.602] Robot state - x: 2.411645, y: 0.022970, phi: 0.003757[0m
[0m[ INFO] [1748148352.601969045]: [1748148352.602] Reference trajectory - x: 2.400318, y: 0.000000, phi: 0.000000, v: 0.499647, w: 0.000000[0m
[0m[ INFO] [1748148352.602034134]: [1748148352.602] v: 0.597482, w: -0.035521[0m
[0m[ INFO] [1748148352.665074379]: Received reference trajectory - x: 2450.287842, y: 0.000000, phi: 0.000000, v: 499.912109, w: 0.000000, line_no: 0[0m
[0m[ INFO] [1748148352.697641397]: [1748148352.698] Robot state - x: 2.466779, y: 0.023333, phi: 0.001879[0m
[0m[ INFO] [1748148352.697757622]: [1748148352.698] Reference trajectory - x: 2.450288, y: 0.000000, phi: 0.000000, v: 0.499912, w: 0.000000[0m
[0m[ INFO] [1748148352.697824535]: [1748148352.698] v: 0.593601, w: -0.034491[0m
[0m[ INFO] [1748148352.764644485]: Received reference trajectory - x: 2500.274414, y: 0.000000, phi: 0.000000, v: 500.000000, w: 0.000000, line_no: 0[0m
[0m[ INFO] [1748148352.804019413]: [1748148352.804] Robot state - x: 2.522318, y: 0.023489, phi: -0.000000[0m
[0m[ INFO] [1748148352.804151607]: [1748148352.804] Reference trajectory - x: 2.500274, y: 0.000000, phi: 0.000000, v: 0.500000, w: 0.000000[0m
[0m[ INFO] [1748148352.804223352]: [1748148352.804] v: 0.589163, w: -0.033232[0m
[0m[ INFO] [1748148352.864835816]: Received reference trajectory - x: 2550.271240, y: 0.000000, phi: 0.000000, v: 499.910126, w: 0.000000, line_no: 0[0m
[0m[ INFO] [1748148352.897474483]: [1748148352.897] Robot state - x: 2.577049, y: 0.023541, phi: -0.001879[0m
[0m[ INFO] [1748148352.897595957]: [1748148352.898] Reference trajectory - x: 2.550271, y: 0.000000, phi: 0.000000, v: 0.499910, w: 0.000000[0m
[0m[ INFO] [1748148352.897664630]: [1748148352.898] v: 0.585087, w: -0.031855[0m
[0m[ INFO] [1748148352.966505345]: Received reference trajectory - x: 2600.253662, y: 0.000000, phi: 0.000000, v: 499.642456, w: 0.000000, line_no: 0[0m
[0m[ INFO] [1748148352.997611701]: [1748148352.997] Robot state - x: 2.631376, y: 0.023490, phi: -0.003757[0m
[0m[ INFO] [1748148352.997759064]: [1748148352.998] Reference trajectory - x: 2.600254, y: 0.000000, phi: 0.000000, v: 0.499642, w: 0.000000[0m
[0m[ INFO] [1748148352.997831289]: [1748148352.998] v: 0.581058, w: -0.030363[0m
[0m[ INFO] [1748148353.064966889]: Received reference trajectory - x: 2650.189697, y: 0.000000, phi: 0.000000, v: 499.197113, w: 0.000000, line_no: 0[0m
[0m[ INFO] [1748148353.097401264]: [1748148353.097] Robot state - x: 2.685905, y: 0.023387, phi: -0.003757[0m
[0m[ INFO] [1748148353.097564978]: [1748148353.098] Reference trajectory - x: 2.650190, y: 0.000000, phi: 0.000000, v: 0.499197, w: 0.000000[0m
[0m[ INFO] [1748148353.097622099]: [1748148353.098] v: 0.576592, w: -0.030618[0m
[0m[ INFO] [1748148353.165070312]: Received reference trajectory - x: 2700.083252, y: 0.000000, phi: 0.000000, v: 498.573883, w: 0.000000, line_no: 0[0m
[0m[ INFO] [1748148353.202700381]: [1748148353.202] Robot state - x: 2.740232, y: 0.023132, phi: -0.005636[0m
[0m[ INFO] [1748148353.203015810]: [1748148353.203] Reference trajectory - x: 2.700083, y: 0.000000, phi: 0.000000, v: 0.498574, w: 0.000000[0m
[0m[ INFO] [1748148353.203201092]: [1748148353.203] v: 0.571998, w: -0.028890[0m
[0m[ INFO] [1748148353.264824834]: Received reference trajectory - x: 2749.907715, y: 0.000000, phi: 0.000000, v: 497.772797, w: 0.000000, line_no: 0[0m
[0m[ INFO] [1748148353.297500204]: [1748148353.297] Robot state - x: 2.794558, y: 0.022877, phi: -0.007515[0m
[0m[ INFO] [1748148353.297593070]: [1748148353.298] Reference trajectory - x: 2.749908, y: 0.000000, phi: 0.000000, v: 0.497773, w: 0.000000[0m
[0m[ INFO] [1748148353.297640398]: [1748148353.298] v: 0.567103, w: -0.027159[0m
[0m[ INFO] [1748148353.366723612]: Received reference trajectory - x: 2799.653809, y: 0.000000, phi: 0.000000, v: 496.793701, w: 0.000000, line_no: 0[0m
[0m[ INFO] [1748148353.401601575]: [1748148353.401] Robot state - x: 2.848884, y: 0.022520, phi: -0.009393[0m
[0m[ INFO] [1748148353.401744105]: [1748148353.402] Reference trajectory - x: 2.799654, y: 0.000000, phi: 0.000000, v: 0.496794, w: 0.000000[0m
[0m[ INFO] [1748148353.401801610]: [1748148353.402] v: 0.561900, w: -0.025307[0m
[0m[ INFO] [1748148353.465067680]: Received reference trajectory - x: 2849.265625, y: 0.000000, phi: 0.000000, v: 495.637360, w: 0.000000, line_no: 0[0m
[0m[ INFO] [1748148353.497457670]: [1748148353.497] Robot state - x: 2.903008, y: 0.022113, phi: -0.009393[0m
[0m[ INFO] [1748148353.497655593]: [1748148353.498] Reference trajectory - x: 2.849266, y: 0.000000, phi: 0.000000, v: 0.495637, w: 0.000000[0m
[0m[ INFO] [1748148353.497741867]: [1748148353.498] v: 0.556498, w: -0.025200[0m
[0m[ INFO] [1748148353.567066780]: Received reference trajectory - x: 2898.861572, y: 0.000000, phi: 0.000000, v: 494.300201, w: 0.000000, line_no: 0[0m
[0m[ INFO] [1748148353.605329402]: [1748148353.605] Robot state - x: 2.957130, y: 0.021605, phi: -0.009393[0m
[0m[ INFO] [1748148353.605834210]: [1748148353.606] Reference trajectory - x: 2.898862, y: 0.000000, phi: 0.000000, v: 0.494300, w: 0.000000[0m
[0m[ INFO] [1748148353.605911939]: [1748148353.606] v: 0.550834, w: -0.024970[0m
[0m[ INFO] [1748148353.664635508]: Received reference trajectory - x: 2948.122559, y: 0.000000, phi: 0.000000, v: 492.790833, w: 0.000000, line_no: 0[0m
[0m[ INFO] [1748148353.697284319]: [1748148353.697] Robot state - x: 3.010646, y: 0.020951, phi: -0.015030[0m
[0m[ INFO] [1748148353.697375040]: [1748148353.697] Reference trajectory - x: 2.948123, y: 0.000000, phi: 0.000000, v: 0.492791, w: 0.000000[0m
[0m[ INFO] [1748148353.697452929]: [1748148353.697] v: 0.545134, w: -0.019148[0m
[0m[ INFO] [1748148353.764626290]: Received reference trajectory - x: 2997.306641, y: 0.000000, phi: 0.000000, v: 491.101349, w: 0.000000, line_no: 0[0m
[0m[ INFO] [1748148353.800751952]: [1748148353.801] Robot state - x: 3.063758, y: 0.020402, phi: -0.016908[0m
[0m[ INFO] [1748148353.800946195]: [1748148353.801] Reference trajectory - x: 2.997307, y: 0.000000, phi: 0.000000, v: 0.491101, w: 0.000000[0m
[0m[ INFO] [1748148353.801022132]: [1748148353.801] v: 0.539438, w: -0.017047[0m
[0m[ INFO] [1748148353.864568014]: Received reference trajectory - x: 3046.318359, y: 0.000000, phi: 0.000000, v: 489.233978, w: 0.000000, line_no: 0[0m
[0m[ INFO] [1748148353.898200519]: [1748148353.898] Robot state - x: 3.116059, y: 0.019567, phi: -0.018787[0m
[0m[ INFO] [1748148353.898290185]: [1748148353.898] Reference trajectory - x: 3.046318, y: 0.000000, phi: 0.000000, v: 0.489234, w: 0.000000[0m
[0m[ INFO] [1748148353.898337801]: [1748148353.898] v: 0.533993, w: -0.014611[0m
[0m[ INFO] [1748148353.964676269]: Received reference trajectory - x: 3095.143799, y: 0.000000, phi: 0.000000, v: 487.188446, w: 0.000000, line_no: 0[0m
[0m[ INFO] [1748148353.997741822]: [1748148353.998] Robot state - x: 3.167956, y: 0.018738, phi: -0.016908[0m
[0m[ INFO] [1748148353.997963009]: [1748148353.998] Reference trajectory - x: 3.095144, y: 0.000000, phi: 0.000000, v: 0.487188, w: 0.000000[0m
[0m[ INFO] [1748148353.998089443]: [1748148353.998] v: 0.528485, w: -0.015782[0m
[0m[ INFO] [1748148354.064869196]: Received reference trajectory - x: 3143.771240, y: 0.000000, phi: 0.000000, v: 484.964386, w: 0.000000, line_no: 0[0m
[0m[ INFO] [1748148354.097478260]: [1748148354.097] Robot state - x: 3.220454, y: 0.017653, phi: -0.020666[0m
[0m[ INFO] [1748148354.097579190]: [1748148354.098] Reference trajectory - x: 3.143771, y: 0.000000, phi: 0.000000, v: 0.484964, w: 0.000000[0m
[0m[ INFO] [1748148354.097634167]: [1748148354.098] v: 0.522136, w: -0.011229[0m
[0m[ INFO] [1748148354.165202571]: Received reference trajectory - x: 3192.140869, y: 0.000000, phi: 0.000000, v: 482.563782, w: 0.000000, line_no: 0[0m
[0m[ INFO] [1748148354.197624113]: [1748148354.197] Robot state - x: 3.272350, y: 0.016727, phi: -0.022544[0m
[0m[ INFO] [1748148354.197811060]: [1748148354.198] Reference trajectory - x: 3.192141, y: 0.000000, phi: 0.000000, v: 0.482564, w: 0.000000[0m
[0m[ INFO] [1748148354.197894613]: [1748148354.198] v: 0.515814, w: -0.008646[0m
[0m[ INFO] [1748148354.264586301]: Received reference trajectory - x: 3240.280518, y: 0.000000, phi: 0.000000, v: 479.984406, w: 0.000000, line_no: 0[0m
[0m[ INFO] [1748148354.297231654]: [1748148354.297] Robot state - x: 3.323434, y: 0.015623, phi: -0.024423[0m
[0m[ INFO] [1748148354.297376168]: [1748148354.297] Reference trajectory - x: 3.240281, y: 0.000000, phi: 0.000000, v: 0.479984, w: 0.000000[0m
[0m[ INFO] [1748148354.297436169]: [1748148354.297] v: 0.509704, w: -0.005846[0m
[0m[ INFO] [1748148354.366768152]: Received reference trajectory - x: 3288.285400, y: 0.000000, phi: 0.000000, v: 477.219299, w: 0.000000, line_no: 0[0m
[0m[ INFO] [1748148354.398907001]: [1748148354.399] Robot state - x: 3.374517, y: 0.014519, phi: -0.022544[0m
[0m[ INFO] [1748148354.399102908]: [1748148354.399] Reference trajectory - x: 3.288285, y: 0.000000, phi: 0.000000, v: 0.477219, w: 0.000000[0m
[0m[ INFO] [1748148354.399464354]: [1748148354.399] v: 0.503259, w: -0.006641[0m
[0m[ INFO] [1748148354.464473520]: Received reference trajectory - x: 3335.710938, y: 0.000000, phi: 0.000000, v: 474.294037, w: 0.000000, line_no: 0[0m
[0m[ INFO] [1748148354.497644353]: [1748148354.498] Robot state - x: 3.425193, y: 0.013234, phi: -0.024423[0m
[0m[ INFO] [1748148354.497747938]: [1748148354.498] Reference trajectory - x: 3.335711, y: 0.000000, phi: 0.000000, v: 0.474294, w: 0.000000[0m
[0m[ INFO] [1748148354.497797667]: [1748148354.498] v: 0.496473, w: -0.003599[0m
[0m[ INFO] [1748148354.566665451]: Received reference trajectory - x: 3382.991943, y: 0.000000, phi: 0.000000, v: 471.181519, w: 0.000000, line_no: 0[0m
[0m[ INFO] [1748148354.599116625]: [1748148354.599] Robot state - x: 3.475264, y: 0.012011, phi: -0.028180[0m
[0m[ INFO] [1748148354.599367989]: [1748148354.599] Reference trajectory - x: 3.382992, y: 0.000000, phi: 0.000000, v: 0.471182, w: 0.000000[0m
[0m[ INFO] [1748148354.599504887]: [1748148354.599] v: 0.489803, w: 0.001199[0m
[0m[ INFO] [1748148354.665785464]: Received reference trajectory - x: 3429.939209, y: 0.000000, phi: 0.000000, v: 467.892181, w: 0.000000, line_no: 0[0m
[0m[ INFO] [1748148354.697734839]: [1748148354.698] Robot state - x: 3.524527, y: 0.010807, phi: -0.028180[0m
[0m[ INFO] [1748148354.697853785]: [1748148354.698] Reference trajectory - x: 3.429939, y: 0.000000, phi: 0.000000, v: 0.467892, w: 0.000000[0m
[0m[ INFO] [1748148354.697952378]: [1748148354.698] v: 0.483275, w: 0.002380[0m
[0m[ INFO] [1748148354.766966244]: Received reference trajectory - x: 3476.556152, y: 0.000000, phi: 0.000000, v: 464.424561, w: 0.000000, line_no: 0[0m
[0m[ INFO] [1748148354.805207393]: [1748148354.805] Robot state - x: 3.573786, y: 0.009419, phi: -0.028180[0m
[0m[ INFO] [1748148354.805325859]: [1748148354.805] Reference trajectory - x: 3.476556, y: 0.000000, phi: 0.000000, v: 0.464425, w: 0.000000[0m
[0m[ INFO] [1748148354.805409540]: [1748148354.805] v: 0.476282, w: 0.003792[0m
[0m[ INFO] [1748148354.864619772]: Received reference trajectory - x: 3522.824463, y: 0.000000, phi: 0.000000, v: 460.778564, w: 0.000000, line_no: 0[0m
[0m[ INFO] [1748148354.897858222]: [1748148354.898] Robot state - x: 3.622440, y: 0.008093, phi: -0.026302[0m
[0m[ INFO] [1748148354.898013360]: [1748148354.898] Reference trajectory - x: 3.522825, y: 0.000000, phi: 0.000000, v: 0.460779, w: 0.000000[0m
[0m[ INFO] [1748148354.898116370]: [1748148354.898] v: 0.469266, w: 0.003348[0m
[0m[ INFO] [1748148354.965953386]: Received reference trajectory - x: 3568.835693, y: 0.000000, phi: 0.000000, v: 456.944794, w: 0.000000, line_no: 0[0m
[0m[ INFO] [1748148354.998124556]: [1748148354.998] Robot state - x: 3.671092, y: 0.006676, phi: -0.028180[0m
[0m[ INFO] [1748148354.998248782]: [1748148354.998] Reference trajectory - x: 3.568836, y: 0.000000, phi: 0.000000, v: 0.456945, w: 0.000000[0m
[0m[ INFO] [1748148354.998319439]: [1748148354.998] v: 0.461828, w: 0.006642[0m
[0m[ INFO] [1748148355.064799985]: Received reference trajectory - x: 3614.219482, y: 0.000000, phi: 0.000000, v: 452.953430, w: 0.000000, line_no: 0[0m
[0m[ INFO] [1748148355.097453722]: [1748148355.097] Robot state - x: 3.718939, y: 0.005372, phi: -0.030059[0m
[0m[ INFO] [1748148355.097572540]: [1748148355.098] Reference trajectory - x: 3.614219, y: 0.000000, phi: 0.000000, v: 0.452953, w: 0.000000[0m
[0m[ INFO] [1748148355.097635069]: [1748148355.098] v: 0.454328, w: 0.009829[0m
[0m[ INFO] [1748148355.164868234]: Received reference trajectory - x: 3659.288086, y: 0.000000, phi: 0.000000, v: 448.776428, w: 0.000000, line_no: 0[0m
[0m[ INFO] [1748148355.200019320]: [1748148355.200] Robot state - x: 3.766381, y: 0.004079, phi: -0.028180[0m
[0m[ INFO] [1748148355.200182394]: [1748148355.200] Reference trajectory - x: 3.659288, y: 0.000000, phi: 0.000000, v: 0.448776, w: 0.000000[0m
[0m[ INFO] [1748148355.200256987]: [1748148355.200] v: 0.446671, w: 0.009411[0m
[0m[ INFO] [1748148355.264881794]: Received reference trajectory - x: 3703.954834, y: 0.000000, phi: 0.000000, v: 444.419312, w: 0.000000, line_no: 0[0m
[0m[ INFO] [1748148355.297260454]: [1748148355.297] Robot state - x: 3.813011, y: 0.002633, phi: -0.030059[0m
[0m[ INFO] [1748148355.297384008]: [1748148355.297] Reference trajectory - x: 3.703955, y: 0.000000, phi: 0.000000, v: 0.444419, w: 0.000000[0m
[0m[ INFO] [1748148355.297458985]: [1748148355.297] v: 0.439112, w: 0.012801[0m
[0m[ INFO] [1748148355.368488399]: Received reference trajectory - x: 3748.370117, y: 0.000000, phi: 0.000000, v: 439.864105, w: 0.000000, line_no: 0[0m
[0m[ INFO] [1748148355.405071442]: [1748148355.405] Robot state - x: 3.859444, y: 0.001325, phi: -0.030059[0m
[0m[ INFO] [1748148355.405180052]: [1748148355.405] Reference trajectory - x: 3.748370, y: 0.000000, phi: 0.000000, v: 0.439864, w: 0.000000[0m
[0m[ INFO] [1748148355.405228245]: [1748148355.405] v: 0.431283, w: 0.014251[0m
[0m[ INFO] [1748148355.464679182]: Received reference trajectory - x: 3791.929443, y: 0.000000, phi: 0.000000, v: 435.172485, w: 0.000000, line_no: 0[0m
[0m[ INFO] [1748148355.497518809]: [1748148355.497] Robot state - x: 3.905063, y: -0.000133, phi: -0.033817[0m
[0m[ INFO] [1748148355.497623514]: [1748148355.498] Reference trajectory - x: 3.791929, y: 0.000000, phi: 0.000000, v: 0.435172, w: 0.000000[0m
[0m[ INFO] [1748148355.497731164]: [1748148355.498] v: 0.423252, w: 0.019504[0m
[0m[ INFO] [1748148355.566806085]: Received reference trajectory - x: 3835.267578, y: 0.000000, phi: 0.000000, v: 430.275177, w: 0.000000, line_no: 0[0m
[0m[ INFO] [1748148355.602236887]: [1748148355.602] Robot state - x: 3.950081, y: -0.001444, phi: -0.031938[0m
[0m[ INFO] [1748148355.602422298]: [1748148355.602] Reference trajectory - x: 3.835268, y: 0.000000, phi: 0.000000, v: 0.430275, w: 0.000000[0m
[0m[ INFO] [1748148355.602531803]: [1748148355.602] v: 0.415275, w: 0.019195[0m
[0m[ INFO] [1748148355.664753950]: Received reference trajectory - x: 3878.010742, y: 0.000000, phi: 0.000000, v: 425.211182, w: 0.000000, line_no: 0[0m
[0m[ INFO] [1748148355.698078800]: [1748148355.698] Robot state - x: 3.994487, y: -0.002946, phi: -0.031938[0m
[0m[ INFO] [1748148355.698241875]: [1748148355.698] Reference trajectory - x: 3.878011, y: 0.000000, phi: 0.000000, v: 0.425211, w: 0.000000[0m
[0m[ INFO] [1748148355.698298835]: [1748148355.698] v: 0.407119, w: 0.020930[0m
[0m[ INFO] [1748148355.766079017]: Received reference trajectory - x: 3920.367920, y: 0.000000, phi: 0.000000, v: 419.953278, w: 0.000000, line_no: 0[0m
[0m[ INFO] [1748148355.802662380]: [1748148355.803] Robot state - x: 4.038291, y: -0.004305, phi: -0.030059[0m
[0m[ INFO] [1748148355.802788238]: [1748148355.803] Reference trajectory - x: 3.920368, y: 0.000000, phi: 0.000000, v: 0.419953, w: 0.000000[0m
[0m[ INFO] [1748148355.802863599]: [1748148355.803] v: 0.398908, w: 0.020718[0m
[0m[ INFO] [1748148355.864792685]: Received reference trajectory - x: 3961.973145, y: 0.000000, phi: 0.000000, v: 414.545502, w: 0.000000, line_no: 0[0m
[0m[ INFO] [1748148355.897451446]: [1748148355.897] Robot state - x: 4.079874, y: -0.005633, phi: -0.030059[0m
[0m[ INFO] [1748148355.897589336]: [1748148355.898] Reference trajectory - x: 3.961973, y: 0.000000, phi: 0.000000, v: 0.414546, w: 0.000000[0m
[0m[ INFO] [1748148355.897637881]: [1748148355.898] v: 0.391653, w: 0.022301[0m
[0m[ INFO] [1748148355.964770597]: Received reference trajectory - x: 4003.130127, y: 0.000000, phi: 0.000000, v: 408.947113, w: 0.000000, line_no: 0[0m
[0m[ INFO] [1748148356.002989664]: [1748148356.003] Robot state - x: 4.123477, y: -0.006944, phi: -0.030059[0m
[0m[ INFO] [1748148356.003433735]: [1748148356.003] Reference trajectory - x: 4.003130, y: 0.000000, phi: 0.000000, v: 0.408947, w: 0.000000[0m
[0m[ INFO] [1748148356.003650346]: [1748148356.004] v: 0.382310, w: 0.023884[0m
[0m[ INFO] [1748148356.064803291]: Received reference trajectory - x: 4043.742432, y: 0.000000, phi: 0.000000, v: 403.167633, w: 0.000000, line_no: 0[0m
[0m[ INFO] [1748148356.097567716]: [1748148356.097] Robot state - x: 4.166474, y: -0.008277, phi: -0.031938[0m
[0m[ INFO] [1748148356.097685990]: [1748148356.098] Reference trajectory - x: 4.043743, y: 0.000000, phi: 0.000000, v: 0.403168, w: 0.000000[0m
[0m[ INFO] [1748148356.097759303]: [1748148356.098] v: 0.372796, w: 0.027320[0m
[0m[ INFO] [1748148356.165078003]: Received reference trajectory - x: 4083.771484, y: 0.000000, phi: 0.000000, v: 397.209778, w: 0.000000, line_no: 0[0m
[0m[ INFO] [1748148356.264987175]: Received reference trajectory - x: 4123.180664, y: 0.000000, phi: 0.000000, v: 391.076508, w: 0.000000, line_no: 0[0m
[0m[ INFO] [1748148356.302769179]: [1748148356.303] Robot state - x: 4.208261, y: -0.009495, phi: -0.030059[0m
[0m[ INFO] [1748148356.302980478]: [1748148356.303] Reference trajectory - x: 4.123181, y: 0.000000, phi: 0.000000, v: 0.391077, w: 0.000000[0m
[0m[ INFO] [1748148356.303028158]: [1748148356.303] v: 0.387691, w: 0.027032[0m
[0m[ INFO] [1748148356.305185247]: [1748148356.305] Robot state - x: 4.249037, y: -0.010797, phi: -0.030059[0m
[0m[ INFO] [1748148356.305288192]: [1748148356.305] Reference trajectory - x: 4.123181, y: 0.000000, phi: 0.000000, v: 0.391077, w: 0.000000[0m
[0m[ INFO] [1748148356.305357633]: [1748148356.305] v: 0.355019, w: 0.028667[0m
[0m[ INFO] [1748148356.364609462]: Received reference trajectory - x: 4161.979980, y: 0.000000, phi: 0.000000, v: 384.763397, w: 0.000000, line_no: 0[0m
[0m[ INFO] [1748148356.400730609]: [1748148356.401] Robot state - x: 4.289408, y: -0.012087, phi: -0.030059[0m
[0m[ INFO] [1748148356.400821970]: [1748148356.401] Reference trajectory - x: 4.161980, y: 0.000000, phi: 0.000000, v: 0.384763, w: 0.000000[0m
[0m[ INFO] [1748148356.400866771]: [1748148356.401] v: 0.345508, w: 0.030308[0m
[0m[ INFO] [1748148356.464736844]: Received reference trajectory - x: 4200.124023, y: 0.000000, phi: 0.000000, v: 378.275085, w: 0.000000, line_no: 0[0m
[0m[ INFO] [1748148356.497949564]: [1748148356.498] Robot state - x: 4.329782, y: -0.013301, phi: -0.030059[0m
[0m[ INFO] [1748148356.498085694]: [1748148356.498] Reference trajectory - x: 4.200124, y: 0.000000, phi: 0.000000, v: 0.378275, w: 0.000000[0m
[0m[ INFO] [1748148356.498387458]: [1748148356.498] v: 0.335292, w: 0.031883[0m
[0m[ INFO] [1748148356.566379257]: Received reference trajectory - x: 4237.794922, y: 0.000000, phi: 0.000000, v: 371.575562, w: 0.000000, line_no: 0[0m
[0m[ INFO] [1748148356.601783722]: [1748148356.602] Robot state - x: 4.368743, y: -0.014436, phi: -0.028180[0m
[0m[ INFO] [1748148356.601900299]: [1748148356.602] Reference trajectory - x: 4.237795, y: 0.000000, phi: 0.000000, v: 0.371576, w: 0.000000[0m
[0m[ INFO] [1748148356.601968236]: [1748148356.602] v: 0.325551, w: 0.031580[0m
[0m[ INFO] [1748148356.664738357]: Received reference trajectory - x: 4274.440918, y: 0.000000, phi: 0.000000, v: 364.761780, w: 0.000000, line_no: 0[0m
[0m[ INFO] [1748148356.697709441]: [1748148356.698] Robot state - x: 4.406694, y: -0.015577, phi: -0.028180[0m
[0m[ INFO] [1748148356.697821027]: [1748148356.698] Reference trajectory - x: 4.274441, y: 0.000000, phi: 0.000000, v: 0.364762, w: 0.000000[0m
[0m[ INFO] [1748148356.697898276]: [1748148356.698] v: 0.315663, w: 0.033109[0m
[0m[ INFO] [1748148356.766699815]: Received reference trajectory - x: 4310.666992, y: 0.000000, phi: 0.000000, v: 357.718842, w: 0.000000, line_no: 0[0m
[0m[ INFO] [1748148356.801780499]: [1748148356.802] Robot state - x: 4.444043, y: -0.016595, phi: -0.026302[0m
[0m[ INFO] [1748148356.801986358]: [1748148356.802] Reference trajectory - x: 4.310667, y: 0.000000, phi: 0.000000, v: 0.357719, w: 0.000000[0m
[0m[ INFO] [1748148356.802060215]: [1748148356.802] v: 0.305667, w: 0.032709[0m
[0m[ INFO] [1748148356.864643677]: Received reference trajectory - x: 4345.990723, y: 0.000000, phi: 0.000000, v: 350.536011, w: 0.000000, line_no: 0[0m
[0m[ INFO] [1748148356.898146769]: [1748148356.898] Robot state - x: 4.480383, y: -0.017551, phi: -0.022544[0m
[0m[ INFO] [1748148356.898267507]: [1748148356.898] Reference trajectory - x: 4.345991, y: 0.000000, phi: 0.000000, v: 0.350536, w: 0.000000[0m
[0m[ INFO] [1748148356.898506006]: [1748148356.898] v: 0.295594, w: 0.030449[0m
[0m[ INFO] [1748148356.965750114]: Received reference trajectory - x: 4380.818359, y: 0.000000, phi: 0.000000, v: 343.126434, w: 0.000000, line_no: 0[0m
[0m[ INFO] [1748148356.998202982]: [1748148356.998] Robot state - x: 4.516119, y: -0.018457, phi: -0.020666[0m
[0m[ INFO] [1748148356.998376553]: [1748148356.998] Reference trajectory - x: 4.380818, y: 0.000000, phi: 0.000000, v: 0.343126, w: 0.000000[0m
[0m[ INFO] [1748148356.998496971]: [1748148356.998] v: 0.285362, w: 0.029953[0m
[0m[ INFO] [1748148357.064592228]: Received reference trajectory - x: 4414.619141, y: 0.000000, phi: 0.000000, v: 335.599884, w: 0.000000, line_no: 0[0m
[0m[ INFO] [1748148357.097638256]: [1748148357.098] Robot state - x: 4.551250, y: -0.019250, phi: -0.020666[0m
[0m[ INFO] [1748148357.097769938]: [1748148357.098] Reference trajectory - x: 4.414619, y: 0.000000, phi: 0.000000, v: 0.335600, w: 0.000000[0m
[0m[ INFO] [1748148357.097819698]: [1748148357.098] v: 0.274674, w: 0.031148[0m
[0m[ INFO] [1748148357.166429489]: Received reference trajectory - x: 4447.858887, y: 0.000000, phi: 0.000000, v: 327.850006, w: 0.000000, line_no: 0[0m
[0m[ INFO] [1748148357.201075253]: [1748148357.201] Robot state - x: 4.585173, y: -0.019951, phi: -0.020666[0m
[0m[ INFO] [1748148357.201578428]: [1748148357.201] Reference trajectory - x: 4.447859, y: 0.000000, phi: 0.000000, v: 0.327850, w: 0.000000[0m
[0m[ INFO] [1748148357.201760543]: [1748148357.202] v: 0.264239, w: 0.032252[0m
[0m[ INFO] [1748148357.264524582]: Received reference trajectory - x: 4480.182129, y: 0.000000, phi: 0.000000, v: 319.954529, w: 0.000000, line_no: 0[0m
[0m[ INFO] [1748148357.297607507]: [1748148357.298] Robot state - x: 4.618288, y: -0.020573, phi: -0.016908[0m
[0m[ INFO] [1748148357.297790165]: [1748148357.298] Reference trajectory - x: 4.480182, y: 0.000000, phi: 0.000000, v: 0.319955, w: 0.000000[0m
[0m[ INFO] [1748148357.297864407]: [1748148357.298] v: 0.253564, w: 0.029664[0m
[0m[ INFO] [1748148357.368112365]: Received reference trajectory - x: 4511.779297, y: 0.000000, phi: 0.000000, v: 311.863312, w: 0.000000, line_no: 0[0m
[0m[ INFO] [1748148357.402526670]: [1748148357.402] Robot state - x: 4.650999, y: -0.021249, phi: -0.016908[0m
[0m[ INFO] [1748148357.402680304]: [1748148357.403] Reference trajectory - x: 4.511779, y: 0.000000, phi: 0.000000, v: 0.311863, w: 0.000000[0m
[0m[ INFO] [1748148357.402728593]: [1748148357.403] v: 0.242434, w: 0.030760[0m
[0m[ INFO] [1748148357.464625099]: Received reference trajectory - x: 4542.583984, y: 0.000000, phi: 0.000000, v: 303.587311, w: 0.000000, line_no: 0[0m
[0m[ INFO] [1748148357.497721560]: [1748148357.498] Robot state - x: 4.682905, y: -0.021729, phi: -0.013151[0m
[0m[ INFO] [1748148357.497839065]: [1748148357.498] Reference trajectory - x: 4.542584, y: 0.000000, phi: 0.000000, v: 0.303587, w: 0.000000[0m
[0m[ INFO] [1748148357.497899386]: [1748148357.498] v: 0.231110, w: 0.028030[0m
[0m[ INFO] [1748148357.566198324]: Received reference trajectory - x: 4572.536133, y: 0.000000, phi: 0.000000, v: 295.137543, w: 0.000000, line_no: 0[0m
[0m[ INFO] [1748148357.599095710]: [1748148357.599] Robot state - x: 4.713397, y: -0.022215, phi: -0.011272[0m
[0m[ INFO] [1748148357.599259936]: [1748148357.599] Reference trajectory - x: 4.572536, y: 0.000000, phi: 0.000000, v: 0.295138, w: 0.000000[0m
[0m[ INFO] [1748148357.599478212]: [1748148357.599] v: 0.220027, w: 0.027122[0m
[0m[ INFO] [1748148357.664732848]: Received reference trajectory - x: 4601.573730, y: 0.000000, phi: 0.000000, v: 286.528076, w: 0.000000, line_no: 0[0m
[0m[ INFO] [1748148357.697431959]: [1748148357.697] Robot state - x: 4.743486, y: -0.022583, phi: -0.009393[0m
[0m[ INFO] [1748148357.697568185]: [1748148357.698] Reference trajectory - x: 4.601574, y: 0.000000, phi: 0.000000, v: 0.286528, w: 0.000000[0m
[0m[ INFO] [1748148357.697847869]: [1748148357.698] v: 0.208382, w: 0.026086[0m
[0m[ INFO] [1748148357.764584543]: Received reference trajectory - x: 4629.828613, y: 0.000000, phi: 0.000000, v: 277.714081, w: 0.000000, line_no: 0[0m
[0m[ INFO] [1748148357.798054866]: [1748148357.798] Robot state - x: 4.772567, y: -0.022911, phi: -0.009393[0m
[0m[ INFO] [1748148357.798267797]: [1748148357.798] Reference trajectory - x: 4.629828, y: 0.000000, phi: 0.000000, v: 0.277714, w: 0.000000[0m
[0m[ INFO] [1748148357.798365974]: [1748148357.798] v: 0.196690, w: 0.026817[0m
[0m[ INFO] [1748148357.864424974]: Received reference trajectory - x: 4657.108887, y: 0.000000, phi: 0.000000, v: 268.749725, w: 0.000000, line_no: 0[0m
[0m[ INFO] [1748148357.897597245]: [1748148357.897] Robot state - x: 4.800638, y: -0.023201, phi: -0.011272[0m
[0m[ INFO] [1748148357.897780415]: [1748148357.898] Reference trajectory - x: 4.657109, y: 0.000000, phi: 0.000000, v: 0.268750, w: 0.000000[0m
[0m[ INFO] [1748148357.897865729]: [1748148357.898] v: 0.184861, w: 0.029316[0m
[0m[ INFO] [1748148357.967393004]: Received reference trajectory - x: 4683.576660, y: 0.000000, phi: 0.000000, v: 259.575653, w: 0.000000, line_no: 0[0m
[0m[ INFO] [1748148357.997759025]: [1748148357.998] Robot state - x: 4.827497, y: -0.023428, phi: -0.009393[0m
[0m[ INFO] [1748148357.997934387]: [1748148357.998] Reference trajectory - x: 4.683577, y: 0.000000, phi: 0.000000, v: 0.259576, w: 0.000000[0m
[0m[ INFO] [1748148357.998105878]: [1748148357.998] v: 0.173117, w: 0.028135[0m
[0m[ INFO] [1748148358.064482449]: Received reference trajectory - x: 4709.025879, y: 0.000000, phi: 0.000000, v: 250.257385, w: 0.000000, line_no: 0[0m
[0m[ INFO] [1748148358.097527900]: [1748148358.097] Robot state - x: 4.853751, y: -0.023724, phi: -0.009393[0m
[0m[ INFO] [1748148358.097681758]: [1748148358.098] Reference trajectory - x: 4.709026, y: 0.000000, phi: 0.000000, v: 0.250257, w: 0.000000[0m
[0m[ INFO] [1748148358.097806272]: [1748148358.098] v: 0.160905, w: 0.028843[0m
[0m[ INFO] [1748148358.164635906]: Received reference trajectory - x: 4733.570312, y: 0.000000, phi: 0.000000, v: 240.748077, w: 0.000000, line_no: 0[0m
[0m[ INFO] [1748148358.204577332]: [1748148358.203] Robot state - x: 4.879196, y: -0.023963, phi: -0.009393[0m
[0m[ INFO] [1748148358.204714486]: [1748148358.205] Reference trajectory - x: 4.733570, y: 0.000000, phi: 0.000000, v: 0.240748, w: 0.000000[0m
[0m[ INFO] [1748148358.204779415]: [1748148358.205] v: 0.148415, w: 0.029490[0m
[0m[ INFO] [1748148358.264632401]: Received reference trajectory - x: 4757.163574, y: 0.000000, phi: 0.000000, v: 231.057480, w: 0.000000, line_no: 0[0m
[0m[ INFO] [1748148358.297850271]: [1748148358.298] Robot state - x: 4.903632, y: -0.024169, phi: -0.007515[0m
[0m[ INFO] [1748148358.297970752]: [1748148358.298] Reference trajectory - x: 4.757164, y: 0.000000, phi: 0.000000, v: 0.231057, w: 0.000000[0m
[0m[ INFO] [1748148358.298083522]: [1748148358.298] v: 0.135775, w: 0.028298[0m
[0m[ INFO] [1748148358.366870881]: Received reference trajectory - x: 4780.000000, y: 0.000000, phi: 0.000000, v: 221.089615, w: 0.000000, line_no: 0[0m
[0m[ INFO] [1748148358.401561348]: [1748148358.401] Robot state - x: 4.926655, y: -0.024342, phi: -0.003757[0m
[0m[ INFO] [1748148358.401694534]: [1748148358.402] Reference trajectory - x: 4.780000, y: 0.000000, phi: 0.000000, v: 0.221090, w: 0.000000[0m
[0m[ INFO] [1748148358.401827176]: [1748148358.402] v: 0.123348, w: 0.025265[0m
[0m[ INFO] [1748148358.464847345]: Received reference trajectory - x: 4801.402344, y: 0.000000, phi: 0.000000, v: 211.141220, w: 0.000000, line_no: 0[0m
[0m[ INFO] [1748148358.497677338]: [1748148358.498] Robot state - x: 4.949072, y: -0.024490, phi: -0.001879[0m
[0m[ INFO] [1748148358.497812348]: [1748148358.498] Reference trajectory - x: 4.801403, y: 0.000000, phi: 0.000000, v: 0.211141, w: 0.000000[0m
[0m[ INFO] [1748148358.497885053]: [1748148358.498] v: 0.110301, w: 0.024012[0m
[0m[ INFO] [1748148358.566426200]: Received reference trajectory - x: 4822.052734, y: 0.000000, phi: 0.000000, v: 200.894379, w: 0.000000, line_no: 0[0m
[0m[ INFO] [1748148358.603352605]: [1748148358.603] Robot state - x: 4.970278, y: -0.024550, phi: -0.000000[0m
[0m[ INFO] [1748148358.603458814]: [1748148358.603] Reference trajectory - x: 4.822053, y: 0.000000, phi: 0.000000, v: 0.200894, w: 0.000000[0m
[0m[ INFO] [1748148358.603510783]: [1748148358.603] v: 0.097293, w: 0.022661[0m
[0m[ INFO] [1748148358.664784334]: Received reference trajectory - x: 4841.575684, y: 0.000000, phi: 0.000000, v: 190.519440, w: 0.000000, line_no: 0[0m
[0m[ INFO] [1748148358.697679063]: [1748148358.698] Robot state - x: 4.990676, y: -0.024569, phi: 0.001879[0m
[0m[ INFO] [1748148358.697808665]: [1748148358.698] Reference trajectory - x: 4.841576, y: 0.000000, phi: 0.000000, v: 0.190519, w: 0.000000[0m
[0m[ INFO] [1748148358.697943707]: [1748148358.698] v: 0.083902, w: 0.021265[0m
[0m[ INFO] [1748148358.766805179]: Received reference trajectory - x: 4860.156250, y: 0.000000, phi: 0.000000, v: 179.907471, w: 0.000000, line_no: 0[0m
[0m[ INFO] [1748148358.801072856]: [1748148358.801] Robot state - x: 5.009660, y: -0.024569, phi: 0.001879[0m
[0m[ INFO] [1748148358.801207898]: [1748148358.801] Reference trajectory - x: 4.860156, y: 0.000000, phi: 0.000000, v: 0.179907, w: 0.000000[0m
[0m[ INFO] [1748148358.801358749]: [1748148358.801] v: 0.070622, w: 0.021653[0m
[0m[ INFO] [1748148358.865005871]: Received reference trajectory - x: 4877.579102, y: 0.000000, phi: 0.000000, v: 169.170517, w: 0.000000, line_no: 0[0m
[0m[ INFO] [1748148358.897288943]: [1748148358.897] Robot state - x: 5.027028, y: -0.024536, phi: 0.001879[0m
[0m[ INFO] [1748148358.897392656]: [1748148358.897] Reference trajectory - x: 4.877579, y: 0.000000, phi: 0.000000, v: 0.169171, w: 0.000000[0m
[0m[ INFO] [1748148358.897493746]: [1748148358.897] v: 0.057564, w: 0.022004[0m
[0m[ INFO] [1748148358.966282993]: Received reference trajectory - x: 4893.964844, y: 0.000000, phi: 0.000000, v: 158.226364, w: 0.000000, line_no: 0[0m
[0m[ INFO] [1748148359.000629583]: [1748148359.000] Robot state - x: 5.043791, y: -0.024489, phi: 0.003757[0m
[0m[ INFO] [1748148359.000767089]: [1748148359.001] Reference trajectory - x: 4.893965, y: 0.000000, phi: 0.000000, v: 0.158226, w: 0.000000[0m
[0m[ INFO] [1748148359.000853139]: [1748148359.001] v: 0.043967, w: 0.020532[0m
[0m[ INFO] [1748148359.064646277]: Received reference trajectory - x: 4909.207520, y: 0.000000, phi: 0.000000, v: 147.133453, w: 0.000000, line_no: 0[0m
[0m[ INFO] [1748148359.097519309]: [1748148359.097] Robot state - x: 5.059746, y: -0.024474, phi: 0.001879[0m
[0m[ INFO] [1748148359.097627343]: [1748148359.098] Reference trajectory - x: 4.909207, y: 0.000000, phi: 0.000000, v: 0.147133, w: 0.000000[0m
[0m[ INFO] [1748148359.097717968]: [1748148359.098] v: 0.029957, w: 0.022708[0m
[0m[ INFO] [1748148359.166858962]: Received reference trajectory - x: 4923.386719, y: 0.000000, phi: 0.000000, v: 135.819122, w: 0.000000, line_no: 0[0m
[0m[ INFO] [1748148359.206321820]: [1748148359.206] Robot state - x: 5.074488, y: -0.024377, phi: 0.007515[0m
[0m[ INFO] [1748148359.206613920]: [1748148359.207] Reference trajectory - x: 4.923387, y: 0.000000, phi: 0.000000, v: 0.135819, w: 0.000000[0m
[0m[ INFO] [1748148359.206733890]: [1748148359.207] v: 0.015830, w: 0.017566[0m
[0m[ INFO] [1748148359.264584540]: Received reference trajectory - x: 4936.379395, y: 0.000000, phi: 0.000000, v: 124.367195, w: 0.000000, line_no: 0[0m
[0m[ INFO] [1748148359.297628423]: [1748148359.297] Robot state - x: 5.083777, y: -0.024237, phi: 0.033816[0m
[0m[ INFO] [1748148359.297738984]: [1748148359.298] Reference trajectory - x: 4.936379, y: 0.000000, phi: 0.000000, v: 0.124367, w: 0.000000[0m
[0m[ INFO] [1748148359.297877802]: [1748148359.298] v: 0.004835, w: -0.007496[0m
[0m[ INFO] [1748148359.366981804]: Received reference trajectory - x: 4948.263672, y: 0.000000, phi: 0.000000, v: 112.692009, w: 0.000000, line_no: 0[0m
[0m[ INFO] [1748148359.403783150]: [1748148359.404] Robot state - x: 5.091249, y: -0.024132, phi: 0.046967[0m
[0m[ INFO] [1748148359.404141235]: [1748148359.404] Reference trajectory - x: 4.948264, y: 0.000000, phi: 0.000000, v: 0.112692, w: 0.000000[0m
[0m[ INFO] [1748148359.404225909]: [1748148359.404] v: -0.005781, w: -0.019877[0m
[0m[ INFO] [1748148359.464529299]: Received reference trajectory - x: 4958.909180, y: 0.000000, phi: 0.000000, v: 100.908249, w: 0.000000, line_no: 0[0m
[0m[ INFO] [1748148359.497824993]: [1748148359.498] Robot state - x: 5.103160, y: -0.023785, phi: 0.037574[0m
[0m[ INFO] [1748148359.497970212]: [1748148359.498] Reference trajectory - x: 4.958909, y: 0.000000, phi: 0.000000, v: 0.100908, w: 0.000000[0m
[0m[ INFO] [1748148359.498019396]: [1748148359.498] v: -0.020798, w: -0.010859[0m
[0m[ INFO] [1748148359.566132151]: Received reference trajectory - x: 4968.413086, y: 0.000000, phi: 0.000000, v: 88.891518, w: 0.000000, line_no: 0[0m
[0m[ INFO] [1748148359.600353619]: [1748148359.600] Robot state - x: 5.116274, y: -0.023206, phi: 0.031938[0m
[0m[ INFO] [1748148359.600487317]: [1748148359.600] Reference trajectory - x: 4.968413, y: 0.000000, phi: 0.000000, v: 0.088892, w: 0.000000[0m
[0m[ INFO] [1748148359.600596823]: [1748148359.601] v: -0.037869, w: -0.005725[0m
[0m[ INFO] [1748148359.664461802]: Received reference trajectory - x: 4976.682617, y: 0.000000, phi: 0.000000, v: 76.731705, w: 0.000000, line_no: 0[0m
[0m[ INFO] [1748148359.697791641]: [1748148359.698] Robot state - x: 5.126163, y: -0.022843, phi: 0.030059[0m
[0m[ INFO] [1748148359.697896186]: [1748148359.698] Reference trajectory - x: 4.976683, y: 0.000000, phi: 0.000000, v: 0.076732, w: 0.000000[0m
[0m[ INFO] [1748148359.697983676]: [1748148359.698] v: -0.053611, w: -0.003965[0m
[0m[ INFO] [1748148359.766403763]: Received reference trajectory - x: 4983.770996, y: 0.000000, phi: 0.000000, v: 64.314507, w: 0.000000, line_no: 0[0m
[0m[ INFO] [1748148359.801524284]: [1748148359.801] Robot state - x: 5.133834, y: -0.022598, phi: 0.030059[0m
[0m[ INFO] [1748148359.801615453]: [1748148359.802] Reference trajectory - x: 4.983771, y: 0.000000, phi: 0.000000, v: 0.064315, w: 0.000000[0m
[0m[ INFO] [1748148359.801689759]: [1748148359.802] v: -0.068840, w: -0.003883[0m
[0m[ INFO] [1748148359.864440866]: Received reference trajectory - x: 4989.552246, y: 0.000000, phi: 0.000000, v: 51.839458, w: 0.000000, line_no: 0[0m
[0m[ INFO] [1748148359.905385601]: [1748148359.905] Robot state - x: 5.140294, y: -0.022404, phi: 0.030059[0m
[0m[ INFO] [1748148359.905478979]: [1748148359.905] Reference trajectory - x: 4.989552, y: 0.000000, phi: 0.000000, v: 0.051839, w: 0.000000[0m
[0m[ INFO] [1748148359.905552548]: [1748148359.906] v: -0.084209, w: -0.003747[0m
[0m[ INFO] [1748148359.966681871]: Received reference trajectory - x: 4994.114258, y: 0.000000, phi: 0.000000, v: 39.087765, w: 0.000000, line_no: 0[0m
[0m[ INFO] [1748148360.000476484]: [1748148360.000] Robot state - x: 5.145947, y: -0.022245, phi: 0.026302[0m
[0m[ INFO] [1748148360.000669479]: [1748148360.001] Reference trajectory - x: 4.994114, y: 0.000000, phi: 0.000000, v: 0.039088, w: 0.000000[0m
[0m[ INFO] [1748148360.000811561]: [1748148360.001] v: -0.100182, w: 0.000038[0m
[0m[ INFO] [1748148360.064510457]: Received reference trajectory - x: 4997.372559, y: 0.000000, phi: 0.000000, v: 26.234163, w: 0.000000, line_no: 0[0m
[0m[ INFO] [1748148360.097775910]: [1748148360.098] Robot state - x: 5.150186, y: -0.022113, phi: 0.028180[0m
[0m[ INFO] [1748148360.097910248]: [1748148360.098] Reference trajectory - x: 4.997373, y: 0.000000, phi: 0.000000, v: 0.026234, w: 0.000000[0m
[0m[ INFO] [1748148360.097978473]: [1748148360.098] v: -0.116189, w: -0.001566[0m
[0m[ INFO] [1748148360.166721987]: Received reference trajectory - x: 4999.346191, y: 0.000000, phi: 0.000000, v: 13.144772, w: 0.000000, line_no: 0[0m
[0m[ INFO] [1748148360.205241853]: [1748148360.205] Robot state - x: 5.153214, y: -0.022036, phi: 0.026302[0m
[0m[ INFO] [1748148360.205554594]: [1748148360.205] Reference trajectory - x: 4.999346, y: 0.000000, phi: 0.000000, v: 0.013145, w: 0.000000[0m
[0m[ INFO] [1748148360.206516528]: [1748148360.206] v: -0.132505, w: 0.000502[0m
[0m[ INFO] [1748148360.297529780]: [1748148360.297] Robot state - x: 5.154627, y: -0.021998, phi: 0.024423[0m
[0m[ INFO] [1748148360.297660694]: [1748148360.298] Reference trajectory - x: 4.999346, y: 0.000000, phi: 0.000000, v: 0.013145, w: 0.000000[0m
[0m[ INFO] [1748148360.297710199]: [1748148360.298] v: -0.136024, w: 0.002613[0m
[0m[ INFO] [1748148360.398100198]: [1748148360.398] Robot state - x: 5.155031, y: -0.021987, phi: 0.024423[0m
[0m[ INFO] [1748148360.398228936]: [1748148360.398] Reference trajectory - x: 4.999346, y: 0.000000, phi: 0.000000, v: 0.013145, w: 0.000000[0m
[0m[ INFO] [1748148360.398335209]: [1748148360.398] v: -0.138789, w: 0.002949[0m
[0m[ INFO] [1748148360.497954637]: [1748148360.498] Robot state - x: 5.155031, y: -0.021987, phi: 0.024423[0m
[0m[ INFO] [1748148360.498143151]: [1748148360.498] Reference trajectory - x: 4.999346, y: 0.000000, phi: 0.000000, v: 0.013145, w: 0.000000[0m
[0m[ INFO] [1748148360.498281873]: [1748148360.498] v: -0.141251, w: 0.003297[0m
[0m[ INFO] [1748148360.601450794]: [1748148360.601] Robot state - x: 5.155031, y: -0.021987, phi: 0.024423[0m
[0m[ INFO] [1748148360.601585260]: [1748148360.602] Reference trajectory - x: 4.999346, y: 0.000000, phi: 0.000000, v: 0.013145, w: 0.000000[0m
[0m[ INFO] [1748148360.601660781]: [1748148360.602] v: -0.143713, w: 0.003644[0m
[0m[ INFO] [1748148360.698213635]: [1748148360.698] Robot state - x: 5.155031, y: -0.021987, phi: 0.024423[0m
[0m[ INFO] [1748148360.698343429]: [1748148360.698] Reference trajectory - x: 4.999346, y: 0.000000, phi: 0.000000, v: 0.013145, w: 0.000000[0m
[0m[ INFO] [1748148360.698417286]: [1748148360.698] v: -0.146174, w: 0.003992[0m
[0m[ INFO] [1748148360.806128545]: [1748148360.806] Robot state - x: 5.155031, y: -0.021987, phi: 0.024423[0m
[0m[ INFO] [1748148360.806532839]: [1748148360.806] Reference trajectory - x: 4.999346, y: 0.000000, phi: 0.000000, v: 0.013145, w: 0.000000[0m
[0m[ INFO] [1748148360.806744266]: [1748148360.807] v: -0.148636, w: 0.004339[0m
[0m[ INFO] [1748148360.897564587]: [1748148360.897] Robot state - x: 5.154627, y: -0.021997, phi: 0.024423[0m
[0m[ INFO] [1748148360.897688781]: [1748148360.898] Reference trajectory - x: 4.999346, y: 0.000000, phi: 0.000000, v: 0.013145, w: 0.000000[0m
[0m[ INFO] [1748148360.897751822]: [1748148360.898] v: -0.150787, w: 0.004698[0m
[0m[ INFO] [1748148361.005488266]: [1748148361.005] Robot state - x: 5.154627, y: -0.021997, phi: 0.024423[0m
[0m[ INFO] [1748148361.005927216]: [1748148361.006] Reference trajectory - x: 4.999346, y: 0.000000, phi: 0.000000, v: 0.013145, w: 0.000000[0m
[0m[ INFO] [1748148361.006021234]: [1748148361.006] v: -0.153242, w: 0.005046[0m
[0m[ INFO] [1748148361.097148213]: [1748148361.097] Robot state - x: 5.153214, y: -0.022025, phi: 0.015030[0m
[0m[ INFO] [1748148361.097251478]: [1748148361.097] Reference trajectory - x: 4.999346, y: 0.000000, phi: 0.000000, v: 0.013145, w: 0.000000[0m
[0m[ INFO] [1748148361.097324631]: [1748148361.097] v: -0.154612, w: 0.014457[0m
[0m[ INFO] [1748148361.358085542]: [1748148361.358] Robot state - x: 5.150993, y: -0.022086, phi: 0.020666[0m
[0m[ INFO] [1748148361.358188968]: [1748148361.358] Reference trajectory - x: 4.999346, y: 0.000000, phi: 0.000000, v: 0.013145, w: 0.000000[0m
[0m[ INFO] [1748148361.358238120]: [1748148361.358] v: -0.155338, w: 0.009456[0m
[0m[ INFO] [1748148361.360052931]: [1748148361.360] Robot state - x: 5.149782, y: -0.022102, phi: 0.016908[0m
[0m[ INFO] [1748148361.360187685]: [1748148361.360] Reference trajectory - x: 4.999346, y: 0.000000, phi: 0.000000, v: 0.013145, w: 0.000000[0m
[0m[ INFO] [1748148361.360263078]: [1748148361.360] v: -0.156805, w: 0.013436[0m
[0m[ INFO] [1748148361.397862642]: [1748148361.398] Robot state - x: 5.147762, y: -0.022128, phi: 0.013151[0m
[0m[ INFO] [1748148361.398002164]: [1748148361.398] Reference trajectory - x: 4.999346, y: 0.000000, phi: 0.000000, v: 0.013145, w: 0.000000[0m
[0m[ INFO] [1748148361.398229719]: [1748148361.398] v: -0.157632, w: 0.017428[0m
[0m[ INFO] [1748148361.498025307]: [1748148361.498] Robot state - x: 5.145541, y: -0.022164, phi: 0.011272[0m
[0m[ INFO] [1748148361.498130492]: [1748148361.498] Reference trajectory - x: 4.999346, y: 0.000000, phi: 0.000000, v: 0.013145, w: 0.000000[0m
[0m[ INFO] [1748148361.498190141]: [1748148361.498] v: -0.158272, w: 0.019625[0m
[0m[ INFO] [1748148361.597832094]: [1748148361.598] Robot state - x: 5.142108, y: -0.022205, phi: 0.009393[0m
[0m[ INFO] [1748148361.597952672]: [1748148361.598] Reference trajectory - x: 4.999346, y: 0.000000, phi: 0.000000, v: 0.013145, w: 0.000000[0m
[0m[ INFO] [1748148361.598002337]: [1748148361.598] v: -0.157946, w: 0.021829[0m
[0m[ INFO] [1748148361.697321821]: [1748148361.697] Robot state - x: 5.138069, y: -0.022251, phi: 0.009393[0m
[0m[ INFO] [1748148361.697454271]: [1748148361.697] Reference trajectory - x: 4.999346, y: 0.000000, phi: 0.000000, v: 0.013145, w: 0.000000[0m
[0m[ INFO] [1748148361.697505472]: [1748148361.697] v: -0.157100, w: 0.022232[0m
[0m[ INFO] [1748148361.801585282]: [1748148361.801] Robot state - x: 5.133222, y: -0.022297, phi: 0.009393[0m
[0m[ INFO] [1748148361.801777125]: [1748148361.802] Reference trajectory - x: 4.999346, y: 0.000000, phi: 0.000000, v: 0.013145, w: 0.000000[0m
[0m[ INFO] [1748148361.801851494]: [1748148361.802] v: -0.155570, w: 0.022636[0m
[0m[ INFO] [1748148361.897449867]: [1748148361.897] Robot state - x: 5.128577, y: -0.022336, phi: 0.007515[0m
[0m[ INFO] [1748148361.897603758]: [1748148361.898] Reference trajectory - x: 4.999346, y: 0.000000, phi: 0.000000, v: 0.013145, w: 0.000000[0m
[0m[ INFO] [1748148361.897655310]: [1748148361.898] v: -0.154118, w: 0.024839[0m
[0m[ INFO] [1748148361.998581506]: [1748148361.998] Robot state - x: 5.122922, y: -0.022389, phi: 0.007515[0m
[0m[ INFO] [1748148361.999097578]: [1748148361.999] Reference trajectory - x: 4.999346, y: 0.000000, phi: 0.000000, v: 0.013145, w: 0.000000[0m
[0m[ INFO] [1748148361.999284749]: [1748148361.999] v: -0.151817, w: 0.025253[0m
[0m[ INFO] [1748148362.097416437]: [1748148362.097] Robot state - x: 5.116864, y: -0.022434, phi: 0.007515[0m
[0m[ INFO] [1748148362.097517942]: [1748148362.097] Reference trajectory - x: 4.999346, y: 0.000000, phi: 0.000000, v: 0.013145, w: 0.000000[0m
[0m[ INFO] [1748148362.097566935]: [1748148362.098] v: -0.149116, w: 0.025659[0m
[0m[ INFO] [1748148362.197314167]: [1748148362.197] Robot state - x: 5.110401, y: -0.022483, phi: 0.007515[0m
[0m[ INFO] [1748148362.197416216]: [1748148362.197] Reference trajectory - x: 4.999346, y: 0.000000, phi: 0.000000, v: 0.013145, w: 0.000000[0m
[0m[ INFO] [1748148362.197463321]: [1748148362.197] v: -0.146009, w: 0.026069[0m
[0m[ INFO] [1748148362.297904963]: [1748148362.298] Robot state - x: 5.104343, y: -0.022529, phi: 0.007515[0m
[0m[ INFO] [1748148362.298030405]: [1748148362.298] Reference trajectory - x: 4.999346, y: 0.000000, phi: 0.000000, v: 0.013145, w: 0.000000[0m
[0m[ INFO] [1748148362.298101190]: [1748148362.298] v: -0.143110, w: 0.026476[0m
[0m[ INFO] [1748148362.400507085]: [1748148362.400] Robot state - x: 5.097274, y: -0.022575, phi: 0.005636[0m
[0m[ INFO] [1748148362.400689648]: [1748148362.401] Reference trajectory - x: 4.999346, y: 0.000000, phi: 0.000000, v: 0.013145, w: 0.000000[0m
[0m[ INFO] [1748148362.400764817]: [1748148362.401] v: -0.139340, w: 0.028692[0m
[0m[ INFO] [1748148362.497732359]: [1748148362.498] Robot state - x: 5.090206, y: -0.022635, phi: 0.007515[0m
[0m[ INFO] [1748148362.497844681]: [1748148362.498] Reference trajectory - x: 4.999346, y: 0.000000, phi: 0.000000, v: 0.013145, w: 0.000000[0m
[0m[ INFO] [1748148362.497945163]: [1748148362.498] v: -0.135458, w: 0.027311[0m
[0m[ INFO] [1748148362.598675545]: [1748148362.598] Robot state - x: 5.082734, y: -0.022670, phi: 0.005636[0m
[0m[ INFO] [1748148362.599049502][0m[ INFO] [1748148341.840481743]: [I2C FOR MOTORS] Now launching this node in namespace: /asc[0m
[0m[ INFO] [1748148341.951173942]: [I2C FOR MOTORS] publish motor duty cycle requests from command line with: rostopic pub --once /asc/set_motor_duty_cycle asclinic_pkg/LeftRightFloat32 "{left: 10.1, right: 10.1}"[0m
[0m[ INFO] [1748148341.951307704]: [I2C FOR MOTORS] Successfully opened named /dev/i2c-1, with file descriptor = 11[0m
[0m[ INFO] [1748148341.951433210]: [I2C FOR MOTORS] Actual acceleration limit = 0.0003125%/ms (after conversation to "internal units")[0m
[0m[ INFO] [1748148341.951484379]: [I2C FOR MOTORS] Actual deceleration limit = 0.0015625%/ms (after conversation to "internal units")[0m
[0m[ INFO] [1748148341.951525212]: [I2C FOR MOTORS] Now initialising SMC with I2C address 13[0m
[0m[ INFO] [1748148341.969157291]: [I2C FOR MOTORS] Now initialising SMC with I2C address 14[0m
[0m[ INFO] [1748148341.990148110]: [I2C FOR MOTORS] Node initialisation complete[0m
: [1748148362.599] Reference trajectory - x: 4.999346, y: 0.000000, phi: 0.000000, v: 0.013145, w: 0.000000[0m
[0m[ INFO] [1748148362.600606709]: [1748148362.600] v: -0.131154, w: 0.029515[0m
[0m[ INFO] [1748148362.697918001]: [1748148362.698] Robot state - x: 5.075059, y: -0.022728, phi: 0.005636[0m
[0m[ INFO] [1748148362.698051027]: [1748148362.698] Reference trajectory - x: 4.999346, y: 0.000000, phi: 0.000000, v: 0.013145, w: 0.000000[0m
[0m[ INFO] [1748148362.698123732]: [1748148362.698] v: -0.126576, w: 0.029939[0m
[0m[ INFO] [1748148362.805216896]: [1748148362.804] Robot state - x: 5.067587, y: -0.022777, phi: 0.007515[0m
[0m[ INFO] [1748148362.805507557]: [1748148362.805] Reference trajectory - x: 4.999346, y: 0.000000, phi: 0.000000, v: 0.013145, w: 0.000000[0m
[0m[ INFO] [1748148362.805573574]: [1748148362.806] v: -0.122032, w: 0.028548[0m
[0m[ INFO] [1748148362.898095643]: [1748148362.898] Robot state - x: 5.059913, y: -0.022820, phi: 0.007515[0m
[0m[ INFO] [1748148362.898239485]: [1748148362.898] Reference trajectory - x: 4.999346, y: 0.000000, phi: 0.000000, v: 0.013145, w: 0.000000[0m
[0m[ INFO] [1748148362.898315230]: [1748148362.898] v: -0.117215, w: 0.028958[0m
[0m[ INFO] [1748148362.998222592]: [1748148362.998] Robot state - x: 5.052441, y: -0.022883, phi: 0.009393[0m
[0m[ INFO] [1748148362.998389315]: [1748148362.998] Reference trajectory - x: 4.999346, y: 0.000000, phi: 0.000000, v: 0.013145, w: 0.000000[0m
[0m[ INFO] [1748148362.999485395]: [1748148362.999] v: -0.112432, w: 0.027584[0m
[0m[ INFO] [1748148345.258487045]: Reading trajectory coeffs[0m

[ARUCO DETECTOR] Camera properties upon initialisation:
CV_CAP_PROP_FRAME_HEIGHT : '480.0'
CV_CAP_PROP_FRAME_WIDTH :  '640.0'
CAP_PROP_FPS :             '30.0'
CAP_PROP_FOCUS :           '0.0'
CAP_PROP_AUTOFOCUS :       '1.0'
CAP_PROP_BRIGHTNESS :      '128.0'
CAP_PROP_CONTRAST :        '128.0'
CAP_PROP_SATURATION :      '128.0'
CAP_PROP_BUFFERSIZE :      '4.0'

[ARUCO DETECTOR] Camera properties upon initialisation:
CV_CAP_PROP_FRAME_HEIGHT : '1080.0'
CV_CAP_PROP_FRAME_WIDTH :  '1920.0'
CAP_PROP_FPS :             '5.0'
CAP_PROP_FOCUS :           '0.0'
CAP_PROP_AUTOFOCUS :       '0.0'
CAP_PROP_BRIGHTNESS :      '128.0'
CAP_PROP_CONTRAST :        '128.0'
CAP_PROP_SATURATION :      '128.0'
CAP_PROP_BUFFERSIZE :      '1.0'
[INFO] [1748148347.653655]: [ARUCO DETECTOR] As a double check of the camera properties set, a frame captured just now has dimensions = (1080, 1920, 3)
[INFO] [1748148347.660091]: [ARUCO DETECTOR] publish request from command line to save a single camera image using: rostopic pub --once /asc/request_save_image std_msgs/UInt32 1
[INFO] [1748148347.665788]: [ARUCO DETECTOR] Node initialisation complete
... logging to /home/asc/.ros/log/0725ea1e-3922-11f0-8573-d8c0a650f677/roslaunch-asc12-jetson-11370.log
Checking log directory for disk usage. This may take a while.
Press Ctrl-C to interrupt
Done checking log file disk usage. Usage is <1GB.
]2;/home/asc/ASClinic/catkin_ws/src/asclinic_pkg/launch/trajectory.launch
[1mstarted roslaunch server http://asc12-jetson:42293/[0m

SUMMARY
========

PARAMETERS
 * /asc/aruco_detector/aruco_detector_desired_camera_fps: 5
 * /asc/aruco_detector/aruco_detector_desired_camera_frame_height: 1080
 * /asc/aruco_detector/aruco_detector_desired_camera_frame_width: 1920
 * /asc/aruco_detector/aruco_detector_marker_size: 0.25
 * /asc/aruco_detector/aruco_detector_save_image_path: /home/asc/saved_c...
 * /asc/aruco_detector/aruco_detector_should_publish_camera_images: False
 * /asc/aruco_detector/aruco_detector_should_save_all_aruco_images: False
 * /asc/aruco_detector/aruco_detector_should_show_camera_images: False
 * /asc/aruco_detector/aruco_detector_usb_camera_device_number: 0
 * /asc/aruco_detector/aruco_detector_verbosity: 1
 * /asc/encoder_read_multi_threaded/delta_t_for_publishing_encoder_counts: 0.1
 * /asc/encoder_read_multi_threaded/encoder_events_to_monitor: rising
 * /asc/encoder_read_multi_threaded/encoder_read_verbosity: 1
 * /asc/encoder_read_multi_threaded/gpio_chip_number_for_encoder_lines: 1
 * /asc/encoder_read_multi_threaded/line_number_for_left_side_encoder_channel_a: 105
 * /asc/encoder_read_multi_threaded/line_number_for_left_side_encoder_channel_b: 106
 * /asc/encoder_read_multi_threaded/line_number_for_right_side_encoder_channel_a: 84
 * /asc/encoder_read_multi_threaded/line_number_for_right_side_encoder_channel_b: 130
 * /asc/encoder_read_multi_threaded/should_monitor_left_side_encoder_channel_a: True
 * /asc/encoder_read_multi_threaded/should_monitor_left_side_encoder_channel_b: False
 * /asc/encoder_read_multi_threaded/should_monitor_right_side_encoder_channel_a: True
 * /asc/encoder_read_multi_threaded/should_monitor_right_side_encoder_channel_b: False
 * /asc/i2c_for_motors/motor_driver_current_limit_in_milliamps: 5000
 * /asc/i2c_for_motors/motor_driver_left_side_multiplier: 1
 * /asc/i2c_for_motors/motor_driver_max_accel_limit_in_percent_per_millisecond: 0.04
 * /asc/i2c_for_motors/motor_driver_max_decel_limit_in_percent_per_millisecond: 0.16
 * /asc/i2c_for_motors/motor_driver_max_duty_cycle_limit_in_percent: 100.0
 * /asc/i2c_for_motors/motor_driver_right_side_multiplier: 1
 * /asc/i2c_for_motors/motor_driver_verbosity: 1
 * /rosdistro: noetic
 * /rosversion: 1.17.0

NODES
  /
    aruco_positioning (asclinic_pkg/aruco_positioning.py)
    kf_fusion_node (asclinic_pkg/KF.py)
    odomdelta (asclinic_pkg/odomdelta)
    trajectory_generator (asclinic_pkg/trajectory_generator_state_space)
    trajectory_tracker (asclinic_pkg/trajectory_tracker_state_space)
    velocity_PI_control (asclinic_pkg/velocity_PI_control)
  /asc/
    aruco_detector (asclinic_pkg/aruco_detector.py)
    encoder_read_multi_threaded (asclinic_pkg/encoder_read_multi_threaded)
    i2c_for_motors (asclinic_pkg/i2c_for_motors)

[1mROS_MASTER_URI=http://localhost:11311[0m
]2;/home/asc/ASClinic/catkin_ws/src/asclinic_pkg/launch/trajectory.launch http://localhost:11311
[1mprocess[asc/i2c_for_motors-1]: started with pid [11411][0m
[1mprocess[asc/encoder_read_multi_threaded-2]: started with pid [11412][0m
[1mprocess[odomdelta-3]: started with pid [11413][0m
[1mprocess[asc/aruco_detector-4]: started with pid [11415][0m
[1mprocess[aruco_positioning-5]: started with pid [11416][0m
[1mprocess[trajectory_tracker-6]: started with pid [11417][0m
[1mprocess[trajectory_generator-7]: started with pid [11429][0m
[1mprocess[velocity_PI_control-8]: started with pid [11436][0m
[1mprocess[kf_fusion_node-9]: started with pid [11456][0m
[kf_fusion_node-9] killing on exit
[velocity_PI_control-8] killing on exit
[aruco_positioning-5] killing on exit
[trajectory_generator-7] killing on exit
[odomdelta-3] killing on exit
[asc/encoder_read_multi_threaded-2] killing on exit
[trajectory_tracker-6] killing on exit
[asc/aruco_detector-4] killing on exit
[asc/i2c_for_motors-1] killing on exit
shutting down processing monitor...
... shutting down processing monitor complete
[1mdone[0m
