[0m[ INFO] [1748066644.909701994]: [1748066644.909] Robot state - x: 0.000000, y: 0.000000, phi: 0.000000[0m
[0m[ INFO] [1748066644.913462437]: [1748066644.913] Reference trajectory - x: 0.000000, y: 0.000000, phi: 0.000000, v: 0.000000, w: 0.000000[0m
[0m[ INFO] [1748066645.010637893]: [1748066645.011] Robot state - x: 0.000000, y: 0.000000, phi: 0.000000[0m
[0m[ INFO] [1748066645.010737575]: [1748066645.011] Reference trajectory - x: 0.000000, y: 0.000000, phi: 0.000000, v: 0.000000, w: 0.000000[0m
[0m[ INFO] [1748066645.109506015]: [1748066645.109] Robot state - x: 0.000000, y: 0.000000, phi: 0.000000[0m
[0m[ INFO] [1748066645.109596672]: [1748066645.110] Reference trajectory - x: 0.000000, y: 0.000000, phi: 0.000000, v: 0.000000, w: 0.000000[0m
[0m[ INFO] [1748066645.209276935]: [1748066645.209] Robot state - x: 0.000000, y: 0.000000, phi: 0.000000[0m
[0m[ INFO] [1748066645.209369832]: [1748066645.209] Reference trajectory - x: 0.000000, y: 0.000000, phi: 0.000000, v: 0.000000, w: 0.000000[0m
[0m[ INFO] [1748066645.309725561]: [1748066645.310] Robot state - x: 0.000000, y: 0.000000, phi: 0.000000[0m
[0m[ INFO] [1748066645.309816251]: [1748066645.310] Reference trajectory - x: 0.000000, y: 0.000000, phi: 0.000000, v: 0.000000, w: 0.000000[0m
[0m[ INFO] [1748066645.409384319]: [1748066645.409] Robot state - x: 0.000000, y: 0.000000, phi: 0.000000[0m
[0m[ INFO] [1748066645.409476193]: [1748066645.409] Reference trajectory - x: 0.000000, y: 0.000000, phi: 0.000000, v: 0.000000, w: 0.000000[0m
[0m[ INFO] [1748066645.512783169]: [1748066645.513] Robot state - x: 0.000000, y: 0.000000, phi: 0.000000[0m
[0m[ INFO] [1748066645.512880770]: [1748066645.513] Reference trajectory - x: 0.000000, y: 0.000000, phi: 0.000000, v: 0.000000, w: 0.000000[0m
[0m[ INFO] [1748066645.609270709]: [1748066645.609] Robot state - x: 0.000000, y: 0.000000, phi: 0.000000[0m
[0m[ INFO] [1748066645.609392311]: [1748066645.609] Reference trajectory - x: 0.000000, y: 0.000000, phi: 0.000000, v: 0.000000, w: 0.000000[0m
[0m[ INFO] [1748066645.709297377]: [1748066645.709] Robot state - x: 0.000000, y: 0.000000, phi: 0.000000[0m
[0m[ INFO] [1748066645.709391458]: [1748066645.709] Reference trajectory - x: 0.000000, y: 0.000000, phi: 0.000000, v: 0.000000, w: 0.000000[0m
[0m[ INFO] [1748066645.809582417]: [1748066645.809] Robot state - x: 0.000000, y: 0.000000, phi: 0.000000[0m
[0m[ INFO] [1748066645.809708531]: [1748066645.810] Reference trajectory - x: 0.000000, y: 0.000000, phi: 0.000000, v: 0.000000, w: 0.000000[0m
[0m[ INFO] [1748066645.909146741]: [1748066645.909] Robot state - x: 0.000000, y: 0.000000, phi: 0.000000[0m
[0m[ INFO] [1748066645.909244279]: [1748066645.909] Reference trajectory - x: 0.000000, y: 0.000000, phi: 0.000000, v: 0.000000, w: 0.000000[0m
[0m[ INFO] [1748066645.961390895]: Received reference trajectory - x: 0.000000, y: 0.000000, phi: 0.000000, v: 0.000077, w: 0.000000[0m
[0m[ INFO] [1748066646.009472038]: [1748066646.009] Robot state - x: 0.000000, y: 0.000000, phi: 0.000000[0m
[0m[ INFO] [1748066646.009577896]: [1748066646.010] Reference trajectory - x: 0.000000, y: 0.000000, phi: 0.000000, v: 0.000000, w: 0.000000[0m
[0m[ INFO] [1748066646.009634248]: [1748066646.010] v: 0.000000, w: 0.000000[0m
[0m[ INFO] [1748066646.053367899]: Received reference trajectory - x: 0.560757, y: 0.000000, phi: 0.000000, v: 12.178432, w: 0.000000[0m
[0m[ INFO] [1748066646.111407439]: [1748066646.111] Robot state - x: 0.000000, y: 0.000000, phi: 0.000000[0m
[0m[ INFO] [1748066646.111504497]: [1748066646.111] Reference trajectory - x: 0.000561, y: 0.000000, phi: 0.000000, v: 0.012178, w: 0.000000[0m
[0m[ INFO] [1748066646.111549393]: [1748066646.112] v: 0.014621, w: 0.000000[0m
[0m[ INFO] [1748066646.153413382]: Received reference trajectory - x: 2.435129, y: 0.000000, phi: 0.000000, v: 25.264610, w: 0.000000[0m
[0m[ INFO] [1748066646.210701135]: [1748066646.211] Robot state - x: 0.000000, y: 0.000000, phi: 0.000000[0m
[0m[ INFO] [1748066646.210810192]: [1748066646.211] Reference trajectory - x: 0.002435, y: 0.000000, phi: 0.000000, v: 0.025265, w: 0.000000[0m
[0m[ INFO] [1748066646.211014964]: [1748066646.211] v: 0.036049, w: 0.000000[0m
[0m[ INFO] [1748066646.252978922]: Received reference trajectory - x: 5.606783, y: 0.000000, phi: 0.000000, v: 38.162960, w: 0.000000[0m
[0m[ INFO] [1748066646.309461254]: [1748066646.309] Robot state - x: 0.000000, y: 0.000000, phi: 0.000000[0m
[0m[ INFO] [1748066646.309561223]: [1748066646.310] Reference trajectory - x: 0.005607, y: 0.000000, phi: 0.000000, v: 0.038163, w: 0.000000[0m
[0m[ INFO] [1748066646.309608488]: [1748066646.310] v: 0.063533, w: 0.000000[0m
[0m[ INFO] [1748066646.353177752]: Received reference trajectory - x: 10.061355, y: 0.000000, phi: 0.000000, v: 50.889755, w: 0.000000[0m
[0m[ INFO] [1748066646.410777349]: [1748066646.411] Robot state - x: 0.000000, y: 0.000000, phi: 0.000000[0m
[0m[ INFO] [1748066646.410883687]: [1748066646.411] Reference trajectory - x: 0.010061, y: 0.000000, phi: 0.000000, v: 0.050890, w: 0.000000[0m
[0m[ INFO] [1748066646.410930184]: [1748066646.411] v: 0.097435, w: 0.000000[0m
[0m[ INFO] [1748066646.453338501]: Received reference trajectory - x: 15.778275, y: 0.000000, phi: 0.000000, v: 63.435654, w: 0.000000[0m
[0m[ INFO] [1748066646.509650686]: [1748066646.510] Robot state - x: 0.000394, y: -0.000000, phi: -0.000096[0m
[0m[ INFO] [1748066646.509758496]: [1748066646.510] Reference trajectory - x: 0.015778, y: 0.000000, phi: 0.000000, v: 0.063436, w: 0.000000[0m
[0m[ INFO] [1748066646.509837953]: [1748066646.510] v: 0.136349, w: 0.000380[0m
[0m[ INFO] [1748066646.553487922]: Received reference trajectory - x: 22.742289, y: 0.000000, phi: 0.000000, v: 75.806374, w: 0.000000[0m
[0m[ INFO] [1748066646.609235714]: [1748066646.609] Robot state - x: 0.000596, y: -0.000000, phi: -0.001974[0m
[0m[ INFO] [1748066646.609330980]: [1748066646.609] Reference trajectory - x: 0.022742, y: 0.000000, phi: 0.000000, v: 0.075806, w: 0.000000[0m
[0m[ INFO] [1748066646.609387717]: [1748066646.609] v: 0.183037, w: 0.007852[0m
[0m[ INFO] [1748066646.654490797]: Received reference trajectory - x: 30.941481, y: 0.000000, phi: 0.000000, v: 88.008812, w: 0.000000[0m
[0m[ INFO] [1748066646.710757605]: [1748066646.711] Robot state - x: 0.002807, y: -0.000019, phi: -0.018978[0m
[0m[ INFO] [1748066646.710852967]: [1748066646.711] Reference trajectory - x: 0.030941, y: 0.000000, phi: 0.000000, v: 0.088009, w: 0.000000[0m
[0m[ INFO] [1748066646.710899335]: [1748066646.711] v: 0.228321, w: 0.075649[0m
[0m[ INFO] [1748066646.753376102]: Received reference trajectory - x: 40.338894, y: 0.000000, phi: 0.000000, v: 100.016304, w: 0.000000[0m
[0m[ INFO] [1748066646.809857026]: [1748066646.810] Robot state - x: 0.006350, y: -0.000028, phi: -0.019838[0m
[0m[ INFO] [1748066646.809956483]: [1748066646.810] Reference trajectory - x: 0.040339, y: 0.000000, phi: 0.000000, v: 0.100016, w: 0.000000[0m
[0m[ INFO] [1748066646.810006724]: [1748066646.810] v: 0.274722, w: 0.079158[0m
[0m[ INFO] [1748066646.853174254]: Received reference trajectory - x: 50.934937, y: 0.000000, phi: 0.000000, v: 111.854027, w: 0.000000[0m
[0m[ INFO] [1748066646.909333220]: [1748066646.909] Robot state - x: 0.012637, y: -0.000140, phi: -0.017704[0m
[0m[ INFO] [1748066646.909441382]: [1748066646.909] Reference trajectory - x: 0.050935, y: 0.000000, phi: 0.000000, v: 0.111854, w: 0.000000[0m
[0m[ INFO] [1748066646.909498567]: [1748066646.909] v: 0.316070, w: 0.071811[0m
[0m[ INFO] [1748066646.953408540]: Received reference trajectory - x: 62.704105, y: 0.000000, phi: 0.000000, v: 123.512177, w: 0.000000[0m
[0m[ INFO] [1748066647.009743957]: [1748066647.010] Robot state - x: 0.022062, y: -0.000304, phi: -0.012673[0m
[0m[ INFO] [1748066647.009900600]: [1748066647.010] Reference trajectory - x: 0.062704, y: 0.000000, phi: 0.000000, v: 0.123512, w: 0.000000[0m
[0m[ INFO] [1748066647.009969593]: [1748066647.010] v: 0.350038, w: 0.053485[0m
[0m[ INFO] [1748066647.053481191]: Received reference trajectory - x: 75.624306, y: 0.000000, phi: 0.000000, v: 134.987656, w: 0.000000[0m
[0m[ INFO] [1748066647.109676126]: [1748066647.110] Robot state - x: 0.034637, y: -0.000499, phi: -0.008406[0m
[0m[ INFO] [1748066647.109776896]: [1748066647.110] Reference trajectory - x: 0.075624, y: 0.000000, phi: 0.000000, v: 0.134988, w: 0.000000[0m
[0m[ INFO] [1748066647.109822368]: [1748066647.110] v: 0.375862, w: 0.038575[0m
[0m[ INFO] [1748066647.153057675]: Received reference trajectory - x: 89.696877, y: 0.000000, phi: 0.000000, v: 146.296448, w: 0.000000[0m
[0m[ INFO] [1748066647.210018989]: [1748066647.210] Robot state - x: 0.050372, y: -0.000700, phi: -0.008566[0m
[0m[ INFO] [1748066647.210147823]: [1748066647.210] Reference trajectory - x: 0.089697, y: 0.000000, phi: 0.000000, v: 0.146296, w: 0.000000[0m
[0m[ INFO] [1748066647.210222257]: [1748066647.210] v: 0.392883, w: 0.041373[0m
[0m[ INFO] [1748066647.252917330]: Received reference trajectory - x: 104.875565, y: 0.000000, phi: 0.000000, v: 157.415787, w: 0.000000[0m
[0m[ INFO] [1748066647.310139833]: [1748066647.310] Robot state - x: 0.067873, y: -0.000836, phi: -0.007324[0m
[0m[ INFO] [1748066647.310249467]: [1748066647.310] Reference trajectory - x: 0.104876, y: 0.000000, phi: 0.000000, v: 0.157416, w: 0.000000[0m
[0m[ INFO] [1748066647.310296028]: [1748066647.310] v: 0.406311, w: 0.038020[0m
[0m[ INFO] [1748066647.353204801]: Received reference trajectory - x: 121.169044, y: 0.000000, phi: 0.000000, v: 168.365509, w: 0.000000[0m
[0m[ INFO] [1748066647.410656779]: [1748066647.411] Robot state - x: 0.087141, y: -0.000976, phi: -0.004681[0m
[0m[ INFO] [1748066647.410812782]: [1748066647.411] Reference trajectory - x: 0.121169, y: 0.000000, phi: 0.000000, v: 0.168366, w: 0.000000[0m
[0m[ INFO] [1748066647.410861134]: [1748066647.411] v: 0.415998, w: 0.029172[0m
[0m[ INFO] [1748066647.452958343]: Received reference trajectory - x: 138.551605, y: 0.000000, phi: 0.000000, v: 179.139053, w: 0.000000[0m
[0m[ INFO] [1748066647.510802807]: [1748066647.511] Robot state - x: 0.108589, y: -0.001169, phi: -0.008056[0m
[0m[ INFO] [1748066647.510911545]: [1748066647.511] Reference trajectory - x: 0.138552, y: 0.000000, phi: 0.000000, v: 0.179139, w: 0.000000[0m
[0m[ INFO] [1748066647.510958554]: [1748066647.511] v: 0.419815, w: 0.044834[0m
[0m[ INFO] [1748066647.553034258]: Received reference trajectory - x: 156.993866, y: 0.000000, phi: 0.000000, v: 189.729660, w: 0.000000[0m
[0m[ INFO] [1748066647.609614447]: [1748066647.610] Robot state - x: 0.131612, y: -0.001320, phi: -0.011813[0m
[0m[ INFO] [1748066647.609717104]: [1748066647.610] Reference trajectory - x: 0.156994, y: 0.000000, phi: 0.000000, v: 0.189730, w: 0.000000[0m
[0m[ INFO] [1748066647.609762801]: [1748066647.610] v: 0.419921, w: 0.061654[0m
[0m[ INFO] [1748066647.654522387]: Received reference trajectory - x: 176.490509, y: 0.000000, phi: 0.000000, v: 200.144791, w: 0.000000[0m
[0m[ INFO] [1748066647.710761995]: [1748066647.711] Robot state - x: 0.156199, y: -0.001524, phi: -0.012291[0m
[0m[ INFO] [1748066647.710861516]: [1748066647.711] Reference trajectory - x: 0.176491, y: 0.000000, phi: 0.000000, v: 0.200145, w: 0.000000[0m
[0m[ INFO] [1748066647.710908333]: [1748066647.711] v: 0.416184, w: 0.066010[0m
[0m[ INFO] [1748066647.754348378]: Received reference trajectory - x: 197.011261, y: 0.000000, phi: 0.000000, v: 210.377960, w: 0.000000[0m
[0m[ INFO] [1748066647.810105930]: [1748066647.810] Robot state - x: 0.181773, y: -0.001859, phi: -0.014838[0m
[0m[ INFO] [1748066647.810203660]: [1748066647.810] Reference trajectory - x: 0.197011, y: 0.000000, phi: 0.000000, v: 0.210378, w: 0.000000[0m
[0m[ INFO] [1748066647.810250060]: [1748066647.810] v: 0.410814, w: 0.079968[0m
[0m[ INFO] [1748066647.853218610]: Received reference trajectory - x: 218.561310, y: 0.000000, phi: 0.000000, v: 220.440369, w: 0.000000[0m
[0m[ INFO] [1748066647.915927152]: [1748066647.916] Robot state - x: 0.209911, y: -0.002275, phi: -0.019838[0m
[0m[ INFO] [1748066647.916030418]: [1748066647.916] Reference trajectory - x: 0.218561, y: 0.000000, phi: 0.000000, v: 0.220440, w: 0.000000[0m
[0m[ INFO] [1748066647.916292598]: [1748066647.916] v: 0.396995, w: 0.104596[0m
[0m[ INFO] [1748066647.953513569]: Received reference trajectory - x: 241.098114, y: 0.000000, phi: 0.000000, v: 230.320206, w: 0.000000[0m
[0m[ INFO] [1748066648.010932811]: [1748066648.011] Robot state - x: 0.234102, y: -0.002639, phi: -0.020220[0m
[0m[ INFO] [1748066648.011037677]: [1748066648.011] Reference trajectory - x: 0.241098, y: 0.000000, phi: 0.000000, v: 0.230320, w: 0.000000[0m
[0m[ INFO] [1748066648.011096397]: [1748066648.011] v: 0.402402, w: 0.110471[0m
[0m[ INFO] [1748066648.053060771]: Received reference trajectory - x: 264.618652, y: 0.000000, phi: 0.000000, v: 240.024216, w: 0.000000[0m
[0m[ INFO] [1748066648.109566302]: [1748066648.109] Robot state - x: 0.259079, y: -0.003141, phi: -0.020793[0m
[0m[ INFO] [1748066648.109705633]: [1748066648.110] Reference trajectory - x: 0.264619, y: 0.000000, phi: 0.000000, v: 0.240024, w: 0.000000[0m
[0m[ INFO] [1748066648.110088935]: [1748066648.110] v: 0.407975, w: 0.118613[0m
[0m[ INFO] [1748066648.153605397]: Received reference trajectory - x: 289.095215, y: 0.000000, phi: 0.000000, v: 249.548309, w: 0.000000[0m
[0m[ INFO] [1748066648.210720314]: [1748066648.211] Robot state - x: 0.285428, y: -0.003662, phi: -0.019870[0m
[0m[ INFO] [1748066648.210848732]: [1748066648.211] Reference trajectory - x: 0.289095, y: 0.000000, phi: 0.000000, v: 0.249548, w: 0.000000[0m
[0m[ INFO] [1748066648.210897789]: [1748066648.211] v: 0.411094, w: 0.121142[0m
[0m[ INFO] [1748066648.253178487]: Received reference trajectory - x: 314.526581, y: 0.000000, phi: 0.000000, v: 258.898773, w: 0.000000[0m
[0m[ INFO] [1748066648.309776596]: [1748066648.310] Robot state - x: 0.313149, y: -0.004205, phi: -0.017450[0m
[0m[ INFO] [1748066648.309875253]: [1748066648.310] Reference trajectory - x: 0.314527, y: 0.000000, phi: 0.000000, v: 0.258899, w: 0.000000[0m
[0m[ INFO] [1748066648.309921718]: [1748066648.310] v: 0.411628, w: 0.118108[0m
[0m[ INFO] [1748066648.353193409]: Received reference trajectory - x: 340.870026, y: 0.000000, phi: 0.000000, v: 268.066467, w: 0.000000[0m
[0m[ INFO] [1748066648.409884479]: [1748066648.410] Robot state - x: 0.341264, y: -0.004731, phi: -0.015125[0m
[0m[ INFO] [1748066648.409980224]: [1748066648.410] Reference trajectory - x: 0.340870, y: 0.000000, phi: 0.000000, v: 0.268066, w: 0.000000[0m
[0m[ INFO] [1748066648.410055329]: [1748066648.410] v: 0.413513, w: 0.115457[0m
[0m[ INFO] [1748066648.453090056]: Received reference trajectory - x: 368.131683, y: 0.000000, phi: 0.000000, v: 277.059906, w: 0.000000[0m
[0m[ INFO] [1748066648.509579139]: [1748066648.509] Robot state - x: 0.369582, y: -0.005219, phi: -0.014679[0m
[0m[ INFO] [1748066648.509677701]: [1748066648.510] Reference trajectory - x: 0.368132, y: 0.000000, phi: 0.000000, v: 0.277060, w: 0.000000[0m
[0m[ INFO] [1748066648.509728229]: [1748066648.510] v: 0.417780, w: 0.120059[0m
[0m[ INFO] [1748066648.552899118]: Received reference trajectory - x: 396.268311, y: 0.000000, phi: 0.000000, v: 285.870697, w: 0.000000[0m
[0m[ INFO] [1748066648.652988825]: Received reference trajectory - x: 425.284668, y: 0.000000, phi: 0.000000, v: 294.506195, w: 0.000000[0m
[0m[ INFO] [1748066648.672853170]: [1748066648.673] Robot state - x: 0.398487, y: -0.005625, phi: -0.012546[0m
[0m[ INFO] [1748066648.673004212]: [1748066648.673] Reference trajectory - x: 0.425285, y: 0.000000, phi: 0.000000, v: 0.294506, w: 0.000000[0m
[0m[ INFO] [1748066648.673052053]: [1748066648.673] v: 0.557817, w: 0.117291[0m
[0m[ INFO] [1748066648.709637366]: [1748066648.710] Robot state - x: 0.428381, y: -0.006063, phi: -0.012482[0m
[0m[ INFO] [1748066648.709766776]: [1748066648.710] Reference trajectory - x: 0.425285, y: 0.000000, phi: 0.000000, v: 0.294506, w: 0.000000[0m
[0m[ INFO] [1748066648.709854457]: [1748066648.710] v: 0.436068, w: 0.123196[0m
[0m[ INFO] [1748066648.755340775]: Received reference trajectory - x: 455.366425, y: 0.000000, phi: 0.000000, v: 303.022156, w: 0.000000[0m
[0m[ INFO] [1748066648.810811378]: [1748066648.811] Robot state - x: 0.458669, y: -0.006444, phi: -0.012514[0m
[0m[ INFO] [1748066648.810945716]: [1748066648.811] Reference trajectory - x: 0.455366, y: 0.000000, phi: 0.000000, v: 0.303022, w: 0.000000[0m
[0m[ INFO] [1748066648.811004629]: [1748066648.811] v: 0.442707, w: 0.129044[0m
[0m[ INFO] [1748066648.857706901]: Received reference trajectory - x: 486.244232, y: 0.000000, phi: 0.000000, v: 311.344177, w: 0.000000[0m
[0m[ INFO] [1748066648.909840139]: [1748066648.910] Robot state - x: 0.489351, y: -0.006829, phi: -0.012641[0m
[0m[ INFO] [1748066648.909934925]: [1748066648.910] Reference trajectory - x: 0.486244, y: 0.000000, phi: 0.000000, v: 0.311344, w: 0.000000[0m
[0m[ INFO] [1748066648.909985294]: [1748066648.910] v: 0.450840, w: 0.135438[0m
[0m[ INFO] [1748066648.952928563]: Received reference trajectory - x: 517.421875, y: 0.000000, phi: 0.000000, v: 319.354248, w: 0.000000[0m
[0m[ INFO] [1748066649.010021559]: [1748066649.010] Robot state - x: 0.519245, y: -0.007202, phi: -0.012578[0m
[0m[ INFO] [1748066649.010209722]: [1748066649.010] Reference trajectory - x: 0.517422, y: 0.000000, phi: 0.000000, v: 0.319354, w: 0.000000[0m
[0m[ INFO] [1748066649.010280955]: [1748066649.010] v: 0.463458, w: 0.141075[0m
[0m[ INFO] [1748066649.054235280]: Received reference trajectory - x: 549.762390, y: 0.000000, phi: 0.000000, v: 327.281433, w: 0.000000[0m
[0m[ INFO] [1748066649.110695050]: [1748066649.111] Robot state - x: 0.553268, y: -0.007617, phi: -0.011686[0m
[0m[ INFO] [1748066649.110788812]: [1748066649.111] Reference trajectory - x: 0.549762, y: 0.000000, phi: 0.000000, v: 0.327281, w: 0.000000[0m
[0m[ INFO] [1748066649.110833836]: [1748066649.111] v: 0.463481, w: 0.143957[0m
[0m[ INFO] [1748066649.153065990]: Received reference trajectory - x: 582.865173, y: 0.000000, phi: 0.000000, v: 335.025818, w: 0.000000[0m
[0m[ INFO] [1748066649.215084344]: [1748066649.215] Robot state - x: 0.587098, y: -0.008057, phi: -0.012578[0m
[0m[ INFO] [1748066649.215195289]: [1748066649.215] Reference trajectory - x: 0.582865, y: 0.000000, phi: 0.000000, v: 0.335026, w: 0.000000[0m
[0m[ INFO] [1748066649.215348732]: [1748066649.215] v: 0.466949, w: 0.154316[0m
[0m[ INFO] [1748066649.254574822]: Received reference trajectory - x: 616.750061, y: 0.000000, phi: 0.000000, v: 342.596252, w: 0.000000[0m
[0m[ INFO] [1748066649.309904782]: [1748066649.310] Robot state - x: 0.620919, y: -0.008406, phi: -0.009807[0m
[0m[ INFO] [1748066649.309993776]: [1748066649.310] Reference trajectory - x: 0.616750, y: 0.000000, phi: 0.000000, v: 0.342596, w: 0.000000[0m
[0m[ INFO] [1748066649.310040432]: [1748066649.310] v: 0.473458, w: 0.149333[0m
[0m[ INFO] [1748066649.352828915]: Received reference trajectory - x: 651.372742, y: 0.000000, phi: 0.000000, v: 349.986725, w: 0.000000[0m
[0m[ INFO] [1748066649.411915830]: [1748066649.412] Robot state - x: 0.655729, y: -0.008831, phi: -0.009107[0m
[0m[ INFO] [1748066649.412016600]: [1748066649.412] Reference trajectory - x: 0.651373, y: 0.000000, phi: 0.000000, v: 0.349987, w: 0.000000[0m
[0m[ INFO] [1748066649.412098969]: [1748066649.412] v: 0.478716, w: 0.153461[0m
[0m[ INFO] [1748066649.454915996]: Received reference trajectory - x: 686.753052, y: 0.000000, phi: 0.000000, v: 357.204987, w: 0.000000[0m
[0m[ INFO] [1748066649.510928495]: [1748066649.511] Robot state - x: 0.691519, y: -0.009141, phi: -0.006814[0m
[0m[ INFO] [1748066649.511016240]: [1748066649.511] Reference trajectory - x: 0.686753, y: 0.000000, phi: 0.000000, v: 0.357205, w: 0.000000[0m
[0m[ INFO] [1748066649.511062129]: [1748066649.511] v: 0.482773, w: 0.150237[0m
[0m[ INFO] [1748066649.552833540]: Received reference trajectory - x: 722.816956, y: 0.000000, phi: 0.000000, v: 364.239655, w: 0.000000[0m
[0m[ INFO] [1748066649.610185228]: [1748066649.610] Robot state - x: 0.727501, y: -0.009396, phi: -0.002738[0m
[0m[ INFO] [1748066649.610388559]: [1748066649.610] Reference trajectory - x: 0.722817, y: 0.000000, phi: 0.000000, v: 0.364240, w: 0.000000[0m
[0m[ INFO] [1748066649.610697780]: [1748066649.611] v: 0.488658, w: 0.139465[0m
[0m[ INFO] [1748066649.655832923]: Received reference trajectory - x: 759.647583, y: 0.000000, phi: 0.000000, v: 371.109802, w: 0.000000[0m
[0m[ INFO] [1748066649.712188339]: [1748066649.712] Robot state - x: 0.764271, y: -0.009575, phi: 0.001146[0m
[0m[ INFO] [1748066649.712280341]: [1748066649.712] Reference trajectory - x: 0.759648, y: 0.000000, phi: 0.000000, v: 0.371110, w: 0.000000[0m
[0m[ INFO] [1748066649.712323702]: [1748066649.712] v: 0.494313, w: 0.128780[0m
[0m[ INFO] [1748066649.752864885]: Received reference trajectory - x: 797.024231, y: 0.000000, phi: 0.000000, v: 377.778320, w: 0.000000[0m
[0m[ INFO] [1748066649.809434384]: [1748066649.809] Robot state - x: 0.802031, y: -0.009644, phi: 0.002961[0m
[0m[ INFO] [1748066649.809696596]: [1748066649.810] Reference trajectory - x: 0.797024, y: 0.000000, phi: 0.000000, v: 0.377778, w: 0.000000[0m
[0m[ INFO] [1748066649.810283838]: [1748066649.810] v: 0.497853, w: 0.125281[0m
[0m[ INFO] [1748066649.853095840]: Received reference trajectory - x: 835.123535, y: 0.000000, phi: 0.000000, v: 384.280731, w: 0.000000[0m
[0m[ INFO] [1748066649.909369303]: [1748066649.909] Robot state - x: 0.839588, y: -0.009532, phi: 0.006655[0m
[0m[ INFO] [1748066649.909470393]: [1748066649.909] Reference trajectory - x: 0.835124, y: 0.000000, phi: 0.000000, v: 0.384281, w: 0.000000[0m
[0m[ INFO] [1748066649.909520282]: [1748066649.910] v: 0.505133, w: 0.112518[0m
[0m[ INFO] [1748066649.952905894]: Received reference trajectory - x: 873.866028, y: 0.000000, phi: 0.000000, v: 390.605713, w: 0.000000[0m
[0m[ INFO] [1748066650.009754118]: [1748066650.010] Robot state - x: 0.877731, y: -0.009316, phi: 0.012036[0m
[0m[ INFO] [1748066650.009841927]: [1748066650.010] Reference trajectory - x: 0.873866, y: 0.000000, phi: 0.000000, v: 0.390606, w: 0.000000[0m
[0m[ INFO] [1748066650.009885032]: [1748066650.010] v: 0.512661, w: 0.091977[0m
[0m[ INFO] [1748066650.053062160]: Received reference trajectory - x: 913.239075, y: 0.000000, phi: 0.000000, v: 396.754028, w: 0.000000[0m
[0m[ INFO] [1748066650.109482825]: [1748066650.109] Robot state - x: 0.916681, y: -0.009098, phi: 0.009903[0m
[0m[ INFO] [1748066650.109715469]: [1748066650.110] Reference trajectory - x: 0.913239, y: 0.000000, phi: 0.000000, v: 0.396754, w: 0.000000[0m
[0m[ INFO] [1748066650.109785742]: [1748066650.110] v: 0.519430, w: 0.101226[0m
[0m[ INFO] [1748066650.153000535]: Received reference trajectory - x: 953.209351, y: 0.000000, phi: 0.000000, v: 402.723236, w: 0.000000[0m
[0m[ INFO] [1748066650.214554176]: [1748066650.214] Robot state - x: 0.956608, y: -0.008629, phi: 0.009362[0m
[0m[ INFO] [1748066650.214694915]: [1748066650.215] Reference trajectory - x: 0.953209, y: 0.000000, phi: 0.000000, v: 0.402723, w: 0.000000[0m
[0m[ INFO] [1748066650.214771012]: [1748066650.215] v: 0.524501, w: 0.101554[0m
[0m[ INFO] [1748066650.254638552]: Received reference trajectory - x: 993.805481, y: 0.000000, phi: 0.000000, v: 408.520020, w: 0.000000[0m
[0m[ INFO] [1748066650.309731900]: [1748066650.310] Robot state - x: 0.996727, y: -0.008206, phi: 0.010604[0m
[0m[ INFO] [1748066650.309865566]: [1748066650.310] Reference trajectory - x: 0.993805, y: 0.000000, phi: 0.000000, v: 0.408520, w: 0.000000[0m
[0m[ INFO] [1748066650.309911295]: [1748066650.310] v: 0.531300, w: 0.095120[0m
[0m[ INFO] [1748066650.352864003]: Received reference trajectory - x: 1034.916504, y: 0.000000, phi: 0.000000, v: 414.131226, w: 0.000000[0m
[0m[ INFO] [1748066650.410315244]: [1748066650.410] Robot state - x: 1.037645, y: -0.007877, phi: 0.007992[0m
[0m[ INFO] [1748066650.410611473]: [1748066650.410] Reference trajectory - x: 1.034917, y: 0.000000, phi: 0.000000, v: 0.414131, w: 0.000000[0m
[0m[ INFO] [1748066650.410724499]: [1748066650.411] v: 0.536831, w: 0.104797[0m
[0m[ INFO] [1748066650.457302161]: Received reference trajectory - x: 1076.652344, y: 0.000000, phi: 0.000000, v: 419.574127, w: 0.000000[0m
[0m[ INFO] [1748066650.510784571]: [1748066650.511] Robot state - x: 1.079541, y: -0.007454, phi: 0.006973[0m
[0m[ INFO] [1748066650.510937022]: [1748066650.511] Reference trajectory - x: 1.076652, y: 0.000000, phi: 0.000000, v: 0.419574, w: 0.000000[0m
[0m[ INFO] [1748066650.511046239]: [1748066650.511] v: 0.540714, w: 0.107107[0m
[0m[ INFO] [1748066650.553473980]: Received reference trajectory - x: 1118.833740, y: 0.000000, phi: 0.000000, v: 424.827820, w: 0.000000[0m
[0m[ INFO] [1748066650.609337260]: [1748066650.609] Robot state - x: 1.121831, y: -0.007139, phi: 0.005859[0m
[0m[ INFO] [1748066650.609425901]: [1748066650.609] Reference trajectory - x: 1.118834, y: 0.000000, phi: 0.000000, v: 0.424828, w: 0.000000[0m
[0m[ INFO] [1748066650.609523151]: [1748066650.609] v: 0.544580, w: 0.110748[0m
[0m[ INFO] [1748066650.652747128]: Received reference trajectory - x: 1161.554810, y: 0.000000, phi: 0.000000, v: 429.906830, w: 0.000000[0m
[0m[ INFO] [1748066650.710997262]: [1748066650.711] Robot state - x: 1.165112, y: -0.006906, phi: 0.002675[0m
[0m[ INFO] [1748066650.711140048]: [1748066650.711] Reference trajectory - x: 1.161555, y: 0.000000, phi: 0.000000, v: 0.429907, w: 0.000000[0m
[0m[ INFO] [1748066650.711473141]: [1748066650.711] v: 0.546275, w: 0.123335[0m
[0m[ INFO] [1748066650.752916578]: Received reference trajectory - x: 1204.792847, y: 0.000000, phi: 0.000000, v: 434.810211, w: 0.000000[0m
[0m[ INFO] [1748066650.818775568]: [1748066650.819] Robot state - x: 1.208562, y: -0.006523, phi: 0.008597[0m
[0m[ INFO] [1748066650.818898258]: [1748066650.819] Reference trajectory - x: 1.204793, y: 0.000000, phi: 0.000000, v: 0.434810, w: 0.000000[0m
[0m[ INFO] [1748066650.818943410]: [1748066650.819] v: 0.549130, w: 0.098135[0m
[0m[ INFO] [1748066650.852750023]: Received reference trajectory - x: 1248.506226, y: 0.000000, phi: 0.000000, v: 439.535187, w: 0.000000[0m
[0m[ INFO] [1748066650.909833514]: [1748066650.910] Robot state - x: 1.252428, y: -0.006439, phi: 0.007101[0m
[0m[ INFO] [1748066650.909927788]: [1748066650.910] Reference trajectory - x: 1.248506, y: 0.000000, phi: 0.000000, v: 0.439535, w: 0.000000[0m
[0m[ INFO] [1748066650.909971276]: [1748066650.910] v: 0.551998, w: 0.105302[0m
[0m[ INFO] [1748066650.952924209]: Received reference trajectory - x: 1292.692017, y: 0.000000, phi: 0.000000, v: 444.083282, w: 0.000000[0m
[0m[ INFO] [1748066651.010089718]: [1748066651.010] Robot state - x: 1.296473, y: -0.005973, phi: 0.011049[0m
[0m[ INFO] [1748066651.010222104]: [1748066651.010] Reference trajectory - x: 1.292692, y: 0.000000, phi: 0.000000, v: 0.444083, w: 0.000000[0m
[0m[ INFO] [1748066651.010289945]: [1748066651.010] v: 0.555919, w: 0.086980[0m
[0m[ INFO] [1748066651.053471265]: Received reference trajectory - x: 1337.348267, y: 0.000000, phi: 0.000000, v: 448.455933, w: 0.000000[0m
[0m[ INFO] [1748066651.109633909]: [1748066651.110] Robot state - x: 1.340924, y: -0.005653, phi: 0.011240[0m
[0m[ INFO] [1748066651.109724822]: [1748066651.110] Reference trajectory - x: 1.337348, y: 0.000000, phi: 0.000000, v: 0.448456, w: 0.000000[0m
[0m[ INFO] [1748066651.109797752]: [1748066651.110] v: 0.559993, w: 0.084908[0m
[0m[ INFO] [1748066651.152834653]: Received reference trajectory - x: 1382.392822, y: 0.000000, phi: 0.000000, v: 452.646912, w: 0.000000[0m
[0m[ INFO] [1748066651.217290484]: [1748066651.217] Robot state - x: 1.386362, y: -0.005194, phi: 0.009362[0m
[0m[ INFO] [1748066651.217466679]: [1748066651.217] Reference trajectory - x: 1.382393, y: 0.000000, phi: 0.000000, v: 0.452647, w: 0.000000[0m
[0m[ INFO] [1748066651.217599449]: [1748066651.218] v: 0.561338, w: 0.089568[0m
[0m[ INFO] [1748066651.253236170]: Received reference trajectory - x: 1427.847778, y: 0.000000, phi: 0.000000, v: 456.660248, w: 0.000000[0m
[0m[ INFO] [1748066651.309542785]: [1748066651.309] Robot state - x: 1.431992, y: -0.004683, phi: 0.009266[0m
[0m[ INFO] [1748066651.309671523]: [1748066651.310] Reference trajectory - x: 1.427848, y: 0.000000, phi: 0.000000, v: 0.456660, w: 0.000000[0m
[0m[ INFO] [1748066651.310035337]: [1748066651.310] v: 0.563335, w: 0.086481[0m
[0m[ INFO] [1748066651.352800202]: Received reference trajectory - x: 1473.698608, y: 0.000000, phi: 0.000000, v: 460.496185, w: 0.000000[0m
[0m[ INFO] [1748066651.409734443]: [1748066651.410] Robot state - x: 1.477814, y: -0.004215, phi: 0.010954[0m
[0m[ INFO] [1748066651.409841228]: [1748066651.410] Reference trajectory - x: 1.473699, y: 0.000000, phi: 0.000000, v: 0.460496, w: 0.000000[0m
[0m[ INFO] [1748066651.409981902]: [1748066651.410] v: 0.565988, w: 0.076573[0m
[0m[ INFO] [1748066651.456069892]: Received reference trajectory - x: 1519.970215, y: 0.000000, phi: 0.000000, v: 464.157959, w: 0.000000[0m
[0m[ INFO] [1748066651.509463053]: [1748066651.509] Robot state - x: 1.524637, y: -0.003876, phi: 0.006910[0m
[0m[ INFO] [1748066651.509560046]: [1748066651.510] Reference trajectory - x: 1.519970, y: 0.000000, phi: 0.000000, v: 0.464158, w: 0.000000[0m
[0m[ INFO] [1748066651.509614671]: [1748066651.510] v: 0.565949, w: 0.090591[0m
[0m[ INFO] [1748066651.553179101]: Received reference trajectory - x: 1566.553955, y: 0.000000, phi: 0.000000, v: 467.638367, w: 0.000000[0m
[0m[ INFO] [1748066651.616946473]: [1748066651.616] Robot state - x: 1.571650, y: -0.003414, phi: 0.004649[0m
[0m[ INFO] [1748066651.617324303]: [1748066651.617] Reference trajectory - x: 1.566554, y: 0.000000, phi: 0.000000, v: 0.467638, w: 0.000000[0m
[0m[ INFO] [1748066651.617528819]: [1748066651.617] v: 0.566084, w: 0.096185[0m
[0m[ INFO] [1748066651.652958241]: Received reference trajectory - x: 1613.455933, y: 0.000000, phi: 0.000000, v: 470.939636, w: 0.000000[0m
[0m[ INFO] [1748066651.709575548]: [1748066651.709] Robot state - x: 1.618473, y: -0.003186, phi: 0.000605[0m
[0m[ INFO] [1748066651.709671454]: [1748066651.710] Reference trajectory - x: 1.613456, y: 0.000000, phi: 0.000000, v: 0.470940, w: 0.000000[0m
[0m[ INFO] [1748066651.709763903]: [1748066651.710] v: 0.568117, w: 0.111053[0m
[0m[ INFO] [1748066651.752938439]: Received reference trajectory - x: 1660.719849, y: 0.000000, phi: 0.000000, v: 474.065979, w: 0.000000[0m
[0m[ INFO] [1748066651.809333055]: [1748066651.809] Robot state - x: 1.665871, y: -0.002934, phi: 0.001910[0m
[0m[ INFO] [1748066651.809418880]: [1748066651.809] Reference trajectory - x: 1.660720, y: 0.000000, phi: 0.000000, v: 0.474066, w: 0.000000[0m
[0m[ INFO] [1748066651.809495841]: [1748066651.809] v: 0.569074, w: 0.104355[0m
[0m[ INFO] [1748066651.852924205]: Received reference trajectory - x: 1708.265869, y: 0.000000, phi: 0.000000, v: 477.013123, w: 0.000000[0m
[0m[ INFO] [1748066651.909676651]: [1748066651.910] Robot state - x: 1.713089, y: -0.003003, phi: -0.002229[0m
[0m[ INFO] [1748066651.909769900]: [1748066651.910] Reference trajectory - x: 1.708266, y: 0.000000, phi: 0.000000, v: 0.477013, w: 0.000000[0m
[0m[ INFO] [1748066651.909812685]: [1748066651.910] v: 0.571824, w: 0.122433[0m
[0m[ INFO] [1748066651.953214073]: Received reference trajectory - x: 1756.109863, y: 0.000000, phi: 0.000000, v: 479.783264, w: 0.000000[0m
[0m[ INFO] [1748066652.010000023]: [1748066652.010] Robot state - x: 1.760689, y: -0.002926, phi: -0.002802[0m
[0m[ INFO] [1748066652.010121305]: [1748066652.010] Reference trajectory - x: 1.756110, y: 0.000000, phi: 0.000000, v: 0.479783, w: 0.000000[0m
[0m[ INFO] [1748066652.010212570]: [1748066652.010] v: 0.574130, w: 0.124888[0m
[0m[ INFO] [1748066652.055403041]: Received reference trajectory - x: 1804.265503, y: 0.000000, phi: 0.000000, v: 482.377838, w: 0.000000[0m
[0m[ INFO] [1748066652.109764185]: [1748066652.110] Robot state - x: 1.808886, y: -0.003095, phi: -0.005350[0m
[0m[ INFO] [1748066652.109853434]: [1748066652.110] Reference trajectory - x: 1.804265, y: 0.000000, phi: 0.000000, v: 0.482378, w: 0.000000[0m
[0m[ INFO] [1748066652.109906459]: [1748066652.110] v: 0.575101, w: 0.137629[0m
[0m[ INFO] [1748066652.153035074]: Received reference trajectory - x: 1852.589722, y: 0.000000, phi: 0.000000, v: 484.790375, w: 0.000000[0m
[0m[ INFO] [1748066652.212346215]: [1748066652.212] Robot state - x: 1.857475, y: -0.003295, phi: -0.007992[0m
[0m[ INFO] [1748066652.212607499]: [1748066652.212] Reference trajectory - x: 1.852590, y: 0.000000, phi: 0.000000, v: 0.484790, w: 0.000000[0m
[0m[ INFO] [1748066652.212766254]: [1748066652.213] v: 0.574897, w: 0.151120[0m
[0m[ INFO] [1748066652.253033928]: Received reference trajectory - x: 1901.172729, y: 0.000000, phi: 0.000000, v: 487.026550, w: 0.000000[0m
[0m[ INFO] [1748066652.309737540]: [1748066652.310] Robot state - x: 1.906055, y: -0.003530, phi: -0.006973[0m
[0m[ INFO] [1748066652.309833446]: [1748066652.310] Reference trajectory - x: 1.901173, y: 0.000000, phi: 0.000000, v: 0.487027, w: 0.000000[0m
[0m[ INFO] [1748066652.309878886]: [1748066652.310] v: 0.575606, w: 0.150462[0m
[0m[ INFO] [1748066652.353174704]: Received reference trajectory - x: 1949.971802, y: 0.000000, phi: 0.000000, v: 489.085083, w: 0.000000[0m
[0m[ INFO] [1748066652.411590791]: [1748066652.411] Robot state - x: 1.955814, y: -0.003910, phi: -0.006241[0m
[0m[ INFO] [1748066652.411682856]: [1748066652.412] Reference trajectory - x: 1.949972, y: 0.000000, phi: 0.000000, v: 0.489085, w: 0.000000[0m
[0m[ INFO] [1748066652.411739625]: [1748066652.412] v: 0.571939, w: 0.152461[0m
[0m[ INFO] [1748066652.453120469]: Received reference trajectory - x: 1998.984619, y: 0.000000, phi: 0.000000, v: 490.966492, w: 0.000000[0m
[0m[ INFO] [1748066652.509979348]: [1748066652.510] Robot state - x: 2.004978, y: -0.004186, phi: -0.003534[0m
[0m[ INFO] [1748066652.510090229]: [1748066652.510] Reference trajectory - x: 1.998985, y: 0.000000, phi: 0.000000, v: 0.490966, w: 0.000000[0m
[0m[ INFO] [1748066652.510137014]: [1748066652.510] v: 0.571314, w: 0.145699[0m
[0m[ INFO] [1748066652.552838806]: Received reference trajectory - x: 2048.159668, y: 0.000000, phi: 0.000000, v: 492.669525, w: 0.000000[0m
[0m[ INFO] [1748066652.615426575]: [1748066652.615] Robot state - x: 2.054940, y: -0.004527, phi: -0.004681[0m
[0m[ INFO] [1748066652.615572305]: [1748066652.616] Reference trajectory - x: 2.048160, y: 0.000000, phi: 0.000000, v: 0.492670, w: 0.000000[0m
[0m[ INFO] [1748066652.615643027]: [1748066652.616] v: 0.567696, w: 0.154985[0m
[0m[ INFO] [1748066652.654942429]: Received reference trajectory - x: 2097.538330, y: 0.000000, phi: 0.000000, v: 494.196045, w: 0.000000[0m
[0m[ INFO] [1748066652.710056672]: [1748066652.710] Robot state - x: 2.103913, y: -0.004677, phi: -0.003757[0m
[0m[ INFO] [1748066652.710165442]: [1748066652.710] Reference trajectory - x: 2.097538, y: 0.000000, phi: 0.000000, v: 0.494196, w: 0.000000[0m
[0m[ INFO] [1748066652.710216035]: [1748066652.710] v: 0.568847, w: 0.154250[0m
[0m[ INFO] [1748066652.752983620]: Received reference trajectory - x: 2147.002686, y: 0.000000, phi: 0.000000, v: 495.543091, w: 0.000000[0m
[0m[ INFO] [1748066652.814445995]: [1748066652.814] Robot state - x: 2.152684, y: -0.004837, phi: -0.000955[0m
[0m[ INFO] [1748066652.814571213]: [1748066652.815] Reference trajectory - x: 2.147003, y: 0.000000, phi: 0.000000, v: 0.495543, w: 0.000000[0m
[0m[ INFO] [1748066652.814635118]: [1748066652.815] v: 0.571199, w: 0.146186[0m
[0m[ INFO] [1748066652.855120684]: Received reference trajectory - x: 2196.660156, y: 0.000000, phi: 0.000000, v: 496.713959, w: 0.000000[0m
[0m[ INFO] [1748066652.910575860]: [1748066652.910] Robot state - x: 2.201456, y: -0.004952, phi: 0.001847[0m
[0m[ INFO] [1748066652.910697110]: [1748066652.911] Reference trajectory - x: 2.196660, y: 0.000000, phi: 0.000000, v: 0.496714, w: 0.000000[0m
[0m[ INFO] [1748066652.910745079]: [1748066652.911] v: 0.574433, w: 0.137723[0m
[0m[ INFO] [1748066652.952894670]: Received reference trajectory - x: 2246.351074, y: 0.000000, phi: 0.000000, v: 497.705414, w: 0.000000[0m
[0m[ INFO] [1748066653.014928255]: [1748066653.014] Robot state - x: 2.250237, y: -0.005020, phi: 0.000987[0m
[0m[ INFO] [1748066653.015269572]: [1748066653.015] Reference trajectory - x: 2.246351, y: 0.000000, phi: 0.000000, v: 0.497705, w: 0.000000[0m
[0m[ INFO] [1748066653.021116160]: [1748066653.020] v: 0.577870, w: 0.143382[0m
[0m[ INFO] [1748066653.052849011]: Received reference trajectory - x: 2296.141357, y: 0.000000, phi: 0.000000, v: 498.519440, w: 0.000000[0m
[0m[ INFO] [1748066653.109672305]: [1748066653.110] Robot state - x: 2.299998, y: -0.004909, phi: 0.001720[0m
[0m[ INFO] [1748066653.109769490]: [1748066653.110] Reference trajectory - x: 2.296141, y: 0.000000, phi: 0.000000, v: 0.498519, w: 0.000000[0m
[0m[ INFO] [1748066653.109845748]: [1748066653.110] v: 0.577586, w: 0.140955[0m
[0m[ INFO] [1748066653.152807959]: Received reference trajectory - x: 2346.026123, y: 0.000000, phi: 0.000000, v: 499.156097, w: 0.000000[0m
[0m[ INFO] [1748066653.211170285]: [1748066653.211] Robot state - x: 2.349748, y: -0.004751, phi: 0.006114[0m
[0m[ INFO] [1748066653.211263311]: [1748066653.211] Reference trajectory - x: 2.346026, y: 0.000000, phi: 0.000000, v: 0.499156, w: 0.000000[0m
[0m[ INFO] [1748066653.211334416]: [1748066653.211] v: 0.577589, w: 0.123450[0m
[0m[ INFO] [1748066653.252865949]: Received reference trajectory - x: 2395.965332, y: 0.000000, phi: 0.000000, v: 499.614990, w: 0.000000[0m
[0m[ INFO] [1748066653.309293909]: [1748066653.309] Robot state - x: 2.399913, y: -0.004741, phi: 0.003089[0m
[0m[ INFO] [1748066653.309414135]: [1748066653.309] Reference trajectory - x: 2.395965, y: 0.000000, phi: 0.000000, v: 0.499615, w: 0.000000[0m
[0m[ INFO] [1748066653.309492376]: [1748066653.309] v: 0.575890, w: 0.136875[0m
[0m[ INFO] [1748066653.352817410]: Received reference trajectory - x: 2445.939453, y: 0.000000, phi: 0.000000, v: 499.896088, w: 0.000000[0m
[0m[ INFO] [1748066653.411016789]: [1748066653.411] Robot state - x: 2.450066, y: -0.004418, phi: 0.003726[0m
[0m[ INFO] [1748066653.411177816]: [1748066653.411] Reference trajectory - x: 2.445940, y: 0.000000, phi: 0.000000, v: 0.499896, w: 0.000000[0m
[0m[ INFO] [1748066653.411257113]: [1748066653.411] v: 0.574143, w: 0.132614[0m
[0m[ INFO] [1748066653.456375775]: Received reference trajectory - x: 2495.947998, y: 0.000000, phi: 0.000000, v: 499.999420, w: 0.000000[0m
[0m[ INFO] [1748066653.509946633]: [1748066653.510] Robot state - x: 2.501008, y: -0.004249, phi: 0.004171[0m
[0m[ INFO] [1748066653.510065099]: [1748066653.510] Reference trajectory - x: 2.495948, y: 0.000000, phi: 0.000000, v: 0.499999, w: 0.000000[0m
[0m[ INFO] [1748066653.510135948]: [1748066653.510] v: 0.568879, w: 0.130550[0m
[0m[ INFO] [1748066653.552929902]: Received reference trajectory - x: 2545.942871, y: 0.000000, phi: 0.000000, v: 499.924957, w: 0.000000[0m
[0m[ INFO] [1748066653.613835596]: [1748066653.614] Robot state - x: 2.552151, y: -0.004095, phi: 0.002739[0m
[0m[ INFO] [1748066653.614002510]: [1748066653.614] Reference trajectory - x: 2.545943, y: 0.000000, phi: 0.000000, v: 0.499925, w: 0.000000[0m
[0m[ INFO] [1748066653.614134352]: [1748066653.614] v: 0.562201, w: 0.136050[0m
[0m[ INFO] [1748066653.653802624]: Received reference trajectory - x: 2595.977783, y: 0.000000, phi: 0.000000, v: 499.672333, w: 0.000000[0m
[0m[ INFO] [1748066653.709963156]: [1748066653.710] Robot state - x: 2.602497, y: -0.003824, phi: 0.005159[0m
[0m[ INFO] [1748066653.710068597]: [1748066653.710] Reference trajectory - x: 2.595978, y: 0.000000, phi: 0.000000, v: 0.499672, w: 0.000000[0m
[0m[ INFO] [1748066653.710112918]: [1748066653.710] v: 0.558634, w: 0.125012[0m
[0m[ INFO] [1748066653.752817238]: Received reference trajectory - x: 2645.878906, y: 0.000000, phi: 0.000000, v: 499.242584, w: 0.000000[0m
[0m[ INFO] [1748066653.809766198]: [1748066653.810] Robot state - x: 2.652459, y: -0.003716, phi: 0.004012[0m
[0m[ INFO] [1748066653.809898776]: [1748066653.810] Reference trajectory - x: 2.645879, y: 0.000000, phi: 0.000000, v: 0.499243, w: 0.000000[0m
[0m[ INFO] [1748066653.809971833]: [1748066653.810] v: 0.555877, w: 0.129696[0m
[0m[ INFO] [1748066653.855102815]: Received reference trajectory - x: 2695.799561, y: 0.000000, phi: 0.000000, v: 498.634399, w: 0.000000[0m
[0m[ INFO] [1748066653.911193009]: [1748066653.911] Robot state - x: 2.702804, y: -0.003396, phi: 0.006432[0m
[0m[ INFO] [1748066653.911324531]: [1748066653.911] Reference trajectory - x: 2.695800, y: 0.000000, phi: 0.000000, v: 0.498634, w: 0.000000[0m
[0m[ INFO] [1748066653.911656504]: [1748066653.912] v: 0.551341, w: 0.118041[0m
[0m[ INFO] [1748066653.953328712]: Received reference trajectory - x: 2745.609619, y: 0.000000, phi: 0.000000, v: 497.848969, w: 0.000000[0m
[0m[ INFO] [1748066654.009932322]: [1748066654.010] Robot state - x: 2.753161, y: -0.003225, phi: 0.005190[0m
[0m[ INFO] [1748066654.010068196]: [1748066654.010] Reference trajectory - x: 2.745610, y: 0.000000, phi: 0.000000, v: 0.497849, w: 0.000000[0m
[0m[ INFO] [1748066654.010169606]: [1748066654.010] v: 0.545962, w: 0.122344[0m
[0m[ INFO] [1748066654.055187114]: Received reference trajectory - x: 2795.366455, y: 0.000000, phi: 0.000000, v: 496.885162, w: 0.000000[0m
[0m[ INFO] [1748066654.109495296]: [1748066654.109] Robot state - x: 2.802920, y: -0.002887, phi: 0.005923[0m
[0m[ INFO] [1748066654.109595873]: [1748066654.110] Reference trajectory - x: 2.795367, y: 0.000000, phi: 0.000000, v: 0.496885, w: 0.000000[0m
[0m[ INFO] [1748066654.109662018]: [1748066654.110] v: 0.542601, w: 0.117067[0m
[0m[ INFO] [1748066654.153033388]: Received reference trajectory - x: 2844.983643, y: 0.000000, phi: 0.000000, v: 495.744293, w: 0.000000[0m
[0m[ INFO] [1748066654.210095885]: [1748066654.210] Robot state - x: 2.853467, y: -0.002611, phi: 0.006464[0m
[0m[ INFO] [1748066654.210265840]: [1748066654.210] Reference trajectory - x: 2.844984, y: 0.000000, phi: 0.000000, v: 0.495744, w: 0.000000[0m
[0m[ INFO] [1748066654.210382546]: [1748066654.210] v: 0.535021, w: 0.113066[0m
[0m[ INFO] [1748066654.253181267]: Received reference trajectory - x: 2894.477295, y: 0.000000, phi: 0.000000, v: 494.425751, w: 0.000000[0m
[0m[ INFO] [1748066654.310429879]: [1748066654.310] Robot state - x: 2.902833, y: -0.002298, phi: 0.007292[0m
[0m[ INFO] [1748066654.310523928]: [1748066654.310] Reference trajectory - x: 2.894477, y: 0.000000, phi: 0.000000, v: 0.494426, w: 0.000000[0m
[0m[ INFO] [1748066654.310645306]: [1748066654.311] v: 0.531578, w: 0.107470[0m
[0m[ INFO] [1748066654.352778129]: Received reference trajectory - x: 2943.839111, y: 0.000000, phi: 0.000000, v: 492.929291, w: 0.000000[0m
[0m[ INFO] [1748066654.412247960]: [1748066654.412] Robot state - x: 2.952593, y: -0.001958, phi: 0.008024[0m
[0m[ INFO] [1748066654.412362809]: [1748066654.412] Reference trajectory - x: 2.943839, y: 0.000000, phi: 0.000000, v: 0.492929, w: 0.000000[0m
[0m[ INFO] [1748066654.412420090]: [1748066654.412] v: 0.525707, w: 0.101884[0m
[0m[ INFO] [1748066654.453548321]: Received reference trajectory - x: 2993.107666, y: 0.000000, phi: 0.000000, v: 491.252747, w: 0.000000[0m
[0m[ INFO] [1748066654.510072346]: [1748066654.510] Robot state - x: 3.001768, y: -0.001623, phi: 0.007069[0m
[0m[ INFO] [1748066654.510170299]: [1748066654.510] Reference trajectory - x: 2.993108, y: 0.000000, phi: 0.000000, v: 0.491253, w: 0.000000[0m
[0m[ INFO] [1748066654.510260605]: [1748066654.510] v: 0.521674, w: 0.102949[0m
[0m[ INFO] [1748066654.552894491]: Received reference trajectory - x: 3042.102295, y: 0.000000, phi: 0.000000, v: 489.401886, w: 0.000000[0m
[0m[ INFO] [1748066654.616916586]: [1748066654.617] Robot state - x: 3.050750, y: -0.001297, phi: 0.004331[0m
[0m[ INFO] [1748066654.617029995]: [1748066654.617] Reference trajectory - x: 3.042102, y: 0.000000, phi: 0.000000, v: 0.489402, w: 0.000000[0m
[0m[ INFO] [1748066654.617071148]: [1748066654.617] v: 0.517140, w: 0.111089[0m
[0m[ INFO] [1748066654.652772093]: Received reference trajectory - x: 3090.923096, y: 0.000000, phi: 0.000000, v: 487.372650, w: 0.000000[0m
[0m[ INFO] [1748066654.711112883]: [1748066654.711] Robot state - x: 3.099329, y: -0.000929, phi: 0.005350[0m
[0m[ INFO] [1748066654.711470808]: [1748066654.711] Reference trajectory - x: 3.090923, y: 0.000000, phi: 0.000000, v: 0.487373, w: 0.000000[0m
[0m[ INFO] [1748066654.711518265]: [1748066654.711] v: 0.513434, w: 0.103764[0m
[0m[ INFO] [1748066654.752828450]: Received reference trajectory - x: 3139.550781, y: 0.000000, phi: 0.000000, v: 485.164886, w: 0.000000[0m
[0m[ INFO] [1748066654.818150245]: [1748066654.818] Robot state - x: 3.147716, y: -0.000738, phi: 0.004585[0m
[0m[ INFO] [1748066654.818240135]: [1748066654.818] Reference trajectory - x: 3.139551, y: 0.000000, phi: 0.000000, v: 0.485165, w: 0.000000[0m
[0m[ INFO] [1748066654.818288296]: [1748066654.818] v: 0.509615, w: 0.105185[0m
[0m[ INFO] [1748066654.853154380]: Received reference trajectory - x: 3187.958740, y: 0.000000, phi: 0.000000, v: 482.778839, w: 0.000000[0m
[0m[ INFO] [1748066654.909215517]: [1748066654.909] Robot state - x: 3.196306, y: -0.000542, phi: 0.001943[0m
[0m[ INFO] [1748066654.909301022]: [1748066654.909] Reference trajectory - x: 3.187959, y: 0.000000, phi: 0.000000, v: 0.482779, w: 0.000000[0m
[0m[ INFO] [1748066654.909341247]: [1748066654.909] v: 0.503856, w: 0.113968[0m
[0m[ INFO] [1748066654.952792554]: Received reference trajectory - x: 3236.102051, y: 0.000000, phi: 0.000000, v: 480.215912, w: 0.000000[0m
[0m[ INFO] [1748066655.010630712]: [1748066655.011] Robot state - x: 3.244492, y: -0.000294, phi: 0.003057[0m
[0m[ INFO] [1748066655.010763322]: [1748066655.011] Reference trajectory - x: 3.236102, y: 0.000000, phi: 0.000000, v: 0.480216, w: 0.000000[0m
[0m[ INFO] [1748066655.010885532]: [1748066655.011] v: 0.498472, w: 0.107229[0m
[0m[ INFO] [1748066655.055246101]: Received reference trajectory - x: 3284.024170, y: 0.000000, phi: 0.000000, v: 477.472656, w: 0.000000[0m
[0m[ INFO] [1748066655.109080131]: [1748066655.109] Robot state - x: 3.292092, y: -0.000215, phi: 0.002484[0m
[0m[ INFO] [1748066655.109173700]: [1748066655.109] Reference trajectory - x: 3.284024, y: 0.000000, phi: 0.000000, v: 0.477473, w: 0.000000[0m
[0m[ INFO] [1748066655.109220101]: [1748066655.109] v: 0.494478, w: 0.108813[0m
[0m[ INFO] [1748066655.153025397]: Received reference trajectory - x: 3331.614502, y: 0.000000, phi: 0.000000, v: 474.554413, w: 0.000000[0m
[0m[ INFO] [1748066655.213866257]: [1748066655.214] Robot state - x: 3.339693, y: -0.000083, phi: 0.001911[0m
[0m[ INFO] [1748066655.213992659]: [1748066655.214] Reference trajectory - x: 3.331614, y: 0.000000, phi: 0.000000, v: 0.474554, w: 0.000000[0m
[0m[ INFO] [1748066655.214144822]: [1748066655.214] v: 0.488965, w: 0.109840[0m
[0m[ INFO] [1748066655.254827765]: Received reference trajectory - x: 3378.937500, y: 0.000000, phi: 0.000000, v: 471.456238, w: 0.000000[0m
[0m[ INFO] [1748066655.309966359]: [1748066655.310] Robot state - x: 3.387687, y: 0.000020, phi: 0.001242[0m
[0m[ INFO] [1748066655.310083257]: [1748066655.310] Reference trajectory - x: 3.378937, y: 0.000000, phi: 0.000000, v: 0.471456, w: 0.000000[0m
[0m[ INFO] [1748066655.310183963]: [1748066655.310] v: 0.480390, w: 0.111493[0m
[0m[ INFO] [1748066655.353074461]: Received reference trajectory - x: 3425.883301, y: 0.000000, phi: 0.000000, v: 468.184326, w: 0.000000[0m
[0m[ INFO] [1748066655.413310895]: [1748066655.413] Robot state - x: 3.434703, y: 0.000057, phi: -0.001019[0m
[0m[ INFO] [1748066655.413421649]: [1748066655.413] Reference trajectory - x: 3.425883, y: 0.000000, phi: 0.000000, v: 0.468184, w: 0.000000[0m
[0m[ INFO] [1748066655.413467442]: [1748066655.413] v: 0.474049, w: 0.120109[0m
[0m[ INFO] [1748066655.454966750]: Received reference trajectory - x: 3472.529541, y: 0.000000, phi: 0.000000, v: 464.732117, w: 0.000000[0m
[0m[ INFO] [1748066655.509278419]: [1748066655.509] Robot state - x: 3.480921, y: 0.000151, phi: 0.000573[0m
[0m[ INFO] [1748066655.509383413]: [1748066655.509] Reference trajectory - x: 3.472530, y: 0.000000, phi: 0.000000, v: 0.464732, w: 0.000000[0m
[0m[ INFO] [1748066655.509459574]: [1748066655.509] v: 0.469677, w: 0.112819[0m
[0m[ INFO] [1748066655.552811936]: Received reference trajectory - x: 3518.818604, y: 0.000000, phi: 0.000000, v: 461.102448, w: 0.000000[0m
[0m[ INFO] [1748066655.615232084]: [1748066655.615] Robot state - x: 3.526957, y: 0.000015, phi: -0.003280[0m
[0m[ INFO] [1748066655.615687932]: [1748066655.616] Reference trajectory - x: 3.518819, y: 0.000000, phi: 0.000000, v: 0.461102, w: 0.000000[0m
[0m[ INFO] [1748066655.615884735]: [1748066655.616] v: 0.464496, w: 0.129446[0m
[0m[ INFO] [1748066655.653065447]: Received reference trajectory - x: 3564.746338, y: 0.000000, phi: 0.000000, v: 457.294098, w: 0.000000[0m
[0m[ INFO] [1748066655.752912744]: Received reference trajectory - x: 3610.274170, y: 0.000000, phi: 0.000000, v: 453.308838, w: 0.000000[0m
[0m[ INFO] [1748066655.808987673]: [1748066655.809] Robot state - x: 3.572186, y: 0.000124, phi: 0.000382[0m
[0m[ INFO] [1748066655.809113659]: [1748066655.809] Reference trajectory - x: 3.610274, y: 0.000000, phi: 0.000000, v: 0.453309, w: 0.000000[0m
[0m[ INFO] [1748066655.809174748]: [1748066655.809] v: 0.655495, w: 0.113794[0m
[0m[ INFO] [1748066655.810868599]: [1748066655.811] Robot state - x: 3.617818, y: -0.000028, phi: 0.000287[0m
[0m[ INFO] [1748066655.810951352]: [1748066655.811] Reference trajectory - x: 3.610274, y: 0.000000, phi: 0.000000, v: 0.453309, w: 0.000000[0m
[0m[ INFO] [1748066655.811041913]: [1748066655.811] v: 0.468757, w: 0.115654[0m
[0m[ INFO] [1748066655.852860331]: Received reference trajectory - x: 3655.393066, y: 0.000000, phi: 0.000000, v: 449.145996, w: 0.000000[0m
[0m[ INFO] [1748066655.909453476]: [1748066655.909] Robot state - x: 3.662663, y: -0.000173, phi: 0.000382[0m
[0m[ INFO] [1748066655.909592038]: [1748066655.910] Reference trajectory - x: 3.655393, y: 0.000000, phi: 0.000000, v: 0.449146, w: 0.000000[0m
[0m[ INFO] [1748066655.909680648]: [1748066655.910] v: 0.463404, w: 0.116733[0m
[0m[ INFO] [1748066655.953061937]: Received reference trajectory - x: 3700.103271, y: 0.000000, phi: 0.000000, v: 444.803772, w: 0.000000[0m
[0m[ INFO] [1748066656.017215297]: [1748066656.017] Robot state - x: 3.707114, y: -0.000156, phi: 0.000573[0m
[0m[ INFO] [1748066656.017358307]: [1748066656.017] Reference trajectory - x: 3.700103, y: 0.000000, phi: 0.000000, v: 0.444804, w: 0.000000[0m
[0m[ INFO] [1748066656.017464165]: [1748066656.017] v: 0.457891, w: 0.115858[0m
[0m[ INFO] [1748066656.053444026]: Received reference trajectory - x: 3744.366455, y: 0.000000, phi: 0.000000, v: 440.284058, w: 0.000000[0m
[0m[ INFO] [1748066656.109436586]: [1748066656.109] Robot state - x: 3.752353, y: -0.000139, phi: 0.000573[0m
[0m[ INFO] [1748066656.109541291]: [1748066656.110] Reference trajectory - x: 3.744366, y: 0.000000, phi: 0.000000, v: 0.440284, w: 0.000000[0m
[0m[ INFO] [1748066656.109614605]: [1748066656.110] v: 0.446905, w: 0.115734[0m
[0m[ INFO] [1748066656.153002038]: Received reference trajectory - x: 3788.148193, y: 0.000000, phi: 0.000000, v: 435.588776, w: 0.000000[0m
[0m[ INFO] [1748066656.213161735]: [1748066656.213] Robot state - x: 3.797784, y: -0.000072, phi: 0.002357[0m
[0m[ INFO] [1748066656.213374442]: [1748066656.213] Reference trajectory - x: 3.788148, y: 0.000000, phi: 0.000000, v: 0.435589, w: 0.000000[0m
[0m[ INFO] [1748066656.213478956]: [1748066656.213] v: 0.432504, w: 0.108022[0m
[0m[ INFO] [1748066656.253165883]: Received reference trajectory - x: 3831.468750, y: 0.000000, phi: 0.000000, v: 430.713837, w: 0.000000[0m
[0m[ INFO] [1748066656.309462991]: [1748066656.309] Robot state - x: 3.841852, y: -0.000121, phi: -0.001019[0m
[0m[ INFO] [1748066656.309557745]: [1748066656.310] Reference trajectory - x: 3.831469, y: 0.000000, phi: 0.000000, v: 0.430714, w: 0.000000[0m
[0m[ INFO] [1748066656.309601970]: [1748066656.310] v: 0.421327, w: 0.121956[0m
[0m[ INFO] [1748066656.353883561]: Received reference trajectory - x: 3874.290527, y: 0.000000, phi: 0.000000, v: 425.661407, w: 0.000000[0m
[0m[ INFO] [1748066656.413996121]: [1748066656.414] Robot state - x: 3.878081, y: 0.000899, phi: 0.050566[0m
[0m[ INFO] [1748066656.414288126]: [1748066656.414] Reference trajectory - x: 3.874290, y: 0.000000, phi: 0.000000, v: 0.425661, w: 0.000000[0m
[0m[ INFO] [1748066656.415226093]: [1748066656.415] v: 0.441712, w: -0.093309[0m
[0m[ INFO] [1748066656.455468101]: Received reference trajectory - x: 3916.646973, y: 0.000000, phi: 0.000000, v: 420.425018, w: 0.000000[0m
[0m[ INFO] [1748066656.509950236]: [1748066656.510] Robot state - x: 3.914426, y: 0.001134, phi: 0.065532[0m
[0m[ INFO] [1748066656.510050622]: [1748066656.510] Reference trajectory - x: 3.916647, y: 0.000000, phi: 0.000000, v: 0.420425, w: 0.000000[0m
[0m[ INFO] [1748066656.510094847]: [1748066656.510] v: 0.461462, w: -0.155448[0m
[0m[ INFO] [1748066656.553123522]: Received reference trajectory - x: 3958.392090, y: 0.000000, phi: 0.000000, v: 415.020752, w: 0.000000[0m
[0m[ INFO] [1748066656.609638394]: [1748066656.610] Robot state - x: 3.948935, y: 0.003178, phi: 0.082758[0m
[0m[ INFO] [1748066656.609797149]: [1748066656.610] Reference trajectory - x: 3.958392, y: 0.000000, phi: 0.000000, v: 0.415021, w: 0.000000[0m
[0m[ INFO] [1748066656.609890110]: [1748066656.610] v: 0.488282, w: -0.244751[0m
[0m[ INFO] [1748066656.654465658]: Received reference trajectory - x: 3999.621826, y: 0.000000, phi: 0.000000, v: 409.434265, w: 0.000000[0m
[0m[ INFO] [1748066656.709160469]: [1748066656.709] Robot state - x: 3.984283, y: 0.005411, phi: 0.077823[0m
[0m[ INFO] [1748066656.709300183]: [1748066656.709] Reference trajectory - x: 3.999622, y: 0.000000, phi: 0.000000, v: 0.409434, w: 0.000000[0m
[0m[ INFO] [1748066656.709366968]: [1748066656.709] v: 0.511306, w: -0.248460[0m
[0m[ INFO] [1748066656.752862052]: Received reference trajectory - x: 4040.257080, y: 0.000000, phi: 0.000000, v: 403.673920, w: 0.000000[0m
[0m[ INFO] [1748066656.809704736]: [1748066656.810] Robot state - x: 4.022523, y: 0.008509, phi: 0.074002[0m
[0m[ INFO] [1748066656.811202968]: [1748066656.811] Reference trajectory - x: 4.040257, y: 0.000000, phi: 0.000000, v: 0.403674, w: 0.000000[0m
[0m[ INFO] [1748066656.811320858]: [1748066656.811] v: 0.520825, w: -0.265970[0m
[0m[ INFO] [1748066656.853044905]: Received reference trajectory - x: 4080.322266, y: 0.000000, phi: 0.000000, v: 397.733704, w: 0.000000[0m
[0m[ INFO] [1748066656.909824965]: [1748066656.910] Robot state - x: 4.060257, y: 0.011069, phi: 0.053845[0m
[0m[ INFO] [1748066656.909924262]: [1748066656.910] Reference trajectory - x: 4.080322, y: 0.000000, phi: 0.000000, v: 0.397734, w: 0.000000[0m
[0m[ INFO] [1748066656.909966375]: [1748066656.910] v: 0.530642, w: -0.214128[0m
[0m[ INFO] [1748066656.952874089]: Received reference trajectory - x: 4119.790527, y: 0.000000, phi: 0.000000, v: 391.614868, w: 0.000000[0m
[0m[ INFO] [1748066657.019301500]: [1748066657.019] Robot state - x: 4.098409, y: 0.013439, phi: 0.029932[0m
[0m[ INFO] [1748066657.019504255]: [1748066657.019] Reference trajectory - x: 4.119791, y: 0.000000, phi: 0.000000, v: 0.391615, w: 0.000000[0m
[0m[ INFO] [1748066657.019601025]: [1748066657.020] v: 0.536598, w: -0.146254[0m
[0m[ INFO] [1748066657.052897900]: Received reference trajectory - x: 4158.633789, y: 0.000000, phi: 0.000000, v: 385.319000, w: 0.000000[0m
[0m[ INFO] [1748066657.109315393]: [1748066657.109] Robot state - x: 4.137944, y: 0.015271, phi: 0.014839[0m
[0m[ INFO] [1748066657.109482500]: [1748066657.109] Reference trajectory - x: 4.158634, y: 0.000000, phi: 0.000000, v: 0.385319, w: 0.000000[0m
[0m[ INFO] [1748066657.109551685]: [1748066657.110] v: 0.534047, w: -0.108813[0m
[0m[ INFO] [1748066657.155413973]: Received reference trajectory - x: 4196.890137, y: 0.000000, phi: 0.000000, v: 378.836456, w: 0.000000[0m
[0m[ INFO] [1748066657.213025501]: [1748066657.213] Robot state - x: 4.179682, y: 0.016156, phi: -0.002611[0m
[0m[ INFO] [1748066657.213161791]: [1748066657.213] Reference trajectory - x: 4.196890, y: 0.000000, phi: 0.000000, v: 0.378836, w: 0.000000[0m
[0m[ INFO] [1748066657.213232161]: [1748066657.213] v: 0.518938, w: -0.053115[0m
[0m[ INFO] [1748066657.252926832]: Received reference trajectory - x: 4234.412109, y: 0.000000, phi: 0.000000, v: 372.189575, w: 0.000000[0m
[0m[ INFO] [1748066657.309378342]: [1748066657.309] Robot state - x: 4.221002, y: 0.016638, phi: -0.008979[0m
[0m[ INFO] [1748066657.309485864]: [1748066657.309] Reference trajectory - x: 4.234412, y: 0.000000, phi: 0.000000, v: 0.372190, w: 0.000000[0m
[0m[ INFO] [1748066657.309535016]: [1748066657.310] v: 0.501182, w: -0.037717[0m
[0m[ INFO] [1748066657.354801263]: Received reference trajectory - x: 4271.304199, y: 0.000000, phi: 0.000000, v: 365.356995, w: 0.000000[0m
[0m[ INFO] [1748066657.410753789]: [1748066657.411] Robot state - x: 4.261537, y: 0.016407, phi: -0.015157[0m
[0m[ INFO] [1748066657.410877983]: [1748066657.411] Reference trajectory - x: 4.271304, y: 0.000000, phi: 0.000000, v: 0.365357, w: 0.000000[0m
[0m[ INFO] [1748066657.410936768]: [1748066657.411] v: 0.482718, w: -0.016102[0m
[0m[ INFO] [1748066657.455201111]: Received reference trajectory - x: 4307.494141, y: 0.000000, phi: 0.000000, v: 358.348480, w: 0.000000[0m
[0m[ INFO] [1748066657.509714543]: [1748066657.510] Robot state - x: 4.302289, y: 0.015728, phi: -0.030537[0m
[0m[ INFO] [1748066657.509842289]: [1748066657.510] Reference trajectory - x: 4.307494, y: 0.000000, phi: 0.000000, v: 0.358348, w: 0.000000[0m
[0m[ INFO] [1748066657.509916850]: [1748066657.510] v: 0.458923, w: 0.046659[0m
[0m[ INFO] [1748066657.552971478]: Received reference trajectory - x: 4342.954102, y: 0.000000, phi: 0.000000, v: 351.166260, w: 0.000000[0m
[0m[ INFO] [1748066657.615437643]: [1748066657.615] Robot state - x: 4.345984, y: 0.014753, phi: -0.044802[0m
[0m[ INFO] [1748066657.615571149]: [1748066657.616] Reference trajectory - x: 4.342954, y: 0.000000, phi: 0.000000, v: 0.351166, w: 0.000000[0m
[0m[ INFO] [1748066657.615673294]: [1748066657.616] v: 0.417515, w: 0.108152[0m
[0m[ INFO] [1748066657.654517680]: Received reference trajectory - x: 4377.708984, y: 0.000000, phi: 0.000000, v: 343.801697, w: 0.000000[0m
[0m[ INFO] [1748066657.709407598]: [1748066657.709] Robot state - x: 4.385879, y: 0.013670, phi: -0.038019[0m
[0m[ INFO] [1748066657.709532944]: [1748066657.709] Reference trajectory - x: 4.377709, y: 0.000000, phi: 0.000000, v: 0.343802, w: 0.000000[0m
[0m[ INFO] [1748066657.709608881]: [1748066657.710] v: 0.386804, w: 0.087359[0m
[0m[ INFO] [1748066657.753091676]: Received reference trajectory - x: 4411.712402, y: 0.000000, phi: 0.000000, v: 336.260803, w: 0.000000[0m
[0m[ INFO] [1748066657.814166778]: [1748066657.814] Robot state - x: 4.425589, y: 0.011698, phi: -0.047668[0m
[0m[ INFO] [1748066657.814294492]: [1748066657.814] Reference trajectory - x: 4.411712, y: 0.000000, phi: 0.000000, v: 0.336261, w: 0.000000[0m
[0m[ INFO] [1748066657.814363293]: [1748066657.814] v: 0.351823, w: 0.141129[0m
[0m[ INFO] [1748066657.855326624]: Received reference trajectory - x: 4444.972656, y: 0.000000, phi: 0.000000, v: 328.537445, w: 0.000000[0m
[0m[ INFO] [1748066657.909575092]: [1748066657.909] Robot state - x: 4.465518, y: 0.009875, phi: -0.062856[0m
[0m[ INFO] [1748066657.909675446]: [1748066657.910] Reference trajectory - x: 4.444973, y: 0.000000, phi: 0.000000, v: 0.328537, w: 0.000000[0m
[0m[ INFO] [1748066657.909722390]: [1748066657.910] v: 0.310667, w: 0.216054[0m
[0m[ INFO] [1748066657.953127968]: Received reference trajectory - x: 4477.418945, y: 0.000000, phi: 0.000000, v: 320.644012, w: 0.000000[0m
[0m[ INFO] [1748066658.013904634]: [1748066658.014] Robot state - x: 4.501225, y: 0.008606, phi: -0.038593[0m
[0m[ INFO] [1748066658.014038140]: [1748066658.014] Reference trajectory - x: 4.477419, y: 0.000000, phi: 0.000000, v: 0.320644, w: 0.000000[0m
[0m[ INFO] [1748066658.014147358]: [1748066658.014] v: 0.282078, w: 0.129158[0m
[0m[ INFO] [1748066658.054533815]: Received reference trajectory - x: 4509.089844, y: 0.000000, phi: 0.000000, v: 312.567139, w: 0.000000[0m
[0m[ INFO] [1748066658.110258562]: [1748066658.110] Robot state - x: 4.532820, y: 0.006699, phi: -0.033466[0m
[0m[ INFO] [1748066658.110538854]: [1748066658.111] Reference trajectory - x: 4.509090, y: 0.000000, phi: 0.000000, v: 0.312567, w: 0.000000[0m
[0m[ INFO] [1748066658.110613543]: [1748066658.111] v: 0.266806, w: 0.125134[0m
[0m[ INFO] [1748066658.152867742]: Received reference trajectory - x: 4539.916992, y: 0.000000, phi: 0.000000, v: 304.319824, w: 0.000000[0m
[0m[ INFO] [1748066658.209952606]: [1748066658.210] Robot state - x: 4.565921, y: 0.004741, phi: -0.074447[0m
[0m[ INFO] [1748066658.210124032]: [1748066658.210] Reference trajectory - x: 4.539917, y: 0.000000, phi: 0.000000, v: 0.304320, w: 0.000000[0m
[0m[ INFO] [1748066658.210192290]: [1748066658.210] v: 0.241155, w: 0.305544[0m
[0m[ INFO] [1748066658.253680396]: Received reference trajectory - x: 4569.922363, y: 0.000000, phi: 0.000000, v: 295.891754, w: 0.000000[0m
[0m[ INFO] [1748066658.311030704]: [1748066658.311] Robot state - x: 4.597122, y: 0.004064, phi: -0.050916[0m
[0m[ INFO] [1748066658.311130097]: [1748066658.311] Reference trajectory - x: 4.569922, y: 0.000000, phi: 0.000000, v: 0.295892, w: 0.000000[0m
[0m[ INFO] [1748066658.311175282]: [1748066658.311] v: 0.219304, w: 0.217258[0m
[0m[ INFO] [1748066658.352802719]: Received reference trajectory - x: 4599.080078, y: 0.000000, phi: 0.000000, v: 287.284668, w: 0.000000[0m
[0m[ INFO] [1748066658.409669339]: [1748066658.410] Robot state - x: 4.621998, y: 0.002430, phi: -0.033179[0m
[0m[ INFO] [1748066658.409758877]: [1748066658.410] Reference trajectory - x: 4.599080, y: 0.000000, phi: 0.000000, v: 0.287285, w: 0.000000[0m
[0m[ INFO] [1748066658.409802654]: [1748066658.410] v: 0.220752, w: 0.161798[0m
[0m[ INFO] [1748066658.453131525]: Received reference trajectory - x: 4627.384277, y: 0.000000, phi: 0.000000, v: 278.494751, w: 0.000000[0m
[0m[ INFO] [1748066658.509440121]: [1748066658.509] Robot state - x: 4.656759, y: 0.000734, phi: -0.028817[0m
[0m[ INFO] [1748066658.509569019]: [1748066658.510] Reference trajectory - x: 4.627384, y: 0.000000, phi: 0.000000, v: 0.278495, w: 0.000000[0m
[0m[ INFO] [1748066658.509656700]: [1748066658.510] v: 0.176594, w: 0.160644[0m
[0m[ INFO] [1748066658.553215208]: Received reference trajectory - x: 4654.783691, y: 0.000000, phi: 0.000000, v: 269.532440, w: 0.000000[0m
[0m[ INFO] [1748066658.615990561]: [1748066658.616] Robot state - x: 4.699242, y: -0.000895, phi: -0.039134[0m
[0m[ INFO] [1748066658.616411399]: [1748066658.616] Reference trajectory - x: 4.654784, y: 0.000000, phi: 0.000000, v: 0.269532, w: 0.000000[0m
[0m[ INFO] [1748066658.616658731]: [1748066658.617] v: 0.092645, w: 0.217732[0m
[0m[ INFO] [1748066658.652823939]: Received reference trajectory - x: 4681.271973, y: 0.000000, phi: 0.000000, v: 260.394653, w: 0.000000[0m
[0m[ INFO] [1748066658.710347337]: [1748066658.710] Robot state - x: 4.736225, y: -0.002127, phi: -0.048113[0m
[0m[ INFO] [1748066658.710518060]: [1748066658.710] Reference trajectory - x: 4.681272, y: 0.000000, phi: 0.000000, v: 0.260395, w: 0.000000[0m
[0m[ INFO] [1748066658.710579981]: [1748066658.711] v: 0.023745, w: 0.266043[0m
[0m[ INFO] [1748066658.753002086]: Received reference trajectory - x: 4706.849609, y: 0.000000, phi: 0.000000, v: 251.074722, w: 0.000000[0m
[0m[ INFO] [1748066658.819034867]: [1748066658.819] Robot state - x: 4.767077, y: -0.003310, phi: -0.046458[0m
[0m[ INFO] [1748066658.819137940]: [1748066658.819] Reference trajectory - x: 4.706850, y: 0.000000, phi: 0.000000, v: 0.251075, w: 0.000000[0m
[0m[ INFO] [1748066658.819180469]: [1748066658.819] v: -0.025919, w: 0.271960[0m
[0m[ INFO] [1748066658.854831364]: Received reference trajectory - x: 4731.501953, y: 0.000000, phi: 0.000000, v: 241.570831, w: 0.000000[0m
[0m[ INFO] [1748066658.909505630]: [1748066658.909] Robot state - x: 4.795167, y: -0.004630, phi: -0.044133[0m
[0m[ INFO] [1748066658.909630016]: [1748066658.910] Reference trajectory - x: 4.731502, y: 0.000000, phi: 0.000000, v: 0.241571, w: 0.000000[0m
[0m[ INFO] [1748066658.909709153]: [1748066658.910] v: -0.069427, w: 0.276965[0m
[0m[ INFO] [1748066658.952898215]: Received reference trajectory - x: 4755.170410, y: 0.000000, phi: 0.000000, v: 231.898956, w: 0.000000[0m
[0m[ INFO] [1748066659.017105910]: [1748066659.017] Robot state - x: 4.818540, y: -0.005676, phi: -0.040662[0m
[0m[ INFO] [1748066659.017238808]: [1748066659.017] Reference trajectory - x: 4.755170, y: 0.000000, phi: 0.000000, v: 0.231899, w: 0.000000[0m
[0m[ INFO] [1748066659.017326138]: [1748066659.017] v: -0.097931, w: 0.275091[0m
[0m[ INFO] [1748066659.054545601]: Received reference trajectory - x: 4777.876953, y: 0.000000, phi: 0.000000, v: 222.043015, w: 0.000000[0m
[0m[ INFO] [1748066659.109488799]: [1748066659.109] Robot state - x: 4.837974, y: -0.006455, phi: -0.032574[0m
[0m[ INFO] [1748066659.109587425]: [1748066659.110] Reference trajectory - x: 4.777877, y: 0.000000, phi: 0.000000, v: 0.222043, w: 0.000000[0m
[0m[ INFO] [1748066659.109631585]: [1748066659.110] v: -0.113556, w: 0.252525[0m
[0m[ INFO] [1748066659.153125675]: Received reference trajectory - x: 4799.595703, y: 0.000000, phi: 0.000000, v: 212.006073, w: 0.000000[0m
[0m[ INFO] [1748066659.209566752]: [1748066659.209] Robot state - x: 4.854465, y: -0.007068, phi: -0.025601[0m
[0m[ INFO] [1748066659.209655842]: [1748066659.210] Reference trajectory - x: 4.799596, y: 0.000000, phi: 0.000000, v: 0.212006, w: 0.000000[0m
[0m[ INFO] [1748066659.209718339]: [1748066659.210] v: -0.119813, w: 0.232973[0m
[0m[ INFO] [1748066659.253241901]: Received reference trajectory - x: 4820.261230, y: 0.000000, phi: 0.000000, v: 201.811386, w: 0.000000[0m
[0m[ INFO] [1748066659.309304637]: [1748066659.309] Robot state - x: 4.868792, y: -0.007468, phi: -0.016271[0m
[0m[ INFO] [1748066659.309431839]: [1748066659.309] Reference trajectory - x: 4.820261, y: 0.000000, phi: 0.000000, v: 0.201811, w: 0.000000[0m
[0m[ INFO] [1748066659.309479807]: [1748066659.309] v: -0.119735, w: 0.202112[0m
[0m[ INFO] [1748066659.352883080]: Received reference trajectory - x: 4839.918457, y: 0.000000, phi: 0.000000, v: 191.429031, w: 0.000000[0m
[0m[ INFO] [1748066659.415915684]: [1748066659.416] Robot state - x: 4.881153, y: -0.007724, phi: -0.006464[0m
[0m[ INFO] [1748066659.416054311]: [1748066659.416] Reference trajectory - x: 4.839919, y: 0.000000, phi: 0.000000, v: 0.191429, w: 0.000000[0m
[0m[ INFO] [1748066659.416115432]: [1748066659.416] v: -0.113670, w: 0.168038[0m
[0m[ INFO] [1748066659.454213693]: Received reference trajectory - x: 4858.545898, y: 0.000000, phi: 0.000000, v: 180.859131, w: 0.000000[0m
[0m[ INFO] [1748066659.509432447]: [1748066659.509] Robot state - x: 4.892336, y: -0.007850, phi: 0.003630[0m
[0m[ INFO] [1748066659.509521568]: [1748066659.509] Reference trajectory - x: 4.858546, y: 0.000000, phi: 0.000000, v: 0.180859, w: 0.000000[0m
[0m[ INFO] [1748066659.509565825]: [1748066659.510] v: -0.104842, w: 0.131600[0m
[0m[ INFO] [1748066659.553125804]: Received reference trajectory - x: 4876.098145, y: 0.000000, phi: 0.000000, v: 170.116608, w: 0.000000[0m
[0m[ INFO] [1748066659.615342876]: [1748066659.615] Robot state - x: 4.902348, y: -0.007881, phi: 0.010349[0m
[0m[ INFO] [1748066659.615475614]: [1748066659.615] Reference trajectory - x: 4.876098, y: 0.000000, phi: 0.000000, v: 0.170117, w: 0.000000[0m
[0m[ INFO] [1748066659.615545983]: [1748066659.616] v: -0.093417, w: 0.107678[0m
[0m[ INFO] [1748066659.656220477]: Received reference trajectory - x: 4892.565430, y: 0.000000, phi: 0.000000, v: 159.197357, w: 0.000000[0m
[0m[ INFO] [1748066659.709231452]: [1748066659.709] Robot state - x: 4.911967, y: -0.007813, phi: 0.017163[0m
[0m[ INFO] [1748066659.709322910]: [1748066659.709] Reference trajectory - x: 4.892565, y: 0.000000, phi: 0.000000, v: 0.159197, w: 0.000000[0m
[0m[ INFO] [1748066659.709405599]: [1748066659.709] v: -0.082800, w: 0.082398[0m
[0m[ INFO] [1748066659.754856264]: Received reference trajectory - x: 4907.935059, y: 0.000000, phi: 0.000000, v: 148.098175, w: 0.000000[0m
[0m[ INFO] [1748066659.809704676]: [1748066659.810] Robot state - x: 4.921000, y: -0.007696, phi: 0.022290[0m
[0m[ INFO] [1748066659.810081738]: [1748066659.810] Reference trajectory - x: 4.907935, y: 0.000000, phi: 0.000000, v: 0.148098, w: 0.000000[0m
[0m[ INFO] [1748066659.810157835]: [1748066659.810] v: -0.072425, w: 0.063317[0m
[0m[ INFO] [1748066659.853293648]: Received reference trajectory - x: 4922.176270, y: 0.000000, phi: 0.000000, v: 136.829010, w: 0.000000[0m
[0m[ INFO] [1748066659.909141595]: [1748066659.909] Robot state - x: 4.929446, y: -0.007537, phi: 0.025729[0m
[0m[ INFO] [1748066659.909290590]: [1748066659.909] Reference trajectory - x: 4.922176, y: 0.000000, phi: 0.000000, v: 0.136829, w: 0.000000[0m
[0m[ INFO] [1748066659.909333438]: [1748066659.909] v: -0.062580, w: 0.050480[0m
[0m[ INFO] [1748066659.955275983]: Received reference trajectory - x: 4935.296875, y: 0.000000, phi: 0.000000, v: 125.368599, w: 0.000000[0m
[0m[ INFO] [1748066660.013202843]: [1748066660.013] Robot state - x: 4.937891, y: -0.007334, phi: 0.029168[0m
[0m[ INFO] [1748066660.013346878]: [1748066660.013] Reference trajectory - x: 4.935297, y: 0.000000, phi: 0.000000, v: 0.125369, w: 0.000000[0m
[0m[ INFO] [1748066660.013453599]: [1748066660.013] v: -0.055973, w: 0.037160[0m
[0m[ INFO] [1748066660.055474258]: Received reference trajectory - x: 4947.258301, y: 0.000000, phi: 0.000000, v: 113.733269, w: 0.000000[0m
[0m[ INFO] [1748066660.109417663]: [1748066660.109] Robot state - x: 4.946336, y: -0.007102, phi: 0.032607[0m
[0m[ INFO] [1748066660.109541569]: [1748066660.109] Reference trajectory - x: 4.947258, y: 0.000000, phi: 0.000000, v: 0.113733, w: 0.000000[0m
[0m[ INFO] [1748066660.109632451]: [1748066660.110] v: -0.053110, w: 0.023485[0m
[0m[ INFO] [1748066660.155201389]: Received reference trajectory - x: 4958.040039, y: 0.000000, phi: 0.000000, v: 101.928528, w: 0.000000[0m
[0m[ INFO] [1748066660.210021928]: [1748066660.210] Robot state - x: 4.953802, y: -0.006878, phi: 0.034454[0m
[0m[ INFO] [1748066660.210147594]: [1748066660.210] Reference trajectory - x: 4.958040, y: 0.000000, phi: 0.000000, v: 0.101929, w: 0.000000[0m
[0m[ INFO] [1748066660.210273868]: [1748066660.210] v: -0.050179, w: 0.016138[0m
[0m[ INFO] [1748066660.253275694]: Received reference trajectory - x: 4967.631348, y: 0.000000, phi: 0.000000, v: 89.947784, w: 0.000000[0m
[0m[ INFO] [1748066660.309329981]: [1748066660.309] Robot state - x: 4.961661, y: -0.006614, phi: 0.036205[0m
[0m[ INFO] [1748066660.309461599]: [1748066660.309] Reference trajectory - x: 4.967631, y: 0.000000, phi: 0.000000, v: 0.089948, w: 0.000000[0m
[0m[ INFO] [1748066660.309510112]: [1748066660.309] v: -0.053274, w: 0.008715[0m
[0m[ INFO] [1748066660.353236557]: Received reference trajectory - x: 4976.013184, y: 0.000000, phi: 0.000000, v: 77.794449, w: 0.000000[0m
[0m[ INFO] [1748066660.411066552]: [1748066660.411] Robot state - x: 4.968529, y: -0.006364, phi: 0.040026[0m
[0m[ INFO] [1748066660.411240666]: [1748066660.411] Reference trajectory - x: 4.976013, y: 0.000000, phi: 0.000000, v: 0.077794, w: 0.000000[0m
[0m[ INFO] [1748066660.411380669]: [1748066660.411] v: -0.056948, w: -0.006887[0m
[0m[ INFO] [1748066660.452905287]: Received reference trajectory - x: 4983.175781, y: 0.000000, phi: 0.000000, v: 65.454941, w: 0.000000[0m
[0m[ INFO] [1748066660.509304827]: [1748066660.509] Robot state - x: 4.974824, y: -0.006141, phi: 0.038498[0m
[0m[ INFO] [1748066660.509426557]: [1748066660.509] Reference trajectory - x: 4.983176, y: 0.000000, phi: 0.000000, v: 0.065455, w: 0.000000[0m
[0m[ INFO] [1748066660.509474238]: [1748066660.509] v: -0.063143, w: -0.001031[0m
[0m[ INFO] [1748066660.553255340]: Received reference trajectory - x: 4989.097656, y: 0.000000, phi: 0.000000, v: 52.934338, w: 0.000000[0m
[0m[ INFO] [1748066660.612644879]: [1748066660.612] Robot state - x: 4.980916, y: -0.005896, phi: 0.038848[0m
[0m[ INFO] [1748066660.612766577]: [1748066660.613] Reference trajectory - x: 4.989098, y: 0.000000, phi: 0.000000, v: 0.052934, w: 0.000000[0m
[0m[ INFO] [1748066660.613075606]: [1748066660.613] v: -0.073763, w: -0.002934[0m
[0m[ INFO] [1748066660.654981831]: Received reference trajectory - x: 4993.762207, y: 0.000000, phi: 0.000000, v: 40.224483, w: 0.000000[0m
[0m[ INFO] [1748066660.752931046]: Received reference trajectory - x: 4997.140625, y: 0.000000, phi: 0.000000, v: 27.358265, w: 0.000000[0m
[0m[ INFO] [1748066660.848784325]: [1748066660.849] Robot state - x: 4.986029, y: -0.005703, phi: 0.037606[0m
[0m[ INFO] [1748066660.848880838]: [1748066660.849] Reference trajectory - x: 4.997140, y: 0.000000, phi: 0.000000, v: 0.027358, w: 0.000000[0m
[0m[ INFO] [1748066660.848923431]: [1748066660.849] v: -0.083994, w: 0.001928[0m
[0m[ INFO] [1748066660.851187818]: [1748066660.851] Robot state - x: 4.990144, y: -0.005533, phi: 0.042096[0m
[0m[ INFO] [1748066660.851274060]: [1748066660.851] Reference trajectory - x: 4.997140, y: 0.000000, phi: 0.000000, v: 0.027358, w: 0.000000[0m
[0m[ INFO] [1748066660.851315564]: [1748066660.851] v: -0.098407, w: -0.015813[0m
[0m[ INFO] [1748066660.852845220]: Received reference trajectory - x: 4999.224609, y: 0.000000, phi: 0.000000, v: 14.310202, w: 0.000000[0m
[0m[ INFO] [1748066660.909117814]: [1748066660.909] Robot state - x: 4.992897, y: -0.005427, phi: 0.041427[0m
[0m[ INFO] [1748066660.909232760]: [1748066660.909] Reference trajectory - x: 4.999225, y: 0.000000, phi: 0.000000, v: 0.014310, w: 0.000000[0m
[0m[ INFO] [1748066660.909300217]: [1748066660.909] v: -0.112158, w: -0.012467[0m
[0m[ INFO] [1748066660.953066759]: Received reference trajectory - x: 4999.995605, y: 0.000000, phi: 0.000000, v: 1.080871, w: 0.000000[0m
[0m[ INFO] [1748066661.023154386]: [1748066661.023] Robot state - x: 4.995650, y: -0.005312, phi: 0.040758[0m
[0m[ INFO] [1748066661.023563128]: [1748066661.023] Reference trajectory - x: 4.999996, y: 0.000000, phi: 0.000000, v: 0.001081, w: 0.000000[0m
[0m[ INFO] [1748066661.023681434]: [1748066661.024] v: -0.132022, w: -0.009244[0m
[0m[ INFO] [1748066661.109705726]: [1748066661.110] Robot state - x: 4.996437, y: -0.005280, phi: 0.040567[0m
[0m[ INFO] [1748066661.109833920]: [1748066661.110] Reference trajectory - x: 4.999996, y: 0.000000, phi: 0.000000, v: 0.001081, w: 0.000000[0m
[0m[ INFO] [1748066661.109880096]: [1748066661.110] v: -0.134076, w: -0.007131[0m
[0m[ INFO] [1748066661.218740586]: [1748066661.218] Robot state - x: 4.996437, y: -0.005280, phi: 0.040567[0m
[0m[ INFO] [1748066661.219205105]: [1748066661.219] Reference trajectory - x: 4.999996, y: 0.000000, phi: 0.000000, v: 0.001081, w: 0.000000[0m
[0m[ INFO] [1748066661.219367988]: [1748066661.219] v: -0.132952, w: -0.005463[0m
[0m[ INFO] [1748066661.309278644]: [1748066661.309] Robot state - x: 4.996437, y: -0.005280, phi: 0.040567[0m
[0m[ INFO] [1748066661.309380438]: [1748066661.309] Reference trajectory - x: 4.999996, y: 0.000000, phi: 0.000000, v: 0.001081, w: 0.000000[0m
[0m[ INFO] [1748066661.309454647]: [1748066661.309] v: -0.131827, w: -0.003795[0m
[0m[ INFO] [1748066661.417136142]: [1748066661.416] Robot state - x: 4.996245, y: -0.005287, phi: 0.038784[0m
[0m[ INFO] [1748066661.417590901]: [1748066661.417] Reference trajectory - x: 4.999996, y: 0.000000, phi: 0.000000, v: 0.001081, w: 0.000000[0m
[0m[ INFO] [1748066661.417752536]: [1748066661.418] v: -0.129866, w: 0.005040[0m
[0m[ INFO] [1748066661.511122798]: [1748066661.511] Robot state - x: 4.996044, y: -0.005296, phi: 0.040663[0m
[0m[ INFO] [1748066661.511220688]: [1748066661.511] Reference trajectory - x: 4.999996, y: 0.000000, phi: 0.000000, v: 0.001081, w: 0.000000[0m
[0m[ INFO] [1748066661.511264017]: [1748066661.511] v: -0.127804, w: -0.000675[0m
[0m[ INFO] [1748066661.615241294]: [1748066661.615] Robot state - x: 4.996044, y: -0.005296, phi: 0.040663[0m
[0m[ INFO] [1748066661.615372016]: [1748066661.615] Reference trajectory - x: 4.999996, y: 0.000000, phi: 0.000000, v: 0.001081, w: 0.000000[0m
[0m[ INFO] [1748066661.615471281]: [1748066661.615] v: -0.126555, w: 0.000998[0m
[0m[ INFO] [1748066661.709457522]: [1748066661.709] Robot state - x: 4.995660, y: -0.005311, phi: 0.037096[0m
[0m[ INFO] [1748066661.709734006]: [1748066661.710] Reference trajectory - x: 4.999996, y: 0.000000, phi: 0.000000, v: 0.001081, w: 0.000000[0m
[0m[ INFO] [1748066661.709778679]: [1748066661.710] v: -0.123636, w: 0.017000[0m
[0m[ INFO] [1748066661.810024249]: [1748066661.810] Robot state - x: 4.991929, y: -0.005461, phi: 0.036173[0m
[0m[ INFO] [1748066661.810139323]: [1748066661.810] Reference trajectory - x: 4.999996, y: 0.000000, phi: 0.000000, v: 0.001081, w: 0.000000[0m
[0m[ INFO] [1748066661.810204796]: [1748066661.810] v: -0.106011, w: 0.023851[0m
[0m[ INFO] [1748066661.909566289]: [1748066661.909] Robot state - x: 4.988782, y: -0.005579, phi: 0.036937[0m
[0m[ INFO] [1748066661.909671570]: [1748066661.910] Reference trajectory - x: 4.999996, y: 0.000000, phi: 0.000000, v: 0.001081, w: 0.000000[0m
[0m[ INFO] [1748066661.909716179]: [1748066661.910] v: -0.089755, w: 0.023719[0m
[0m[ INFO] [1748066662.009344460]: [1748066662.009] Robot state - x: 4.986422, y: -0.005665, phi: 0.037510[0m
[0m[ INFO] [1748066662.009498190]: [1748066662.009] Reference trajectory - x: 4.999996, y: 0.000000, phi: 0.000000, v: 0.001081, w: 0.000000[0m
[0m[ INFO] [1748066662.009560911]: [1748066662.010] v: -0.075930, w: 0.024064[0m
[0m[ INFO] [1748066662.109116966]: [1748066662.109] Robot state - x: 4.984062, y: -0.005753, phi: 0.038084[0m
[0m[ INFO] [1748066662.109221448]: [1748066662.109] Reference trajectory - x: 4.999996, y: 0.000000, phi: 0.000000, v: 0.001081, w: 0.000000[0m
[0m[ INFO] [1748066662.109280297]: [1748066662.109] v: -0.061361, w: 0.024454[0m
[0m[ INFO] [1748066662.209682701]: [1748066662.210] Robot state - x: 4.982296, y: -0.005818, phi: 0.036683[0m
[0m[ INFO] [1748066662.209841295]: [1748066662.210] Reference trajectory - x: 4.999996, y: 0.000000, phi: 0.000000, v: 0.001081, w: 0.000000[0m
[0m[ INFO] [1748066662.209899344]: [1748066662.210] v: -0.048636, w: 0.032493[0m
[0m[ INFO] [1748066662.309577417]: [1748066662.309] Robot state - x: 4.980521, y: -0.005887, phi: 0.038943[0m
[0m[ INFO] [1748066662.309702603]: [1748066662.310] Reference trajectory - x: 4.999996, y: 0.000000, phi: 0.000000, v: 0.001081, w: 0.000000[0m
[0m[ INFO] [1748066662.309764428]: [1748066662.310] v: -0.035310, w: 0.026039[0m
[0m[ INFO] [1748066662.423942248]: [1748066662.424] Robot state - x: 4.979734, y: -0.005916, phi: 0.039134[0m
[0m[ INFO] [1748066662.424086666]: [1748066662.424] Reference trajectory - x: 4.999996, y: 0.000000, phi: 0.000000, v: 0.001081, w: 0.000000[0m
[0m[ INFO] [1748066662.424162603]: [1748066662.424] v: -0.025729, w: 0.027429[0m
[0m[ INFO] [1748066662.509522404]: [1748066662.509] Robot state - x: 4.979734, y: -0.005916, phi: 0.039134[0m
[0m[ INFO] [1748066662.509628261]: [1748066662.510] Reference trajectory - x: 4.999996, y: 0.000000, phi: 0.000000, v: 0.001081, w: 0.000000[0m
[0m[ INFO] [1748066662.509673542]: [1748066662.510] v: -0.019326, w: 0.029299[0m
[0m[ INFO] [1748066662.609787814]: [1748066662.610] Robot state - x: 4.979734, y: -0.005916, phi: 0.039134[0m
[0m[ INFO] [1748066662.609945896]: [1748066662.610] Reference trajectory - x: 4.999996, y: 0.000000, phi: 0.000000, v: 0.001081, w: 0.000000[0m
[0m[ INFO] [1748066662.610003785]: [1748066662.610] v: -0.012924, w: 0.031169[0m
[0m[ INFO] [1748066662.709246651]: [1748066662.709] Robot state - x: 4.979734, y: -0.005916, phi: 0.039134[0m
[0m[ INFO] [1748066662.709404126]: [1748066662.709] Reference trajectory - x: 4.999996, y: 0.000000, phi: 0.000000, v: 0.001081, w: 0.000000[0m
[0m[ INFO] [1748066662.709491487]: [1748066662.709] v: -0.006521, w: 0.033038[0m
[0m[ INFO] [1748066662.817740478]: [1748066662.817] Robot state - x: 4.979734, y: -0.005916, phi: 0.039134[0m
[0m[ INFO] [1748066662.818225510]: [1748066662.818] Reference trajectory - x: 4.999996, y: 0.000000, phi: 0.000000, v: 0.001081, w: 0.000000[0m
[0m[ INFO] [1748066662.818542219]: [1748066662.818] v: -0.000118, w: 0.034908[0m
[0m[ INFO] [17480666[0m[ INFO] [1748066645.952290239]: Trajectory Generator Node Started[0m
[0m[ INFO] [1748066645.960118522]: Reading trajectory coeffs[0m
62.909805568]: [1748066662.910] Robot state - x: 4.979734, y: -0.005916, phi: 0.039134[0m
[0m[ INFO] [1748066662.910086756]: [1748066662.910] Reference trajectory - x: 4.999996, y: 0.000000, phi: 0.000000, v: 0.001081, w: 0.000000[0m
[0m[ INFO] [1748066662.910129637]: [1748066662.910] v: 0.006284, w: 0.036777[0m
[0m[ INFO] [1748066663.019585271]: [1748066663.019] Robot state - x: 4.979734, y: -0.005916, phi: 0.039134[0m
[0m[ INFO] [1748066663.020234529]: [1748066663.020] Reference trajectory - x: 4.999996, y: 0.000000, phi: 0.000000, v: 0.001081, w: 0.000000[0m
[0m[ INFO] [1748066663.020328194]: [1748066663.020] v: 0.012687, w: 0.038647[0m
[0m[ INFO] [1748066663.110107903]: [1748066663.110] Robot state - x: 4.979734, y: -0.005916, phi: 0.039134[0m
[0m[ INFO] [1748066663.110198657]: [1748066663.110] Reference trajectory - x: 4.999996, y: 0.000000, phi: 0.000000, v: 0.001081, w: 0.000000[0m
[0m[ INFO] [1748066663.110238209]: [1748066663.110] v: 0.019089, w: 0.040516[0m
[0m[ INFO] [1748066663.209884377]: [1748066663.210] Robot state - x: 4.979734, y: -0.005916, phi: 0.039134[0m
[0m[ INFO] [1748066663.210042811]: [1748066663.210] Reference trajectory - x: 4.999996, y: 0.000000, phi: 0.000000, v: 0.001081, w: 0.000000[0m
[0m[ INFO] [1748066663.210111516]: [1748066663.210] v: 0.025492, w: 0.042386[0m
[0m[ INFO] [1748066642.583504705]: [I2C FOR MOTORS] Now launching this node in namespace: /asc[0m
[0m[ INFO] [1748066642.626251941]: [I2C FOR MOTORS] publish motor duty cycle requests from command line with: rostopic pub --once /asc/set_motor_duty_cycle asclinic_pkg/LeftRightFloat32 "{left: 10.1, right: 10.1}"[0m
[0m[ INFO] [1748066642.626408840]: [I2C FOR MOTORS] Successfully opened named /dev/i2c-1, with file descriptor = 11[0m
[0m[ INFO] [1748066642.626556298]: [I2C FOR MOTORS] Actual acceleration limit = 0.0003125%/ms (after conversation to "internal units")[0m
[0m[ INFO] [1748066642.626646251]: [I2C FOR MOTORS] Actual deceleration limit = 0.0015625%/ms (after conversation to "internal units")[0m
[0m[ INFO] [1748066642.626703692]: [I2C FOR MOTORS] Now initialising SMC with I2C address 13[0m
[0m[ INFO] [1748066642.641606328]: [I2C FOR MOTORS] Now initialising SMC with I2C address 14[0m
[0m[ INFO] [1748066642.659068428]: [I2C FOR MOTORS] Node initialisation complete[0m

[ARUCO DETECTOR] Camera properties upon initialisation:
CV_CAP_PROP_FRAME_HEIGHT : '480.0'
CV_CAP_PROP_FRAME_WIDTH :  '640.0'
CAP_PROP_FPS :             '30.0'
CAP_PROP_FOCUS :           '0.0'
CAP_PROP_AUTOFOCUS :       '0.0'
CAP_PROP_BRIGHTNESS :      '128.0'
CAP_PROP_CONTRAST :        '128.0'
CAP_PROP_SATURATION :      '128.0'
CAP_PROP_BUFFERSIZE :      '4.0'

[ARUCO DETECTOR] Camera properties upon initialisation:
CV_CAP_PROP_FRAME_HEIGHT : '1080.0'
CV_CAP_PROP_FRAME_WIDTH :  '1920.0'
CAP_PROP_FPS :             '5.0'
CAP_PROP_FOCUS :           '0.0'
CAP_PROP_AUTOFOCUS :       '0.0'
CAP_PROP_BRIGHTNESS :      '128.0'
CAP_PROP_CONTRAST :        '128.0'
CAP_PROP_SATURATION :      '128.0'
CAP_PROP_BUFFERSIZE :      '1.0'
[INFO] [1748066645.890272]: [ARUCO DETECTOR] As a double check of the camera properties set, a frame captured just now has dimensions = (1080, 1920, 3)
[INFO] [1748066645.895488]: [ARUCO DETECTOR] publish request from command line to save a single camera image using: rostopic pub --once /asc/request_save_image std_msgs/UInt32 1
[INFO] [1748066645.900649]: [ARUCO DETECTOR] Node initialisation complete
... logging to /home/asc/.ros/log/a739697c-385f-11f0-8c94-d8c0a650f677/roslaunch-asc12-jetson-19719.log
Checking log directory for disk usage. This may take a while.
Press Ctrl-C to interrupt
Done checking log file disk usage. Usage is <1GB.
]2;/home/asc/ASClinic/catkin_ws/src/asclinic_pkg/launch/trajectory.launch
[1mstarted roslaunch server http://asc12-jetson:43833/[0m

SUMMARY
========

PARAMETERS
 * /asc/aruco_detector/aruco_detector_desired_camera_fps: 5
 * /asc/aruco_detector/aruco_detector_desired_camera_frame_height: 1080
 * /asc/aruco_detector/aruco_detector_desired_camera_frame_width: 1920
 * /asc/aruco_detector/aruco_detector_marker_size: 0.25
 * /asc/aruco_detector/aruco_detector_save_image_path: /home/asc/saved_c...
 * /asc/aruco_detector/aruco_detector_should_publish_camera_images: False
 * /asc/aruco_detector/aruco_detector_should_save_all_aruco_images: False
 * /asc/aruco_detector/aruco_detector_should_show_camera_images: False
 * /asc/aruco_detector/aruco_detector_usb_camera_device_number: 0
 * /asc/aruco_detector/aruco_detector_verbosity: 1
 * /asc/encoder_read_multi_threaded/delta_t_for_publishing_encoder_counts: 0.1
 * /asc/encoder_read_multi_threaded/encoder_events_to_monitor: rising
 * /asc/encoder_read_multi_threaded/encoder_read_verbosity: 1
 * /asc/encoder_read_multi_threaded/gpio_chip_number_for_encoder_lines: 1
 * /asc/encoder_read_multi_threaded/line_number_for_left_side_encoder_channel_a: 105
 * /asc/encoder_read_multi_threaded/line_number_for_left_side_encoder_channel_b: 106
 * /asc/encoder_read_multi_threaded/line_number_for_right_side_encoder_channel_a: 84
 * /asc/encoder_read_multi_threaded/line_number_for_right_side_encoder_channel_b: 130
 * /asc/encoder_read_multi_threaded/should_monitor_left_side_encoder_channel_a: True
 * /asc/encoder_read_multi_threaded/should_monitor_left_side_encoder_channel_b: False
 * /asc/encoder_read_multi_threaded/should_monitor_right_side_encoder_channel_a: True
 * /asc/encoder_read_multi_threaded/should_monitor_right_side_encoder_channel_b: False
 * /asc/i2c_for_motors/motor_driver_current_limit_in_milliamps: 5000
 * /asc/i2c_for_motors/motor_driver_left_side_multiplier: 1
 * /asc/i2c_for_motors/motor_driver_max_accel_limit_in_percent_per_millisecond: 0.04
 * /asc/i2c_for_motors/motor_driver_max_decel_limit_in_percent_per_millisecond: 0.16
 * /asc/i2c_for_motors/motor_driver_max_duty_cycle_limit_in_percent: 100.0
 * /asc/i2c_for_motors/motor_driver_right_side_multiplier: 1
 * /asc/i2c_for_motors/motor_driver_verbosity: 1
 * /rosdistro: noetic
 * /rosversion: 1.17.0

NODES
  /
    aruco_positioning (asclinic_pkg/aruco_positioning.py)
    kf_fusion_node (asclinic_pkg/KF.py)
    odomdelta (asclinic_pkg/odomdelta)
    trajectory_generator (asclinic_pkg/trajectory_generator_state_space)
    trajectory_tracker (asclinic_pkg/trajectory_tracker_state_space)
    velocity_PI_control (asclinic_pkg/velocity_PI_control)
  /asc/
    aruco_detector (asclinic_pkg/aruco_detector.py)
    encoder_read_multi_threaded (asclinic_pkg/encoder_read_multi_threaded)
    i2c_for_motors (asclinic_pkg/i2c_for_motors)

[1mROS_MASTER_URI=http://localhost:11311[0m
]2;/home/asc/ASClinic/catkin_ws/src/asclinic_pkg/launch/trajectory.launch http://localhost:11311
[1mprocess[asc/i2c_for_motors-1]: started with pid [19765][0m
[1mprocess[asc/encoder_read_multi_threaded-2]: started with pid [19766][0m
[1mprocess[odomdelta-3]: started with pid [19772][0m
[1mprocess[asc/aruco_detector-4]: started with pid [19778][0m
[1mprocess[aruco_positioning-5]: started with pid [19787][0m
[1mprocess[trajectory_tracker-6]: started with pid [19789][0m
[1mprocess[trajectory_generator-7]: started with pid [19790][0m
[1mprocess[velocity_PI_control-8]: started with pid [19796][0m
[1mprocess[kf_fusion_node-9]: started with pid [19801][0m
[kf_fusion_node-9] killing on exit
[trajectory_generator-7] killing on exit
[asc/aruco_detector-4] killing on exit
[asc/encoder_read_multi_threaded-2] killing on exit
[trajectory_tracker-6] killing on exit
[velocity_PI_control-8] killing on exit
[odomdelta-3] killing on exit
[asc/i2c_for_motors-1] killing on exit
shutting down processing monitor...
... shutting down processing monitor complete
[1mdone[0m
