[0m[ INFO] [1745839327.818517602]: Target - x: 300.000000, y: 0.000000, phi: 0.000000[0m
[0m[ INFO] [1745839327.823209500]: Current - x: 0.000000, y: 0.000000, phi: 0.000000[0m
[0m[ INFO] [1745839327.823320990]: Error - x: 300.000000, y: 0.000000[0m
[0m[ INFO] [1745839327.823399839]: error_y: 0.000000[0m
[0m[ INFO] [1745839327.823460865]: w: 0.000000[0m
[0m[ INFO] [1745839327.823504673]: Publishing motor command - Left: 2500.000000, Right: 2500.000000[0m
[0m[ INFO] [1745839327.913184811]: Target - x: 320.000000, y: 0.000000, phi: 0.000000[0m
[0m[ INFO] [1745839327.913350798]: Current - x: 0.000000, y: 0.000000, phi: 0.000000[0m
[0m[ INFO] [1745839327.913454736]: Error - x: 320.000000, y: 0.000000[0m
[0m[ INFO] [1745839327.913529234]: error_y: 0.000000[0m
[0m[ INFO] [1745839327.913615219]: w: 0.000000[0m
[0m[ INFO] [1745839327.913659476]: Publishing motor command - Left: 2666.666748, Right: 2666.666748[0m
[0m[ INFO] [1745839328.012939829]: Target - x: 340.000000, y: 0.000000, phi: 0.000000[0m
[0m[ INFO] [1745839328.013152281]: Current - x: 0.000000, y: 0.000000, phi: 0.000000[0m
[0m[ INFO] [1745839328.013246042]: Error - x: 340.000000, y: 0.000000[0m
[0m[ INFO] [1745839328.013288859]: error_y: 0.000000[0m
[0m[ INFO] [1745839328.013326652]: w: 0.000000[0m
[0m[ INFO] [1745839328.013376477]: Publishing motor command - Left: 2833.333252, Right: 2833.333252[0m
[0m[ INFO] [1745839328.112858496]: Target - x: 360.000000, y: 0.000000, phi: 0.000000[0m
[0m[ INFO] [1745839328.113068132]: Current - x: 0.000000, y: 0.000000, phi: 0.000000[0m
[0m[ INFO] [1745839328.113115205]: Error - x: 360.000000, y: 0.000000[0m
[0m[ INFO] [1745839328.113148101]: error_y: 0.000000[0m
[0m[ INFO] [1745839328.113182470]: w: 0.000000[0m
[0m[ INFO] [1745839328.113345065]: Publishing motor command - Left: 3000.000000, Right: 3000.000000[0m
[0m[ INFO] [1745839328.213121745]: Target - x: 380.000000, y: 0.000000, phi: 0.000000[0m
[0m[ INFO] [1745839328.213238132]: Current - x: 1.208393, y: -0.006792, phi: -0.644073[0m
[0m[ INFO] [1745839328.213305045]: Error - x: 378.791595, y: 0.006792[0m
[0m[ INFO] [1745839328.213340085]: error_y: 0.006792[0m
[0m[ INFO] [1745839328.213368886]: w: 0.203756[0m
[0m[ INFO] [1745839328.213403095]: Publishing motor command - Left: 3156.545898, Right: 3156.647461[0m
[0m[ INFO] [1745839328.313271105]: Target - x: 400.000000, y: 0.000000, phi: 0.000000[0m
[0m[ INFO] [1745839328.313393123]: Current - x: 3.418034, y: -0.033760, phi: -0.754425[0m
[0m[ INFO] [1745839328.313436996]: Error - x: 396.581970, y: 0.033760[0m
[0m[ INFO] [1745839328.313471461]: error_y: 0.033760[0m
[0m[ INFO] [1745839328.313503397]: w: 1.691987[0m
[0m[ INFO] [1745839328.313538374]: Publishing motor command - Left: 3304.428711, Right: 3305.270508[0m
[0m[ INFO] [1745839328.415336053]: Target - x: 420.000000, y: 0.000000, phi: 0.000000[0m
[0m[ INFO] [1745839328.415454103]: Current - x: 8.640967, y: -0.053931, phi: -0.976288[0m
[0m[ INFO] [1745839328.415495704]: Error - x: 411.359039, y: 0.053931[0m
[0m[ INFO] [1745839328.415573113]: error_y: 0.053931[0m
[0m[ INFO] [1745839328.415631162]: w: 11.785802[0m
[0m[ INFO] [1745839328.415685371]: Publishing motor command - Left: 3425.058838, Right: 3430.924805[0m
[0m[ INFO] [1745839328.514886169]: Target - x: 440.000000, y: 0.000000, phi: 0.000000[0m
[0m[ INFO] [1745839328.515234975]: Current - x: 17.478914, y: -0.105682, phi: -1.203552[0m
[0m[ INFO] [1745839328.515591078]: Error - x: 422.521088, y: 0.105682[0m
[0m[ INFO] [1745839328.515668296]: error_y: 0.105682[0m
[0m[ INFO] [1745839328.515724521]: w: 110.242287[0m
[0m[ INFO] [1745839328.515788970]: Publishing motor command - Left: 3493.576172, Right: 3548.442139[0m
[0m[ INFO] [1745839328.614673665]: Target - x: 460.000000, y: 0.000000, phi: 0.000000[0m
[0m[ INFO] [1745839328.614979687]: Current - x: 29.327873, y: -0.143440, phi: -1.114172[0m
[0m[ INFO] [1745839328.615188683]: Error - x: 430.672119, y: 0.143440[0m
[0m[ INFO] [1745839328.615349806]: error_y: 0.143440[0m
[0m[ INFO] [1745839328.617555544]: w: 1085.589600[0m
[0m[ INFO] [1745839328.617629242]: Publishing motor command - Left: 3318.793213, Right: 3859.075195[0m
[0m[ INFO] [1745839328.718834173]: Target - x: 480.000000, y: 0.000000, phi: 0.000000[0m
[0m[ INFO] [1745839328.719305574]: Current - x: 45.395088, y: -0.121734, phi: -1.138128[0m
[0m[ INFO] [1745839328.719362791]: Error - x: 434.604919, y: 0.121734[0m
[0m[ INFO] [1745839328.719410408]: error_y: 0.121734[0m
[0m[ INFO] [1745839328.719447529]: w: 10830.860352[0m
[0m[ INFO] [1745839328.719486153]: Publishing motor command - Left: 926.528015, Right: 6316.887207[0m
[0m[ INFO] [1745839328.817400847]: Target - x: 500.000000, y: 0.000000, phi: 0.000000[0m
[0m[ INFO] [1745839328.818056507]: Current - x: 66.681816, y: -0.056988, phi: -0.741685[0m
[0m[ INFO] [1745839328.818222782]: Error - x: 433.318176, y: 0.056988[0m
[0m[ INFO] [1745839328.818360065]: error_y: 0.056988[0m
[0m[ INFO] [1745839328.818395297]: w: 108285.968750[0m
[0m[ INFO] [1745839328.818436738]: Publishing motor command - Left: -23335.179688, Right: 30557.148438[0m
[0m[ INFO] [1745839328.913392783]: Target - x: 520.000000, y: 0.000000, phi: 0.000000[0m
[0m[ INFO] [1745839328.913577810]: Current - x: 92.187263, y: 0.134857, phi: -0.672663[0m
[0m[ INFO] [1745839328.914188318]: Error - x: 427.812744, y: -0.134857[0m
[0m[ INFO] [1745839328.914275168]: error_y: -0.134857[0m
[0m[ INFO] [1745839328.914328801]: w: 1082844.250000[0m
[0m[ INFO] [1745839328.914379490]: Publishing motor command - Left: -265892.687500, Right: 273022.906250[0m
[0m[ INFO] [1745839329.013309882]: Target - x: 540.000000, y: 0.000000, phi: 0.000000[0m
[0m[ INFO] [1745839329.013473469]: Current - x: 93.308022, y: 0.277239, phi: 13.669531[0m
[0m[ INFO] [1745839329.013549918]: Error - x: 446.691986, y: -0.277239[0m
[0m[ INFO] [1745839329.013620000]: error_y: -0.277239[0m
[0m[ INFO] [1745839329.013693345]: w: 10828462.000000[0m
[0m[ INFO] [1745839329.013749026]: Publishing motor command - Left: -2690860.250000, Right: 2698305.250000[0m
[0m[ INFO] [1745839329.112942398]: Target - x: 560.000000, y: 0.000000, phi: 0.000000[0m
[0m[ INFO] [1745839329.113085249]: Current - x: 101.521965, y: 3.355531, phi: 26.073542[0m
[0m[ INFO] [1745839329.113122593]: Error - x: 458.478027, y: -3.355531[0m
[0m[ INFO] [1745839329.113151778]: error_y: -3.355531[0m
[0m[ INFO] [1745839329.113210211]: w: 108284584.000000[0m
[0m[ INFO] [1745839329.113264964]: Publishing motor command - Left: -26941998.000000, Right: 26949640.000000[0m
[0m[ INFO] [1745839329.213942652]: Target - x: 580.000000, y: 0.000000, phi: 0.000000[0m
[0m[ INFO] [1745839329.214105983]: Current - x: 117.371368, y: 8.345593, phi: 36.217937[0m
[0m[ INFO] [1745839329.214316419]: Error - x: 462.628632, y: -8.345593[0m
[0m[ INFO] [1745839329.214376388]: error_y: -8.345593[0m
[0m[ INFO] [1745839329.214429957]: w: 1082846336.000000[0m
[0m[ INFO] [1745839329.214488902]: Publishing motor command - Left: -269454464.000000, Right: 269462176.000000[0m
[0m[ INFO] [1745839329.315729321]: Target - x: 600.000000, y: 0.000000, phi: 0.000000[0m
[0m[ INFO] [1745839329.315848651]: Current - x: 134.359589, y: 13.017406, phi: 46.681973[0m
[0m[ INFO] [1745839329.315888524]: Error - x: 465.640411, y: -13.017406[0m
[0m[ INFO] [1745839329.315920525]: error_y: -13.017406[0m
[0m[ INFO] [1745839329.315984622]: w: 10828464128.000000[0m
[0m[ INFO] [1745839329.316021519]: Publishing motor command - Left: -2694579456.000000, Right: 2694587136.000000[0m
[0m[ INFO] [1745839329.413442697]: Target - x: 620.000000, y: 0.000000, phi: 0.000000[0m
[0m[ INFO] [1745839329.413538026]: Current - x: 152.207886, y: 18.303680, phi: 58.750179[0m
[0m[ INFO] [1745839329.413575211]: Error - x: 467.792114, y: -18.303680[0m
[0m[ INFO] [1745839329.413643660]: error_y: -18.303680[0m
[0m[ INFO] [1745839329.413716622]: w: 108284641280.000000[0m
[0m[ INFO] [1745839329.413789679]: Publishing motor command - Left: -26945830912.000000, Right: 26945837056.000000[0m
[0m[ INFO] [1745839329.514138529]: Target - x: 640.000000, y: 0.000000, phi: 0.000000[0m
[0m[ INFO] [1745839329.514487016]: Current - x: 170.000458, y: 24.397177, phi: 72.423759[0m
[0m[ INFO] [1745839329.515549948]: Error - x: 469.999542, y: -24.397177[0m
[0m[ INFO] [1745839329.515624957]: error_y: -24.397177[0m
[0m[ INFO] [1745839329.515677246]: w: 1082846412800.000000[0m
[0m[ INFO] [1745839329.515732863]: Publishing motor command - Left: -269458341888.000000, Right: 269458341888.000000[0m
[0m[ INFO] [1745839329.619881177]: Target - x: 660.000000, y: 0.000000, phi: 0.000000[0m
[0m[ INFO] [1745839329.620048988]: Current - x: 186.371155, y: 30.837406, phi: 88.025932[0m
[0m[ INFO] [1745839329.620101021]: Error - x: 473.628845, y: -30.837406[0m
[0m[ INFO] [1745839329.620197375]: error_y: -30.837406[0m
[0m[ INFO] [1745839329.620270720]: w: 10828463996928.000000[0m
[0m[ INFO] [1745839329.620331394]: Publishing motor command - Left: -2694583156736.000000, Right: 2694583156736.000000[0m
[0m[ INFO] [1745839329.713191941]: Target - x: 680.000000, y: 0.000000, phi: 0.000000[0m
[0m[ INFO] [1745839329.713307623]: Current - x: 202.562469, y: 38.188934, phi: 105.661659[0m
[0m[ INFO] [1745839329.713371016]: Error - x: 477.437531, y: -38.188934[0m
[0m[ INFO] [1745839329.713417257]: error_y: -38.188934[0m
[0m[ INFO] [1745839329.713465770]: w: 108284639969280.000000[0m
[0m[ INFO] [1745839329.713521867]: Publishing motor command - Left: -26945834188800.000000, Right: 26945834188800.000000[0m
[0m[ INFO] [1745839329.813268210]: Target - x: 700.000000, y: 0.000000, phi: 0.000000[0m
[0m[ INFO] [1745839329.813419348]: Current - x: 217.237885, y: 45.871490, phi: 125.654167[0m
[0m[ INFO] [1745839329.813526295]: Error - x: 482.762115, y: -45.871490[0m
[0m[ INFO] [1745839329.813577656]: error_y: -45.871490[0m
[0m[ INFO] [1745839329.813623384]: w: 1082846416470016.000000[0m
[0m[ INFO] [1745839329.813674873]: Publishing motor command - Left: -269458329305088.000000, Right: 269458329305088.000000[0m
[0m[ INFO] [1745839329.913364447]: Target - x: 720.000000, y: 0.000000, phi: 0.000000[0m
[0m[ INFO] [1745839329.913473697]: Current - x: 231.632858, y: 54.449703, phi: 147.252045[0m
[0m[ INFO] [1745839329.913540418]: Error - x: 488.367126, y: -54.449703[0m
[0m[ INFO] [1745839329.913584835]: error_y: -54.449703[0m
[0m[ INFO] [1745839329.913638308]: w: 10828464030482432.000000[0m
[0m[ INFO] [1745839329.913672676]: Publishing motor command - Left: -2694583293050880.000000, Right: 2694583293050880.000000[0m
[0m[ INFO] [1745839330.017623642]: Target - x: 740.000000, y: 0.000000, phi: 0.000000[0m
[0m[ INFO] [1745839330.017739324]: Current - x: 244.932037, y: 63.241516, phi: 170.992020[0m
[0m[ INFO] [1745839330.017804478]: Error - x: 495.067963, y: -63.241516[0m
[0m[ INFO] [1745839330.017860255]: error_y: -63.241516[0m
[0m[ INFO] [1745839330.017893087]: w: 108284638157340672.000000[0m
[0m[ INFO] [1745839330.017927456]: Publishing motor command - Left: -26945832393637888.000000, Right: 26945832393637888.000000[0m
[0m[ INFO] [1745839330.114032224]: Target - x: 760.000000, y: 0.000000, phi: 0.000000[0m
[0m[ INFO] [1745839330.114125217]: Current - x: 257.216309, y: 72.409409, phi: -163.019180[0m
[0m[ INFO] [1745839330.114164194]: Error - x: 502.783691, y: -72.409409[0m
[0m[ INFO] [1745839330.114235587]: error_y: -72.409409[0m
[0m[ INFO] [1745839330.114296549]: w: 1082846398753275904.000000[0m
[0m[ INFO] [1745839330.114356774]: Publishing motor command - Left: -269458328231346176.000000, Right: 269458328231346176.000000[0m
[0m[ INFO] [1745839330.213606753]: Target - x: 780.000000, y: 0.000000, phi: 0.000000[0m
[0m[ INFO] [1745839330.213764516]: Current - x: 268.507080, y: 81.847794, phi: -135.209717[0m
[0m[ INFO] [1745839330.213851750]: Error - x: 511.492920, y: -81.847794[0m
[0m[ INFO] [1745839330.213898055]: error_y: -81.847794[0m
[0m[ INFO] [1745839330.213966664]: w: 10828464399849619456.000000[0m
[0m[ INFO] [1745839330.214056458]: Publishing motor command - Left: -2694583316673200128.000000, Right: 2694583316673200128.000000[0m
[0m[ INFO] [1745839330.313552073]: Target - x: 800.000000, y: 0.000000, phi: 0.000000[0m
[0m[ INFO] [1745839330.313653899]: Current - x: 278.607483, y: 91.108887, phi: -105.793083[0m
[0m[ INFO] [1745839330.313865423]: Error - x: 521.392517, y: -91.108887[0m
[0m[ INFO] [1745839330.313943313]: error_y: -91.108887[0m
[0m[ INFO] [1745839330.313985874]: w: 108284646197519450112.000000[0m
[0m[ INFO] [1745839330.314028467]: Publishing motor command - Left: -26945834815999442944.000000, Right: 26945834815999442944.000000[0m
[0m[ INFO] [1745839330.418427568]: Target - x: 820.000000, y: 0.000000, phi: 0.000000[0m
[0m[ INFO] [1745839330.418528529]: Current - x: 287.761383, y: 100.188881, phi: -75.090721[0m
[0m[ INFO] [1745839330.418597299]: Error - x: 532.238647, y: -100.188881[0m
[0m[ INFO] [1745839330.418630451]: error_y: -100.188881[0m
[0m[ INFO] [1745839330.418682804]: w: 1082846479567380545536.000000[0m
[0m[ INFO] [1745839330.418716853]: Publishing motor command - Left: -269458334965854896128.000000, Right: 269458334965854896128.000000[0m
[0m[ INFO] [1745839330.513226038]: Target - x: 840.000000, y: 0.000000, phi: 0.000000[0m
[0m[ INFO] [1745839330.513343737]: Current - x: 296.362701, y: 109.505043, phi: -41.926025[0m
[0m[ INFO] [1745839330.513414778]: Error - x: 543.637329, y: -109.505043[0m
[0m[ INFO] [1745839330.513447771]: error_y: -109.505043[0m
[0m[ INFO] [1745839330.513480571]: w: 10828465077148782166016.000000[0m
[0m[ INFO] [1745839330.513516700]: Publishing motor command - Left: -2694583595949153583104.000000, Right: 2694583595949153583104.000000[0m
[0m[ INFO] [1745839330.613126686]: Target - x: 860.000000, y: 0.000000, phi: 0.000000[0m
[0m[ INFO] [1745839330.613220736]: Current - x: 303.930237, y: 118.649345, phi: -7.475603[0m
[0m[ INFO] [1745839330.613287297]: Error - x: 556.069763, y: -118.649345[0m
[0m[ INFO] [1745839330.613317282]: error_y: -118.649345[0m
[0m[ INFO] [1745839330.613348322]: w: 108284648519688007974912.000000[0m
[0m[ INFO] [1745839330.613383587]: Publishing motor command - Left: -26945835959491535831040.000000, Right: 26945835959491535831040.000000[0m
[0m[ INFO] [1745839330.713785044]: Target - x: 880.000000, y: 0.000000, phi: 0.000000[0m
[0m[ INFO] [1745839330.713930295]: Current - x: 310.996033, y: 127.922104, phi: 29.008974[0m
[0m[ INFO] [1745839330.714007608]: Error - x: 569.003967, y: -127.922104[0m
[0m[ INFO] [1745839330.714043673]: error_y: -127.922104[0m
[0m[ INFO] [1745839330.714080346]: w: 1082846503211278589231104.000000[0m
[0m[ INFO] [1745839330.714131771]: Publishing motor command - Left: -269458364098514985680896.000000, Right: 269458364098514985680896.000000[0m
[0m[ INFO] [1745839330.813580442]: Target - x: 900.000000, y: 0.000000, phi: 0.000000[0m
[0m[ INFO] [1745839330.813744861]: Current - x: 316.711334, y: 136.416458, phi: 68.171761[0m
[0m[ INFO] [1745839330.813835582]: Error - x: 583.288696, y: -136.416458[0m
[0m[ INFO] [1745839330.813884735]: error_y: -136.416458[0m
[0m[ INFO] [1745839330.813939776]: w: 10828464743882409740599296.000000[0m
[0m[ INFO] [1745839330.813997794]: Publishing motor command - Left: -2694583640985149856808960.000000, Right: 2694583640985149856808960.000000[0m
[0m[ INFO] [1745839330.913307262]: Target - x: 920.000000, y: 0.000000, phi: 0.000000[0m
[0m[ INFO] [1745839330.913437792]: Current - x: 321.766083, y: 144.850830, phi: 107.977417[0m
[0m[ INFO] [1745839330.913505474]: Error - x: 598.233887, y: -144.850830[0m
[0m[ INFO] [1745839330.913542338]: error_y: -144.850830[0m
[0m[ INFO] [1745839330.913577379]: w: 108284647438824097405992960.000000[0m
[0m[ INFO] [1745839330.913619428]: Publishing motor command - Left: -26945834680469241657819136.000000, Right: 26945834680469241657819136.000000[0m
[0m[ INFO] [1745839331.019615295]: Target - x: 940.000000, y: 0.000000, phi: 0.000000[0m
[0m[ INFO] [1745839331.019928293]: Current - x: 326.422211, y: 153.266876, phi: 150.459488[0m
[0m[ INFO] [1745839331.019991078]: Error - x: 613.577759, y: -153.266876[0m
[0m[ INFO] [1745839331.021521795]: error_y: -153.266876[0m
[0m[ INFO] [1745839331.021709703]: w: 1082846455941496900350377984.000000[0m
[0m[ INFO] [1745839331.021865098]: Publishing motor command - Left: -269458360639750471860355072.000000, Right: 269458360639750471860355072.000000[0m
[0m[ INFO] [1745839331.114737770]: Target - x: 960.000000, y: 0.000000, phi: 0.000000[0m
[0m[ INFO] [1745839331.114833356]: Current - x: 330.468994, y: 161.761047, phi: -165.452484[0m
[0m[ INFO] [1745839331.114881965]: Error - x: 629.531006, y: -161.761047[0m
[0m[ INFO] [1745839331.114916398]: error_y: -161.761047[0m
[0m[ INFO] [1745839331.115024496]: w: 10828464264267063824150953984.000000[0m
[0m[ INFO] [1745839331.115114193]: Publishing motor command - Left: -2694583200569135096993415168.000000, Right: 2694583200569135096993415168.000000[0m
[0m[ INFO] [1745839331.218602812]: Target - x: 980.000000, y: 0.000000, phi: 0.000000[0m
[0m[ INFO] [1745839331.218680957]: Current - x: 334.335052, y: 170.983093, phi: -119.117393[0m
[0m[ INFO] [1745839331.218716542]: Error - x: 645.664917, y: -170.983093[0m
[0m[ INFO] [1745839331.218746718]: error_y: -170.983093[0m
[0m[ INFO] [1745839331.218779423]: w: 108284637920304155371864326144.000000[0m
[0m[ INFO] [1745839331.218819616]: Publishing motor command - Left: -26945832595987161328639803392.000000, Right: 26945832595987161328639803392.000000[0m
[0m[ INFO] [1745839331.313429217]: Target - x: 1000.000000, y: 0.000000, phi: 0.000000[0m
[0m[ INFO] [1745839331.313547876]: Current - x: 337.118713, y: 178.472626, phi: -72.565224[0m
[0m[ INFO] [1745839331.313592741]: Error - x: 662.881287, y: -178.472626[0m
[0m[ INFO] [1745839331.313626853]: error_y: -178.472626[0m
[0m[ INFO] [1745839331.313666598]: w: 1082846341424109690761481551872.000000[0m
[0m[ INFO] [1745839331.313744391]: Publishing motor command - Left: -269458307070405681807817179136.000000, Right: 269458307070405681807817179136.000000[0m
[0m[ INFO] [1745839331.414623040]: Target - x: 1020.000000, y: 0.000000, phi: 0.000000[0m
[0m[ INFO] [1745839331.414733666]: Current - x: 339.728760, y: 186.219406, phi: -22.909060[0m
[0m[ INFO] [1745839331.414798435]: Error - x: 680.271240, y: -186.219406[0m
[0m[ INFO] [1745839331.414860005]: error_y: -186.219406[0m
[0m[ INFO] [1745839331.414914918]: w: 10828463414241096907614815518720.000000[0m
[0m[ INFO] [1745839331.415028040]: Publishing motor command - Left: -2694583221819784269906818629632.000000, Right: 2694583221819784269906818629632.000000[0m
[0m[ INFO] [1745839331.513456786]: Target - x: 1040.000000, y: 0.000000, phi: 0.000000[0m
[0m[ INFO] [1745839331.513549524]: Current - x: 341.618744, y: 192.930191, phi: 26.320719[0m
[0m[ INFO] [1745839331.513586228]: Error - x: 698.381226, y: -192.930191[0m
[0m[ INFO] [1745839331.513616789]: error_y: -192.930191[0m
[0m[ INFO] [1745839331.513653014]: w: 108284636560262608305406504599552.000000[0m
[0m[ INFO] [1745839331.513708823]: Publishing motor command - Left: -26945832218197842699068186296320.000000, Right: 26945832218197842699068186296320.000000[0m
[0m[ INFO] [1745839331.621634325]: Target - x: 1060.000000, y: 0.000000, phi: 0.000000[0m
[0m[ INFO] [1745839331.621735511]: Current - x: 343.209717, y: 198.877197, phi: 77.906677[0m
[0m[ INFO] [1745839331.621803832]: Error - x: 716.790283, y: -198.877197[0m
[0m[ INFO] [1745839331.621899802]: error_y: -198.877197[0m
[0m[ INFO] [1745839331.621938235]: w: 1082846346259812969219998250696704.000000[0m
[0m[ INFO] [1745839331.622000668]: Publishing motor command - Left: -269458307674868591615131766489088.000000, Right: 269458307674868591615131766489088.000000[0m
[0m[ INFO] [1745839331.713455138]: Target - x: 1080.000000, y: 0.000000, phi: 0.000000[0m
[0m[ INFO] [1745839331.713602149]: Current - x: 344.092468, y: 202.926453, phi: 130.137909[0m
[0m[ INFO] [1745839331.713687046]: Error - x: 735.907532, y: -202.926453[0m
[0m[ INFO] [1745839331.713791112]: error_y: -202.926453[0m
[0m[ INFO] [1745839331.713875370]: w: 10828463307855624781527448144576512.000000[0m
[0m[ INFO] [1745839331.716042995]: Publishing motor command - Left: -2694583231491190826823852027281408.000000, Right: 2694583231491190826823852027281408.000000[0m
[0m[ INFO] [1745839331.820199882]: Target - x: 1100.000000, y: 0.000000, phi: 0.000000[0m
[0m[ INFO] [1745839331.820407950]: Current - x: 344.632477, y: 205.608307, phi: -177.093552[0m
[0m[ INFO] [1745839331.820463535]: Error - x: 755.367554, y: -205.608307[0m
[0m[ INFO] [1745839331.820509263]: error_y: -205.608307[0m
[0m[ INFO] [1745839331.820563376]: w: 108284635554436326386035031244013568.000000[0m
[0m[ INFO] [1745839331.820628786]: Publishing motor command - Left: -26945832314911908268238520272814080.000000, Right: 26945832314911908268238520272814080.000000[0m
[0m[ INFO] [1745839331.913364272]: Target - x: 1120.000000, y: 0.000000, phi: 0.000000[0m
[0m[ INFO] [1745839331.913500979]: Current - x: 345.011169, y: 207.315704, phi: -127.641899[0m
[0m[ INFO] [1745839331.913545587]: Error - x: 774.988831, y: -207.315704[0m
[0m[ INFO] [1745839331.913603284]: error_y: -207.315704[0m
[0m[ INFO] [1745839331.913645173]: w: 1082846315930282006728181515668160512.000000[0m
[0m[ INFO] [1745839331.913694294]: Publishing motor command - Left: -269458308293838611257821903938650112.000000, Right: 269458308293838611257821903938650112.000000[0m
[0m[ INFO] [1745839332.020571392]: Target - x: 1140.000000, y: 0.000000, phi: 0.000000[0m
[0m[ INFO] [1745839332.021960571]: Current - x: 345.217896, y: 208.208389, phi: -72.622719[0m
[0m[ INFO] [1745839332.022356674]: Error - x: 794.782104, y: -208.208389[0m
[0m[ INFO] [1745839332.022411843]: error_y: -208.208389[0m
[0m[ INFO] [1745839332.022452036]: w: 10828462842390170010224464782505803776.000000[0m
[0m[ INFO] [1745839332.022508773]: Publishing motor command - Left: -2694583082938386112578219039386501120.000000, Right: 2694583082938386112578219039386501120.000000[0m
[0m[ INFO] [1745839332.113387327]: Target - x: 1160.000000, y: 0.000000, phi: 0.000000[0m
[0m[ INFO] [1745839332.113484544]: Current - x: 345.156952, y: 207.718658, phi: -16.852140[0m
[0m[ INFO] [1745839332.113553538]: Error - x: 814.843018, y: -207.718658[0m
[0m[ INFO] [1745839332.113610339]: error_y: -207.718658[0m
[0m[ INFO] [1745839332.113673988]: w: 108284630959202900558703450818464448512.000000[0m
[0m[ INFO] [1745839332.113793222]: Publishing motor command - Left: -26945830195558561011667489645513408512.000000, Right: 26945830195558561011667489645513408512.000000[0m
[0m[ INFO] [1745839332.217213165]: Target - x: 1180.000000, y: 0.000000, phi: 0.000000[0m
[0m[ INFO] [1745839332.217401073]: Current - x: 344.903229, y: 205.224014, phi: 39.991886[0m
[0m[ INFO] [1745839332.217467442]: Error - x: 835.096802, y: -205.224014[0m
[0m[ INFO] [1745839332.217501875]: error_y: -205.224014[0m
[0m[ INFO] [1745839332.217530899]: w: inf[0m
[0m[ INFO] [1745839332.217560500]: Publishing motor command - Left: -inf, Right: inf[0m
[0m[ INFO] [1745839332.313949750]: Target - x: 1200.000000, y: 0.000000, phi: 0.000000[0m
[0m[ INFO] [1745839332.314121657]: Current - x: 344.618225, y: 202.544815, phi: 94.160088[0m
[0m[ INFO] [1745839332.314171738]: Error - x: 855.381775, y: -202.544815[0m
[0m[ INFO] [1745839332.314243740]: error_y: -202.544815[0m
[0m[ INFO] [1745839332.314283740]: w: inf[0m
[0m[ INFO] [1745839332.314319933]: Publishing motor command - Left: -inf, Right: inf[0m
[0m[ INFO] [1745839332.419854668]: Target - x: 1220.000000, y: 0.000000, phi: 0.000000[0m
[0m[ INFO] [1745839332.419944366]: Current - x: 344.066071, y: 197.853119, phi: 152.398987[0m
[0m[ INFO] [1745839332.419987727]: Error - x: 875.933960, y: -197.853119[0m
[0m[ INFO] [1745839332.420021263]: error_y: -197.853119[0m
[0m[ INFO] [1745839332.420054160]: w: inf[0m
[0m[ INFO] [1745839332.420081905]: Publishing motor command - Left: -inf, Right: inf[0m
[0m[ INFO] [1745839332.513260918]: Target - x: 1240.000000, y: 0.000000, phi: 0.000000[0m
[0m[ INFO] [1745839332.513376856]: Current - x:[0m[ INFO] [1745839326.317510383]: Current x: 20.000000[0m
[0m[ INFO] [1745839326.421244230]: Current x: 40.000000[0m
[0m[ INFO] [1745839326.517498927]: Current x: 60.000000[0m
[0m[ INFO] [1745839326.617532575]: Current x: 80.000000[0m
[0m[ INFO] [1745839326.717508335]: Current x: 100.000000[0m
[0m[ INFO] [1745839326.817528991]: Current x: 120.000000[0m
[0m[ INFO] [1745839326.917515694]: Current x: 140.000000[0m
[0m[ INFO] [1745839327.017530558]: Current x: 160.000000[0m
[0m[ INFO] [1745839327.117570637]: Current x: 180.000000[0m
[0m[ INFO] [1745839327.217573339]: Current x: 200.000000[0m
[0m[ INFO] [1745839327.317525545]: Current x: 220.000000[0m
[0m[ INFO] [1745839327.417501814]: Current x: 240.000000[0m
[0m[ INFO] [1745839327.517511717]: Current x: 260.000000[0m
[0m[ INFO] [1745839327.617508883]: Current x: 280.000000[0m
[0m[ INFO] [1745839327.717508065]: Current x: 300.000000[0m
[0m[ INFO] [1745839327.818005433]: Current x: 320.000000[0m
[0m[ INFO] [1745839327.918574610]: Current x: 340.000000[0m
[0m[ INFO] [1745839328.017506507]: Current x: 360.000000[0m
[0m[ INFO] [1745839328.117483576]: Current x: 380.000000[0m
[0m[ INFO] [1745839328.217496132]: Current x: 400.000000[0m
[0m[ INFO] [1745839328.317489233]: Current x: 420.000000[0m
[0m[ INFO] [1745839328.417546431]: Current x: 440.000000[0m
[0m[ INFO] [1745839328.517938963]: Current x: 460.000000[0m
[0m[ INFO] [1745839328.620604146]: Current x: 480.000000[0m
[0m[ INFO] [1745839328.718021710]: Current x: 500.000000[0m
[0m[ INFO] [1745839328.817813366]: Current x: 520.000000[0m
[0m[ INFO] [1745839328.917764482]: Current x: 540.000000[0m
[0m[ INFO] [1745839329.017870096]: Current x: 560.000000[0m
[0m[ INFO] [1745839329.117484948]: Current x: 580.000000[0m
[0m[ INFO] [1745839329.217993673]: Current x: 600.000000[0m
[0m[ INFO] [1745839329.317493098]: Current x: 620.000000[0m
[0m[ INFO] [1745839329.417498646]: Current x: 640.000000[0m
[0m[ INFO] [1745839329.517976554]: Current x: 660.000000[0m
[0m[ INFO] [1745839329.617891987]: Current x: 680.000000[0m
[0m[ INFO] [1745839329.717473878]: Current x: 700.000000[0m
[0m[ INFO] [1745839329.817842408]: Current x: 720.000000[0m
[0m[ INFO] [1745839329.917515757]: Current x: 740.000000[0m
[0m[ INFO] [1745839330.017571353]: Current x: 760.000000[0m
[0m[ INFO] [1745839330.117473825]: Current x: 780.000000[0m
[0m[ INFO] [1745839330.218219705]: Current x: 800.000000[0m
[0m[ INFO] [1745839330.317474868]: Current x: 820.000000[0m
[0m[ INFO] [1745839330.418289645]: Current x: 840.000000[0m
[0m[ INFO] [1745839330.517468583]: Current x: 860.000000[0m
[0m[ INFO] [1745839330.617449712]: Current x: 880.000000[0m
[0m[ INFO] [1745839330.717453978]: Current x: 900.000000[0m
[0m[ INFO] [1745839330.817881387]: Current x: 920.000000[0m
[0m[ INFO] [1745839330.917470765]: Current x: 940.000000[0m
[0m[ INFO] [1745839331.017966848]: Current x: 960.000000[0m
[0m[ INFO] [1745839331.117508607]: Current x: 980.000000[0m
[0m[ INFO] [1745839331.218310870]: Current x: 1000.000000[0m
[0m[ INFO] [1745839331.317458030]: Current x: 1020.000000[0m
[0m[ INFO] [1745839331.417490454]: Current x: 1040.000000[0m
[0m[ INFO] [1745839331.517450718]: Current x: 1060.000000[0m
[0m[ INFO] [1745839331.617898702]: Current x: 1080.000000[0m
[0m[ INFO] [1745839331.717790164]: Current x: 1100.000000[0m
[0m[ INFO] [1745839331.818068481]: Current x: 1120.000000[0m
[0m[ INFO] [1745839331.917519583]: Current x: 1140.000000[0m
[0m[ INFO] [1745839332.018002992]: Current x: 1160.000000[0m
[0m[ INFO] [1745839332.117513005]: Current x: 1180.000000[0m
[0m[ INFO] [1745839332.217496531]: Current x: 1200.000000[0m
[0m[ INFO] [1745839332.317520570]: Current x: 1220.000000[0m
[0m[ INFO] [1745839332.418443730]: Current x: 1240.000000[0m
[0m[ INFO] [1745839332.517540999]: Current x: 1260.000000[0m
[0m[ INFO] [1745839332.617973109]: Current x: 1280.000000[0m
[0m[ INFO] [1745839332.717550068]: Current x: 1300.000000[0m
[0m[ INFO] [1745839332.817919137]: Current x: 1320.00 343.786438, y: 193.348114, phi: -151.182175[0m
[0m[ INFO] [1745839332.514210280]: Error - x: 896.213562, y: -193.348114[0m
[0m[ INFO] [1745839332.514259401]: error_y: -193.348114[0m
[0m[ INFO] [1745839332.514293353]: w: inf[0m
[0m[ INFO] [1745839332.514326954]: Publishing motor command - Left: -inf, Right: inf[0m
[0m[ INFO] [1745839332.619866329]: Target - x: 1260.000000, y: 0.000000, phi: 0.000000[0m
[0m[ INFO] [1745839332.619998492]: Current - x: 343.525574, y: 189.836517, phi: -92.516899[0m
[0m[ INFO] [1745839332.620057917]: Error - x: 916.474426, y: -189.836517[0m
[0m[ INFO] [1745839332.620093022]: error_y: -189.836517[0m
[0m[ INFO] [1745839332.620121502]: w: inf[0m
[0m[ INFO] [1745839332.620150815]: Publishing motor command - Left: -inf, Right: inf[0m
[0m[ INFO] [1745839332.713347844]: Target - x: 1280.000000, y: 0.000000, phi: 0.000000[0m
[0m[ INFO] [1745839332.713484903]: Current - x: 343.388031, y: 186.522873, phi: -34.601231[0m
[0m[ INFO] [1745839332.713562536]: Error - x: 936.611938, y: -186.522873[0m
[0m[ INFO] [1745839332.713601225]: error_y: -186.522873[0m
[0m[ INFO] [1745839332.713645002]: w: inf[0m
[0m[ INFO] [1745839332.713679914]: Publishing motor command - Left: -inf, Right: inf[0m
[0m[ INFO] [1745839332.813486189]: Target - x: 1300.000000, y: 0.000000, phi: 0.000000[0m
[0m[ INFO] [1745839332.813625040]: Current - x: 343.187531, y: 181.797440, phi: 24.708113[0m
[0m[ INFO] [1745839332.813755314]: Error - x: 956.812500, y: -181.797440[0m
[0m[ INFO] [1745839332.813839764]: error_y: -181.797440[0m
[0m[ INFO] [1745839332.813886293]: w: inf[0m
[0m[ INFO] [1745839332.813928886]: Publishing motor command - Left: -inf, Right: inf[0m
[0m[ INFO] [1745839332.913552469]: Target - x: 1320.000000, y: 0.000000, phi: 0.000000[0m
[0m[ INFO] [1745839332.913685495]: Current - x: 343.084625, y: 178.685165, phi: 82.302345[0m
[0m[ INFO] [1745839332.913775769]: Error - x: 976.915405, y: -178.685165[0m
[0m[ INFO] [1745839332.913847962]: error_y: -178.685165[0m
[0m[ INFO] [1745839332.913913276]: w: inf[0m
[0m[ INFO] [1745839332.913951580]: Publishing motor command - Left: -inf, Right: inf[0m
[0m[ INFO] [1745839333.016846297]: Target - x: 1340.000000, y: 0.000000, phi: 0.000000[0m
[0m[ INFO] [1745839333.017061277]: Current - x: 342.909668, y: 175.368774, phi: 141.074371[0m
[0m[ INFO] [1745839333.017213088]: Error - x: 997.090332, y: -175.368774[0m
[0m[ INFO] [1745839333.017277186]: error_y: -175.368774[0m
[0m[ INFO] [1745839333.017326338]: w: inf[0m
[0m[ INFO] [1745839333.017443621]: Publishing motor command - Left: -inf, Right: inf[0m
[0m[ INFO] [1745839333.113775108]: Target - x: 1360.000000, y: 0.000000, phi: 0.000000[0m
[0m[ INFO] [1745839333.113879942]: Current - x: 342.721130, y: 170.246506, phi: -160.686127[0m
[0m[ INFO] [1745839333.113926727]: Error - x: 1017.278870, y: -170.246506[0m
[0m[ INFO] [1745839333.113962600]: error_y: -170.246506[0m
[0m[ INFO] [1745839333.114065834]: w: inf[0m
[0m[ INFO] [1745839333.114139371]: Publishing motor command - Left: -inf, Right: inf[0m
[0m[ INFO] [1745839333.213629446]: Target - x: 1380.000000, y: 0.000000, phi: 0.000000[0m
[0m[ INFO] [1745839333.213797993]: Current - x: 342.605560, y: 167.328354, phi: -101.700623[0m
[0m[ INFO] [1745839333.213858283]: Error - x: 1037.394409, y: -167.328354[0m
[0m[ INFO] [1745839333.213905451]: error_y: -167.328354[0m
[0m[ INFO] [1745839333.213946668]: w: inf[0m
[0m[ INFO] [1745839333.213991181]: Publishing motor command - Left: -inf, Right: inf[0m
[0m[ INFO] [1745839333.313214947]: Target - x: 1400.000000, y: 0.000000, phi: 0.000000[0m
[0m[ INFO] [1745839333.313536649]: Current - x: 342.542236, y: 165.417099, phi: -43.465912[0m
[0m[ INFO] [1745839333.313978834]: Error - x: 1057.457764, y: -165.417099[0m
[0m[ INFO] [1745839333.314079700]: error_y: -165.417099[0m
[0m[ INFO] [1745839333.314136245]: w: inf[0m
[0m[ INFO] [1745839333.314190422]: Publishing motor command - Left: -inf, Right: inf[0m
[0m[ INFO] [1745839333.420673141]: Target - x: 1440.000000, y: 0.000000, phi: 0.000000[0m
[0m[ INFO] [1745839333.421106813]: Current - x: 342.383606, y: 160.486313, phi: 16.378954[0m
[0m[ INFO] [1745839333.421146078]: Error - x: 1097.616455, y: -160.486313[0m
[0m[ INFO] [1745839333.421177215]: error_y: -160.486313[0m
[0m[ INFO] [1745839333.421231456]: w: inf[0m
[0m[ INFO] [1745839333.421289985]: Publishing motor command - Left: -inf, Right: inf[0m
[0m[ INFO] [1745839333.513658485]: Target - x: 1440.000000, y: 0.000000, phi: 0.000000[0m
[0m[ INFO] [1745839333.513776568]: Current - x: 342.300293, y: 156.971649, phi: 73.973785[0m
[0m[ INFO] [1745839333.513837689]: Error - x: 1097.699707, y: -156.971649[0m
[0m[ INFO] [1745839333.513894426]: error_y: -156.971649[0m
[0m[ INFO] [1745839333.513968123]: w: inf[0m
[0m[ INFO] [1745839333.513998268]: Publishing motor command - Left: -inf, Right: inf[0m
[0m[ INFO] [1745839333.613383573]: Target - x: 1460.000000, y: 0.000000, phi: 0.000000[0m
[0m[ INFO] [1745839333.613468087]: Current - x: 342.135773, y: 154.059219, phi: 132.317032[0m
[0m[ INFO] [1745839333.613506199]: Error - x: 1117.864258, y: -154.059219[0m
[0m[ INFO] [1745839333.613537112]: error_y: -154.059219[0m
[0m[ INFO] [1745839333.613581401]: w: inf[0m
[0m[ INFO] [1745839333.613610745]: Publishing motor command - Left: -inf, Right: inf[0m
[0m[ INFO] [1745839333.713149493]: Target - x: 1480.000000, y: 0.000000, phi: 0.000000[0m
[0m[ INFO] [1745839333.713276440]: Current - x: 342.038177, y: 150.935547, phi: -167.947845[0m
[0m[ INFO] [1745839333.713348057]: Error - x: 1137.961792, y: -150.935547[0m
[0m[ INFO] [1745839333.713421787]: error_y: -150.935547[0m
[0m[ INFO] [1745839333.713476764]: w: inf[0m
[0m[ INFO] [1745839333.713532317]: Publishing motor command - Left: -inf, Right: inf[0m
[0m[ INFO] [1745839333.813067609]: Target - x: 1500.000000, y: 0.000000, phi: 0.000000[0m
[0m[ INFO] [1745839333.813203579]: Current - x: 341.964417, y: 145.806946, phi: -109.066078[0m
[0m[ INFO] [1745839333.813360798]: Error - x: 1158.035645, y: -145.806946[0m
[0m[ INFO] [1745839333.813461600]: error_y: -145.806946[0m
[0m[ INFO] [1745839333.813580386]: w: inf[0m
[0m[ INFO] [1745839333.813687268]: Publishing motor command - Left: -inf, Right: inf[0m
[0m[ INFO] [1745839333.913724074]: Target - x: 1520.000000, y: 0.000000, phi: 0.000000[0m
[0m[ INFO] [1745839333.913816876]: Current - x: 341.903625, y: 141.271210, phi: -48.365444[0m
[0m[ INFO] [1745839333.913898157]: Error - x: 1178.096436, y: -141.271210[0m
[0m[ INFO] [1745839333.913964398]: error_y: -141.271210[0m
[0m[ INFO] [1745839333.913997263]: w: inf[0m
[0m[ INFO] [1745839333.914025744]: Publishing motor command - Left: -inf, Right: inf[0m
[0m[ INFO] [1745839334.013129027]: Target - x: 1540.000000, y: 0.000000, phi: 0.000000[0m
[0m[ INFO] [1745839334.013285734]: Current - x: 341.904694, y: 139.356659, phi: 10.297434[0m
[0m[ INFO] [1745839334.013352680]: Error - x: 1198.095337, y: -139.356659[0m
[0m[ INFO] [1745839334.013399720]: error_y: -139.356659[0m
[0m[ INFO] [1745839334.013464138]: w: inf[0m
[0m[ INFO] [1745839334.013494634]: Publishing motor command - Left: -inf, Right: inf[0m
[0m[ INFO] [1745839334.113997719]: Target - x: 1560.000000, y: 0.000000, phi: 0.000000[0m
[0m[ INFO] [1745839334.114121017]: Current - x: 341.764160, y: 135.638885, phi: 68.641876[0m
[0m[ INFO] [1745839334.114195003]: Error - x: 1218.235840, y: -135.638885[0m
[0m[ INFO] [1745839334.114273180]: error_y: -135.638885[0m
[0m[ INFO] [1745839334.114304541]: w: inf[0m
[0m[ INFO] [1745839334.114331197]: Publishing motor command - Left: -inf, Right: inf[0m
[0m[ INFO] [1745839334.217178615]: Target - x: 1580.000000, y: 0.000000, phi: 0.000000[0m
[0m[ INFO] [1745839334.217299321]: Current - x: 341.703857, y: 133.517059, phi: 128.696640[0m
[0m[ INFO] [1745839334.217337338]: Error - x: 1238.296143, y: -133.517059[0m
[0m[ INFO] [1745839334.217367418]: error_y: -133.517059[0m
[0m[ INFO] [1745839334.217418331]: w: inf[0m
[0m[ INFO] [1745839334.217448764]: Publishing motor command - Left: -inf, Right: inf[0m
[0m[ INFO] [1745839334.313491220]: Target - x: 1600.000000, y: 0.000000, phi: 0.000000[0m
[0m[ INFO] [1745839334.313617270]: Current - x: 341.694458, y: 129.388214, phi: -171.673782[0m
[0m[ INFO] [1745839334.313706808]: Error - x: 1258.305542, y: -129.388214[0m
[0m[ INFO] [1745839334.313771737]: error_y: -129.388214[0m
[0m[ INFO] [1745839334.313826554]: w: inf[0m
[0m[ INFO] [1745839334.313855579]: Publishing motor command - Left: -inf, Right: inf[0m
[0m[ INFO] [1745839334.417897323]: Target - x: 1620.000000, y: 0.000000, phi: 0.000000[0m
[0m[ INFO] [1745839334.418388180]: Current - x: 341.680695, y: 126.662476, phi: -111.511078[0m
[0m[ INFO] [1745839334.418477366]: Error - x: 1278.319336, y: -126.662476[0m
[0m[ INFO] [1745839334.418529431]: error_y: -126.662476[0m
[0m[ INFO] [1745839334.418609016]: w: inf[0m
[0m[ INFO] [1745839334.418648889]: Publishing motor command - Left: -inf, Right: inf[0m
[0m[ INFO] [1745839334.513361432]: Target - x: 1640.000000, y: 0.000000, phi: 0.000000[0m
[0m[ INFO] [1745839334.513492507]: Current - x: 341.596222, y: 123.959366, phi: -55.416061[0m
[0m[ INFO] [1745839334.513557532]: Error - x: 1298.403809, y: -123.959366[0m
[0m[ INFO] [1745839334.513588637]: error_y: -123.959366[0m
[0m[ INFO] [1745839334.513616509]: w: inf[0m
[0m[ INFO] [1745839334.513643678]: Publishing motor command - Left: -inf, Right: inf[0m
[0m[ INFO] [1745839334.614455728]: Target - x: 1660.000000, y: 0.000000, phi: 0.000000[0m
[0m[ INFO] [1745839334.614575346]: Current - x: 341.393005, y: 121.041504, phi: 4.425810[0m
[0m[ INFO] [1745839334.614634068]: Error - x: 1318.606934, y: -121.041504[0m
[0m[ INFO] [1745839334.614712437]: error_y: -121.041504[0m
[0m[ INFO] [1745839334.614788022]: w: inf[0m
[0m[ INFO] [1745839334.614832951]: Publishing motor command - Left: -inf, Right: inf[0m
[0m[ INFO] [1745839334.713248925]: Target - x: 1680.000000, y: 0.000000, phi: 0.000000[0m
[0m[ INFO] [1745839334.713338366]: Current - x: 341.453308, y: 116.900742, phi: 66.410370[0m
[0m[ INFO] [1745839334.713393887]: Error - x: 1338.546631, y: -116.900742[0m
[0m[ INFO] [1745839334.713456353]: error_y: -116.900742[0m
[0m[ INFO] [1745839334.713535458]: w: inf[0m
[0m[ INFO] [1745839334.713602819]: Publishing motor command - Left: -inf, Right: inf[0m
[0m[ INFO] [1745839334.821530781]: Target - x: 1700.000000, y: 0.000000, phi: 0.000000[0m
[0m[ INFO] [1745839334.821663359]: Current - x: 341.598328, y: 113.171890, phi: 126.895714[0m
[0m[ INFO] [1745839334.821718048]: Error - x: 1358.401611, y: -113.171890[0m
[0m[ INFO] [1745839334.821751681]: error_y: -113.171890[0m
[0m[ INFO] [1745839334.821801410]: w: inf[0m
[0m[ INFO] [1745839334.821869123]: Publishing motor command - Left: -inf, Right: inf[0m
[0m[ INFO] [1745839334.913248195]: Target - x: 1720.000000, y: 0.000000, phi: 0.000000[0m
[0m[ INFO] [1745839334.913387334]: Current - x: 341.633148, y: 108.840652, phi: -173.153275[0m
[0m[ INFO] [1745839334.913482248]: Error - x: 1378.366821, y: -108.840652[0m
[0m[ INFO] [1745839334.913516616]: error_y: -108.840652[0m
[0m[ INFO] [1745839334.913545833]: w: inf[0m
[0m[ INFO] [1745839334.913573065]: Publishing motor command - Left: -inf, Right: inf[0m
[0m[ INFO] [1745839335.013269511]: Target - x: 1740.000000, y: 0.000000, phi: 0.000000[0m
[0m[ INFO] [1745839335.013359016]: Current - x: 341.637573, y: 107.519081, phi: -112.671524[0m
[0m[ INFO] [1745839335.013395177]: Error - x: 1398.362427, y: -107.519081[0m
[0m[ INFO] [1745839335.013452682]: error_y: -107.519081[0m
[0m[ INFO] [1745839335.013495787]: w: inf[0m
[0m[ INFO] [1745839335.013605293]: Publishing motor command - Left: -inf, Right: inf[0m
[0m[ INFO] [1745839335.113411179]: Target - x: 1760.000000, y: 0.000000, phi: 0.000000[0m
[0m[ INFO] [1745839335.113528493]: Current - x: 341.688354, y: 103.185760, phi: -52.292332[0m
[0m[ INFO] [1745839335.113564942]: Error - x: 1418.311646, y: -103.185760[0m
[0m[ INFO] [1745839335.113597263]: error_y: -103.185760[0m
[0m[ INFO] [1745839335.113673168]: w: inf[0m
[0m[ INFO] [1745839335.113922869]: Publishing motor command - Left: -inf, Right: inf[0m
[0m[ INFO] [1745839335.217864545]: Target - x: 1780.000000, y: 0.000000, phi: 0.000000[0m
[0m[ INFO] [1745839335.217948867]: Current - x: 341.788239, y: 98.244453, phi: 9.265245[0m
[0m[ INFO] [1745839335.217986659]: Error - x: 1438.211792, y: -98.244453[0m
[0m[ INFO] [1745839335.218018436]: error_y: -98.244453[0m
[0m[ INFO] [1745839335.218045124]: w: inf[0m
[0m[ INFO] [1745839335.218076069]: Publishing motor command - Left: -inf, Right: inf[0m
[0m[ INFO] [1745839335.313388974]: Target - x: 1800.000000, y: 0.000000, phi: 0.000000[0m
[0m[ INFO] [1745839335.313496720]: Current - x: 341.866211, y: 95.519791, phi: 69.427956[0m
[0m[ INFO] [1745839335.313587922]: Error - x: 1458.133789, y: -95.519791[0m
[0m[ INFO] [1745839335.313658099]: error_y: -95.519791[0m
[0m[ INFO] [1745839335.313689044]: w: inf[0m
[0m[ INFO] [1745839335.313715892]: Publishing motor command - Left: -inf, Right: inf[0m
[0m[ INFO] [1745839335.419230494]: Target - x: 1820.000000, y: 0.000000, phi: 0.000000[0m
[0m[ INFO] [1745839335.419733768]: Current - x: 341.871735, y: 93.196831, phi: 129.375977[0m
[0m[ INFO] [1745839335.419790697]: Error - x: 1478.128296, y: -93.196831[0m
[0m[ INFO] [1745839335.419855946]: error_y: -93.196831[0m
[0m[ INFO] [1745839335.419932396]: w: inf[0m
[0m[ INFO] [1745839335.419961900]: Publishing motor command - Left: -inf, Right: inf[0m
[0m[ INFO] [1745839335.518133995]: Target - x: 1840.000000, y: 0.000000, phi: 0.000000[0m
[0m[ INFO] [1745839335.518242701]: Current - x: 341.943787, y: 90.056717, phi: -167.891632[0m
[0m[ INFO] [1745839335.518279470]: Error - x: 1498.056152, y: -90.056717[0m
[0m[ INFO] [1745839335.518355632]: error_y: -90.056717[0m
[0m[ INFO] [1745839335.518387280]: w: inf[0m
[0m[ INFO] [1745839335.518413809]: Publishing motor command - Left: -inf, Right: inf[0m
[0m[ INFO] [1745839335.613070157]: Target - x: 1860.000000, y: 0.000000, phi: 0.000000[0m
[0m[ INFO] [1745839335.613190480]: Current - x: 342.110321, y: 86.732025, phi: -107.620979[0m
[0m[ INFO] [1745839335.613285490]: Error - x: 1517.889648, y: -86.732025[0m
[0m[ INFO] [1745839335.613342387]: error_y: -86.732025[0m
[0m[ INFO] [1745839335.613394580]: w: inf[0m
[0m[ INFO] [1745839335.613423508]: Publishing motor command - Left: -inf, Right: inf[0m
[0m[ INFO] [1745839335.713362613]: Target - x: 1880.000000, y: 0.000000, phi: 0.000000[0m
[0m[ INFO] [1745839335.713477527]: Current - x: 342.161896, y: 80.992195, phi: -47.132645[0m
[0m[ INFO] [1745839335.713521208]: Error - x: 1537.838135, y: -80.992195[0m
[0m[ INFO] [1745839335.713596633]: error_y: -80.992195[0m
[0m[ INFO] [1745839335.713649338]: w: inf[0m
[0m[ INFO] [1745839335.713686075]: Publishing motor command - Left: -inf, Right: inf[0m
[0m[ INFO] [1745839335.818311700]: Target - x: 1900.000000, y: 0.000000, phi: 0.000000[0m
[0m[ INFO] [1745839335.818612538]: Current - x: 342.230469, y: 77.257790, phi: 13.994959[0m
[0m[ INFO] [1745839335.818678971]: Error - x: 1557.769531, y: -77.257790[0m
[0m[ INFO] [1745839335.818783165]: error_y: -77.257790[0m
[0m[ INFO] [1745839335.818822686]: w: inf[0m
[0m[ INFO] [1745839335.818858590]: Publishing motor command - Left: -inf, Right: inf[0m
[0m[ INFO] [1745839335.913358520]: Target - x: 1920.000000, y: 0.000000, phi: 0.000000[0m
[0m[ INFO] [1745839335.913493275]: Current - x: 342.329346, y: 73.125626, phi: 74.480896[0m
[0m[ INFO] [1745839335.913593917]: Error - x: 1577.670654, y: -73.125626[0m
[0m[ INFO] [1745839335.913665502]: error_y: -73.125626[0m
[0m[ INFO] [1745839335.913742623]: w: inf[0m
[0m[ INFO] [1745839335.913778016]: Publishing motor command - Left: -inf, Right: inf[0m
[0m[ INFO] [1745839336.014319884]: Target - x: 1940.000000, y: 0.000000, phi: 0.000000[0m
[0m[ INFO] [1745839336.014466543]: Current - x: 342.352356, y: 71.001930, phi: 134.749756[0m
[0m[ INFO] [1745839336.014529808]: Error - x: 1597.647705, y: -71.001930[0m
[0m[ INFO] [1745[0m[ INFO] [1745839325.988180242]: [I2C FOR MOTORS] Now launching this node in namespace: /asc[0m
[0m[ INFO] [1745839326.030645338]: [I2C FOR MOTORS] publish motor duty cycle requests from command line with: rostopic pub --once /asc/set_motor_duty_cycle asclinic_pkg/LeftRightFloat32 "{left: 10.1, right: 10.1}"[0m
[0m[ INFO] [1745839326.030872479]: [I2C FOR MOTORS] Successfully opened named /dev/i2c-1, with file descriptor = 10[0m
[0m[ INFO] [1745839326.031054850]: [I2C FOR MOTORS] Actual acceleration limit = 0.0003125%/ms (after conversation to "internal units")[0m
[0m[ INFO] [1745839326.031120643]: [I2C FOR MOTORS] Actual deceleration limit = 0.0015625%/ms (after conversation to "internal units")[0m
[0m[ INFO] [1745839326.031159556]: [I2C FOR MOTORS] Now initialising SMC with I2C address 13[0m
[0m[ INFO] [1745839326.051045599]: [I2C FOR MOTORS] Now initialising SMC with I2C address 14[0m
[0m[ INFO] [1745839326.066370498]: [I2C FOR MOTORS] Node initialisation complete[0m
839336.014601649]: error_y: -71.001930[0m
[0m[ INFO] [1745839336.014846102]: w: inf[0m
[0m[ INFO] [1745839336.014904631]: Publishing motor command - Left: -inf, Right: inf[0m
[0m[ INFO] [1745839336.113146102]: Target - x: 1960.000000, y: 0.000000, phi: 0.000000[0m
[0m[ INFO] [1745839336.113268408]: Current - x: 342.376434, y: 67.071190, phi: -165.085739[0m
[0m[ INFO] [1745839336.113349626]: Error - x: 1617.623535, y: -67.071190[0m
[0m[ INFO] [1745839336.113404539]: error_y: -67.071190[0m
[0m[ INFO] [1745839336.113451740]: w: inf[0m
[0m[ INFO] [1745839336.113478108]: Publishing motor command - Left: -inf, Right: inf[0m
[0m[ INFO] [1745839336.215214973]: Target - x: 1980.000000, y: 0.000000, phi: 0.000000[0m
[0m[ INFO] [1745839336.215340128]: Current - x: 342.434174, y: 62.533165, phi: -103.956924[0m
[0m[ INFO] [1745839336.216157199]: Error - x: 1637.565796, y: -62.533165[0m
[0m[ INFO] [1745839336.216284529]: error_y: -62.533165[0m
[0m[ INFO] [1745839336.216377907]: w: inf[0m
[0m[ INFO] [1745839336.216451381]: Publishing motor command - Left: -inf, Right: inf[0m
[0m[ INFO] [1745839336.313267257]: Target - x: 2000.000000, y: 0.000000, phi: 0.000000[0m
[0m[ INFO] [1745839336.313357178]: Current - x: 342.598969, y: 58.193680, phi: -41.865021[0m
[0m[ INFO] [1745839336.313395035]: Error - x: 1657.401001, y: -58.193680[0m
[0m[ INFO] [1745839336.313460636]: error_y: -58.193680[0m
[0m[ INFO] [1745839336.313492637]: w: inf[0m
[0m[ INFO] [1745839336.313590303]: Publishing motor command - Left: -inf, Right: inf[0m
[0m[ INFO] [1745839336.414764213]: Target - x: 2020.000000, y: 0.000000, phi: 0.000000[0m
[0m[ INFO] [1745839336.414895256]: Current - x: 342.691467, y: 55.870304, phi: 18.511175[0m
[0m[ INFO] [1745839336.414965113]: Error - x: 1677.308594, y: -55.870304[0m
[0m[ INFO] [1745839336.415015706]: error_y: -55.870304[0m
[0m[ INFO] [1745839336.415043930]: w: inf[0m
[0m[ INFO] [1745839336.415070107]: Publishing motor command - Left: -inf, Right: inf[0m
0000[0m
[0m[ INFO] [1745839332.919732330]: Current x: 1340.000000[0m
[0m[ INFO] [1745839333.017800811]: Current x: 1360.000000[0m
[0m[ INFO] [1745839333.117498955]: Current x: 1380.000000[0m
[0m[ INFO] [1745839333.218385664]: Current x: 1400.000000[0m
[0m[ INFO] [1745839333.317525973]: Current x: 1420.000000[0m
[0m[ INFO] [1745839333.417905889]: Current x: 1440.000000[0m
[0m[ INFO] [1745839333.517599392]: Current x: 1460.000000[0m
[0m[ INFO] [1745839333.617454754]: Current x: 1480.000000[0m
[0m[ INFO] [1745839333.717476903]: Current x: 1500.000000[0m
[0m[ INFO] [1745839333.817926677]: Current x: 1520.000000[0m
[0m[ INFO] [1745839333.917486385]: Current x: 1540.000000[0m
[0m[ INFO] [1745839334.017758267]: Current x: 1560.000000[0m
[0m[ INFO] [1745839334.117501081]: Current x: 1580.000000[0m
[0m[ INFO] [1745839334.217655584]: Current x: 1600.000000[0m
[0m[ INFO] [1745839334.317461247]: Current x: 1620.000000[0m
[0m[ INFO] [1745839334.417896395]: Current x: 1640.000000[0m
[0m[ INFO] [1745839334.517463846]: Current x: 1660.000000[0m
[0m[ INFO] [1745839334.617795119]: Current x: 1680.000000[0m
[0m[ INFO] [1745839334.717662928]: Current x: 1700.000000[0m
[0m[ INFO] [1745839334.818071803]: Current x: 1720.000000[0m
[0m[ INFO] [1745839334.917480819]: Current x: 1740.000000[0m
[0m[ INFO] [1745839335.017917631]: Current x: 1760.000000[0m
[0m[ INFO] [1745839335.117491672]: Current x: 1780.000000[0m
[0m[ INFO] [1745839335.217607036]: Current x: 1800.000000[0m
[0m[ INFO] [1745839335.317475611]: Current x: 1820.000000[0m
[0m[ INFO] [1745839335.417943238]: Current x: 1840.000000[0m
[0m[ INFO] [1745839335.517514304]: Current x: 1860.000000[0m
[0m[ INFO] [1745839335.617449888]: Current x: 1880.000000[0m
[0m[ INFO] [1745839335.717477347]: Current x: 1900.000000[0m
[0m[ INFO] [1745839335.817988814]: Current x: 1920.000000[0m
[0m[ INFO] [1745839335.917669930]: Current x: 1940.000000[0m
[0m[ INFO] [1745839336.017526984]: Current x: 1960.000000[0m
[0m[ INFO] [1745839336.117458535]: Current x: 1980.000000[0m
[0m[ INFO] [1745839336.217584042]: Current x: 2000.000000[0m
[0m[ INFO] [1745839336.317451336]: Current x: 2020.000000[0m
[0m[ INFO] [1745839336.417479272]: Current x: 2040.000000[0m
[0m[ INFO] [1745839336.517599051]: Current x: 2060.000000[0m

[ARUCO DETECTOR] Camera properties upon initialisation:
CV_CAP_PROP_FRAME_HEIGHT : '480.0'
CV_CAP_PROP_FRAME_WIDTH :  '640.0'
CAP_PROP_FPS :             '30.0'
CAP_PROP_FOCUS :           '0.0'
CAP_PROP_AUTOFOCUS :       '0.0'
CAP_PROP_BRIGHTNESS :      '128.0'
CAP_PROP_CONTRAST :        '128.0'
CAP_PROP_SATURATION :      '128.0'
CAP_PROP_BUFFERSIZE :      '4.0'

[ARUCO DETECTOR] Camera properties upon initialisation:
CV_CAP_PROP_FRAME_HEIGHT : '1080.0'
CV_CAP_PROP_FRAME_WIDTH :  '1920.0'
CAP_PROP_FPS :             '5.0'
CAP_PROP_FOCUS :           '0.0'
CAP_PROP_AUTOFOCUS :       '0.0'
CAP_PROP_BRIGHTNESS :      '128.0'
CAP_PROP_CONTRAST :        '128.0'
CAP_PROP_SATURATION :      '128.0'
CAP_PROP_BUFFERSIZE :      '1.0'
[INFO] [1745839329.089386]: [ARUCO DETECTOR] As a double check of the camera properties set, a frame captured just now has dimensions = (1080, 1920, 3)
[INFO] [1745839329.094349]: [ARUCO DETECTOR] publish request from command line to save a single camera image using: rostopic pub --once /asc/request_save_image std_msgs/UInt32 1
[INFO] [1745839329.098011]: [ARUCO DETECTOR] Node initialisation complete
... logging to /home/asc/.ros/log/02c45500-2423-11f0-ad9f-d8c0a650f677/roslaunch-asc12-jetson-40465.log
Checking log directory for disk usage. This may take a while.
Press Ctrl-C to interrupt
Done checking log file disk usage. Usage is <1GB.
]2;/home/asc/ASClinic/catkin_ws/src/asclinic_pkg/launch/trajectory.launch
[1mstarted roslaunch server http://asc12-jetson:44839/[0m

SUMMARY
========

PARAMETERS
 * /asc/aruco_detector/aruco_detector_desired_camera_fps: 5
 * /asc/aruco_detector/aruco_detector_desired_camera_frame_height: 1080
 * /asc/aruco_detector/aruco_detector_desired_camera_frame_width: 1920
 * /asc/aruco_detector/aruco_detector_marker_size: 0.25
 * /asc/aruco_detector/aruco_detector_save_image_path: /home/asc/saved_c...
 * /asc/aruco_detector/aruco_detector_should_publish_camera_images: False
 * /asc/aruco_detector/aruco_detector_should_save_all_aruco_images: False
 * /asc/aruco_detector/aruco_detector_should_show_camera_images: False
 * /asc/aruco_detector/aruco_detector_usb_camera_device_number: 0
 * /asc/aruco_detector/aruco_detector_verbosity: 1
 * /asc/encoder_read_multi_threaded/delta_t_for_publishing_encoder_counts: 0.1
 * /asc/encoder_read_multi_threaded/encoder_events_to_monitor: rising
 * /asc/encoder_read_multi_threaded/encoder_read_verbosity: 1
 * /asc/encoder_read_multi_threaded/gpio_chip_number_for_encoder_lines: 1
 * /asc/encoder_read_multi_threaded/line_number_for_left_side_encoder_channel_a: 105
 * /asc/encoder_read_multi_threaded/line_number_for_left_side_encoder_channel_b: 106
 * /asc/encoder_read_multi_threaded/line_number_for_right_side_encoder_channel_a: 84
 * /asc/encoder_read_multi_threaded/line_number_for_right_side_encoder_channel_b: 130
 * /asc/encoder_read_multi_threaded/should_monitor_left_side_encoder_channel_a: True
 * /asc/encoder_read_multi_threaded/should_monitor_left_side_encoder_channel_b: False
 * /asc/encoder_read_multi_threaded/should_monitor_right_side_encoder_channel_a: True
 * /asc/encoder_read_multi_threaded/should_monitor_right_side_encoder_channel_b: False
 * /asc/i2c_for_motors/motor_driver_current_limit_in_milliamps: 5000
 * /asc/i2c_for_motors/motor_driver_left_side_multiplier: 1
 * /asc/i2c_for_motors/motor_driver_max_accel_limit_in_percent_per_millisecond: 0.04
 * /asc/i2c_for_motors/motor_driver_max_decel_limit_in_percent_per_millisecond: 0.16
 * /asc/i2c_for_motors/motor_driver_max_duty_cycle_limit_in_percent: 100.0
 * /asc/i2c_for_motors/motor_driver_right_side_multiplier: 1
 * /asc/i2c_for_motors/motor_driver_verbosity: 1
 * /rosdistro: noetic
 * /rosversion: 1.17.0

NODES
  /
    aruco_positioning (asclinic_pkg/aruco_positioning.py)
    kf_fusion_node (asclinic_pkg/KF.py)
    odomdelta (asclinic_pkg/odomdelta)
    trajectory_generator (asclinic_pkg/trajectory_generator)
    trajectory_tracker (asclinic_pkg/trajectory_tracker)
    velocity_PI_control (asclinic_pkg/velocity_PI_control)
  /asc/
    aruco_detector (asclinic_pkg/aruco_detector.py)
    encoder_read_multi_threaded (asclinic_pkg/encoder_read_multi_threaded)
    i2c_for_motors (asclinic_pkg/i2c_for_motors)

auto-starting new master
[1mprocess[master]: started with pid [40490][0m
[1mROS_MASTER_URI=http://localhost:11311[0m
]2;/home/asc/ASClinic/catkin_ws/src/asclinic_pkg/launch/trajectory.launch http://localhost:11311
[1msetting /run_id to 02c45500-2423-11f0-ad9f-d8c0a650f677[0m
[1mprocess[rosout-1]: started with pid [40506][0m
started core service [/rosout]
[1mprocess[asc/i2c_for_motors-2]: started with pid [40513][0m
[1mprocess[asc/encoder_read_multi_threaded-3]: started with pid [40514][0m
[1mprocess[odomdelta-4]: started with pid [40520][0m
[1mprocess[asc/aruco_detector-5]: started with pid [40526][0m
[1mprocess[aruco_positioning-6]: started with pid [40531][0m
[1mprocess[trajectory_tracker-7]: started with pid [40536][0m
[1mprocess[trajectory_generator-8]: started with pid [40538][0m
[1mprocess[velocity_PI_control-9]: started with pid [40539][0m
[1mprocess[kf_fusion_node-10]: started with pid [40541][0m
[kf_fusion_node-10] killing on exit
[velocity_PI_control-9] killing on exit
[trajectory_generator-8] killing on exit
[trajectory_tracker-7] killing on exit
[aruco_positioning-6] killing on exit
[asc/encoder_read_multi_threaded-3] killing on exit
[asc/i2c_for_motors-2] killing on exit
[odomdelta-4] killing on exit
[asc/aruco_detector-5] killing on exit
[rosout-1] killing on exit
[master] killing on exit
shutting down processing monitor...
... shutting down processing monitor complete
[1mdone[0m
