[0m[ INFO] [1745894493.880449201]: Target - x: 0.000000, y: 0.000000, phi: 0.000000[0m
[0m[ INFO] [1745894493.883835763]: Current - x: 0.000000, y: 0.000000, phi: 0.000000[0m
[0m[ INFO] [1745894493.883930196]: Error - x: 0.000000, y: 0.000000[0m
[0m[ INFO] [1745894493.884045909]: Publishing motor command - Left: 0.000000, Right: 0.000000[0m
[0m[ INFO] [1745894493.884138902]: Target reached: x=0.00, y=0.00, phi=0.00[0m
[0m[ INFO] [1745894493.986183731]: Target - x: 0.000000, y: 0.000000, phi: 0.000000[0m
[0m[ INFO] [1745894493.986498454]: Current - x: 0.000000, y: 0.000000, phi: 0.000000[0m
[0m[ INFO] [1745894493.986575639]: Error - x: 0.000000, y: 0.000000[0m
[0m[ INFO] [1745894493.986637528]: Publishing motor command - Left: 0.000000, Right: 0.000000[0m
[0m[ INFO] [1745894493.987409055]: Target reached: x=0.00, y=0.00, phi=0.00[0m
[0m[ INFO] [1745894494.080770630]: Target - x: 0.000000, y: 0.000000, phi: 0.000000[0m
[0m[ INFO] [1745894494.080908999]: Current - x: 0.000000, y: 0.000000, phi: 0.000000[0m
[0m[ INFO] [1745894494.081046696]: Error - x: 0.000000, y: 0.000000[0m
[0m[ INFO] [1745894494.081103753]: Publishing motor command - Left: 0.000000, Right: 0.000000[0m
[0m[ INFO] [1745894494.081231370]: Target reached: x=0.00, y=0.00, phi=0.00[0m
[0m[ INFO] [1745894494.184713814]: Target - x: 0.000000, y: 0.000000, phi: 0.000000[0m
[0m[ INFO] [1745894494.184849719]: Current - x: 0.000000, y: 0.000000, phi: 0.000000[0m
[0m[ INFO] [1745894494.184901559]: Error - x: 0.000000, y: 0.000000[0m
[0m[ INFO] [1745894494.184988280]: Publishing motor command - Left: 0.000000, Right: 0.000000[0m
[0m[ INFO] [1745894494.185136282]: Target reached: x=0.00, y=0.00, phi=0.00[0m
[0m[ INFO] [1745894494.284210745]: Target - x: 0.000000, y: 0.000000, phi: 0.000000[0m
[0m[ INFO] [1745894494.284617245]: Current - x: 0.000000, y: 0.000000, phi: 0.000000[0m
[0m[ INFO] [1745894494.284789279]: Error - x: 0.000000, y: 0.000000[0m
[0m[ INFO] [1745894494.284935968]: Publishing motor command - Left: 0.000000, Right: 0.000000[0m
[0m[ INFO] [1745894494.285130466]: Target reached: x=0.00, y=0.00, phi=0.00[0m
[0m[ INFO] [1745894494.384166017]: Target - x: 0.000000, y: 0.000000, phi: 0.000000[0m
[0m[ INFO] [1745894494.384568677]: Current - x: 0.000000, y: 0.000000, phi: 0.000000[0m
[0m[ INFO] [1745894494.384756551]: Error - x: 0.000000, y: 0.000000[0m
[0m[ INFO] [1745894494.384897001]: Publishing motor command - Left: 0.000000, Right: 0.000000[0m
[0m[ INFO] [1745894494.385112715]: Target reached: x=0.00, y=0.00, phi=0.00[0m
[0m[ INFO] [1745894494.485019826]: Target - x: 0.000000, y: 0.000000, phi: 0.000000[0m
[0m[ INFO] [1745894494.485390774]: Current - x: 0.000000, y: 0.000000, phi: 0.000000[0m
[0m[ INFO] [1745894494.485473559]: Error - x: 0.000000, y: 0.000000[0m
[0m[ INFO] [1745894494.485603544]: Publishing motor command - Left: 0.000000, Right: 0.000000[0m
[0m[ INFO] [1745894494.485771514]: Target reached: x=0.00, y=0.00, phi=0.00[0m
[0m[ INFO] [1745894494.585231677]: Target - x: 0.000000, y: 0.000000, phi: 0.000000[0m
[0m[ INFO] [1745894494.585672481]: Current - x: 0.000000, y: 0.000000, phi: 0.000000[0m
[0m[ INFO] [1745894494.585779427]: Error - x: 0.000000, y: 0.000000[0m
[0m[ INFO] [1745894494.585867555]: Publishing motor command - Left: 0.000000, Right: 0.000000[0m
[0m[ INFO] [1745894494.586049765]: Target reached: x=0.00, y=0.00, phi=0.00[0m
[0m[ INFO] [1745894494.685543081]: Target - x: 0.000000, y: 0.000000, phi: 0.000000[0m
[0m[ INFO] [1745894494.686069422]: Current - x: 0.000000, y: 0.000000, phi: 0.000000[0m
[0m[ INFO] [1745894494.686165199]: Error - x: 0.000000, y: 0.000000[0m
[0m[ INFO] [1745894494.686234672]: Publishing motor command - Left: 0.000000, Right: 0.000000[0m
[0m[ INFO] [1745894494.686405041]: Target reached: x=0.00, y=0.00, phi=0.00[0m
[0m[ INFO] [1745894494.784990668]: Target - x: 0.000000, y: 0.000000, phi: 0.000000[0m
[0m[ INFO] [1745894494.785342767]: Current - x: 0.000000, y: 0.000000, phi: 0.000000[0m
[0m[ INFO] [1745894494.785430096]: Error - x: 0.000000, y: 0.000000[0m
[0m[ INFO] [1745894494.790743173]: Publishing motor command - Left: 0.000000, Right: 0.000000[0m
[0m[ INFO] [1745894494.791610222]: Target reached: x=0.00, y=0.00, phi=0.00[0m
[0m[ INFO] [1745894494.880345702]: Target - x: 0.000000, y: 0.000000, phi: 0.000000[0m
[0m[ INFO] [1745894494.880465095]: Current - x: 0.000000, y: 0.000000, phi: 0.000000[0m
[0m[ INFO] [1745894494.880524808]: Error - x: 0.000000, y: 0.000000[0m
[0m[ INFO] [1745894494.880580872]: Publishing motor command - Left: 0.000000, Right: 0.000000[0m
[0m[ INFO] [1745894494.880762986]: Target reached: x=0.00, y=0.00, phi=0.00[0m
[0m[ INFO] [1745894494.987077138]: Target - x: 0.000000, y: 0.000000, phi: 0.000000[0m
[0m[ INFO] [1745894494.987533526]: Current - x: 0.000000, y: 0.000000, phi: 0.000000[0m
[0m[ INFO] [1745894494.987615991]: Error - x: 0.000000, y: 0.000000[0m
[0m[ INFO] [1745894494.987678136]: Publishing motor command - Left: 0.000000, Right: 0.000000[0m
[0m[ INFO] [1745894494.988985669]: Target reached: x=0.00, y=0.00, phi=0.00[0m
[0m[ INFO] [1745894495.081058910]: Target - x: 0.000000, y: 0.000000, phi: 0.000000[0m
[0m[ INFO] [1745894495.081201952]: Current - x: 0.000000, y: 0.000000, phi: 0.000000[0m
[0m[ INFO] [1745894495.081740293]: Error - x: 0.000000, y: 0.000000[0m
[0m[ INFO] [1745894495.082289738]: Publishing motor command - Left: 0.000000, Right: 0.000000[0m
[0m[ INFO] [1745894495.084119613]: Target reached: x=0.00, y=0.00, phi=0.00[0m
[0m[ INFO] [1745894495.180562242]: Target - x: 0.000000, y: 0.000000, phi: 0.000000[0m
[0m[ INFO] [1745894495.180651011]: Current - x: 0.000000, y: 0.000000, phi: 0.000000[0m
[0m[ INFO] [1745894495.180715811]: Error - x: 0.000000, y: 0.000000[0m
[0m[ INFO] [1745894495.180785444]: Publishing motor command - Left: 0.000000, Right: 0.000000[0m
[0m[ INFO] [1745894495.180956678]: Target reached: x=0.00, y=0.00, phi=0.00[0m
[0m[ INFO] [1745894495.285949184]: Target - x: 0.000000, y: 0.000000, phi: 0.000000[0m
[0m[ INFO] [1745894495.286277795]: Current - x: 0.000000, y: 0.000000, phi: 0.000000[0m
[0m[ INFO] [1745894495.286442373]: Error - x: 0.000000, y: 0.000000[0m
[0m[ INFO] [1745894495.286607111]: Publishing motor command - Left: 0.000000, Right: 0.000000[0m
[0m[ INFO] [1745894495.286799625]: Target reached: x=0.00, y=0.00, phi=0.00[0m
[0m[ INFO] [1745894495.385554117]: Target - x: 30.000000, y: 1000.000000, phi: 0.000000[0m
[0m[ INFO] [1745894495.385867624]: Current - x: 0.000000, y: 0.000000, phi: 0.000000[0m
[0m[ INFO] [1745894495.386048010]: Error - x: 30.000000, y: 1000.000000[0m
[0m[ INFO] [1745894495.386292460]: error_y: 1000.000000[0m
[0m[ INFO] [1745894495.386360877]: w: 4.250000[0m
[0m[ INFO] [1745894495.386423821]: Publishing motor command - Left: 248.942429, Right: 251.057571[0m
[0m[ INFO] [1745894495.480568251]: Target - x: 60.000000, y: 1000.000000, phi: 0.000000[0m
[0m[ INFO] [1745894495.480699741]: Current - x: 0.000000, y: 0.000000, phi: 0.000000[0m
[0m[ INFO] [1745894495.480770205]: Error - x: 60.000000, y: 1000.000000[0m
[0m[ INFO] [1745894495.480824894]: error_y: 1000.000000[0m
[0m[ INFO] [1745894495.480862078]: w: -41.500000[0m
[0m[ INFO] [1745894495.480899743]: Publishing motor command - Left: 510.326996, Right: 489.673004[0m
[0m[ INFO] [1745894495.585415860]: Target - x: 90.000000, y: 1000.000000, phi: 0.000000[0m
[0m[ INFO] [1745894495.585950010]: Current - x: 0.000000, y: 0.000000, phi: 0.000000[0m
[0m[ INFO] [1745894495.586141468]: Error - x: 90.000000, y: 1000.000000[0m
[0m[ INFO] [1745894495.586262717]: error_y: 1000.000000[0m
[0m[ INFO] [1745894495.586329533]: w: 4.250000[0m
[0m[ INFO] [1745894495.586396414]: Publishing motor command - Left: 748.942383, Right: 751.057617[0m
[0m[ INFO] [1745894495.680681485]: Target - x: 120.000000, y: 1000.000000, phi: 0.000000[0m
[0m[ INFO] [1745894495.680796399]: Current - x: 0.000000, y: 0.000000, phi: 0.000000[0m
[0m[ INFO] [1745894495.680884239]: Error - x: 120.000000, y: 1000.000000[0m
[0m[ INFO] [1745894495.680919504]: error_y: 1000.000000[0m
[0m[ INFO] [1745894495.681126866]: w: -41.500000[0m
[0m[ INFO] [1745894495.681181426]: Publishing motor command - Left: 1010.326965, Right: 989.673035[0m
[0m[ INFO] [1745894495.784679774]: Target - x: 150.000000, y: 1000.000000, phi: 0.000000[0m
[0m[ INFO] [1745894495.784763871]: Current - x: 0.605878, y: 0.000569, phi: 0.107641[0m
[0m[ INFO] [1745894495.784801439]: Error - x: 149.394119, y: 999.999451[0m
[0m[ INFO] [1745894495.784871072]: error_y: 999.999451[0m
[0m[ INFO] [1745894495.784944385]: w: 4.249998[0m
[0m[ INFO] [1745894495.785000865]: Publishing motor command - Left: 1243.893433, Right: 1246.008667[0m
[0m[ INFO] [1745894495.880345531]: Target - x: 180.000000, y: 1000.000000, phi: 0.000000[0m
[0m[ INFO] [1745894495.880457980]: Current - x: 2.625417, y: 0.015746, phi: 0.753488[0m
[0m[ INFO] [1745894495.880519613]: Error - x: 177.374588, y: 999.984253[0m
[0m[ INFO] [1745894495.880594590]: error_y: 999.984253[0m
[0m[ INFO] [1745894495.880626846]: w: -41.500042[0m
[0m[ INFO] [1745894495.880659870]: Publishing motor command - Left: 1488.448608, Right: 1467.794556[0m
[0m[ INFO] [1745894495.984713295]: Target - x: 210.000000, y: 1000.000000, phi: 0.000000[0m
[0m[ INFO] [1745894495.984804784]: Current - x: 6.058388, y: 0.064120, phi: 1.076412[0m
[0m[ INFO] [1745894495.984844337]: Error - x: 203.941620, y: 999.935852[0m
[0m[ INFO] [1745894495.984903633]: error_y: 999.935852[0m
[0m[ INFO] [1745894495.984934962]: w: 4.250423[0m
[0m[ INFO] [1745894495.984968274]: Publishing motor command - Left: 1698.455933, Right: 1700.571167[0m
[0m[ INFO] [1745894496.080494670]: Target - x: 240.000000, y: 1000.000000, phi: 0.000000[0m
[0m[ INFO] [1745894496.080619567]: Current - x: 10.703439, y: 0.077210, phi: 0.753475[0m
[0m[ INFO] [1745894496.080684240]: Error - x: 229.296555, y: 999.922791[0m
[0m[ INFO] [1745894496.080719792]: error_y: 999.922791[0m
[0m[ INFO] [1745894496.080767696]: w: -41.498089[0m
[0m[ INFO] [1745894496.080803633]: Publishing motor command - Left: 1921.131226, Right: 1900.478149[0m
[0m[ INFO] [1745894496.180763961]: Target - x: 270.000000, y: 1000.000000, phi: 0.000000[0m
[0m[ INFO] [1745894496.180942011]: Current - x: 17.973866, y: 0.036233, phi: 0.753475[0m
[0m[ INFO] [1745894496.181039452]: Error - x: 252.026138, y: 999.963745[0m
[0m[ INFO] [1745894496.181123420]: error_y: 999.963745[0m
[0m[ INFO] [1745894496.181188125]: w: 4.251139[0m
[0m[ INFO] [1745894496.181320446]: Publishing motor command - Left: 2099.159912, Right: 2101.275635[0m
[0m[ INFO] [1745894496.280541791]: Target - x: 300.000000, y: 1000.000000, phi: 0.000000[0m
[0m[ INFO] [1745894496.280684385]: Current - x: 27.062040, y: 0.027696, phi: 0.645839[0m
[0m[ INFO] [1745894496.280764481]: Error - x: 272.937958, y: 999.972290[0m
[0m[ INFO] [1745894496.280818594]: error_y: 999.972290[0m
[0m[ INFO] [1745894496.280854818]: w: -41.499752[0m
[0m[ INFO] [1745894496.280906755]: Publishing motor command - Left: 2284.809814, Right: 2264.156006[0m
[0m[ INFO] [1745894496.385266519]: Target - x: 330.000000, y: 1000.000000, phi: 0.000000[0m
[0m[ INFO] [1745894496.385843741]: Current - x: 38.169811, y: 0.017264, phi: 0.753481[0m
[0m[ INFO] [1745894496.385982366]: Error - x: 291.830200, y: 999.982727[0m
[0m[ INFO] [1745894496.386034142]: error_y: 999.982727[0m
[0m[ INFO] [1745894496.386078047]: w: 4.250829[0m
[0m[ INFO] [1745894496.386127711]: Publishing motor command - Left: 2430.860596, Right: 2432.976074[0m
[0m[ INFO] [1745894496.480582992]: Target - x: 360.000000, y: 1000.000000, phi: 0.000000[0m
[0m[ INFO] [1745894496.480747218]: Current - x: 50.489334, y: 0.028836, phi: 0.645845[0m
[0m[ INFO] [1745894496.480829523]: Error - x: 309.510681, y: 999.971191[0m
[0m[ INFO] [1745894496.480872691]: error_y: 999.971191[0m
[0m[ INFO] [1745894496.480912244]: w: -41.500233[0m
[0m[ INFO] [1745894496.480954932]: Publishing motor command - Left: 2589.582764, Right: 2568.928711[0m
[0m[ INFO] [1745894496.585207751]: Target - x: 390.000000, y: 1000.000000, phi: 0.000000[0m
[0m[ INFO] [1745894496.587704640]: Current - x: 64.626503, y: 0.028838, phi: 0.861127[0m
[0m[ INFO] [1745894496.587848962]: Error - x: 325.373505, y: 999.971191[0m
[0m[ INFO] [1745894496.587919170]: error_y: 999.971191[0m
[0m[ INFO] [1745894496.587978019]: w: 4.251306[0m
[0m[ INFO] [1745894496.588014435]: Publishing motor command - Left: 2710.387939, Right: 2712.503662[0m
[0m[ INFO] [1745894496.680312511]: Target - x: 420.000000, y: 1000.000000, phi: 0.000000[0m
[0m[ INFO] [1745894496.680461248]: Current - x: 79.773407, y: 0.071523, phi: 0.753492[0m
[0m[ INFO] [1745894496.680530305]: Error - x: 340.226593, y: 999.928467[0m
[0m[ INFO] [1745894496.680585473]: error_y: 999.928467[0m
[0m[ INFO] [1745894496.680619010]: w: -41.500416[0m
[0m[ INFO] [1745894496.680669634]: Publishing motor command - Left: 2845.548828, Right: 2824.894531[0m
[0m[ INFO] [1745894496.780587274]: Target - x: 450.000000, y: 1000.000000, phi: 0.000000[0m
[0m[ INFO] [1745894496.780730091]: Current - x: 97.141930, y: 0.071525, phi: 0.968774[0m
[0m[ INFO] [1745894496.780839756]: Error - x: 352.858063, y: 999.928467[0m
[0m[ INFO] [1745894496.780900365]: error_y: 999.928467[0m
[0m[ INFO] [1745894496.780969454]: w: 4.253080[0m
[0m[ INFO] [1745894496.781015918]: Publishing motor command - Left: 2939.425537, Right: 2941.541992[0m
[0m[ INFO] [1745894496.922489782]: Target - x: 480.000000, y: 1000.000000, phi: 0.000000[0m
[0m[ INFO] [1745894496.922613111]: Current - x: 114.914085, y: 0.171691, phi: 1.184057[0m
[0m[ INFO] [1745894496.922680279]: Error - x: 365.085907, y: 999.828308[0m
[0m[ INFO] [1745894496.922727416]: error_y: 999.828308[0m
[0m[ INFO] [1745894496.922761112]: w: -41.500843[0m
[0m[ INFO] [1745894496.922794585]: Publishing motor command - Left: 3052.709717, Right: 3032.055420[0m
[0m[ INFO] [1745894496.980951838]: Target - x: 510.000000, y: 1000.000000, phi: 0.000000[0m
[0m[ INFO] [1745894496.981134624]: Current - x: 133.898148, y: 0.243022, phi: 1.184057[0m
[0m[ INFO] [1745894496.981231937]: Error - x: 376.101868, y: 999.756958[0m
[0m[ INFO] [1745894496.981311266]: error_y: 999.756958[0m
[0m[ INFO] [1745894496.981355555]: w: 4.256935[0m
[0m[ INFO] [1745894496.981405571]: Publishing motor command - Left: 3133.123047, Right: 3135.241455[0m
[0m[ INFO] [1745894497.080665892]: Target - x: 540.000000, y: 1000.000000, phi: 0.000000[0m
[0m[ INFO] [1745894497.080789125]: Current - x: 154.296051, y: 0.262183, phi: 1.291698[0m
[0m[ INFO] [1745894497.080869990]: Error - x: 385.703949, y: 999.737793[0m
[0m[ INFO] [1745894497.080905510]: error_y: 999.737793[0m
[0m[ INFO] [1745894497.080949191]: w: -41.497963[0m
[0m[ INFO] [1745894497.080987655]: Publishing motor command - Left: 3224.526123, Right: 3203.873047[0m
[0m[ INFO] [1745894497.183688267]: Target - x: 570.000000, y: 1000.000000, phi: 0.000000[0m
[0m[ INFO] [1745894497.183820780]: Current - x: 176.107529, y: 0.344137, phi: 1.506981[0m
[0m[ INFO] [1745894497.183884013]: Error - x: 393.892456, y: 999.655884[0m
[0m[ INFO] [1745894497.183929805]: error_y: 999.655884[0m
[0m[ INFO] [1745894497.183961421]: w: 4.257382[0m
[0m[ INFO] [1745894497.183993422]: Publishing motor command - Left: 3281.377686, Right: 3283.496826[0m
[0m[ INFO] [1745894497.280622100]: Target - x: 600.000000, y: 1000.000000, phi: 0.000000[0m
[0m[ INFO] [1745894497.280883031]: Current - x: 198.524780, y: 0.449426, phi: 1.614622[0m
[0m[ INFO] [1745894497.280930424]: Error - x: 401.475220, y: 999.550598[0m
[0m[ INFO] [1745894497.280964856]: error_y: 999.550598[0m
[0m[ INFO] [1745894497.280997208]: w: -41.495010[0m
[0m[ INFO] [1745894497.281033817]: Publishing motor command - Left: 3355.952881, Right: 3335.301025[0m
[0m[ INFO] [1745894497.385460525]: Target - x: 630.000000, y: 1000.000000, phi: 0.000000[0m
[0m[ INFO] [1745894497.385857073]: Current - x: 222.759888, y: 0.494956, phi: 1.614622[0m
[0m[ INFO] [1745894497.385922546]: Error - x: 407.240112, y: 999.505066[0m
[0m[ INFO] [1745894497.385969394]: error_y: 999.505066[0m
[0m[ INFO] [1745894497.386849275]: w: 4.261557[0m
[0m[ INFO] [1745894497.386916284]: Publishing motor command - Left: 3392.607178, Right: 3394.728271[0m
[0m[ INFO] [1745894497.480563685]: Target - x: 660.000000, y: 1000.000000, phi: 0.000000[0m
[0m[ INFO] [1745894497.481878354]: Current - x: 246.994980, y: 0.449426, phi: 1.399320[0m
[0m[ INFO] [1745894497.481936338]: Error - x: 413.005005, y: 999.550598[0m
[0m[ INFO] [1745894497.481973171]: error_y: 999.550598[0m
[0m[ INFO] [1745894497.482007347]: w: -41.492928[0m
[0m[ INFO] [1745894497.482043508]: Publishing motor command - Left: 3452.033447, Right: 3431.383057[0m
[0m[ INFO] [1745894497.585460478]: Target - x: 690.000000, y: 1000.000000, phi: 0.000000[0m
[0m[ INFO] [1745894497.585777185]: Current - x: 272.037781, y: 0.355332, phi: 1.399320[0m
[0m[ INFO] [1745894497.586145669]: Error - x: 417.962219, y: 999.644653[0m
[0m[ INFO] [1745894497.586253990]: error_y: 999.644653[0m
[0m[ INFO] [1745894497.586299879]: w: 4.260067[0m
[0m[ INFO] [1745894497.586346215]: Publishing motor command - Left: 3481.958252, Right: 3484.078857[0m
[0m[ INFO] [1745894497.680800664]: Target - x: 720.000000, y: 1000.000000, phi: 0.000000[0m
[0m[ INFO] [1745894497.680888025]: Current - x: 299.100311, y: 0.406175, phi: 1.614603[0m
[0m[ INFO] [1745894497.680950041]: Error - x: 420.899689, y: 999.593811[0m
[0m[ INFO] [1745894497.681022586]: error_y: 999.593811[0m
[0m[ INFO] [1745894497.681054458]: w: -41.497047[0m
[0m[ INFO] [1745894497.681088315]: Publishing motor command - Left: 3517.823486, Right: 3497.171143[0m
[0m[ INFO] [1745894497.782555186]: Target - x: 750.000000, y: 1000.000000, phi: 0.000000[0m
[0m[ INFO] [1745894497.782653715]: Current - x: 326.162842, y: 0.457017, phi: 1.399301[0m
[0m[ INFO] [1745894497.782723572]: Error - x: 423.837158, y: 999.542969[0m
[0m[ INFO] [1745894497.782814548]: error_y: 999.542969[0m
[0m[ INFO] [1745894497.782858485]: w: 4.261962[0m
[0m[ INFO] [1745894497.782896053]: Publishing motor command - Left: 3530.915771, Right: 3533.036865[0m
[0m[ INFO] [1745894497.880552166]: Target - x: 780.000000, y: 1000.000000, phi: 0.000000[0m
[0m[ INFO] [1745894497.880641767]: Current - x: 354.234894, y: 0.325171, phi: 1.291666[0m
[0m[ INFO] [1745894497.880680072]: Error - x: 425.765106, y: 999.674805[0m
[0m[ INFO] [1745894497.880712776]: error_y: 999.674805[0m
[0m[ INFO] [1745894497.880782537]: w: -41.494377[0m
[0m[ INFO] [1745894497.880844617]: Publishing motor command - Left: 3558.368164, Right: 3537.717041[0m
[0m[ INFO] [1745894497.984040690]: Target - x: 810.000000, y: 1000.000000, phi: 0.000000[0m
[0m[ INFO] [1745894497.984544951]: Current - x: 383.115112, y: 0.352303, phi: 1.614589[0m
[0m[ INFO] [1745894497.984739929]: Error - x: 426.884888, y: 999.647705[0m
[0m[ INFO] [1745894497.985216349]: error_y: 999.647705[0m
[0m[ INFO] [1745894497.985393311]: w: 4.256375[0m
[0m[ INFO] [1745894497.985510432]: Publishing motor command - Left: 3556.314697, Right: 3558.433350[0m
[0m[ INFO] [1745894498.080615576]: Target - x: 840.000000, y: 1000.000000, phi: 0.000000[0m
[0m[ INFO] [1745894498.080724697]: Current - x: 412.600372, y: 0.573882, phi: 1.829871[0m
[0m[ INFO] [1745894498.080841818]: Error - x: 427.399628, y: 999.426147[0m
[0m[ INFO] [1745894498.080906619]: error_y: 999.426147[0m
[0m[ INFO] [1745894498.080949467]: w: -41.494194[0m
[0m[ INFO] [1745894498.081015868]: Publishing motor command - Left: 3571.989014, Right: 3551.337891[0m
[0m[ INFO] [1745894498.181856749]: Target - x: 870.000000, y: 1000.000000, phi: 0.000000[0m
[0m[ INFO] [1745894498.182198064]: Current - x: 442.086243, y: 0.684673, phi: 1.829871[0m
[0m[ INFO] [1745894498.182380914]: Error - x: 427.913757, y: 999.315308[0m
[0m[ INFO] [1745894498.182607860]: error_y: 999.315308[0m
[0m[ INFO] [1745894498.182722677]: w: 4.265099[0m
[0m[ INFO] [1745894498.183467037]: Publishing motor command - Left: 3564.886719, Right: 3567.009033[0m
[0m[ INFO] [1745894498.280346022]: Target - x: 900.000000, y: 1000.000000, phi: 0.000000[0m
[0m[ INFO] [1745894498.281409776]: Current - x: 471.774292, y: 0.712560, phi: 1.937513[0m
[0m[ INFO] [1745894498.281472273]: Error - x: 428.225708, y: 999.287415[0m
[0m[ INFO] [1745894498.281510385]: error_y: 999.287415[0m
[0m[ INFO] [1745894498.281576946]: w: -41.489712[0m
[0m[ INFO] [1745894498.281645523]: Publishing motor command - Left: 3578.872070, Right: 3558.222900[0m
[0m[ INFO] [1745894498.381325304]: Target - x: 930.000000, y: 1000.000000, phi: 0.000000[0m
[0m[ INFO] [1745894498.381432377]: Current - x: 502.875549, y: 0.887851, phi: 2.368078[0m
[0m[ INFO] [1745894498.381479993]: Error - x: 427.124451, y: 999.112122[0m
[0m[ INFO] [1745894498.381533594]: error_y: 999.112122[0m
[0m[ INFO] [1745894498.381588539]: w: 4.265511[0m
[0m[ INFO] [1745894498.381669563]: Publishing motor command - Left: 3558.308838, Right: 3560.431885[0m
[0m[ INFO] [1745894498.480312022]: Target - x: 960.000000, y: 1000.000000, phi: 0.000000[0m
[0m[ INFO] [1745894498.480400151]: Current - x: 533.370789, y: 1.088373, phi: 2.260442[0m
[0m[ INFO] [1745894498.480468184]: Error - x: 426.629211, y: 998.911621[0m
[0m[ INFO] [1745894498.480547417]: error_y: 998.911621[0m
[0m[ INFO] [1745894498.480579865]: w: -41.483288[0m
[0m[ INFO] [1745894498.480614297]: Publishing motor command - Left: 3565.566406, Right: 3544.920654[0m
[0m[ INFO] [1745894498.583073498]: Target - x: 990.000000, y: 1000.000000, phi: 0.000000[0m
[0m[ INFO] [1745894498.583253820]: Current - x: 564.674500, y: 1.058972, phi: 2.368083[0m
[0m[ INFO] [1745894498.583319549]: Error - x: 425.325500, y: 998.941040[0m
[0m[ INFO] [1745894498.583365597]: error_y: 998.941040[0m
[0m[ INFO] [1745894498.583397341]: w: 4.273955[0m
[0m[ INFO] [1745894498.583478270]: Publishing motor command - Left: 3543.315674, Right: 3545.442627[0m
[0m[ INFO] [1745894498.680511433]: Target - x: 1020.000000, y: 1000.000000, phi: 0.000000[0m
[0m[ INFO] [1745894498.680667306]: Current - x: 596.382141, y: 1.088757, phi: 2.260448[0m
[0m[ INFO] [1745894498.680728971]: Error - x: 423.617859, y: 998.911255[0m
[0m[ INFO] [1745894498.680799212]: error_y: 998.911255[0m
[0m[ INFO] [1745894498.680831916]: w: -41.484634[0m
[0m[ INFO] [1745894498.680879533]: Publishing motor command - Left: 3540.471924, Right: 3519.825439[0m
[0m[ INFO] [1745894498.780886613]: Target - x: 1050.000000, y: 1000.000000, phi: 0.000000[0m
[0m[ INFO] [1745894498.781057591]: Current - x: 628.493652, y: 1.058597, phi: 2.368089[0m
[0m[ INFO] [1745894498.781221912]: Error - x: 421.506348, y: 998.941406[0m
[0m[ INFO] [1745894498.781316889]: error_y: 998.941406[0m
[0m[ INFO] [1745894498.781490203]: w: 4.275318[0m
[0m[ INFO] [1745894498.781980992]: Publishing motor command - Left: 3511.489014, Right: 3513.616455[0m
[0m[ INFO] [1745894498.880511418]: Target - x: 1080.000000, y: 1000.000000, phi: 0.000000[0m
[0m[ INFO] [1745894498.880651963]: Current - x: 661.816833, y: 1.152504, phi: 2.475730[0m
[0m[ INFO] [1745894498.880725500]: Error - x: 418.183167, y: 998.847473[0m
[0m[ INFO] [1745894498.880763932]: error_y: 998.847473[0m
[0m[ INFO] [1745894498.880798429]: w: -41.486286[0m
[0m[ INFO] [1745894498.880837277]: Publishing motor command - Left: 3495.183350, Right: 3474.536133[0m
[0m[ INFO] [1745894498.980921318]: Target - x: 1110.000000, y: 1000.000000, phi: 0.000000[0m
[0m[ INFO] [1745894498.981040647]: Current - x: 694.130310, y: 1.213211, phi: 2.475730[0m
[0m[ INFO] [1745894498.981138984]: Error - x: 415.869690, y: 998.786804[0m
[0m[ INFO] [1745894498.981215689]: error_y: 998.786804[0m
[0m[ INFO] [1745894498.981267210]: w: 4.278960[0m
[0m[ INFO] [1745894498.981355946]: Publishing motor command - Left: 3464.515869, Right: 3466.645508[0m
[0m[ INFO] [1745894499.080607243]: Target - x: 1140.000000, y: 1000.000000, phi: 0.000000[0m
[0m[ INFO] [1745894499.080755309]: Current - x: 726.645813, y: 1.182667, phi: 2.368095[0m
[0m[ INFO] [1745894499.080844270]: Error - x: 413.354187, y: 998.817322[0m
[0m[ INFO] [1745894499.080936687]: error_y: 998.817322[0m
[0m[ INFO] [1745894499.081206801]: w: -41.483639[0m
[0m[ INFO] [1745894499.081259154]: Publishing motor command - Left: 3454.941162, Right: 3434.295166[0m
[0m[ INFO] [1745894499.185276610]: Target - x: 1170.000000, y: 1000.000000, phi: 0.000000[0m
[0m[ INFO] [1745894499.185401252]: Current - x: 759.565063, y: 1.089904, phi: 2.260459[0m
[0m[ INFO] [1745894499.185479684]: Error - x: 410.434937, y: 998.910095[0m
[0m[ INFO] [1745894499.185553445]: error_y: 998.910095[0m
[0m[ INFO] [1745894499.185585861]: w: 4.278088[0m
[0m[ INFO] [1745894499.186980659]: Publishing motor command - Left: 3419.226562, Right: 3421.355469[0m
[0m[ INFO] [1745894499.280568636]: Target - x: 1200.000000, y: 1000.000000, phi: 0.000000[0m
[0m[ INFO] [1745894499.280778590]: Current - x: 792.888367, y: 1.058606, phi: 2.368101[0m
[0m[ INFO] [1745894499.280850718]: Error - x: 407.111633, y: 998.941406[0m
[0m[ INFO] [1745894499.280895455]: error_y: 998.941406[0m
[0m[ INFO] [1745894499.280936607]: w: -41.487354[0m
[0m[ INFO] [1745894499.280980544]: Publishing motor command - Left: 3402.920898, Right: 3382.273193[0m
[0m[ INFO] [1745894499.382251829]: Target - x: 1230.000000, y: 1000.000000, phi: 0.000000[0m
[0m[ INFO] [1745894499.382398038]: Current - x: 825.605774, y: 1.120072, phi: 2.368101[0m
[0m[ INFO] [1745894499.382488663]: Error - x: 404.394226, y: 998.879944[0m
[0m[ INFO] [1745894499.382560664]: error_y: 998.879944[0m
[0m[ INFO] [1745894499.382608472]: w: 4.276525[0m
[0m[ INFO] [1745894499.382666809]: Publishing motor command - Left: 3368.887695, Right: 3371.015869[0m
[0m[ INFO] [1745894499.480566764]: Target - x: 1260.000000, y: 1000.000000, phi: 0.000000[0m
[0m[ INFO] [1745894499.480666765]: Current - x: 859.130798, y: 1.246039, phi: 2.798665[0m
[0m[ INFO] [1745894499.480708526]: Error - x: 400.869202, y: 998.753967[0m
[0m[ INFO] [1745894499.480775182]: error_y: 998.753967[0m
[0m[ INFO] [1745894499.480854543]: w: -41.485340[0m
[0m[ INFO] [1745894499.480895791]: Publishing motor command - Left: 3350.900146, Right: 3330.253662[0m
[0m[ INFO] [1745894499.580822423]: Target - x: 1290.000000, y: 1000.000000, phi: 0.000000[0m
[0m[ INFO] [1745894499.580975897]: Current - x: 892.049500, y: 1.462496, phi: 2.691029[0m
[0m[ INFO] [1745894499.581067577]: Error - x: 397.950500, y: 998.537476[0m
[0m[ INFO] [1745894499.581141882]: error_y: 998.537476[0m
[0m[ INFO] [1745894499.581189915]: w: 4.280835[0m
[0m[ INFO] [1745894499.581243995]: Publishing motor command - Left: 3315.189209, Right: 3317.319336[0m
[0m[ INFO] [1745894499.680467868]: Target - x: 1320.000000, y: 1000.000000, phi: 0.000000[0m
[0m[ INFO] [1745894499.680600029]: Current - x: 924.968872, y: 1.493423, phi: 3.013953[0m
[0m[ INFO] [1745894499.680686750]: Error - x: 395.031128, y: 998.506592[0m
[0m[ INFO] [1745894499.680769823]: error_y: 998.506592[0m
[0m[ INFO] [1745894499.680875552]: w: -41.476486[0m
[0m[ INFO] [1745894499.681384229]: Publishing motor command - Left: 3302.247070, Right: 3281.605225[0m
[0m[ INFO] [1745894499.783733317]: Target - x: 1350.000000, y: 1000.000000, phi: 0.000000[0m
[0m[ INFO] [1745894499.783824006]: Current - x: 958.089722, y: 1.680097, phi: 3.013953[0m
[0m[ INFO] [1745894499.783862758]: Error - x: 391.910278, y: 998.319885[0m
[0m[ INFO] [1745894499.783895494]: error_y: 998.319885[0m
[0m[ INFO] [1745894499.783949095]: w: 4.281322[0m
[0m[ INFO] [1745894499.784055624]: Publishing motor command - Left: 3264.853516, Right: 3266.984375[0m
[0m[ INFO] [1745894499.880511021]: Target - x: 1380.000000, y: 1000.000000, phi: 0.000000[0m
[0m[ INFO] [1745894499.880700975]: Current - x: 991.413025, y: 1.648795, phi: 2.906318[0m
[0m[ INFO] [1745894499.880801360]: Error - x: 388.586975, y: 998.351196[0m
[0m[ INFO] [1745894499.881311445]: error_y: 998.351196[0m
[0m[ INFO] [1745894499.881364917]: w: -41.468605[0m
[0m[ INFO] [1745894499.881418422]: Publishing motor command - Left: 3248.543945, Right: 3227.906006[0m
[0m[ INFO] [1745894499.985781706]: Target - x: 1410.000000, y: 1000.000000, phi: 0.000000[0m
[0m[ INFO] [1745894499.986093133]: Current - x: 1024.534424, y: 1.648799, phi: 3.121600[0m
[0m[ INFO] [1745894499.986174990]: Error - x: 385.465576, y: 998.351196[0m
[0m[ INFO] [1745894499.986257103]: error_y: 998.351196[0m
[0m[ INFO] [1745894499.986296431]: w: 4.280023[0m
[0m[ INFO] [1745894499.986378736]: Publishing motor command - Left: 3211.148193, Right: 3213.278320[0m
[0m[ INFO] [1745894500.080602910]: Target - x: 1440.000000, y: 1000.000000, phi: 0.000000[0m
[0m[ INFO] [1745894500.080695071]: Current - x: 1057.453491, y: 1.803412, phi: 3.229241[0m
[0m[ INFO] [1745894500.080733312]: Error - x: 382.546509, y: 998.196594[0m
[0m[ INFO] [1745894500.080773856]: error_y: 998.196594[0m
[0m[ INFO] [1745894500.080834273]: w: -41.469261[0m
[0m[ INFO] [1745894500.080895873]: Publishing motor command - Left: 3198.207031, Right: 3177.568359[0m
[0m[ INFO] [1745894500.181255405]: Target - x: 1470.000000, y: 1000.000000, phi: 0.000000[0m
[0m[ INFO] [1745894500.181686546]: Current - x: 1090.978638, y: 1.866396, phi: 3.229241[0m
[0m[ INFO] [1745894500.182513946]: Error - x: 379.021362, y: 998.133606[0m
[0m[ INFO] [1745894500.182617115]: error_y: 998.133606[0m
[0m[ INFO] [1745894500.183089408]: w: 4.286170[0m
[0m[ INFO] [1745894500.183396835]: Publishing motor command - Left: 3157.444580, Right: 3159.578125[0m
[0m[ INFO] [1745894500.280683216]: Target - x: 1500.000000, y: 1000.000000, phi: 0.000000[0m
[0m[ INFO] [1745894500.280844241]: Current - x: 1122.686157, y: 1.777043, phi: 2.906304[0m
[0m[ INFO] [1745894500.280929522]: Error - x: 377.313843, y: 998.222961[0m
[0m[ INFO] [1745894500.281021203]: error_y: 998.222961[0m
[0m[ INFO] [1745894500.281067892]: w: -41.466267[0m
[0m[ INFO] [1745894500.281116404]: Publishing motor command - Left: 3154.600586, Right: 3133.963135[0m
[0m[ INFO] [1745894500.381149021]: Target - x: 1530.000000, y: 1000.000000, phi: 0.000000[0m
[0m[ INFO] [1745894500.381341823]: Current - x: 1154.999146, y: 1.594923, phi: 2.906304[0m
[0m[ INFO] [1745894500.381465536]: Error - x: 375.000854, y: 998.405090[0m
[0m[ INFO] [1745894500.381538817]: error_y: 998.405090[0m
[0m[ INFO] [1745894500.381588321]: w: 4.283236[0m
[0m[ INFO] [1745894500.381642178]: Publishing motor command - Left: 3123.941406, Right: 3126.072998[0m
[0m[ INFO] [1745894500.480498270]: Target - x: 1560.000000, y: 1000.000000, phi: 0.000000[0m
[0m[ INFO] [1745894500.480594719]: Current - x: 1188.524536, y: 1.594923, phi: 2.906304[0m
[0m[ INFO] [1745894500.480667776]: Error - x: 371.475464, y: 998.405090[0m
[0m[ INFO] [1745894500.480722881]: error_y: 998.405090[0m
[0m[ INFO] [1745894500.480779681]: w: -41.473824[0m
[0m[ INFO] [1745894500.480827362]: Publishing motor command - Left: 3105.949219, Right: 3085.308594[0m
[0m[ INFO] [1745894500.582623100]: Target - x: 1590.000000, y: 1000.000000, phi: 0.000000[0m
[0m[ INFO] [1745894500.582799998]: Current - x: 1221.645874, y: 1.594923, phi: 2.906304[0m
[0m[ INFO] [1745894500.582901439]: Error - x: 368.354126, y: 998.405090[0m
[0m[ INFO] [1745894500.582964447]: error_y: 998.405090[0m
[0m[ INFO] [1745894500.583016032]: w: 4.283234[0m
[0m[ INFO] [1745894500.583069024]: Publishing motor command - Left: 3068.552002, Right: 3070.683594[0m
[0m[ INFO] [1745894500.680643088]: Target - x: 1620.000000, y: 1000.000000, phi: 0.000000[0m
[0m[ INFO] [1745894500.680741809]: Current - x: 1254.161255, y: 1.625467, phi: 3.013946[0m
[0m[ INFO] [1745894500.680810002]: Error - x: 365.838745, y: 998.374512[0m
[0m[ INFO] [1745894500.680864147]: error_y: 998.374512[0m
[0m[ INFO] [1745894500.680916659]: w: -41.473953[0m
[0m[ INFO] [1745894500.680962100]: Publishing motor command - Left: 3058.976807, Right: 3038.335693[0m
[0m[ INFO] [1745894500.781248415]: Target - x: 1650.000000, y: 1000.000000, phi: 0.000000[0m
[0m[ INFO] [1745894500.781436257]: Current - x: 1286.474854, y: 1.625467, phi: 2.798644[0m
[0m[ INFO] [1745894500.781551618]: Error - x: 363.525146, y: 998.374512[0m
[0m[ INFO] [1745894500.781608738]: error_y: 998.374512[0m
[0m[ INFO] [1745894500.781828677]: w: 4.284503[0m
[0m[ INFO] [1745894500.781886725]: Publishing motor command - Left: 3028.310303, Right: 3030.442383[0m
[0m[ INFO] [1745894500.880332958]: Target - x: 1680.000000, y: 1000.000000, phi: 0.000000[0m
[0m[ INFO] [1745894500.880461023]: Current - x: 1318.990234, y: 1.533840, phi: 2.906285[0m
[0m[ INFO] [1745894500.880593152]: Error - x: 361.009766, y: 998.466187[0m
[0m[ INFO] [1745894500.880633409]: error_y: 998.466187[0m
[0m[ INFO] [1745894500.880666689]: w: -41.473564[0m
[0m[ INFO] [1745894500.880703842]: Publishing motor command - Left: 3018.735107, Right: 2998.094482[0m
[0m[ INFO] [1745894500.985144150]: Target - x: 1710.000000, y: 1000.000000, phi: 0.000000[0m
[0m[ INFO] [1745894500.985277016]: Current - x: 1351.101685, y: 1.564003, phi: 2.798650[0m
[0m[ INFO] [1745894500.985326296]: Error - x: 358.898315, y: 998.435974[0m
[0m[ INFO] [1745894500.985359512]: error_y: 998.435974[0m
[0m[ INFO] [1745894500.985388537]: w: 4.280571[0m
[0m[ INFO] [1745894500.985421497]: Publishing motor command - Left: 2989.754150, Right: 2991.884521[0m
[0m[ INFO] [1745894501.080493648]: Target - x: 1740.000000, y: 1000.000000, phi: 0.000000[0m
[0m[ INFO] [1745894501.080606193]: Current - x: 1382.809204, y: 1.474654, phi: 2.691014[0m
[0m[ INFO] [1745894501.080671410]: Error - x: 357.190796, y: 998.525330[0m
[0m[ INFO] [1745894501.080731538]: error_y: 998.525330[0m
[0m[ INFO] [1745894501.080764979]: w: -41.471931[0m
[0m[ INFO] [1745894501.080799667]: Publishing motor command - Left: 2986.909912, Right: 2966.269775[0m
[0m[ INFO] [1745894501.184100252]: Target - x: 1770.000000, y: 1000.000000, phi: 0.000000[0m
[0m[ INFO] [1745894501.184224893]: Current - x: 1415.324707, y: 1.444115, phi: 2.798656[0m
[0m[ INFO] [1745894501.184288382]: Error - x: 354.675293, y: 998.555908[0m
[0m[ INFO] [1745894501.184324158]: error_y: 998.555908[0m
[0m[ INFO] [1745894501.184354527]: w: 4.276993[0m
[0m[ INFO] [1745894501.184389535]: Publishing motor command - Left: 2954.563232, Right: 2956.692139[0m
[0m[ INFO] [1745894501.280520961]: Target - x: 1800.000000, y: 1000.000000, phi: 0.000000[0m
[0m[ INFO] [1745894501.280650818]: Current - x: 1447.032349, y: 1.473900, phi: 2.691020[0m
[0m[ INFO] [1745894501.280720259]: Error - x: 352.967651, y: 998.526123[0m
[0m[ INFO] [1745894501.280755683]: error_y: 998.526123[0m
[0m[ INFO] [1745894501.280807363]: w: -41.473328[0m
[0m[ INFO] [1745894501.280855492]: Publishing motor command - Left: 2951.717529, Right: 2931.076904[0m
[0m[ INFO] [1745894501.380748715]: Target - x: 1830.000000, y: 1000.000000, phi: 0.000000[0m
[0m[ INFO] [1745894501.380963629]: Current - x: 1479.547729, y: 1.382274, phi: 2.583385[0m
[0m[ INFO] [1745894501.381063534]: Error - x: 350.452271, y: 998.617737[0m
[0m[ INFO] [1745894501.381137775]: error_y: 998.617737[0m
[0m[ INFO] [1745894501.381214768]: w: 4.278619[0m
[0m[ INFO] [1745894501.381271504]: Publishing motor command - Left: 2919.370850, Right: 2921.500244[0m
[0m[ INFO] [1745894501.480693299]: Target - x: 1860.000000, y: 1000.000000, phi: 0.000000[0m
[0m[ INFO] [1745894501.480828308]: Current - x: 1511.255371, y: 1.352494, phi: 2.691026[0m
[0m[ INFO] [1745894501.480904341]: Error - x: 348.744629, y: 998.647522[0m
[0m[ INFO] [1745894501.480980950]: error_y: 998.647522[0m
[0m[ INFO] [1745894501.481058294]: w: -41.477001[0m
[0m[ INFO] [1745894501.481113847]: Publishing motor command - Left: 2916.526367, Right: 2895.883789[0m
[0m[ INFO] [1745894501.585073191]: Target - x: 1890.000000, y: 1000.000000, phi: 0.000000[0m
[0m[ INFO] [1745894501.585510987]: Current - x: 1542.760986, y: 1.352494, phi: 2.475724[0m
[0m[ INFO] [1745894501.585580332]: Error - x: 347.239014, y: 998.647522[0m
[0m[ INFO] [1745894501.585628620]: error_y: 998.647522[0m
[0m[ INFO] [1745894501.585665261]: w: 4.277381[0m
[0m[ INFO] [1745894501.585708749]: Publishing motor command - Left: 2892.593994, Right: 2894.722900[0m
[0m[ INFO] [1745894501.680450849]: Target - x: 1920.000000, y: 1000.000000, phi: 0.000000[0m
[0m[ INFO] [1745894501.680710211]: Current - x: 1574.468384, y: 1.203575, phi: 2.368089[0m
[0m[ INFO] [1745894501.680816132]: Error - x: 345.531616, y: 998.796448[0m
[0m[ INFO] [1745894501.680884261]: error_y: 998.796448[0m
[0m[ INFO] [1745894501.680939654]: w: -41.476368[0m
[0m[ INFO] [1745894501.681799502]: Publishing motor command - Left: 2889.750977, Right: 2869.109131[0m
[0m[ INFO] [1745894501.786571334]: Target - x: 1950.000000, y: 1000.000000, phi: 0.000000[0m
[0m[ INFO] [1745894501.786744936]: Current - x: 1606.579834, y: 1.233743, phi: 2.691013[0m
[0m[ INFO] [1745894501.786815817]: Error - x: 343.420166, y: 998.766235[0m
[0m[ INFO] [1745894501.786931754]: error_y: 998.766235[0m
[0m[ INFO] [1745894501.787015883]: w: 4.271072[0m
[0m[ INFO] [1745894501.787094091]: Publishing motor command - Left: 2860.771729, Right: 2862.897461[0m
[0m[ INFO] [1745894501.956116742]: Target - x: 2010.000000, y: 1000.000000, phi: 0.000000[0m
[0m[ INFO] [1745894501.956227623]: Current - x: 1638.287354, y: 1.323096, phi: 2.368076[0m
[0m[ INFO] [1745894501.956297544]: Error - x: 371.712646, y: 998.676880[0m
[0m[ INFO] [1745894501.956373161]: error_y: 998.676880[0m
[0m[ INFO] [1745894501.956422793]: w: -41.475494[0m
[0m[ INFO] [1745894501.956458441]: Publishing motor command - Left: 3107.926514, Right: 3087.284424[0m
[0m[ INFO] [1745894501.980313848]: Target - x: 2010.000000, y: 1000.000000, phi: 0.000000[0m
[0m[ INFO] [1745894501.980422585]: Current - x: 1670.398315, y: 1.111952, phi: 2.260440[0m
[0m[ INFO] [1745894501.980840637]: Error - x: 339.601685, y: 998.888062[0m
[0m[ INFO] [1745894501.980897790]: error_y: 998.888062[0m
[0m[ INFO] [1745894501.980930654]: w: 4.275678[0m
[0m[ INFO] [1745894501.981000703]: Publishing motor command - Left: 2828.949951, Right: 2831.078125[0m
[0m[ INFO] [1745894502.080584099]: Target - x: 2010.000000, y: 1000.000000, phi: 0.000000[0m
[0m[ INFO] [1745894502.080714564]: Current - x: 1701.701904, y: 1.023741, phi: 2.152805[0m
[0m[ INFO] [1745894502.080817445]: Error - x: 308.298096, y: 998.976257[0m
[0m[ INFO] [1745894502.080886438]: error_y: 998.976257[0m
[0m[ INFO] [1745894502.080923718]: w: -41.483883[0m
[0m[ INFO] [1745894502.080977575]: Publishing motor command - Left: 2579.473633, Right: 2558.827881[0m
[0m[ INFO] [1745894502.182840738]: Target - x: 2010.000000, y: 1000.000000, phi: 0.000000[0m
[0m[ INFO] [1745894502.183027428]: Current - x: 1733.409546, y: 1.053529, phi: 2.475728[0m
[0m[ INFO] [1745894502.183119844]: Error - x: 276.590454, y: 998.946472[0m
[0m[ INFO] [1745894502.183319782]: error_y: 998.946472[0m
[0m[ INFO] [1745894502.183368455]: w: 4.271891[0m
[0m[ INFO] [1745894502.183472136]: Publishing motor command - Left: 2303.857422, Right: 2305.983398[0m
[0m[ INFO] [1745894502.280970327]: Target - x: 2010.000000, y: 1000.000000, phi: 0.000000[0m
[0m[ INFO] [1745894502.281068824]: Current - x: 1764.510742, y: 1.228820, phi: 2.475728[0m
[0m[ INFO] [1745894502.281106456]: Error - x: 245.489258, y: 998.771179[0m
[0m[ INFO] [1745894502.281138521]: error_y: 998.771179[0m
[0m[ INFO] [1745894502.281169337]: w: -41.483391[0m
[0m[ INFO] [1745894502.281221210]: Publishing motor command - Left: 2056.066650, Right: 2035.420898[0m
[0m[ INFO] [1745894502.381103713]: Target - x: 2010.000000, y: 1000.000000, phi: 0.000000[0m
[0m[ INFO] [1745894502.381269218]: Current - x: 1793.996826, y: 1.228820, phi: 2.475728[0m
[0m[ INFO] [1745894502.381392964]: Error - x: 216.003174, y: 998.771179[0m
[0m[ INFO] [1745894502.381448484]: error_y: 998.771179[0m
[0m[ INFO] [1745894502.381496421]: w: 4.279164[0m
[0m[ INFO] [1745894502.381548325]: Publishing motor command - Left: 1798.961548, Right: 1801.091187[0m
[0m[ INFO] [1745894502.480561923]: Target - x: 2010.000000, y: 1000.000000, phi: 0.000000[0m
[0m[ INFO] [1745894502.480693445]: Current - x: 1822.069214, y: 1.255190, phi: 2.583369[0m
[0m[ INFO] [1745894502.480773445]: Error - x: 187.930786, y: 998.744812[0m
[0m[ INFO] [1745894502.480832326]: error_y: 998.744812[0m
[0m[ INFO] [1745894502.481049192]: w: -41.483501[0m
[0m[ INFO] [1745894502.481092553]: Publishing motor command - Left: 1576.412720, Right: 1555.766968[0m
[0m[ INFO] [1745894502.582164444]: Target - x: 2010.000000, y: 1000.000000, phi: 0.000000[0m
[0m[ INFO] [1745894502.582292637]: Current - x: 1847.718140, y: 1.279283, phi: 2.475734[0m
[0m[ INFO] [1745894502.582394974]: Error - x: 162.281860, y: 998.720703[0m
[0m[ INFO] [1745894502.582504415]: error_y: 998.720703[0m
[0m[ INFO] [1745894502.582562176]: w: 4.280155[0m
[0m[ INFO] [1745894502.582614528]: Publishing motor command - Left: 1351.283691, Right: 1353.413940[0m
[0m[ INFO] [1745894502.680569844]: Target - x: 2010.000000, y: 1000.000000, phi: 0.000000[0m
[0m[ INFO] [1745894502.680698421]: Current - x: 1872.558960, y: 1.209284, phi: 2.368098[0m
[0m[ INFO] [1745894502.680797558]: Error - x: 137.441040, y: 998.790710[0m
[0m[ INFO] [1745894502.680837750]: error_y: 998.790710[0m
[0m[ INFO] [1745894502.680872151]: w: -41.482204[0m
[0m[ INFO] [1745894502.680908951]: Publishing motor command - Left: 1155.664429, Right: 1135.019409[0m
[0m[ INFO] [1745894502.781111713]: Target - x: 2010.000000, y: 1000.000000, phi: 0.000000[0m
[0m[ INFO] [1745894502.781627175]: Current - x: 1895.582275, y: 1.122779, phi: 2.152797[0m
[0m[ INFO] [1745894502.781725704]: Error - x: 114.417725, y: 998.877197[0m
[0m[ INFO] [1745894502.781801704]: error_y: 998.877197[0m
[0m[ INFO] [1745894502.782061931]: w: 4.277618[0m
[0m[ INFO] [1745894502.782132012]: Publishing motor command - Left: 952.416565, Right: 954.545471[0m
[0m[ INFO] [1745894502.880400066]: Target - x: 2010.000000, y: 1000.000000, phi: 0.000000[0m
[0m[ INFO] [1745894502.880507684]: Current - x: 1916.989746, y: 1.042344, phi: 2.152797[0m
[0m[ INFO] [1745894502.880552580]: Error - x: 93.010254, y: 998.957642[0m
[0m[ INFO] [1745894502.880638117]: error_y: 998.957642[0m
[0m[ INFO] [1745894502.880706085]: w: -41.485451[0m
[0m[ INFO] [1745894502.880783910]: Publishing motor command - Left: 785.408752, Right: 764.762146[0m
[0m[ INFO] [1745894502.985256283]: Target - x: 2010.000000, y: 1000.000000, phi: 0.000000[0m
[0m[ INFO] [1745894502.985704864]: Current - x: 1937.185791, y: 1.042344, phi: 2.152797[0m
[0m[ INFO] [1745894502.985822625]: Error - x: 72.814209, y: 998.957642[0m
[0m[ INFO] [1745894502.985918146]: error_y: 998.957642[0m
[0m[ INFO] [1745894502.986000515]: w: 4.274279[0m
[0m[ INFO] [1745894502.986060899]: Publishing motor command - Left: 605.721436, Right: 607.848694[0m
[0m[ INFO] [1745894503.080522004]: Target - x: 2010.000000, y: 1000.000000, phi: 0.000000[0m
[0m[ INFO] [1745894503.080623669]: Current - x: 1954.958130, y: 1.008955, phi: 1.937495[0m
[0m[ INFO] [1745894503.080755926]: Error - x: 55.041870, y: 998.991028[0m
[0m[ INFO] [1745894503.080840919]: error_y: 998.991028[0m
[0m[ INFO] [1745894503.080879224]: w: -41.485310[0m
[0m[ INFO] [1745894503.080926232]: Publishing motor command - Left: 469.005585, Right: 448.358917[0m
[0m[ INFO] [1745894503.184956936]: Target - x: 2010.000000, y: 1000.000000, phi: 0.000000[0m
[0m[ INFO] [1745894503.185306508]: Current - x: 1972.124634, y: 0.960580, phi: 2.045136[0m
[0m[ INFO] [1745894503.185453357]: Error - x: 37.875366, y: 999.039429[0m
[0m[ INFO] [1745894503.186574137]: error_y: 999.039429[0m
[0m[ INFO] [1745894503.186611033]: w: 4.273099[0m
[0m[ INFO] [1745894503.186645433]: Publishing motor command - Left: 314.564728, Right: 316.691376[0m
[0m[ INFO] [1745894503.280687654]: Target - x: 2010.000000, y: 1000.000000, phi: 0.000000[0m
[0m[ INFO] [1745894503.280799815]: Current - x: 1987.473511, y: 0.989416, phi: 2.045136[0m
[0m[ INFO] [1745894503.280896264]: Error - x: 22.526489, y: 999.010559[0m
[0m[ INFO] [1745894503.281003881]: error_y: 999.010559[0m
[0m[ INFO] [1745894503.281047337]: w: -41.487442[0m
[0m[ INFO] [1745894503.281093386]: Publishing motor command - Left: 198.044601, Right: 177.396896[0m
[0m[ INFO] [1745894503.381885370]: Target - x: 2010.000000, y: 1000.000000, phi: 0.000000[0m
[0m[ INFO] [1745894503.382182653]: Current - x: 2001.812622, y: 0.975947, phi: 1.937501[0m
[0m[ INFO] [1745894503.382248798]: Error - x: 8.187378, y: 999.024048[0m
[0m[ INFO] [1745894503.382308862]: error_y: 999.024048[0m
[0m[ INFO] [1745894503.382343710]: w: 4.274356[0m
[0m[ INFO] [1745894503.382378719]: Publishing motor command - Left: 67.164513, Right: 69.291786[0m
[0m[ INFO] [1745894503.480663478]: Target - x: 2010.000000, y: 1000.000000, phi: 0.000000[0m
[0m[ INFO] [1745894503.480789559]: Current - x: 2014.334106, y: 0.928900, phi: 1.722199[0m
[0m[ INFO] [1745894503.480828055]: Error - x: -4.334106, y: 999.071106[0m
[0m[ INFO] [1745894503.480878136]: error_y: 999.071106[0m
[0m[ INFO] [1745894503.480911128]: w: -41.487801[0m
[0m[ INFO] [1745894503.480957337]: Publishing motor command - Left: -25.793619, Right: -46.441486[0m
[0m[ INFO] [1745894503.581363045]: Target - x: 2010.000000, y: 1000.000000, phi: 0.000000[0m
[0m[ INFO] [1745894503.581526343]: Current - x: 2025.643677, y: 0.886406, phi: 1.722199[0m
[0m[ INFO] [1745894503.581624520]: Error - x: -15.643677, y: 999.113586[0m
[0m[ INFO] [1745894503.581702120]: error_y: 999.113586[0m
[0m[ INFO] [1745894503.581786441]: w: 4.272583[0m
[0m[ INFO] [1745894503.581838986]: Publishing motor command - Left: -131.427170, Right: -129.300766[0m
[0m[ INFO] [1745894503.680371427]: Target - x: 2010.000000, y: 1000.000000, phi: 0.000000[0m
[0m[ INFO] [1745894503.680505828]: Current - x: 2036.347534, y: 0.876352, phi: 1.614564[0m
[0m[ INFO] [1745894503.680569573]: Error - x: -26.347534, y: 999.123657[0m
[0m[ INFO] [1745894503.680606725]: error_y: 999.123657[0m
[0m[ INFO] [1745894503.680644358]: w: -41.489521[0m
[0m[ INFO] [1745894503.680690086]: Publishing motor command - Left: -209.238419, Right: -229.887146[0m
[0m[ INFO] [1745894503.784885272]: Target - x: 2010.000000, y: 1000.000000, phi: 0.000000[0m
[0m[ INFO] [1745894503.785316989]: Current - x: 2046.041626, y: 0.858141, phi: 1.614564[0m
[0m[ INFO] [1745894503.785443550]: Error - x: -36.041626, y: 999.141846[0m
[0m[ INFO] [1745894503.785556223]: error_y: 999.141846[0m
[0m[ INFO] [1745894503.785601504]: w: 4.272242[0m
[0m[ INFO] [1745894503.785654912]: Publishing motor command - Left: -301.410004, Right: -299.283783[0m
[0m[ INFO] [1745894503.880408436]: Target - x: 2010.000000, y: 1000.000000, phi: 0.000000[0m
[0m[ INFO] [1745894503.880510581]: Current - x: 2054.322021, y: 0.850363, phi: 1.506928[0m
[0m[ INFO] [1745894503.880572821]: Error - x: -44.322021, y: 999.149658[0m
[0m[ INFO] [1745894503.880641142]: error_y: 999.149658[0m
[0m[ INFO] [1745894503.880675606]: w: -41.490242[0m
[0m[ INFO] [1745894503.880709783]: Publishing motor command - Left: -359.025635, Right: -379.674713[0m
[0m[ INFO] [1745894503.985143595]: Target - x: 2010.000000, y: 1000.000000, phi: 0.000000[0m
[0m[ INFO] [1745894503.985530703]: Current - x: 2061.794434, y: 0.829306, phi: 1.399293[0m
[0m[ INFO] [1745894503.985684849]: Error - x: -51.794434, y: 999.170715[0m
[0m[ INFO] [1745894503.985754801]: error_y: 999.170715[0m
[0m[ INFO] [1745894503.985833586]: w: 4.272007[0m
[0m[ INFO] [1745894503.985921811]: Publishing motor command - Left: -432.683350, Right: -430.557220[0m
[0m[ INFO] [1745894504.080645798]: Target - x: 2010.000000, y: 1000.000000, phi: 0.000000[0m
[0m[ INFO] [1745894504.080785000]: Current - x: 2068.661133, y: 0.816407, phi: 1.399293[0m
[0m[ INFO] [1745894504.080869513]: Error - x: -58.661133, y: 999.183594[0m
[0m[ INFO] [1745894504.080931721]: error_y: 999.183594[0m
[0m[ INFO] [1745894504.080973674]: w: -41.491062[0m
[0m[ INFO] [1745894504.081034154]: Publishing motor command - Left: -478.518036, Right: -499.167511[0m
[0m[ INFO] [1745894504.184871385]: Target - x: 2010.000000, y: 1000.000000, phi: 0.000000[0m
[0m[ INFO] [1745894504.185312253]: Current - x: 2074.315918, y: 0.816407, phi: 1.399293[0m
[0m[ INFO] [1745894504.185452318]: Error - x: -64.315918, y: 999.183594[0m
[0m[ INFO] [1745894504.185512511]: error_y: 999.183594[0m
[0m[ INFO] [1745894504.186266663]: w: 4.271473[0m
[0m[ INFO] [1745894504.186323655]: Publishing motor command - Left: -537.028870, Right: -534.903076[0m
[0m[ INFO] [1745894504.280536277]: Target - x: 2010.000000, y: 1000.000000, phi: 0.000000[0m
[0m[ INFO] [1745894504.280750679]: Current - x: 2078.557129, y: 0.812423, phi: 1.291657[0m
[0m[ INFO] [1745894504.280832504]: Error - x: -68.557129, y: 999.187561[0m
[0m[ INFO] [1745894504.280871033]: error_y: 999.187561[0m
[0m[ INFO] [1745894504.280903993]: w: -41.491047[0m
[0m[ INFO] [1745894504.280954521]: Publishing motor command - Left: -560.984680, Right: -581.634155[0m
[0m[ INFO] [1745894504.383628444]: Target - x: 2010.000000, y: 1000.000000, phi: 0.000000[0m
[0m[ INFO] [1745894504.383747773]: Current - x: 2082.394287, y: 0.801610, phi: 1.184022[0m
[0m[ INFO] [1745894504.383866495]: Error - x: -72.394287, y: 999.198364[0m
[0m[ INFO] [1745894504.383922399]: error_y: 999.198364[0m
[0m[ INFO] [1745894504.383971776]: w: 4.271356[0m
[0m[ INFO] [1745894504.384018688]: Publishing motor command - Left: -604.348633, Right: -602.222839[0m
[0m[ INFO] [1745894504.480660327]: Target - x: 2010.000000, y: 1000.000000, phi: 0.000000[0m
[0m[ INFO] [1745894504.480787304]: Current - x: 2085.625488, y: 0.795539, phi: 1.184022[0m
[0m[ INFO] [1745894504.480856745]: Error - x: -75.625488, y: 999.204468[0m
[0m[ INFO] [1745894504.480910601]: error_y: 999.204468[0m
[0m[ INFO] [1745894504.480947562]: w: -41.491470[0m
[0m[ INFO] [1745894504.480998922]: Publishing motor command - Left: -619.887573, Right: -640.537231[0m
[0m[ INFO] [1745894504.582102941]: Target - x: 2010.000000, y: 1000.000000, phi: 0.000000[0m
[0m[ INFO] [1745894504.582287679]: Current - x: 2088.250977, y: 0.793073, phi: 1.076386[0m
[0m[ INFO] [1745894504.582384800]: Error - x: -78.250977, y: 999.206909[0m
[0m[ INFO] [1745894504.582458177]: error_y: 999.206909[0m
[0m[ INFO] [1745894504.582516769]: w: 4.271114[0m
[0m[ INFO] [1745894504.582601442]: Publishing motor command - Left: -653.154297, Right: -651.028625[0m
[0m[ INFO] [1745894504.680490901]: Target - x: 2010.000000, y: 1000.000000, phi: 0.000000[0m
[0m[ INFO] [1745894504.680588566]: Current - x: 2089.664795, y: 0.789090, phi: 0.968751[0m
[0m[ INFO] [1745894504.680652343]: Error - x: -79.664795, y: 999.210938[0m
[0m[ INFO] [1745894504.680708951]: error_y: 999.210938[0m
[0m[ INFO] [1745894504.680778712]: w: -41.491554[0m
[0m[ INFO] [1745894504.680823352]: Publishing motor command - Left: -653.548401, Right: -674.198181[0m
[0m[ INFO] [1745894504.785289165]: Target - x: 2010.000000, y: 1000.000000, phi: 0.000000[0m
[0m[ INFO] [1745894504.785615312]: Current - x: 2090.472656, y: 0.787572, phi: 0.968751[0m
[0m[ INFO] [1745894504.785699089]: Error - x: -80.472656, y: 999.212402[0m
[0m[ INFO] [1745894504.785762834]: error_y: 999.212402[0m
[0m[ INFO] [1745894504.785811154]: w: 4.270953[0m
[0m[ INFO] [1745894504.785875859]: Publishing motor command - Left: -671.668274, Right: -669.542664[0m
[0m[ INFO] [1745894504.880478661]: Target - x: 2010.000000, y: 1000.000000, phi: 0.000000[0m
[0m[ INFO] [1745894504.880609318]: Current - x: 2091.078613, y: 0.788141, phi: 1.076392[0m
[0m[ INFO] [1745894504.880653831]: Error - x: -81.078613, y: 999.211853[0m
[0m[ INFO] [1745894504.880713255]: error_y: 999.211853[0m
[0m[ INFO] [1745894504.880767880]: w: -41.491619[0m
[0m[ INFO] [1745894504.880807272]: Publishing motor command - Left: -665.330261, Right: -685.979980[0m
[0m[ INFO] [1745894504.985005562]: Target - x: 2010.000000, y: 1000.000000, phi: 0.000000[0m
[0m[ INFO] [1745894504.985434079]: Current - x: 2091.078613, y: 0.788141, phi: 1.076392[0m
[0m[ INFO] [1745894504.985600992]: Error - x: -81.078613, y: 999.211853[0m
[0m[ INFO] [1745894504.985791618]: error_y: 999.211853[0m
[0m[ INFO] [1745894504.985858051]: w: 4.270977[0m
[0m[ INFO] [1745894504.985923204]: Publishing motor command - Left: -676.717896, Right: -674.592346[0m
[0m[ INFO] [1745894505.080527894]: Target - x: 2010.000000, y: 1000.000000, phi: 0.000000[0m
[0m[ INFO] [1745894505.080892537]: Current - x: 2091.078613, y: 0.788141, phi: 1.076392[0m
[0m[ INFO] [1745894505.080939674]: Error - x: -81.078613, y: 999.211853[0m
[0m[ INFO] [1745894505.081005946]: error_y: 999.211853[0m
[0m[ INFO] [1745894505.081054779]: w: -41.491619[0m
[0m[ INFO] [1745894505.081092603]: Publishing motor command - Left: -665.330261, Right: -685.979980[0m
[0m[ INFO] [1745894505.186639163]: Target - x: 2010.000000, y: 1000.000000, phi: 0.000000[0m
[0m[ INFO] [1745894505.187423363]: Current - x: 2091.078613, y: 0.788141, phi: 1.076392[0m
[0m[ INFO] [1745894505.187650629]: Error - x: -81.078613, y: 999.211853[0m
[0m[ INFO] [1745894505.187728134]: error_y: 999.211853[0m
[0m[ INFO] [1745894505.187789062]: w: 4.270977[0m
[0m[ INFO] [1745894505.187858823]: Publishing motor command - Left: -676.717896, Right: -674.592346[0m
[0m[ INFO] [1745894505.280649863]: Target - x: 2010.000000, y: 1000.000000, phi: 0.000000[0m
[0m[ INFO] [1745894505.280783624]: Current - x: 2091.078613, y: 0.788141, phi: 1.076392[0m
[0m[ INFO] [1745894505.280854537]: Error - x: -81.078613, y: 999.211853[0m
[0m[ INFO] [1745894505.280912810]: error_y: 999.211853[0m
[0m[ INFO] [1745894505.280985450]: w: -41.491619[0m
[0m[ INFO] [1745894505.281029707]: Publishing motor command - Left: -665.330261, Right: -685.979980[0m
[0m[ INFO] [1745894505.384905402]: Target - x: 2010.000000, y: 1000.000000, phi: 0.000000[0m
[0m[ INFO] [1745894505.385422943]: Current - x: 2091.078613, y: 0.788141, phi: 1.076392[0m
[0m[ INFO] [1745894505.385609505]: Error - x: -81.078613, y: 999.211853[0m
[0m[ INFO] [1745894505.385719458]: error_y: 999.211853[0m
[0m[ INFO] [1745894505.385860579]: w: 4.270977[0m
[0m[ INFO] [1745894505.385937316]: Publishing motor command - Left: -676.717896, Right: -674.592346[0m
[0m[ INFO] [1745894505.480543510]: Target - x: 2010.000000, y: 1000.000000, phi: 0.000000[0m
[0m[ INFO] [1745894505.480649815]: Current - x: 2091.078613, y: 0.788141, phi: 1.076392[0m
[0m[ INFO] [1745894505.480698135]: Error - x: -81.078613, y: 999.211853[0m
[0m[ INFO] [1745894505.480740856]: error_y: 999.211853[0m
[0m[ INFO] [1745894505.480831897]: w: -41.491619[0m
[0m[ INFO] [1745894505.480911066]: Publishing motor command - Left: -665.330261, Right: -685.979980[0m
[0m[ INFO] [1745894505.585053739]: Target - x: 2010.000000, y: 1000.000000, phi: 0.000000[0m
[0m[ INFO] [1745894505.585549168]: Current - x: 2091.078613, y: 0.788141, phi: 1.076392[0m
[0m[ INFO] [1745894505.585671089]: Error - x: -81.078613, y: 999.211853[0m
[0m[ INFO] [1745894505.585811635]: error_y: 999.211853[0m
[0m[ INFO] [1745894505.585864147]: w: 4.270977[0m
[0m[ INFO] [1745894505.585927444]: Publishing motor command - Left: -676.717896, Right: -674.592346[0m
[0m[ INFO] [1745894505.680829001]: Target - x: 2010.000000, y: 1000.000000, phi: 0.000000[0m
[0m[ INFO] [1745894505.680975882]: Current - x: 2091.280518, y: 0.787951, phi: 0.968757[0m
[0m[ INFO] [1745894505.681033739]: Error - x: -81.280518, y: 999.212036[0m
[0m[ INFO] [1745894505.681096139]: error_y: 999.212036[0m
[0m[ INFO] [1745894505.681162220]: w: -41.491619[0m
[0m[ INFO] [1745894505.681214285]: Publishing motor command - Left: -667.012756, Right: -687.662537[0m
[0m[ INFO] [1745894505.786872045]: Target - x: 2010.000000, y: 1000.000000, phi: 0.000000[0m
[0m[ INFO] [1745894505.787554132]: Current - x: 2091.280518, y: 0.787951, phi: 0.968757[0m
[0m[ INFO] [1745894505.787752886]: Error - x: -81.280518, y: 999.212036[0m
[0m[ INFO] [1745894505.787891223]: error_y: 999.212036[0m
[0m[ INFO] [1745894505.787960024]: w: 4.270971[0m
[0m[ INFO] [1745894505.789357606]: Publishing motor command - Left: -678.400452, Right: -676.274841[0m
[0m[ INFO] [1745894505.880644311]: Target - x: 2010.000000, y: 1000.000000, phi: 0.000000[0m
[0m[ INFO] [1745894505.880784216]: Current - x: 2091.280518, y: 0.787951, phi: 0.968757[0m
[0m[ INFO] [1745894505.880870041]: Error - x: -81.280518, y: 999.212036[0m
[0m[ INFO] [1745894505.880958138]: error_y: 999.212036[0m
[0m[ INFO] [1745894505.881206877]: w: -41.491619[0m
[0m[ INFO] [1745894505.881257437]: Publishing motor command - Left: -667.012756, Right: -687.662537[0m
[0m[ INFO] [1745894505.986208151]: Target - x: 2010.000000, y: 1000.000000, phi: 0.000000[0m
[0m[ INFO] [1745894505.986768028]: Current - x: 2091.078613, y: 0.788141, phi: 0.861121[0m
[0m[ INFO] [1745894505.986873341]: Error - x: -81.078613, y: 999.211853[0m
[0m[ INFO] [1745894505.987009407]: error_y: 999.211853[0m
[0m[ INFO] [1745894505.987073855]: w: 4.270970[0m
[0m[ INFO] [1745894505.987371042]: Publishing motor command - Left: -676.717896, Right: -674.592346[0m
[0m[ INFO] [1745894506.080768456]: Target - x: 2010.000000, y: 1000.000000, phi: 0.000000[0m
[0m[ INFO] [1745894506.080909834]: Current - x: 2091.078613, y: 0.788141, phi: 0.861121[0m
[0m[ INFO] [1745894506.081010187]: Error - x: -81.078613, y: 999.211853[0m
[0m[ INFO] [1745894506.081087819]: error_y: 999.211853[0m
[0m[ INFO] [1745894506.081134412]: w: -41.491611[0m
[0m[ INFO] [1745894506.081199436]: Publishing motor command - Left: -665.330261, Right: -685.979980[0m
[0m[ INFO] [1745894506.184782232]: Target - x: 2010.000000, y: 1000.000000, phi: 0.000000[0m
[0m[ INFO] [1745894506.185171996]: Current - x: 2090.876465, y: 0.787951, phi: 0.968762[0m
[0m[ INFO] [1745894506.185296861]: Error - x: -80.876465, y: 999.212036[0m
[0m[ INFO] [1745894506.185354846]: error_y: 999.212036[0m
[0m[ INFO] [1745894506.185405087]: w: 4.270971[0m
[0m[ INFO] [1745894506.185461439]: Publishing motor command - Left: -675.033325, Right: -672.907776[0m
[0m[ INFO] [1745894506.281082491]: Target - x: 2010.000000, y: 1000.000000, phi: 0.000000[0m
[0m[ INFO] [1745894506.281243613]: Current - x: 2090.876465, y: 0.787951, phi: 0.968762[0m
[0m[ INFO] [1745894506.281335454]: Error - x: -80.876465, y: 999.212036[0m
[0m[ INFO] [1745894506.281443263]: error_y: 999.212036[0m
[0m[ INFO] [1745894506.281494175]: w: -41.491619[0m
[0m[ INFO] [1745894506.281546336]: Publishing motor command - Left: -663.645691, Right: -684.295410[0m
[0m[ INFO] [1745894506.385504111]: Target - x: 2010.000000, y: 1000.000000, phi: 0.000000[0m
[0m[ INFO] [1745894506.385907059]: Current - x: 2090.270752, y: 0.789659, phi: 0.645825[0m
[0m[ INFO] [1745894506.386039189]: Error - x: -80.270752, y: 999.210327[0m
[0m[ INFO] [1745894506.387613157]: error_y: 999.210327[0m
[0m[ INFO] [1745894506.387702629]: w: 4.270964[0m
[0m[ INFO] [1745894506.388394284]: Publishing motor command - Left: -669.985718, Right: -667.860168[0m
[0m[ INFO] [1745894506.480477477]: Target - x: 2010.000000, y: 1000.000000, phi: 0.000000[0m
[0m[ INFO] [1745894506.480575302]: Current - x: 2089.664795, y: 0.794781, phi: 0.322888[0m
[0m[ INFO] [1745894506.480611398]: Error - x: -79.664795, y: 999.205200[0m
[0m[ INFO] [1745894506.480643495]: error_y: 999.205200[0m
[0m[ INFO] [1745894506.480720584]: w: -41.491570[0m
[0m[ INFO] [1745894506.480793512]: Publishing motor command - Left: -653.548401, Right: -674.198181[0m
[0m[ INFO] [1745894506.581634105]: Target - x: 2010.000000, y: 1000.000000, phi: 0.000000[0m
[0m[ INFO] [1745894506.582069245]: Current - x: 2089.058838, y: 0.799903, phi: -0.000049[0m
[0m[ INFO] [1745894506.582271199]: Error - x: -79.058838, y: 999.200073[0m
[0m[ INFO] [1745894506.582344896]: error_y: 999.200073[0m
[0m[ INFO] [1745894506.582399840]: w: 4.271154[0m
[0m[ INFO] [1745894506.582480993]: Publishing motor command - Left: -659.886475, Right: -657.760803[0m
[0m[ INFO] [1745894506.680531830]: Target - x: 2010.000000, y: 1000.000000, phi: 0.000000[0m
[0m[ INFO] [1745894506.680667223]: Current - x: 2087.443359, y: 0.805974, phi: 0.215234[0m
[0m[ INFO] [1745894506.680715831]: Error - x: -77.443359, y: 999.194031[0m
[0m[ INFO] [1745894506.680797464]: error_y: 999.194031[0m
[0m[ INFO] [1745894506.680843865]: w: -41.491383[0m
[0m[ INFO] [1745894506.680900985]: Publishing motor command - Left: -635.036499, Right: -655.686157[0m
[0m[ INFO] [1745894506.786176118]: Target - x: 2010.000000, y: 1000.000000, phi: 0.000000[0m
[0m[ INFO] [1745894506.932933010]: Current - x: 2086.433594, y: 0.805025, phi: -0.107703[0m
[0m[ INFO] [1745894506.933003442]: Error - x: -76.433594, y: 999.194946[0m
[0m[ INFO] [1745894506.933039443]: error_y: 999.194946[0m
[0m[ INFO] [1745894506.933081971]: w: 4.271409[0m
[0m[ INFO] [1745894506.933143508]: Publishing motor command - Left: -638.009521, Right: -635.883728[0m
[0m[ INFO] [1745894506.935184904]: Target - x: 2010.000000, y: 1000.000000, phi: 0.000000[0m
[0m[ INFO] [1745894506.935283785]: Current - x: 2085.625732, y: 0.809578, phi: -0.107703[0m
[0m[ INFO] [1745894506.935348330]: Error - x: -75.625732, y: 999.190430[0m
[0m[ INFO] [1745894506.935396010]: error_y: 999.190430[0m
[0m[ INFO] [1745894506.935428554]: w: -41.491440[0m
[0m[ INFO] [1745894506.935488811]: Publishing motor command - Left: -619.889587, Right: -640.539246[0m
[0m[ INFO] [1745894506.980709487]: Target - x: 2010.000000, y: 1000.000000, phi: 0.000000[0m
[0m[ INFO] [1745894506.980893617]: Current - x: 2084.615967, y: 0.808629, phi: -0.000062[0m
[0m[ INFO] [1745894506.980979762]: Error - x: -74.615967, y: 999.191345[0m
[0m[ INFO] [1745894506.981108755]: error_y: 999.191345[0m
[0m[ INFO] [1745894506.981155060]: w: 4.271600[0m
[0m[ INFO] [1745894506.981218580]: Publishing motor command - Left: -622.862671, Right: -620.736755[0m
[0m[ INFO] [1745894507.080973178]: Target - x: 2010.000000, y: 1000.000000, phi: 0.000000[0m
[0m[ INFO] [1745894507.081082715]: Current - x: 2082.394287, y: 0.806543, phi: -0.107698[0m
[0m[ INFO] [1745894507.081126715]: Error - x: -72.394287, y: 999.193481[0m
[0m[ INFO] [1745894507.081198844]: error_y: 999.193481[0m
[0m[ INFO] [1745894507.081254493]: w: -41.491470[0m
[0m[ INFO] [1745894507.081317693]: Publishing motor command - Left: -592.960876, Right: -613.610535[0m
[0m[ INFO] [1745894507.180700415]: Target - x: 2010.000000, y: 1000.000000, phi: 0.000000[0m
[0m[ INFO] [1745894507.180868385]: Current - x: 2080.980713, y: 0.810526, phi: -0.215333[0m
[0m[ INFO] [1745894507.180978882]: Error - x: -70.980713, y: 999.189453[0m
[0m[ INFO] [1745894507.181052067]: error_y: 999.189453[0m
[0m[ INFO] [1745894507.181114499]: w: 4.271496[0m
[0m[ INFO] [1745894507.181187524]: Publishing motor command - Left: -592.568909, Right: -590.442993[0m
[0m[ INFO] [1745894507.280345987]: Target - x: 2010.000000, y: 1000.000000, phi: 0.000000[0m
[0m[ INFO] [1745894507.280473573]: Current - x: 2079.163086, y: 0.815648, phi: -0.322969[0m
[0m[ INFO] [1745894507.280542629]: Error - x: -69.163086, y: 999.184326[0m
[0m[ INFO] [1745894507.280625638]: error_y: 999.184326[0m
[0m[ INFO] [1745894507.280659814]: w: -41.491325[0m
[0m[ INFO] [1745894507.280716615]: Publishing motor command - Left: -566.034241, Right: -586.683899[0m
[0m[ INFO] [1745894507.385208476]: Target - x: 2010.000000, y: 1000.000000, phi: 0.000000[0m
[0m[ INFO] [1745894507.385566527]: Current - x: 2076.941406, y: 0.821908, phi: -0.430604[0m
[0m[ INFO] [1745894507.385626400]: Error - x: -66.941406, y: 999.178101[0m
[0m[ INFO] [1745894507.385677377]: error_y: 999.178101[0m
[0m[ INFO] [1745894507.385717089]: w: 4.271683[0m
[0m[ INFO] [1745894507.385765569]: Publishing motor command - Left: -558.908020, Right: -556.782043[0m
[0m[ INFO] [1745894507.481316669]: Target - x: 2010.000000, y: 1000.000000, phi: 0.000000[0m
[0m[ INFO] [1745894507.481420382]: Current - x: 2074.921875, y: 0.829497, phi: -0.645906[0m
[0m[ INFO] [1745894507.481525887]: Error - x: -64.921875, y: 999.170532[0m
[0m[ INFO] [1745894507.481593696]: error_y: 999.170532[0m
[0m[ INFO] [1745894507.481659744]: w: -41.491100[0m
[0m[ INFO] [1745894507.481730529]: Publishing motor command - Left: -530.690857, Right: -551.340393[0m
[0m[ INFO] [1745894492.001263709]: [I2C FOR MOTORS] Now launching this node in namespace: /asc[0m
[0m[ INFO] [1745894492.021094563]: [I2C FOR MOTORS] publish motor duty cycle requests from command line with: rostopic pub --once /asc/set_motor_duty_cycle asclinic_pkg/LeftRightFloat32 "{left: 10.1, right: 10.1}"[0m
[0m[ INFO] [1745894492.021395238]: [I2C FOR MOTORS] Successfully opened named /dev/i2c-1, with file descriptor = 10[0m
[0m[ INFO] [1745894492.021622825]: [I2C FOR MOTORS] Actual acceleration limit = 0.0003125%/ms (after conversation to "internal units")[0m
[0m[ INFO] [1745894492.021768042]: [I2C FOR MOTORS] Actual deceleration limit = 0.0015625%/ms (after conversation to "internal units")[0m
[0m[ INFO] [1745894492.021900779]: [I2C FOR MOTORS] Now initialising SMC with I2C address 13[0m
[0m[ INFO] [1745894492.037488199]: [I2C FOR MOTORS] Now initialising SMC with I2C address 14[0m
[0m[ INFO] [1745894492.061296406]: [I2C FOR MOTORS] Node initialisation complete[0m

[ARUCO DETECTOR] Camera properties upon initialisation:
CV_CAP_PROP_FRAME_HEIGHT : '480.0'
CV_CAP_PROP_FRAME_WIDTH :  '640.0'
CAP_PROP_FPS :             '30.0'
CAP_PROP_FOCUS :           '0.0'
CAP_PROP_AUTOFOCUS :       '0.0'
CAP_PROP_BRIGHTNESS :      '128.0'
CAP_PROP_CONTRAST :        '128.0'
CAP_PROP_SATURATION :      '128.0'
CAP_PROP_BUFFERSIZE :      '4.0'

[ARUCO DETECTOR] Camera properties upon initialisation:
CV_CAP_PROP_FRAME_HEIGHT : '1080.0'
CV_CAP_PROP_FRAME_WIDTH :  '1920.0'
CAP_PROP_FPS :             '5.0'
CAP_PROP_FOCUS :           '0.0'
CAP_PROP_AUTOFOCUS :       '0.0'
CAP_PROP_BRIGHTNESS :      '128.0'
CAP_PROP_CONTRAST :        '128.0'
CAP_PROP_SATURATION :      '128.0'
CAP_PROP_BUFFERSIZE :      '1.0'
[INFO] [1745894494.851621]: [ARUCO DETECTOR] As a double check of the camera properties set, a frame captured just now has dimensions = (1080, 1920, 3)
[INFO] [1745894494.856076]: [ARUCO DETECTOR] publish request from command line to save a single camera image using: rostopic pub --once /asc/request_save_image std_msgs/UInt32 1
[INFO] [1745894494.859437]: [ARUCO DETECTOR] Node initialisation complete
... logging to /home/asc/.ros/log/744c1462-24a3-11f0-b479-d8c0a650f677/roslaunch-asc12-jetson-22668.log
Checking log directory for disk usage. This may take a while.
Press Ctrl-C to interrupt
Done checking log file disk usage. Usage is <1GB.
]2;/home/asc/ASClinic/catkin_ws/src/asclinic_pkg/launch/trajectory.launch
[1mstarted roslaunch server http://asc12-jetson:37351/[0m

SUMMARY
========

PARAMETERS
 * /asc/aruco_detector/aruco_detector_desired_camera_fps: 5
 * /asc/aruco_detector/aruco_detector_desired_camera_frame_height: 1080
 * /asc/aruco_detector/aruco_detector_desired_camera_frame_width: 1920
 * /asc/aruco_detector/aruco_detector_marker_size: 0.25
 * /asc/aruco_detector/aruco_detector_save_image_path: /home/asc/saved_c...
 * /asc/aruco_detector/aruco_detector_should_publish_camera_images: False
 * /asc/aruco_detector/aruco_detector_should_save_all_aruco_images: False
 * /asc/aruco_detector/aruco_detector_should_show_camera_images: False
 * /asc/aruco_detector/aruco_detector_usb_camera_device_number: 0
 * /asc/aruco_detector/aruco_detector_verbosity: 1
 * /asc/encoder_read_multi_threaded/delta_t_for_publishing_encoder_counts: 0.1
 * /asc/encoder_read_multi_threaded/encoder_events_to_monitor: rising
 * /asc/encoder_read_multi_threaded/encoder_read_verbosity: 1
 * /asc/encoder_read_multi_threaded/gpio_chip_number_for_encoder_lines: 1
 * /asc/encoder_read_multi_threaded/line_number_for_left_side_encoder_channel_a: 105
 * /asc/encoder_read_multi_threaded/line_number_for_left_side_encoder_channel_b: 106
 * /asc/encoder_read_multi_threaded/line_number_for_right_side_encoder_channel_a: 84
 * /asc/encoder_read_multi_threaded/line_number_for_right_side_encoder_channel_b: 130
 * /asc/encoder_read_multi_threaded/should_monitor_left_side_encoder_channel_a: True
 * /asc/encoder_read_multi_threaded/should_monitor_left_side_encoder_channel_b: False
 * /asc/encoder_read_multi_threaded/should_monitor_right_side_encoder_channel_a: True
 * /asc/encoder_read_multi_threaded/should_monitor_right_side_encoder_channel_b: False
 * /asc/i2c_for_motors/motor_driver_current_limit_in_milliamps: 5000
 * /asc/i2c_for_motors/motor_driver_left_side_multiplier: 1
 * /asc/i2c_for_motors/motor_driver_max_accel_limit_in_percent_per_millisecond: 0.04
 * /asc/i2c_for_motors/motor_driver_max_decel_limit_in_percent_per_millisecond: 0.16
 * /asc/i2c_for_motors/motor_driver_max_duty_cycle_limit_in_percent: 100.0
 * /asc/i2c_for_motors/motor_driver_right_side_multiplier: 1
 * /asc/i2c_for_motors/motor_driver_verbosity: 1
 * /rosdistro: noetic
 * /rosversion: 1.17.0

NODES
  /
    aruco_positioning (asclinic_pkg/aruco_positioning.py)
    kf_fusion_node (asclinic_pkg/KF.py)
    odomdelta (asclinic_pkg/odomdelta)
    trajectory_generator (asclinic_pkg/trajectory_generator)
    trajectory_tracker (asclinic_pkg/trajectory_tracker)
    velocity_PI_control (asclinic_pkg/velocity_PI_control)
  /asc/
    aruco_detector (asclinic_pkg/aruco_detector.py)
    encoder_read_multi_threaded (asclinic_pkg/encoder_read_multi_threaded)
    i2c_for_motors (asclinic_pkg/i2c_for_motors)

auto-starting new master
[1mprocess[master]: started with pid [22696][0m
[1mROS_MASTER_URI=http://localhost:11311[0m
]2;/home/asc/ASClinic/catkin_ws/src/asclinic_pkg/launch/trajectory.launch http://localhost:11311
[1msetting /run_id to 744c1462-24a3-11f0-b479-d8c0a650f677[0m
[1mprocess[rosout-1]: started with pid [22712][0m
started core service [/rosout]
[1mprocess[asc/i2c_for_motors-2]: started with pid [22719][0m
[1mprocess[asc/encoder_read_multi_threaded-3]: started with pid [22720][0m
[1mprocess[odomdelta-4]: started with pid [22726][0m
[1mprocess[asc/aruco_detector-5]: started with pid [22728][0m
[1mprocess[aruco_positioning-6]: started with pid [22737][0m
[1mprocess[trajectory_tracker-7]: started with pid [22743][0m
[1mprocess[trajectory_generator-8]: started with pid [22744][0m
[1mprocess[velocity_PI_control-9]: started with pid [22745][0m
[1mprocess[kf_fusion_node-10]: started with pid [22748][0m
[1m[trajectory_generator-8] process has finished cleanly
log file: /home/asc/.ros/log/744c1462-24a3-11f0-b479-d8c0a650f677/trajectory_generator-8*.log[0m
[kf_fusion_node-10] killing on exit
[velocity_PI_control-9] killing on exit
[asc/aruco_detector-5] killing on exit
[aruco_positioning-6] killing on exit
[trajectory_tracker-7] killing on exit
[odomdelta-4] killing on exit
[asc/encoder_read_multi_threaded-3] killing on exit
[asc/i2c_for_motors-2] killing on exit
[rosout-1] killing on exit
[master] killing on exit
shutting down processing monitor...
... shutting down processing monitor complete
[1mdone[0m
