[0m[ INFO] [1747893128.416299589]: [1747893128.416] Robot state - x: 0.000000, y: 0.000000, phi: 0.000000[0m
[0m[ INFO] [1747893128.420061991]: [1747893128.420] Reference trajectory - x: 0.000000, y: 0.000000, phi: 0.000000, v: 0.000000, w: 0.000000[0m
[0m[ INFO] [1747893128.420266057]: [1747893128.420] v: 0.000000, w: 0.000000[0m
[0m[ INFO] [1747893128.516516389]: [1747893128.516] Robot state - x: 0.000000, y: 0.000000, phi: 0.000000[0m
[0m[ INFO] [1747893128.516652870]: [1747893128.517] Reference trajectory - x: 0.000000, y: 0.000000, phi: 0.000000, v: 0.000000, w: 0.000000[0m
[0m[ INFO] [1747893128.516711495]: [1747893128.517] v: 0.000000, w: 0.000000[0m
[0m[ INFO] [1747893128.616053183]: [1747893128.616] Robot state - x: 0.000000, y: 0.000000, phi: 0.000000[0m
[0m[ INFO] [1747893128.616216001]: [1747893128.616] Reference trajectory - x: 0.000000, y: 0.000000, phi: 0.000000, v: 0.000000, w: 0.000000[0m
[0m[ INFO] [1747893128.616267233]: [1747893128.616] v: 0.000000, w: 0.000000[0m
[0m[ INFO] [1747893128.716623779]: [1747893128.717] Robot state - x: 0.000000, y: 0.000000, phi: 0.000000[0m
[0m[ INFO] [1747893128.716758596]: [1747893128.717] Reference trajectory - x: 0.000000, y: 0.000000, phi: 0.000000, v: 0.000000, w: 0.000000[0m
[0m[ INFO] [1747893128.716826917]: [1747893128.717] v: 0.000000, w: 0.000000[0m
[0m[ INFO] [1747893128.816931716]: [1747893128.817] Robot state - x: 0.000000, y: 0.000000, phi: 0.000000[0m
[0m[ INFO] [1747893128.817067717]: [1747893128.817] Reference trajectory - x: 0.000000, y: 0.000000, phi: 0.000000, v: 0.000000, w: 0.000000[0m
[0m[ INFO] [1747893128.817130406]: [1747893128.817] v: 0.000000, w: 0.000000[0m
[0m[ INFO] [1747893128.916402206]: [1747893128.916] Robot state - x: 0.000000, y: 0.000000, phi: 0.000000[0m
[0m[ INFO] [1747893128.916631136]: [1747893128.917] Reference trajectory - x: 0.000000, y: 0.000000, phi: 0.000000, v: 0.000000, w: 0.000000[0m
[0m[ INFO] [1747893128.916728705]: [1747893128.917] v: 0.000000, w: 0.000000[0m
[0m[ INFO] [1747893129.016564734]: [1747893129.016] Robot state - x: 0.000000, y: 0.000000, phi: 0.000000[0m
[0m[ INFO] [1747893129.016680543]: [1747893129.017] Reference trajectory - x: 0.000000, y: 0.000000, phi: 0.000000, v: 0.000000, w: 0.000000[0m
[0m[ INFO] [1747893129.016724575]: [1747893129.017] v: 0.000000, w: 0.000000[0m
[0m[ INFO] [1747893129.116982432]: [1747893129.117] Robot state - x: 0.000000, y: 0.000000, phi: 0.000000[0m
[0m[ INFO] [1747893129.117237826]: [1747893129.117] Reference trajectory - x: 0.000000, y: 0.000000, phi: 0.000000, v: 0.000000, w: 0.000000[0m
[0m[ INFO] [1747893129.117378947]: [1747893129.117] v: 0.000000, w: 0.000000[0m
[0m[ INFO] [1747893129.217172895]: [1747893129.217] Robot state - x: 0.000000, y: 0.000000, phi: 0.000000[0m
[0m[ INFO] [1747893129.217406210]: [1747893129.217] Reference trajectory - x: 0.000000, y: 0.000000, phi: 0.000000, v: 0.000000, w: 0.000000[0m
[0m[ INFO] [1747893129.217516451]: [1747893129.217] v: 0.000000, w: 0.000000[0m
[0m[ INFO] [1747893129.316710169]: [1747893129.317] Robot state - x: 0.000000, y: 0.000000, phi: 0.000000[0m
[0m[ INFO] [1747893129.316814842]: [1747893129.317] Reference trajectory - x: 0.000000, y: 0.000000, phi: 0.000000, v: 0.000000, w: 0.000000[0m
[0m[ INFO] [1747893129.316859610]: [1747893129.317] v: 0.000000, w: 0.000000[0m
[0m[ INFO] [1747893129.416408372]: [1747893129.416] Robot state - x: 0.000000, y: 0.000000, phi: 0.000000[0m
[0m[ INFO] [1747893129.416501941]: [1747893129.416] Reference trajectory - x: 0.000000, y: 0.000000, phi: 0.000000, v: 0.000000, w: 0.000000[0m
[0m[ INFO] [1747893129.416590262]: [1747893129.417] v: 0.000000, w: 0.000000[0m
[0m[ INFO] [1747893129.516816854]: [1747893129.517] Robot state - x: 0.000000, y: 0.000000, phi: 0.000000[0m
[0m[ INFO] [1747893129.517007416]: [1747893129.517] Reference trajectory - x: 0.000000, y: 0.000000, phi: 0.000000, v: 0.000000, w: 0.000000[0m
[0m[ INFO] [1747893129.517077945]: [1747893129.517] v: 0.000000, w: 0.000000[0m
[0m[ INFO] [1747893129.616513777]: [1747893129.616] Robot state - x: 0.000000, y: 0.000000, phi: 0.000000[0m
[0m[ INFO] [1747893129.616802356]: [1747893129.617] Reference trajectory - x: 0.000000, y: 0.000000, phi: 0.000000, v: 0.000000, w: 0.000000[0m
[0m[ INFO] [1747893129.616851125]: [1747893129.617] v: 0.000000, w: 0.000000[0m
[0m[ INFO] [1747893129.716354478]: [1747893129.716] Robot state - x: 0.000000, y: 0.000000, phi: 0.000000[0m
[0m[ INFO] [1747893129.716505135]: [1747893129.716] Reference trajectory - x: 0.000000, y: 0.000000, phi: 0.000000, v: 0.000000, w: 0.000000[0m
[0m[ INFO] [1747893129.716616720]: [1747893129.717] v: 0.000000, w: 0.000000[0m
[0m[ INFO] [1747893129.816749616]: [1747893129.817] Robot state - x: 0.000000, y: 0.000000, phi: 0.000000[0m
[0m[ INFO] [1747893129.816917873]: [1747893129.817] Reference trajectory - x: 0.000000, y: 0.000000, phi: 0.000000, v: 0.000000, w: 0.000000[0m
[0m[ INFO] [1747893129.816986002]: [1747893129.817] v: 0.000000, w: 0.000000[0m
[0m[ INFO] [1747893129.916270089]: [1747893129.916] Robot state - x: 0.000000, y: 0.000000, phi: 0.000000[0m
[0m[ INFO] [1747893129.916365514]: [1747893129.916] Reference trajectory - x: 0.000404, y: 0.000000, phi: 0.000000, v: 0.012001, w: 0.000000[0m
[0m[ INFO] [1747893129.916410603]: [1747893129.916] v: 0.013760, w: 0.000000[0m
[0m[ INFO] [1747893130.016235527]: [1747893130.016] Robot state - x: 0.000000, y: 0.000000, phi: 0.000000[0m
[0m[ INFO] [1747893130.016371592]: [1747893130.016] Reference trajectory - x: 0.002486, y: 0.000000, phi: 0.000000, v: 0.029579, w: 0.000000[0m
[0m[ INFO] [1747893130.016425257]: [1747893130.016] v: 0.040536, w: 0.000000[0m
[0m[ INFO] [1747893130.116474823]: [1747893130.116] Robot state - x: 0.000000, y: 0.000000, phi: 0.000000[0m
[0m[ INFO] [1747893130.116623112]: [1747893130.117] Reference trajectory - x: 0.006308, y: 0.000000, phi: 0.000000, v: 0.046801, w: 0.000000[0m
[0m[ INFO] [1747893130.116717577]: [1747893130.117] v: 0.075197, w: 0.000000[0m
[0m[ INFO] [1747893130.215842527]: [1747893130.216] Robot state - x: 0.000000, y: 0.000000, phi: 0.000000[0m
[0m[ INFO] [1747893130.216000576]: [1747893130.216] Reference trajectory - x: 0.011833, y: 0.000000, phi: 0.000000, v: 0.063656, w: 0.000000[0m
[0m[ INFO] [1747893130.216097729]: [1747893130.216] v: 0.118118, w: 0.000000[0m
[0m[ INFO] [1747893130.316209984]: [1747893130.316] Robot state - x: 0.000394, y: -0.000000, phi: -0.000096[0m
[0m[ INFO] [1747893130.316375329]: [1747893130.316] Reference trajectory - x: 0.019032, y: 0.000000, phi: 0.000000, v: 0.080165, w: 0.000000[0m
[0m[ INFO] [1747893130.316430018]: [1747893130.316] v: 0.168015, w: 0.000660[0m
[0m[ INFO] [1747893130.416702690]: [1747893130.417] Robot state - x: 0.001181, y: -0.000000, phi: -0.000287[0m
[0m[ INFO] [1747893130.416849635]: [1747893130.417] Reference trajectory - x: 0.027853, y: 0.000000, phi: 0.000000, v: 0.096294, w: 0.000000[0m
[0m[ INFO] [1747893130.416902020]: [1747893130.417] v: 0.225040, w: 0.001980[0m
[0m[ INFO] [1747893130.516531902]: [1747893130.516] Robot state - x: 0.006490, y: 0.000001, phi: 0.000255[0m
[0m[ INFO] [1747893130.516637311]: [1747893130.517] Reference trajectory - x: 0.038277, y: 0.000000, phi: 0.000000, v: 0.112076, w: 0.000000[0m
[0m[ INFO] [1747893130.516729504]: [1747893130.517] v: 0.271537, w: -0.001764[0m
[0m[ INFO] [1747893130.616401370]: [1747893130.616] Robot state - x: 0.015342, y: -0.000003, phi: -0.000064[0m
[0m[ INFO] [1747893130.616536988]: [1747893130.617] Reference trajectory - x: 0.050259, y: 0.000000, phi: 0.000000, v: 0.127495, w: 0.000000[0m
[0m[ INFO] [1747893130.616615356]: [1747893130.617] v: 0.310646, w: 0.000455[0m
[0m[ INFO] [1747893130.722001068]: [1747893130.722] Robot state - x: 0.026354, y: 0.000005, phi: 0.000923[0m
[0m[ INFO] [1747893130.722111629]: [1747893130.722] Reference trajectory - x: 0.063761, y: 0.000000, phi: 0.000000, v: 0.142550, w: 0.000000[0m
[0m[ INFO] [1747893130.722158413]: [1747893130.722] v: 0.347590, w: -0.006403[0m
[0m[ INFO] [1747893130.816740025]: [1747893130.817] Robot state - x: 0.040323, y: -0.000007, phi: -0.000637[0m
[0m[ INFO] [1747893130.817025563]: [1747893130.817] Reference trajectory - x: 0.078767, y: 0.000000, phi: 0.000000, v: 0.157260, w: 0.000000[0m
[0m[ INFO] [1747893130.817166877]: [1747893130.817] v: 0.378646, w: 0.004431[0m
[0m[ INFO] [1747893130.916281106]: [1747893130.916] Robot state - x: 0.057240, y: 0.000005, phi: -0.001083[0m
[0m[ INFO] [1747893130.916378867]: [1747893130.916] Reference trajectory - x: 0.095200, y: 0.000000, phi: 0.000000, v: 0.171588, w: 0.000000[0m
[0m[ INFO] [1747893130.916422995]: [1747893130.916] v: 0.403025, w: 0.007455[0m
[0m[ INFO] [1747893131.018449540]: [1747893131.018] Robot state - x: 0.076529, y: -0.000052, phi: -0.005763[0m
[0m[ INFO] [1747893131.018989289]: [1747893131.019] Reference trajectory - x: 0.113086, y: 0.000000, phi: 0.000000, v: 0.185585, w: 0.000000[0m
[0m[ INFO] [1747893131.019110730]: [1747893131.019] v: 0.422914, w: 0.040066[0m
[0m[ INFO] [1747893131.116407790]: [1747893131.116] Robot state - x: 0.097584, y: -0.000110, phi: -0.009043[0m
[0m[ INFO] [1747893131.116531983]: [1747893131.117] Reference trajectory - x: 0.132299, y: 0.000000, phi: 0.000000, v: 0.199182, w: 0.000000[0m
[0m[ INFO] [1747893131.116576944]: [1747893131.117] v: 0.440045, w: 0.063017[0m
[0m[ INFO] [1747893131.216215274]: [1747893131.216] Robot state - x: 0.120798, y: -0.000266, phi: -0.011017[0m
[0m[ INFO] [1747893131.216370219]: [1747893131.216] Reference trajectory - x: 0.152881, y: 0.000000, phi: 0.000000, v: 0.212440, w: 0.000000[0m
[0m[ INFO] [1747893131.216419595]: [1747893131.216] v: 0.452814, w: 0.077448[0m
[0m[ INFO] [1747893131.318552604]: [1747893131.318] Robot state - x: 0.145789, y: -0.000545, phi: -0.015252[0m
[0m[ INFO] [1747893131.318683870]: [1747893131.319] Reference trajectory - x: 0.174785, y: 0.000000, phi: 0.000000, v: 0.225345, w: 0.000000[0m
[0m[ INFO] [1747893131.318794591]: [1747893131.319] v: 0.462416, w: 0.108139[0m
[0m[ INFO] [1747893131.416986603]: [1747893131.417] Robot state - x: 0.172141, y: -0.000823, phi: -0.014329[0m
[0m[ INFO] [1747893131.417115980]: [1747893131.417] Reference trajectory - x: 0.197945, y: 0.000000, phi: 0.000000, v: 0.237881, w: 0.000000[0m
[0m[ INFO] [1747893131.417242830]: [1747893131.417] v: 0.470215, w: 0.103279[0m
[0m[ INFO] [1747893131.520452329]: [1747893131.520] Robot state - x: 0.199673, y: -0.001235, phi: -0.013692[0m
[0m[ INFO] [1747893131.520668075]: [1747893131.521] Reference trajectory - x: 0.222371, y: 0.000000, phi: 0.000000, v: 0.250071, w: 0.000000[0m
[0m[ INFO] [1747893131.520764075]: [1747893131.521] v: 0.477033, w: 0.101131[0m
[0m[ INFO] [1747893131.622880348]: [1747893131.623] Robot state - x: 0.228194, y: -0.001664, phi: -0.015125[0m
[0m[ INFO] [1747893131.622975389]: [1747893131.623] Reference trajectory - x: 0.248002, y: 0.000000, phi: 0.000000, v: 0.261903, w: 0.000000[0m
[0m[ INFO] [1747893131.623045950]: [1747893131.623] v: 0.483455, w: 0.113498[0m
[0m[ INFO] [1747893131.724870348]: [1747893131.724] Robot state - x: 0.258482, y: -0.002079, phi: -0.015157[0m
[0m[ INFO] [1747893131.725168495]: [1747893131.725] Reference trajectory - x: 0.274713, y: 0.000000, phi: 0.000000, v: 0.273337, w: 0.000000[0m
[0m[ INFO] [1747893131.725281200]: [1747893131.725] v: 0.485568, w: 0.116255[0m
[0m[ INFO] [1747893131.823165945]: [1747893131.823] Robot state - x: 0.289162, y: -0.002545, phi: -0.015284[0m
[0m[ INFO] [1747893131.823655998]: [1747893131.824] Reference trajectory - x: 0.302597, y: 0.000000, phi: 0.000000, v: 0.284433, w: 0.000000[0m
[0m[ INFO] [1747893131.823736863]: [1747893131.824] v: 0.489614, w: 0.120049[0m
[0m[ INFO] [1747893131.924157856]: [1747893131.924] Robot state - x: 0.320429, y: -0.002994, phi: -0.013724[0m
[0m[ INFO] [1747893131.924262977]: [1747893131.924] Reference trajectory - x: 0.331601, y: 0.000000, phi: 0.000000, v: 0.295178, w: 0.000000[0m
[0m[ INFO] [1747893131.924307393]: [1747893131.924] v: 0.494751, w: 0.112252[0m
[0m[ INFO] [1747893132.023867610]: [1747893132.024] Robot state - x: 0.353269, y: -0.003477, phi: -0.012546[0m
[0m[ INFO] [1747893132.024516192]: [1747893132.024] Reference trajectory - x: 0.361649, y: 0.000000, phi: 0.000000, v: 0.305559, w: 0.000000[0m
[0m[ INFO] [1747893132.025113062]: [1747893132.025] v: 0.496499, w: 0.107397[0m
[0m[ INFO] [1747893132.116531507]: [1747893132.116] Robot state - x: 0.386312, y: -0.003942, phi: -0.013246[0m
[0m[ INFO] [1747893132.116629524]: [1747893132.117] Reference trajectory - x: 0.392681, y: 0.000000, phi: 0.000000, v: 0.315568, w: 0.000000[0m
[0m[ INFO] [1747893132.116734229]: [1747893132.117] v: 0.500397, w: 0.115588[0m
[0m[ INFO] [1747893132.223722323]: [1747893132.223] Robot state - x: 0.420334, y: -0.004354, phi: -0.012355[0m
[0m[ INFO] [1747893132.224314904]: [1747893132.224] Reference trajectory - x: 0.424728, y: 0.000000, phi: 0.000000, v: 0.325228, w: 0.000000[0m
[0m[ INFO] [1747893132.224545050]: [1747893132.224] v: 0.503466, w: 0.112669[0m
[0m[ INFO] [1747893132.318412670]: [1747893132.318] Robot state - x: 0.455144, y: -0.004803, phi: -0.011654[0m
[0m[ INFO] [1747893132.319245094]: [1747893132.319] Reference trajectory - x: 0.457705, y: 0.000000, phi: 0.000000, v: 0.334522, w: 0.000000[0m
[0m[ INFO] [1747893132.319395911]: [1747893132.319] v: 0.506166, w: 0.111380[0m
[0m[ INFO] [1747893132.418129593]: [1747893132.418] Robot state - x: 0.490146, y: -0.005192, phi: -0.009171[0m
[0m[ INFO] [1747893132.418239386]: [1747893132.418] Reference trajectory - x: 0.491634, y: 0.000000, phi: 0.000000, v: 0.343467, w: 0.000000[0m
[0m[ INFO] [1747893132.418340826]: [1747893132.418] v: 0.511246, w: 0.097625[0m
[0m[ INFO] [1747893132.516676520]: [1747893132.517] Robot state - x: 0.526338, y: -0.005640, phi: -0.010635[0m
[0m[ INFO] [1747893132.516817609]: [1747893132.517] Reference trajectory - x: 0.526416, y: 0.000000, phi: 0.000000, v: 0.352046, w: 0.000000[0m
[0m[ INFO] [1747893132.516865226]: [1747893132.517] v: 0.514151, w: 0.111557[0m
[0m[ INFO] [1747893132.771842848]: [1747893132.772] Robot state - x: 0.563309, y: -0.005942, phi: -0.008629[0m
[0m[ INFO] [1747893132.772009537]: [1747893132.772] Reference trajectory - x: 0.598421, y: 0.000000, phi: 0.000000, v: 0.368115, w: 0.000000[0m
[0m[ INFO] [1747893132.772059202]: [1747893132.772] v: 0.682876, w: 0.100945[0m
[0m[ INFO] [1747893132.773627536]: [1747893132.774] Robot state - x: 0.600481, y: -0.006335, phi: -0.008502[0m
[0m[ INFO] [1747893132.773706545]: [1747893132.774] Reference trajectory - x: 0.598421, y: 0.000000, phi: 0.000000, v: 0.368115, w: 0.000000[0m
[0m[ INFO] [1747893132.773762578]: [1747893132.774] v: 0.532034, w: 0.103847[0m
[0m[ INFO] [1747893132.815992952]: [1747893132.816] Robot state - x: 0.639036, y: -0.006784, phi: -0.010540[0m
[0m[ INFO] [1747893132.816172890]: [1747893132.816] Reference trajectory - x: 0.635612, y: 0.000000, phi: 0.000000, v: 0.375613, w: 0.000000[0m
[0m[ INFO] [1747893132.816256219]: [1747893132.816] v: 0.532940, w: 0.122104[0m
[0m[ INFO] [1747893132.923397753]: [1747893132.923] Robot state - x: 0.676794, y: -0.007071, phi: -0.008725[0m
[0m[ INFO] [1747893132.923547739]: [1747893132.923] Reference trajectory - x: 0.673588, y: 0.000000, phi: 0.000000, v: 0.382762, w: 0.000000[0m
[0m[ INFO] [1747893132.923622140]: [1747893132.924] v: 0.539951, w: 0.113100[0m
[0m[ INFO] [1747893133.023336790]: [1747893133.023] Robot state - x: 0.715541, y: -0.007485, phi: -0.008980[0m
[0m[ INFO] [1747893133.023470679]: [1747893133.023] Reference trajectory - x: 0.712198, y: 0.000000, phi: 0.000000, v: 0.389538, w: 0.000000[0m
[0m[ INFO] [1747893133.023516471]: [1747893133.023] v: 0.545122, w: 0.119097[0m
[0m[ INFO] [1747893133.117285306]: [1747893133.117] Robot state - x: 0.755661, y: -0.007810, phi: -0.007738[0m
[0m[ INFO] [1747893133.117420315]: [1747893133.117] Reference trajectory - x: 0.751436, y: 0.000000, phi: 0.000000, v: 0.395950, w: 0.000000[0m
[0m[ INFO] [1747893133.117487484]: [1747893133.117] v: 0.546631, w: 0.114459[0m
[0m[ INFO] [1747893133.216801330]: [1747893133.217] Robot state - x: 0.797164, y: -0.008202, phi: -0.008661[0m
[0m[ INFO] [1747893133.217129717]: [1747893133.217] Reference trajectory - x: 0.791351, y: 0.000000, phi: 0.000000, v: 0.402010, w: 0.000000[0m
[0m[ INFO] [1747893133.217200662]: [1747893133.217] v: 0.544439, w: 0.125205[0m
[0m[ INFO] [1747893133.316321130]: [1747893133.316] Robot state - x: 0.838667, y: -0.008542, phi: -0.009584[0m
[0m[ INFO] [1747893133.316473612]: [1747893133.316] Reference trajectory - x: 0.831817, y: 0.000000, phi: 0.000000, v: 0.407705, w: 0.000000[0m
[0m[ INFO] [1747893133.316549388]: [1747893133.317] v: 0.543779, w: 0.135826[0m
[0m[ INFO] [1747893133.424746068]: [1747893133.425] Robot state - x: 0.880553, y: -0.008849, phi: -0.006942[0m
[0m[ INFO] [1747893133.424944374]: [1747893133.425] Reference trajectory - x: 0.872888, y: 0.000000, phi: 0.000000, v: 0.413047, w: 0.000000[0m
[0m[ INFO] [1747893133.425004119]: [1747893133.425] v: 0.543402, w: 0.121759[0m
[0m[ INFO] [1747893133.516364579]: [1747893133.516] Robot state - x: 0.923237, y: -0.009284, phi: -0.008152[0m
[0m[ INFO] [1747893133.516520581]: [1747893133.516] Reference trajectory - x: 0.914436, y: 0.000000, phi: 0.000000, v: 0.418025, w: 0.000000[0m
[0m[ INFO] [1747893133.516620102]: [1747893133.517] v: 0.541008, w: 0.135022[0m
[0m[ INFO] [1747893133.616186398]: [1747893133.616] Robot state - x: 0.965719, y: -0.009565, phi: -0.007483[0m
[0m[ INFO] [1747893133.616329312]: [1747893133.616] Reference trajectory - x: 0.956451, y: 0.000000, phi: 0.000000, v: 0.422640, w: 0.000000[0m
[0m[ INFO] [1747893133.616405344]: [1747893133.616] v: 0.540803, w: 0.134698[0m
[0m[ INFO] [1747893133.716801312]: [1747893133.717] Robot state - x: 1.008787, y: -0.009865, phi: -0.005127[0m
[0m[ INFO] [1747893133.716940930]: [1747893133.717] Reference trajectory - x: 0.998927, y: 0.000000, phi: 0.000000, v: 0.426898, w: 0.000000[0m
[0m[ INFO] [1747893133.717003618]: [1747893133.717] v: 0.539551, w: 0.122899[0m
[0m[ INFO] [1747893133.823499195]: [1747893133.823] Robot state - x: 1.051864, y: -0.010216, phi: -0.006432[0m
[0m[ INFO] [1747893133.823628860]: [1747893133.824] Reference trajectory - x: 1.041827, y: 0.000000, phi: 0.000000, v: 0.430798, w: 0.000000[0m
[0m[ INFO] [1747893133.823720317]: [1747893133.824] v: 0.539563, w: 0.136734[0m
[0m[ INFO] [1747893133.918652042]: [1747893133.918] Robot state - x: 1.095528, y: -0.010431, phi: -0.006050[0m
[0m[ INFO] [1747893133.918760843]: [1747893133.919] Reference trajectory - x: 1.085108, y: 0.000000, phi: 0.000000, v: 0.434338, w: 0.000000[0m
[0m[ INFO] [1747893133.918859276]: [1747893133.919] v: 0.538261, w: 0.138369[0m
[0m[ INFO] [1747893134.018666951]: [1747893134.019] Robot state - x: 1.139384, y: -0.010666, phi: -0.003885[0m
[0m[ INFO] [1747893134.018819944]: [1747893134.019] Reference trajectory - x: 1.128717, y: 0.000000, phi: 0.000000, v: 0.437517, w: 0.000000[0m
[0m[ INFO] [1747893134.018881513]: [1747893134.019] v: 0.537070, w: 0.127846[0m
[0m[ INFO] [1747893134.124849084]: [1747893134.125] Robot state - x: 1.183642, y: -0.010969, phi: -0.005477[0m
[0m[ INFO] [1747893134.125287904]: [1747893134.125] Reference trajectory - x: 1.172607, y: 0.000000, phi: 0.000000, v: 0.440334, w: 0.000000[0m
[0m[ INFO] [1747893134.125496290]: [1747893134.125] v: 0.534908, w: 0.143684[0m
[0m[ INFO] [1747893134.221462553]: [1747893134.221] Robot state - x: 1.227700, y: -0.011134, phi: -0.005190[0m
[0m[ INFO] [1747893134.221697563]: [1747893134.222] Reference trajectory - x: 1.216763, y: 0.000000, phi: 0.000000, v: 0.442792, w: 0.000000[0m
[0m[ INFO] [1747893134.221793308]: [1747893134.222] v: 0.534305, w: 0.145971[0m
[0m[ INFO] [1747893134.319085151]: [1747893134.319] Robot state - x: 1.272343, y: -0.011334, phi: -0.003216[0m
[0m[ INFO] [1747893134.319270145]: [1747893134.319] Reference trajectory - x: 1.261155, y: 0.000000, phi: 0.000000, v: 0.444891, w: 0.000000[0m
[0m[ INFO] [1747893134.319353601]: [1747893134.319] v: 0.531852, w: 0.136825[0m
[0m[ INFO] [1747893134.419010362]: [1747893134.418] Robot state - x: 1.316592, y: -0.011518, phi: -0.001146[0m
[0m[ INFO] [1747893134.420434151]: [1747893134.420] Reference trajectory - x: 1.305717, y: 0.000000, phi: 0.000000, v: 0.446628, w: 0.000000[0m
[0m[ INFO] [1747893134.420747306]: [1747893134.421] v: 0.531414, w: 0.127002[0m
[0m[ INFO] [1747893134.516228029]: [1747893134.516] Robot state - x: 1.361831, y: -0.011663, phi: -0.001146[0m
[0m[ INFO] [1747893134.516376158]: [1747893134.516] Reference trajectory - x: 1.350428, y: 0.000000, phi: 0.000000, v: 0.448005, w: 0.000000[0m
[0m[ INFO] [1747893134.516442559]: [1747893134.516] v: 0.527050, w: 0.131349[0m
[0m[ INFO] [1747893134.617857320]: [1747893134.618] Robot state - x: 1.406676, y: -0.011713, phi: -0.001051[0m
[0m[ INFO] [1747893134.618071050]: [1747893134.618] Reference trajectory - x: 1.395295, y: 0.000000, phi: 0.000000, v: 0.449024, w: 0.000000[0m
[0m[ INFO] [1747893134.618139146]: [1747893134.618] v: 0.524561, w: 0.134615[0m
[0m[ INFO] [1747893134.718297512]: [1747893134.718] Robot state - x: 1.451511, y: -0.011680, phi: 0.002707[0m
[0m[ INFO] [1747893134.718820141]: [1747893134.719] Reference trajectory - x: 1.440243, y: 0.000000, phi: 0.000000, v: 0.449682, w: 0.000000[0m
[0m[ INFO] [1747893134.718921358]: [1747893134.719] v: 0.522111, w: 0.112204[0m
[0m[ INFO] [1747893134.820788475]: [1747893134.820] Robot state - x: 1.496558, y: -0.011767, phi: 0.000923[0m
[0m[ INFO] [1747893134.821100926]: [1747893134.821] Reference trajectory - x: 1.485232, y: 0.000000, phi: 0.000000, v: 0.449981, w: 0.000000[0m
[0m[ INFO] [1747893134.821208383]: [1747893134.821] v: 0.518594, w: 0.128640[0m
[0m[ INFO] [1747893134.918080766]: [1747893134.918] Robot state - x: 1.541797, y: -0.011645, phi: 0.000923[0m
[0m[ INFO] [1747893134.918463009]: [1747893134.918] Reference trajectory - x: 1.530211, y: 0.000000, phi: 0.000000, v: 0.449919, w: 0.000000[0m
[0m[ INFO] [1747893134.918571970]: [1747893134.919] v: 0.513816, w: 0.131768[0m
[0m[ INFO] [1747893135.018014713]: [1747893135.018] Robot state - x: 1.586834, y: -0.011561, phi: 0.002802[0m
[0m[ INFO] [1747893135.018155867]: [1747893135.018] Reference trajectory - x: 1.575195, y: 0.000000, phi: 0.000000, v: 0.449497, w: 0.000000[0m
[0m[ INFO] [1747893135.018205563]: [1747893135.018] v: 0.509503, w: 0.122066[0m
[0m[ INFO] [1747893135.118434457]: [1747893135.118] Robot state - x: 1.631679, y: -0.011517, phi: 0.002898[0m
[0m[ INFO] [1747893135.118604410]: [1747893135.119] Reference trajectory - x: 1.620132, y: 0.000000, phi: 0.000000, v: 0.448715, w: 0.000000[0m
[0m[ INFO] [1747893135.118674555]: [1747893135.119] v: 0.505440, w: 0.124851[0m
[0m[ INFO] [1747893135.217443211]: [1747893135.217] Robot state - x: 1.676726, y: -0.011431, phi: 0.001115[0m
[0m[ INFO] [1747893135.217599565]: [1747893135.218] Reference trajectory - x: 1.664962, y: 0.000000, phi: 0.000000, v: 0.447572, w: 0.000000[0m
[0m[ INFO] [1747893135.217670605]: [1747893135.218] v: 0.499697, w: 0.140395[0m
[0m[ INFO] [1747893135.317777418]: [1747893135.318] Robot state - x: 1.721561, y: -0.011217, phi: 0.004872[0m
[0m[ INFO] [1747893135.317939244]: [1747893135.318] Reference trajectory - x: 1.709624, y: 0.000000, phi: 0.000000, v: 0.446071, w: 0.000000[0m
[0m[ INFO] [1747893135.318027052]: [1747893135.318] v: 0.493725, w: 0.117017[0m
[0m[ INFO] [1747893135.417216033]: [1747893135.417] Robot state - x: 1.766215, y: -0.011205, phi: 0.003184[0m
[0m[ INFO] [1747893135.417483683]: [1747893135.417] Reference trajectory - x: 1.754122, y: 0.000000, phi: 0.000000, v: 0.444210, w: 0.000000[0m
[0m[ INFO] [1747893135.417587236]: [1747893135.418] v: 0.487412, w: 0.132164[0m
[0m[ INFO] [1747893135.516427765]: [1747893135.516] Robot state - x: 1.810666, y: -0.010984, phi: 0.003375[0m
[0m[ INFO] [1747893135.516597015]: [1747893135.517] Reference trajectory - x: 1.798421, y: 0.000000, phi: 0.000000, v: 0.441989, w: 0.000000[0m
[0m[ INFO] [1747893135.516679735]: [1747893135.517] v: 0.480703, w: 0.133318[0m
[0m[ INFO] [1747893135.617967167]: [1747893135.618] Robot state - x: 1.855309, y: -0.010798, phi: 0.005350[0m
[0m[ INFO] [1747893135.618211169]: [1747893135.618] Reference trajectory - x: 1.842511, y: 0.000000, phi: 0.000000, v: 0.439407, w: 0.000000[0m
[0m[ INFO] [1747893135.618291074]: [1747893135.618] v: 0.471838, w: 0.122252[0m
[0m[ INFO] [1747893135.719034980]: [1747893135.719] Robot state - x: 1.898973, y: -0.010642, phi: 0.005732[0m
[0m[ INFO] [1747893135.719158054]: [1747893135.719] Reference trajectory - x: 1.886336, y: 0.000000, phi: 0.000000, v: 0.436463, w: 0.000000[0m
[0m[ INFO] [1747893135.719216166]: [1747893135.719] v: 0.465549, w: 0.122273[0m
[0m[ INFO] [1747893135.824565395]: [1747893135.824] Robot state - x: 1.942636, y: -0.010401, phi: 0.006114[0m
[0m[ INFO] [1747893135.824758037]: [1747893135.825] Reference trajectory - x: 1.929790, y: 0.000000, phi: 0.000000, v: 0.433163, w: 0.000000[0m
[0m[ INFO] [1747893135.824825654]: [1747893135.825] v: 0.457340, w: 0.121828[0m
[0m[ INFO] [1747893135.917477485]: [1747893135.917] Robot state - x: 1.986098, y: -0.010102, phi: 0.008375[0m
[0m[ INFO] [1747893135.917632559]: [1747893135.918] Reference trajectory - x: 1.972929, y: 0.000000, phi: 0.000000, v: 0.429501, w: 0.000000[0m
[0m[ INFO] [1747893135.917716528]: [1747893135.918] v: 0.448214, w: 0.108055[0m
[0m[ INFO] [1747893136.016497184]: [1747893136.016] Robot state - x: 2.028782, y: -0.009867, phi: 0.007165[0m
[0m[ INFO] [1747893136.016637153]: [1747893136.017] Reference trajectory - x: 2.015667, y: 0.000000, phi: 0.000000, v: 0.425481, w: 0.000000[0m
[0m[ INFO] [1747893136.016706082]: [1747893136.017] v: 0.440262, w: 0.118470[0m
[0m[ INFO] [1747893136.117348451]: [1747893136.117] Robot state - x: 2.071264, y: -0.009497, phi: 0.007833[0m
[0m[ INFO] [1747893136.117470372]: [1747893136.117] Reference trajectory - x: 2.058017, y: 0.000000, phi: 0.000000, v: 0.421097, w: 0.000000[0m
[0m[ INFO] [1747893136.117534021]: [1747893136.118] v: 0.431152, w: 0.115179[0m
[0m[ INFO] [1747893136.218676875]: [1747893136.219] Robot state - x: 2.113544, y: -0.009140, phi: 0.010381[0m
[0m[ INFO] [1747893136.218862700]: [1747893136.219] Reference trajectory - x: 2.099936, y: 0.000000, phi: 0.000000, v: 0.416350, w: 0.000000[0m
[0m[ INFO] [1747893136.218932813]: [1747893136.219] v: 0.420645, w: 0.098858[0m
[0m[ INFO] [1747893136.324510236]: [1747893136.324] Robot state - x: 2.155047, y: -0.008834, phi: 0.009457[0m
[0m[ INFO] [1747893136.324637341]: [1747893136.325] Reference trajectory - x: 2.141310, y: 0.000000, phi: 0.000000, v: 0.411249, w: 0.000000[0m
[0m[ INFO] [1747893136.324709534]: [1747893136.325] v: 0.410679, w: 0.106646[0m
[0m[ INFO] [1747893136.417994171]: [1747893136.417] Robot state - x: 2.195954, y: -0.008388, phi: 0.010508[0m
[0m[ INFO] [1747893136.418412351]: [1747893136.418] Reference trajectory - x: 2.182122, y: 0.000000, phi: 0.000000, v: 0.405793, w: 0.000000[0m
[0m[ INFO] [1747893136.418601152]: [1747893136.419] v: 0.400468, w: 0.100020[0m
[0m[ INFO] [1747893136.525190809]: [1747893136.525] Robot state - x: 2.236669, y: -0.008018, phi: 0.009776[0m
[0m[ INFO] [1747893136.525320090]: [1747893136.525] Reference trajectory - x: 2.222432, y: 0.000000, phi: 0.000000, v: 0.399969, w: 0.000000[0m
[0m[ INFO] [1747893136.525365722]: [1747893136.525] v: 0.388501, w: 0.105940[0m
[0m[ INFO] [1747893136.618345173]: [1747893136.618] Robot state - x: 2.276788, y: -0.007572, phi: 0.011017[0m
[0m[ INFO] [1747893136.618483286]: [1747893136.618] Reference trajectory - x: 2.262134, y: 0.000000, phi: 0.000000, v: 0.393785, w: 0.000000[0m
[0m[ INFO] [1747893136.618549398]: [1747893136.619] v: 0.375999, w: 0.097735[0m
[0m[ INFO] [1747893136.719421082]: [1747893136.719] Robot state - x: 2.315929, y: -0.007196, phi: 0.010667[0m
[0m[ INFO] [1747893136.719547483]: [1747893136.719] Reference trajectory - x: 2.301186, y: 0.000000, phi: 0.000000, v: 0.387243, w: 0.000000[0m
[0m[ INFO] [1747893136.719617436]: [1747893136.720] v: 0.364438, w: 0.100729[0m
[0m[ INFO] [1747893136.823960991]: [1747893136.824] Robot state - x: 2.354282, y: -0.006776, phi: 0.010508[0m
[0m[ INFO] [1747893136.824291266]: [1747893136.824] Reference trajectory - x: 2.339568, y: 0.000000, phi: 0.000000, v: 0.380341, w: 0.000000[0m
[0m[ INFO] [1747893136.824353987]: [1747893136.824] v: 0.353000, w: 0.102073[0m
[0m[ INFO] [1747893136.917964803]: [1747893136.917] Robot state - x: 2.392635, y: -0.006370, phi: 0.010349[0m
[0m[ INFO] [1747893136.918426055]: [1747893136.918] Reference trajectory - x: 2.377216, y: 0.000000, phi: 0.000000, v: 0.373085, w: 0.000000[0m
[0m[ INFO] [1747893136.918551368]: [1747893136.919] v: 0.338020, w: 0.103349[0m
[0m[ INFO] [1747893137.017845981]: [1747893137.018] Robot state - x: 2.429413, y: -0.005980, phi: 0.010572[0m
[0m[ INFO] [1747893137.018025183]: [1747893137.018] Reference trajectory - x: 2.414229, y: 0.000000, phi: 0.000000, v: 0.365445, w: 0.000000[0m
[0m[ INFO] [1747893137.018121760]: [1747893137.018] v: 0.326525, w: 0.101933[0m
[0m[ INFO] [1747893137.120891956]: [1747893137.121] Robot state - x: 2.465596, y: -0.005565, phi: 0.012769[0m
[0m[ INFO] [1747893137.121048182]: [1747893137.121] Reference trajectory - x: 2.450345, y: 0.000000, phi: 0.000000, v: 0.357470, w: 0.000000[0m
[0m[ INFO] [1747893137.121115350]: [1747893137.121] v: 0.313458, w: 0.086640[0m
[0m[ INFO] [1747893137.219656996]: [1747893137.220] Robot state - x: 2.501193, y: -0.005180, phi: 0.013278[0m
[0m[ INFO] [1747893137.219855461]: [1747893137.220] Reference trajectory - x: 2.485677, y: 0.000000, phi: 0.000000, v: 0.349128, w: 0.000000[0m
[0m[ INFO] [1747893137.219926822]: [1747893137.220] v: 0.299137, w: 0.083015[0m
[0m[ INFO] [1747893137.320503078]: [1747893137.320] Robot state - x: 2.535811, y: -0.004757, phi: 0.012196[0m
[0m[ INFO] [1747893137.320871850]: [1747893137.321] Reference trajectory - x: 2.520124, y: 0.000000, phi: 0.000000, v: 0.340435, w: 0.000000[0m
[0m[ INFO] [1747893137.320992907]: [1747893137.321] v: 0.284792, w: 0.090082[0m
[0m[ INFO] [1747893137.425011083]: [1747893137.425] Robot state - x: 2.569440, y: -0.004294, phi: 0.013183[0m
[0m[ INFO] [1747893137.425157388]: [1747893137.425] Reference trajectory - x: 2.553709, y: 0.000000, phi: 0.000000, v: 0.331375, w: 0.000000[0m
[0m[ INFO] [1747893137.425238541]: [1747893137.425] v: 0.270582, w: 0.082525[0m
[0m[ INFO] [1747893137.519134959]: [1747893137.519] Robot state - x: 2.602281, y: -0.003874, phi: 0.014361[0m
[0m[ INFO] [1747893137.519315377]: [1747893137.519] Reference trajectory - x: 2.586403, y: 0.000000, phi: 0.000000, v: 0.321946, w: 0.000000[0m
[0m[ INFO] [1747893137.519460306]: [1747893137.519] v: 0.255537, w: 0.073710[0m
[0m[ INFO] [1747893137.621225182]: [1747893137.621] Robot state - x: 2.634144, y: -0.003460, phi: 0.013947[0m
[0m[ INFO] [1747893137.621364191]: [1747893137.621] Reference trajectory - x: 2.618112, y: 0.000000, phi: 0.000000, v: 0.312164, w: 0.000000[0m
[0m[ INFO] [1747893137.621425727]: [1747893137.621] v: 0.240065, w: 0.075793[0m
[0m[ INFO] [1747893137.716306443]: [1747893137.716] Robot state - x: 2.664824, y: -0.003022, phi: 0.013820[0m
[0m[ INFO] [1747893137.716447244]: [1747893137.716] Reference trajectory - x: 2.648802, y: 0.000000, phi: 0.000000, v: 0.302030, w: 0.000000[0m
[0m[ INFO] [1747893137.716493901]: [1747893137.716] v: 0.224901, w: 0.075643[0m
[0m[ INFO] [1747893137.817146830]: [1747893137.817] Robot state - x: 2.694719, y: -0.002604, phi: 0.013883[0m
[0m[ INFO] [1747893137.817514801]: [1747893137.817] Reference trajectory - x: 2.678478, y: 0.000000, phi: 0.000000, v: 0.291530, w: 0.000000[0m
[0m[ INFO] [1747893137.817670515]: [1747893137.818] v: 0.208383, w: 0.074135[0m
[0m[ INFO] [1747893137.921382992]: [1747893137.921] Robot state - x: 2.723432, y: -0.002202, phi: 0.014233[0m
[0m[ INFO] [1747893137.921552785]: [1747893137.921] Reference trajectory - x: 2.707121, y: 0.000000, phi: 0.000000, v: 0.280656, w: 0.000000[0m
[0m[ INFO] [1747893137.921619474]: [1747893137.922] v: 0.192068, w: 0.070593[0m
[0m[ INFO] [1747893138.016968994]: [1747893138.017] Robot state - x: 2.750964, y: -0.001811, phi: 0.014870[0m
[0m[ INFO] [1747893138.017333765]: [1747893138.017] Reference trajectory - x: 2.734601, y: 0.000000, phi: 0.000000, v: 0.269445, w: 0.000000[0m
[0m[ INFO] [1747893138.017443910]: [1747893138.017] v: 0.175475, w: 0.064996[0m
[0m[ INFO] [1747893138.118578731]: [1747893138.118] Robot state - x: 2.777506, y: -0.001397, phi: 0.017577[0m
[0m[ INFO] [1747893138.119204017]: [1747893138.119] Reference trajectory - x: 2.760968, y: 0.000000, phi: 0.000000, v: 0.257864, w: 0.000000[0m
[0m[ INFO] [1747893138.119458483]: [1747893138.119] v: 0.157954, w: 0.044868[0m
[0m[ INFO] [1747893138.216843830]: [1747893138.217] Robot state - x: 2.802687, y: -0.001053, phi: 0.015125[0m
[0m[ INFO] [1747893138.217006807]: [1747893138.217] Reference trajectory - x: 2.786167, y: 0.000000, phi: 0.000000, v: 0.245920, w: 0.000000[0m
[0m[ INFO] [1747893138.217169785]: [1747893138.217] v: 0.140856, w: 0.060584[0m
[0m[ INFO] [1747893138.317040946]: [1747893138.317] Robot state - x: 2.826878, y: -0.000633, phi: 0.014743[0m
[0m[ INFO] [1747893138.317204244]: [1747893138.317] Reference trajectory - x: 2.810143, y: 0.000000, phi: 0.000000, v: 0.233620, w: 0.000000[0m
[0m[ INFO] [1747893138.317274900]: [1747893138.317] v: 0.122398, w: 0.061520[0m
[0m[ INFO] [1747893138.418024214]: [1747893138.418] Robot state - x: 2.849686, y: -0.000268, phi: 0.016526[0m
[0m[ INFO] [1747893138.418185143]: [1747893138.418] Reference trajectory - x: 2.832876, y: 0.000000, phi: 0.000000, v: 0.220957, w: 0.000000[0m
[0m[ INFO] [1747893138.418251512]: [1747893138.418] v: 0.104118, w: 0.047633[0m
[0m[ INFO] [1747893138.520500263]: [1747893138.520] Robot state - x: 2.871122, y: 0.000052, phi: 0.016813[0m
[0m[ INFO] [1747893138.520675881]: [1747893138.521] Reference trajectory - x: 2.854332, y: 0.000000, phi: 0.000000, v: 0.207930, w: 0.000000[0m
[0m[ INFO] [1747893138.520784234]: [1747893138.521] v: 0.085860, w: 0.044192[0m
[0m[ INFO] [1747893138.620333280]: [1747893138.620] Robot state - x: 2.891377, y: 0.000392, phi: 0.017386[0m
[0m[ INFO] [1747893138.620451873]: [1747893138.620] Reference trajectory - x: 2.874464, y: 0.000000, phi: 0.000000, v: 0.194545, w: 0.000000[0m
[0m[ INFO] [1747893138.620535778]: [1747893138.621] v: 0.066629, w: 0.038567[0m
[0m[ INFO] [1747893138.718441705]: [1747893138.718] Robot state - x: 2.910450, y: 0.000721, phi: 0.018246[0m
[0m[ INFO] [1747893138.718572234]: [1747893138.719] Reference trajectory - x: 2.893227, y: 0.000000, phi: 0.000000, v: 0.180808, w: 0.000000[0m
[0m[ INFO] [1747893138.718687851]: [1747893138.719] v: 0.046194, w: 0.030912[0m
[0m[ INFO] [1747893138.819802032]: [1747893138.820] Robot state - x: 2.927758, y: 0.001017, phi: 0.017704[0m
[0m[ INFO] [1747893138.820008818]: [1747893138.820] Reference trajectory - x: 2.910606, y: 0.000000, phi: 0.000000, v: 0.166706, w: 0.000000[0m
[0m[ INFO] [1747893138.820079827]: [1747893138.820] v: 0.026956, w: 0.032988[0m
[0m[ INFO] [1747893138.919666057]: [1747893138.920] Robot state - x: 2.944076, y: 0.001328, phi: 0.019233[0m
[0m[ INFO] [1747893138.919872459]: [1747893138.920] Reference trajectory - x: 2.926570, y: 0.000000, phi: 0.000000, v: 0.152231, w: 0.000000[0m
[0m[ INFO] [1747893138.920269071]: [1747893138.920] v: 0.005515, w: 0.020606[0m
[0m[ INFO] [1747893139.019423138]: [1747893139.019] Robot state - x: 2.958437, y: 0.001570, phi: 0.017577[0m
[0m[ INFO] [1747893139.019658532]: [1747893139.020] Reference trajectory - x: 2.941045, y: 0.000000, phi: 0.000000, v: 0.137421, w: 0.000000[0m
[0m[ INFO] [1747893139.019785797]: [1747893139.020] v: -0.014339, w: 0.030451[0m
[0m[ INFO] [1747893139.116812036]: [1747893139.117] Robot state - x: 2.971606, y: 0.001838, phi: 0.019870[0m
[0m[ INFO] [1747893139.117001925]: [1747893139.117] Reference trajectory - x: 2.954028, y: 0.000000, phi: 0.000000, v: 0.122243, w: 0.000000[0m
[0m[ INFO] [1747893139.117097382]: [1747893139.117] v: -0.035827, w: 0.012817[0m
[0m[ INFO] [1747893139.223189049]: [1747893139.223] Robot state - x: 2.983212, y: 0.002037, phi: 0.018882[0m
[0m[ INFO] [1747893139.223339194]: [1747893139.223] Reference trajectory - x: 2.965478, y: 0.000000, phi: 0.000000, v: 0.106701, w: 0.000000[0m
[0m[ INFO] [1747893139.223590428]: [1747893139.224] v: -0.057606, w: 0.018095[0m
[0m[ INFO] [1747893139.322015336]: [1747893139.322] Robot state - x: 2.993435, y: 0.002246, phi: 0.020061[0m
[0m[ INFO] [1747893139.322232298]: [1747893139.322] Reference trajectory - x: 2.975359, y: 0.000000, phi: 0.000000, v: 0.090793, w: 0.000000[0m
[0m[ INFO] [1747893139.322424044]: [1747893139.322] v: -0.080609, w: 0.008299[0m
[0m[ INFO] [1747893139.417671066]: [1747893139.417] Robot state - x: 3.001690, y: 0.002409, phi: 0.021716[0m
[0m[ INFO] [1747893139.418205375]: [1747893139.418] Reference trajectory - x: 2.983624, y: 0.000000, phi: 0.000000, v: 0.074540, w: 0.000000[0m
[0m[ INFO] [1747893139.418379041]: [1747893139.418] v: -0.102532, w: -0.004638[0m
[0m[ INFO] [1747893139.524730005]: [1747893139.524] Robot state - x: 3.008178, y: 0.002540, phi: 0.021971[0m
[0m[ INFO] [1747893139.525038648]: [1747893139.525] Reference trajectory - x: 2.990252, y: 0.000000, phi: 0.000000, v: 0.057914, w: 0.000000[0m
[0m[ INFO] [1747893139.525110553]: [1747893139.525] v: -0.124267, w: -0.007793[0m
[0m[ INFO] [1747893139.622217080]: [1747893139.622] Robot state - x: 3.013295, y: 0.002648, phi: 0.020729[0m
[0m[ INFO] [1747893139.622393338]: [1747893139.622] Reference trajectory - x: 2.995200, y: 0.000000, phi: 0.000000, v: 0.040920, w: 0.000000[0m
[0m[ INFO] [1747893139.622509627]: [1747893139.622] v: -0.147662, w: -0.000540[0m
[0m[ INFO] [1747893139.725273583]: [1747893139.724] Robot state - x: 3.016433, y: 0.002721, phi: 0.023627[0m
[0m[ INFO] [1747893139.725705395]: [1747893139.726] Reference trajectory - x: 2.998427, y: 0.000000, phi: 0.000000, v: 0.023585, w: 0.000000[0m
[0m[ INFO] [1747893139.726004821]: [1747893139.726] v: -0.170333, w: -0.021751[0m
[0m[ INFO] [1747893139.824658275]: [1747893139.824] Robot state - x: 3.017815, y: 0.002748, phi: 0.021462[0m
[0m[ INFO] [1747893139.825220904]: [1747893139.825] Reference trajectory - x: 2.999904, y: 0.000000, phi: 0.000000, v: 0.005883, w: 0.000000[0m
[0m[ INFO] [1747893139.825333705]: [1747893139.825] v: -0.193319, w: -0.007785[0m
[0m[ INFO] [1747893139.924896831]: [1747893139.924] Robot state - x: 3.017613, y: 0.002743, phi: 0.023340[0m
[0m[ INFO] [1747893139.925315459]: [1747893139.925] Reference trajectory - x: 2.999904, y: 0.000000, phi: 0.000000, v: 0.000000, w: 0.000000[0m
[0m[ INFO] [1747893139.925428196]: [1747893139.925] v: -0.203986, w: -0.021608[0m
[0m[ INFO] [1747893140.016929968]: [1747893140.017] Robot state - x: 3.017613, y: 0.002743, phi: 0.023340[0m
[0m[ INFO] [1747893140.017103314]: [1747893140.017] Reference trajectory - x: 2.999904, y: 0.000000, phi: 0.000000, v: 0.000000, w: 0.000000[0m
[0m[ INFO] [1747893140.017376052]: [1747893140.017] v: -0.209586, w: -0.022475[0m
[0m[ INFO] [1747893140.116805897]: [1747893140.117] Robot state - x: 3.017018, y: 0.002729, phi: 0.025315[0m
[0m[ INFO] [1747893140.116987594]: [1747893140.117] Reference trajectory - x: 2.999904, y: 0.000000, phi: 0.000000, v: 0.000000, w: 0.000000[0m
[0m[ INFO] [1747893140.117124268]: [1747893140.117] v: -0.212593, w: -0.036911[0m
[0m[ INFO] [1747893140.223674114]: [1747893140.223] Robot state - x: 3.013880, y: 0.002660, phi: 0.022417[0m
[0m[ INFO] [1747893140.224049381]: [1747893140.224] Reference trajectory - x: 2.999904, y: 0.000000, phi: 0.000000, v: 0.000000, w: 0.000000[0m
[0m[ INFO] [1747893140.224427721]: [1747893140.224] v: -0.204332, w: -0.017424[0m
[0m[ INFO] [1747893140.320003994]: [1747893140.319] Robot state - x: 3.009168, y: 0.002547, phi: 0.019901[0m
[0m[ INFO] [1747893140.320711904]: [1747893140.321] Reference trajectory - x: 2.999904, y: 0.000000, phi: 0.000000, v: 0.000000, w: 0.000000[0m
[0m[ INFO] [1747893140.320892098]: [1747893140.321] v: -0.188223, w: -0.000339[0m
[0m[ INFO] [1747893140.416601780]: [1747893140.416] Robot state - x: 3.004062, y: 0.002438, phi: 0.017481[0m
[0m[ INFO] [1747893140.416766837]: [1747893140.417] Reference trajectory - x: 2.999904, y: 0.000000, phi: 0.000000, v: 0.000000, w: 0.000000[0m
[0m[ INFO] [1747893140.417087000]: [1747893140.417] v: -0.168908, w: 0.016098[0m
[0m[ INFO] [1747893140.521682461]: [1747893140.522] Robot state - x: 2.998945, y: 0.002333, phi: 0.018723[0m
[0m[ INFO] [1747893140.521802046]: [1747893140.522] Reference trajectory - x: 2.999904, y: 0.000000, phi: 0.000000, v: 0.000000, w: 0.000000[0m
[0m[ INFO] [1747893140.521864670]: [1747893140.522] v: -0.147932, w: 0.007256[0m
[0m[ INFO] [1747893140.619269888]: [1747893140.619] Robot state - x: 2.993637, y: 0.002242, phi: 0.018182[0m
[0m[ INFO] [1747893140.619602243]: [1747893140.620] Reference trajectory - x: 2.999904, y: 0.000000, phi: 0.000000, v: 0.000000, w: 0.000000[0m
[0m[ INFO] [1747893140.619780965]: [1747893140.620] v: -0.124503, w: 0.010700[0m
[0m[ INFO] [1747893140.719498300]: [1747893140.719] Robot state - x: 2.989106, y: 0.002150, phi: 0.021111[0m
[0m[ INFO] [1747893140.719696574]: [1747893140.720] Reference trajectory - x: 2.999904, y: 0.000000, phi: 0.000000, v: 0.000000, w: 0.000000[0m
[0m[ INFO] [1747893140.719808319]: [1747893140.720] v: -0.102781, w: -0.009802[0m
[0m[ INFO] [1747893140.821774347]: [1747893140.822] Robot state - x: 2.984978, y: 0.002077, phi: 0.020283[0m
[0m[ INFO] [1747893140.821940684]: [1747893140.822] Reference trajectory - x: 2.999904, y: 0.000000, phi: 0.000000, v: 0.000000, w: 0.000000[0m
[0m[ INFO] [1747893140.822036173]: [1747893140.822] v: -0.081384, w: -0.004408[0m
[0m[ INFO] [1747893140.921692868]: [1747893140.921] Robot state - x: 2.981638, y: 0.002008, phi: 0.019265[0m
[0m[ INFO] [1747893140.922089287]: [1747893140.922] Reference trajectory - x: 2.999904, y: 0.000000, phi: 0.000000, v: 0.000000, w: 0.000000[0m
[0m[ INFO] [1747893140.922374826]: [1747893140.922] v: -0.062113, w: 0.002307[0m
[0m[ INFO] [1747893141.017874554]: [1747893141.018] Robot state - x: 2.979277, y: 0.001960, phi: 0.019838[0m
[0m[ INFO] [1747893141.017976411]: [1747893141.018] Reference trajectory - x: 2.999904, y: 0.000000, phi: 0.000000, v: 0.000000, w: 0.000000[0m
[0m[ INFO] [1747893141.018022876]: [1747893141.018] v: -0.046048, w: -0.002052[0m
[0m[ INFO] [1747893141.116482151]: [1747893141.116] Robot state - x: 2.977309, y: 0.001921, phi: 0.020315[0m
[0m[ INFO] [1747893141.116587560]: [1747893141.117] Reference trajectory - x: 2.999904, y: 0.000000, phi: 0.000000, v: 0.000000, w: 0.000000[0m
[0m[ INFO] [1747893141.116676329]: [1747893141.117] v: -0.030952, w: -0.005785[0m
[0m[ INFO] [1747893141.217611627]: [1747893141.217] Robot state - x: 2.976340, y: 0.001905, phi: 0.015061[0m
[0m[ INFO] [1747893141.218133935]: [1747893141.218] Reference trajectory - x: 2.999904, y: 0.000000, phi: 0.000000, v: 0.000000, w: 0.000000[0m
[0m[ INFO] [1747893141.218340561]: [1747893141.218] v: -0.019587, w: 0.029982[0m
[0m[ INFO] [1747893141.324002175]: [1747893141.323] Robot state - x: 2.976340, y: 0.001905, phi: 0.015061[0m
[0m[ INFO] [1747893141.324535748]: [1747893141.324] Reference trajectory - x: 2.999904, y: 0.000000, phi: 0.000000, v: 0.000000, w: 0.000000[0m
[0m[ INFO] [1747893141.324734342]: [1747893141.325] v: -0.012136, w: 0.029380[0m
[0m[ INFO] [1747893141.421246015]: [1747893141.421] Robot state - x: 2.976340, y: 0.001905, phi: 0.015061[0m
[0m[ INFO] [1747893141.421621218]: [1747893141.422] Reference trajectory - x: 2.999904, y: 0.000000, phi: 0.000000, v: 0.000000, w: 0.000000[0m
[0m[ INFO] [1747893141.421730979]: [1747893141.422] v: -0.004685, w: 0.028777[0m
[0m[ INFO] [1747893141.525758210]: [1747893141.525] Robot state - x: 2.976149, y: 0.001902, phi: 0.013278[0m
[0m[ INFO] [1747893141.526178150]: [1747893141.526] Reference trajectory - x: 2.999904, y: 0.000000, phi: 0.000000, v: 0.000000, w: 0.000000[0m
[0m[ INFO] [1747893141.526321063]: [1747893141.526] v: 0.003602, w: 0.040506[0m
[0m[ INFO] [1747893141.624671249]: [1747893141.624] Robot state - x: 2.975947, y: 0.001899, phi: 0.015157[0m
[0m[ INFO] [1747893141.625029173]: [1747893141.625] Reference trajectory - x: 2.999904, y: 0.000000, phi: 0.000000, v: 0.000000, w: 0.000000[0m
[0m[ INFO] [1747893141.625786332]: [1747893141.626] v: 0.011994, w: 0.026943[0m
[0m[ INFO] [1747893141.727759303]: [1747893141.727] Robot state - x: 2.975947, y: 0.001899, phi: 0.015157[0m
[0m[ INFO] [1747893141.728350509]: [1747893141.728] Reference trajectory - x: 2.999904, y: 0.000000, phi: 0.000000, v: 0.000000, w: 0.000000[0m
[0m[ INFO] [1747893141.728548782]: [1747893141.728] v: 0.019570, w: 0.026342[0m
[0m[ INFO] [1747893141.825461099]: [1747893141.825] Robot state - x: 2.975947, y: 0.001899, phi: 0.015157[0m
[0m[ INFO] [1747893141.825792846]: [1747893141.826] Reference trajectory - x: 2.999904, y: 0.000000, phi: 0.000000, v: 0.000000, w: 0.000000[0m
[0m[ INFO] [1747893141.825963280]: [1747893141.826] v: 0.027146, w: 0.025742[0m
[0m[ INFO] [1747893141.925102849]: [1747893141.925] Robot state - x: 2.975947, y: 0.001899, phi: 0.015157[0m
[0m[ INFO] [1747893141.925559590]: [1747893141.925] Reference trajectory - x: 2.999904, y: 0.000000, phi: 0.000000, v: 0.000000, w: 0.000000[0m
[0m[ INFO] [1747893141.925633606]: [1747893141.926] v: 0.034722, w: 0.025141[0m
[0m[ INFO] [1747893142.025518783]: [1747893142.025] Robot state - x: 2.975947, y: 0.001899, phi: 0.015157[0m
[0m[ INFO] [1747893142.026882955]: [1747893142.027] Reference trajectory - x: 2.999904, y: 0.000000, phi: 0.000000, v: 0.000000, w: 0.000000[0m
[0m[ INFO] [1747893142.027061837]: [1747893142.027] v: 0.042298, w: 0.024541[0m
[0m[ INFO] [1747893142.124848177]: [1747893142.124] Robot state - x: 2.976340, y: 0.001905, phi: 0.015061[0m
[0m[ INFO] [1747893142.125279157]: [1747893142.125] Reference trajectory - x: 2.999904, y: 0.000000, phi: 0.000000, v: 0.000000, w: 0.000000[0m
[0m[ INFO] [1747893142.125467287]: [1747893142.125] v: 0.048159, w: 0.024571[0m
[0m[ INFO] [1747893142.224061827]: [1747893142.224] Robot state - x: 2.976340, y: 0.001905, phi: 0.015061[0m
[0m[ INFO] [1747893142.224362182]: [1747893142.224] Reference trajectory - x: 2.999904, y: 0.000000, phi: 0.000000, v: 0.000000, w: 0.000000[0m
[0m[ INFO] [1747893142.224434823]: [1747893142.224] v: 0.055610, w: 0.023969[0m
[0m[ INFO] [1747893142.323844218]: [1747893142.324] Robot state - x: 2.976340, y: 0.001905, phi: 0.015061[0m
[0m[ INFO] [1747893142.323962459]: [1747893142.324] Reference trajectory - x: 2.999904, y: 0.000000, phi: 0.000000, v: 0.000000, w: 0.000000[0m
[0m[ INFO] [1747893142.324034364]: [1747893142.324] v: 0.063061, w: 0.023367[0m
[0m[ INFO] [1747893142.423583953]: [1747893142.423] Robot state - x: 2.977915, y: 0.001928, phi: 0.014679[0m
[0m[ INFO] [1747893142.423701298]: [1747893142.424] Reference trajectory - x: 2.999904, y: 0.000000, phi: 0.000000, v: 0.000000, w: 0.000000[0m
[0m[ INFO] [1747893142.423765618]: [1747893142.424] v: 0.063653, w: 0.025291[0m
[0m[ INFO] [1747893142.522036988]: [1747893142.522] Robot state - x: 2.981032, y: 0.001991, phi: 0.024901[0m
[0m[ INFO] [1747893142.522573697]: [1747893142.522] Reference trajectory - x: 2.999904, y: 0.000000, phi: 0.000000, v: 0.000000, w: 0.000000[0m
[0m[ INFO] [1747893142.523392552]: [1747893142.523] v: 0.057025, w: -0.046233[0m
[0m[ INFO] [1747893142.781821364]: [1747893142.782] Robot state - x: 2.983777, y: 0.002035, phi: 0.027894[0m
[0m[ INFO] [1747893142.781917717]: [1747893142.782] Reference trajectory - x: 2.999904, y: 0.000000, phi: 0.000000, v: 0.000000, w: 0.000000[0m
[0m[ INFO] [1747893142.781984374]: [1747893142.782] v: 0.051034, w: -0.067754[0m
[0m[ INFO] [1747893142.783888423]: [1747893142.784] Robot state - x: 2.986724, y: 0.002110, phi: 0.029008[0m
[0m[ INFO] [1747893142.783956200]: [1747893142.784] Reference trajectory - x: 2.999904, y: 0.000000, phi: 0.000000, v: 0.000000, w: 0.000000[0m
[0m[ INFO] [1747893142.784041353]: [1747893142.784] v: 0.043297, w: -0.076460[0m
[0m[ INFO] [1747893142.816064080]: [1747893142.816] Robot state - x: 2.989861, y: 0.002193, phi: 0.031906[0m
[0m[ INFO] [1747893142.816235537]: [1747893142.816] Reference trajectory - x: 2.999904, y: 0.000000, phi: 0.000000, v: 0.000000, w: 0.000000[0m
[0m[ INFO] [1747893142.816429491]: [1747893142.816] v: 0.033795, w: -0.097545[0m
[0m[ INFO] [1747893142.920625171]: [1747893142.920] Robot state - x: 2.992233, y: 0.002257, phi: 0.027671[0m
[0m[ INFO] [1747893142.920766804]: [1747893142.921] Reference trajectory - x: 2.999904, y: 0.000000, phi: 0.000000, v: 0.000000, w: 0.000000[0m
[0m[ INFO] [1747893142.920873781]: [1747893142.921] v: 0.026640, w: -0.069292[0m
[0m[ INFO] [1747893143.025260406]: [1747893143.025] Robot state - x: 2.995380, y: 0.002356, phi: 0.026907[0m
[0m[ INFO] [1747893143.025732763]: [1747893143.026] Reference trajectory - x: 2.999904, y: 0.000000, phi: 0.000000, v: 0.000000, w: 0.000000[0m
[0m[ INFO] [1747893143.025903260]: [1747893143.026] v: 0.015352, w: -0.065207[0m
[0m[ INFO] [1747893143.124679498]: [1747893143.124] Robot state - x: 2.997752, y: 0.002417, phi: 0.022672[0m
[0m[ INFO] [1747893143.125032077]: [1747893143.125] Reference trajectory - x: 2.999904, y: 0.000000, phi: 0.000000, v: 0.000000, w: 0.000000[0m
[0m[ INFO] [1747893143.125236143]: [1747893143.125] v: 0.006451, w: -0.036990[0m
[0m[ INFO] [1747893143.224633794]: [1747893143.224] Robot state - x: 2.998358, y: 0.002431, phi: 0.017036[0m
[0m[ INFO] [1747893143.224992869]: [1747893143.225] Reference trajectory - x: 2.999904, y: 0.000000, phi: 0.000000, v: 0.000000, w: 0.000000[0m
[0m[ INFO] [1747893143.225195687]: [1747893143.225] v: 0.004492, w: 0.001109[0m
[0m[ INFO] [1747893143.324721339]: [1747893143.324] Robot state - x: 2.998358, y: 0.002431, phi: 0.017036[0m
[0m[ INFO] [1747893143.325157535]: [1747893143.325] Reference trajectory - x: 2.999904, y: 0.000000, phi: 0.000000, v: 0.000000, w: 0.000000[0m
[0m[ INFO] [1747893143.325389505]: [1747893143.325] v: 0.004981, w: 0.000340[0m
[0m[ INFO] [1747893143.418094199]: [1747893143.418] Robot state - x: 2.998358, y: 0.002431, phi: 0.017036[0m
[0m[ INFO] [1747893143.418495963]: [1747893143.418] Reference trajectory - x: 2.999904, y: 0.000000, phi: 0.000000, v: 0.000000, w: 0.000000[0m
[0m[ INFO] [1747893143.418678332]: [1747893143.419] v: 0.005470, w: -0.000428[0m
[0m[ INFO] [1747893143.525608789]: [1747893143.525] Robot state - x: 2.998358, y: 0.002431, phi: 0.017036[0m
[0m[ INFO] [1747893143.525940792]: [1747893143.526] Reference trajectory - x: 2.999904, y: 0.000000, phi: 0.000000, v: 0.000000, w: 0.000000[0m
[0m[ INFO] [1747893143.526040889]: [1747893143.526] v: 0.005959, w: -0.001197[0m
[0m[ INFO] [1747893143.623158615]: [1747893143.623] Robot state - x: 2.998358, y: 0.002431, phi: 0.017036[0m
[0m[ INFO] [1747893143.623600507]: [1747893143.624] Reference trajectory - x: 2.999904, y: 0.000000, phi: 0.000000, v: 0.000000, w: 0.000000[0m
[0m[ INFO] [1747893143.623756732]: [1747893143.624] v: 0.006447, w: -0.001966[0m
[0m[ INFO] [1747893143.724575357]: [1747893143.724] Robot state - x: 2.998358, y: 0.002431, phi: 0.017036[0m
[0m[ INFO] [1747893143.724990368]: [1747893143.725] Reference trajectory - x: 2.999904, y: 0.000000, phi: 0.000000, v: 0.000000, w: 0.000000[0m
[0m[ INFO] [1747893143.725293699]: [1747893143.725] v: 0.006936, w: -0.002735[0m
[0m[ INFO] [1747893143.824446772]: [1747893143.824] Robot state - x: 2.998358, y: 0.002431, phi: 0.017036[0m
[0m[ INFO] [1747893143.824800311]: [1747893143.825] Reference trajectory - x: 2.999904, y: 0.000000, phi: 0.000000, v: 0.000000, w: 0.000000[0m
[0m[ INFO] [1747893143.825178235]: [1747893143.825] v: 0.007425, w: -0.003504[0m
[0m[ INFO] [1747893143.924855601]: [1747893143.924] Robot state - x: 2.998358, y: 0.002431, phi: 0.017036[0m
[0m[ INFO] [1747893143.925220372]: [1747893143.925] Reference trajectory - x: 2.999904, y: 0.000000, phi: 0.000000, v: 0.000000, w: 0.000000[0m
[0m[ INFO] [1747893143.925423542]: [1747893143.925] v: 0.007914, w: -0.004273[0m
[0m[ INFO] [1747893144.023024824]: [1747893144.023] Robot state - x: 2.998358, y: 0.002431, phi: 0.017036[0m
[0m[ INFO] [1747893144.023489597]: [1747893144.023] Reference trajectory - x: 2.999904, y: 0.000000, phi: 0.000000, v: 0.000000, w: 0.000000[0m
[0m[ INFO] [1747893144.024603783]: [1747893144.024] v: 0.008403, w: -0.005042[0m
[0m[ INFO] [1747893144.125871787]: [1747893144.125] Robot state - x: 2.998358, y: 0.002431, phi: 0.017036[0m
[0m[ INFO] [1747893144.126324175]: [1747893144.126] Reference trajectory - x: 2.999904, y: 0.000000, phi: 0.000000, v: 0.000000, w: 0.000000[0m
[0m[ INFO] [1747893144.126491952]: [1747893144.126] v: 0.008892, w: -0.005811[0m
[0m[ INFO] [1747893144.224321973]: [1747893144.224] Robot state - x: 2.998358, y: 0.002431, phi: 0.017036[0m
[0m[ INFO] [1747893144.224789465]: [1747893144.225] Reference trajectory - x: 2.999904, y: 0.000000, phi: 0.000000, v: 0.000000, w: 0.000000[0m
[0m[ INFO] [1747893144.224941275]: [1747893144.225] v: 0.009381, w: -0.006579[0m
[0m[ INFO] [1747893144.324915347]: [1747893144.324] Robot state - x: 2.998358, y: 0.002431, phi: 0.017036[0m
[0m[ INFO] [1747893144.325352055]: [1747893144.325] Reference trajectory - x: 2.999904, y: 0.000000, phi: 0.000000, v: 0.000000, w: 0.000000[0m
[0m[ INFO] [1747893144.325580761]: [1747893144.326] v: 0.009869, w: -0.007348[0m
[0m[ INFO] [1747893144.424479399]: [1747893144.424] Robot state - x: 2.998358, y: 0.002431, phi: 0.017036[0m
[0m[ INFO] [1747893144.424907947]: [1747893144.425] Reference trajectory - x: 2.999904, y: 0.000000, phi: 0.000000, v: 0.000000, w: 0.000000[0m
[0m[ INFO] [1747893144.425021260]: [1747893144.425] v: 0.010358, w: -0.008117[0m
[0m[ INFO] [1747893144.525119493]: [1747893144.525] Robot state - x: 2.998358, y: 0.002431, phi: 0.017036[0m
[0m[ INFO] [1747893144.525488200]: [1747893144.525] Reference trajectory - x: 2.999904, y: 0.000000, phi: 0.000000, v: 0.000000, w: 0.000000[0m
[0m[ INFO] [1747893144.525661194]: [1747893144.526] v: 0.010847, w: -0.008886[0m
[0m[ INFO] [1747893144.618755395]: [1747893144.619] Robot state - x: 2.998358, y: 0.002431, phi: 0.017036[0m
[0m[ INFO] [1747893144.618859108]: [1747893144.619] Reference trajectory - x: 2.999904, y: 0.000000, phi: 0.000000, v: 0.000000, w: 0.000000[0m
[0m[ INFO] [1747893144.618931556]: [1747893144.619] v: 0.011336, w: -0.009655[0m
[0m[ INFO] [1747893126.067667706]: [I2C FOR MOTORS] Now launching this node in namespace: /asc[0m
[0m[ INFO] [1747893126.091827194]: [I2C FOR MOTORS] publish motor duty cycle requests from command line with: rostopic pub --once /asc/set_motor_duty_cycle asclinic_pkg/LeftRightFloat32 "{left: 10.1, right: 10.1}"[0m
[0m[ INFO] [1747893126.092430783]: [I2C FOR MOTORS] Successfully opened named /dev/i2c-1, with file descriptor = 10[0m
[0m[ INFO] [1747893126.092600289]: [I2C FOR MOTORS] Actual acceleration limit = 0.0003125%/ms (after conversation to "internal units")[0m
[0m[ INFO] [1747893126.092647937]: [I2C FOR MOTORS] Actual deceleration limit = 0.0015625%/ms (after conversation to "internal units")[0m
[0m[ INFO] [1747893126.092687842]: [I2C FOR MOTORS] Now initialising SMC with I2C address 13[0m
[0m[ INFO] [1747893126.107871887]: [I2C FOR MOTORS] Now initialising SMC with I2C address 14[0m
[0m[ INFO] [1747893126.122590295]: [I2C FOR MOTORS] Node initialisation complete[0m

[ARUCO DETECTOR] Camera properties upon initialisation:
CV_CAP_PROP_FRAME_HEIGHT : '480.0'
CV_CAP_PROP_FRAME_WIDTH :  '640.0'
CAP_PROP_FPS :             '30.0'
CAP_PROP_FOCUS :           '0.0'
CAP_PROP_AUTOFOCUS :       '1.0'
CAP_PROP_BRIGHTNESS :      '128.0'
CAP_PROP_CONTRAST :        '128.0'
CAP_PROP_SATURATION :      '128.0'
CAP_PROP_BUFFERSIZE :      '4.0'

[ARUCO DETECTOR] Camera properties upon initialisation:
CV_CAP_PROP_FRAME_HEIGHT : '1080.0'
CV_CAP_PROP_FRAME_WIDTH :  '1920.0'
CAP_PROP_FPS :             '5.0'
CAP_PROP_FOCUS :           '0.0'
CAP_PROP_AUTOFOCUS :       '0.0'
CAP_PROP_BRIGHTNESS :      '128.0'
CAP_PROP_CONTRAST :        '128.0'
CAP_PROP_SATURATION :      '128.0'
CAP_PROP_BUFFERSIZE :      '1.0'
[INFO] [1747893132.243911]: [ARUCO DETECTOR] As a double check of the camera properties set, a frame captured just now has dimensions = (1080, 1920, 3)
[INFO] [1747893132.249509]: [ARUCO DETECTOR] publish request from command line to save a single camera image using: rostopic pub --once /asc/request_save_image std_msgs/UInt32 1
[INFO] [1747893132.253736]: [ARUCO DETECTOR] Node initialisation complete
... logging to /home/asc/.ros/log/89046722-36cf-11f0-8f54-d8c0a650f677/roslaunch-asc12-jetson-7215.log
Checking log directory for disk usage. This may take a while.
Press Ctrl-C to interrupt
Done checking log file disk usage. Usage is <1GB.
]2;/home/asc/ASClinic/catkin_ws/src/asclinic_pkg/launch/trajectory.launch
[1mstarted roslaunch server http://asc12-jetson:38207/[0m

SUMMARY
========

PARAMETERS
 * /asc/aruco_detector/aruco_detector_desired_camera_fps: 5
 * /asc/aruco_detector/aruco_detector_desired_camera_frame_height: 1080
 * /asc/aruco_detector/aruco_detector_desired_camera_frame_width: 1920
 * /asc/aruco_detector/aruco_detector_marker_size: 0.25
 * /asc/aruco_detector/aruco_detector_save_image_path: /home/asc/saved_c...
 * /asc/aruco_detector/aruco_detector_should_publish_camera_images: False
 * /asc/aruco_detector/aruco_detector_should_save_all_aruco_images: False
 * /asc/aruco_detector/aruco_detector_should_show_camera_images: False
 * /asc/aruco_detector/aruco_detector_usb_camera_device_number: 0
 * /asc/aruco_detector/aruco_detector_verbosity: 1
 * /asc/encoder_read_multi_threaded/delta_t_for_publishing_encoder_counts: 0.1
 * /asc/encoder_read_multi_threaded/encoder_events_to_monitor: rising
 * /asc/encoder_read_multi_threaded/encoder_read_verbosity: 1
 * /asc/encoder_read_multi_threaded/gpio_chip_number_for_encoder_lines: 1
 * /asc/encoder_read_multi_threaded/line_number_for_left_side_encoder_channel_a: 105
 * /asc/encoder_read_multi_threaded/line_number_for_left_side_encoder_channel_b: 106
 * /asc/encoder_read_multi_threaded/line_number_for_right_side_encoder_channel_a: 84
 * /asc/encoder_read_multi_threaded/line_number_for_right_side_encoder_channel_b: 130
 * /asc/encoder_read_multi_threaded/should_monitor_left_side_encoder_channel_a: True
 * /asc/encoder_read_multi_threaded/should_monitor_left_side_encoder_channel_b: False
 * /asc/encoder_read_multi_threaded/should_monitor_right_side_encoder_channel_a: True
 * /asc/encoder_read_multi_threaded/should_monitor_right_side_encoder_channel_b: False
 * /asc/i2c_for_motors/motor_driver_current_limit_in_milliamps: 5000
 * /asc/i2c_for_motors/motor_driver_left_side_multiplier: 1
 * /asc/i2c_for_motors/motor_driver_max_accel_limit_in_percent_per_millisecond: 0.04
 * /asc/i2c_for_motors/motor_driver_max_decel_limit_in_percent_per_millisecond: 0.16
 * /asc/i2c_for_motors/motor_driver_max_duty_cycle_limit_in_percent: 100.0
 * /asc/i2c_for_motors/motor_driver_right_side_multiplier: 1
 * /asc/i2c_for_motors/motor_driver_verbosity: 1
 * /rosdistro: noetic
 * /rosversion: 1.17.0

NODES
  /
    aruco_positioning (asclinic_pkg/aruco_positioning.py)
    kf_fusion_node (asclinic_pkg/KF.py)
    odomdelta (asclinic_pkg/odomdelta)
    trajectory_generator (asclinic_pkg/trajectory_generator_state_space)
    trajectory_tracker (asclinic_pkg/trajectory_tracker_state_space)
    velocity_PI_control (asclinic_pkg/velocity_PI_control)
  /asc/
    aruco_detector (asclinic_pkg/aruco_detector.py)
    encoder_read_multi_threaded (asclinic_pkg/encoder_read_multi_threaded)
    i2c_for_motors (asclinic_pkg/i2c_for_motors)

[1mROS_MASTER_URI=http://localhost:11311[0m
]2;/home/asc/ASClinic/catkin_ws/src/asclinic_pkg/launch/trajectory.launch http://localhost:11311
[1mprocess[asc/i2c_for_motors-1]: started with pid [7249][0m
[1mprocess[asc/encoder_read_multi_threaded-2]: started with pid [7250][0m
[1mprocess[odomdelta-3]: started with pid [7256][0m
[1mprocess[asc/aruco_detector-4]: started with pid [7266][0m
[1mprocess[aruco_positioning-5]: started with pid [7272][0m
[1mprocess[trajectory_tracker-6]: started with pid [7273][0m
[1mprocess[trajectory_generator-7]: started with pid [7274][0m
[1mprocess[velocity_PI_control-8]: started with pid [7290][0m
[1mprocess[kf_fusion_node-9]: started with pid [7292][0m
[kf_fusion_node-9] killing on exit
[velocity_PI_control-8] killing on exit
[trajectory_generator-7] killing on exit
[trajectory_tracker-6] killing on exit
[aruco_positioning-5] killing on exit
[asc/i2c_for_motors-1] killing on exit
[odomdelta-3] killing on exit
[asc/encoder_read_multi_threaded-2] killing on exit
[asc/aruco_detector-4] killing on exit
shutting down processing monitor...
... shutting down processing monitor complete
[1mdone[0m
