
[ARUCO DETECTOR] Camera properties upon initialisation:
CV_CAP_PROP_FRAME_HEIGHT : '0.0'
CV_CAP_PROP_FRAME_WIDTH :  '0.0'
CAP_PROP_FPS :             '0.0'
CAP_PROP_FOCUS :           '0.0'
CAP_PROP_AUTOFOCUS :       '0.0'
CAP_PROP_BRIGHTNESS :      '0.0'
CAP_PROP_CONTRAST :        '0.0'
CAP_PROP_SATURATION :      '0.0'
CAP_PROP_BUFFERSIZE :      '0.0'

[ARUCO DETECTOR] Camera properties upon initialisation:
CV_CAP_PROP_FRAME_HEIGHT : '0.0'
CV_CAP_PROP_FRAME_WIDTH :  '0.0'
CAP_PROP_FPS :             '0.0'
CAP_PROP_FOCUS :           '0.0'
CAP_PROP_AUTOFOCUS :       '0.0'
CAP_PROP_BRIGHTNESS :      '0.0'
CAP_PROP_CONTRAST :        '0.0'
CAP_PROP_SATURATION :      '0.0'
CAP_PROP_BUFFERSIZE :      '0.0'
[0m[ INFO] [1748066129.543301206]: [1748066129.543] Robot state - x: 0.000000, y: 0.000000, phi: 0.000000[0m
[0m[ INFO] [1748066129.547299458]: [1748066129.547] Reference trajectory - x: 0.000000, y: 0.000000, phi: 0.000000, v: 0.000000, w: 0.000000[0m
[0m[ INFO] [1748066129.643834074]: [1748066129.643] Robot state - x: 0.000000, y: 0.000000, phi: 0.000000[0m
[0m[ INFO] [1748066129.643972859]: [1748066129.644] Reference trajectory - x: 0.000000, y: 0.000000, phi: 0.000000, v: 0.000000, w: 0.000000[0m
[0m[ INFO] [1748066129.748155078]: [1748066129.746] Robot state - x: 0.000000, y: 0.000000, phi: 0.000000[0m
[0m[ INFO] [1748066129.748307656]: [1748066129.748] Reference trajectory - x: 0.000000, y: 0.000000, phi: 0.000000, v: 0.000000, w: 0.000000[0m
[0m[ INFO] [1748066129.843026028]: [1748066129.843] Robot state - x: 0.000000, y: 0.000000, phi: 0.000000[0m
[0m[ INFO] [1748066129.843121197]: [1748066129.843] Reference trajectory - x: 0.000000, y: 0.000000, phi: 0.000000, v: 0.000000, w: 0.000000[0m
[0m[ INFO] [1748066129.850379964]: Received reference trajectory - x: 0.000000, y: 0.000000, phi: 0.000000, v: 0.000073, w: 0.000000[0m
[0m[ INFO] [1748066129.895260099]: Received reference trajectory - x: 0.137919, y: 0.000000, phi: 0.000000, v: 6.052240, w: 0.000000[0m
[0m[ INFO] [1748066129.943813331]: [1748066129.944] Robot state - x: 0.000000, y: 0.000000, phi: 0.000000[0m
[0m[ INFO] [1748066129.943922356]: [1748066129.944] Reference trajectory - x: 0.000138, y: 0.000000, phi: 0.000000, v: 0.006052, w: 0.000000[0m
[0m[ INFO] [1748066129.943981204]: [1748066129.944] v: 0.006653, w: 0.000000[0m
[0m[ INFO] [1748066129.995676230]: Received reference trajectory - x: 1.402875, y: 0.000000, phi: 0.000000, v: 19.216251, w: 0.000000[0m
[0m[ INFO] [1748066130.043306699]: [1748066130.043] Robot state - x: 0.000000, y: 0.000000, phi: 0.000000[0m
[0m[ INFO] [1748066130.043409324]: [1748066130.043] Reference trajectory - x: 0.001403, y: 0.000000, phi: 0.000000, v: 0.019216, w: 0.000000[0m
[0m[ INFO] [1748066130.043460716]: [1748066130.043] v: 0.025371, w: 0.000000[0m
[0m[ INFO] [1748066130.095325631]: Received reference trajectory - x: 3.975094, y: 0.000000, phi: 0.000000, v: 32.201275, w: 0.000000[0m
[0m[ INFO] [1748066130.144211666]: [1748066130.144] Robot state - x: 0.000000, y: 0.000000, phi: 0.000000[0m
[0m[ INFO] [1748066130.144307603]: [1748066130.144] Reference trajectory - x: 0.003975, y: 0.000000, phi: 0.000000, v: 0.032201, w: 0.000000[0m
[0m[ INFO] [1748066130.144352372]: [1748066130.144] v: 0.050004, w: 0.000000[0m
[0m[ INFO] [1748066130.195815170]: Received reference trajectory - x: 7.837610, y: 0.000000, phi: 0.000000, v: 45.010666, w: 0.000000[0m
[0m[ INFO] [1748066130.295984898]: Received reference trajectory - x: 12.971493, y: 0.000000, phi: 0.000000, v: 57.640438, w: 0.000000[0m
[0m[ INFO] [1748066130.362744471]: [1748066130.363] Robot state - x: 0.000000, y: 0.000000, phi: 0.000000[0m
[0m[ INFO] [1748066130.362835608]: [1748066130.363] Reference trajectory - x: 0.012971, y: 0.000000, phi: 0.000000, v: 0.057640, w: 0.000000[0m
[0m[ INFO] [1748066130.362881304]: [1748066130.363] v: 0.115887, w: 0.000000[0m
[0m[ INFO] [1748066130.365094928]: [1748066130.365] Robot state - x: 0.000000, y: 0.000000, phi: 0.000000[0m
[0m[ INFO] [1748066130.365168209]: [1748066130.365] Reference trajectory - x: 0.012971, y: 0.000000, phi: 0.000000, v: 0.057640, w: 0.000000[0m
[0m[ INFO] [1748066130.365209937]: [1748066130.365] v: 0.119986, w: 0.000000[0m
[0m[ INFO] [1748066130.395897374]: Received reference trajectory - x: 19.361250, y: 0.000000, phi: 0.000000, v: 70.095665, w: 0.000000[0m
[0m[ INFO] [1748066130.444241227]: [1748066130.444] Robot state - x: 0.000000, y: 0.000000, phi: 0.000000[0m
[0m[ INFO] [1748066130.444356525]: [1748066130.444] Reference trajectory - x: 0.019361, y: 0.000000, phi: 0.000000, v: 0.070096, w: 0.000000[0m
[0m[ INFO] [1748066130.444405005]: [1748066130.444] v: 0.164374, w: 0.000000[0m
[0m[ INFO] [1748066130.496418882]: Received reference trajectory - x: 26.986107, y: 0.000000, phi: 0.000000, v: 82.370346, w: 0.000000[0m
[0m[ INFO] [1748066130.544762863]: [1748066130.545] Robot state - x: 0.000000, y: 0.000000, phi: 0.000000[0m
[0m[ INFO] [1748066130.544873936]: [1748066130.545] Reference trajectory - x: 0.026986, y: 0.000000, phi: 0.000000, v: 0.082370, w: 0.000000[0m
[0m[ INFO] [1748066130.544953105]: [1748066130.545] v: 0.215981, w: 0.000000[0m
[0m[ INFO] [1748066130.597002598]: Received reference trajectory - x: 35.851933, y: 0.000000, phi: 0.000000, v: 94.495682, w: 0.000000[0m
[0m[ INFO] [1748066130.644863789]: [1748066130.645] Robot state - x: 0.000202, y: -0.000000, phi: -0.001879[0m
[0m[ INFO] [1748066130.645020207]: [1748066130.645] Reference trajectory - x: 0.035852, y: 0.000000, phi: 0.000000, v: 0.094496, w: 0.000000[0m
[0m[ INFO] [1748066130.645078608]: [1748066130.645] v: 0.274374, w: 0.007472[0m
[0m[ INFO] [1748066130.696026969]: Received reference trajectory - x: 45.878319, y: 0.000000, phi: 0.000000, v: 106.391365, w: 0.000000[0m
[0m[ INFO] [1748066130.747841323]: [1748066130.748] Robot state - x: 0.000202, y: -0.000000, phi: -0.001879[0m
[0m[ INFO] [1748066130.747974349]: [1748066130.748] Reference trajectory - x: 0.045878, y: 0.000000, phi: 0.000000, v: 0.106391, w: 0.000000[0m
[0m[ INFO] [1748066130.748024205]: [1748066130.748] v: 0.341210, w: 0.007472[0m
[0m[ INFO] [1748066130.795218605]: Received reference trajectory - x: 57.098194, y: 0.000000, phi: 0.000000, v: 118.124817, w: 0.000000[0m
[0m[ INFO] [1748066130.843541658]: [1748066130.843] Robot state - x: 0.000798, y: -0.000002, phi: -0.003853[0m
[0m[ INFO] [1748066130.843637819]: [1748066130.844] Reference trajectory - x: 0.057098, y: 0.000000, phi: 0.000000, v: 0.118125, w: 0.000000[0m
[0m[ INFO] [1748066130.843682620]: [1748066130.844] v: 0.413656, w: 0.015338[0m
[0m[ INFO] [1748066130.895337868]: Received reference trajectory - x: 69.489479, y: 0.000000, phi: 0.000000, v: 129.687546, w: 0.000000[0m
[0m[ INFO] [1748066130.943683161]: [1748066130.944] Robot state - x: 0.004542, y: -0.000014, phi: -0.006591[0m
[0m[ INFO] [1748066130.943809275]: [1748066130.944] Reference trajectory - x: 0.069489, y: 0.000000, phi: 0.000000, v: 0.129688, w: 0.000000[0m
[0m[ INFO] [1748066130.943884795]: [1748066130.944] v: 0.480674, w: 0.026349[0m
[0m[ INFO] [1748066130.995453323]: Received reference trajectory - x: 83.029282, y: 0.000000, phi: 0.000000, v: 141.073486, w: 0.000000[0m
[0m[ INFO] [1748066131.043368979]: [1748066131.043] Robot state - x: 0.011830, y: -0.000055, phi: -0.010190[0m
[0m[ INFO] [1748066131.043517141]: [1748066131.043] Reference trajectory - x: 0.083029, y: 0.000000, phi: 0.000000, v: 0.141073, w: 0.000000[0m
[0m[ INFO] [1748066131.043591926]: [1748066131.044] v: 0.539818, w: 0.041071[0m
[0m[ INFO] [1748066131.097706369]: Received reference trajectory - x: 97.699059, y: 0.000000, phi: 0.000000, v: 152.281845, w: 0.000000[0m
[0m[ INFO] [1748066131.143009101]: [1748066131.143] Robot state - x: 0.023044, y: -0.000134, phi: -0.011081[0m
[0m[ INFO] [1748066131.143164335]: [1748066131.143] Reference trajectory - x: 0.097699, y: 0.000000, phi: 0.000000, v: 0.152282, w: 0.000000[0m
[0m[ INFO] [1748066131.143209551]: [1748066131.143] v: 0.588581, w: 0.045423[0m
[0m[ INFO] [1748066131.195251460]: Received reference trajectory - x: 113.480583, y: 0.000000, phi: 0.000000, v: 163.312225, w: 0.000000[0m
[0m[ INFO] [1748066131.243630449]: [1748066131.244] Robot state - x: 0.038193, y: -0.000303, phi: -0.012928[0m
[0m[ INFO] [1748066131.243784627]: [1748066131.244] Reference trajectory - x: 0.113481, y: 0.000000, phi: 0.000000, v: 0.163312, w: 0.000000[0m
[0m[ INFO] [1748066131.243838003]: [1748066131.244] v: 0.625955, w: 0.054493[0m
[0m[ INFO] [1748066131.295440164]: Received reference trajectory - x: 130.384003, y: 0.000000, phi: 0.000000, v: 174.181961, w: 0.000000[0m
[0m[ INFO] [1748066131.343154953]: [1748066131.343] Robot state - x: 0.056693, y: -0.000549, phi: -0.017418[0m
[0m[ INFO] [1748066131.343275275]: [1748066131.343] Reference trajectory - x: 0.130384, y: 0.000000, phi: 0.000000, v: 0.174182, w: 0.000000[0m
[0m[ INFO] [1748066131.343482477]: [1748066131.343] v: 0.653662, w: 0.074906[0m
[0m[ INFO] [1748066131.395325280]: Received reference trajectory - x: 148.310150, y: 0.000000, phi: 0.000000, v: 184.840668, w: 0.000000[0m
[0m[ INFO] [1748066131.443737837]: [1748066131.444] Robot state - x: 0.079320, y: -0.000883, phi: -0.021080[0m
[0m[ INFO] [1748066131.443866767]: [1748066131.444] Reference trajectory - x: 0.148310, y: 0.000000, phi: 0.000000, v: 0.184841, w: 0.000000[0m
[0m[ INFO] [1748066131.443911247]: [1748066131.444] v: 0.667129, w: 0.092980[0m
[0m[ INFO] [1748066131.495412286]: Received reference trajectory - x: 167.316849, y: 0.000000, phi: 0.000000, v: 195.335495, w: 0.000000[0m
[0m[ INFO] [1748066131.544132079]: [1748066131.544] Robot state - x: 0.105689, y: -0.001427, phi: -0.027480[0m
[0m[ INFO] [1748066131.544294801]: [1748066131.544] Reference trajectory - x: 0.167317, y: 0.000000, phi: 0.000000, v: 0.195335, w: 0.000000[0m
[0m[ INFO] [1748066131.544370226]: [1748066131.544] v: 0.667355, w: 0.124145[0m
[0m[ INFO] [1748066131.595274746]: Received reference trajectory - x: 187.366302, y: 0.000000, phi: 0.000000, v: 205.653778, w: 0.000000[0m
[0m[ INFO] [1748066131.643159170]: [1748066131.643] Robot state - x: 0.135606, y: -0.002221, phi: -0.038402[0m
[0m[ INFO] [1748066131.643316932]: [1748066131.643] Reference trajectory - x: 0.187366, y: 0.000000, phi: 0.000000, v: 0.205654, w: 0.000000[0m
[0m[ INFO] [1748066131.643379524]: [1748066131.643] v: 0.654164, w: 0.175966[0m
[0m[ INFO] [1748066131.696298595]: Received reference trajectory - x: 208.441849, y: 0.000000, phi: 0.000000, v: 215.795822, w: 0.000000[0m
[0m[ INFO] [1748066131.743029438]: [1748066131.743] Robot state - x: 0.169050, y: -0.003276, phi: -0.046522[0m
[0m[ INFO] [1748066131.743154687]: [1748066131.743] Reference trajectory - x: 0.208442, y: 0.000000, phi: 0.000000, v: 0.215796, w: 0.000000[0m
[0m[ INFO] [1748066131.743200256]: [1748066131.743] v: 0.626787, w: 0.219507[0m
[0m[ INFO] [1748066131.795732762]: Received reference trajectory - x: 230.525024, y: 0.000000, phi: 0.000000, v: 225.761032, w: 0.000000[0m
[0m[ INFO] [1748066131.843609186]: [1748066131.843] Robot state - x: 0.206412, y: -0.004881, phi: -0.055597[0m
[0m[ INFO] [1748066131.843707619]: [1748066131.844] Reference trajectory - x: 0.230525, y: 0.000000, phi: 0.000000, v: 0.225761, w: 0.000000[0m
[0m[ INFO] [1748066131.843750979]: [1748066131.844] v: 0.582644, w: 0.272682[0m
[0m[ INFO] [1748066131.896128700]: Received reference trajectory - x: 253.597183, y: 0.000000, phi: 0.000000, v: 235.548889, w: 0.000000[0m
[0m[ INFO] [1748066131.943105178]: [1748066131.943] Robot state - x: 0.248077, y: -0.006956, phi: -0.062061[0m
[0m[ INFO] [1748066131.943211515]: [1748066131.943] Reference trajectory - x: 0.253597, y: 0.000000, phi: 0.000000, v: 0.235549, w: 0.000000[0m
[0m[ INFO] [1748066131.943259420]: [1748066131.943] v: 0.519061, w: 0.320679[0m
[0m[ INFO] [1748066131.995840054]: Received reference trajectory - x: 277.622192, y: 0.000000, phi: 0.000000, v: 245.152191, w: 0.000000[0m
[0m[ INFO] [1748066132.043352058]: [1748066132.043] Robot state - x: 0.292466, y: -0.009504, phi: -0.065531[0m
[0m[ INFO] [1748066132.043446267]: [1748066132.043] Reference trajectory - x: 0.277622, y: 0.000000, phi: 0.000000, v: 0.245152, w: 0.000000[0m
[0m[ INFO] [1748066132.043528988]: [1748066132.044] v: 0.441704, w: 0.362161[0m
[0m[ INFO] [1748066132.095869236]: Received reference trajectory - x: 302.616974, y: 0.000000, phi: 0.000000, v: 254.584793, w: 0.000000[0m
[0m[ INFO] [1748066132.144106464]: [1748066132.144] Robot state - x: 0.336429, y: -0.012068, phi: -0.057921[0m
[0m[ INFO] [1748066132.144198081]: [1748066132.144] Reference trajectory - x: 0.302617, y: 0.000000, phi: 0.000000, v: 0.254585, w: 0.000000[0m
[0m[ INFO] [1748066132.144240513]: [1748066132.144] v: 0.363821, w: 0.360553[0m
[0m[ INFO] [1748066132.195342508]: Received reference trajectory - x: 328.536011, y: 0.000000, phi: 0.000000, v: 263.835907, w: 0.000000[0m
[0m[ INFO] [1748066132.243057394]: [1748066132.243] Robot state - x: 0.378014, y: -0.014473, phi: -0.042414[0m
[0m[ INFO] [1748066132.243480118]: [1748066132.243] Reference trajectory - x: 0.328536, y: 0.000000, phi: 0.000000, v: 0.263836, w: 0.000000[0m
[0m[ INFO] [1748066132.243555447]: [1748066132.244] v: 0.294145, w: 0.326771[0m
[0m[ INFO] [1748066132.295409514]: Received reference trajectory - x: 355.373077, y: 0.000000, phi: 0.000000, v: 272.909943, w: 0.000000[0m
[0m[ INFO] [1748066132.343592533]: [1748066132.343] Robot state - x: 0.415886, y: -0.016392, phi: -0.027830[0m
[0m[ INFO] [1748066132.343712822]: [1748066132.344] Reference trajectory - x: 0.355373, y: 0.000000, phi: 0.000000, v: 0.272910, w: 0.000000[0m
[0m[ INFO] [1748066132.343756791]: [1748066132.344] v: 0.239516, w: 0.292556[0m
[0m[ INFO] [1748066132.396021230]: Received reference trajectory - x: 383.113312, y: 0.000000, phi: 0.000000, v: 281.807678, w: 0.000000[0m
[0m[ INFO] [1748066132.442893899]: [1748066132.443] Robot state - x: 0.449657, y: -0.017593, phi: -0.014074[0m
[0m[ INFO] [1748066132.442988908]: [1748066132.443] Reference trajectory - x: 0.383113, y: 0.000000, phi: 0.000000, v: 0.281808, w: 0.000000[0m
[0m[ INFO] [1748066132.443031884]: [1748066132.443] v: 0.203022, w: 0.255053[0m
[0m[ INFO] [1748066132.496052396]: Received reference trajectory - x: 411.862244, y: 0.000000, phi: 0.000000, v: 290.565521, w: 0.000000[0m
[0m[ INFO] [1748066132.543447534]: [1748066132.543] Robot state - x: 0.479900, y: -0.018214, phi: 0.000541[0m
[0m[ INFO] [1748066132.543538671]: [1748066132.544] Reference trajectory - x: 0.411862, y: 0.000000, phi: 0.000000, v: 0.290566, w: 0.000000[0m
[0m[ INFO] [1748066132.543581711]: [1748066132.544] v: 0.184244, w: 0.208710[0m
[0m[ INFO] [1748066132.595916935]: Received reference trajectory - x: 441.207092, y: 0.000000, phi: 0.000000, v: 299.066376, w: 0.000000[0m
[0m[ INFO] [1748066132.643240521]: [1748066132.643] Robot state - x: 0.507010, y: -0.018436, phi: 0.012259[0m
[0m[ INFO] [1748066132.643339050]: [1748066132.643] Reference trajectory - x: 0.441207, y: 0.000000, phi: 0.000000, v: 0.299066, w: 0.000000[0m
[0m[ INFO] [1748066132.643384011]: [1748066132.643] v: 0.180981, w: 0.170102[0m
[0m[ INFO] [1748066132.695769859]: Received reference trajectory - x: 471.536163, y: 0.000000, phi: 0.000000, v: 307.430634, w: 0.000000[0m
[0m[ INFO] [1748066132.742972516]: [1748066132.743] Robot state - x: 0.532162, y: -0.018315, phi: 0.020793[0m
[0m[ INFO] [1748066132.743093253]: [1748066132.743] Reference trajectory - x: 0.471536, y: 0.000000, phi: 0.000000, v: 0.307431, w: 0.000000[0m
[0m[ INFO] [1748066132.743139333]: [1748066132.743] v: 0.191102, w: 0.140788[0m
[0m[ INFO] [1748066132.795951043]: Received reference trajectory - x: 502.701813, y: 0.000000, phi: 0.000000, v: 315.619385, w: 0.000000[0m
[0m[ INFO] [1748066132.843967180]: [1748066132.844] Robot state - x: 0.555928, y: -0.017897, phi: 0.031492[0m
[0m[ INFO] [1748066132.844087533]: [1748066132.844] Reference trajectory - x: 0.502702, y: 0.000000, phi: 0.000000, v: 0.315619, w: 0.000000[0m
[0m[ INFO] [1748066132.844257295]: [1748066132.844] v: 0.212366, w: 0.099850[0m
[0m[ INFO] [1748066132.895567324]: Received reference trajectory - x: 534.652710, y: 0.000000, phi: 0.000000, v: 323.624084, w: 0.000000[0m
[0m[ INFO] [1748066132.943135200]: [1748066132.943] Robot state - x: 0.578902, y: -0.017294, phi: 0.042382[0m
[0m[ INFO] [1748066132.943225345]: [1748066132.943] Reference trajectory - x: 0.534653, y: 0.000000, phi: 0.000000, v: 0.323624, w: 0.000000[0m
[0m[ INFO] [1748066132.943268386]: [1748066132.943] v: 0.242653, w: 0.056176[0m
[0m[ INFO] [1748066132.996684165]: Received reference trajectory - x: 567.578003, y: 0.000000, phi: 0.000000, v: 331.493927, w: 0.000000[0m
[0m[ INFO] [1748066133.043806021]: [1748066133.044] Robot state - x: 0.602488, y: -0.016532, phi: 0.043974[0m
[0m[ INFO] [1748066133.043936518]: [1748066133.044] Reference trajectory - x: 0.567578, y: 0.000000, phi: 0.000000, v: 0.331494, w: 0.000000[0m
[0m[ INFO] [1748066133.044225897]: [1748066133.044] v: 0.277222, w: 0.047690[0m
[0m[ INFO] [1748066133.095401493]: Received reference trajectory - x: 600.943481, y: 0.000000, phi: 0.000000, v: 339.107941, w: 0.000000[0m
[0m[ INFO] [1748066133.143024218]: [1748066133.143] Robot state - x: 0.627017, y: -0.015363, phi: 0.054482[0m
[0m[ INFO] [1748066133.143191867]: [1748066133.143] Reference trajectory - x: 0.600944, y: 0.000000, phi: 0.000000, v: 0.339108, w: 0.000000[0m
[0m[ INFO] [1748066133.143260860]: [1748066133.143] v: 0.312296, w: -0.000563[0m
[0m[ INFO] [1748066133.195398290]: Received reference trajectory - x: 635.222778, y: 0.000000, phi: 0.000000, v: 346.581116, w: 0.000000[0m
[0m[ INFO] [1748066133.243091608]: [1748066133.243] Robot state - x: 0.652153, y: -0.014195, phi: 0.059354[0m
[0m[ INFO] [1748066133.243248409]: [1748066133.243] Reference trajectory - x: 0.635223, y: 0.000000, phi: 0.000000, v: 0.346581, w: 0.000000[0m
[0m[ INFO] [1748066133.243354266]: [1748066133.243] v: 0.351359, w: -0.026756[0m
[0m[ INFO] [1748066133.296550268]: Received reference trajectory - x: 670.252808, y: 0.000000, phi: 0.000000, v: 353.879089, w: 0.000000[0m
[0m[ INFO] [1748066133.343014548]: [1748066133.343] Robot state - x: 0.678860, y: -0.012728, phi: 0.060182[0m
[0m[ INFO] [1748066133.343126165]: [1748066133.343] Reference trajectory - x: 0.670253, y: 0.000000, phi: 0.000000, v: 0.353879, w: 0.000000[0m
[0m[ INFO] [1748066133.343203222]: [1748066133.343] v: 0.389560, w: -0.040242[0m
[0m[ INFO] [1748066133.396905789]: Received reference trajectory - x: 705.991821, y: 0.000000, phi: 0.000000, v: 360.996857, w: 0.000000[0m
[0m[ INFO] [1748066133.443099282]: [1748066133.443] Robot state - x: 0.707349, y: -0.011108, phi: 0.055087[0m
[0m[ INFO] [1748066133.443227476]: [1748066133.443] Reference trajectory - x: 0.705992, y: 0.000000, phi: 0.000000, v: 0.360997, w: 0.000000[0m
[0m[ INFO] [1748066133.443316725]: [1748066133.443] v: 0.425541, w: -0.032169[0m
[0m[ INFO] [1748066133.495420138]: Received reference trajectory - x: 742.441101, y: 0.000000, phi: 0.000000, v: 367.938354, w: 0.000000[0m
[0m[ INFO] [1748066133.543695030]: [1748066133.544] Robot state - x: 0.737964, y: -0.009209, phi: 0.058622[0m
[0m[ INFO] [1748066133.543836695]: [1748066133.544] Reference trajectory - x: 0.742441, y: 0.000000, phi: 0.000000, v: 0.367938, w: 0.000000[0m
[0m[ INFO] [1748066133.543889912]: [1748066133.544] v: 0.457468, w: -0.061708[0m
[0m[ INFO] [1748066133.595330918]: Received reference trajectory - x: 779.583984, y: 0.000000, phi: 0.000000, v: 374.703522, w: 0.000000[0m
[0m[ INFO] [1748066133.643257358]: [1748066133.643] Robot state - x: 0.769795, y: -0.007518, phi: 0.054546[0m
[0m[ INFO] [1748066133.643388848]: [1748066133.643] Reference trajectory - x: 0.779584, y: 0.000000, phi: 0.000000, v: 0.374704, w: 0.000000[0m
[0m[ INFO] [1748066133.643457809]: [1748066133.643] v: 0.488789, w: -0.059500[0m
[0m[ INFO] [1748066133.695452325]: Received reference trajectory - x: 817.380371, y: 0.000000, phi: 0.000000, v: 381.288391, w: 0.000000[0m
[0m[ INFO] [1748066133.743630640]: [1748066133.744] Robot state - x: 0.803598, y: -0.005674, phi: 0.046330[0m
[0m[ INFO] [1748066133.743747537]: [1748066133.744] Reference trajectory - x: 0.817380, y: 0.000000, phi: 0.000000, v: 0.381288, w: 0.000000[0m
[0m[ INFO] [1748066133.743856018]: [1748066133.744] v: 0.515860, w: -0.042911[0m
[0m[ INFO] [1748066133.795305441]: Received reference trajectory - x: 855.828369, y: 0.000000, phi: 0.000000, v: 387.695892, w: 0.000000[0m
[0m[ INFO] [1748066133.843351722]: [1748066133.843] Robot state - x: 0.840134, y: -0.003708, phi: 0.044770[0m
[0m[ INFO] [1748066133.843482763]: [1748066133.843] Reference trajectory - x: 0.855828, y: 0.000000, phi: 0.000000, v: 0.387696, w: 0.000000[0m
[0m[ INFO] [1748066133.843557996]: [1748066133.844] v: 0.534951, w: -0.054583[0m
[0m[ INFO] [1748066133.895616737]: Received reference trajectory - x: 894.977051, y: 0.000000, phi: 0.000000, v: 393.936340, w: 0.000000[0m
[0m[ INFO] [1748066133.944312594]: [1748066133.944] Robot state - x: 0.878258, y: -0.001977, phi: 0.042828[0m
[0m[ INFO] [1748066133.944431635]: [1748066133.944] Reference trajectory - x: 0.894977, y: 0.000000, phi: 0.000000, v: 0.393936, w: 0.000000[0m
[0m[ INFO] [1748066133.944590293]: [1748066133.945] v: 0.550613, w: -0.062999[0m
[0m[ INFO] [1748066133.995476413]: Received reference trajectory - x: 934.615112, y: 0.000000, phi: 0.000000, v: 399.979523, w: 0.000000[0m
[0m[ INFO] [1748066134.043373285]: [1748066134.043] Robot state - x: 0.917972, y: -0.000317, phi: 0.036841[0m
[0m[ INFO] [1748066134.043472934]: [1748066134.043] Reference trajectory - x: 0.934615, y: 0.000000, phi: 0.000000, v: 0.399980, w: 0.000000[0m
[0m[ INFO] [1748066134.043518726]: [1748066134.043] v: 0.561610, w: -0.055178[0m
[0m[ INFO] [1748066134.096819593]: Received reference trajectory - x: 974.899048, y: 0.000000, phi: 0.000000, v: 405.852783, w: 0.000000[0m
[0m[ INFO] [1748066134.144587535]: [1748066134.144] Robot state - x: 0.958692, y: 0.001189, phi: 0.025124[0m
[0m[ INFO] [1748066134.144683888]: [1748066134.145] Reference trajectory - x: 0.974899, y: 0.000000, phi: 0.000000, v: 0.405853, w: 0.000000[0m
[0m[ INFO] [1748066134.144732785]: [1748066134.145] v: 0.570843, w: -0.023552[0m
[0m[ INFO] [1748066134.195608345]: Received reference trajectory - x: 1015.774231, y: 0.000000, phi: 0.000000, v: 411.550110, w: 0.000000[0m
[0m[ INFO] [1748066134.244987761]: [1748066134.245] Robot state - x: 1.000969, y: 0.002646, phi: 0.020347[0m
[0m[ INFO] [1748066134.245081298]: [1748066134.245] Reference trajectory - x: 1.015774, y: 0.000000, phi: 0.000000, v: 0.411550, w: 0.000000[0m
[0m[ INFO] [1748066134.245126578]: [1748066134.245] v: 0.575555, w: -0.019513[0m
[0m[ INFO] [1748066134.310046867]: Received reference trajectory - x: 1058.289673, y: 0.000000, phi: 0.000000, v: 417.210052, w: 0.000000[0m
[0m[ INFO] [1748066134.346086842]: [1748066134.346] Robot state - x: 1.044453, y: 0.003549, phi: 0.011622[0m
[0m[ INFO] [1748066134.346367357]: [1748066134.346] Reference trajectory - x: 1.058290, y: 0.000000, phi: 0.000000, v: 0.417210, w: 0.000000[0m
[0m[ INFO] [1748066134.346423197]: [1748066134.346] v: 0.581676, w: 0.005308[0m
[0m[ INFO] [1748066134.395337904]: Received reference trajectory - x: 1099.175659, y: 0.000000, phi: 0.000000, v: 422.409607, w: 0.000000[0m
[0m[ INFO] [1748066134.443440570]: [1748066134.443] Robot state - x: 1.089110, y: 0.004338, phi: 0.006273[0m
[0m[ INFO] [1748066134.443551643]: [1748066134.444] Reference trajectory - x: 1.099176, y: 0.000000, phi: 0.000000, v: 0.422410, w: 0.000000[0m
[0m[ INFO] [1748066134.443631836]: [1748066134.444] v: 0.574821, w: 0.017561[0m
[0m[ INFO] [1748066134.495359534]: Received reference trajectory - x: 1141.679077, y: 0.000000, phi: 0.000000, v: 427.573456, w: 0.000000[0m
[0m[ INFO] [1748066134.543904988]: [1748066134.544] Robot state - x: 1.134187, y: 0.004574, phi: -0.006496[0m
[0m[ INFO] [1748066134.544030014]: [1748066134.544] Reference trajectory - x: 1.141679, y: 0.000000, phi: 0.000000, v: 0.427573, w: 0.000000[0m
[0m[ INFO] [1748066134.544102079]: [1748066134.544] v: 0.571954, w: 0.064597[0m
[0m[ INFO] [1748066134.595365771]: Received reference trajectory - x: 1184.690552, y: 0.000000, phi: 0.000000, v: 432.559540, w: 0.000000[0m
[0m[ INFO] [1748066134.643304019]: [1748066134.643] Robot state - x: 1.180032, y: 0.004733, phi: -0.012132[0m
[0m[ INFO] [1748066134.643402132]: [1748066134.643] Reference trajectory - x: 1.184691, y: 0.000000, phi: 0.000000, v: 0.432560, w: 0.000000[0m
[0m[ INFO] [1748066134.643447221]: [1748066134.643] v: 0.566966, w: 0.083976[0m
[0m[ INFO] [1748066134.695307303]: Received reference trajectory - x: 1228.191162, y: 0.000000, phi: 0.000000, v: 437.367767, w: 0.000000[0m
[0m[ INFO] [1748066134.743179791]: [1748066134.743] Robot state - x: 1.225682, y: 0.004267, phi: -0.019551[0m
[0m[ INFO] [1748066134.743272048]: [1748066134.743] Reference trajectory - x: 1.228191, y: 0.000000, phi: 0.000000, v: 0.437368, w: 0.000000[0m
[0m[ INFO] [1748066134.743514739]: [1748066134.743] v: 0.563881, w: 0.116640[0m
[0m[ INFO] [1748066134.795416998]: Received reference trajectory - x: 1272.162598, y: 0.000000, phi: 0.000000, v: 441.998077, w: 0.000000[0m
[0m[ INFO] [1748066134.843120907]: [1748066134.843] Robot state - x: 1.271531, y: 0.003497, phi: -0.028849[0m
[0m[ INFO] [1748066134.843243245]: [1748066134.843] Reference trajectory - x: 1.272163, y: 0.000000, phi: 0.000000, v: 0.441998, w: 0.000000[0m
[0m[ INFO] [1748066134.843341646]: [1748066134.843] v: 0.561127, w: 0.159957[0m
[0m[ INFO] [1748066134.896386061]: Received reference trajectory - x: 1316.616455, y: 0.000000, phi: 0.000000, v: 446.453369, w: 0.000000[0m
[0m[ INFO] [1748066134.945300928]: [1748066134.945] Robot state - x: 1.317356, y: 0.002556, phi: -0.030823[0m
[0m[ INFO] [1748066134.945394977]: [1748066134.945] Reference trajectory - x: 1.316616, y: 0.000000, phi: 0.000000, v: 0.446453, w: 0.000000[0m
[0m[ INFO] [1748066134.945515459]: [1748066134.945] v: 0.559809, w: 0.176117[0m
[0m[ INFO] [1748066134.995324671]: Received reference trajectory - x: 1361.454102, y: 0.000000, phi: 0.000000, v: 450.725708, w: 0.000000[0m
[0m[ INFO] [1748066135.043081925]: [1748066135.043] Robot state - x: 1.363371, y: 0.001140, phi: -0.034676[0m
[0m[ INFO] [1748066135.043202887]: [1748066135.043] Reference trajectory - x: 1.361454, y: 0.000000, phi: 0.000000, v: 0.450726, w: 0.000000[0m
[0m[ INFO] [1748066135.043312552]: [1748066135.043] v: 0.558721, w: 0.204799[0m
[0m[ INFO] [1748066135.096423752]: Received reference trajectory - x: 1406.726562, y: 0.000000, phi: 0.000000, v: 454.821899, w: 0.000000[0m
[0m[ INFO] [1748066135.143302021]: [1748066135.143] Robot state - x: 1.409182, y: -0.000318, phi: -0.036650[0m
[0m[ INFO] [1748066135.143416422]: [1748066135.143] Reference trajectory - x: 1.406727, y: 0.000000, phi: 0.000000, v: 0.454822, w: 0.000000[0m
[0m[ INFO] [1748066135.143479143]: [1748066135.143] v: 0.559865, w: 0.226870[0m
[0m[ INFO] [1748066135.195915680]: Received reference trajectory - x: 1452.516235, y: 0.000000, phi: 0.000000, v: 458.750122, w: 0.000000[0m
[0m[ INFO] [1748066135.295421655]: Received reference trajectory - x: 1498.481689, y: 0.000000, phi: 0.000000, v: 462.483185, w: 0.000000[0m
[0m[ INFO] [1748066135.367412260]: [1748066135.367] Robot state - x: 1.455960, y: -0.001864, phi: -0.033371[0m
[0m[ INFO] [1748066135.367522214]: [1748066135.367] Reference trajectory - x: 1.498482, y: 0.000000, phi: 0.000000, v: 0.462483, w: 0.000000[0m
[0m[ INFO] [1748066135.367603975]: [1748066135.368] v: 0.762671, w: 0.229395[0m
[0m[ INFO] [1748066135.372295161]: [1748066135.372] Robot state - x: 1.502741, y: -0.003588, phi: -0.033753[0m
[0m[ INFO] [1748066135.372386202]: [1748066135.372] Reference trajectory - x: 1.498482, y: 0.000000, phi: 0.000000, v: 0.462483, w: 0.000000[0m
[0m[ INFO] [1748066135.372429403]: [1748066135.372] v: 0.572327, w: 0.248751[0m
[0m[ INFO] [1748066135.395398708]: Received reference trajectory - x: 1544.892578, y: 0.000000, phi: 0.000000, v: 466.045319, w: 0.000000[0m
[0m[ INFO] [1748066135.443564447]: [1748066135.443] Robot state - x: 1.549323, y: -0.005261, phi: -0.032256[0m
[0m[ INFO] [1748066135.443681536]: [1748066135.444] Reference trajectory - x: 1.544893, y: 0.000000, phi: 0.000000, v: 0.466045, w: 0.000000[0m
[0m[ INFO] [1748066135.443755745]: [1748066135.444] v: 0.573800, w: 0.260670[0m
[0m[ INFO] [1748066135.495379761]: Received reference trajectory - x: 1591.661865, y: 0.000000, phi: 0.000000, v: 469.430603, w: 0.000000[0m
[0m[ INFO] [1748066135.543681053]: [1748066135.544] Robot state - x: 1.596503, y: -0.006866, phi: -0.032734[0m
[0m[ INFO] [1748066135.543801886]: [1748066135.544] Reference trajectory - x: 1.591662, y: 0.000000, phi: 0.000000, v: 0.469431, w: 0.000000[0m
[0m[ INFO] [1748066135.543902176]: [1748066135.544] v: 0.573996, w: 0.280280[0m
[0m[ INFO] [1748066135.595406638]: Received reference trajectory - x: 1638.784668, y: 0.000000, phi: 0.000000, v: 472.639740, w: 0.000000[0m
[0m[ INFO] [1748066135.643624314]: [1748066135.644] Robot state - x: 1.643678, y: -0.008313, phi: -0.029550[0m
[0m[ INFO] [1748066135.643725211]: [1748066135.644] Reference trajectory - x: 1.638785, y: 0.000000, phi: 0.000000, v: 0.472640, w: 0.000000[0m
[0m[ INFO] [1748066135.643820508]: [1748066135.644] v: 0.575449, w: 0.284264[0m
[0m[ INFO] [1748066135.695333547]: Received reference trajectory - x: 1686.166138, y: 0.000000, phi: 0.000000, v: 475.667633, w: 0.000000[0m
[0m[ INFO] [1748066135.744228413]: [1748066135.744] Robot state - x: 1.690844, y: -0.009696, phi: -0.022704[0m
[0m[ INFO] [1748066135.744325086]: [1748066135.744] Reference trajectory - x: 1.686166, y: 0.000000, phi: 0.000000, v: 0.475668, w: 0.000000[0m
[0m[ INFO] [1748066135.744419167]: [1748066135.744] v: 0.577868, w: 0.273504[0m
[0m[ INFO] [1748066135.795363208]: Received reference trajectory - x: 1733.903076, y: 0.000000, phi: 0.000000, v: 478.521606, w: 0.000000[0m
[0m[ INFO] [1748066135.843098990]: [1748066135.843] Robot state - x: 1.739396, y: -0.011017, phi: -0.018023[0m
[0m[ INFO] [1748066135.843332849]: [1748066135.843] Reference trajectory - x: 1.733903, y: 0.000000, phi: 0.000000, v: 0.478522, w: 0.000000[0m
[0m[ INFO] [1748066135.843436402]: [1748066135.843] v: 0.575695, w: 0.271175[0m
[0m[ INFO] [1748066135.895760649]: Received reference trajectory - x: 1781.878174, y: 0.000000, phi: 0.000000, v: 481.195526, w: 0.000000[0m
[0m[ INFO] [1748066135.944745725]: [1748066135.945] Robot state - x: 1.787947, y: -0.011917, phi: -0.009680[0m
[0m[ INFO] [1748066135.944970943]: [1748066135.945] Reference trajectory - x: 1.781878, y: 0.000000, phi: 0.000000, v: 0.481196, w: 0.000000[0m
[0m[ INFO] [1748066135.945090977]: [1748066135.945] v: 0.574125, w: 0.250487[0m
[0m[ INFO] [1748066135.995502884]: Received reference trajectory - x: 1830.128540, y: 0.000000, phi: 0.000000, v: 483.692596, w: 0.000000[0m
[0m[ INFO] [1748066136.044689945]: [1748066136.044] Robot state - x: 1.836702, y: -0.012638, phi: -0.003216[0m
[0m[ INFO] [1748066136.044943548]: [1748066136.045] Reference trajectory - x: 1.830129, y: 0.000000, phi: 0.000000, v: 0.483693, w: 0.000000[0m
[0m[ INFO] [1748066136.045073790]: [1748066136.045] v: 0.572502, w: 0.235766[0m
[0m[ INFO] [1748066136.095253470]: Received reference trajectory - x: 1878.625610, y: 0.000000, phi: 0.000000, v: 486.012115, w: 0.000000[0m
[0m[ INFO] [1748066136.143896654]: [1748066136.144] Robot state - x: 1.886442, y: -0.012919, phi: 0.004840[0m
[0m[ INFO] [1748066136.143998767]: [1748066136.144] Reference trajectory - x: 1.878626, y: 0.000000, phi: 0.000000, v: 0.486012, w: 0.000000[0m
[0m[ INFO] [1748066136.144089360]: [1748066136.144] v: 0.567333, w: 0.210541[0m
[0m[ INFO] [1748066136.195670463]: Received reference trajectory - x: 1927.321167, y: 0.000000, phi: 0.000000, v: 488.152771, w: 0.000000[0m
[0m[ INFO] [1748066136.243735497]: [1748066136.244] Robot state - x: 1.935799, y: -0.012967, phi: 0.009330[0m
[0m[ INFO] [1748066136.243836426]: [1748066136.244] Reference trajectory - x: 1.927321, y: 0.000000, phi: 0.000000, v: 0.488153, w: 0.000000[0m
[0m[ INFO] [1748066136.243882539]: [1748066136.244] v: 0.564123, w: 0.197251[0m
[0m[ INFO] [1748066136.295216567]: Received reference trajectory - x: 1976.248657, y: 0.000000, phi: 0.000000, v: 490.116760, w: 0.000000[0m
[0m[ INFO] [1748066136.343403362]: [1748066136.343] Robot state - x: 1.985537, y: -0.012526, phi: 0.017386[0m
[0m[ INFO] [1748066136.343508099]: [1748066136.343] Reference trajectory - x: 1.976249, y: 0.000000, phi: 0.000000, v: 0.490117, w: 0.000000[0m
[0m[ INFO] [1748066136.343555268]: [1748066136.344] v: 0.559876, w: 0.164906[0m
[0m[ INFO] [1748066136.395579096]: Received reference trajectory - x: 2025.364136, y: 0.000000, phi: 0.000000, v: 491.902893, w: 0.000000[0m
[0m[ INFO] [1748066136.444195112]: [1748066136.444] Robot state - x: 2.034699, y: -0.012001, phi: 0.020092[0m
[0m[ INFO] [1748066136.444558636]: [1748066136.444] Reference trajectory - x: 2.025364, y: 0.000000, phi: 0.000000, v: 0.491903, w: 0.000000[0m
[0m[ INFO] [1748066136.444612236]: [1748066136.445] v: 0.558523, w: 0.152848[0m
[0m[ INFO] [1748066136.495399475]: Received reference trajectory - x: 2074.624512, y: 0.000000, phi: 0.000000, v: 493.510376, w: 0.000000[0m
[0m[ INFO] [1748066136.543791328]: [1748066136.544] Robot state - x: 2.083856, y: -0.011080, phi: 0.022799[0m
[0m[ INFO] [1748066136.543888481]: [1748066136.544] Reference trajectory - x: 2.074625, y: 0.000000, phi: 0.000000, v: 0.493510, w: 0.000000[0m
[0m[ INFO] [1748066136.543930754]: [1748066136.544] v: 0.557633, w: 0.136664[0m
[0m[ INFO] [1748066136.595743348]: Received reference trajectory - x: 2124.070312, y: 0.000000, phi: 0.000000, v: 494.941101, w: 0.000000[0m
[0m[ INFO] [1748066136.643071990]: [1748066136.643] Robot state - x: 2.132413, y: -0.009990, phi: 0.027480[0m
[0m[ INFO] [1748066136.643289080]: [1748066136.643] Reference trajectory - x: 2.124070, y: 0.000000, phi: 0.000000, v: 0.494941, w: 0.000000[0m
[0m[ INFO] [1748066136.643362009]: [1748066136.643] v: 0.560016, w: 0.110656[0m
[0m[ INFO] [1748066136.695634992]: Received reference trajectory - x: 2173.597900, y: 0.000000, phi: 0.000000, v: 496.192657, w: 0.000000[0m
[0m[ INFO] [1748066136.743997597]: [1748066136.744] Robot state - x: 2.181170, y: -0.008810, phi: 0.030282[0m
[0m[ INFO] [1748066136.744100830]: [1748066136.744] Reference trajectory - x: 2.173598, y: 0.000000, phi: 0.000000, v: 0.496193, w: 0.000000[0m
[0m[ INFO] [1748066136.744200927]: [1748066136.744] v: 0.561987, w: 0.090867[0m
[0m[ INFO] [1748066136.795463019]: Received reference trajectory - x: 2223.277100, y: 0.000000, phi: 0.000000, v: 497.267365, w: 0.000000[0m
[0m[ INFO] [1748066136.844272893]: [1748066136.844] Robot state - x: 2.229922, y: -0.007402, phi: 0.033084[0m
[0m[ INFO] [1748066136.844393022]: [1748066136.844] Reference trajectory - x: 2.223277, y: 0.000000, phi: 0.000000, v: 0.497267, w: 0.000000[0m
[0m[ INFO] [1748066136.844648929]: [1748066136.844] v: 0.564712, w: 0.068421[0m
[0m[ INFO] [1748066136.895528169]: Received reference trajectory - x: 2273.131592, y: 0.000000, phi: 0.000000, v: 498.165497, w: 0.000000[0m
[0m[ INFO] [1748066136.942925515]: [1748066136.943] Robot state - x: 2.278479, y: -0.005906, phi: 0.034103[0m
[0m[ INFO] [1748066136.943081421]: [1748066136.943] Reference trajectory - x: 2.273132, y: 0.000000, phi: 0.000000, v: 0.498165, w: 0.000000[0m
[0m[ INFO] [1748066136.943177390]: [1748066136.943] v: 0.569162, w: 0.051748[0m
[0m[ INFO] [1748066136.995625127]: Received reference trajectory - x: 2322.932617, y: 0.000000, phi: 0.000000, v: 498.883575, w: 0.000000[0m
[0m[ INFO] [1748066137.043275372]: [1748066137.043] Robot state - x: 2.328021, y: -0.004292, phi: 0.033052[0m
[0m[ INFO] [1748066137.043377453]: [1748066137.043] Reference trajectory - x: 2.322933, y: 0.000000, phi: 0.000000, v: 0.498884, w: 0.000000[0m
[0m[ INFO] [1748066137.043514958]: [1748066137.043] v: 0.569316, w: 0.041651[0m
[0m[ INFO] [1748066137.095401857]: Received reference trajectory - x: 2372.818848, y: 0.000000, phi: 0.000000, v: 499.424438, w: 0.000000[0m
[0m[ INFO] [1748066137.143182791]: [1748066137.143] Robot state - x: 2.377563, y: -0.002628, phi: 0.032002[0m
[0m[ INFO] [1748066137.143331337]: [1748066137.143] Reference trajectory - x: 2.372819, y: 0.000000, phi: 0.000000, v: 0.499424, w: 0.000000[0m
[0m[ INFO] [1748066137.143416458]: [1748066137.143] v: 0.569752, w: 0.030540[0m
[0m[ INFO] [1748066137.195423166]: Received reference trajectory - x: 2422.780273, y: 0.000000, phi: 0.000000, v: 499.787933, w: 0.000000[0m
[0m[ INFO] [1748066137.243314726]: [1748066137.243] Robot state - x: 2.427702, y: -0.001046, phi: 0.028977[0m
[0m[ INFO] [1748066137.243415591]: [1748066137.243] Reference trajectory - x: 2.422780, y: 0.000000, phi: 0.000000, v: 0.499788, w: 0.000000[0m
[0m[ INFO] [1748066137.243490632]: [1748066137.243] v: 0.567840, w: 0.027574[0m
[0m[ INFO] [1748066137.295351258]: Received reference trajectory - x: 2472.760742, y: 0.000000, phi: 0.000000, v: 499.973633, w: 0.000000[0m
[0m[ INFO] [1748066137.343045248]: [1748066137.343] Robot state - x: 2.477844, y: 0.000483, phi: 0.025952[0m
[0m[ INFO] [1748066137.343176001]: [1748066137.343] Reference trajectory - x: 2.472761, y: 0.000000, phi: 0.000000, v: 0.499974, w: 0.000000[0m
[0m[ INFO] [1748066137.343255522]: [1748066137.343] v: 0.565769, w: 0.024635[0m
[0m[ INFO] [1748066137.395651482]: Received reference trajectory - x: 2522.771240, y: 0.000000, phi: 0.000000, v: 499.981567, w: 0.000000[0m
[0m[ INFO] [1748066137.443944550]: [1748066137.444] Robot state - x: 2.528205, y: 0.001727, phi: 0.017386[0m
[0m[ INFO] [1748066137.444072488]: [1748066137.444] Reference trajectory - x: 2.522771, y: 0.000000, phi: 0.000000, v: 0.499982, w: 0.000000[0m
[0m[ INFO] [1748066137.444129608]: [1748066137.444] v: 0.562642, w: 0.046097[0m
[0m[ INFO] [1748066137.495468469]: Received reference trajectory - x: 2572.753174, y: 0.000000, phi: 0.000000, v: 499.811768, w: 0.000000[0m
[0m[ INFO] [1748066137.543132794]: [1748066137.543] Robot state - x: 2.578367, y: 0.002861, phi: 0.010699[0m
[0m[ INFO] [1748066137.543232315]: [1748066137.543] Reference trajectory - x: 2.572753, y: 0.000000, phi: 0.000000, v: 0.499812, w: 0.000000[0m
[0m[ INFO] [1748066137.543326044]: [1748066137.543] v: 0.559970, w: 0.060792[0m
[0m[ INFO] [1748066137.595276496]: Received reference trajectory - x: 2622.726318, y: 0.000000, phi: 0.000000, v: 499.464081, w: 0.000000[0m
[0m[ INFO] [1748066137.643256440]: [1748066137.643] Robot state - x: 2.628919, y: 0.003661, phi: 0.007579[0m
[0m[ INFO] [1748066137.643352474]: [1748066137.643] Reference trajectory - x: 2.622726, y: 0.000000, phi: 0.000000, v: 0.499464, w: 0.000000[0m
[0m[ INFO] [1748066137.643395578]: [1748066137.643] v: 0.555327, w: 0.064292[0m
[0m[ INFO] [1748066137.695341966]: Received reference trajectory - x: 2672.649902, y: 0.000000, phi: 0.000000, v: 498.938660, w: 0.000000[0m
[0m[ INFO] [1748066137.743203093]: [1748066137.743] Robot state - x: 2.679082, y: 0.004122, phi: 0.004554[0m
[0m[ INFO] [1748066137.743298774]: [1748066137.743] Reference trajectory - x: 2.672650, y: 0.000000, phi: 0.000000, v: 0.498939, w: 0.000000[0m
[0m[ INFO] [1748066137.743343158]: [1748066137.743] v: 0.551804, w: 0.070553[0m
[0m[ INFO] [1748066137.795467212]: Received reference trajectory - x: 2722.500977, y: 0.000000, phi: 0.000000, v: 498.235626, w: 0.000000[0m
[0m[ INFO] [1748066137.843355123]: [1748066137.843] Robot state - x: 2.729043, y: 0.004472, phi: 0.003407[0m
[0m[ INFO] [1748066137.843497749]: [1748066137.843] Reference trajectory - x: 2.722501, y: 0.000000, phi: 0.000000, v: 0.498236, w: 0.000000[0m
[0m[ INFO] [1748066137.843546485]: [1748066137.844] v: 0.548587, w: 0.070307[0m
[0m[ INFO] [1748066137.895698539]: Received reference trajectory - x: 2772.292236, y: 0.000000, phi: 0.000000, v: 497.354492, w: 0.000000[0m
[0m[ INFO] [1748066137.943969559]: [1748066137.944] Robot state - x: 2.779399, y: 0.004670, phi: 0.002165[0m
[0m[ INFO] [1748066137.944104888]: [1748066137.944] Reference trajectory - x: 2.772292, y: 0.000000, phi: 0.000000, v: 0.497354, w: 0.000000[0m
[0m[ INFO] [1748066137.944155097]: [1748066137.944] v: 0.543178, w: 0.071850[0m
[0m[ INFO] [1748066137.995256931]: Received reference trajectory - x: 2821.969238, y: 0.000000, phi: 0.000000, v: 496.295898, w: 0.000000[0m
[0m[ INFO] [1748066138.043785394]: [1748066138.044] Robot state - x: 2.829756, y: 0.004810, phi: 0.000924[0m
[0m[ INFO] [1748066138.043883251]: [1748066138.044] Reference trajectory - x: 2.821969, y: 0.000000, phi: 0.000000, v: 0.496296, w: 0.000000[0m
[0m[ INFO] [1748066138.043954931]: [1748066138.044] v: 0.536915, w: 0.073909[0m
[0m[ INFO] [1748066138.095399201]: Received reference trajectory - x: 2871.541260, y: 0.000000, phi: 0.000000, v: 495.059326, w: 0.000000[0m
[0m[ INFO] [1748066138.143492715]: [1748066138.143] Robot state - x: 2.879335, y: 0.004801, phi: -0.003789[0m
[0m[ INFO] [1748066138.143802991]: [1748066138.144] Reference trajectory - x: 2.871541, y: 0.000000, phi: 0.000000, v: 0.495059, w: 0.000000[0m
[0m[ INFO] [1748066138.144305972]: [1748066138.144] v: 0.533186, w: 0.091221[0m
[0m[ INFO] [1748066138.195443935]: Received reference trajectory - x: 2921.003418, y: 0.000000, phi: 0.000000, v: 493.644257, w: 0.000000[0m
[0m[ INFO] [1748066138.243836204]: [1748066138.244] Robot state - x: 2.928914, y: 0.004730, phi: -0.008502[0m
[0m[ INFO] [1748066138.243929645]: [1748066138.244] Reference trajectory - x: 2.921003, y: 0.000000, phi: 0.000000, v: 0.493644, w: 0.000000[0m
[0m[ INFO] [1748066138.243974925]: [1748066138.244] v: 0.528798, w: 0.109152[0m
[0m[ INFO] [1748066138.295486012]: Received reference trajectory - x: 2970.256592, y: 0.000000, phi: 0.000000, v: 492.053223, w: 0.000000[0m
[0m[ INFO] [1748066138.343268066]: [1748066138.343] Robot state - x: 2.978493, y: 0.004425, phi: -0.013214[0m
[0m[ INFO] [1748066138.343420644]: [1748066138.343] Reference trajectory - x: 2.970257, y: 0.000000, phi: 0.000000, v: 0.492053, w: 0.000000[0m
[0m[ INFO] [1748066138.343468420]: [1748066138.343] v: 0.523290, w: 0.129442[0m
[0m[ INFO] [1748066138.395566682]: Received reference trajectory - x: 3019.381348, y: 0.000000, phi: 0.000000, v: 490.283142, w: 0.000000[0m
[0m[ INFO] [1748066138.443160030]: [1748066138.443] Robot state - x: 3.027675, y: 0.003893, phi: -0.017832[0m
[0m[ INFO] [1748066138.443253631]: [1748066138.443] Reference trajectory - x: 3.019381, y: 0.000000, phi: 0.000000, v: 0.490283, w: 0.000000[0m
[0m[ INFO] [1748066138.443321600]: [1748066138.443] v: 0.518665, w: 0.151720[0m
[0m[ INFO] [1748066138.495885562]: Received reference trajectory - x: 3068.313965, y: 0.000000, phi: 0.000000, v: 488.335541, w: 0.000000[0m
[0m[ INFO] [1748066138.543933859]: [1748066138.544] Robot state - x: 3.076645, y: 0.003269, phi: -0.016908[0m
[0m[ INFO] [1748066138.544045188]: [1748066138.544] Reference trajectory - x: 3.068314, y: 0.000000, phi: 0.000000, v: 0.488336, w: 0.000000[0m
[0m[ INFO] [1748066138.544091717]: [1748066138.544] v: 0.513937, w: 0.153066[0m
[0m[ INFO] [1748066138.595797430]: Received reference trajectory - x: 3117.048584, y: 0.000000, phi: 0.000000, v: 486.209869, w: 0.000000[0m
[0m[ INFO] [1748066138.644200771]: [1748066138.644] Robot state - x: 3.125418, y: 0.002378, phi: -0.017768[0m
[0m[ INFO] [1748066138.644296644]: [1748066138.644] Reference trajectory - x: 3.117049, y: 0.000000, phi: 0.000000, v: 0.486210, w: 0.000000[0m
[0m[ INFO] [1748066138.644385317]: [1748066138.644] v: 0.509008, w: 0.164361[0m
[0m[ INFO] [1748066138.695844659]: Received reference trajectory - x: 3165.560303, y: 0.000000, phi: 0.000000, v: 483.906464, w: 0.000000[0m
[0m[ INFO] [1748066138.744241344]: [1748066138.744] Robot state - x: 3.173406, y: 0.001551, phi: -0.018436[0m
[0m[ INFO] [1748066138.744369601]: [1748066138.744] Reference trajectory - x: 3.165560, y: 0.000000, phi: 0.000000, v: 0.483906, w: 0.000000[0m
[0m[ INFO] [1748066138.744433794]: [1748066138.744] v: 0.506342, w: 0.174546[0m
[0m[ INFO] [1748066138.795491820]: Received reference trajectory - x: 3213.818115, y: 0.000000, phi: 0.000000, v: 481.426025, w: 0.000000[0m
[0m[ INFO] [1748066138.843034895]: [1748066138.843] Robot state - x: 3.221978, y: 0.000712, phi: -0.017418[0m
[0m[ INFO] [1748066138.843148465]: [1748066138.843] Reference trajectory - x: 3.213818, y: 0.000000, phi: 0.000000, v: 0.481426, w: 0.000000[0m
[0m[ INFO] [1748066138.843234322]: [1748066138.843] v: 0.500013, w: 0.178391[0m
[0m[ INFO] [1748066138.896261265]: Received reference trajectory - x: 3262.036865, y: 0.000000, phi: 0.000000, v: 478.755371, w: 0.000000[0m
[0m[ INFO] [1748066138.943046924]: [1748066138.943] Robot state - x: 3.270157, y: -0.000149, phi: -0.016303[0m
[0m[ INFO] [1748066138.943165198]: [1748066138.943] Reference trajectory - x: 3.262037, y: 0.000000, phi: 0.000000, v: 0.478755, w: 0.000000[0m
[0m[ INFO] [1748066138.943236558]: [1748066138.943] v: 0.494938, w: 0.182352[0m
[0m[ INFO] [1748066138.995325475]: Received reference trajectory - x: 3309.566406, y: 0.000000, phi: 0.000000, v: 475.930725, w: 0.000000[0m
[0m[ INFO] [1748066139.043396685]: [1748066139.043] Robot state - x: 3.318144, y: -0.001001, phi: -0.016972[0m
[0m[ INFO] [1748066139.043514478]: [1748066139.043] Reference trajectory - x: 3.309566, y: 0.000000, phi: 0.000000, v: 0.475931, w: 0.000000[0m
[0m[ INFO] [1748066139.043610575]: [1748066139.044] v: 0.487556, w: 0.193580[0m
[0m[ INFO] [1748066139.095749797]: Received reference trajectory - x: 3357.007324, y: 0.000000, phi: 0.000000, v: 472.916626, w: 0.000000[0m
[0m[ INFO] [1748066139.143538699]: [1748066139.143] Robot state - x: 3.364942, y: -0.001687, phi: -0.013692[0m
[0m[ INFO] [1748066139.143636076]: [1748066139.144] Reference trajectory - x: 3.357007, y: 0.000000, phi: 0.000000, v: 0.472917, w: 0.000000[0m
[0m[ INFO] [1748066139.143708429]: [1748066139.144] v: 0.484631, w: 0.187721[0m
[0m[ INFO] [1748066139.196556746]: Received reference trajectory - x: 3404.148438, y: 0.000000, phi: 0.000000, v: 469.724030, w: 0.000000[0m
[0m[ INFO] [1748066139.243826091]: [1748066139.244] Robot state - x: 3.412335, y: -0.002461, phi: -0.012386[0m
[0m[ INFO] [1748066139.244392465]: [1748066139.244] Reference trajectory - x: 3.404148, y: 0.000000, phi: 0.000000, v: 0.469724, w: 0.000000[0m
[0m[ INFO] [1748066139.245520637]: [1748066139.245] v: 0.477835, w: 0.190800[0m
[0m[ INFO] [1748066139.295968032]: Received reference trajectory - x: 3450.948975, y: 0.000000, phi: 0.000000, v: 466.354553, w: 0.000000[0m
[0m[ INFO] [1748066139.353772403]: [1748066139.354] Robot state - x: 3.458942, y: -0.003064, phi: -0.010890[0m
[0m[ INFO] [1748066139.353871060]: [1748066139.354] Reference trajectory - x: 3.450949, y: 0.000000, phi: 0.000000, v: 0.466355, w: 0.000000[0m
[0m[ INFO] [1748066139.353961365]: [1748066139.354] v: 0.472719, w: 0.191662[0m
[0m[ INFO] [1748066139.395751355]: Received reference trajectory - x: 3497.403809, y: 0.000000, phi: 0.000000, v: 462.807312, w: 0.000000[0m
[0m[ INFO] [1748066139.444402122]: [1748066139.444] Robot state - x: 3.505148, y: -0.003515, phi: -0.005636[0m
[0m[ INFO] [1748066139.444610701]: [1748066139.445] Reference trajectory - x: 3.497404, y: 0.000000, phi: 0.000000, v: 0.462807, w: 0.000000[0m
[0m[ INFO] [1748066139.444658029]: [1748066139.445] v: 0.467733, w: 0.176251[0m
[0m[ INFO] [1748066139.495654582]: Received reference trajectory - x: 3543.498535, y: 0.000000, phi: 0.000000, v: 459.082031, w: 0.000000[0m
[0m[ INFO] [1748066139.544305670]: [1748066139.544] Robot state - x: 3.577707, y: -0.004081, phi: 0.000542[0m
[0m[ INFO] [1748066139.544428263]: [1748066139.544] Reference trajectory - x: 3.543499, y: 0.000000, phi: 0.000000, v: 0.459082, w: 0.000000[0m
[0m[ INFO] [1748066139.544546409]: [1748066139.545] v: 0.346279, w: 0.158463[0m
[0m[ INFO] [1748066139.595323375]: Received reference trajectory - x: 3589.224609, y: 0.000000, phi: 0.000000, v: 455.177856, w: 0.000000[0m
[0m[ INFO] [1748066139.643287032]: [1748066139.643] Robot state - x: 3.596188, y: -0.004159, phi: 0.003375[0m
[0m[ INFO] [1748066139.643406841]: [1748066139.643] Reference trajectory - x: 3.589225, y: 0.000000, phi: 0.000000, v: 0.455178, w: 0.000000[0m
[0m[ INFO] [1748066139.643470554]: [1748066139.643] v: 0.450246, w: 0.149265[0m
[0m[ INFO] [1748066139.695619727]: Received reference trajectory - x: 3634.555908, y: 0.000000, phi: 0.000000, v: 451.095367, w: 0.000000[0m
[0m[ INFO] [1748066139.743225684]: [1748066139.743] Robot state - x: 3.639055, y: -0.004045, phi: 0.007611[0m
[0m[ INFO] [1748066139.743343765]: [1748066139.743] Reference trajectory - x: 3.634556, y: 0.000000, phi: 0.000000, v: 0.451095, w: 0.000000[0m
[0m[ INFO] [1748066139.743389589]: [1748066139.743] v: 0.454698, w: 0.132601[0m
[0m[ INFO] [1748066139.795447594]: Received reference trajectory - x: 3679.446289, y: 0.000000, phi: 0.000000, v: 446.837311, w: 0.000000[0m
[0m[ INFO] [1748066139.843025358]: [1748066139.843] Robot state - x: 3.679953, y: -0.003811, phi: 0.012323[0m
[0m[ INFO] [1748066139.843352178]: [1748066139.843] Reference trajectory - x: 3.679446, y: 0.000000, phi: 0.000000, v: 0.446837, w: 0.000000[0m
[0m[ INFO] [1748066139.843398898]: [1748066139.843] v: 0.466410, w: 0.112797[0m
[0m[ INFO] [1748066139.896115118]: Received reference trajectory - x: 3723.897949, y: 0.000000, phi: 0.000000, v: 442.401947, w: 0.000000[0m
[0m[ INFO] [1748066139.943483728]: [1748066139.943] Robot state - x: 3.717902, y: -0.003454, phi: 0.015921[0m
[0m[ INFO] [1748066139.943575633]: [1748066139.944] Reference trajectory - x: 3.723898, y: 0.000000, phi: 0.000000, v: 0.442402, w: 0.000000[0m
[0m[ INFO] [1748066139.943618289]: [1748066139.944] v: 0.490138, w: 0.096122[0m
[0m[ INFO] [1748066139.995885000]: Received reference trajectory - x: 3767.908691, y: 0.000000, phi: 0.000000, v: 437.787689, w: 0.000000[0m
[0m[ INFO] [1748066140.043355147]: [1748066140.043] Robot state - x: 3.757042, y: -0.002978, phi: 0.015571[0m
[0m[ INFO] [1748066140.043483244]: [1748066140.043] Reference trajectory - x: 3.767909, y: 0.000000, phi: 0.000000, v: 0.437788, w: 0.000000[0m
[0m[ INFO] [1748066140.043561197]: [1748066140.044] v: 0.508637, w: 0.093850[0m
[0m[ INFO] [1748066140.095825956]: Received reference trajectory - x: 3811.556396, y: 0.000000, phi: 0.000000, v: 432.983551, w: 0.000000[0m
[0m[ INFO] [1748066140.144384691]: [1748066140.144] Robot state - x: 3.799137, y: -0.002369, phi: 0.012673[0m
[0m[ INFO] [1748066140.144620469]: [1748066140.145] Reference trajectory - x: 3.811556, y: 0.000000, phi: 0.000000, v: 0.432984, w: 0.000000[0m
[0m[ INFO] [1748066140.144679126]: [1748066140.145] v: 0.514028, w: 0.100218[0m
[0m[ INFO] [1748066140.195696927]: Received reference trajectory - x: 3854.510498, y: 0.000000, phi: 0.000000, v: 428.024719, w: 0.000000[0m
[0m[ INFO] [1748066140.301085814]: Received reference trajectory - x: 3897.069580, y: 0.000000, phi: 0.000000, v: 422.875519, w: 0.000000[0m
[0m[ INFO] [1748066140.370416998]: [1748066140.370] Robot state - x: 3.843404, y: -0.001796, phi: 0.007419[0m
[0m[ INFO] [1748066140.370517671]: [1748066140.370] Reference trajectory - x: 3.897070, y: 0.000000, phi: 0.000000, v: 0.422876, w: 0.000000[0m
[0m[ INFO] [1748066140.370562984]: [1748066140.371] v: 0.687516, w: 0.116124[0m
[0m[ INFO] [1748066140.376121988]: [1748066140.376] Robot state - x: 3.895308, y: -0.000990, phi: 0.013119[0m
[0m[ INFO] [1748066140.376212421]: [1748066140.376] Reference trajectory - x: 3.897070, y: 0.000000, phi: 0.000000, v: 0.422876, w: 0.000000[0m
[0m[ INFO] [1748066140.376296102]: [1748066140.376] v: 0.478379, w: 0.085969[0m
[0m[ INFO] [1748066140.395622359]: Received reference trajectory - x: 3939.067139, y: 0.000000, phi: 0.000000, v: 417.553284, w: 0.000000[0m
[0m[ INFO] [1748066140.443099802]: [1748066140.443] Robot state - x: 3.948190, y: -0.000127, phi: 0.020411[0m
[0m[ INFO] [1748066140.443221724]: [1748066140.443] Reference trajectory - x: 3.939067, y: 0.000000, phi: 0.000000, v: 0.417553, w: 0.000000[0m
[0m[ INFO] [1748066140.443539167]: [1748066140.443] v: 0.426199, w: 0.048656[0m
[0m[ INFO] [1748066140.495779670]: Received reference trajectory - x: 3980.547119, y: 0.000000, phi: 0.000000, v: 412.050354, w: 0.000000[0m
[0m[ INFO] [1748066140.544756329]: [1748066140.545] Robot state - x: 3.992852, y: 0.000339, phi: 0.015062[0m
[0m[ INFO] [1748066140.544882826]: [1748066140.545] Reference trajectory - x: 3.980547, y: 0.000000, phi: 0.000000, v: 0.412050, w: 0.000000[0m
[0m[ INFO] [1748066140.544972779]: [1748066140.545] v: 0.403956, w: 0.065299[0m
[0m[ INFO] [1748066140.595624176]: Received reference trajectory - x: 4021.503906, y: 0.000000, phi: 0.000000, v: 406.364532, w: 0.000000[0m
[0m[ INFO] [1748066140.643340502]: [1748066140.643] Robot state - x: 4.039083, y: 0.001151, phi: 0.009330[0m
[0m[ INFO] [1748066140.643436279]: [1748066140.643] Reference trajectory - x: 4.021504, y: 0.000000, phi: 0.000000, v: 0.406365, w: 0.000000[0m
[0m[ INFO] [1748066140.643517816]: [1748066140.643] v: 0.371404, w: 0.079866[0m
[0m[ INFO] [1748066140.695426091]: Received reference trajectory - x: 4061.818115, y: 0.000000, phi: 0.000000, v: 400.510254, w: 0.000000[0m
[0m[ INFO] [1748066140.742975438]: [1748066140.743] Robot state - x: 4.084913, y: 0.001796, phi: 0.007356[0m
[0m[ INFO] [1748066140.743119216]: [1748066140.743] Reference trajectory - x: 4.061818, y: 0.000000, phi: 0.000000, v: 0.400510, w: 0.000000[0m
[0m[ INFO] [1748066140.743192401]: [1748066140.743] v: 0.335968, w: 0.080900[0m
[0m[ INFO] [1748066140.795544457]: Received reference trajectory - x: 4101.576172, y: 0.000000, phi: 0.000000, v: 394.472595, w: 0.000000[0m
[0m[ INFO] [1748066140.843801204]: [1748066140.844] Robot state - x: 4.127586, y: 0.002246, phi: 0.009808[0m
[0m[ INFO] [1748066140.843897237]: [1748066140.844] Reference trajectory - x: 4.101576, y: 0.000000, phi: 0.000000, v: 0.394473, w: 0.000000[0m
[0m[ INFO] [1748066140.843939797]: [1748066140.844] v: 0.309937, w: 0.066077[0m
[0m[ INFO] [1748066140.895654470]: Received reference trajectory - x: 4140.729004, y: 0.000000, phi: 0.000000, v: 388.255890, w: 0.000000[0m
[0m[ INFO] [1748066140.944441751]: [1748066140.944] Robot state - x: 4.168494, y: 0.002569, phi: 0.010858[0m
[0m[ INFO] [1748066140.944604505]: [1748066140.945] Reference trajectory - x: 4.140729, y: 0.000000, phi: 0.000000, v: 0.388256, w: 0.000000[0m
[0m[ INFO] [1748066140.944664122]: [1748066140.945] v: 0.287856, w: 0.057965[0m
[0m[ INFO] [1748066140.995617026]: Received reference trajectory - x: 4179.224121, y: 0.000000, phi: 0.000000, v: 381.865845, w: 0.000000[0m
[0m[ INFO] [1748066141.045152956]: [1748066141.045] Robot state - x: 4.208028, y: 0.002948, phi: 0.010413[0m
[0m[ INFO] [1748066141.045243677]: [1748066141.045] Reference trajectory - x: 4.179224, y: 0.000000, phi: 0.000000, v: 0.381866, w: 0.000000[0m
[0m[ INFO] [1748066141.045302237]: [1748066141.045] v: 0.268166, w: 0.055135[0m
[0m[ INFO] [1748066141.095579711]: Received reference trajectory - x: 4217.090332, y: 0.000000, phi: 0.000000, v: 375.294769, w: 0.000000[0m
[0m[ INFO] [1748066141.143808906]: [1748066141.144] Robot state - x: 4.244998, y: 0.003386, phi: 0.012419[0m
[0m[ INFO] [1748066141.143934155]: [1748066141.144] Reference trajectory - x: 4.217090, y: 0.000000, phi: 0.000000, v: 0.375295, w: 0.000000[0m
[0m[ INFO] [1748066141.143979947]: [1748066141.144] v: 0.256398, w: 0.041841[0m
[0m[ INFO] [1748066141.195313144]: Received reference trajectory - x: 4254.268555, y: 0.000000, phi: 0.000000, v: 368.549927, w: 0.000000[0m
[0m[ INFO] [1748066141.243495331]: [1748066141.243] Robot state - x: 4.280989, y: 0.003768, phi: 0.012833[0m
[0m[ INFO] [1748066141.243624196]: [1748066141.244] Reference trajectory - x: 4.254269, y: 0.000000, phi: 0.000000, v: 0.368550, w: 0.000000[0m
[0m[ INFO] [1748066141.243698053]: [1748066141.244] v: 0.246006, w: 0.035302[0m
[0m[ INFO] [1748066141.295305012]: Received reference trajectory - x: 4290.775391, y: 0.000000, phi: 0.000000, v: 361.625122, w: 0.000000[0m
[0m[ INFO] [1748066141.343489087]: [1748066141.343] Robot state - x: 4.315213, y: 0.004176, phi: 0.011846[0m
[0m[ INFO] [1748066141.343612864]: [1748066141.344] Reference trajectory - x: 4.290775, y: 0.000000, phi: 0.000000, v: 0.361625, w: 0.000000[0m
[0m[ INFO] [1748066141.343658305]: [1748066141.344] v: 0.240579, w: 0.033953[0m
[0m[ INFO] [1748066141.395470995]: Received reference trajectory - x: 4326.598633, y: 0.000000, phi: 0.000000, v: 354.519104, w: 0.000000[0m
[0m[ INFO] [1748066141.443391002]: [1748066141.443] Robot state - x: 4.348842, y: 0.004625, phi: 0.012833[0m
[0m[ INFO] [1748066141.443515868]: [1748066141.443] Reference trajectory - x: 4.326599, y: 0.000000, phi: 0.000000, v: 0.354519, w: 0.000000[0m
[0m[ INFO] [1748066141.443560732]: [1748066141.444] v: 0.235312, w: 0.024225[0m
[0m[ INFO] [1748066141.495300685]: Received reference trajectory - x: 4361.677246, y: 0.000000, phi: 0.000000, v: 347.240326, w: 0.000000[0m
[0m[ INFO] [1748066141.543347030]: [1748066141.543] Robot state - x: 4.381301, y: 0.004970, phi: 0.010444[0m
[0m[ INFO] [1748066141.543672986]: [1748066141.544] Reference trajectory - x: 4.361677, y: 0.000000, phi: 0.000000, v: 0.347240, w: 0.000000[0m
[0m[ INFO] [1748066141.543750715]: [1748066141.544] v: 0.232413, w: 0.028801[0m
[0m[ INFO] [1748066141.595366314]: Received reference trajectory - x: 4396.026367, y: 0.000000, phi: 0.000000, v: 339.782471, w: 0.000000[0m
[0m[ INFO] [1748066141.643074992]: [1748066141.643] Robot state - x: 4.413163, y: 0.005373, phi: 0.010031[0m
[0m[ INFO] [1748066141.643202961]: [1748066141.643] Reference trajectory - x: 4.396026, y: 0.000000, phi: 0.000000, v: 0.339782, w: 0.000000[0m
[0m[ INFO] [1748066141.643253202]: [1748066141.643] v: 0.229587, w: 0.024852[0m
[0m[ INFO] [1748066141.695419047]: Received reference trajectory - x: 4429.624023, y: 0.000000, phi: 0.000000, v: 332.146027, w: 0.000000[0m
[0m[ INFO] [1748066141.743385008]: [1748066141.743] Robot state - x: 4.444048, y: 0.005664, phi: 0.008024[0m
[0m[ INFO] [1748066141.743516401]: [1748066141.743] Reference trajectory - x: 4.429624, y: 0.000000, phi: 0.000000, v: 0.332146, w: 0.000000[0m
[0m[ INFO] [1748066141.743587890]: [1748066141.744] v: 0.228354, w: 0.028213[0m
[0m[ INFO] [1748066141.795246818]: Received reference trajectory - x: 4462.456055, y: 0.000000, phi: 0.000000, v: 324.330048, w: 0.000000[0m
[0m[ INFO] [1748066141.843244363]: [1748066141.843] Robot state - x: 4.474933, y: 0.005943, phi: 0.006018[0m
[0m[ INFO] [1748066141.843356396]: [1748066141.843] Reference trajectory - x: 4.462456, y: 0.000000, phi: 0.000000, v: 0.324330, w: 0.000000[0m
[0m[ INFO] [1748066141.843415948]: [1748066141.843] v: 0.224463, w: 0.031610[0m
[0m[ INFO] [1748066141.895697091]: Received reference trajectory - x: 4494.485840, y: 0.000000, phi: 0.000000, v: 316.339264, w: 0.000000[0m
[0m[ INFO] [1748066141.943372232]: [1748066141.943] Robot state - x: 4.504637, y: 0.006156, phi: 0.004299[0m
[0m[ INFO] [1748066141.943475913]: [1748066141.943] Reference trajectory - x: 4.494486, y: 0.000000, phi: 0.000000, v: 0.316339, w: 0.000000[0m
[0m[ INFO] [1748066141.943562730]: [1748066141.944] v: 0.222657, w: 0.034440[0m
[0m[ INFO] [1748066141.995526270]: Received reference trajectory - x: 4525.719727, y: 0.000000, phi: 0.000000, v: 308.167603, w: 0.000000[0m
[0m[ INFO] [1748066142.043792585]: [1748066142.044] Robot state - x: 4.533948, y: 0.006309, phi: 0.002675[0m
[0m[ INFO] [1748066142.043936363]: [1748066142.044] Reference trajectory - x: 4.525720, y: 0.000000, phi: 0.000000, v: 0.308168, w: 0.000000[0m
[0m[ INFO] [1748066142.044009324]: [1748066142.044] v: 0.219653, w: 0.037425[0m
[0m[ INFO] [1748066142.095386105]: Received reference trajectory - x: 4556.114746, y: 0.000000, phi: 0.000000, v: 299.821625, w: 0.000000[0m
[0m[ INFO] [1748066142.143852998]: [1748066142.144] Robot state - x: 4.562664, y: 0.006437, phi: 0.003025[0m
[0m[ INFO] [1748066142.143988744]: [1748066142.144] Reference trajectory - x: 4.556115, y: 0.000000, phi: 0.000000, v: 0.299822, w: 0.000000[0m
[0m[ INFO] [1748066142.144058665]: [1748066142.144] v: 0.216022, w: 0.032754[0m
[0m[ INFO] [1748066142.195671704]: Received reference trajectory - x: 4585.678711, y: 0.000000, phi: 0.000000, v: 291.294312, w: 0.000000[0m
[0m[ INFO] [1748066142.243496799]: [1748066142.243] Robot state - x: 4.590997, y: 0.006467, phi: -0.000191[0m
[0m[ INFO] [1748066142.243774530]: [1748066142.244] Reference trajectory - x: 4.585679, y: 0.000000, phi: 0.000000, v: 0.291294, w: 0.000000[0m
[0m[ INFO] [1748066142.243859587]: [1748066142.244] v: 0.210788, w: 0.043204[0m
[0m[ INFO] [1748066142.295382065]: Received reference trajectory - x: 4614.391602, y: 0.000000, phi: 0.000000, v: 282.585693, w: 0.000000[0m
[0m[ INFO] [1748066142.344309796]: [1748066142.344] Robot state - x: 4.618925, y: 0.006559, phi: 0.000350[0m
[0m[ INFO] [1748066142.344402661]: [1748066142.344] Reference trajectory - x: 4.614392, y: 0.000000, phi: 0.000000, v: 0.282586, w: 0.000000[0m
[0m[ INFO] [1748066142.344515590]: [1748066142.344] v: 0.203820, w: 0.038088[0m
[0m[ INFO] [1748066142.395395790]: Received reference trajectory - x: 4642.199219, y: 0.000000, phi: 0.000000, v: 273.707367, w: 0.000000[0m
[0m[ INFO] [1748066142.443478807]: [1748066142.443] Robot state - x: 4.646076, y: 0.006514, phi: -0.002579[0m
[0m[ INFO] [1748066142.443573272]: [1748066142.444] Reference trajectory - x: 4.642199, y: 0.000000, phi: 0.000000, v: 0.273707, w: 0.000000[0m
[0m[ INFO] [1748066142.443647225]: [1748066142.444] v: 0.196365, w: 0.048112[0m
[0m[ INFO] [1748066142.495837615]: Received reference trajectory - x: 4669.111328, y: 0.000000, phi: 0.000000, v: 264.651031, w: 0.000000[0m
[0m[ INFO] [1748066142.543834871]: [1748066142.544] Robot state - x: 4.672239, y: 0.006512, phi: -0.003439[0m
[0m[ INFO] [1748066142.543930008]: [1748066142.544] Reference trajectory - x: 4.669111, y: 0.000000, phi: 0.000000, v: 0.264651, w: 0.000000[0m
[0m[ INFO] [1748066142.543980089]: [1748066142.544] v: 0.189349, w: 0.049493[0m
[0m[ INFO] [1748066142.595444519]: Received reference trajectory - x: 4695.116211, y: 0.000000, phi: 0.000000, v: 255.414413, w: 0.000000[0m
[0m[ INFO] [1748066142.643592017]: [1748066142.643] Robot state - x: 4.698199, y: 0.006459, phi: -0.002420[0m
[0m[ INFO] [1748066142.643754035]: [1748066142.644] Reference trajectory - x: 4.695116, y: 0.000000, phi: 0.000000, v: 0.255414, w: 0.000000[0m
[0m[ INFO] [1748066142.643825332]: [1748066142.644] v: 0.179317, w: 0.043921[0m
[0m[ INFO] [1748066142.695414979]: Received reference trajectory - x: 4720.189453, y: 0.000000, phi: 0.000000, v: 245.999695, w: 0.000000[0m
[0m[ INFO] [1748066142.743477516]: [1748066142.743] Robot state - x: 4.723180, y: 0.006365, phi: -0.002993[0m
[0m[ INFO] [1748066142.743605870]: [1748066142.744] Reference trajectory - x: 4.720190, y: 0.000000, phi: 0.000000, v: 0.246000, w: 0.000000[0m
[0m[ INFO] [1748066142.743652494]: [1748066142.744] v: 0.169331, w: 0.045090[0m
[0m[ INFO] [1748066142.795366655]: Received reference trajectory - x: 4744.309570, y: 0.000000, phi: 0.000000, v: 236.408310, w: 0.000000[0m
[0m[ INFO] [1748066142.843128293]: [1748066142.843] Robot state - x: 4.747767, y: 0.006300, phi: -0.003471[0m
[0m[ INFO] [1748066142.843221158]: [1748066142.843] Reference trajectory - x: 4.744309, y: 0.000000, phi: 0.000000, v: 0.236408, w: 0.000000[0m
[0m[ INFO] [1748066142.843525545]: [1748066142.843] v: 0.156759, w: 0.045631[0m
[0m[ INFO] [1748066142.895337435]: Received reference trajectory - x: 4767.464355, y: 0.000000, phi: 0.000000, v: 226.638153, w: 0.000000[0m
[0m[ INFO] [1748066142.943603366]: [1748066142.943] Robot state - x: 4.771377, y: 0.006205, phi: -0.005540[0m
[0m[ INFO] [1748066142.943698503]: [1748066142.944] Reference trajectory - x: 4.767464, y: 0.000000, phi: 0.000000, v: 0.226638, w: 0.000000[0m
[0m[ INFO] [1748066142.943744680]: [1748066142.944] v: 0.143917, w: 0.052821[0m
[0m[ INFO] [1748066142.995428664]: Received reference trajectory - x: 4789.628418, y: 0.000000, phi: 0.000000, v: 216.692184, w: 0.000000[0m
[0m[ INFO] [1748066143.043711876]: [1748066143.044] Robot state - x: 4.793794, y: 0.006148, phi: -0.003662[0m
[0m[ INFO] [1748066143.043831877]: [1748066143.044] Reference trajectory - x: 4.789629, y: 0.000000, phi: 0.000000, v: 0.216692, w: 0.000000[0m
[0m[ INFO] [1748066143.043902438]: [1748066143.044] v: 0.131631, w: 0.043958[0m
[0m[ INFO] [1748066143.097106343]: Received reference trajectory - x: 4810.941895, y: 0.000000, phi: 0.000000, v: 206.493057, w: 0.000000[0m
[0m[ INFO] [1748066143.143019096]: [1748066143.143] Robot state - x: 4.815434, y: 0.006011, phi: -0.005254[0m
[0m[ INFO] [1748066143.143170138]: [1748066143.143] Reference trajectory - x: 4.810942, y: 0.000000, phi: 0.000000, v: 0.206493, w: 0.000000[0m
[0m[ INFO] [1748066143.143243579]: [1748066143.143] v: 0.118695, w: 0.049717[0m
[0m[ INFO] [1748066143.195945590]: Received reference trajectory - x: 4830.933105, y: 0.000000, phi: 0.000000, v: 196.265106, w: 0.000000[0m
[0m[ INFO] [1748066143.243062005]: [1748066143[0m[ INFO] [1748066126.007454587]: [I2C FOR MOTORS] Now launching this node in namespace: /asc[0m
[0m[ INFO] [1748066126.107494137]: [I2C FOR MOTORS] publish motor duty cycle requests from command line with: rostopic pub --once /asc/set_motor_duty_cycle asclinic_pkg/LeftRightFloat32 "{left: 10.1, right: 10.1}"[0m
[0m[ INFO] [1748066126.107638811]: [I2C FOR MOTORS] Successfully opened named /dev/i2c-1, with file descriptor = 11[0m
[0m[ INFO] [1748066126.107757532]: [I2C FOR MOTORS] Actual acceleration limit = 0.0003125%/ms (after conversation to "internal units")[0m
[0m[ INFO] [1748066126.107808733]: [I2C FOR MOTORS] Actual deceleration limit = 0.0015625%/ms (after conversation to "internal units")[0m
[0m[ INFO] [1748066126.107849821]: [I2C FOR MOTORS] Now initialising SMC with I2C address 13[0m
[0m[ INFO] [1748066126.123423782]: [I2C FOR MOTORS] Now initialising SMC with I2C address 14[0m
[0m[ INFO] [1748066126.142272339]: [I2C FOR MOTORS] Node initialisation complete[0m
[0m[ INFO] [1748066129.794663839]: Trajectory Generator Node Started[0m
[0m[ INFO] [1748066129.848849708]: Reading trajectory coeffs[0m
.243] Robot state - x: 4.836085, y: 0.005940, phi: -0.004776[0m
[0m[ INFO] [1748066143.243390361]: [1748066143.243] Reference trajectory - x: 4.830933, y: 0.000000, phi: 0.000000, v: 0.196265, w: 0.000000[0m
[0m[ INFO] [1748066143.243465050]: [1748066143.243] v: 0.104173, w: 0.046626[0m
[0m[ INFO] [1748066143.295292171]: Received reference trajectory - x: 4850.036133, y: 0.000000, phi: 0.000000, v: 185.784607, w: 0.000000[0m
[0m[ INFO] [1748066143.343426645]: [1748066143.343] Robot state - x: 4.855949, y: 0.005843, phi: -0.004107[0m
[0m[ INFO] [1748066143.343568791]: [1748066143.344] Reference trajectory - x: 4.850036, y: 0.000000, phi: 0.000000, v: 0.185785, w: 0.000000[0m
[0m[ INFO] [1748066143.343634648]: [1748066143.344] v: 0.088750, w: 0.043067[0m
[0m[ INFO] [1748066143.395615563]: Received reference trajectory - x: 4868.087891, y: 0.000000, phi: 0.000000, v: 175.122955, w: 0.000000[0m
[0m[ INFO] [1748066143.442970541]: [1748066143.443] Robot state - x: 4.874631, y: 0.005762, phi: -0.003152[0m
[0m[ INFO] [1748066143.443064142]: [1748066143.443] Reference trajectory - x: 4.868088, y: 0.000000, phi: 0.000000, v: 0.175123, w: 0.000000[0m
[0m[ INFO] [1748066143.443110894]: [1748066143.443] v: 0.073471, w: 0.038226[0m
[0m[ INFO] [1748066143.495635656]: Received reference trajectory - x: 4885.064453, y: 0.000000, phi: 0.000000, v: 164.283325, w: 0.000000[0m
[0m[ INFO] [1748066143.544194486]: [1748066143.544] Robot state - x: 4.892335, y: 0.005684, phi: -0.003789[0m
[0m[ INFO] [1748066143.544322840]: [1748066143.544] Reference trajectory - x: 4.885065, y: 0.000000, phi: 0.000000, v: 0.164283, w: 0.000000[0m
[0m[ INFO] [1748066143.544420505]: [1748066143.544] v: 0.057396, w: 0.039721[0m
[0m[ INFO] [1748066143.595167455]: Received reference trajectory - x: 4900.935059, y: 0.000000, phi: 0.000000, v: 153.275131, w: 0.000000[0m
[0m[ INFO] [1748066143.643157287]: [1748066143.643] Robot state - x: 4.908656, y: 0.005645, phi: -0.002261[0m
[0m[ INFO] [1748066143.643249224]: [1748066143.643] Reference trajectory - x: 4.900935, y: 0.000000, phi: 0.000000, v: 0.153275, w: 0.000000[0m
[0m[ INFO] [1748066143.643292361]: [1748066143.643] v: 0.042130, w: 0.032238[0m
... logging to /home/asc/.ros/log/a739697c-385f-11f0-8c94-d8c0a650f677/roslaunch-asc12-jetson-17253.log
Checking log directory for disk usage. This may take a while.
Press Ctrl-C to interrupt
Done checking log file disk usage. Usage is <1GB.
]2;/home/asc/ASClinic/catkin_ws/src/asclinic_pkg/launch/trajectory.launch
[1mstarted roslaunch server http://asc12-jetson:44507/[0m

SUMMARY
========

PARAMETERS
 * /asc/aruco_detector/aruco_detector_desired_camera_fps: 5
 * /asc/aruco_detector/aruco_detector_desired_camera_frame_height: 1080
 * /asc/aruco_detector/aruco_detector_desired_camera_frame_width: 1920
 * /asc/aruco_detector/aruco_detector_marker_size: 0.25
 * /asc/aruco_detector/aruco_detector_save_image_path: /home/asc/saved_c...
 * /asc/aruco_detector/aruco_detector_should_publish_camera_images: False
 * /asc/aruco_detector/aruco_detector_should_save_all_aruco_images: False
 * /asc/aruco_detector/aruco_detector_should_show_camera_images: False
 * /asc/aruco_detector/aruco_detector_usb_camera_device_number: 0
 * /asc/aruco_detector/aruco_detector_verbosity: 1
 * /asc/encoder_read_multi_threaded/delta_t_for_publishing_encoder_counts: 0.1
 * /asc/encoder_read_multi_threaded/encoder_events_to_monitor: rising
 * /asc/encoder_read_multi_threaded/encoder_read_verbosity: 1
 * /asc/encoder_read_multi_threaded/gpio_chip_number_for_encoder_lines: 1
 * /asc/encoder_read_multi_threaded/line_number_for_left_side_encoder_channel_a: 105
 * /asc/encoder_read_multi_threaded/line_number_for_left_side_encoder_channel_b: 106
 * /asc/encoder_read_multi_threaded/line_number_for_right_side_encoder_channel_a: 84
 * /asc/encoder_read_multi_threaded/line_number_for_right_side_encoder_channel_b: 130
 * /asc/encoder_read_multi_threaded/should_monitor_left_side_encoder_channel_a: True
 * /asc/encoder_read_multi_threaded/should_monitor_left_side_encoder_channel_b: False
 * /asc/encoder_read_multi_threaded/should_monitor_right_side_encoder_channel_a: True
 * /asc/encoder_read_multi_threaded/should_monitor_right_side_encoder_channel_b: False
 * /asc/i2c_for_motors/motor_driver_current_limit_in_milliamps: 5000
 * /asc/i2c_for_motors/motor_driver_left_side_multiplier: 1
 * /asc/i2c_for_motors/motor_driver_max_accel_limit_in_percent_per_millisecond: 0.04
 * /asc/i2c_for_motors/motor_driver_max_decel_limit_in_percent_per_millisecond: 0.16
 * /asc/i2c_for_motors/motor_driver_max_duty_cycle_limit_in_percent: 100.0
 * /asc/i2c_for_motors/motor_driver_right_side_multiplier: 1
 * /asc/i2c_for_motors/motor_driver_verbosity: 1
 * /rosdistro: noetic
 * /rosversion: 1.17.0

NODES
  /
    aruco_positioning (asclinic_pkg/aruco_positioning.py)
    kf_fusion_node (asclinic_pkg/KF.py)
    odomdelta (asclinic_pkg/odomdelta)
    trajectory_generator (asclinic_pkg/trajectory_generator_state_space)
    trajectory_tracker (asclinic_pkg/trajectory_tracker_state_space)
    velocity_PI_control (asclinic_pkg/velocity_PI_control)
  /asc/
    aruco_detector (asclinic_pkg/aruco_detector.py)
    encoder_read_multi_threaded (asclinic_pkg/encoder_read_multi_threaded)
    i2c_for_motors (asclinic_pkg/i2c_for_motors)

[1mROS_MASTER_URI=http://localhost:11311[0m
]2;/home/asc/ASClinic/catkin_ws/src/asclinic_pkg/launch/trajectory.launch http://localhost:11311
[1mprocess[asc/i2c_for_motors-1]: started with pid [17317][0m
[1mprocess[asc/encoder_read_multi_threaded-2]: started with pid [17318][0m
[1mprocess[odomdelta-3]: started with pid [17319][0m
[1mprocess[asc/aruco_detector-4]: started with pid [17334][0m
[1mprocess[aruco_positioning-5]: started with pid [17340][0m
[1mprocess[trajectory_tracker-6]: started with pid [17341][0m
[1mprocess[trajectory_generator-7]: started with pid [17342][0m
[1mprocess[velocity_PI_control-8]: started with pid [17355][0m
[1mprocess[kf_fusion_node-9]: started with pid [17360][0m
[velocity_PI_control-8] killing on exit
[trajectory_generator-7] killing on exit
[kf_fusion_node-9] killing on exit
[trajectory_tracker-6] killing on exit
[odomdelta-3] killing on exit
[aruco_positioning-5] killing on exit
[asc/encoder_read_multi_threaded-2] killing on exit
[asc/i2c_for_motors-1] killing on exit
shutting down processing monitor...
... shutting down processing monitor complete
[1mdone[0m
