[0m[ INFO] [1745894404.700177105]: Target - x: 0.000000, y: 0.000000, phi: 0.000000[0m
[0m[ INFO] [1745894404.703776053]: Current - x: 0.000000, y: 0.000000, phi: 0.000000[0m
[0m[ INFO] [1745894404.703841110]: Error - x: 0.000000, y: 0.000000[0m
[0m[ INFO] [1745894404.703884246]: Publishing motor command - Left: 0.000000, Right: 0.000000[0m
[0m[ INFO] [1745894404.704150329]: Target reached: x=0.00, y=0.00, phi=0.00[0m
[0m[ INFO] [1745894404.799719130]: Target - x: 0.000000, y: 0.000000, phi: 0.000000[0m
[0m[ INFO] [1745894404.799845019]: Current - x: 0.000000, y: 0.000000, phi: 0.000000[0m
[0m[ INFO] [1745894404.799887228]: Error - x: 0.000000, y: 0.000000[0m
[0m[ INFO] [1745894404.799921884]: Publishing motor command - Left: 0.000000, Right: 0.000000[0m
[0m[ INFO] [1745894404.799997309]: Target reached: x=0.00, y=0.00, phi=0.00[0m
[0m[ INFO] [1745894404.899785032]: Target - x: 0.000000, y: 0.000000, phi: 0.000000[0m
[0m[ INFO] [1745894404.899904937]: Current - x: 0.000000, y: 0.000000, phi: 0.000000[0m
[0m[ INFO] [1745894404.899942666]: Error - x: 0.000000, y: 0.000000[0m
[0m[ INFO] [1745894404.899978186]: Publishing motor command - Left: 0.000000, Right: 0.000000[0m
[0m[ INFO] [1745894404.900081323]: Target reached: x=0.00, y=0.00, phi=0.00[0m
[0m[ INFO] [1745894405.000568990]: Target - x: 0.000000, y: 0.000000, phi: 0.000000[0m
[0m[ INFO] [1745894405.000665663]: Current - x: 0.000000, y: 0.000000, phi: 0.000000[0m
[0m[ INFO] [1745894405.000739359]: Error - x: 0.000000, y: 0.000000[0m
[0m[ INFO] [1745894405.000842176]: Publishing motor command - Left: 0.000000, Right: 0.000000[0m
[0m[ INFO] [1745894405.000996514]: Target reached: x=0.00, y=0.00, phi=0.00[0m
[0m[ INFO] [1745894405.100903279]: Target - x: 0.000000, y: 0.000000, phi: 0.000000[0m
[0m[ INFO] [1745894405.100990160]: Current - x: 0.000000, y: 0.000000, phi: 0.000000[0m
[0m[ INFO] [1745894405.101034512]: Error - x: 0.000000, y: 0.000000[0m
[0m[ INFO] [1745894405.101124081]: Publishing motor command - Left: 0.000000, Right: 0.000000[0m
[0m[ INFO] [1745894405.101189650]: Target reached: x=0.00, y=0.00, phi=0.00[0m
[0m[ INFO] [1745894405.204333183]: Target - x: 0.000000, y: 0.000000, phi: 0.000000[0m
[0m[ INFO] [1745894405.204735299]: Current - x: 0.000000, y: 0.000000, phi: 0.000000[0m
[0m[ INFO] [1745894405.204903812]: Error - x: 0.000000, y: 0.000000[0m
[0m[ INFO] [1745894405.204973125]: Publishing motor command - Left: 0.000000, Right: 0.000000[0m
[0m[ INFO] [1745894405.205206280]: Target reached: x=0.00, y=0.00, phi=0.00[0m
[0m[ INFO] [1745894405.299957536]: Target - x: 0.000000, y: 0.000000, phi: 0.000000[0m
[0m[ INFO] [1745894405.300056193]: Current - x: 0.000000, y: 0.000000, phi: 0.000000[0m
[0m[ INFO] [1745894405.300121378]: Error - x: 0.000000, y: 0.000000[0m
[0m[ INFO] [1745894405.300157634]: Publishing motor command - Left: 0.000000, Right: 0.000000[0m
[0m[ INFO] [1745894405.300239075]: Target reached: x=0.00, y=0.00, phi=0.00[0m
[0m[ INFO] [1745894405.403837269]: Target - x: 0.000000, y: 0.000000, phi: 0.000000[0m
[0m[ INFO] [1745894405.404237337]: Current - x: 0.000000, y: 0.000000, phi: 0.000000[0m
[0m[ INFO] [1745894405.404429403]: Error - x: 0.000000, y: 0.000000[0m
[0m[ INFO] [1745894405.404504828]: Publishing motor command - Left: 0.000000, Right: 0.000000[0m
[0m[ INFO] [1745894405.404731358]: Target reached: x=0.00, y=0.00, phi=0.00[0m
[0m[ INFO] [1745894405.504241607]: Target - x: 0.000000, y: 0.000000, phi: 0.000000[0m
[0m[ INFO] [1745894405.504555306]: Current - x: 0.000000, y: 0.000000, phi: 0.000000[0m
[0m[ INFO] [1745894405.504718027]: Error - x: 0.000000, y: 0.000000[0m
[0m[ INFO] [1745894405.504784908]: Publishing motor command - Left: 0.000000, Right: 0.000000[0m
[0m[ INFO] [1745894405.505038671]: Target reached: x=0.00, y=0.00, phi=0.00[0m
[0m[ INFO] [1745894405.600006090]: Target - x: 0.000000, y: 0.000000, phi: 0.000000[0m
[0m[ INFO] [1745894405.600098251]: Current - x: 0.000000, y: 0.000000, phi: 0.000000[0m
[0m[ INFO] [1745894405.600143435]: Error - x: 0.000000, y: 0.000000[0m
[0m[ INFO] [1745894405.601653658]: Publishing motor command - Left: 0.000000, Right: 0.000000[0m
[0m[ INFO] [1745894405.602589988]: Target reached: x=0.00, y=0.00, phi=0.00[0m
[0m[ INFO] [1745894405.705085546]: Target - x: 0.000000, y: 0.000000, phi: 0.000000[0m
[0m[ INFO] [1745894405.705686512]: Current - x: 0.000000, y: 0.000000, phi: 0.000000[0m
[0m[ INFO] [1745894405.705775377]: Error - x: 0.000000, y: 0.000000[0m
[0m[ INFO] [1745894405.705845714]: Publishing motor command - Left: 0.000000, Right: 0.000000[0m
[0m[ INFO] [1745894405.706059380]: Target reached: x=0.00, y=0.00, phi=0.00[0m
[0m[ INFO] [1745894405.804198991]: Target - x: 0.000000, y: 0.000000, phi: 0.000000[0m
[0m[ INFO] [1745894405.804761397]: Current - x: 0.000000, y: 0.000000, phi: 0.000000[0m
[0m[ INFO] [1745894405.804847702]: Error - x: 0.000000, y: 0.000000[0m
[0m[ INFO] [1745894405.804951479]: Publishing motor command - Left: 0.000000, Right: 0.000000[0m
[0m[ INFO] [1745894405.805279578]: Target reached: x=0.00, y=0.00, phi=0.00[0m
[0m[ INFO] [1745894405.905338216]: Target - x: 0.000000, y: 0.000000, phi: 0.000000[0m
[0m[ INFO] [1745894405.905697708]: Current - x: 0.000000, y: 0.000000, phi: 0.000000[0m
[0m[ INFO] [1745894405.905776556]: Error - x: 0.000000, y: 0.000000[0m
[0m[ INFO] [1745894405.905840845]: Publishing motor command - Left: 0.000000, Right: 0.000000[0m
[0m[ INFO] [1745894405.906117808]: Target reached: x=0.00, y=0.00, phi=0.00[0m
[0m[ INFO] [1745894405.999725053]: Target - x: 0.000000, y: 0.000000, phi: 0.000000[0m
[0m[ INFO] [1745894405.999837758]: Current - x: 0.000000, y: 0.000000, phi: 0.000000[0m
[0m[ INFO] [1745894405.999885503]: Error - x: 0.000000, y: 0.000000[0m
[0m[ INFO] [1745894405.999922399]: Publishing motor command - Left: 0.000000, Right: 0.000000[0m
[0m[ INFO] [1745894406.000009696]: Target reached: x=0.00, y=0.00, phi=0.00[0m
[0m[ INFO] [1745894406.104271096]: Target - x: 0.000000, y: 0.000000, phi: 0.000000[0m
[0m[ INFO] [1745894406.104741597]: Current - x: 0.000000, y: 0.000000, phi: 0.000000[0m
[0m[ INFO] [1745894406.104820222]: Error - x: 0.000000, y: 0.000000[0m
[0m[ INFO] [1745894406.104881439]: Publishing motor command - Left: 0.000000, Right: 0.000000[0m
[0m[ INFO] [1745894406.105257442]: Target reached: x=0.00, y=0.00, phi=0.00[0m
[0m[ INFO] [1745894406.204449192]: Target - x: 0.000000, y: 0.000000, phi: 0.000000[0m
[0m[ INFO] [1745894406.204682634]: Current - x: 0.000000, y: 0.000000, phi: 0.000000[0m
[0m[ INFO] [1745894406.204763595]: Error - x: 0.000000, y: 0.000000[0m
[0m[ INFO] [1745894406.204862476]: Publishing motor command - Left: 0.000000, Right: 0.000000[0m
[0m[ INFO] [1745894406.205950679]: Target reached: x=0.00, y=0.00, phi=0.00[0m
[0m[ INFO] [1745894406.304480630]: Target - x: 30.000000, y: 100.000000, phi: 0.000000[0m
[0m[ INFO] [1745894406.304923642]: Current - x: 0.000000, y: 0.000000, phi: 0.000000[0m
[0m[ INFO] [1745894406.305007771]: Error - x: 30.000000, y: 100.000000[0m
[0m[ INFO] [1745894406.305115260]: error_y: 100.000000[0m
[0m[ INFO] [1745894406.305173565]: w: 0.425000[0m
[0m[ INFO] [1745894406.305246973]: Publishing motor command - Left: 249.894241, Right: 250.105759[0m
[0m[ INFO] [1745894406.400910783]: Target - x: 60.000000, y: 100.000000, phi: 0.000000[0m
[0m[ INFO] [1745894406.401007648]: Current - x: 0.000000, y: 0.000000, phi: 0.000000[0m
[0m[ INFO] [1745894406.401076673]: Error - x: 60.000000, y: 100.000000[0m
[0m[ INFO] [1745894406.401137762]: error_y: 100.000000[0m
[0m[ INFO] [1745894406.401171106]: w: -4.150000[0m
[0m[ INFO] [1745894406.401227203]: Publishing motor command - Left: 501.032715, Right: 498.967285[0m
[0m[ INFO] [1745894406.505368026]: Target - x: 90.000000, y: 100.000000, phi: 0.000000[0m
[0m[ INFO] [1745894406.505746973]: Current - x: 0.000000, y: 0.000000, phi: 0.000000[0m
[0m[ INFO] [1745894406.505787838]: Error - x: 90.000000, y: 100.000000[0m
[0m[ INFO] [1745894406.505821246]: error_y: 100.000000[0m
[0m[ INFO] [1745894406.505865151]: w: 0.425000[0m
[0m[ INFO] [1745894406.506065121]: Publishing motor command - Left: 749.894226, Right: 750.105774[0m
[0m[ INFO] [1745894406.599982513]: Target - x: 120.000000, y: 100.000000, phi: 0.000000[0m
[0m[ INFO] [1745894406.600071762]: Current - x: 0.000000, y: 0.000000, phi: 0.000000[0m
[0m[ INFO] [1745894406.600138035]: Error - x: 120.000000, y: 100.000000[0m
[0m[ INFO] [1745894406.600219187]: error_y: 100.000000[0m
[0m[ INFO] [1745894406.600252404]: w: -4.150000[0m
[0m[ INFO] [1745894406.600291860]: Publishing motor command - Left: 1001.032715, Right: 998.967285[0m
[0m[ INFO] [1745894406.702147092]: Target - x: 150.000000, y: 100.000000, phi: 0.000000[0m
[0m[ INFO] [1745894406.702235861]: Current - x: 0.201959, y: 0.000190, phi: 0.107641[0m
[0m[ INFO] [1745894406.702305398]: Error - x: 149.798035, y: 99.999809[0m
[0m[ INFO] [1745894406.702405111]: error_y: 99.999809[0m
[0m[ INFO] [1745894406.702536312]: w: 0.424999[0m
[0m[ INFO] [1745894406.702620921]: Publishing motor command - Left: 1248.211182, Right: 1248.422729[0m
[0m[ INFO] [1745894406.800658195]: Target - x: 180.000000, y: 100.000000, phi: 0.000000[0m
[0m[ INFO] [1745894406.800802708]: Current - x: 2.019556, y: 0.012141, phi: 0.645847[0m
[0m[ INFO] [1745894406.800873653]: Error - x: 177.980438, y: 99.987862[0m
[0m[ INFO] [1745894406.800907413]: error_y: 99.987862[0m
[0m[ INFO] [1745894406.800936854]: w: -4.150043[0m
[0m[ INFO] [1745894406.800971126]: Publishing motor command - Left: 1484.203003, Right: 1482.137573[0m
[0m[ INFO] [1745894406.901774124]: Target - x: 210.000000, y: 100.000000, phi: 0.000000[0m
[0m[ INFO] [1745894406.901872557]: Current - x: 5.048841, y: 0.037752, phi: 0.538212[0m
[0m[ INFO] [1745894406.901960206]: Error - x: 204.951157, y: 99.962250[0m
[0m[ INFO] [1745894406.902045646]: error_y: 99.962250[0m
[0m[ INFO] [1745894406.902094383]: w: 0.425386[0m
[0m[ INFO] [1745894406.902143599]: Publishing motor command - Left: 1707.820435, Right: 1708.032104[0m
[0m[ INFO] [1745894406.999874854]: Target - x: 240.000000, y: 100.000000, phi: 0.000000[0m
[0m[ INFO] [1745894407.000027816]: Current - x: 10.097809, y: 0.023524, phi: 0.430576[0m
[0m[ INFO] [1745894407.000123433]: Error - x: 229.902191, y: 99.976479[0m
[0m[ INFO] [1745894407.000180329]: error_y: 99.976479[0m
[0m[ INFO] [1745894407.000216010]: w: -4.148920[0m
[0m[ INFO] [1745894407.000253130]: Publishing motor command - Left: 1916.883911, Right: 1914.819214[0m
[0m[ INFO] [1745894407.099724850]: Target - x: 270.000000, y: 100.000000, phi: 0.000000[0m
[0m[ INFO] [1745894407.099849363]: Current - x: 17.368340, y: 0.009866, phi: 0.430576[0m
[0m[ INFO] [1745894407.099969557]: Error - x: 252.631653, y: 99.990135[0m
[0m[ INFO] [1745894407.100083574]: error_y: 99.990135[0m
[0m[ INFO] [1745894407.100169943]: w: 0.424854[0m
[0m[ INFO] [1745894407.100224215]: Publishing motor command - Left: 2105.157959, Right: 2105.369629[0m
[0m[ INFO] [1745894407.199943970]: Target - x: 300.000000, y: 100.000000, phi: 0.000000[0m
[0m[ INFO] [1745894407.200038371]: Current - x: 26.254543, y: 0.026561, phi: 0.645858[0m
[0m[ INFO] [1745894407.200077475]: Error - x: 273.745453, y: 99.973442[0m
[0m[ INFO] [1745894407.200126052]: error_y: 99.973442[0m
[0m[ INFO] [1745894407.200170404]: w: -4.149557[0m
[0m[ INFO] [1745894407.200205572]: Publishing motor command - Left: 2282.244629, Right: 2280.179443[0m
[0m[ INFO] [1745894407.305065635]: Target - x: 330.000000, y: 100.000000, phi: 0.000000[0m
[0m[ INFO] [1745894407.305412390]: Current - x: 36.958279, y: 0.076834, phi: 0.753500[0m
[0m[ INFO] [1745894407.306835509]: Error - x: 293.041718, y: 99.923164[0m
[0m[ INFO] [1745894407.307004278]: error_y: 99.923164[0m
[0m[ INFO] [1745894407.307417786]: w: 0.425333[0m
[0m[ INFO] [1745894407.307535452]: Publishing motor command - Left: 2441.908447, Right: 2442.120117[0m
[0m[ INFO] [1745894407.399838428]: Target - x: 360.000000, y: 100.000000, phi: 0.000000[0m
[0m[ INFO] [1745894407.399959421]: Current - x: 49.277763, y: 0.111550, phi: 0.861141[0m
[0m[ INFO] [1745894407.400223264]: Error - x: 310.722229, y: 99.888451[0m
[0m[ INFO] [1745894407.400264512]: error_y: 99.888451[0m
[0m[ INFO] [1745894407.400296000]: w: -4.147618[0m
[0m[ INFO] [1745894407.400329409]: Publishing motor command - Left: 2590.384033, Right: 2588.319824[0m
[0m[ INFO] [1745894407.504232341]: Target - x: 390.000000, y: 100.000000, phi: 0.000000[0m
[0m[ INFO] [1745894407.504372663]: Current - x: 63.212914, y: 0.150820, phi: 0.968782[0m
[0m[ INFO] [1745894407.504437943]: Error - x: 326.787079, y: 99.849182[0m
[0m[ INFO] [1745894407.504511928]: error_y: 99.849182[0m
[0m[ INFO] [1745894407.504546169]: w: 0.426607[0m
[0m[ INFO] [1745894407.504579929]: Publishing motor command - Left: 2723.119385, Right: 2723.331787[0m
[0m[ INFO] [1745894407.600309531]: Target - x: 420.000000, y: 100.000000, phi: 0.000000[0m
[0m[ INFO] [1745894407.600461917]: Current - x: 78.561729, y: 0.208492, phi: 1.184065[0m
[0m[ INFO] [1745894407.600537118]: Error - x: 341.438263, y: 99.791512[0m
[0m[ INFO] [1745894407.600626463]: error_y: 99.791512[0m
[0m[ INFO] [1745894407.600675583]: w: -4.146234[0m
[0m[ INFO] [1745894407.600745344]: Publishing motor command - Left: 2846.350830, Right: 2844.287109[0m
[0m[ INFO] [1745894407.703796940]: Target - x: 450.000000, y: 100.000000, phi: 0.000000[0m
[0m[ INFO] [1745894407.704235536]: Current - x: 94.920387, y: 0.254592, phi: 1.076429[0m
[0m[ INFO] [1745894407.704532115]: Error - x: 355.079620, y: 99.745407[0m
[0m[ INFO] [1745894407.704606324]: error_y: 99.745407[0m
[0m[ INFO] [1745894407.704674645]: w: 0.428804[0m
[0m[ INFO] [1745894407.706045827]: Publishing motor command - Left: 2958.889893, Right: 2959.103516[0m
[0m[ INFO] [1745894407.799926643]: Target - x: 480.000000, y: 100.000000, phi: 0.000000[0m
[0m[ INFO] [1745894407.800012787]: Current - x: 112.894714, y: 0.203941, phi: 0.968794[0m
[0m[ INFO] [1745894407.800079060]: Error - x: 367.105286, y: 99.796059[0m
[0m[ INFO] [1745894407.800150709]: error_y: 99.796059[0m
[0m[ INFO] [1745894407.800225078]: w: -4.144105[0m
[0m[ INFO] [1745894407.800281174]: Publishing motor command - Left: 3060.241943, Right: 3058.179443[0m
[0m[ INFO] [1745894407.900077858]: Target - x: 510.000000, y: 100.000000, phi: 0.000000[0m
[0m[ INFO] [1745894407.900210979]: Current - x: 132.282791, y: 0.167520, phi: 0.968794[0m
[0m[ INFO] [1745894407.900395589]: Error - x: 377.717224, y: 99.832481[0m
[0m[ INFO] [1745894407.900504422]: error_y: 99.832481[0m
[0m[ INFO] [1745894407.900576615]: w: 0.426857[0m
[0m[ INFO] [1745894407.900698184]: Publishing motor command - Left: 3147.537354, Right: 3147.749756[0m
[0m[ INFO] [1745894407.999971246]: Target - x: 540.000000, y: 100.000000, phi: 0.000000[0m
[0m[ INFO] [1745894408.000075631]: Current - x: 152.478745, y: 0.167520, phi: 0.968794[0m
[0m[ INFO] [1745894408.000151152]: Error - x: 387.521240, y: 99.832481[0m
[0m[ INFO] [1745894408.000229489]: error_y: 99.832481[0m
[0m[ INFO] [1745894408.000263889]: w: -4.145617[0m
[0m[ INFO] [1745894408.000301585]: Publishing motor command - Left: 3230.375244, Right: 3228.312256[0m
[0m[ INFO] [1745894408.100832164]: Target - x: 570.000000, y: 100.000000, phi: 0.000000[0m
[0m[ INFO] [1745894408.101017158]: Current - x: 174.290344, y: 0.208497, phi: 1.184076[0m
[0m[ INFO] [1745894408.101123271]: Error - x: 395.709656, y: 99.791504[0m
[0m[ INFO] [1745894408.101207272]: error_y: 99.791504[0m
[0m[ INFO] [1745894408.101258472]: w: 0.426682[0m
[0m[ INFO] [1745894408.101380329]: Publishing motor command - Left: 3297.474365, Right: 3297.686523[0m
[0m[ INFO] [1745894408.200010665]: Target - x: 600.000000, y: 100.000000, phi: 0.000000[0m
[0m[ INFO] [1745894408.200141834]: Current - x: 197.515182, y: 0.361212, phi: 1.506999[0m
[0m[ INFO] [1745894408.200219467]: Error - x: 402.484802, y: 99.638786[0m
[0m[ INFO] [1745894408.200299340]: error_y: 99.638786[0m
[0m[ INFO] [1745894408.200471374]: w: -4.144565[0m
[0m[ INFO] [1745894408.200518830]: Publishing motor command - Left: 3355.071289, Right: 3353.008789[0m
[0m[ INFO] [1745894408.303374200]: Target - x: 630.000000, y: 100.000000, phi: 0.000000[0m
[0m[ INFO] [1745894408.303707708]: Current - x: 221.749268, y: 0.588861, phi: 1.937564[0m
[0m[ INFO] [1745894408.303803357]: Error - x: 408.250732, y: 99.411140[0m
[0m[ INFO] [1745894408.303864285]: error_y: 99.411140[0m
[0m[ INFO] [1745894408.303910654]: w: 0.432053[0m
[0m[ INFO] [1745894408.303964350]: Publishing motor command - Left: 3401.982178, Right: 3402.197021[0m
[0m[ INFO] [1745894408.399815234]: Target - x: 660.000000, y: 100.000000, phi: 0.000000[0m
[0m[ INFO] [1745894408.399910435]: Current - x: 246.387238, y: 0.820303, phi: 2.152846[0m
[0m[ INFO] [1745894408.400034308]: Error - x: 413.612762, y: 99.179695[0m
[0m[ INFO] [1745894408.400079525]: error_y: 99.179695[0m
[0m[ INFO] [1745894408.400113509]: w: -4.136101[0m
[0m[ INFO] [1745894408.400148293]: Publishing motor command - Left: 3447.802490, Right: 3445.743896[0m
[0m[ INFO] [1745894408.500254868]: Target - x: 690.000000, y: 100.000000, phi: 0.000000[0m
[0m[ INFO] [1745894408.500772953]: Current - x: 272.439728, y: 0.942666, phi: 2.260487[0m
[0m[ INFO] [1745894408.500959003]: Error - x: 417.560272, y: 99.057335[0m
[0m[ INFO] [1745894408.501163517]: error_y: 99.057335[0m
[0m[ INFO] [1745894408.501321503]: w: 0.441138[0m
[0m[ INFO] [1745894408.501401887]: Publishing motor command - Left: 3479.559326, Right: 3479.778564[0m
[0m[ INFO] [1745894408.599852061]: Target - x: 720.000000, y: 100.000000, phi: 0.000000[0m
[0m[ INFO] [1745894408.599965342]: Current - x: 298.492493, y: 0.967139, phi: 2.152852[0m
[0m[ INFO] [1745894408.600057503]: Error - x: 421.507507, y: 99.032860[0m
[0m[ INFO] [1745894408.600122368]: error_y: 99.032860[0m
[0m[ INFO] [1745894408.600154048]: w: -4.131127[0m
[0m[ INFO] [1745894408.600187553]: Publishing motor command - Left: 3513.590576, Right: 3511.534424[0m
[0m[ INFO] [1745894408.699762410]: Target - x: 750.000000, y: 100.000000, phi: 0.000000[0m
[0m[ INFO] [1745894408.699879531]: Current - x: 325.555054, y: 0.967142, phi: 2.368134[0m
[0m[ INFO] [1745894408.699944268]: Error - x: 424.444946, y: 99.032860[0m
[0m[ INFO] [1745894408.699980972]: error_y: 99.032860[0m
[0m[ INFO] [1745894408.700030380]: w: 0.442153[0m
[0m[ INFO] [1745894408.700068749]: Publishing motor command - Left: 3536.931396, Right: 3537.151367[0m
[0m[ INFO] [1745894408.800242364]: Target - x: 780.000000, y: 100.000000, phi: 0.000000[0m
[0m[ INFO] [1745894408.800371325]: Current - x: 353.425049, y: 1.124221, phi: 2.583417[0m
[0m[ INFO] [1745894408.800439518]: Error - x: 426.574951, y: 98.875778[0m
[0m[ INFO] [1745894408.800516543]: error_y: 98.875778[0m
[0m[ INFO] [1745894408.800562591]: w: -4.131795[0m
[0m[ INFO] [1745894408.800602080]: Publishing motor command - Left: 3555.819580, Right: 3553.762939[0m
[0m[ INFO] [1745894408.901784153]: Target - x: 810.000000, y: 100.000000, phi: 0.000000[0m
[0m[ INFO] [1745894408.902285534]: Current - x: 382.305145, y: 1.205607, phi: 2.475781[0m
[0m[ INFO] [1745894408.902396319]: Error - x: 427.694855, y: 98.794395[0m
[0m[ INFO] [1745894408.902666114]: error_y: 98.794395[0m
[0m[ INFO] [1745894408.902939493]: w: 0.448326[0m
[0m[ INFO] [1745894408.903028197]: Publishing motor command - Left: 3564.011963, Right: 3564.235352[0m
[0m[ INFO] [1745894408.999912051]: Target - x: 840.000000, y: 100.000000, phi: 0.000000[0m
[0m[ INFO] [1745894409.000054997]: Current - x: 411.791229, y: 1.205611, phi: 2.691064[0m
[0m[ INFO] [1745894409.000098069]: Error - x: 428.208771, y: 98.794388[0m
[0m[ INFO] [1745894409.000133366]: error_y: 98.794388[0m
[0m[ INFO] [1745894409.000164438]: w: -4.128417[0m
[0m[ INFO] [1745894409.000202070]: Publishing motor command - Left: 3569.433838, Right: 3567.379150[0m
[0m[ INFO] [1745894409.100124067]: Target - x: 870.000000, y: 100.000000, phi: 0.000000[0m
[0m[ INFO] [1745894409.100293989]: Current - x: 441.075043, y: 1.343150, phi: 2.798705[0m
[0m[ INFO] [1745894409.100359333]: Error - x: 428.924957, y: 98.656853[0m
[0m[ INFO] [1745894409.100703497]: error_y: 98.656853[0m
[0m[ INFO] [1745894409.100762441]: w: 0.447742[0m
[0m[ INFO] [1745894409.100840330]: Publishing motor command - Left: 3574.263428, Right: 3574.486084[0m
[0m[ INFO] [1745894409.199613067]: Target - x: 900.000000, y: 100.000000, phi: 0.000000[0m
[0m[ INFO] [1745894409.199732748]: Current - x: 471.166870, y: 1.427950, phi: 2.906346[0m
[0m[ INFO] [1745894409.199796653]: Error - x: 428.833130, y: 98.572052[0m
[0m[ INFO] [1745894409.199846606]: error_y: 98.572052[0m
[0m[ INFO] [1745894409.199887150]: w: -4.123070[0m
[0m[ INFO] [1745894409.199938478]: Publishing motor command - Left: 3574.635498, Right: 3572.583252[0m
[0m[ INFO] [1745894409.303909700]: Target - x: 930.000000, y: 100.000000, phi: 0.000000[0m
[0m[ INFO] [1745894409.304036901]: Current - x: 501.460754, y: 1.484863, phi: 2.906346[0m
[0m[ INFO] [1745894409.304124838]: Error - x: 428.539246, y: 98.515137[0m
[0m[ INFO] [1745894409.304163558]: error_y: 98.515137[0m
[0m[ INFO] [1745894409.304196519]: w: 0.451019[0m
[0m[ INFO] [1745894409.304252519]: Publishing motor command - Left: 3571.048096, Right: 3571.272705[0m
[0m[ INFO] [1745894409.399893257]: Target - x: 960.000000, y: 100.000000, phi: 0.000000[0m
[0m[ INFO] [1745894409.399992682]: Current - x: 532.562500, y: 1.484863, phi: 2.906346[0m
[0m[ INFO] [1745894409.400036778]: Error - x: 427.437500, y: 98.515137[0m
[0m[ INFO] [1745894409.400089035]: error_y: 98.515137[0m
[0m[ INFO] [1745894409.400140875]: w: -4.120708[0m
[0m[ INFO] [1745894409.400181804]: Publishing motor command - Left: 3563.004639, Right: 3560.953857[0m
[0m[ INFO] [1745894409.504163777]: Target - x: 990.000000, y: 100.000000, phi: 0.000000[0m
[0m[ INFO] [1745894409.504637126]: Current - x: 564.068237, y: 1.484863, phi: 2.906346[0m
[0m[ INFO] [1745894409.504808936]: Error - x: 425.931763, y: 98.515137[0m
[0m[ INFO] [1745894409.504917577]: error_y: 98.515137[0m
[0m[ INFO] [1745894409.504961545]: w: 0.451020[0m
[0m[ INFO] [1745894409.505015722]: Publishing motor command - Left: 3549.319092, Right: 3549.543701[0m
[0m[ INFO] [1745894409.599898724]: Target - x: 1020.000000, y: 100.000000, phi: 0.000000[0m
[0m[ INFO] [1745894409.600022021]: Current - x: 596.179749, y: 1.454699, phi: 2.798711[0m
[0m[ INFO] [1745894409.600114374]: Error - x: 423.820251, y: 98.545303[0m
[0m[ INFO] [1745894409.600157734]: error_y: 98.545303[0m
[0m[ INFO] [1745894409.600204551]: w: -4.120580[0m
[0m[ INFO] [1745894409.600256263]: Publishing motor command - Left: 3532.860596, Right: 3530.809814[0m
[0m[ INFO] [1745894409.702999152]: Target - x: 1050.000000, y: 100.000000, phi: 0.000000[0m
[0m[ INFO] [1745894409.703116433]: Current - x: 628.089294, y: 1.394755, phi: 2.798711[0m
[0m[ INFO] [1745894409.703274451]: Error - x: 421.910706, y: 98.605247[0m
[0m[ INFO] [1745894409.703342579]: error_y: 98.605247[0m
[0m[ INFO] [1745894409.703389812]: w: 0.450022[0m
[0m[ INFO] [1745894409.703438932]: Publishing motor command - Left: 3515.810547, Right: 3516.034424[0m
[0m[ INFO] [1745894409.799830622]: Target - x: 1080.000000, y: 100.000000, phi: 0.000000[0m
[0m[ INFO] [1745894409.799948191]: Current - x: 660.604675, y: 1.486385, phi: 3.121634[0m
[0m[ INFO] [1745894409.800020127]: Error - x: 419.395325, y: 98.513618[0m
[0m[ INFO] [1745894409.800089888]: error_y: 98.513618[0m
[0m[ INFO] [1745894409.800124800]: w: -4.123457[0m
[0m[ INFO] [1745894409.800173185]: Publishing motor command - Left: 3495.987061, Right: 3493.934814[0m
[0m[ INFO] [1745894409.904118678]: Target - x: 1110.000000, y: 100.000000, phi: 0.000000[0m
[0m[ INFO] [1745894409.904533242]: Current - x: 693.523376, y: 1.702843, phi: 3.229276[0m
[0m[ INFO] [1745894409.904673212]: Error - x: 416.476624, y: 98.297157[0m
[0m[ INFO] [1745894409.904776477]: error_y: 98.297157[0m
[0m[ INFO] [1745894409.904831869]: w: 0.452905[0m
[0m[ INFO] [1745894409.904891710]: Publishing motor command - Left: 3470.526123, Right: 3470.751221[0m
[0m[ INFO] [1745894409.999908025]: Target - x: 1140.000000, y: 100.000000, phi: 0.000000[0m
[0m[ INFO] [1745894410.000241116]: Current - x: 725.836792, y: 1.763550, phi: 3.229276[0m
[0m[ INFO] [1745894410.000289117]: Error - x: 414.163208, y: 98.236450[0m
[0m[ INFO] [1745894410.000323485]: error_y: 98.236450[0m
[0m[ INFO] [1745894410.000355486]: w: -4.114732[0m
[0m[ INFO] [1745894410.000392350]: Publishing motor command - Left: 3452.383789, Right: 3450.336182[0m
[0m[ INFO] [1745894410.103967023]: Target - x: 1170.000000, y: 100.000000, phi: 0.000000[0m
[0m[ INFO] [1745894410.104062256]: Current - x: 758.957947, y: 1.887999, phi: 3.659841[0m
[0m[ INFO] [1745894410.104103472]: Error - x: 411.042053, y: 98.112000[0m
[0m[ INFO] [1745894410.104137361]: error_y: 98.112000[0m
[0m[ INFO] [1745894410.104169777]: w: 0.454896[0m
[0m[ INFO] [1745894410.104242834]: Publishing motor command - Left: 3425.237305, Right: 3425.463867[0m
[0m[ INFO] [1745894410.200010485]: Target - x: 1200.000000, y: 100.000000, phi: 0.000000[0m
[0m[ INFO] [1745894410.200126966]: Current - x: 791.876648, y: 2.104457, phi: 3.552205[0m
[0m[ INFO] [1745894410.200169238]: Error - x: 408.123352, y: 97.895546[0m
[0m[ INFO] [1745894410.200212567]: error_y: 97.895546[0m
[0m[ INFO] [1745894410.200244951]: w: -4.110487[0m
[0m[ INFO] [1745894410.200297368]: Publishing motor command - Left: 3402.050781, Right: 3400.005127[0m
[0m[ INFO] [1745894410.300254468]: Target - x: 1230.000000, y: 100.000000, phi: 0.000000[0m
[0m[ INFO] [1745894410.300493863]: Current - x: 825.401855, y: 2.041478, phi: 3.552205[0m
[0m[ INFO] [1745894410.300706697]: Error - x: 404.598145, y: 97.958519[0m
[0m[ INFO] [1745894410.300865803]: error_y: 97.958519[0m
[0m[ INFO] [1745894410.300937419]: w: 0.464146[0m
[0m[ INFO] [1745894410.301006156]: Publishing motor command - Left: 3371.535400, Right: 3371.766602[0m
[0m[ INFO] [1745894410.399983279]: Target - x: 1260.000000, y: 100.000000, phi: 0.000000[0m
[0m[ INFO] [1745894410.400078160]: Current - x: 858.523193, y: 2.103703, phi: 3.767488[0m
[0m[ INFO] [1745894410.400118800]: Error - x: 401.476807, y: 97.896301[0m
[0m[ INFO] [1745894410.400167889]: error_y: 97.896301[0m
[0m[ INFO] [1745894410.400212465]: w: -4.113365[0m
[0m[ INFO] [1745894410.400250866]: Publishing motor command - Left: 3346.663330, Right: 3344.616455[0m
[0m[ INFO] [1745894410.500252255]: Target - x: 1290.000000, y: 100.000000, phi: 0.000000[0m
[0m[ INFO] [1745894410.500527650]: Current - x: 891.644287, y: 2.228152, phi: 3.767488[0m
[0m[ INFO] [1745894410.500611747]: Error - x: 398.355713, y: 97.771851[0m
[0m[ INFO] [1745894410.500664643]: error_y: 97.771851[0m
[0m[ INFO] [1745894410.500732868]: w: 0.466199[0m
[0m[ INFO] [1745894410.500792388]: Publishing motor command - Left: 3319.514893, Right: 3319.746826[0m
[0m[ INFO] [1745894410.599812776]: Target - x: 1320.000000, y: 100.000000, phi: 0.000000[0m
[0m[ INFO] [1745894410.599925897]: Current - x: 924.765686, y: 2.228152, phi: 3.767488[0m
[0m[ INFO] [1745894410.599977257]: Error - x: 395.234314, y: 97.771851[0m
[0m[ INFO] [1745894410.600053194]: error_y: 97.771851[0m
[0m[ INFO] [1745894410.600120811]: w: -4.108201[0m
[0m[ INFO] [1745894410.600200204]: Publishing motor command - Left: 3294.641357, Right: 3292.596924[0m
[0m[ INFO] [1745894410.704134849]: Target - x: 1350.000000, y: 100.000000, phi: 0.000000[0m
[0m[ INFO] [1745894410.705139083]: Current - x: 957.483093, y: 2.228152, phi: 3.767488[0m
[0m[ INFO] [1745894410.705297964]: Error - x: 392.516907, y: 97.771851[0m
[0m[ INFO] [1745894410.705392973]: error_y: 97.771851[0m
[0m[ INFO] [1745894410.705480046]: w: 0.466199[0m
[0m[ INFO] [1745894410.705577103]: Publishing motor command - Left: 3270.858398, Right: 3271.090088[0m
[0m[ INFO] [1745894410.799890371]: Target - x: 1380.000000, y: 100.000000, phi: 0.000000[0m
[0m[ INFO] [1745894410.800043781]: Current - x: 991.210327, y: 2.259834, phi: 3.875129[0m
[0m[ INFO] [1745894410.800110149]: Error - x: 388.789673, y: 97.740166[0m
[0m[ INFO] [1745894410.800181958]: error_y: 97.740166[0m
[0m[ INFO] [1745894410.800544490]: w: -4.108335[0m
[0m[ INFO] [1745894410.800587306]: Publishing motor command - Left: 3240.936523, Right: 3238.891602[0m
[0m[ INFO] [1745894410.905255590]: Target - x: 1410.000000, y: 100.000000, phi: 0.000000[0m
[0m[ INFO] [1745894410.905374376]: Current - x: 1024.331665, y: 2.322058, phi: 3.875129[0m
[0m[ INFO] [1745894410.905413928]: Error - x: 385.668335, y: 97.677940[0m
[0m[ INFO] [1745894410.905446536]: error_y: 97.677940[0m
[0m[ INFO] [1745894410.905497929]: w: 0.467249[0m
[0m[ INFO] [1745894410.905550889]: Publishing motor command - Left: 3213.786377, Right: 3214.018799[0m
[0m[ INFO] [1745894411.000165345]: Target - x: 1440.000000, y: 100.000000, phi: 0.000000[0m
[0m[ INFO] [1745894411.000401475]: Current - x: 1057.453003, y: 2.322058, phi: 3.875129[0m
[0m[ INFO] [1745894411.000520356]: Error - x: 382.546997, y: 97.677940[0m
[0m[ INFO] [1745894411.000579237]: error_y: 97.677940[0m
[0m[ INFO] [1745894411.000623429]: w: -4.105752[0m
[0m[ INFO] [1745894411.000672358]: Publishing motor command - Left: 3188.913330, Right: 3186.869873[0m
[0m[ INFO] [1745894411.105039519]: Target - x: 1470.000000, y: 100.000000, phi: 0.000000[0m
[0m[ INFO] [1745894411.105579140]: Current - x: 1089.968506, y: 2.352602, phi: 3.982770[0m
[0m[ INFO] [1745894411.105741254]: Error - x: 380.031494, y: 97.647400[0m
[0m[ INFO] [1745894411.105796038]: error_y: 97.647400[0m
[0m[ INFO] [1745894411.105843591]: w: 0.467119[0m
[0m[ INFO] [1745894411.105895047]: Publishing motor command - Left: 3166.812744, Right: 3167.045166[0m
[0m[ INFO] [1745894411.200196923]: Target - x: 1500.000000, y: 100.000000, phi: 0.000000[0m
[0m[ INFO] [1745894411.200294684]: Current - x: 1122.483887, y: 2.444232, phi: 4.090411[0m
[0m[ INFO] [1745894411.200401789]: Error - x: 377.516113, y: 97.555771[0m
[0m[ INFO] [1745894411.200614816]: error_y: 97.555771[0m
[0m[ INFO] [1745894411.200661184]: w: -4.104875[0m
[0m[ INFO] [1745894411.200716897]: Publishing motor command - Left: 3146.989014, Right: 3144.946045[0m
[0m[ INFO] [1745894411.299976518]: Target - x: 1530.000000, y: 100.000000, phi: 0.000000[0m
[0m[ INFO] [1745894411.300094472]: Current - x: 1155.201294, y: 2.444232, phi: 3.875110[0m
[0m[ INFO] [1745894411.300185032]: Error - x: 374.798706, y: 97.555771[0m
[0m[ INFO] [1745894411.300233129]: error_y: 97.555771[0m
[0m[ INFO] [1745894411.300266473]: w: 0.470922[0m
[0m[ INFO] [1745894411.300300970]: Publishing motor command - Left: 3123.205322, Right: 3123.439697[0m
[0m[ INFO] [1745894411.400039316]: Target - x: 1560.000000, y: 100.000000, phi: 0.000000[0m
[0m[ INFO] [1745894411.400180438]: Current - x: 1188.726562, y: 2.507218, phi: 4.520957[0m
[0m[ INFO] [1745894411.400227574]: Error - x: 371.273438, y: 97.492783[0m
[0m[ INFO] [1745894411.400270807]: error_y: 97.492783[0m
[0m[ INFO] [1745894411.400320695]: w: -4.105142[0m
[0m[ INFO] [1745894411.400360087]: Publishing motor command - Left: 3094.966797, Right: 3092.923828[0m
[0m[ INFO] [1745894411.500186787]: Target - x: 1590.000000, y: 100.000000, phi: 0.000000[0m
[0m[ INFO] [1745894411.500337028]: Current - x: 1221.037964, y: 2.871454, phi: 4.520957[0m
[0m[ INFO] [1745894411.500442854]: Error - x: 368.962036, y: 97.128548[0m
[0m[ INFO] [1745894411.500528166]: error_y: 97.128548[0m
[0m[ INFO] [1745894411.500576615]: w: 0.471988[0m
[0m[ INFO] [1745894411.500692904]: Publishing motor command - Left: 3074.566162, Right: 3074.801025[0m
[0m[ INFO] [1745894411.599972110]: Target - x: 1620.000000, y: 100.000000, phi: 0.000000[0m
[0m[ INFO] [1745894411.600057231]: Current - x: 1254.159058, y: 2.747004, phi: 4.090415[0m
[0m[ INFO] [1745894411.600108687]: Error - x: 365.840942, y: 97.252998[0m
[0m[ INFO] [1745894411.600179216]: error_y: 97.252998[0m
[0m[ INFO] [1745894411.600297425]: w: -4.089498[0m
[0m[ INFO] [1745894411.600362194]: Publishing motor command - Left: 3049.692139, Right: 3047.656982[0m
[0m[ INFO] [1745894411.700003484]: Target - x: 1650.000000, y: 100.000000, phi: 0.000000[0m
[0m[ INFO] [1745894411.700429536]: Current - x: 1286.673950, y: 2.533202, phi: 4.198056[0m
[0m[ INFO] [1745894411.700532705]: Error - x: 363.326050, y: 97.466797[0m
[0m[ INFO] [1745894411.700642498]: error_y: 97.466797[0m
[0m[ INFO] [1745894411.700700675]: w: 0.467732[0m
[0m[ INFO] [1745894411.700758147]: Publishing motor command - Left: 3027.600586, Right: 3027.833740[0m
[0m[ INFO] [1745894411.799747398]: Target - x: 1680.000000, y: 100.000000, phi: 0.000000[0m
[0m[ INFO] [1745894411.799842951]: Current - x: 1319.188965, y: 2.685918, phi: 4.520980[0m
[0m[ INFO] [1745894411.799882376]: Error - x: 360.811035, y: 97.314079[0m
[0m[ INFO] [1745894411.799915720]: error_y: 97.314079[0m
[0m[ INFO] [1745894411.799973481]: w: -4.099019[0m
[0m[ INFO] [1745894411.800047785]: Publishing motor command - Left: 3007.778320, Right: 3005.738525[0m
[0m[ INFO] [1745894411.905192170]: Target - x: 1710.000000, y: 100.000000, phi: 0.000000[0m
[0m[ INFO] [1745894411.905283595]: Current - x: 1351.905518, y: 2.931780, phi: 4.736262[0m
[0m[ INFO] [1745894411.905333516]: Error - x: 358.094482, y: 97.068222[0m
[0m[ INFO] [1745894411.905369068]: error_y: 97.068222[0m
[0m[ INFO] [1745894411.905432653]: w: 0.473025[0m
[0m[ INFO] [1745894411.905484141]: Publishing motor command - Left: 2984.002930, Right: 2984.238525[0m
[0m[ INFO] [1745894411.999927747]: Target - x: 1740.000000, y: 100.000000, phi: 0.000000[0m
[0m[ INFO] [1745894412.000050660]: Current - x: 1384.622437, y: 3.116177, phi: 4.951545[0m
[0m[ INFO] [1745894412.000428552]: Error - x: 355.377563, y: 96.883820[0m
[0m[ INFO] [1745894412.000513736]: error_y: 96.883820[0m
[0m[ INFO] [1745894412.000566569]: w: -4.089600[0m
[0m[ INFO] [1745894412.000635242]: Publishing motor command - Left: 2962.497314, Right: 2960.462158[0m
[0m[ INFO] [1745894412.106794933]: Target - x: 1770.000000, y: 100.000000, phi: 0.000000[0m
[0m[ INFO] [1745894412.107306298]: Current - x: 1416.733887, y: 3.206669, phi: 4.843909[0m
[0m[ INFO] [1745894412.107495548]: Error - x: 353.266113, y: 96.793327[0m
[0m[ INFO] [1745894412.107679902]: error_y: 96.793327[0m
[0m[ INFO] [1745894412.107740574]: w: 0.480293[0m
[0m[ INFO] [1745894412.107800447]: Publishing motor command - Left: 2943.764648, Right: 2944.003662[0m
[0m[ INFO] [1745894412.199891389]: Target - x: 1800.000000, y: 100.000000, phi: 0.000000[0m
[0m[ INFO] [1745894412.199983549]: Current - x: 1449.047485, y: 3.206673, phi: 5.059192[0m
[0m[ INFO] [1745894412.200022974]: Error - x: 350.952515, y: 96.793327[0m
[0m[ INFO] [1745894412.200056606]: error_y: 96.793327[0m
[0m[ INFO] [1745894412.200087198]: w: -4.085844[0m
[0m[ INFO] [1745894412.200145055]: Publishing motor command - Left: 2925.620850, Right: 2923.587646[0m
[0m[ INFO] [1745894412.302250145]: Target - x: 1830.000000, y: 100.000000, phi: 0.000000[0m
[0m[ INFO] [1745894412.302799879]: Current - x: 1481.764648, y: 3.329605, phi: 5.059192[0m
[0m[ INFO] [1745894412.302973033]: Error - x: 348.235352, y: 96.670395[0m
[0m[ INFO] [1745894412.303043849]: error_y: 96.670395[0m
[0m[ INFO] [1745894412.303301836]: w: 0.479770[0m
[0m[ INFO] [1745894412.303395885]: Publishing motor command - Left: 2901.841797, Right: 2902.080811[0m
[0m[ INFO] [1745894412.400023128]: Target - x: 1860.000000, y: 100.000000, phi: 0.000000[0m
[0m[ INFO] [1745894412.400108601]: Current - x: 1514.078125, y: 3.329605, phi: 5.059192[0m
[0m[ INFO] [1745894412.400180986]: Error - x: 345.921875, y: 96.670395[0m
[0m[ INFO] [1745894412.400252603]: error_y: 96.670395[0m
[0m[ INFO] [1745894412.400303099]: w: -4.080742[0m
[0m[ INFO] [1745894412.400336891]: Publishing motor command - Left: 2883.697998, Right: 2881.666748[0m
[0m[ INFO] [1745894412.505215962]: Target - x: 1890.000000, y: 100.000000, phi: 0.000000[0m
[0m[ INFO] [1745894412.505551325]: Current - x: 1546.189697, y: 3.359769, phi: 5.166833[0m
[0m[ INFO] [1745894412.505621406]: Error - x: 343.810303, y: 96.640228[0m
[0m[ INFO] [1745894412.505669758]: error_y: 96.640228[0m
[0m[ INFO] [1745894412.505717087]: w: 0.479642[0m
[0m[ INFO] [1745894412.506680584]: Publishing motor command - Left: 2864.966553, Right: 2865.205322[0m
[0m[ INFO] [1745894412.600794618]: Target - x: 1920.000000, y: 100.000000, phi: 0.000000[0m
[0m[ INFO] [1745894412.600894395]: Current - x: 1577.897339, y: 3.329984, phi: 4.843896[0m
[0m[ INFO] [1745894412.600938140]: Error - x: 342.102661, y: 96.670013[0m
[0m[ INFO] [1745894412.600971900]: error_y: 96.670013[0m
[0m[ INFO] [1745894412.601030013]: w: -4.079364[0m
[0m[ INFO] [1745894412.601091101]: Publishing motor command - Left: 2851.870361, Right: 2849.840576[0m
[0m[ INFO] [1745894412.703785926]: Target - x: 1950.000000, y: 100.000000, phi: 0.000000[0m
[0m[ INFO] [1745894412.703869798]: Current - x: 1609.806885, y: 3.270037, phi: 5.274461[0m
[0m[ INFO] [1745894412.703938407]: Error - x: 340.193115, y: 96.729965[0m
[0m[ INFO] [1745894412.704002920]: error_y: 96.729965[0m
[0m[ INFO] [1745894412.704033928]: w: 0.478661[0m
[0m[ INFO] [1745894412.704068968]: Publishing motor command - Left: 2834.823486, Right: 2835.061768[0m
[0m[ INFO] [1745894412.799988877]: Target - x: 1980.000000, y: 100.000000, phi: 0.000000[0m
[0m[ INFO] [1745894412.800109134]: Current - x: 1641.109985, y: 3.475871, phi: 5.166825[0m
[0m[ INFO] [1745894412.800181518]: Error - x: 338.890015, y: 96.524132[0m
[0m[ INFO] [1745894412.800253967]: error_y: 96.524132[0m
[0m[ INFO] [1745894412.800309648]: w: -4.082726[0m
[0m[ INFO] [1745894412.800351440]: Publishing motor command - Left: 2825.099365, Right: 2823.067383[0m
[0m[ INFO] [1745894412.902868567]: Target - x: 2010.000000, y: 100.000000, phi: 0.000000[0m
[0m[ INFO] [1745894412.902995416]: Current - x: 1672.413696, y: 3.446470, phi: 5.274467[0m
[0m[ INFO] [1745894412.903072633]: Error - x: 337.586304, y: 96.553528[0m
[0m[ INFO] [1745894412.903224090]: error_y: 96.553528[0m
[0m[ INFO] [1745894412.903287547]: w: 0.487328[0m
[0m[ INFO] [1745894412.903364380]: Publishing motor command - Left: 2813.097656, Right: 2813.340576[0m
[0m[ INFO] [1745894413.000002695]: Target - x: 2040.000000, y: 100.000000, phi: 0.000000[0m
[0m[ INFO] [1745894413.000234729]: Current - x: 1704.525146, y: 3.536962, phi: 5.382108[0m
[0m[ INFO] [1745894413.000308714]: Error - x: 335.474854, y: 96.463036[0m
[0m[ INFO] [1745894413.000399595]: error_y: 96.463036[0m
[0m[ INFO] [1745894413.000505644]: w: -4.084331[0m
[0m[ INFO] [1745894413.000608973]: Publishing motor command - Left: 2796.639893, Right: 2794.607422[0m
[0m[ INFO] [1745894413.100123509]: Target - x: 2070.000000, y: 100.000000, phi: 0.000000[0m
[0m[ INFO] [1745894413.100239223]: Current - x: 1735.828857, y: 3.566367, phi: 5.274472[0m
[0m[ INFO] [1745894413.100336280]: Error - x: 334.171143, y: 96.433632[0m
[0m[ INFO] [1745894413.100416856]: error_y: 96.433632[0m
[0m[ INFO] [1745894413.100502841]: w: 0.490958[0m
[0m[ INFO] [1745894413.100601274]: Publishing motor command - Left: 2784.637451, Right: 2784.881592[0m
[0m[ INFO] [1745894413.199762175]: Target - x: 2100.000000, y: 100.000000, phi: 0.000000[0m
[0m[ INFO] [1745894413.199844704]: Current - x: 1766.728638, y: 3.537345, phi: 5.382113[0m
[0m[ INFO] [1745894413.199920768]: Error - x: 333.271362, y: 96.462654[0m
[0m[ INFO] [1745894413.199978625]: error_y: 96.462654[0m
[0m[ INFO] [1745894413.200034882]: w: -4.082987[0m
[0m[ INFO] [1745894413.200084450]: Publishing motor command - Left: 2778.277344, Right: 2776.245361[0m
[0m[ INFO] [1745894413.304932096]: Target - x: 2130.000000, y: 100.000000, phi: 0.000000[0m
[0m[ INFO] [1745894413.305345796]: Current - x: 1797.830322, y: 3.595776, phi: 5.382113[0m
[0m[ INFO] [1745894413.305535142]: Error - x: 332.169678, y: 96.404221[0m
[0m[ INFO] [1745894413.305687400]: error_y: 96.404221[0m
[0m[ INFO] [1745894413.305868137]: w: 0.489505[0m
[0m[ INFO] [1745894413.307051157]: Publishing motor command - Left: 2767.958984, Right: 2768.202393[0m
[0m[ INFO] [1745894413.400006012]: Target - x: 2160.000000, y: 100.000000, phi: 0.000000[0m
[0m[ INFO] [1745894413.400124061]: Current - x: 1828.326172, y: 3.567130, phi: 5.274478[0m
[0m[ INFO] [1745894413.400704547]: Error - x: 331.673828, y: 96.432869[0m
[0m[ INFO] [1745894413.400753955]: error_y: 96.432869[0m
[0m[ INFO] [1745894413.400789699]: w: -4.080441[0m
[0m[ INFO] [1745894413.400827556]: Publishing motor command - Left: 2764.963867, Right: 2762.933350[0m
[0m[ INFO] [1745894413.503855727]: Target - x: 2190.000000, y: 100.000000, phi: 0.000000[0m
[0m[ INFO] [1745894413.504006673]: Current - x: 1859.831909, y: 3.567134, phi: 5.489761[0m
[0m[ INFO] [1745894413.504046513]: Error - x: 330.168091, y: 96.432869[0m
[0m[ INFO] [1745894413.504435125]: error_y: 96.432869[0m
[0m[ INFO] [1745894413.504491286]: w: 0.488316[0m
[0m[ INFO] [1745894413.505188317]: Publishing motor command - Left: 2751.279297, Right: 2751.522217[0m
[0m[ INFO] [1745894413.599956277]: Target - x: 2220.000000, y: 100.000000, phi: 0.000000[0m
[0m[ INFO] [1745894413.600038358]: Current - x: 1889.519775, y: 3.650796, phi: 5.382125[0m
[0m[ INFO] [1745894413.600109207]: Error - x: 330.480225, y: 96.349205[0m
[0m[ INFO] [1745894413.600176023]: error_y: 96.349205[0m
[0m[ INFO] [1745894413.600228152]: w: -4.080796[0m
[0m[ INFO] [1745894413.600266200]: Publishing motor command - Left: 2755.017578, Right: 2752.986328[0m
[0m[ INFO] [1745894413.700625865]: Target - x: 2250.000000, y: 100.000000, phi: 0.000000[0m
[0m[ INFO] [1745894413.700709450]: Current - x: 1920.621582, y: 3.650800, phi: 5.597408[0m
[0m[ INFO] [1745894413.700748522]: Error - x: 329.378418, y: 96.349197[0m
[0m[ INFO] [1745894413.700801995]: error_y: 96.349197[0m
[0m[ INFO] [1745894413.700845835]: w: 0.491788[0m
[0m[ INFO] [1745894413.700921516]: Publishing motor command - Left: 2744.697998, Right: 2744.942627[0m
[0m[ INFO] [1745894413.799812238]: Target - x: 2280.000000, y: 100.000000, phi: 0.000000[0m
[0m[ INFO] [1745894413.799899375]: Current - x: 1951.318970, y: 3.823815, phi: 5.812690[0m
[0m[ INFO] [1745894413.799951695]: Error - x: 328.681030, y: 96.176186[0m
[0m[ INFO] [1745894413.800014704]: error_y: 96.176186[0m
[0m[ INFO] [1745894413.800086257]: w: -4.081531[0m
[0m[ INFO] [1745894413.800135313]: Publishing motor command - Left: 2740.024170, Right: 2737.992920[0m
[0m[ INFO] [1745894413.904349737]: Target - x: 2310.000000, y: 100.000000, phi: 0.000000[0m
[0m[ INFO] [1745894413.904786317]: Current - x: 1981.410522, y: 3.965148, phi: 5.920331[0m
[0m[ INFO] [1745894413.904941295]: Error - x: 328.589478, y: 96.034851[0m
[0m[ INFO] [1745894413.904990255]: error_y: 96.034851[0m
[0m[ INFO] [1745894413.905023984]: w: 0.498367[0m
[0m[ INFO] [1745894413.905075504]: Publishing motor command - Left: 2738.121826, Right: 2738.369873[0m
[0m[ INFO] [1745894414.000457391]: Target - x: 2340.000000, y: 100.000000, phi: 0.000000[0m
[0m[ INFO] [1745894414.000570736]: Current - x: 2011.098633, y: 3.993036, phi: 5.812696[0m
[0m[ INFO] [1745894414.000612016]: Error - x: 328.901367, y: 96.006966[0m
[0m[ INFO] [1745894414.000663377]: error_y: 96.006966[0m
[0m[ INFO] [1745894414.000706865]: w: -4.075784[0m
[0m[ INFO] [1745894414.000745394]: Publishing motor command - Left: 2741.859131, Right: 2739.830322[0m
[0m[ INFO] [1745894414.104837992]: Target - x: 2370.000000, y: 100.000000, phi: 0.000000[0m
[0m[ INFO] [1745894414.105309389]: Current - x: 2041.594482, y: 3.964393, phi: 5.920337[0m
[0m[ INFO] [1745894414.105446670]: Error - x: 328.405518, y: 96.035606[0m
[0m[ INFO] [1745894414.105509967]: error_y: 96.035606[0m
[0m[ INFO] [1745894414.105562095]: w: 0.499646[0m
[0m[ INFO] [1745894414.105734065]: Publishing motor command - Left: 2736.588135, Right: 2736.836914[0m
[0m[ INFO] [1745894414.199876195]: Target - x: 2400.000000, y: 100.000000, phi: 0.000000[0m
[0m[ INFO] [1745894414.199988612]: Current - x: 2070.676758, y: 3.964394, phi: 5.705036[0m
[0m[ INFO] [1745894414.200051909]: Error - x: 329.323242, y: 96.035606[0m
[0m[ INFO] [1745894414.200099941]: error_y: 96.035606[0m
[0m[ INFO] [1745894414.200132198]: w: -4.076973[0m
[0m[ INFO] [1745894414.200328232]: Publishing motor command - Left: 2745.375000, Right: 2743.345703[0m
[0m[ INFO] [1745894414.303553333]: Target - x: 2430.000000, y: 100.000000, phi: 0.000000[0m
[0m[ INFO] [1745894414.303895544]: Current - x: 2100.364014, y: 3.769186, phi: 5.382099[0m
[0m[ INFO] [1745894414.304002938]: Error - x: 329.635986, y: 96.230812[0m
[0m[ INFO] [1745894414.304048666]: error_y: 96.230812[0m
[0m[ INFO] [1745894414.304092378]: w: 0.500476[0m
[0m[ INFO] [1745894414.304139195]: Publishing motor command - Left: 2746.841797, Right: 2747.091064[0m
[0m[ INFO] [1745894414.400117600]: Target - x: 2460.000000, y: 100.000000, phi: 0.000000[0m
[0m[ INFO] [1745894414.400214753]: Current - x: 2130.051514, y: 3.573977, phi: 5.274463[0m
[0m[ INFO] [1745894414.400257953]: Error - x: 329.948486, y: 96.426025[0m
[0m[ INFO] [1745894414.400296001]: error_y: 96.426025[0m
[0m[ INFO] [1745894414.400331074]: w: -4.084244[0m
[0m[ INFO] [1745894414.400392226]: Publishing motor command - Left: 2750.586914, Right: 2748.554443[0m
[0m[ INFO] [1745894414.504286806]: Target - x: 2490.000000, y: 100.000000, phi: 0.000000[0m
[0m[ INFO] [1745894414.504600954]: Current - x: 2160.345459, y: 3.630894, phi: 5.705028[0m
[0m[ INFO] [1745894414.504793468]: Error - x: 329.654541, y: 96.369110[0m
[0m[ INFO] [1745894414.504936349]: error_y: 96.369110[0m
[0m[ INFO] [1745894414.505033470]: w: 0.492133[0m
[0m[ INFO] [1745894414.506570829]: Publishing motor command - Left: 2746.998779, Right: 2747.243408[0m
[0m[ INFO] [1745894414.599915288]: Target - x: 2520.000000, y: 100.000000, phi: 0.000000[0m
[0m[ INFO] [1745894414.600029785]: Current - x: 2189.629150, y: 3.768433, phi: 5.382091[0m
[0m[ INFO] [1745894414.600093689]: Error - x: 330.370850, y: 96.231567[0m
[0m[ INFO] [1745894414.600150266]: error_y: 96.231567[0m
[0m[ INFO] [1745894414.600189274]: w: -4.082467[0m
[0m[ INFO] [1745894414.600227259]: Publishing motor command - Left: 2754.106445, Right: 2752.074463[0m
[0m[ INFO] [1745894414.706702793]: Target - x: 2550.000000, y: 100.000000, phi: 0.000000[0m
[0m[ INFO] [1745894414.706822954]: Current - x: 2219.518311, y: 3.543820, phi: 5.166790[0m
[0m[ INFO] [1745894414.706886219]: Error - x: 330.481689, y: 96.456177[0m
[0m[ INFO] [1745894414.706920971]: error_y: 96.456177[0m
[0m[ INFO] [1745894414.706974124]: w: 0.498795[0m
[0m[ INFO] [1745894414.707066829]: Publishing motor command - Left: 2753.889893, Right: 2754.137939[0m
[0m[ INFO] [1745894414.800037843]: Target - x: 2580.000000, y: 100.000000, phi: 0.000000[0m
[0m[ INFO] [1745894414.800165972]: Current - x: 2250.014160, y: 3.457884, phi: 5.274431[0m
[0m[ INFO] [1745894414.800212821]: Error - x: 329.985840, y: 96.542114[0m
[0m[ INFO] [1745894414.800273077]: error_y: 96.542114[0m
[0m[ INFO] [1745894414.800310550]: w: -4.091423[0m
[0m[ INFO] [1745894414.800351094]: Publishing motor command - Left: 2750.900391, Right: 2748.864014[0m
[0m[ INFO] [1745894414.899819870]: Target - x: 2610.000000, y: 100.000000, phi: 0.000000[0m
[0m[ INFO] [1745894414.899937311]: Current - x: 2279.702148, y: 3.485771, phi: 5.166795[0m
[0m[ INFO] [1745894414.900001728]: Error - x: 330.297852, y: 96.514229[0m
[0m[ INFO] [1745894414.900050208]: error_y: 96.514229[0m
[0m[ INFO] [1745894414.900083712]: w: 0.495110[0m
[0m[ INFO] [1745894414.900118785]: Publishing motor command - Left: 2752.359131, Right: 2752.605225[0m
[0m[ INFO] [1745894414.999904428]: Target - x: 2640.000000, y: 100.000000, phi: 0.000000[0m
[0m[ INFO] [1745894415.000026381]: Current - x: 2310.399902, y: 3.485775, phi: 5.382078[0m
[0m[ INFO] [1745894415.000095950]: Error - x: 329.600098, y: 96.514221[0m
[0m[ INFO] [1745894415.000144686]: error_y: 96.514221[0m
[0m[ INFO] [1745894415.000197647]: w: -4.090265[0m
[0m[ INFO] [1745894415.000248815]: Publishing motor command - Left: 2747.685303, Right: 2745.649414[0m
[0m[ INFO] [1745894415.100093723]: Target - x: 2670.000000, y: 100.000000, phi: 0.000000[0m
[0m[ INFO] [1745894415.100223452]: Current - x: 2339.684082, y: 3.513283, phi: 5.059141[0m
[0m[ INFO] [1745894415.102636276]: Error - x: 330.315918, y: 96.486717[0m
[0m[ INFO] [1745894415.103623902]: error_y: 96.486717[0m
[0m[ INFO] [1745894415.103873601]: w: 0.494994[0m
[0m[ INFO] [1745894415.104064643]: Publishing motor command - Left: 2752.509766, Right: 2752.755859[0m
[0m[ INFO] [1745894415.199850597]: Target - x: 2700.000000, y: 100.000000, phi: 0.000000[0m
[0m[ INFO] [1745894415.200004039]: Current - x: 2369.573730, y: 3.344823, phi: 5.059141[0m
[0m[ INFO] [1745894415.200069415]: Error - x: 330.426270, y: 96.655174[0m
[0m[ INFO] [1745894415.200102120]: error_y: 96.655174[0m
[0m[ INFO] [1745894415.200132904]: w: -4.088408[0m
[0m[ INFO] [1745894415.200168168]: Publishing motor command - Left: 2754.569336, Right: 2752.534912[0m
[0m[ INFO] [1745894415.306398036]: Target - x: 2730.000000, y: 100.000000, phi: 0.000000[0m
[0m[ INFO] [1745894415.306782296]: Current - x: 2399.261719, y: 3.316936, phi: 4.951505[0m
[0m[ INFO] [1745894415.306857913]: Error - x: 330.738281, y: 96.683067[0m
[0m[ INFO] [1745894415.306912089]: error_y: 96.683067[0m
[0m[ INFO] [1745894415.306953050]: w: 0.488121[0m
[0m[ INFO] [1745894415.307009242]: Publishing motor command - Left: 2756.031006, Right: 2756.273682[0m
[0m[ INFO] [1745894415.400689096]: Target - x: 2760.000000, y: 100.000000, phi: 0.000000[0m
[0m[ INFO] [1745894415.400788681]: Current - x: 2428.949463, y: 3.233278, phi: 4.843870[0m
[0m[ INFO] [1745894415.400859209]: Error - x: 331.050537, y: 96.766724[0m
[0m[ INFO] [1745894415.400908202]: error_y: 96.766724[0m
[0m[ INFO] [1745894415.400969866]: w: -4.089210[0m
[0m[ INFO] [1745894415.401059115]: Publishing motor command - Left: 2759.772217, Right: 2757.737061[0m
[0m[ INFO] [1745894415.502997292]: Target - x: 2790.000000, y: 100.000000, phi: 0.000000[0m
[0m[ INFO] [1745894415.503089133]: Current - x: 2458.637695, y: 3.205394, phi: 4.951511[0m
[0m[ INFO] [1745894415.503194414]: Error - x: 331.362305, y: 96.794609[0m
[0m[ INFO] [1745894415.503707667]: error_y: 96.794609[0m
[0m[ INFO] [1745894415.503785044]: w: 0.484768[0m
[0m[ INFO] [1745894415.503853012]: Publishing motor command - Left: 2761.231689, Right: 2761.473389[0m
[0m[ INFO] [1745894415.599954266]: Target - x: 2820.000000, y: 100.000000, phi: 0.000000[0m
[0m[ INFO] [1745894415.600086428]: Current - x: 2488.729492, y: 3.290194, phi: 5.059152[0m
[0m[ INFO] [1745894415.600132060]: Error - x: 331.270508, y: 96.709808[0m
[0m[ INFO] [1745894415.600179836]: error_y: 96.709808[0m
[0m[ INFO] [1745894415.600214717]: w: -4.090728[0m
[0m[ INFO] [1745894415.600275709]: Publishing motor command - Left: 2761.605469, Right: 2759.569580[0m
[0m[ INFO] [1745894415.702407968]: Target - x: 2850.000000, y: 100.000000, phi: 0.000000[0m
[0m[ INFO] [1745894415.702560641]: Current - x: 2518.013672, y: 3.317702, phi: 4.951517[0m
[0m[ INFO] [1745894415.702629218]: Error - x: 331.986328, y: 96.682297[0m
[0m[ INFO] [1745894415.702683011]: error_y: 96.682297[0m
[0m[ INFO] [1745894415.702730019]: w: 0.488171[0m
[0m[ INFO] [1745894415.702783716]: Publishing motor command - Left: 2766.431396, Right: 2766.674072[0m
[0m[ INFO] [1745894415.800086613]: Target - x: 2880.000000, y: 100.000000, phi: 0.000000[0m
[0m[ INFO] [1745894415.800231959]: Current - x: 2547.297607, y: 3.235182, phi: 4.843881[0m
[0m[ INFO] [1745894415.800311800]: Error - x: 332.702393, y: 96.764816[0m
[0m[ INFO] [1745894415.800393209]: error_y: 96.764816[0m
[0m[ INFO] [1745894415.800446617]: w: -4.089235[0m
[0m[ INFO] [1745894415.800498010]: Publishing motor command - Left: 2773.537354, Right: 2771.502197[0m
[0m[ INFO] [1745894415.902118679]: Target - x: 2910.000000, y: 100.000000, phi: 0.000000[0m
[0m[ INFO] [1745894415.902287769]: Current - x: 2576.985596, y: 3.207299, phi: 4.951522[0m
[0m[ INFO] [1745894415.902352985]: Error - x: 333.014404, y: 96.792702[0m
[0m[ INFO] [1745894415.902434938]: error_y: 96.792702[0m
[0m[ INFO] [1745894415.902484027]: w: 0.484864[0m
[0m[ INFO] [1745894415.902640060]: Publishing motor command - Left: 2774.999268, Right: 2775.240967[0m
[0m[ INFO] [1745894415.999846445]: Target - x: 2940.000000, y: 100.000000, phi: 0.000000[0m
[0m[ INFO] [1745894415.999944462]: Current - x: 2607.077393, y: 3.292099, phi: 5.059164[0m
[0m[ INFO] [1745894415.999984558]: Error - x: 332.922607, y: 96.707901[0m
[0m[ INFO] [1745894416.000019023]: error_y: 96.707901[0m
[0m[ INFO] [1745894416.000063471]: w: -4.090753[0m
[0m[ INFO] [1745894416.000111312]: Publishing motor command - Left: 2775.373047, Right: 2773.337158[0m
[0m[ INFO] [1745894416.103880643]: Target - x: 2970.000000, y: 100.000000, phi: 0.000000[0m
[0m[ INFO] [1745894416.104004676]: Current - x: 2636.967529, y: 3.292099, phi: 4.843862[0m
[0m[ INFO] [1745894416.104072612]: Error - x: 333.032471, y: 96.707901[0m
[0m[ INFO] [1745894416.104139237]: error_y: 96.707901[0m
[0m[ INFO] [1745894416.104172421]: w: 0.488384[0m
[0m[ INFO] [1745894416.104207046]: Publishing motor command - Left: 2775.149170, Right: 2775.391846[0m
[0m[ INFO] [1745894416.199844935]: Target - x: 3000.000000, y: 100.000000, phi: 0.000000[0m
[0m[ INFO] [1745894416.199965992]: Current - x: 2666.251221, y: 3.154562, phi: 4.736227[0m
[0m[ INFO] [1745894416.200032489]: Error - x: 333.748779, y: 96.845436[0m
[0m[ INFO] [1745894416.200100521]: error_y: 96.845436[0m
[0m[ INFO] [1745894416.200140650]: w: -4.090168[0m
[0m[ INFO] [1745894416.200181738]: Publishing motor command - Left: 2782.257812, Right: 2780.221924[0m
[0m[ INFO] [1745894416.304478530]: Target - x: 3030.000000, y: 100.000000, phi: 0.000000[0m
[0m[ INFO] [1745894416.304577123]: Current - x: 2696.343262, y: 3.126299, phi: 4.843868[0m
[0m[ INFO] [1745894416.304619108]: Error - x: 333.656738, y: 96.873703[0m
[0m[ INFO] [1745894416.304651620]: error_y: 96.873703[0m
[0m[ INFO] [1745894416.304681380]: w: 0.482796[0m
[0m[ INFO] [1745894416.304716837]: Publishing motor command - Left: 2780.352539, Right: 2780.592773[0m
[0m[ INFO] [1745894416.399834241]: Target - x: 3060.000000, y: 100.000000, phi: 0.000000[0m
[0m[ INFO] [1745894416.399954850]: Current - x: 2726.637207, y: 3.183213, phi: 4.843868[0m
[0m[ INFO] [1745894416.400020003]: Error - x: 333.362793, y: 96.816788[0m
[0m[ INFO] [1745894416.400121092]: error_y: 96.816788[0m
[0m[ INFO] [1745894416.400186724]: w: -4.091583[0m
[0m[ INFO] [1745894416.400232741]: Publishing motor command - Left: 2779.041748, Right: 2777.005127[0m
[0m[ INFO] [1745894416.500096208]: Target - x: 3090.000000, y: 100.000000, phi: 0.000000[0m
[0m[ INFO] [1745894416.500266770]: Current - x: 2756.527100, y: 3.183213, phi: 4.843868[0m
[0m[ INFO] [1745894416.500371891]: Error - x: 333.472900, y: 96.816788[0m
[0m[ INFO] [1745894416.500554805]: error_y: 96.816788[0m
[0m[ INFO] [1745894416.500608085]: w: 0.485158[0m
[0m[ INFO] [1745894416.501298204]: Publishing motor command - Left: 2778.820068, Right: 2779.061523[0m
[0m[ INFO] [1745894416.599794042]: Target - x: 3120.000000, y: 100.000000, phi: 0.000000[0m
[0m[ INFO] [1745894416.599891195]: Current - x: 2786.215088, y: 3.211100, phi: 4.951509[0m
[0m[ INFO] [1745894416.599932636]: Error - x: 333.784912, y: 96.788902[0m
[0m[ INFO] [1745894416.599966236]: error_y: 96.788902[0m
[0m[ INFO] [1745894416.600016060]: w: -4.091702[0m
[0m[ INFO] [1745894416.600052861]: Publishing motor command - Left: 2782.559326, Right: 2780.522705[0m
[0m[ INFO] [1745894416.701076372]: Target - x: 3150.000000, y: 100.000000, phi: 0.000000[0m
[0m[ INFO] [1745894416.701255542]: Current - x: 2816.509033, y: 3.211100, phi: 4.736207[0m
[0m[ INFO] [1745894416.701435576]: Error - x: 333.490967, y: 96.788902[0m
[0m[ INFO] [1745894416.701553497]: error_y: 96.788902[0m
[0m[ INFO] [1745894416.701605081]: w: 0.486315[0m
[0m[ INFO] [1745894416.701659706]: Publishing motor command - Left: 2778.970459, Right: 2779.212646[0m
[0m[ INFO] [1745894416.800095063]: Target - x: 3180.000000, y: 100.000000, phi: 0.000000[0m
[0m[ INFO] [1745894416.800244377]: Current - x: 2846.398926, y: 3.098794, phi: 4.736207[0m
[0m[ INFO] [1745894416.800294457]: Error - x: 333.601074, y: 96.901207[0m
[0m[ INFO] [1745894416.800586684]: error_y: 96.901207[0m
[0m[ INFO] [1745894416.800643421]: w: -4.091225[0m
[0m[ INFO] [1745894416.800689085]: Publishing motor command - Left: 2781.027344, Right: 2778.990967[0m
[0m[ INFO] [1745894416.906231042]: Target - x: 3210.000000, y: 100.000000, phi: 0.000000[0m
[0m[ INFO] [1745894416.906669062]: Current - x: 2876.086914, y: 3.070907, phi: 4.628572[0m
[0m[ INFO] [1745894416.906747271]: Error - x: 333.913086, y: 96.929092[0m
[0m[ INFO] [1745894416.906799783]: error_y: 96.929092[0m
[0m[ INFO] [1745894416.906839208]: w: 0.481773[0m
[0m[ INFO] [1745894416.906889928]: Publishing motor command - Left: 2782.489258, Right: 2782.728760[0m
[0m[ INFO] [1745894416.999773646]: Target - x: 3240.000000, y: 100.000000, phi: 0.000000[0m
[0m[ INFO] [1745894416.999911791]: Current - x: 2905.774658, y: 2.931474, phi: 4.305635[0m
[0m[ INFO] [1745894416.999977264]: Error - x: 334.225342, y: 97.068527[0m
[0m[ INFO] [1745894417.000046256]: error_y: 97.068527[0m
[0m[ INFO] [1745894417.000079185]: w: -4.091789[0m
[0m[ INFO] [1745894417.000114225]: Publishing motor command - Left: 2786.229492, Right: 2784.193115[0m
[0m[ INFO] [1745894417.104766733]: Target - x: 3270.000000, y: 100.000000, phi: 0.000000[0m
[0m[ INFO] [1745894417.105185201]: Current - x: 2935.462158, y: 2.736265, phi: 4.197999[0m
[0m[ INFO] [1745894417.105335314]: Error - x: 334.537842, y: 97.263733[0m
[0m[ INFO] [1745894417.105388595]: error_y: 97.263733[0m
[0m[ INFO] [1745894417.106031513]: w: 0.476816[0m
[0m[ INFO] [1745894417.106160411]: Publishing motor command - Left: 2787.697021, Right: 2787.933838[0m
[0m[ INFO] [1745894417.199851624]: Target - x: 3300.000000, y: 100.000000, phi: 0.000000[0m
[0m[ INFO] [1745894417.199967689]: Current - x: 2965.553955, y: 2.764536, phi: 4.520924[0m
[0m[ INFO] [1745894417.200027178]: Error - x: 334.446045, y: 97.235466[0m
[0m[ INFO] [1745894417.200073002]: error_y: 97.235466[0m
[0m[ INFO] [1745894417.200105707]: w: -4.100010[0m
[0m[ INFO] [1745894417.200140267]: Publishing motor command - Left: 2788.070557, Right: 2786.030273[0m
[0m[ INFO] [1745894417.304853383]: Target - x: 3330.000000, y: 100.000000, phi: 0.000000[0m
[0m[ INFO] [1745894417.305251627]: Current - x: 2995.645752, y: 2.905869, phi: 4.413288[0m
[0m[ INFO] [1745894417.305404909]: Error - x: 334.354248, y: 97.094131[0m
[0m[ INFO] [1745894417.305516974]: error_y: 97.094131[0m
[0m[ INFO] [1745894417.306775291]: w: 0.477389[0m
[0m[ INFO] [1745894417.306918940]: Publishing motor command - Left: 2786.166748, Right: 2786.404297[0m
[0m[ INFO] [1745894417.400001027]: Target - x: 3360.000000, y: 100.000000, phi: 0.000000[0m
[0m[ INFO] [1745894417.400131013]: Current - x: 3025.535645, y: 2.905874, phi: 4.628571[0m
[0m[ INFO] [1745894417.400202405]: Error - x: 334.464355, y: 97.094124[0m
[0m[ INFO] [1745894417.400273926]: error_y: 97.094124[0m
[0m[ INFO] [1745894417.400311047]: w: -4.094145[0m
[0m[ INFO] [1745894417.400349351]: Publishing motor command - Left: 2788.221924, Right: 2786.184326[0m
[0m[ INFO] [1745894417.500269459]: Target - x: 3390.000000, y: 100.000000, phi: 0.000000[0m
[0m[ INFO] [1745894417.500436469]: Current - x: 3055.829346, y: 3.019699, phi: 4.628571[0m
[0m[ INFO] [1745894417.500531318]: Error - x: 334.170654, y: 96.980301[0m
[0m[ INFO] [1745894417.500611286]: error_y: 96.980301[0m
[0m[ INFO] [1745894417.500694711]: w: 0.476905[0m
[0m[ INFO] [1745894417.500754648]: Publishing motor command - Left: 2784.636719, Right: 2784.874268[0m
[0m[ INFO] [1745894417.599939421]: Target - x: 3420.000000, y: 100.000000, phi: 0.000000[0m
[0m[ INFO] [1745894417.600061214]: Current - x: 3085.719482, y: 3.019699, phi: 4.628571[0m
[0m[ INFO] [1745894417.600135935]: Error - x: 334.280518, y: 96.980301[0m
[0m[ INFO] [1745894417.600202495]: error_y: 96.980301[0m
[0m[ INFO] [1745894417.600254624]: w: -4.089421[0m
[0m[ INFO] [1745894417.600311360]: Publishing motor command - Left: 2786.688477, Right: 2784.653320[0m
[0m[ INFO] [1745894417.701696955]: Target - x: 3450.000000, y: 100.000000, phi: 0.000000[0m
[0m[ INFO] [1745894417.701873309]: Current - x: 3115.811279, y: 3.047966, phi: 4.736212[0m
[0m[ INFO] [1745894417.701992062]: Error - x: 334.188721, y: 96.952034[0m
[0m[ INFO] [1745894417.702083359]: error_y: 96.952034[0m
[0m[ INFO] [1745894417.702137280]: w: 0.476785[0m
[0m[ INFO] [1745894417.702194240]: Publishing motor command - Left: 2784.787354, Right: 2785.024414[0m
[0m[ INFO] [1745894417.799912758]: Target - x: 3480.000000, y: 100.000000, phi: 0.000000[0m
[0m[ INFO] [1745894417.800042583]: Current - x: 3145.499268, y: 3.131628, phi: 4.843853[0m
[0m[ INFO] [1745894417.800111704]: Error - x: 334.500732, y: 96.868370[0m
[0m[ INFO] [1745894417.800170425]: error_y: 96.868370[0m
[0m[ INFO] [1745894417.800204793]: w: -4.088604[0m
[0m[ INFO] [1745894417.800240313]: Publishing motor command - Left: 2788.523682, Right: 2786.488525[0m
[0m[ INFO] [1745894417.903887787]: Target - x: 3510.000000, y: 100.000000, phi: 0.000000[0m
[0m[ INFO] [1745894417.904024588]: Current - x: 3176.601074, y: 3.190059, phi: 4.843853[0m
[0m[ INFO] [1745894417.904093613]: Error - x: 333.398926, y: 96.809944[0m
[0m[ INFO] [1745894417.904143661]: error_y: 96.809944[0m
[0m[ INFO] [1745894417.904177006]: w: 0.480009[0m
[0m[ INFO] [1745894417.904213038]: Publishing motor command - Left: 2778.204834, Right: 2778.443604[0m
[0m[ INFO] [1745894418.000001585]: Target - x: 3540.000000, y: 100.000000, phi: 0.000000[0m
[0m[ INFO] [1745894418.000124786]: Current - x: 3205.683105, y: 3.135422, phi: 4.628551[0m
[0m[ INFO] [1745894418.000189395]: Error - x: 334.316895, y: 96.864578[0m
[0m[ INFO] [1745894418.000239507]: error_y: 96.864578[0m
[0m[ INFO] [1745894418.000282163]: w: -4.085947[0m
[0m[ INFO] [1745894418.000339700]: Publishing motor command - Left: 2786.990479, Right: 2784.957275[0m
[0m[ INFO] [1745894418.100424130]: Target - x: 3570.000000, y: 100.000000, phi: 0.000000[0m
[0m[ INFO] [1745894418.100944999]: Current - x: 3235.370850, y: 2.995989, phi: 4.520916[0m
[0m[ INFO] [1745894418.101032424]: Error - x: 334.629150, y: 97.004013[0m
[0m[ INFO] [1745894418.101102921]: error_y: 97.004013[0m
[0m[ INFO] [1745894418.101158825]: w: 0.478334[0m
[0m[ INFO] [1745894418.101858448]: Publishing motor command - Left: 2788.457031, Right: 2788.695312[0m
[0m[ INFO] [1745894418.199979754]: Target - x: 3600.000000, y: 100.000000, phi: 0.000000[0m
[0m[ INFO] [1745894418.200113771]: Current - x: 3265.664795, y: 2.995993, phi: 4.736198[0m
[0m[ INFO] [1745894418.200185996]: Error - x: 334.335205, y: 97.004005[0m
[0m[ INFO] [1745894418.200241709]: error_y: 97.004005[0m
[0m[ INFO] [1745894418.200301293]: w: -4.091733[0m
[0m[ INFO] [1745894418.200339566]: Publishing motor command - Left: 2787.144775, Right: 2785.108398[0m
[0m[ INFO] [1745894418.304474404]: Target - x: 3630.000000, y: 100.000000, phi: 0.000000[0m
[0m[ INFO] [1745894418.304962985]: Current - x: 3296.362305, y: 3.111336, phi: 4.736198[0m
[0m[ INFO] [1745894418.305099498]: Error - x: 333.637695, y: 96.888664[0m
[0m[ INFO] [1745894418.305158859]: error_y: 96.888664[0m
[0m[ INFO] [1745894418.305201259]: w: 0.477844[0m
[0m[ INFO] [1745894418.305250380]: Publishing motor command - Left: 2780.195312, Right: 2780.432861[0m
[0m[ INFO] [1745894418.399906883]: Target - x: 3660.000000, y: 100.000000, phi: 0.000000[0m
[0m[ INFO] [1745894418.400052036]: Current - x: 3326.454346, y: 3.139603, phi: 4.843840[0m
[0m[ INFO] [1745894418.400127461]: Error - x: 333.545654, y: 96.860397[0m
[0m[ INFO] [1745894418.400167462]: error_y: 96.860397[0m
[0m[ INFO] [1745894418.400202694]: w: -4.087067[0m
[0m[ INFO] [1745894418.400242630]: Publishing motor command - Left: 2780.564209, Right: 2778.530273[0m
[0m[ INFO] [1745894418.502262951]: Target - x: 3690.000000, y: 100.000000, phi: 0.000000[0m
[0m[ INFO] [1745894418.502437097]: Current - x: 3356.142334, y: 3.223265, phi: 4.951481[0m
[0m[ INFO] [1745894418.502544522]: Error - x: 333.857666, y: 96.776733[0m
[0m[ INFO] [1745894418.502884910]: error_y: 96.776733[0m
[0m[ INFO] [1745894418.502977583]: w: 0.478662[0m
[0m[ INFO] [1745894418.503041327]: Publishing motor command - Left: 2782.028076, Right: 2782.266357[0m
[0m[ INFO] [1745894418.599901725]: Target - x: 3720.000000, y: 100.000000, phi: 0.000000[0m
[0m[ INFO] [1745894418.600001214]: Current - x: 3385.830322, y: 3.195378, phi: 4.628544[0m
[0m[ INFO] [1745894418.600048542]: Error - x: 334.169678, y: 96.804619[0m
[0m[ INFO] [1745894418.600085118]: error_y: 96.804619[0m
[0m[ INFO] [1745894418.600161727]: w: -4.083477[0m
[0m[ INFO] [1745894418.600226592]: Publishing motor command - Left: 2785.763672, Right: 2783.731201[0m
[0m[ INFO] [1745894418.699706151]: Target - x: 3750.000000, y: 100.000000, phi: 0.000000[0m
[0m[ INFO] [1745894418.699831433]: Current - x: 3415.921875, y: 3.054045, phi: 4.736185[0m
[0m[ INFO] [1745894418.699894057]: Error - x: 334.078125, y: 96.945953[0m
[0m[ INFO] [1745894418.699942218]: error_y: 96.945953[0m
[0m[ INFO] [1745894418.699975466]: w: 0.478105[0m
[0m[ INFO] [1745894418.700009450]: Publishing motor command - Left: 2783.865479, Right: 2784.103271[0m
[0m[ INFO] [1745894418.799777365]: Target - x: 3780.000000, y: 100.000000, phi: 0.000000[0m
[0m[ INFO] [1745894418.799912950]: Current - x: 3445.609863, y: 3.081933, phi: 4.628550[0m
[0m[ INFO] [1745894418.799972855]: Error - x: 334.390137, y: 96.918068[0m
[0m[ INFO] [1745894418.800006135]: error_y: 96.918068[0m
[0m[ INFO] [1745894418.800035416]: w: -4.089460[0m
[0m[ INFO] [1745894418.800068920]: Publishing motor command - Left: 2787.602295, Right: 2785.567139[0m
[0m[ INFO] [1745894418.904545650]: Target - x: 3810.000000, y: 100.000000, phi: 0.000000[0m
[0m[ INFO] [1745894418.905305529]: Current - x: 3475.500000, y: 3.081937, phi: 4.843832[0m
[0m[ INFO] [1745894418.905418074]: Error - x: 334.500000, y: 96.918060[0m
[0m[ INFO] [1745894418.905475195]: error_y: 96.918060[0m
[0m[ INFO] [1745894418.906177602]: w: 0.479262[0m
[0m[ INFO] [1745894418.906362084]: Publishing motor command - Left: 2787.380859, Right: 2787.619141[0m
[0m[ INFO] [1745894418.999731086]: Target - x: 3840.000000, y: 100.000000, phi: 0.000000[0m
[0m[ INFO] [1745894418.999864047]: Current - x: 3506.197510, y: 3.197280, phi: 4.843832[0m
[0m[ INFO] [1745894418.999912368]: Error - x: 333.802490, y: 96.802719[0m
[0m[ INFO] [1745894418.999984753]: error_y: 96.802719[0m
[0m[ INFO] [1745894419.000021617]: w: -4.089950[0m
[0m[ INFO] [1745894419.000073618]: Publishing motor command - Left: 2782.705322, Right: 2780.669678[0m
[0m[ INFO] [1745894419.100185119]: Target - x: 3870.000000, y: 100.000000, phi: 0.000000[0m
[0m[ INFO] [1745894419.100355425]: Current - x: 3535.481689, y: 3.169772, phi: 4.736197[0m
[0m[ INFO] [1745894419.100452290]: Error - x: 334.518311, y: 96.830231[0m
[0m[ INFO] [1745894419.100526915]: error_y: 96.830231[0m
[0m[ INFO] [1745894419.100581187]: w: 0.484166[0m
[0m[ INFO] [1745894419.100653604]: Publishing motor command - Left: 2787.532227, Right: 2787.773193[0m
[0m[ INFO] [1745894419.199885289]: Target - x: 3900.000000, y: 100.000000, phi: 0.000000[0m
[0m[ INFO] [1745894419.200027787]: Current - x: 3564.563965, y: 3.169776, phi: 4.951478[0m
[0m[ INFO] [1745894419.200114091]: Error - x: 335.436035, y: 96.830223[0m
[0m[ INFO] [1745894419.200197036]: error_y: 96.830223[0m
[0m[ INFO] [1745894419.200258509]: w: -4.091092[0m
[0m[ INFO] [1745894419.200310413]: Publishing motor command - Left: 2796.318115, Right: 2794.282227[0m
[0m[ INFO] [1745894419.305347437]: Target - x: 3930.000000, y: 100.000000, phi: 0.000000[0m
[0m[ INFO] [1745894419.305687984]: Current - x: 3593.443604, y: 3.359674, phi: 5.274402[0m
[0m[ INFO] [1745894419.305756689]: Error - x: 336.556396, y: 96.640327[0m
[0m[ INFO] [1745894419.305813329]: error_y: 96.640327[0m
[0m[ INFO] [1745894419.305852786]: w: 0.483359[0m
[0m[ INFO] [1745894419.305936115]: Publishing motor command - Left: 2804.516357, Right: 2804.757080[0m
[0m[ INFO] [0m[ INFO] [1745894402.900533182]: [I2C FOR MOTORS] Now launching this node in namespace: /asc[0m
[0m[ INFO] [1745894403.005972642]: [I2C FOR MOTORS] publish motor duty cycle requests from command line with: rostopic pub --once /asc/set_motor_duty_cycle asclinic_pkg/LeftRightFloat32 "{left: 10.1, right: 10.1}"[0m
[0m[ INFO] [1745894403.006171876]: [I2C FOR MOTORS] Successfully opened named /dev/i2c-1, with file descriptor = 11[0m
[0m[ INFO] [1745894403.006304933]: [I2C FOR MOTORS] Actual acceleration limit = 0.0003125%/ms (after conversation to "internal units")[0m
[0m[ INFO] [1745894403.006355366]: [I2C FOR MOTORS] Actual deceleration limit = 0.0015625%/ms (after conversation to "internal units")[0m
[0m[ INFO] [1745894403.006392486]: [I2C FOR MOTORS] Now initialising SMC with I2C address 13[0m
[0m[ INFO] [1745894403.021692832]: [I2C FOR MOTORS] Now initialising SMC with I2C address 14[0m
[0m[ INFO] [1745894403.036838393]: [I2C FOR MOTORS] Node initialisation complete[0m
[1745894419.400156165]: Target - x: 3960.000000, y: 100.000000, phi: 0.000000[0m
[0m[ INFO] [1745894419.400389832]: Current - x: 3623.535156, y: 3.501007, phi: 5.166766[0m
[0m[ INFO] [1745894419.400433576]: Error - x: 336.464844, y: 96.498993[0m
[0m[ INFO] [1745894419.400468905]: error_y: 96.498993[0m
[0m[ INFO] [1745894419.400501001]: w: -4.083812[0m
[0m[ INFO] [1745894419.400537161]: Publishing motor command - Left: 2804.889893, Right: 2802.857422[0m
[0m[ INFO] [1745894419.504740928]: Target - x: 3990.000000, y: 100.000000, phi: 0.000000[0m
[0m[ INFO] [1745894419.504882114]: Current - x: 3656.656494, y: 3.501011, phi: 5.382049[0m
[0m[ INFO] [1745894419.504979235]: Error - x: 333.343506, y: 96.498985[0m
[0m[ INFO] [1745894419.505069283]: error_y: 96.498985[0m
[0m[ INFO] [1745894419.505126052]: w: 0.489224[0m
[0m[ INFO] [1745894419.505180037]: Publishing motor command - Left: 2777.740967, Right: 2777.984375[0m
[0m[ INFO] [1745894419.600323841]: Target - x: 4020.000000, y: 100.000000, phi: 0.000000[0m
[0m[ INFO] [1745894419.600424514]: Current - x: 3688.162109, y: 3.560201, phi: 5.166747[0m
[0m[ INFO] [1745894419.600466818]: Error - x: 331.837891, y: 96.439796[0m
[0m[ INFO] [1745894419.600502658]: error_y: 96.439796[0m
[0m[ INFO] [1745894419.600569891]: w: -4.084063[0m
[0m[ INFO] [1745894419.600647076]: Publishing motor command - Left: 2766.332031, Right: 2764.299561[0m

[ARUCO DETECTOR] Camera properties upon initialisation:
CV_CAP_PROP_FRAME_HEIGHT : '480.0'
CV_CAP_PROP_FRAME_WIDTH :  '640.0'
CAP_PROP_FPS :             '30.0'
CAP_PROP_FOCUS :           '0.0'
CAP_PROP_AUTOFOCUS :       '0.0'
CAP_PROP_BRIGHTNESS :      '128.0'
CAP_PROP_CONTRAST :        '128.0'
CAP_PROP_SATURATION :      '128.0'
CAP_PROP_BUFFERSIZE :      '4.0'

[ARUCO DETECTOR] Camera properties upon initialisation:
CV_CAP_PROP_FRAME_HEIGHT : '1080.0'
CV_CAP_PROP_FRAME_WIDTH :  '1920.0'
CAP_PROP_FPS :             '5.0'
CAP_PROP_FOCUS :           '0.0'
CAP_PROP_AUTOFOCUS :       '0.0'
CAP_PROP_BRIGHTNESS :      '128.0'
CAP_PROP_CONTRAST :        '128.0'
CAP_PROP_SATURATION :      '128.0'
CAP_PROP_BUFFERSIZE :      '1.0'
[INFO] [1745894405.982709]: [ARUCO DETECTOR] As a double check of the camera properties set, a frame captured just now has dimensions = (1080, 1920, 3)
[INFO] [1745894405.987450]: [ARUCO DETECTOR] publish request from command line to save a single camera image using: rostopic pub --once /asc/request_save_image std_msgs/UInt32 1
[INFO] [1745894405.991100]: [ARUCO DETECTOR] Node initialisation complete
... logging to /home/asc/.ros/log/3e7970e6-24a3-11f0-b934-d8c0a650f677/roslaunch-asc12-jetson-21647.log
Checking log directory for disk usage. This may take a while.
Press Ctrl-C to interrupt
Done checking log file disk usage. Usage is <1GB.
]2;/home/asc/ASClinic/catkin_ws/src/asclinic_pkg/launch/trajectory.launch
[1mstarted roslaunch server http://asc12-jetson:37597/[0m

SUMMARY
========

PARAMETERS
 * /asc/aruco_detector/aruco_detector_desired_camera_fps: 5
 * /asc/aruco_detector/aruco_detector_desired_camera_frame_height: 1080
 * /asc/aruco_detector/aruco_detector_desired_camera_frame_width: 1920
 * /asc/aruco_detector/aruco_detector_marker_size: 0.25
 * /asc/aruco_detector/aruco_detector_save_image_path: /home/asc/saved_c...
 * /asc/aruco_detector/aruco_detector_should_publish_camera_images: False
 * /asc/aruco_detector/aruco_detector_should_save_all_aruco_images: False
 * /asc/aruco_detector/aruco_detector_should_show_camera_images: False
 * /asc/aruco_detector/aruco_detector_usb_camera_device_number: 0
 * /asc/aruco_detector/aruco_detector_verbosity: 1
 * /asc/encoder_read_multi_threaded/delta_t_for_publishing_encoder_counts: 0.1
 * /asc/encoder_read_multi_threaded/encoder_events_to_monitor: rising
 * /asc/encoder_read_multi_threaded/encoder_read_verbosity: 1
 * /asc/encoder_read_multi_threaded/gpio_chip_number_for_encoder_lines: 1
 * /asc/encoder_read_multi_threaded/line_number_for_left_side_encoder_channel_a: 105
 * /asc/encoder_read_multi_threaded/line_number_for_left_side_encoder_channel_b: 106
 * /asc/encoder_read_multi_threaded/line_number_for_right_side_encoder_channel_a: 84
 * /asc/encoder_read_multi_threaded/line_number_for_right_side_encoder_channel_b: 130
 * /asc/encoder_read_multi_threaded/should_monitor_left_side_encoder_channel_a: True
 * /asc/encoder_read_multi_threaded/should_monitor_left_side_encoder_channel_b: False
 * /asc/encoder_read_multi_threaded/should_monitor_right_side_encoder_channel_a: True
 * /asc/encoder_read_multi_threaded/should_monitor_right_side_encoder_channel_b: False
 * /asc/i2c_for_motors/motor_driver_current_limit_in_milliamps: 5000
 * /asc/i2c_for_motors/motor_driver_left_side_multiplier: 1
 * /asc/i2c_for_motors/motor_driver_max_accel_limit_in_percent_per_millisecond: 0.04
 * /asc/i2c_for_motors/motor_driver_max_decel_limit_in_percent_per_millisecond: 0.16
 * /asc/i2c_for_motors/motor_driver_max_duty_cycle_limit_in_percent: 100.0
 * /asc/i2c_for_motors/motor_driver_right_side_multiplier: 1
 * /asc/i2c_for_motors/motor_driver_verbosity: 1
 * /rosdistro: noetic
 * /rosversion: 1.17.0

NODES
  /
    aruco_positioning (asclinic_pkg/aruco_positioning.py)
    kf_fusion_node (asclinic_pkg/KF.py)
    odomdelta (asclinic_pkg/odomdelta)
    trajectory_generator (asclinic_pkg/trajectory_generator)
    trajectory_tracker (asclinic_pkg/trajectory_tracker)
    velocity_PI_control (asclinic_pkg/velocity_PI_control)
  /asc/
    aruco_detector (asclinic_pkg/aruco_detector.py)
    encoder_read_multi_threaded (asclinic_pkg/encoder_read_multi_threaded)
    i2c_for_motors (asclinic_pkg/i2c_for_motors)

auto-starting new master
[1mprocess[master]: started with pid [21681][0m
[1mROS_MASTER_URI=http://localhost:11311[0m
]2;/home/asc/ASClinic/catkin_ws/src/asclinic_pkg/launch/trajectory.launch http://localhost:11311
[1msetting /run_id to 3e7970e6-24a3-11f0-b934-d8c0a650f677[0m
[1mprocess[rosout-1]: started with pid [21705][0m
started core service [/rosout]
[1mprocess[asc/i2c_for_motors-2]: started with pid [21708][0m
[1mprocess[asc/encoder_read_multi_threaded-3]: started with pid [21709][0m
[1mprocess[odomdelta-4]: started with pid [21710][0m
[1mprocess[asc/aruco_detector-5]: started with pid [21711][0m
[1mprocess[aruco_positioning-6]: started with pid [21722][0m
[1mprocess[trajectory_tracker-7]: started with pid [21734][0m
[1mprocess[trajectory_generator-8]: started with pid [21743][0m
[1mprocess[velocity_PI_control-9]: started with pid [21750][0m
[1mprocess[kf_fusion_node-10]: started with pid [21754][0m
[kf_fusion_node-10] killing on exit
[velocity_PI_control-9] killing on exit
[trajectory_generator-8] killing on exit
[trajectory_tracker-7] killing on exit
[aruco_positioning-6] killing on exit
[asc/aruco_detector-5] killing on exit
[odomdelta-4] killing on exit
[asc/encoder_read_multi_threaded-3] killing on exit
[asc/i2c_for_motors-2] killing on exit
[rosout-1] killing on exit
[master] killing on exit
shutting down processing monitor...
... shutting down processing monitor complete
[1mdone[0m
