[0m[ INFO] [1748153587.574541154]: Loaded 2 segments of gains[0m
[0m[ INFO] [1748153587.574628035]: Segment 0:[0m
[0m[ INFO] [1748153587.574654980]:   K_x:[0m
[0m[ INFO] [1748153587.574707205]:     [-0.182503, -0.730014, 7.04119e-16][0m
[0m[ INFO] [1748153587.574741541]:     [1.09049, -0.272621, 0.961472][0m
[0m[ INFO] [1748153587.574765862]:   K_p:[0m
[0m[ INFO] [1748153587.574796550]:     [-0.0383483, -0.153393][0m
[0m[ INFO] [1748153587.574824359]:     [0.153393, -0.0383483][0m
[0m[ INFO] [1748153587.574845383]: Segment 1:[0m
[0m[ INFO] [1748153587.574865799]:   K_x:[0m
[0m[ INFO] [1748153587.574895112]:     [0.689391, -0.301609, -7.23482e-17][0m
[0m[ INFO] [1748153587.574924360]:     [0.450539, 1.0298, 0.961472][0m
[0m[ INFO] [1748153587.574944201]:   K_p:[0m
[0m[ INFO] [1748153587.574970377]:     [0.144857, -0.063375][0m
[0m[ INFO] [1748153587.574999626]:     [0.063375, 0.144857][0m
[0m[ INFO] [1748153589.469916539]: [1748153589.470] Robot state - x: 0.000000, y: 0.000000, phi: 0.000000[0m
[0m[ INFO] [1748153589.474069887]: [1748153589.474] Reference trajectory - x: 0.000000, y: 0.000000, phi: 0.000000, v: 0.000000, w: 0.000000[0m
[0m[ INFO] [1748153589.570740689]: [1748153589.571] Robot state - x: 0.000000, y: 0.000000, phi: 0.000000[0m
[0m[ INFO] [1748153589.570913396]: [1748153589.571] Reference trajectory - x: 0.000000, y: 0.000000, phi: 0.000000, v: 0.000000, w: 0.000000[0m
[0m[ INFO] [1748153589.670688408]: [1748153589.671] Robot state - x: 0.000000, y: 0.000000, phi: 0.000000[0m
[0m[ INFO] [1748153589.670814842]: [1748153589.671] Reference trajectory - x: 0.000000, y: 0.000000, phi: 0.000000, v: 0.000000, w: 0.000000[0m
[0m[ INFO] [1748153589.771680497]: [1748153589.771] Robot state - x: 0.000000, y: 0.000000, phi: 0.000000[0m
[0m[ INFO] [1748153589.772175353]: [1748153589.772] Reference trajectory - x: 0.000000, y: 0.000000, phi: 0.000000, v: 0.000000, w: 0.000000[0m
[0m[ INFO] [1748153589.879712157]: [1748153589.879] Robot state - x: 0.000000, y: 0.000000, phi: 0.000000[0m
[0m[ INFO] [1748153589.880258470]: [1748153589.880] Reference trajectory - x: 0.000000, y: 0.000000, phi: 0.000000, v: 0.000000, w: 0.000000[0m
[0m[ INFO] [1748153589.980679062]: [1748153589.981] Robot state - x: 0.000000, y: 0.000000, phi: 0.000000[0m
[0m[ INFO] [1748153589.980957786]: [1748153589.981] Reference trajectory - x: 0.000000, y: 0.000000, phi: 0.000000, v: 0.000000, w: 0.000000[0m
[0m[ INFO] [1748153590.079572428]: [1748153590.079] Robot state - x: 0.000000, y: 0.000000, phi: 0.000000[0m
[0m[ INFO] [1748153590.080151573]: [1748153590.080] Reference trajectory - x: 0.000000, y: 0.000000, phi: 0.000000, v: 0.000000, w: 0.000000[0m
[0m[ INFO] [1748153590.172020504]: [1748153590.172] Robot state - x: 0.000000, y: 0.000000, phi: 0.000000[0m
[0m[ INFO] [1748153590.172227132]: [1748153590.172] Reference trajectory - x: 0.000000, y: 0.000000, phi: 0.000000, v: 0.000000, w: 0.000000[0m
[0m[ INFO] [1748153590.412356639]: [1748153590.412] Robot state - x: 0.000000, y: 0.000000, phi: 0.000000[0m
[0m[ INFO] [1748153590.412509633]: [1748153590.412] Reference trajectory - x: 0.000000, y: 0.000000, phi: 0.000000, v: 0.000000, w: 0.000000[0m
[0m[ INFO] [1748153590.414337087]: [1748153590.414] Robot state - x: 0.000000, y: 0.000000, phi: 0.000000[0m
[0m[ INFO] [1748153590.414422689]: [1748153590.414] Reference trajectory - x: 0.000000, y: 0.000000, phi: 0.000000, v: 0.000000, w: 0.000000[0m
[0m[ INFO] [1748153590.470260597]: [1748153590.470] Robot state - x: 0.000000, y: 0.000000, phi: 0.000000[0m
[0m[ INFO] [1748153590.470370774]: [1748153590.470] Reference trajectory - x: 0.000000, y: 0.000000, phi: 0.000000, v: 0.000000, w: 0.000000[0m
[0m[ INFO] [1748153590.581334642]: [1748153590.581] Robot state - x: 0.000000, y: 0.000000, phi: 0.000000[0m
[0m[ INFO] [1748153590.582861004]: [1748153590.582] Reference trajectory - x: 0.000000, y: 0.000000, phi: 0.000000, v: 0.000000, w: 0.000000[0m
[0m[ INFO] [1748153590.682775538]: [1748153590.683] Robot state - x: 0.000000, y: 0.000000, phi: 0.000000[0m
[0m[ INFO] [1748153590.683082903]: [1748153590.683] Reference trajectory - x: 0.000000, y: 0.000000, phi: 0.000000, v: 0.000000, w: 0.000000[0m
[0m[ INFO] [1748153590.727959480]: Received reference trajectory - x: 0.000000, y: 0.000000, phi: -104.000000, v: 0.000000, w: 0.000000, line_no: 0[0m
[0m[ INFO] [1748153590.769793830]: [1748153590.770] Robot state - x: 0.000000, y: 0.000000, phi: 0.000000[0m
[0m[ INFO] [1748153590.769886695]: [1748153590.770] Reference trajectory - x: 0.000000, y: 0.000000, phi: -1.815142, v: 0.000000, w: 0.000000[0m
[0m[ INFO] [1748153590.824940590]: Received reference trajectory - x: 0.000000, y: 0.000000, phi: -104.000000, v: 0.000000, w: 0.000000, line_no: 0[0m
[0m[ INFO] [1748153590.877449164]: [1748153590.877] Robot state - x: 0.000000, y: 0.000000, phi: 0.000000[0m
[0m[ INFO] [1748153590.877551533]: [1748153590.878] Reference trajectory - x: 0.000000, y: 0.000000, phi: -1.815142, v: 0.000000, w: 0.000000[0m
[0m[ INFO] [1748153590.922903605]: Received reference trajectory - x: 0.000000, y: 0.000000, phi: -104.000000, v: 0.000000, w: 0.000000, line_no: 0[0m
[0m[ INFO] [1748153590.970388576]: [1748153590.970] Robot state - x: 0.000000, y: 0.000000, phi: 0.000000[0m
[0m[ INFO] [1748153590.970501474]: [1748153590.970] Reference trajectory - x: 0.000000, y: 0.000000, phi: -1.815142, v: 0.000000, w: 0.000000[0m
[0m[ INFO] [1748153591.025374470]: Received reference trajectory - x: 0.000000, y: 0.000000, phi: -104.000000, v: 0.000000, w: 0.000000, line_no: 0[0m
[0m[ INFO] [1748153591.078575951]: [1748153591.078] Robot state - x: 0.000202, y: -0.000000, phi: -0.001879[0m
[0m[ INFO] [1748153591.078701265]: [1748153591.079] Reference trajectory - x: 0.000000, y: 0.000000, phi: -1.815142, v: 0.000000, w: 0.000000[0m
[0m[ INFO] [1748153591.123240587]: Received reference trajectory - x: 0.000000, y: 0.000000, phi: -104.000000, v: 0.000000, w: 0.000000, line_no: 0[0m
[0m[ INFO] [1748153591.176599286]: [1748153591.176] Robot state - x: -0.000202, y: 0.000003, phi: -0.016908[0m
[0m[ INFO] [1748153591.176755033]: [1748153591.177] Reference trajectory - x: 0.000000, y: 0.000000, phi: -1.815142, v: 0.000000, w: 0.000000[0m
[0m[ INFO] [1748153591.224264228]: Received reference trajectory - x: 0.000000, y: 0.000000, phi: -104.000000, v: 0.000000, w: 0.000000, line_no: 0[0m
[0m[ INFO] [1748153591.273306985]: [1748153591.273] Robot state - x: -0.000404, y: 0.000006, phi: -0.041331[0m
[0m[ INFO] [1748153591.273415946]: [1748153591.273] Reference trajectory - x: 0.000000, y: 0.000000, phi: -1.815142, v: 0.000000, w: 0.000000[0m
[0m[ INFO] [1748153591.322860117]: Received reference trajectory - x: 0.000000, y: 0.000000, phi: -104.000000, v: 0.000000, w: 0.000000, line_no: 0[0m
[0m[ INFO] [1748153591.374821706]: [1748153591.374] Robot state - x: -0.000404, y: 0.000006, phi: -0.063876[0m
[0m[ INFO] [1748153591.375215920]: [1748153591.375] Reference trajectory - x: 0.000000, y: 0.000000, phi: -1.815142, v: 0.000000, w: 0.000000[0m
[0m[ INFO] [1748153591.424790013]: Received reference trajectory - x: 0.000000, y: 0.000000, phi: -104.000000, v: 0.000000, w: 0.000000, line_no: 0[0m
[0m[ INFO] [1748153591.475863843]: [1748153591.476] Robot state - x: -0.000404, y: 0.000006, phi: -0.090177[0m
[0m[ INFO] [1748153591.475992581]: [1748153591.476] Reference trajectory - x: 0.000000, y: 0.000000, phi: -1.815142, v: 0.000000, w: 0.000000[0m
[0m[ INFO] [1748153591.523566353]: Received reference trajectory - x: 0.000000, y: 0.000000, phi: -104.000000, v: 0.000000, w: 0.000000, line_no: 0[0m
[0m[ INFO] [1748153591.574257265]: [1748153591.574] Robot state - x: -0.000203, y: -0.000010, phi: -0.122115[0m
[0m[ INFO] [1748153591.574652151]: [1748153591.574] Reference trajectory - x: 0.000000, y: 0.000000, phi: -1.815142, v: 0.000000, w: 0.000000[0m
[0m[ INFO] [1748153591.622974640]: Received reference trajectory - x: 0.000000, y: 0.000000, phi: -104.000000, v: 0.000000, w: 0.000000, line_no: 0[0m
[0m[ INFO] [1748153591.678433117]: [1748153591.678] Robot state - x: -0.000203, y: -0.000010, phi: -0.152174[0m
[0m[ INFO] [1748153591.678691521]: [1748153591.679] Reference trajectory - x: 0.000000, y: 0.000000, phi: -1.815142, v: 0.000000, w: 0.000000[0m
[0m[ INFO] [1748153591.722639666]: Received reference trajectory - x: 0.000000, y: 0.000000, phi: -104.000000, v: 0.000000, w: 0.000000, line_no: 0[0m
[0m[ INFO] [1748153591.770783624]: [1748153591.771] Robot state - x: -0.000002, y: -0.000038, phi: -0.180355[0m
[0m[ INFO] [1748153591.770970955]: [1748153591.771] Reference trajectory - x: 0.000000, y: 0.000000, phi: -1.815142, v: 0.000000, w: 0.000000[0m
[0m[ INFO] [1748153591.824782654]: Received reference trajectory - x: 0.000000, y: 0.000000, phi: -104.000000, v: 0.000000, w: 0.000000, line_no: 0[0m
[0m[ INFO] [1748153591.878204074]: [1748153591.878] Robot state - x: -0.000202, y: -0.000004, phi: -0.212292[0m
[0m[ INFO] [1748153591.878328172]: [1748153591.878] Reference trajectory - x: 0.000000, y: 0.000000, phi: -1.815142, v: 0.000000, w: 0.000000[0m
[0m[ INFO] [1748153591.922660835]: Received reference trajectory - x: 0.000000, y: 0.000000, phi: -104.000000, v: 0.000000, w: 0.000000, line_no: 0[0m
[0m[ INFO] [1748153591.978544919]: [1748153591.978] Robot state - x: -0.000202, y: -0.000004, phi: -0.249866[0m
[0m[ INFO] [1748153591.978641337]: [1748153591.979] Reference trajectory - x: 0.000000, y: 0.000000, phi: -1.815142, v: 0.000000, w: 0.000000[0m
[0m[ INFO] [1748153592.022798989]: Received reference trajectory - x: 0.000000, y: 0.000000, phi: -104.000000, v: 0.000000, w: 0.000000, line_no: 0[0m
[0m[ INFO] [1748153592.072089046]: [1748153592.072] Robot state - x: -0.000202, y: -0.000004, phi: -0.291197[0m
[0m[ INFO] [1748153592.072246680]: [1748153592.072] Reference trajectory - x: 0.000000, y: 0.000000, phi: -1.815142, v: 0.000000, w: 0.000000[0m
[0m[ INFO] [1748153592.122673491]: Received reference trajectory - x: 0.000000, y: 0.000000, phi: -104.000000, v: 0.000000, w: 0.000000, line_no: 0[0m
[0m[ INFO] [1748153592.171410930]: [1748153592.171] Robot state - x: -0.000396, y: 0.000050, phi: -0.330650[0m
[0m[ INFO] [1748153592.172321441]: [1748153592.172] Reference trajectory - x: 0.000000, y: 0.000000, phi: -1.815142, v: 0.000000, w: 0.000000[0m
[0m[ INFO] [1748153592.225064706]: Received reference trajectory - x: 0.000000, y: 0.000000, phi: -104.000000, v: 0.000000, w: 0.000000, line_no: 0[0m
[0m[ INFO] [1748153592.272839090]: [1748153592.273] Robot state - x: -0.000396, y: 0.000050, phi: -0.368224[0m
[0m[ INFO] [1748153592.272983476]: [1748153592.273] Reference trajectory - x: 0.000000, y: 0.000000, phi: -1.815142, v: 0.000000, w: 0.000000[0m
[0m[ INFO] [1748153592.322740292]: Received reference trajectory - x: 0.000000, y: 0.000000, phi: -104.000000, v: 0.000000, w: 0.000000, line_no: 0[0m
[0m[ INFO] [1748153592.375931405]: [1748153592.376] Robot state - x: -0.000396, y: 0.000050, phi: -0.405798[0m
[0m[ INFO] [1748153592.376030382]: [1748153592.376] Reference trajectory - x: 0.000000, y: 0.000000, phi: -1.815142, v: 0.000000, w: 0.000000[0m
[0m[ INFO] [1748153592.424420872]: Received reference trajectory - x: 0.000000, y: 0.000000, phi: -104.000000, v: 0.000000, w: 0.000000, line_no: 0[0m
[0m[ INFO] [1748153592.485335823]: [1748153592.485] Robot state - x: -0.000770, y: 0.000204, phi: -0.450886[0m
[0m[ INFO] [1748153592.485455985]: [1748153592.485] Reference trajectory - x: 0.000000, y: 0.000000, phi: -1.815142, v: 0.000000, w: 0.000000[0m
[0m[ INFO] [1748153592.522716276]: Received reference trajectory - x: 0.000000, y: 0.000000, phi: -104.000000, v: 0.000000, w: 0.000000, line_no: 0[0m
[0m[ INFO] [1748153592.571061421]: [1748153592.571] Robot state - x: -0.000586, y: 0.000120, phi: -0.494096[0m
[0m[ INFO] [1748153592.571232047]: [1748153592.571] Reference trajectory - x: 0.000000, y: 0.000000, phi: -1.815142, v: 0.000000, w: 0.000000[0m
[0m[ INFO] [1748153592.627046083]: Received reference trajectory - x: 0.000000, y: 0.000000, phi: -104.000000, v: 0.000000, w: 0.000000, line_no: 0[0m
[0m[ INFO] [1748153592.671036564]: [1748153592.671] Robot state - x: -0.000946, y: 0.000302, phi: -0.527913[0m
[0m[ INFO] [1748153592.671361690]: [1748153592.671] Reference trajectory - x: 0.000000, y: 0.000000, phi: -1.815142, v: 0.000000, w: 0.000000[0m
[0m[ INFO] [1748153592.722679267]: Received reference trajectory - x: 0.000000, y: 0.000000, phi: -104.000000, v: 0.000000, w: 0.000000, line_no: 0[0m
[0m[ INFO] [1748153592.774033165]: [1748153592.774] Robot state - x: -0.000771, y: 0.000203, phi: -0.567365[0m
[0m[ INFO] [1748153592.774163215]: [1748153592.774] Reference trajectory - x: 0.000000, y: 0.000000, phi: -1.815142, v: 0.000000, w: 0.000000[0m
[0m[ INFO] [1748153592.823113522]: Received reference trajectory - x: 0.000000, y: 0.000000, phi: -104.000000, v: 0.000000, w: 0.000000, line_no: 0[0m
[0m[ INFO] [1748153592.884547938]: [1748153592.884] Robot state - x: -0.000943, y: 0.000308, phi: -0.610575[0m
[0m[ INFO] [1748153592.884742629]: [1748153592.885] Reference trajectory - x: 0.000000, y: 0.000000, phi: -1.815142, v: 0.000000, w: 0.000000[0m
[0m[ INFO] [1748153592.922814197]: Received reference trajectory - x: 0.000000, y: 0.000000, phi: -104.000000, v: 0.000000, w: 0.000000, line_no: 0[0m
[0m[ INFO] [1748153592.981435575]: [1748153592.981] Robot state - x: -0.001111, y: 0.000420, phi: -0.653785[0m
[0m[ INFO] [1748153592.981626746]: [1748153592.982] Reference trajectory - x: 0.000000, y: 0.000000, phi: -1.815142, v: 0.000000, w: 0.000000[0m
[0m[ INFO] [1748153593.025520042]: Received reference trajectory - x: 0.000000, y: 0.000000, phi: -104.000000, v: 0.000000, w: 0.000000, line_no: 0[0m
[0m[ INFO] [1748153593.078376396]: [1748153593.078] Robot state - x: -0.001274, y: 0.000539, phi: -0.689480[0m
[0m[ INFO] [1748153593.078519407]: [1748153593.078] Reference trajectory - x: 0.000000, y: 0.000000, phi: -1.815142, v: 0.000000, w: 0.000000[0m
[0m[ INFO] [1748153593.122647874]: Received reference trajectory - x: 0.000000, y: 0.000000, phi: -104.000000, v: 0.000000, w: 0.000000, line_no: 0[0m
[0m[ INFO] [1748153593.178458133]: [1748153593.178] Robot state - x: -0.001116, y: 0.000413, phi: -0.728933[0m
[0m[ INFO] [1748153593.178592120]: [1748153593.179] Reference trajectory - x: 0.000000, y: 0.000000, phi: -1.815142, v: 0.000000, w: 0.000000[0m
[0m[ INFO] [1748153593.224354374]: Received reference trajectory - x: 0.000000, y: 0.000000, phi: -104.000000, v: 0.000000, w: 0.000000, line_no: 0[0m
[0m[ INFO] [1748153593.280851557]: [1748153593.281] Robot state - x: -0.001269, y: 0.000545, phi: -0.772143[0m
[0m[ INFO] [1748153593.281438062]: [1748153593.281] Reference trajectory - x: 0.000000, y: 0.000000, phi: -1.815142, v: 0.000000, w: 0.000000[0m
[0m[ INFO] [1748153593.322665970]: Received reference trajectory - x: 0.000000, y: 0.000000, phi: -104.000000, v: 0.000000, w: 0.000000, line_no: 0[0m
[0m[ INFO] [1748153593.372483363]: [1748153593.372] Robot state - x: -0.001121, y: 0.000408, phi: -0.811595[0m
[0m[ INFO] [1748153593.372590501]: [1748153593.373] Reference trajectory - x: 0.000000, y: 0.000000, phi: -1.815142, v: 0.000000, w: 0.000000[0m
[0m[ INFO] [1748153593.422563832]: Received reference trajectory - x: 0.000000, y: 0.000000, phi: -104.000000, v: 0.000000, w: 0.000000, line_no: 0[0m
[0m[ INFO] [1748153593.476593614]: [1748153593.476] Robot state - x: -0.001263, y: 0.000551, phi: -0.851048[0m
[0m[ INFO] [1748153593.476731537]: [1748153593.477] Reference trajectory - x: 0.000000, y: 0.000000, phi: -1.815142, v: 0.000000, w: 0.000000[0m
[0m[ INFO] [1748153593.522667522]: Received reference trajectory - x: 0.000000, y: 0.000000, phi: -104.000000, v: 0.000000, w: 0.000000, line_no: 0[0m
[0m[ INFO] [1748153593.576035917]: [1748153593.576] Robot state - x: -0.001263, y: 0.000551, phi: -0.896137[0m
[0m[ INFO] [1748153593.576130990]: [1748153593.576] Reference trajectory - x: 0.000000, y: 0.000000, phi: -1.815142, v: 0.000000, w: 0.000000[0m
[0m[ INFO] [1748153593.623780892]: Received reference trajectory - x: 0.000000, y: 0.000000, phi: -104.000000, v: 0.000000, w: 0.000000, line_no: 0[0m
[0m[ INFO] [1748153593.671250790]: [1748153593.671] Robot state - x: -0.001133, y: 0.000397, phi: -0.935589[0m
[0m[ INFO] [1748153593.671382664]: [1748153593.671] Reference trajectory - x: 0.000000, y: 0.000000, phi: -1.815142, v: 0.000000, w: 0.000000[0m
[0m[ INFO] [1748153593.722845780]: Received reference trajectory - x: 0.000000, y: 0.000000, phi: -104.000000, v: 0.000000, w: 0.000000, line_no: 0[0m
[0m[ INFO] [1748153593.770202909]: [1748153593.770] Robot state - x: -0.001133, y: 0.000397, phi: -0.973163[0m
[0m[ INFO] [1748153593.770300286]: [1748153593.770] Reference trajectory - x: 0.000000, y: 0.000000, phi: -1.815142, v: 0.000000, w: 0.000000[0m
[0m[ INFO] [1748153593.871555739]: [1748153593.871] Robot state - x: -0.001133, y: 0.000397, phi: -1.010737[0m
[0m[ INFO] [1748153593.871713917]: [1748153593.872] Reference trajectory - x: 0.000000, y: 0.000000, phi: -1.815142, v: 0.000000, w: 0.000000[0m
[0m[ INFO] [1748153593.922786883]: Received reference trajectory - x: -0.043706, y: -0.174824, phi: 0.000000, v: 3.645004, w: 0.000000, line_no: -1[0m
[0m[ INFO] [1748153593.983281891]: [1748153593.983] Robot state - x: -0.001244, y: 0.000566, phi: -1.046432[0m
[0m[ INFO] [1748153593.983431333]: [1748153593.983] Reference trajectory - x: -0.000044, y: -0.000175, phi: 0.000000, v: 0.003645, w: 0.000000[0m
[0m[ INFO] [1748153593.983507239]: [1748153593.983] v: 0.003989, w: 1.007964 (segment 0)[0m
[0m[ INFO] [1748153594.026159458]: Received reference trajectory - x: -0.176739, y: -0.706956, phi: 0.000000, v: 7.305190, w: 0.000000, line_no: -1[0m
[0m[ INFO] [1748153594.077869906]: [1748153594.078] Robot state - x: -0.001140, y: 0.000393, phi: -1.082127[0m
[0m[ INFO] [1748153594.077967987]: [1748153594.078] Reference trajectory - x: -0.000177, y: -0.000707, phi: 0.000000, v: 0.007305, w: 0.000000[0m
[0m[ INFO] [1748153594.078053973]: [1748153594.078] v: 0.007968, w: 1.042142 (segment 0)[0m
[0m[ INFO] [1748153594.122897620]: Received reference trajectory - x: -0.397522, y: -1.590088, phi: 0.000000, v: 10.918900, w: 0.000000, line_no: -1[0m
[0m[ INFO] [1748153594.181692152]: [1748153594.181] Robot state - x: -0.001140, y: 0.000393, phi: -1.044553[0m
[0m[ INFO] [1748153594.182050622]: [1748153594.182] Reference trajectory - x: -0.000398, y: -0.001590, phi: 0.000000, v: 0.010919, w: 0.000000[0m
[0m[ INFO] [1748153594.182388132]: [1748153594.182] v: 0.012294, w: 1.006035 (segment 0)[0m
[0m[ INFO] [1748153594.224607544]: Received reference trajectory - x: -0.706051, y: -2.824205, phi: 0.000000, v: 14.502336, w: 0.000000, line_no: -1[0m
[0m[ INFO] [1748153594.282285002]: [1748153594.282] Robot state - x: -0.000475, y: -0.000855, phi: -1.042675[0m
[0m[ INFO] [1748153594.282408556]: [1748153594.282] Reference trajectory - x: -0.000706, y: -0.002824, phi: 0.000000, v: 0.014502, w: 0.000000[0m
[0m[ INFO] [1748153594.282541774]: [1748153594.282] v: 0.016077, w: 1.003168 (segment 0)[0m
[0m[ INFO] [1748153594.322778049]: Received reference trajectory - x: -1.100419, y: -4.401677, phi: 0.000000, v: 18.043213, w: 0.000000, line_no: -1[0m
[0m[ INFO] [1748153594.370423663]: [1748153594.370] Robot state - x: -0.000475, y: -0.000855, phi: -1.042675[0m
[0m[ INFO] [1748153594.370532080]: [1748153594.370] Reference trajectory - x: -0.001100, y: -0.004402, phi: 0.000000, v: 0.018043, w: 0.000000[0m
[0m[ INFO] [1748153594.370673299]: [1748153594.371] v: 0.020898, w: 1.003172 (segment 0)[0m
[0m[ INFO] [1748153594.425308595]: Received reference trajectory - x: -1.580803, y: -6.323211, phi: 0.000000, v: 21.551512, w: 0.000000, line_no: -1[0m
[0m[ INFO] [1748153594.477455306]: [1748153594.477] Robot state - x: -0.000373, y: -0.001029, phi: -1.040796[0m
[0m[ INFO] [1748153594.477580972]: [1748153594.478] Reference trajectory - x: -0.001581, y: -0.006323, phi: 0.000000, v: 0.021552, w: 0.000000[0m
[0m[ INFO] [1748153594.477712046]: [1748153594.478] v: 0.025874, w: 1.001208 (segment 0)[0m
[0m[ INFO] [1748153594.522852722]: Received reference trajectory - x: -2.145360, y: -8.581440, phi: 0.000000, v: 25.019882, w: 0.000000, line_no: -1[0m
[0m[ INFO] [1748153594.570028471]: [1748153594.570] Robot state - x: -0.000271, y: -0.001204, phi: -1.038917[0m
[0m[ INFO] [1748153594.570121657]: [1748153594.570] Reference trajectory - x: -0.002145, y: -0.008581, phi: 0.000000, v: 0.025020, w: 0.000000[0m
[0m[ INFO] [1748153594.570221275]: [1748153594.570] v: 0.031106, w: 0.999243 (segment 0)[0m
[0m[ INFO] [1748153594.625323106]: Received reference trajectory - x: -2.794924, y: -11.179696, phi: 0.000000, v: 28.457998, w: 0.000000, line_no: -1[0m
[0m[ INFO] [1748153594.677713821]: [1748153594.678] Robot state - x: 0.000452, y: -0.002419, phi: -1.025767[0m
[0m[ INFO] [1748153594.677822015]: [1748153594.678] Reference trajectory - x: -0.002795, y: -0.011180, phi: 0.000000, v: 0.028458, w: 0.000000[0m
[0m[ INFO] [1748153594.677921280]: [1748153594.678] v: 0.035951, w: 0.985463 (segment 0)[0m
[0m[ INFO] [1748153594.722773664]: Received reference trajectory - x: -3.525594, y: -14.102377, phi: 0.000000, v: 31.850353, w: 0.000000, line_no: -1[0m
[0m[ INFO] [1748153594.770107112]: [1748153594.770] Robot state - x: 0.000761, y: -0.002940, phi: -1.020130[0m
[0m[ INFO] [1748153594.770239018]: [1748153594.770] Reference trajectory - x: -0.003526, y: -0.014102, phi: 0.000000, v: 0.031850, w: 0.000000[0m
[0m[ INFO] [1748153594.770353196]: [1748153594.770] v: 0.041473, w: 0.979543 (segment 0)[0m
[0m[ INFO] [1748153594.823233615]: Received reference trajectory - x: -4.338563, y: -17.354254, phi: 0.000000, v: 35.207851, w: 0.000000, line_no: -1[0m
[0m[ INFO] [1748153594.876299061]: [1748153594.876] Robot state - x: 0.001288, y: -0.003801, phi: -1.010737[0m
[0m[ INFO] [1748153594.876401047]: [1748153594.876] Reference trajectory - x: -0.004339, y: -0.017354, phi: 0.000000, v: 0.035208, w: 0.000000[0m
[0m[ INFO] [1748153594.876448184]: [1748153594.876] v: 0.047050, w: 0.969667 (segment 0)[0m
[0m[ INFO] [1748153594.922970514]: Received reference trajectory - x: -5.235779, y: -20.943115, phi: 0.000000, v: 38.539909, w: 0.000000, line_no: -1[0m
[0m[ INFO] [1748153594.970016694]: [1748153594.970] Robot state - x: 0.001713, y: -0.004488, phi: -1.003222[0m
[0m[ INFO] [1748153594.970141176]: [1748153594.970] Reference trajectory - x: -0.005236, y: -0.020943, phi: 0.000000, v: 0.038540, w: 0.000000[0m
[0m[ INFO] [1748153594.970205529]: [1748153594.970] v: 0.053021, w: 0.961747 (segment 0)[0m
[0m[ INFO] [1748153595.023623973]: Received reference trajectory - x: -6.213480, y: -24.853918, phi: 0.000000, v: 41.834213, w: 0.000000, line_no: -1[0m
[0m[ INFO] [1748153595.070475109]: [1748153595.070] Robot state - x: 0.002254, y: -0.005341, phi: -0.993829[0m
[0m[ INFO] [1748153595.070576198]: [1748153595.071] Reference trajectory - x: -0.006213, y: -0.024854, phi: 0.000000, v: 0.041834, w: 0.000000[0m
[0m[ INFO] [1748153595.070661288]: [1748153595.071] v: 0.059157, w: 0.951838 (segment 0)[0m
[0m[ INFO] [1748153595.122560827]: Received reference trajectory - x: -7.260434, y: -29.041735, phi: 0.000000, v: 45.060371, w: 0.000000, line_no: -1[0m
[0m[ INFO] [1748153595.170406283]: [1748153595.170] Robot state - x: 0.003356, y: -0.007033, phi: -0.975042[0m
[0m[ INFO] [1748153595.170528333]: [1748153595.170] Reference trajectory - x: -0.007260, y: -0.029042, phi: 0.000000, v: 0.045060, w: 0.000000[0m
[0m[ INFO] [1748153595.170658959]: [1748153595.171] v: 0.064975, w: 0.932034 (segment 0)[0m
[0m[ INFO] [1748153595.226505827]: Received reference trajectory - x: -8.393062, y: -33.572247, phi: 0.000000, v: 48.272758, w: 0.000000, line_no: -1[0m
[0m[ INFO] [1748153595.323127411]: Received reference trajectory - x: -9.602080, y: -38.408321, phi: 0.000000, v: 51.445156, w: 0.000000, line_no: -1[0m
[0m[ INFO] [1748153595.405710781]: [1748153595.406] Robot state - x: 0.004700, y: -0.009050, phi: -0.952497[0m
[0m[ INFO] [1748153595.405826591]: [1748153595.406] Reference trajectory - x: -0.009602, y: -0.038408, phi: 0.000000, v: 0.051445, w: 0.000000[0m
[0m[ INFO] [1748153595.405917056]: [1748153595.406] v: 0.077904, w: 0.908235 (segment 0)[0m
[0m[ INFO] [1748153595.406175492]: [1748153595.406] Robot state - x: 0.005969, y: -0.010873, phi: -0.928074[0m
[0m[ INFO] [1748153595.406220581]: [1748153595.406] Reference trajectory - x: -0.009602, y: -0.038408, phi: 0.000000, v: 0.051445, w: 0.000000[0m
[0m[ INFO] [1748153595.406284134]: [1748153595.406] v: 0.077286, w: 0.882739 (segment 0)[0m
[0m[ INFO] [1748153595.422622578]: Received reference trajectory - x: -10.887386, y: -43.549545, phi: 0.000000, v: 54.580029, w: 0.000000, line_no: -1[0m
[0m[ INFO] [1748153595.471532756]: [1748153595.471] Robot state - x: 0.007469, y: -0.013028, phi: -0.903651[0m
[0m[ INFO] [1748153595.471690262]: [1748153595.472] Reference trajectory - x: -0.010887, y: -0.043550, phi: 0.000000, v: 0.054580, w: 0.000000[0m
[0m[ INFO] [1748153595.471822265]: [1748153595.472] v: 0.083648, w: 0.856870 (segment 0)[0m
[0m[ INFO] [1748153595.522964255]: Received reference trajectory - x: -12.248874, y: -48.995495, phi: 0.000000, v: 57.679211, w: 0.000000, line_no: -1[0m
[0m[ INFO] [1748153595.569909153]: [1748153595.570] Robot state - x: 0.009444, y: -0.015585, phi: -0.873592[0m
[0m[ INFO] [1748153595.570010242]: [1748153595.570] Reference trajectory - x: -0.012249, y: -0.048995, phi: 0.000000, v: 0.057679, w: 0.000000[0m
[0m[ INFO] [1748153595.570054979]: [1748153595.570] v: 0.090060, w: 0.824913 (segment 0)[0m
[0m[ INFO] [1748153595.622949222]: Received reference trajectory - x: -13.685178, y: -54.740711, phi: 0.000000, v: 60.741478, w: 0.000000, line_no: -1[0m
[0m[ INFO] [1748153595.670196717]: [1748153595.670] Robot state - x: 0.011482, y: -0.018093, phi: -0.843533[0m
[0m[ INFO] [1748153595.670289582]: [1748153595.670] Reference trajectory - x: -0.013685, y: -0.054741, phi: 0.000000, v: 0.060741, w: 0.000000[0m
[0m[ INFO] [1748153595.670334863]: [1748153595.670] v: 0.096778, w: 0.792861 (segment 0)[0m
[0m[ INFO] [1748153595.722800523]: Received reference trajectory - x: -15.195792, y: -60.783169, phi: 0.000000, v: 63.767567, w: 0.000000, line_no: -1[0m
[0m[ INFO] [1748153595.769911696]: [1748153595.770] Robot state - x: 0.013863, y: -0.020841, phi: -0.809717[0m
[0m[ INFO] [1748153595.770063634]: [1748153595.770] Reference trajectory - x: -0.015196, y: -0.060783, phi: 0.000000, v: 0.063768, w: 0.000000[0m
[0m[ INFO] [1748153595.770125651]: [1748153595.770] v: 0.103645, w: 0.756710 (segment 0)[0m
[0m[ INFO] [1748153595.824592400]: Received reference trajectory - x: -16.779921, y: -67.119682, phi: 0.000000, v: 66.757500, w: 0.000000, line_no: -1[0m
[0m[ INFO] [1748153595.873754710]: [1748153595.874] Robot state - x: 0.016744, y: -0.023952, phi: -0.770264[0m
[0m[ INFO] [1748153595.873923673]: [1748153595.874] Reference trajectory - x: -0.016780, y: -0.067120, phi: 0.000000, v: 0.066758, w: 0.000000[0m
[0m[ INFO] [1748153595.874015866]: [1748153595.874] v: 0.110594, w: 0.714438 (segment 0)[0m
[0m[ INFO] [1748153595.922732057]: Received reference trajectory - x: -18.433599, y: -73.734398, phi: 0.000000, v: 69.705818, w: 0.000000, line_no: -1[0m
[0m[ INFO] [1748153595.970926255]: [1748153595.971] Robot state - x: 0.020020, y: -0.027246, phi: -0.727054[0m
[0m[ INFO] [1748153595.971046801]: [1748153595.971] Reference trajectory - x: -0.018434, y: -0.073734, phi: 0.000000, v: 0.069706, w: 0.000000[0m
[0m[ INFO] [1748153595.971174163]: [1748153595.971] v: 0.117727, w: 0.668011 (segment 0)[0m
[0m[ INFO] [1748153596.022695232]: Received reference trajectory - x: -20.158731, y: -80.634926, phi: 0.000000, v: 72.617821, w: 0.000000, line_no: -1[0m
[0m[ INFO] [1748153596.070748532]: [1748153596.071] Robot state - x: 0.023568, y: -0.030548, phi: -0.685723[0m
[0m[ INFO] [1748153596.070843125]: [1748153596.071] Reference trajectory - x: -0.020159, y: -0.080635, phi: 0.000000, v: 0.072618, w: 0.000000[0m
[0m[ INFO] [1748153596.070932631]: [1748153596.071] v: 0.125164, w: 0.623024 (segment 0)[0m
[0m[ INFO] [1748153596.122546437]: Received reference trajectory - x: -21.954908, y: -87.819633, phi: 0.000000, v: 75.494164, w: 0.000000, line_no: -1[0m
[0m[ INFO] [1748153596.169830796]: [1748153596.170] Robot state - x: 0.027856, y: -0.034235, phi: -0.651907[0m
[0m[ INFO] [1748153596.169978702]: [1748153596.170] Reference trajectory - x: -0.021955, y: -0.087820, phi: 0.000000, v: 0.075494, w: 0.000000[0m
[0m[ INFO] [1748153596.170063344]: [1748153596.170] v: 0.132717, w: 0.584271 (segment 0)[0m
[0m[ INFO] [1748153596.224678639]: Received reference trajectory - x: -23.828276, y: -95.313103, phi: 0.000000, v: 78.345093, w: 0.000000, line_no: -1[0m
[0m[ INFO] [1748153596.276328734]: [1748153596.276] Robot state - x: 0.032771, y: -0.038112, phi: -0.616211[0m
[0m[ INFO] [1748153596.276482944]: [1748153596.276] Reference trajectory - x: -0.023828, y: -0.095313, phi: 0.000000, v: 0.078345, w: 0.000000[0m
[0m[ INFO] [1748153596.276559297]: [1748153596.277] v: 0.140542, w: 0.542885 (segment 0)[0m
[0m[ INFO] [1748153596.322549011]: Received reference trajectory - x: -25.754248, y: -103.016991, phi: 0.000000, v: 81.135460, w: 0.000000, line_no: -1[0m
[0m[ INFO] [1748153596.370357315]: [1748153596.370] Robot state - x: 0.038466, y: -0.042300, phi: -0.580516[0m
[0m[ INFO] [1748153596.370470725]: [1748153596.370] Reference trajectory - x: -0.025754, y: -0.103017, phi: 0.000000, v: 0.081135, w: 0.000000[0m
[0m[ INFO] [1748153596.370533222]: [1748153596.371] v: 0.148467, w: 0.500461 (segment 0)[0m
[0m[ INFO] [1748153596.424880673]: Received reference trajectory - x: -27.760056, y: -111.040222, phi: 0.000000, v: 83.906418, w: 0.000000, line_no: -1[0m
[0m[ INFO] [1748153596.478253580]: [1748153596.478] Robot state - x: 0.044982, y: -0.046725, phi: -0.541064[0m
[0m[ INFO] [1748153596.478356813]: [1748153596.478] Reference trajectory - x: -0.027760, y: -0.111040, phi: 0.000000, v: 0.083906, w: 0.000000[0m
[0m[ INFO] [1748153596.478407054]: [1748153596.478] v: 0.156686, w: 0.453348 (segment 0)[0m
[0m[ INFO] [1748153596.522596675]: Received reference trajectory - x: -29.824179, y: -119.296715, phi: 0.000000, v: 86.629044, w: 0.000000, line_no: -1[0m
[0m[ INFO] [1748153596.577262403]: [1748153596.577] Robot state - x: 0.052153, y: -0.051256, phi: -0.507247[0m
[0m[ INFO] [1748153596.577414565]: [1748153596.577] Reference trajectory - x: -0.029824, y: -0.119297, phi: 0.000000, v: 0.086629, w: 0.000000[0m
[0m[ INFO] [1748153596.577532967]: [1748153596.577] v: 0.165172, w: 0.410783 (segment 0)[0m
[0m[ INFO] [1748153596.622806189]: Received reference trajectory - x: -31.958031, y: -127.832123, phi: 0.000000, v: 89.319977, w: 0.000000, line_no: -1[0m
[0m[ INFO] [1748153596.671825073]: [1748153596.672] Robot state - x: 0.060195, y: -0.055906, phi: -0.473431[0m
[0m[ INFO] [1748153596.671997716]: [1748153596.672] Reference trajectory - x: -0.031958, y: -0.127832, phi: 0.000000, v: 0.089320, w: 0.000000[0m
[0m[ INFO] [1748153596.672048629]: [1748153596.672] v: 0.174013, w: 0.367093 (segment 0)[0m
[0m[ INFO] [1748153596.722665650]: Received reference trajectory - x: -34.156075, y: -136.624298, phi: 0.000000, v: 91.973053, w: 0.000000, line_no: -1[0m
[0m[ INFO] [1748153596.770362432]: [1748153596.770] Robot state - x: 0.068391, y: -0.060281, phi: -0.439614[0m
[0m[ INFO] [1748153596.770497346]: [1748153596.770] Reference trajectory - x: -0.034156, y: -0.136624, phi: 0.000000, v: 0.091973, w: 0.000000[0m
[0m[ INFO] [1748153596.770585796]: [1748153596.771] v: 0.183352, w: 0.323170 (segment 0)[0m
[0m[ INFO] [1748153596.822798044]: Received reference trajectory - x: -36.420044, y: -145.680176, phi: 0.000000, v: 94.591362, w: 0.000000, line_no: -1[0m
[0m[ INFO] [1748153596.871468570]: [1748153596.871] Robot state - x: 0.077092, y: -0.064554, phi: -0.405798[0m
[0m[ INFO] [1748153596.871573531]: [1748153596.872] Reference trajectory - x: -0.036420, y: -0.145680, phi: 0.000000, v: 0.094591, w: 0.000000[0m
[0m[ INFO] [1748153596.871624924]: [1748153596.872] v: 0.193143, w: 0.278572 (segment 0)[0m
[0m[ INFO] [1748153596.922702370]: Received reference trajectory - x: -38.744675, y: -154.978699, phi: 0.000000, v: 97.169861, w: 0.000000, line_no: -1[0m
[0m[ INFO] [1748153596.970163212]: [1748153596.970] Robot state - x: 0.086662, y: -0.068880, phi: -0.375739[0m
[0m[ INFO] [1748153596.970302222]: [1748153596.970] Reference trajectory - x: -0.038745, y: -0.154979, phi: 0.000000, v: 0.097170, w: 0.000000[0m
[0m[ INFO] [1748153596.970353231]: [1748153596.970] v: 0.203323, w: 0.236463 (segment 0)[0m
[0m[ INFO] [1748153597.025943294]: Received reference trajectory - x: -41.145077, y: -164.580307, phi: 0.000000, v: 99.725594, w: 0.000000, line_no: -1[0m
[0m[ INFO] [1748153597.081889779]: [1748153597.082] Robot state - x: 0.097501, y: -0.073322, phi: -0.341922[0m
[0m[ INFO] [1748153597.081986645]: [1748153597.082] Reference trajectory - x: -0.041145, y: -0.164580, phi: 0.000000, v: 0.099726, w: 0.000000[0m
[0m[ INFO] [1748153597.082035253]: [1748153597.082] v: 0.213994, w: 0.189142 (segment 0)[0m
[0m[ INFO] [1748153597.122607950]: Received reference trajectory - x: -43.581020, y: -174.324081, phi: 0.000000, v: 102.217438, w: 0.000000, line_no: -1[0m
[0m[ INFO] [1748153597.178833288]: [1748153597.178] Robot state - x: 0.109225, y: -0.077719, phi: -0.308106[0m
[0m[ INFO] [1748153597.179212878]: [1748153597.179] Reference trajectory - x: -0.043581, y: -0.174324, phi: 0.000000, v: 0.102217, w: 0.000000[0m
[0m[ INFO] [1748153597.179324880]: [1748153597.179] v: 0.225041, w: 0.140672 (segment 0)[0m
[0m[ INFO] [1748153597.224559861]: Received reference trajectory - x: -46.090965, y: -184.363861, phi: 0.000000, v: 104.686386, w: 0.000000, line_no: -1[0m
[0m[ INFO] [1748153597.274337253]: [1748153597.274] Robot state - x: 0.121458, y: -0.081892, phi: -0.281804[0m
[0m[ INFO] [1748153597.274550121]: [1748153597.274] Reference trajectory - x: -0.046091, y: -0.184364, phi: 0.000000, v: 0.104686, w: 0.000000[0m
[0m[ INFO] [1748153597.274606346]: [1748153597.275] v: 0.236697, w: 0.098728 (segment 0)[0m
[0m[ INFO] [1748153597.322839776]: Received reference trajectory - x: -48.658344, y: -194.633377, phi: 0.000000, v: 107.116341, w: 0.000000, line_no: -1[0m
[0m[ INFO] [1748153597.377705444]: [1748153597.377] Robot state - x: 0.134598, y: -0.085884, phi: -0.255502[0m
[0m[ INFO] [1748153597.377985096]: [1748153597.378] Reference trajectory - x: -0.048658, y: -0.194633, phi: 0.000000, v: 0.107116, w: 0.000000[0m
[0m[ INFO] [1748153597.378085162]: [1748153597.378] v: 0.248947, w: 0.055628 (segment 0)[0m
[0m[ INFO] [1748153597.423028683]: Received reference trajectory - x: -51.285023, y: -205.140091, phi: 0.000000, v: 109.509964, w: 0.000000, line_no: -1[0m
[0m[ INFO] [1748153597.484960450]: [1748153597.485] Robot state - x: 0.149396, y: -0.089959, phi: -0.229201[0m
[0m[ INFO] [1748153597.485119844]: [1748153597.485] Reference trajectory - x: -0.051285, y: -0.205140, phi: 0.000000, v: 0.109510, w: 0.000000[0m
[0m[ INFO] [1748153597.485169669]: [1748153597.485] v: 0.261753, w: 0.010455 (segment 0)[0m
[0m[ INFO] [1748153597.522670860]: Received reference trajectory - x: -53.969814, y: -215.879257, phi: 0.000000, v: 111.866943, w: 0.000000, line_no: -1[0m
[0m[ INFO] [1748153597.571000804]: [1748153597.571] Robot state - x: 0.164682, y: -0.093768, phi: -0.206656[0m
[0m[ INFO] [1748153597.571139142]: [1748153597.571] Reference trajectory - x: -0.053970, y: -0.215879, phi: 0.000000, v: 0.111867, w: 0.000000[0m
[0m[ INFO] [1748153597.571296041]: [1748153597.571] v: 0.275161, w: -0.031813 (segment 0)[0m
[0m[ INFO] [1748153597.622858646]: Received reference trajectory - x: -56.711830, y: -226.847321, phi: 0.000000, v: 114.187225, w: 0.000000, line_no: -1[0m
[0m[ INFO] [1748153597.674517253]: [1748153597.674] Robot state - x: 0.180256, y: -0.097232, phi: -0.185991[0m
[0m[ INFO] [1748153597.674654887]: [1748153597.675] Reference trajectory - x: -0.056712, y: -0.226847, phi: 0.000000, v: 0.114187, w: 0.000000[0m
[0m[ INFO] [1748153597.674748072]: [1748153597.675] v: 0.289198, w: -0.072748 (segment 0)[0m
[0m[ INFO] [1748153597.722555608]: Received reference trajectory - x: -59.508327, y: -238.033310, phi: 0.000000, v: 116.469299, w: 0.000000, line_no: -1[0m
[0m[ INFO] [1748153597.770156260]: [1748153597.770] Robot state - x: 0.197489, y: -0.100659, phi: -0.165325[0m
[0m[ INFO] [1748153597.770252614]: [1748153597.770] Reference trajectory - x: -0.059508, y: -0.238033, phi: 0.000000, v: 0.116469, w: 0.000000[0m
[0m[ INFO] [1748153597.770343943]: [1748153597.770] v: 0.303893, w: -0.115759 (segment 0)[0m
[0m[ INFO] [1748153597.823314956]: Received reference trajectory - x: -62.363701, y: -249.454803, phi: 0.000000, v: 118.717369, w: 0.000000, line_no: -1[0m
[0m[ INFO] [1748153597.873686565]: [1748153597.874] Robot state - x: 0.216171, y: -0.104030, phi: -0.150295[0m
[0m[ INFO] [1748153597.873801191]: [1748153597.874] Reference trajectory - x: -0.062364, y: -0.249455, phi: 0.000000, v: 0.118717, w: 0.000000[0m
[0m[ INFO] [1748153597.873847848]: [1748153597.874] v: 0.319248, w: -0.155217 (segment 0)[0m
[0m[ INFO] [1748153597.922716105]: Received reference trajectory - x: -65.267090, y: -261.068359, phi: 0.000000, v: 120.923683, w: 0.000000, line_no: -1[0m
[0m[ INFO] [1748153597.971413415]: [1748153597.971] Robot state - x: 0.237111, y: -0.107382, phi: -0.137145[0m
[0m[ INFO] [1748153597.971549545]: [1748153597.972] Reference trajectory - x: -0.065267, y: -0.261068, phi: 0.000000, v: 0.120924, w: 0.000000[0m
[0m[ INFO] [1748153597.971693548]: [1748153597.972] v: 0.335353, w: -0.195658 (segment 0)[0m
[0m[ INFO] [1748153598.024476973]: Received reference trajectory - x: -68.228378, y: -272.913513, phi: 0.000000, v: 123.096481, w: 0.000000, line_no: -1[0m
[0m[ INFO] [1748153598.080124189]: [1748153598.080] Robot state - x: 0.259094, y: -0.110584, phi: -0.125872[0m
[0m[ INFO] [1748153598.080234431]: [1748153598.080] Reference trajectory - x: -0.068228, y: -0.272914, phi: 0.000000, v: 0.123096, w: 0.000000[0m
[0m[ INFO] [1748153598.080283103]: [1748153598.080] v: 0.352133, w: -0.235740 (segment 0)[0m
[0m[ INFO] [1748153598.122766072]: Received reference trajectory - x: -71.238159, y: -284.952637, phi: 0.000000, v: 125.229477, w: 0.000000, line_no: -1[0m
[0m[ INFO] [1748153598.171312435]: [1748153598.171] Robot state - x: 0.283120, y: -0.113762, phi: -0.114600[0m
[0m[ INFO] [1748153598.171934590]: [1748153598.172] Reference trajectory - x: -0.071238, y: -0.284953, phi: 0.000000, v: 0.125229, w: 0.000000[0m
[0m[ INFO] [1748153598.172154497]: [1748153598.172] v: 0.369654, w: -0.278423 (segment 0)[0m
[0m[ INFO] [1748153598.224144437]: Received reference trajectory - x: -74.302574, y: -297.210297, phi: 0.000000, v: 127.327690, w: 0.000000, line_no: -1[0m
[0m[ INFO] [1748153598.274588816]: [1748153598.274] Robot state - x: 0.307773, y: -0.116811, phi: -0.108964[0m
[0m[ INFO] [1748153598.274686514]: [1748153598.275] Reference trajectory - x: -0.074303, y: -0.297210, phi: 0.000000, v: 0.127328, w: 0.000000[0m
[0m[ INFO] [1748153598.274734002]: [1748153598.275] v: 0.387765, w: -0.316726 (segment 0)[0m
[0m[ INFO] [1748153598.322530786]: Received reference trajectory - x: -77.413765, y: -309.655060, phi: 0.000000, v: 129.386337, w: 0.000000, line_no: -1[0m
[0m[ INFO] [1748153598.378180242]: [1748153598.378] Robot state - x: 0.333460, y: -0.119719, phi: -0.105207[0m
[0m[ INFO] [1748153598.378378805]: [1748153598.378] Reference trajectory - x: -0.077414, y: -0.309655, phi: 0.000000, v: 0.129386, w: 0.000000[0m
[0m[ INFO] [1748153598.378476471]: [1748153598.378] v: 0.406531, w: -0.354716 (segment 0)[0m
[0m[ INFO] [1748153598.422742956]: Received reference trajectory - x: -80.576363, y: -322.305450, phi: 0.000000, v: 131.409180, w: 0.000000, line_no: -1[0m
[0m[ INFO] [1748153598.483367630]: [1748153598.483] Robot state - x: 0.360362, y: -0.122662, phi: -0.105207[0m
[0m[ INFO] [1748153598.483515376]: [1748153598.483] Reference trajectory - x: -0.080576, y: -0.322305, phi: 0.000000, v: 0.131409, w: 0.000000[0m
[0m[ INFO] [1748153598.483567281]: [1748153598.484] v: 0.425881, w: -0.390853 (segment 0)[0m
[0m[ INFO] [1748153598.522645874]: Received reference trajectory - x: -83.787003, y: -335.148010, phi: 0.000000, v: 133.394562, w: 0.000000, line_no: -1[0m
[0m[ INFO] [1748153598.570379776]: [1748153598.570] Robot state - x: 0.389080, y: -0.125722, phi: -0.107085[0m
[0m[ INFO] [1748153598.570593667]: [1748153598.571] Reference trajectory - x: -0.083787, y: -0.335148, phi: 0.000000, v: 0.133395, w: 0.000000[0m
[0m[ INFO] [1748153598.570673221]: [1748153598.571] v: 0.445860, w: -0.427647 (segment 0)[0m
[0m[ INFO] [1748153598.626320053]: Received reference trajectory - x: -87.049919, y: -348.199677, phi: 0.000000, v: 135.345535, w: 0.000000, line_no: -1[0m
[0m[ INFO] [1748153598.677002547]: [1748153598.677] Robot state - x: 0.419194, y: -0.129016, phi: -0.114600[0m
[0m[ INFO] [1748153598.677153974]: [1748153598.677] Reference trajectory - x: -0.087050, y: -0.348200, phi: 0.000000, v: 0.135346, w: 0.000000[0m
[0m[ INFO] [1748153598.677227927]: [1748153598.677] v: 0.466329, w: -0.461084 (segment 0)[0m
[0m[ INFO] [1748153598.722634591]: Received reference trajectory - x: -90.353256, y: -361.413025, phi: 0.000000, v: 137.255630, w: 0.000000, line_no: -1[0m
[0m[ INFO] [1748153598.778740407]: [1748153598.779] Robot state - x: 0.449901, y: -0.132463, phi: -0.123994[0m
[0m[ INFO] [1748153598.778856025]: [1748153598.779] Reference trajectory - x: -0.090353, y: -0.361413, phi: 0.000000, v: 0.137256, w: 0.000000[0m
[0m[ INFO] [1748153598.778921882]: [1748153598.779] v: 0.487160, w: -0.493887 (segment 0)[0m
[0m[ INFO] [1748153598.824851370]: Received reference trajectory - x: -93.706444, y: -374.825775, phi: 0.000000, v: 139.130859, w: 0.000000, line_no: -1[0m
[0m[ INFO] [1748153598.873516968]: [1748153598.873] Robot state - x: 0.481784, y: -0.136285, phi: -0.133387[0m
[0m[ INFO] [1748153598.873641674]: [1748153598.874] Reference trajectory - x: -0.093706, y: -0.374826, phi: 0.000000, v: 0.139131, w: 0.000000[0m
[0m[ INFO] [1748153598.873692427]: [1748153598.874] v: 0.508333, w: -0.528579 (segment 0)[0m
[0m[ INFO] [1748153598.922859377]: Received reference trajectory - x: -97.101311, y: -388.405243, phi: 0.000000, v: 140.967178, w: 0.000000, line_no: -1[0m
[0m[ INFO] [1748153598.970659200]: [1748153598.971] Robot state - x: 0.516221, y: -0.140840, phi: -0.148417[0m
[0m[ INFO] [1748153598.970865924]: [1748153598.971] Reference trajectory - x: -0.097101, y: -0.388405, phi: 0.000000, v: 0.140967, w: 0.000000[0m
[0m[ INFO] [1748153598.970962437]: [1748153598.971] v: 0.529811, w: -0.561382 (segment 0)[0m
[0m[ INFO] [1748153599.024483282]: Received reference trajectory - x: -100.543434, y: -402.173737, phi: 0.000000, v: 142.768051, w: 0.000000, line_no: -1[0m
[0m[ INFO] [1748153599.078256804]: [1748153599.078] Robot state - x: 0.551404, y: -0.145898, phi: -0.167204[0m
[0m[ INFO] [1748153599.078771756]: [1748153599.079] Reference trajectory - x: -0.100543, y: -0.402174, phi: 0.000000, v: 0.142768, w: 0.000000[0m
[0m[ INFO] [1748153599.079004720]: [1748153599.079] v: 0.551452, w: -0.592082 (segment 0)[0m
[0m[ INFO] [1748153599.122580442]: Received reference trajectory - x: -104.026337, y: -416.105347, phi: 0.000000, v: 144.530579, w: 0.000000, line_no: -1[0m
[0m[ INFO] [1748153599.172127878]: [1748153599.171] Robot state - x: 0.587898, y: -0.151740, phi: -0.187869[0m
[0m[ INFO] [1748153599.172550605]: [1748153599.172] Reference trajectory - x: -0.104026, y: -0.416105, phi: 0.000000, v: 0.144531, w: 0.000000[0m
[0m[ INFO] [1748153599.172785009]: [1748153599.173] v: 0.573124, w: -0.623201 (segment 0)[0m
[0m[ INFO] [1748153599.222858853]: Received reference trajectory - x: -107.554642, y: -430.218567, phi: 0.000000, v: 146.257523, w: 0.000000, line_no: -1[0m
[0m[ INFO] [1748153599.270278254]: [1748153599.270] Robot state - x: 0.626456, y: -0.158696, phi: -0.210414[0m
[0m[ INFO] [1748153599.270436209]: [1748153599.270] Reference trajectory - x: -0.107555, y: -0.430219, phi: 0.000000, v: 0.146258, w: 0.000000[0m
[0m[ INFO] [1748153599.270516914]: [1748153599.270] v: 0.594736, w: -0.655686 (segment 0)[0m
[0m[ INFO] [1748153599.322764266]: Received reference trajectory - x: -11[0m[ INFO] [1748153590.722125208]: Reading trajectory coeffs[0m
[0m[ INFO] [1748153590.725862869]: Reading trajectory coeffs[0m
[0m[ INFO] [1748153590.725937846]: Reading trajectory coeffs[0m
[0m[ INFO] [1748153590.725983863]: Reading trajectory coeffs[0m
[0m[ INFO] [1748153590.726061272]: Reading trajectory coeffs[0m
1.119476, y: -444.477905, phi: 0.000000, v: 147.945023, w: 0.000000, line_no: -1[0m
[0m[ INFO] [1748153599.371473449]: [1748153599.371] Robot state - x: 0.666621, y: -0.166920, phi: -0.238594[0m
[0m[ INFO] [1748153599.371654060]: [1748153599.372] Reference trajectory - x: -0.111119, y: -0.444478, phi: 0.000000, v: 0.147945, w: 0.000000[0m
[0m[ INFO] [1748153599.371834671]: [1748153599.372] v: 0.616051, w: -0.685498 (segment 0)[0m
[0m[ INFO] [1748153599.422698704]: Received reference trajectory - x: -114.728271, y: -458.913086, phi: 0.000000, v: 149.597061, w: 0.000000, line_no: -1[0m
[0m[ INFO] [1748153599.472050137]: [1748153599.472] Robot state - x: 0.707565, y: -0.176310, phi: -0.268653[0m
[0m[ INFO] [1748153599.472151515]: [1748153599.472] Reference trajectory - x: -0.114728, y: -0.458913, phi: 0.000000, v: 0.149597, w: 0.000000[0m
[0m[ INFO] [1748153599.472240668]: [1748153599.472] v: 0.637005, w: -0.715336 (segment 0)[0m
[0m[ INFO] [1748153599.522850041]: Received reference trajectory - x: -118.375710, y: -473.502838, phi: 0.000000, v: 151.211548, w: 0.000000, line_no: -1[0m
[0m[ INFO] [1748153599.578029346]: [1748153599.578] Robot state - x: 0.749793, y: -0.187256, phi: -0.298712[0m
[0m[ INFO] [1748153599.578503049]: [1748153599.578] Reference trajectory - x: -0.118376, y: -0.473503, phi: 0.000000, v: 0.151212, w: 0.000000[0m
[0m[ INFO] [1748153599.578609803]: [1748153599.579] v: 0.657372, w: -0.747687 (segment 0)[0m
[0m[ INFO] [1748153587.288340970]: [I2C FOR MOTORS] Now launching this node in namespace: /asc[0m
[0m[ INFO] [1748153587.311194721]: [I2C FOR MOTORS] publish motor duty cycle requests from command line with: rostopic pub --once /asc/set_motor_duty_cycle asclinic_pkg/LeftRightFloat32 "{left: 10.1, right: 10.1}"[0m
[0m[ INFO] [1748153587.311360612]: [I2C FOR MOTORS] Successfully opened named /dev/i2c-1, with file descriptor = 10[0m
[0m[ INFO] [1748153587.311469189]: [I2C FOR MOTORS] Actual acceleration limit = 0.0003125%/ms (after conversation to "internal units")[0m
[0m[ INFO] [1748153587.311516070]: [I2C FOR MOTORS] Actual deceleration limit = 0.0015625%/ms (after conversation to "internal units")[0m
[0m[ INFO] [1748153587.311582439]: [I2C FOR MOTORS] Now initialising SMC with I2C address 13[0m
[0m[ INFO] [1748153587.332175417]: [I2C FOR MOTORS] Now initialising SMC with I2C address 14[0m
[0m[ INFO] [1748153587.351239346]: [I2C FOR MOTORS] Node initialisation complete[0m

[ARUCO DETECTOR] Camera properties upon initialisation:
CV_CAP_PROP_FRAME_HEIGHT : '480.0'
CV_CAP_PROP_FRAME_WIDTH :  '640.0'
CAP_PROP_FPS :             '30.0'
CAP_PROP_FOCUS :           '0.0'
CAP_PROP_AUTOFOCUS :       '0.0'
CAP_PROP_BRIGHTNESS :      '128.0'
CAP_PROP_CONTRAST :        '128.0'
CAP_PROP_SATURATION :      '128.0'
CAP_PROP_BUFFERSIZE :      '4.0'

[ARUCO DETECTOR] Camera properties upon initialisation:
CV_CAP_PROP_FRAME_HEIGHT : '1080.0'
CV_CAP_PROP_FRAME_WIDTH :  '1920.0'
CAP_PROP_FPS :             '5.0'
CAP_PROP_FOCUS :           '0.0'
CAP_PROP_AUTOFOCUS :       '0.0'
CAP_PROP_BRIGHTNESS :      '128.0'
CAP_PROP_CONTRAST :        '128.0'
CAP_PROP_SATURATION :      '128.0'
CAP_PROP_BUFFERSIZE :      '1.0'
[INFO] [1748153590.287064]: [ARUCO DETECTOR] As a double check of the camera properties set, a frame captured just now has dimensions = (1080, 1920, 3)
[INFO] [1748153590.416582]: [ARUCO DETECTOR] publish request from command line to save a single camera image using: rostopic pub --once /asc/request_save_image std_msgs/UInt32 1
[INFO] [1748153590.421399]: [ARUCO DETECTOR] Node initialisation complete
... logging to /home/asc/.ros/log/0725ea1e-3922-11f0-8573-d8c0a650f677/roslaunch-asc12-jetson-41306.log
Checking log directory for disk usage. This may take a while.
Press Ctrl-C to interrupt
Done checking log file disk usage. Usage is <1GB.
]2;/home/asc/ASClinic/catkin_ws/src/asclinic_pkg/launch/trajectory.launch
[1mstarted roslaunch server http://asc12-jetson:37133/[0m

SUMMARY
========

PARAMETERS
 * /asc/aruco_detector/aruco_detector_desired_camera_fps: 5
 * /asc/aruco_detector/aruco_detector_desired_camera_frame_height: 1080
 * /asc/aruco_detector/aruco_detector_desired_camera_frame_width: 1920
 * /asc/aruco_detector/aruco_detector_marker_size: 0.25
 * /asc/aruco_detector/aruco_detector_save_image_path: /home/asc/saved_c...
 * /asc/aruco_detector/aruco_detector_should_publish_camera_images: False
 * /asc/aruco_detector/aruco_detector_should_save_all_aruco_images: False
 * /asc/aruco_detector/aruco_detector_should_show_camera_images: False
 * /asc/aruco_detector/aruco_detector_usb_camera_device_number: 0
 * /asc/aruco_detector/aruco_detector_verbosity: 1
 * /asc/encoder_read_multi_threaded/delta_t_for_publishing_encoder_counts: 0.1
 * /asc/encoder_read_multi_threaded/encoder_events_to_monitor: rising
 * /asc/encoder_read_multi_threaded/encoder_read_verbosity: 1
 * /asc/encoder_read_multi_threaded/gpio_chip_number_for_encoder_lines: 1
 * /asc/encoder_read_multi_threaded/line_number_for_left_side_encoder_channel_a: 105
 * /asc/encoder_read_multi_threaded/line_number_for_left_side_encoder_channel_b: 106
 * /asc/encoder_read_multi_threaded/line_number_for_right_side_encoder_channel_a: 84
 * /asc/encoder_read_multi_threaded/line_number_for_right_side_encoder_channel_b: 130
 * /asc/encoder_read_multi_threaded/should_monitor_left_side_encoder_channel_a: True
 * /asc/encoder_read_multi_threaded/should_monitor_left_side_encoder_channel_b: False
 * /asc/encoder_read_multi_threaded/should_monitor_right_side_encoder_channel_a: True
 * /asc/encoder_read_multi_threaded/should_monitor_right_side_encoder_channel_b: False
 * /asc/i2c_for_motors/motor_driver_current_limit_in_milliamps: 5000
 * /asc/i2c_for_motors/motor_driver_left_side_multiplier: 1
 * /asc/i2c_for_motors/motor_driver_max_accel_limit_in_percent_per_millisecond: 0.04
 * /asc/i2c_for_motors/motor_driver_max_decel_limit_in_percent_per_millisecond: 0.16
 * /asc/i2c_for_motors/motor_driver_max_duty_cycle_limit_in_percent: 100.0
 * /asc/i2c_for_motors/motor_driver_right_side_multiplier: 1
 * /asc/i2c_for_motors/motor_driver_verbosity: 1
 * /rosdistro: noetic
 * /rosversion: 1.17.0

NODES
  /
    aruco_positioning (asclinic_pkg/aruco_positioning.py)
    kf_fusion_node (asclinic_pkg/KF.py)
    odomdelta (asclinic_pkg/odomdelta)
    trajectory_generator (asclinic_pkg/trajectory_generator_state_space)
    trajectory_tracker (asclinic_pkg/trajectory_tracker_state_space)
    velocity_PI_control (asclinic_pkg/velocity_PI_control)
  /asc/
    aruco_detector (asclinic_pkg/aruco_detector.py)
    encoder_read_multi_threaded (asclinic_pkg/encoder_read_multi_threaded)
    i2c_for_motors (asclinic_pkg/i2c_for_motors)

[1mROS_MASTER_URI=http://localhost:11311[0m
]2;/home/asc/ASClinic/catkin_ws/src/asclinic_pkg/launch/trajectory.launch http://localhost:11311
[1mprocess[asc/i2c_for_motors-1]: started with pid [41373][0m
[1mprocess[asc/encoder_read_multi_threaded-2]: started with pid [41374][0m
[1mprocess[odomdelta-3]: started with pid [41380][0m
[1mprocess[asc/aruco_detector-4]: started with pid [41398][0m
[1mprocess[aruco_positioning-5]: started with pid [41400][0m
[1mprocess[trajectory_tracker-6]: started with pid [41402][0m
[1mprocess[trajectory_generator-7]: started with pid [41411][0m
[1mprocess[velocity_PI_control-8]: started with pid [41422][0m
[1mprocess[kf_fusion_node-9]: started with pid [41433][0m
[kf_fusion_node-9] killing on exit
[trajectory_tracker-6] killing on exit
[trajectory_generator-7] killing on exit
[aruco_positioning-5] killing on exit
[asc/aruco_detector-4] killing on exit
[velocity_PI_control-8] killing on exit
[asc/encoder_read_multi_threaded-2] killing on exit
[asc/i2c_for_motors-1] killing on exit
[odomdelta-3] killing on exit
shutting down processing monitor...
... shutting down processing monitor complete
[1mdone[0m
