[0m[ INFO] [1748315801.000341036]: Loaded 2 segments of gains[0m
[0m[ INFO] [1748315801.000443533]: Segment 0:[0m
[0m[ INFO] [1748315801.000468078]:   K_x:[0m
[0m[ INFO] [1748315801.000524494]:     [1.87083, 2.47859e-16, -1.29773e-17][0m
[0m[ INFO] [1748315801.000573231]:     [-1.29773e-17, 3.07369, 2.08428][0m
[0m[ INFO] [1748315801.000597103]:   K_p:[0m
[0m[ INFO] [1748315801.000627023]:     [0.5, 4.0729e-17][0m
[0m[ INFO] [1748315801.000654256]:     [5.51293e-17, 0.5][0m
[0m[ INFO] [1748315801.000674224]: Segment 1:[0m
[0m[ INFO] [1748315801.000693424]:   K_x:[0m
[0m[ INFO] [1748315801.000721712]:     [-1.87083, -3.87637e-16, 1.43114e-16][0m
[0m[ INFO] [1748315801.000749489]:     [-5.19533e-16, -3.07369, 2.08428][0m
[0m[ INFO] [1748315801.000768273]:   K_p:[0m
[0m[ INFO] [1748315801.000793457]:     [-0.5, -1.2517e-16][0m
[0m[ INFO] [1748315801.000820178]:     [-2.50361e-16, -0.5][0m
[0m[ INFO] [1748315802.908852764]: [TRACKER] [1748315802.909] Robot state - x: 0.000000, y: 0.000000, phi: 0.000000[0m
[0m[ INFO] [1748315802.912380230]: [TRACKER] [1748315802.912] Reference trajectory - x: 0.000000, y: 0.000000, phi: 0.000000, v: 0.000000, w: 0.000000, line_no: 0[0m
[0m[ INFO] [1748315803.007951304]: [TRACKER] [1748315803.008] Robot state - x: 0.000000, y: 0.000000, phi: 0.000000[0m
[0m[ INFO] [1748315803.008110730]: [TRACKER] [1748315803.008] Reference trajectory - x: 0.000000, y: 0.000000, phi: 0.000000, v: 0.000000, w: 0.000000, line_no: 0[0m
[0m[ INFO] [1748315803.108239682]: [TRACKER] [1748315803.108] Robot state - x: 0.000000, y: 0.000000, phi: 0.000000[0m
[0m[ INFO] [1748315803.108348323]: [TRACKER] [1748315803.108] Reference trajectory - x: 0.000000, y: 0.000000, phi: 0.000000, v: 0.000000, w: 0.000000, line_no: 0[0m
[0m[ INFO] [1748315803.208039798]: [TRACKER] [1748315803.208] Robot state - x: 0.000000, y: 0.000000, phi: 0.000000[0m
[0m[ INFO] [1748315803.208166360]: [TRACKER] [1748315803.208] Reference trajectory - x: 0.000000, y: 0.000000, phi: 0.000000, v: 0.000000, w: 0.000000, line_no: 0[0m
[0m[ INFO] [1748315803.307338501]: [TRACKER] [1748315803.307] Robot state - x: 0.000000, y: 0.000000, phi: 0.000000[0m
[0m[ INFO] [1748315803.307474886]: [TRACKER] [1748315803.307] Reference trajectory - x: 0.000000, y: 0.000000, phi: 0.000000, v: 0.000000, w: 0.000000, line_no: 0[0m
[0m[ INFO] [1748315803.407995587]: [TRACKER] [1748315803.408] Robot state - x: 0.000000, y: 0.000000, phi: 0.000000[0m
[0m[ INFO] [1748315803.408109700]: [TRACKER] [1748315803.408] Reference trajectory - x: 0.000000, y: 0.000000, phi: 0.000000, v: 0.000000, w: 0.000000, line_no: 0[0m
[0m[ INFO] [1748315803.508165819]: [TRACKER] [1748315803.508] Robot state - x: 0.000000, y: 0.000000, phi: 0.000000[0m
[0m[ INFO] [1748315803.508275933]: [TRACKER] [1748315803.508] Reference trajectory - x: 0.000000, y: 0.000000, phi: 0.000000, v: 0.000000, w: 0.000000, line_no: 0[0m
[0m[ INFO] [1748315803.607934959]: [TRACKER] [1748315803.608] Robot state - x: 0.000000, y: 0.000000, phi: 0.000000[0m
[0m[ INFO] [1748315803.608039792]: [TRACKER] [1748315803.608] Reference trajectory - x: 0.000000, y: 0.000000, phi: 0.000000, v: 0.000000, w: 0.000000, line_no: 0[0m
[0m[ INFO] [1748315803.707444000]: [TRACKER] [1748315803.707] Robot state - x: 0.000000, y: 0.000000, phi: 0.000000[0m
[0m[ INFO] [1748315803.707605378]: [TRACKER] [1748315803.708] Reference trajectory - x: 0.000000, y: 0.000000, phi: 0.000000, v: 0.000000, w: 0.000000, line_no: 0[0m
[0m[ INFO] [1748315803.810054901]: [TRACKER] [1748315803.809] Robot state - x: 0.000000, y: 0.000000, phi: 0.000000[0m
[0m[ INFO] [1748315803.810173751]: [TRACKER] [1748315803.810] Reference trajectory - x: 0.000000, y: 0.000000, phi: 0.000000, v: 0.000000, w: 0.000000, line_no: 0[0m
[0m[ INFO] [1748315803.907825265]: [TRACKER] [1748315803.908] Robot state - x: 0.000000, y: 0.000000, phi: 0.000000[0m
[0m[ INFO] [1748315803.907931123]: [TRACKER] [1748315803.908] Reference trajectory - x: 0.000000, y: 0.000000, phi: 0.000000, v: 0.000000, w: 0.000000, line_no: 0[0m
[0m[ INFO] [1748315804.008347086]: [TRACKER] [1748315804.008] Robot state - x: 0.000000, y: 0.000000, phi: 0.000000[0m
[0m[ INFO] [1748315804.008583793]: [TRACKER] [1748315804.008] Reference trajectory - x: 0.000000, y: 0.000000, phi: 0.000000, v: 0.000000, w: 0.000000, line_no: 0[0m
[0m[ INFO] [1748315804.108614344]: [TRACKER] [1748315804.108] Robot state - x: 0.000000, y: 0.000000, phi: 0.000000[0m
[0m[ INFO] [1748315804.108748329]: [TRACKER] [1748315804.109] Reference trajectory - x: 0.000000, y: 0.000000, phi: 0.000000, v: 0.000000, w: 0.000000, line_no: 0[0m
[0m[ INFO] [1748315804.207738868]: [TRACKER] [1748315804.208] Robot state - x: 0.000000, y: 0.000000, phi: 0.000000[0m
[0m[ INFO] [1748315804.207839925]: [TRACKER] [1748315804.208] Reference trajectory - x: 0.000000, y: 0.000000, phi: 0.000000, v: 0.000000, w: 0.000000, line_no: 0[0m
[0m[ INFO] [1748315804.307813387]: [TRACKER] [1748315804.308] Robot state - x: 0.000000, y: 0.000000, phi: 0.000000[0m
[0m[ INFO] [1748315804.307987533]: [TRACKER] [1748315804.308] Reference trajectory - x: 0.000000, y: 0.000000, phi: 0.000000, v: 0.000000, w: 0.000000, line_no: 0[0m
[0m[ INFO] [1748315804.407844834]: [TRACKER] [1748315804.408] Robot state - x: 0.000000, y: 0.000000, phi: 0.000000[0m
[0m[ INFO] [1748315804.407987236]: [TRACKER] [1748315804.408] Reference trajectory - x: 0.000000, y: 0.000000, phi: -1.815142, v: 0.000000, w: 0.000000, line_no: 0[0m
[0m[ INFO] [1748315804.508341823]: [TRACKER] [1748315804.508] Robot state - x: 0.000000, y: 0.000000, phi: 0.000000[0m
[0m[ INFO] [1748315804.508504865]: [TRACKER] [1748315804.508] Reference trajectory - x: 0.000000, y: 0.000000, phi: -1.815142, v: 0.000000, w: 0.000000, line_no: 0[0m
[0m[ INFO] [1748315804.607971313]: [TRACKER] [1748315804.608] Robot state - x: 0.000000, y: 0.000000, phi: 0.000000[0m
[0m[ INFO] [1748315804.608147315]: [TRACKER] [1748315804.608] Reference trajectory - x: 0.000000, y: 0.000000, phi: -1.815142, v: 0.000000, w: 0.000000, line_no: 0[0m
[0m[ INFO] [1748315804.708186442]: [TRACKER] [1748315804.708] Robot state - x: 0.000000, y: 0.000000, phi: 0.000000[0m
[0m[ INFO] [1748315804.708328939]: [TRACKER] [1748315804.708] Reference trajectory - x: 0.000000, y: 0.000000, phi: -1.815142, v: 0.000000, w: 0.000000, line_no: 0[0m
[0m[ INFO] [1748315804.808538180]: [TRACKER] [1748315804.808] Robot state - x: -0.000202, y: 0.000000, phi: -0.001879[0m
[0m[ INFO] [1748315804.808753767]: [TRACKER] [1748315804.809] Reference trajectory - x: 0.000000, y: 0.000000, phi: -1.815142, v: 0.000000, w: 0.000000, line_no: 0[0m
[0m[ INFO] [1748315804.907783090]: [TRACKER] [1748315804.908] Robot state - x: -0.000202, y: 0.000000, phi: -0.020666[0m
[0m[ INFO] [1748315804.907993685]: [TRACKER] [1748315804.908] Reference trajectory - x: 0.000000, y: 0.000000, phi: -1.815142, v: 0.000000, w: 0.000000, line_no: 0[0m
[0m[ INFO] [1748315805.008558258]: [TRACKER] [1748315805.008] Robot state - x: 0.000404, y: -0.000009, phi: -0.048846[0m
[0m[ INFO] [1748315805.008723220]: [TRACKER] [1748315805.009] Reference trajectory - x: 0.000000, y: 0.000000, phi: -1.815142, v: 0.000000, w: 0.000000, line_no: 0[0m
[0m[ INFO] [1748315805.107878016]: [TRACKER] [1748315805.108] Robot state - x: 0.000404, y: -0.000009, phi: -0.093935[0m
[0m[ INFO] [1748315805.108190468]: [TRACKER] [1748315805.108] Reference trajectory - x: 0.000000, y: 0.000000, phi: -1.815142, v: 0.000000, w: 0.000000, line_no: 0[0m
[0m[ INFO] [1748315805.207897975]: [TRACKER] [1748315805.208] Robot state - x: 0.000001, y: 0.000024, phi: -0.161568[0m
[0m[ INFO] [1748315805.207997688]: [TRACKER] [1748315805.208] Reference trajectory - x: 0.000000, y: 0.000000, phi: -1.815142, v: 0.000000, w: 0.000000, line_no: 0[0m
[0m[ INFO] [1748315805.309034395]: [TRACKER] [1748315805.309] Robot state - x: -0.000199, y: 0.000049, phi: -0.223565[0m
[0m[ INFO] [1748315805.309153116]: [TRACKER] [1748315805.309] Reference trajectory - x: 0.000000, y: 0.000000, phi: -1.815142, v: 0.000000, w: 0.000000, line_no: 0[0m
[0m[ INFO] [1748315805.407626849]: [TRACKER] [1748315805.408] Robot state - x: -0.000199, y: 0.000049, phi: -0.287440[0m
[0m[ INFO] [1748315805.407907140]: [TRACKER] [1748315805.408] Reference trajectory - x: 0.000000, y: 0.000000, phi: -1.815142, v: 0.000000, w: 0.000000, line_no: 0[0m
[0m[ INFO] [1748315805.508374208]: [TRACKER] [1748315805.508] Robot state - x: -0.000394, y: 0.000100, phi: -0.353194[0m
[0m[ INFO] [1748315805.508498338]: [TRACKER] [1748315805.508] Reference trajectory - x: 0.000000, y: 0.000000, phi: -1.815142, v: 0.000000, w: 0.000000, line_no: 0[0m
[0m[ INFO] [1748315805.607536781]: [TRACKER] [1748315805.607] Robot state - x: -0.000586, y: 0.000163, phi: -0.415191[0m
[0m[ INFO] [1748315805.607644654]: [TRACKER] [1748315805.608] Reference trajectory - x: 0.000000, y: 0.000000, phi: -1.815142, v: 0.000000, w: 0.000000, line_no: 0[0m
[0m[ INFO] [1748315805.707957704]: [TRACKER] [1748315805.708] Robot state - x: -0.000586, y: 0.000163, phi: -0.479067[0m
[0m[ INFO] [1748315805.708093322]: [TRACKER] [1748315805.708] Reference trajectory - x: 0.000000, y: 0.000000, phi: -1.815142, v: 0.000000, w: 0.000000, line_no: 0[0m
[0m[ INFO] [1748315805.807918110]: [TRACKER] [1748315805.808] Robot state - x: -0.000768, y: 0.000251, phi: -0.544821[0m
[0m[ INFO] [1748315805.808027295]: [TRACKER] [1748315805.808] Reference trajectory - x: 0.000000, y: 0.000000, phi: -1.815142, v: 0.000000, w: 0.000000, line_no: 0[0m
[0m[ INFO] [1748315805.907389839]: [TRACKER] [1748315805.907] Robot state - x: -0.000944, y: 0.000350, phi: -0.610575[0m
[0m[ INFO] [1748315805.907500848]: [TRACKER] [1748315805.907] Reference trajectory - x: 0.000000, y: 0.000000, phi: -1.815142, v: 0.000000, w: 0.000000, line_no: 0[0m
[0m[ INFO] [1748315806.008065037]: [TRACKER] [1748315806.008] Robot state - x: -0.001114, y: 0.000460, phi: -0.676330[0m
[0m[ INFO] [1748315806.008239503]: [TRACKER] [1748315806.008] Reference trajectory - x: 0.000000, y: 0.000000, phi: -1.815142, v: 0.000000, w: 0.000000, line_no: 0[0m
[0m[ INFO] [1748315806.108434504]: [TRACKER] [1748315806.108] Robot state - x: -0.001437, y: 0.000702, phi: -0.740205[0m
[0m[ INFO] [1748315806.108552681]: [TRACKER] [1748315806.109] Reference trajectory - x: 0.000000, y: 0.000000, phi: -1.815142, v: 0.000000, w: 0.000000, line_no: 0[0m
[0m[ INFO] [1748315806.207781463]: [TRACKER] [1748315806.208] Robot state - x: -0.001437, y: 0.000702, phi: -0.804081[0m
[0m[ INFO] [1748315806.207928920]: [TRACKER] [1748315806.208] Reference trajectory - x: 0.000000, y: 0.000000, phi: -1.815142, v: 0.000000, w: 0.000000, line_no: 0[0m
[0m[ INFO] [1748315806.307250471]: [TRACKER] [1748315806.307] Robot state - x: -0.001582, y: 0.000843, phi: -0.862320[0m
[0m[ INFO] [1748315806.307342888]: [TRACKER] [1748315806.307] Reference trajectory - x: 0.000000, y: 0.000000, phi: -1.815142, v: 0.000000, w: 0.000000, line_no: 0[0m
[0m[ INFO] [1748315806.407429535]: [TRACKER] [1748315806.407] Robot state - x: -0.001582, y: 0.000843, phi: -0.918681[0m
[0m[ INFO] [1748315806.407591553]: [TRACKER] [1748315806.408] Reference trajectory - x: 0.000000, y: 0.000000, phi: -1.815142, v: 0.000000, w: 0.000000, line_no: 0[0m
[0m[ INFO] [1748315806.507798458]: [TRACKER] [1748315806.508] Robot state - x: -0.001835, y: 0.001157, phi: -0.978799[0m
[0m[ INFO] [1748315806.507958524]: [TRACKER] [1748315806.508] Reference trajectory - x: 0.000000, y: 0.000000, phi: -1.815142, v: 0.000000, w: 0.000000, line_no: 0[0m
[0m[ INFO] [1748315806.607252202]: [TRACKER] [1748315806.607] Robot state - x: -0.001835, y: 0.001157, phi: -1.035160[0m
[0m[ INFO] [1748315806.607392812]: [TRACKER] [1748315806.607] Reference trajectory - x: 0.000000, y: 0.000000, phi: -1.815142, v: 0.000000, w: 0.000000, line_no: 0[0m
[0m[ INFO] [1748315806.709376634]: [TRACKER] [1748315806.709] Robot state - x: -0.001835, y: 0.001157, phi: -1.087763[0m
[0m[ INFO] [1748315806.709499227]: [TRACKER] [1748315806.709] Reference trajectory - x: 0.000000, y: 0.000000, phi: -1.815142, v: 0.000000, w: 0.000000, line_no: 0[0m
[0m[ INFO] [1748315806.807254583]: [TRACKER] [1748315806.807] Robot state - x: -0.001835, y: 0.001157, phi: -1.140367[0m
[0m[ INFO] [1748315806.807921599]: [TRACKER] [1748315806.808] Reference trajectory - x: 0.000000, y: 0.000000, phi: -1.815142, v: 0.000000, w: 0.000000, line_no: 0[0m
[0m[ INFO] [1748315806.907733203]: [TRACKER] [1748315806.908] Robot state - x: -0.001835, y: 0.001157, phi: -1.189213[0m
[0m[ INFO] [1748315806.907886741]: [TRACKER] [1748315806.908] Reference trajectory - x: 0.000000, y: 0.000000, phi: -1.815142, v: 0.000000, w: 0.000000, line_no: 0[0m
[0m[ INFO] [1748315807.007628169]: [TRACKER] [1748315807.008] Robot state - x: -0.001915, y: 0.001343, phi: -1.239937[0m
[0m[ INFO] [1748315807.007774538]: [TRACKER] [1748315807.008] Reference trajectory - x: 0.000000, y: 0.000000, phi: -1.815142, v: 0.000000, w: 0.000000, line_no: 0[0m
[0m[ INFO] [1748315807.107591967]: [TRACKER] [1748315807.107] Robot state - x: -0.001915, y: 0.001343, phi: -1.285026[0m
[0m[ INFO] [1748315807.107694112]: [TRACKER] [1748315807.108] Reference trajectory - x: 0.000000, y: 0.000000, phi: -1.815142, v: 0.000000, w: 0.000000, line_no: 0[0m
[0m[ INFO] [1748315807.207871032]: [TRACKER] [1748315807.208] Robot state - x: -0.001977, y: 0.001535, phi: -1.328236[0m
[0m[ INFO] [1748315807.207964122]: [TRACKER] [1748315807.208] Reference trajectory - x: 0.000000, y: 0.000000, phi: -1.815142, v: 0.000000, w: 0.000000, line_no: 0[0m
[0m[ INFO] [1748315807.307688653]: [TRACKER] [1748315807.308] Robot state - x: -0.002029, y: 0.001730, phi: -1.371446[0m
[0m[ INFO] [1748315807.307819214]: [TRACKER] [1748315807.308] Reference trajectory - x: 0.000000, y: 0.000000, phi: -1.815142, v: 0.000000, w: 0.000000, line_no: 0[0m
[0m[ INFO] [1748315807.407432512]: [TRACKER] [1748315807.407] Robot state - x: -0.002118, y: 0.002124, phi: -1.412777[0m
[0m[ INFO] [1748315807.407553154]: [TRACKER] [1748315807.408] Reference trajectory - x: 0.000000, y: 0.000000, phi: -1.815142, v: 0.000000, w: 0.000000, line_no: 0[0m
[0m[ INFO] [1748315807.507528472]: [TRACKER] [1748315807.507] Robot state - x: -0.002118, y: 0.002124, phi: -1.454109[0m
[0m[ INFO] [1748315807.507686138]: [TRACKER] [1748315807.508] Reference trajectory - x: 0.000000, y: 0.000000, phi: -1.815142, v: 0.000000, w: 0.000000, line_no: 0[0m
[0m[ INFO] [1748315807.607152682]: [TRACKER] [1748315807.607] Robot state - x: -0.002174, y: 0.002524, phi: -1.491682[0m
[0m[ INFO] [1748315807.607303468]: [TRACKER] [1748315807.607] Reference trajectory - x: -0.000179, y: -0.000715, phi: -1.815775, v: 0.014688, w: 0.000000, line_no: 0[0m
[0m[ INFO] [1748315807.707782152]: [TRACKER] [1748315807.708] Robot state - x: -0.002174, y: 0.002524, phi: -1.529256[0m
[0m[ INFO] [1748315807.707898089]: [TRACKER] [1748315807.708] Reference trajectory - x: -0.000710, y: -0.002840, phi: -1.815775, v: 0.029086, w: 0.000000, line_no: 0[0m
[0m[ INFO] [1748315807.810230107]: [TRACKER] [1748315807.810] Robot state - x: -0.002174, y: 0.002524, phi: -1.563073[0m
[0m[ INFO] [1748315807.810352188]: [TRACKER] [1748315807.810] Reference trajectory - x: -0.001587, y: -0.006349, phi: -1.815775, v: 0.043190, w: 0.000000, line_no: 0[0m
[0m[ INFO] [1748315807.909105700]: [TRACKER] [1748315807.909] Robot state - x: -0.002179, y: 0.002726, phi: -1.602525[0m
[0m[ INFO] [1748315807.909204965]: [TRACKER] [1748315807.909] Reference trajectory - x: -0.002802, y: -0.011210, phi: -1.815775, v: 0.056991, w: 0.000000, line_no: 0[0m
[0m[ INFO] [1748315808.007472232]: [TRACKER] [1748315808.007] Robot state - x: -0.002185, y: 0.002322, phi: -1.651371[0m
[0m[ INFO] [1748315808.007608745]: [TRACKER] [1748315808.008] Reference trajectory - x: -0.004350, y: -0.017400, phi: -1.815775, v: 0.070506, w: 0.000000, line_no: 0[0m
[0m[ INFO] [1748315808.107573951]: [TRACKER] [1748315808.107] Robot state - x: -0.002321, y: -0.000097, phi: -1.700217[0m
[0m[ INFO] [1748315808.107692257]: [TRACKER] [1748315808.108] Reference trajectory - x: -0.006220, y: -0.024879, phi: -1.815775, v: 0.083708, w: 0.000000, line_no: 0[0m
[0m[ INFO] [1748315808.209675630]: [TRACKER] [1748315808.210] Robot state - x: -0.002654, y: -0.003312, phi: -1.745306[0m
[0m[ INFO] [1748315808.209972530]: [TRACKER] [1748315808.210] Reference trajectory - x: -0.008407, y: -0.033630, phi: -1.815775, v: 0.096624, w: 0.000000, line_no: 0[0m
[0m[ INFO] [1748315808.309955240]: [TRACKER] [1748315808.310] Robot state - x: -0.003250, y: -0.007307, phi: -1.782880[0m
[0m[ INFO] [1748315808.310043753]: [TRACKER] [1748315808.310] Reference trajectory - x: -0.010927, y: -0.043706, phi: -1.815775, v: 0.109344, w: 0.000000, line_no: 0[0m
[0m[ INFO] [1748315808.407905287]: [TRACKER] [1748315808.408] Robot state - x: -0.003984, y: -0.011073, phi: -1.818575[0m
[0m[ INFO] [1748315808.408023304]: [TRACKER] [1748315808.408] Reference trajectory - x: -0.013706, y: -0.054824, phi: -1.815775, v: 0.121569, w: 0.000000, line_no: 0[0m
[0m[ INFO] [1748315808.507381655]: [TRACKER] [1748315808.507] Robot state - x: -0.004958, y: -0.015201, phi: -1.858028[0m
[0m[ INFO] [1748315808.507495864]: [TRACKER] [1748315808.507] Reference trajectory - x: -0.016799, y: -0.067194, phi: -1.815775, v: 0.133583, w: 0.000000, line_no: 0[0m
[0m[ INFO] [1748315808.607650064]: [TRACKER] [1748315808.608] Robot state - x: -0.006079, y: -0.019291, phi: -1.897480[0m
[0m[ INFO] [1748315808.607758866]: [TRACKER] [1748315808.608] Reference trajectory - x: -0.020181, y: -0.080724, phi: -1.815775, v: 0.145309, w: 0.000000, line_no: 0[0m
[0m[ INFO] [1748315808.707630759]: [TRACKER] [1748315808.708] Robot state - x: -0.007483, y: -0.023719, phi: -1.936933[0m
[0m[ INFO] [1748315808.707776008]: [TRACKER] [1748315808.708] Reference trajectory - x: -0.023846, y: -0.095384, phi: -1.815775, v: 0.156743, w: 0.000000, line_no: 0[0m
[0m[ INFO] [1748315808.807492828]: [TRACKER] [1748315808.807] Robot state - x: -0.009068, y: -0.028085, phi: -1.980143[0m
[0m[ INFO] [1748315808.807591133]: [TRACKER] [1748315808.808] Reference trajectory - x: -0.027782, y: -0.111126, phi: -1.815775, v: 0.167871, w: 0.000000, line_no: 0[0m
[0m[ INFO] [1748315808.907427057]: [TRACKER] [1748315808.907] Robot state - x: -0.010825, y: -0.032385, phi: -2.023353[0m
[0m[ INFO] [1748315808.907576787]: [TRACKER] [1748315808.908] Reference trajectory - x: -0.031987, y: -0.127947, phi: -1.815775, v: 0.178711, w: 0.000000, line_no: 0[0m
[0m[ INFO] [1748315809.007515849]: [TRACKER] [1748315809.007] Robot state - x: -0.012925, y: -0.036977, phi: -2.062805[0m
[0m[ INFO] [1748315809.007616586]: [TRACKER] [1748315809.008] Reference trajectory - x: -0.036448, y: -0.145793, phi: -1.815775, v: 0.189246, w: 0.000000, line_no: 0[0m
[0m[ INFO] [1748315809.107573600]: [TRACKER] [1748315809.107] Robot state - x: -0.015923, y: -0.042929, phi: -2.090986[0m
[0m[ INFO] [1748315809.107675169]: [TRACKER] [1748315809.108] Reference trajectory - x: -0.041164, y: -0.164655, phi: -1.815775, v: 0.199490, w: 0.000000, line_no: 0[0m
[0m[ INFO] [1748315809.207805081]: [TRACKER] [1748315809.208] Robot state - x: -0.019165, y: -0.048752, phi: -2.122923[0m
[0m[ INFO] [1748315809.207909786]: [TRACKER] [1748315809.208] Reference trajectory - x: -0.046122, y: -0.184489, phi: -1.815775, v: 0.209433, w: 0.000000, line_no: 0[0m
[0m[ INFO] [1748315809.307625517]: [TRACKER] [1748315809.308] Robot state - x: -0.022776, y: -0.054829, phi: -2.154861[0m
[0m[ INFO] [1748315809.307724431]: [TRACKER] [1748315809.308] Reference trajectory - x: -0.051320, y: -0.205281, phi: -1.815775, v: 0.219083, w: 0.000000, line_no: 0[0m
[0m[ INFO] [1748315809.407495650]: [TRACKER] [1748315809.407] Robot state - x: -0.026671, y: -0.060968, phi: -2.181163[0m
[0m[ INFO] [1748315809.407657348]: [TRACKER] [1748315809.408] Reference trajectory - x: -0.056746, y: -0.226986, phi: -1.815775, v: 0.228432, w: 0.000000, line_no: 0[0m
[0m[ INFO] [1748315809.507894173]: [TRACKER] [1748315809.508] Robot state - x: -0.031226, y: -0.067640, phi: -2.211222[0m
[0m[ INFO] [1748315809.508064127]: [TRACKER] [1748315809.508] Reference trajectory - x: -0.062398, y: -0.249593, phi: -1.815775, v: 0.237488, w: 0.000000, line_no: 0[0m
[0m[ INFO] [1748315809.610936664]: [TRACKER] [1748315809.611] Robot state - x: -0.036401, y: -0.074863, phi: -2.233766[0m
[0m[ INFO] [1748315809.611032121]: [TRACKER] [1748315809.611] Reference trajectory - x: -0.068267, y: -0.273068, phi: -1.815775, v: 0.246249, w: 0.000000, line_no: 0[0m
[0m[ INFO] [1748315809.707245955]: [TRACKER] [1748315809.707] Robot state - x: -0.042036, y: -0.082250, phi: -2.256310[0m
[0m[ INFO] [1748315809.707458949]: [TRACKER] [1748315809.707] Reference trajectory - x: -0.074342, y: -0.297367, phi: -1.815775, v: 0.254708, w: 0.000000, line_no: 0[0m
[0m[ INFO] [1748315809.808352518]: [TRACKER] [1748315809.808] Robot state - x: -0.048074, y: -0.089834, phi: -2.275098[0m
[0m[ INFO] [1748315809.808457319]: [TRACKER] [1748315809.808] Reference trajectory - x: -0.080616, y: -0.322466, phi: -1.815775, v: 0.262869, w: 0.000000, line_no: 0[0m
[0m[ INFO] [1748315809.907481010]: [TRACKER] [1748315809.907] Robot state - x: -0.054540, y: -0.097590, phi: -2.293885[0m
[0m[ INFO] [1748315809.907611476]: [TRACKER] [1748315809.908] Reference trajectory - x: -0.087088, y: -0.348352, phi: -1.815775, v: 0.270736, w: 0.000000, line_no: 0[0m
[0m[ INFO] [1748315810.007427848]: [TRACKER] [1748315810.007] Robot state - x: -0.061819, y: -0.105980, phi: -2.314550[0m
[0m[ INFO] [1748315810.007548458]: [TRACKER] [1748315810.007] Reference trajectory - x: -0.093747, y: -0.374987, phi: -1.815775, v: 0.278306, w: 0.000000, line_no: 0[0m
[0m[ INFO] [1748315810.107400542]: [TRACKER] [1748315810.107] Robot state - x: -0.069652, y: -0.114690, phi: -2.333337[0m
[0m[ INFO] [1748315810.107574208]: [TRACKER] [1748315810.107] Reference trajectory - x: -0.100586, y: -0.402345, phi: -1.815775, v: 0.285580, w: 0.000000, line_no: 0[0m
[0m[ INFO] [1748315810.207596375]: [TRACKER] [1748315810.208] Robot state - x: -0.077940, y: -0.123530, phi: -2.352124[0m
[0m[ INFO] [1748315810.207688024]: [TRACKER] [1748315810.208] Reference trajectory - x: -0.107598, y: -0.430394, phi: -1.815775, v: 0.292557, w: 0.000000, line_no: 0[0m
[0m[ INFO] [1748315810.307500588]: [TRACKER] [1748315810.307] Robot state - x: -0.086094, y: -0.131939, phi: -2.367153[0m
[0m[ INFO] [1748315810.307599406]: [TRACKER] [1748315810.308] Reference trajectory - x: -0.114775, y: -0.459101, phi: -1.815775, v: 0.299237, w: 0.000000, line_no: 0[0m
[0m[ INFO] [1748315810.407305473]: [TRACKER] [1748315810.407] Robot state - x: -0.095839, y: -0.141616, phi: -2.382183[0m
[0m[ INFO] [1748315810.407402946]: [TRACKER] [1748315810.407] Reference trajectory - x: -0.122110, y: -0.488441, phi: -1.815775, v: 0.305619, w: 0.000000, line_no: 0[0m
[0m[ INFO] [1748315810.508599526]: [TRACKER] [1748315810.508] Robot state - x: -0.106328, y: -0.151687, phi: -2.400970[0m
[0m[ INFO] [1748315810.508756168]: [TRACKER] [1748315810.509] Reference trajectory - x: -0.129600, y: -0.518401, phi: -1.815775, v: 0.311707, w: 0.000000, line_no: 0[0m
[0m[ INFO] [1748315810.607403471]: [TRACKER] [1748315810.607] Robot state - x: -0.117125, y: -0.161726, phi: -2.421636[0m
[0m[ INFO] [1748315810.607502736]: [TRACKER] [1748315810.607] Reference trajectory - x: -0.137228, y: -0.548910, phi: -1.815775, v: 0.317493, w: 0.000000, line_no: 0[0m
[0m[ INFO] [1748315810.707633416]: [TRACKER] [1748315810.708] Robot state - x: -0.128870, y: -0.172224, phi: -2.444180[0m
[0m[ INFO] [1748315810.707750857]: [TRACKER] [1748315810.708] Reference trajectory - x: -0.144996, y: -0.579982, phi: -1.815775, v: 0.322986, w: 0.000000, line_no: 0[0m
[0m[ INFO] [1748315810.807623774]: [TRACKER] [1748315810.808] Robot state - x: -0.141280, y: -0.182882, phi: -2.464846[0m
[0m[ INFO] [1748315810.807742079]: [TRACKER] [1748315810.808] Reference trajectory - x: -0.152892, y: -0.611566, phi: -1.815775, v: 0.328180, w: 0.000000, line_no: 0[0m
[0m[ INFO] [1748315810.907549364]: [TRACKER] [1748315810.907] Robot state - x: -0.154093, y: -0.193374, phi: -2.487390[0m
[0m[ INFO] [1748315810.907666677]: [TRACKER] [1748315810.908] Reference trajectory - x: -0.160912, y: -0.643650, phi: -1.815775, v: 0.333079, w: 0.000000, line_no: 0[0m
[0m[ INFO] [1748315811.009269438]: [TRACKER] [1748315811.009] Robot state - x: -0.167924, y: -0.204210, phi: -2.511813[0m
[0m[ INFO] [1748315811.009370591]: [TRACKER] [1748315811.009] Reference trajectory - x: -0.169047, y: -0.676188, phi: -1.815775, v: 0.337681, w: 0.000000, line_no: 0[0m
[0m[ INFO] [1748315811.107445983]: [TRACKER] [1748315811.107] Robot state - x: -0.183592, y: -0.215970, phi: -2.532478[0m
[0m[ INFO] [1748315811.107573825]: [TRACKER] [1748315811.108] Reference trajectory - x: -0.177292, y: -0.709166, phi: -1.815775, v: 0.341986, w: 0.000000, line_no: 0[0m
[0m[ INFO] [1748315811.208259903]: [TRACKER] [1748315811.208] Robot state - x: -0.200090, y: -0.227618, phi: -2.562537[0m
[0m[ INFO] [1748315811.208358368]: [TRACKER] [1748315811.208] Reference trajectory - x: -0.185632, y: -0.742528, phi: -1.815775, v: 0.345993, w: 0.000000, line_no: 0[0m
[0m[ INFO] [1748315811.307613934]: [TRACKER] [1748315811.308] Robot state - x: -0.217830, y: -0.239601, phi: -2.592597[0m
[0m[ INFO] [1748315811.307710223]: [TRACKER] [1748315811.308] Reference trajectory - x: -0.194072, y: -0.776289, phi: -1.815775, v: 0.349705, w: 0.000000, line_no: 0[0m
[0m[ INFO] [1748315811.407993033]: [TRACKER] [1748315811.408] Robot state - x: -0.236263, y: -0.251261, phi: -2.622656[0m
[0m[ INFO] [1748315811.408142955]: [TRACKER] [1748315811.408] Reference trajectory - x: -0.202595, y: -0.810381, phi: -1.815775, v: 0.353119, w: 0.000000, line_no: 0[0m
[0m[ INFO] [1748315811.507314007]: [TRACKER] [1748315811.507] Robot state - x: -0.256592, y: -0.263306, phi: -2.650836[0m
[0m[ INFO] [1748315811.507464281]: [TRACKER] [1748315811.507] Reference trajectory - x: -0.211196, y: -0.844783, phi: -1.815775, v: 0.356235, w: 0.000000, line_no: 0[0m
[0m[ INFO] [1748315811.608708510]: [TRACKER] [1748315811.609] Robot state - x: -0.278922, y: -0.275510, phi: -2.688410[0m
[0m[ INFO] [1748315811.608857280]: [TRACKER] [1748315811.609] Reference trajectory - x: -0.219870, y: -0.879481, phi: -1.815775, v: 0.359055, w: 0.000000, line_no: 0[0m
[0m[ INFO] [1748315811.707762154]: [TRACKER] [1748315811.708] Robot state - x: -0.303530, y: -0.288158, phi: -2.720348[0m
[0m[ INFO] [1748315811.707862539]: [TRACKER] [1748315811.708] Reference trajectory - x: -0.228610, y: -0.914441, phi: -1.815775, v: 0.361579, w: 0.000000, line_no: 0[0m
[0m[ INFO] [1748315811.807596862]: [TRACKER] [1748315811.807] Robot state - x: -0.329395, y: -0.300070, phi: -2.763558[0m
[0m[ INFO] [1748315811.807750528]: [TRACKER] [1748315811.808] Reference trajectory - x: -0.237408, y: -0.949633, phi: -1.815775, v: 0.363806, w: 0.000000, line_no: 0[0m
[0m[ INFO] [1748315811.907810967]: [TRACKER] [1748315811.908] Robot state - x: -0.357466, y: -0.311988, phi: -2.803010[0m
[0m[ INFO] [1748315811.907970457]: [TRACKER] [1748315811.908] Reference trajectory - x: -0.246256, y: -0.985023, phi: -1.815775, v: 0.365735, w: 0.000000, line_no: 0[0m
[0m[ INFO] [1748315812.007235399]: [TRACKER] [1748315812.007] Robot state - x: -0.388851, y: -0.323775, phi: -2.840584[0m
[0m[ INFO] [1748315812.007420585]: [TRACKER] [1748315812.007] Reference trajectory - x: -0.255148, y: -1.020590, phi: -1.815775, v: 0.367368, w: 0.000000, line_no: 0[0m
[0m[ INFO] [1748315812.107428447]: [TRACKER] [1748315812.107] Robot state - x: -0.422796, y: -0.334981, phi: -2.880037[0m
[0m[ INFO] [1748315812.107579425]: [TRACKER] [1748315812.108] Reference trajectory - x: -0.264072, y: -1.056290, phi: -1.815775, v: 0.368704, w: 0.000000, line_no: 0[0m
[0m[ INFO] [1748315812.209465230]: [TRACKER] [1748315812.209] Robot state - x: -0.459486, y: -0.345508, phi: -2.923247[0m
[0m[ INFO] [1748315812.209557167]: [TRACKER] [1748315812.210] Reference trajectory - x: -0.273028, y: -1.092112, phi: -1.815775, v: 0.369743, w: 0.000000, line_no: 0[0m
[0m[ INFO] [1748315812.307470029]: [TRACKER] [1748315812.307] Robot state - x: -0.499720, y: -0.355271, phi: -2.970214[0m
[0m[ INFO] [1748315812.307627471]: [TRACKER] [1748315812.308] Reference trajectory - x: -0.282006, y: -1.128023, phi: -1.815775, v: 0.370486, w: 0.000000, line_no: 0[0m
[0m[ INFO] [1748315812.411023885]: [TRACKER] [1748315812.411] Robot state - x: -0.543492, y: -0.363996, phi: -3.013424[0m
[0m[ INFO] [1748315812.411201231]: [TRACKER] [1748315812.411] Reference trajectory - x: -0.291002, y: -1.164008, phi: -1.815775, v: 0.370931, w: 0.000000, line_no: 0[0m
[0m[ INFO] [1748315812.508265123]: [TRACKER] [1748315812.508] Robot state - x: -0.590627, y: -0.371064, phi: -3.058513[0m
[0m[ INFO] [1748315812.508425573]: [TRACKER] [1748315812.508] Reference trajectory - x: -0.300015, y: -1.200059, phi: -1.815775, v: 0.371080, w: 0.000000, line_no: 0[0m
[0m[ INFO] [1748315812.608195128]: [TRACKER] [1748315812.608] Robot state - x: -0.641835, y: -0.376541, phi: -3.101722[0m
[0m[ INFO] [1748315812.608322394]: [TRACKER] [1748315812.608] Reference trajectory - x: -0.308996, y: -1.235985, phi: -1.815775, v: 0.370931, w: 0.000000, line_no: 0[0m
[0m[ INFO] [1748315812.707873387]: [TRACKER] [1748315812.708] Robot state - x: -0.697070, y: -0.379889, phi: 3.136374[0m
[0m[ INFO] [1748315812.708045901]: [TRACKER] [1748315812.708] Reference trajectory - x: -0.317988, y: -1.271951, phi: -1.815775, v: 0.370486, w: 0.000000, line_no: 0[0m
[0m[ INFO] [1748315812.808285734]: [TRACKER] [1748315812.808] Robot state - x: -0.756032, y: -0.381021, phi: 3.095043[0m
[0m[ INFO] [1748315812.808407336]: [TRACKER] [1748315812.808] Reference trajectory - x: -0.326967, y: -1.307867, phi: -1.815775, v: 0.369744, w: 0.000000, line_no: 0[0m
[0m[ INFO] [1748315812.908243676]: [TRACKER] [1748315812.908] Robot state - x: -0.820442, y: -0.379657, phi: 3.063105[0m
[0m[ INFO] [1748315812.908413662]: [TRACKER] [1748315812.908] Reference trajectory - x: -0.335925, y: -1.343699, phi: -1.815775, v: 0.368704, w: 0.000000, line_no: 0[0m
[0m[ INFO] [1748315813.007513610]: [TRACKER] [1748315813.007] Robot state - x: -0.886963, y: -0.375555, phi: 3.033046[0m
[0m[ INFO] [1748315813.007610859]: [TRACKER] [1748315813.008] Reference trajectory - x: -0.344848, y: -1.379393, phi: -1.815775, v: 0.367369, w: 0.000000, line_no: 0[0m
[0m[ INFO] [1748315813.107630274]: [TRACKER] [1748315813.108] Robot state - x: -0.958728, y: -0.368620, phi: 2.997351[0m
[0m[ INFO] [1748315813.107784676]: [TRACKER] [1748315813.108] Reference trajectory - x: -0.353737, y: -1.414946, phi: -1.815775, v: 0.365737, w: 0.000000, line_no: 0[0m
[0m[ INFO] [1748315813.208180191]: [TRACKER] [1748315813.208] Robot state - x: -1.034539, y: -0.359637, phi: 2.978564[0m
[0m[ INFO] [1748315813.208304128]: [TRACKER] [1748315813.208] Reference trajectory - x: -0.362585, y: -1.450339, phi: -1.815775, v: 0.363807, w: 0.000000, line_no: 0[0m
[0m[ INFO] [1748315813.307665167]: [TRACKER] [1748315813.308] Robot state - x: -1.113972, y: -0.347337, phi: 2.959777[0m
[0m[ INFO] [1748315813.307764048]: [TRACKER] [1748315813.308] Reference trajectory - x: -0.371383, y: -1.485534, phi: -1.815775, v: 0.361580, w: 0.000000, line_no: 0[0m
[0m[ INFO] [1748315813.407741350]: [TRACKER] [1748315813.408] Robot state - x: -1.195041, y: -0.332590, phi: 2.925961[0m
[0m[ INFO] [1748315813.407835399]: [TRACKER] [1748315813.408] Reference trajectory - x: -0.380120, y: -1.520482, phi: -1.815775, v: 0.359058, w: 0.000000, line_no: 0[0m
[0m[ INFO] [1748315813.507652476]: [TRACKER] [1748315813.508] Robot state - x: -1.279564, y: -0.315486, phi: 2.890265[0m
[0m[ INFO] [1748315813.507776573]: [TRACKER] [1748315813.508] Reference trajectory - x: -0.388797, y: -1.555188, phi: -1.815775, v: 0.356237, w: 0.000000, line_no: 0[0m
[0m[ INFO] [1748315813.607537457]: [TRACKER] [1748315813.607] Robot state - x: -1.369219, y: -0.294431, phi: 2.860206[0m
[0m[ INFO] [1748315813.607634034]: [TRACKER] [1748315813.608] Reference trajectory - x: -0.397399, y: -1.589596, phi: -1.815775, v: 0.353121, w: 0.000000, line_no: 0[0m
[0m[ INFO] [1748315813.708295472]: [TRACKER] [1748315813.708] Robot state - x: -1.461619, y: -0.269407, phi: 2.833905[0m
[0m[ INFO] [1748315813.708530003]: [TRACKER] [1748315813.708] Reference trajectory - x: -0.405923, y: -1.623693, phi: -1.815775, v: 0.349707, w: 0.000000, line_no: 0[0m
[0m[ INFO] [1748315813.807561150]: [TRACKER] [1748315813.807] Robot state - x: -1.550183, y: -0.242722, phi: 2.811360[0m
[0m[ INFO] [1748315813.807681119]: [TRACKER] [1748315813.808] Reference trajectory - x: -0.414369, y: -1.657476, phi: -1.815775, v: 0.345992, w: 0.000000, line_no: 0[0m
[0m[ INFO] [1748315813.907669334]: [TRACKER] [1748315813.908] Robot state - x: -1.648816, y: -0.210355, phi: 2.792573[0m
[0m[ INFO] [1748315813.907766487]: [TRACKER] [1748315813.908] Reference trajectory - x: -0.422730, y: -1.690920, phi: -1.815775, v: 0.341975, w: 0.000000, line_no: 0[0m
[0m[ INFO] [1748315814.007973296]: [TRACKER] [1748315814.007] Robot state - x: -1.735382, y: -0.180135, phi: 2.781301[0m
[0m[ INFO] [1748315814.008102225]: [TRACKER] [1748315814.008] Reference trajectory - x: -0.430946, y: -1.723785, phi: -1.815775, v: 0.337684, w: 0.000000, line_no: 0[0m
[0m[ INFO] [1748315814.107488384]: [TRACKER] [1748315814.107] Robot state - x: -1.829500, y: -0.144677, phi: 2.758757[0m
[0m[ INFO] [1748315814.107584897]: [TRACKER] [1748315814.108] Reference trajectory - x: -0.439080, y: -1.756322, phi: -1.815775, v: 0.333084, w: 0.000000, line_no: 0[0m
[0m[ INFO] [1748315814.213665695]: [TRACKER] [1748315814.214] Robot state - x: -1.921286, y: -0.109902, phi: 2.754999[0m
[0m[ INFO] [1748315814.213824705]: [TRACKER] [1748315814.214] Reference trajectory - x: -0.455042, y: -1.820170, phi: -1.815775, v: 0.322960, w: 0.000000, line_no: 0[0m
[0m[ INFO] [1748315814.307639247]: [TRACKER] [1748315814.308] Robot state - x: -2.022374, y: -0.070621, phi: 2.779423[0m
[0m[ INFO] [1748315814.307737968]: [TRACKER] [1748315814.308] Reference trajectory - x: -0.455042, y: -1.820170, phi: -1.815775, v: 0.322960, w: 0.000000, line_no: 0[0m
[0m[ INFO] [1748315814.407723110]: [TRACKER] [1748315814.408] Robot state - x: -2.125411, y: -0.031913, phi: 2.833905[0m
[0m[ INFO] [1748315814.407821575]: [TRACKER] [1748315814.408] Reference trajectory - x: -0.462765, y: -1.851061, phi: -1.815775, v: 0.317499, w: 0.000000, line_no: 0[0m
[0m[ INFO] [1748315814.507329240]: [TRACKER] [1748315814.507] Robot state - x: -2.230820, y: 0.004996, phi: 2.884629[0m
[0m[ INFO] [1748315814.507455769]: [TRACKER] [1748315814.507] Reference trajectory - x: -0.470396, y: -1.881584, phi: -1.815775, v: 0.311710, w: 0.000000, line_no: 0[0m
[0m[ INFO] [1748315814.607393935]: [TRACKER] [1748315814.607] Robot state - x: -2.336203, y: 0.034601, phi: 2.952262[0m
[0m[ INFO] [1748315814.607536465]: [TRACKER] [1748315814.607] Reference trajectory - x: -0.477883, y: -1.911531, phi: -1.815775, v: 0.305624, w: 0.000000, line_no: 0[0m
[0m[ INFO] [1748315814.708524563]: [TRACKER] [1748315814.708] Robot state - x: -2.439135, y: 0.059182, phi: 2.997351[0m
[0m[ INFO] [1748315814.708636884]: [TRACKER] [1748315814.709] Reference trajectory - x: -0.485218, y: -1.940874, phi: -1.815775, v: 0.299242, w: 0.000000, line_no: 0[0m
[0m[ INFO] [1748315814.807252378]: [TRACKER] [1748315814.807] Robot state - x: -2.530718, y: 0.074777, phi: 3.038682[0m
[0m[ INFO] [1748315814.807712864]: [TRACKER] [1748315814.807] Reference trajectory - x: -0.492396, y: -1.969584, phi: -1.815775, v: 0.292563, w: 0.000000, line_no: 0[0m
[0m[ INFO] [1748315814.907543188]: [TRACKER] [1748315814.907] Robot state - x: -2.638839, y: 0.085533, phi: 3.128859[0m
[0m[ INFO] [1748315814.907670901]: [TRACKER] [1748315814.908] Reference trajectory - x: -0.499408, y: -1.997630, phi: -1.815775, v: 0.285586, w: 0.000000, line_no: 0[0m
[0m[ INFO] [1748315815.007605451]: [TRACKER] [1748315815.008] Robot state - x: -2.743682, y: 0.091602, phi: -3.064149[0m
[0m[ INFO] [1748315815.007772013]: [TRACKER] [1748315815.008] Reference trajectory - x: -0.506247, y: -2.024988, phi: -1.815775, v: 0.278313, w: 0.000000, line_no: 0[0m
[0m[ INFO] [1748315815.107730307]: [TRACKER] [1748315815.108] Robot state - x: -2.849680, y: 0.089068, phi: -2.990880[0m
[0m[ INFO] [1748315815.107853956]: [TRACKER] [1748315815.108] Reference trajectory - x: -0.512906, y: -2.051623, phi: -1.815775, v: 0.270743, w: 0.000000, line_no: 0[0m
[0m[ INFO] [1748315815.207701177]: [TRACKER] [1748315815.208] Robot state - x: -2.948641, y: 0.078106, phi: -2.925125[0m
[0m[ INFO] [1748315815.207841243]: [TRACKER] [1748315815.208] Reference trajectory - x: -0.519440, y: -2.077760, phi: -1.815775, v: 0.262798, w: 0.000000, line_no: 0[0m
[0m[ INFO] [1748315815.307718256]: [TRACKER] [1748315815.308] Robot state - x: -3.050073, y: 0.059075, phi: -2.855614[0m
[0m[ INFO] [1748315815.307849297]: [TRACKER] [1748315815.308] Reference trajectory - x: -0.525655, y: -2.102619, phi: -1.815775, v: 0.254713, w: 0.000000, line_no: 0[0m
[0m[ INFO] [1748315815.408634577]: [TRACKER] [1748315815.409] Robot state - x: -3.152260, y: 0.033156, phi: -2.791738[0m
[0m[ INFO] [1748315815.408731506]: [TRACKER] [1748315815.409] Reference trajectory - x: -0.531731, y: -2.126923, phi: -1.815775, v: 0.246252, w: 0.000000, line_no: 0[0m
[0m[ INFO] [1748315815.508399716]: [TRACKER] [1748315815.508] Robot state - x: -3.251954, y: 0.000141, phi: -2.724105[0m
[0m[ INFO] [1748315815.508508582]: [TRACKER] [1748315815.508] Reference trajectory - x: -0.537599, y: -2.150396, phi: -1.815775, v: 0.237492, w: 0.000000, line_no: 0[0m
[0m[ INFO] [1748315815.609657354]: [TRACKER] [1748315815.610] Robot state - x: -3.346190, y: -0.037797, phi: -2.658351[0m
[0m[ INFO] [1748315815.609751243]: [TRACKER] [1748315815.610] Reference trajectory - x: -0.543248, y: -2.172993, phi: -1.815775, v: 0.228441, w: 0.000000, line_no: 0[0m
[0m[ INFO] [1748315815.707865227]: [TRACKER] [1748315815.708] Robot state - x: -3.439572, y: -0.083599, phi: -2.581324[0m
[0m[ INFO] [1748315815.707963884]: [TRACKER] [1748315815.708] Reference trajectory - x: -0.548676, y: -2.194704, phi: -1.815775, v: 0.219089, w: 0.000000, line_no: 0[0m
[0m[ INFO] [1748315815.807853857]: [TRACKER] [1748315815.808] Robot state - x: -3.529936, y: -0.135098, phi: -2.511813[0m
[0m[ INFO] [1748315815.807975203]: [TRACKER] [1748315815.808] Reference trajectory - x: -0.553873, y: -2.215492, phi: -1.815775, v: 0.209442, w: 0.000000, line_no: 0[0m
[0m[ INFO] [1748315815.907908248]: [TRACKER] [1748315815.908] Robot state - x: -3.612407, y: -0.191600, phi: -2.431029[0m
[0m[ INFO] [1748315815.908015321]: [TRACKER] [1748315815.908] Reference trajectory - x: -0.558833, y: -2.235331, phi: -1.815775, v: 0.199498, w: 0.000000, line_no: 0[0m
[0m[ INFO] [1748315816.007842926]: [TRACKER] [1748315816.008] Robot state - x: -3.694871, y: -0.256955, phi: -2.350245[0m
[0m[ INFO] [1748315816.008014160]: [TRACKER] [1748315816.008] Reference trajectory - x: -0.563548, y: -2.254192, phi: -1.815775, v: 0.189255, w: 0.000000, line_no: 0[0m
[0m[ INFO] [1748315816.108139112]: [TRACKER] [1748315816.108] Robot state - x: -3.764740, y: -0.321802, phi: -2.275097[0m
[0m[ INFO] [1748315816.108256265]: [TRACKER] [1748315816.108] Reference trajectory - x: -0.568016, y: -2.272063, phi: -1.815775, v: 0.178704, w: 0.000000, line_no: 0[0m
[0m[ INFO] [1748315816.207769658]: [TRACKER] [1748315816.208] Robot state - x: -3.828814, y: -0.392107, phi: -2.194314[0m
[0m[ INFO] [1748315816.207865755]: [TRACKER] [1748315816.208] Reference trajectory - x: -0.572215, y: -2.288860, phi: -1.815775, v: 0.167880, w: 0.000000, line_no: 0[0m
[0m[ INFO] [1748315816.307506765]: [TRACKER] [1748315816.307] Robot state - x: -3.892154, y: -0.475622, phi: -2.083471[0m
[0m[ INFO] [1748315816.307598958]: [TRACKER] [1748315816.308] Reference trajectory - x: -0.576152, y: -2.304607, phi: -1.815775, v: 0.156750, w: 0.000000, line_no: 0[0m
[0m[ INFO] [1748315816.408043146]: [TRACKER] [1748315816.408] Robot state - x: -3.944081, y: -0.553385, phi: -2.013959[0m
[0m[ INFO] [1748315816.408163083]: [TRACKER] [1748315816.408] Reference trajectory - x: -0.579816, y: -2.319264, phi: -1.815775, v: 0.145319, w: 0.000000, line_no: 0[0m
[0m[ INFO] [1748315816.508172353]: [TRACKER] [1748315816.508] Robot state - x: -3.991968, y: -0.649340, phi: -1.914388[0m
[0m[ INFO] [17483158[INFO] [1748315803.752182]: Subscribed to /asc/at_plant
16.508290435]: [TRACKER] [1748315816.508] Reference trajectory - x: -0.583199, y: -2.332795, phi: -1.815775, v: 0.133594, w: 0.000000, line_no: 0[0m
[0m[ INFO] [1748315816.607655058]: [TRACKER] [1748315816.608] Robot state - x: -4.030393, y: -0.737680, phi: -1.848634[0m
[0m[ INFO] [1748315816.607749939]: [TRACKER] [1748315816.608] Reference trajectory - x: -0.586294, y: -2.345175, phi: -1.815775, v: 0.121570, w: 0.000000, line_no: 0[0m
[0m[ INFO] [1748315816.707843658]: [TRACKER] [1748315816.708] Robot state - x: -4.061134, y: -0.829830, phi: -1.805424[0m
[0m[ INFO] [1748315816.707942251]: [TRACKER] [1748315816.708] Reference trajectory - x: -0.589093, y: -2.356374, phi: -1.815775, v: 0.109250, w: 0.000000, line_no: 0[0m
[0m[ INFO] [1748315816.807752896]: [TRACKER] [1748315816.808] Robot state - x: -4.085650, y: -0.916713, phi: -1.799788[0m
[0m[ INFO] [1748315816.807845185]: [TRACKER] [1748315816.808] Reference trajectory - x: -0.591591, y: -2.366362, phi: -1.815775, v: 0.096635, w: 0.000000, line_no: 0[0m
[0m[ INFO] [1748315816.907603924]: [TRACKER] [1748315816.908] Robot state - x: -4.107413, y: -1.015527, phi: -1.764093[0m
[0m[ INFO] [1748315816.907729814]: [TRACKER] [1748315816.908] Reference trajectory - x: -0.593778, y: -2.375113, phi: -1.815775, v: 0.083722, w: 0.000000, line_no: 0[0m
[0m[ INFO] [1748315817.008697815]: [TRACKER] [1748315817.009] Robot state - x: -4.126922, y: -1.107389, phi: -1.724640[0m
[0m[ INFO] [1748315817.008792217]: [TRACKER] [1748315817.009] Reference trajectory - x: -0.595649, y: -2.382597, phi: -1.815775, v: 0.070512, w: 0.000000, line_no: 0[0m
[0m[ INFO] [1748315817.107555680]: [TRACKER] [1748315817.107] Robot state - x: -4.142086, y: -1.215184, phi: -1.617555[0m
[0m[ INFO] [1748315817.107711810]: [TRACKER] [1748315817.108] Reference trajectory - x: -0.597197, y: -2.388786, phi: -1.815775, v: 0.057001, w: 0.000000, line_no: 0[0m
[0m[ INFO] [1748315817.207885755]: [TRACKER] [1748315817.208] Robot state - x: -4.152756, y: -1.313771, phi: -1.525499[0m
[0m[ INFO] [1748315817.207981564]: [TRACKER] [1748315817.208] Reference trajectory - x: -0.598423, y: -2.393692, phi: -1.815775, v: 0.043053, w: 0.000000, line_no: 0[0m
[0m[ INFO] [1748315817.307861745]: [TRACKER] [1748315817.308] Robot state - x: -4.151557, y: -1.427467, phi: -1.410899[0m
[0m[ INFO] [1748315817.308027187]: [TRACKER] [1748315817.308] Reference trajectory - x: -0.599289, y: -2.397157, phi: -1.815775, v: 0.029098, w: 0.000000, line_no: 0[0m
[0m[ INFO] [1748315817.407928872]: [TRACKER] [1748315817.408] Robot state - x: -4.141649, y: -1.540333, phi: -1.326357[0m
[0m[ INFO] [1748315817.408034089]: [TRACKER] [1748315817.408] Reference trajectory - x: -0.599821, y: -2.399284, phi: -1.815775, v: 0.014702, w: 0.000000, line_no: 0[0m
[0m[ INFO] [1748315800.235435988]: [I2C FOR MOTORS] Now launching this node in namespace: /asc[0m
[0m[ INFO] [1748315800.260124374]: [I2C FOR MOTORS] publish motor duty cycle requests from command line with: rostopic pub --once /asc/set_motor_duty_cycle asclinic_pkg/LeftRightFloat32 "{left: 10.1, right: 10.1}"[0m
[0m[ INFO] [1748315800.260377049]: [I2C FOR MOTORS] Successfully opened named /dev/i2c-1, with file descriptor = 10[0m
[0m[ INFO] [1748315800.260567419]: [I2C FOR MOTORS] Actual acceleration limit = 0.0003125%/ms (after conversation to "internal units")[0m
[0m[ INFO] [1748315800.260760285]: [I2C FOR MOTORS] Actual deceleration limit = 0.0015625%/ms (after conversation to "internal units")[0m
[0m[ INFO] [1748315800.260936351]: [I2C FOR MOTORS] Now initialising SMC with I2C address 13[0m
[0m[ INFO] [1748315800.275206311]: [I2C FOR MOTORS] Now initialising SMC with I2C address 14[0m
[0m[ INFO] [1748315800.289319501]: [I2C FOR MOTORS] Node initialisation complete[0m
[0m[ INFO] [1748315800.198419137]: [I2C FOR SERVOS] Now launching this node in namespace: /asc[0m
[0m[ INFO] [1748315800.212903723]: [I2C FOR SERVOS] publish servo requests from command line with: rostopic pub --once /asc/set_servo_pulse_width asclinic_pkg/ServoPulseWidth "{channel: 15, pulse_width_in_microseconds: 1100}"[0m
[0m[ INFO] [1748315800.213217135]: [I2C FOR SERVOS] Successfully opened named /dev/i2c-8, with file descriptor = 10[0m
[0m[ INFO] [1748315800.228436610]: [I2C FOR SERVOS] Node initialisation complete[0m

[ARUCO DETECTOR] Camera properties upon initialisation:
CV_CAP_PROP_FRAME_HEIGHT : '480.0'
CV_CAP_PROP_FRAME_WIDTH :  '640.0'
CAP_PROP_FPS :             '30.0'
CAP_PROP_FOCUS :           '0.0'
CAP_PROP_AUTOFOCUS :       '0.0'
CAP_PROP_BRIGHTNESS :      '128.0'
CAP_PROP_CONTRAST :        '128.0'
CAP_PROP_SATURATION :      '128.0'
CAP_PROP_BUFFERSIZE :      '4.0'

[ARUCO DETECTOR] Camera properties upon initialisation:
CV_CAP_PROP_FRAME_HEIGHT : '1080.0'
CV_CAP_PROP_FRAME_WIDTH :  '1920.0'
CAP_PROP_FPS :             '5.0'
CAP_PROP_FOCUS :           '0.0'
CAP_PROP_AUTOFOCUS :       '0.0'
CAP_PROP_BRIGHTNESS :      '128.0'
CAP_PROP_CONTRAST :        '128.0'
CAP_PROP_SATURATION :      '128.0'
CAP_PROP_BUFFERSIZE :      '1.0'
[INFO] [1748315807.591570]: [ARUCO DETECTOR] As a double check of the camera properties set, a frame captured just now has dimensions = (1080, 1920, 3)
[INFO] [1748315807.596195]: [ARUCO DETECTOR] publish request from command line to save a single camera image using: rostopic pub --once /asc/request_save_image std_msgs/UInt32 1
[INFO] [1748315807.599807]: [ARUCO DETECTOR] Node initialisation complete
... logging to /home/asc/.ros/log/00102e78-3aa9-11f0-af43-d8c0a650f677/roslaunch-asc12-jetson-23667.log
Checking log directory for disk usage. This may take a while.
Press Ctrl-C to interrupt
Done checking log file disk usage. Usage is <1GB.
]2;/home/asc/ASClinic/catkin_ws/src/asclinic_pkg/launch/plant_detector.launch
[1mstarted roslaunch server http://asc12-jetson:38929/[0m

SUMMARY
========

PARAMETERS
 * /asc/aruco_detector/aruco_detector_desired_camera_fps: 5
 * /asc/aruco_detector/aruco_detector_desired_camera_frame_height: 1080
 * /asc/aruco_detector/aruco_detector_desired_camera_frame_width: 1920
 * /asc/aruco_detector/aruco_detector_marker_size: 0.25
 * /asc/aruco_detector/aruco_detector_save_image_path: /home/asc/saved_c...
 * /asc/aruco_detector/aruco_detector_should_publish_camera_images: False
 * /asc/aruco_detector/aruco_detector_should_save_all_aruco_images: False
 * /asc/aruco_detector/aruco_detector_should_show_camera_images: False
 * /asc/aruco_detector/aruco_detector_usb_camera_device_number: 0
 * /asc/aruco_detector/aruco_detector_verbosity: 1
 * /asc/encoder_read_multi_threaded/delta_t_for_publishing_encoder_counts: 0.1
 * /asc/encoder_read_multi_threaded/encoder_events_to_monitor: rising
 * /asc/encoder_read_multi_threaded/encoder_read_verbosity: 1
 * /asc/encoder_read_multi_threaded/gpio_chip_number_for_encoder_lines: 1
 * /asc/encoder_read_multi_threaded/line_number_for_left_side_encoder_channel_a: 105
 * /asc/encoder_read_multi_threaded/line_number_for_left_side_encoder_channel_b: 106
 * /asc/encoder_read_multi_threaded/line_number_for_right_side_encoder_channel_a: 84
 * /asc/encoder_read_multi_threaded/line_number_for_right_side_encoder_channel_b: 130
 * /asc/encoder_read_multi_threaded/should_monitor_left_side_encoder_channel_a: True
 * /asc/encoder_read_multi_threaded/should_monitor_left_side_encoder_channel_b: False
 * /asc/encoder_read_multi_threaded/should_monitor_right_side_encoder_channel_a: True
 * /asc/encoder_read_multi_threaded/should_monitor_right_side_encoder_channel_b: False
 * /asc/i2c_for_motors/motor_driver_current_limit_in_milliamps: 5000
 * /asc/i2c_for_motors/motor_driver_left_side_multiplier: 1
 * /asc/i2c_for_motors/motor_driver_max_accel_limit_in_percent_per_millisecond: 0.04
 * /asc/i2c_for_motors/motor_driver_max_decel_limit_in_percent_per_millisecond: 0.16
 * /asc/i2c_for_motors/motor_driver_max_duty_cycle_limit_in_percent: 100.0
 * /asc/i2c_for_motors/motor_driver_right_side_multiplier: 1
 * /asc/i2c_for_motors/motor_driver_verbosity: 1
 * /asc/i2c_for_servos/servo_driver_max_pulse_width_in_microseconds: 2500
 * /asc/i2c_for_servos/servo_driver_min_pulse_width_in_microseconds: 500
 * /asc/i2c_for_servos/servo_driver_pwm_frequency_in_hertz: 50
 * /asc/i2c_for_servos/servo_driver_verbosity: 1
 * /rosdistro: noetic
 * /rosversion: 1.17.0

NODES
  /
    aruco_positioning (asclinic_pkg/aruco_positioning.py)
    inference (asclinic_pkg/inference.py)
    kf_fusion_node (asclinic_pkg/KF.py)
    odomdelta (asclinic_pkg/odomdelta)
    plant_detector (asclinic_pkg/plant_detector_2.py)
    trajectory_generator (asclinic_pkg/trajectory_generator_state_space)
    trajectory_tracker (asclinic_pkg/trajectory_tracker_state_space)
    velocity_PI_control (asclinic_pkg/velocity_PI_control)
  /asc/
    aruco_detector (asclinic_pkg/aruco_detector.py)
    encoder_read_multi_threaded (asclinic_pkg/encoder_read_multi_threaded)
    i2c_for_motors (asclinic_pkg/i2c_for_motors)
    i2c_for_servos (asclinic_pkg/i2c_for_servos)

auto-starting new master
[1mprocess[master]: started with pid [23699][0m
[1mROS_MASTER_URI=http://localhost:11311[0m
]2;/home/asc/ASClinic/catkin_ws/src/asclinic_pkg/launch/plant_detector.launch http://localhost:11311
[1msetting /run_id to 00102e78-3aa9-11f0-af43-d8c0a650f677[0m
[1mprocess[rosout-1]: started with pid [23712][0m
started core service [/rosout]
[1mprocess[asc/i2c_for_servos-2]: started with pid [23719][0m
[1mprocess[asc/i2c_for_motors-3]: started with pid [23720][0m
[1mprocess[asc/encoder_read_multi_threaded-4]: started with pid [23726][0m
[1mprocess[odomdelta-5]: started with pid [23732][0m
[1mprocess[asc/aruco_detector-6]: started with pid [23742][0m
[1mprocess[aruco_positioning-7]: started with pid [23748][0m
[1mprocess[kf_fusion_node-8]: started with pid [23749][0m
[1mprocess[trajectory_tracker-9]: started with pid [23750][0m
[1mprocess[trajectory_generator-10]: started with pid [23758][0m
[1mprocess[velocity_PI_control-11]: started with pid [23766][0m
[1mprocess[inference-12]: started with pid [23772][0m
[1mprocess[plant_detector-13]: started with pid [23779][0m
[plant_detector-13] killing on exit
[inference-12] killing on exit
[velocity_PI_control-11] killing on exit
[trajectory_generator-10] killing on exit
[kf_fusion_node-8] killing on exit
[trajectory_tracker-9] killing on exit
[aruco_positioning-7] killing on exit
[asc/aruco_detector-6] killing on exit
[odomdelta-5] killing on exit
[asc/encoder_read_multi_threaded-4] killing on exit
[asc/i2c_for_motors-3] killing on exit
[asc/i2c_for_servos-2] killing on exit
[rosout-1] killing on exit
[master] killing on exit
shutting down processing monitor...
... shutting down processing monitor complete
[1mdone[0m
