[0m[ INFO] [1748136460.142812941]: K_x: [4.040000, 0.000000, 0.000000; 0.000000, 9.687000, 3.976000][0m
[0m[ INFO] [1748136460.143031212]: K_x: [1.701302, -0.000000, 0.000000; 0.000000, 2.776391, 1.914637][0m
[0m[ INFO] [1748136460.143066220]: K_p: [0.447214, 0.000000; 0.000000, 0.447214][0m
[0m[ INFO] [1748136461.853556110]: [1748136461.853] Robot state - x: 0.000000, y: 0.000000, phi: 0.000000[0m
[0m[ INFO] [1748136461.856688488]: [1748136461.857] Reference trajectory - x: 0.000000, y: 0.000000, phi: 0.000000, v: 0.000000, w: 0.000000[0m
[0m[ INFO] [1748136461.962385931]: [1748136461.962] Robot state - x: 0.000000, y: 0.000000, phi: 0.000000[0m
[0m[ INFO] [1748136461.962721867]: [1748136461.963] Reference trajectory - x: 0.000000, y: 0.000000, phi: 0.000000, v: 0.000000, w: 0.000000[0m
[0m[ INFO] [1748136462.056399142]: [1748136462.055] Robot state - x: 0.000000, y: 0.000000, phi: 0.000000[0m
[0m[ INFO] [1748136462.057189925]: [1748136462.057] Reference trajectory - x: 0.000000, y: 0.000000, phi: 0.000000, v: 0.000000, w: 0.000000[0m
[0m[ INFO] [1748136462.162034926]: [1748136462.162] Robot state - x: 0.000000, y: 0.000000, phi: 0.000000[0m
[0m[ INFO] [1748136462.162653101]: [1748136462.163] Reference trajectory - x: 0.000000, y: 0.000000, phi: 0.000000, v: 0.000000, w: 0.000000[0m
[0m[ INFO] [1748136462.261948609]: [1748136462.262] Robot state - x: 0.000000, y: 0.000000, phi: 0.000000[0m
[0m[ INFO] [1748136462.262452704]: [1748136462.262] Reference trajectory - x: 0.000000, y: 0.000000, phi: 0.000000, v: 0.000000, w: 0.000000[0m
[0m[ INFO] [1748136462.363633584]: [1748136462.363] Robot state - x: 0.000000, y: 0.000000, phi: 0.000000[0m
[0m[ INFO] [1748136462.363928431]: [1748136462.364] Reference trajectory - x: 0.000000, y: 0.000000, phi: 0.000000, v: 0.000000, w: 0.000000[0m
[0m[ INFO] [1748136462.462410340]: [1748136462.462] Robot state - x: 0.000000, y: 0.000000, phi: 0.000000[0m
[0m[ INFO] [1748136462.462829155]: [1748136462.463] Reference trajectory - x: 0.000000, y: 0.000000, phi: 0.000000, v: 0.000000, w: 0.000000[0m
[0m[ INFO] [1748136462.554041413]: [1748136462.554] Robot state - x: 0.000000, y: 0.000000, phi: 0.000000[0m
[0m[ INFO] [1748136462.554168644]: [1748136462.554] Reference trajectory - x: 0.000000, y: 0.000000, phi: 0.000000, v: 0.000000, w: 0.000000[0m
[0m[ INFO] [1748136462.665021988]: [1748136462.665] Robot state - x: 0.000000, y: 0.000000, phi: 0.000000[0m
[0m[ INFO] [1748136462.665391651]: [1748136462.665] Reference trajectory - x: 0.000000, y: 0.000000, phi: 0.000000, v: 0.000000, w: 0.000000[0m
[0m[ INFO] [1748136462.754874727]: [1748136462.754] Robot state - x: 0.000000, y: 0.000000, phi: 0.000000[0m
[0m[ INFO] [1748136462.755571494]: [1748136462.755] Reference trajectory - x: 0.000000, y: 0.000000, phi: 0.000000, v: 0.000000, w: 0.000000[0m
[0m[ INFO] [1748136462.854163227]: [1748136462.854] Robot state - x: 0.000000, y: 0.000000, phi: 0.000000[0m
[0m[ INFO] [1748136462.854266235]: [1748136462.854] Reference trajectory - x: 0.000000, y: 0.000000, phi: 0.000000, v: 0.000000, w: 0.000000[0m
[0m[ INFO] [1748136462.953959501]: [1748136462.954] Robot state - x: 0.000000, y: 0.000000, phi: 0.000000[0m
[0m[ INFO] [1748136462.954079661]: [1748136462.954] Reference trajectory - x: 0.000000, y: 0.000000, phi: 0.000000, v: 0.000000, w: 0.000000[0m
[0m[ INFO] [1748136463.053624931]: [1748136463.054] Robot state - x: 0.000000, y: 0.000000, phi: 0.000000[0m
[0m[ INFO] [1748136463.053736546]: [1748136463.054] Reference trajectory - x: 0.000000, y: 0.000000, phi: 0.000000, v: 0.000000, w: 0.000000[0m
[0m[ INFO] [1748136463.161740588]: [1748136463.161] Robot state - x: 0.000000, y: 0.000000, phi: 0.000000[0m
[0m[ INFO] [1748136463.162199979]: [1748136463.162] Reference trajectory - x: 0.000000, y: 0.000000, phi: 0.000000, v: 0.000000, w: 0.000000[0m
[0m[ INFO] [1748136463.266029372]: [1748136463.266] Robot state - x: 0.000000, y: 0.000000, phi: 0.000000[0m
[0m[ INFO] [1748136463.266141756]: [1748136463.266] Reference trajectory - x: 0.000000, y: 0.000000, phi: 0.000000, v: 0.000000, w: 0.000000[0m
[0m[ INFO] [1748136463.299820451]: Received reference trajectory - x: 0.000000, y: 0.000000, phi: 0.000000, v: 0.000064, w: 0.000000[0m
[0m[ INFO] [1748136463.354565638]: [1748136463.354] Robot state - x: 0.000000, y: 0.000000, phi: 0.000000[0m
[0m[ INFO] [1748136463.354722982]: [1748136463.355] Reference trajectory - x: 0.000000, y: 0.000000, phi: 0.000000, v: 0.000000, w: 0.000000[0m
[0m[ INFO] [1748136463.354860998]: [1748136463.355] v: 0.000000, w: 0.000000[0m
[0m[ INFO] [1748136463.395569921]: Received reference trajectory - x: 0.608263, y: 0.000000, phi: 0.000000, v: 12.681641, w: 0.000000[0m
[0m[ INFO] [1748136463.465852330]: [1748136463.465] Robot state - x: 0.000000, y: 0.000000, phi: 0.000000[0m
[0m[ INFO] [1748136463.466240586]: [1748136463.466] Reference trajectory - x: 0.000608, y: 0.000000, phi: 0.000000, v: 0.012682, w: 0.000000[0m
[0m[ INFO] [1748136463.466697097]: [1748136463.466] v: 0.013744, w: 0.000000[0m
[0m[ INFO] [1748136463.495642264]: Received reference trajectory - x: 2.531272, y: 0.000000, phi: 0.000000, v: 25.754147, w: 0.000000[0m
[0m[ INFO] [1748136463.562911238]: [1748136463.562] Robot state - x: 0.000000, y: 0.000000, phi: 0.000000[0m
[0m[ INFO] [1748136463.563350854]: [1748136463.563] Reference trajectory - x: 0.002531, y: 0.000000, phi: 0.000000, v: 0.025754, w: 0.000000[0m
[0m[ INFO] [1748136463.563549413]: [1748136463.563] v: 0.030201, w: 0.000000[0m
[0m[ INFO] [1748136463.597170157]: Received reference trajectory - x: 5.755658, y: 0.000000, phi: 0.000000, v: 38.659492, w: 0.000000[0m
[0m[ INFO] [1748136463.695442375]: Received reference trajectory - x: 10.256493, y: 0.000000, phi: 0.000000, v: 51.371895, w: 0.000000[0m
[0m[ INFO] [1748136463.795051262]: Received reference trajectory - x: 16.019777, y: 0.000000, phi: 0.000000, v: 63.908081, w: 0.000000[0m
[0m[ INFO] [1748136463.809123591]: [1748136463.809] Robot state - x: 0.000000, y: 0.000000, phi: 0.000000[0m
[0m[ INFO] [1748136463.809224774]: [1748136463.809] Reference trajectory - x: 0.016020, y: 0.000000, phi: 0.000000, v: 0.063908, w: 0.000000[0m
[0m[ INFO] [1748136463.809293446]: [1748136463.809] v: 0.092019, w: 0.000000[0m
[0m[ INFO] [1748136463.810179493]: [1748136463.810] Robot state - x: 0.000000, y: 0.000000, phi: 0.000000[0m
[0m[ INFO] [1748136463.810255845]: [1748136463.810] Reference trajectory - x: 0.016020, y: 0.000000, phi: 0.000000, v: 0.063908, w: 0.000000[0m
[0m[ INFO] [1748136463.810296965]: [1748136463.810] v: 0.092736, w: 0.000000[0m
[0m[ INFO] [1748136463.853635515]: [1748136463.854] Robot state - x: 0.000000, y: 0.000000, phi: 0.000000[0m
[0m[ INFO] [1748136463.853783067]: [1748136463.854] Reference trajectory - x: 0.016020, y: 0.000000, phi: 0.000000, v: 0.063908, w: 0.000000[0m
[0m[ INFO] [1748136463.853882939]: [1748136463.854] v: 0.093452, w: 0.000000[0m
[0m[ INFO] [1748136463.895237909]: Received reference trajectory - x: 23.030119, y: 0.000000, phi: 0.000000, v: 76.271126, w: 0.000000[0m
[0m[ INFO] [1748136463.954611473]: [1748136463.955] Robot state - x: 0.000202, y: 0.000000, phi: 0.001879[0m
[0m[ INFO] [1748136463.954770385]: [1748136463.955] Reference trajectory - x: 0.023030, y: 0.000000, phi: 0.000000, v: 0.076271, w: 0.000000[0m
[0m[ INFO] [1748136463.954906608]: [1748136463.955] v: 0.118419, w: -0.003598[0m
[0m[ INFO] [1748136463.996425258]: Received reference trajectory - x: 31.275198, y: 0.000000, phi: 0.000000, v: 88.466423, w: 0.000000[0m
[0m[ INFO] [1748136464.056094376]: [1748136464.055] Robot state - x: 0.000202, y: 0.000000, phi: 0.001879[0m
[0m[ INFO] [1748136464.056868487]: [1748136464.057] Reference trajectory - x: 0.031275, y: 0.000000, phi: 0.000000, v: 0.088466, w: 0.000000[0m
[0m[ INFO] [1748136464.057128998]: [1748136464.057] v: 0.146032, w: -0.003598[0m
[0m[ INFO] [1748136464.095392456]: Received reference trajectory - x: 40.722420, y: 0.000000, phi: 0.000000, v: 100.472427, w: 0.000000[0m
[0m[ INFO] [1748136464.154062119]: [1748136464.154] Robot state - x: 0.000606, y: 0.000001, phi: 0.001879[0m
[0m[ INFO] [1748136464.154345479]: [1748136464.154] Reference trajectory - x: 0.040722, y: 0.000000, phi: 0.000000, v: 0.100472, w: 0.000000[0m
[0m[ INFO] [1748136464.154423463]: [1748136464.154] v: 0.175217, w: -0.003600[0m
[0m[ INFO] [1748136464.195262404]: Received reference trajectory - x: 51.357380, y: 0.000000, phi: 0.000000, v: 112.296700, w: 0.000000[0m
[0m[ INFO] [1748136464.263359892]: [1748136464.263] Robot state - x: 0.006059, y: 0.000016, phi: 0.003757[0m
[0m[ INFO] [1748136464.263465172]: [1748136464.263] Reference trajectory - x: 0.051357, y: 0.000000, phi: 0.000000, v: 0.112297, w: 0.000000[0m
[0m[ INFO] [1748136464.263539572]: [1748136464.264] v: 0.197883, w: -0.007240[0m
[0m[ INFO] [1748136464.295102240]: Received reference trajectory - x: 63.169674, y: 0.000000, phi: 0.000000, v: 123.947403, w: 0.000000[0m
[0m[ INFO] [1748136464.358592728]: [1748136464.358] Robot state - x: 0.013329, y: 0.000030, phi: 0.003757[0m
[0m[ INFO] [1748136464.358729528]: [1748136464.359] Reference trajectory - x: 0.063170, y: 0.000000, phi: 0.000000, v: 0.123947, w: 0.000000[0m
[0m[ INFO] [1748136464.358800632]: [1748136464.359] v: 0.219490, w: -0.007279[0m
[0m[ INFO] [1748136464.396510202]: Received reference trajectory - x: 76.149536, y: 0.000000, phi: 0.000000, v: 135.430054, w: 0.000000[0m
[0m[ INFO] [1748136464.458723860]: [1748136464.458] Robot state - x: 0.020802, y: 0.000065, phi: 0.005636[0m
[0m[ INFO] [1748136464.459562131]: [1748136464.459] Reference trajectory - x: 0.076150, y: 0.000000, phi: 0.000000, v: 0.135430, w: 0.000000[0m
[0m[ INFO] [1748136464.459684306]: [1748136464.460] v: 0.242818, w: -0.010977[0m
[0m[ INFO] [1748136464.495177944]: Received reference trajectory - x: 90.249924, y: 0.000000, phi: 0.000000, v: 146.719650, w: 0.000000[0m
[0m[ INFO] [1748136464.555600789]: [1748136464.555] Robot state - x: 0.029890, y: 0.000108, phi: 0.007515[0m
[0m[ INFO] [1748136464.556150964]: [1748136464.556] Reference trajectory - x: 0.090250, y: 0.000000, phi: 0.000000, v: 0.146720, w: 0.000000[0m
[0m[ INFO] [1748136464.556375700]: [1748136464.556] v: 0.265334, w: -0.014697[0m
[0m[ INFO] [1748136464.596470834]: Received reference trajectory - x: 105.496437, y: 0.000000, phi: 0.000000, v: 157.850342, w: 0.000000[0m
[0m[ INFO] [1748136464.661726375]: [1748136464.662] Robot state - x: 0.041805, y: 0.000186, phi: 0.009393[0m
[0m[ INFO] [1748136464.661844199]: [1748136464.662] Reference trajectory - x: 0.105496, y: 0.000000, phi: 0.000000, v: 0.157850, w: 0.000000[0m
[0m[ INFO] [1748136464.661949735]: [1748136464.662] v: 0.284980, w: -0.018520[0m
[0m[ INFO] [1748136464.695199376]: Received reference trajectory - x: 121.814674, y: 0.000000, phi: 0.000000, v: 168.781265, w: 0.000000[0m
[0m[ INFO] [1748136464.755337038]: [1748136464.755] Robot state - x: 0.054326, y: 0.000280, phi: 0.009393[0m
[0m[ INFO] [1748136464.755497069]: [1748136464.755] Reference trajectory - x: 0.121815, y: 0.000000, phi: 0.000000, v: 0.168781, w: 0.000000[0m
[0m[ INFO] [1748136464.755640173]: [1748136464.756] v: 0.305390, w: -0.018794[0m
[0m[ INFO] [1748136464.797092809]: Received reference trajectory - x: 139.248749, y: 0.000000, phi: 0.000000, v: 179.554108, w: 0.000000[0m
[0m[ INFO] [1748136464.859334691]: [1748136464.859] Robot state - x: 0.068261, y: 0.000424, phi: 0.011272[0m
[0m[ INFO] [1748136464.859438595]: [1748136464.859] Reference trajectory - x: 0.139249, y: 0.000000, phi: 0.000000, v: 0.179554, w: 0.000000[0m
[0m[ INFO] [1748136464.859481315]: [1748136464.859] v: 0.325291, w: -0.022809[0m
[0m[ INFO] [1748136464.895181545]: Received reference trajectory - x: 157.713394, y: 0.000000, phi: 0.000000, v: 190.127441, w: 0.000000[0m
[0m[ INFO] [1748136464.953810344]: [1748136464.954] Robot state - x: 0.084013, y: 0.000572, phi: 0.011272[0m
[0m[ INFO] [1748136464.953901416]: [1748136464.954] Reference trajectory - x: 0.157713, y: 0.000000, phi: 0.000000, v: 0.190127, w: 0.000000[0m
[0m[ INFO] [1748136464.953978152]: [1748136464.954] v: 0.343775, w: -0.023246[0m
[0m[ INFO] [1748136464.997174241]: Received reference trajectory - x: 177.257919, y: 0.000000, phi: 0.000000, v: 200.540176, w: 0.000000[0m
[0m[ INFO] [1748136465.070550860]: [1748136465.070] Robot state - x: 0.101784, y: 0.000772, phi: 0.011272[0m
[0m[ INFO] [1748136465.070678092]: [1748136465.071] Reference trajectory - x: 0.177258, y: 0.000000, phi: 0.000000, v: 0.200540, w: 0.000000[0m
[0m[ INFO] [1748136465.070756268]: [1748136465.071] v: 0.360580, w: -0.023837[0m
[0m[ INFO] [1748136465.095248261]: Received reference trajectory - x: 197.820892, y: 0.000000, phi: 0.000000, v: 210.768005, w: 0.000000[0m
[0m[ INFO] [1748136465.153998856]: [1748136465.154] Robot state - x: 0.120565, y: 0.001002, phi: 0.013151[0m
[0m[ INFO] [1748136465.154246791]: [1748136465.154] Reference trajectory - x: 0.197821, y: 0.000000, phi: 0.000000, v: 0.210768, w: 0.000000[0m
[0m[ INFO] [1748136465.154386855]: [1748136465.154] v: 0.377295, w: -0.028115[0m
[0m[ INFO] [1748136465.196766436]: Received reference trajectory - x: 219.426025, y: 0.000000, phi: 0.000000, v: 220.830963, w: 0.000000[0m
[0m[ INFO] [1748136465.254756359]: [1748136465.255] Robot state - x: 0.140962, y: 0.001213, phi: 0.011272[0m
[0m[ INFO] [1748136465.254881255]: [1748136465.255] Reference trajectory - x: 0.219426, y: 0.000000, phi: 0.000000, v: 0.220831, w: 0.000000[0m
[0m[ INFO] [1748136465.254948039]: [1748136465.255] v: 0.392922, w: -0.025158[0m
[0m[ INFO] [1748136465.295236103]: Received reference trajectory - x: 241.977448, y: 0.000000, phi: 0.000000, v: 230.693619, w: 0.000000[0m
[0m[ INFO] [1748136465.354055498]: [1748136465.354] Robot state - x: 0.162973, y: 0.001523, phi: 0.013151[0m
[0m[ INFO] [1748136465.354216841]: [1748136465.354] Reference trajectory - x: 0.241977, y: 0.000000, phi: 0.000000, v: 0.230694, w: 0.000000[0m
[0m[ INFO] [1748136465.354321321]: [1748136465.354] v: 0.407237, w: -0.029684[0m
[0m[ INFO] [1748136465.397162757]: Received reference trajectory - x: 265.543549, y: 0.000000, phi: 0.000000, v: 240.394257, w: 0.000000[0m
[0m[ INFO] [1748136465.463414172]: [1748136465.463] Robot state - x: 0.186601, y: 0.001811, phi: 0.015030[0m
[0m[ INFO] [1748136465.463836251]: [1748136465.464] Reference trajectory - x: 0.265544, y: 0.000000, phi: 0.000000, v: 0.240394, w: 0.000000[0m
[0m[ INFO] [1748136465.464156891]: [1748136465.464] v: 0.420363, w: -0.034163[0m
[0m[ INFO] [1748136465.495792488]: Received reference trajectory - x: 290.050201, y: 0.000000, phi: 0.000000, v: 249.909058, w: 0.000000[0m
[0m[ INFO] [1748136465.563246237]: [1748136465.563] Robot state - x: 0.212652, y: 0.002129, phi: 0.013151[0m
[0m[ INFO] [1748136465.563340701]: [1748136465.563] Reference trajectory - x: 0.290050, y: 0.000000, phi: 0.000000, v: 0.249909, w: 0.000000[0m
[0m[ INFO] [1748136465.563383933]: [1748136465.563] v: 0.430713, w: -0.031544[0m
[0m[ INFO] [1748136465.596566504]: Received reference trajectory - x: 315.542877, y: 0.000000, phi: 0.000000, v: 259.261841, w: 0.000000[0m
[0m[ INFO] [1748136465.657844039]: [1748136465.658] Robot state - x: 0.239106, y: 0.002502, phi: 0.011272[0m
[0m[ INFO] [1748136465.657975078]: [1748136465.658] Reference trajectory - x: 0.315543, y: 0.000000, phi: 0.000000, v: 0.259262, w: 0.000000[0m
[0m[ INFO] [1748136465.658045414]: [1748136465.658] v: 0.441848, w: -0.029094[0m
[0m[ INFO] [1748136465.695164971]: Received reference trajectory - x: 341.891052, y: 0.000000, phi: 0.000000, v: 268.412018, w: 0.000000[0m
[0m[ INFO] [1748136465.757674728]: [1748136465.757] Robot state - x: 0.266367, y: 0.002886, phi: 0.013151[0m
[0m[ INFO] [1748136465.758036391]: [1748136465.758] Reference trajectory - x: 0.341891, y: 0.000000, phi: 0.000000, v: 0.268412, w: 0.000000[0m
[0m[ INFO] [1748136465.758245543]: [1748136465.758] v: 0.452821, w: -0.033887[0m
[0m[ INFO] [1748136465.795501836]: Received reference trajectory - x: 369.205994, y: 0.000000, phi: 0.000000, v: 277.404785, w: 0.000000[0m
[0m[ INFO] [1748136465.861103428]: [1748136465.861] Robot state - x: 0.294438, y: 0.003176, phi: 0.011272[0m
[0m[ INFO] [1748136465.861387363]: [1748136465.861] Reference trajectory - x: 0.369206, y: 0.000000, phi: 0.000000, v: 0.277405, w: 0.000000[0m
[0m[ INFO] [1748136465.861435043]: [1748136465.861] v: 0.463872, w: -0.031237[0m
[0m[ INFO] [1748136465.895196877]: Received reference trajectory - x: 397.360931, y: 0.000000, phi: 0.000000, v: 286.203888, w: 0.000000[0m
[0m[ INFO] [1748136465.961053765]: [1748136465.961] Robot state - x: 0.323922, y: 0.003564, phi: 0.011272[0m
[0m[ INFO] [1748136465.961202404]: [1748136465.961] Reference trajectory - x: 0.397361, y: 0.000000, phi: 0.000000, v: 0.286204, w: 0.000000[0m
[0m[ INFO] [1748136465.961311780]: [1748136465.961] v: 0.473695, w: -0.032473[0m
[0m[ INFO] [1748136465.997241739]: Received reference trajectory - x: 426.435638, y: 0.000000, phi: 0.000000, v: 294.839905, w: 0.000000[0m
[0m[ INFO] [1748136466.054906386]: [1748136466.054] Robot state - x: 0.354820, y: 0.003883, phi: 0.009393[0m
[0m[ INFO] [1748136466.055259121]: [1748136466.055] Reference trajectory - x: 0.426436, y: 0.000000, phi: 0.000000, v: 0.294840, w: 0.000000[0m
[0m[ INFO] [1748136466.055396241]: [1748136466.055] v: 0.482431, w: -0.029936[0m
[0m[ INFO] [1748136466.095251956]: Received reference trajectory - x: 456.332703, y: 0.000000, phi: 0.000000, v: 303.288818, w: 0.000000[0m
[0m[ INFO] [1748136466.156735701]: [1748136466.157] Robot state - x: 0.386324, y: 0.004239, phi: 0.009393[0m
[0m[ INFO] [1748136466.156915605]: [1748136466.157] Reference trajectory - x: 0.456333, y: 0.000000, phi: 0.000000, v: 0.303289, w: 0.000000[0m
[0m[ INFO] [1748136466.157020181]: [1748136466.157] v: 0.491278, w: -0.031112[0m
[0m[ INFO] [1748136466.196689688]: Received reference trajectory - x: 487.089478, y: 0.000000, phi: 0.000000, v: 311.566406, w: 0.000000[0m
[0m[ INFO] [1748136466.264486607]: [1748136466.264] Robot state - x: 0.419040, y: 0.004546, phi: 0.009393[0m
[0m[ INFO] [1748136466.264627439]: [1748136466.265] Reference trajectory - x: 0.487089, y: 0.000000, phi: 0.000000, v: 0.311566, w: 0.000000[0m
[0m[ INFO] [1748136466.264673071]: [1748136466.265] v: 0.499265, w: -0.032168[0m
[0m[ INFO] [1748136466.295381664]: Received reference trajectory - x: 518.630981, y: 0.000000, phi: 0.000000, v: 319.657410, w: 0.000000[0m
[0m[ INFO] [1748136466.362643864]: [1748136466.362] Robot state - x: 0.453170, y: 0.004834, phi: 0.007515[0m
[0m[ INFO] [1748136466.362978935]: [1748136466.363] Reference trajectory - x: 0.518631, y: 0.000000, phi: 0.000000, v: 0.319657, w: 0.000000[0m
[0m[ INFO] [1748136466.363068887]: [1748136466.363] v: 0.505880, w: -0.029589[0m
[0m[ INFO] [1748136466.395634021]: Received reference trajectory - x: 551.002625, y: 0.000000, phi: 0.000000, v: 327.578156, w: 0.000000[0m
[0m[ INFO] [1748136466.464839418]: [1748136466.465] Robot state - x: 0.487704, y: 0.005126, phi: 0.005636[0m
[0m[ INFO] [1748136466.464948538]: [1748136466.465] Reference trajectory - x: 0.551003, y: 0.000000, phi: 0.000000, v: 0.327578, w: 0.000000[0m
[0m[ INFO] [1748136466.465057530]: [1748136466.465] v: 0.512953, w: -0.027032[0m
[0m[ INFO] [1748136466.495184524]: Received reference trajectory - x: 584.138916, y: 0.000000, phi: 0.000000, v: 335.316742, w: 0.000000[0m
[0m[ INFO] [1748136466.556249486]: [1748136466.556] Robot state - x: 0.523449, y: 0.005429, phi: 0.007515[0m
[0m[ INFO] [1748136466.556485165]: [1748136466.556] Reference trajectory - x: 0.584139, y: 0.000000, phi: 0.000000, v: 0.335317, w: 0.000000[0m
[0m[ INFO] [1748136466.556621645]: [1748136466.557] v: 0.518967, w: -0.031710[0m
[0m[ INFO] [1748136466.598224173]: Received reference trajectory - x: 618.102295, y: 0.000000, phi: 0.000000, v: 342.891266, w: 0.000000[0m
[0m[ INFO] [1748136466.660534093]: [1748136466.660] Robot state - x: 0.560003, y: 0.005600, phi: 0.005636[0m
[0m[ INFO] [1748136466.661066924]: [1748136466.661] Reference trajectory - x: 0.618102, y: 0.000000, phi: 0.000000, v: 0.342891, w: 0.000000[0m
[0m[ INFO] [1748136466.661254892]: [1748136466.661] v: 0.524732, w: -0.028841[0m
[0m[ INFO] [1748136466.695438455]: Received reference trajectory - x: 652.717468, y: 0.000000, phi: 0.000000, v: 350.267090, w: 0.000000[0m
[0m[ INFO] [1748136466.754306685]: [1748136466.754] Robot state - x: 0.597769, y: 0.005849, phi: 0.003757[0m
[0m[ INFO] [1748136466.754441244]: [1748136466.754] Reference trajectory - x: 0.652717, y: 0.000000, phi: 0.000000, v: 0.350267, w: 0.000000[0m
[0m[ INFO] [1748136466.754496668]: [1748136466.754] v: 0.529205, w: -0.026195[0m
[0m[ INFO] [1748136466.795343933]: Received reference trajectory - x: 688.101318, y: 0.000000, phi: 0.000000, v: 357.473724, w: 0.000000[0m
[0m[ INFO] [1748136466.863120597]: [1748136466.863] Robot state - x: 0.635939, y: 0.006028, phi: 0.001879[0m
[0m[ INFO] [1748136466.863226773]: [1748136466.863] Reference trajectory - x: 0.688101, y: 0.000000, phi: 0.000000, v: 0.357474, w: 0.000000[0m
[0m[ INFO] [1748136466.863271669]: [1748136466.863] v: 0.534005, w: -0.023365[0m
[0m[ INFO] [1748136466.895246723]: Received reference trajectory - x: 724.189331, y: 0.000000, phi: 0.000000, v: 364.501190, w: 0.000000[0m
[0m[ INFO] [1748136466.960564543]: [1748136466.960] Robot state - x: 0.674917, y: 0.006211, phi: 0.003757[0m
[0m[ INFO] [1748136466.960963966]: [1748136466.961] Reference trajectory - x: 0.724189, y: 0.000000, phi: 0.000000, v: 0.364501, w: 0.000000[0m
[0m[ INFO] [1748136466.961138782]: [1748136466.961] v: 0.538319, w: -0.027748[0m
[0m[ INFO] [1748136466.996640391]: Received reference trajectory - x: 761.020996, y: 0.000000, phi: 0.000000, v: 371.360107, w: 0.000000[0m
[0m[ INFO] [1748136467.064460834]: [1748136467.064] Robot state - x: 0.715309, y: 0.006287, phi: 0.003757[0m
[0m[ INFO] [1748136467.064559490]: [1748136467.065] Reference trajectory - x: 0.761021, y: 0.000000, phi: 0.000000, v: 0.371360, w: 0.000000[0m
[0m[ INFO] [1748136467.064633346]: [1748136467.065] v: 0.541165, w: -0.028240[0m
[0m[ INFO] [1748136467.095236372]: Received reference trajectory - x: 798.468506, y: 0.000000, phi: 0.000000, v: 378.030121, w: 0.000000[0m
[0m[ INFO] [1748136467.162464784]: [1748136467.162] Robot state - x: 0.755700, y: 0.006363, phi: -0.000000[0m
[0m[ INFO] [1748136467.162788559]: [1748136467.163] Reference trajectory - x: 0.798469, y: 0.000000, phi: 0.000000, v: 0.378030, w: 0.000000[0m
[0m[ INFO] [1748136467.162964079]: [1748136467.163] v: 0.544739, w: -0.021541[0m
[0m[ INFO] [1748136467.196493725]: Received reference trajectory - x: 836.618469, y: 0.000000, phi: 0.000000, v: 384.530060, w: 0.000000[0m
[0m[ INFO] [1748136467.258897664]: [1748136467.258] Robot state - x: 0.796900, y: 0.006518, phi: -0.000000[0m
[0m[ INFO] [1748136467.260591133]: [1748136467.260] Reference trajectory - x: 0.836618, y: 0.000000, phi: 0.000000, v: 0.384530, w: 0.000000[0m
[0m[ INFO] [1748136467.262960538]: [1748136467.262] v: 0.547827, w: -0.022262[0m
[0m[ INFO] [1748136467.295217706]: Received reference trajectory - x: 875.354553, y: 0.000000, phi: 0.000000, v: 390.843170, w: 0.000000[0m
[0m[ INFO] [1748136467.358128908]: [1748136467.358] Robot state - x: 0.838907, y: 0.006518, phi: -0.000000[0m
[0m[ INFO] [1748136467.358298604]: [1748136467.358] Reference trajectory - x: 0.875355, y: 0.000000, phi: 0.000000, v: 0.390843, w: 0.000000[0m
[0m[ INFO] [1748136467.358367436]: [1748136467.358] v: 0.550204, w: -0.022554[0m
[0m[ INFO] [1748136467.396698578]: Received reference trajectory - x: 914.775635, y: 0.000000, phi: 0.000000, v: 396.988464, w: 0.000000[0m
[0m[ INFO] [1748136467.461797201]: [1748136467.462] Robot state - x: 0.881319, y: 0.006438, phi: -0.003757[0m
[0m[ INFO] [1748136467.461899729]: [1748136467.462] Reference trajectory - x: 0.914776, y: 0.000000, phi: 0.000000, v: 0.396988, w: 0.000000[0m
[0m[ INFO] [1748136467.461944721]: [1748136467.462] v: 0.552758, w: -0.015426[0m
[0m[ INFO] [1748136467.495210880]: Received reference trajectory - x: 954.767761, y: 0.000000, phi: 0.000000, v: 402.950623, w: 0.000000[0m
[0m[ INFO] [1748136467.562101532]: [1748136467.562] Robot state - x: 0.924740, y: 0.006479, phi: -0.001879[0m
[0m[ INFO] [1748136467.562913051]: [1748136467.563] Reference trajectory - x: 0.954768, y: 0.000000, phi: 0.000000, v: 0.402951, w: 0.000000[0m
[0m[ INFO] [1748136467.563123450]: [1748136467.563] v: 0.554229, w: -0.019426[0m
[0m[ INFO] [1748136467.595114155]: Received reference trajectory - x: 995.331482, y: 0.000000, phi: 0.000000, v: 408.732880, w: 0.000000[0m
[0m[ INFO] [1748136467.661549992]: [1748136467.661] Robot state - x: 0.968161, y: 0.006275, phi: -0.003757[0m
[0m[ INFO] [1748136467.661699751]: [1748136467.662] Reference trajectory - x: 0.995331, y: 0.000000, phi: 0.000000, v: 0.408733, w: 0.000000[0m
[0m[ INFO] [1748136467.661770119]: [1748136467.662] v: 0.556366, w: -0.015544[0m
[0m[ INFO] [1748136467.695196853]: Received reference trajectory - x: 1036.484985, y: 0.000000, phi: 0.000000, v: 414.340302, w: 0.000000[0m
[0m[ INFO] [1748136467.754168701]: [1748136467.754] Robot state - x: 1.012592, y: 0.006191, phi: -0.003757[0m
[0m[ INFO] [1748136467.754259613]: [1748136467.754] Reference trajectory - x: 1.036485, y: 0.000000, phi: 0.000000, v: 0.414340, w: 0.000000[0m
[0m[ INFO] [1748136467.754301661]: [1748136467.754] v: 0.557466, w: -0.015589[0m
[0m[ INFO] [1748136467.796762206]: Received reference trajectory - x: 1078.234375, y: 0.000000, phi: 0.000000, v: 419.775574, w: 0.000000[0m
[0m[ INFO] [1748136467.856625701]: [1748136467.857] Robot state - x: 1.057225, y: 0.005982, phi: -0.005636[0m
[0m[ INFO] [1748136467.856718853]: [1748136467.857] Reference trajectory - x: 1.078234, y: 0.000000, phi: 0.000000, v: 0.419776, w: 0.000000[0m
[0m[ INFO] [1748136467.856759364]: [1748136467.857] v: 0.558936, w: -0.011677[0m
[0m[ INFO] [1748136467.895208427]: Received reference trajectory - x: 1120.444946, y: 0.000000, phi: 0.000000, v: 425.023712, w: 0.000000[0m
[0m[ INFO] [1748136467.963357382]: [1748136467.963] Robot state - x: 1.102059, y: 0.005813, phi: -0.005636[0m
[0m[ INFO] [1748136467.963678789]: [1748136467.964] Reference trajectory - x: 1.120445, y: 0.000000, phi: 0.000000, v: 0.425024, w: 0.000000[0m
[0m[ INFO] [1748136467.963766341]: [1748136467.964] v: 0.560541, w: -0.011470[0m
[0m[ INFO] [1748136467.996605492]: Received reference trajectory - x: 1163.227417, y: 0.000000, phi: 0.000000, v: 430.100891, w: 0.000000[0m
[0m[ INFO] [1748136468.060194872]: [1748136468.060] Robot state - x: 1.147701, y: 0.005556, phi: -0.005636[0m
[0m[ INFO] [1748136468.060367928]: [1748136468.060] Reference trajectory - x: 1.163227, y: 0.000000, phi: 0.000000, v: 0.430101, w: 0.000000[0m
[0m[ INFO] [1748136468.060474039]: [1748136468.060] v: 0.561448, w: -0.011004[0m
[0m[ INFO] [1748136468.095250053]: Received reference trajectory - x: 1206.470703, y: 0.000000, phi: 0.000000, v: 434.995819, w: 0.000000[0m
[0m[ INFO] [1748136468.154169456]: [1748136468.154] Robot state - x: 1.194151, y: 0.005294, phi: -0.005636[0m
[0m[ INFO] [1748136468.154285072]: [1748136468.154] Reference trajectory - x: 1.206471, y: 0.000000, phi: 0.000000, v: 0.434996, w: 0.000000[0m
[0m[ INFO] [1748136468.154378224]: [1748136468.154] v: 0.561438, w: -0.010514[0m
[0m[ INFO] [1748136468.196426643]: Received reference trajectory - x: 1250.225586, y: 0.000000, phi: 0.000000, v: 439.716370, w: 0.000000[0m
[0m[ INFO] [1748136468.254986655]: [1748136468.255] Robot state - x: 1.240197, y: 0.005035, phi: -0.005636[0m
[0m[ INFO] [1748136468.255135103]: [1748136468.255] Reference trajectory - x: 1.250226, y: 0.000000, phi: 0.000000, v: 0.439716, w: 0.000000[0m
[0m[ INFO] [1748136468.255199583]: [1748136468.255] v: 0.562709, w: -0.010018[0m
[0m[ INFO] [1748136468.295242053]: Received reference trajectory - x: 1294.393433, y: 0.000000, phi: 0.000000, v: 444.253967, w: 0.000000[0m
[0m[ INFO] [1748136468.362436324]: [1748136468.362] Robot state - x: 1.286445, y: 0.004730, phi: -0.007515[0m
[0m[ INFO] [1748136468.362585540]: [1748136468.363] Reference trajectory - x: 1.294393, y: 0.000000, phi: 0.000000, v: 0.444254, w: 0.000000[0m
[0m[ INFO] [1748136468.362843748]: [1748136468.363] v: 0.564064, w: -0.005789[0m
[0m[ INFO] [1748136468.395353781]: Received reference trajectory - x: 1339.036011, y: 0.000000, phi: 0.000000, v: 448.616882, w: 0.000000[0m
[0m[ INFO] [1748136468.459827032]: [1748136468.459] Robot state - x: 1.333905, y: 0.004508, phi: -0.005636[0m
[0m[ INFO] [1748136468.460549303]: [1748136468.460] Reference trajectory - x: 1.339036, y: 0.000000, phi: 0.000000, v: 0.448617, w: 0.000000[0m
[0m[ INFO] [1748136468.460699702]: [1748136468.461] v: 0.563863, w: -0.008968[0m
[0m[ INFO] [1748136468.495768324]: Received reference trajectory - x: 1384.152832, y: 0.000000, phi: 0.000000, v: 452.806305, w: 0.000000[0m
[0m[ INFO] [1748136468.554380047]: [1748136468.554] Robot state - x: 1.380960, y: 0.004110, phi: -0.007515[0m
[0m[ INFO] [1748136468.554542319]: [1748136468.555] Reference trajectory - x: 1.384153, y: 0.000000, phi: 0.000000, v: 0.452806, w: 0.000000[0m
[0m[ INFO] [1748136468.554645743]: [1748136468.555] v: 0.564898, w: -0.004451[0m
[0m[ INFO] [1748136468.596391379]: Received reference trajectory - x: 1429.596069, y: 0.000000, phi: 0.000000, v: 456.810394, w: 0.000000[0m
[0m[ INFO] [1748136468.662724979]: [1748136468.663] Robot state - x: 1.429227, y: 0.003792, phi: -0.009393[0m
[0m[ INFO] [1748136468.662838707]: [1748136468.663] Reference trajectory - x: 1.429596, y: 0.000000, phi: 0.000000, v: 0.456810, w: 0.000000[0m
[0m[ INFO] [1748136468.662913555]: [1748136468.663] v: 0.564114, w: -0.000142[0m
[0m[ INFO] [1748136468.695279876]: Received reference trajectory - x: 1475.471191, y: 0.000000, phi: 0.000000, v: 460.640289, w: 0.000000[0m
[0m[ INFO] [1748136468.795121812]: Received reference trajectory - x: 1521.704956, y: 0.000000, phi: 0.000000, v: 464.291229, w: 0.000000[0m
[0m[ INFO] [1748136468.838938613]: [1748136468.839] Robot state - x: 1.476889, y: 0.003524, phi: -0.005636[0m
[0m[ INFO] [1748136468.839053397]: [1748136468.839] Reference trajectory - x: 1.521705, y: 0.000000, phi: 0.000000, v: 0.464291, w: 0.000000[0m
[0m[ INFO] [1748136468.839122581]: [1748136468.839] v: 0.649217, w: -0.006748[0m
[0m[ INFO] [1748136468.853591968]: [1748136468.854] Robot state - x: 1.525155, y: 0.003025, phi: -0.007515[0m
[0m[ INFO] [1748136468.853680672]: [1748136468.854] Reference trajectory - x: 1.521705, y: 0.000000, phi: 0.000000, v: 0.464291, w: 0.000000[0m
[0m[ INFO] [1748136468.853749216]: [1748136468.854] v: 0.566948, w: -0.001901[0m
[0m[ INFO] [1748136468.895208388]: Received reference trajectory - x: 1568.306763, y: 0.000000, phi: 0.000000, v: 467.765381, w: 0.000000[0m
[0m[ INFO] [1748136468.963778689]: [1748136468.963] Robot state - x: 1.573624, y: 0.002752, phi: -0.007515[0m
[0m[ INFO] [1748136468.964354720]: [1748136468.964] Reference trajectory - x: 1.568307, y: 0.000000, phi: 0.000000, v: 0.467765, w: 0.000000[0m
[0m[ INFO] [1748136468.964446048]: [1748136468.964] v: 0.567007, w: -0.001266[0m
[0m[ INFO] [1748136468.996333490]: Received reference trajectory - x: 1615.276245, y: 0.000000, phi: 0.000000, v: 471.063751, w: 0.000000[0m
[0m[ INFO] [1748136469.063135477]: [1748136469.063] Robot state - x: 1.622295, y: 0.002432, phi: -0.005636[0m
[0m[ INFO] [1748136469.063297333]: [1748136469.063] Reference trajectory - x: 1.615276, y: 0.000000, phi: 0.000000, v: 0.471064, w: 0.000000[0m
[0m[ INFO] [1748136469.063346356]: [1748136469.063] v: 0.567097, w: -0.004083[0m
[0m[ INFO] [1748136469.095251080]: Received reference trajectory - x: 1662.542847, y: 0.000000, phi: 0.000000, v: 474.182587, w: 0.000000[0m
[0m[ INFO] [1748136469.160439373]: [1748136469.160] Robot state - x: 1.671370, y: 0.002017, phi: -0.007515[0m
[0m[ INFO] [1748136469.160836429]: [1748136469.161] Reference trajectory - x: 1.662543, y: 0.000000, phi: 0.000000, v: 0.474183, w: 0.000000[0m
[0m[ INFO] [1748136469.161089228]: [1748136469.161] v: 0.566745, w: 0.000576[0m
[0m[ INFO] [1748136469.195835612]: Received reference trajectory - x: 1710.188354, y: 0.000000, phi: 0.000000, v: 477.128174, w: 0.000000[0m
[0m[ INFO] [1748136469.257830150]: [1748136469.258] Robot state - x: 1.720647, y: 0.001739, phi: -0.007515[0m
[0m[ INFO] [1748136469.258226341]: [1748136469.258] Reference trajectory - x: 1.710188, y: 0.000000, phi: 0.000000, v: 0.477128, w: 0.000000[0m
[0m[ INFO] [1748136469.258343205]: [1748136469.258] v: 0.566447, w: 0.001269[0m
[0m[ INFO] [1748136469.295556881]: Received reference trajectory - x: 1757.967285, y: 0.000000, phi: 0.000000, v: 479.886902, w: 0.000000[0m
[0m[ INFO] [1748136469.353885440]: [1748136469.354] Robot state - x: 1.770328, y: 0.001366, phi: -0.007515[0m
[0m[ INFO] [1748136469.354016256]: [1748136469.354] Reference trajectory - x: 1.757967, y: 0.000000, phi: 0.000000, v: 0.479887, w: 0.000000[0m
[0m[ INFO] [1748136469.354080768]: [1748136469.354] v: 0.565417, w: 0.002244[0m
[0m[ INFO] [1748136469.395573446]: Received reference trajectory - x: 1806.057251, y: 0.000000, phi: 0.000000, v: 482.470673, w: 0.000000[0m
[0m[ INFO] [1748136469.454503796]: [1748136469.454] Robot state - x: 1.819807, y: 0.001040, phi: -0.005636[0m
[0m[ INFO] [1748136469.454626612]: [1748136469.455] Reference trajectory - x: 1.806057, y: 0.000000, phi: 0.000000, v: 0.482471, w: 0.000000[0m
[0m[ INFO] [1748136469.454739955]: [1748136469.455] v: 0.565023, w: -0.000496[0m
[0m[ INFO] [1748136469.495327675]: Received reference trajectory - x: 1854.436279, y: 0.000000, phi: 0.000000, v: 484.878815, w: 0.000000[0m
[0m[ INFO] [1748136469.554820776]: [1748136469.554] Robot state - x: 1.869891, y: 0.000664, phi: -0.005636[0m
[0m[ INFO] [1748136469.555137256]: [1748136469.555] Reference trajectory - x: 1.854436, y: 0.000000, phi: 0.000000, v: 0.484879, w: 0.000000[0m
[0m[ INFO] [1748136469.555504807]: [1748136469.555] v: 0.563838, w: 0.000520[0m
[0m[ INFO] [1748136469.597727596]: Received reference trajectory - x: 1903.105225, y: 0.000000, phi: 0.000000, v: 487.111603, w: 0.000000[0m
[0m[ INFO] [1748136469.669947976]: [1748136469.669] Robot state - x: 1.919572, y: 0.000384, phi: -0.005636[0m
[0m[ INFO] [1748136469.670209543]: [1748136469.670] Reference trajectory - x: 1.903105, y: 0.000000, phi: 0.000000, v: 0.487112, w: 0.000000[0m
[0m[ INFO] [1748136469.670277575]: [1748136469.670] v: 0.563613, w: 0.001280[0m
[0m[ INFO] [1748136469.695337764]: Received reference trajectory - x: 1951.852905, y: 0.000000, phi: 0.000000, v: 489.160706, w: 0.000000[0m
[0m[ INFO] [1748136469.762875142]: [1748136469.762] Robot state - x: 1.969658, y: 0.000102, phi: -0.005636[0m
[0m[ INFO] [1748136469.763197190]: [1748136469.763] Reference trajectory - x: 1.951853, y: 0.000000, phi: 0.000000, v: 0.489161, w: 0.000000[0m
[0m[ INFO] [1748136469.763268742]: [1748136469.763] v: 0.562590, w: 0.002059[0m
[0m[ INFO] [1748136469.797415862]: Received reference trajectory - x: 2000.918823, y: 0.000000, phi: 0.000000, v: 491.036957, w: 0.000000[0m
[0m[ INFO] [1748136469.861117949]: [1748136469.861] Robot state - x: 2.020551, y: -0.000185, phi: -0.005636[0m
[0m[ INFO] [1748136469.862156828]: [1748136469.862] Reference trajectory - x: 2.000919, y: 0.000000, phi: 0.000000, v: 0.491037, w: 0.000000[0m
[0m[ INFO] [1748136469.862235228]: [1748136469.862] v: 0.560480, w: 0.002864[0m
[0m[ INFO] [1748136469.895429006]: Received reference trajectory - x: 2050.098145, y: 0.000000, phi: 0.000000, v: 492.732880, w: 0.000000[0m
[0m[ INFO] [1748136469.954468731]: [1748136469.954] Robot state - x: 2.070636, y: -0.000467, phi: -0.005636[0m
[0m[ INFO] [1748136469.954607835]: [1748136469.955] Reference trajectory - x: 2.050098, y: 0.000000, phi: 0.000000, v: 0.492733, w: 0.000000[0m
[0m[ INFO] [1748136469.954712795]: [1748136469.955] v: 0.559716, w: 0.003668[0m
[0m[ INFO] [1748136469.996658145]: Received reference trajectory - x: 2099.420166, y: 0.000000, phi: 0.000000, v: 494.250610, w: 0.000000[0m
[0m[ INFO] [1748136470.056467792]: [1748136470.056] Robot state - x: 2.120318, y: -0.000654, phi: -0.001879[0m
[0m[ INFO] [1748136470.056621136]: [1748136470.057] Reference trajectory - x: 2.099420, y: 0.000000, phi: 0.000000, v: 0.494251, w: 0.000000[0m
[0m[ INFO] [1748136470.056687632]: [1748136470.057] v: 0.559687, w: -0.002978[0m
[0m[ INFO] [1748136470.095475707]: Received reference trajectory - x: 2148.907959, y: 0.000000, phi: 0.000000, v: 495.591339, w: 0.000000[0m
[0m[ INFO] [1748136470.154102029]: [1748136470.154] Robot state - x: 2.168787, y: -0.000472, phi: 0.016908[0m
[0m[ INFO] [1748136470.154234573]: [1748136470.154] Reference trajectory - x: 2.148908, y: 0.000000, phi: 0.000000, v: 0.495591, w: 0.000000[0m
[0m[ INFO] [1748136470.154336876]: [1748136470.154] v: 0.561870, w: -0.039433[0m
[0m[ INFO] [1748136470.198069522]: Received reference trajectory - x: 2198.552490, y: 0.000000, phi: 0.000000, v: 496.755035, w: 0.000000[0m
[0m[ INFO] [1748136470.257298722]: [1748136470.257] Robot state - x: 2.217053, y: 0.000027, phi: 0.041331[0m
[0m[ INFO] [1748136470.257671842]: [1748136470.258] Reference trajectory - x: 2.198553, y: 0.000000, phi: 0.000000, v: 0.496755, w: 0.000000[0m
[0m[ INFO] [1748136470.257907713]: [1748136470.258] v: 0.564553, w: -0.087580[0m
[0m[ INFO] [1748136470.295224239]: Received reference trajectory - x: 2248.246582, y: 0.000000, phi: 0.000000, v: 497.739685, w: 0.000000[0m
[0m[ INFO] [1748136470.363845075]: [1748136470.363] Robot state - x: 2.265509, y: 0.001210, phi: 0.056361[0m
[0m[ INFO] [1748136470.364418258]: [1748136470.364] Reference trajectory - x: 2.248247, y: 0.000000, phi: 0.000000, v: 0.497740, w: 0.000000[0m
[0m[ INFO] [1748136470.364632210]: [1748136470.364] v: 0.566872, w: -0.119696[0m
[0m[ INFO] [1748136470.396828807]: Received reference trajectory - x: 2298.080566, y: 0.000000, phi: 0.000000, v: 498.547546, w: 0.000000[0m
[0m[ INFO] [1748136470.464185516]: [1748136470.464] Robot state - x: 2.314524, y: 0.003653, phi: 0.073269[0m
[0m[ INFO] [1748136470.464311564]: [1748136470.464] Reference trajectory - x: 2.298081, y: 0.000000, phi: 0.000000, v: 0.498548, w: 0.000000[0m
[0m[ INFO] [1748136470.464382412]: [1748136470.464] v: 0.568337, w: -0.159014[0m
[0m[ INFO] [1748136470.495231522]: Received reference trajectory - x: 2347.954590, y: 0.000000, phi: 0.000000, v: 499.177124, w: 0.000000[0m
[0m[ INFO] [1748136470.554460627]: [1748136470.554] Robot state - x: 2.362685, y: 0.006870, phi: 0.093935[0m
[0m[ INFO] [1748136470.554607155]: [1748136470.555] Reference trajectory - x: 2.347955, y: 0.000000, phi: 0.000000, v: 0.499177, w: 0.000000[0m
[0m[ INFO] [1748136470.554729010]: [1748136470.555] v: 0.571222, w: -0.207819[0m
[0m[ INFO] [1748136470.596707738]: Received reference trajectory - x: 2397.918701, y: 0.000000, phi: 0.000000, v: 499.629303, w: 0.000000[0m
[0m[ INFO] [1748136470.656332202]: [1748136470.656] Robot state - x: 2.412008, y: 0.010816, phi: 0.107085[0m
[0m[ INFO] [1748136470.656462794]: [1748136470.656] Reference trajectory - x: 2.397919, y: 0.000000, phi: 0.000000, v: 0.499629, w: 0.000000[0m
[0m[ INFO] [1748136470.656529194]: [1748136470.656] v: 0.572136, w: -0.244439[0m
[0m[ INFO] [1748136470.695863125]: Received reference trajectory - x: 2447.916016, y: 0.000000, phi: 0.000000, v: 499.903534, w: 0.000000[0m
[0m[ INFO] [1748136470.756481859]: [1748136470.755] Robot state - x: 2.460640, y: 0.015674, phi: 0.118358[0m
[0m[ INFO] [1748136470.757624098]: [1748136470.757] Reference trajectory - x: 2.447916, y: 0.000000, phi: 0.000000, v: 0.499904, w: 0.000000[0m
[0m[ INFO] [1748136470.757872065]: [1748136470.758] v: 0.574164, w: -0.280211[0m
[0m[ INFO] [1748136470.795512847]: Received reference trajectory - x: 2497.872314, y: 0.000000, phi: 0.000000, v: 499.999847, w: 0.000000[0m
[0m[ INFO] [1748136470.854396928]: [1748136470.854] Robot state - x: 2.508576, y: 0.021329, phi: 0.139023[0m
[0m[ INFO] [1748136470.854579072]: [1748136470.855] Reference trajectory - x: 2.497872, y: 0.000000, phi: 0.000000, v: 0.500000, w: 0.000000[0m
[0m[ INFO] [1748136470.854697311]: [1748136470.855] v: 0.577219, w: -0.336431[0m
[0m[ INFO] [1748136470.895329001]: Received reference trajectory - x: 2547.865479, y: 0.000000, phi: 0.000000, v: 499.918518, w: 0.000000[0m
[0m[ INFO] [1748136470.955379096]: [1748136470.955] Robot state - x: 2.557064, y: 0.027465, phi: 0.154053[0m
[0m[ INFO] [1748136470.955730552]: [1748136470.956] Reference trajectory - x: 2.547865, y: 0.000000, phi: 0.000000, v: 0.499919, w: 0.000000[0m
[0m[ INFO] [1748136470.955795480]: [1748136470.956] v: 0.579287, w: -0.383471[0m
[0m[ INFO] [1748136470.997028960]: Received reference trajectory - x: 2597.840820, y: 0.000000, phi: 0.000000, v: 499.659485, w: 0.000000[0m
[0m[ INFO] [1748136471.054587573]: [1748136471.054] Robot state - x: 2.606253, y: 0.034442, phi: 0.157810[0m
[0m[ INFO] [1748136471.054707157]: [1748136471.055] Reference trajectory - x: 2.597841, y: 0.000000, phi: 0.000000, v: 0.499659, w: 0.000000[0m
[0m[ INFO] [1748136471.054782229]: [1748136471.055] v: 0.579989, w: -0.411576[0m
[0m[ INFO] [1748136471.095570688]: Received reference trajectory - x: 2647.826172, y: 0.000000, phi: 0.000000, v: 499.222229, w: 0.000000[0m
[0m[ INFO] [1748136471.153799861]: [1748136471.154] Robot state - x: 2.656544, y: 0.042251, phi: 0.157810[0m
[0m[ INFO] [1748136471.153918325]: [1748136471.154] Reference trajectory - x: 2.647826, y: 0.000000, phi: 0.000000, v: 0.499222, w: 0.000000[0m
[0m[ INFO] [1748136471.153965589]: [1748136471.154] v: 0.578642, w: -0.435147[0m
[0m[ INFO] [1748136471.195335231]: Received reference trajectory - x: 2697.667725, y: 0.000000, phi: 0.000000, v: 498.608185, w: 0.000000[0m
[0m[ INFO] [1748136471.264575813]: [1748136471.264] Robot state - x: 2.705210, y: 0.049996, phi: 0.157810[0m
[0m[ INFO] [1748136471.265162181]: [1748136471.265] Reference trajectory - x: 2.697668, y: 0.000000, phi: 0.000000, v: 0.498608, w: 0.000000[0m
[0m[ INFO] [1748136471.265308996]: [1748136471.265] v: 0.579691, w: -0.458885[0m
[0m[ INFO] [1748136471.295375197]: Received reference trajectory - x: 2747.511719, y: 0.000000, phi: 0.000000, v: 497.815430, w: 0.000000[0m
[0m[ INFO] [1748136471.355789359]: [1748136471.356] Robot state - x: 2.753846, y: 0.057923, phi: 0.165325[0m
[0m[ INFO] [1748136471.355919791]: [1748136471.356] Reference trajectory - x: 2.747512, y: 0.000000, phi: 0.000000, v: 0.497815, w: 0.000000[0m
[0m[ INFO] [1748136471.356085871]: [1748136471.356] v: 0.580669, w: -0.497872[0m
[0m[ INFO] [1748136471.397397017]: Received reference trajectory - x: 2797.370361, y: 0.000000, phi: 0.000000, v: 496.842560, w: 0.000000[0m
[0m[ INFO] [1748136471.460055144]: [1748136471.460] Robot state - x: 2.802291, y: 0.065772, phi: 0.170961[0m
[0m[ INFO] [1748136471.461335591]: [1748136471.460] Reference trajectory - x: 2.797370, y: 0.000000, phi: 0.000000, v: 0.496843, w: 0.000000[0m
[0m[ INFO] [1748136471.461675974]: [1748136471.462] v: 0.581883, w: -0.533397[0m
[0m[ INFO] [1748136471.495404987]: Received reference trajectory - x: 2846.866699, y: 0.000000, phi: 0.000000, v: 495.697418, w: 0.000000[0m
[0m[ INFO] [1748136471.554300590]: [1748136471.554] Robot state - x: 2.850277, y: 0.073917, phi: 0.176597[0m
[0m[ INFO] [1748136471.554429262]: [1748136471.554] Reference trajectory - x: 2.846867, y: 0.000000, phi: 0.000000, v: 0.495697, w: 0.000000[0m
[0m[ INFO] [1748136471.554592398]: [1748136471.554] v: 0.583154, w: -0.570108[0m
[0m[ INFO] [1748136471.596893015]: Received reference trajectory - x: 2896.382568, y: 0.000000, phi: 0.000000, v: 494.371368, w: 0.000000[0m
[0m[ INFO] [1748136471.662460674]: [1748136471.662] Robot state - x: 2.900254, y: 0.082401, phi: 0.170961[0m
[0m[ INFO] [1748136471.662870594]: [1748136471.663] Reference trajectory - x: 2.896383, y: 0.000000, phi: 0.000000, v: 0.494371, w: 0.000000[0m
[0m[ INFO] [1748136471.663027425]: [1748136471.663] v: 0.580871, w: -0.586555[0m
[0m[ INFO] [1748136471.695270136]: Received reference trajectory - x: 2945.734619, y: 0.000000, phi: 0.000000, v: 492.868195, w: 0.000000[0m
[0m[ INFO] [1748136471.754297643]: [1748136471.754] Robot state - x: 2.947540, y: 0.091023, phi: 0.178476[0m
[0m[ INFO] [1748136471.754446379]: [1748136471.754] Reference trajectory - x: 2.945735, y: 0.000000, phi: 0.000000, v: 0.492868, w: 0.000000[0m
[0m[ INFO] [1748136471.754646731]: [1748136471.755] v: 0.582801, w: -0.628952[0m
[0m[ INFO] [1748136471.795397494]: Received reference trajectory - x: 2994.929443, y: 0.000000, phi: 0.000000, v: 491.187225, w: 0.000000[0m
[0m[ INFO] [1748136471.854329162]: [1748136471.854] Robot state - x: 2.994430, y: 0.099572, phi: 0.197263[0m
[0m[ INFO] [1748136471.854497770]: [1748136471.854] Reference trajectory - x: 2.994930, y: 0.000000, phi: 0.000000, v: 0.491187, w: 0.000000[0m
[0m[ INFO] [1748136471.854707433]: [1748136471.855] v: 0.585065, w: -0.693113[0m
[0m[ INFO] [1748136471.895651636]: Received reference trajectory - x: 3043.985596, y: 0.000000, phi: 0.000000, v: 489.327057, w: 0.000000[0m
[0m[ INFO] [1748136471.954043593]: [1748136471.954] Robot state - x: 3.042925, y: 0.108321, phi: 0.197263[0m
[0m[ INFO] [1748136471.954178281]: [1748136471.954] Reference trajectory - x: 3.043986, y: 0.000000, phi: 0.000000, v: 0.489327, w: 0.000000[0m
[0m[ INFO] [1748136471.954421320]: [1748136471.954] v: 0.584206, w: -0.722246[0m
[0m[ INFO] [1748136471.995304787]: Received reference trajectory - x: 3092.792480, y: 0.000000, phi: 0.000000, v: 487.291229, w: 0.000000[0m
[0m[ INFO] [1748136472.060409410]: [1748136472.060] Robot state - x: 3.097092, y: 0.117463, phi: 0.137144[0m
[0m[ INFO] [1748136472.063330814]: [1748136472.061] Reference trajectory - x: 3.092793, y: 0.000000, phi: 0.000000, v: 0.487291, w: 0.000000[0m
[0m[ INFO] [1748136472.063536894]: [1748136472.063] v: 0.572858, w: -0.637777[0m
[0m[ INFO] [1748136472.095248022]: Received reference trajectory - x: 3141.402344, y: 0.000000, phi: 0.000000, v: 485.077118, w: 0.000000[0m
[0m[ INFO] [1748136472.158038824]: [1748136472.158] Robot state - x: 3.156007, y: 0.126328, phi: 0.041331[0m
[0m[ INFO] [1748136472.158202824]: [1748136472.158] Reference trajectory - x: 3.141402, y: 0.000000, phi: 0.000000, v: 0.485077, w: 0.000000[0m
[0m[ INFO] [1748136472.158303304]: [1748136472.158] v: 0.552459, w: -0.484592[0m
[0m[ INFO] [1748136472.196698168]: Received reference trajectory - x: 3189.815918, y: 0.000000, phi: 0.000000, v: 482.683533, w: 0.000000[0m
[0m[ INFO] [1748136472.257394988]: [1748136472.257] Robot state - x: 3.212047, y: 0.132193, phi: -0.024423[0m
[0m[ INFO] [1748136472.257522700]: [1748136472.257] Reference trajectory - x: 3.189816, y: 0.000000, phi: 0.000000, v: 0.482684, w: 0.000000[0m
[0m[ INFO] [1748136472.257594668]: [1748136472.258] v: 0.536096, w: -0.380890[0m
[0m[ INFO] [1748136472.295272797]: Received reference trajectory - x: 3237.957031, y: 0.000000, phi: 0.000000, v: 480.113342, w: 0.000000[0m
[0m[ INFO] [1748136472.361915146]: [1748136472.361] Robot state - x: 3.265357, y: 0.133094, phi: -0.073269[0m
[0m[ INFO] [1748136472.362442441]: [1748136472.362] Reference trajectory - x: 3.237957, y: 0.000000, phi: 0.000000, v: 0.480113, w: 0.000000[0m
[0m[ INFO] [1748136472.362631913]: [1748136472.363] v: 0.523506, w: -0.295823[0m
[0m[ INFO] [1748136472.396582655]: Received reference trajectory - x: 3285.841553, y: 0.000000, phi: 0.000000, v: 477.364777, w: 0.000000[0m
[0m[ INFO] [1748136472.469673636]: [1748136472.469] Robot state - x: 3.320010, y: 0.130165, phi: -0.131509[0m
[0m[ INFO] [1748136472.470191299]: [1748136472.470] Reference trajectory - x: 3.285841, y: 0.000000, phi: 0.000000, v: 0.477365, w: 0.000000[0m
[0m[ INFO] [1748136472.470372707]: [1748136472.470] v: 0.507715, w: -0.182004[0m
[0m[ INFO] [1748136472.495477604]: Received reference trajectory - x: 3333.425781, y: 0.000000, phi: 0.000000, v: 474.439453, w: 0.000000[0m
[0m[ INFO] [1748136472.554026683]: [1748136472.554] Robot state - x: 3.374650, y: 0.124499, phi: -0.191627[0m
[0m[ INFO] [1748136472.554180699]: [1748136472.554] Reference trajectory - x: 3.333426, y: 0.000000, phi: 0.000000, v: 0.474439, w: 0.000000[0m
[0m[ INFO] [1748136472.554242138]: [1748136472.554] v: 0.490943, w: -0.056736[0m
[0m[ INFO] [1748136472.595094632]: Received reference trajectory - x: 3380.692139, y: 0.000000, phi: 0.000000, v: 471.337524, w: 0.000000[0m
[0m[ INFO] [1748136472.674815364]: [1748136472.675] Robot state - x: 3.427113, y: 0.116201, phi: -0.242352[0m
[0m[ INFO] [1748136472.675044996]: [1748136472.675] Reference trajectory - x: 3.380692, y: 0.000000, phi: 0.000000, v: 0.471338, w: 0.000000[0m
[0m[ INFO] [1748136472.675098212]: [1748136472.675] v: 0.476924, w: 0.058225[0m
[0m[ INFO] [1748136472.695280587]: Received reference trajectory - x: 3427.678467, y: 0.000000, phi: 0.000000, v: 468.055206, w: 0.000000[0m
[0m[ INFO] [1748136472.753891938]: [1748136472.754] Robot state - x: 3.478049, y: 0.105222, phi: -0.283683[0m
[0m[ INFO] [1748136472.754007618]: [1748136472.754] Reference trajectory - x: 3.427679, y: 0.000000, phi: 0.000000, v: 0.468055, w: 0.000000[0m
[0m[ INFO] [1748136472.754105505]: [1748136472.754] v: 0.464670, w: 0.163135[0m
[0m[ INFO] [1748136472.795352334]: Received reference trajectory - x: 3474.309326, y: 0.000000, phi: 0.000000, v: 464.596375, w: 0.000000[0m
[0m[ INFO] [1748136472.854479236]: [1748136472.854] Robot state - x: 3.527449, y: 0.092169, phi: -0.315621[0m
[0m[ INFO] [1748136472.854629124]: [1748136472.855] Reference trajectory - x: 3.474309, y: 0.000000, phi: 0.000000, v: 0.464596, w: 0.000000[0m
[0m[ INFO] [1748136472.854734436]: [1748136472.855] v: 0.454122, w: 0.256402[0m
[0m[ INFO] [1748136472.895425137]: Received reference trajectory - x: 3520.586670, y: 0.000000, phi: 0.000000, v: 460.959686, w: 0.000000[0m
[0m[ INFO] [1748136472.957991107]: [1748136472.958] Robot state - x: 3.575317, y: 0.077430, phi: -0.345680[0m
[0m[ INFO] [1748136472.958136131]: [1748136472.958] Reference trajectory - x: 3.520587, y: 0.000000, phi: 0.000000, v: 0.460960, w: 0.000000[0m
[0m[ INFO] [1748136472.958274915]: [1748136472.958] v: 0.445332, w: 0.351415[0m
[0m[ INFO] [1748136472.997818514]: Received reference trajectory - x: 3566.514648, y: 0.000000, phi: 0.000000, v: 457.143280, w: 0.000000[0m
[0m[ INFO] [1748136473.062971172]: [1748136473.063] Robot state - x: 3.621809, y: 0.061715, phi: -0.366345[0m
[0m[ INFO] [1748136473.063095715]: [1748136473.063] Reference trajectory - x: 3.566515, y: 0.000000, phi: 0.000000, v: 0.457143, w: 0.000000[0m
[0m[ INFO] [1748136473.063185539]: [1748136473.063] v: 0.438083, w: 0.431853[0m
[0m[ INFO] [1748136473.095241757]: Received reference trajectory - x: 3612.020020, y: 0.000000, phi: 0.000000, v: 453.151764, w: 0.000000[0m
[0m[ INFO] [1748136473.154272630]: [1748136473.154] Robot state - x: 3.666971, y: 0.045258, phi: -0.373860[0m
[0m[ INFO] [1748136473.154460662]: [1748136473.154] Reference trajectory - x: 3.612020, y: 0.000000, phi: 0.000000, v: 0.453152, w: 0.000000[0m
[0m[ INFO] [1748136473.154597462]: [1748136473.155] v: 0.432219, w: 0.489906[0m
[0m[ INFO] [1748136473.197066787]: Received reference trajectory - x: 3657.122559, y: 0.000000, phi: 0.000000, v: 448.982086, w: 0.000000[0m
[0m[ INFO] [1748136473.265215857]: [1748136473.264] Robot state - x: 3.711578, y: 0.027903, phi: -0.383254[0m
[0m[ INFO] [1748136473.265646481]: [1748136473.266] Reference trajectory - x: 3.657123, y: 0.000000, phi: 0.000000, v: 0.448982, w: 0.000000[0m
[0m[ INFO] [1748136473.265896849]: [1748136473.266] v: 0.426457, w: 0.554827[0m
[0m[ INFO] [1748136473.295286125]: Received reference trajectory - x: 3701.811035, y: 0.000000, phi: 0.000000, v: 444.633514, w: 0.000000[0m
[0m[ INFO] [1748136473.363172764]: [1748136473.363] Robot state - x: 3.755678, y: 0.010363, phi: -0.392647[0m
[0m[ INFO] [1748136473.363635676]: [1748136473.364] Reference trajectory - x: 3.701811, y: 0.000000, phi: 0.000000, v: 0.444634, w: 0.000000[0m
[0m[ INFO] [1748136473.363731419]: [1748136473.364] v: 0.420700, w: 0.621048[0m
[0m[ INFO] [1748136473.396437588]: Received reference trajectory - x: 3746.054199, y: 0.000000, phi: 0.000000, v: 440.107269, w: 0.000000[0m
[0m[ INFO] [1748136473.461452646]: [1748136473.461] Robot state - x: 3.798824, y: -0.006845, phi: -0.385132[0m
[0m[ INFO] [1748136473.461648486]: [1748136473.462] Reference trajectory - x: 3.746054, y: 0.000000, phi: 0.000000, v: 0.440107, w: 0.000000[0m
[0m[ INFO] [1748136473.469163517]: [1748136473.469] v: 0.415680, w: 0.654742[0m
[0m[ INFO] [1748136473.495440830]: Received reference trajectory - x: 3789.827637, y: 0.000000, phi: 0.000000, v: 435.404083, w: 0.000000[0m
[0m[ INFO] [1748136473.553824088]: [1748136473.554] Robot state - x: 3.841262, y: -0.024188, phi: -0.375739[0m
[0m[ INFO] [1748136473.553964824]: [1748136473.554] Reference trajectory - x: 3.789828, y: 0.000000, phi: 0.000000, v: 0.435404, w: 0.000000[0m
[0m[ INFO] [1748136473.554050232]: [1748136473.554] v: 0.410949, w: 0.685988[0m
[0m[ INFO] [1748136473.595263814]: Received reference trajectory - x: 3833.117920, y: 0.000000, phi: 0.000000, v: 430.523651, w: 0.000000[0m
[0m[ INFO] [1748136473.664581715]: [1748136473.664] Robot state - x: 3.883657, y: -0.041096, phi: -0.364467[0m
[0m[ INFO] [1748136473.665062547]: [1748136473.665] Reference trajectory - x: 3.833118, y: 0.000000, phi: 0.000000, v: 0.430524, w: 0.000000[0m
[0m[ INFO] [1748136473.665220819]: [1748136473.665] v: 0.405331, w: 0.713189[0m
[0m[ INFO] [1748136473.695306223]: Received reference trajectory - x: 3875.914307, y: 0.000000, phi: 0.000000, v: 425.465118, w: 0.000000[0m
[0m[ INFO] [1748136473.795106935]: Received reference trajectory - x: 3918.188965, y: 0.000000, phi: 0.000000, v: 420.229767, w: 0.000000[0m
[0m[ INFO] [1748136473.895312991]: Received reference trajectory - x: 3959.948242, y: 0.000000, phi: 0.000000, v: 414.814453, w: 0.000000[0m
[0m[ INFO] [1748136473.932922834]: [1748136473.933] Robot state - x: 3.925487, y: -0.057235, phi: -0.349437[0m
[0m[ INFO] [1748136473.933033330]: [1748136473.933] Reference trajectory - x: 3.959948, y: 0.000000, phi: 0.000000, v: 0.414814, w: 0.000000[0m
[0m[ INFO] [1748136473.933101074]: [1748136473.933] v: 0.535775, w: 0.731780[0m
[0m[ INFO] [1748136473.934318736]: [1748136473.934] Robot state - x: 3.967379, y: -0.072634, phi: -0.325014[0m
[0m[ INFO] [1748136473.934382064]: [1748136473.934] Reference trajectory - x: 3.959948, y: 0.000000, phi: 0.000000, v: 0.414814, w: 0.000000[0m
[0m[ INFO] [1748136473.934421296]: [1748136473.934] v: 0.464171, w: 0.731021[0m
[0m[ INFO] [1748136473.953150714]: [1748136473.953] Robot state - x: 4.008134, y: -0.087615, phi: -0.300591[0m
[0m[ INFO] [1748136473.953262202]: [1748136473.953] Reference trajectory - x: 3.959948, y: 0.000000, phi: 0.000000, v: 0.414814, w: 0.000000[0m
[0m[ INFO] [1748136473.953324474]: [1748136473.953] v: 0.392679, w: 0.729771[0m
[0m[ INFO] [1748136473.995337255]: Received reference trajectory - x: 4001.155029, y: 0.000000, phi: 0.000000, v: 409.221619, w: 0.000000[0m
[0m[ INFO] [1748136474.060337788]: [1748136474.060] Robot state - x: 4.049654, y: -0.101000, phi: -0.274289[0m
[0m[ INFO] [1748136474.060441564]: [1748136474.060] Reference trajectory - x: 4.001155, y: 0.000000, phi: 0.000000, v: 0.409222, w: 0.000000[0m
[0m[ INFO] [1748136474.060485116]: [1748136474.060] v: 0.384386, w: 0.721092[0m
[0m[ INFO] [1748136474.095279028]: Received reference trajectory - x: 4041.789062, y: 0.000000, phi: 0.000000, v: 403.451630, w: 0.000000[0m
[0m[ INFO] [1748136474.162111911]: [1748136474.162] Robot state - x: 4.091123, y: -0.113175, phi: -0.244230[0m
[0m[ INFO] [1748136474.162479655]: [1748136474.162] Reference trajectory - x: 4.041789, y: 0.000000, phi: 0.000000, v: 0.403452, w: 0.000000[0m
[0m[ INFO] [1748136474.163700262]: [1748136474.164] v: 0.374989, w: 0.702403[0m
[0m[ INFO] [1748136474.195784065]: Received reference trajectory - x: 4081.849854, y: 0.000000, phi: 0.000000, v: 397.501953, w: 0.000000[0m
[0m[ INFO] [1748136474.274979622]: [1748136474.275] Robot state - x: 4.132117, y: -0.124048, phi: -0.214171[0m
[0m[ INFO] [1748136474.275087782]: [1748136474.275] Reference trajectory - x: 4.081850, y: 0.000000, phi: 0.000000, v: 0.397502, w: 0.000000[0m
[0m[ INFO] [1748136474.275130246]: [1748136474.275] v: 0.365204, w: 0.680585[0m
[0m[ INFO] [1748136474.295322702]: Received reference trajectory - x: 4121.300293, y: 0.000000, phi: 0.000000, v: 391.375397, w: 0.000000[0m
[0m[ INFO] [1748136474.353783563]: [1748136474.354] Robot state - x: 4.172855, y: -0.133431, phi: -0.178476[0m
[0m[ INFO] [1748136474.353910987]: [1748136474.354] Reference trajectory - x: 4.121300, y: 0.000000, phi: 0.000000, v: 0.391375, w: 0.000000[0m
[0m[ INFO] [1748136474.353991147]: [1748136474.354] v: 0.354580, w: 0.644261[0m
[0m[ INFO] [1748136474.395488859]: Received reference trajectory - x: 4160.146973, y: 0.000000, phi: 0.000000, v: 385.068024, w: 0.000000[0m
[0m[ INFO] [1748136474.458828819]: [1748136474.458] Robot state - x: 4.213652, y: -0.141585, phi: -0.144659[0m
[0m[ INFO] [1748136474.459337810]: [1748136474.459] Reference trajectory - x: 4.160147, y: 0.000000, phi: 0.000000, v: 0.385068, w: 0.000000[0m
[0m[ INFO] [1748136474.459637266]: [1748136474.459] v: 0.342562, w: 0.608485[0m
[0m[ INFO] [1748136474.495389321]: Received reference trajectory - x: 4198.295410, y: 0.000000, phi: 0.000000, v: 378.592834, w: 0.000000[0m
[0m[ INFO] [1748136474.558766080]: [1748136474.558] Robot state - x: 4.253917, y: -0.148147, phi: -0.110843[0m
[0m[ INFO] [1748136474.559314847]: [1748136474.559] Reference trajectory - x: 4.198296, y: 0.000000, phi: 0.000000, v: 0.378593, w: 0.000000[0m
[0m[ INFO] [1748136474.559461727]: [1748136474.559] v: 0.329998, w: 0.568584[0m
[0m[ INFO] [1748136474.597045780]: Received reference trajectory - x: 4235.850098, y: 0.000000, phi: 0.000000, v: 371.928864, w: 0.000000[0m
[0m[ INFO] [1748136474.654711154]: [1748136474.655] Robot state - x: 4.292377, y: -0.153088, phi: -0.077026[0m
[0m[ INFO] [1748136474.654873905]: [1748136474.655] Reference trajectory - x: 4.235850, y: 0.000000, phi: 0.000000, v: 0.371929, w: 0.000000[0m
[0m[ INFO] [1748136474.654982577]: [1748136474.655] v: 0.319266, w: 0.524400[0m
[0m[ INFO] [1748136474.695305859]: Received reference trajectory - x: 4272.696289, y: 0.000000, phi: 0.000000, v: 365.093109, w: 0.000000[0m
[0m[ INFO] [1748136474.754051392]: [1748136474.754] Robot state - x: 4.331180, y: -0.156780, phi: -0.045089[0m
[0m[ INFO] [1748136474.754149343]: [1748136474.754] Reference trajectory - x: 4.272696, y: 0.000000, phi: 0.000000, v: 0.365093, w: 0.000000[0m
[0m[ INFO] [1748136474.754192543]: [1748136474.754] v: 0.306486, w: 0.480514[0m
[0m[ INFO] [1748136474.796739151]: Received reference trajectory - x: 4308.861328, y: 0.000000, phi: 0.000000, v: 358.077423, w: 0.000000[0m
[0m[ INFO] [1748136474.860420293]: [1748136474.860] Robot state - x: 4.369687, y: -0.159062, phi: -0.009393[0m
[0m[ INFO] [1748136474.860529189]: [1748136474.861] Reference trajectory - x: 4.308861, y: 0.000000, phi: 0.000000, v: 0.358077, w: 0.000000[0m
[0m[ INFO] [1748136474.860602437]: [1748136474.861] v: 0.292765, w: 0.425618[0m
[0m[ INFO] [1748136474.895158686]: Received reference trajectory - x: 4344.296875, y: 0.000000, phi: 0.000000, v: 350.887878, w: 0.000000[0m
[0m[ INFO] [1748136474.962407856]: [1748136474.962] Robot state - x: 4.406226, y: -0.160126, phi: 0.022544[0m
[0m[ INFO] [1748136474.962733680]: [1748136474.963] Reference trajectory - x: 4.344297, y: 0.000000, phi: 0.000000, v: 0.350888, w: 0.000000[0m
[0m[ INFO] [1748136474.962871280]: [1748136474.963] v: 0.280929, w: 0.374585[0m
[0m[ INFO] [1748136474.997022537]: Received reference trajectory - x: 4379.020020, y: 0.000000, phi: 0.000000, v: 343.517303, w: 0.000000[0m
[0m[ INFO] [1748136475.064278558]: [1748136475.064] Robot state - x: 4.441771, y: -0.159926, phi: 0.052603[0m
[0m[ INFO] [1748136475.064483486]: [1748136475.064] Reference trajectory - x: 4.379020, y: 0.000000, phi: 0.000000, v: 0.343517, w: 0.000000[0m
[0m[ INFO] [1748136475.064542782]: [1748136475.065] v: 0.269355, w: 0.323629[0m
[0m[ INFO] [1748136475.095256188]: Received reference trajectory - x: 4412.994141, y: 0.000000, phi: 0.000000, v: 335.969757, w: 0.000000[0m
[0m[ INFO] [1748136475.153799676]: [1748136475.154] Robot state - x: 4.477090, y: -0.158631, phi: 0.080784[0m
[0m[ INFO] [1748136475.153925980]: [1748136475.154] Reference trajectory - x: 4.412994, y: 0.000000, phi: 0.000000, v: 0.335970, w: 0.000000[0m
[0m[ INFO] [1748136475.154112347]: [1748136475.154] v: 0.256652, w: 0.273174[0m
[0m[ INFO] [1748136475.195333294]: Received reference trajectory - x: 4446.193848, y: 0.000000, phi: 0.000000, v: 328.246979, w: 0.000000[0m
[0m[ INFO] [1748136475.253561966]: [1748136475.253] Robot state - x: 4.511548, y: -0.156329, phi: 0.108964[0m
[0m[ INFO] [1748136475.253669774]: [1748136475.254] Reference trajectory - x: 4.446194, y: 0.000000, phi: 0.000000, v: 0.328247, w: 0.000000[0m
[0m[ INFO] [1748136475.253713998]: [1748136475.254] v: 0.243866, w: 0.219820[0m
[0m[ INFO] [1748136475.295082688]: Received reference trajectory - x: 4478.620605, y: 0.000000, phi: 0.000000, v: 320.344513, w: 0.000000[0m
[0m[ INFO] [1748136475.358652410]: [1748136475.359] Robot state - x: 4.544925, y: -0.153185, phi: 0.135266[0m
[0m[ INFO] [1748136475.358778362]: [1748136475.359] Reference trajectory - x: 4.478621, y: 0.000000, phi: 0.000000, v: 0.320345, w: 0.000000[0m
[0m[ INFO] [1748136475.358824026]: [1748136475.359] v: 0.231381, w: 0.167582[0m
[0m[ INFO] [1748136475.396940816]: Received reference trajectory - x: 4510.284668, y: 0.000000, phi: 0.000000, v: 312.254852, w: 0.000000[0m
[0m[ INFO] [1748136475.462691304]: [1748136475.463] Robot state - x: 4.576210, y: -0.149465, phi: 0.154053[0m
[0m[ INFO] [1748136475.462821096]: [1748136475.463] Reference trajectory - x: 4.510285, y: 0.000000, phi: 0.000000, v: 0.312255, w: 0.000000[0m
[0m[ INFO] [1748136475.462864968]: [1748136475.463] v: 0.220988, w: 0.127967[0m
[0m[ INFO] [1748136475.495252388]: Received reference trajectory - x: 4541.074219, y: 0.000000, phi: 0.000000, v: 304.002411, w: 0.000000[0m
[0m[ INFO] [1748136475.553720196]: [1748136475.554] Robot state - x: 4.606588, y: -0.145039, phi: 0.172840[0m
[0m[ INFO] [1748136475.553840388]: [1748136475.554] Reference trajectory - x: 4.541074, y: 0.000000, phi: 0.000000, v: 0.304002, w: 0.000000[0m
[0m[ INFO] [1748136475.553895652]: [1748136475.554] v: 0.210507, w: 0.086197[0m
[0m[ INFO] [1748136475.595065174]: Received reference trajectory - x: 4571.046875, y: 0.000000, phi: 0.000000, v: 295.567627, w: 0.000000[0m
[0m[ INFO] [1748136475.653501590]: [1748136475.653] Robot state - x: 4.636877, y: -0.140044, phi: 0.191627[0m
[0m[ INFO] [1748136475.653616438]: [1748136475.654] Reference trajectory - x: 4.571047, y: 0.000000, phi: 0.000000, v: 0.295568, w: 0.000000[0m
[0m[ INFO] [1748136475.653672598]: [1748136475.654] v: 0.198590, w: 0.042621[0m
[0m[ INFO] [1748136475.695196360]: Received reference trajectory - x: 4600.174316, y: 0.000000, phi: 0.000000, v: 286.953125, w: 0.000000[0m
[0m[ INFO] [1748136475.761720415]: [1748136475.761] Robot state - x: 4.665681, y: -0.134764, phi: 0.208535[0m
[0m[ INFO] [1748136475.762147775]: [1748136475.762] Reference trajectory - x: 4.600174, y: 0.000000, phi: 0.000000, v: 0.286953, w: 0.000000[0m
[0m[ INFO] [1748136475.762289438]: [1748136475.762] v: 0.187596, w: 0.001616[0m
[0m[ INFO] [1748136475.797040600]: Received reference trajectory - x: 4628.458496, y: 0.000000, phi: 0.000000, v: 278.152161, w: 0.000000[0m
[0m[ INFO] [1748136475.863444431]: [1748136475.863] Robot state - x: 4.693214, y: -0.129288, phi: 0.217928[0m
[0m[ INFO] [1748136475.863551151]: [1748136475.864] Reference trajectory - x: 4.628458, y: 0.000000, phi: 0.000000, v: 0.278152, w: 0.000000[0m
[0m[ INFO] [1748136475.863601039]: [1748136475.864] v: 0.177177, w: -0.025791[0m
[0m[ INFO] [1748136475.895265164]: Received reference trajectory - x: 4655.808594, y: 0.000000, phi: 0.000000, v: 269.187866, w: 0.000000[0m
[0m[ INFO] [1748136475.954456587]: [1748136475.954] Robot state - x: 4.719274, y: -0.123671, phi: 0.225443[0m
[0m[ INFO] [1748136475.954609931]: [1748136475.955] Reference trajectory - x: 4.655808, y: 0.000000, phi: 0.000000, v: 0.269188, w: 0.000000[0m
[0m[ INFO] [1748136475.954673707]: [1748136475.955] v: 0.167569, w: -0.050243[0m
[0m[ INFO] [1748136475.995349214]: Received reference trajectory - x: 4682.276367, y: 0.000000, phi: 0.000000, v: 260.038269, w: 0.000000[0m
[0m[ INFO] [1748136476.065106868]: [1748136476.065] Robot state - x: 4.745269, y: -0.117761, phi: 0.236715[0m
[0m[ INFO] [1748136476.065541268]: [1748136476.065] Reference trajectory - x: 4.682276, y: 0.000000, phi: 0.000000, v: 0.260038, w: 0.000000[0m
[0m[ INFO] [1748136476.065634356]: [1748136476.066] v: 0.156406, w: -0.082968[0m
[0m[ INFO] [1748136476.095197749]: Received reference trajectory - x: 4707.811035, y: 0.000000, phi: 0.000000, v: 250.714066, w: 0.000000[0m
[0m[ INFO] [1748136476.161749423]: [1748136476.161] Robot state - x: 4.770647, y: -0.111866, phi: 0.242351[0m
[0m[ INFO] [1748136476.162175662]: [1748136476.162] Reference trajectory - x: 4.707811, y: 0.000000, phi: 0.000000, v: 0.250714, w: 0.000000[0m
[0m[ INFO] [1748136476.162344046]: [1748136476.162] v: 0.144539, w: -0.105124[0m
[0m[ INFO] [1748136476.196839594]: Received reference trajectory - x: 4732.416992, y: 0.000000, phi: 0.000000, v: 241.207245, w: 0.000000[0m
[0m[ INFO] [1748136476.255155213]: [1748136476.255] Robot state - x: 4.794004, y: -0.106208, phi: 0.244230[0m
[0m[ INFO] [1748136476.255323180]: [1748136476.255] Reference trajectory - x: 4.732417, y: 0.000000, phi: 0.000000, v: 0.241207, w: 0.000000[0m
[0m[ INFO] [1748136476.255434060]: [1748136476.255] v: 0.134403, w: -0.119680[0m
[0m[ INFO] [1748136476.295274498]: Received reference trajectory - x: 4756.052734, y: 0.000000, phi: 0.000000, v: 231.527069, w: 0.000000[0m
[0m[ INFO] [1748136476.353843685]: [1748136476.354] Robot state - x: 4.816937, y: -0.100515, phi: 0.246109[0m
[0m[ INFO] [1748136476.353930853]: [1748136476.354] Reference trajectory - x: 4.756053, y: 0.000000, phi: 0.000000, v: 0.231527, w: 0.000000[0m
[0m[ INFO] [1748136476.353989733]: [1748136476.354] v: 0.123195, w: -0.134586[0m
[0m[ INFO] [1748136476.397786999]: Received reference trajectory - x: 4778.740723, y: 0.000000, phi: 0.000000, v: 221.655899, w: 0.000000[0m
[0m[ INFO] [1748136476.466423278]: [1748136476.466] Robot state - x: 4.839267, y: -0.094906, phi: 0.249866[0m
[0m[ INFO] [1748136476.466517198]: [1748136476.466] Reference trajectory - x: 4.778741, y: 0.000000, phi: 0.000000, v: 0.221656, w: 0.000000[0m
[0m[ INFO] [1748136476.466598382]: [1748136476.467] v: 0.111226, w: -0.153109[0m
[0m[ INFO] [1748136476.495304464]: Received reference trajectory - x: 4800.382324, y: 0.000000, phi: 0.000000, v: 211.630219, w: 0.000000[0m
[0m[ INFO] [1748136476.562463977]: [1748136476.562] Robot state - x: 4.860622, y: -0.089563, phi: 0.247987[0m
[0m[ INFO] [1748136476.562897225]: [1748136476.563] Reference trajectory - x: 4.800382, y: 0.000000, phi: 0.000000, v: 0.211630, w: 0.000000[0m
[0m[ INFO] [1748136476.562996969]: [1748136476.563] v: 0.098994, w: -0.160341[0m
[0m[ INFO] [1748136476.596612901]: Received reference trajectory - x: 4821.039062, y: 0.000000, phi: 0.000000, v: 201.413879, w: 0.000000[0m
[0m[ INFO] [1748136476.667681051]: [1748136476.668] Robot state - x: 4.880200, y: -0.084606, phi: 0.244230[0m
[0m[ INFO] [1748136476.667784155]: [1748136476.668] Reference trajectory - x: 4.821039, y: 0.000000, phi: 0.000000, v: 0.201414, w: 0.000000[0m
[0m[ INFO] [1748136476.667827227]: [1748136476.668] v: 0.087967, w: -0.163127[0m
[0m[ INFO] [1748136476.695232574]: Received reference trajectory - x: 4840.654785, y: 0.000000, phi: 0.000000, v: 191.025436, w: 0.000000[0m
[0m[ INFO] [1748136476.754007456]: [1748136476.754] Robot state - x: 4.899196, y: -0.079815, phi: 0.242351[0m
[0m[ INFO] [1748136476.754128192]: [1748136476.754] Reference trajectory - x: 4.840655, y: 0.000000, phi: 0.000000, v: 0.191025, w: 0.000000[0m
[0m[ INFO] [1748136476.754198528]: [1748136476.754] v: 0.076016, w: -0.169261[0m
[0m[ INFO] [1748136476.796572147]: Received reference trajectory - x: 4859.231934, y: 0.000000, phi: 0.000000, v: 180.454300, w: 0.000000[0m
[0m[ INFO] [1748136476.858452786]: [1748136476.858] Robot state - x: 4.917826, y: -0.075228, phi: 0.236715[0m
[0m[ INFO] [1748136476.858632370]: [1748136476.859] Reference trajectory - x: 4.859232, y: 0.000000, phi: 0.000000, v: 0.180454, w: 0.000000[0m
[0m[ INFO] [1748136476.858893938]: [1748136476.859] v: 0.062734, w: -0.167841[0m
[0m[ INFO] [1748136476.895266731]: Received reference trajectory - x: 4876.739258, y: 0.000000, phi: 0.000000, v: 169.707687, w: 0.000000[0m
[0m[ INFO] [1748136476.954089998]: [1748136476.954] Robot state - x: 4.935287, y: -0.070964, phi: 0.231079[0m
[0m[ INFO] [1748136476.954192045]: [1748136476.954] Reference trajectory - x: 4.876739, y: 0.000000, phi: 0.000000, v: 0.169708, w: 0.000000[0m
[0m[ INFO] [1748136476.954236813]: [1748136476.954] v: 0.049448, w: -0.165716[0m
[0m[ INFO] [1748136476.997107008]: Received reference trajectory - x: 4893.184082, y: 0.000000, phi: 0.000000, v: 158.769028, w: 0.000000[0m
[0m[ INFO] [1748136477.066094875]: [1748136477.066] Robot state - x: 4.951200, y: -0.067172, phi: 0.225443[0m
[0m[ INFO] [1748136477.066237723]: [1748136477.066] Reference trajectory - x: 4.893184, y: 0.000000, phi: 0.000000, v: 0.158769, w: 0.000000[0m
[0m[ INFO] [1748136477.066283579]: [1748136477.066] v: 0.036819, w: -0.162447[0m
[0m[ INFO] [1748136477.095313950]: Received reference trajectory - x: 4908.491699, y: 0.000000, phi: 0.000000, v: 147.677002, w: 0.000000[0m
[0m[ INFO] [1748136477.159407965]: [1748136477.159] Robot state - x: 4.966154, y: -0.063713, phi: 0.217928[0m
[0m[ INFO] [1748136477.159538429]: [1748136477.160] Reference trajectory - x: 4.908492, y: 0.000000, phi: 0.000000, v: 0.147677, w: 0.000000[0m
[0m[ INFO] [1748136477.159603197]: [1748136477.160] v: 0.023751, w: -0.154814[0m
[0m[ INFO] [1748136477.197346391]: Received reference trajectory - x: 4922.702148, y: 0.000000, phi: 0.000000, v: 136.391235, w: 0.000000[0m
[0m[ INFO] [1748136477.254140510]: [1748136477.254] Robot state - x: 4.980340, y: -0.060516, phi: 0.210414[0m
[0m[ INFO] [1748136477.254270910]: [1748136477.254] Reference trajectory - x: 4.922702, y: 0.000000, phi: 0.000000, v: 0.136391, w: 0.000000[0m
[0m[ INFO] [1748136477.254335678]: [1748136477.254] v: 0.009929, w: -0.146596[0m
[0m[ INFO] [1748136477.295249781]: Received reference trajectory - x: 4935.764160, y: 0.000000, phi: 0.000000, v: 124.937386, w: 0.000000[0m
[0m[ INFO] [1748136477.357304183]: [1748136477.357] Robot state - x: 4.993364, y: -0.057683, phi: 0.202899[0m
[0m[ INFO] [1748136477.357472535]: [1748136477.357] Reference trajectory - x: 4.935764, y: 0.000000, phi: 0.000000, v: 0.124937, w: 0.000000[0m
[0m[ INFO] [1748136477.357612342]: [1748136477.358] v: -0.004037, w: -0.137494[0m
[0m[ INFO] [1748136477.396697839]: Received reference trajectory - x: 4947.679199, y: 0.000000, phi: 0.000000, v: 113.299065, w: 0.000000[0m
[0m[ INFO] [1748136477.462924589]: [1748136477.463] Robot state - x: 5.005815, y: -0.055061, phi: 0.197263[0m
[0m[ INFO] [1748136477.463193133]: [1748136477.463] Reference trajectory - x: 4.947679, y: 0.000000, phi: 0.000000, v: 0.113299, w: 0.000000[0m
[0m[ INFO] [1748136477.463235212]: [1748136477.463] v: -0.019186, w: -0.131521[0m
[0m[ INFO] [1748136477.495273420]: Received reference trajectory - x: 4958.419922, y: 0.000000, phi: 0.000000, v: 101.483955, w: 0.000000[0m
[0m[ INFO] [1748136477.554455057]: [1748136477.554] Robot state - x: 5.016309, y: -0.052953, phi: 0.187869[0m
[0m[ INFO] [1748136477.554923760]: [1748136477.555] Reference trajectory - x: 4.958420, y: 0.000000, phi: 0.000000, v: 0.101484, w: 0.000000[0m
[0m[ INFO] [1748136477.555104048]: [1748136477.555] v: -0.033171, w: -0.117020[0m
[0m[ INFO] [1748136477.597105062]: Received reference trajectory - x: 4967.973633, y: 0.000000, phi: 0.000000, v: 89.486992, w: 0.000000[0m
[0m[ INFO] [1748136477.658304809]: [1748136477.658] Robot state - x: 5.026218, y: -0.051011, phi: 0.180354[0m
[0m[ INFO] [1748136477.658479785]: [1748136477.658] Reference trajectory - x: 4.967974, y: 0.000000, phi: 0.000000, v: 0.089487, w: 0.000000[0m
[0m[ INFO] [1748136477.658547401]: [1748136477.659] v: -0.048378, w: -0.105741[0m
[0m[ INFO] [1748136477.695453828]: Received reference trajectory - x: 4976.312012, y: 0.000000, phi: 0.000000, v: 77.321739, w: 0.000000[0m
[0m[ INFO] [1748136477.762819584]: [1748136477.762] Robot state - x: 5.035351, y: -0.049310, phi: 0.172840[0m
[0m[ INFO] [1748136477.763132000]: [1748136477.763] Reference trajectory - x: 4.976312, y: 0.000000, phi: 0.000000, v: 0.077322, w: 0.000000[0m
[0m[ INFO] [1748136477.763240960]: [1748136477.763] v: -0.064535, w: -0.093870[0m
[0m[ INFO] [1748136477.797817949]: Received reference trajectory - x: 4983.436035, y: 0.000000, phi: 0.000000, v: 64.959221, w: 0.000000[0m
[0m[ INFO] [1748136477.866819384]: [1748136477.866] Robot state - x: 5.042311, y: -0.048075, phi: 0.163446[0m
[0m[ INFO] [1748136477.867201335]: [1748136477.867] Reference trajectory - x: 4.983436, y: 0.000000, phi: 0.000000, v: 0.064959, w: 0.000000[0m
[0m[ INFO] [1748136477.867395895]: [1748136477.867] v: -0.079251, w: -0.077165[0m
[0m[ INFO] [1748136477.895412411]: Received reference trajectory - x: 4989.301270, y: 0.000000, phi: 0.000000, v: 52.447170, w: 0.000000[0m
[0m[ INFO] [1748136477.963036759]: [1748136477.963] Robot state - x: 5.048481, y: -0.047016, phi: 0.157810[0m
[0m[ INFO] [1748136477.963377111]: [1748136477.963] Reference trajectory - x: 4.989301, y: 0.000000, phi: 0.000000, v: 0.052447, w: 0.000000[0m
[0m[ INFO] [1748136477.963467127]: [1748136477.963] v: -0.094929, w: -0.067212[0m
[0m[ INFO] [1748136477.996646581]: Received reference trajectory - x: 4993.911621, y: 0.000000, phi: 0.000000, v: 39.746101, w: 0.000000[0m
[0m[ INFO] [1748136478.073630444]: [1748136478.074] Robot state - x: 5.054263, y: -0.046079, phi: 0.152174[0m
[0m[ INFO] [1748136478.073792235]: [1748136478.074] Reference trajectory - x: 4.993912, y: 0.000000, phi: 0.000000, v: 0.039746, w: 0.000000[0m
[0m[ INFO] [1748136478.073890315]: [1748136478.074] v: -0.112322, w: -0.056961[0m
[0m[ INFO] [1748136478.095516183]: Received reference trajectory - x: 4997.243652, y: 0.000000, phi: 0.000000, v: 26.865440, w: 0.000000[0m
[0m[ INFO] [1748136478.160217273]: [1748136478.160] Robot state - x: 5.058055, y: -0.045494, phi: 0.142781[0m
[0m[ INFO] [1748136478.160347545]: [1748136478.160] Reference trajectory - x: 4.997244, y: 0.000000, phi: 0.000000, v: 0.026865, w: 0.000000[0m
[0m[ INFO] [1748136478.160411449]: [1748136478.160] v: -0.128705, w: -0.038566[0m
[0m[ INFO] [1748136478.197040470]: Received reference trajectory - x: 4999.279297, y: 0.000000, phi: 0.000000, v: 13.799701, w: 0.000000[0m
[0m[ INFO] [1748136478.270916655]: [1748136478.270] Robot state - x: 5.060452, y: -0.045131, phi: 0.139023[0m
[0m[ INFO] [1748136478.272386446]: [1748136478.271] Reference trajectory - x: 4.999279, y: 0.000000, phi: 0.000000, v: 0.013800, w: 0.000000[0m
[0m[ INFO] [1748136478.272695661]: [1748136478.273] v: -0.145120, w: -0.030362[0m
[0m[ INFO] [1748136478.295419096]: Received reference trajectory - x: 4999.999023, y: 0.000000, phi: 0.000000, v: 0.558557, w: 0.000000[0m
[0m[ INFO] [1748136478.362708792]: [1748136478.362] Robot state - x: 5.062052, y: -0.044907, phi: 0.131508[0m
[0m[ INFO] [1748136478.363059191]: [1748136478.363] Reference trajectory - x: 4.999999, y: 0.000000, phi: 0.000000, v: 0.000559, w: 0.000000[0m
[0m[ INFO] [1748136478.363155223]: [1748136478.363] v: -0.162634, w: -0.014587[0m
[0m[ INFO] [1748136478.465364982]: [1748136478.465] Robot state - x: 5.062052, y: -0.044907, phi: 0.131508[0m
[0m[ INFO] [1748136478.465577653]: [1748136478.465] Reference trajectory - x: 4.999999, y: 0.000000, phi: 0.000000, v: 0.000559, w: 0.000000[0m
[0m[ INFO] [1748136478.465672597]: [1748136478.466] v: -0.165409, w: -0.012579[0m
[0m[ INFO] [1748136478.559334172]: [1748136478.559] Robot state - x: 5.062052, y: -0.044907, phi: 0.131508[0m
[0m[ INFO] [1748136478.559818203]: [1748136478.560] Reference trajectory - x: 4.999999, y: 0.000000, phi: 0.000000, v: 0.000559, w: 0.000000[0m
[0m[ INFO] [1748136478.560228539]: [1748136478.560] v: -0.168184, w: -0.010570[0m
[0m[ INFO] [1748136478.656381727]: [1748136478.656] Robot state - x: 5.061852, y: -0.044933, phi: 0.129630[0m
[0m[ INFO] [1748136478.656678111]: [1748136478.657] Reference trajectory - x: 4.999999, y: 0.000000, phi: 0.000000, v: 0.000559, w: 0.000000[0m
[0m[ INFO] [1748136478.656852543]: [1748136478.657] v: -0.170610, w: -0.004891[0m
[0m[ INFO] [1748136478.754356514]: [1748136478.754] Robot state - x: 5.059848, y: -0.045191, phi: 0.122115[0m
[0m[ INFO] [1748136478.754471937]: [1748136478.754] Reference trajectory - x: 4.999999, y: 0.000000, phi: 0.000000, v: 0.000559, w: 0.000000[0m
[0m[ INFO] [1748136478.754528641]: [1748136478.755] v: -0.169878, w: 0.012233[0m
[0m[ INFO] [1748136479.005611570]: [1748136479.005] Robot state - x: 5.056442, y: -0.045618, phi: 0.112722[0m
[0m[ INFO] [1748136479.005739890]: [1748136479.006] Reference trajectory - x: 4.999999, y: 0.000000, phi: 0.000000, v: 0.000559, w: 0.000000[0m
[0m[ INFO] [1748136479.005786802]: [1748136479.006] v: -0.166607, w: 0.033446[0m
[0m[ INFO] [1748136479.006764529]: [1748136479.007] Robot state - x: 5.052834, y: -0.046061, phi: 0.112722[0m
[0m[ INFO] [1748136479.006858129]: [1748136479.007] Reference trajectory - x: 4.999999, y: 0.000000, phi: 0.000000, v: 0.000559, w: 0.000000[0m
[0m[ INFO] [1748136479.006928849]: [1748136479.007] v: -0.162831, w: 0.036735[0m
[0m[ INFO] [1748136479.053774406]: [1748136479.054] Robot state - x: 5.048624, y: -0.046574, phi: 0.110843[0m
[0m[ INFO] [1748136479.053917286]: [1748136479.054] Reference trajectory - x: 4.999999, y: 0.000000, phi: 0.000000, v: 0.000559, w: 0.000000[0m
[0m[ INFO] [1748136479.053978150]: [1748136479.054] v: -0.157843, w: 0.043838[0m
[0m[ INFO] [1748136479.154525515]: [1748136479.154] Robot state - x: 5.043405, y: -0.047155, phi: 0.107085[0m
[0m[ INFO] [1748136479.154622443]: [1748136479.155] Reference trajectory - x: 4.999999, y: 0.000000, phi: 0.000000, v: 0.000559, w: 0.000000[0m
[0m[ INFO] [1748136479.154672235]: [1748136479.155] v: -0.150905, w: 0.054754[0m
[0m[ INFO] [1748136479.260984170]: [1748136479.261] Robot state - x: 5.037783, y: -0.047770, phi: 0.103328[0m
[0m[ INFO] [1748136479.261082922]: [1748136479.261] Reference trajectory - x: 4.999999, y: 0.000000, phi: 0.000000, v: 0.000559, w: 0.000000[0m
[0m[ INFO] [1748136479.261125930]: [1748136479.261] v: -0.143031, w: 0.065791[0m
[0m[ INFO] [1748136479.363815661]: [1748136479.363] Robot state - x: 5.032362, y: -0.048358, phi: 0.105207[0m
[0m[ INFO] [1748136479.364415276]: [1748136479.364] Reference trajectory - x: 4.999999, y: 0.000000, phi: 0.000000, v: 0.000559, w: 0.000000[0m
[0m[ INFO] [1748136479.364510060]: [1748136479.364] v: -0.135256, w: 0.065989[0m
[0m[ INFO] [1748136479.464337490]: [1748136479.464] Robot state - x: 5.027139, y: -0.048899, phi: 0.105207[0m
[0m[ INFO] [1748136479.464456082]: [1748136479.464] Reference trajectory - x: 4.999999, y: 0.000000, phi: 0.000000, v: 0.000559, w: 0.000000[0m
[0m[ INFO] [1748136479.464502578]: [1748136479.464] v: -0.127584, w: 0.069680[0m
[0m[ INFO] [1748136479.554237376]: [1748136479.554] Robot state - x: 5.021315, y: -0.049509, phi: 0.103328[0m
[0m[ INFO] [1748136479.554356928]: [1748136479.554] Reference trajectory - x: 4.999999, y: 0.000000, phi: 0.000000, v: 0.000559, w: 0.000000[0m
[0m[ INFO] [1748136479.554477280]: [1748136479.554] v: -0.118628, w: 0.077183[0m
[0m[ INFO] [1748136479.658343042]: [1748136479.658] Robot state - x: 5.015290, y: -0.050156, phi: 0.107085[0m
[0m[ INFO] [1748136479.658510722]: [1748136479.658] Reference trajectory - x: 4.999999, y: 0.000000, phi: 0.000000, v: 0.000559, w: 0.000000[0m
[0m[ INFO] [1748136479.658635074]: [1748136479.659] v: -0.109062, w: 0.074030[0m
[0m[ INFO] [1748136479.761429444]: [1748136479.761] Robot state - x: 5.009665, y: -0.050740, phi: 0.107085[0m
[0m[ INFO] [1748136479.761758852]: [1748136479.762] Reference trajectory - x: 4.999999, y: 0.000000, phi: 0.000000, v: 0.000559, w: 0.000000[0m
[0m[ INFO] [1748136479.761921060]: [1748136479.762] v: -0.099925, w: 0.077919[0m
[0m[ INFO] [1748136479.864446951]: [1748136479.864] Robot state - x: 5.004245, y: -0.051328, phi: 0.108964[0m
[0m[ INFO] [1748136479.866300517]: [1748136479.866] Reference trajectory - x: 4.999999, y: 0.000000, phi: 0.000000, v: 0.000559, w: 0.000000[0m
[0m[ INFO] [1748136479.866553765]: [1748136479.866] v: -0.090893, w: 0.078250[0m
[0m[ INFO] [1748136479.953932822]: [1748136479.954] Robot state - x: 4.998623, y: -0.051943, phi: 0.112722[0m
[0m[ INFO] [1748136479.954033846]: [1748136479.954] Reference trajectory - x: 4.999999, y: 0.000000, phi: 0.000000, v: 0.000559, w: 0.000000[0m
[0m[ INFO] [1748136479.954102326]: [1748136479.954] v: -0.081267, w: 0.075086[0m
[0m[ INFO] [1748136480.065040820]: [1748136480.064] Robot state - x: 4.993203, y: -0.052541, phi: 0.114600[0m
[0m[ INFO] [1748136480.065746996]: [1748136480.065] Reference trajectory - x: 4.999999, y: 0.000000, phi: 0.000000, v: 0.000559, w: 0.000000[0m
[0m[ INFO] [1748136480.065976371]: [1748136480.066] v: -0.071742, w: 0.075499[0m
[0m[ INFO] [1748136480.162110561]: [1748136480.162] Robot state - x: 4.987785, y: -0.053159, phi: 0.116479[0m
[0m[ INFO] [1748136480.162229761]: [1748136480.162] Reference trajectory - x: 4.999999, y: 0.000000, phi: 0.000000, v: 0.000559, w: 0.000000[0m
[0m[ INFO] [1748136480.162330913]: [1748136480.162] v: -0.061979, w: 0.075996[0m
[0m[ INFO] [1748136480.257018831]: [1748136480.257] Robot state - x: 4.983773, y: -0.053628, phi: 0.120236[0m
[0m[ INFO] [1748136480.257132815]: [1748136480.257] Reference trajectory - x: 4.999999, y: 0.000000, phi: 0.000000, v: 0.000559, w: 0.000000[0m
[0m[ INFO] [1748136480.257228687]: [1748136480.257] v: -0.054427, w: 0.072504[0m
[0m[ INFO] [1748136480.361236950]: [1748136480.361] Robot state - x: 4.979562, y: -0.054133, phi: 0.125872[0m
[0m[ INFO] [1748136480.361330646]: [1748136480.361] Reference trajectory - x: 4.999999, y: 0.000000, phi: 0.000000, v: 0.000559, w: 0.000000[0m
[0m[ INFO] [1748136480.361393366]: [1748136480.361] v: -0.046349, w: 0.065535[0m
[0m[ INFO] [1748136480.473216022]: [1748136480.472] Robot state - x: 4.974952, y: -0.054695, phi: 0.127751[0m
[0m[ INFO] [1748136480.475271284]: [1748136480.474] Reference trajectory - x: 4.999999, y: 0.000000, phi: 0.000000, v: 0.000559, w: 0.000000[0m
[0m[ INFO] [1748136480.475702612]: [1748136480.476] v: -0.037385, w: 0.065943[0m
[0m[ INFO] [1748136480.563337832]: [1748136480.563] Robot state - x: 4.971146, y: -0.055187, phi: 0.133387[0m
[0m[ INFO] [1748136480.563670536]: [1748136480.564] Reference trajectory - x: 4.999999, y: 0.000000, phi: 0.000000, v: 0.000559, w: 0.000000[0m
[0m[ INFO] [1748136480.563855592]: [1748136480.564] v: -0.029620, w: 0.058987[0m
[0m[ INFO] [1748136480.654645690]: [1748136480.655] Robot state - x: 4.967942, y: -0.055605, phi: 0.137145[0m
[0m[ INFO] [1748136480.654809754]: [1748136480.655] Reference trajectory - x: 4.999999, y: 0.000000, phi: 0.000000, v: 0.000559, w: 0.000000[0m
[0m[ INFO] [1748136480.654967802]: [1748136480.655] v: -0.022735, w: 0.055440[0m
[0m[ INFO] [1748136480.753748069]: [1748136480.754] Robot state - x: 4.964740, y: -0.056041, phi: 0.140902[0m
[0m[ INFO] [1748136480.753868293]: [1748136480.754] Reference trajectory - x: 4.999999, y: 0.000000, phi: 0.000000, v: 0.000559, w: 0.000000[0m
[0m[ INFO] [1748136480.753951877]: [1748136480.754] v: -0.015711, w: 0.051962[0m
[0m[ INFO] [1748136480.869687457]: [1748136480.869] Robot state - x: 4.961940, y: -0.056432, phi: 0.144659[0m
[0m[ INFO] [1748136480.870136065]: [1748136480.870] Reference trajectory - x: 4.999999, y: 0.000000, phi: 0.000000, v: 0.000559, w: 0.000000[0m
[0m[ INFO] [1748136480.871578400]: [1748136480.871] v: -0.009245, w: 0.048379[0m
[0m[ INFO] [1748136480.962195890]: [1748136480.962] Robot state - x: 4.960140, y: -0.056689, phi: 0.146538[0m
[0m[ INFO] [1748136480.962564018]: [1748136480.963] Reference trajectory - x: 4.999999, y: 0.000000, phi: 0.000000, v: 0.000559, w: 0.000000[0m
[0m[ INFO] [1748136480.962748337]: [1748136480.963] v: -0.004401, w: 0.048031[0m
[0m[ INFO] [1748136481.072337911]: [1748136481.072] Robot state - x: 4.958342, y: -0.056953, phi: 0.148417[0m
[0m[ INFO] [1748136481.074470933]: [1748136481.074] Reference trajectory - x: 4.999999, y: 0.000000, phi: 0.000000, v: 0.000559, w: 0.000000[0m
[0m[ INFO] [1748136481.074780213]: [1748136481.075] v: 0.000522, w: 0.047713[0m
[0m[ INFO] [1748136481.157276082]: [1748136481.157] Robot state - x: 4.956544, y: -0.057220, phi: 0.150295[0m
[0m[ INFO] [1748136481.157697713]: [1748136481.158] Reference trajectory - x: 4.999999, y: 0.000000, phi: 0.000000, v: 0.000559, w: 0.000000[0m
[0m[ INFO] [1748136481.157800433]: [1748136481.158] v: 0.005524, w: 0.047417[0m
[0m[ INFO] [1748136481.266263353]: [1748136481.266] Robot state - x: 4.955546, y: -0.057372, phi: 0.155931[0m
[0m[ INFO] [1748136481.266364761]: [1748136481.266] Reference trajectory - x: 4.999999, y: 0.000000, phi: 0.000000, v: 0.000559, w: 0.000000[0m
[0m[ INFO] [1748136481.266436057]: [1748136481.266] v: 0.009210, w: 0.039614[0m
[0m[ INFO] [1748136481.363670186]: [1748136481.363] Robot state - x: 4.954548, y: -0.057528, phi: 0.165325[0m
[0m[ INFO] [1748136481.364301674]: [1748136481.364] Reference trajectory - x: 4.999999, y: 0.000000, phi: 0.000000, v: 0.000559, w: 0.000000[0m
[0m[ INFO] [1748136481.364429642]: [1748136481.364] v: 0.012940, w: 0.024634[0m
[0m[ INFO] [1748136481.463345978]: [1748136481.463] Robot state - x: 4.954548, y: -0.057528, phi: 0.165325[0m
[0m[ INFO] [1748136481.463473530]: [1748136481.463] Reference trajectory - x: 4.999999, y: 0.000000, phi: 0.000000, v: 0.000559, w: 0.000000[0m
[0m[ INFO] [1748136481.463540090]: [1748136481.464] v: 0.014972, w: 0.027207[0m
[0m[ INFO] [1748136481.565701255]: [1748136481.565] Robot state - x: 4.954548, y: -0.057528, phi: 0.165325[0m
[0m[ INFO] [1748136481.566085606]: [1748136481.566] Reference trajectory - x: 4.999999, y: 0.000000, phi: 0.000000, v: 0.000559, w: 0.000000[0m
[0m[ INFO] [1748136481.566187238]: [1748136481.566] v: 0.017005, w: 0.029780[0m
[0m[ INFO] [1748136481.682804744]: [1748136481.683] Robot state - x: 4.954548, y: -0.057528, phi: 0.165325[0m
[0m[ INFO] [1748136481.682928040]: [1748136481.683] Reference trajectory - x: 4.999999, y: 0.000000, phi: 0.000000, v: 0.000559, w: 0.000000[0m
[0m[ INFO] [1748136481.682991688]: [1748136481.683] v: 0.019037, w: 0.032353[0m
[0m[ INFO] [1748136481.765837540]: [1748136481.765] Robot state - x: 4.954548, y: -0.057528, phi: 0.165325[0m
[0m[ INFO] [1748136481.766193092]: [1748136481.766] Reference trajectory - x: 4.999999, y: 0.000000, phi: 0.000000, v: 0.000559, w: 0.000000[0m
[0m[ INFO] [1748136481.766295588]: [1748136481.766] v: 0.021070, w: 0.034925[0m
[0m[ INFO] [1748136481.875073068]: [1748136481.875] Robot state - x: 4.954548, y: -0.057528, phi: 0.165325[0m
[0m[ INFO] [1748136481.875508460]: [1748136481.875] Reference trajectory - x: 4.999999, y: 0.000000, phi: 0.000000, v: 0.000559, w: 0.000000[0m
[0m[ INFO] [1748136481.875639915]: [1748136481.876] v: 0.023103, w: 0.037498[0m
[0m[ INFO] [1748136481.964583107]: [1748136481.964] Robot state - x: 4.954548, y: -0.057528, phi: 0.165325[0m
[0m[ INFO] [1748136481.964961027]: [1748136481.965] Reference trajectory - x: 4.999999, y: 0.000000, phi: 0.000000, v: 0.000559, w: 0.000000[0m
[0m[ INFO] [1748136481.965058595]: [1748136481.965] v: 0.025135, w: 0.040071[0m
[0m[ INFO] [1748136482.067165331]: [1748136482.067] Robot state - x: 4.954548, y: -0.057528, phi: 0.165325[0m
[0m[ INFO] [1748136482.067614035]: [1748136482.068] Reference trajectory - x: 4.999999, y: 0.000000, phi: 0.000000, v: 0.000559, w: 0.000000[0m
[0m[ INFO] [1748136482.067722771]: [1748136482.068] v: 0.027168, w: 0.042643[0m
[0m[ INFO] [1748136482.164480745]: [1748136482.163] Robot state - x: 4.954349, y: -0.057562, phi: 0.167204[0m
[0m[ INFO] [1748136482.164905449]: [1748136482.165] Reference trajectory - x: 4.999999, y: 0.000000, phi: 0.000000, v: 0.000559, w: 0.000000[0m
[0m[ INFO] [1748136482.165012233]: [1748136482.165] v: 0.029549, w: 0.041714[0m
[0m[ INFO] [1748136482.273081110]: [1748136482.273] Robot state - x: 4.954349,[0m[ INFO] [1748136459.984471697]: [I2C FOR MOTORS] Now launching this node in namespace: /asc[0m
[0m[ INFO] [1748136460.006172552]: [I2C FOR MOTORS] publish motor duty cycle requests from command line with: rostopic pub --once /asc/set_motor_duty_cycle asclinic_pkg/LeftRightFloat32 "{left: 10.1, right: 10.1}"[0m
[0m[ INFO] [1748136460.006367015]: [I2C FOR MOTORS] Successfully opened named /dev/i2c-1, with file descriptor = 10[0m
[0m[ INFO] [1748136460.006465383]: [I2C FOR MOTORS] Actual acceleration limit = 0.0003125%/ms (after conversation to "internal units")[0m
[0m[ INFO] [1748136460.006541287]: [I2C FOR MOTORS] Actual deceleration limit = 0.0015625%/ms (after conversation to "internal units")[0m
[0m[ INFO] [1748136460.006677415]: [I2C FOR MOTORS] Now initialising SMC with I2C address 13[0m
[0m[ INFO] [1748136460.022035915]: [I2C FOR MOTORS] Now initialising SMC with I2C address 14[0m
[0m[ INFO] [1748136460.037815246]: [I2C FOR MOTORS] Node initialisation complete[0m
 y: -0.057562, phi: 0.167204[0m
[0m[ INFO] [1748136482.273387062]: [1748136482.273] Reference trajectory - x: 4.999999, y: 0.000000, phi: 0.000000, v: 0.000559, w: 0.000000[0m
[0m[ INFO] [1748136482.273431574]: [1748136482.273] v: 0.031590, w: 0.044288[0m
[0m[ INFO] [1748136482.366071535]: [1748136482.366] Robot state - x: 4.954349, y: -0.057562, phi: 0.167204[0m
[0m[ INFO] [1748136482.366458735]: [1748136482.366] Reference trajectory - x: 4.999999, y: 0.000000, phi: 0.000000, v: 0.000559, w: 0.000000[0m
[0m[ INFO] [1748136482.366576175]: [1748136482.367] v: 0.033632, w: 0.046862[0m
[0m[ INFO] [1748136482.465227844]: [1748136482.465] Robot state - x: 4.954349, y: -0.057562, phi: 0.167204[0m
[0m[ INFO] [1748136482.465342692]: [1748136482.465] Reference trajectory - x: 4.999999, y: 0.000000, phi: 0.000000, v: 0.000559, w: 0.000000[0m
[0m[ INFO] [1748136482.465414372]: [1748136482.465] v: 0.035673, w: 0.049436[0m
[0m[ INFO] [1748136482.564191256]: [1748136482.564] Robot state - x: 4.954349, y: -0.057562, phi: 0.167204[0m
[0m[ INFO] [1748136482.564714680]: [1748136482.565] Reference trajectory - x: 4.999999, y: 0.000000, phi: 0.000000, v: 0.000559, w: 0.000000[0m
[0m[ INFO] [1748136482.564890584]: [1748136482.565] v: 0.037715, w: 0.052010[0m
[0m[ INFO] [1748136482.675289539]: [1748136482.675] Robot state - x: 4.954548, y: -0.057528, phi: 0.169082[0m
[0m[ INFO] [1748136482.676468131]: [1748136482.676] Reference trajectory - x: 4.999999, y: 0.000000, phi: 0.000000, v: 0.000559, w: 0.000000[0m
[0m[ INFO] [1748136482.676915874]: [1748136482.677] v: 0.039409, w: 0.050892[0m
[0m[ INFO] [1748136463.294574860]: Trajectory Generator Node Started[0m
[0m[ INFO] [1748136463.298646021]: Reading trajectory coeffs[0m

[ARUCO DETECTOR] Camera properties upon initialisation:
CV_CAP_PROP_FRAME_HEIGHT : '480.0'
CV_CAP_PROP_FRAME_WIDTH :  '640.0'
CAP_PROP_FPS :             '30.0'
CAP_PROP_FOCUS :           '0.0'
CAP_PROP_AUTOFOCUS :       '0.0'
CAP_PROP_BRIGHTNESS :      '128.0'
CAP_PROP_CONTRAST :        '128.0'
CAP_PROP_SATURATION :      '128.0'
CAP_PROP_BUFFERSIZE :      '4.0'

[ARUCO DETECTOR] Camera properties upon initialisation:
CV_CAP_PROP_FRAME_HEIGHT : '1080.0'
CV_CAP_PROP_FRAME_WIDTH :  '1920.0'
CAP_PROP_FPS :             '5.0'
CAP_PROP_FOCUS :           '0.0'
CAP_PROP_AUTOFOCUS :       '0.0'
CAP_PROP_BRIGHTNESS :      '128.0'
CAP_PROP_CONTRAST :        '128.0'
CAP_PROP_SATURATION :      '128.0'
CAP_PROP_BUFFERSIZE :      '1.0'
[INFO] [1748136462.688604]: [ARUCO DETECTOR] As a double check of the camera properties set, a frame captured just now has dimensions = (1080, 1920, 3)
[INFO] [1748136462.693584]: [ARUCO DETECTOR] publish request from command line to save a single camera image using: rostopic pub --once /asc/request_save_image std_msgs/UInt32 1
[INFO] [1748136462.696961]: [ARUCO DETECTOR] Node initialisation complete
... logging to /home/asc/.ros/log/7164ddec-3907-11f0-b8be-d8c0a650f677/roslaunch-asc12-jetson-12917.log
Checking log directory for disk usage. This may take a while.
Press Ctrl-C to interrupt
Done checking log file disk usage. Usage is <1GB.
]2;/home/asc/ASClinic/catkin_ws/src/asclinic_pkg/launch/trajectory.launch
[1mstarted roslaunch server http://asc12-jetson:41149/[0m

SUMMARY
========

PARAMETERS
 * /asc/aruco_detector/aruco_detector_desired_camera_fps: 5
 * /asc/aruco_detector/aruco_detector_desired_camera_frame_height: 1080
 * /asc/aruco_detector/aruco_detector_desired_camera_frame_width: 1920
 * /asc/aruco_detector/aruco_detector_marker_size: 0.25
 * /asc/aruco_detector/aruco_detector_save_image_path: /home/asc/saved_c...
 * /asc/aruco_detector/aruco_detector_should_publish_camera_images: False
 * /asc/aruco_detector/aruco_detector_should_save_all_aruco_images: False
 * /asc/aruco_detector/aruco_detector_should_show_camera_images: False
 * /asc/aruco_detector/aruco_detector_usb_camera_device_number: 0
 * /asc/aruco_detector/aruco_detector_verbosity: 1
 * /asc/encoder_read_multi_threaded/delta_t_for_publishing_encoder_counts: 0.1
 * /asc/encoder_read_multi_threaded/encoder_events_to_monitor: rising
 * /asc/encoder_read_multi_threaded/encoder_read_verbosity: 1
 * /asc/encoder_read_multi_threaded/gpio_chip_number_for_encoder_lines: 1
 * /asc/encoder_read_multi_threaded/line_number_for_left_side_encoder_channel_a: 105
 * /asc/encoder_read_multi_threaded/line_number_for_left_side_encoder_channel_b: 106
 * /asc/encoder_read_multi_threaded/line_number_for_right_side_encoder_channel_a: 84
 * /asc/encoder_read_multi_threaded/line_number_for_right_side_encoder_channel_b: 130
 * /asc/encoder_read_multi_threaded/should_monitor_left_side_encoder_channel_a: True
 * /asc/encoder_read_multi_threaded/should_monitor_left_side_encoder_channel_b: False
 * /asc/encoder_read_multi_threaded/should_monitor_right_side_encoder_channel_a: True
 * /asc/encoder_read_multi_threaded/should_monitor_right_side_encoder_channel_b: False
 * /asc/i2c_for_motors/motor_driver_current_limit_in_milliamps: 5000
 * /asc/i2c_for_motors/motor_driver_left_side_multiplier: 1
 * /asc/i2c_for_motors/motor_driver_max_accel_limit_in_percent_per_millisecond: 0.04
 * /asc/i2c_for_motors/motor_driver_max_decel_limit_in_percent_per_millisecond: 0.16
 * /asc/i2c_for_motors/motor_driver_max_duty_cycle_limit_in_percent: 100.0
 * /asc/i2c_for_motors/motor_driver_right_side_multiplier: 1
 * /asc/i2c_for_motors/motor_driver_verbosity: 1
 * /rosdistro: noetic
 * /rosversion: 1.17.0

NODES
  /
    aruco_positioning (asclinic_pkg/aruco_positioning.py)
    kf_fusion_node (asclinic_pkg/KF.py)
    odomdelta (asclinic_pkg/odomdelta)
    trajectory_generator (asclinic_pkg/trajectory_generator_state_space)
    trajectory_tracker (asclinic_pkg/trajectory_tracker_state_space)
    velocity_PI_control (asclinic_pkg/velocity_PI_control)
  /asc/
    aruco_detector (asclinic_pkg/aruco_detector.py)
    encoder_read_multi_threaded (asclinic_pkg/encoder_read_multi_threaded)
    i2c_for_motors (asclinic_pkg/i2c_for_motors)

auto-starting new master
[1mprocess[master]: started with pid [12941][0m
[1mROS_MASTER_URI=http://localhost:11311[0m
]2;/home/asc/ASClinic/catkin_ws/src/asclinic_pkg/launch/trajectory.launch http://localhost:11311
[1msetting /run_id to 7164ddec-3907-11f0-b8be-d8c0a650f677[0m
[1mprocess[rosout-1]: started with pid [12957][0m
started core service [/rosout]
[1mprocess[asc/i2c_for_motors-2]: started with pid [12964][0m
[1mprocess[asc/encoder_read_multi_threaded-3]: started with pid [12965][0m
[1mprocess[odomdelta-4]: started with pid [12971][0m
[1mprocess[asc/aruco_detector-5]: started with pid [12977][0m
[1mprocess[aruco_positioning-6]: started with pid [12983][0m
[1mprocess[trajectory_tracker-7]: started with pid [12988][0m
[1mprocess[trajectory_generator-8]: started with pid [12989][0m
[1mprocess[velocity_PI_control-9]: started with pid [12995][0m
[1mprocess[kf_fusion_node-10]: started with pid [13000][0m
[kf_fusion_node-10] killing on exit
[velocity_PI_control-9] killing on exit
[trajectory_generator-8] killing on exit
[trajectory_tracker-7] killing on exit
[aruco_positioning-6] killing on exit
[asc/aruco_detector-5] killing on exit
[asc/encoder_read_multi_threaded-3] killing on exit
[asc/i2c_for_motors-2] killing on exit
[odomdelta-4] killing on exit
[rosout-1] killing on exit
[master] killing on exit
shutting down processing monitor...
... shutting down processing monitor complete
[1mdone[0m
