[0m[ INFO] [1748068907.714146931]: [1748068907.713] Robot state - x: 0.000000, y: 0.000000, phi: 0.000000[0m
[0m[ INFO] [1748068907.721131944]: [1748068907.721] Reference trajectory - x: 0.000000, y: 0.000000, phi: 0.000000, v: 0.000000, w: 0.000000[0m
[0m[ INFO] [1748068907.811524972]: [1748068907.811] Robot state - x: 0.000000, y: 0.000000, phi: 0.000000[0m
[0m[ INFO] [1748068907.813077471]: [1748068907.812] Reference trajectory - x: 0.000000, y: 0.000000, phi: 0.000000, v: 0.000000, w: 0.000000[0m
[0m[ INFO] [1748068907.913012663]: [1748068907.913] Robot state - x: 0.000000, y: 0.000000, phi: 0.000000[0m
[0m[ INFO] [1748068907.913586014]: [1748068907.914] Reference trajectory - x: 0.000000, y: 0.000000, phi: 0.000000, v: 0.000000, w: 0.000000[0m
[0m[ INFO] [1748068908.011118040]: [1748068908.011] Robot state - x: 0.000000, y: 0.000000, phi: 0.000000[0m
[0m[ INFO] [1748068908.011611614]: [1748068908.011] Reference trajectory - x: 0.000000, y: 0.000000, phi: 0.000000, v: 0.000000, w: 0.000000[0m
[0m[ INFO] [1748068908.111396690]: [1748068908.111] Robot state - x: 0.000000, y: 0.000000, phi: 0.000000[0m
[0m[ INFO] [1748068908.111745271]: [1748068908.112] Reference trajectory - x: 0.000000, y: 0.000000, phi: 0.000000, v: 0.000000, w: 0.000000[0m
[0m[ INFO] [1748068908.209729749]: [1748068908.209] Robot state - x: 0.000000, y: 0.000000, phi: 0.000000[0m
[0m[ INFO] [1748068908.211052357]: [1748068908.211] Reference trajectory - x: 0.000000, y: 0.000000, phi: 0.000000, v: 0.000000, w: 0.000000[0m
[0m[ INFO] [1748068908.302214993]: [1748068908.302] Robot state - x: 0.000000, y: 0.000000, phi: 0.000000[0m
[0m[ INFO] [1748068908.302346931]: [1748068908.302] Reference trajectory - x: 0.000000, y: 0.000000, phi: 0.000000, v: 0.000000, w: 0.000000[0m
[0m[ INFO] [1748068908.403443063]: [1748068908.403] Robot state - x: 0.000000, y: 0.000000, phi: 0.000000[0m
[0m[ INFO] [1748068908.403622009]: [1748068908.404] Reference trajectory - x: 0.000000, y: 0.000000, phi: 0.000000, v: 0.000000, w: 0.000000[0m
[0m[ INFO] [1748068908.502875815]: [1748068908.503] Robot state - x: 0.000000, y: 0.000000, phi: 0.000000[0m
[0m[ INFO] [1748068908.502974696]: [1748068908.503] Reference trajectory - x: 0.000000, y: 0.000000, phi: 0.000000, v: 0.000000, w: 0.000000[0m
[0m[ INFO] [1748068908.603018304]: [1748068908.603] Robot state - x: 0.000000, y: 0.000000, phi: 0.000000[0m
[0m[ INFO] [1748068908.603173730]: [1748068908.603] Reference trajectory - x: 0.000000, y: 0.000000, phi: 0.000000, v: 0.000000, w: 0.000000[0m
[0m[ INFO] [1748068908.709758632]: [1748068908.709] Robot state - x: 0.000000, y: 0.000000, phi: 0.000000[0m
[0m[ INFO] [1748068908.710235790]: [1748068908.710] Reference trajectory - x: 0.000000, y: 0.000000, phi: 0.000000, v: 0.000000, w: 0.000000[0m
[0m[ INFO] [1748068908.889446657]: [1748068908.889] Robot state - x: 0.000000, y: 0.000000, phi: 0.000000[0m
[0m[ INFO] [1748068908.889552482]: [1748068908.890] Reference trajectory - x: 0.000000, y: 0.000000, phi: 0.000000, v: 0.000000, w: 0.000000[0m
[0m[ INFO] [1748068908.891145013]: Received reference trajectory - x: 0.000000, y: 0.000000, phi: 0.000000, v: 0.000068, w: 0.000000[0m
[0m[ INFO] [1748068908.902215515]: [1748068908.902] Robot state - x: 0.000000, y: 0.000000, phi: 0.000000[0m
[0m[ INFO] [1748068908.902318620]: [1748068908.902] Reference trajectory - x: 0.000000, y: 0.000000, phi: 0.000000, v: 0.000000, w: 0.000000[0m
[0m[ INFO] [1748068908.902420606]: [1748068908.902] v: 0.000000, w: -0.000000[0m
[0m[ INFO] [1748068908.912580312]: Received reference trajectory - x: 0.030849, y: 0.000000, phi: 0.000000, v: 2.865438, w: 0.000000[0m
[0m[ INFO] [1748068909.011862982]: [1748068909.011] Robot state - x: 0.000000, y: 0.000000, phi: 0.000000[0m
[0m[ INFO] [1748068909.012253387]: [1748068909.012] Reference trajectory - x: 0.000031, y: 0.000000, phi: 0.000000, v: 0.002865, w: 0.000000[0m
[0m[ INFO] [1748068909.012345356]: [1748068909.012] v: 0.003000, w: -0.000000[0m
[0m[ INFO] [1748068909.015501650]: Received reference trajectory - x: 0.982340, y: 0.000000, phi: 0.000000, v: 16.097364, w: 0.000000[0m
[0m[ INFO] [1748068909.102337129]: [1748068909.102] Robot state - x: 0.000000, y: 0.000000, phi: 0.000000[0m
[0m[ INFO] [1748068909.102524459]: [1748068909.102] Reference trajectory - x: 0.000982, y: 0.000000, phi: 0.000000, v: 0.016097, w: 0.000000[0m
[0m[ INFO] [1748068909.102581740]: [1748068909.103] v: 0.020387, w: -0.000000[0m
[0m[ INFO] [1748068909.112527236]: Received reference trajectory - x: 3.239901, y: 0.000000, phi: 0.000000, v: 29.102932, w: 0.000000[0m
[0m[ INFO] [1748068909.204231605]: [1748068909.204] Robot state - x: 0.000000, y: 0.000000, phi: 0.000000[0m
[0m[ INFO] [1748068909.204357207]: [1748068909.204] Reference trajectory - x: 0.003240, y: 0.000000, phi: 0.000000, v: 0.029103, w: 0.000000[0m
[0m[ INFO] [1748068909.204405303]: [1748068909.204] v: 0.043538, w: -0.000000[0m
[0m[ INFO] [1748068909.213169889]: Received reference trajectory - x: 6.794376, y: 0.000000, phi: 0.000000, v: 41.954041, w: 0.000000[0m
[0m[ INFO] [1748068909.302448437]: [1748068909.302] Robot state - x: 0.000000, y: 0.000000, phi: 0.000000[0m
[0m[ INFO] [1748068909.302564758]: [1748068909.303] Reference trajectory - x: 0.006794, y: 0.000000, phi: 0.000000, v: 0.041954, w: 0.000000[0m
[0m[ INFO] [1748068909.302654455]: [1748068909.303] v: 0.072899, w: -0.000000[0m
[0m[ INFO] [1748068909.312733073]: Received reference trajectory - x: 11.624413, y: 0.000000, phi: 0.000000, v: 54.625717, w: 0.000000[0m
[0m[ INFO] [1748068909.402621644]: [1748068909.403] Robot state - x: 0.000000, y: 0.000000, phi: 0.000000[0m
[0m[ INFO] [1748068909.402821135]: [1748068909.403] Reference trajectory - x: 0.011624, y: 0.000000, phi: 0.000000, v: 0.054626, w: 0.000000[0m
[0m[ INFO] [1748068909.402932592]: [1748068909.403] v: 0.108762, w: -0.000000[0m
[0m[ INFO] [1748068909.412722918]: Received reference trajectory - x: 17.712421, y: 0.000000, phi: 0.000000, v: 67.119286, w: 0.000000[0m
[0m[ INFO] [1748068909.502407615]: [1748068909.502] Robot state - x: 0.000000, y: 0.000000, phi: 0.000000[0m
[0m[ INFO] [1748068909.502515744]: [1748068909.502] Reference trajectory - x: 0.017712, y: 0.000000, phi: 0.000000, v: 0.067119, w: 0.000000[0m
[0m[ INFO] [1748068909.502573473]: [1748068909.503] v: 0.151455, w: -0.000000[0m
[0m[ INFO] [1748068909.512557529]: Received reference trajectory - x: 25.040638, y: 0.000000, phi: 0.000000, v: 79.434944, w: 0.000000[0m
[0m[ INFO] [1748068909.610414517]: [1748068909.610] Robot state - x: 0.000200, y: 0.000000, phi: 0.001862[0m
[0m[ INFO] [1748068909.610523222]: [1748068909.610] Reference trajectory - x: 0.025041, y: 0.000000, phi: 0.000000, v: 0.079435, w: 0.000000[0m
[0m[ INFO] [1748068909.610602103]: [1748068909.611] v: 0.200425, w: -0.007406[0m
[0m[ INFO] [1748068909.612770449]: Received reference trajectory - x: 33.595768, y: 0.000000, phi: 0.000000, v: 91.578659, w: 0.000000[0m
[0m[ INFO] [1748068909.710449739]: [1748068909.710] Robot state - x: 0.000200, y: 0.000000, phi: 0.001862[0m
[0m[ INFO] [1748068909.710567372]: [1748068909.711] Reference trajectory - x: 0.033596, y: 0.000000, phi: 0.000000, v: 0.091579, w: 0.000000[0m
[0m[ INFO] [1748068909.710636653]: [1748068909.711] v: 0.257696, w: -0.007406[0m
[0m[ INFO] [1748068909.712803239]: Received reference trajectory - x: 43.352917, y: 0.000000, phi: 0.000000, v: 103.540024, w: 0.000000[0m
[0m[ INFO] [1748068909.810797348]: [1748068909.810] Robot state - x: 0.001203, y: 0.000005, phi: 0.007432[0m
[0m[ INFO] [1748068909.811141416]: [1748068909.811] Reference trajectory - x: 0.043353, y: 0.000000, phi: 0.000000, v: 0.103540, w: 0.000000[0m
[0m[ INFO] [1748068909.811225225]: [1748068909.811] v: 0.318357, w: -0.029600[0m
[0m[ INFO] [1748068909.813609990]: Received reference trajectory - x: 54.346561, y: 0.000000, phi: 0.000000, v: 115.373581, w: 0.000000[0m
[0m[ INFO] [1748068909.902811545]: [1748068909.903] Robot state - x: 0.004422, y: 0.000005, phi: 0.003558[0m
[0m[ INFO] [1748068909.902975163]: [1748068909.903] Reference trajectory - x: 0.054347, y: 0.000000, phi: 0.000000, v: 0.115374, w: 0.000000[0m
[0m[ INFO] [1748068909.903252063]: [1748068909.903] v: 0.377392, w: -0.014195[0m
[0m[ INFO] [1748068909.912847250]: Received reference trajectory - x: 66.410591, y: 0.000000, phi: 0.000000, v: 126.929001, w: 0.000000[0m
[0m[ INFO] [1748068910.003168243]: [1748068910.003] Robot state - x: 0.012868, y: 0.000050, phi: -0.000532[0m
[0m[ INFO] [1748068910.003268628]: [1748068910.003] Reference trajectory - x: 0.066411, y: 0.000000, phi: 0.000000, v: 0.126929, w: 0.000000[0m
[0m[ INFO] [1748068910.003439702]: [1748068910.003] v: 0.420495, w: 0.001611[0m
[0m[ INFO] [1748068910.012716774]: Received reference trajectory - x: 79.675522, y: 0.000000, phi: 0.000000, v: 138.356659, w: 0.000000[0m
[0m[ INFO] [1748068910.102765442]: [1748068910.103] Robot state - x: 0.025936, y: 0.000105, phi: 0.000798[0m
[0m[ INFO] [1748068910.102933476]: [1748068910.103] Reference trajectory - x: 0.079676, y: 0.000000, phi: 0.000000, v: 0.138357, w: 0.000000[0m
[0m[ INFO] [1748068910.102993349]: [1748068910.103] v: 0.449711, w: -0.004245[0m
[0m[ INFO] [1748068910.112613177]: Received reference trajectory - x: 94.072098, y: 0.000000, phi: 0.000000, v: 149.604965, w: 0.000000[0m
[0m[ INFO] [1748068910.212658061]: [1748068910.212] Robot state - x: 0.042222, y: 0.000106, phi: 0.001995[0m
[0m[ INFO] [1748068910.212816111]: [1748068910.213] Reference trajectory - x: 0.094072, y: 0.000000, phi: 0.000000, v: 0.149605, w: 0.000000[0m
[0m[ INFO] [1748068910.212997137]: [1748068910.213] v: 0.469724, w: -0.009050[0m
[0m[ INFO] [1748068910.213146611]: Received reference trajectory - x: 109.591339, y: 0.000000, phi: 0.000000, v: 160.680313, w: 0.000000[0m
[0m[ INFO] [1748068910.302480902]: [1748068910.302] Robot state - x: 0.061724, y: 0.000132, phi: 0.003059[0m
[0m[ INFO] [1748068910.302674248]: [1748068910.303] Reference trajectory - x: 0.109591, y: 0.000000, phi: 0.000000, v: 0.160680, w: 0.000000[0m
[0m[ INFO] [1748068910.302768842]: [1748068910.303] v: 0.479843, w: -0.013574[0m
[0m[ INFO] [1748068910.312470814]: Received reference trajectory - x: 126.202370, y: 0.000000, phi: 0.000000, v: 171.573334, w: 0.000000[0m
[0m[ INFO] [1748068910.405377789]: [1748068910.405] Robot state - x: 0.085046, y: 0.000211, phi: 0.005836[0m
[0m[ INFO] [1748068910.405464830]: [1748068910.405] Reference trajectory - x: 0.126202, y: 0.000000, phi: 0.000000, v: 0.171573, w: 0.000000[0m
[0m[ INFO] [1748068910.405508190]: [1748068910.405] v: 0.476637, w: -0.025445[0m
[0m[ INFO] [1748068910.414684525]: Received reference trajectory - x: 143.934311, y: 0.000000, phi: 0.000000, v: 182.312363, w: 0.000000[0m
[0m[ INFO] [1748068910.502804786]: [1748068910.503] Robot state - x: 0.111787, y: 0.000303, phi: 0.006600[0m
[0m[ INFO] [1748068910.502977044]: [1748068910.503] Reference trajectory - x: 0.143934, y: 0.000000, phi: 0.000000, v: 0.182312, w: 0.000000[0m
[0m[ INFO] [1748068910.503027028]: [1748068910.503] v: 0.461143, w: -0.029474[0m
[0m[ INFO] [1748068910.512572807]: Received reference trajectory - x: 162.657532, y: 0.000000, phi: 0.000000, v: 192.831772, w: 0.000000[0m
[0m[ INFO] [1748068910.603585103]: [1748068910.603] Robot state - x: 0.140538, y: 0.000481, phi: 0.007282[0m
[0m[ INFO] [1748068910.603703408]: [1748068910.604] Reference trajectory - x: 0.162658, y: 0.000000, phi: 0.000000, v: 0.192832, w: 0.000000[0m
[0m[ INFO] [1748068910.603801873]: [1748068910.604] v: 0.438142, w: -0.034056[0m
[0m[ INFO] [1748068910.614690452]: Received reference trajectory - x: 182.474609, y: 0.000000, phi: 0.000000, v: 203.200745, w: 0.000000[0m
[0m[ INFO] [1748068910.702888506]: [1748068910.703] Robot state - x: 0.170095, y: 0.000630, phi: 0.004190[0m
[0m[ INFO] [1748068910.703055772]: [1748068910.703] Reference trajectory - x: 0.182475, y: 0.000000, phi: 0.000000, v: 0.203201, w: 0.000000[0m
[0m[ INFO] [1748068910.703130045]: [1748068910.703] v: 0.413072, w: -0.023406[0m
[0m[ INFO] [1748068910.715895447]: Received reference trajectory - x: 203.327927, y: 0.000000, phi: 0.000000, v: 213.395248, w: 0.000000[0m
[0m[ INFO] [1748068910.806821917]: [1748068910.806] Robot state - x: 0.199252, y: 0.000743, phi: -0.002627[0m
[0m[ INFO] [1748068910.807407108]: [1748068910.807] Reference trajectory - x: 0.203328, y: 0.000000, phi: 0.000000, v: 0.213395, w: 0.000000[0m
[0m[ INFO] [1748068910.807584359]: [1748068910.807] v: 0.391005, w: 0.002370[0m
[0m[ INFO] [1748068910.814646108]: Received reference trajectory - x: 225.153137, y: 0.000000, phi: 0.000000, v: 223.393967, w: 0.000000[0m
[0m[ INFO] [1748068910.902763712]: [1748068910.903] Robot state - x: 0.228005, y: 0.000820, phi: -0.005686[0m
[0m[ INFO] [1748068910.902908834]: [1748068910.903] Reference trajectory - x: 0.225153, y: 0.000000, phi: 0.000000, v: 0.223394, w: 0.000000[0m
[0m[ INFO] [1748068910.902951651]: [1748068910.903] v: 0.372110, w: 0.013534[0m
[0m[ INFO] [1748068910.912981339]: Received reference trajectory - x: 247.963730, y: 0.000000, phi: 0.000000, v: 233.213104, w: 0.000000[0m
[0m[ INFO] [1748068911.010823317]: [1748068911.011] Robot state - x: 0.255952, y: 0.000756, phi: -0.004971[0m
[0m[ INFO] [1748068911.010933302]: [1748068911.011] Reference trajectory - x: 0.247964, y: 0.000000, phi: 0.000000, v: 0.233213, w: 0.000000[0m
[0m[ INFO] [1748068911.011054616]: [1748068911.011] v: 0.358650, w: 0.011067[0m
[0m[ INFO] [1748068911.012789037]: Received reference trajectory - x: 271.769470, y: 0.000000, phi: 0.000000, v: 242.863876, w: 0.000000[0m
[0m[ INFO] [1748068911.102568516]: [1748068911.102] Robot state - x: 0.283095, y: 0.000612, phi: -0.004223[0m
[0m[ INFO] [1748068911.102694117]: [1748068911.103] Reference trajectory - x: 0.271769, y: 0.000000, phi: 0.000000, v: 0.242864, w: 0.000000[0m
[0m[ INFO] [1748068911.102795207]: [1748068911.103] v: 0.351237, w: 0.009295[0m
[0m[ INFO] [1748068911.112653885]: Received reference trajectory - x: 296.524689, y: 0.000000, phi: 0.000000, v: 252.334351, w: 0.000000[0m
[0m[ INFO] [1748068911.204579566]: [1748068911.204] Robot state - x: 0.310037, y: 0.000463, phi: -0.005337[0m
[0m[ INFO] [1748068911.204765457]: [1748068911.205] Reference trajectory - x: 0.296525, y: 0.000000, phi: 0.000000, v: 0.252334, w: 0.000000[0m
[0m[ INFO] [1748068911.204834417]: [1748068911.205] v: 0.347597, w: 0.015020[0m
[0m[ INFO] [1748068911.214253315]: Received reference trajectory - x: 322.244324, y: 0.000000, phi: 0.000000, v: 261.636444, w: 0.000000[0m
[0m[ INFO] [1748068911.309001110]: [1748068911.309] Robot state - x: 0.336778, y: 0.000360, phi: -0.004572[0m
[0m[ INFO] [1748068911.309126103]: [1748068911.309] Reference trajectory - x: 0.322244, y: 0.000000, phi: 0.000000, v: 0.261636, w: 0.000000[0m
[0m[ INFO] [1748068911.309237817]: [1748068911.309] v: 0.348178, w: 0.012860[0m
[0m[ INFO] [1748068911.314000370]: Received reference trajectory - x: 348.871613, y: 0.000000, phi: 0.000000, v: 270.755737, w: 0.000000[0m
[0m[ INFO] [1748068911.406540906]: [1748068911.406] Robot state - x: 0.363519, y: 0.000228, phi: -0.003807[0m
[0m[ INFO] [1748068911.406889199]: [1748068911.407] Reference trajectory - x: 0.348872, y: 0.000000, phi: 0.000000, v: 0.270756, w: 0.000000[0m
[0m[ INFO] [1748068911.406967984]: [1748068911.407] v: 0.352208, w: 0.011030[0m
[0m[ INFO] [1748068911.414179782]: Received reference trajectory - x: 376.420654, y: 0.000000, phi: 0.000000, v: 279.703003, w: 0.000000[0m
[0m[ INFO] [1748068911.504502852]: [1748068911.504] Robot state - x: 0.390057, y: 0.000142, phi: -0.001164[0m
[0m[ INFO] [1748068911.505009930]: [1748068911.505] Reference trajectory - x: 0.376421, y: 0.000000, phi: 0.000000, v: 0.279703, w: 0.000000[0m
[0m[ INFO] [1748068911.505308430]: [1748068911.505] v: 0.360924, w: 0.001309[0m
[0m[ INFO] [1748068911.513256013]: Received reference trajectory - x: 404.831726, y: 0.000000, phi: 0.000000, v: 288.464752, w: 0.000000[0m
[0m[ INFO] [1748068911.603946160]: [1748068911.604] Robot state - x: 0.417000, y: 0.000024, phi: -0.002278[0m
[0m[ INFO] [1748068911.604129202]: [1748068911.604] Reference trajectory - x: 0.404832, y: 0.000000, phi: 0.000000, v: 0.288465, w: 0.000000[0m
[0m[ INFO] [1748068911.604424373]: [1748068911.604] v: 0.371772, w: 0.006870[0m
[0m[ INFO] [1748068911.616006145]: Received reference trajectory - x: 434.142914, y: 0.000000, phi: 0.000000, v: 297.058136, w: 0.000000[0m
[0m[ INFO] [1748068911.703078871]: [1748068911.703] Robot state - x: 0.444145, y: -0.000048, phi: -0.005270[0m
[0m[ INFO] [1748068911.703240249]: [1748068911.703] Reference trajectory - x: 0.434143, y: 0.000000, phi: 0.000000, v: 0.297058, w: 0.000000[0m
[0m[ INFO] [1748068911.703348219]: [1748068911.703] v: 0.385955, w: 0.019485[0m
[0m[ INFO] [1748068911.713022095]: Received reference trajectory - x: 464.184906, y: 0.000000, phi: 0.000000, v: 305.440491, w: 0.000000[0m
[0m[ INFO] [1748068911.805044801]: [1748068911.805] Robot state - x: 0.471892, y: -0.000127, phi: -0.006417[0m
[0m[ INFO] [1748068911.805173379]: [1748068911.805] Reference trajectory - x: 0.464185, y: 0.000000, phi: 0.000000, v: 0.305440, w: 0.000000[0m
[0m[ INFO] [1748068911.805380517]: [1748068911.805] v: 0.401173, w: 0.024853[0m
[0m[ INFO] [1748068911.813637545]: Received reference trajectory - x: 495.150604, y: 0.000000, phi: 0.000000, v: 313.671112, w: 0.000000[0m
[0m[ INFO] [1748068911.903173021]: [1748068911.903] Robot state - x: 0.500441, y: -0.000241, phi: -0.003857[0m
[0m[ INFO] [1748068911.903357087]: [1748068911.903] Reference trajectory - x: 0.495151, y: 0.000000, phi: 0.000000, v: 0.313671, w: 0.000000[0m
[0m[ INFO] [1748068911.903452480]: [1748068911.903] v: 0.417494, w: 0.015852[0m
[0m[ INFO] [1748068911.914758056]: Received reference trajectory - x: 526.930481, y: 0.000000, phi: 0.000000, v: 321.723816, w: 0.000000[0m
[0m[ INFO] [1748068912.004741602]: [1748068912.005] Robot state - x: 0.529392, y: -0.000390, phi: -0.001313[0m
[0m[ INFO] [1748068912.004911844]: [1748068912.005] Reference trajectory - x: 0.526930, y: 0.000000, phi: 0.000000, v: 0.321724, w: 0.000000[0m
[0m[ INFO] [1748068912.005018917]: [1748068912.005] v: 0.436196, w: 0.007303[0m
[0m[ INFO] [1748068912.014687194]: Received reference trajectory - x: 559.502869, y: 0.000000, phi: 0.000000, v: 329.597687, w: 0.000000[0m
[0m[ INFO] [1748068912.102748443]: [1748068912.103] Robot state - x: 0.560758, y: -0.000531, phi: -0.002610[0m
[0m[ INFO] [1748068912.102841884]: [1748068912.103] Reference trajectory - x: 0.559503, y: 0.000000, phi: 0.000000, v: 0.329598, w: 0.000000[0m
[0m[ INFO] [1748068912.102888669]: [1748068912.103] v: 0.448548, w: 0.013997[0m
[0m[ INFO] [1748068912.112565777]: Received reference trajectory - x: 592.821167, y: 0.000000, phi: 0.000000, v: 337.286346, w: 0.000000[0m
[0m[ INFO] [1748068912.208558513]: [1748068912.208] Robot state - x: 0.593331, y: -0.000596, phi: -0.003957[0m
[0m[ INFO] [1748068912.208726899]: [1748068912.209] Reference trajectory - x: 0.592821, y: 0.000000, phi: 0.000000, v: 0.337286, w: 0.000000[0m
[0m[ INFO] [1748068912.208793620]: [1748068912.209] v: 0.459088, w: 0.020167[0m
[0m[ INFO] [1748068912.214575706]: Received reference trajectory - x: 626.952698, y: 0.000000, phi: 0.000000, v: 344.809113, w: 0.000000[0m
[0m[ INFO] [1748068912.311745320]: [1748068912.311] Robot state - x: 0.626506, y: -0.000674, phi: -0.003458[0m
[0m[ INFO] [1748068912.311887178]: [1748068912.312] Reference trajectory - x: 0.626953, y: 0.000000, phi: 0.000000, v: 0.344809, w: 0.000000[0m
[0m[ INFO] [1748068912.311963083]: [1748068912.312] v: 0.470618, w: 0.019156[0m
[0m[ INFO] [1748068912.312753556]: Received reference trajectory - x: 661.781433, y: 0.000000, phi: 0.000000, v: 352.144257, w: 0.000000[0m
[0m[ INFO] [1748068912.410340232]: [1748068912.410] Robot state - x: 0.660887, y: -0.000803, phi: -0.003009[0m
[0m[ INFO] [1748068912.410497386]: [1748068912.410] Reference trajectory - x: 0.661781, y: 0.000000, phi: 0.000000, v: 0.352144, w: 0.000000[0m
[0m[ INFO] [1748068912.410591147]: [1748068912.411] v: 0.480044, w: 0.018868[0m
[0m[ INFO] [1748068912.412749989]: Received reference trajectory - x: 697.350281, y: 0.000000, phi: 0.000000, v: 359.304932, w: 0.000000[0m
[0m[ INFO] [1748068912.503020481]: [1748068912.503] Robot state - x: 0.696274, y: -0.000951, phi: -0.004472[0m
[0m[ INFO] [1748068912.503120322]: [1748068912.503] Reference trajectory - x: 0.697350, y: 0.000000, phi: 0.000000, v: 0.359305, w: 0.000000[0m
[0m[ INFO] [1748068912.503169699]: [1748068912.503] v: 0.488279, w: 0.026422[0m
[0m[ INFO] [1748068912.513648001]: Received reference trajectory - x: 733.626038, y: 0.000000, phi: 0.000000, v: 366.287842, w: 0.000000[0m
[0m[ INFO] [1748068912.603995901]: [1748068912.604] Robot state - x: 0.731460, y: -0.001050, phi: -0.004057[0m
[0m[ INFO] [1748068912.604204000]: [1748068912.604] Reference trajectory - x: 0.733626, y: 0.000000, phi: 0.000000, v: 0.366288, w: 0.000000[0m
[0m[ INFO] [1748068912.604304513]: [1748068912.604] v: 0.500351, w: 0.026056[0m
[0m[ INFO] [1748068912.614690174]: Received reference trajectory - x: 770.620728, y: 0.000000, phi: 0.000000, v: 373.098389, w: 0.000000[0m
[0m[ INFO] [1748068912.702926049]: [1748068912.703] Robot state - x: 0.767851, y: -0.001206, phi: -0.003691[0m
[0m[ INFO] [1748068912.703172676]: [1748068912.703] Reference trajectory - x: 0.770621, y: 0.000000, phi: 0.000000, v: 0.373098, w: 0.000000[0m
[0m[ INFO] [1748068912.703270885]: [1748068912.703] v: 0.510474, w: 0.026495[0m
[0m[ INFO] [1748068912.715691610]: Received reference trajectory - x: 808.300110, y: 0.000000, phi: 0.000000, v: 379.732971, w: 0.000000[0m
[0m[ INFO] [1748068912.803702299]: [1748068912.804] Robot state - x: 0.805650, y: -0.001318, phi: -0.001513[0m
[0m[ INFO] [1748068912.803857725]: [1748068912.804] Reference trajectory - x: 0.808300, y: 0.000000, phi: 0.000000, v: 0.379733, w: 0.000000[0m
[0m[ INFO] [1748068912.803920382]: [1748068912.804] v: 0.517466, w: 0.019338[0m
[0m[ INFO] [1748068912.814480061]: Received reference trajectory - x: 846.582397, y: 0.000000, phi: 0.000000, v: 386.180847, w: 0.000000[0m
[0m[ INFO] [1748068912.902540254]: [1748068912.902] Robot state - x: 0.844453, y: -0.001383, phi: 0.002494[0m
[0m[ INFO] [1748068912.902709696]: [1748068912.903] Reference trajectory - x: 0.846582, y: 0.000000, phi: 0.000000, v: 0.386181, w: 0.000000[0m
[0m[ INFO] [1748068912.902761601]: [1748068912.903] v: 0.522483, w: 0.004477[0m
[0m[ INFO] [1748068912.913030908]: Received reference trajectory - x: 885.485474, y: 0.000000, phi: 0.000000, v: 392.448761, w: 0.000000[0m
[0m[ INFO] [1748068913.002923091]: [1748068913.003] Robot state - x: 0.884264, y: -0.001476, phi: 0.000848[0m
[0m[ INFO] [1748068913.003016020]: [1748068913.003] Reference trajectory - x: 0.885485, y: 0.000000, phi: 0.000000, v: 0.392449, w: 0.000000[0m
[0m[ INFO] [1748068913.003058677]: [1748068913.003] v: 0.525469, w: 0.012390[0m
[0m[ INFO] [1748068913.013002060]: Received reference trajectory - x: 925.024658, y: 0.000000, phi: 0.000000, v: 398.541962, w: 0.000000[0m
[0m[ INFO] [1748068913.102831905]: [1748068913.103] Robot state - x: 0.924877, y: -0.001333, phi: 0.002910[0m
[0m[ INFO] [1748068913.102967683]: [1748068913.103] Reference trajectory - x: 0.925025, y: 0.000000, phi: 0.000000, v: 0.398542, w: 0.000000[0m
[0m[ INFO] [1748068913.103010243]: [1748068913.103] v: 0.527270, w: 0.003227[0m
[0m[ INFO] [1748068913.113012827]: Received reference trajectory - x: 965.172668, y: 0.000000, phi: 0.000000, v: 404.458710, w: 0.000000[0m
[0m[ INFO] [1748068913.204584325]: [1748068913.204] Robot state - x: 0.965894, y: -0.001333, phi: 0.001214[0m
[0m[ INFO] [1748068913.204705511]: [1748068913.205] Reference trajectory - x: 0.965173, y: 0.000000, phi: 0.000000, v: 0.404459, w: 0.000000[0m
[0m[ INFO] [1748068913.204808328]: [1748068913.205] v: 0.529445, w: 0.010392[0m
[0m[ INFO] [1748068913.214207641]: Received reference trajectory - x: 1005.941223, y: 0.000000, phi: 0.000000, v: 410.202942, w: 0.000000[0m
[0m[ INFO] [1748068913.302830016]: [1748068913.303] Robot state - x: 1.007916, y: -0.001208, phi: 0.001347[0m
[0m[ INFO] [1748068913.302939169]: [1748068913.303] Reference trajectory - x: 1.005941, y: 0.000000, phi: 0.000000, v: 0.410203, w: 0.000000[0m
[0m[ INFO] [1748068913.304565908]: [1748068913.303] v: 0.529502, w: 0.009034[0m
[0m[ INFO] [1748068913.312702038]: Received reference trajectory - x: 1047.225098, y: 0.000000, phi: 0.000000, v: 415.762421, w: 0.000000[0m
[0m[ INFO] [1748068913.409102938]: [1748068913.409] Robot state - x: 1.050540, y: -0.001114, phi: 0.003325[0m
[0m[ INFO] [1748068913.409441470]: [1748068913.409] Reference trajectory - x: 1.047225, y: 0.000000, phi: 0.000000, v: 0.415762, w: 0.000000[0m
[0m[ INFO] [1748068913.409578688]: [1748068913.409] v: 0.528598, w: 0.000609[0m
[0m[ INFO] [1748068913.414557115]: Received reference trajectory - x: 1089.139282, y: 0.000000, phi: 0.000000, v: 421.154755, w: 0.000000[0m
[0m[ INFO] [1748068913.502887359]: [1748068913.503] Robot state - x: 1.092966, y: -0.001134, phi: -0.000299[0m
[0m[ INFO] [1748068913.503035328]: [1748068913.503] Reference trajectory - x: 1.089139, y: 0.000000, phi: 0.000000, v: 0.421155, w: 0.000000[0m
[0m[ INFO] [1748068913.503153602]: [1748068913.503] v: 0.530713, w: 0.015571[0m
[0m[ INFO] [1748068913.512639668]: Received reference trajectory - x: 1131.437500, y: 0.000000, phi: 0.000000, v: 426.351074, w: 0.000000[0m
[0m[ INFO] [1748068913.609012055]: [1748068913.609] Robot state - x: 1.136398, y: -0.001110, phi: -0.005836[0m
[0m[ INFO] [1748068913.609175897]: [1748068913.609] Reference trajectory - x: 1.131438, y: 0.000000, phi: 0.000000, v: 0.426351, w: 0.000000[0m
[0m[ INFO] [1748068913.609343195]: [1748068913.609] v: 0.529760, w: 0.037703[0m
[0m[ INFO] [1748068913.614129653]: Received reference trajectory - x: 1174.355957, y: 0.000000, phi: 0.000000, v: 431.382935, w: 0.000000[0m
[0m[ INFO] [1748068913.710497496]: [1748068913.710] Robot state - x: 1.179424, y: -0.001081, phi: -0.003874[0m
[0m[ INFO] [1748068913.710829692]: [1748068913.711] Reference trajectory - x: 1.174356, y: 0.000000, phi: 0.000000, v: 0.431383, w: 0.000000[0m
[0m[ INFO] [1748068913.710907741]: [1748068913.711] v: 0.532754, w: 0.029960[0m
[0m[ INFO] [1748068913.713944002]: Received reference trajectory - x: 1217.758911, y: 0.000000, phi: 0.000000, v: 436.235657, w: 0.000000[0m
[0m[ INFO] [1748068913.812609313]: Received reference trajectory - x: 1261.559937, y: 0.000000, phi: 0.000000, v: 440.902252, w: 0.000000[0m
[0m[ INFO] [1748068913.862622296]: [1748068913.863] Robot state - x: 1.223254, y: -0.001294, phi: -0.001945[0m
[0m[ INFO] [1748068913.862725178]: [1748068913.863] Reference trajectory - x: 1.261560, y: 0.000000, phi: 0.000000, v: 0.440902, w: 0.000000[0m
[0m[ INFO] [1748068913.862767322]: [1748068913.863] v: 0.729632, w: 0.024768[0m
[0m[ INFO] [1748068913.902404021]: [1748068913.902] Robot state - x: 1.267487, y: -0.001423, phi: -0.000033[0m
[0m[ INFO] [1748068913.902524023]: [1748068913.902] Reference trajectory - x: 1.261560, y: 0.000000, phi: 0.000000, v: 0.440902, w: 0.000000[0m
[0m[ INFO] [1748068913.902566551]: [1748068913.903] v: 0.549043, w: 0.018866[0m
[0m[ INFO] [1748068913.912593552]: Received reference trajectory - x: 1305.865234, y: 0.000000, phi: 0.000000, v: 445.396210, w: 0.000000[0m
[0m[ INFO] [1748068914.003299279]: [1748068914.003] Robot state - x: 1.311721, y: -0.001550, phi: -0.001862[0m
[0m[ INFO] [1748068914.003550834]: [1748068914.003] Reference trajectory - x: 1.305865, y: 0.000000, phi: 0.000000, v: 0.445396, w: 0.000000[0m
[0m[ INFO] [1748068914.003665396]: [1748068914.004] v: 0.551972, w: 0.027853[0m
[0m[ INFO] [1748068914.013461577]: Received reference trajectory - x: 1350.669556, y: 0.000000, phi: 0.000000, v: 449.717987, w: 0.000000[0m
[0m[ INFO] [1748068914.103129979]: [1748068914.103] Robot state - x: 1.356356, y: -0.001509, phi: 0.000033[0m
[0m[ INFO] [1748068914.103295229]: [1748068914.103] Reference trajectory - x: 1.350670, y: 0.000000, phi: 0.000000, v: 0.449718, w: 0.000000[0m
[0m[ INFO] [1748068914.103389022]: [1748068914.103] v: 0.555180, w: 0.020398[0m
[0m[ INFO] [1748068914.113666969]: Received reference trajectory - x: 1395.845459, y: 0.000000, phi: 0.000000, v: 453.856934, w: 0.000000[0m
[0m[ INFO] [1748068914.205114400]: [1748068914.205] Robot state - x: 1.401595, y: -0.001593, phi: 0.000033[0m
[0m[ INFO] [1748068914.205390884]: [1748068914.205] Reference trajectory - x: 1.395845, y: 0.000000, phi: 0.000000, v: 0.453857, w: 0.000000[0m
[0m[ INFO] [1748068914.205457380]: [1748068914.205] v: 0.557246, w: 0.021718[0m
[0m[ INFO] [1748068914.215208313]: Received reference trajectory - x: 1441.440552, y: 0.000000, phi: 0.000000, v: 457.819366, w: 0.000000[0m
[0m[ INFO] [1748068914.311349785]: [1748068914.311] Robot state - x: 1.448038, y: -0.001506, phi: 0.003724[0m
[0m[ INFO] [1748068914.311481786]: [1748068914.311] Reference trajectory - x: 1.441441, y: 0.000000, phi: 0.000000, v: 0.457819, w: 0.000000[0m
[0m[ INFO] [1748068914.311583547]: [1748068914.312] v: 0.555695, w: 0.006672[0m
[0m[ INFO] [1748068914.313423730]: Received reference trajectory - x: 1487.390381, y: 0.000000, phi: 0.000000, v: 461.601318, w: 0.000000[0m
[0m[ INFO] [1748068914.403165412]: [1748068914.403] Robot state - x: 1.494886, y: -0.001506, phi: 0.003658[0m
[0m[ INFO] [1748068914.403287238]: [1748068914.403] Reference trajectory - x: 1.487390, y: 0.000000, phi: 0.000000, v: 0.461601, w: 0.000000[0m
[0m[ INFO] [1748068914.403354503]: [1748068914.403] v: 0.553479, w: 0.007413[0m
[0m[ INFO] [1748068914.414618413]: Received reference trajectory - x: 1533.760742, y: 0.000000, phi: 0.000000, v: 465.209564, w: 0.000000[0m
[0m[ INFO] [1748068914.511369108]: [1748068914.511] Robot state - x: 1.542537, y: -0.001331, phi: 0.003558[0m
[0m[ INFO] [1748068914.511476917]: [1748068914.511] Reference trajectory - x: 1.533761, y: 0.000000, phi: 0.000000, v: 0.465210, w: 0.000000[0m
[0m[ INFO] [1748068914.511540150]: [1748068914.512] v: 0.549137, w: 0.006534[0m
[0m[ INFO] [1748068914.512744581]: Received reference trajectory - x: 1580.412842, y: 0.000000, phi: 0.000000, v: 468.634796, w: 0.000000[0m
[0m[ INFO] [1748068914.605323097]: [1748068914.605] Robot state - x: 1.589586, y: -0.001204, phi: 0.001613[0m
[0m[ INFO] [1748068914.605457819]: [1748068914.605] Reference trajectory - x: 1.580413, y: 0.000000, phi: 0.000000, v: 0.468635, w: 0.000000[0m
[0m[ INFO] [1748068914.605502300]: [1748068914.605] v: 0.548056, w: 0.013427[0m
[0m[ INFO] [1748068914.614698442]: Received reference trajectory - x: 1627.470825, y: 0.000000, phi: 0.000000, v: 471.887421, w: 0.000000[0m
[0m[ INFO] [1748068914.702824745]: [1748068914.703] Robot state - x: 1.636836, y: -0.001038, phi: 0.001530[0m
[0m[ INFO] [1748068914.702955147]: [1748068914.703] Reference trajectory - x: 1.627471, y: 0.000000, phi: 0.000000, v: 0.471887, w: 0.000000[0m
[0m[ INFO] [1748068914.703061420]: [1748068914.703] v: 0.547574, w: 0.012476[0m
[0m[ INFO] [1748068914.712618590]: Received reference trajectory - x: 1674.778198, y: 0.000000, phi: 0.000000, v: 474.957825, w: 0.000000[0m
[0m[ INFO] [1748068914.802996601]: [1748068914.803] Robot state - x: 1.684687, y: -0.000919, phi: 0.003292[0m
[0m[ INFO] [1748068914.803186267]: [1748068914.803] Reference trajectory - x: 1.674778, y: 0.000000, phi: 0.000000, v: 0.474958, w: 0.000000[0m
[0m[ INFO] [1748068914.803241148]: [1748068914.803] v: 0.545312, w: 0.004603[0m
[0m[ INFO] [1748068914.812753710]: Received reference trajectory - x: 1722.418945, y: 0.000000, phi: 0.000000, v: 477.852783, w: 0.000000[0m
[0m[ INFO] [1748068914.903722735]: [1748068914.904] Robot state - x: 1.732339, y: -0.000848, phi: 0.003192[0m
[0m[ INFO] [1748068914.903884977]: [1748068914.904] Reference trajectory - x: 1.722419, y: 0.000000, phi: 0.000000, v: 0.477853, w: 0.000000[0m
[0m[ INFO] [1748068914.903980594]: [1748068914.904] v: 0.545025, w: 0.004585[0m
[0m[ INFO] [1748068914.915303002]: Received reference trajectory - x: 1770.410767, y: 0.000000, phi: 0.000000, v: 480.573853, w: 0.000000[0m
[0m[ INFO] [1748068915.010244043]: [1748068915.010] Robot state - x: 1.779589, y: -0.000695, phi: 0.003109[0m
[0m[ INFO] [1748068915.010501134]: [1748068915.010] Reference trajectory - x: 1.770411, y: 0.000000, phi: 0.000000, v: 0.480574, w: 0.000000[0m
[0m[ INFO] [1748068915.010731441]: [1748068915.011] v: 0.547844, w: 0.003648[0m
[0m[ INFO] [1748068915.014013560]: Received reference trajectory - x: 1818.697632, y: 0.000000, phi: 0.000000, v: 483.118225, w: 0.000000[0m
[0m[ INFO] [1748068915.103389189]: [1748068915.103] Robot state - x: 1.827442, y: -0.000589, phi: 0.001131[0m
[0m[ INFO] [1748068915.103571495]: [1748068915.103] Reference trajectory - x: 1.818698, y: 0.000000, phi: 0.000000, v: 0.483118, w: 0.000000[0m
[0m[ INFO] [1748068915.103634824]: [1748068915.104] v: 0.549374, w: 0.010680[0m
[0m[ INFO] [1748068915.113134362]: Received reference trajectory - x: 1866.958130, y: 0.000000, phi: 0.000000, v: 485.471313, w: 0.000000[0m
[0m[ INFO] [1748068915.212079417]: [1748068915.212] Robot state - x: 1.875496, y: -0.000443, phi: 0.001014[0m
[0m[ INFO] [1748068915.212244763]: [1748068915.212] Reference trajectory - x: 1.866958, y: 0.000000, phi: 0.000000, v: 0.485471, w: 0.000000[0m
[0m[ INFO] [1748068915.212312636]: [1748068915.212] v: 0.549863, w: 0.009863[0m
[0m[ INFO] [1748068915.213396393]: Received reference trajectory - x: 1915.617676, y: 0.000000, phi: 0.000000, v: 487.655334, w: 0.000000[0m
[0m[ INFO] [1748068915.303205147]: [1748068915.303] Robot state - x: 1.923550, y: -0.000391, phi: 0.000898[0m
[0m[ INFO] [1748068915.303313948]: [1748068915.303] Reference trajectory - x: 1.915618, y: 0.000000, phi: 0.000000, v: 0.487655, w: 0.000000[0m
[0m[ INFO] [1748068915.303357821]: [1748068915.303] v: 0.551986, w: 0.009950[0m
[0m[ INFO] [1748068915.314301952]: Received reference trajectory - x: 1964.516357, y: 0.000000, phi: 0.000000, v: 489.662720, w: 0.000000[0m
[0m[ INFO] [1748068915.409108526]: [1748068915.409] Robot state - x: 1.972006, y: -0.000345, phi: 0.000765[0m
[0m[ INFO] [1748068915.409255600]: [1748068915.409] Reference trajectory - x: 1.964516, y: 0.000000, phi: 0.000000, v: 0.489663, w: 0.000000[0m
[0m[ INFO] [1748068915.409300880]: [1748068915.409] v: 0.553414, w: 0.010143[0m
[0m[ INFO] [1748068915.412783194]: Received reference trajectory - x: 2013.555054, y: 0.000000, phi: 0.000000, v: 491.490265, w: 0.000000[0m
[0m[ INFO] [1748068915.502963056]: [1748068915.503] Robot state - x: 2.020865, y: -0.000396, phi: -0.003126[0m
[0m[ INFO] [1748068915.503085842]: [1748068915.503] Reference trajectory - x: 2.013555, y: 0.000000, phi: 0.000000, v: 0.491490, w: 0.000000[0m
[0m[ INFO] [1748068915.503283252]: [1748068915.503] v: 0.553652, w: 0.026234[0m
[0m[ INFO] [1748068915.514070517]: Received reference trajectory - x: 2062.791992, y: 0.000000, phi: 0.000000, v: 493.140930, w: 0.000000[0m
[0m[ INFO] [1748068915.602739354]: [1748068915.603] Robot state - x: 2.069724, y: -0.000363, phi: -0.003275[0m
[0m[ INFO] [1748068915.602851931]: [1748068915.603] Reference trajectory - x: 2.062792, y: 0.000000, phi: 0.000000, v: 0.493141, w: 0.000000[0m
[0m[ INFO] [1748068915.602939356]: [1748068915.603] v: 0.554642, w: 0.026617[0m
[0m[ INFO] [1748068915.612596688]: Received reference trajectory - x: 2112.162842, y: 0.000000, phi: 0.000000, v: 494.613190, w: 0.000000[0m
[0m[ INFO] [1748068915.702527459]: [1748068915.702] Robot state - x: 2.118582, y: -0.000519, phi: -0.003425[0m
[0m[ INFO] [1748068915.702685029]: [1748068915.703] Reference trajectory - x: 2.112163, y: 0.000000, phi: 0.000000, v: 0.494613, w: 0.000000[0m
[0m[ INFO] [1748068915.702792903]: [1748068915.703] v: 0.556156, w: 0.028891[0m
[0m[ INFO] [1748068915.712578492]: Received reference trajectory - x: 2161.684814, y: 0.000000, phi: 0.000000, v: 495.908112, w: 0.000000[0m
[0m[ INFO] [1748068915.806969157]: [1748068915.807] Robot state - x: 2.167640, y: -0.000638, phi: -0.001712[0m
[0m[ INFO] [1748068915.807121927]: [1748068915.807] Reference trajectory - x: 2.161685, y: 0.000000, phi: 0.000000, v: 0.495908, w: 0.000000[0m
[0m[ INFO] [1748068915.807224232]: [1748068915.807] v: 0.557441, w: 0.023433[0m
[0m[ INFO] [1748068915.814747970]: Received reference trajectory - x: 2211.371582, y: 0.000000, phi: 0.000000, v: 497.026215, w: 0.000000[0m
[0m[ INFO] [1748068915.903575656]: [1748068915.903] Robot state - x: 2.216496, y: -0.000717, phi: 0.001879[0m
[0m[ INFO] [1748068915.903699882]: [1748068915.904] Reference trajectory - x: 2.211372, y: 0.000000, phi: 0.000000, v: 0.497026, w: 0.000000[0m
[0m[ INFO] [1748068915.903745194]: [1748068915.904] v: 0.560296, w: 0.010151[0m
[0m[ INFO] [1748068915.913306173]: Received reference trajectory - x: 2261.091553, y: 0.000000, phi: 0.000000, v: 497.965057, w: 0.000000[0m
[0m[ INFO] [1748068916.002616713]: [1748068916.002] Robot state - x: 2.265958, y: -0.000853, phi: -0.000166[0m
[0m[ INFO] [1748068916.002749931]: [1748068916.003] Reference trajectory - x: 2.261091, y: 0.000000, phi: 0.000000, v: 0.497965, w: 0.000000[0m
[0m[ INFO] [1748068916.002800779]: [1748068916.003] v: 0.560738, w: 0.019862[0m
[0m[ INFO] [1748068916.012569632]: Received reference trajectory - x: 2310.915527, y: 0.000000, phi: 0.000000, v: 498.726624, w: 0.000000[0m
[0m[ INFO] [1748068916.103062649]: [1748068916.103] Robot state - x: 2.315820, y: -0.000717, phi: 0.001513[0m
[0m[ INFO] [1748068916.103243739]: [1748068916.103] Reference trajectory - x: 2.310915, y: 0.000000, phi: 0.000000, v: 0.498727, w: 0.000000[0m
[0m[ INFO] [1748068916.103308540]: [1748068916.103] v: 0.559793, w: 0.012099[0m
[0m[ INFO] [1748068916.114071644]: Received reference trajectory - x: 2360.857178, y: 0.000000, phi: 0.000000, v: 499.310974, w: 0.000000[0m
[0m[ INFO] [1748068916.210400763]: [1748068916.210] Robot state - x: 2.365683, y: -0.000684, phi: 0.003192[0m
[0m[ INFO] [1748068916.210541309]: [1748068916.210] Reference trajectory - x: 2.360857, y: 0.000000, phi: 0.000000, v: 0.499311, w: 0.000000[0m
[0m[ INFO] [1748068916.210587485]: [1748068916.211] v: 0.559171, w: 0.005313[0m
[0m[ INFO] [1748068916.213334430]: Received reference trajectory - x: 2410.802734, y: 0.000000, phi: 0.000000, v: 499.717010, w: 0.000000[0m
[0m[ INFO] [1748068916.303881304]: [1748068916.304] Robot state - x: 2.415747, y: -0.000613, phi: 0.002993[0m
[0m[ INFO] [1748068916.304094171]: [1748068916.304] Reference trajectory - x: 2.410803, y: 0.000000, phi: 0.000000, v: 0.499717, w: 0.000000[0m
[0m[ INFO] [1748068916.304159899]: [1748068916.304] v: 0.557533, w: 0.005615[0m
[0m[ INFO] [1748068916.313279016]: Received reference trajectory - x: 2460.764404, y: 0.000000, phi: 0.000000, v: 499.945251, w: 0.000000[0m
[0m[ INFO] [1748068916.403842466]: [1748068916.404] Robot state - x: 2.466216, y: -0.000552, phi: -0.000964[0m
[0m[ INFO] [1748068916.404488938]: [1748068916.404] Reference trajectory - x: 2.460764, y: 0.000000, phi: 0.000000, v: 0.499945, w: 0.000000[0m
[0m[ INFO] [1748068916.404604747]: [1748068916.405] v: 0.553990, w: 0.020930[0m
[0m[ INFO] [1748068916.413616791]: Received reference trajectory - x: 2510.794922, y: 0.000000, phi: 0.000000, v: 499.995850, w: 0.000000[0m
[0m[ INFO] [1748068916.504493173]: [1748068916.504] Robot state - x: 2.516280, y: -0.000407, phi: -0.001164[0m
[0m[ INFO] [1748068916.505083100]: [1748068916.505] Reference trajectory - x: 2.510795, y: 0.000000, phi: 0.000000, v: 0.499996, w: 0.000000[0m
[0m[ INFO] [1748068916.505558753]: [1748068916.505] v: 0.552170, w: 0.020449[0m
[0m[ INFO] [1748068916.513004570]: Received reference trajectory - x: 2560.797363, y: 0.000000, phi: 0.000000, v: 499.868561, w: 0.000000[0m
[0m[ INFO] [1748068916.606200436]: [1748068916.606] Robot state - x: 2.566545, y: -0.000413, phi: 0.000499[0m
[0m[ INFO] [1748068916.606370070]: [1748068916.606] Reference trajectory - x: 2.560797, y: 0.000000, phi: 0.000000, v: 0.499869, w: 0.000000[0m
[0m[ INFO] [1748068916.606440054]: [1748068916.606] v: 0.549165, w: 0.014033[0m
[0m[ INFO] [1748068916.614763130]: Received reference trajectory - x: 2610.796875, y: 0.000000, phi: 0.000000, v: 499.563263, w: 0.000000[0m
[0m[ INFO] [1748068916.702787669]: [1748068916.703] Robot state - x: 2.616207, y: -0.000476, phi: 0.000316[0m
[0m[ INFO] [1748068916.703080121]: [1748068916.703] Reference trajectory - x: 2.610797, y: 0.000000, phi: 0.000000, v: 0.499563, w: 0.000000[0m
[0m[ INFO] [1748068916.703139386]: [1748068916.703] v: 0.548511, w: 0.015515[0m
[0m[ INFO] [1748068916.712797773]: Received reference trajectory - x: 2660.678467, y: 0.000000, phi: 0.000000, v: 499.080902, w: 0.000000[0m
[0m[ INFO] [1748068916.808511237]: [1748068916.808] Robot state - x: 2.666070, y: -0.000409, phi: 0.001995[0m
[0m[ INFO] [1748068916.808705799]: [1748068916.809] Reference trajectory - x: 2.660678, y: 0.000000, phi: 0.000000, v: 0.499081, w: 0.000000[0m
[0m[ INFO] [1748068916.808805800]: [1748068916.809] v: 0.546401, w: 0.008320[0m
[0m[ INFO] [1748068916.814620333]: Received reference trajectory - x: 2710.643555, y: 0.000000, phi: 0.000000, v: 498.419037, w: 0.000000[0m
[0m[ INFO] [1748068916.903142639]: [1748068916.903] Robot state - x: 2.716134, y: -0.000398, phi: 0.001796[0m
[0m[ INFO] [1748068916.903258896]: [1748068916.903] Reference trajectory - x: 2.710644, y: 0.000000, phi: 0.000000, v: 0.498419, w: 0.000000[0m
[0m[ INFO] [1748068916.903302961]: [1748068916.903] v: 0.543601, w: 0.009135[0m
[0m[ INFO] [1748068916.912696129]: Received reference trajectory - x: 2760.344482, y: 0.000000, phi: 0.000000, v: 497.582275, w: 0.000000[0m
[0m[ INFO] [1748068917.004502954]: [1748068917.004] Robot state - x: 2.767003, y: -0.000303, phi: 0.001563[0m
[0m[ INFO] [1748068917.004668396]: [1748068917.005] Reference trajectory - x: 2.760345, y: 0.000000, phi: 0.000000, v: 0.497582, w: 0.000000[0m
[0m[ INFO] [1748068917.004793389]: [1748068917.005] v: 0.535942, w: 0.009230[0m
[0m[ INFO] [1748068917.013665015]: Received reference trajectory - x: 2810.067871, y: 0.000000, phi: 0.000000, v: 496.565918, w: 0.000000[0m
[0m[ INFO] [1748068917.102858527]: [1748068917.103] Robot state - x: 2.817267, y: -0.000171, phi: 0.003225[0m
[0m[ INFO] [1748068917.103010497]: [1748068917.103] Reference trajectory - x: 2.810068, y: 0.000000, phi: 0.000000, v: 0.496566, w: 0.000000[0m
[0m[ INFO] [1748068917.103066434]: [1748068917.103] v: 0.530462, w: 0.001394[0m
[0m[ INFO] [1748068917.112674261]: Received reference trajectory - x: 2859.655273, y: 0.000000, phi: 0.000000, v: 495.372314, w: 0.000000[0m
[0m[ INFO] [1748068917.210652134]: [1748068917.210] Robot state - x: 2.867332, y: -0.000097, phi: 0.003026[0m
[0m[ INFO] [1748068917.211070859]: [1748068917.211] Reference trajectory - x: 2.859655, y: 0.000000, phi: 0.000000, v: 0.495372, w: 0.000000[0m
[0m[ INFO] [1748068917.211162220]: [1748068917.211] v: 0.524913, w: 0.001509[0m
[0m[ INFO] [1748068917.212454523]: Received reference trajectory - x: 2909.115723, y: 0.000000, phi: 0.000000, v: 494.000977, w: 0.000000[0m
[0m[ INFO] [1748068917.303054132]: [1748068917.303] Robot state - x: 2.917196, y: 0.000012, phi: 0.000964[0m
[0m[ INFO] [1748068917.303227638]: [1748068917.303] Reference trajectory - x: 2.909116, y: 0.000000, phi: 0.000000, v: 0.494001, w: 0.000000[0m
[0m[ INFO] [1748068917.303309303]: [1748068917.303] v: 0.519356, w: 0.008643[0m
[0m[ INFO] [1748068917.312692231]: Received reference trajectory - x: 2958.440918, y: 0.000000, phi: 0.000000, v: 492.451569, w: 0.000000[0m
[0m[ INFO] [1748068917.410517366]: [1748068917.410] Robot state - x: 2.966860, y: 0.000065, phi: -0.002959[0m
[0m[ INFO] [1748068917.410653272]: [1748068917.411] Reference trajectory - x: 2.958441, y: 0.000000, phi: 0.000000, v: 0.492452, w: 0.000000[0m
[0m[ INFO] [1748068917.410806522]: [1748068917.411] v: 0.513775, w: 0.023712[0m
[0m[ INFO] [1748068917.412933331]: Received reference trajectory - x: 3007.616455, y: 0.000000, phi: 0.000000, v: 490.723877, w: 0.000000[0m
[0m[ INFO] [1748068917.503479851]: [1748068917.503] Robot state - x: 3.016122, y: 0.000016, phi: -0.006866[0m
[0m[ INFO] [1748068917.503594125]: [1748068917.504] Reference trajectory - x: 3.007617, y: 0.000000, phi: 0.000000, v: 0.490724, w: 0.000000[0m
[0m[ INFO] [1748068917.503691118]: [1748068917.504] v: 0.509008, w: 0.039715[0m
[0m[ INFO] [1748068917.514442862]: Received reference trajectory - x: 3056.608887, y: 0.000000, phi: 0.000000, v: 488.818329, w: 0.000000[0m
[0m[ INFO] [1748068917.603986363]: [1748068917.604] Robot state - x: 3.065180, y: -0.000087, phi: -0.005154[0m
[0m[ INFO] [1748068917.604108028]: [1748068917.604] Reference trajectory - x: 3.056609, y: 0.000000, phi: 0.000000, v: 0.488818, w: 0.000000[0m
[0m[ INFO] [1748068917.604227134]: [1748068917.604] v: 0.504127, w: 0.033933[0m
[0m[ INFO] [1748068917.614233717]: Received reference trajectory - x: 3105.432373, y: 0.000000, phi: 0.000000, v: 486.733551, w: 0.000000[0m
[0m[ INFO] [1748068917.702754197]: [1748068917.703] Robot state - x: 3.113835, y: -0.000379, phi: -0.003425[0m
[0m[ INFO] [1748068917.702844982]: [1748068917.703] Reference trajectory - x: 3.105432, y: 0.000000, phi: 0.000000, v: 0.486734, w: 0.000000[0m
[0m[ INFO] [1748068917.702945591]: [1748068917.703] v: 0.500064, w: 0.030006[0m
[0m[ INFO] [1748068917.712664555]: Received reference trajectory - x: 3153.930420, y: 0.000000, phi: 0.000000, v: 484.475891, w: 0.000000[0m
[0m[ INFO] [1748068917.808446946]: [1748068917.808] Robot state - x: 3.162895, y: -0.000682, phi: -0.005453[0m
[0m[ INFO] [1748068917.808628228]: [1748068917.809] Reference trajectory - x: 3.153930, y: 0.000000, phi: 0.000000, v: 0.484476, w: 0.000000[0m
[0m[ INFO] [1748068917.808747078]: [1748068917.809] v: 0.492704, w: 0.041218[0m
[0m[ INFO] [1748068917.813861571]: Received reference trajectory - x: 3202.286865, y: 0.000000, phi: 0.000000, v: 482.036072, w: 0.000000[0m
[0m[ INFO] [1748068917.903438992]: [1748068917.903] Robot state - x: 3.210546, y: -0.000847, phi: -0.005553[0m
[0m[ INFO] [1748068917.903815412]: [1748068917.904] Reference trajectory - x: 3.202287, y: 0.000000, phi: 0.000000, v: 0.482036, w: 0.000000[0m
[0m[ INFO] [1748068917.903916149]: [1748068917.904] v: 0.490501, w: 0.043486[0m
[0m[ INFO] [1748068917.913598857]: Received reference trajectory - x: 3250.363281, y: 0.000000, phi: 0.000000, v: 479.419769, w: 0.000000[0m
[0m[ INFO] [1748068918.003932927]: [1748068918.004] Robot state - x: 3.258398, y: -0.001066, phi: -0.003791[0m
[0m[ INFO] [1748068918.004095681]: [1748068918.004] Reference trajectory - x: 3.250363, y: 0.000000, phi: 0.000000, v: 0.479420, w: 0.000000[0m
[0m[ INFO] [1748068918.004205378]: [1748068918.004] v: 0.486253, w: 0.038935[0m
[0m[ INFO] [1748068918.013885429]: Received reference trajectory - x: 3298.162109, y: 0.000000, phi: 0.000000, v: 476.626099, w: 0.000000[0m
[0m[ INFO] [1748068918.102852057]: [1748068918.103] Robot state - x: 3.306049, y: -0.001333, phi: -0.003890[0m
[0m[ INFO] [1748068918.103015131]: [1748068918.103] Reference trajectory - x: 3.298162, y: 0.000000, phi: 0.000000, v: 0.476626, w: 0.000000[0m
[0m[ INFO] [1748068918.103174909]: [1748068918.103] v: 0.481563, w: 0.042339[0m
[0m[ INFO] [1748068918.112587341]: Received reference trajectory - x: 3345.648682, y: 0.000000, phi: 0.000000, v: 473.656250, w: 0.000000[0m
[0m[ INFO] [1748068918.207941086]: [1748068918.208] Robot state - x: 3.354102, y: -0.001518, phi: -0.004007[0m
[0m[ INFO] [1748068918.208382371]: [1748068918.208] Reference trajectory - x: 3.345649, y: 0.000000, phi: 0.000000, v: 0.473656, w: 0.000000[0m
[0m[ INFO] [1748068918.208608742]: [1748068918.209] v: 0.473629, w: 0.045073[0m
[0m[ INFO] [1748068918.213064443]: Received reference trajectory - x: 3392.903320, y: 0.000000, phi: 0.000000, v: 470.503754, w: 0.000000[0m
[0m[ INFO] [1748068918.303074668]: [1748068918.303] Robot state - x: 3.400949, y: -0.001702, phi: -0.004073[0m
[0m[ INFO] [1748068918.303306830]: [1748068918.303] Reference trajectory - x: 3.392903, y: 0.000000, phi: 0.000000, v: 0.470504, w: 0.000000[0m
[0m[ INFO] [1748068918.303369775]: [1748068918.303] v: 0.469579, w: 0.047656[0m
[0m[ INFO] [1748068918.312799199]: Received reference trajectory - x: 3439.742432, y: 0.000000, phi: 0.000000, v: 467.179810, w: 0.000000[0m
[0m[ INFO] [1748068918.407049603]: [1748068918.407] Robot state - x: 3.447594, y: -0.001846, phi: -0.002261[0m
[0m[ INFO] [1748068918.408488308]: [1748068918.408] Reference trajectory - x: 3.439742, y: 0.000000, phi: 0.000000, v: 0.467180, w: 0.000000[0m
[0m[ INFO] [1748068918.408686358]: [1748068918.409] v: 0.464556, w: 0.042435[0m
[0m[ INFO] [1748068918.413912660]: Received reference trajectory - x: 3486.280029, y: 0.000000, phi: 0.000000, v: 463.675415, w: 0.000000[0m
[0m[ INFO] [1748068918.502676598]: [1748068918.503] Robot state - x: 3.494240, y: -0.001994, phi: -0.000449[0m
[0m[ INFO] [1748068918.502835608]: [1748068918.503] Reference trajectory - x: 3.486280, y: 0.000000, phi: 0.000000, v: 0.463675, w: 0.000000[0m
[0m[ INFO] [1748068918.502927449]: [1748068918.503] v: 0.458099, w: 0.037290[0m
[0m[ INFO] [1748068918.514168063]: Received reference trajectory - x: 3532.472900, y: 0.000000, phi: 0.000000, v: 459.992035, w: 0.000000[0m
[0m[ INFO] [1748068918.607660601]: [1748068918.607] Robot state - x: 3.540081, y: -0.002055, phi: 0.001397[0m
[0m[ INFO] [1748068918.607951709]: [1748068918.608] Reference trajectory - x: 3.532473, y: 0.000000, phi: 0.000000, v: 0.459992, w: 0.000000[0m
[0m[ INFO] [1748068918.608086878]: [1748068918.608] v: 0.453430, w: 0.031196[0m
[0m[ INFO] [1748068918.612581812]: Received reference trajectory - x: 3578.273193, y: 0.000000, phi: 0.000000, v: 456.132172, w: 0.000000[0m
[0m[ INFO] [1748068918.702660421]: [1748068918.703] Robot state - x: 3.586124, y: -0.002077, phi: 0.001363[0m
[0m[ INFO] [1748068918.702764199]: [1748068918.703] Reference trajectory - x: 3.578273, y: 0.000000, phi: 0.000000, v: 0.456132, w: 0.000000[0m
[0m[ INFO] [1748068918.702901800]: [1748068918.703] v: 0.446107, w: 0.032193[0m
[0m[ INFO] [1748068918.712459546]: Received reference trajectory - x: 3623.684814, y: 0.000000, phi: 0.000000, v: 452.094025, w: 0.000000[0m
[0m[ INFO] [1748068918.812696709]: Received reference trajectory - x: 3668.684326, y: 0.000000, phi: 0.000000, v: 447.878082, w: 0.000000[0m
[0m[ INFO] [1748068918.861757997]: [1748068918.862] Robot state - x: 3.631965, y: -0.001970, phi: 0.003209[0m
[0m[ INFO] [1748068918.861887631]: [1748068918.862] Reference trajectory - x: 3.668684, y: 0.000000, phi: 0.000000, v: 0.447878, w: 0.000000[0m
[0m[ INFO] [1748068918.861985168]: [1748068918.862] v: 0.629543, w: 0.024448[0m
[0m[ INFO] [1748068918.902351825]: [1748068918.902] Robot state - x: 3.676800, y: -0.001825, phi: 0.006966[0m
[0m[ INFO] [1748068918.902459602]: [1748068918.902] Reference trajectory - x: 3.668684, y: 0.000000, phi: 0.000000, v: 0.447878, w: 0.000000[0m
[0m[ INFO] [1748068918.902507347]: [1748068918.902] v: 0.445828, w: 0.008676[0m
[0m[ INFO] [1748068918.912463529]: Received reference trajectory - x: 3713.251709, y: 0.000000, phi: 0.000000, v: 443.484497, w: 0.000000[0m
[0m[ INFO] [1748068919.010330456]: [1748068919.010] Robot state - x: 3.721836, y: -0.001638, phi: 0.008845[0m
[0m[ INFO] [1748068919.010444473]: [1748068919.010] Reference trajectory - x: 3.713252, y: 0.000000, phi: 0.000000, v: 0.443484, w: 0.000000[0m
[0m[ INFO] [1748068919.010519066]: [1748068919.010] v: 0.436824, w: -0.000086[0m
[0m[ INFO] [1748068919.013162361]: Received reference trajectory - x: 3757.388428, y: 0.000000, phi: 0.000000, v: 438.911316, w: 0.000000[0m
[0m[ INFO] [1748068919.102679043]: [1748068919.103] Robot state - x: 3.765868, y: -0.001330, phi: 0.008895[0m
[0m[ INFO] [1748068919.102770724]: [1748068919.103] Reference trajectory - x: 3.757388, y: 0.000000, phi: 0.000000, v: 0.438911, w: 0.000000[0m
[0m[ INFO] [1748068919.102841861]: [1748068919.103] v: 0.429994, w: -0.002846[0m
[0m[ INFO] [1748068919.112740091]: Received reference trajectory - x: 3801.029785, y: 0.000000, phi: 0.000000, v: 434.163422, w: 0.000000[0m
[0m[ INFO] [1748068919.210241603]: [1748068919.210] Robot state - x: 3.810101, y: -0.000980, phi: 0.007066[0m
[0m[ INFO] [1748068919.210379365]: [1748068919.210] Reference trajectory - x: 3.801030, y: 0.000000, phi: 0.000000, v: 0.434163, w: 0.000000[0m
[0m[ INFO] [1748068919.210481126]: [1748068919.210] v: 0.419987, w: 0.001338[0m
[0m[ INFO] [1748068919.214793593]: Received reference trajectory - x: 3844.510498, y: 0.000000, phi: 0.000000, v: 429.200165, w: 0.000000[0m
[0m[ INFO] [1748068919.305299566]: [1748068919.305] Robot state - x: 3.854334, y: -0.000627, phi: 0.005237[0m
[0m[ INFO] [1748068919.305393584]: [1748068919.305] Reference trajectory - x: 3.844511, y: 0.000000, phi: 0.000000, v: 0.429200, w: 0.000000[0m
[0m[ INFO] [1748068919.305435216]: [1748068919.305] v: 0.408878, w: 0.005389[0m
[0m[ INFO] [1748068919.312705255]: Received reference trajectory - x: 3886.875732, y: 0.000000, phi: 0.000000, v: 424.130829, w: 0.000000[0m
[0m[ INFO] [1748068919.409053921]: [1748068919.409] Robot state - x: 3.897963, y: -0.000317, phi: 0.005304[0m
[0m[ INFO] [1748068919.409185283]: [1748068919.409] Reference trajectory - x: 3.886876, y: 0.000000, phi: 0.000000, v: 0.424131, w: 0.000000[0m
[0m[ INFO] [1748068919.409331205]: [1748068919.409] v: 0.395195, w: 0.002224[0m
[0m[ INFO] [1748068919.413842906]: Received reference trajectory - x: 3929.081787, y: 0.000000, phi: 0.000000, v: 418.840973, w: 0.000000[0m
[0m[ INFO] [1748068919.502891294]: [1748068919.503] Robot state - x: 3.940991, y: -0.000130, phi: 0.003525[0m
[0m[ INFO] [1748068919.503012352]: [1748068919.503] Reference trajectory - x: 3.929082, y: 0.000000, phi: 0.000000, v: 0.418841, w: 0.000000[0m
[0m[ INFO] [1748068919.503129153]: [1748068919.503] v: 0.382818, w: 0.007527[0m
[0m[ INFO] [1748068919.513974818]: Received reference trajectory - x: 3970.667969, y: 0.000000, phi: 0.000000, v: 413.383820, w: 0.000000[0m
[0m[ INFO] [1748068919.610588064]: [1748068919.610] Robot state - x: 3.983212, y: 0.000136, phi: 0.005520[0m
[0m[ INFO] [1748068919.610713538]: [1748068919.611] Reference trajectory - x: 3.970668, y: 0.000000, phi: 0.000000, v: 0.413384, w: 0.000000[0m
[0m[ INFO] [1748068919.610762114]: [1748068919.611] v: 0.370829, w: -0.003026[0m
[0m[ INFO] [1748068919.612800538]: Received reference trajectory - x: 4011.703613, y: 0.000000, phi: 0.000000, v: 407.748566, w: 0.000000[0m
[0m[ INFO] [1748068919.703438705]: [1748068919.703] Robot state - x: 4.024228, y: 0.000323, phi: 0.007565[0m
[0m[ INFO] [1748068919.703604275]: [1748068919.704] Reference trajectory - x: 4.011703, y: 0.000000, phi: 0.000000, v: 0.407749, w: 0.000000[0m
[0m[ INFO] [1748068919.703669460]: [1748068919.704] v: 0.361315, w: -0.013066[0m
[0m[ INFO] [1748068919.714411348]: Received reference trajectory - x: 4052.245850, y: 0.000000, phi: 0.000000, v: 401.924194, w: 0.000000[0m
[0m[ INFO] [1748068919.808353746]: [1748068919.808] Robot state - x: 4.065045, y: 0.000475, phi: 0.004007[0m
[0m[ INFO] [1748068919.808502068]: [1748068919.808] Reference trajectory - x: 4.052246, y: 0.000000, phi: 0.000000, v: 0.401924, w: 0.000000[0m
[0m[ INFO] [1748068919.808628629]: [1748068919.809] v: 0.350332, w: -0.000548[0m
[0m[ INFO] [1748068919.814463195]: Received reference trajectory - x: 4092.120361, y: 0.000000, phi: 0.000000, v: 395.933105, w: 0.000000[0m
[0m[ INFO] [1748068919.902752374]: [1748068919.903] Robot state - x: 4.104855, y: 0.000744, phi: 0.002361[0m
[0m[ INFO] [1748068919.902948696]: [1748068919.903] Reference trajectory - x: 4.092120, y: 0.000000, phi: 0.000000, v: 0.395933, w: 0.000000[0m
[0m[ INFO] [1748068919.903202235]: [1748068919.903] v: 0.340574, w: 0.003162[0m
[0m[ INFO] [1748068919.914769829]: Received reference trajectory - x: 4131.408691, y: 0.000000, phi: 0.000000, v: 389.760956, w: 0.000000[0m
[0m[ INFO] [1748068920.010283381]: [1748068920.009] Robot state - x: 4.143859, y: 0.000942, phi: 0.004489[0m
[0m[ INFO] [1748068920.010801019]: [1748068920.011] Reference trajectory - x: 4.131409, y: 0.000000, phi: 0.000000, v: 0.389761, w: 0.000000[0m
[0m[ INFO] [1748068920.010895549]: [1748068920.011] v: 0.331613, w: -0.007514[0m
[0m[ INFO] [1748068920.012769491]: Received reference trajectory - x: 4170.031250, y: 0.000000, phi: 0.000000, v: 383.417694, w: 0.000000[0m
[0m[ INFO] [1748068920.102936899]: [1748068920.103] Robot state - x: 4.182264, y: 0.000966, phi: 0.001031[0m
[0m[ INFO] [1748068920.103274247]: [1748068920.103] Reference trajectory - x: 4.170031, y: 0.000000, phi: 0.000000, v: 0.383418, w: 0.000000[0m
[0m[ INFO] [1748068920.103319751]: [1748068920.103] v: 0.322281, w: 0.005696[0m
[0m[ INFO] [1748068920.114590381]: Received reference trajectory - x: 4208.087402, y: 0.000000, phi: 0.000000, v: 376.883667, w: 0.000000[0m
[0m[ INFO] [1748068920.213390628]: Received reference trajectory - x: 4245.438477, y: 0.000000, phi: 0.000000, v: 370.179230, w: 0.000000[0m
[0m[ INFO] [1748068920.213923754]: [1748068920.214] Robot state - x: 4.219662, y: 0.001105, phi: -0.000515[0m
[0m[ INFO] [1748068920.214000395]: [1748068920.214] Reference trajectory - x: 4.245439, y: 0.000000, phi: 0.000000, v: 0.370179, w: 0.000000[0m
[0m[ INFO] [1748068920.214043148]: [1748068920.214] v: 0.470767, w: 0.010149[0m
[0m[ INFO] [1748068920.303134991]: [1748068920.303] Robot state - x: 4.256256, y: 0.001115, phi: -0.002028[0m
[0m[ INFO] [1748068920.303247504]: [1748068920.303] Reference trajectory - x: 4.245439, y: 0.000000, phi: 0.000000, v: 0.370179, w: 0.000000[0m
[0m[ INFO] [1748068920.303341745]: [1748068920.303] v: 0.319494, w: 0.015715[0m
[0m[ INFO] [1748068920.314136081]: Received reference trajectory - x: 4282.097656, y: 0.000000, phi: 0.000000, v: 363.299377, w: 0.000000[0m
[0m[ INFO] [1748068920.404357666]: [1748068920.404] Robot state - x: 4.291443, y: 0.001038, phi: -0.005353[0m
[0m[ INFO] [1748068920.404521412]: [1748068920.404] Reference trajectory - x: 4.282098, y: 0.000000, phi: 0.000000, v: 0.363299, w: 0.000000[0m
[0m[ INFO] [1748068920.404636837]: [1748068920.405] v: 0.315606, w: 0.029351[0m
[0m[ INFO] [1748068920.414100150]: Received reference trajectory - x: 4318.078613, y: 0.000000, phi: 0.000000, v: 356.238312, w: 0.000000[0m
[0m[ INFO] [1748068920.503210137]: [1748068920.503] Robot state - x: 4.327837, y: 0.000903, phi: -0.008728[0m
[0m[ INFO] [1748068920.503349179]: [1748068920.503] Reference trajectory - x: 4.318079, y: 0.000000, phi: 0.000000, v: 0.356238, w: 0.000000[0m
[0m[ INFO] [1748068920.503438492]: [1748068920.503] v: 0.303791, w: 0.043796[0m
[0m[ INFO] [1748068920.513104143]: Received reference trajectory - x: 4353.354980, y: 0.000000, phi: 0.000000, v: 348.997131, w: 0.000000[0m
[0m[ INFO] [1748068920.610545333]: [1748068920.610] Robot state - x: 4.363020, y: 0.000788, phi: -0.004572[0m
[0m[ INFO] [1748068920.610668151]: [1748068920.611] Reference trajectory - x: 4.353355, y: 0.000000, phi: 0.000000, v: 0.348997, w: 0.000000[0m
[0m[ INFO] [1748068920.610709783]: [1748068920.611] v: 0.293867, w: 0.028136[0m
[0m[ INFO] [1748068920.613055763]: Received reference trajectory - x: 4387.858398, y: 0.000000, phi: 0.000000, v: 341.586792, w: 0.000000[0m
[0m[ INFO] [1748068920.704341648]: [1748068920.704] Robot state - x: 4.397400, y: 0.000495, phi: -0.004123[0m
[0m[ INFO] [1748068920.704853174]: [1748068920.705] Reference trajectory - x: 4.387858, y: 0.000000, phi: 0.000000, v: 0.341587, w: 0.000000[0m
[0m[ INFO] [1748068920.705580735]: [1748068920.706] v: 0.283938, w: 0.029026[0m
[0m[ INFO] [1748068920.713383900]: Received reference trajectory - x: 4421.641113, y: 0.000000, phi: 0.000000, v: 333.992462, w: 0.000000[0m
[0m[ INFO] [1748068920.804379285]: [1748068920.804] Robot state - x: 4.430978, y: 0.000287, phi: -0.007382[0m
[0m[ INFO] [1748068920.804505111]: [1748068920.804] Reference trajectory - x: 4.421641, y: 0.000000, phi: 0.000000, v: 0.333992, w: 0.000000[0m
[0m[ INFO] [1748068920.804604984]: [1748068920.805] v: 0.274220, w: 0.043910[0m
[0m[ INFO] [1748068920.814833138]: Received reference trajectory - x: 4454.665039, y: 0.000000, phi: 0.000000, v: 326.217987, w: 0.000000[0m
[0m[ INFO] [1748068920.903219436]: [1748068920.903] Robot state - x: 4.464152, y: 0.000221, phi: -0.003142[0m
[0m[ INFO] [1748068920.903355246]: [1748068920.903] Reference trajectory - x: 4.454665, y: 0.000000, phi: 0.000000, v: 0.326218, w: 0.000000[0m
[0m[ INFO] [1748068920.903420751]: [1748068920.903] v: 0.262840, w: 0.027626[0m
[0m[ INFO] [1748068920.914854967]: Received reference trajectory - x: 4486.902832, y: 0.000000, phi: 0.000000, v: 318.265411, w: 0.000000[0m
[0m[ INFO] [1748068921.011534612]: [1748068921.011] Robot state - x: 4.497124, y: 0.000017, phi: -0.000765[0m
[0m[ INFO] [1748068921.011756886]: [1748068921.012] Reference trajectory - x: 4.486903, y: 0.000000, phi: 0.000000, v: 0.318265, w: 0.000000[0m
[0m[ INFO] [1748068921.011913368]: [1748068921.012] v: 0.248686, w: 0.020145[0m
[0m[ INFO] [1748068921.013009093]: Received reference trajectory - x: 4518.303223, y: 0.000000, phi: 0.000000, v: 310.143677, w: 0.000000[0m
[0m[ INFO] [1748068921.102603533]: [1748068921.103] Robot state - x: 4.527888, y: -0.000128, phi: -0.003907[0m
[0m[ INFO] [1748068921.102759407]: [1748068921.103] Reference trajectory - x: 4.518303, y: 0.000000, phi: 0.000000, v: 0.310144, w: 0.000000[0m
[0m[ INFO] [1748068921.102832560]: [1748068921.103] v: 0.240108, w: 0.034085[0m
[0m[ INFO] [1748068921.112736709]: Received reference trajectory - x: 4548.897949, y: 0.000000, phi: 0.000000, v: 301.840332, w: 0.000000[0m
[0m[ INFO] [1748068921.212137122]: [1748068921.212] Robot state - x: 4.559252, y: -0.000114, phi: -0.001463[0m
[0m[ INFO] [1748068921.212227235]: [1748068921.212] Reference trajectory - x: 4.548898, y: 0.000000, phi: 0.000000, v: 0.301840, w: 0.000000[0m
[0m[ INFO] [1748068921.213281391]: [1748068921.213] v: 0.225419, w: 0.024264[0m
[0m[ INFO] [1748068921.213526386]: Received reference trajectory - x: 4578.650391, y: 0.000000, phi: 0.000000, v: 293.360321, w: 0.000000[0m
[0m[ INFO] [1748068921.303437086]: [1748068921.303] Robot state - x: 4.589410, y: -0.000194, phi: 0.001031[0m
[0m[ INFO] [1748068921.303566943]: [1748068921.304] Reference trajectory - x: 4.578650, y: 0.000000, phi: 0.000000, v: 0.293360, w: 0.000000[0m
[0m[ INFO] [1748068921.303666016]: [1748068921.304] v: 0.211898, w: 0.015185[0m
[0m[ INFO] [1748068921.314260894]: Received reference trajectory - x: 4607.574219, y: 0.000000, phi: 0.000000, v: 284.693909, w: 0.000000[0m
[0m[ INFO] [1748068921.410099504]: [1748068921.410] Robot state - x: 4.619168, y: -0.000256, phi: -0.000199[0m
[0m[ INFO] [1748068921.410283986]: [1748068921.410] Reference trajectory - x: 4.607574, y: 0.000000, phi: 0.000000, v: 0.284694, w: 0.000000[0m
[0m[ INFO] [1748068921.410418196]: [1748068921.410] v: 0.196196, w: 0.020758[0m
[0m[ INFO] [1748068921.412853905]: Received reference trajectory - x: 4635.600098, y: 0.000000, phi: 0.000000, v: 275.856537, w: 0.000000[0m
[0m[ INFO] [1748068921.503046080]: [1748068921.503] Robot state - x: 4.647917, y: -0.000163, phi: 0.004223[0m
[0m[ INFO] [1748068921.503209890]: [1748068921.503] Reference trajectory - x: 4.635600, y: 0.000000, phi: 0.000000, v: 0.275857, w: 0.000000[0m
[0m[ INFO] [1748068921.503299171]: [1748068921.503] v: 0.180541, w: 0.002321[0m
[0m[ INFO] [1748068921.514183972]: Received reference trajectory - x: 4662.738770, y: 0.000000, phi: 0.000000, v: 266.839569, w: 0.000000[0m
[0m[ INFO] [1748068921.608549284]: [1748068921.608] Robot state - x: 4.674860, y: -0.000183, phi: 0.003109[0m
[0m[ INFO] [1748068921.608765895]: [1748068921.609] Reference trajectory - x: 4.662739, y: 0.000000, phi: 0.000000, v: 0.266840, w: 0.000000[0m
[0m[ INFO] [1748068921.608835304]: [1748068921.609] v: 0.168481, w: 0.007006[0m
[0m[ INFO] [1748068921.615216724]: Received reference trajectory - x: 4689.202148, y: 0.000000, phi: 0.000000, v: 257.560028, w: 0.000000[0m
[0m[ INFO] [1748068921.703103655]: [1748068921.703] Robot state - x: 4.701199, y: -0.000062, phi: 0.003890[0m
[0m[ INFO] [1748068921.703233161]: [1748068921.703] Reference trajectory - x: 4.689202, y: 0.000000, phi: 0.000000, v: 0.257560, w: 0.000000[0m
[0m[ INFO] [1748068921.703763567]: [1748068921.703] v: 0.155914, w: 0.002741[0m
[0m[ INFO] [1748068921.715096469]: Received reference trajectory - x: 4714.274414, y: 0.000000, phi: 0.000000, v: 248.269211, w: 0.000000[0m
[0m[ INFO] [1748068921.802728966]: [1748068921.803] Robot state - x: 4.726533, y: 0.000004, phi: 0.002843[0m
[0m[ INFO] [1748068921.802990153]: [1748068921.803] Reference trajectory - x: 4.714274, y: 0.000000, phi: 0.000000, v: 0.248269, w: 0.000000[0m
[0m[ INFO] [1748068921.803034314]: [1748068921.803] v: 0.141685, w: 0.006270[0m
[0m[ INFO] [1748068921.812699068]: Received reference trajectory - x: 4738.606445, y: 0.000000, phi: 0.000000, v: 238.727249, w: 0.000000[0m
[0m[ INFO] [1748068921.902851883]: [1748068921.903] Robot state - x: 4.750461, y: 0.000063, phi: -0.000017[0m
[0m[ INFO] [1748068921.902963052]: [1748068921.903] Reference trajectory - x: 4.738606, y: 0.000000, phi: 0.000000, v: 0.238727, w: 0.000000[0m
[0m[ INFO] [1748068921.903005037]: [1748068921.903] v: 0.130028, w: 0.017051[0m
[0m[ INFO] [1748068921.912676287]: Received reference trajectory - x: 4761.987793, y: 0.000000, phi: 0.000000, v: 229.002777, w: 0.000000[0m
[0m[ INFO] [1748068922.002984976]: [1748068922.003] Robot state - x: 4.773582, y: 0.000139, phi: 0.000898[0m
[0m[ INFO] [1748068922.003091441]: [1748068922.003] Reference trajectory - x: 4.761988, y: 0.000000, phi: 0.000000, v: 0.229003, w: 0.000000[0m
[0m[ INFO] [1748068922.003135697]: [1748068922.003] v: 0.117687, w: 0.012632[0m
[0m[ INFO] [1748068922.013691055]: Received reference trajectory - x: 4784.398438, y: 0.000000, phi: 0.000000, v: 219.096130, w: 0.000000[0m
[0m[ INFO] [1748068922.103194868]: [1748068922.103] Robot state - x: 4.794693, y: 0.000149, phi: 0.001895[0m
[0m[ INFO] [1748068922.103287157]: [1748068922.103] Reference trajectory - x: 4.784399, y: 0.000000, phi: 0.000000, v: 0.219096, w: 0.000000[0m
[0m[ INFO] [1748068922.103332182]: [1748068922.103] v: 0.109777, w: 0.008520[0m
[0m[ INFO] [1748068922.112703973]: Received reference trajectory - x: 4805.808105, y: 0.000000, phi: 0.000000, v: 209.011993, w: 0.000000[0m
[0m[ INFO] [1748068922.202808977]: [1748068922.203] Robot state - x: 4.815202, y: 0.000159, phi: 0.001048[0m
[0m[ INFO] [1748068922.202900403]: [1748068922.203] Reference trajectory - x: 4.805808, y: 0.000000, phi: 0.000000, v: 0.209012, w: 0.000000[0m
[0m[ INFO] [1748068922.202942227]: [1748068922.203] v: 0.100362, w: 0.011747[0m
[0m[ INFO] [1748068922.212620326]: Received reference trajectory - x: 4826.191406, y: 0.000000, phi: 0.000000, v: 198.754684, w: 0.000000[0m
[0m[ INFO] [1748068922.302950165]: [1748068922.303] Robot state - x: 4.834906, y: 0.000188, phi: 0.000233[0m
[0m[ INFO] [1748068922.303047990]: [1748068922.303] Reference trajectory - x: 4.826191, y: 0.000000, phi: 0.000000, v: 0.198755, w: 0.000000[0m
[0m[ INFO] [1748068922.303118455]: [1748068922.303] v: 0.090094, w: 0.014643[0m
[0m[ INFO] [1748068922.312685257]: Received reference trajectory - x: 4845.551270, y: 0.000000, phi: 0.000000, v: 188.313828, w: 0.000000[0m
[0m[ INFO] [1748068922.403261179]: [1748068922.403] Robot state - x: 4.853405, y: 0.000200, phi: -0.000532[0m
[0m[ INFO] [1748068922.403357084]: [1748068922.403] Reference trajectory - x: 4.845551, y: 0.000000, phi: 0.000000, v: 0.188314, w: 0.000000[0m
[0m[ INFO] [1748068922.403407388]: [1748068922.403] v: 0.080649, w: 0.017501[0m
[0m[ INFO] [1748068922.412674922]: Received reference trajectory - x: 4863.851562, y: 0.000000, phi: 0.000000, v: 177.698792, w: 0.000000[0m
[0m[ INFO] [1748068922.502808503]: [1748068922.503] Robot state - x: 4.871298, y: 0.000215, phi: 0.000599[0m
[0m[ INFO] [1748068922.502915192]: [1748068922.503] Reference trajectory - x: 4.863852, y: 0.000000, phi: 0.000000, v: 0.177699, w: 0.000000[0m
[0m[ INFO] [1748068922.503012794]: [1748068922.503] v: 0.069322, w: 0.012800[0m
[0m[ INFO] [1748068922.513934139]: Received reference trajectory - x: 4881.209473, y: 0.000000, phi: 0.000000, v: 166.822464, w: 0.000000[0m
[0m[ INFO] [1748068922.603398368]: [1748068922.603] Robot state - x: 4.888188, y: 0.000200, phi: -0.000100[0m
[0m[ INFO] [1748068922.603559362]: [1748068922.603] Reference trajectory - x: 4.881209, y: 0.000000, phi: 0.000000, v: 0.166822, w: 0.000000[0m
[0m[ INFO] [1748068922.603614083]: [1748068922.604] v: 0.058131, w: 0.015657[0m
[0m[ INFO] [1748068922.613662842]: Received reference trajectory - x: 4897.226074, y: 0.000000, phi: 0.000000, v: 155.933884, w: 0.000000[0m
[0m[ INFO] [1748068922.702472055]: [1748068922.702] Robot state - x: 4.904474, y: 0.000219, phi: 0.001097[0m
[0m[ INFO] [1748068922.702572696]: [1748068922.703] Reference trajectory - x: 4.897226, y: 0.000000, phi: 0.000000, v: 0.155934, w: 0.000000[0m
[0m[ INFO] [1748068922.702680826]: [1748068922.703] v: 0.043862, w: 0.010639[0m
[0m[ INFO] [1748068922.713117813]: Received reference trajectory - x: 4912.265137, y: 0.000000, phi: 0.000000, v: 144.783066, w: 0.000000[0m
[0m[ INFO] [1748068922.809752271]: [1748068922.810] Robot state - x: 4.919152, y: 0.000200, phi: -0.001380[0m
[0m[ INFO] [1748068922.809981586]: [1748068922.810] Reference trajectory - x: 4.912265, y: 0.000000, phi: 0.000000, v: 0.144783, w: 0.000000[0m
[0m[ INFO] [1748068922.810132212]: [1748068922.810] v: 0.031992, w: 0.020617[0m
[0m[ INFO] [1748068922.812761683]: Received reference trajectory - x: 4926.180176, y: 0.000000, phi: 0.000000, v: 133.454590, w: 0.000000[0m
[0m[ INFO] [1748068922.904394290]: [1748068922.904] Robot state - x: 4.933427, y: 0.000224, phi: -0.000100[0m
[0m[ INFO] [1748068922.905454942]: [1748068922.905] Reference trajectory - x: 4.926180, y: 0.000000, phi: 0.000000, v: 0.133455, w: 0.000000[0m
[0m[ INFO] [1748068922.905717921]: [1748068922.906] v: 0.016919, w: 0.015215[0m
[0m[ INFO] [1748068922.913037016]: Received reference trajectory - x: 4938.953125, y: 0.000000, phi: 0.000000, v: 121.948387, w: 0.000000[0m
[0m[ INFO] [1748068923.002877826]: [1748068923.003] Robot state - x: 4.946295, y: 0.000203, phi: -0.000632[0m
[0m[ INFO] [1748068923.002992611]: [1748068923.003] Reference trajectory - x: 4.938953, y: 0.000000, phi: 0.000000, v: 0.121948, w: 0.000000[0m
[0m[ INFO] [1748068923.003205797]: [1748068923.003] v: 0.002706, w: 0.017471[0m
[0m[ INFO] [1748068923.014092678]: Received reference trajectory - x: 4950.566895, y: 0.000000, phi: 0.000000, v: 110.264030, w: 0.000000[0m
[0m[ INFO] [1748068923.106418604]: [1748068923.106] Robot state - x: 4.958359, y: 0.000199, phi: -0.001130[0m
[0m[ INFO] [1748068923.107035315]: [1748068923.107] Reference trajectory - x: 4.950567, y: 0.000000, phi: 0.000000, v: 0.110264, w: 0.000000[0m
[0m[ INFO] [1748068923.107195253]: [1748068923.107] v: -0.013261, w: 0.019432[0m
[0m[ INFO] [1748068923.114056519]: Received reference trajectory - x: 4961.003418, y: 0.000000, phi: 0.000000, v: 98.400864, w: 0.000000[0m
[0m[ INFO] [1748068923.209438992]: [1748068923.209] Robot state - x: 4.969619, y: 0.000189, phi: -0.001596[0m
[0m[ INFO] [1748068923.209624659]: [1748068923.210] Reference trajectory - x: 4.961003, y: 0.000000, phi: 0.000000, v: 0.098401, w: 0.000000[0m
[0m[ INFO] [1748068923.209718644]: [1748068923.210] v: -0.031176, w: 0.021318[0m
[0m[ INFO] [1748068923.212770872]: Received reference trajectory - x: 4970.239258, y: 0.000000, phi: 0.000000, v: 86.368233, w: 0.000000[0m
[0m[ INFO] [1748068923.305487810]: [1748068923.305] Robot state - x: 4.979270, y: 0.000176, phi: -0.001995[0m
[0m[ INFO] [1748068923.305646404]: [1748068923.306] Reference trajectory - x: 4.970239, y: 0.000000, phi: 0.000000, v: 0.086368, w: 0.000000[0m
[0m[ INFO] [1748068923.305740293]: [1748068923.306] v: -0.047742, w: 0.022973[0m
[0m[ INFO] [1748068923.314013927]: Received reference trajectory - x: 4978.267578, y: 0.000000, phi: 0.000000, v: 74.150345, w: 0.000000[0m
[0m[ INFO] [1748068923.409749461]: [1748068923.410] Robot state - x: 4.987312, y: 0.000162, phi: -0.002327[0m
[0m[ INFO] [1748068923.409840758]: [1748068923.410] Reference trajectory - x: 4.978268, y: 0.000000, phi: 0.000000, v: 0.074150, w: 0.000000[0m
[0m[ INFO] [1748068923.409882327]: [1748068923.410] v: -0.062876, w: 0.024381[0m
[0m[ INFO] [1748068923.412761881]: Received reference trajectory - x: 4985.064453, y: 0.000000, phi: 0.000000, v: 61.756626, w: 0.000000[0m
[0m[ INFO] [1748068923.503919920]: [1748068923.503] Robot state - x: 4.994751, y: 0.000153, phi: -0.000765[0m
[0m[ INFO] [1748068923.506600880]: [1748068923.506] Reference trajectory - x: 4.985065, y: 0.000000, phi: 0.000000, v: 0.061757, w: 0.000000[0m
[0m[ INFO] [1748068923.506824883]: [1748068923.507] v: -0.080926, w: 0.018206[0m
[0m[ INFO] [1748068923.514259819]: Received reference trajectory - x: 4990.614746, y: 0.000000, phi: 0.000000, v: 49.180920, w: 0.000000[0m
[0m[ INFO] [1748068923.604292501]: [1748068923.604] Robot state - x: 5.001385, y: 0.000143, phi: 0.000831[0m
[0m[ INFO] [1748068923.604710330]: [1748068923.605] Reference trajectory - x: 4.990615, y: 0.000000, phi: 0.000000, v: 0.049181, w: 0.000000[0m
[0m[ INFO] [1748068923.605535172]: [1748068923.605] v: -0.101287, w: 0.011912[0m
[0m[ INFO] [1748068923.614381549]: Received reference trajectory - x: 4994.899902, y: 0.000000, phi: 0.000000, v: 36.419533, w: 0.000000[0m
[0m[ INFO] [1748068923.711912592]: [1748068923.711] Robot state - x: 5.006211, y: 0.000139, phi: 0.000632[0m
[0m[ INFO] [1748068923.712343253]: [1748068923.712] Reference trajectory - x: 4.994900, y: 0.000000, phi: 0.000000, v: 0.036420, w: 0.000000[0m
[0m[ INFO] [1748068923.712529495]: [1748068923.712] v: -0.119810, w: 0.012702[0m
[0m[ INFO] [1748068923.714993013]: Received reference trajectory - x: 4997.895508, y: 0.000000, phi: 0.000000, v: 23.500889, w: 0.000000[0m
[0m[ INFO] [1748068923.813038430]: Received reference trajectory - x: 4999.590820, y: 0.000000, phi: 0.000000, v: 10.408800, w: 0.000000[0m
[0m[ INFO] [1748068923.894191519]: [1748068923.894] Robot state - x: 5.009628, y: 0.000145, phi: 0.002361[0m
[0m[ INFO] [1748068923.894328865]: [1748068923.894] Reference trajectory - x: 4.999591, y: 0.000000, phi: 0.000000, v: 0.010409, w: 0.000000[0m
[0m[ INFO] [1748068923.894399810]: [1748068923.894] v: -0.143847, w: 0.005725[0m
[0m[ INFO] [1748068923.902271487]: [1748068923.902] Robot state - x: 5.010835, y: 0.000146, phi: 0.002311[0m
[0m[ INFO] [1748068923.902417697]: [1748068923.902] Reference trajectory - x: 4.999591, y: 0.000000, phi: 0.000000, v: 0.010409, w: 0.000000[0m
[0m[ INFO] [1748068923.902460897]: [1748068923.902] v: -0.152279, w: 0.005870[0m
[0m[ INFO] [1748068924.013575845]: [1748068924.013] Robot state - x: 5.011237, y: 0.000146, phi: 0.002294[0m
[0m[ INFO] [1748068924.013967242]: [1748068924.014] Reference trajectory - x: 4.999591, y: 0.000000, phi: 0.000000, v: 0.010409, w: 0.000000[0m
[0m[ INFO] [1748068924.014154316]: [1748068924.014] v: -0.157586, w: 0.005881[0m
[0m[ INFO] [1748068924.110238909]: [1748068924.110] Robot state - x: 5.011237, y: 0.000146, phi: 0.002294[0m
[0m[ INFO] [1748068924.110599745]: [1748068924.111] Reference trajectory - x: 4.999591, y: 0.000000, phi: 0.000000, v: 0.010409, w: 0.000000[0m
[0m[ INFO] [1748068924.110685122]: [1748068924.111] v: -0.161268, w: 0.005834[0m
[0m[ INFO] [1748068924.210681889]: [1748068924.210] Robot state - x: 5.011237, y: 0.000146, phi: 0.002294[0m
[0m[ INFO] [1748068924.211034181]: [1748068924.211] Reference trajectory - x: 4.999591, y: 0.000000, phi: 0.000000, v: 0.010409, w: 0.000000[0m
[0m[ INFO] [1748068924.211119654]: [1748068924.211] v: -0.164951, w: 0.005788[0m
[0m[ INFO] [1748068924.303086470]: [1748068924.303] Robot state - x: 5.011237, y: 0.000146, phi: 0.002294[0m
[0m[ INFO] [1748068924.303288169]: [1748068924.303] Reference trajectory - x: 4.999591, y: 0.000000, phi: 0.000000, v: 0.010409, w: 0.000000[0m
[0m[ INFO] [1748068924.303401002]: [1748068924.303] v: -0.168634, w: 0.005742[0m
[0m[ INFO] [1748068924.410774240]: [1748068924.410] Robot state - x: 5.010835, y: 0.000146, phi: 0.002311[0m
[0m[ INFO] [1748068924.410898050]: [1748068924.411] Reference trajectory - x: 4.999591, y: 0.000000, phi: 0.000000, v: 0.010409, w: 0.000000[0m
[0m[ INFO] [1748068924.410991299]: [1748068924.411] v: -0.170565, w: 0.005638[0m
[0m[ INFO] [1748068924.505243806]: [1748068924.505] Robot state - x: 5.010434, y: 0.000145, phi: -0.001413[0m
[0m[ INFO] [1748068924.505392576]: [17480[0m[ INFO] [1748068908.812147676]: Trajectory Generator Node Started[0m
[0m[ INFO] [1748068908.890344556]: Reading trajectory coeffs[0m
[0m[ INFO] [1748068905.506111607]: [I2C FOR MOTORS] Now launching this node in namespace: /asc[0m
[0m[ INFO] [1748068905.535375513]: [I2C FOR MOTORS] publish motor duty cycle requests from command line with: rostopic pub --once /asc/set_motor_duty_cycle asclinic_pkg/LeftRightFloat32 "{left: 10.1, right: 10.1}"[0m
[0m[ INFO] [1748068905.535542043]: [I2C FOR MOTORS] Successfully opened named /dev/i2c-1, with file descriptor = 11[0m
[0m[ INFO] [1748068905.535653437]: [I2C FOR MOTORS] Actual acceleration limit = 0.0003125%/ms (after conversation to "internal units")[0m
[0m[ INFO] [1748068905.535707229]: [I2C FOR MOTORS] Actual deceleration limit = 0.0015625%/ms (after conversation to "internal units")[0m
[0m[ INFO] [1748068905.535747966]: [I2C FOR MOTORS] Now initialising SMC with I2C address 13[0m
[0m[ INFO] [1748068905.552382951]: [I2C FOR MOTORS] Now initialising SMC with I2C address 14[0m
[0m[ INFO] [1748068905.568572523]: [I2C FOR MOTORS] Node initialisation complete[0m
68924.505] Reference trajectory - x: 4.999591, y: 0.000000, phi: 0.000000, v: 0.010409, w: 0.000000[0m
[0m[ INFO] [1748068924.505737956]: [1748068924.506] v: -0.172376, w: 0.020403[0m
[0m[ INFO] [1748068924.607178100]: [1748068924.607] Robot state - x: 5.007418, y: 0.000135, phi: 0.000582[0m
[0m[ INFO] [1748068924.607316598]: [1748068924.607] Reference trajectory - x: 4.999591, y: 0.000000, phi: 0.000000, v: 0.010409, w: 0.000000[0m
[0m[ INFO] [1748068924.607413303]: [1748068924.607] v: -0.162663, w: 0.012524[0m
[0m[ INFO] [1748068924.703222532]: [1748068924.703] Robot state - x: 5.005004, y: 0.000139, phi: 0.000682[0m
[0m[ INFO] [1748068924.703353190]: [1748068924.703] Reference trajectory - x: 4.999591, y: 0.000000, phi: 0.000000, v: 0.010409, w: 0.000000[0m
[0m[ INFO] [1748068924.703422215]: [1748068924.703] v: -0.154625, w: 0.012051[0m
[0m[ INFO] [1748068924.803155875]: [1748068924.803] Robot state - x: 5.003196, y: 0.000139, phi: -0.001114[0m
[0m[ INFO] [1748068924.803282660]: [1748068924.803] Reference trajectory - x: 4.999591, y: 0.000000, phi: 0.000000, v: 0.010409, w: 0.000000[0m
[0m[ INFO] [1748068924.803326341]: [1748068924.803] v: -0.148457, w: 0.019142[0m
[0m[ INFO] [1748068924.902744445]: [1748068924.903] Robot state - x: 5.000381, y: 0.000137, phi: -0.000997[0m
[0m[ INFO] [1748068924.902883391]: [1748068924.903] Reference trajectory - x: 4.999591, y: 0.000000, phi: 0.000000, v: 0.010409, w: 0.000000[0m
[0m[ INFO] [1748068924.902965440]: [1748068924.903] v: -0.137334, w: 0.018656[0m
[0m[ INFO] [1748068925.003101344]: [1748068925.003] Robot state - x: 4.996762, y: 0.000141, phi: -0.000848[0m
[0m[ INFO] [1748068925.003302019]: [1748068925.003] Reference trajectory - x: 4.999591, y: 0.000000, phi: 0.000000, v: 0.010409, w: 0.000000[0m
[0m[ INFO] [1748068925.003430276]: [1748068925.003] v: -0.121817, w: 0.017980[0m
[0m[ INFO] [1748068925.102707961]: [1748068925.103] Robot state - x: 4.993745, y: 0.000141, phi: 0.001147[0m
[0m[ INFO] [1748068925.102837979]: [1748068925.103] Reference trajectory - x: 4.999591, y: 0.000000, phi: 0.000000, v: 0.010409, w: 0.000000[0m
[0m[ INFO] [1748068925.102903356]: [1748068925.103] v: -0.107779, w: 0.010002[0m

[ARUCO DETECTOR] Camera properties upon initialisation:
CV_CAP_PROP_FRAME_HEIGHT : '480.0'
CV_CAP_PROP_FRAME_WIDTH :  '640.0'
CAP_PROP_FPS :             '30.0'
CAP_PROP_FOCUS :           '0.0'
CAP_PROP_AUTOFOCUS :       '0.0'
CAP_PROP_BRIGHTNESS :      '128.0'
CAP_PROP_CONTRAST :        '128.0'
CAP_PROP_SATURATION :      '128.0'
CAP_PROP_BUFFERSIZE :      '4.0'

[ARUCO DETECTOR] Camera properties upon initialisation:
CV_CAP_PROP_FRAME_HEIGHT : '1080.0'
CV_CAP_PROP_FRAME_WIDTH :  '1920.0'
CAP_PROP_FPS :             '5.0'
CAP_PROP_FOCUS :           '0.0'
CAP_PROP_AUTOFOCUS :       '0.0'
CAP_PROP_BRIGHTNESS :      '128.0'
CAP_PROP_CONTRAST :        '128.0'
CAP_PROP_SATURATION :      '128.0'
CAP_PROP_BUFFERSIZE :      '1.0'
[INFO] [1748068908.261922]: [ARUCO DETECTOR] As a double check of the camera properties set, a frame captured just now has dimensions = (1080, 1920, 3)
[INFO] [1748068908.266560]: [ARUCO DETECTOR] publish request from command line to save a single camera image using: rostopic pub --once /asc/request_save_image std_msgs/UInt32 1
[INFO] [1748068908.270059]: [ARUCO DETECTOR] Node initialisation complete
... logging to /home/asc/.ros/log/42870390-3869-11f0-b419-d8c0a650f677/roslaunch-asc12-jetson-14944.log
Checking log directory for disk usage. This may take a while.
Press Ctrl-C to interrupt
Done checking log file disk usage. Usage is <1GB.
]2;/home/asc/ASClinic/catkin_ws/src/asclinic_pkg/launch/trajectory.launch
[1mstarted roslaunch server http://asc12-jetson:41281/[0m

SUMMARY
========

PARAMETERS
 * /asc/aruco_detector/aruco_detector_desired_camera_fps: 5
 * /asc/aruco_detector/aruco_detector_desired_camera_frame_height: 1080
 * /asc/aruco_detector/aruco_detector_desired_camera_frame_width: 1920
 * /asc/aruco_detector/aruco_detector_marker_size: 0.25
 * /asc/aruco_detector/aruco_detector_save_image_path: /home/asc/saved_c...
 * /asc/aruco_detector/aruco_detector_should_publish_camera_images: False
 * /asc/aruco_detector/aruco_detector_should_save_all_aruco_images: False
 * /asc/aruco_detector/aruco_detector_should_show_camera_images: False
 * /asc/aruco_detector/aruco_detector_usb_camera_device_number: 0
 * /asc/aruco_detector/aruco_detector_verbosity: 1
 * /asc/encoder_read_multi_threaded/delta_t_for_publishing_encoder_counts: 0.1
 * /asc/encoder_read_multi_threaded/encoder_events_to_monitor: rising
 * /asc/encoder_read_multi_threaded/encoder_read_verbosity: 1
 * /asc/encoder_read_multi_threaded/gpio_chip_number_for_encoder_lines: 1
 * /asc/encoder_read_multi_threaded/line_number_for_left_side_encoder_channel_a: 105
 * /asc/encoder_read_multi_threaded/line_number_for_left_side_encoder_channel_b: 106
 * /asc/encoder_read_multi_threaded/line_number_for_right_side_encoder_channel_a: 84
 * /asc/encoder_read_multi_threaded/line_number_for_right_side_encoder_channel_b: 130
 * /asc/encoder_read_multi_threaded/should_monitor_left_side_encoder_channel_a: True
 * /asc/encoder_read_multi_threaded/should_monitor_left_side_encoder_channel_b: False
 * /asc/encoder_read_multi_threaded/should_monitor_right_side_encoder_channel_a: True
 * /asc/encoder_read_multi_threaded/should_monitor_right_side_encoder_channel_b: False
 * /asc/i2c_for_motors/motor_driver_current_limit_in_milliamps: 5000
 * /asc/i2c_for_motors/motor_driver_left_side_multiplier: 1
 * /asc/i2c_for_motors/motor_driver_max_accel_limit_in_percent_per_millisecond: 0.04
 * /asc/i2c_for_motors/motor_driver_max_decel_limit_in_percent_per_millisecond: 0.16
 * /asc/i2c_for_motors/motor_driver_max_duty_cycle_limit_in_percent: 100.0
 * /asc/i2c_for_motors/motor_driver_right_side_multiplier: 1
 * /asc/i2c_for_motors/motor_driver_verbosity: 1
 * /rosdistro: noetic
 * /rosversion: 1.17.0

NODES
  /
    aruco_positioning (asclinic_pkg/aruco_positioning.py)
    kf_fusion_node (asclinic_pkg/KF.py)
    odomdelta (asclinic_pkg/odomdelta)
    trajectory_generator (asclinic_pkg/trajectory_generator_state_space)
    trajectory_tracker (asclinic_pkg/trajectory_tracker_state_space)
    velocity_PI_control (asclinic_pkg/velocity_PI_control)
  /asc/
    aruco_detector (asclinic_pkg/aruco_detector.py)
    encoder_read_multi_threaded (asclinic_pkg/encoder_read_multi_threaded)
    i2c_for_motors (asclinic_pkg/i2c_for_motors)

[1mROS_MASTER_URI=http://localhost:11311[0m
]2;/home/asc/ASClinic/catkin_ws/src/asclinic_pkg/launch/trajectory.launch http://localhost:11311
[1mprocess[asc/i2c_for_motors-1]: started with pid [14982][0m
[1mprocess[asc/encoder_read_multi_threaded-2]: started with pid [14983][0m
[1mprocess[odomdelta-3]: started with pid [14989][0m
[1mprocess[asc/aruco_detector-4]: started with pid [14994][0m
[1mprocess[aruco_positioning-5]: started with pid [15000][0m
[1mprocess[trajectory_tracker-6]: started with pid [15006][0m
[1mprocess[trajectory_generator-7]: started with pid [15007][0m
[1mprocess[velocity_PI_control-8]: started with pid [15013][0m
[1mprocess[kf_fusion_node-9]: started with pid [15018][0m
[kf_fusion_node-9] killing on exit
[velocity_PI_control-8] killing on exit
[asc/aruco_detector-4] killing on exit
[trajectory_generator-7] killing on exit
[trajectory_tracker-6] killing on exit
[aruco_positioning-5] killing on exit
[asc/encoder_read_multi_threaded-2] killing on exit
[asc/i2c_for_motors-1] killing on exit
[odomdelta-3] killing on exit
shutting down processing monitor...
... shutting down processing monitor complete
[1mdone[0m
