[0m[ INFO] [1748070335.997909675]: [1748070335.998] Robot state - x: 0.000000, y: 0.000000, phi: 0.000000[0m
[0m[ INFO] [1748070336.001528330]: [1748070336.001] Reference trajectory - x: 0.000000, y: 0.000000, phi: 0.000000, v: 0.000000, w: 0.000000[0m
[0m[ INFO] [1748070336.097547136]: [1748070336.097] Robot state - x: 0.000000, y: 0.000000, phi: 0.000000[0m
[0m[ INFO] [1748070336.097663745]: [1748070336.098] Reference trajectory - x: 0.000000, y: 0.000000, phi: 0.000000, v: 0.000000, w: 0.000000[0m
[0m[ INFO] [1748070336.206867336]: [1748070336.206] Robot state - x: 0.000000, y: 0.000000, phi: 0.000000[0m
[0m[ INFO] [1748070336.207461101]: [1748070336.207] Reference trajectory - x: 0.000000, y: 0.000000, phi: 0.000000, v: 0.000000, w: 0.000000[0m
[0m[ INFO] [1748070336.303014240]: [1748070336.303] Robot state - x: 0.000000, y: 0.000000, phi: 0.000000[0m
[0m[ INFO] [1748070336.303137377]: [1748070336.303] Reference trajectory - x: 0.000000, y: 0.000000, phi: 0.000000, v: 0.000000, w: 0.000000[0m
[0m[ INFO] [1748070336.405803952]: [1748070336.406] Robot state - x: 0.000000, y: 0.000000, phi: 0.000000[0m
[0m[ INFO] [1748070336.405917649]: [1748070336.406] Reference trajectory - x: 0.000000, y: 0.000000, phi: 0.000000, v: 0.000000, w: 0.000000[0m
[0m[ INFO] [1748070336.498410314]: [1748070336.498] Robot state - x: 0.000000, y: 0.000000, phi: 0.000000[0m
[0m[ INFO] [1748070336.498501802]: [1748070336.498] Reference trajectory - x: 0.000000, y: 0.000000, phi: 0.000000, v: 0.000000, w: 0.000000[0m
[0m[ INFO] [1748070336.601071929]: [1748070336.600] Robot state - x: 0.000000, y: 0.000000, phi: 0.000000[0m
[0m[ INFO] [1748070336.601721631]: [1748070336.601] Reference trajectory - x: 0.000000, y: 0.000000, phi: 0.000000, v: 0.000000, w: 0.000000[0m
[0m[ INFO] [1748070336.707734219]: [1748070336.707] Robot state - x: 0.000000, y: 0.000000, phi: 0.000000[0m
[0m[ INFO] [1748070336.708302608]: [1748070336.708] Reference trajectory - x: 0.000000, y: 0.000000, phi: 0.000000, v: 0.000000, w: 0.000000[0m
[0m[ INFO] [1748070336.797606732]: [1748070336.798] Robot state - x: 0.000000, y: 0.000000, phi: 0.000000[0m
[0m[ INFO] [1748070336.797756878]: [1748070336.798] Reference trajectory - x: 0.000000, y: 0.000000, phi: 0.000000, v: 0.000000, w: 0.000000[0m
[0m[ INFO] [1748070336.906993525]: [1748070336.907] Robot state - x: 0.000000, y: 0.000000, phi: 0.000000[0m
[0m[ INFO] [1748070336.907403193]: [1748070336.907] Reference trajectory - x: 0.000000, y: 0.000000, phi: 0.000000, v: 0.000000, w: 0.000000[0m
[0m[ INFO] [1748070336.998111362]: [1748070336.998] Robot state - x: 0.000000, y: 0.000000, phi: 0.000000[0m
[0m[ INFO] [1748070336.998226339]: [1748070336.998] Reference trajectory - x: 0.000000, y: 0.000000, phi: 0.000000, v: 0.000000, w: 0.000000[0m
[0m[ INFO] [1748070337.097978745]: [1748070337.098] Robot state - x: 0.000000, y: 0.000000, phi: 0.000000[0m
[0m[ INFO] [1748070337.098105178]: [1748070337.098] Reference trajectory - x: 0.000000, y: 0.000000, phi: 0.000000, v: 0.000000, w: 0.000000[0m
[0m[ INFO] [1748070337.164162960]: Received reference trajectory - x: 0.000043, y: 0.000000, phi: 0.000000, v: 66.666664, w: 0.000000[0m
[0m[ INFO] [1748070337.164292849]: Received reference trajectory - x: 0.009660, y: 0.000000, phi: 0.000000, v: 66.665810, w: 0.000000[0m
[0m[ INFO] [1748070337.197443885]: [1748070337.197] Robot state - x: 0.000000, y: 0.000000, phi: 0.000000[0m
[0m[ INFO] [1748070337.197538126]: [1748070337.198] Reference trajectory - x: 0.000010, y: 0.000000, phi: 0.000000, v: 0.066666, w: 0.000000[0m
[0m[ INFO] [1748070337.197630703]: [1748070337.198] v: 0.066684, w: 0.000000[0m
[0m[ INFO] [1748070337.219010214]: Received reference trajectory - x: 3.712326, y: 0.002609, phi: 0.002114, v: 66.336006, w: 0.021139[0m
[0m[ INFO] [1748070337.308932360]: [1748070337.308] Robot state - x: -0.000202, y: -0.000000, phi: 0.001879[0m
[0m[ INFO] [1748070337.309370124]: [1748070337.309] Reference trajectory - x: 0.003712, y: 0.000003, phi: 0.000037, v: 0.066336, w: 0.000369[0m
[0m[ INFO] [1748070337.310460277]: [1748070337.310] v: 0.073508, w: -0.002889[0m
[0m[ INFO] [1748070337.320840430]: Received reference trajectory - x: 10.328633, y: 0.056959, phi: 0.016659, v: 65.751282, w: 0.145447[0m
[0m[ INFO] [1748070337.420046336]: Received reference trajectory - x: 16.887255, y: 0.252327, phi: 0.045317, v: 65.215240, w: 0.286583[0m
[0m[ INFO] [1748070337.469488999]: [1748070337.469] Robot state - x: 0.000000, y: -0.000000, phi: 0.000000[0m
[0m[ INFO] [1748070337.469580712]: [1748070337.470] Reference trajectory - x: 0.016887, y: 0.000252, phi: 0.000791, v: 0.065215, w: 0.005002[0m
[0m[ INFO] [1748070337.469627657]: [1748070337.470] v: 0.096546, w: 0.007336[0m
[0m[ INFO] [1748070337.497762105]: [1748070337.498] Robot state - x: 0.000000, y: -0.000000, phi: 0.000000[0m
[0m[ INFO] [1748070337.497866010]: [1748070337.498] Reference trajectory - x: 0.016887, y: 0.000252, phi: 0.000791, v: 0.065215, w: 0.005002[0m
[0m[ INFO] [1748070337.498006428]: [1748070337.498] v: 0.098235, w: 0.007361[0m
[0m[ INFO] [1748070337.519064080]: Received reference trajectory - x: 23.346922, y: 0.675808, phi: 0.088029, v: 64.808983, w: 0.427122[0m
[0m[ INFO] [1748070337.597828115]: [1748070337.598] Robot state - x: 0.001212, y: 0.000002, phi: 0.003757[0m
[0m[ INFO] [1748070337.597951412]: [1748070337.598] Reference trajectory - x: 0.023347, y: 0.000676, phi: 0.001536, v: 0.064809, w: 0.007455[0m
[0m[ INFO] [1748070337.598009812]: [1748070337.598] v: 0.109132, w: 0.006045[0m
[0m[ INFO] [1748070337.619459244]: Received reference trajectory - x: 29.773031, y: 1.420694, phi: 0.145147, v: 64.645218, w: 0.571179[0m
[0m[ INFO] [1748070337.698168558]: [1748070337.698] Robot state - x: 0.004443, y: -0.000004, phi: 0.000000[0m
[0m[ INFO] [1748070337.698319695]: [1748070337.698] Reference trajectory - x: 0.029773, y: 0.001421, phi: 0.002533, v: 0.064645, w: 0.009969[0m
[0m[ INFO] [1748070337.698388528]: [1748070337.698] v: 0.117034, w: 0.019829[0m
[0m[ INFO] [1748070337.719040097]: Received reference trajectory - x: 36.141628, y: 2.576201, phi: 0.215978, v: 64.880035, w: 0.708306[0m
[0m[ INFO] [1748070337.797786595]: [1748070337.798] Robot state - x: 0.007271, y: 0.000006, phi: 0.000000[0m
[0m[ INFO] [1748070337.797932100]: [1748070337.798] Reference trajectory - x: 0.036142, y: 0.002576, phi: 0.003770, v: 0.064880, w: 0.012362[0m
[0m[ INFO] [1748070337.797976965]: [1748070337.798] v: 0.126290, w: 0.028774[0m
[0m[ INFO] [1748070337.818964153]: Received reference trajectory - x: 42.447121, y: 4.231070, phi: 0.299046, v: 65.696037, w: 0.830687[0m
[0m[ INFO] [1748070337.899273768]: [1748070337.899] Robot state - x: 0.010502, y: 0.000013, phi: 0.003757[0m
[0m[ INFO] [1748070337.899648524]: [1748070337.900] Reference trajectory - x: 0.042447, y: 0.004231, phi: 0.005219, v: 0.065696, w: 0.014498[0m
[0m[ INFO] [1748070337.899770797]: [1748070337.900] v: 0.135625, w: 0.033143[0m
[0m[ INFO] [1748070337.921276933]: Received reference trajectory - x: 48.704197, y: 6.480241, phi: 0.392121, v: 67.294502, w: 0.930745[0m
[0m[ INFO] [1748070337.997474642]: [1748070337.997] Robot state - x: 0.015147, y: 0.000017, phi: 0.005636[0m
[0m[ INFO] [1748070337.997612307]: [1748070337.998] Reference trajectory - x: 0.048704, y: 0.006480, phi: 0.006844, v: 0.067295, w: 0.016245[0m
[0m[ INFO] [1748070337.997660307]: [1748070337.998] v: 0.143371, w: 0.043125[0m
[0m[ INFO] [1748070338.018910601]: Received reference trajectory - x: 54.885254, y: 9.402794, phi: 0.491340, v: 69.859329, w: 0.992193[0m
[0m[ INFO] [1748070338.107716162]: [1748070338.108] Robot state - x: 0.021004, y: 0.000055, phi: 0.011272[0m
[0m[ INFO] [1748070338.107840387]: [1748070338.108] Reference trajectory - x: 0.054885, y: 0.009403, phi: 0.008576, v: 0.069859, w: 0.017317[0m
[0m[ INFO] [1748070338.107887555]: [1748070338.108] v: 0.149886, w: 0.048534[0m
[0m[ INFO] [1748070338.120045099]: Received reference trajectory - x: 61.019115, y: 13.101622, phi: 0.593095, v: 73.566086, w: 1.017547[0m
[0m[ INFO] [1748070338.197552707]: [1748070338.197] Robot state - x: 0.027668, y: 0.000099, phi: 0.013151[0m
[0m[ INFO] [1748070338.197803301]: [1748070338.198] Reference trajectory - x: 0.061019, y: 0.013102, phi: 0.010351, v: 0.073566, w: 0.017760[0m
[0m[ INFO] [1748070338.197872198]: [1748070338.198] v: 0.156009, w: 0.063187[0m
[0m[ INFO] [1748070338.218963930]: Received reference trajectory - x: 67.085449, y: 17.655081, phi: 0.693008, v: 78.522949, w: 0.999127[0m
[0m[ INFO] [1748070338.306117573]: [1748070338.306] Robot state - x: 0.034534, y: 0.000190, phi: 0.016908[0m
[0m[ INFO] [1748070338.306402183]: [1748070338.306] Reference trajectory - x: 0.067085, y: 0.017655, phi: 0.012095, v: 0.078523, w: 0.017438[0m
[0m[ INFO] [1748070338.306507272]: [1748070338.306] v: 0.162836, w: 0.077026[0m
[0m[ INFO] [1748070338.319118484]: Received reference trajectory - x: 73.097153, y: 23.162012, phi: 0.787903, v: 84.807129, w: 0.948956[0m
[0m[ INFO] [1748070338.397493075]: [1748070338.397] Robot state - x: 0.042208, y: 0.000290, phi: 0.016908[0m
[0m[ INFO] [1748070338.397604308]: [1748070338.398] Reference trajectory - x: 0.073097, y: 0.023162, phi: 0.013752, v: 0.084807, w: 0.016562[0m
[0m[ INFO] [1748070338.397712437]: [1748070338.398] v: 0.169330, w: 0.100741[0m
[0m[ INFO] [1748070338.418968619]: Received reference trajectory - x: 79.048615, y: 29.708151, phi: 0.875361, v: 92.434692, w: 0.874575[0m
[0m[ INFO] [1748070338.503019931]: [1748070338.503] Robot state - x: 0.050083, y: 0.000431, phi: 0.018787[0m
[0m[ INFO] [1748070338.503116956]: [1748070338.503] Reference trajectory - x: 0.079049, y: 0.029708, phi: 0.015278, v: 0.092435, w: 0.015264[0m
[0m[ INFO] [1748070338.503163228]: [1748070338.503] v: 0.176522, w: 0.124690[0m
[0m[ INFO] [1748070338.519003140]: Received reference trajectory - x: 84.941422, y: 37.385117, phi: 0.954194, v: 101.393044, w: 0.788338[0m
[0m[ INFO] [1748070338.597547333]: [1748070338.597] Robot state - x: 0.058766, y: 0.000586, phi: 0.020666[0m
[0m[ INFO] [1748070338.597658918]: [1748070338.598] Reference trajectory - x: 0.084941, y: 0.037385, phi: 0.016654, v: 0.101393, w: 0.013759[0m
[0m[ INFO] [1748070338.597725382]: [1748070338.598] v: 0.183265, w: 0.152916[0m
[0m[ INFO] [1748070338.619250495]: Received reference trajectory - x: 90.776543, y: 46.284885, phi: 1.024132, v: 111.648468, w: 0.699375[0m
[0m[ INFO] [1748070338.697825664]: [1748070338.698] Robot state - x: 0.068660, y: 0.000800, phi: 0.026302[0m
[0m[ INFO] [1748070338.697974913]: [1748070338.698] Reference trajectory - x: 0.090777, y: 0.046285, phi: 0.017874, v: 0.111648, w: 0.012206[0m
[0m[ INFO] [1748070338.698118210]: [1748070338.698] v: 0.188703, w: 0.179189[0m
[0m[ INFO] [1748070338.719198295]: Received reference trajectory - x: 96.550476, y: 56.492012, phi: 1.085486, v: 123.148865, w: 0.613539[0m
[0m[ INFO] [1748070338.797863512]: [1748070338.798] Robot state - x: 0.078755, y: 0.001027, phi: 0.030059[0m
[0m[ INFO] [1748070338.797979001]: [1748070338.798] Reference trajectory - x: 0.096550, y: 0.056492, phi: 0.018945, v: 0.123149, w: 0.010708[0m
[0m[ INFO] [1748070338.798038586]: [1748070338.798] v: 0.194498, w: 0.214217[0m
[0m[ INFO] [1748070338.819306512]: Received reference trajectory - x: 102.265388, y: 68.099716, phi: 1.138996, v: 135.850281, w: 0.535098[0m
[0m[ INFO] [1748070338.904180839]: [1748070338.904] Robot state - x: 0.089454, y: 0.001359, phi: 0.039453[0m
[0m[ INFO] [1748070338.904377033]: [1748070338.904] Reference trajectory - x: 0.102265, y: 0.068100, phi: 0.019879, v: 0.135850, w: 0.009339[0m
[0m[ INFO] [1748070338.904445193]: [1748070338.904] v: 0.199848, w: 0.244900[0m
[0m[ INFO] [1748070338.919091975]: Received reference trajectory - x: 107.925232, y: 81.207932, phi: 1.185556, v: 149.718079, w: 0.465609[0m
[0m[ INFO] [1748070338.998106795]: [1748070338.998] Robot state - x: 0.100757, y: 0.001742, phi: 0.046967[0m
[0m[ INFO] [1748070338.998236460]: [1748070338.998] Reference trajectory - x: 0.107925, y: 0.081208, phi: 0.020692, v: 0.149718, w: 0.008126[0m
[0m[ INFO] [1748070338.998281517]: [1748070338.998] v: 0.204658, w: 0.285324[0m
[0m[ INFO] [1748070339.019169120]: Received reference trajectory - x: 113.518860, y: 95.879593, phi: 1.225968, v: 164.683945, w: 0.404113[0m
[0m[ INFO] [1748070339.098817258]: [1748070339.099] Robot state - x: 0.112863, y: 0.002265, phi: 0.054482[0m
[0m[ INFO] [1748070339.098994411]: [1748070339.099] Reference trajectory - x: 0.113519, y: 0.095880, phi: 0.021397, v: 0.164684, w: 0.007053[0m
[0m[ INFO] [1748070339.099064908]: [1748070339.099] v: 0.208409, w: 0.332206[0m
[0m[ INFO] [1748070339.121920656]: Received reference trajectory - x: 119.066223, y: 112.260239, phi: 1.261202, v: 180.768829, w: 0.352339[0m
[0m[ INFO] [1748070339.197651608]: [1748070339.198] Robot state - x: 0.125366, y: 0.002947, phi: 0.069512[0m
[0m[ INFO] [1748070339.197783129]: [1748070339.198] Reference trajectory - x: 0.119066, y: 0.112260, phi: 0.022012, v: 0.180769, w: 0.006149[0m
[0m[ INFO] [1748070339.197827290]: [1748070339.198] v: 0.211817, w: 0.372887[0m
[0m[ INFO] [1748070339.219181841]: Received reference trajectory - x: 124.539307, y: 130.356094, phi: 1.291832, v: 197.861694, w: 0.306303[0m
[0m[ INFO] [1748070339.298240278]: [1748070339.298] Robot state - x: 0.138267, y: 0.003748, phi: 0.084541[0m
[0m[ INFO] [1748070339.298374039]: [1748070339.298] Reference trajectory - x: 0.124539, y: 0.130356, phi: 0.022547, v: 0.197862, w: 0.005346[0m
[0m[ INFO] [1748070339.298462136]: [1748070339.298] v: 0.214672, w: 0.420972[0m
[0m[ INFO] [1748070339.321665374]: Received reference trajectory - x: 129.956085, y: 150.310135, phi: 1.318626, v: 215.990356, w: 0.267945[0m
[0m[ INFO] [1748070339.397741290]: [1748070339.398] Robot state - x: 0.151759, y: 0.004776, phi: 0.097692[0m
[0m[ INFO] [1748070339.397882987]: [1748070339.398] Reference trajectory - x: 0.129956, y: 0.150310, phi: 0.023014, v: 0.215990, w: 0.004677[0m
[0m[ INFO] [1748070339.397927275]: [1748070339.398] v: 0.216633, w: 0.480139[0m
[0m[ INFO] [1748070339.418940735]: Received reference trajectory - x: 135.310852, y: 172.191055, phi: 1.342117, v: 235.115555, w: 0.234901[0m
[0m[ INFO] [1748070339.503448307]: [1748070339.503] Robot state - x: 0.165632, y: 0.006096, phi: 0.118358[0m
[0m[ INFO] [1748070339.503606964]: [1748070339.504] Reference trajectory - x: 0.135311, y: 0.172191, phi: 0.023424, v: 0.235116, w: 0.004100[0m
[0m[ INFO] [1748070339.503708053]: [1748070339.504] v: 0.217973, w: 0.533875[0m
[0m[ INFO] [1748070339.519227098]: Received reference trajectory - x: 140.612686, y: 196.128128, phi: 1.362816, v: 255.254257, w: 0.206993[0m
[0m[ INFO] [1748070339.598800228]: [1748070339.599] Robot state - x: 0.180488, y: 0.007722, phi: 0.140902[0m
[0m[ INFO] [1748070339.598900548]: [1748070339.599] Reference trajectory - x: 0.140613, y: 0.196128, phi: 0.023786, v: 0.255254, w: 0.003613[0m
[0m[ INFO] [1748070339.598957189]: [1748070339.599] v: 0.217576, w: 0.592784[0m
[0m[ INFO] [1748070339.619014513]: Received reference trajectory - x: 145.852280, y: 222.171463, phi: 1.381088, v: 276.358490, w: 0.182723[0m
[0m[ INFO] [1748070339.699051006]: [1748070339.699] Robot state - x: 0.195308, y: 0.009653, phi: 0.163446[0m
[0m[ INFO] [1748070339.699203583]: [1748070339.699] Reference trajectory - x: 0.145852, y: 0.222171, phi: 0.024105, v: 0.276358, w: 0.003189[0m
[0m[ INFO] [1748070339.699269376]: [1748070339.699] v: 0.217141, w: 0.660537[0m
[0m[ INFO] [1748070339.721757793]: Received reference trajectory - x: 151.045380, y: 250.496521, phi: 1.397323, v: 298.483612, w: 0.162348[0m
[0m[ INFO] [1748070339.797991309]: [1748070339.798] Robot state - x: 0.210475, y: 0.012009, phi: 0.189748[0m
[0m[ INFO] [1748070339.798372497]: [1748070339.798] Reference trajectory - x: 0.151045, y: 0.250497, phi: 0.024388, v: 0.298484, w: 0.002834[0m
[0m[ INFO] [1748070339.798454097]: [1748070339.798] v: 0.216048, w: 0.730882[0m
[0m[ INFO] [1748070339.819361412]: Received reference trajectory - x: 156.158157, y: 281.002502, phi: 1.411705, v: 321.472992, w: 0.143818[0m
[0m[ INFO] [1748070339.898949134]: [1748070339.899] Robot state - x: 0.225972, y: 0.014834, phi: 0.223565[0m
[0m[ INFO] [1748070339.899264561]: [1748070339.899] Reference trajectory - x: 0.156158, y: 0.281002, phi: 0.024639, v: 0.321473, w: 0.002510[0m
[0m[ INFO] [1748070339.899367762]: [1748070339.899] v: 0.214069, w: 0.796761[0m
[0m[ INFO] [1748070339.922039412]: Received reference trajectory - x: 161.227692, y: 313.997070, phi: 1.424582, v: 345.483795, w: 0.128774[0m
[0m[ INFO] [1748070339.997776892]: [1748070339.998] Robot state - x: 0.241584, y: 0.018123, phi: 0.259260[0m
[0m[ INFO] [1748070339.997908509]: [1748070339.998] Reference trajectory - x: 0.161228, y: 0.313997, phi: 0.024864, v: 0.345484, w: 0.002248[0m
[0m[ INFO] [1748070339.997953118]: [1748070339.998] v: 0.211784, w: 0.869547[0m
[0m[ INFO] [1748070340.019234932]: Received reference trajectory - x: 166.225464, y: 349.387177, phi: 1.436085, v: 370.375488, w: 0.115030[0m
[0m[ INFO] [1748070340.105015411]: [1748070340.105] Robot state - x: 0.256870, y: 0.021932, phi: 0.300591[0m
[0m[ INFO] [1748070340.106186557]: [1748070340.106] Reference trajectory - x: 0.166225, y: 0.349387, phi: 0.025064, v: 0.370375, w: 0.002008[0m
[0m[ INFO] [1748070340.106413375]: [1748070340.106] v: 0.209792, w: 0.942185[0m
[0m[ INFO] [1748070340.120521879]: Received reference trajectory - x: 171.175018, y: 387.428375, phi: 1.446442, v: 396.259155, w: 0.103565[0m
[0m[ INFO] [1748070340.197770381]: [1748070340.198] Robot state - x: 0.272397, y: 0.026396, phi: 0.341922[0m
[0m[ INFO] [1748070340.197868590]: [1748070340.198] Reference trajectory - x: 0.171175, y: 0.387428, phi: 0.025245, v: 0.396259, w: 0.001808[0m
[0m[ INFO] [1748070340.197915758]: [1748070340.198] v: 0.207232, w: 1.025337[0m
[0m[ INFO] [1748070340.218982051]: Received reference trajectory - x: 176.054153, y: 428.039581, phi: 1.455752, v: 423.013885, w: 0.093107[0m
[0m[ INFO] [1748070340.303195060]: [1748070340.303] Robot state - x: 0.287905, y: 0.031605, phi: 0.388890[0m
[0m[ INFO] [1748070340.303808473]: [1748070340.304] Reference trajectory - x: 0.176054, y: 0.428040, phi: 0.025408, v: 0.423014, w: 0.001625[0m
[0m[ INFO] [1748070340.303908794]: [1748070340.304] v: 0.204393, w: 1.108548[0m
[0m[ INFO] [1748070340.319024283]: Received reference trajectory - x: 180.880234, y: 471.450684, phi: 1.464177, v: 450.729156, w: 0.084249[0m
[0m[ INFO] [1748070340.397825534]: [1748070340.398] Robot state - x: 0.302418, y: 0.037189, phi: 0.439614[0m
[0m[ INFO] [1748070340.397935583]: [1748070340.398] Reference trajectory - x: 0.180880, y: 0.471451, phi: 0.025555, v: 0.450729, w: 0.001470[0m
[0m[ INFO] [1748070340.397978527]: [1748070340.398] v: 0.203175, w: 1.197560[0m
[0m[ INFO] [1748070340.419293558]: Received reference trajectory - x: 185.647034, y: 517.701782, phi: 1.471811, v: 479.368195, w: 0.076342[0m
[0m[ INFO] [1748070340.499007424]: [1748070340.499] Robot state - x: 0.317190, y: 0.043734, phi: 0.495975[0m
[0m[ INFO] [1748070340.499199714]: [1748070340.499] Reference trajectory - x: 0.185647, y: 0.517702, phi: 0.025688, v: 0.479368, w: 0.001332[0m
[0m[ INFO] [1748070340.499320579]: [1748070340.499] v: 0.201331, w: 1.287265[0m
[0m[ INFO] [1748070340.521764483]: Received reference trajectory - x: 190.360077, y: 566.942444, phi: 1.478755, v: 508.963348, w: 0.069437[0m
[0m[ INFO] [1748070340.597641453]: [1748070340.598] Robot state - x: 0.331771, y: 0.051151, phi: 0.557972[0m
[0m[ INFO] [1748070340.597735342]: [1748070340.598] Reference trajectory - x: 0.190360, y: 0.566942, phi: 0.025809, v: 0.508963, w: 0.001212[0m
[0m[ INFO] [1748070340.597812879]: [1748070340.598] v: 0.199694, w: 1.378729[0m
[0m[ INFO] [1748070340.619237350]: Received reference trajectory - x: 195.003662, y: 619.093262, phi: 1.485066, v: 539.411682, w: 0.063105[0m
[0m[ INFO] [1748070340.701694440]: [1748070340.702] Robot state - x: 0.346061, y: 0.059520, phi: 0.625605[0m
[0m[ INFO] [1748070340.701877418]: [1748070340.702] Reference trajectory - x: 0.195004, y: 0.619093, phi: 0.025919, v: 0.539412, w: 0.001101[0m
[0m[ INFO] [1748070340.701948970]: [1748070340.702] v: 0.198328, w: 1.471576[0m
[0m[ INFO] [1748070340.723779781]: Received reference trajectory - x: 199.603058, y: 674.534790, phi: 1.490846, v: 570.879028, w: 0.057800[0m
[0m[ INFO] [1748070340.797598269]: [1748070340.797] Robot state - x: 0.359612, y: 0.068684, phi: 0.698874[0m
[0m[ INFO] [1748070340.797745119]: [1748070340.798] Reference trajectory - x: 0.199603, y: 0.674535, phi: 0.026020, v: 0.570879, w: 0.001009[0m
[0m[ INFO] [1748070340.797800767]: [1748070340.798] v: 0.198289, w: 1.567991[0m
[0m[ INFO] [1748070340.819205910]: Received reference trajectory - x: 204.122955, y: 732.924133, phi: 1.496111, v: 603.119507, w: 0.052655[0m
[0m[ INFO] [1748070340.905259543]: [1748070340.905] Robot state - x: 0.372793, y: 0.079041, phi: 0.779658[0m
[0m[ INFO] [1748070340.905343032]: [1748070340.905] Reference trajectory - x: 0.204123, y: 0.732924, phi: 0.026112, v: 0.603119, w: 0.000919[0m
[0m[ INFO] [1748070340.905399256]: [1748070340.905] v: 0.198662, w: 1.662146[0m
[0m[ INFO] [1748070340.920179191]: Received reference trajectory - x: 208.597717, y: 794.787537, phi: 1.500955, v: 636.374023, w: 0.048439[0m
[0m[ INFO] [1748070340.997650734]: [1748070340.998] Robot state - x: 0.384978, y: 0.090256, phi: 0.869835[0m
[0m[ INFO] [1748070340.997777711]: [1748070340.998] Reference trajectory - x: 0.208598, y: 0.794788, phi: 0.026197, v: 0.636374, w: 0.000845[0m
[0m[ INFO] [1748070340.997826512]: [1748070340.998] v: 0.200924, w: 1.754069[0m
[0m[ INFO] [1748070341.019225767]: Received reference trajectory - x: 213.005142, y: 859.916016, phi: 1.505398, v: 670.478882, w: 0.044429[0m
[0m[ INFO] [1748070341.098109643]: [1748070341.098] Robot state - x: 0.396344, y: 0.102577, phi: 0.961891[0m
[0m[ INFO] [1748070341.098239724]: [1748070341.098] Reference trajectory - x: 0.213005, y: 0.859916, phi: 0.026274, v: 0.670479, w: 0.000775[0m
[0m[ INFO] [1748070341.098306860]: [1748070341.098] v: 0.204643, w: 1.855665[0m
[0m[ INFO] [1748070341.121742261]: Received reference trajectory - x: 217.362747, y: 928.660583, phi: 1.509497, v: 705.568970, w: 0.040993[0m
[0m[ INFO] [1748070341.197756704]: [1748070341.198] Robot state - x: 0.406614, y: 0.116080, phi: 1.063340[0m
[0m[ INFO] [1748070341.197871073]: [1748070341.198] Reference trajectory - x: 0.217363, y: 0.928661, phi: 0.026346, v: 0.705569, w: 0.000715[0m
[0m[ INFO] [1748070341.197915745]: [1748070341.198] v: 0.210567, w: 1.954834[0m
[0m[ INFO] [1748070341.219114743]: Received reference trajectory - x: 221.651688, y: 1000.814087, phi: 1.513270, v: 741.491638, w: 0.037730[0m
[0m[ INFO] [1748070341.297923705]: [1748070341.298] Robot state - x: 0.415545, y: 0.130503, phi: 1.172305[0m
[0m[ INFO] [1748070341.298098139]: [1748070341.298] Reference trajectory - x: 0.221652, y: 1.000814, phi: 0.026412, v: 0.741492, w: 0.000659[0m
[0m[ INFO] [1748070341.298234428]: [1748070341.298] v: 0.219060, w: 2.055346[0m
[0m[ INFO] [1748070341.320490171]: Received reference trajectory - x: 225.884689, y: 1076.670776, phi: 1.516759, v: 778.349487, w: 0.034893[0m
[0m[ INFO] [1748070341.398376598]: [1748070341.398] Robot state - x: 0.423117, y: 0.146134, phi: 1.285026[0m
[0m[ INFO] [1748070341.398580663]: [1748070341.399] Reference trajectory - x: 0.225885, y: 1.076671, phi: 0.026472, v: 0.778349, w: 0.000609[0m
[0m[ INFO] [1748070341.398683320]: [1748070341.399] v: 0.230412, w: 2.164150[0m
[0m[ INFO] [1748070341.421164729]: Received reference trajectory - x: 230.065628, y: 1156.407959, phi: 1.519994, v: 816.180847, w: 0.032351[0m
[0m[ INFO] [1748070341.505232617]: [1748070341.505] Robot state - x: 0.428934, y: 0.162714, phi: 1.407141[0m
[0m[ INFO] [1748070341.505355914]: [1748070341.505] Reference trajectory - x: 0.230066, y: 1.156408, phi: 0.026529, v: 0.816181, w: 0.000565[0m
[0m[ INFO] [1748070341.505421866]: [1748070341.505] v: 0.245522, w: 2.273100[0m
[0m[ INFO] [1748070341.520798350]: Received reference trajectory - x: 234.174393, y: 1239.722168, phi: 1.522985, v: 854.799988, w: 0.029900[0m
[0m[ INFO] [1748070341.597594911]: [1748070341.597] Robot state - x: 0.432669, y: 0.179055, phi: 1.529256[0m
[0m[ INFO] [1748070341.597864258]: [1748070341.598] Reference trajectory - x: 0.234174, y: 1.239722, phi: 0.026581, v: 0.854800, w: 0.000522[0m
[0m[ INFO] [1748070341.597931810]: [1748070341.598] v: 0.264939, w: 2.402408[0m
[0m[ INFO] [1748070341.619072855]: Received reference trajectory - x: 238.227707, y: 1327.025146, phi: 1.525764, v: 894.358459, w: 0.027791[0m
[0m[ INFO] [1748070341.704935287]: [1748070341.705] Robot state - x: 0.434349, y: 0.195530, phi: 1.653250[0m
[0m[ INFO] [1748070341.705090168]: [1748070341.705] Reference trajectory - x: 0.238228, y: 1.327025, phi: 0.026630, v: 0.894358, w: 0.000485[0m
[0m[ INFO] [1748070341.705204281]: [1748070341.705] v: 0.288995, w: 2.549272[0m
[0m[ INFO] [1748070341.719371858]: Received reference trajectory - x: 242.225601, y: 1418.422607, phi: 1.528351, v: 934.860413, w: 0.025869[0m
[0m[ INFO] [1748070341.798884443]: [1748070341.799] Robot state - x: 0.433931, y: 0.213500, phi: 1.782880[0m
[0m[ INFO] [1748070341.799020124]: [1748070341.799] Reference trajectory - x: 0.242226, y: 1.418423, phi: 0.026675, v: 0.934860, w: 0.000452[0m
[0m[ INFO] [1748070341.799069821]: [1748070341.799] v: 0.317976, w: 2.702789[0m
[0m[ INFO] [1748070341.819414027]: Received reference trajectory - x: 246.161011, y: 1513.843262, phi: 1.530758, v: 976.233765, w: 0.024071[0m
[0m[ INFO] [1748070341.901335656]: [1748070341.901] Robot state - x: 0.430831, y: 0.232434, phi: 1.942569[0m
[0m[ INFO] [1748070341.901715723]: [1748070341.902] Reference trajectory - x: 0.246161, y: 1.513843, phi: 0.026717, v: 0.976234, w: 0.000420[0m
[0m[ INFO] [1748070341.901892333]: [1748070341.902] v: 0.353068, w: 2.821564[0m
[0m[ INFO] [1748070341.921055025]: Received reference trajectory - x: 250.045486, y: 1613.668701, phi: 1.533007, v: 1018.602539, w: 0.022494[0m
[0m[ INFO] [1748070341.997842179]: [1748070341.998] Robot state - x: 0.424657, y: 0.252298, phi: 2.121045[0m
[0m[ INFO] [1748070341.997957764]: [1748070341.998] Reference trajectory - x: 0.250045, y: 1.613669, phi: 0.026756, v: 1.018602, w: 0.000393[0m
[0m[ INFO] [1748070341.998009316]: [1748070341.998] v: 0.395397, w: 2.927439[0m
[0m[ INFO] [1748070342.019026264]: Received reference trajectory - x: 253.858948, y: 1717.465698, phi: 1.535101, v: 1061.745605, w: 0.020939[0m
[0m[ INFO] [1748070342.098255518]: [1748070342.098] Robot state - x: 0.414607, y: 0.272110, phi: 2.316429[0m
[0m[ INFO] [1748070342.098398207]: [1748070342.098] Reference trajectory - x: 0.253859, y: 1.717466, phi: 0.026793, v: 1.061746, w: 0.000365[0m
[0m[ INFO] [1748070342.098469248]: [1748070342.098] v: 0.446478, w: 3.026117[0m
[0m[ INFO] [1748070342.120299707]: Received reference trajectory - x: 257.619629, y: 1825.807861, phi: 1.537062, v: 1105.865234, w: 0.019610[0m
[0m[ INFO] [1748070342.198067253]: [1748070342.198] Robot state - x: 0.399976, y: 0.291177, phi: 2.524964[0m
[0m[ INFO] [1748070342.198186326]: [1748070342.198] Reference trajectory - x: 0.257620, y: 1.825808, phi: 0.026827, v: 1.105865, w: 0.000342[0m
[0m[ INFO] [1748070342.198289975]: [1748070342.198] v: 0.508217, w: 3.129337[0m
[0m[ INFO] [1748070342.220450740]: Received reference trajectory - x: 261.321350, y: 1938.623657, phi: 1.538898, v: 1150.893188, w: 0.018357[0m
[0m[ INFO] [1748070342.301264200]: [1748070342.301] Robot state - x: 0.379629, y: 0.309021, phi: 2.735378[0m
[0m[ INFO] [1748070342.301472042]: [1748070342.301] Reference trajectory - x: 0.261321, y: 1.938624, phi: 0.026859, v: 1.150893, w: 0.000320[0m
[0m[ INFO] [1748070342.301588395]: [1748070342.302] v: 0.583067, w: 3.259121[0m
[0m[ INFO] [1748070342.319291267]: Received reference trajectory - x: 264.959595, y: 2055.855957, phi: 1.540616, v: 1196.771606, w: 0.017183[0m
[0m[ INFO] [1748070342.418983384]: Received reference trajectory - x: 268.540375, y: 2177.780273, phi: 1.542229, v: 1243.573975, w: 0.016128[0m
[0m[ INFO] [1748070342.477863536]: [1748070342.478] Robot state - x: 0.351906, y: 0.324409, phi: 2.955184[0m
[0m[ INFO] [1748070342.478104978]: [1748070342.478] Reference trajectory - x: 0.268540, y: 2.177780, phi: 0.026917, v: 1.243574, w: 0.000281[0m
[0m[ INFO] [1748070342.478201715]: [1748070342.478] v: 0.727933, w: 3.855990[0m
[0m[ INFO] [1748070342.497671610]: [1748070342.498] Robot state - x: 0.312865, y: 0.335531, phi: -3.070620[0m
[0m[ INFO] [1748070342.497795547]: [1748070342.498] Reference trajectory - x: 0.268540, y: 2.177780, phi: 0.026917, v: 1.243574, w: 0.000281[0m
[0m[ INFO] [1748070342.497912732]: [1748070342.498] v: 0.791121, w: 14.693749[0m
[0m[ INFO] [1748070342.519171090]: Received reference trajectory - x: 272.062836, y: 2304.467529, phi: 1.543744, v: 1291.291626, w: 0.015150[0m
[0m[ INFO] [1748070342.597845588]: [1748070342.598] Robot state - x: 0.272175, y: 0.338458, phi: -2.841419[0m
[0m[ INFO] [1748070342.598097366]: [1748070342.598] Reference trajectory - x: 0.272063, y: 2.304467, phi: 0.026943, v: 1.291292, w: 0.000264[0m
[0m[ INFO] [1748070342.598196311]: [1748070342.598] v: 0.915407, w: 14.926949[0m
[0m[ INFO] [1748070342.619437581]: Received reference trajectory - x: 275.526489, y: 2435.991699, phi: 1.545168, v: 1339.917847, w: 0.014244[0m
[0m[ INFO] [1748070342.698553234]: [1748070342.698] Robot state - x: 0.247073, y: 0.331482, phi: -2.441257[0m
[0m[ INFO] [1748070342.698752308]: [1748070342.699] Reference trajectory - x: 0.275526, y: 2.435992, phi: 0.026968, v: 1.339918, w: 0.000249[0m
[0m[ INFO] [1748070342.698821492]: [1748070342.699] v: 1.016355, w: 14.923407[0m
[0m[ INFO] [1748070342.720951154]: Received reference trajectory - x: 278.934113, y: 2572.559814, phi: 1.546510, v: 1389.494263, w: 0.013417[0m
[0m[ INFO] [1748070342.798019430]: [1748070342.798] Robot state - x: 0.220232, y: 0.317006, phi: -2.052368[0m
[0m[ INFO] [1748070342.798161799]: [1748070342.798] Reference trajectory - x: 0.278934, y: 2.572560, phi: 0.026992, v: 1.389494, w: 0.000234[0m
[0m[ INFO] [1748070342.798279816]: [1748070342.798] v: 1.124194, w: 14.999907[0m
[0m[ INFO] [1748070342.821954258]: Received reference trajectory - x: 282.279327, y: 2714.010498, phi: 1.547772, v: 1439.929199, w: 0.012625[0m
[0m[ INFO] [1748070342.899876334]: [1748070342.900] Robot state - x: 0.196318, y: 0.288037, phi: -1.691659[0m
[0m[ INFO] [1748070342.900002351]: [1748070342.900] Reference trajectory - x: 0.282279, y: 2.714010, phi: 0.027014, v: 1.439929, w: 0.000220[0m
[0m[ INFO] [1748070342.900071631]: [1748070342.900] v: 1.230439, w: 15.212858[0m
[0m[ INFO] [1748070342.920731616]: Received reference trajectory - x: 285.563965, y: 2860.491699, phi: 1.548962, v: 1491.244995, w: 0.011898[0m
[0m[ INFO] [1748070342.998533882]: [1748070342.998] Robot state - x: 0.185001, y: 0.250105, phi: -1.308405[0m
[0m[ INFO] [1748070342.998671644]: [1748070342.999] Reference trajectory - x: 0.285564, y: 2.860492, phi: 0.027034, v: 1.491245, w: 0.000208[0m
[0m[ INFO] [1748070342.998717308]: [1748070342.999] v: 1.317102, w: 15.454365[0m
[0m[ INFO] [1748070343.020456022]: Received reference trajectory - x: 288.789429, y: 3012.154297, phi: 1.550085, v: 1543.463257, w: 0.011227[0m
[0m[ INFO] [1748070343.100347682]: [1748070343.100] Robot state - x: 0.188450, y: 0.211280, phi: -0.889457[0m
[0m[ INFO] [1748070343.100679717]: [1748070343.101] Reference trajectory - x: 0.288789, y: 3.012154, phi: 0.027054, v: 1.543463, w: 0.000196[0m
[0m[ INFO] [1748070343.100804806]: [1748070343.101] v: 1.378967, w: 15.673336[0m
[0m[ INFO] [1748070343.119213572]: Received reference trajectory - x: 291.954407, y: 3169.022705, phi: 1.551145, v: 1596.562012, w: 0.010599[0m
[0m[ INFO] [1748070343.198309929]: [1748070343.198] Robot state - x: 0.206627, y: 0.177256, phi: -0.432934[0m
[0m[ INFO] [1748070343.198456938]: [1748070343.198] Reference trajectory - x: 0.291954, y: 3.169023, phi: 0.027073, v: 1.596562, w: 0.000185[0m
[0m[ INFO] [1748070343.198511914]: [1748070343.198] v: 1.414598, w: 15.846165[0m
[0m[ INFO] [1748070343.219950786]: Received reference trajectory - x: 295.061584, y: 3331.317871, phi: 1.552147, v: 1650.585083, w: 0.010023[0m
[0m[ INFO] [1748070343.298546179]: [1748070343.298] Robot state - x: 0.237468, y: 0.154088, phi: 0.057405[0m
[0m[ INFO] [1748070343.298666020]: [1748070343.299] Reference trajectory - x: 0.295062, y: 3.331318, phi: 0.027090, v: 1.650585, w: 0.000175[0m
[0m[ INFO] [1748070343.298730948]: [1748070343.299] v: 1.426344, w: 15.958085[0m
[0m[ INFO] [1748070343.322902227]: Received reference trajectory - x: 298.119690, y: 3499.636719, phi: 1.553098, v: 1705.696167, w: 0.009512[0m
[0m[ INFO] [1748070343.397972790]: [1748070343.398] Robot state - x: 0.275891, y: 0.147532, phi: 0.585317[0m
[0m[ INFO] [1748070343.398068983]: [1748070343.398] Reference trajectory - x: 0.298120, y: 3.499637, phi: 0.027107, v: 1.705696, w: 0.000166[0m
[0m[ INFO] [1748070343.398119831]: [1748070343.398] v: 1.422424, w: 15.982880[0m
[0m[ INFO] [1748070343.419181132]: Received reference trajectory - x: 301.099976, y: 3672.451660, phi: 1.553993, v: 1761.369141, w: 0.008950[0m
[0m[ INFO] [1748070343.497902510]: [1748070343.498] Robot state - x: 0.311945, y: 0.160064, phi: 1.139532[0m
[0m[ INFO] [1748070343.498917974]: [1748070343.498] Reference trajectory - x: 0.301100, y: 3.672452, phi: 0.027122, v: 1.761369, w: 0.000156[0m
[0m[ INFO] [1748070343.499037143]: [1748070343.499] v: 1.419726, w: 15.924763[0m
[0m[ INFO] [1748070343.519059459]: Received reference trajectory - x: 304.028290, y: 3851.296875, phi: 1.554843, v: 1818.074219, w: 0.008499[0m
[0m[ INFO] [1748070343.598526027]: [1748070343.598] Robot state - x: 0.337515, y: 0.191071, phi: 1.731320[0m
[0m[ INFO] [1748070343.598624396]: [1748070343.599] Reference trajectory - x: 0.304028, y: 3.851297, phi: 0.027137, v: 1.818074, w: 0.000148[0m
[0m[ INFO] [1748070343.598671692]: [1748070343.599] v: 1.433867, w: 15.770174[0m
[0m[ INFO] [1748070343.619331549]: Received reference trajectory - x: 306.899445, y: 4035.990967, phi: 1.555650, v: 1875.721191, w: 0.008064[0m
[0m[ INFO] [1748070343.697779133]: [1748070343.698] Robot state - x: 0.343054, y: 0.232915, phi: 2.330623[0m
[0m[ INFO] [1748070343.697945566]: [1748070343.698] Reference trajectory - x: 0.306899, y: 4.035991, phi: 0.027151, v: 1.875721, w: 0.000141[0m
[0m[ INFO] [1748070343.698013247]: [1748070343.698] v: 1.483277, w: 15.598663[0m
[0m[ INFO] [1748070343.719024051]: Received reference trajectory - x: 309.710144, y: 4226.416992, phi: 1.556414, v: 1934.244995, w: 0.007647[0m
[0m[ INFO] [1748070343.797991703]: [1748070343.798] Robot state - x: 0.322986, y: 0.272556, phi: 2.946835[0m
[0m[ INFO] [1748070343.798101400]: [1748070343.798] Reference trajectory - x: 0.309710, y: 4.226417, phi: 0.027165, v: 1.934245, w: 0.000133[0m
[0m[ INFO] [1748070343.798167864]: [1748070343.798] v: 1.580100, w: 15.440649[0m
[0m[ INFO] [1748070343.818925770]: Received reference trajectory - x: 312.462372, y: 4422.795410, phi: 1.557140, v: 1993.685913, w: 0.007261[0m
[0m[ INFO] [1748070343.899336346]: [1748070343.899] Robot state - x: 0.282077, y: 0.294559, phi: -2.701352[0m
[0m[ INFO] [1748070343.899548252]: [1748070343.899] Reference trajectory - x: 0.312462, y: 4.422795, phi: 0.027177, v: 1.993686, w: 0.000127[0m
[0m[ INFO] [1748070343.899658589]: [1748070343.900] v: 1.718203, w: 26.501350[0m
[0m[ INFO] [1748070343.919204196]: Received reference trajectory - x: 315.155731, y: 4625.195312, phi: 1.557830, v: 2054.036865, w: 0.006898[0m
[0m[ INFO] [1748070343.997766853]: [1748070343.998] Robot state - x: 0.232174, y: 0.288356, phi: -2.064475[0m
[0m[ INFO] [1748070343.997865638]: [1748070343.998] Reference trajectory - x: 0.315156, y: 4.625196, phi: 0.027189, v: 2.054037, w: 0.000120[0m
[0m[ INFO] [1748070343.997985863]: [1748070343.998] v: 1.877953, w: 26.552067[0m
[0m[ INFO] [1748070344.021317551]: Received reference trajectory - x: 317.791260, y: 4833.795410, phi: 1.558486, v: 2115.323242, w: 0.006561[0m
[0m[ INFO] [1748070344.099897327]: [1748070344.100] Robot state - x: 0.194951, y: 0.255450, phi: -1.497110[0m
[0m[ INFO] [1748070344.100058065]: [1748070344.100] Reference trajectory - x: 0.317791, y: 4.833796, phi: 0.027201, v: 2.115323, w: 0.000115[0m
[0m[ INFO] [1748070344.100944024]: [1748070344.101] v: 2.020559, w: 26.868145[0m
[0m[ INFO] [1748070344.119281749]: Received reference trajectory - x: 320.366119, y: 5048.461426, phi: 1.559110, v: 2177.479248, w: 0.006236[0m
[0m[ INFO] [1748070344.197804085]: [1748070344.198] Robot state - x: 0.184383, y: 0.196406, phi: -0.863990[0m
[0m[ INFO] [1748070344.197920310]: [1748070344.198] Reference trajectory - x: 0.320366, y: 5.048461, phi: 0.027212, v: 2.177479, w: 0.000109[0m
[0m[ INFO] [1748070344.197967415]: [1748070344.198] v: 2.119078, w: 27.210257[0m
[0m[ INFO] [1748070344.218957259]: Received reference trajectory - x: 322.878143, y: 5269.071777, phi: 1.559703, v: 2240.446045, w: 0.005927[0m
[0m[ INFO] [1748070344.303356669]: [1748070344.303] Robot state - x: 0.203186, y: 0.147595, phi: -0.275959[0m
[0m[ INFO] [1748070344.303674304]: [1748070344.304] Reference trajectory - x: 0.322878, y: 5.269072, phi: 0.027222, v: 2.240446, w: 0.000103[0m
[0m[ INFO] [1748070344.303797313]: [1748070344.304] v: 2.165797, w: 27.643963[0m
[0m[ INFO] [1748070344.319224901]: Received reference trajectory - x: 325.334900, y: 5496.383301, phi: 1.560268, v: 2304.413574, w: 0.005652[0m
[0m[ INFO] [1748070344.397796358]: [1748070344.398] Robot state - x: 0.250331, y: 0.119400, phi: 0.374069[0m
[0m[ INFO] [1748070344.397884678]: [1748070344.398] Reference trajectory - x: 0.325335, y: 5.496383, phi: 0.027232, v: 2.304414, w: 0.000099[0m
[0m[ INFO] [1748070344.397937223]: [1748070344.398] v: 2.159862, w: 27.943359[0m
[0m[ INFO] [1748070344.419096444]: Received reference trajectory - x: 327.731384, y: 5730.041504, phi: 1.560806, v: 2369.255371, w: 0.005383[0m
[0m[ INFO] [1748070344.499672814]: [1748070344.500] Robot state - x: 0.302359, y: 0.122249, phi: 1.035369[0m
[0m[ INFO] [1748070344.499824943]: [1748070344.500] Reference trajectory - x: 0.327731, y: 5.730042, phi: 0.027241, v: 2.369255, w: 0.000094[0m
[0m[ INFO] [1748070344.499914128]: [1748070344.500] v: 2.141278, w: 28.157366[0m
[0m[ INFO] [1748070344.521124549]: Received reference trajectory - x: 330.070557, y: 5970.437500, phi: 1.561320, v: 2435.054199, w: 0.005135[0m
[0m[ INFO] [1748070344.597819574]: [1748070344.598] Robot state - x: 0.340513, y: 0.155317, phi: 1.715456[0m
[0m[ INFO] [1748070344.597932535]: [1748070344.598] Reference trajectory - x: 0.330071, y: 5.970438, phi: 0.027250, v: 2.435054, w: 0.000090[0m
[0m[ INFO] [1748070344.598003319]: [1748070344.598] v: 2.144000, w: 28.274656[0m
[0m[ INFO] [1748070344.619103148]: Received reference trajectory - x: 332.347382, y: 6217.129883, phi: 1.561809, v: 2501.665039, w: 0.004891[0m
[0m[ INFO] [1748070344.698323570]: [1748070344.698] Robot state - x: 0.349572, y: 0.202727, phi: 2.408693[0m
[0m[ INFO] [1748070344.698478164]: [1748070344.698] Reference trajectory - x: 0.332347, y: 6.217130, phi: 0.027259, v: 2.501665, w: 0.000085[0m
[0m[ INFO] [1748070344.698576660]: [1748070344.699] v: 2.197140, w: 28.359716[0m
[0m[ INFO] [1748070344.721278423]: Received reference trajectory - x: 334.566315, y: 6470.680176, phi: 1.562276, v: 2569.216797, w: 0.004670[0m
[0m[ INFO] [1748070344.784659349]: [1748070344.785] Robot state - x: 0.249572, y: 0.102727, phi: 2.234160[0m
[0m[ INFO] [1748070344.784772374]: [1748070344.785] Reference trajectory - x: 0.334566, y: 6.470680, phi: 0.027267, v: 2.569217, w: 0.000082[0m
[0m[ INFO] [1748070344.784823351]: [1748070344.785] v: 2.450239, w: 30.572662[0m
[0m[ INFO] [1748070344.799661494]: [1748070344.800] Robot state - x: 0.227178, y: 0.143654, phi: 2.946185[0m
[0m[ INFO] [1748070344.799751607]: [1748070344.800] Reference trajectory - x: 0.334566, y: 6.470680, phi: 0.027267, v: 2.569217, w: 0.000082[0m
[0m[ INFO] [1748070344.799794327]: [1748070344.800] v: 2.499766, w: 29.795208[0m
[0m[ INFO] [1748070344.819104092]: Received reference trajectory - x: 336.725342, y: 6730.952637, phi: 1.562721, v: 2637.648193, w: 0.004457[0m
[0m[ INFO] [1748070344.897931615]: [1748070344.898] Robot state - x: 0.193566, y: 0.164941, phi: -2.651277[0m
[0m[ INFO] [1748070344.898189345]: [1748070344.898] Reference trajectory - x: 0.336725, y: 6.730953, phi: 0.027275, v: 2.637648, w: 0.000078[0m
[0m[ INFO] [1748070344.898264578]: [1748070344.898] v: 2.644470, w: 41.241100[0m
[0m[ INFO] [1748070344.919140341]: Received reference trajectory - x: 338.825012, y: 6998.097168, phi: 1.563147, v: 2706.975830, w: 0.004257[0m
[0m[ INFO] [1748070344.998091768]: [1748070344.998] Robot state - x: 0.151431, y: 0.157341, phi: -1.903557[0m
[0m[ INFO] [1748070344.998201849]: [1748070344.998] Reference trajectory - x: 0.338825, y: 6.998097, phi: 0.027282, v: 2.706976, w: 0.000074[0m
[0m[ INFO] [1748070344.998249114]: [1748070344.998] v: 2.809155, w: 41.582413[0m
[0m[ INFO] [1748070345.019067756]: Received reference trajectory - x: 340.865875, y: 7272.278320, phi: 1.563554, v: 2777.218506, w: 0.004068[0m
[0m[ INFO] [1748070345.098519668]: [1748070345.098] Robot state - x: 0.125336, y: 0.126246, phi: -1.138929[0m
[0m[ INFO] [1748070345.098652757]: [1748070345.099] Reference trajectory - x: 0.340866, y: 7.272278, phi: 0.027289, v: 2.777219, w: 0.000071[0m
[0m[ INFO] [1748070345.098725526]: [1748070345.099] v: 2.949682, w: 42.033619[0m
[0m[ INFO] [1748070345.118959235]: Received reference trajectory - x: 342.847351, y: 7553.505371, phi: 1.563943, v: 2848.355713, w: 0.003889[0m
[0m[ INFO] [1748070345.197698597]: [1748070345.198] Robot state - x: 0.127608, y: 0.087131, phi: -0.357393[0m
[0m[ INFO] [1748070345.197808710]: [1748070345.198] Reference trajectory - x: 0.342847, y: 7.553505, phi: 0.027296, v: 2.848356, w: 0.000068[0m
[0m[ INFO] [1748070345.197852966]: [1748070345.198] v: 3.041841, w: 42.540813[0m
[0m[ INFO] [1748070345.219145309]: Received reference trajectory - x: 344.769684, y: 7841.912109, phi: 1.564315, v: 2920.398438, w: 0.003720[0m
[0m[ INFO] [1748070345.297678045]: [1748070345.298] Robot state - x: 0.153751, y: 0.063048, phi: 0.431659[0m
[0m[ INFO] [1748070345.297792766]: [1748070345.298] Reference trajectory - x: 0.344770, y: 7.841912, phi: 0.027302, v: 2.920398, w: 0.000065[0m
[0m[ INFO] [1748070345.297845118]: [1748070345.298] v: 3.091034, w: 43.037796[0m
[0m[ INFO] [1748070345.319286934]: Received reference trajectory - x: 346.633057, y: 8137.608887, phi: 1.564671, v: 2993.351318, w: 0.003560[0m
[0m[ INFO] [1748070345.397746966]: [1748070345.398] Robot state - x: 0.189047, y: 0.064858, phi: 1.248890[0m
[0m[ INFO] [1748070345.397892663]: [1748070345.398] Reference trajectory - x: 0.346633, y: 8.137609, phi: 0.027309, v: 2.993351, w: 0.000062[0m
[0m[ INFO] [1748070345.397939959]: [1748070345.398] v: 3.121837, w: 43.447517[0m
[0m[ INFO] [1748070345.419099276]: Received reference trajectory - x: 348.436768, y: 8440.583008, phi: 1.565011, v: 3067.189209, w: 0.003406[0m
[0m[ INFO] [1748070345.497816654]: [1748070345.498] Robot state - x: 0.211049, y: 0.089886, phi: 2.084909[0m
[0m[ INFO] [1748070345.497942575]: [1748070345.498] Reference trajectory - x: 0.348437, y: 8.440583, phi: 0.027315, v: 3.067189, w: 0.000059[0m
[0m[ INFO] [1748070345.498031728]: [1748070345.498] v: 3.174431, w: 43.794605[0m
[0m[ INFO] [1748070345.521314487]: Received reference trajectory - x: 350.184265, y: 8751.539062, phi: 1.565338, v: 3142.059814, w: 0.003268[0m
[0m[ INFO] [1748070345.597709669]: [1748070345.598] Robot state - x: 0.207803, y: 0.120818, phi: 2.937835[0m
[0m[ INFO] [1748070345.597827398]: [1748070345.598] Reference trajectory - x: 0.350184, y: 8.751539, phi: 0.027320, v: 3.142060, w: 0.000057[0m
[0m[ INFO] [1748070345.597921095]: [1748070345.598] v: 3.272189, w: 44.147125[0m
[0m[ INFO] [1748070345.618964507]: Received reference trajectory - x: 351.867218, y: 9069.051758, phi: 1.565650, v: 3217.599854, w: 0.003121[0m
[0m[ INFO] [1748070345.699488396]: [1748070345.699] Robot state - x: 0.183671, y: 0.138110, phi: -2.475515[0m
[0m[ INFO] [1748070345.699610381]: [1748070345.700] Reference trajectory - x: 0.351867, y: 9.069052, phi: 0.027326, v: 3.217600, w: 0.000054[0m
[0m[ INFO] [1748070345.699811407]: [1748070345.700] v: 3.409262, w: 55.722122[0m
[0m[ INFO] [1748070345.719498360]: Received reference trajectory - x: 353.493622, y: 9394.680664, phi: 1.565950, v: 3294.160645, w: 0.002995[0m
[0m[ INFO] [1748070345.797712629]: [1748070345.798] Robot state - x: 0.156609, y: 0.131445, phi: -1.585014[0m
[0m[ INFO] [1748070345.797852630]: [1748070345.798] Reference trajectory - x: 0.353494, y: 9.394681, phi: 0.027331, v: 3.294161, w: 0.000052[0m
[0m[ INFO] [1748070345.797925335]: [1748070345.798] v: 3.555200, w: 56.258453[0m
[0m[ INFO] [1748070345.819020076]: Received reference trajectory - x: 355.060059, y: 9727.852539, phi: 1.566237, v: 3371.585449, w: 0.002870[0m
[0m[ INFO] [1748070345.898339283]: [1748070345.898] Robot state - x: 0.146244, y: 0.110887, phi: -0.709543[0m
[0m[ INFO] [1748070345.898463988]: [1748070345.898] Reference trajectory - x: 0.355060, y: 9.727853, phi: 0.027336, v: 3.371585, w: 0.000050[0m
[0m[ INFO] [1748070345.898543828]: [1748070345.899] v: 3.674172, w: 56.933601[0m
[0m[ INFO] [1748070345.919262246]: Received reference trajectory - x: 356.567749, y: 10068.926758, phi: 1.566512, v: 3449.936523, w: 0.002753[0m
[0m[ INFO] [1748070345.997713029]: [1748070345.998] Robot state - x: 0.156633, y: 0.089215, phi: 0.212895[0m
[0m[ INFO] [1748070345.997859463]: [1748070345.998] Reference trajectory - x: 0.356568, y: 10.068927, phi: 0.027341, v: 3.449937, w: 0.000048[0m
[0m[ INFO] [1748070345.997975624]: [1748070345.998] v: 3.757135, w: 57.593979[0m
[0m[ INFO] [1748070346.019097948]: Received reference trajectory - x: 358.016022, y: 10417.841797, phi: 1.566776, v: 3529.178955, w: 0.002641[0m
[0m[ INFO] [1748070346.101375357]: [1748070346.101] Robot state - x: 0.176414, y: 0.084239, phi: 1.139091[0m
[0m[ INFO] [1748070346.101494718]: [1748070346.101] Reference trajectory - x: 0.358016, y: 10.417842, phi: 0.027345, v: 3.529179, w: 0.000046[0m
[0m[ INFO] [1748070346.101556702]: [1748070346.102] v: 3.822783, w: 58.251350[0m
[0m[ INFO] [1748070346.119105428]: Received reference trajectory - x: 359.406189, y: 10775.031250, phi: 1.567030, v: 3609.389648, w: 0.002536[0m
[0m[ INFO] [1748070346.198431099]: [1748070346.198] Robot state - x: 0.191798, y: 0.097010, phi: 2.099103[0m
[0m[ INFO] [1748070346.198557468]: [1748070346.198] Reference trajectory - x: 0.359406, y: 10.775031, phi: 0.027350, v: 3.609390, w: 0.000044[0m
[0m[ INFO] [1748070346.198658877]: [1748070346.199] v: 3.895517, w: 58.849228[0m
[0m[ INFO] [1748070346.219271118]: Received reference trajectory - x: 360.735291, y: 11139.803711, phi: 1.567273, v: 3690.393799, w: 0.002432[0m
[0m[ INFO] [1748070346.298803862]: [1748070346.299] Robot state - x: 0.190767, y: 0.115157, phi: 3.076024[0m
[0m[ INFO] [1748070346.298915223]: [1748070346.299] Reference trajectory - x: 0.360735, y: 11.139804, phi: 0.027354, v: 3.690394, w: 0.000042[0m
[0m[ INFO] [1748070346.298963320]: [1748070346.299] v: 3.997606, w: 59.459667[0m
[0m[ INFO] [1748070346.319336358]: Received reference trajectory - x: 362.006195, y: 11513.014648, phi: 1.567507, v: 3772.362305, w: 0.002337[0m
[0m[ INFO] [1748070346.398383979]: [1748070346.398] Robot state - x: 0.176963, y: 0.123554, phi: -2.215211[0m
[0m[ INFO] [1748070346.398924239]: [1748070346.398] Reference trajectory - x: 0.362006, y: 11.513015, phi: 0.027358, v: 3.772362, w: 0.000041[0m
[0m[ INFO] [1748070346.399015664]: [1748070346.399] v: 4.124188, w: 71.295189[0m
[0m[ INFO] [1748070346.419103100]: Received reference trajectory - x: 363.217163, y: 11894.268555, phi: 1.567731, v: 3855.187744, w: 0.002243[0m
[0m[ INFO] [1748070346.500491061]: [1748070346.500] Robot state - x: 0.163806, y: 0.117363, phi: -1.204474[0m
[0m[ INFO] [1748070346.500683574]: [1748070346.501] Reference trajectory - x: 0.363217, y: 11.894269, phi: 0.027362, v: 3.855188, w: 0.000039[0m
[0m[ INFO] [1748070346.500775063]: [1748070346.501] v: 4.251842, w: 72.067055[0m
[0m[ INFO] [1748070346.519097364]: Received reference trajectory - x: 364.369293, y: 12283.967773, phi: 1.567947, v: 3938.938721, w: 0.002156[0m
[0m[ INFO] [1748070346.602659167]: [1748070346.603] Robot state - x: 0.162202, y: 0.105149, phi: -0.176829[0m
[0m[ INFO] [1748070346.602755904]: [1748070346.603] Reference trajectory - x: 0.364369, y: 12.283968, phi: 0.027366, v: 3.938939, w: 0.000038[0m
[0m[ INFO] [1748070346.602804609]: [1748070346.603] v: 4.360584, w: 72.900940[0m
[0m[ INFO] [1748070346.619156236]: Received reference trajectory - x: 365.462067, y: 12682.061523, phi: 1.568154, v: 4023.584229, w: 0.002072[0m
[0m[ INFO] [1748070346.698306738]: [1748070346.698] Robot state - x: 0.169758, y: 0.098759, phi: 0.828272[0m
[0m[ INFO] [1748070346.698431251]: [1748070346.698] Reference trajectory - x: 0.365462, y: 12.682061, phi: 0.027369, v: 4.023584, w: 0.000036[0m
[0m[ INFO] [1748070346.698547124]: [1748070346.699] v: 4.453604, w: 73.824478[0m
[0m[ INFO] [1748070346.718983939]: Received reference trajectory - x: 366.495575, y: 13088.664062, phi: 1.568353, v: 4109.129883, w: 0.001992[0m
[0m[ INFO] [1748070346.797851942]: [1748070346.798] Robot state - x: 0.178229, y: 0.102052, phi: 1.923550[0m
[0m[ INFO] [1748070346.798020711]: [1748070346.798] Reference trajectory - x: 0.366496, y: 13.088664, phi: 0.027373, v: 4.109130, w: 0.000035[0m
[0m[ INFO] [1748070346.798084680]: [1748070346.798] v: 4.545095, w: 74.624115[0m
[0m[ INFO] [1748070346.818986843]: Received reference trajectory - x: 367.469910, y: 13503.884766, phi: 1.568545, v: 4195.579102, w: 0.001916[0m
[0m[ INFO] [1748070346.898333026]: [1748070346.898] Robot state - x: 0.179679, y: 0.108557, phi: 2.969982[0m
[0m[ INFO] [1748070346.898496419]: [1748070346.898] Reference trajectory - x: 0.367470, y: 13.503884, phi: 0.027376, v: 4.195579, w: 0.000033[0m
[0m[ INFO] [1748070346.898596228]: [1748070346.899] v: 4.649499, w: 75.570679[0m
[0m[ INFO] [1748070346.919203317]: Received reference trajectory - x: 368.385040, y: 13927.834961, phi: 1.568729, v: 4282.937012, w: 0.001843[0m
[0m[ INFO] [1748070346.998350170]: [1748070346.998] Robot state - x: 0.175664, y: 0.111619, phi: -2.180351[0m
[0m[ INFO] [1748070346.998514652]: [1748070346.998] Reference trajectory - x: 0.368385, y: 13.927835, phi: 0.027379, v: 4.282937, w: 0.000032[0m
[0m[ INFO] [1748070346.998610972]: [1748070346.999] v: 4.764668, w: 87.599678[0m
[0m[ INFO] [1748070347.019161996]: Received reference trajectory - x: 369.240845, y: 14360.533203, phi: 1.568906, v: 4371.187988, w: 0.001773[0m
[0m[ INFO] [1748070347.098441747]: [1748070347.098] Robot state - x: 0.173039, y: 0.110569, phi: -1.075680[0m
[0m[ INFO] [1748070347.098606804]: [1748070347.099] Reference trajectory - x: 0.369241, y: 14.360533, phi: 0.027383, v: 4.371188, w: 0.000031[0m
[0m[ INFO] [1748070347.098889559]: [1748070347.099] v: 4.878568, w: 88.618011[0m
[0m[ INFO] [1748070347.119187012]: Received reference trajectory - x: 370.037445, y: 14802.131836, phi: 1.569077, v: 4460.345215, w: 0.001706[0m
[0m[ INFO] [1748070347.198072936]: [1748070347.198] Robot state - x: 0.172935, y: 0.108349, phi: 0.049658[0m
[0m[ INFO] [1748070347.198214729]: [1748070347.198] Reference trajectory - x: 0.370037, y: 14.802132, phi: 0.027386, v: 4.460345, w: 0.000030[0m
[0m[ INFO] [1748070347.198277321]: [1748070347.198] v: 4.988996, w: 89.680130[0m
[0m[ INFO] [1748070347.219198364]: Received reference trajectory - x: 370.774658, y: 15252.622070, phi: 1.569241, v: 4550.389160, w: 0.001642[0m
[0m[ INFO] [1748070347.298873030]: [1748070347.299] Robot state - x: 0.174345, y: 0.107560, phi: 1.180631[0m
[0m[ INFO] [1748070347.299001927]: [1748070347.299] Reference trajectory - x: 0.370775, y: 15.252622, phi: 0.027388, v: 4.550389, w: 0.000029[0m
[0m[ INFO] [1748070347.299052968]: [1748070347.299] v: 5.097517, w: 90.804100[0m
[0m[ INFO] [1748070347.318969042]: Received reference trajectory - x: 371.452637, y: 15712.165039, phi: 1.569399, v: 4641.333496, w: 0.001581[0m
[0m[ INFO] [1748070347.419269613]: Received reference trajectory - x: 372.071411, y: 16180.889648, phi: 1.569552, v: 4733.186523, w: 0.001523[0m
[0m[ INFO] [1748070347.489237700]: [1748070347.489] Robot state - x: 0.175666, y: 0.108490, phi: 2.307847[0m
[0m[ INFO] [1748070347.489341988]: [1748070347.489] Reference trajectory - x: 0.372071, y: 16.180889, phi: 0.027394, v: 4.733187, w: 0.000027[0m
[0m[ INFO] [1748070347.489387621]: [1748070347.489] v: 5.299913, w: 93.732712[0m
[0m[ INFO] [1748070347.504201860]: [1748070347.504] Robot state - x: 0.175371, y: 0.110284, phi: -2.868788[0m
[0m[ INFO] [1748070347.504303845]: [1748070347.504] Reference trajectory - x: 0.372071, y: 16.180889, phi: 0.027394, v: 4.733187, w: 0.000027[0m
[0m[ INFO] [1748070347.504399493]: [1748070347.504] v: 5.320094, w: 104.519775[0m
[0m[ INFO] [1748070347.519303941]: Received reference trajectory - x: 372.631104, y: 16658.998047, phi: 1.569698, v: 4825.968750, w: 0.001468[0m
[0m[ INFO] [1748070347.597958118]: [1748070347.598] Robot state - x: 0.174235, y: 0.110705, phi: -1.910655[0m
[0m[ INFO] [1748070347.598070119]: [1748070347.598] Reference trajectory - x: 0.372631, y: 16.658998, phi: 0.027396, v: 4.825969, w: 0.000026[0m
[0m[ INFO] [1748070347.598116295]: [1748070347.598] v: 5.435654, w: 106.185387[0m
[0m[ INFO] [1748070347.619149211]: Received reference trajectory - x: 373.131378, y: 17146.287109, phi: 1.569840, v: 4919.624023, w: 0.001414[0m
[0m[ INFO] [1748070347.706435527]: [1748070347.706] Robot state - x: 0.173127, y: 0.109528, phi: -0.824770[0m
[0m[ INFO] [1748070347.706556744]: [1748070347.707] Reference trajectory - x: 0.373131, y: 17.146288, phi: 0.027399, v: 4.919624, w: 0.000025[0m
[0m[ INFO] [1748070347.706660904]: [1748070347.707] v: 5.552094, w: 107.711739[0m
[0m[ INFO] [1748070347.719184852]: Received reference trajectory - x: 373.572205, y: 17642.806641, phi: 1.569976, v: 5014.145508, w: 0.001362[0m
[0m[ INFO] [1748070347.797626483]: [1748070347.798] Robot state - x: 0.173442, y: 0.108150, phi: 0.304325[0m
[0m[ INFO] [1748070347.797724532]: [1748070347.798] Reference trajectory - x: 0.373572, y: 17.642807, phi: 0.027401, v: 5.014145, w: 0.000024[0m
[0m[ INFO] [1748070347.797779732]: [1748070347.798] v: 5.666846, w: 109.244980[0m
[0m[ INFO] [1748070347.819062603]: Received reference trajectory - x: 373.953949, y: 18148.980469, phi: 1.570107, v: 5109.596680, w: 0.001313[0m
[0m[ INFO] [1748070347.898133231]: [1748070347.898] Robot state - x: 0.174805, y: 0.107773, phi: 1.414632[0m
[0m[ INFO] [1748070347.898222576]: [1748070347.898] Reference trajectory - x: 0.373954, y: 18.148981, phi: 0.027404, v: 5.109597, w: 0.000023[0m
[0m[ INFO] [1748070347.898268976]: [1748070347.898] v: 5.780513, w: 110.893211[0m
[0m[ INFO] [1748070347.921051283]: Received reference trajectory - x: 374.276794, y: 18665.404297, phi: 1.570234, v: 5206.070312, w: 0.001267[0m
[0m[ INFO] [1748070347.997810244]: [1748070347.998] Robot state - x: 0.175716, y: 0.108855, phi: 2.547485[0m
[0m[ INFO] [1748070347.998047206]: [1748070347.998] Reference trajectory - x: 0.374277, y: 18.665403, phi: 0.027406, v: 5.206070, w: 0.000022[0m
[0m[ INFO] [1748070347.998172775]: [1748070347.998] v: 5.895824, w: 112.584465[0m
[0m[ INFO] [1748070348.019154395]: Received reference trajectory - x: 374.539673, y: 19190.322266, phi: 1.570356, v: 5303.223145, w: 0.001219[0m
[0m[ INFO] [1748070348.105727424]: [1748070348.105] Robot state - x: 0.175250, y: 0.109973, phi: -2.634787[0m
[0m[ INFO] [1748070348.106001282]: [1748070348.106] Reference trajectory - x: 0.374540, y: 19.190323, phi: 0.027408, v: 5.303223, w: 0.000021[0m
[0m[ INFO] [1748070348.106097411]: [1748070348.106] v: 6.014168, w: 125.565186[0m
[0m[ INFO] [1748070348.119178771]: Received reference trajectory - x: 374.743561, y: 19725.384766, phi: 1.570474, v: 5401.346191, w: 0.001177[0m
[0m[ INFO] [1748070348.199615491]: [1748070348.200] Robot state - x: 0.173839, y: 0.110050, phi: -1.554538[0m
[0m[ INFO] [1748070348.199739301]: [1748070348.200] Reference trajectory - x: 0.374744, y: 19.725386, phi: 0.027410, v: 5.401346, w: 0.000021[0m
[0m[ INFO] [1748070348.199842117]: [1748070348.200] v: 6.135180, w: 127.526031[0m
[0m[ INFO] [1748070348.219139755]: Received reference trajectory - x: 374.888275, y: 20270.500000, phi: 1.570587, v: 5500.404785, w: 0.001136[0m
[0m[ INFO] [1748070348.298659475]: [1748070348.299] Robot state - x: 0.173164, y: 0.108807, phi: -0.421686[0m
[0m[ INFO] [1748070348.298865141]: [1748070348.299] Reference trajectory - x: 0.374888, y: 20.270500, phi: 0.027412, v: 5.500405, w: 0.000020[0m
[0m[ INFO] [1748070348.298946678]: [1748070348.299] v: 6.255830, w: 129.488907[0m
[0m[ INFO] [1748070348.319201283]: Received reference trajectory - x: 374.973724, y: 20825.507812, phi: 1.570697, v: 5600.353027, w: 0.001095[0m
[0m[ INFO] [1748070348.397769891]: [1748070348.398] Robot state - x: 0.173830, y: 0.107795, phi: 0.709287[0m
[0m[ INFO] [1748070348.397928133]: [1748070348.398] Reference trajectory - x: 0.374974, y: 20.825508, phi: 0.027414, v: 5.600353, w: 0.000019[0m
[0m[ INFO] [1748070348.398041958]: [1748070348.398] v: 6.374887, w: 131.545303[0m
[0m[ INFO] [1748070348.419126842]: Received reference trajectory - x: 374.999908, y: 21390.580078, phi: 1.570802, v: 5701.206055, w: 0.001057[0m
[0m[ INFO] [1748070348.497956829]: [1748070348.498] Robot state - x: 0.175230, y: 0.107991, phi: 1.830867[0m
[0m[ INFO] [1748070348.498072670]: [1748070348.498] Reference trajectory - x: 0.375000, y: 21.390579, phi: 0.027416, v: 5.701206, w: 0.000018[0m
[0m[ INFO] [1748070348.498147998]: [1748070348.498] v: 6.493338, w: 133.706589[0m
[0m[ INFO] [1748070348.519286163]: Received reference trajectory - x: 374.966827, y: 21965.794922, phi: 1.570904, v: 5802.960449, w: 0.001020[0m
[0m[ INFO] [1748070348.600192584]: [1748070348.600] Robot state - x: 0.175649, y: 0.109341, phi: 2.952447[0m
[0m[ INFO] [1748070348.600294345]: [1748070348.600] Reference trajectory - x: 0.374967, y: 21.965796, phi: 0.027417, v: 5.802960, w: 0.000018[0m
[0m[ INFO] [1748070348.600361449]: [1748070348.600] v: 6.614241, w: 135.957458[0m
[0m[ INFO] [1748070348.619173642]: Received reference trajectory - x: 374.874481, y: 22551.222656, phi: 1.571003, v: 5905.614258, w: 0.000985[0m
[0m[ INFO] [1748070348.697826603]: [1748070348.698] Robot state - x: 0.174609, y: 0.110299, phi: -2.197886[0m
[0m[ INFO] [1748070348.697986253]: [1748070348.698] Reference trajectory - x: 0.374874, y: 22.551222, phi: 0.027419, v: 5.905614, w: 0.000017[0m
[0m[ INFO] [1748070348.698070029]: [1748070348.698] v: 6.738563, w: 149.434891[0m
[0m[ INFO] [1748070348.719120546]: Received reference trajectory - x: 374.722900, y: 23146.935547, phi: 1.571098, v: 6009.163574, w: 0.000951[0m
[0m[ INFO] [1748070348.797807651]: [1748070348.798] Robot state - x: 0.173106, y: 0.109705, phi: -1.066913[0m
[0m[ INFO] [1748070348.797949092]: [1748070348.798] Reference trajectory - x: 0.374723, y: 23.146936, phi: 0.027421, v: 6.009163, w: 0.000017[0m
[0m[ INFO] [1748070348.797995461]: [1748070348.798] v: 6.864614, w: 151.867554[0m
[0m[ INFO] [1748070348.819075577]: Received reference trajectory - x: 374.512024, y: 23753.062500, phi: 1.571190, v: 6113.615723, w: 0.000918[0m
[0m[ INFO] [1748070348.899705867]: [1748070348.899] Robot state - x: 0.172944, y: 0.108301, phi: -0.043025[0m
[0m[ INFO] [1748070348.901198200]: [1748070348.901] Reference trajectory - x: 0.374512, y: 23.753063, phi: 0.027422, v: 6.113616, w: 0.000016[0m
[0m[ INFO] [1748070348.901388633]: [1748070348.901] v: 6.989139, w: 154.591217[0m
[0m[ INFO] [1748070348.922891953]: Received reference trajectory - x: 374.240265, y: 24373.093750, phi: 1.571279, v: 6219.547852, w: 0.000891[0m
[0m[ INFO] [1748070348.998032725]: [1748070348.998] Robot state - x: 0.174375, y: 0.107551, phi: 1.125522[0m
[0m[ INFO] [1748070348.998129365]: [1748070348.998] Reference trajectory - x: 0.374240, y: 24.373095, phi: 0.027424, v: 6.219548, w: 0.000016[0m
[0m[ INFO] [1748070348.998198518]: [1748070348.998] v: 7.112108, w: 157.167709[0m
[0m[ INFO] [1748070349.019112041]: Received reference trajectory - x: 373.912445, y: 24997.044922, phi: 1.571364, v: 6325.247559, w: 0.000851[0m
[0m[ INFO] [1748070349.101292584]: [1748070349.101] Robot state - x: 0.175839, y: 0.108233, phi: 2.083656[0m
[0m[ INFO] [1748070349.101416937]: [1748070349.101] Reference trajectory - x: 0.373912, y: 24.997046, phi: 0.027425, v: 6.325248, w: 0.000015[0m
[0m[ INFO] [1748070349.101539946]: [1748070349.102] v: 7.234511, w: 160.188843[0m
[0m[ INFO] [1748070349.123436262]: Received reference trajectory - x: 373.522095, y: 25637.558594, phi: 1.571447, v: 6432.841797, w: 0.000830[0m
[0m[ INFO] [1748070349.197675329]: [1748070349.198] Robot state - x: 0.175600, y: 0.109831, phi: -3.012195[0m
[0m[ INFO] [1748070349.197823074]: [1748070349.198] Reference trajectory - x: 0.373522, y: 25.637558, phi: 0.027427, v: 6.432842, w: 0.000014[0m
[0m[ INFO] [1748070349.197912195]: [1748070349.198] v: 7.361635, w: 174.073273[0m
[0m[ INFO] [1748070349.219166425]: Received reference trajectory - x: 373.075867, y: 26283.613281, phi: 1.571526, v: 6540.462891, w: 0.000795[0m
[0m[ INFO] [1748070349.297970331]: [1748070349.298] Robot state - x: 0.174388, y: 0.110559, phi: -1.977035[0m
[0m[ INFO] [1748070349.298094556]: [1748070349.298] Reference trajectory - x: 0.373076, y: 26.283613, phi: 0.027428, v: 6.540463, w: 0.000014[0m
[0m[ INFO] [1748070349.298140157]: [1748070349.298] v: 7.490452, w: 177.165146[0m
[0m[ INFO] [1748070349.319174929]: Received reference trajectory - x: 372.568817, y: 26942.931641, phi: 1.571604, v: 6649.388672, w: 0.000771[0m
[0m[ INFO] [1748070349.398040500]: [1748070349.398] Robot state - x: 0.173098, y: 0.109586, phi: -0.943754[0m
[0m[ INFO] [1748070349.398134548]: [1748070349.398] Reference trajectory - x: 0.372569, y: 26.942932, phi: 0.027430, v: 6.649389, w: 0.000013[0m
[0m[ INFO] [1748070349.398180117]: [1748070349.398] v: 7.620681, w: 180.379974[0m
[0m[ INFO] [1748070349.419054343]: Received reference trajectory - x: 372.002411, y: 27613.351562, phi: 1.571678, v: 6759.240723, w: 0.000746[0m
[0m[ INFO] [1748070349.500080093]: [1748070349.500] Robot state - x: 0.173189, y: 0.108377, phi: 0.018137[0m
[0m[ INFO] [1748070349.500332895]: [1748070349.500] Reference trajectory - x: 0.372002, y: 27.613352, phi: 0.027431, v: 6.759241, w: 0.000013[0m
[0m[ INFO] [1748070349.500498144]: [1748070349.500] v: 7.749276, w: 183.829285[0m
[0m[ INFO] [1748070349.519663748]: Received reference trajectory - x: 371.376587, y: 28294.960938, phi: 1.571750, v: 6870.019043, w: 0.000721[0m
[0m[ INFO] [1748070349.598051299]: [1748070349.598] Robot state - x: 0.174703, y: 0.107815, phi: 1.194199[0m
[0m[ INFO] [1748070349.598200805]: [1748070349.598] Reference trajectory - x: 0.371377, y: 28.294960, phi: 0.027432, v: 6.870019, w: 0.000013[0m
[0m[ INFO] [1748070349.598272677]: [1748070349.598] v: 7.876015, w: 187.004486[0m
[0m[ INFO] [1748070349.619327193]: Received reference trajectory - x: 370.691803, y: 28987.359375, phi: 1.571820, v: 6981.643555, w: 0.000696[0m
[0m[ INFO] [1748070349.697984858]: [1748070349.698] Robot state - x: 0.176219, y: 0.108818, phi: 2.327051[0m
[0m[ INFO] [1748070349.698108412]: [1748070349.698] Reference trajectory - x: 0.370692, y: 28.987360, phi: 0.027433, v: 6.981644, w: 0.000012[0m
[0m[ INFO] [1748070349.698153820]: [1748070349.698] v: 8.003275, w: 190.358566[0m
[0m[ INFO] [1748070349.719717652]: Received reference trajectory - x: 369.947571, y: 29691.201172, phi: 1.571887, v: 7094.205566, w: 0.000673[0m
[0m[ INFO] [1748070349.797914066]: [1748070349.798] Robot state - x: 0.175955, y: 0.110207, phi: -2.827039[0m
[0m[ INFO] [1748070349.798026707]: [1748070349.798] Reference trajectory - x: 0.369948, y: 29.691200, phi: 0.027435, v: 7.094205, w: 0.000012[0m
[0m[ INFO] [1748070349.798076435]: [1748070349.798] v: 8.134405, w: 204.979279[0m
[0m[ INFO] [1748070349.819171784]: Received reference trajectory - x: 369.143982, y: 30406.400391, phi: 1.571952, v: 7207.676758, w: 0.000651[0m
[0m[ INFO] [1748070349.898686672]: [1748070349.899] Robot state - x: 0.174619, y: 0.110668, phi: -1.863270[0m
[0m[ INFO] [1748070349.898801937]: [1748070349.899] Reference trajectory - x: 0.369144, y: 30.406401, phi: 0.027436, v: 7.207677, w: 0.000011[0m
[0m[ INFO] [1748070349.899049779]: [1748070349.899] v: 8.268251, w: 208.858734[0m
[0m[ INFO] [1748070349.919464674]: Received reference trajectory - x: 368.281250, y: 31132.884766, phi: 1.572015, v: 7322.031250, w: 0.000629[0m
[0m[ INFO] [1748070349.997599774]: [1748070349.998] Robot state - x: 0.173744, y: 0.109558, phi: -0.685329[0m
[0m[ INFO] [1748070349.997773568]: [1748070349.998] Reference trajectory - x: 0.368281, y: 31.132885, phi: 0.027437, v: 7.322031, w: 0.000011[0m
[0m[ INFO] [1748070349.997847841]: [1748070349.998] v: 8.402080, w: 212.390076[0m
[0m[ INFO] [1748070350.018991446]: Received reference trajectory - x: 367.359314, y: 31870.804688, phi: 1.572076, v: 7437.278809, w: 0.000608[0m
[0m[ INFO] [1748070350.098150619]: [1748070350.098] Robot state - x: 0.174048, y: 0.108385, phi: 0.408070[0m
[0m[ INFO] [1748070350.098379133]: [1748070350.098] Reference trajectory - x: 0.367359, y: 31.870804, phi: 0.027438, v: 7.437279, w: 0.000011[0m
[0m[ INFO] [1748070350.098450045]: [1748070350.098] v: 8.534534, w: 213.097168[0m
[0m[ INFO] [1748070350.119250095]: Received reference trajectory - x: 366.378052, y: 32620.330078, phi: 1.572135, v: 7553.431641, w: 0.000588[0m
[0m[ INFO] [1748070350.197859216]: [1748070350.198] Robot state - x: 0.175243, y: 0.108182, phi: 1.441352[0m
[0m[ INFO] [1748070350.197979921]: [1748070350.198] Reference trajectory - x: 0.366378, y: 32.620331, phi: 0.027439, v: 7.553432, w: 0.000010[0m
[0m[ INFO] [1748070350.198069714]: [1748070350.198] v: 8.666032, w: 213.949036[0m
[0m[ INFO] [1748070350.219047045]: Received reference trajectory - x: 365.337769, y: 33381.367188, phi: 1.572191, v: 7670.461914, w: 0.000568[0m
[0m[ INFO] [1748070350.298298892]: [1748070350.298] Robot state - x: 0.175930, y: 0.109180, phi: 2.561053[0m
[0m[ INFO] [1748070350.298417133]: [1748070350.298] Reference trajectory - x: 0.365338, y: 33.381367, phi: 0.027440, v: 7.670462, w: 0.000010[0m
[0m[ INFO] [1748070350.298489517]: [1748070350.298] v: 8.799011, w: 214.684464[0m
[0m[ INFO] [1748070350.319531681]: Received reference trajectory - x: 364.237976, y: 34154.332031, phi: 1.572246, v: 7788.418945, w: 0.000550[0m
[0m[ INFO] [1748070350.397606781]: [1748070350.397] Robot state - x: 0.175164, y: 0.110828, phi: -2.593038[0m
[0m[ INFO] [1748070350.397727646]: [1748070350.398] Reference trajectory - x: 0.364238, y: 34.154331, phi: 0.027441, v: 7.788419, w: 0.000010[0m
[0m[ INFO] [1748070350.397813759]: [1748070350.398] v: 8.935298, w: 226.593750[0m
[0m[ INFO] [1748070350.419003636]: Received reference trajectory - x: 363.079010, y: 34939.093750, phi: 1.572300, v: 7907.270020, w: 0.000531[0m
[0m[ INFO] [1748070350.501341877]: [1748070350.501] Robot state - x: 0.173548, y: 0.110852, phi: -1.462065[0m
[0m[ INFO] [1748070350.501794393]: [1748070350.502] Reference trajectory - x: 0.363079, y: 34.939095, phi: 0.027442, v: 7.907270, w: 0.000009[0m
[0m[ INFO] [1748070350.501944090]: [1748070350.502] v: 9.073892, w: 227.397659[0m
[0m[ INFO] [1748070350.523025967]: Received reference trajectory - x: 361.831146, y: 35754.824219, phi: 1.572352, v: 8029.872070, w: 0.000526[0m
[0m[ INFO] [1748070350.597957040]: [1748070350.598] Robot state - x: 0.172924, y: 0.109584, phi: -0.332970[0m
[0m[ INFO] [1748070350.598083569]: [1748070350.598] Reference trajectory - x: 0.361831, y: 35.754826, phi: 0.027443, v: 8.029872, w: 0.000009[0m
[0m[ INFO] [1748070350.598177522]: [1748070350.598] v: 9.214306, w: 228.320450[0m
[0m[ INFO] [1748070350.619089861]: Received reference trajectory - x: 360.582672, y: 36544.867188, phi: 1.572401, v: 8147.727539, w: 0.000485[0m
[0m[ INFO] [1748070350.704334750]: [1748070350.704] Robot state - x: 0.173807, y: 0.108481, phi: 0.799882[0m
[0m[ INFO] [1748070350.704469311]: [1748070350.704] Reference trajectory - x: 0.360583, y: 36.544868, phi: 0.027444, v: 8.147728, w: 0.000008[0m
[0m[ INFO] [1748070350.704531904]: [1748070350.705] v: 9.347147, w: 229.143967[0m
[0m[ INFO] [1748070350.720445768]: Received reference trajectory - x: 359.244659, y: 37366.429688, phi: 1.572449, v: 8269.387695, w: 0.000481[0m
[0m[ INFO] [1748070350.797678461]: [1748070350.798] Robot state - x: 0.175197, y: 0.108740, phi: 1.835042[0m
[0m[ INFO] [1748070350.797833118]: [1748070350.798] Reference trajectory - x: 0.359245, y: 37.366428, phi: 0.027444, v: 8.269387, w: 0.000008[0m
[0m[ INFO] [1748070350.797923423]: [1748070350.798] v: 9.482486, w: 230.248871[0m
[0m[ INFO] [1748070350.819163477]: Received reference trajectory - x: 357.849884, y: 38198.695312, phi: 1.572495, v: 8391.726562, w: 0.000465[0m
[0m[ INFO] [1748070350.898183801]: [1748070350.898] Robot state - x: 0.175602, y: 0.110094, phi: 2.795054[0m
[0m[ INFO] [1748070350.898323802]: [1748070350.898] Reference trajectory - x: 0.357850, y: 38.198696, phi: 0.027445, v: 8.391726, w: 0.000008[0m
[0m[ INFO] [1748070350.898432091]: [1748070350.898] v: 9.619931, w: 231.521561[0m
[0m[ INFO] [1748070350.919272365]: Received reference trajectory - x: 356.394897, y: 39043.820312, phi: 1.572540, v: 8515.049805, w: 0.000450[0m
[0m[ INFO] [1748070350.997764589]: [1748070350.998] Robot state - x: 0.174553, y: 0.111042, phi: -2.344007[0m
[0m[ INFO] [1748070350.997885518]: [1748070350.998] Reference trajectory - x: 0.356395, y: 39.043819, phi: 0.027446, v: 8.515050, w: 0.000008[0m
[0m[ INFO] [1748070350.997934318]: [1748070350.998] v: 9.760736, w: 243.665161[0m
[0m[ INFO] [1748070351.019145508]: Received reference trajectory - x: 354.880463, y: 39901.453125, phi: 1.572584, v: 8639.291992, w: 0.000435[0m
[0m[ INFO] [1748070351.104085243]: [1748070351.104] Robot state - x: 0.173152, y: 0.110854, phi: -1.383994[0m
[0m[ INFO] [1748070351.104253084]: [1748070351.104] Reference trajectory - x: 0.354880, y: 39.901455, phi: 0.027447, v: 8.639292, w: 0.000008[0m
[0m[ INFO] [1748070351.104336989]: [1748070351.104] v: 9.902956, w: 245.034225[0m
[0m[ INFO] [1748070351.120694409]: Received reference trajectory - x: 353.304352, y: 40772.882812, phi: 1.572626, v: 8764.625000, w: 0.000421[0m
[0m[ INFO] [1748070351.197721468]: [1748070351.198] Robot state - x: 0.172862, y: 0.109470, phi: -0.251142[0m
[0m[ INFO] [1748070351.197845949]: [1748070351.198] Reference trajectory - x: 0.353304, y: 40.772884, phi: 0.027447, v: 8.764625, w: 0.000007[0m
[0m[ INFO] [1748070351.197896797]: [1748070351.198] v: 10.044105, w: 246.150284[0m
[0m[ INFO] [1748070351.219450518]: Received reference trajectory - x: 351.673096, y: 41654.625000, phi: 1.572667, v: 8890.536133, w: 0.000407[0m
[0m[ INFO] [1748070351.306230268]: [1748070351.306] Robot state - x: 0.174647, y: 0.107545, phi: 0.870438[0m
[0m[ INFO] [1748070351.306342653]: [1748070351.306] Reference trajectory - x: 0.351673, y: 41.654625, phi: 0.027448, v: 8.890536, w: 0.000007[0m
[0m[ INFO] [1748070351.306417566]: [1748070351.306] v: 10.181803, w: 247.325211[0m
[0m[ INFO] [1748070351.321530623]: Received reference trajectory - x: 349.979065, y: 42550.890625, phi: 1.572706, v: 9017.612305, w: 0.000394[0m
[0m[ INFO] [1748070351.399365337]: [1748070351.399] Robot state - x: 0.175992, y: 0.107981, phi: 1.999532[0m
[0m[ INFO] [1748070351.399483770]: [1748070351.399] Reference trajectory - x: 0.349979, y: 42.550892, phi: 0.027449, v: 9.017612, w: 0.000007[0m
[0m[ INFO] [1748070351.399533787]: [1748070351.400] v: 10.321014, w: 248.530396[0m
[0m[ INFO] [1748070351.419153027]: Received reference trajectory - x: 348.229340, y: 43458.027344, phi: 1.572744, v: 9145.326172, w: 0.000381[0m
[0m[ INFO] [1748070351.512419969]: [1748070351.512] Robot state - x: 0.176215, y: 0.109581, phi: 3.122991[0m
[0m[ INFO] [1748070351.514156911]: [1748070351.513] Reference trajectory - x: 0.348229, y: 43.458027, phi: 0.027450, v: 9.145327, w: 0.000007[0m
[0m[ INFO] [1748070351.514339473]: [1748070351.514] v: 10.462512, w: 249.780319[0m
[0m[ INFO] [1748070351.519087290]: Received reference trajectory - x: 346.418121, y: 44379.171875, phi: 1.572781, v: 9274.104492, w: 0.000369[0m
[0m[ INFO] [1748070351.599890093]: [1748070351.600] Robot state - x: 0.174862, y: 0.110464, phi: -2.032979[0m
[0m[ INFO] [1748070351.600245488]: [1748070351.600] Reference trajectory - x: 0.346418, y: 44.379173, phi: 0.027450, v: 9.274104, w: 0.000006[0m
[0m[ INFO] [1748070351.600296849]: [1748070351.600] v: 10.607652, w: 262.226440[0m
[0m[ INFO] [1748070351.619728855]: Received reference trajectory - x: 344.548248, y: 45312.921875, phi: 1.572816, v: 9403.739258, w: 0.000356[0m
[0m[ INFO] [1748070351.698232406]: [1748070351.698] Robot state - x: 0.173788, y: 0.109903, phi: -1.033514[0m
[0m[ INFO] [1748070351.698332663]: [1748070351.698] Reference trajectory - x: 0.344548, y: 45.312923, phi: 0.027451, v: 9.403739, w: 0.000006[0m
[0m[ INFO] [1748070351.698377496]: [1748070351.698] v: 10.752984, w: 263.799500[0m
[0m[ INFO] [1748070351.719473068]: Received reference trajectory - x: 342.619171, y: 46259.664062, phi: 1.572851, v: 9534.272461, w: 0.000345[0m
[0m[ INFO] [1748070351.802948310]: [1748070351.803] Robot state - x: 0.173994, y: 0.108301, phi: 0.146306[0m
[0m[ INFO] [1748070351.803042679]: [1748070351.803] Reference trajectory - x: 0.342619, y: 46.259663, phi: 0.027451, v: 9.534272, w: 0.000006[0m
[0m[ INFO] [1748070351.803089752]: [1748070351.803] v: 10.896682, w: 265.102722[0m
[0m[ INFO] [1748070351.819406019]: Received reference trajectory - x: 340.629822, y: 47219.984375, phi: 1.572884, v: 9665.771484, w: 0.000334[0m
[0m[ INFO] [1748070332.945898824]: [I2C FOR MOTORS] Now launching this node in namespace: /asc[0m
[0m[ INFO] [1748070332.972532588]: [I2C FOR MOTORS] publish motor duty cycle requests from command line with: rostopic pub --once /asc/set_motor_duty_cycle asclinic_pkg/LeftRightFloat32 "{left: 10.1, right: 10.1}"[0m
[0m[ INFO] [1748070332.973867031]: [I2C FOR MOTORS] Successfully opened named /dev/i2c-1, with file descriptor = 10[0m
[0m[ INFO] [1748070332.974175418]: [I2C FOR MOTORS] Actual acceleration limit = 0.0003125%/ms (after conversation to "internal units")[0m
[0m[ INFO] [1748070332.974317083]: [I2C FOR MOTORS] Actual deceleration limit = 0.0015625%/ms (after conversation to "internal units")[0m
[0m[ INFO] [1748070332.974444636]: [I2C FOR MOTORS] Now initialising SMC with I2C address 13[0m
[0m[ INFO] [1748070332.988857112]: [I2C FOR MOTORS] Now initialising SMC with I2C address 14[0m
[0m[ INFO] [1748070333.003603702]: [I2C FOR MOTORS] Node initialisation complete[0m
[0m[ INFO] [1748070337.018487632]: Trajectory Generator Node Started[0m
[0m[ INFO] [1748070337.162407457]: Reading trajectory coeffs[0m

[ARUCO DETECTOR] Camera properties upon initialisation:
CV_CAP_PROP_FRAME_HEIGHT : '480.0'
CV_CAP_PROP_FRAME_WIDTH :  '640.0'
CAP_PROP_FPS :             '30.0'
CAP_PROP_FOCUS :           '0.0'
CAP_PROP_AUTOFOCUS :       '0.0'
CAP_PROP_BRIGHTNESS :      '128.0'
CAP_PROP_CONTRAST :        '128.0'
CAP_PROP_SATURATION :      '128.0'
CAP_PROP_BUFFERSIZE :      '4.0'

[ARUCO DETECTOR] Camera properties upon initialisation:
CV_CAP_PROP_FRAME_HEIGHT : '1080.0'
CV_CAP_PROP_FRAME_WIDTH :  '1920.0'
CAP_PROP_FPS :             '5.0'
CAP_PROP_FOCUS :           '0.0'
CAP_PROP_AUTOFOCUS :       '0.0'
CAP_PROP_BRIGHTNESS :      '128.0'
CAP_PROP_CONTRAST :        '128.0'
CAP_PROP_SATURATION :      '128.0'
CAP_PROP_BUFFERSIZE :      '1.0'
[INFO] [1748070336.753035]: [ARUCO DETECTOR] As a double check of the camera properties set, a frame captured just now has dimensions = (1080, 1920, 3)
[INFO] [1748070336.759992]: [ARUCO DETECTOR] publish request from command line to save a single camera image using: rostopic pub --once /asc/request_save_image std_msgs/UInt32 1
[INFO] [1748070336.765334]: [ARUCO DETECTOR] Node initialisation complete
... logging to /home/asc/.ros/log/7a601abe-386d-11f0-a3b1-d8c0a650f677/roslaunch-asc12-jetson-18380.log
Checking log directory for disk usage. This may take a while.
Press Ctrl-C to interrupt
Done checking log file disk usage. Usage is <1GB.
]2;/home/asc/ASClinic/catkin_ws/src/asclinic_pkg/launch/trajectory.launch
[1mstarted roslaunch server http://asc12-jetson:39641/[0m

SUMMARY
========

PARAMETERS
 * /asc/aruco_detector/aruco_detector_desired_camera_fps: 5
 * /asc/aruco_detector/aruco_detector_desired_camera_frame_height: 1080
 * /asc/aruco_detector/aruco_detector_desired_camera_frame_width: 1920
 * /asc/aruco_detector/aruco_detector_marker_size: 0.25
 * /asc/aruco_detector/aruco_detector_save_image_path: /home/asc/saved_c...
 * /asc/aruco_detector/aruco_detector_should_publish_camera_images: False
 * /asc/aruco_detector/aruco_detector_should_save_all_aruco_images: False
 * /asc/aruco_detector/aruco_detector_should_show_camera_images: False
 * /asc/aruco_detector/aruco_detector_usb_camera_device_number: 0
 * /asc/aruco_detector/aruco_detector_verbosity: 1
 * /asc/encoder_read_multi_threaded/delta_t_for_publishing_encoder_counts: 0.1
 * /asc/encoder_read_multi_threaded/encoder_events_to_monitor: rising
 * /asc/encoder_read_multi_threaded/encoder_read_verbosity: 1
 * /asc/encoder_read_multi_threaded/gpio_chip_number_for_encoder_lines: 1
 * /asc/encoder_read_multi_threaded/line_number_for_left_side_encoder_channel_a: 105
 * /asc/encoder_read_multi_threaded/line_number_for_left_side_encoder_channel_b: 106
 * /asc/encoder_read_multi_threaded/line_number_for_right_side_encoder_channel_a: 84
 * /asc/encoder_read_multi_threaded/line_number_for_right_side_encoder_channel_b: 130
 * /asc/encoder_read_multi_threaded/should_monitor_left_side_encoder_channel_a: True
 * /asc/encoder_read_multi_threaded/should_monitor_left_side_encoder_channel_b: False
 * /asc/encoder_read_multi_threaded/should_monitor_right_side_encoder_channel_a: True
 * /asc/encoder_read_multi_threaded/should_monitor_right_side_encoder_channel_b: False
 * /asc/i2c_for_motors/motor_driver_current_limit_in_milliamps: 5000
 * /asc/i2c_for_motors/motor_driver_left_side_multiplier: 1
 * /asc/i2c_for_motors/motor_driver_max_accel_limit_in_percent_per_millisecond: 0.04
 * /asc/i2c_for_motors/motor_driver_max_decel_limit_in_percent_per_millisecond: 0.16
 * /asc/i2c_for_motors/motor_driver_max_duty_cycle_limit_in_percent: 100.0
 * /asc/i2c_for_motors/motor_driver_right_side_multiplier: 1
 * /asc/i2c_for_motors/motor_driver_verbosity: 1
 * /rosdistro: noetic
 * /rosversion: 1.17.0

NODES
  /
    aruco_positioning (asclinic_pkg/aruco_positioning.py)
    kf_fusion_node (asclinic_pkg/KF.py)
    odomdelta (asclinic_pkg/odomdelta)
    trajectory_generator (asclinic_pkg/trajectory_generator_state_space)
    trajectory_tracker (asclinic_pkg/trajectory_tracker_state_space)
    velocity_PI_control (asclinic_pkg/velocity_PI_control)
  /asc/
    aruco_detector (asclinic_pkg/aruco_detector.py)
    encoder_read_multi_threaded (asclinic_pkg/encoder_read_multi_threaded)
    i2c_for_motors (asclinic_pkg/i2c_for_motors)

auto-starting new master
[1mprocess[master]: started with pid [18412][0m
[1mROS_MASTER_URI=http://localhost:11311[0m
]2;/home/asc/ASClinic/catkin_ws/src/asclinic_pkg/launch/trajectory.launch http://localhost:11311
[1msetting /run_id to 7a601abe-386d-11f0-a3b1-d8c0a650f677[0m
[1mprocess[rosout-1]: started with pid [18425][0m
started core service [/rosout]
[1mprocess[asc/i2c_for_motors-2]: started with pid [18432][0m
[1mprocess[asc/encoder_read_multi_threaded-3]: started with pid [18433][0m
[1mprocess[odomdelta-4]: started with pid [18439][0m
[1mprocess[asc/aruco_detector-5]: started with pid [18449][0m
[1mprocess[aruco_positioning-6]: started with pid [18455][0m
[1mprocess[trajectory_tracker-7]: started with pid [18467][0m
[1mprocess[trajectory_generator-8]: started with pid [18477][0m
[1mprocess[velocity_PI_control-9]: started with pid [18491][0m
[1mprocess[kf_fusion_node-10]: started with pid [18493][0m
[kf_fusion_node-10] killing on exit
[velocity_PI_control-9] killing on exit
[trajectory_generator-8] killing on exit
[trajectory_tracker-7] killing on exit
[odomdelta-4] killing on exit
[aruco_positioning-6] killing on exit
[asc/encoder_read_multi_threaded-3] killing on exit
[asc/i2c_for_motors-2] killing on exit
[asc/aruco_detector-5] killing on exit
[rosout-1] killing on exit
[master] killing on exit
shutting down processing monitor...
... shutting down processing monitor complete
[1mdone[0m
