[0m[ INFO] [1748066771.148282924]: [1748066771.148] Robot state - x: 0.000000, y: 0.000000, phi: 0.000000[0m
[0m[ INFO] [1748066771.152424906]: [1748066771.152] Reference trajectory - x: 0.000000, y: 0.000000, phi: 0.000000, v: 0.000000, w: 0.000000[0m
[0m[ INFO] [1748066771.248099930]: [1748066771.248] Robot state - x: 0.000000, y: 0.000000, phi: 0.000000[0m
[0m[ INFO] [1748066771.248198331]: [1748066771.248] Reference trajectory - x: 0.000000, y: 0.000000, phi: 0.000000, v: 0.000000, w: 0.000000[0m
[0m[ INFO] [1748066771.357451477]: [1748066771.357] Robot state - x: 0.000000, y: 0.000000, phi: 0.000000[0m
[0m[ INFO] [1748066771.357989821]: [1748066771.358] Reference trajectory - x: 0.000000, y: 0.000000, phi: 0.000000, v: 0.000000, w: 0.000000[0m
[0m[ INFO] [1748066771.448639010]: [1748066771.449] Robot state - x: 0.000000, y: 0.000000, phi: 0.000000[0m
[0m[ INFO] [1748066771.448797285]: [1748066771.449] Reference trajectory - x: 0.000000, y: 0.000000, phi: 0.000000, v: 0.000000, w: 0.000000[0m
[0m[ INFO] [1748066771.548977432]: [1748066771.549] Robot state - x: 0.000000, y: 0.000000, phi: 0.000000[0m
[0m[ INFO] [1748066771.549105626]: [1748066771.549] Reference trajectory - x: 0.000000, y: 0.000000, phi: 0.000000, v: 0.000000, w: 0.000000[0m
[0m[ INFO] [1748066771.657467366]: [1748066771.657] Robot state - x: 0.000000, y: 0.000000, phi: 0.000000[0m
[0m[ INFO] [1748066771.657901709]: [1748066771.658] Reference trajectory - x: 0.000000, y: 0.000000, phi: 0.000000, v: 0.000000, w: 0.000000[0m
[0m[ INFO] [1748066771.748677172]: [1748066771.749] Robot state - x: 0.000000, y: 0.000000, phi: 0.000000[0m
[0m[ INFO] [1748066771.748856854]: [1748066771.749] Reference trajectory - x: 0.000000, y: 0.000000, phi: 0.000000, v: 0.000000, w: 0.000000[0m
[0m[ INFO] [1748066771.848646180]: [1748066771.848] Robot state - x: 0.000000, y: 0.000000, phi: 0.000000[0m
[0m[ INFO] [1748066771.848854631]: [1748066771.849] Reference trajectory - x: 0.000000, y: 0.000000, phi: 0.000000, v: 0.000000, w: 0.000000[0m
[0m[ INFO] [1748066771.948660500]: [1748066771.949] Robot state - x: 0.000000, y: 0.000000, phi: 0.000000[0m
[0m[ INFO] [1748066771.948821398]: [1748066771.949] Reference trajectory - x: 0.000000, y: 0.000000, phi: 0.000000, v: 0.000000, w: 0.000000[0m
[0m[ INFO] [1748066772.049150987]: [1748066772.049] Robot state - x: 0.000000, y: 0.000000, phi: 0.000000[0m
[0m[ INFO] [1748066772.049262029]: [1748066772.049] Reference trajectory - x: 0.000000, y: 0.000000, phi: 0.000000, v: 0.000000, w: 0.000000[0m
[0m[ INFO] [1748066772.149867046]: [1748066772.150] Robot state - x: 0.000000, y: 0.000000, phi: 0.000000[0m
[0m[ INFO] [1748066772.149973607]: [1748066772.150] Reference trajectory - x: 0.000000, y: 0.000000, phi: 0.000000, v: 0.000000, w: 0.000000[0m
[0m[ INFO] [1748066772.248285278]: [1748066772.248] Robot state - x: 0.000000, y: 0.000000, phi: 0.000000[0m
[0m[ INFO] [1748066772.248402847]: [1748066772.248] Reference trajectory - x: 0.000000, y: 0.000000, phi: 0.000000, v: 0.000000, w: 0.000000[0m
[0m[ INFO] [1748066772.348269837]: [1748066772.348] Robot state - x: 0.000000, y: 0.000000, phi: 0.000000[0m
[0m[ INFO] [1748066772.348402159]: [1748066772.348] Reference trajectory - x: 0.000000, y: 0.000000, phi: 0.000000, v: 0.000000, w: 0.000000[0m
[0m[ INFO] [1748066772.395518924]: Received reference trajectory - x: 0.000000, y: 0.000000, phi: 0.000000, v: 0.000073, w: 0.000000[0m
[0m[ INFO] [1748066772.460187470]: [1748066772.460] Robot state - x: 0.000000, y: 0.000000, phi: 0.000000[0m
[0m[ INFO] [1748066772.460747702]: [1748066772.460] Reference trajectory - x: 0.000000, y: 0.000000, phi: 0.000000, v: 0.000000, w: 0.000000[0m
[0m[ INFO] [1748066772.460949849]: [1748066772.461] v: 0.000000, w: 0.000000[0m
[0m[ INFO] [1748066772.491428767]: Received reference trajectory - x: 0.598476, y: 0.000000, phi: 0.000000, v: 12.579638, w: 0.000000[0m
[0m[ INFO] [1748066772.561006410]: [1748066772.561] Robot state - x: 0.000000, y: 0.000000, phi: 0.000000[0m
[0m[ INFO] [1748066772.561169036]: [1748066772.561] Reference trajectory - x: 0.000598, y: 0.000000, phi: 0.000000, v: 0.012580, w: 0.000000[0m
[0m[ INFO] [1748066772.561487281]: [1748066772.561] v: 0.015187, w: 0.000000[0m
[0m[ INFO] [1748066772.590114907]: Received reference trajectory - x: 2.511641, y: 0.000000, phi: 0.000000, v: 25.654966, w: 0.000000[0m
[0m[ INFO] [1748066772.649171657]: [1748066772.649] Robot state - x: 0.000000, y: 0.000000, phi: 0.000000[0m
[0m[ INFO] [1748066772.649269099]: [1748066772.649] Reference trajectory - x: 0.002512, y: 0.000000, phi: 0.000000, v: 0.025655, w: 0.000000[0m
[0m[ INFO] [1748066772.649343724]: [1748066772.649] v: 0.036785, w: 0.000000[0m
[0m[ INFO] [1748066772.689939560]: Received reference trajectory - x: 5.720724, y: 0.000000, phi: 0.000000, v: 38.543575, w: 0.000000[0m
[0m[ INFO] [1748066772.748602512]: [1748066772.749] Robot state - x: 0.000000, y: 0.000000, phi: 0.000000[0m
[0m[ INFO] [1748066772.748767667]: [1748066772.749] Reference trajectory - x: 0.005721, y: 0.000000, phi: 0.000000, v: 0.038544, w: 0.000000[0m
[0m[ INFO] [1748066772.748834516]: [1748066772.749] v: 0.064446, w: 0.000000[0m
[0m[ INFO] [1748066772.790081913]: Received reference trajectory - x: 10.213648, y: 0.000000, phi: 0.000000, v: 51.266445, w: 0.000000[0m
[0m[ INFO] [1748066772.848331388]: [1748066772.848] Robot state - x: 0.000000, y: 0.000000, phi: 0.000000[0m
[0m[ INFO] [1748066772.848441374]: [1748066772.848] Reference trajectory - x: 0.010214, y: 0.000000, phi: 0.000000, v: 0.051266, w: 0.000000[0m
[0m[ INFO] [1748066772.848543903]: [1748066772.849] v: 0.098548, w: 0.000000[0m
[0m[ INFO] [1748066772.889983912]: Received reference trajectory - x: 15.967483, y: 0.000000, phi: 0.000000, v: 63.806099, w: 0.000000[0m
[0m[ INFO] [1748066772.948573039]: [1748066772.948] Robot state - x: 0.000000, y: 0.000000, phi: 0.000000[0m
[0m[ INFO] [1748066772.948744370]: [1748066772.949] Reference trajectory - x: 0.015967, y: 0.000000, phi: 0.000000, v: 0.063806, w: 0.000000[0m
[0m[ INFO] [1748066772.948912884]: [1748066772.949] v: 0.139379, w: 0.000000[0m
[0m[ INFO] [1748066772.990180218]: Received reference trajectory - x: 22.968754, y: 0.000000, phi: 0.000000, v: 76.172295, w: 0.000000[0m
[0m[ INFO] [1748066773.049010437]: [1748066773.049] Robot state - x: 0.000192, y: 0.000000, phi: 0.001783[0m
[0m[ INFO] [1748066773.049190344]: [1748066773.049] Reference trajectory - x: 0.022969, y: 0.000000, phi: 0.000000, v: 0.076172, w: 0.000000[0m
[0m[ INFO] [1748066773.049286665]: [1748066773.049] v: 0.186453, w: -0.007092[0m
[0m[ INFO] [1748066773.090191945]: Received reference trajectory - x: 31.197653, y: 0.000000, phi: 0.000000, v: 88.360321, w: 0.000000[0m
[0m[ INFO] [1748066773.148021029]: [1748066773.148] Robot state - x: 0.000989, y: -0.000001, phi: -0.002070[0m
[0m[ INFO] [1748066773.148125095]: [1748066773.148] Reference trajectory - x: 0.031198, y: 0.000000, phi: 0.000000, v: 0.088360, w: 0.000000[0m
[0m[ INFO] [1748066773.148172040]: [1748066773.148] v: 0.238209, w: 0.008243[0m
[0m[ INFO] [1748066773.190106679]: Received reference trajectory - x: 40.633728, y: 0.000000, phi: 0.000000, v: 100.367149, w: 0.000000[0m
[0m[ INFO] [1748066773.248843232]: [1748066773.249] Robot state - x: 0.003755, y: -0.000002, phi: -0.006400[0m
[0m[ INFO] [1748066773.249023939]: [1748066773.249] Reference trajectory - x: 0.040634, y: 0.000000, phi: 0.000000, v: 0.100367, w: 0.000000[0m
[0m[ INFO] [1748066773.249072292]: [1748066773.249] v: 0.288818, w: 0.025472[0m
[0m[ INFO] [1748066773.290065861]: Received reference trajectory - x: 51.265728, y: 0.000000, phi: 0.000000, v: 112.200829, w: 0.000000[0m
[0m[ INFO] [1748066773.348197446]: [1748066773.348] Robot state - x: 0.010447, y: -0.000022, phi: -0.008024[0m
[0m[ INFO] [1748066773.348354696]: [1748066773.348] Reference trajectory - x: 0.051266, y: 0.000000, phi: 0.000000, v: 0.112201, w: 0.000000[0m
[0m[ INFO] [1748066773.348406057]: [1748066773.348] v: 0.329468, w: 0.032123[0m
[0m[ INFO] [1748066773.390058196]: Received reference trajectory - x: 63.069466, y: 0.000000, phi: 0.000000, v: 123.853874, w: 0.000000[0m
[0m[ INFO] [1748066773.448419992]: [1748066773.448] Robot state - x: 0.021075, y: -0.000103, phi: -0.010603[0m
[0m[ INFO] [1748066773.448567034]: [1748066773.449] Reference trajectory - x: 0.063069, y: 0.000000, phi: 0.000000, v: 0.123854, w: 0.000000[0m
[0m[ INFO] [1748066773.448669884]: [1748066773.449] v: 0.359140, w: 0.043202[0m
[0m[ INFO] [1748066773.490341671]: Received reference trajectory - x: 76.027733, y: 0.000000, phi: 0.000000, v: 135.327621, w: 0.000000[0m
[0m[ INFO] [1748066773.548842957]: [1748066773.549] Robot state - x: 0.035044, y: -0.000226, phi: -0.012164[0m
[0m[ INFO] [1748066773.548934543]: [1748066773.549] Reference trajectory - x: 0.076028, y: 0.000000, phi: 0.000000, v: 0.135328, w: 0.000000[0m
[0m[ INFO] [1748066773.549042960]: [1748066773.549] v: 0.379481, w: 0.050669[0m
[0m[ INFO] [1748066773.592947261]: Received reference trajectory - x: 90.134285, y: 0.000000, phi: 0.000000, v: 146.631287, w: 0.000000[0m
[0m[ INFO] [1748066773.650307186]: [1748066773.650] Robot state - x: 0.051374, y: -0.000417, phi: -0.014297[0m
[0m[ INFO] [1748066773.650402772]: [1748066773.650] Reference trajectory - x: 0.090134, y: 0.000000, phi: 0.000000, v: 0.146631, w: 0.000000[0m
[0m[ INFO] [1748066773.650475637]: [1748066773.650] v: 0.394050, w: 0.061129[0m
[0m[ INFO] [1748066773.690075905]: Received reference trajectory - x: 105.350380, y: 0.000000, phi: 0.000000, v: 157.748245, w: 0.000000[0m
[0m[ INFO] [1748066773.748319268]: [1748066773.748] Robot state - x: 0.069864, y: -0.000650, phi: -0.015125[0m
[0m[ INFO] [1748066773.748419173]: [1748066773.748] Reference trajectory - x: 0.105350, y: 0.000000, phi: 0.000000, v: 0.157748, w: 0.000000[0m
[0m[ INFO] [1748066773.748546023]: [1748066773.749] v: 0.403154, w: 0.066879[0m
[0m[ INFO] [1748066773.790098737]: Received reference trajectory - x: 121.673813, y: 0.000000, phi: 0.000000, v: 168.690659, w: 0.000000[0m
[0m[ INFO] [1748066773.849787688]: [1748066773.850] Robot state - x: 0.090504, y: -0.000902, phi: -0.010986[0m
[0m[ INFO] [1748066773.849920618]: [1748066773.850] Reference trajectory - x: 0.121674, y: 0.000000, phi: 0.000000, v: 0.168691, w: 0.000000[0m
[0m[ INFO] [1748066773.849992363]: [1748066773.850] v: 0.406510, w: 0.053150[0m
[0m[ INFO] [1748066773.889944253]: Received reference trajectory - x: 139.078033, y: 0.000000, phi: 0.000000, v: 179.452591, w: 0.000000[0m
[0m[ INFO] [1748066773.948941003]: [1748066773.949] Robot state - x: 0.112717, y: -0.001196, phi: -0.007228[0m
[0m[ INFO] [1748066773.949042860]: [1748066773.949] Reference trajectory - x: 0.139078, y: 0.000000, phi: 0.000000, v: 0.179453, w: 0.000000[0m
[0m[ INFO] [1748066773.949090669]: [1748066773.949] v: 0.406172, w: 0.041440[0m
[0m[ INFO] [1748066773.991289952]: Received reference trajectory - x: 157.565414, y: 0.000000, phi: 0.000000, v: 190.045715, w: 0.000000[0m
[0m[ INFO] [1748066774.048309776]: [1748066774.048] Robot state - x: 0.135739, y: -0.001492, phi: -0.010986[0m
[0m[ INFO] [1748066774.048423762]: [1748066774.048] Reference trajectory - x: 0.157565, y: 0.000000, phi: 0.000000, v: 0.190046, w: 0.000000[0m
[0m[ INFO] [1748066774.048525075]: [1748066774.049] v: 0.405345, w: 0.059719[0m
[0m[ INFO] [1748066774.090120669]: Received reference trajectory - x: 177.085587, y: 0.000000, phi: 0.000000, v: 200.451477, w: 0.000000[0m
[0m[ INFO] [1748066774.149005801]: [1748066774.149] Robot state - x: 0.159337, y: -0.001644, phi: -0.009393[0m
[0m[ INFO] [1748066774.149121386]: [1748066774.149] Reference trajectory - x: 0.177086, y: 0.000000, phi: 0.000000, v: 0.200451, w: 0.000000[0m
[0m[ INFO] [1748066774.149164107]: [1748066774.149] v: 0.404885, w: 0.055379[0m
[0m[ INFO] [1748066774.192240459]: Received reference trajectory - x: 197.648056, y: 0.000000, phi: 0.000000, v: 210.684830, w: 0.000000[0m
[0m[ INFO] [1748066774.251524157]: [1748066774.251] Robot state - x: 0.184125, y: -0.001946, phi: -0.011750[0m
[0m[ INFO] [1748066774.251635646]: [1748066774.252] Reference trajectory - x: 0.197648, y: 0.000000, phi: 0.000000, v: 0.210685, w: 0.000000[0m
[0m[ INFO] [1748066774.251864450]: [1748066774.252] v: 0.402321, w: 0.068284[0m
[0m[ INFO] [1748066774.290115194]: Received reference trajectory - x: 219.218018, y: 0.000000, phi: 0.000000, v: 220.737091, w: 0.000000[0m
[0m[ INFO] [1748066774.353348614]: [1748066774.353] Robot state - x: 0.209115, y: -0.002233, phi: -0.015985[0m
[0m[ INFO] [1748066774.353468168]: [1748066774.353] Reference trajectory - x: 0.219218, y: 0.000000, phi: 0.000000, v: 0.220737, w: 0.000000[0m
[0m[ INFO] [1748066774.353512616]: [1748066774.353] v: 0.401749, w: 0.088615[0m
[0m[ INFO] [1748066774.391333499]: Received reference trajectory - x: 241.790222, y: 0.000000, phi: 0.000000, v: 230.614182, w: 0.000000[0m
[0m[ INFO] [1748066774.448774416]: [1748066774.449] Robot state - x: 0.234689, y: -0.002566, phi: -0.018532[0m
[0m[ INFO] [1748066774.448886386]: [1748066774.449] Reference trajectory - x: 0.241790, y: 0.000000, phi: 0.000000, v: 0.230614, w: 0.000000[0m
[0m[ INFO] [1748066774.448937011]: [1748066774.449] v: 0.401740, w: 0.102781[0m
[0m[ INFO] [1748066774.490125495]: Received reference trajectory - x: 265.328766, y: 0.000000, phi: 0.000000, v: 240.308395, w: 0.000000[0m
[0m[ INFO] [1748066774.549440329]: [1748066774.549] Robot state - x: 0.261050, y: -0.003024, phi: -0.021271[0m
[0m[ INFO] [1748066774.549593131]: [1748066774.550] Reference trajectory - x: 0.265329, y: 0.000000, phi: 0.000000, v: 0.240308, w: 0.000000[0m
[0m[ INFO] [1748066774.549663628]: [1748066774.550] v: 0.401386, w: 0.119056[0m
[0m[ INFO] [1748066774.590331720]: Received reference trajectory - x: 289.842529, y: 0.000000, phi: 0.000000, v: 249.830673, w: 0.000000[0m
[0m[ INFO] [1748066774.649532440]: [1748066774.649] Robot state - x: 0.287591, y: -0.003480, phi: -0.018564[0m
[0m[ INFO] [1748066774.649646554]: [1748066774.650] Reference trajectory - x: 0.289843, y: 0.000000, phi: 0.000000, v: 0.249831, w: 0.000000[0m
[0m[ INFO] [1748066774.649694107]: [1748066774.650] v: 0.403426, w: 0.113812[0m
[0m[ INFO] [1748066774.690001522]: Received reference trajectory - x: 315.287933, y: 0.000000, phi: 0.000000, v: 259.170837, w: 0.000000[0m
[0m[ INFO] [1748066774.755243995]: [1748066774.755] Robot state - x: 0.314535, y: -0.004067, phi: -0.019615[0m
[0m[ INFO] [1748066774.755332093]: [1748066774.755] Reference trajectory - x: 0.315288, y: 0.000000, phi: 0.000000, v: 0.259171, w: 0.000000[0m
[0m[ INFO] [1748066774.755411166]: [1748066774.755] v: 0.406953, w: 0.124964[0m
[0m[ INFO] [1748066774.790059073]: Received reference trajectory - x: 341.664673, y: 0.000000, phi: 0.000000, v: 268.335480, w: 0.000000[0m
[0m[ INFO] [1748066774.851185933]: [1748066774.851] Robot state - x: 0.342065, y: -0.004570, phi: -0.018978[0m
[0m[ INFO] [1748066774.851321744]: [1748066774.851] Reference trajectory - x: 0.341665, y: 0.000000, phi: 0.000000, v: 0.268335, w: 0.000000[0m
[0m[ INFO] [1748066774.851371888]: [1748066774.851] v: 0.411331, w: 0.128743[0m
[0m[ INFO] [1748066774.890113296]: Received reference trajectory - x: 368.948578, y: 0.000000, phi: 0.000000, v: 277.322205, w: 0.000000[0m
[0m[ INFO] [1748066774.990153983]: Received reference trajectory - x: 397.130280, y: 0.000000, phi: 0.000000, v: 286.133606, w: 0.000000[0m
[0m[ INFO] [1748066775.010918228]: [1748066775.011] Robot state - x: 0.369979, y: -0.005059, phi: -0.014775[0m
[0m[ INFO] [1748066775.011055702]: [1748066775.011] Reference trajectory - x: 0.397130, y: 0.000000, phi: 0.000000, v: 0.286134, w: 0.000000[0m
[0m[ INFO] [1748066775.011128055]: [1748066775.011] v: 0.549017, w: 0.118366[0m
[0m[ INFO] [1748066775.048268735]: [1748066775.048] Robot state - x: 0.398296, y: -0.005590, phi: -0.014329[0m
[0m[ INFO] [1748066775.048389536]: [1748066775.048] Reference trajectory - x: 0.397130, y: 0.000000, phi: 0.000000, v: 0.286134, w: 0.000000[0m
[0m[ INFO] [1748066775.048433569]: [1748066775.048] v: 0.434247, w: 0.123505[0m
[0m[ INFO] [1748066775.090037547]: Received reference trajectory - x: 426.168121, y: 0.000000, phi: 0.000000, v: 294.762390, w: 0.000000[0m
[0m[ INFO] [1748066775.148160747]: [1748066775.148] Robot state - x: 0.427595, y: -0.005993, phi: -0.012291[0m
[0m[ INFO] [1748066775.148251372]: [1748066775.148] Reference trajectory - x: 0.426168, y: 0.000000, phi: 0.000000, v: 0.294762, w: 0.000000[0m
[0m[ INFO] [1748066775.148340877]: [1748066775.148] v: 0.441372, w: 0.121200[0m
[0m[ INFO] [1748066775.190790916]: Received reference trajectory - x: 456.071930, y: 0.000000, phi: 0.000000, v: 303.216888, w: 0.000000[0m
[0m[ INFO] [1748066775.248341947]: [1748066775.248] Robot state - x: 0.457479, y: -0.006365, phi: -0.008566[0m
[0m[ INFO] [1748066775.248431548]: [1748066775.248] Reference trajectory - x: 0.456072, y: 0.000000, phi: 0.000000, v: 0.303217, w: 0.000000[0m
[0m[ INFO] [1748066775.249206536]: [1748066775.249] v: 0.449461, w: 0.112008[0m
[0m[ INFO] [1748066775.290145896]: Received reference trajectory - x: 486.811066, y: 0.000000, phi: 0.000000, v: 311.493225, w: 0.000000[0m
[0m[ INFO] [1748066775.347947203]: [1748066775.348] Robot state - x: 0.488151, y: -0.006688, phi: -0.005031[0m
[0m[ INFO] [1748066775.348047588]: [1748066775.348] Reference trajectory - x: 0.486811, y: 0.000000, phi: 0.000000, v: 0.311493, w: 0.000000[0m
[0m[ INFO] [1748066775.348092549]: [1748066775.348] v: 0.457584, w: 0.103195[0m
[0m[ INFO] [1748066775.390326329]: Received reference trajectory - x: 518.367676, y: 0.000000, phi: 0.000000, v: 319.591431, w: 0.000000[0m
[0m[ INFO] [1748066775.448851646]: [1748066775.449] Robot state - x: 0.520207, y: -0.006941, phi: -0.003662[0m
[0m[ INFO] [1748066775.449000192]: [1748066775.449] Reference trajectory - x: 0.518368, y: 0.000000, phi: 0.000000, v: 0.319591, w: 0.000000[0m
[0m[ INFO] [1748066775.449070081]: [1748066775.449] v: 0.463084, w: 0.102392[0m
[0m[ INFO] [1748066775.490091491]: Received reference trajectory - x: 550.720398, y: 0.000000, phi: 0.000000, v: 327.510681, w: 0.000000[0m
[0m[ INFO] [1748066775.553808981]: [1748066775.554] Robot state - x: 0.553061, y: -0.007147, phi: -0.006146[0m
[0m[ INFO] [1748066775.553955672]: [1748066775.554] Reference trajectory - x: 0.550720, y: 0.000000, phi: 0.000000, v: 0.327511, w: 0.000000[0m
[0m[ INFO] [1748066775.554017464]: [1748066775.554] v: 0.468240, w: 0.116522[0m
[0m[ INFO] [1748066775.593100029]: Received reference trajectory - x: 583.900940, y: 0.000000, phi: 0.000000, v: 335.262451, w: 0.000000[0m
[0m[ INFO] [1748066775.650447185]: [1748066775.650] Robot state - x: 0.586702, y: -0.007315, phi: -0.008820[0m
[0m[ INFO] [1748066775.650585747]: [1748066775.651] Reference trajectory - x: 0.583901, y: 0.000000, phi: 0.000000, v: 0.335262, w: 0.000000[0m
[0m[ INFO] [1748066775.650648980]: [1748066775.651] v: 0.473245, w: 0.131097[0m
[0m[ INFO] [1748066775.690206464]: Received reference trajectory - x: 617.779053, y: 0.000000, phi: 0.000000, v: 342.820801, w: 0.000000[0m
[0m[ INFO] [1748066775.751330924]: [1748066775.751] Robot state - x: 0.621120, y: -0.007513, phi: -0.008024[0m
[0m[ INFO] [1748066775.751485326]: [1748066775.751] Reference trajectory - x: 0.617779, y: 0.000000, phi: 0.000000, v: 0.342821, w: 0.000000[0m
[0m[ INFO] [1748066775.751569872]: [1748066775.752] v: 0.477566, w: 0.132223[0m
[0m[ INFO] [1748066775.790050251]: Received reference trajectory - x: 652.415039, y: 0.000000, phi: 0.000000, v: 350.204071, w: 0.000000[0m
[0m[ INFO] [1748066775.849603296]: [1748066775.850] Robot state - x: 0.655730, y: -0.007774, phi: -0.005445[0m
[0m[ INFO] [1748066775.849740770]: [1748066775.850] Reference trajectory - x: 0.652415, y: 0.000000, phi: 0.000000, v: 0.350204, w: 0.000000[0m
[0m[ INFO] [1748066775.849805955]: [1748066775.850] v: 0.484010, w: 0.126949[0m
[0m[ INFO] [1748066775.890499168]: Received reference trajectory - x: 687.803223, y: 0.000000, phi: 0.000000, v: 357.414337, w: 0.000000[0m
[0m[ INFO] [1748066775.948350939]: [1748066775.948] Robot state - x: 0.691722, y: -0.008055, phi: -0.005031[0m
[0m[ INFO] [1748066775.948512029]: [1748066775.948] Reference trajectory - x: 0.687803, y: 0.000000, phi: 0.000000, v: 0.357414, w: 0.000000[0m
[0m[ INFO] [1748066775.948703456]: [1748066775.949] v: 0.487541, w: 0.130574[0m
[0m[ INFO] [1748066775.990341611]: Received reference trajectory - x: 723.892456, y: 0.000000, phi: 0.000000, v: 364.444641, w: 0.000000[0m
[0m[ INFO] [1748066776.048186950]: [1748066776.048] Robot state - x: 0.728098, y: -0.008181, phi: -0.001051[0m
[0m[ INFO] [1748066776.048287496]: [1748066776.048] Reference trajectory - x: 0.723892, y: 0.000000, phi: 0.000000, v: 0.364445, w: 0.000000[0m
[0m[ INFO] [1748066776.048332200]: [1748066776.048] v: 0.492082, w: 0.118551[0m
[0m[ INFO] [1748066776.090448666]: Received reference trajectory - x: 760.691528, y: 0.000000, phi: 0.000000, v: 371.300110, w: 0.000000[0m
[0m[ INFO] [1748066776.151142271]: [1748066776.151] Robot state - x: 0.764475, y: -0.008291, phi: 0.002930[0m
[0m[ INFO] [1748066776.151239104]: [1748066776.151] Reference trajectory - x: 0.760692, y: 0.000000, phi: 0.000000, v: 0.371300, w: 0.000000[0m
[0m[ INFO] [1748066776.151321890]: [1748066776.151] v: 0.499449, w: 0.106417[0m
[0m[ INFO] [1748066776.190414438]: Received reference trajectory - x: 798.152100, y: 0.000000, phi: 0.000000, v: 377.975006, w: 0.000000[0m
[0m[ INFO] [1748066776.249304721]: [1748066776.249] Robot state - x: 0.802043, y: -0.008330, phi: 0.002961[0m
[0m[ INFO] [1748066776.249442707]: [1748066776.249] Reference trajectory - x: 0.798152, y: 0.000000, phi: 0.000000, v: 0.377975, w: 0.000000[0m
[0m[ INFO] [1748066776.249514484]: [1748066776.249] v: 0.504461, w: 0.109299[0m
[0m[ INFO] [1748066776.290215984]: Received reference trajectory - x: 836.281250, y: 0.000000, phi: 0.000000, v: 384.473846, w: 0.000000[0m
[0m[ INFO] [1748066776.348400112]: [1748066776.348] Robot state - x: 0.839993, y: -0.008151, phi: 0.006560[0m
[0m[ INFO] [1748066776.348554323]: [1748066776.349] Reference trajectory - x: 0.836281, y: 0.000000, phi: 0.000000, v: 0.384474, w: 0.000000[0m
[0m[ INFO] [1748066776.348600403]: [1748066776.349] v: 0.510507, w: 0.095830[0m
[0m[ INFO] [1748066776.390963017]: Received reference trajectory - x: 875.043640, y: 0.000000, phi: 0.000000, v: 390.793610, w: 0.000000[0m
[0m[ INFO] [1748066776.449970901]: [1748066776.450] Robot state - x: 0.878529, y: -0.007935, phi: 0.011845[0m
[0m[ INFO] [1748066776.450071062]: [1748066776.450] Reference trajectory - x: 0.875044, y: 0.000000, phi: 0.000000, v: 0.390794, w: 0.000000[0m
[0m[ INFO] [1748066776.450114775]: [1748066776.450] v: 0.516640, w: 0.075229[0m
[0m[ INFO] [1748066776.490038536]: Received reference trajectory - x: 914.424194, y: 0.000000, phi: 0.000000, v: 396.934875, w: 0.000000[0m
[0m[ INFO] [1748066776.557617491]: [1748066776.558] Robot state - x: 0.918065, y: -0.007684, phi: 0.011400[0m
[0m[ INFO] [1748066776.557781750]: [1748066776.558] Reference trajectory - x: 0.914424, y: 0.000000, phi: 0.000000, v: 0.396935, w: 0.000000[0m
[0m[ INFO] [1748066776.557852919]: [1748066776.558] v: 0.521005, w: 0.077002[0m
[0m[ INFO] [1748066776.590712639]: Received reference trajectory - x: 954.473328, y: 0.000000, phi: 0.000000, v: 402.907684, w: 0.000000[0m
[0m[ INFO] [1748066776.653956522]: [1748066776.654] Robot state - x: 0.958194, y: -0.007257, phi: 0.008980[0m
[0m[ INFO] [1748066776.654062316]: [1748066776.654] Reference trajectory - x: 0.954473, y: 0.000000, phi: 0.000000, v: 0.402908, w: 0.000000[0m
[0m[ INFO] [1748066776.654107596]: [1748066776.654] v: 0.525478, w: 0.084783[0m
[0m[ INFO] [1748066776.690196612]: Received reference trajectory - x: 995.009399, y: 0.000000, phi: 0.000000, v: 408.687988, w: 0.000000[0m
[0m[ INFO] [1748066776.752105116]: [1748066776.752] Robot state - x: 0.998707, y: -0.006772, phi: 0.010126[0m
[0m[ INFO] [1748066776.752238334]: [1748066776.752] Reference trajectory - x: 0.995009, y: 0.000000, phi: 0.000000, v: 0.408688, w: 0.000000[0m
[0m[ INFO] [1748066776.752408832]: [1748066776.752] v: 0.530186, w: 0.077667[0m
[0m[ INFO] [1748066776.791708328]: Received reference trajectory - x: 1036.156128, y: 0.000000, phi: 0.000000, v: 414.296478, w: 0.000000[0m
[0m[ INFO] [1748066776.874083759]: [1748066776.874] Robot state - x: 1.040018, y: -0.006457, phi: 0.007419[0m
[0m[ INFO] [1748066776.874228113]: [1748066776.874] Reference trajectory - x: 1.036156, y: 0.000000, phi: 0.000000, v: 0.414296, w: 0.000000[0m
[0m[ INFO] [1748066776.874338515]: [1748066776.874] v: 0.533909, w: 0.087417[0m
[0m[ INFO] [1748066776.890079581]: Received reference trajectory - x: 1077.850220, y: 0.000000, phi: 0.000000, v: 419.726685, w: 0.000000[0m
[0m[ INFO] [1748066776.948417311]: [1748066776.948] Robot state - x: 1.081329, y: -0.006095, phi: 0.004713[0m
[0m[ INFO] [1748066776.948605602]: [1748066776.949] Reference trajectory - x: 1.077850, y: 0.000000, phi: 0.000000, v: 0.419727, w: 0.000000[0m
[0m[ INFO] [1748066776.948706307]: [1748066776.949] v: 0.539786, w: 0.096593[0m
[0m[ INFO] [1748066776.990228492]: Received reference trajectory - x: 1120.089844, y: 0.000000, phi: 0.000000, v: 424.980591, w: 0.000000[0m
[0m[ INFO] [1748066777.049505692]: [1748066777.049] Robot state - x: 1.123822, y: -0.005843, phi: 0.001720[0m
[0m[ INFO] [1748066777.049618238]: [1748066777.050] Reference trajectory - x: 1.120090, y: 0.000000, phi: 0.000000, v: 0.424981, w: 0.000000[0m
[0m[ INFO] [1748066777.049662782]: [1748066777.050] v: 0.542839, w: 0.107903[0m
[0m[ INFO] [1748066777.090124855]: Received reference trajectory - x: 1162.839111, y: 0.000000, phi: 0.000000, v: 430.055878, w: 0.000000[0m
[0m[ INFO] [1748066777.148756125]: [1748066777.149] Robot state - x: 1.166709, y: -0.005707, phi: -0.001369[0m
[0m[ INFO] [1748066777.148869311]: [1748066777.149] Reference trajectory - x: 1.162839, y: 0.000000, phi: 0.000000, v: 0.430056, w: 0.000000[0m
[0m[ INFO] [1748066777.148960960]: [1748066777.149] v: 0.546133, w: 0.120670[0m
[0m[ INFO] [1748066777.190263526]: Received reference trajectory - x: 1206.096558, y: 0.000000, phi: 0.000000, v: 434.954468, w: 0.000000[0m
[0m[ INFO] [1748066777.249063054]: [1748066777.249] Robot state - x: 1.209980, y: -0.005622, phi: -0.000892[0m
[0m[ INFO] [1748066777.249188176]: [1748066777.249] Reference trajectory - x: 1.206097, y: 0.000000, phi: 0.000000, v: 0.434954, w: 0.000000[0m
[0m[ INFO] [1748066777.249256817]: [1748066777.249] v: 0.549752, w: 0.119727[0m
[0m[ INFO] [1748066777.290131440]: Received reference trajectory - x: 1249.823975, y: 0.000000, phi: 0.000000, v: 439.674072, w: 0.000000[0m
[0m[ INFO] [1748066777.348507027]: [1748066777.348] Robot state - x: 1.253644, y: -0.005674, phi: -0.000509[0m
[0m[ INFO] [1748066777.348618484]: [1748066777.349] Reference trajectory - x: 1.249824, y: 0.000000, phi: 0.000000, v: 0.439674, w: 0.000000[0m
[0m[ INFO] [1748066777.348695861]: [1748066777.349] v: 0.553519, w: 0.120499[0m
[0m[ INFO] [1748066777.390078236]: Received reference trajectory - x: 1294.021606, y: 0.000000, phi: 0.000000, v: 444.216675, w: 0.000000[0m
[0m[ INFO] [1748066777.448817956]: [1748066777.449] Robot state - x: 1.298096, y: -0.005709, phi: -0.000318[0m
[0m[ INFO] [1748066777.448930533]: [1748066777.449] Reference trajectory - x: 1.294022, y: 0.000000, phi: 0.000000, v: 0.444217, w: 0.000000[0m
[0m[ INFO] [1748066777.448985958]: [1748066777.449] v: 0.555748, w: 0.121887[0m
[0m[ INFO] [1748066777.490215914]: Received reference trajectory - x: 1338.666504, y: 0.000000, phi: 0.000000, v: 448.581665, w: 0.000000[0m
[0m[ INFO] [1748066777.548188103]: [1748066777.548] Robot state - x: 1.342739, y: -0.005688, phi: 0.001656[0m
[0m[ INFO] [1748066777.548304168]: [1748066777.548] Reference trajectory - x: 1.338667, y: 0.000000, phi: 0.000000, v: 0.448582, w: 0.000000[0m
[0m[ INFO] [1748066777.548351785]: [1748066777.548] v: 0.558833, w: 0.115628[0m
[0m[ INFO] [1748066777.590260663]: Received reference trajectory - x: 1383.744873, y: 0.000000, phi: 0.000000, v: 452.769379, w: 0.000000[0m
[0m[ INFO] [1748066777.649795755]: [1748066777.650] Robot state - x: 1.388372, y: -0.005705, phi: 0.001560[0m
[0m[ INFO] [1748066777.649897452]: [1748066777.650] Reference trajectory - x: 1.383745, y: 0.000000, phi: 0.000000, v: 0.452769, w: 0.000000[0m
[0m[ INFO] [1748066777.650139088]: [1748066777.650] v: 0.559319, w: 0.117972[0m
[0m[ INFO] [1748066777.690253956]: Received reference trajectory - x: 1429.219360, y: 0.000000, phi: 0.000000, v: 456.778076, w: 0.000000[0m
[0m[ INFO] [1748066777.763988490]: [1748066777.764] Robot state - x: 1.433812, y: -0.005672, phi: -0.000318[0m
[0m[ INFO] [1748066777.764092044]: [1748066777.764] Reference trajectory - x: 1.429219, y: 0.000000, phi: 0.000000, v: 0.456778, w: 0.000000[0m
[0m[ INFO] [1748066777.764170701]: [1748066777.764] v: 0.562012, w: 0.126919[0m
[0m[ INFO] [1748066777.790189647]: Received reference trajectory - x: 1475.082275, y: 0.000000, phi: 0.000000, v: 460.608704, w: 0.000000[0m
[0m[ INFO] [1748066777.849430046]: [1748066777.849] Robot state - x: 1.479637, y: -0.005562, phi: 0.001369[0m
[0m[ INFO] [1748066777.849540224]: [1748066777.850] Reference trajectory - x: 1.475082, y: 0.000000, phi: 0.000000, v: 0.460609, w: 0.000000[0m
[0m[ INFO] [1748066777.849589473]: [1748066777.850] v: 0.564561, w: 0.120899[0m
[0m[ INFO] [1748066777.890130779]: Received reference trajectory - x: 1521.325195, y: 0.000000, phi: 0.000000, v: 464.262085, w: 0.000000[0m
[0m[ INFO] [1748066777.948342619]: [1748066777.948] Robot state - x: 1.526067, y: -0.005668, phi: -0.002579[0m
[0m[ INFO] [1748066777.948548702]: [1748066777.948] Reference trajectory - x: 1.521325, y: 0.000000, phi: 0.000000, v: 0.464262, w: 0.000000[0m
[0m[ INFO] [1748066777.948620991]: [1748066777.949] v: 0.565960, w: 0.139421[0m
[0m[ INFO] [1748066777.990072102]: Received reference trajectory - x: 1567.925537, y: 0.000000, phi: 0.000000, v: 467.737762, w: 0.000000[0m
[0m[ INFO] [1748066778.048362503]: [1748066778.048] Robot state - x: 1.572880, y: -0.005613, phi: -0.002961[0m
[0m[ INFO] [1748066778.049006769]: [1748066778.048] Reference trajectory - x: 1.567926, y: 0.000000, phi: 0.000000, v: 0.467738, w: 0.000000[0m
[0m[ INFO] [1748066778.049115346]: [1748066778.049] v: 0.567009, w: 0.142180[0m
[0m[ INFO] [1748066778.090106899]: Received reference trajectory - x: 1614.875610, y: 0.000000, phi: 0.000000, v: 471.036438, w: 0.000000[0m
[0m[ INFO] [1748066778.148837882]: [1748066778.149] Robot state - x: 1.619895, y: -0.005788, phi: -0.005222[0m
[0m[ INFO] [1748066778.148938364]: [1748066778.149] Reference trajectory - x: 1.614876, y: 0.000000, phi: 0.000000, v: 0.471036, w: 0.000000[0m
[0m[ INFO] [1748066778.148982396]: [1748066778.149] v: 0.568458, w: 0.154687[0m
[0m[ INFO] [1748066778.190399587]: Received reference trajectory - x: 1662.148071, y: 0.000000, phi: 0.000000, v: 474.157349, w: 0.000000[0m
[0m[ INFO] [1748066778.253168646]: [1748066778.253] Robot state - x: 1.667102, y: -0.005939, phi: -0.005700[0m
[0m[ INFO] [1748066778.253315432]: [1748066778.253] Reference trajectory - x: 1.662148, y: 0.000000, phi: 0.000000, v: 0.474157, w: 0.000000[0m
[0m[ INFO] [1748066778.253367017]: [1748066778.253] v: 0.570278, w: 0.159926[0m
[0m[ INFO] [1748066778.290118858]: Received reference trajectory - x: 1709.699951, y: 0.000000, phi: 0.000000, v: 477.098969, w: 0.000000[0m
[0m[ INFO] [1748066778.348851314]: [1748066778.349] Robot state - x: 1.709277, y: -0.005333, phi: 0.033466[0m
[0m[ INFO] [1748066778.349011092]: [1748066778.349] Reference trajectory - x: 1.709700, y: 0.000000, phi: 0.000000, v: 0.477099, w: 0.000000[0m
[0m[ INFO] [1748066778.349058837]: [1748066778.349] v: 0.595079, w: 0.000020[0m
[0m[ INFO] [1748066778.389948244]: Received reference trajectory - x: 1757.548706, y: 0.000000, phi: 0.000000, v: 479.863556, w: 0.000000[0m
[0m[ INFO] [1748066778.449085729]: [1748066778.449] Robot state - x: 1.750346, y: -0.005283, phi: 0.047286[0m
[0m[ INFO] [1748066778.449221059]: [1748066778.449] Reference trajectory - x: 1.757549, y: 0.000000, phi: 0.000000, v: 0.479864, w: 0.000000[0m
[0m[ INFO] [1748066778.449338789]: [1748066778.449] v: 0.627507, w: -0.053738[0m
[0m[ INFO] [1748066778.490061441]: Received reference trajectory - x: 1805.663208, y: 0.000000, phi: 0.000000, v: 482.450287, w: 0.000000[0m
[0m[ INFO] [1748066778.556707102]: [1748066778.557] Robot state - x: 1.787258, y: -0.003807, phi: 0.060277[0m
[0m[ INFO] [1748066778.556898721]: [1748066778.557] Reference trajectory - x: 1.805663, y: 0.000000, phi: 0.000000, v: 0.482450, w: 0.000000[0m
[0m[ INFO] [1748066778.557035555]: [1748066778.557] v: 0.681168, w: -0.118487[0m
[0m[ INFO] [1748066778.590087117]: Received reference trajectory - x: 1854.029907, y: 0.000000, phi: 0.000000, v: 484.859375, w: 0.000000[0m
[0m[ INFO] [1748066778.656439046]: [1748066778.656] Robot state - x: 1.827971, y: -0.002120, phi: 0.048559[0m
[0m[ INFO] [1748066778.656674089]: [1748066778.657] Reference trajectory - x: 1.854030, y: 0.000000, phi: 0.000000, v: 0.484859, w: 0.000000[0m
[0m[ INFO] [1748066778.656744074]: [1748066778.657] v: 0.722732, w: -0.087574[0m
[0m[ INFO] [1748066778.690043224]: Received reference trajectory - x: 1902.629761, y: 0.000000, phi: 0.000000, v: 487.090698, w: 0.000000[0m
[0m[ INFO] [1748066778.754658487]: [1748066778.755] Robot state - x: 1.872516, y: 0.000694, phi: 0.054196[0m
[0m[ INFO] [1748066778.754774713]: [1748066778.755] Reference trajectory - x: 1.902630, y: 0.000000, phi: 0.000000, v: 0.487091, w: 0.000000[0m
[0m[ INFO] [1748066778.754834106]: [1748066778.755] v: 0.750864, w: -0.137464[0m
[0m[ INFO] [1748066778.801731986]: Received reference trajectory - x: 1951.448608, y: 0.000000, phi: 0.000000, v: 489.144470, w: 0.000000[0m
[0m[ INFO] [1748066778.848852045]: [1748066778.849] Robot state - x: 1.920890, y: 0.002760, phi: 0.042446[0m
[0m[ INFO] [1748066778.848950062]: [1748066778.849] Reference trajectory - x: 1.951449, y: 0.000000, phi: 0.000000, v: 0.489144, w: 0.000000[0m
[0m[ INFO] [1748066778.848997615]: [1748066778.849] v: 0.764369, w: -0.111634[0m
[0m[ INFO] [1748066778.892747288]: Received reference trajectory - x: 2000.457886, y: 0.000000, phi: 0.000000, v: 491.020203, w: 0.000000[0m
[0m[ INFO] [1748066778.949403873]: [1748066778.949] Robot state - x: 1.968466, y: 0.005066, phi: 0.030887[0m
[0m[ INFO] [1748066778.949501186]: [1748066778.949] Reference trajectory - x: 2.000458, y: 0.000000, phi: 0.000000, v: 0.491020, w: 0.000000[0m
[0m[ INFO] [1748066778.949545827]: [1748066778.950] v: 0.782145, w: -0.089608[0m
[0m[ INFO] [1748066778.990959305]: Received reference trajectory - x: 2049.871094, y: 0.000000, phi: 0.000000, v: 492.725494, w: 0.000000[0m
[0m[ INFO] [1748066779.048831876]: [1748066779.049] Robot state - x: 2.017693, y: 0.006501, phi: 0.004299[0m
[0m[ INFO] [1748066779.048973382]: [1748066779.049] Reference trajectory - x: 2.049871, y: 0.000000, phi: 0.000000, v: 0.492725, w: 0.000000[0m
[0m[ INFO] [1748066779.049021319]: [1748066779.049] v: 0.794774, w: 0.000148[0m
[0m[ INFO] [1748066779.090086984]: Received reference trajectory - x: 2098.983398, y: 0.000000, phi: 0.000000, v: 494.237976, w: 0.000000[0m
[0m[ INFO] [1748066779.148861296]: [1748066779.149] Robot state - x: 2.071274, y: 0.007318, phi: -0.027002[0m
[0m[ INFO] [1748066779.148986545]: [1748066779.149] Reference trajectory - x: 2.098983, y: 0.000000, phi: 0.000000, v: 0.494238, w: 0.000000[0m
[0m[ INFO] [1748066779.149048658]: [1748066779.149] v: 0.786986, w: 0.114379[0m
[0m[ INFO] [1748066779.190360375]: Received reference trajectory - x: 2148.485352, y: 0.000000, phi: 0.000000, v: 495.580658, w: 0.000000[0m
[0m[ INFO] [1748066779.249256001]: [1748066779.249] Robot state - x: 2.127018, y: 0.006721, phi: -0.056998[0m
[0m[ INFO] [1748066779.249409411]: [1748066779.249] Reference trajectory - x: 2.148485, y: 0.000000, phi: 0.000000, v: 0.495581, w: 0.000000[0m
[0m[ INFO] [1748066779.249486628]: [1748066779.249] v: 0.769893, w: 0.237294[0m
[0m[ INFO] [1748066779.290070142]: Received reference trajectory - x: 2198.098877, y: 0.000000, phi: 0.000000, v: 496.745209, w: 0.000000[0m
[0m[ INFO] [1748066779.349566416]: [1748066779.349] Robot state - x: 2.183465, y: 0.004965, phi: -0.065213[0m
[0m[ INFO] [1748066779.349935542]: [1748066779.350] Reference trajectory - x: 2.198099, y: 0.000000, phi: 0.000000, v: 0.496745, w: 0.000000[0m
[0m[ INFO] [1748066779.350043191]: [1748066779.350] v: 0.748079, w: 0.285406[0m
[0m[ INFO] [1748066779.390128010]: Received reference trajectory - x: 2247.818604, y: 0.000000, phi: 0.000000, v: 497.731964, w: 0.000000[0m
[0m[ INFO] [1748066779.455412146]: [1748066779.455] Robot state - x: 2.243546, y: 0.001758, phi: -0.057857[0m
[0m[ INFO] [1748066779.455531828]: [1748066779.456] Reference trajectory - x: 2.247819, y: 0.000000, phi: 0.000000, v: 0.497732, w: 0.000000[0m
[0m[ INFO] [1748066779.455574773]: [1748066779.456] v: 0.708554, w: 0.286667[0m
[0m[ INFO] [1748066779.490267703]: Received reference trajectory - x: 2297.644043, y: 0.000000, phi: 0.000000, v: 498.541229, w: 0.000000[0m
[0m[ INFO] [1748066779.548602104]: [1748066779.549] Robot state - x: 2.303416, y: -0.002425, phi: -0.066932[0m
[0m[ INFO] [1748066779.548698842]: [1748066779.549] Reference trajectory - x: 2.297644, y: 0.000000, phi: 0.000000, v: 0.498541, w: 0.000000[0m
[0m[ INFO] [1748066779.548741274]: [1748066779.549] v: 0.666959, w: 0.364034[0m
[0m[ INFO] [1748066779.590758634]: Received reference trajectory - x: 2347.756836, y: 0.000000, phi: 0.000000, v: 499.174988, w: 0.000000[0m
[0m[ INFO] [1748066779.648247646]: [1748066779.648] Robot state - x: 2.359168, y: -0.005317, phi: -0.054864[0m
[0m[ INFO] [1748066779.648367392]: [1748066779.648] Reference trajectory - x: 2.347757, y: 0.000000, phi: 0.000000, v: 0.499175, w: 0.000000[0m
[0m[ INFO] [1748066779.648411649]: [1748066779.648] v: 0.641206, w: 0.345743[0m
[0m[ INFO] [1748066779.690176684]: Received reference trajectory - x: 2397.470947, y: 0.000000, phi: 0.000000, v: 499.626038, w: 0.000000[0m
[0m[ INFO] [1748066779.753630201]: [1748066779.754] Robot state - x: 2.413911, y: -0.008698, phi: -0.044388[0m
[0m[ INFO] [1748066779.753772667]: [1748066779.754] Reference trajectory - x: 2.397471, y: 0.000000, phi: 0.000000, v: 0.499626, w: 0.000000[0m
[0m[ INFO] [1748066779.753816476]: [1748066779.754] v: 0.616146, w: 0.339597[0m
[0m[ INFO] [1748066779.790306041]: Received reference trajectory - x: 2447.446777, y: 0.000000, phi: 0.000000, v: 499.901794, w: 0.000000[0m
[0m[ INFO] [1748066779.849238499]: [1748066779.849] Robot state - x: 2.468525, y: -0.012061, phi: -0.057666[0m
[0m[ INFO] [1748066779.849332901]: [1748066779.849] Reference trajectory - x: 2.447447, y: 0.000000, phi: 0.000000, v: 0.499902, w: 0.000000[0m
[0m[ INFO] [1748066779.849376517]: [1748066779.849] v: 0.591022, w: 0.428782[0m
[0m[ INFO] [1748066779.890551752]: Received reference trajectory - x: 2497.513672, y: 0.000000, phi: 0.000000, v: 499.999786, w: 0.000000[0m
[0m[ INFO] [1748066779.948284032]: [1748066779.948] Robot state - x: 2.523143, y: -0.014350, phi: -0.052635[0m
[0m[ INFO] [1748066779.948379042]: [1748066779.948] Reference trajectory - x: 2.497514, y: 0.000000, phi: 0.000000, v: 0.500000, w: 0.000000[0m
[0m[ INFO] [1748066779.948425474]: [1748066779.948] v: 0.564636, w: 0.435480[0m
[0m[ INFO] [1748066779.990313328]: Received reference trajectory - x: 2547.445557, y: 0.000000, phi: 0.000000, v: 499.919952, w: 0.000000[0m
[0m[ INFO] [1748066780.049279354]: [1748066780.049] Robot state - x: 2.575552, y: -0.016989, phi: -0.037924[0m
[0m[ INFO] [1748066780.049375931]: [1748066780.049] Reference trajectory - x: 2.547446, y: 0.000000, phi: 0.000000, v: 0.499920, w: 0.000000[0m
[0m[ INFO] [1748066780.049422844]: [1748066780.049] v: 0.545667, w: 0.407920[0m
[0m[ INFO] [1748066780.090443260]: Received reference trajectory - x: 2597.440674, y: 0.000000, phi: 0.000000, v: 499.662262, w: 0.000000[0m
[0m[ INFO] [1748066780.148218805]: [1748066780.148] Robot state - x: 2.625227, y: -0.019314, phi: -0.026206[0m
[0m[ INFO] [1748066780.148313974]: [1748066780.148] Reference trajectory - x: 2.597441, y: 0.000000, phi: 0.000000, v: 0.499662, w: 0.000000[0m
[0m[ INFO] [1748066780.148360567]: [1748066780.148] v: 0.537920, w: 0.389958[0m
[0m[ INFO] [1748066780.190414662]: Received reference trajectory - x: 2647.376709, y: 0.000000, phi: 0.000000, v: 499.226929, w: 0.000000[0m
[0m[ INFO] [1748066780.248251328]: [1748066780.248] Robot state - x: 2.677856, y: -0.020683, phi: -0.002388[0m
[0m[ INFO] [1748066780.248346849]: [1748066780.248] Reference trajectory - x: 2.647377, y: 0.000000, phi: 0.000000, v: 0.499227, w: 0.000000[0m
[0m[ INFO] [1748066780.248391106]: [1748066780.248] v: 0.516975, w: 0.315060[0m
[0m[ INFO] [1748066780.290389329]: Received reference trajectory - x: 2697.274170, y: 0.000000, phi: 0.000000, v: 498.613708, w: 0.000000[0m
[0m[ INFO] [1748066780.348281643]: [1748066780.348] Robot state - x: 2.728170, y: -0.021757, phi: 0.007356[0m
[0m[ INFO] [1748066780.348375436]: [1748066780.348] Reference trajectory - x: 2.697274, y: 0.000000, phi: 0.000000, v: 0.498614, w: 0.000000[0m
[0m[ INFO] [1748066780.348418701]: [1748066780.348] v: 0.504916, w: 0.293594[0m
[0m[ INFO] [1748066780.390358555]: Received reference trajectory - x: 2747.086670, y: 0.000000, phi: 0.000000, v: 497.822968, w: 0.000000[0m
[0m[ INFO] [1748066780.448289302]: [1748066780.448] Robot state - x: 2.777527, y: -0.021764, phi: 0.011845[0m
[0m[ INFO] [1748066780.448381463]: [1748066780.448] Reference trajectory - x: 2.747087, y: 0.000000, phi: 0.000000, v: 0.497823, w: 0.000000[0m
[0m[ INFO] [1748066780.448441752]: [1748066780.448] v: 0.496347, w: 0.282688[0m
[0m[ INFO] [1748066780.491469046]: Received reference trajectory - x: 2796.829590, y: 0.000000, phi: 0.000000, v: 496.854095, w: 0.000000[0m
[0m[ INFO] [1748066780.549156941]: [1748066780.549] Robot state - x: 2.824068, y: -0.020876, phi: 0.035313[0m
[0m[ INFO] [1748066780.549252622]: [1748066780.549] Reference trajectory - x: 2.796830, y: 0.000000, phi: 0.000000, v: 0.496854, w: 0.000000[0m
[0m[ INFO] [1748066780.550086747]: [1748066780.550] v: 0.499705, w: 0.187370[0m
[0m[ INFO] [1748066780.590378512]: Received reference trajectory - x: 2846.460693, y: 0.000000, phi: 0.000000, v: 495.707550, w: 0.000000[0m
[0m[ INFO] [1748066780.648903092]: [1748066780.649] Robot state - x: 2.868517, y: -0.020345, phi: 0.035504[0m
[0m[ INFO] [1748066780.649003893]: [1748066780.649] Reference trajectory - x: 2.846461, y: 0.000000, phi: 0.000000, v: 0.495708, w: 0.000000[0m
[0m[ INFO] [1748066780.649046326]: [1748066780.649] v: 0.512525, w: 0.187897[0m
[0m[ INFO] [1748066780.690420091]: Received reference trajectory - x: 2895.964355, y: 0.000000, phi: 0.000000, v: 494.383331, w: 0.000000[0m
[0m[ INFO] [1748066780.749449446]: [1748066780.749] Robot state - x: 2.916724, y: -0.018968, phi: 0.021971[0m
[0m[ INFO] [1748066780.749558280]: [1748066780.750] Reference trajectory - x: 2.895964, y: 0.000000, phi: 0.000000, v: 0.494383, w: 0.000000[0m
[0m[ INFO] [1748066780.749644809]: [1748066780.750] v: 0.509878, w: 0.234364[0m
[0m[ INFO] [1748066780.790487111]: Received reference trajectory - x: 2945.333984, y: 0.000000, phi: 0.000000, v: 492.881134, w: 0.000000[0m
[0m[ INFO] [1748066780.848625445]: [1748066780.849] Robot state - x: 2.965842, y: -0.017067, phi: 0.028340[0m
[0m[ INFO] [1748066780.848726086]: [1748066780.849] Reference trajectory - x: 2.945334, y: 0.000000, phi: 0.000000, v: 0.492881, w: 0.000000[0m
[0m[ INFO] [1748066780.848798151]: [1748066780.849] v: 0.502911, w: 0.196019[0m
[0m[ INFO] [1748066780.890362511]: Received reference trajectory - x: 2994.530029, y: 0.000000, phi: 0.000000, v: 491.201630, w: 0.000000[0m
[0m[ INFO] [1748066780.948519790]: [1748066780.948] Robot state - x: 3.012048, y: -0.016015, phi: 0.029932[0m
[0m[ INFO] [1748066780.948633071]: [1748066780.949] Reference trajectory - x: 2.994530, y: 0.000000, phi: 0.000000, v: 0.491202, w: 0.000000[0m
[0m[ INFO] [1748066780.948677552]: [1748066780.949] v: 0.507776, w: 0.184557[0m
[0m[ INFO] [1748066780.990400571]: Received reference trajectory - x: 3043.565918, y: 0.000000, phi: 0.000000, v: 489.343750, w: 0.000000[0m
[0m[ INFO] [1748066781.048544888]: [1748066781.048] Robot state - x: 3.059768, y: -0.014283, phi: 0.045789[0m
[0m[ INFO] [1748066781.048796508]: [1748066781.049] Reference trajectory - x: 3.043566, y: 0.000000, phi: 0.000000, v: 0.489344, w: 0.000000[0m
[0m[ INFO] [1748066781.049338916]: [1748066781.049] v: 0.506115, w: 0.109248[0m
[0m[ INFO] [1748066781.090395877]: Received reference trajectory - x: 3092.399658, y: 0.000000, phi: 0.000000, v: 487.308380, w: 0.000000[0m
[0m[ INFO] [1748066781.149463664]: [1748066781.149] Robot state - x: 3.106934, y: -0.011542, phi: 0.102023[0m
[0m[ INFO] [1748066781.149561649]: [1748066781.150] Reference trajectory - x: 3.092400, y: 0.000000, phi: 0.000000, v: 0.487308, w: 0.000000[0m
[0m[ INFO] [1748066781.149605970]: [1748066781.150] v: 0.506226, w: -0.137240[0m
[0m[ INFO] [1748066781.190401583]: Received reference trajectory - x: 3141.014648, y: 0.000000, phi: 0.000000, v: 485.095520, w: 0.000000[0m
[0m[ INFO] [1748066781.248149318]: [1748066781.248] Robot state - x: 3.151725, y: -0.008378, phi: 0.151506[0m
[0m[ INFO] [1748066781.248248424]: [1748066781.248] Reference trajectory - x: 3.141015, y: 0.000000, phi: 0.000000, v: 0.485096, w: 0.000000[0m
[0m[ INFO] [1748066781.248290344]: [1748066781.248] v: 0.516075, w: -0.361991[0m
[0m[ INFO] [1748066781.291163300]: Received reference trajectory - x: 3189.418457, y: 0.000000, phi: 0.000000, v: 482.703949, w: 0.000000[0m
[0m[ INFO] [1748066781.348347955]: [1748066781.348] Robot state - x: 3.200589, y: -0.003128, phi: 0.161536[0m
[0m[ INFO] [1748066781.348496725]: [1748066781.348] Reference trajectory - x: 3.189419, y: 0.000000, phi: 0.000000, v: 0.482704, w: 0.000000[0m
[0m[ INFO] [1748066781.348553878]: [1748066781.349] v: 0.508297, w: -0.451742[0m
[0m[ INFO] [1748066781.390396802]: Received reference trajectory - x: 3237.552979, y: 0.000000, phi: 0.000000, v: 480.135712, w: 0.000000[0m
[0m[ INFO] [1748066781.448226779]: [1748066781.448] Robot state - x: 3.250237, y: 0.004190, phi: 0.151187[0m
[0m[ INFO] [1748066781.448327709]: [1748066781.448] Reference trajectory - x: 3.237553, y: 0.000000, phi: 0.000000, v: 0.480136, w: 0.000000[0m
[0m[ INFO] [1748066781.448370717]: [1748066781.448] v: 0.495602, w: -0.482804[0m
[0m[ INFO] [1748066781.490446221]: Received reference trajectory - x: 3285.432861, y: 0.000000, phi: 0.000000, v: 477.389069, w: 0.000000[0m
[0m[ INFO] [1748066781.548266662]: [1748066781.548] Robot state - x: 3.297776, y: 0.011296, phi: 0.124885[0m
[0m[ INFO] [1748066781.548383304]: [1748066781.548] Reference trajectory - x: 3.285433, y: 0.000000, phi: 0.000000, v: 0.477389, w: 0.000000[0m
[0m[ INFO] [1748066781.548426216]: [1748066781.548] v: 0.490335, w: -0.450636[0m
[0m[ INFO] [1748066781.590352534]: Received reference trajectory - x: 3333.023926, y: 0.000000, phi: 0.000000, v: 474.464996, w: 0.000000[0m
[0m[ INFO] [1748066781.648435730]: [1748066781.648] Robot state - x: 3.346165, y: 0.018014, phi: 0.098393[0m
[0m[ INFO] [1748066781.648622229]: [1748066781.649] Reference trajectory - x: 3.333024, y: 0.000000, phi: 0.000000, v: 0.474465, w: 0.000000[0m
[0m[ INFO] [1748066781.648684726]: [1748066781.649] v: 0.480033, w: -0.416066[0m
[0m[ INFO] [1748066781.690149436]: Received reference trajectory - x: 3380.318115, y: 0.000000, phi: 0.000000, v: 471.362854, w: 0.000000[0m
[0m[ INFO] [1748066781.748270138]: [1748066781.748] Robot state - x: 3.394549, y: 0.023304, phi: 0.066455[0m
[0m[ INFO] [1748066781.748375963]: [1748066781.748] Reference trajectory - x: 3.380318, y: 0.000000, phi: 0.000000, v: 0.471363, w: 0.000000[0m
[0m[ INFO] [1748066781.748431260]: [1748066781.748] v: 0.468031, w: -0.347697[0m
[0m[ INFO] [1748066781.790331465]: Received reference trajectory - x: 3427.299561, y: 0.000000, phi: 0.000000, v: 468.082489, w: 0.000000[0m
[0m[ INFO] [1748066781.848983086]: [1748066781.849] Robot state - x: 3.442271, y: 0.027251, phi: 0.034708[0m
[0m[ INFO] [1748066781.849112432]: [1748066781.849] Reference trajectory - x: 3.427299, y: 0.000000, phi: 0.000000, v: 0.468082, w: 0.000000[0m
[0m[ INFO] [1748066781.849191441]: [1748066781.849] v: 0.457028, w: -0.268317[0m
[0m[ INFO] [1748066781.890245042]: Received reference trajectory - x: 3473.947998, y: 0.000000, phi: 0.000000, v: 464.623962, w: 0.000000[0m
[0m[ INFO] [1748066781.948689588]: [1748066781.949] Robot state - x: 3.488740, y: 0.029484, phi: -0.002197[0m
[0m[ INFO] [1748066781.948788725]: [1748066781.949] Reference trajectory - x: 3.473948, y: 0.000000, phi: 0.000000, v: 0.464624, w: 0.000000[0m
[0m[ INFO] [1748066781.948838838]: [1748066781.949] v: 0.449620, w: -0.152524[0m
[0m[ INFO] [1748066781.990516768]: Received reference trajectory - x: 3520.245850, y: 0.000000, phi: 0.000000, v: 460.987213, w: 0.000000[0m
[0m[ INFO] [1748066782.050371734]: [1748066782.050] Robot state - x: 3.532644, y: 0.030573, phi: -0.022003[0m
[0m[ INFO] [1748066782.050481944]: [1748066782.050] Reference trajectory - x: 3.520246, y: 0.000000, phi: 0.000000, v: 0.460987, w: 0.000000[0m
[0m[ INFO] [1748066782.050529497]: [1748066782.051] v: 0.451736, w: -0.093988[0m
[0m[ INFO] [1748066782.090353671]: Received reference trajectory - x: 3566.137207, y: 0.000000, phi: 0.000000, v: 457.175476, w: 0.000000[0m
[0m[ INFO] [1748066782.148393890]: [1748066782.148] Robot state - x: 3.571221, y: 0.030308, phi: -0.031365[0m
[0m[ INFO] [1748066782.148566213]: [1748066782.149] Reference trajectory - x: 3.566137, y: 0.000000, phi: 0.000000, v: 0.457175, w: 0.000000[0m
[0m[ INFO] [1748066782.148614726]: [1748066782.149] v: 0.475869, w: -0.063774[0m
[0m[ INFO] [1748066782.190274287]: Received reference trajectory - x: 3611.660400, y: 0.000000, phi: 0.000000, v: 453.184143, w: 0.000000[0m
[0m[ INFO] [1748066782.248425868]: [1748066782.248] Robot state - x: 3.614715, y: 0.029001, phi: -0.047413[0m
[0m[ INFO] [1748066782.248610959]: [1748066782.249] Reference trajectory - x: 3.611660, y: 0.000000, phi: 0.000000, v: 0.453184, w: 0.000000[0m
[0m[ INFO] [1748066782.248711504]: [1748066782.249] v: 0.479110, w: 0.003526[0m
[0m[ INFO] [1748066782.290212247]: Received reference trajectory - x: 3656.751221, y: 0.000000, phi: 0.000000, v: 449.017303, w: 0.000000[0m
[0m[ INFO] [1748066782.348867260]: [1748066782.349] Robot state - x: 3.662528, y: 0.027004, phi: -0.068174[0m
[0m[ INFO] [1748066782.348962045]: [1748066782.349] Reference trajectory - x: 3.656751, y: 0.000000, phi: 0.000000, v: 0.449017, w: 0.000000[0m
[0m[ INFO] [1748066782.349004734]: [1748066782.349] v: 0.462122, w: 0.096885[0m
[0m[ INFO] [1748066782.390199872]: Received reference trajectory - x: 3701.448975, y: 0.000000, phi: 0.000000, v: 444.669617, w: 0.000000[0m
[0m[ INFO] [1748066782.449760082]: [1748066782.450] Robot state - x: 3.711260, y: 0.024581, phi: -0.072696[0m
[0m[ INFO] [1748066782.449868692]: [1748066782.450] Reference trajectory - x: 3.701449, y: 0.000000, phi: 0.000000, v: 0.444670, w: 0.000000[0m
[0m[ INFO] [1748066782.449915509]: [1748066782.450] v: 0.438376, w: 0.130564[0m
[0m[ INFO] [1748066782.490142697]: Received reference trajectory - x: 3745.687744, y: 0.000000, phi: 0.000000, v: 440.145691, w: 0.000000[0m
[0m[ INFO] [1748066782.548029954]: [1748066782.548] Robot state - x: 3.760931, y: 0.020568, phi: -0.097596[0m
[0m[ INFO] [1748066782.548130340]: [1748066782.548] Reference trajectory - x: 3.745688, y: 0.000000, phi: 0.000000, v: 0.440146, w: 0.000000[0m
[0m[ INFO] [1748066782.548222725]: [1748066782.548] v: 0.407090, w: 0.261947[0m
[0m[ INFO] [1748066782.591918476]: Received reference trajectory - x: 3789.519531, y: 0.000000, phi: 0.000000, v: 435.438019, w: 0.000000[0m
[0m[ INFO] [1748066782.649956584]: [1748066782.650] Robot state - x: 3.807644, y: 0.016555, phi: -0.123612[0m
[0m[ INFO] [1748066782.650087050]: [1748066782.650] Reference trajectory - x: 3.789520, y: 0.000000, phi: 0.000000, v: 0.435438, w: 0.000000[0m
[0m[ INFO] [1748066782.650155947]: [1748066782.650] v: 0.385013, w: 0.399029[0m
[0m[ INFO] [1748066782.690093435]: Received reference trajectory - x: 3832.766113, y: 0.000000, phi: 0.000000, v: 430.564240, w: 0.000000[0m
[0m[ INFO] [1748066782.757920167]: [1748066782.757] Robot state - x: 3.854045, y: 0.011618, phi: -0.140424[0m
[0m[ INFO] [1748066782.758191787]: [1748066782.758] Reference trajectory - x: 3.832766, y: 0.000000, phi: 0.000000, v: 0.430564, w: 0.000000[0m
[0m[ INFO] [1748066782.758237100]: [1748066782.758] v: 0.360672, w: 0.510031[0m
[0m[ INFO] [1748066782.790249158]: Received reference trajectory - x: 3875.569824, y: 0.000000, phi: 0.000000, v: 425.506805, w: 0.000000[0m
[0m[ INFO] [1748066782.850728070]: [1748066782.851] Robot state - x: 3.902842, y: 0.005531, phi: -0.141380[0m
[0m[ INFO] [1748066782.850849768]: [1748066782.851] Reference trajectory - x: 3.875570, y: 0.000000, phi: 0.000000, v: 0.425507, w: 0.000000[0m
[0m[ INFO] [1748066782.850893448]: [1748066782.851] v: 0.322783, w: 0.571041[0m
[0m[ INFO] [1748066782.890190767]: Received reference trajectory - x: 3917.857178, y: 0.000000, phi: 0.000000, v: 420.271790, w: 0.000000[0m
[0m[ INFO] [1748066782.955288947]: [1748066782.955] Robot state - x: 3.951145, y: -0.001138, phi: -0.134916[0m
[0m[ INFO] [1748066782.955393524]: [1748066782.955] Reference trajectory - x: 3.917857, y: 0.000000, phi: 0.000000, v: 0.420272, w: 0.000000[0m
[0m[ INFO] [1748066782.955439925]: [1748066782.955] v: 0.282726, w: 0.610299[0m
[0m[ INFO] [1748066782.991861969]: Received reference trajectory - x: 3959.720459, y: 0.000000, phi: 0.000000, v: 414.844666, w: 0.000000[0m
[0m[ INFO] [1748066783.049684393]: [1748066783.050] Robot state - x: 3.996132, y: -0.007248, phi: -0.122147[0m
[0m[ INFO] [1748066783.049824619]: [1748066783.050] Reference trajectory - x: 3.959720, y: 0.000000, phi: 0.000000, v: 0.414845, w: 0.000000[0m
[0m[ INFO] [1748066783.049872876]: [1748066783.050] v: 0.253173, w: 0.621010[0m
[0m[ INFO] [1748066783.090164960]: Received reference trajectory - x: 4000.835205, y: 0.000000, phi: 0.000000, v: 409.266022, w: 0.000000[0m
[0m[ INFO] [1748066783.155649578]: [1748066783.156] Robot state - x: 4.038426, y: -0.012700, phi: -0.108709[0m
[0m[ INFO] [1748066783.155775404]: [1748066783.156] Reference trajectory - x: 4.000835, y: 0.000000, phi: 0.000000, v: 0.409266, w: 0.000000[0m
[0m[ INFO] [1748066783.155821036]: [1748066783.156] v: 0.230950, w: 0.624409[0m
[0m[ INFO] [1748066783.190339211]: Received reference trajectory - x: 4041.453857, y: 0.000000, phi: 0.000000, v: 403.500275, w: 0.000000[0m
[0m[ INFO] [1748066783.250608968]: [1748066783.251] Robot state - x: 4.078440, y: -0.017253, phi: -0.091037[0m
[0m[ INFO] [1748066783.250721450]: [1748066783.251] Reference trajectory - x: 4.041454, y: 0.000000, phi: 0.000000, v: 0.403500, w: 0.000000[0m
[0m[ INFO] [1748066783.250765258]: [1748066783.251] v: 0.215942, w: 0.603705[0m
[0m[ INFO] [1748066783.290046800]: Received reference trajectory - x: 4081.511963, y: 0.000000, phi: 0.000000, v: 397.553223, w: 0.000000[0m
[0m[ INFO] [1748066783.349851749]: [1748066783.350] Robot state - x: 4.115965, y: -0.020967, phi: -0.070913[0m
[0m[ INFO] [1748066783.349964999]: [1748066783.350] Reference trajectory - x: 4.081512, y: 0.000000, phi: 0.000000, v: 0.397553, w: 0.000000[0m
[0m[ INFO] [1748066783.350006248]: [1748066783.350] v: 0.209341, w: 0.566291[0m
[0m[ INFO] [1748066783.390384317]: Received reference trajectory - x: 4120.987793, y: 0.000000, phi: 0.000000, v: 391.424988, w: 0.000000[0m
[0m[ INFO] [1748066783.449825358]: [1748066783.450] Robot state - x: 4.151976, y: -0.023816, phi: -0.046744[0m
[0m[ INFO] [1748066783.449918223]: [1748066783.450] Reference trajectory - x: 4.120988, y: 0.000000, phi: 0.000000, v: 0.391425, w: 0.000000[0m
[0m[ INFO] [1748066783.449994032]: [1748066783.450] v: 0.207419, w: 0.505323[0m
[0m[ INFO] [1748066783.490121538]: Received reference trajectory - x: 4159.802246, y: 0.000000, phi: 0.000000, v: 385.125244, w: 0.000000[0m
[0m[ INFO] [1748066783.548962217]: [1748066783.549] Robot state - x: 4.186671, y: -0.025949, phi: -0.027734[0m
[0m[ INFO] [1748066783.549102252]: [1748066783.549] Reference trajectory - x: 4.159802, y: 0.000000, phi: 0.000000, v: 0.385125, w: 0.000000[0m
[0m[ INFO] [1748066783.549168621]: [1748066783.549] v: 0.209270, w: 0.458605[0m
[0m[ INFO] [1748066783.590329710]: Received reference trajectory - x: 4197.979004, y: 0.000000, phi: 0.000000, v: 378.647675, w: 0.000000[0m
[0m[ INFO] [1748066783.650514921]: [1748066783.650] Robot state - x: 4.220027, y: -0.027156, phi: -0.006559[0m
[0m[ INFO] [1748066783.650620107]: [1748066783.651] Reference trajectory - x: 4.197979, y: 0.000000, phi: 0.000000, v: 0.378648, w: 0.000000[0m
[0m[ INFO] [1748066783.650666411]: [1748066783.651] v: 0.215299, w: 0.394682[0m
[0m[ INFO] [1748066783.690113427]: Received reference trajectory - x: 4235.515137, y: 0.000000, phi: 0.000000, v: 371.989655, w: 0.000000[0m
[0m[ INFO] [1748066783.753052983]: [1748066783.753] Robot state - x: 4.252815, y: -0.027746, phi: 0.012928[0m
[0m[ INFO] [1748066783.753233210]: [1748066783.753] Reference trajectory - x: 4.235515, y: 0.000000, phi: 0.000000, v: 0.371990, w: 0.000000[0m
[0m[ INFO] [1748066783.753352252]: [1748066783.753] v: 0.222360, w: 0.331682[0m
[0m[ INFO] [1748066783.792944390]: Received reference trajectory - x: 4272.524902, y: 0.000000, phi: 0.000000, v: 365.125610, w: 0.000000[0m
[0m[ INFO] [1748066783.850031443]: [1748066783.850] Robot state - x: 4.285416, y: -0.027671, phi: 0.030632[0m
[0m[ INFO] [1748066783.850140693]: [1748066783.850] Reference trajectory - x: 4.272525, y: 0.000000, phi: 0.000000, v: 0.365126, w: 0.000000[0m
[0m[ INFO] [1748066783.850188790]: [1748066783.850] v: 0.229232, w: 0.269310[0m
[0m[ INFO] [1748066783.890129445]: Received reference trajectory - x: 4308.553223, y: 0.000000, phi: 0.000000, v: 358.138489, w: 0.000000[0m
[0m[ INFO] [1748066783.953563952]: [1748066783.953] Robot state - x: 4.317425, y: -0.027001, phi: 0.046649[0m
[0m[ INFO] [1748066783.953911029]: [1748066783.954] Reference trajectory - x: 4.308553, y: 0.000000, phi: 0.000000, v: 0.358139, w: 0.000000[0m
[0m[ INFO] [1748066783.953983159]: [1748066783.954] v: 0.235681, w: 0.207668[0m
[0m[ INFO] [1748066783.991596643]: Received reference trajectory - x: 4344.045898, y: 0.000000, phi: 0.000000, v: 350.939941, w: 0.000000[0m
[0m[ INFO] [1748066784.048863443]: [1748066784.049] Robot state - x: 4.349011, y: -0.025720, phi: 0.066423[0m
[0m[ INFO] [1748066784.048969589]: [1748066784.049] Reference trajectory - x: 4.344046, y: 0.000000, phi: 0.000000, v: 0.350940, w: 0.000000[0m
[0m[ INFO] [1748066784.049014645]: [1748066784.049] v: 0.242696, w: 0.124769[0m
[0m[ INFO] [1748066784.090206903]: Received reference trajectory - x: 4378.748535, y: 0.000000, phi: 0.000000, v: 343.576263, w: 0.000000[0m
[0m[ INFO] [1748066784.151332128]: [1748066784.151] Robot state - x: 4.380599, y: -0.024049, phi: 0.078873[0m
[0m[ INFO] [1748066784.151853671]: [1748066784.152] Reference trajectory - x: 4.378748, y: 0.000000, phi: 0.000000, v: 0.343576, w: 0.000000[0m
[0m[ INFO] [1748066784.152024138]: [1748066784.152] v: 0.247332, w: 0.066672[0m
[0m[ INFO] [1748066784.190507076]: Received reference trajectory - x: 4412.768555, y: 0.000000, phi: 0.000000, v: 336.020996, w: 0.000000[0m
[0m[ INFO] [1748066784.251136869]: [1748066784.251] Robot state - x: 4.411580, y: -0.021877, phi: 0.085974[0m
[0m[ INFO] [1748066784.251266663]: [1748066784.251] Reference trajectory - x: 4.412768, y: 0.000000, phi: 0.000000, v: 0.336021, w: 0.000000[0m
[0m[ INFO] [1748066784.251332936]: [1748066784.251] v: 0.252427, w: 0.024317[0m
[0m[ INFO] [1748066784.290099910]: Received reference trajectory - x: 4445.934570, y: 0.000000, phi: 0.000000, v: 328.308624, w: 0.000000[0m
[0m[ INFO] [1748066784.354715298]: [1748066784.355] Robot state - x: 4.442328, y: -0.019308, phi: 0.094954[0m
[0m[ INFO] [1748066784.354885444]: [1748066784.355] Reference trajectory - x: 4.445935, y: 0.000000, phi: 0.000000, v: 0.328309, w: 0.000000[0m
[0m[ INFO] [1748066784.354995014]: [1748066784.355] v: 0.255625, w: -0.030172[0m
[0m[ INFO] [1748066784.393930470]: Received reference trajectory - x: 4478.395508, y: 0.000000, phi: 0.000000, v: 320.400635, w: 0.000000[0m
[0m[ INFO] [1748066784.449004245]: [1748066784.449] Robot state - x: 4.473261, y: -0.016531, phi: 0.102055[0m
[0m[ INFO] [1748066784.449313754]: [1748066784.449] Reference trajectory - x: 4.478395, y: 0.000000, phi: 0.000000, v: 0.320401, w: 0.000000[0m
[0m[ INFO] [1748066784.449416347]: [1748066784.449] v: 0.255512, w: -0.080079[0m
[0m[ INFO] [1748066784.490350425]: Received reference trajectory - x: 4510.014648, y: 0.000000, phi: 0.000000, v: 312.325500, w: 0.000000[0m
[0m[ INFO] [1748066784.548313875]: [1748066784.548] Robot state - x: 4.504387, y: -0.013542, phi: 0.103615[0m
[0m[ INFO] [1748066784.548411637]: [1748066784.548] Reference trajectory - x: 4.510015, y: 0.000000, phi: 0.000000, v: 0.312326, w: 0.000000[0m
[0m[ INFO] [1748066784.548538423]: [1748066784.548] v: 0.251205, w: -0.110957[0m
[0m[ INFO] [1748066784.590364642]: Received reference trajectory - x: 4540.823242, y: 0.000000, phi: 0.000000, v: 304.071320, w: 0.000000[0m
[0m[ INFO] [1748066784.652178644]: [1748066784.652] Robot state - x: 4.535116, y: -0.010426, phi: 0.101609[0m
[0m[ INFO] [1748066784.652290518]: [1748066784.652] Reference trajectory - x: 4.540823, y: 0.000000, phi: 0.000000, v: 0.304071, w: 0.000000[0m
[0m[ INFO] [1748066784.652341751]: [1748066784.652] v: 0.245080, w: -0.129869[0m
[0m[ INFO] [1748066784.690125158]: Received reference trajectory - x: 4570.807617, y: 0.000000, phi: 0.000000, v: 295.636688, w: 0.000000[0m
[0m[ INFO] [1748066784.749163792]: [1748066784.749] Robot state - x: 4.565056, y: -0.007341, phi: 0.099794[0m
[0m[ INFO] [1748066784.749328914]: [1748066784.749] Reference trajectory - x: 4.570807, y: 0.000000, phi: 0.000000, v: 0.295637, w: 0.000000[0m
[0m[ INFO] [1748066784.749402611]: [1748066784.749] v: 0.238638, w: -0.150226[0m
[0m[ INFO] [1748066784.790587509]: Received reference trajectory - x: 4600.011719, y: 0.000000, phi: 0.000000, v: 287.002441, w: 0.000000[0m
[0m[ INFO] [1748066784.849168280]: [1748066784.849] Robot state - x: 4.595018, y: -0.004369, phi: 0.094317[0m
[0m[ INFO] [1748066784.849311674]: [1748066784.849] Reference trajectory - x: 4.600012, y: 0.000000, phi: 0.000000, v: 0.287002, w: 0.000000[0m
[0m[ INFO] [1748066784.849398555]: [1748066784.849] v: 0.228523, w: -0.155860[0m
[0m[ INFO] [1748066784.890342361]: Received reference trajectory - x: 4628.224609, y: 0.000000, phi: 0.000000, v: 278.226746, w: 0.000000[0m
[0m[ INFO] [1748066784.990038269]: Received reference trajectory - x: 4655.582520, y: 0.000000, phi: 0.000000, v: 269.263916, w: 0.000000[0m
[0m[ INFO] [1748066785.044631877]: [1748066785.044] Robot state - x: 4.624202, y: -0.001524, phi: 0.089031[0m
[0m[ INFO] [1748066785.044762695]: [1748066785.045] Reference trajectory - x: 4.655582, y: 0.000000, phi: 0.000000, v: 0.269264, w: 0.000000[0m
[0m[ INFO] [1748066785.044810823]: [1748066785.045] v: 0.327303, w: -0.161913[0m
[0m[ INFO] [1748066785.049172104]: [1748066785.049] Robot state - x: 4.652631, y: 0.001039, phi: 0.080274[0m
[0m[ INFO] [1748066785.049290026]: [1748066785.049] Reference trajectory - x: 4.655582, y: 0.000000, phi: 0.000000, v: 0.269264, w: 0.000000[0m
[0m[ INFO] [1748066785.049332874]: [1748066785.049] v: 0.213382, w: -0.152261[0m
[0m[ INFO] [1748066785.090119206]: Received reference trajectory - x: 4682.052734, y: 0.000000, phi: 0.000000, v: 260.117676, w: 0.000000[0m
[0m[ INFO] [1748066785.151577843]: [1748066785.151] Robot state - x: 4.680289, y: 0.003389, phi: 0.071709[0m
[0m[ INFO] [1748066785.151979897]: [1748066785.152] Reference trajectory - x: 4.682053, y: 0.000000, phi: 0.000000, v: 0.260118, w: 0.000000[0m
[0m[ INFO] [1748066785.152166460]: [1748066785.152] v: 0.199995, w: -0.142036[0m
[0m[ INFO] [1748066785.190301712]: Received reference trajectory - x: 4707.604492, y: 0.000000, phi: 0.000000, v: 250.791672, w: 0.000000[0m
[0m[ INFO] [1748066785.249476603]: [1748066785.249] Robot state - x: 4.707181, y: 0.005439, phi: 0.063334[0m
[0m[ INFO] [1748066785.249616445]: [1748066785.250] Reference trajectory - x: 4.707604, y: 0.000000, phi: 0.000000, v: 0.250792, w: 0.000000[0m
[0m[ INFO] [1748066785.249947938]: [1748066785.250] v: 0.185387, w: -0.130317[0m
[0m[ INFO] [1748066785.289978386]: Received reference trajectory - x: 4732.208008, y: 0.000000, phi: 0.000000, v: 241.290512, w: 0.000000[0m
[0m[ INFO] [1748066785.353403101]: [1748066785.353] Robot state - x: 4.733710, y: 0.007186, phi: 0.051394[0m
[0m[ INFO] [1748066785.353552991]: [1748066785.354] Reference trajectory - x: 4.732208, y: 0.000000, phi: 0.000000, v: 0.241291, w: 0.000000[0m
[0m[ INFO] [1748066785.353597408]: [1748066785.354] v: 0.167631, w: -0.102029[0m
[0m[ INFO] [1748066785.391924183]: Received reference trajectory - x: 4755.894531, y: 0.000000, phi: 0.000000, v: 231.593765, w: 0.000000[0m
[0m[ INFO] [1748066785.450749949]: [1748066785.451] Robot state - x: 4.759264, y: 0.008680, phi: 0.041522[0m
[0m[ INFO] [1748066785.450891935]: [1748066785.451] Reference trajectory - x: 4.755895, y: 0.000000, phi: 0.000000, v: 0.231594, w: 0.000000[0m
[0m[ INFO] [1748066785.450969504]: [1748066785.451] v: 0.149327, w: -0.079997[0m
[0m[ INFO] [1748066785.489980257]: Received reference trajectory - x: 4778.525391, y: 0.000000, phi: 0.000000, v: 221.752548, w: 0.000000[0m
[0m[ INFO] [1748066785.549130636]: [1748066785.549] Robot state - x: 4.782856, y: 0.009825, phi: 0.035791[0m
[0m[ INFO] [1748066785.549402704]: [1748066785.549] Reference trajectory - x: 4.778525, y: 0.000000, phi: 0.000000, v: 0.221753, w: 0.000000[0m
[0m[ INFO] [1748066785.549484978]: [1748066785.549] v: 0.134236, w: -0.071412[0m
[0m[ INFO] [1748066785.590253645]: Received reference trajectory - x: 4800.219238, y: 0.000000, phi: 0.000000, v: 211.708084, w: 0.000000[0m
[0m[ INFO] [1748066785.650159683]: [1748066785.650] Robot state - x: 4.805682, y: 0.010669, phi: 0.026588[0m
[0m[ INFO] [1748066785.650280453]: [1748066785.650] Reference trajectory - x: 4.800219, y: 0.000000, phi: 0.000000, v: 0.211708, w: 0.000000[0m
[0m[ INFO] [1748066785.650323077]: [1748066785.650] v: 0.117890, w: -0.046362[0m
[0m[ INFO] [1748066785.690121202]: Received reference trajectory - x: 4820.859863, y: 0.000000, phi: 0.000000, v: 201.505493, w: 0.000000[0m
[0m[ INFO] [1748066785.750023656]: [1748066785.750] Robot state - x: 4.827129, y: 0.011361, phi: 0.019551[0m
[0m[ INFO] [1748066785.750137194]: [1748066785.750] Reference trajectory - x: 4.820860, y: 0.000000, phi: 0.000000, v: 0.201505, w: 0.000000[0m
[0m[ INFO] [1748066785.750233388]: [1748066785.750] v: 0.102447, w: -0.028680[0m
[0m[ INFO] [1748066785.792056214]: Received reference trajectory - x: 4840.541016, y: 0.000000, phi: 0.000000, v: 191.087845, w: 0.000000[0m
[0m[ INFO] [1748066785.848842430]: [1748066785.849] Robot state - x: 4.847593, y: 0.011854, phi: 0.014584[0m
[0m[ INFO] [1748066785.848965280]: [1748066785.849] Reference trajectory - x: 4.840541, y: 0.000000, phi: 0.000000, v: 0.191088, w: 0.000000[0m
[0m[ INFO] [1748066785.849036321]: [1748066785.849] v: 0.086637, w: -0.017454[0m
[0m[ INFO] [1748066785.890080416]: Received reference trajectory - x: 4859.083496, y: 0.000000, phi: 0.000000, v: 180.541931, w: 0.000000[0m
[0m[ INFO] [1748066785.950363932]: [1748066785.950] Robot state - x: 4.866486, y: 0.012180, phi: 0.009999[0m
[0m[ INFO] [1748066785.950495102]: [1748066785.950] Reference trajectory - x: 4.859084, y: 0.000000, phi: 0.000000, v: 0.180542, w: 0.000000[0m
[0m[ INFO] [1748066785.950602464]: [1748066785.951] v: 0.072338, w: -0.006231[0m
[0m[ INFO] [1748066785.991011798]: Received reference trajectory - x: 4876.627441, y: 0.000000, phi: 0.000000, v: 169.779205, w: 0.000000[0m
[0m[ INFO] [1748066786.049443766]: [1748066786.049] Robot state - x: 4.884401, y: 0.012386, phi: 0.003821[0m
[0m[ INFO] [1748066786.049570168]: [1748066786.050] Reference trajectory - x: 4.876627, y: 0.000000, phi: 0.000000, v: 0.169779, w: 0.000000[0m
[0m[ INFO] [1748066786.049643289]: [1748066786.050] v: 0.057620, w: 0.012421[0m
[0m[ INFO] [1748066786.089998862]: Received reference trajectory - x: 4893.036133, y: 0.000000, phi: 0.000000, v: 158.871521, w: 0.000000[0m
[0m[ INFO] [1748066786.149408156]: [1748066786.149] Robot state - x: 4.901125, y: 0.012535, phi: 0.001592[0m
[0m[ INFO] [1748066786.149518430]: [1748066786.149] Reference trajectory - x: 4.893036, y: 0.000000, phi: 0.000000, v: 0.158872, w: 0.000000[0m
[0m[ INFO] [1748066786.149560158]: [1748066786.150] v: 0.042883, w: 0.015883[0m
[0m[ INFO] [1748066786.191295528]: Received reference trajectory - x: 4908.385742, y: 0.000000, phi: 0.000000, v: 147.757477, w: 0.000000[0m
[0m[ INFO] [1748066786.248894683]: [1748066786.249] Robot state - x: 4.916871, y: 0.012565, phi: -0.002229[0m
[0m[ INFO] [1748066786.249279009]: [1748066786.249] Reference trajectory - x: 4.908386, y: 0.000000, phi: 0.000000, v: 0.147757, w: 0.000000[0m
[0m[ INFO] [1748066786.249357026]: [1748066786.249] v: 0.027485, w: 0.026814[0m
[0m[ INFO] [1748066786.290285599]: Received reference trajectory - x: 4922.587891, y: 0.000000, phi: 0.000000, v: 136.486496, w: 0.000000[0m
[0m[ INFO] [1748066786.353464934]: [1748066786.353] Robot state - x: 4.931426, y: 0.012589, phi: -0.002101[0m
[0m[ INFO] [1748066786.353633256]: [1748066786.354] Reference trajectory - x: 4.922588, y: 0.000000, phi: 0.000000, v: 0.136487, w: 0.000000[0m
[0m[ INFO] [1748066786.353725642]: [1748066786.354] v: 0.011998, w: 0.022095[0m
[0m[ INFO] [1748066786.391727484]: Received reference trajectory - x: 4935.664551, y: 0.000000, phi: 0.000000, v: 125.029266, w: 0.000000[0m
[0m[ INFO] [1748066786.449045387]: [1748066786.449] Robot state - x: 4.944810, y: 0.012538, phi: -0.005349[0m
[0m[ INFO] [1748066786.449153421]: [1748066786.449] Reference trajectory - x: 4.935665, y: 0.000000, phi: 0.000000, v: 0.125029, w: 0.000000[0m
[0m[ INFO] [1748066786.449216654]: [1748066786.449] v: -0.003592, w: 0.031547[0m
[0m[ INFO] [1748066786.490163307]: Received reference trajectory - x: 4947.585938, y: 0.000000, phi: 0.000000, v: 113.395264, w: 0.000000[0m
[0m[ INFO] [1748066786.548215590]: [1748066786.548] Robot state - x: 4.956619, y: 0.012496, phi: -0.008215[0m
[0m[ INFO] [1748066786.548305927]: [1748066786.548] Reference trajectory - x: 4.947586, y: 0.000000, phi: 0.000000, v: 0.113395, w: 0.000000[0m
[0m[ INFO] [1748066786.548394024]: [1748066786.548] v: -0.017628, w: 0.039397[0m
[0m[ INFO] [1748066786.590212691]: Received reference trajectory - x: 4958.333496, y: 0.000000, phi: 0.000000, v: 101.585480, w: 0.000000[0m
[0m[ INFO] [1748066786.652769136]: [1748066786.653] Robot state - x: 4.967440, y: 0.012434, phi: -0.009011[0m
[0m[ INFO] [1748066786.652898386]: [1748066786.653] Reference trajectory - x: 4.958333, y: 0.000000, phi: 0.000000, v: 0.101585, w: 0.000000[0m
[0m[ INFO] [1748066786.653004403]: [1748066786.653] v: -0.032610, w: 0.039235[0m
[0m[ INFO] [1748066786.690036247]: Received reference trajectory - x: 4967.892578, y: 0.000000, phi: 0.000000, v: 89.596298, w: 0.000000[0m
[0m[ INFO] [1748066786.758006564]: [1748066786.758] Robot state - x: 4.977078, y: 0.012352, phi: -0.009521[0m
[0m[ INFO] [1748066786.758385002]: [1748066786.758] Reference trajectory - x: 4.967893, y: 0.000000, phi: 0.000000, v: 0.089596, w: 0.000000[0m
[0m[ INFO] [1748066786.758472779]: [1748066786.758] v: -0.047821, w: 0.038149[0m
[0m[ INFO] [1748066786.789998845]: Received reference trajectory - x: 4976.244629, y: 0.000000, phi: 0.000000, v: 77.428963, w: 0.000000[0m
[0m[ INFO] [1748066786.848749602]: [1748066786.849] Robot state - x: 4.985345, y: 0.012269, phi: -0.011527[0m
[0m[ INFO] [1748066786.848893156]: [1748066786.849] Reference trajectory - x: 4.976244, y: 0.000000, phi: 0.000000, v: 0.077429, w: 0.000000[0m
[0m[ INFO] [1748066786.848962661]: [1748066786.849] v: -0.062521, w: 0.043050[0m
[0m[ INFO] [1748066786.889953763]: Received reference trajectory - x: 4983.373047, y: 0.000000, phi: 0.000000, v: 65.079674, w: 0.000000[0m
[0m[ INFO] [1748066786.952312157]: [1748066786.952] Robot state - x: 4.992430, y: 0.012196, phi: -0.013246[0m
[0m[ INFO] [1748066786.952496480]: [1748066786.952] Reference trajectory - x: 4.983373, y: 0.000000, phi: 0.000000, v: 0.065080, w: 0.000000[0m
[0m[ INFO] [1748066786.952758916]: [1748066786.953] v: -0.077555, w: 0.046745[0m
[0m[ INFO] [1748066786.990908504]: Received reference trajectory - x: 4989.258789, y: 0.000000, phi: 0.000000, v: 52.549591, w: 0.000000[0m
[0m[ INFO] [1748066787.048905490]: [1748066787.049] Robot state - x: 4.998718, y: 0.012130, phi: -0.011113[0m
[0m[ INFO] [1748066787.049029395]: [1748066787.049] Reference trajectory - x: 4.989259, y: 0.000000, phi: 0.000000, v: 0.052550, w: 0.000000[0m
[0m[ INFO] [1748066787.049099029]: [1748066787.049] v: -0.094700, w: 0.035066[0m
[0m[ INFO] [1748066787.090257845]: Received reference trajectory - x: 4993.879883, y: 0.000000, phi: 0.000000, v: 39.847893, w: 0.000000[0m
[0m[ INFO] [1748066787.155710108]: [1748066787.155] Robot state - x: 5.003834, y: 0.012059, phi: -0.012355[0m
[0m[ INFO] [1748066787.156102146]: [1748066787.156] Reference trajectory - x: 4.993880, y: 0.000000, phi: 0.000000, v: 0.039848, w: 0.000000[0m
[0m[ INFO] [1748066787.156283781]: [1748066787.156] v: -0.112549, w: 0.036881[0m
[0m[ INFO] [1748066787.191295434]: Received reference trajectory - x: 4997.223633, y: 0.000000, phi: 0.000000, v: 26.961559, w: 0.000000[0m
[0m[ INFO] [1748066787.249625801]: [1748066787.250] Robot state - x: 5.007771, y: 0.012013, phi: -0.013310[0m
[0m[ INFO] [1748066787.249783083]: [1748066787.250] Reference trajectory - x: 4.997224, y: 0.000000, phi: 0.000000, v: 0.026962, w: 0.000000[0m
[0m[ INFO] [1748066787.249887725]: [1748066787.250] v: -0.131163, w: 0.037325[0m
[0m[ INFO] [1748066787.290209793]: Received reference trajectory - x: 4999.267578, y: 0.000000, phi: 0.000000, v: 13.908143, w: 0.000000[0m
[0m[ INFO] [1748066787.357291808]: [1748066787.357] Robot state - x: 5.009537, y: 0.011993, phi: -0.011909[0m
[0m[ INFO] [1748066787.357849224]: [1748066787.358] Reference trajectory - x: 4.999268, y: 0.000000, phi: 0.000000, v: 0.013908, w: 0.000000[0m
[0m[ INFO] [1748066787.358184845]: [1748066787.358] v: -0.146340, w: 0.028164[0m
[0m[ INFO] [1748066787.391295863]: Received reference trajectory - x: 4999.998535, y: 0.000000, phi: 0.000000, v: 0.673002, w: 0.000000[0m
[0m[ INFO] [1748066787.449017132]: [1748066787.449] Robot state - x: 5.009739, y: 0.011990, phi: -0.013788[0m
[0m[ INFO] [1748066787.449124974]: [1748066787.449] Reference trajectory - x: 4.999999, y: 0.000000, phi: 0.000000, v: 0.000673, w: 0.000000[0m
[0m[ INFO] [1748066787.449203503]: [1748066787.449] v: -0.160515, w: 0.031873[0m
[0m[ INFO] [1748066787.557890741]: [1748066787.557] Robot state - x: 5.009739, y: 0.011990, phi: -0.013788[0m
[0m[ INFO] [1748066787.558237211]: [1748066787.558] Reference trajectory - x: 4.999999, y: 0.000000, phi: 0.000000, v: 0.000673, w: 0.000000[0m
[0m[ INFO] [1748066787.558417085]: [1748066787.558] v: -0.163593, w: 0.028084[0m
[0m[ INFO] [1748066787.648693748]: [1748066787.649] Robot state - x: 5.009345, y: 0.011995, phi: -0.013692[0m
[0m[ INFO] [1748066787.648825526]: [1748066787.649] Reference trajectory - x: 4.999999, y: 0.000000, phi: 0.000000, v: 0.000673, w: 0.000000[0m
[0m[ INFO] [1748066787.648898231]: [1748066787.649] v: -0.164955, w: 0.023861[0m
[0m[ INFO] [1748066787.758395817]: [1748066787.758] Robot state - x: 5.009345, y: 0.011995, phi: -0.013692[0m
[0m[ INFO] [1748066787.758811631]: [1748066787.759] Reference trajectory - x: 4.999999, y: 0.000000, phi: 0.000000, v: 0.000673, w: 0.000000[0m
[0m[ INFO] [1748066787.759061427]: [1748066787.759] v: -0.167909, w: 0.020071[0m
[0m[ INFO] [1748066787.848597215]: [1748066787.848] Robot state - x: 5.009154, y: 0.011998, phi: -0.015475[0m
[0m[ INFO] [1748066787.848707392]: [1748066787.849] Reference trajectory - x: 4.999999, y: 0.000000, phi: 0.000000, v: 0.000673, w: 0.000000[0m
[0m[ INFO] [1748066787.848782529]: [1748066787.849] v: -0.170029, w: 0.023342[0m
[0m[ INFO] [1748066787.950597826]: [1748066787.950] Robot state - x: 5.008750, y: 0.012003, phi: -0.011718[0m
[0m[ INFO] [1748066787.951356174]: [1748066787.951] Reference trajectory - x: 4.999999, y: 0.000000, phi: 0.000000, v: 0.000673, w: 0.000000[0m
[0m[ INFO] [1748066787.954506716]: [1748066787.952] v: -0.171163, w: 0.004563[0m
[0m[ INFO] [1748066788.048833358]: [1748066788.049] Robot state - x: 5.007751, y: 0.012015, phi: -0.005986[0m
[0m[ INFO] [1748066788.048962032]: [1748066788.049] Reference trajectory - x: 4.999999, y: 0.000000, phi: 0.000000, v: 0.000673, w: 0.000000[0m
[0m[ INFO] [1748066788.049012785]: [1748066788.049] v: -0.169575, w: -0.022144[0m
[0m[ INFO] [1748066788.149280218]: [1748066788.149] Robot state - x: 5.005218, y: 0.012056, phi: -0.014520[0m
[0m[ INFO] [1748066788.149462429]: [1748066788.149] Reference trajectory - x: 4.999999, y: 0.000000, phi: 0.000000, v: 0.000673, w: 0.000000[0m
[0m[ INFO] [1748066788.149580927]: [1748066788.150] v: -0.160991, w: 0.007584[0m
[0m[ INFO] [1748066788.252259500]: [1748066788.252] Robot state - x: 5.002260, y: 0.012070, phi: -0.011973[0m
[0m[ INFO] [1748066788.252401774]: [1748066788.252] Reference trajectory - x: 4.999999, y: 0.000000, phi: 0.000000, v: 0.000673, w: 0.000000[0m
[0m[ INFO] [1748066788.252513104]: [1748066788.252] v: -0.149758, w: -0.006494[0m
[0m[ INFO] [1748066788.356115050]: [1748066788.356] Robot state - x: 4.998919, y: 0.012120, phi: -0.012991[0m
[0m[ INFO] [1748066788.356239372]: [1748066788.356] Reference trajectory - x: 4.999999, y: 0.000000, phi: 0.000000, v: 0.000673, w: 0.000000[0m
[0m[ INFO] [1748066788.356303597]: [1748066788.356] v: -0.135921, w: -0.006759[0m
[0m[ INFO] [1748066788.448671458]: [1748066788.449] Robot state - x: 4.996558, y: 0.012148, phi: -0.012418[0m
[0m[ INFO] [1748066788.448774756]: [1748066788.449] Reference trajectory - x: 4.999999, y: 0.000000, phi: 0.000000, v: 0.000673, w: 0.000000[0m
[0m[ INFO] [1748066788.448879525]: [1748066788.449] v: -0.125294, w: -0.013144[0m
[0m[ INFO] [1748066788.548052830]: [1748066788.548] Robot state - x: 4.994590, y: 0.012173, phi: -0.011941[0m
[0m[ INFO] [1748066788.548152960]: [1748066788.548] Reference trajectory - x: 4.999999, y: 0.000000, phi: 0.000000, v: 0.000673, w: 0.000000[0m
[0m[ INFO] [1748066788.548193473]: [1748066788.548] v: -0.115632, w: -0.019132[0m
[0m[ INFO] [1748066788.648938353]: [1748066788.649] Robot state - x: 4.992026, y: 0.012201, phi: -0.009489[0m
[0m[ INFO] [1748066788.649059763]: [1748066788.649] Reference trajectory - x: 4.999999, y: 0.000000, phi: 0.000000, v: 0.000673, w: 0.000000[0m
[0m[ INFO] [1748066788.649101587]: [1748066788.649] v: -0.102755, w: -0.033015[0m
[0m[ INFO] [1748066788.749503359]: [1748066788.749] Robot state - x: 4.990058, y: 0.012225, phi: -0.009011[0m
[0m[ INFO] [1748066788.749637889]: [1748066788.750] Reference trajectory - x: 4.999999, y: 0.000000, phi: 0.000000, v: 0.000673, w: 0.000000[0m
[0m[ INFO] [1748066788.749746275]: [1748066788.750] v: -0.091663, w: -0.039000[0m
[0m[ INFO] [1748066788.849119327]: [1748066788.849] Robot state - x: 4.988100, y: 0.012246, phi: -0.012195[0m
[0m[ INFO] [1748066788.849218848]: [1748066788.849] Reference trajectory - x: 4.999999, y: 0.000000, phi: 0.000000, v: 0.000673, w: 0.000000[0m
[0m[ INFO] [1748066788.849293089]: [1748066788.849] v: -0.079993, w: -0.030419[0m
[0m[ INFO] [1748066788.955661029]: [1748066788.955] Robot state - x: 4.985940, y: 0.012267, phi: -0.013501[0m
[0m[ INFO] [1748066788.956028555]: [1748066788.956] Reference trajectory - x: 4.999999, y: 0.000000, phi: 0.000000, v: 0.000673, w: 0.000000[0m
[0m[ INFO] [1748066788.956092651]: [1748066788.956] v: -0.066826, w: -0.029307[0m
[0m[ INFO] [1748066789.049274348]: [1748066789.049] Robot state - x: 4.983972, y: 0.012291, phi: -0.013023[0m
[0m[ INFO] [1748066789.049374286]: [1748066789.049] Reference trajectory - x: 4.999999, y: 0.000000, phi: 0.000000, v: 0.000673, w: 0.000000[0m
[0m[ INFO] [1748066789.049451055]: [1748066789.049] v: -0.053809, w: -0.035318[0m
[0m[ INFO] [1748066789.157197638]: [1748066789.157] Robot state - x: 4.982398, y: 0.012312, phi: -0.012641[0m
[0m[ INFO] [1748066789.157620780]: [1748066789.158] Reference trajectory - x: 4.999999, y: 0.000000, phi: 0.000000, v: 0.000673, w: 0.000000[0m
[0m[ INFO] [1748066789.158434680]: [1748066789.158] v: -0.041889, w: -0.040931[0m
[0m[ INFO] [1748066789.248765006]: [1748066789.249] Robot state - x: 4.980823, y: 0.012332, phi: -0.012259[0m
[0m[ INFO] [1748066789.248861968]: [1748066789.249] Reference trajectory - x: 4.999999, y: 0.000000, phi: 0.000000, v: 0.000673, w: 0.000000[0m
[0m[ INFO] [1748066789.248929361]: [1748066789.249] v: -0.029466, w: -0.046542[0m
[0m[ INFO] [1748066789.358086237]: [1748066789.357] Robot state - x: 4.979642, y: 0.012347, phi: -0.011973[0m
[0m[ INFO] [1748066789.358585220]: [1748066789.359] Reference trajectory - x: 4.999999, y: 0.000000, phi: 0.000000, v: 0.000673, w: 0.000000[0m
[0m[ INFO] [1748066789.358854184]: [1748066789.359] v: -0.018264, w: -0.051726[0m
[0m[ INFO] [1748066789.451024346]: [1748066789.451] Robot state - x: 4.979249, y: 0.012351, phi: -0.011877[0m
[0m[ INFO] [1748066789.451129851]: [1748066789.451] Reference trajectory - x: 4.999999, y: 0.000000, phi: 0.000000, v: 0.000673, w: 0.000000[0m
[0m[ INFO] [1748066789.451204156]: [1748066789.451] v: -0.010118, w: -0.056056[0m
[0m[ INFO] [1748066789.558723728]: [1748066789.558] Robot state - x: 4.979249, y: 0.012351, phi: -0.011877[0m
[0m[ INFO] [1748066789.559226136]: [1748066789.559] Reference trajectory - x: 4.999999, y: 0.000000, phi: 0.000000, v: 0.000673, w: 0.000000[0m
[0m[ INFO] [1748066789.559433179]: [1748066789.559] v: -0.003561, w: -0.059959[0m
[0m[ INFO] [1748066789.649731760]: [1748066789.650] Robot state - x: 4.979249, y: 0.012351, phi: -0.011877[0m
[0m[ INFO] [1748066789.649857490]: [1748066789.650] Reference trajectory - x: 4.999999, y: 0.000000, phi: 0.000000, v: 0.000673, w: 0.000000[0m
[0m[ INFO] [1748066789.649945780]: [1748066789.650] v: 0.002996, w: -0.063862[0m
[0m[ INFO] [1748066789.758474167]: [1748066789.758] Robot state - x: 4.979249, y: 0.012351, phi: -0.011877[0m
[0m[ INFO] [1748066789.758889181]: [1748066789.759] Reference trajectory - x: 4.999999, y: 0.000000, phi: 0.000000, v: 0.000673, w: 0.000000[0m
[0m[ INFO] [1748066789.759016895]: [1748066789.759] v: 0.009553, w: -0.067765[0m
[0m[ INFO] [1748066789.848811309]: [1748066789.849] Robot state - x: 4.979249, y: 0.012351, phi: -0.011877[0m
[0m[ INFO] [1748066789.848935535]: [1748066789.849] Reference trajectory - x: 4.999999, y: 0.000000, phi: 0.000000, v: 0.000673, w: 0.000000[0m
[0m[ INFO] [1748066789.848981071]: [1748066789.849] v: 0.016110, w: -0.071668[0m
[0m[ INFO] [1748066790.073758407]: [1748066790.074] Robot state - x: 4.979249, y: 0.012351, phi: -0.011877[0m
[0m[ INFO] [1748066790.073912297]: [1748066790.074] Reference trajectory - x: 4.999999, y: 0.000000, phi: 0.000000, v: 0.000673, w: 0.000000[0m
[0m[ INFO] [1748066790.073977994]: [1748066790.074] v: 0.022667, w: -0.075571[0m
[0m[ INFO] [1748066790.075326014]: [1748066790.075] Robot state - x: 4.979249, y: 0.012351, phi: -0.011877[0m
[0m[ INFO] [1748066790.075395007]: [1748066790.075] Reference trajectory - x: 4.999999, y: 0.000000, phi: 0.000000, v: 0.000673, w: 0.000000[0m
[0m[ INFO] [1748066790.075450784]: [1748066790.075] v: 0.029224, w: -0.079474[0m
[0m[ INFO] [1748066790.156846513]: [1748066790.156] Robot state - x: 4.979047, y: 0.012354, phi: -0.009998[0m
[0m[ INFO] [1748066790.157215095]: [1748066790.157] Reference trajectory - x: 4.999999, y: 0.000000, phi: 0.000000, v: 0.000673, w: 0.000000[0m
[0m[ INFO] [1748066790.157382265]: [1748066790.157] v: 0.036661, w: -0.090869[0m
[0m[ INFO] [1748066790.249226597]: [1748066790.249] Robot state - x: 4.979047, y: 0.012354, phi: -0.009998[0m
[0m[ INFO] [1748066790.249343399]: [1748066790.249] Reference trajectory - x: 4.999999, y: 0.000000, phi: 0.000000, v: 0.000673, w: 0.000000[0m
[0m[ INFO] [1748066790.249389128]: [1748066790.249] v: 0.043282, w: -0.094772[0m
[0m[ INFO] [1748066790.354957406]: [1748066790.354] Robot state - x: 4.979047, y: 0.012354, phi: -0.009998[0m
[0m[ INFO] [1748066790.355452773]: [1748066790.355] Reference trajectory[0m[ INFO] [1748066769.014818962]: [I2C FOR MOTORS] Now launching this node in namespace: /asc[0m
[0m[ INFO] [1748066769.055171179]: [I2C FOR MOTORS] publish motor duty cycle requests from command line with: rostopic pub --once /asc/set_motor_duty_cycle asclinic_pkg/LeftRightFloat32 "{left: 10.1, right: 10.1}"[0m
[0m[ INFO] [1748066769.055357358]: [I2C FOR MOTORS] Successfully opened named /dev/i2c-1, with file descriptor = 10[0m
[0m[ INFO] [1748066769.055499152]: [I2C FOR MOTORS] Actual acceleration limit = 0.0003125%/ms (after conversation to "internal units")[0m
[0m[ INFO] [1748066769.055588273]: [I2C FOR MOTORS] Actual deceleration limit = 0.0015625%/ms (after conversation to "internal units")[0m
[0m[ INFO] [1748066769.055646930]: [I2C FOR MOTORS] Now initialising SMC with I2C address 13[0m
[0m[ INFO] [1748066769.071124953]: [I2C FOR MOTORS] Now initialising SMC with I2C address 14[0m
[0m[ INFO] [1748066769.086701825]: [I2C FOR MOTORS] Node initialisation complete[0m
[0m[ INFO] [1748066772.389481330]: Trajectory Generator Node Started[0m
[0m[ INFO] [1748066772.394400923]: Reading trajectory coeffs[0m
 - x: 4.999999, y: 0.000000, phi: 0.000000, v: 0.000673, w: 0.000000[0m
[0m[ INFO] [1748066790.356634167]: [1748066790.356] v: 0.049903, w: -0.098676[0m
[0m[ INFO] [1748066790.448603525]: [1748066790.449] Robot state - x: 4.979239, y: 0.012352, phi: -0.008215[0m
[0m[ INFO] [1748066790.448710246]: [1748066790.449] Reference trajectory - x: 4.999999, y: 0.000000, phi: 0.000000, v: 0.000673, w: 0.000000[0m
[0m[ INFO] [1748066790.448779911]: [1748066790.449] v: 0.055688, w: -0.109652[0m
[0m[ INFO] [1748066790.548034529]: [1748066790.548] Robot state - x: 4.979440, y: 0.012350, phi: -0.010094[0m
[0m[ INFO] [1748066790.548161794]: [1748066790.548] Reference trajectory - x: 4.999999, y: 0.000000, phi: 0.000000, v: 0.000673, w: 0.000000[0m
[0m[ INFO] [1748066790.548231299]: [1748066790.548] v: 0.061370, w: -0.106064[0m
[0m[ INFO] [1748066790.649535291]: [1748066790.649] Robot state - x: 4.979440, y: 0.012350, phi: -0.010094[0m
[0m[ INFO] [1748066790.649662749]: [1748066790.650] Reference trajectory - x: 4.999999, y: 0.000000, phi: 0.000000, v: 0.000673, w: 0.000000[0m
[0m[ INFO] [1748066790.649731454]: [1748066790.650] v: 0.067866, w: -0.109966[0m
[0m[ INFO] [1748066790.759347056]: [1748066790.759] Robot state - x: 4.979642, y: 0.012347, phi: -0.011973[0m
[0m[ INFO] [1748066790.759585556]: [1748066790.760] Reference trajectory - x: 4.999999, y: 0.000000, phi: 0.000000, v: 0.000673, w: 0.000000[0m
[0m[ INFO] [1748066790.759650549]: [1748066790.760] v: 0.073482, w: -0.106377[0m
[0m[ INFO] [1748066790.848931675]: [1748066790.849] Robot state - x: 4.980854, y: 0.012328, phi: -0.023245[0m
[0m[ INFO] [1748066790.849054237]: [1748066790.849] Reference trajectory - x: 4.999999, y: 0.000000, phi: 0.000000, v: 0.000673, w: 0.000000[0m
[0m[ INFO] [1748066790.849114494]: [1748066790.849] v: 0.074637, w: -0.065270[0m
[0m[ INFO] [1748066790.957273978]: [1748066790.957] Robot state - x: 4.981651, y: 0.012317, phi: -0.027098[0m
[0m[ INFO] [1748066790.958121127]: [1748066790.958] Reference trajectory - x: 4.999999, y: 0.000000, phi: 0.000000, v: 0.000673, w: 0.000000[0m
[0m[ INFO] [1748066790.958249353]: [1748066790.958] v: 0.077214, w: -0.053735[0m
[0m[ INFO] [1748066791.049241160]: [1748066791.049] Robot state - x: 4.983418, y: 0.012277, phi: -0.025697[0m
[0m[ INFO] [1748066791.049395626]: [1748066791.049] Reference trajectory - x: 4.999999, y: 0.000000, phi: 0.000000, v: 0.000673, w: 0.000000[0m
[0m[ INFO] [1748066791.049467083]: [1748066791.049] v: 0.075318, w: -0.062800[0m
[0m[ INFO] [1748066791.158725495]: [1748066791.158] Robot state - x: 4.984779, y: 0.012244, phi: -0.020538[0m
[0m[ INFO] [1748066791.159126813]: [1748066791.159] Reference trajectory - x: 4.999999, y: 0.000000, phi: 0.000000, v: 0.000673, w: 0.000000[0m
[0m[ INFO] [1748066791.159287808]: [1748066791.159] v: 0.074625, w: -0.086855[0m
[0m[ INFO] [1748066791.249454226]: [1748066791.249] Robot state - x: 4.984779, y: 0.012244, phi: -0.020538[0m
[0m[ INFO] [1748066791.249567348]: [1748066791.250] Reference trajectory - x: 4.999999, y: 0.000000, phi: 0.000000, v: 0.000673, w: 0.000000[0m
[0m[ INFO] [1748066791.249608181]: [1748066791.250] v: 0.079434, w: -0.090725[0m

[ARUCO DETECTOR] Camera properties upon initialisation:
CV_CAP_PROP_FRAME_HEIGHT : '480.0'
CV_CAP_PROP_FRAME_WIDTH :  '640.0'
CAP_PROP_FPS :             '30.0'
CAP_PROP_FOCUS :           '0.0'
CAP_PROP_AUTOFOCUS :       '0.0'
CAP_PROP_BRIGHTNESS :      '128.0'
CAP_PROP_CONTRAST :        '128.0'
CAP_PROP_SATURATION :      '128.0'
CAP_PROP_BUFFERSIZE :      '4.0'

[ARUCO DETECTOR] Camera properties upon initialisation:
CV_CAP_PROP_FRAME_HEIGHT : '1080.0'
CV_CAP_PROP_FRAME_WIDTH :  '1920.0'
CAP_PROP_FPS :             '5.0'
CAP_PROP_FOCUS :           '0.0'
CAP_PROP_AUTOFOCUS :       '0.0'
CAP_PROP_BRIGHTNESS :      '128.0'
CAP_PROP_CONTRAST :        '128.0'
CAP_PROP_SATURATION :      '128.0'
CAP_PROP_BUFFERSIZE :      '1.0'
[INFO] [1748066772.069590]: [ARUCO DETECTOR] As a double check of the camera properties set, a frame captured just now has dimensions = (1080, 1920, 3)
[INFO] [1748066772.077191]: [ARUCO DETECTOR] publish request from command line to save a single camera image using: rostopic pub --once /asc/request_save_image std_msgs/UInt32 1
[INFO] [1748066772.081840]: [ARUCO DETECTOR] Node initialisation complete
... logging to /home/asc/.ros/log/a739697c-385f-11f0-8c94-d8c0a650f677/roslaunch-asc12-jetson-20573.log
Checking log directory for disk usage. This may take a while.
Press Ctrl-C to interrupt
Done checking log file disk usage. Usage is <1GB.
]2;/home/asc/ASClinic/catkin_ws/src/asclinic_pkg/launch/trajectory.launch
[1mstarted roslaunch server http://asc12-jetson:44695/[0m

SUMMARY
========

PARAMETERS
 * /asc/aruco_detector/aruco_detector_desired_camera_fps: 5
 * /asc/aruco_detector/aruco_detector_desired_camera_frame_height: 1080
 * /asc/aruco_detector/aruco_detector_desired_camera_frame_width: 1920
 * /asc/aruco_detector/aruco_detector_marker_size: 0.25
 * /asc/aruco_detector/aruco_detector_save_image_path: /home/asc/saved_c...
 * /asc/aruco_detector/aruco_detector_should_publish_camera_images: False
 * /asc/aruco_detector/aruco_detector_should_save_all_aruco_images: False
 * /asc/aruco_detector/aruco_detector_should_show_camera_images: False
 * /asc/aruco_detector/aruco_detector_usb_camera_device_number: 0
 * /asc/aruco_detector/aruco_detector_verbosity: 1
 * /asc/encoder_read_multi_threaded/delta_t_for_publishing_encoder_counts: 0.1
 * /asc/encoder_read_multi_threaded/encoder_events_to_monitor: rising
 * /asc/encoder_read_multi_threaded/encoder_read_verbosity: 1
 * /asc/encoder_read_multi_threaded/gpio_chip_number_for_encoder_lines: 1
 * /asc/encoder_read_multi_threaded/line_number_for_left_side_encoder_channel_a: 105
 * /asc/encoder_read_multi_threaded/line_number_for_left_side_encoder_channel_b: 106
 * /asc/encoder_read_multi_threaded/line_number_for_right_side_encoder_channel_a: 84
 * /asc/encoder_read_multi_threaded/line_number_for_right_side_encoder_channel_b: 130
 * /asc/encoder_read_multi_threaded/should_monitor_left_side_encoder_channel_a: True
 * /asc/encoder_read_multi_threaded/should_monitor_left_side_encoder_channel_b: False
 * /asc/encoder_read_multi_threaded/should_monitor_right_side_encoder_channel_a: True
 * /asc/encoder_read_multi_threaded/should_monitor_right_side_encoder_channel_b: False
 * /asc/i2c_for_motors/motor_driver_current_limit_in_milliamps: 5000
 * /asc/i2c_for_motors/motor_driver_left_side_multiplier: 1
 * /asc/i2c_for_motors/motor_driver_max_accel_limit_in_percent_per_millisecond: 0.04
 * /asc/i2c_for_motors/motor_driver_max_decel_limit_in_percent_per_millisecond: 0.16
 * /asc/i2c_for_motors/motor_driver_max_duty_cycle_limit_in_percent: 100.0
 * /asc/i2c_for_motors/motor_driver_right_side_multiplier: 1
 * /asc/i2c_for_motors/motor_driver_verbosity: 1
 * /rosdistro: noetic
 * /rosversion: 1.17.0

NODES
  /
    aruco_positioning (asclinic_pkg/aruco_positioning.py)
    kf_fusion_node (asclinic_pkg/KF.py)
    odomdelta (asclinic_pkg/odomdelta)
    trajectory_generator (asclinic_pkg/trajectory_generator_state_space)
    trajectory_tracker (asclinic_pkg/trajectory_tracker_state_space)
    velocity_PI_control (asclinic_pkg/velocity_PI_control)
  /asc/
    aruco_detector (asclinic_pkg/aruco_detector.py)
    encoder_read_multi_threaded (asclinic_pkg/encoder_read_multi_threaded)
    i2c_for_motors (asclinic_pkg/i2c_for_motors)

[1mROS_MASTER_URI=http://localhost:11311[0m
]2;/home/asc/ASClinic/catkin_ws/src/asclinic_pkg/launch/trajectory.launch http://localhost:11311
[1mprocess[asc/i2c_for_motors-1]: started with pid [20617][0m
[1mprocess[asc/encoder_read_multi_threaded-2]: started with pid [20618][0m
[1mprocess[odomdelta-3]: started with pid [20624][0m
[1mprocess[asc/aruco_detector-4]: started with pid [20630][0m
[1mprocess[aruco_positioning-5]: started with pid [20635][0m
[1mprocess[trajectory_tracker-6]: started with pid [20641][0m
[1mprocess[trajectory_generator-7]: started with pid [20642][0m
[1mprocess[velocity_PI_control-8]: started with pid [20643][0m
[1mprocess[kf_fusion_node-9]: started with pid [20650][0m
[kf_fusion_node-9] killing on exit
[velocity_PI_control-8] killing on exit
[asc/aruco_detector-4] killing on exit
[odomdelta-3] killing on exit
[trajectory_generator-7] killing on exit
[trajectory_tracker-6] killing on exit
[asc/i2c_for_motors-1] killing on exit
[asc/encoder_read_multi_threaded-2] killing on exit
shutting down processing monitor...
... shutting down processing monitor complete
[1mdone[0m
