[0m[ INFO] [1748068527.493588617]: [1748068527.493] Robot state - x: 0.000000, y: 0.000000, phi: 0.000000[0m
[0m[ INFO] [1748068527.497015116]: [1748068527.497] Reference trajectory - x: 0.000000, y: 0.000000, phi: 0.000000, v: 0.000000, w: 0.000000[0m
[0m[ INFO] [1748068527.592667702]: [1748068527.593] Robot state - x: 0.000000, y: 0.000000, phi: 0.000000[0m
[0m[ INFO] [1748068527.592767704]: [1748068527.593] Reference trajectory - x: 0.000000, y: 0.000000, phi: 0.000000, v: 0.000000, w: 0.000000[0m
[0m[ INFO] [1748068527.691215578]: [1748068527.691] Robot state - x: 0.000000, y: 0.000000, phi: 0.000000[0m
[0m[ INFO] [1748068527.691388189]: [1748068527.691] Reference trajectory - x: 0.000000, y: 0.000000, phi: 0.000000, v: 0.000000, w: 0.000000[0m
[0m[ INFO] [1748068527.792839961]: [1748068527.793] Robot state - x: 0.000000, y: 0.000000, phi: 0.000000[0m
[0m[ INFO] [1748068527.792970876]: [1748068527.793] Reference trajectory - x: 0.000000, y: 0.000000, phi: 0.000000, v: 0.000000, w: 0.000000[0m
[0m[ INFO] [1748068527.891074390]: [1748068527.891] Robot state - x: 0.000000, y: 0.000000, phi: 0.000000[0m
[0m[ INFO] [1748068527.891205529]: [1748068527.891] Reference trajectory - x: 0.000000, y: 0.000000, phi: 0.000000, v: 0.000000, w: 0.000000[0m
[0m[ INFO] [1748068527.991232761]: [1748068527.991] Robot state - x: 0.000000, y: 0.000000, phi: 0.000000[0m
[0m[ INFO] [1748068527.991326491]: [1748068527.991] Reference trajectory - x: 0.000000, y: 0.000000, phi: 0.000000, v: 0.000000, w: 0.000000[0m
[0m[ INFO] [1748068528.091193609]: [1748068528.091] Robot state - x: 0.000000, y: 0.000000, phi: 0.000000[0m
[0m[ INFO] [1748068528.091297643]: [1748068528.091] Reference trajectory - x: 0.000000, y: 0.000000, phi: 0.000000, v: 0.000000, w: 0.000000[0m
[0m[ INFO] [1748068528.191227737]: [1748068528.191] Robot state - x: 0.000000, y: 0.000000, phi: 0.000000[0m
[0m[ INFO] [1748068528.191321915]: [1748068528.191] Reference trajectory - x: 0.000000, y: 0.000000, phi: 0.000000, v: 0.000000, w: 0.000000[0m
[0m[ INFO] [1748068528.291018181]: [1748068528.291] Robot state - x: 0.000000, y: 0.000000, phi: 0.000000[0m
[0m[ INFO] [1748068528.291119207]: [1748068528.291] Reference trajectory - x: 0.000000, y: 0.000000, phi: 0.000000, v: 0.000000, w: 0.000000[0m
[0m[ INFO] [1748068528.391103894]: [1748068528.391] Robot state - x: 0.000000, y: 0.000000, phi: 0.000000[0m
[0m[ INFO] [1748068528.391249145]: [1748068528.391] Reference trajectory - x: 0.000000, y: 0.000000, phi: 0.000000, v: 0.000000, w: 0.000000[0m
[0m[ INFO] [1748068528.490894113]: [1748068528.491] Robot state - x: 0.000000, y: 0.000000, phi: 0.000000[0m
[0m[ INFO] [1748068528.491011363]: [1748068528.491] Reference trajectory - x: 0.000000, y: 0.000000, phi: 0.000000, v: 0.000000, w: 0.000000[0m
[0m[ INFO] [1748068528.591162934]: [1748068528.591] Robot state - x: 0.000000, y: 0.000000, phi: 0.000000[0m
[0m[ INFO] [1748068528.591256984]: [1748068528.591] Reference trajectory - x: 0.000000, y: 0.000000, phi: 0.000000, v: 0.000000, w: 0.000000[0m
[0m[ INFO] [1748068528.617664471]: Received reference trajectory - x: 0.000000, y: 0.000000, phi: 0.000000, v: 0.000085, w: 0.000000[0m
[0m[ INFO] [1748068528.691711216]: [1748068528.692] Robot state - x: 0.000000, y: 0.000000, phi: 0.000000[0m
[0m[ INFO] [1748068528.691852498]: [1748068528.692] Reference trajectory - x: 0.000000, y: 0.000000, phi: 0.000000, v: 0.000000, w: 0.000000[0m
[0m[ INFO] [1748068528.691933332]: [1748068528.692] v: 0.000000, w: -0.000000[0m
[0m[ INFO] [1748068528.695090289]: Received reference trajectory - x: 0.429313, y: 0.000000, phi: 0.000000, v: 10.661416, w: 0.000000[0m
[0m[ INFO] [1748068528.792948311]: [1748068528.793] Robot state - x: 0.000000, y: 0.000000, phi: 0.000000[0m
[0m[ INFO] [1748068528.793149563]: [1748068528.793] Reference trajectory - x: 0.000429, y: 0.000000, phi: 0.000000, v: 0.010661, w: 0.000000[0m
[0m[ INFO] [1748068528.793319966]: [1748068528.793] v: 0.012532, w: -0.000000[0m
[0m[ INFO] [1748068528.795593226]: Received reference trajectory - x: 2.158473, y: 0.000000, phi: 0.000000, v: 23.798294, w: 0.000000[0m
[0m[ INFO] [1748068528.890964608]: [1748068528.891] Robot state - x: 0.000000, y: 0.000000, phi: 0.000000[0m
[0m[ INFO] [1748068528.891056898]: [1748068528.891] Reference trajectory - x: 0.002158, y: 0.000000, phi: 0.000000, v: 0.023798, w: 0.000000[0m
[0m[ INFO] [1748068528.891126691]: [1748068528.891] v: 0.033338, w: -0.000000[0m
[0m[ INFO] [1748068528.895108464]: Received reference trajectory - x: 5.175826, y: 0.000000, phi: 0.000000, v: 36.686165, w: 0.000000[0m
[0m[ INFO] [1748068528.992942358]: [1748068528.993] Robot state - x: 0.000000, y: 0.000000, phi: 0.000000[0m
[0m[ INFO] [1748068528.993039896]: [1748068528.993] Reference trajectory - x: 0.005176, y: 0.000000, phi: 0.000000, v: 0.036686, w: 0.000000[0m
[0m[ INFO] [1748068528.993086905]: [1748068528.993] v: 0.060053, w: -0.000000[0m
[0m[ INFO] [1748068528.994755513]: Received reference trajectory - x: 9.482560, y: 0.000000, phi: 0.000000, v: 49.430447, w: 0.000000[0m
[0m[ INFO] [1748068529.097730226]: Received reference trajectory - x: 15.082314, y: 0.000000, phi: 0.000000, v: 62.052624, w: 0.000000[0m
[0m[ INFO] [1748068529.101741247]: [1748068529.102] Robot state - x: 0.000000, y: 0.000000, phi: 0.000000[0m
[0m[ INFO] [1748068529.101872162]: [1748068529.102] Reference trajectory - x: 0.015082, y: 0.000000, phi: 0.000000, v: 0.062053, w: 0.000000[0m
[0m[ INFO] [1748068529.101942435]: [1748068529.102] v: 0.130215, w: -0.000000[0m
[0m[ INFO] [1748068529.191088050]: [1748068529.191] Robot state - x: 0.000394, y: -0.000000, phi: -0.000096[0m
[0m[ INFO] [1748068529.191283542]: [1748068529.191] Reference trajectory - x: 0.015082, y: 0.000000, phi: 0.000000, v: 0.062053, w: 0.000000[0m
[0m[ INFO] [1748068529.191349975]: [1748068529.191] v: 0.133270, w: 0.000380[0m
[0m[ INFO] [1748068529.194812698]: Received reference trajectory - x: 21.876253, y: 0.000000, phi: 0.000000, v: 74.388924, w: 0.000000[0m
[0m[ INFO] [1748068529.290894958]: [1748068529.291] Robot state - x: 0.000979, y: 0.000000, phi: 0.001592[0m
[0m[ INFO] [1748068529.291020400]: [1748068529.291] Reference trajectory - x: 0.021876, y: 0.000000, phi: 0.000000, v: 0.074389, w: 0.000000[0m
[0m[ INFO] [1748068529.291109554]: [1748068529.291] v: 0.177299, w: -0.006336[0m
[0m[ INFO] [1748068529.294795641]: Received reference trajectory - x: 29.927515, y: 0.000000, phi: 0.000000, v: 86.601952, w: 0.000000[0m
[0m[ INFO] [1748068529.391514745]: [1748068529.391] Robot state - x: 0.005309, y: -0.000002, phi: 0.000541[0m
[0m[ INFO] [1748068529.391654460]: [1748068529.392] Reference trajectory - x: 0.029928, y: 0.000000, phi: 0.000000, v: 0.086602, w: 0.000000[0m
[0m[ INFO] [1748068529.391704157]: [1748068529.392] v: 0.212332, w: -0.002131[0m
[0m[ INFO] [1748068529.394854553]: Received reference trajectory - x: 39.193386, y: 0.000000, phi: 0.000000, v: 98.639809, w: 0.000000[0m
[0m[ INFO] [1748068529.494353967]: [1748068529.494] Robot state - x: 0.012980, y: 0.000010, phi: 0.000509[0m
[0m[ INFO] [1748068529.494444305]: [1748068529.494] Reference trajectory - x: 0.039193, y: 0.000000, phi: 0.000000, v: 0.098640, w: 0.000000[0m
[0m[ INFO] [1748068529.494518258]: [1748068529.494] v: 0.239103, w: -0.002124[0m
[0m[ INFO] [1748068529.495890860]: Received reference trajectory - x: 49.646858, y: 0.000000, phi: 0.000000, v: 110.491714, w: 0.000000[0m
[0m[ INFO] [1748068529.590825450]: [1748068529.591] Robot state - x: 0.022226, y: 0.000013, phi: 0.000096[0m
[0m[ INFO] [1748068529.590921420]: [1748068529.591] Reference trajectory - x: 0.049647, y: 0.000000, phi: 0.000000, v: 0.110492, w: 0.000000[0m
[0m[ INFO] [1748068529.590991790]: [1748068529.591] v: 0.264506, w: -0.000512[0m
[0m[ INFO] [1748068529.594900857]: Received reference trajectory - x: 61.285683, y: 0.000000, phi: 0.000000, v: 122.175072, w: 0.000000[0m
[0m[ INFO] [1748068529.691410165]: [1748068529.691] Robot state - x: 0.033248, y: 0.000004, phi: -0.002579[0m
[0m[ INFO] [1748068529.691538903]: [1748068529.692] Reference trajectory - x: 0.061286, y: 0.000000, phi: 0.000000, v: 0.122175, w: 0.000000[0m
[0m[ INFO] [1748068529.691758588]: [1748068529.692] v: 0.287547, w: 0.010211[0m
[0m[ INFO] [1748068529.694862167]: Received reference trajectory - x: 74.082855, y: 0.000000, phi: 0.000000, v: 133.679245, w: 0.000000[0m
[0m[ INFO] [1748068529.791837981]: [1748068529.792] Robot state - x: 0.046440, y: -0.000028, phi: -0.007610[0m
[0m[ INFO] [1748068529.791939102]: [1748068529.792] Reference trajectory - x: 0.074083, y: 0.000000, phi: 0.000000, v: 0.133679, w: 0.000000[0m
[0m[ INFO] [1748068529.791981215]: [1748068529.792] v: 0.306196, w: 0.030535[0m
[0m[ INFO] [1748068529.795105179]: Received reference trajectory - x: 88.013535, y: 0.000000, phi: 0.000000, v: 144.999146, w: 0.000000[0m
[0m[ INFO] [1748068529.892400615]: [1748068529.892] Robot state - x: 0.061389, y: -0.000066, phi: -0.007578[0m
[0m[ INFO] [1748068529.892498985]: [1748068529.892] Reference trajectory - x: 0.088014, y: 0.000000, phi: 0.000000, v: 0.144999, w: 0.000000[0m
[0m[ INFO] [1748068529.892557610]: [1748068529.893] v: 0.321824, w: 0.030800[0m
[0m[ INFO] [1748068529.894950008]: Received reference trajectory - x: 103.068741, y: 0.000000, phi: 0.000000, v: 156.142670, w: 0.000000[0m
[0m[ INFO] [1748068529.991514165]: [1748068529.991] Robot state - x: 0.077719, y: -0.000208, phi: -0.009712[0m
[0m[ INFO] [1748068529.991633143]: [1748068529.992] Reference trajectory - x: 0.103069, y: 0.000000, phi: 0.000000, v: 0.156143, w: 0.000000[0m
[0m[ INFO] [1748068529.991677528]: [1748068529.992] v: 0.335830, w: 0.040722[0m
[0m[ INFO] [1748068529.994877206]: Received reference trajectory - x: 119.232101, y: 0.000000, phi: 0.000000, v: 167.110397, w: 0.000000[0m
[0m[ INFO] [1748068530.091298690]: [1748068530.091] Robot state - x: 0.095231, y: -0.000362, phi: -0.012132[0m
[0m[ INFO] [1748068530.091450309]: [1748068530.091] Reference trajectory - x: 0.119232, y: 0.000000, phi: 0.000000, v: 0.167110, w: 0.000000[0m
[0m[ INFO] [1748068530.091520326]: [1748068530.091] v: 0.348940, w: 0.051951[0m
[0m[ INFO] [1748068530.094965032]: Received reference trajectory - x: 136.487457, y: 0.000000, phi: 0.000000, v: 177.902878, w: 0.000000[0m
[0m[ INFO] [1748068530.190989964]: [1748068530.191] Robot state - x: 0.114509, y: -0.000559, phi: -0.013151[0m
[0m[ INFO] [1748068530.191127822]: [1748068530.191] Reference trajectory - x: 0.136487, y: 0.000000, phi: 0.000000, v: 0.177903, w: 0.000000[0m
[0m[ INFO] [1748068530.191173967]: [1748068530.191] v: 0.358512, w: 0.058088[0m
[0m[ INFO] [1748068530.194858485]: Received reference trajectory - x: 154.809021, y: 0.000000, phi: 0.000000, v: 188.515076, w: 0.000000[0m
[0m[ INFO] [1748068530.291205535]: [1748068530.291] Robot state - x: 0.134775, y: -0.000836, phi: -0.016240[0m
[0m[ INFO] [1748068530.291335298]: [1748068530.291] Reference trajectory - x: 0.154809, y: 0.000000, phi: 0.000000, v: 0.188515, w: 0.000000[0m
[0m[ INFO] [1748068530.291379715]: [1748068530.291] v: 0.367604, w: 0.073319[0m
[0m[ INFO] [1748068530.294910886]: Received reference trajectory - x: 174.187881, y: 0.000000, phi: 0.000000, v: 198.952133, w: 0.000000[0m
[0m[ INFO] [1748068530.391119469]: [1748068530.391] Robot state - x: 0.155818, y: -0.001109, phi: -0.015857[0m
[0m[ INFO] [1748068530.391243408]: [1748068530.391] Reference trajectory - x: 0.174188, y: 0.000000, phi: 0.000000, v: 0.198952, w: 0.000000[0m
[0m[ INFO] [1748068530.391287184]: [1748068530.391] v: 0.377126, w: 0.074792[0m
[0m[ INFO] [1748068530.394814291]: Received reference trajectory - x: 194.602173, y: 0.000000, phi: 0.000000, v: 209.211517, w: 0.000000[0m
[0m[ INFO] [1748068530.496493123]: Received reference trajectory - x: 216.022263, y: 0.000000, phi: 0.000000, v: 219.287827, w: 0.000000[0m
[0m[ INFO] [1748068530.570520164]: [1748068530.570] Robot state - x: 0.178242, y: -0.001493, phi: -0.017641[0m
[0m[ INFO] [1748068530.570627622]: [1748068530.571] Reference trajectory - x: 0.216022, y: 0.000000, phi: 0.000000, v: 0.219288, w: 0.000000[0m
[0m[ INFO] [1748068530.570672743]: [1748068530.571] v: 0.487832, w: 0.086077[0m
[0m[ INFO] [1748068530.591143757]: [1748068530.591] Robot state - x: 0.201646, y: -0.001867, phi: -0.017832[0m
[0m[ INFO] [1748068530.591403890]: [1748068530.591] Reference trajectory - x: 0.216022, y: 0.000000, phi: 0.000000, v: 0.219288, w: 0.000000[0m
[0m[ INFO] [1748068530.591502612]: [1748068530.591] v: 0.397818, w: 0.091044[0m
[0m[ INFO] [1748068530.594857523]: Received reference trajectory - x: 238.449966, y: 0.000000, phi: 0.000000, v: 229.190384, w: 0.000000[0m
[0m[ INFO] [1748068530.690986297]: [1748068530.691] Robot state - x: 0.225443, y: -0.002290, phi: -0.018118[0m
[0m[ INFO] [1748068530.691077051]: [1748068530.691] Reference trajectory - x: 0.238450, y: 0.000000, phi: 0.000000, v: 0.229190, w: 0.000000[0m
[0m[ INFO] [1748068530.691150300]: [1748068530.691] v: 0.406303, w: 0.097007[0m
[0m[ INFO] [1748068530.694926148]: Received reference trajectory - x: 261.865723, y: 0.000000, phi: 0.000000, v: 238.917786, w: 0.000000[0m
[0m[ INFO] [1748068530.791320527]: [1748068530.791] Robot state - x: 0.250420, y: -0.002742, phi: -0.018691[0m
[0m[ INFO] [1748068530.791495474]: [1748068530.791] Reference trajectory - x: 0.261866, y: 0.000000, phi: 0.000000, v: 0.238918, w: 0.000000[0m
[0m[ INFO] [1748068530.791600276]: [1748068530.792] v: 0.413341, w: 0.104537[0m
[0m[ INFO] [1748068530.796266349]: Received reference trajectory - x: 286.228088, y: 0.000000, phi: 0.000000, v: 248.460571, w: 0.000000[0m
[0m[ INFO] [1748068530.891240637]: [1748068530.891] Robot state - x: 0.276578, y: -0.003228, phi: -0.019551[0m
[0m[ INFO] [1748068530.891410560]: [1748068530.891] Reference trajectory - x: 0.286228, y: 0.000000, phi: 0.000000, v: 0.248461, w: 0.000000[0m
[0m[ INFO] [1748068530.891452897]: [1748068530.891] v: 0.418681, w: 0.113677[0m
[0m[ INFO] [1748068530.926102901]: Received reference trajectory - x: 311.543701, y: 0.000000, phi: 0.000000, v: 257.828644, w: 0.000000[0m
[0m[ INFO] [1748068530.991397968]: [1748068530.991] Robot state - x: 0.303916, y: -0.003754, phi: -0.020697[0m
[0m[ INFO] [1748068530.991496658]: [1748068530.991] Reference trajectory - x: 0.311544, y: 0.000000, phi: 0.000000, v: 0.257829, w: 0.000000[0m
[0m[ INFO] [1748068530.991548307]: [1748068530.992] v: 0.422289, w: 0.124525[0m
[0m[ INFO] [1748068530.994977300]: Received reference trajectory - x: 337.787659, y: 0.000000, phi: 0.000000, v: 267.019073, w: 0.000000[0m
[0m[ INFO] [1748068531.095001685]: Received reference trajectory - x: 364.939240, y: 0.000000, phi: 0.000000, v: 276.030914, w: 0.000000[0m
[0m[ INFO] [1748068531.104556618]: [1748068531.104] Robot state - x: 0.332031, y: -0.004271, phi: -0.018373[0m
[0m[ INFO] [1748068531.104641547]: [1748068531.105] Reference trajectory - x: 0.364939, y: 0.000000, phi: 0.000000, v: 0.276031, w: 0.000000[0m
[0m[ INFO] [1748068531.104683820]: [1748068531.105] v: 0.553038, w: 0.121641[0m
[0m[ INFO] [1748068531.191050539]: [1748068531.191] Robot state - x: 0.360540, y: -0.004830, phi: -0.016144[0m
[0m[ INFO] [1748068531.191336784]: [1748068531.191] Reference trajectory - x: 0.364939, y: 0.000000, phi: 0.000000, v: 0.276031, w: 0.000000[0m
[0m[ INFO] [1748068531.191407281]: [1748068531.191] v: 0.439245, w: 0.119714[0m
[0m[ INFO] [1748068531.195163192]: Received reference trajectory - x: 392.985565, y: 0.000000, phi: 0.000000, v: 284.865784, w: 0.000000[0m
[0m[ INFO] [1748068531.291654646]: [1748068531.292] Robot state - x: 0.392793, y: -0.005431, phi: -0.016653[0m
[0m[ INFO] [1748068531.291771000]: [1748068531.292] Reference trajectory - x: 0.392986, y: 0.000000, phi: 0.000000, v: 0.284866, w: 0.000000[0m
[0m[ INFO] [1748068531.291819545]: [1748068531.292] v: 0.431143, w: 0.129277[0m
[0m[ INFO] [1748068531.295540031]: Received reference trajectory - x: 421.909454, y: 0.000000, phi: 0.000000, v: 293.523743, w: 0.000000[0m
[0m[ INFO] [1748068531.391697975]: [1748068531.392] Robot state - x: 0.420718, y: -0.005874, phi: -0.016112[0m
[0m[ INFO] [1748068531.391798137]: [1748068531.392] Reference trajectory - x: 0.421909, y: 0.000000, phi: 0.000000, v: 0.293524, w: 0.000000[0m
[0m[ INFO] [1748068531.392020925]: [1748068531.392] v: 0.444213, w: 0.133276[0m
[0m[ INFO] [1748068531.395670594]: Received reference trajectory - x: 451.692383, y: 0.000000, phi: 0.000000, v: 302.004456, w: 0.000000[0m
[0m[ INFO] [1748068531.491780824]: [1748068531.492] Robot state - x: 0.453952, y: -0.006409, phi: -0.015030[0m
[0m[ INFO] [1748068531.491884154]: [1748068531.492] Reference trajectory - x: 0.451692, y: 0.000000, phi: 0.000000, v: 0.302004, w: 0.000000[0m
[0m[ INFO] [1748068531.491928635]: [1748068531.492] v: 0.438038, w: 0.136185[0m
[0m[ INFO] [1748068531.495611425]: Received reference trajectory - x: 482.291473, y: 0.000000, phi: 0.000000, v: 310.301208, w: 0.000000[0m
[0m[ INFO] [1748068531.591122444]: [1748068531.591] Robot state - x: 0.486398, y: -0.006912, phi: -0.013756[0m
[0m[ INFO] [1748068531.591307503]: [1748068531.591] Reference trajectory - x: 0.482291, y: 0.000000, phi: 0.000000, v: 0.310301, w: 0.000000[0m
[0m[ INFO] [1748068531.591376561]: [1748068531.591] v: 0.437572, w: 0.138171[0m
[0m[ INFO] [1748068531.595087767]: Received reference trajectory - x: 513.729004, y: 0.000000, phi: 0.000000, v: 318.424957, w: 0.000000[0m
[0m[ INFO] [1748068531.691682454]: [1748068531.692] Robot state - x: 0.517271, y: -0.007350, phi: -0.012100[0m
[0m[ INFO] [1748068531.691779736]: [1748068531.692] Reference trajectory - x: 0.513729, y: 0.000000, phi: 0.000000, v: 0.318425, w: 0.000000[0m
[0m[ INFO] [1748068531.691830073]: [1748068531.692] v: 0.446858, w: 0.138158[0m
[0m[ INFO] [1748068531.695412349]: Received reference trajectory - x: 545.972351, y: 0.000000, phi: 0.000000, v: 326.371490, w: 0.000000[0m
[0m[ INFO] [1748068531.791448434]: [1748068531.791] Robot state - x: 0.549911, y: -0.007749, phi: -0.009043[0m
[0m[ INFO] [1748068531.791592053]: [1748068531.792] Reference trajectory - x: 0.545972, y: 0.000000, phi: 0.000000, v: 0.326371, w: 0.000000[0m
[0m[ INFO] [1748068531.791639318]: [1748068531.792] v: 0.451957, w: 0.132319[0m
[0m[ INFO] [1748068531.795293467]: Received reference trajectory - x: 578.999695, y: 0.000000, phi: 0.000000, v: 334.139801, w: 0.000000[0m
[0m[ INFO] [1748068531.891308175]: [1748068531.891] Robot state - x: 0.583732, y: -0.008112, phi: -0.006273[0m
[0m[ INFO] [1748068531.891409681]: [1748068531.891] Reference trajectory - x: 0.579000, y: 0.000000, phi: 0.000000, v: 0.334140, w: 0.000000[0m
[0m[ INFO] [1748068531.891456850]: [1748068531.891] v: 0.455022, w: 0.127379[0m
[0m[ INFO] [1748068531.895192313]: Received reference trajectory - x: 612.794739, y: 0.000000, phi: 0.000000, v: 341.730286, w: 0.000000[0m
[0m[ INFO] [1748068531.991218382]: [1748068531.991] Robot state - x: 0.617160, y: -0.008366, phi: -0.003407[0m
[0m[ INFO] [1748068531.992201568]: [1748068531.991] Reference trajectory - x: 0.612795, y: 0.000000, phi: 0.000000, v: 0.341730, w: 0.000000[0m
[0m[ INFO] [1748068531.992331619]: [1748068531.992] v: 0.462713, w: 0.121093[0m
[0m[ INFO] [1748068531.995827237]: Received reference trajectory - x: 647.342041, y: 0.000000, phi: 0.000000, v: 349.143433, w: 0.000000[0m
[0m[ INFO] [1748068532.092194610]: [1748068532.092] Robot state - x: 0.650983, y: -0.008531, phi: -0.000637[0m
[0m[ INFO] [1748068532.092310196]: [1748068532.092] Reference trajectory - x: 0.647342, y: 0.000000, phi: 0.000000, v: 0.349143, w: 0.000000[0m
[0m[ INFO] [1748068532.092364469]: [1748068532.092] v: 0.471903, w: 0.114377[0m
[0m[ INFO] [1748068532.094960934]: Received reference trajectory - x: 682.625549, y: 0.000000, phi: 0.000000, v: 356.379517, w: 0.000000[0m
[0m[ INFO] [1748068532.191394196]: [1748068532.191] Robot state - x: 0.684967, y: -0.008383, phi: 0.014902[0m
[0m[ INFO] [1748068532.191486230]: [1748068532.191] Reference trajectory - x: 0.682626, y: 0.000000, phi: 0.000000, v: 0.356380, w: 0.000000[0m
[0m[ INFO] [1748068532.191530070]: [1748068532.192] v: 0.483651, w: 0.053802[0m
[0m[ INFO] [1748068532.195099577]: Received reference trajectory - x: 718.611145, y: 0.000000, phi: 0.000000, v: 363.435333, w: 0.000000[0m
[0m[ INFO] [1748068532.299093909]: [1748068532.299] Robot state - x: 0.715306, y: -0.007654, phi: 0.064258[0m
[0m[ INFO] [1748068532.299190423]: [1748068532.299] Reference trajectory - x: 0.718611, y: 0.000000, phi: 0.000000, v: 0.363435, w: 0.000000[0m
[0m[ INFO] [1748068532.299241015]: [1748068532.299] v: 0.514562, w: -0.147103[0m
[0m[ INFO] [1748068532.301550883]: Received reference trajectory - x: 756.011780, y: 0.000000, phi: 0.000000, v: 370.445129, w: 0.000000[0m
[0m[ INFO] [1748068532.390990350]: [1748068532.391] Robot state - x: 0.742573, y: -0.006139, phi: 0.145455[0m
[0m[ INFO] [1748068532.391132880]: [1748068532.391] Reference trajectory - x: 0.756012, y: 0.000000, phi: 0.000000, v: 0.370445, w: 0.000000[0m
[0m[ INFO] [1748068532.391178225]: [1748068532.391] v: 0.566765, w: -0.482713[0m
[0m[ INFO] [1748068532.394963128]: Received reference trajectory - x: 792.664368, y: 0.000000, phi: 0.000000, v: 377.015594, w: 0.000000[0m
[0m[ INFO] [1748068532.491658059]: [1748068532.492] Robot state - x: 0.769075, y: -0.003127, phi: 0.243275[0m
[0m[ INFO] [1748068532.491852494]: [1748068532.492] Reference trajectory - x: 0.792664, y: 0.000000, phi: 0.000000, v: 0.377016, w: 0.000000[0m
[0m[ INFO] [1748068532.491924368]: [1748068532.492] v: 0.621808, w: -0.899872[0m
[0m[ INFO] [1748068532.494819526]: Received reference trajectory - x: 830.695801, y: 0.000000, phi: 0.000000, v: 383.539764, w: 0.000000[0m
[0m[ INFO] [1748068532.591389622]: [1748068532.591] Robot state - x: 0.796851, y: 0.002177, phi: 0.329727[0m
[0m[ INFO] [1748068532.591532729]: [1748068532.591] Reference trajectory - x: 0.830696, y: 0.000000, phi: 0.000000, v: 0.383540, w: 0.000000[0m
[0m[ INFO] [1748068532.591580090]: [1748068532.592] v: 0.680471, w: -1.295706[0m
[0m[ INFO] [1748068532.594820919]: Received reference trajectory - x: 869.374512, y: 0.000000, phi: 0.000000, v: 389.886749, w: 0.000000[0m
[0m[ INFO] [1748068532.690929375]: [1748068532.691] Robot state - x: 0.826346, y: 0.010623, phi: 0.400958[0m
[0m[ INFO] [1748068532.691019648]: [1748068532.691] Reference trajectory - x: 0.869375, y: 0.000000, phi: 0.000000, v: 0.389887, w: 0.000000[0m
[0m[ INFO] [1748068532.691098722]: [1748068532.691] v: 0.737529, w: -1.664125[0m
[0m[ INFO] [1748068532.695311377]: Received reference trajectory - x: 908.662354, y: 0.000000, phi: 0.000000, v: 396.053314, w: 0.000000[0m
[0m[ INFO] [1748068532.791194484]: [1748068532.791] Robot state - x: 0.854288, y: 0.021637, phi: 0.492472[0m
[0m[ INFO] [1748068532.791305366]: [1748068532.791] Reference trajectory - x: 0.908662, y: 0.000000, phi: 0.000000, v: 0.396053, w: 0.000000[0m
[0m[ INFO] [1748068532.791358679]: [1748068532.791] v: 0.806735, w: -2.141558[0m
[0m[ INFO] [1748068532.794925690]: Received reference trajectory - x: 948.577271, y: 0.000000, phi: 0.000000, v: 402.045044, w: 0.000000[0m
[0m[ INFO] [1748068532.890997313]: [1748068532.891] Robot state - x: 0.887156, y: 0.036474, phi: 0.538612[0m
[0m[ INFO] [1748068532.891138116]: [1748068532.891] Reference trajectory - x: 0.948577, y: 0.000000, phi: 0.000000, v: 0.402045, w: 0.000000[0m
[0m[ INFO] [1748068532.891264166]: [1748068532.891] v: 0.860621, w: -2.480283[0m
[0m[ INFO] [1748068532.895098862]: Received reference trajectory - x: 989.068909, y: 0.000000, phi: 0.000000, v: 407.857025, w: 0.000000[0m
[0m[ INFO] [1748068532.992586608]: [1748068532.992] Robot state - x: 0.922322, y: 0.055705, phi: 0.554501[0m
[0m[ INFO] [1748068532.992740914]: [1748068532.993] Reference trajectory - x: 0.989069, y: 0.000000, phi: 0.000000, v: 0.407857, w: 0.000000[0m
[0m[ INFO] [1748068532.992794643]: [1748068532.993] v: 0.909059, w: -2.747356[0m
[0m[ INFO] [1748068532.995926702]: Received reference trajectory - x: 1030.487915, y: 0.000000, phi: 0.000000, v: 413.538879, w: 0.000000[0m
[0m[ INFO] [1748068533.092085097]: [1748068533.092] Robot state - x: 0.960189, y: 0.078245, phi: 0.551126[0m
[0m[ INFO] [1748068533.092180747]: [1748068533.092] Reference trajectory - x: 1.030488, y: 0.000000, phi: 0.000000, v: 0.413539, w: 0.000000[0m
[0m[ INFO] [1748068533.092928313]: [1748068533.093] v: 0.951321, w: -2.977021[0m
[0m[ INFO] [1748068533.096394905]: Received reference trajectory - x: 1071.877563, y: 0.000000, phi: 0.000000, v: 418.963989, w: 0.000000[0m
[0m[ INFO] [1748068533.191557601]: [1748068533.191] Robot state - x: 0.997062, y: 0.101233, phi: 0.557048[0m
[0m[ INFO] [1748068533.191685699]: [1748068533.192] Reference trajectory - x: 1.071878, y: 0.000000, phi: 0.000000, v: 0.418964, w: 0.000000[0m
[0m[ INFO] [1748068533.191731460]: [1748068533.192] v: 0.998653, w: -3.255258[0m
[0m[ INFO] [1748068533.195337927]: Received reference trajectory - x: 1113.923828, y: 0.000000, phi: 0.000000, v: 424.228699, w: 0.000000[0m
[0m[ INFO] [1748068533.292543637]: [1748068533.292] Robot state - x: 1.042727, y: 0.128161, phi: 0.520398[0m
[0m[ INFO] [1748068533.292637399]: [1748068533.293] Reference trajectory - x: 1.113924, y: 0.000000, phi: 0.000000, v: 0.424229, w: 0.000000[0m
[0m[ INFO] [1748068533.292691800]: [1748068533.293] v: 1.011813, w: -3.410886[0m
[0m[ INFO] [1748068533.294840608]: Received reference trajectory - x: 1156.615234, y: 0.000000, phi: 0.000000, v: 429.331665, w: 0.000000[0m
[0m[ INFO] [1748068533.391140796]: [1748068533.391] Robot state - x: 1.085618, y: 0.152976, phi: 0.455312[0m
[0m[ INFO] [1748068533.391273183]: [1748068533.391] Reference trajectory - x: 1.156615, y: 0.000000, phi: 0.000000, v: 0.429332, w: 0.000000[0m
[0m[ INFO] [1748068533.391354048]: [1748068533.391] v: 1.038562, w: -3.440825[0m
[0m[ INFO] [1748068533.395249481]: Received reference trajectory - x: 1199.790405, y: 0.000000, phi: 0.000000, v: 434.254791, w: 0.000000[0m
[0m[ INFO] [1748068533.491132766]: [1748068533.491] Robot state - x: 1.136035, y: 0.178562, phi: 0.353767[0m
[0m[ INFO] [1748068533.491233152]: [1748068533.491] Reference trajectory - x: 1.199790, y: 0.000000, phi: 0.000000, v: 0.434255, w: 0.000000[0m
[0m[ INFO] [1748068533.491366338]: [1748068533.491] v: 1.034384, w: -3.341352[0m
[0m[ INFO] [1748068533.494828931]: Received reference trajectory - x: 1243.443726, y: 0.000000, phi: 0.000000, v: 438.999603, w: 0.000000[0m
[0m[ INFO] [1748068533.591404517]: [1748068533.591] Robot state - x: 1.186986, y: 0.201438, phi: 0.287153[0m
[0m[ INFO] [1748068533.591544071]: [1748068533.592] Reference trajectory - x: 1.243444, y: 0.000000, phi: 0.000000, v: 0.439000, w: 0.000000[0m
[0m[ INFO] [1748068533.591591720]: [1748068533.592] v: 1.027499, w: -3.361756[0m
[0m[ INFO] [1748068533.594853797]: Received reference trajectory - x: 1287.584473, y: 0.000000, phi: 0.000000, v: 443.568970, w: 0.000000[0m
[0m[ INFO] [1748068533.692485146]: [1748068533.692] Robot state - x: 1.247483, y: 0.219933, phi: 0.172999[0m
[0m[ INFO] [1748068533.692587772]: [1748068533.693] Reference trajectory - x: 1.287584, y: 0.000000, phi: 0.000000, v: 0.443569, w: 0.000000[0m
[0m[ INFO] [1748068533.692634333]: [1748068533.693] v: 0.978663, w: -3.156530[0m
[0m[ INFO] [1748068533.694880871]: Received reference trajectory - x: 1332.150269, y: 0.000000, phi: 0.000000, v: 447.958252, w: 0.000000[0m
[0m[ INFO] [1748068533.791088322]: [1748068533.791] Robot state - x: 1.314480, y: 0.234165, phi: 0.017322[0m
[0m[ INFO] [1748068533.791256965]: [1748068533.791] Reference trajectory - x: 1.332150, y: 0.000000, phi: 0.000000, v: 0.447958, w: 0.000000[0m
[0m[ INFO] [1748068533.791342151]: [1748068533.791] v: 0.898011, w: -2.749401[0m
[0m[ INFO] [1748068533.794959402]: Received reference trajectory - x: 1377.173340, y: 0.000000, phi: 0.000000, v: 452.172333, w: 0.000000[0m
[0m[ INFO] [1748068533.891460042]: [1748068533.891] Robot state - x: 1.385187, y: 0.239850, phi: -0.168223[0m
[0m[ INFO] [1748068533.891650446]: [1748068533.892] Reference trajectory - x: 1.377173, y: 0.000000, phi: 0.000000, v: 0.452172, w: 0.000000[0m
[0m[ INFO] [1748068533.891726383]: [1748068533.892] v: 0.795917, w: -2.142509[0m
[0m[ INFO] [1748068533.894810185]: Received reference trajectory - x: 1422.583618, y: 0.000000, phi: 0.000000, v: 456.206329, w: 0.000000[0m
[0m[ INFO] [1748068533.999739782]: [1748068533.995] Robot state - x: 1.459440, y: 0.232972, phi: -0.387584[0m
[0m[ INFO] [1748068534.005935000]: [1748068534.004] Reference trajectory - x: 1.422584, y: 0.000000, phi: 0.000000, v: 0.456206, w: 0.000000[0m
[0m[ INFO] [1748068534.006056538]: [1748068534.006] v: 0.671760, w: -1.277288[0m
[0m[ INFO] [1748068534.006191997]: Received reference trajectory - x: 1468.390137, y: 0.000000, phi: 0.000000, v: 460.062775, w: 0.000000[0m
[0m[ INFO] [1748068534.091077017]: [1748068534.091] Robot state - x: 1.529411, y: 0.212819, phi: -0.612008[0m
[0m[ INFO] [1748068534.091178971]: [1748068534.091] Reference trajectory - x: 1.468390, y: 0.000000, phi: 0.000000, v: 0.460063, w: 0.000000[0m
[0m[ INFO] [1748068534.091223132]: [1748068534.091] v: 0.558689, w: -0.256964[0m
[0m[ INFO] [1748068534.095063107]: Received reference trajectory - x: 1514.583740, y: 0.000000, phi: 0.000000, v: 463.742310, w: 0.000000[0m
[0m[ INFO] [1748068534.191296048]: [1748068534.191] Robot state - x: 1.595438, y: 0.174582, phi: -0.886680[0m
[0m[ INFO] [1748068534.192032318]: [1748068534.192] Reference trajectory - x: 1.514584, y: 0.000000, phi: 0.000000, v: 0.463742, w: 0.000000[0m
[0m[ INFO] [1748068534.192117183]: [1748068534.192] v: 0.456666, w: 1.150426[0m
[0m[ INFO] [1748068534.195681281]: Received reference trajectory - x: 1561.152588, y: 0.000000, phi: 0.000000, v: 467.245239, w: 0.000000[0m
[0m[ INFO] [1748068534.291275010]: [1748068534.291] Robot state - x: 1.649800, y: 0.125141, phi: -1.138711[0m
[0m[ INFO] [1748068534.291423301]: [1748068534.291] Reference trajectory - x: 1.561153, y: 0.000000, phi: 0.000000, v: 0.467245, w: 0.000000[0m
[0m[ INFO] [1748068534.291471270]: [1748068534.291] v: 0.400648, w: 2.591954[0m
[0m[ INFO] [1748068534.295073800]: Received reference trajectory - x: 1608.067871, y: 0.000000, phi: 0.000000, v: 470.570557, w: 0.000000[0m
[0m[ INFO] [1748068534.391084274]: [1748068534.391] Robot state - x: 1.687519, y: 0.067063, phi: -1.354952[0m
[0m[ INFO] [1748068534.391171539]: [1748068534.391] Reference trajectory - x: 1.608068, y: 0.000000, phi: 0.000000, v: 0.470571, w: 0.000000[0m
[0m[ INFO] [1748068534.391214900]: [1748068534.391] v: 0.416003, w: 3.993189[0m
[0m[ INFO] [1748068534.395113436]: Received reference trajectory - x: 1655.248779, y: 0.000000, phi: 0.000000, v: 473.714203, w: 0.000000[0m
[0m[ INFO] [1748068534.492132024]: [1748068534.491] Robot state - x: 1.709402, y: 0.010620, phi: -1.479423[0m
[0m[ INFO] [1748068534.492237242]: [1748068534.492] Reference trajectory - x: 1.655249, y: 0.000000, phi: 0.000000, v: 0.473714, w: 0.000000[0m
[0m[ INFO] [1748068534.492285563]: [1748068534.492] v: 0.504237, w: 5.031525[0m
[0m[ INFO] [1748068534.495008013]: Received reference trajectory - x: 1702.769409, y: 0.000000, phi: 0.000000, v: 476.682404, w: 0.000000[0m
[0m[ INFO] [1748068534.592543826]: [1748068534.592] Robot state - x: 1.720028, y: -0.040265, phi: -1.499356[0m
[0m[ INFO] [1748068534.592668852]: [1748068534.593] Reference trajectory - x: 1.702769, y: 0.000000, phi: 0.000000, v: 0.476682, w: 0.000000[0m
[0m[ INFO] [1748068534.592741430]: [1748068534.593] v: 0.650813, w: 5.616420[0m
[0m[ INFO] [1748068534.595203587]: Received reference trajectory - x: 1750.571533, y: 0.000000, phi: 0.000000, v: 479.472473, w: 0.000000[0m
[0m[ INFO] [1748068534.691135563]: [1748068534.691] Robot state - x: 1.725820, y: -0.086329, phi: -1.431946[0m
[0m[ INFO] [1748068534.691228365]: [1748068534.691] Reference trajectory - x: 1.750571, y: 0.000000, phi: 0.000000, v: 0.479472, w: 0.000000[0m
[0m[ INFO] [1748068534.691273325]: [1748068534.691] v: 0.831167, w: 5.821872[0m
[0m[ INFO] [1748068534.695441498]: Received reference trajectory - x: 1798.656006, y: 0.000000, phi: 0.000000, v: 482.085449, w: 0.000000[0m
[0m[ INFO] [1748068534.791234495]: [1748068534.791] Robot state - x: 1.731236, y: -0.132773, phi: -1.342661[0m
[0m[ INFO] [1748068534.791347298]: [1748068534.791] Reference trajectory - x: 1.798656, y: 0.000000, phi: 0.000000, v: 0.482085, w: 0.000000[0m
[0m[ INFO] [1748068534.791598886]: [1748068534.792] v: 1.027497, w: 5.958707[0m
[0m[ INFO] [1748068534.796930120]: Received reference trajectory - x: 1847.359253, y: 0.000000, phi: 0.000000, v: 484.538361, w: 0.000000[0m
[0m[ INFO] [1748068534.891041679]: [1748068534.891] Robot state - x: 1.740721, y: -0.182747, phi: -1.245223[0m
[0m[ INFO] [1748068534.891161009]: [1748068534.891] Reference trajectory - x: 1.847359, y: 0.000000, phi: 0.000000, v: 0.484538, w: 0.000000[0m
[0m[ INFO] [1748068534.892318470]: [1748068534.892] v: 1.222128, w: 6.113125[0m
[0m[ INFO] [1748068534.895552418]: Received reference trajectory - x: 1895.557129, y: 0.000000, phi: 0.000000, v: 486.777649, w: 0.000000[0m
[0m[ INFO] [1748068534.991129635]: [1748068534.991] Robot state - x: 1.755367, y: -0.234540, phi: -1.150333[0m
[0m[ INFO] [1748068534.991228773]: [1748068534.991] Reference trajectory - x: 1.895557, y: 0.000000, phi: 0.000000, v: 0.486778, w: 0.000000[0m
[0m[ INFO] [1748068534.991273126]: [1748068534.991] v: 1.404262, w: 6.311669[0m
[0m[ INFO] [1748068534.995482387]: Received reference trajectory - x: 1944.342285, y: 0.000000, phi: 0.000000, v: 488.857086, w: 0.000000[0m
[0m[ INFO] [1748068535.091013351]: [1748068535.091] Robot state - x: 1.776368, y: -0.288131, phi: -1.054520[0m
[0m[ INFO] [1748068535.091115048]: [1748068535.091] Reference trajectory - x: 1.944342, y: 0.000000, phi: 0.000000, v: 0.488857, w: 0.000000[0m
[0m[ INFO] [1748068535.091163305]: [1748068535.091] v: 1.571719, w: 6.540900[0m
[0m[ INFO] [1748068535.095510201]: Received reference trajectory - x: 1993.321899, y: 0.000000, phi: 0.000000, v: 490.758545, w: 0.000000[0m
[0m[ INFO] [1748068535.191075180]: [1748068535.191] Robot state - x: 1.804102, y: -0.343016, phi: -0.959662[0m
[0m[ INFO] [1748068535.191169422]: [1748068535.191] Reference trajectory - x: 1.993322, y: 0.000000, phi: 0.000000, v: 0.490759, w: 0.000000[0m
[0m[ INFO] [1748068535.191654102]: [1748068535.191] v: 1.719295, w: 6.803830[0m
[0m[ INFO] [1748068535.194971059]: Received reference trajectory - x: 2042.482300, y: 0.000000, phi: 0.000000, v: 492.482269, w: 0.000000[0m
[0m[ INFO] [1748068535.291185010]: [1748068535.291] Robot state - x: 1.838678, y: -0.397875, phi: -0.867447[0m
[0m[ INFO] [1748068535.291292468]: [1748068535.291] Reference trajectory - x: 2.042482, y: 0.000000, phi: 0.000000, v: 0.492482, w: 0.000000[0m
[0m[ INFO] [1748068535.291802525]: [1748068535.291] v: 1.844393, w: 7.094360[0m
[0m[ INFO] [1748068535.295321054]: Received reference trajectory - x: 2091.811035, y: 0.000000, phi: 0.000000, v: 494.028351, w: 0.000000[0m
[0m[ INFO] [1748068535.391205335]: [1748068535.391] Robot state - x: 1.880767, y: -0.452264, phi: -0.772525[0m
[0m[ INFO] [1748068535.391566301]: [1748068535.392] Reference trajectory - x: 2.091811, y: 0.000000, phi: 0.000000, v: 0.494028, w: 0.000000[0m
[0m[ INFO] [1748068535.391626430]: [1748068535.392] v: 1.941927, w: 7.386773[0m
[0m[ INFO] [1748068535.395257249]: Received reference trajectory - x: 2141.280762, y: 0.000000, phi: 0.000000, v: 495.396515, w: 0.000000[0m
[0m[ INFO] [1748068535.495573963]: Received reference trajectory - x: 2190.872559, y: 0.000000, phi: 0.000000, v: 496.586792, w: 0.000000[0m
[0m[ INFO] [1748068535.575189370]: [1748068535.575] Robot state - x: 1.929371, y: -0.504770, phi: -0.685596[0m
[0m[ INFO] [1748068535.575291004]: [1748068535.575] Reference trajectory - x: 2.190873, y: 0.000000, phi: 0.000000, v: 0.496587, w: 0.000000[0m
[0m[ INFO] [1748068535.575367773]: [1748068535.575] v: 2.231050, w: 7.709334[0m
[0m[ INFO] [1748068535.591447843]: [1748068535.591] Robot state - x: 1.986104, y: -0.555127, phi: -0.592393[0m
[0m[ INFO] [1748068535.591555813]: [1748068535.592] Reference trajectory - x: 2.190873, y: 0.000000, phi: 0.000000, v: 0.496587, w: 0.000000[0m
[0m[ INFO] [1748068535.591605510]: [1748068535.592] v: 2.066581, w: 8.002053[0m
[0m[ INFO] [1748068535.596069528]: Received reference trajectory - x: 2240.823975, y: 0.000000, phi: 0.000000, v: 497.604004, w: 0.000000[0m
[0m[ INFO] [1748068535.691179683]: [1748068535.691] Robot state - x: 2.050132, y: -0.602746, phi: -0.500146[0m
[0m[ INFO] [1748068535.691533417]: [1748068535.691] Reference trajectory - x: 2.240824, y: 0.000000, phi: 0.000000, v: 0.497604, w: 0.000000[0m
[0m[ INFO] [1748068535.691616747]: [1748068535.692] v: 2.071026, w: 8.287113[0m
[0m[ INFO] [1748068535.695521810]: Received reference trajectory - x: 2290.403320, y: 0.000000, phi: 0.000000, v: 498.434753, w: 0.000000[0m
[0m[ INFO] [1748068535.791534477]: [1748068535.791] Robot state - x: 2.121322, y: -0.646071, phi: -0.408759[0m
[0m[ INFO] [1748068535.791630031]: [1748068535.792] Reference trajectory - x: 2.290403, y: 0.000000, phi: 0.000000, v: 0.498435, w: 0.000000[0m
[0m[ INFO] [1748068535.791699888]: [1748068535.792] v: 2.038007, w: 8.547693[0m
[0m[ INFO] [1748068535.795544439]: Received reference trajectory - x: 2340.302734, y: 0.000000, phi: 0.000000, v: 499.092133, w: 0.000000[0m
[0m[ INFO] [1748068535.893111886]: [1748068535.893] Robot state - x: 2.199574, y: -0.684257, phi: -0.316448[0m
[0m[ INFO] [1748068535.893327858]: [1748068535.893] Reference trajectory - x: 2.340303, y: 0.000000, phi: 0.000000, v: 0.499092, w: 0.000000[0m
[0m[ INFO] [1748068535.893400084]: [1748068535.893] v: 1.968613, w: 8.766899[0m
[0m[ INFO] [1748068535.895501786]: Received reference trajectory - x: 2390.225098, y: 0.000000, phi: 0.000000, v: 499.571289, w: 0.000000[0m
[0m[ INFO] [1748068535.992090432]: [1748068535.992] Robot state - x: 2.283086, y: -0.716317, phi: -0.232034[0m
[0m[ INFO] [1748068535.992191842]: [1748068535.992] Reference trajectory - x: 2.390225, y: 0.000000, phi: 0.000000, v: 0.499571, w: 0.000000[0m
[0m[ INFO] [1748068535.992236547]: [1748068535.992] v: 1.867258, w: 8.968308[0m
[0m[ INFO] [1748068535.994928436]: Received reference trajectory - x: 2440.196777, y: 0.000000, phi: 0.000000, v: 499.872803, w: 0.000000[0m
[0m[ INFO] [1748068536.091207207]: [1748068536.091] Robot state - x: 2.368026, y: -0.741297, phi: -0.171184[0m
[0m[ INFO] [1748068536.091345897]: [1748068536.091] Reference trajectory - x: 2.440197, y: 0.000000, phi: 0.000000, v: 0.499873, w: 0.000000[0m
[0m[ INFO] [1748068536.091392106]: [1748068536.091] v: 1.749098, w: 9.202729[0m
[0m[ INFO] [1748068536.095264272]: Received reference trajectory - x: 2490.176758, y: 0.000000, phi: 0.000000, v: 499.996582, w: 0.000000[0m
[0m[ INFO] [1748068536.191162876]: [1748068536.191] Robot state - x: 2.464429, y: -0.759376, phi: -0.077886[0m
[0m[ INFO] [1748068536.191429633]: [1748068536.191] Reference trajectory - x: 2.490177, y: 0.000000, phi: 0.000000, v: 0.499997, w: 0.000000[0m
[0m[ INFO] [1748068536.191497058]: [1748068536.191] v: 1.569796, w: 9.247001[0m
[0m[ INFO] [1748068536.195332104]: Received reference trajectory - x: 2540.200439, y: 0.000000, phi: 0.000000, v: 499.942535, w: 0.000000[0m
[0m[ INFO] [1748068536.291382902]: [1748068536.291] Robot state - x: 2.562468, y: -0.772571, phi: -0.003089[0m
[0m[ INFO] [1748068536.291484792]: [1748068536.291] Reference trajectory - x: 2.540200, y: 0.000000, phi: 0.000000, v: 0.499943, w: 0.000000[0m
[0m[ INFO] [1748068536.291528408]: [1748068536.292] v: 1.368702, w: 9.321696[0m
[0m[ INFO] [1748068536.295478592]: Received reference trajectory - x: 2590.166504, y: 0.000000, phi: 0.000000, v: 499.710815, w: 0.000000[0m
[0m[ INFO] [1748068536.391210536]: [1748068536.391] Robot state - x: 2.666184, y: -0.775029, phi: 0.105302[0m
[0m[ INFO] [1748068536.391938742]: [1748068536.391] Reference trajectory - x: 2.590167, y: 0.000000, phi: 0.000000, v: 0.499711, w: 0.000000[0m
[0m[ INFO] [1748068536.392293628]: [1748068536.392] v: 1.127261, w: 9.159578[0m
[0m[ INFO] [1748068536.395441461]: Received reference trajectory - x: 2640.124023, y: 0.000000, phi: 0.000000, v: 499.301239, w: 0.000000[0m
[0m[ INFO] [1748068536.491408162]: [1748068536.491] Robot state - x: 2.759094, y: -0.769473, phi: 0.230920[0m
[0m[ INFO] [1748068536.493831598]: [1748068536.494] Reference trajectory - x: 2.640124, y: 0.000000, phi: 0.000000, v: 0.499301, w: 0.000000[0m
[0m[ INFO] [1748068536.493980016]: [1748068536.494] v: 0.915686, w: 8.849586[0m
[0m[ INFO] [1748068536.495966740]: Received reference trajectory - x: 2690.263672, y: 0.000000, phi: 0.000000, v: 498.710663, w: 0.000000[0m
[0m[ INFO] [1748068536.591535994]: [1748068536.591] Robot state - x: 2.850307, y: -0.749406, phi: 0.453434[0m
[0m[ INFO] [1748068536.591645596]: [1748068536.592] Reference trajectory - x: 2.690264, y: 0.000000, phi: 0.000000, v: 0.498711, w: 0.000000[0m
[0m[ INFO] [1748068536.591692605]: [1748068536.592] v: 0.698533, w: 8.007372[0m
[0m[ INFO] [1748068536.595668901]: Received reference trajectory - x: 2739.850830, y: 0.000000, phi: 0.000000, v: 497.948944, w: 0.000000[0m
[0m[ INFO] [1748068536.691497807]: [1748068536.691] Robot state - x: 2.928231, y: -0.719599, phi: 0.722278[0m
[0m[ INFO] [1748068536.691627633]: [1748068536.692] Reference trajectory - x: 2.739851, y: 0.000000, phi: 0.000000, v: 0.497949, w: 0.000000[0m
[0m[ INFO] [1748068536.692022584]: [1748068536.692] v: 0.523711, w: 6.877162[0m
[0m[ INFO] [1748068536.695546872]: Received reference trajectory - x: 2789.614746, y: 0.000000, phi: 0.000000, v: 497.005768, w: 0.000000[0m
[0m[ INFO] [1748068536.791259040]: [1748068536.791] Robot state - x: 2.991745, y: -0.672885, phi: 1.083719[0m
[0m[ INFO] [1748068536.791502725]: [1748068536.791] Reference trajectory - x: 2.789615, y: 0.000000, phi: 0.000000, v: 0.497006, w: 0.000000[0m
[0m[ INFO] [1748068536.791585766]: [1748068536.792] v: 0.403295, w: 5.200199[0m
[0m[ INFO] [1748068536.795221032]: Received reference trajectory - x: 2839.247070, y: 0.000000, phi: 0.000000, v: 495.885406, w: 0.000000[0m
[0m[ INFO] [1748068536.891755935]: [1748068536.892] Robot state - x: 3.035257, y: -0.618514, phi: 1.430928[0m
[0m[ INFO] [1748068536.891871201]: [1748068536.892] Reference trajectory - x: 2.839247, y: 0.000000, phi: 0.000000, v: 0.495885, w: 0.000000[0m
[0m[ INFO] [1748068536.891917922]: [1748068536.892] v: 0.364918, w: 3.488473[0m
[0m[ INFO] [1748068536.896258481]: Received reference trajectory - x: 2888.786133, y: 0.000000, phi: 0.000000, v: 494.586609, w: 0.000000[0m
[0m[ INFO] [1748068536.991242092]: [1748068536.991] Robot state - x: 3.055872, y: -0.548057, phi: 1.835770[0m
[0m[ INFO] [1748068536.991409871]: [1748068536.991] Reference trajectory - x: 2.888786, y: 0.000000, phi: 0.000000, v: 0.494587, w: 0.000000[0m
[0m[ INFO] [1748068536.991467344]: [1748068536.991] v: 0.427643, w: 1.369474[0m
[0m[ INFO] [1748068536.995066929]: Received reference trajectory - x: 2938.160400, y: 0.000000, phi: 0.000000, v: 493.110748, w: 0.000000[0m
[0m[ INFO] [1748068537.091161395]: [1748068537.091] Robot state - x: 3.051172, y: -0.475202, phi: 2.244370[0m
[0m[ INFO] [1748068537.091261429]: [1748068537.091] Reference trajectory - x: 2.938160, y: 0.000000, phi: 0.000000, v: 0.493111, w: 0.000000[0m
[0m[ INFO] [1748068537.091307382]: [1748068537.091] v: 0.608913, w: -0.810741[0m
[0m[ INFO] [1748068537.095249597]: Received reference trajectory - x: 2987.389404, y: 0.000000, phi: 0.000000, v: 491.456787, w: 0.000000[0m
[0m[ INFO] [1748068537.192116780]: [1748068537.192] Robot state - x: 3.018098, y: -0.408749, phi: 2.638036[0m
[0m[ INFO] [1748068537.192216974]: [1748068537.192] Reference trajectory - x: 2.987389, y: 0.000000, phi: 0.000000, v: 0.491457, w: 0.000000[0m
[0m[ INFO] [1748068537.192262287]: [1748068537.192] v: 0.930080, w: -2.890572[0m
[0m[ INFO] [1748068537.194981152]: Received reference trajectory - x: 3036.448975, y: 0.000000, phi: 0.000000, v: 489.624878, w: 0.000000[0m
[0m[ INFO] [1748068537.291657036]: [1748068537.292] Robot state - x: 2.963755, y: -0.360614, phi: 2.982696[0m
[0m[ INFO] [1748068537.291760493]: [1748068537.292] Reference trajectory - x: 3.036449, y: 0.000000, phi: 0.000000, v: 0.489625, w: 0.000000[0m
[0m[ INFO] [1748068537.291806318]: [1748068537.292] v: 1.369022, w: -4.613318[0m
[0m[ INFO] [1748068537.296093307]: Received reference trajectory - x: 3085.376221, y: 0.000000, phi: 0.000000, v: 487.612579, w: 0.000000[0m
[0m[ INFO] [1748068537.391168170]: [1748068537.391] Robot state - x: 2.889765, y: -0.335718, phi: -2.942518[0m
[0m[ INFO] [1748068537.391266988]: [1748068537.391] Reference trajectory - x: 3.085376, y: 0.000000, phi: 0.000000, v: 0.487613, w: 0.000000[0m
[0m[ INFO] [1748068537.391341037]: [1748068537.391] v: 1.925498, w: 18.812872[0m
[0m[ INFO] [1748068537.396152836]: Received reference trajectory - x: 3133.981445, y: 0.000000, phi: 0.000000, v: 485.427277, w: 0.000000[0m
[0m[ INFO] [1748068537.492222501]: [1748068537.492] Robot state - x: 2.809899, y: -0.336794, phi: -2.597794[0m
[0m[ INFO] [1748068537.492378408]: [1748068537.492] Reference trajectory - x: 3.133981, y: 0.000000, phi: 0.000000, v: 0.485427, w: 0.000000[0m
[0m[ INFO] [1748068537.492441193]: [1748068537.492] v: 2.544868, w: 17.559023[0m
[0m[ INFO] [1748068537.494859092]: Received reference trajectory - x: 3182.401123, y: 0.000000, phi: 0.000000, v: 483.062469, w: 0.000000[0m
[0m[ INFO] [1748068537.592036201]: [1748068537.592] Robot state - x: 2.733315, y: -0.365799, phi: -2.271857[0m
[0m[ INFO] [1748068537.592161868]: [1748068537.592] Reference trajectory - x: 3.182401, y: 0.000000, phi: 0.000000, v: 0.483062, w: 0.000000[0m
[0m[ INFO] [1748068537.592211372]: [1748068537.592] v: 3.189578, w: 16.659597[0m
[0m[ INFO] [1748068537.595371589]: Received reference trajectory - x: 3230.566895, y: 0.000000, phi: 0.000000, v: 480.520355, w: 0.000000[0m
[0m[ INFO] [1748068537.691609385]: [1748068537.692] Robot state - x: 2.671347, y: -0.419013, phi: -1.940379[0m
[0m[ INFO] [1748068537.691734124]: [1748068537.692] Reference trajectory - x: 3.230567, y: 0.000000, phi: 0.000000, v: 0.480520, w: 0.000000[0m
[0m[ INFO] [1748068537.691780428]: [1748068537.692] v: 3.808858, w: 15.989460[0m
[0m[ INFO] [1748068537.695398829]: Received reference trajectory - x: 3278.504150, y: 0.000000, phi: 0.000000, v: 477.798553, w: 0.000000[0m
[0m[ INFO] [1748068537.791124840]: [1748068537.791] Robot state - x: 2.633199, y: -0.486184, phi: -1.571231[0m
[0m[ INFO] [1748068537.791235146]: [1748068537.791] Reference trajectory - x: 3.278504, y: 0.000000, phi: 0.000000, v: 0.477799, w: 0.000000[0m
[0m[ INFO] [1748068537.791282283]: [1748068537.791] v: 4.358011, w: 15.325983[0m
[0m[ INFO] [1748068537.795110416]: Received reference trajectory - x: 3326.117432, y: 0.000000, phi: 0.000000, v: 474.901520, w: 0.000000[0m
[0m[ INFO] [1748068537.891667130]: [1748068537.892] Robot state - x: 2.618585, y: -0.563055, phi: -1.207816[0m
[0m[ INFO] [1748068537.891893310]: [1748068537.892] Reference trajectory - x: 3.326118, y: 0.000000, phi: 0.000000, v: 0.474902, w: 0.000000[0m
[0m[ INFO] [1748068537.891969215]: [1748068537.892] v: 4.830278, w: 14.803556[0m
[0m[ INFO] [1748068537.894888916]: Received reference trajectory - x: 3373.464844, y: 0.000000, phi: 0.000000, v: 471.824677, w: 0.000000[0m
[0m[ INFO] [1748068537.991122327]: [1748068537.991] Robot state - x: 2.632289, y: -0.641539, phi: -0.861213[0m
[0m[ INFO] [1748068537.991218425]: [1748068537.991] Reference trajectory - x: 3.373465, y: 0.000000, phi: 0.000000, v: 0.471825, w: 0.000000[0m
[0m[ INFO] [1748068537.991268666]: [1748068537.991] v: 5.197513, w: 14.388430[0m
[0m[ INFO] [1748068537.994793177]: Received reference trajectory - x: 3420.487549, y: 0.000000, phi: 0.000000, v: 468.570587, w: 0.000000[0m
[0m[ INFO] [1748068538.091088978]: [1748068538.091] Robot state - x: 2.673367, y: -0.712150, phi: -0.533397[0m
[0m[ INFO] [1748068538.091212692]: [1748068538.091] Reference trajectory - x: 3.420488, y: 0.000000, phi: 0.000000, v: 0.468571, w: 0.000000[0m
[0m[ INFO] [1748068538.091288694]: [1748068538.091] v: 5.454538, w: 13.994082[0m
[0m[ INFO] [1748068538.094859093]: Received reference trajectory - x: 3467.171387, y: 0.000000, phi: 0.000000, v: 465.139069, w: 0.000000[0m
[0m[ INFO] [1748068538.190969322]: [1748068538.191] Robot state - x: 2.736927, y: -0.766315, phi: -0.222489[0m
[0m[ INFO] [1748068538.191290831]: [1748068538.191] Reference trajectory - x: 3.467171, y: 0.000000, phi: 0.000000, v: 0.465139, w: 0.000000[0m
[0m[ INFO] [1748068538.191339952]: [1748068538.191] v: 5.613845, w: 13.524782[0m
[0m[ INFO] [1748068538.194857583]: Received reference trajectory - x: 3513.516602, y: 0.000000, phi: 0.000000, v: 461.528687, w: 0.000000[0m
[0m[ INFO] [1748068538.291199303]: [1748068538.291] Robot state - x: 2.814932, y: -0.798457, phi: 0.062595[0m
[0m[ INFO] [1748068538.291292745]: [1748068538.291] Reference trajectory - x: 3.513517, y: 0.000000, phi: 0.000000, v: 0.461529, w: 0.000000[0m
[0m[ INFO] [1748068538.291472812]: [1748068538.291] v: 5.703229, w: 12.955011[0m
[0m[ INFO] [1748068538.294883081]: Received reference trajectory - x: 3559.466309, y: 0.000000, phi: 0.000000, v: 457.742615, w: 0.000000[0m
[0m[ INFO] [1748068538.391105983]: [1748068538.391] Robot state - x: 2.902161, y: -0.805801, phi: 0.339591[0m
[0m[ INFO] [1748068538.391198561]: [1748068538.391] Reference trajectory - x: 3.559466, y: 0.000000, phi: 0.000000, v: 0.457743, w: 0.000000[0m
[0m[ INFO] [1748068538.391244226]: [1748068538.391] v: 5.740518, w: 12.179510[0m
[0m[ INFO] [1748068538.394758241]: Received reference trajectory - x: 3605.043701, y: 0.000000, phi: 0.000000, v: 453.777557, w: 0.000000[0m
[0m[ INFO] [1748068538.491469504]: [1748068538.491] Robot state - x: 2.973320, y: -0.794519, phi: 0.528861[0m
[0m[ INFO] [1748068538.491624706]: [1748068538.492] Reference trajectory - x: 3.605044, y: 0.000000, phi: 0.000000, v: 0.453778, w: 0.000000[0m
[0m[ INFO] [1748068538.491701412]: [1748068538.492] v: 5.832960, w: 11.568860[0m
[0m[ INFO] [1748068538.495538248]: Received reference trajectory - x: 3650.233398, y: 0.000000, phi: 0.000000, v: 449.633057, w: 0.000000[0m
[0m[ INFO] [1748068538.591564635]: [1748068538.591] Robot state - x: 3.054342, y: -0.754433, phi: 0.768570[0m
[0m[ INFO] [1748068538.591786303]: [1748068538.592] Reference trajectory - x: 3.650234, y: 0.000000, phi: 0.000000, v: 0.449633, w: 0.000000[0m
[0m[ INFO] [1748068538.591849536]: [1748068538.592] v: 5.872479, w: 10.465951[0m
[0m[ INFO] [1748068538.594754388]: Received reference trajectory - x: 3694.962646, y: 0.000000, phi: 0.000000, v: 445.314270, w: 0.000000[0m
[0m[ INFO] [1748068538.691281008]: [1748068538.691] Robot state - x: 3.129032, y: -0.698700, phi: 0.992962[0m
[0m[ INFO] [1748068538.691403698]: [1748068538.691] Reference trajectory - x: 3.694963, y: 0.000000, phi: 0.000000, v: 0.445314, w: 0.000000[0m
[0m[ INFO] [1748068538.691564789]: [1748068538.692] v: 5.926070, w: 9.254756[0m
[0m[ INFO] [1748068538.694786382]: Received reference trajectory - x: 3739.269775, y: 0.000000, phi: 0.000000, v: 440.815948, w: 0.000000[0m
[0m[ INFO] [1748068538.791025829]: [1748068538.791] Robot state - x: 3.190071, y: -0.626141, phi: 1.198663[0m
[0m[ INFO] [1748068538.791180808]: [1748068538.791] Reference trajectory - x: 3.739270, y: 0.000000, phi: 0.000000, v: 0.440816, w: 0.000000[0m
[0m[ INFO] [1748068538.791230857]: [1748068538.791] v: 6.027642, w: 7.931952[0m
[0m[ INFO] [1748068538.794743751]: Received reference trajectory - x: 3783.117432, y: 0.000000, phi: 0.000000, v: 436.139954, w: 0.000000[0m
[0m[ INFO] [1748068538.891137345]: [1748068538.891] Robot state - x: 3.234815, y: -0.540716, phi: 1.389335[0m
[0m[ INFO] [1748068538.891284003]: [1748068538.891] Reference trajectory - x: 3.783118, y: 0.000000, phi: 0.000000, v: 0.436140, w: 0.000000[0m
[0m[ INFO] [1748068538.891513671]: [1748068538.891] v: 6.192731, w: 6.517272[0m
[0m[ INFO] [1748068538.894781986]: Received reference trajectory - x: 3826.489746, y: 0.000000, phi: 0.000000, v: 431.286072, w: 0.000000[0m
[0m[ INFO] [1748068538.991402591]: [1748068538.991] Robot state - x: 3.262785, y: -0.446308, phi: 1.557557[0m
[0m[ INFO] [1748068538.991521217]: [1748068538.991] Reference trajectory - x: 3.826490, y: 0.000000, phi: 0.000000, v: 0.431286, w: 0.000000[0m
[0m[ INFO] [1748068538.991566082]: [1748068538.992] v: 6.428370, w: 5.074990[0m
[0m[ INFO] [1748068538.996428249]: Received reference trajectory - x: 3869.413818, y: 0.000000, phi: 0.000000, v: 426.248871, w: 0.000000[0m
[0m[ INFO] [1748068539.091339211]: [1748068539.091] Robot state - x: 3.273585, y: -0.351515, phi: 1.693588[0m
[0m[ INFO] [1748068539.091456397]: [1748068539.091] Reference trajectory - x: 3.869414, y: 0.000000, phi: 0.000000, v: 0.426249, w: 0.000000[0m
[0m[ INFO] [1748068539.091538991]: [1748068539.092] v: 6.741540, w: 3.727005[0m
[0m[ INFO] [1748068539.094941451]: Received reference trajectory - x: 3911.746582, y: 0.000000, phi: 0.000000, v: 421.043304, w: 0.000000[0m
[0m[ INFO] [1748068539.191291190]: [1748068539.191] Robot state - x: 3.268594, y: -0.248324, phi: 1.816721[0m
[0m[ INFO] [1748068539.191422809]: [1748068539.191] Reference trajectory - x: 3.911747, y: 0.000000, phi: 0.000000, v: 0.421043, w: 0.000000[0m
[0m[ INFO] [1748068539.191471322]: [1748068539.191] v: 7.130923, w: 2.316335[0m
[0m[ INFO] [1748068539.194834677]: Received reference trajectory - x: 3953.573975, y: 0.000000, phi: 0.000000, v: 415.657196, w: 0.000000[0m
[0m[ INFO] [1748068539.291462981]: [1748068539.291] Robot state - x: 3.250665, y: -0.149349, phi: 1.929539[0m
[0m[ INFO] [1748068539.291593768]: [1748068539.292] Reference trajectory - x: 3.953574, y: 0.000000, phi: 0.000000, v: 0.415657, w: 0.000000[0m
[0m[ INFO] [1748068539.291647049]: [1748068539.292] v: 7.589253, w: 0.956218[0m
[0m[ INFO] [1748068539.294938819]: Received reference trajectory - x: 3994.872314, y: 0.000000, phi: 0.000000, v: 410.090851, w: 0.000000[0m
[0m[ INFO] [1748068539.391891001]: [1748068539.392] Robot state - x: 3.219947, y: -0.048376, phi: 2.028345[0m
[0m[ INFO] [1748068539.391984219]: [1748068539.392] Reference trajectory - x: 3.994872, y: 0.000000, phi: 0.000000, v: 0.410091, w: 0.000000[0m
[0m[ INFO] [1748068539.392036348]: [1748068539.392] v: 8.119713, w: -0.399471[0m
[0m[ INFO] [1748068539.395206612]: Received reference trajectory - x: 4035.588867, y: 0.000000, phi: 0.000000, v: 404.348907, w: 0.000000[0m
[0m[ INFO] [1748068539.491267898]: [1748068539.491] Robot state - x: 3.178804, y: 0.049739, phi: 2.104990[0m
[0m[ INFO] [1748068539.491404956]: [1748068539.491] Reference trajectory - x: 4.035589, y: 0.000000, phi: 0.000000, v: 0.404349, w: 0.000000[0m
[0m[ INFO] [1748068539.491452765]: [1748068539.491] v: 8.715652, w: -1.670366[0m
[0m[ INFO] [1748068539.495102782]: Received reference trajectory - x: 4075.728027, y: 0.000000, phi: 0.000000, v: 398.428467, w: 0.000000[0m
[0m[ INFO] [1748068539.591406088]: [1748068539.591] Robot state - x: 3.127241, y: 0.146191, phi: 2.171763[0m
[0m[ INFO] [1748068539.591498794]: [1748068539.591] Reference trajectory - x: 4.075728, y: 0.000000, phi: 0.000000, v: 0.398428, w: 0.000000[0m
[0m[ INFO] [1748068539.591542379]: [1748068539.592] v: 9.380178, w: -2.916410[0m
[0m[ INFO] [1748068539.594844101]: Received reference trajectory - x: 4115.267090, y: 0.000000, phi: 0.000000, v: 392.330139, w: 0.000000[0m
[0m[ INFO] [1748068539.691139024]: [1748068539.691] Robot state - x: 3.070609, y: 0.237532, phi: 2.213381[0m
[0m[ INFO] [1748068539.691229617]: [1748068539.691] Reference trajectory - x: 4.115267, y: 0.000000, phi: 0.000000, v: 0.392330, w: 0.000000[0m
[0m[ INFO] [1748068539.691274258]: [1748068539.691] v: 10.092999, w: -4.041803[0m
[0m[ INFO] [1748068539.695220248]: Received reference trajectory - x: 4154.202637, y: 0.000000, phi: 0.000000, v: 386.051483, w: 0.000000[0m
[0m[ INFO] [1748068539.791368160]: [1748068539.791] Robot state - x: 3.005125, y: 0.330125, phi: 2.242580[0m
[0m[ INFO] [1748068539.791525091]: [1748068539.791] Reference trajectory - x: 4.154202, y: 0.000000, phi: 0.000000, v: 0.386051, w: 0.000000[0m
[0m[ INFO] [1748068539.791589220]: [1748068539.792] v: 10.871984, w: -5.159211[0m
[0m[ INFO] [1748068539.795107618]: Received reference trajectory - x: 4192.472656, y: 0.000000, phi: 0.000000, v: 379.599884, w: 0.000000[0m
[0m[ INFO] [17[0m[ INFO] [1748068528.594293266]: Trajectory Generator Node Started[0m
[0m[ INFO] [1748068528.613646185]: Reading trajectory coeffs[0m
48068539.891219529]: [1748068539.891] Robot state - x: 2.945615, y: 0.408884, phi: 2.251559[0m
[0m[ INFO] [1748068539.891639601]: [1748068539.892] Reference trajectory - x: 4.192472, y: 0.000000, phi: 0.000000, v: 0.379600, w: 0.000000[0m
[0m[ INFO] [1748068539.891691314]: [1748068539.892] v: 11.654890, w: -6.087125[0m
[0m[ INFO] [1748068539.895269457]: Received reference trajectory - x: 4230.113770, y: 0.000000, phi: 0.000000, v: 372.966034, w: 0.000000[0m
[0m[ INFO] [1748068539.992088421]: [1748068539.992] Robot state - x: 2.872818, y: 0.500522, phi: 2.250604[0m
[0m[ INFO] [1748068539.992188582]: [1748068539.992] Reference trajectory - x: 4.230114, y: 0.000000, phi: 0.000000, v: 0.372966, w: 0.000000[0m
[0m[ INFO] [1748068539.992306120]: [1748068539.992] v: 12.523680, w: -7.129273[0m
[0m[ INFO] [1748068539.995789190]: Received reference trajectory - x: 4267.060059, y: 0.000000, phi: 0.000000, v: 366.158661, w: 0.000000[0m
[0m[ INFO] [1748068540.092055940]: [1748068540.092] Robot state - x: 2.798797, y: 0.592720, phi: 2.242039[0m
[0m[ INFO] [1748068540.092189382]: [1748068540.092] Reference trajectory - x: 4.267060, y: 0.000000, phi: 0.000000, v: 0.366159, w: 0.000000[0m
[0m[ INFO] [1748068540.092236423]: [1748068540.092] v: 13.429528, w: -8.175732[0m
[0m[ INFO] [1748068540.095520289]: Received reference trajectory - x: 4303.333984, y: 0.000000, phi: 0.000000, v: 359.170197, w: 0.000000[0m
[0m[ INFO] [1748068540.191031856]: [1748068540.191] Robot state - x: 2.725026, y: 0.685131, phi: 2.229811[0m
[0m[ INFO] [1748068540.191119890]: [1748068540.191] Reference trajectory - x: 4.303334, y: 0.000000, phi: 0.000000, v: 0.359170, w: 0.000000[0m
[0m[ INFO] [1748068540.191295253]: [1748068540.191] v: 14.366263, w: -9.238922[0m
[0m[ INFO] [1748068540.195440542]: Received reference trajectory - x: 4338.894043, y: 0.000000, phi: 0.000000, v: 352.005157, w: 0.000000[0m
[0m[ INFO] [1748068540.291512567]: [1748068540.291] Robot state - x: 2.661086, y: 0.766504, phi: 2.219335[0m
[0m[ INFO] [1748068540.291642842]: [1748068540.292] Reference trajectory - x: 4.338894, y: 0.000000, phi: 0.000000, v: 0.352005, w: 0.000000[0m
[0m[ INFO] [1748068540.291753275]: [1748068540.292] v: 15.291687, w: -10.227882[0m
[0m[ INFO] [1748068540.294982548]: Received reference trajectory - x: 4373.734375, y: 0.000000, phi: 0.000000, v: 344.661041, w: 0.000000[0m
[0m[ INFO] [1748068540.396690225]: Received reference trajectory - x: 4407.858887, y: 0.000000, phi: 0.000000, v: 337.132904, w: 0.000000[0m
[0m[ INFO] [1748068540.397940327]: [1748068540.398] Robot state - x: 2.589287, y: 0.860202, phi: 2.208986[0m
[0m[ INFO] [1748068540.398046729]: [1748068540.398] Reference trajectory - x: 4.407859, y: 0.000000, phi: 0.000000, v: 0.337133, w: 0.000000[0m
[0m[ INFO] [1748068540.398119722]: [1748068540.398] v: 16.420635, w: -11.366364[0m
[0m[ INFO] [1748068540.495290807]: Received reference trajectory - x: 4441.158691, y: 0.000000, phi: 0.000000, v: 329.441376, w: 0.000000[0m
[0m[ INFO] [1748068540.571216174]: [1748068540.571] Robot state - x: 2.521647, y: 0.950642, phi: 2.196218[0m
[0m[ INFO] [1748068540.571358256]: [1748068540.571] Reference trajectory - x: 4.441159, y: 0.000000, phi: 0.000000, v: 0.329441, w: 0.000000[0m
[0m[ INFO] [1748068540.571411505]: [1748068540.571] v: 17.427780, w: -12.492270[0m
[0m[ INFO] [1748068524.736523998]: [I2C FOR MOTORS] Now launching this node in namespace: /asc[0m
[0m[ INFO] [1748068524.770246913]: [I2C FOR MOTORS] publish motor duty cycle requests from command line with: rostopic pub --once /asc/set_motor_duty_cycle asclinic_pkg/LeftRightFloat32 "{left: 10.1, right: 10.1}"[0m
[0m[ INFO] [1748068524.770406501]: [I2C FOR MOTORS] Successfully opened named /dev/i2c-1, with file descriptor = 10[0m
[0m[ INFO] [1748068524.770533351]: [I2C FOR MOTORS] Actual acceleration limit = 0.0003125%/ms (after conversation to "internal units")[0m
[0m[ INFO] [1748068524.770585768]: [I2C FOR MOTORS] Actual deceleration limit = 0.0015625%/ms (after conversation to "internal units")[0m
[0m[ INFO] [1748068524.770624809]: [I2C FOR MOTORS] Now initialising SMC with I2C address 13[0m
[0m[ INFO] [1748068524.793750200]: [I2C FOR MOTORS] Now initialising SMC with I2C address 14[0m
[0m[ INFO] [1748068524.808799717]: [I2C FOR MOTORS] Node initialisation complete[0m

[ARUCO DETECTOR] Camera properties upon initialisation:
CV_CAP_PROP_FRAME_HEIGHT : '480.0'
CV_CAP_PROP_FRAME_WIDTH :  '640.0'
CAP_PROP_FPS :             '30.0'
CAP_PROP_FOCUS :           '0.0'
CAP_PROP_AUTOFOCUS :       '0.0'
CAP_PROP_BRIGHTNESS :      '128.0'
CAP_PROP_CONTRAST :        '128.0'
CAP_PROP_SATURATION :      '128.0'
CAP_PROP_BUFFERSIZE :      '4.0'

[ARUCO DETECTOR] Camera properties upon initialisation:
CV_CAP_PROP_FRAME_HEIGHT : '1080.0'
CV_CAP_PROP_FRAME_WIDTH :  '1920.0'
CAP_PROP_FPS :             '5.0'
CAP_PROP_FOCUS :           '0.0'
CAP_PROP_AUTOFOCUS :       '0.0'
CAP_PROP_BRIGHTNESS :      '128.0'
CAP_PROP_CONTRAST :        '128.0'
CAP_PROP_SATURATION :      '128.0'
CAP_PROP_BUFFERSIZE :      '1.0'
[INFO] [1748068529.273489]: [ARUCO DETECTOR] As a double check of the camera properties set, a frame captured just now has dimensions = (1080, 1920, 3)
[INFO] [1748068529.277910]: [ARUCO DETECTOR] publish request from command line to save a single camera image using: rostopic pub --once /asc/request_save_image std_msgs/UInt32 1
[INFO] [1748068529.281642]: [ARUCO DETECTOR] Node initialisation complete
... logging to /home/asc/.ros/log/42870390-3869-11f0-b419-d8c0a650f677/roslaunch-asc12-jetson-11813.log
Checking log directory for disk usage. This may take a while.
Press Ctrl-C to interrupt
Done checking log file disk usage. Usage is <1GB.
]2;/home/asc/ASClinic/catkin_ws/src/asclinic_pkg/launch/trajectory.launch
[1mstarted roslaunch server http://asc12-jetson:36485/[0m

SUMMARY
========

PARAMETERS
 * /asc/aruco_detector/aruco_detector_desired_camera_fps: 5
 * /asc/aruco_detector/aruco_detector_desired_camera_frame_height: 1080
 * /asc/aruco_detector/aruco_detector_desired_camera_frame_width: 1920
 * /asc/aruco_detector/aruco_detector_marker_size: 0.25
 * /asc/aruco_detector/aruco_detector_save_image_path: /home/asc/saved_c...
 * /asc/aruco_detector/aruco_detector_should_publish_camera_images: False
 * /asc/aruco_detector/aruco_detector_should_save_all_aruco_images: False
 * /asc/aruco_detector/aruco_detector_should_show_camera_images: False
 * /asc/aruco_detector/aruco_detector_usb_camera_device_number: 0
 * /asc/aruco_detector/aruco_detector_verbosity: 1
 * /asc/encoder_read_multi_threaded/delta_t_for_publishing_encoder_counts: 0.1
 * /asc/encoder_read_multi_threaded/encoder_events_to_monitor: rising
 * /asc/encoder_read_multi_threaded/encoder_read_verbosity: 1
 * /asc/encoder_read_multi_threaded/gpio_chip_number_for_encoder_lines: 1
 * /asc/encoder_read_multi_threaded/line_number_for_left_side_encoder_channel_a: 105
 * /asc/encoder_read_multi_threaded/line_number_for_left_side_encoder_channel_b: 106
 * /asc/encoder_read_multi_threaded/line_number_for_right_side_encoder_channel_a: 84
 * /asc/encoder_read_multi_threaded/line_number_for_right_side_encoder_channel_b: 130
 * /asc/encoder_read_multi_threaded/should_monitor_left_side_encoder_channel_a: True
 * /asc/encoder_read_multi_threaded/should_monitor_left_side_encoder_channel_b: False
 * /asc/encoder_read_multi_threaded/should_monitor_right_side_encoder_channel_a: True
 * /asc/encoder_read_multi_threaded/should_monitor_right_side_encoder_channel_b: False
 * /asc/i2c_for_motors/motor_driver_current_limit_in_milliamps: 5000
 * /asc/i2c_for_motors/motor_driver_left_side_multiplier: 1
 * /asc/i2c_for_motors/motor_driver_max_accel_limit_in_percent_per_millisecond: 0.04
 * /asc/i2c_for_motors/motor_driver_max_decel_limit_in_percent_per_millisecond: 0.16
 * /asc/i2c_for_motors/motor_driver_max_duty_cycle_limit_in_percent: 100.0
 * /asc/i2c_for_motors/motor_driver_right_side_multiplier: 1
 * /asc/i2c_for_motors/motor_driver_verbosity: 1
 * /rosdistro: noetic
 * /rosversion: 1.17.0

NODES
  /
    aruco_positioning (asclinic_pkg/aruco_positioning.py)
    kf_fusion_node (asclinic_pkg/KF.py)
    odomdelta (asclinic_pkg/odomdelta)
    trajectory_generator (asclinic_pkg/trajectory_generator_state_space)
    trajectory_tracker (asclinic_pkg/trajectory_tracker_state_space)
    velocity_PI_control (asclinic_pkg/velocity_PI_control)
  /asc/
    aruco_detector (asclinic_pkg/aruco_detector.py)
    encoder_read_multi_threaded (asclinic_pkg/encoder_read_multi_threaded)
    i2c_for_motors (asclinic_pkg/i2c_for_motors)

[1mROS_MASTER_URI=http://localhost:11311[0m
]2;/home/asc/ASClinic/catkin_ws/src/asclinic_pkg/launch/trajectory.launch http://localhost:11311
[1mprocess[asc/i2c_for_motors-1]: started with pid [11898][0m
[1mprocess[asc/encoder_read_multi_threaded-2]: started with pid [11901][0m
[1mprocess[odomdelta-3]: started with pid [11907][0m
[1mprocess[asc/aruco_detector-4]: started with pid [11919][0m
[1mprocess[aruco_positioning-5]: started with pid [11926][0m
[1mprocess[trajectory_tracker-6]: started with pid [11927][0m
[1mprocess[trajectory_generator-7]: started with pid [11929][0m
[1mprocess[velocity_PI_control-8]: started with pid [11941][0m
[1mprocess[kf_fusion_node-9]: started with pid [11948][0m
[kf_fusion_node-9] killing on exit
[velocity_PI_control-8] killing on exit
[aruco_positioning-5] killing on exit
[trajectory_generator-7] killing on exit
[odomdelta-3] killing on exit
[asc/encoder_read_multi_threaded-2] killing on exit
[asc/i2c_for_motors-1] killing on exit
[asc/aruco_detector-4] killing on exit
[trajectory_tracker-6] killing on exit
shutting down processing monitor...
... shutting down processing monitor complete
[1mdone[0m
