[0m[ INFO] [1748070690.796645025]: [1748070690.796] Robot state - x: 0.000000, y: 0.000000, phi: 0.000000[0m
[0m[ INFO] [1748070690.800754288]: [1748070690.801] Reference trajectory - x: 0.000000, y: 0.000000, phi: 0.000000, v: 0.000000, w: 0.000000[0m
[0m[ INFO] [1748070690.896705217]: [1748070690.897] Robot state - x: 0.000000, y: 0.000000, phi: 0.000000[0m
[0m[ INFO] [1748070690.896850308]: [1748070690.897] Reference trajectory - x: 0.000000, y: 0.000000, phi: 0.000000, v: 0.000000, w: 0.000000[0m
[0m[ INFO] [1748070690.996238871]: [1748070690.996] Robot state - x: 0.000000, y: 0.000000, phi: 0.000000[0m
[0m[ INFO] [1748070690.996325529]: [1748070690.996] Reference trajectory - x: 0.000000, y: 0.000000, phi: 0.000000, v: 0.000000, w: 0.000000[0m
[0m[ INFO] [1748070691.096637147]: [1748070691.097] Robot state - x: 0.000000, y: 0.000000, phi: 0.000000[0m
[0m[ INFO] [1748070691.096788638]: [1748070691.097] Reference trajectory - x: 0.000000, y: 0.000000, phi: 0.000000, v: 0.000000, w: 0.000000[0m
[0m[ INFO] [1748070691.196859643]: [1748070691.197] Robot state - x: 0.000000, y: 0.000000, phi: 0.000000[0m
[0m[ INFO] [1748070691.197005182]: [1748070691.197] Reference trajectory - x: 0.000000, y: 0.000000, phi: 0.000000, v: 0.000000, w: 0.000000[0m
[0m[ INFO] [1748070691.297209085]: [1748070691.297] Robot state - x: 0.000000, y: 0.000000, phi: 0.000000[0m
[0m[ INFO] [1748070691.297309727]: [1748070691.297] Reference trajectory - x: 0.000000, y: 0.000000, phi: 0.000000, v: 0.000000, w: 0.000000[0m
[0m[ INFO] [1748070691.396578253]: [1748070691.396] Robot state - x: 0.000000, y: 0.000000, phi: 0.000000[0m
[0m[ INFO] [1748070691.396724240]: [1748070691.397] Reference trajectory - x: 0.000000, y: 0.000000, phi: 0.000000, v: 0.000000, w: 0.000000[0m
[0m[ INFO] [1748070691.496308548]: [1748070691.496] Robot state - x: 0.000000, y: 0.000000, phi: 0.000000[0m
[0m[ INFO] [1748070691.496471783]: [1748070691.496] Reference trajectory - x: 0.000000, y: 0.000000, phi: 0.000000, v: 0.000000, w: 0.000000[0m
[0m[ INFO] [1748070691.596734535]: [1748070691.597] Robot state - x: 0.000000, y: 0.000000, phi: 0.000000[0m
[0m[ INFO] [1748070691.596859274]: [1748070691.597] Reference trajectory - x: 0.000000, y: 0.000000, phi: 0.000000, v: 0.000000, w: 0.000000[0m
[0m[ INFO] [1748070691.704510712]: [1748070691.704] Robot state - x: 0.000000, y: 0.000000, phi: 0.000000[0m
[0m[ INFO] [1748070691.704931168]: [1748070691.705] Reference trajectory - x: 0.000000, y: 0.000000, phi: 0.000000, v: 0.000000, w: 0.000000[0m
[0m[ INFO] [1748070691.805356196]: [1748070691.805] Robot state - x: 0.000000, y: 0.000000, phi: 0.000000[0m
[0m[ INFO] [1748070691.807254920]: [1748070691.807] Reference trajectory - x: 0.000000, y: 0.000000, phi: 0.000000, v: 0.000000, w: 0.000000[0m
[0m[ INFO] [1748070691.896742331]: [1748070691.897] Robot state - x: 0.000000, y: 0.000000, phi: 0.000000[0m
[0m[ INFO] [1748070691.896832093]: [1748070691.897] Reference trajectory - x: 0.000000, y: 0.000000, phi: 0.000000, v: 0.000000, w: 0.000000[0m
[0m[ INFO] [1748070691.996218476]: [1748070691.996] Robot state - x: 0.000000, y: 0.000000, phi: 0.000000[0m
[0m[ INFO] [1748070691.996317454]: [1748070691.996] Reference trajectory - x: 0.000000, y: 0.000000, phi: 0.000000, v: 0.000000, w: 0.000000[0m
[0m[ INFO] [1748070692.027480387]: Received reference trajectory - x: 0.000049, y: 0.000000, phi: 0.000000, v: 66.666664, w: 0.000000[0m
[0m[ INFO] [1748070692.103921976]: [1748070692.104] Robot state - x: 0.000000, y: 0.000000, phi: 0.000000[0m
[0m[ INFO] [1748070692.105753211]: [1748070692.106] Reference trajectory - x: 0.000000, y: 0.000000, phi: 0.000000, v: 0.066667, w: 0.000000[0m
[0m[ INFO] [1748070692.106092514]: [1748070692.106] v: 0.066667, w: 0.000000[0m
[0m[ INFO] [1748070692.123987768]: Received reference trajectory - x: 6.321122, y: 0.012950, phi: 0.006172, v: 66.103661, w: 0.061723[0m
[0m[ INFO] [1748070692.196860234]: [1748070692.197] Robot state - x: 0.000000, y: 0.000000, phi: 0.000000[0m
[0m[ INFO] [1748070692.196965036]: [1748070692.197] Reference trajectory - x: 0.006321, y: 0.000013, phi: 0.000108, v: 0.066104, w: 0.001077[0m
[0m[ INFO] [1748070692.197217200]: [1748070692.197] v: 0.088633, w: 0.001458[0m
[0m[ INFO] [1748070692.222481044]: Received reference trajectory - x: 12.899642, y: 0.111545, phi: 0.026164, v: 65.532425, w: 0.199922[0m
[0m[ INFO] [1748070692.305983600]: [1748070692.306] Robot state - x: 0.000000, y: 0.000000, phi: 0.000000[0m
[0m[ INFO] [1748070692.306082962]: [1748070692.306] Reference trajectory - x: 0.012900, y: 0.000112, phi: 0.000457, v: 0.065532, w: 0.003489[0m
[0m[ INFO] [1748070692.306130131]: [1748070692.306] v: 0.112140, w: 0.005415[0m
[0m[ INFO] [1748070692.322171014]: Received reference trajectory - x: 19.419640, y: 0.385739, phi: 0.060320, v: 65.035812, w: 0.341551[0m
[0m[ INFO] [1748070692.396691063]: [1748070692.397] Robot state - x: 0.000202, y: -0.000000, phi: -0.001879[0m
[0m[ INFO] [1748070692.396787481]: [1748070692.397] Reference trajectory - x: 0.019420, y: 0.000386, phi: 0.001053, v: 0.065036, w: 0.005961[0m
[0m[ INFO] [1748070692.396834266]: [1748070692.397] v: 0.135452, w: 0.016510[0m
[0m[ INFO] [1748070692.422495332]: Received reference trajectory - x: 25.880047, y: 0.925432, phi: 0.108797, v: 64.707680, w: 0.484772[0m
[0m[ INFO] [1748070692.522992294]: Received reference trajectory - x: 32.287041, y: 1.821568, phi: 0.171450, v: 64.680443, w: 0.626537[0m
[0m[ INFO] [1748070692.571499878]: [1748070692.571] Robot state - x: 0.001616, y: 0.000004, phi: 0.003757[0m
[0m[ INFO] [1748070692.571710986]: [1748070692.572] Reference trajectory - x: 0.032287, y: 0.001822, phi: 0.002992, v: 0.064680, w: 0.010935[0m
[0m[ INFO] [1748070692.571767115]: [1748070692.572] v: 0.177840, w: 0.018784[0m
[0m[ INFO] [1748070692.596412930]: [1748070692.596] Robot state - x: 0.004847, y: 0.000016, phi: 0.015030[0m
[0m[ INFO] [1748070692.596505668]: [1748070692.596] Reference trajectory - x: 0.032287, y: 0.001822, phi: 0.002992, v: 0.064680, w: 0.010935[0m
[0m[ INFO] [1748070692.596606950]: [1748070692.597] v: 0.169390, w: -0.013455[0m
[0m[ INFO] [1748070692.622194927]: Received reference trajectory - x: 38.630127, y: 3.162809, phi: 0.247314, v: 65.120987, w: 0.758637[0m
[0m[ INFO] [1748070692.696809218]: [1748070692.697] Robot state - x: 0.009290, y: 0.000033, phi: 0.015030[0m
[0m[ INFO] [1748070692.696961893]: [1748070692.697] Reference trajectory - x: 0.038630, y: 0.003163, phi: 0.004316, v: 0.065121, w: 0.013241[0m
[0m[ INFO] [1748070692.697015974]: [1748070692.697] v: 0.179347, w: 0.000113[0m
[0m[ INFO] [1748070692.722052293]: Received reference trajectory - x: 44.911221, y: 5.038689, phi: 0.334589, v: 66.219460, w: 0.872746[0m
[0m[ INFO] [1748070692.796607190]: [1748070692.797] Robot state - x: 0.016358, y: 0.000146, phi: 0.016908[0m
[0m[ INFO] [1748070692.796694648]: [1748070692.797] Reference trajectory - x: 0.044911, y: 0.005039, phi: 0.005840, v: 0.066219, w: 0.015232[0m
[0m[ INFO] [1748070692.796741241]: [1748070692.797] v: 0.180576, w: 0.011090[0m
[0m[ INFO] [1748070692.822573831]: Received reference trajectory - x: 51.136715, y: 7.541206, phi: 0.430510, v: 68.175461, w: 0.959212[0m
[0m[ INFO] [1748070692.896405099]: [1748070692.896] Robot state - x: 0.025041, y: 0.000284, phi: 0.018787[0m
[0m[ INFO] [1748070692.896557678]: [1748070692.896] Reference trajectory - x: 0.051137, y: 0.007541, phi: 0.007514, v: 0.068175, w: 0.016741[0m
[0m[ INFO] [1748070692.896602927]: [1748070692.897] v: 0.176628, w: 0.025497[0m
[0m[ INFO] [1748070692.922276602]: Received reference trajectory - x: 57.301922, y: 10.758850, phi: 0.531265, v: 71.172005, w: 1.007554[0m
[0m[ INFO] [1748070692.997115601]: [1748070692.997] Robot state - x: 0.033926, y: 0.000451, phi: 0.022544[0m
[0m[ INFO] [1748070692.997203858]: [1748070692.997] Reference trajectory - x: 0.057302, y: 0.010759, phi: 0.009272, v: 0.071172, w: 0.017585[0m
[0m[ INFO] [1748070692.997254195]: [1748070692.997] v: 0.172542, w: 0.038101[0m
[0m[ INFO] [1748070693.022718426]: Received reference trajectory - x: 63.408886, y: 14.782692, phi: 0.632749, v: 75.358551, w: 1.014837[0m
[0m[ INFO] [1748070693.096514362]: [1748070693.096] Robot state - x: 0.043012, y: 0.000613, phi: 0.020666[0m
[0m[ INFO] [1748070693.096618332]: [1748070693.097] Reference trajectory - x: 0.063409, y: 0.014783, phi: 0.011044, v: 0.075359, w: 0.017712[0m
[0m[ INFO] [1748070693.096667933]: [1748070693.097] v: 0.168446, w: 0.070966[0m
[0m[ INFO] [1748070693.122682190]: Received reference trajectory - x: 69.456360, y: 19.702080, phi: 0.731084, v: 80.833885, w: 0.983345[0m
[0m[ INFO] [1748070693.197853641]: [1748070693.198] Robot state - x: 0.052300, y: 0.000840, phi: 0.024423[0m
[0m[ INFO] [1748070693.197969931]: [1748070693.198] Reference trajectory - x: 0.069456, y: 0.019702, phi: 0.012760, v: 0.080834, w: 0.017163[0m
[0m[ INFO] [1748070693.198080365]: [1748070693.198] v: 0.164413, w: 0.091772[0m
[0m[ INFO] [1748070693.222105688]: Received reference trajectory - x: 75.445282, y: 25.607922, phi: 0.823282, v: 87.647278, w: 0.921980[0m
[0m[ INFO] [1748070693.296427618]: [1748070693.296] Robot state - x: 0.061790, y: 0.001045, phi: 0.026302[0m
[0m[ INFO] [1748070693.296585125]: [1748070693.297] Reference trajectory - x: 0.075445, y: 0.025608, phi: 0.014369, v: 0.087647, w: 0.016092[0m
[0m[ INFO] [1748070693.296671047]: [1748070693.297] v: 0.160465, w: 0.123155[0m
[0m[ INFO] [1748070693.322328753]: Received reference trajectory - x: 81.373985, y: 32.588512, phi: 0.907438, v: 95.801964, w: 0.841564[0m
[0m[ INFO] [1748070693.396480152]: [1748070693.396] Robot state - x: 0.071480, y: 0.001300, phi: 0.030059[0m
[0m[ INFO] [1748070693.396574426]: [1748070693.397] Reference trajectory - x: 0.081374, y: 0.032589, phi: 0.015838, v: 0.095802, w: 0.014688[0m
[0m[ INFO] [1748070693.396621723]: [1748070693.397] v: 0.156577, w: 0.154615[0m
[0m[ INFO] [1748070693.422773198]: Received reference trajectory - x: 87.244370, y: 40.736130, phi: 0.982767, v: 105.276039, w: 0.753293[0m
[0m[ INFO] [1748070693.496467949]: [1748070693.496] Robot state - x: 0.081574, y: 0.001585, phi: 0.033816[0m
[0m[ INFO] [1748070693.496570415]: [1748070693.497] Reference trajectory - x: 0.087244, y: 0.040736, phi: 0.017153, v: 0.105276, w: 0.013147[0m
[0m[ INFO] [1748070693.496662033]: [1748070693.497] v: 0.151987, w: 0.192421[0m
[0m[ INFO] [1748070693.522305306]: Received reference trajectory - x: 93.051826, y: 50.133408, phi: 1.049221, v: 116.020065, w: 0.664532[0m
[0m[ INFO] [1748070693.596731399]: [1748070693.597] Robot state - x: 0.091465, y: 0.001891, phi: 0.035695[0m
[0m[ INFO] [1748070693.596852073]: [1748070693.597] Reference trajectory - x: 0.093052, y: 0.050133, phi: 0.018312, v: 0.116020, w: 0.011598[0m
[0m[ INFO] [1748070693.596896394]: [1748070693.597] v: 0.148743, w: 0.242701[0m
[0m[ INFO] [1748070693.622197165]: Received reference trajectory - x: 98.804817, y: 60.884483, phi: 1.107417, v: 128.002792, w: 0.581966[0m
[0m[ INFO] [1748070693.696573241]: [1748070693.696] Robot state - x: 0.101355, y: 0.002254, phi: 0.041331[0m
[0m[ INFO] [1748070693.696663322]: [1748070693.697] Reference trajectory - x: 0.098805, y: 0.060884, phi: 0.019328, v: 0.128003, w: 0.010157[0m
[0m[ INFO] [1748070693.696711451]: [1748070693.697] v: 0.146142, w: 0.289936[0m
[0m[ INFO] [1748070693.722567049]: Received reference trajectory - x: 104.495743, y: 73.065857, phi: 1.158069, v: 141.162094, w: 0.506522[0m
[0m[ INFO] [1748070693.796781297]: [1748070693.797] Robot state - x: 0.111041, y: 0.002636, phi: 0.048846[0m
[0m[ INFO] [1748070693.796900148]: [1748070693.797] Reference trajectory - x: 0.104496, y: 0.073066, phi: 0.020212, v: 0.141162, w: 0.008840[0m
[0m[ INFO] [1748070693.796950901]: [1748070693.797] v: 0.144805, w: 0.340318[0m
[0m[ INFO] [1748070693.822079444]: Received reference trajectory - x: 110.127724, y: 86.773209, phi: 1.202096, v: 155.461166, w: 0.440261[0m
[0m[ INFO] [1748070693.896173883]: [1748070693.896] Robot state - x: 0.121532, y: 0.003129, phi: 0.060118[0m
[0m[ INFO] [1748070693.896263804]: [1748070693.896] Reference trajectory - x: 0.110128, y: 0.086773, phi: 0.020981, v: 0.155461, w: 0.007684[0m
[0m[ INFO] [1748070693.896488257]: [1748070693.896] v: 0.141134, w: 0.388703[0m
[0m[ INFO] [1748070693.922014824]: Received reference trajectory - x: 115.699959, y: 102.094414, phi: 1.240361, v: 170.860046, w: 0.382658[0m
[0m[ INFO] [1748070693.996651321]: [1748070693.997] Robot state - x: 0.131816, y: 0.003700, phi: 0.073269[0m
[0m[ INFO] [1748070693.996812796]: [1748070693.997] Reference trajectory - x: 0.115700, y: 0.102094, phi: 0.021648, v: 0.170860, w: 0.006679[0m
[0m[ INFO] [1748070693.996864413]: [1748070693.997] v: 0.138599, w: 0.441328[0m
[0m[ INFO] [1748070694.022526598]: Received reference trajectory - x: 121.225624, y: 119.161995, phi: 1.273746, v: 187.366928, w: 0.333848[0m
[0m[ INFO] [1748070694.096854030]: [1748070694.097] Robot state - x: 0.141891, y: 0.004382, phi: 0.088299[0m
[0m[ INFO] [1748070694.097041330]: [1748070694.097] Reference trajectory - x: 0.121226, y: 0.119162, phi: 0.022231, v: 0.187367, w: 0.005827[0m
[0m[ INFO] [1748070694.097126867]: [1748070694.097] v: 0.137280, w: 0.498929[0m
[0m[ INFO] [1748070694.123724622]: Received reference trajectory - x: 126.673203, y: 137.965363, phi: 1.302779, v: 204.858444, w: 0.290328[0m
[0m[ INFO] [1748070694.197951061]: [1748070694.198] Robot state - x: 0.151552, y: 0.005183, phi: 0.107086[0m
[0m[ INFO] [1748070694.198042646]: [1748070694.198] Reference trajectory - x: 0.126673, y: 0.137965, phi: 0.022738, v: 0.204858, w: 0.005067[0m
[0m[ INFO] [1748070694.198089751]: [1748070694.198] v: 0.137689, w: 0.556153[0m
[0m[ INFO] [1748070694.222331173]: Received reference trajectory - x: 132.065903, y: 158.666595, phi: 1.328215, v: 223.381668, w: 0.254360[0m
[0m[ INFO] [1748070694.296476554]: [1748070694.296] Robot state - x: 0.161400, y: 0.006157, phi: 0.127751[0m
[0m[ INFO] [1748070694.296568140]: [1748070694.297] Reference trajectory - x: 0.132066, y: 0.158667, phi: 0.023182, v: 0.223382, w: 0.004439[0m
[0m[ INFO] [1748070694.296644429]: [1748070694.297] v: 0.137845, w: 0.619213[0m
[0m[ INFO] [1748070694.323505741]: Received reference trajectory - x: 137.408676, y: 181.382919, phi: 1.350592, v: 242.939575, w: 0.223772[0m
[0m[ INFO] [1748070694.397559472]: [1748070694.397] Robot state - x: 0.172027, y: 0.007431, phi: 0.152174[0m
[0m[ INFO] [1748070694.397680370]: [1748070694.398] Reference trajectory - x: 0.137409, y: 0.181383, phi: 0.023572, v: 0.242940, w: 0.003906[0m
[0m[ INFO] [1748070694.397770004]: [1748070694.398] v: 0.135633, w: 0.682834[0m
[0m[ INFO] [1748070694.422198277]: Received reference trajectory - x: 142.680130, y: 206.111450, phi: 1.370269, v: 263.437347, w: 0.196769[0m
[0m[ INFO] [1748070694.504724362]: [1748070694.505] Robot state - x: 0.182425, y: 0.008906, phi: 0.178476[0m
[0m[ INFO] [1748070694.504852940]: [1748070694.505] Reference trajectory - x: 0.142680, y: 0.206111, phi: 0.023916, v: 0.263437, w: 0.003434[0m
[0m[ INFO] [1748070694.504953614]: [1748070694.505] v: 0.134398, w: 0.753092[0m
[0m[ INFO] [1748070694.523341741]: Received reference trajectory - x: 147.898407, y: 233.023392, phi: 1.387694, v: 284.930695, w: 0.174251[0m
[0m[ INFO] [1748070694.597048617]: [1748070694.597] Robot state - x: 0.192784, y: 0.010634, phi: 0.204778[0m
[0m[ INFO] [1748070694.597147595]: [1748070694.597] Reference trajectory - x: 0.147898, y: 0.233023, phi: 0.024220, v: 0.284931, w: 0.003041[0m
[0m[ INFO] [1748070694.597192172]: [1748070694.597] v: 0.133596, w: 0.836251[0m
[0m[ INFO] [1748070694.622207336]: Received reference trajectory - x: 153.055664, y: 262.171143, phi: 1.403156, v: 307.378113, w: 0.154619[0m
[0m[ INFO] [1748070694.698564855]: [1748070694.698] Robot state - x: 0.203478, y: 0.012772, phi: 0.242351[0m
[0m[ INFO] [1748070694.698682298]: [1748070694.699] Reference trajectory - x: 0.153056, y: 0.262171, phi: 0.024490, v: 0.307378, w: 0.002699[0m
[0m[ INFO] [1748070694.698750107]: [1748070694.699] v: 0.131820, w: 0.899569[0m
[0m[ INFO] [1748070694.723900730]: Received reference trajectory - x: 158.161926, y: 293.706665, phi: 1.416950, v: 330.816803, w: 0.137937[0m
[0m[ INFO] [1748070694.797271824]: [1748070694.797] Robot state - x: 0.213913, y: 0.015155, phi: 0.281804[0m
[0m[ INFO] [1748070694.797363666]: [1748070694.797] Reference trajectory - x: 0.158162, y: 0.293707, phi: 0.024730, v: 0.330817, w: 0.002407[0m
[0m[ INFO] [1748070694.797407091]: [1748070694.797] v: 0.131224, w: 0.971941[0m
[0m[ INFO] [1748070694.822457520]: Received reference trajectory - x: 163.196671, y: 327.589813, phi: 1.429247, v: 355.143616, w: 0.122976[0m
[0m[ INFO] [1748070694.896205069]: [1748070694.896] Robot state - x: 0.224247, y: 0.017947, phi: 0.325014[0m
[0m[ INFO] [1748070694.896322864]: [1748070694.896] Reference trajectory - x: 0.163197, y: 0.327590, phi: 0.024945, v: 0.355144, w: 0.002146[0m
[0m[ INFO] [1748070694.896411249]: [1748070694.896] v: 0.131091, w: 1.047052[0m
[0m[ INFO] [1748070694.922167932]: Received reference trajectory - x: 168.174515, y: 364.000763, phi: 1.440280, v: 380.419495, w: 0.110323[0m
[0m[ INFO] [1748070694.997721052]: [1748070694.998] Robot state - x: 0.234841, y: 0.021286, phi: 0.371981[0m
[0m[ INFO] [1748070694.997868702]: [1748070694.998] Reference trajectory - x: 0.168175, y: 0.364001, phi: 0.025138, v: 0.380419, w: 0.001925[0m
[0m[ INFO] [1748070694.997943584]: [1748070694.998] v: 0.130245, w: 1.125360[0m
[0m[ INFO] [1748070695.022088363]: Received reference trajectory - x: 173.095535, y: 403.033875, phi: 1.450207, v: 406.641235, w: 0.099277[0m
[0m[ INFO] [1748070695.098269076]: [1748070695.098] Robot state - x: 0.244894, y: 0.024960, phi: 0.422706[0m
[0m[ INFO] [1748070695.098406679]: [1748070695.098] Reference trajectory - x: 0.173096, y: 0.403034, phi: 0.025311, v: 0.406641, w: 0.001733[0m
[0m[ INFO] [1748070695.098543066]: [1748070695.099] v: 0.131508, w: 1.208735[0m
[0m[ INFO] [1748070695.123674712]: Received reference trajectory - x: 177.961548, y: 444.799988, phi: 1.459170, v: 433.816650, w: 0.089632[0m
[0m[ INFO] [1748070695.197418962]: [1748070695.197] Robot state - x: 0.254938, y: 0.029209, phi: 0.479067[0m
[0m[ INFO] [1748070695.197564533]: [1748070695.198] Reference trajectory - x: 0.177962, y: 0.444800, phi: 0.025467, v: 0.433817, w: 0.001564[0m
[0m[ INFO] [1748070695.197673751]: [1748070695.198] v: 0.133047, w: 1.291311[0m
[0m[ INFO] [1748070695.222192521]: Received reference trajectory - x: 182.764709, y: 489.322601, phi: 1.467273, v: 461.898499, w: 0.081023[0m
[0m[ INFO] [1748070695.298916157]: [1748070695.299] Robot state - x: 0.264736, y: 0.033998, phi: 0.542942[0m
[0m[ INFO] [1748070695.299307396]: [1748070695.299] Reference trajectory - x: 0.182765, y: 0.489323, phi: 0.025609, v: 0.461899, w: 0.001414[0m
[0m[ INFO] [1748070695.299557257]: [1748070695.299] v: 0.135630, w: 1.368227[0m
[0m[ INFO] [1748070695.322186103]: Received reference trajectory - x: 187.504730, y: 536.681335, phi: 1.474617, v: 490.879059, w: 0.073438[0m
[0m[ INFO] [1748070695.398055418]: [1748070695.398] Robot state - x: 0.274239, y: 0.039349, phi: 0.610575[0m
[0m[ INFO] [1748070695.398222878]: [1748070695.398] Reference trajectory - x: 0.187505, y: 0.536681, phi: 0.025737, v: 0.490879, w: 0.001282[0m
[0m[ INFO] [1748070695.398320095]: [1748070695.398] v: 0.139439, w: 1.450812[0m
[0m[ INFO] [1748070695.422095076]: Received reference trajectory - x: 192.188461, y: 587.033203, phi: 1.481300, v: 520.796875, w: 0.066831[0m
[0m[ INFO] [1748070695.500043022]: [1748070695.500] Robot state - x: 0.283358, y: 0.045330, phi: 0.685723[0m
[0m[ INFO] [1748070695.500172497]: [1748070695.500] Reference trajectory - x: 0.192188, y: 0.587033, phi: 0.025854, v: 0.520797, w: 0.001166[0m
[0m[ INFO] [1748070695.500235058]: [1748070695.500] v: 0.144875, w: 1.529005[0m
[0m[ INFO] [1748070695.523104165]: Received reference trajectory - x: 196.817047, y: 640.488953, phi: 1.487398, v: 551.660034, w: 0.060981[0m
[0m[ INFO] [1748070695.597159621]: [1748070695.597] Robot state - x: 0.292837, y: 0.052551, phi: 0.766507[0m
[0m[ INFO] [1748070695.597267911]: [1748070695.597] Reference trajectory - x: 0.196817, y: 0.640489, phi: 0.025960, v: 0.551660, w: 0.001064[0m
[0m[ INFO] [1748070695.597517900]: [1748070695.597] v: 0.149334, w: 1.605694[0m
[0m[ INFO] [1748070695.622070271]: Received reference trajectory - x: 201.380936, y: 697.026489, phi: 1.492964, v: 583.402100, w: 0.055657[0m
[0m[ INFO] [1748070695.696701611]: [1748070695.697] Robot state - x: 0.301732, y: 0.060479, phi: 0.851048[0m
[0m[ INFO] [1748070695.696801069]: [1748070695.697] Reference trajectory - x: 0.201381, y: 0.697026, phi: 0.026057, v: 0.583402, w: 0.000971[0m
[0m[ INFO] [1748070695.696854958]: [1748070695.697] v: 0.156037, w: 1.689255[0m
[0m[ INFO] [1748070695.722103310]: Received reference trajectory - x: 205.887009, y: 756.816101, phi: 1.498062, v: 616.067566, w: 0.050990[0m
[0m[ INFO] [1748070695.796780442]: [1748070695.797] Robot state - x: 0.309779, y: 0.068991, phi: 0.944983[0m
[0m[ INFO] [1748070695.796922173]: [1748070695.797] Reference trajectory - x: 0.205887, y: 0.756816, phi: 0.026146, v: 0.616068, w: 0.000890[0m
[0m[ INFO] [1748070695.796968190]: [1748070695.797] v: 0.166047, w: 1.765372[0m
[0m[ INFO] [1748070695.822103196]: Received reference trajectory - x: 210.333725, y: 819.929138, phi: 1.502742, v: 649.644348, w: 0.046796[0m
[0m[ INFO] [1748070695.896921099]: [1748070695.897] Robot state - x: 0.317295, y: 0.078497, phi: 1.046432[0m
[0m[ INFO] [1748070695.897046221]: [1748070695.897] Reference trajectory - x: 0.210334, y: 0.819929, phi: 0.026228, v: 0.649644, w: 0.000817[0m
[0m[ INFO] [1748070695.897136079]: [1748070695.897] v: 0.178297, w: 1.837845[0m
[0m[ INFO] [1748070695.922364335]: Received reference trajectory - x: 214.722519, y: 886.477356, phi: 1.507047, v: 684.142456, w: 0.043047[0m
[0m[ INFO] [1748070695.997262655]: [1748070695.997] Robot state - x: 0.324325, y: 0.089343, phi: 1.147882[0m
[0m[ INFO] [1748070695.997389570]: [1748070695.997] Reference trajectory - x: 0.214723, y: 0.886477, phi: 0.026303, v: 0.684142, w: 0.000751[0m
[0m[ INFO] [1748070695.997435395]: [1748070695.997] v: 0.192684, w: 1.927182[0m
[0m[ INFO] [1748070696.022102199]: Received reference trajectory - x: 219.050323, y: 956.503906, phi: 1.511011, v: 719.536377, w: 0.039647[0m
[0m[ INFO] [1748070696.098530050]: [1748070696.098] Robot state - x: 0.330134, y: 0.100889, phi: 1.264361[0m
[0m[ INFO] [1748070696.098726310]: [1748070696.099] Reference trajectory - x: 0.219050, y: 0.956504, phi: 0.026372, v: 0.719536, w: 0.000692[0m
[0m[ INFO] [1748070696.098795495]: [1748070696.099] v: 0.211839, w: 1.994211[0m
[0m[ INFO] [1748070696.123163510]: Received reference trajectory - x: 223.322128, y: 1030.181885, phi: 1.514674, v: 755.866821, w: 0.036624[0m
[0m[ INFO] [1748070696.196621129]: [1748070696.197] Robot state - x: 0.334924, y: 0.113544, phi: 1.386476[0m
[0m[ INFO] [1748070696.196712331]: [1748070696.197] Reference trajectory - x: 0.223322, y: 1.030182, phi: 0.026436, v: 0.755867, w: 0.000639[0m
[0m[ INFO] [1748070696.196764748]: [1748070696.197] v: 0.235213, w: 2.064884[0m
[0m[ INFO] [1748070696.222193326]: Received reference trajectory - x: 227.530899, y: 1107.479248, phi: 1.518057, v: 793.072693, w: 0.033835[0m
[0m[ INFO] [1748070696.298876094]: [1748070696.299] Robot state - x: 0.338320, y: 0.127268, phi: 1.514227[0m
[0m[ INFO] [1748070696.299035937]: [1748070696.299] Reference trajectory - x: 0.227531, y: 1.107479, phi: 0.026495, v: 0.793073, w: 0.000591[0m
[0m[ INFO] [1748070696.299102115]: [1748070696.299] v: 0.264157, w: 2.139496[0m
[0m[ INFO] [1748070696.323379984]: Received reference trajectory - x: 231.683411, y: 1188.609375, phi: 1.521193, v: 831.212891, w: 0.031361[0m
[0m[ INFO] [1748070696.396293080]: [1748070696.396] Robot state - x: 0.340282, y: 0.143101, phi: 1.636342[0m
[0m[ INFO] [1748070696.396402170]: [1748070696.396] Reference trajectory - x: 0.231683, y: 1.188609, phi: 0.026550, v: 0.831213, w: 0.000547[0m
[0m[ INFO] [1748070696.396479323]: [1748070696.396] v: 0.299027, w: 2.246105[0m
[0m[ INFO] [1748070696.422255365]: Received reference trajectory - x: 235.773865, y: 1273.548584, phi: 1.524101, v: 870.233276, w: 0.029073[0m
[0m[ INFO] [1748070696.503084451]: [1748070696.503] Robot state - x: 0.340122, y: 0.160469, phi: 1.767850[0m
[0m[ INFO] [1748070696.503526540]: [1748070696.503] Reference trajectory - x: 0.235774, y: 1.273549, phi: 0.026601, v: 0.870233, w: 0.000507[0m
[0m[ INFO] [1748070696.503629166]: [1748070696.504] v: 0.342335, w: 2.344781[0m
[0m[ INFO] [1748070696.522572213]: Received reference trajectory - x: 239.805588, y: 1362.452271, phi: 1.526802, v: 910.163940, w: 0.027016[0m
[0m[ INFO] [1748070696.597586022]: [1748070696.597] Robot state - x: 0.337485, y: 0.179473, phi: 1.912510[0m
[0m[ INFO] [1748070696.597710408]: [1748070696.598] Reference trajectory - x: 0.239806, y: 1.362452, phi: 0.026648, v: 0.910164, w: 0.000472[0m
[0m[ INFO] [1748070696.597760361]: [1748070696.598] v: 0.395598, w: 2.425260[0m
[0m[ INFO] [1748070696.622144248]: Received reference trajectory - x: 243.778641, y: 1455.413940, phi: 1.529317, v: 951.005615, w: 0.025141[0m
[0m[ INFO] [1748070696.704062379]: [1748070696.704] Robot state - x: 0.331765, y: 0.199893, phi: 2.064684[0m
[0m[ INFO] [1748070696.704233615]: [1748070696.704] Reference trajectory - x: 0.243779, y: 1.455414, phi: 0.026692, v: 0.951006, w: 0.000439[0m
[0m[ INFO] [1748070696.704298704]: [1748070696.704] v: 0.461221, w: 2.505682[0m
[0m[ INFO] [1748070696.722257445]: Received reference trajectory - x: 247.693237, y: 1552.530640, phi: 1.531659, v: 992.760498, w: 0.023430[0m
[0m[ INFO] [1748070696.797192692]: [1748070696.797] Robot state - x: 0.322199, y: 0.221278, phi: 2.222494[0m
[0m[ INFO] [1748070696.797358935]: [1748070696.797] Reference trajectory - x: 0.247693, y: 1.552531, phi: 0.026733, v: 0.992760, w: 0.000409[0m
[0m[ INFO] [1748070696.797440184]: [1748070696.797] v: 0.542223, w: 2.594708[0m
[0m[ INFO] [1748070696.822054476]: Received reference trajectory - x: 251.547363, y: 1653.842407, phi: 1.533845, v: 1035.406738, w: 0.021854[0m
[0m[ INFO] [1748070696.900729057]: [1748070696.901] Robot state - x: 0.305755, y: 0.245753, phi: 2.417878[0m
[0m[ INFO] [1748070696.900886244]: [1748070696.901] Reference trajectory - x: 0.251547, y: 1.653842, phi: 0.026771, v: 1.035407, w: 0.000381[0m
[0m[ INFO] [1748070696.901021223]: [1748070696.901] v: 0.649761, w: 2.589530[0m
[0m[ INFO] [1748070696.923752246]: Received reference trajectory - x: 255.345734, y: 1759.567993, phi: 1.535888, v: 1078.997314, w: 0.020434[0m
[0m[ INFO] [1748070696.997580944]: [1748070696.997] Robot state - x: 0.283566, y: 0.269244, phi: 2.628292[0m
[0m[ INFO] [1748070696.997721523]: [1748070696.998] Reference trajectory - x: 0.255346, y: 1.759568, phi: 0.026806, v: 1.078997, w: 0.000357[0m
[0m[ INFO] [1748070696.997769012]: [1748070696.998] v: 0.780553, w: 2.578569[0m
[0m[ INFO] [1748070697.022115553]: Received reference trajectory - x: 259.080353, y: 1869.573364, phi: 1.537797, v: 1123.439941, w: 0.019090[0m
[0m[ INFO] [1748070697.097993920]: [1748070697.098] Robot state - x: 0.255631, y: 0.289204, phi: 2.834948[0m
[0m[ INFO] [1748070697.098197923]: [1748070697.098] Reference trajectory - x: 0.259080, y: 1.869573, phi: 0.026840, v: 1.123440, w: 0.000333[0m
[0m[ INFO] [1748070697.098335430]: [1748070697.098] v: 0.935048, w: 2.629554[0m
[0m[ INFO] [1748070697.123489091]: Received reference trajectory - x: 262.761047, y: 1984.238770, phi: 1.539588, v: 1168.850952, w: 0.017902[0m
[0m[ INFO] [1748070697.196755919]: [1748070697.197] Robot state - x: 0.219986, y: 0.304975, phi: 3.028454[0m
[0m[ INFO] [1748070697.196862641]: [1748070697.197] Reference trajectory - x: 0.262761, y: 1.984239, phi: 0.026871, v: 1.168851, w: 0.000312[0m
[0m[ INFO] [1748070697.196906898]: [1748070697.197] v: 1.120965, w: 2.775936[0m
[0m[ INFO] [1748070697.222109712]: Received reference trajectory - x: 266.374512, y: 2103.234619, phi: 1.541262, v: 1215.065186, w: 0.016747[0m
[0m[ INFO] [1748070697.296834200]: [1748070697.297] Robot state - x: 0.177929, y: 0.314016, phi: -3.064984[0m
[0m[ INFO] [1748070697.297008123]: [1748070697.297] Reference trajectory - x: 0.266374, y: 2.103235, phi: 0.026900, v: 1.215065, w: 0.000292[0m
[0m[ INFO] [1748070697.297364834]: [1748070697.297] v: 1.334229, w: 21.038422[0m
[0m[ INFO] [1748070697.322283226]: Received reference trajectory - x: 269.932343, y: 2227.019775, phi: 1.542836, v: 1262.227173, w: 0.015734[0m
[0m[ INFO] [1748070697.397164998]: [1748070697.397] Robot state - x: 0.130879, y: 0.314788, phi: -2.871478[0m
[0m[ INFO] [1748070697.397282888]: [1748070697.397] Reference trajectory - x: 0.269932, y: 2.227020, phi: 0.026928, v: 1.262227, w: 0.000275[0m
[0m[ INFO] [1748070697.397331401]: [1748070697.397] v: 1.570608, w: 21.338284[0m
[0m[ INFO] [1748070697.422538791]: Received reference trajectory - x: 273.432709, y: 2355.635498, phi: 1.544315, v: 1310.315918, w: 0.014790[0m
[0m[ INFO] [1748070697.522272265]: Received reference trajectory - x: 276.871094, y: 2489.004639, phi: 1.545704, v: 1359.269409, w: 0.013898[0m
[0m[ INFO] [1748070697.582425053]: [1748070697.582] Robot state - x: 0.112402, y: 0.308916, phi: -2.409320[0m
[0m[ INFO] [1748070697.582572608]: [1748070697.583] Reference trajectory - x: 0.276871, y: 2.489005, phi: 0.026978, v: 1.359269, w: 0.000243[0m
[0m[ INFO] [1748070697.582616896]: [1748070697.583] v: 1.772142, w: 21.675684[0m
[0m[ INFO] [1748070697.596889103]: [1748070697.597] Robot state - x: 0.092149, y: 0.297547, phi: -1.926496[0m
[0m[ INFO] [1748070697.597014257]: [1748070697.597] Reference trajectory - x: 0.276871, y: 2.489005, phi: 0.026978, v: 1.359269, w: 0.000243[0m
[0m[ INFO] [1748070697.597065010]: [1748070697.597] v: 1.860770, w: 20.570345[0m
[0m[ INFO] [1748070697.622078252]: Received reference trajectory - x: 280.251709, y: 2627.375000, phi: 1.547014, v: 1409.145630, w: 0.013089[0m
[0m[ INFO] [1748070697.696322219]: [1748070697.696] Robot state - x: 0.072644, y: 0.270528, phi: -1.500032[0m
[0m[ INFO] [1748070697.696425325]: [1748070697.696] Reference trajectory - x: 0.280252, y: 2.627375, phi: 0.027000, v: 1.409146, w: 0.000228[0m
[0m[ INFO] [1748070697.696475342]: [1748070697.696] v: 2.010687, w: 20.474724[0m
[0m[ INFO] [1748070697.723701138]: Received reference trajectory - x: 283.577362, y: 2770.970703, phi: 1.548248, v: 1459.990479, w: 0.012349[0m
[0m[ INFO] [1748070697.796546615]: [1748070697.796] Robot state - x: 0.066137, y: 0.230050, phi: -1.107385[0m
[0m[ INFO] [1748070697.796668761]: [1748070697.797] Reference trajectory - x: 0.283577, y: 2.770971, phi: 0.027022, v: 1.459991, w: 0.000216[0m
[0m[ INFO] [1748070697.796735227]: [1748070697.797] v: 2.117335, w: 20.595430[0m
[0m[ INFO] [1748070697.822166845]: Received reference trajectory - x: 286.836639, y: 2919.379395, phi: 1.549411, v: 1511.627197, w: 0.011621[0m
[0m[ INFO] [1748070697.896528446]: [1748070697.896] Robot state - x: 0.077607, y: 0.190059, phi: -0.690315[0m
[0m[ INFO] [1748070697.896648512]: [1748070697.897] Reference trajectory - x: 0.286837, y: 2.919379, phi: 0.027042, v: 1.511627, w: 0.000203[0m
[0m[ INFO] [1748070697.896696737]: [1748070697.897] v: 2.161454, w: 20.688221[0m
[0m[ INFO] [1748070697.922412616]: Received reference trajectory - x: 290.041321, y: 3073.219727, phi: 1.550509, v: 1564.240234, w: 0.010985[0m
[0m[ INFO] [1748070688.686841981]: [I2C FOR MOTORS] Now launching this node in namespace: /asc[0m
[0m[ INFO] [1748070688.745464646]: [I2C FOR MOTORS] publish motor duty cycle requests from command line with: rostopic pub --once /asc/set_motor_duty_cycle asclinic_pkg/LeftRightFloat32 "{left: 10.1, right: 10.1}"[0m
[0m[ INFO] [1748070688.745653738]: [I2C FOR MOTORS] Successfully opened named /dev/i2c-1, with file descriptor = 11[0m
[0m[ INFO] [1748070688.745827725]: [I2C FOR MOTORS] Actual acceleration limit = 0.0003125%/ms (after conversation to "internal units")[0m
[0m[ INFO] [1748070688.745878894]: [I2C FOR MOTORS] Actual deceleration limit = 0.0015625%/ms (after conversation to "internal units")[0m
[0m[ INFO] [1748070688.745919823]: [I2C FOR MOTORS] Now initialising SMC with I2C address 13[0m
[0m[ INFO] [1748070688.764523061]: [I2C FOR MOTORS] Now initialising SMC with I2C address 14[0m
[0m[ INFO] [1748070688.780694989]: [I2C FOR MOTORS] Node initialisation complete[0m
[0m[ INFO] [1748070692.021582610]: Trajectory Generator Node Started[0m
[0m[ INFO] [1748070692.026133641]: Reading trajectory coeffs[0m

[ARUCO DETECTOR] Camera properties upon initialisation:
CV_CAP_PROP_FRAME_HEIGHT : '480.0'
CV_CAP_PROP_FRAME_WIDTH :  '640.0'
CAP_PROP_FPS :             '30.0'
CAP_PROP_FOCUS :           '0.0'
CAP_PROP_AUTOFOCUS :       '0.0'
CAP_PROP_BRIGHTNESS :      '128.0'
CAP_PROP_CONTRAST :        '128.0'
CAP_PROP_SATURATION :      '128.0'
CAP_PROP_BUFFERSIZE :      '4.0'

[ARUCO DETECTOR] Camera properties upon initialisation:
CV_CAP_PROP_FRAME_HEIGHT : '1080.0'
CV_CAP_PROP_FRAME_WIDTH :  '1920.0'
CAP_PROP_FPS :             '5.0'
CAP_PROP_FOCUS :           '0.0'
CAP_PROP_AUTOFOCUS :       '0.0'
CAP_PROP_BRIGHTNESS :      '128.0'
CAP_PROP_CONTRAST :        '128.0'
CAP_PROP_SATURATION :      '128.0'
CAP_PROP_BUFFERSIZE :      '1.0'
[INFO] [1748070691.585581]: [ARUCO DETECTOR] As a double check of the camera properties set, a frame captured just now has dimensions = (1080, 1920, 3)
[INFO] [1748070691.591285]: [ARUCO DETECTOR] publish request from command line to save a single camera image using: rostopic pub --once /asc/request_save_image std_msgs/UInt32 1
[INFO] [1748070691.596678]: [ARUCO DETECTOR] Node initialisation complete
... logging to /home/asc/.ros/log/30da88e2-386e-11f0-bde9-d8c0a650f677/roslaunch-asc12-jetson-22356.log
Checking log directory for disk usage. This may take a while.
Press Ctrl-C to interrupt
Done checking log file disk usage. Usage is <1GB.
]2;/home/asc/ASClinic/catkin_ws/src/asclinic_pkg/launch/trajectory.launch
[1mstarted roslaunch server http://asc12-jetson:36847/[0m

SUMMARY
========

PARAMETERS
 * /asc/aruco_detector/aruco_detector_desired_camera_fps: 5
 * /asc/aruco_detector/aruco_detector_desired_camera_frame_height: 1080
 * /asc/aruco_detector/aruco_detector_desired_camera_frame_width: 1920
 * /asc/aruco_detector/aruco_detector_marker_size: 0.25
 * /asc/aruco_detector/aruco_detector_save_image_path: /home/asc/saved_c...
 * /asc/aruco_detector/aruco_detector_should_publish_camera_images: False
 * /asc/aruco_detector/aruco_detector_should_save_all_aruco_images: False
 * /asc/aruco_detector/aruco_detector_should_show_camera_images: False
 * /asc/aruco_detector/aruco_detector_usb_camera_device_number: 0
 * /asc/aruco_detector/aruco_detector_verbosity: 1
 * /asc/encoder_read_multi_threaded/delta_t_for_publishing_encoder_counts: 0.1
 * /asc/encoder_read_multi_threaded/encoder_events_to_monitor: rising
 * /asc/encoder_read_multi_threaded/encoder_read_verbosity: 1
 * /asc/encoder_read_multi_threaded/gpio_chip_number_for_encoder_lines: 1
 * /asc/encoder_read_multi_threaded/line_number_for_left_side_encoder_channel_a: 105
 * /asc/encoder_read_multi_threaded/line_number_for_left_side_encoder_channel_b: 106
 * /asc/encoder_read_multi_threaded/line_number_for_right_side_encoder_channel_a: 84
 * /asc/encoder_read_multi_threaded/line_number_for_right_side_encoder_channel_b: 130
 * /asc/encoder_read_multi_threaded/should_monitor_left_side_encoder_channel_a: True
 * /asc/encoder_read_multi_threaded/should_monitor_left_side_encoder_channel_b: False
 * /asc/encoder_read_multi_threaded/should_monitor_right_side_encoder_channel_a: True
 * /asc/encoder_read_multi_threaded/should_monitor_right_side_encoder_channel_b: False
 * /asc/i2c_for_motors/motor_driver_current_limit_in_milliamps: 5000
 * /asc/i2c_for_motors/motor_driver_left_side_multiplier: 1
 * /asc/i2c_for_motors/motor_driver_max_accel_limit_in_percent_per_millisecond: 0.04
 * /asc/i2c_for_motors/motor_driver_max_decel_limit_in_percent_per_millisecond: 0.16
 * /asc/i2c_for_motors/motor_driver_max_duty_cycle_limit_in_percent: 100.0
 * /asc/i2c_for_motors/motor_driver_right_side_multiplier: 1
 * /asc/i2c_for_motors/motor_driver_verbosity: 1
 * /rosdistro: noetic
 * /rosversion: 1.17.0

NODES
  /
    aruco_positioning (asclinic_pkg/aruco_positioning.py)
    kf_fusion_node (asclinic_pkg/KF.py)
    odomdelta (asclinic_pkg/odomdelta)
    trajectory_generator (asclinic_pkg/trajectory_generator_state_space)
    trajectory_tracker (asclinic_pkg/trajectory_tracker_state_space)
    velocity_PI_control (asclinic_pkg/velocity_PI_control)
  /asc/
    aruco_detector (asclinic_pkg/aruco_detector.py)
    encoder_read_multi_threaded (asclinic_pkg/encoder_read_multi_threaded)
    i2c_for_motors (asclinic_pkg/i2c_for_motors)

[1mROS_MASTER_URI=http://localhost:11311[0m
]2;/home/asc/ASClinic/catkin_ws/src/asclinic_pkg/launch/trajectory.launch http://localhost:11311
[1mprocess[asc/i2c_for_motors-1]: started with pid [22398][0m
[1mprocess[asc/encoder_read_multi_threaded-2]: started with pid [22399][0m
[1mprocess[odomdelta-3]: started with pid [22404][0m
[1mprocess[asc/aruco_detector-4]: started with pid [22411][0m
[1mprocess[aruco_positioning-5]: started with pid [22416][0m
[1mprocess[trajectory_tracker-6]: started with pid [22422][0m
[1mprocess[trajectory_generator-7]: started with pid [22423][0m
[1mprocess[velocity_PI_control-8]: started with pid [22425][0m
[1mprocess[kf_fusion_node-9]: started with pid [22434][0m
[kf_fusion_node-9] killing on exit
[velocity_PI_control-8] killing on exit
[trajectory_tracker-6] killing on exit
[aruco_positioning-5] killing on exit
[asc/aruco_detector-4] killing on exit
[trajectory_generator-7] killing on exit
[asc/i2c_for_motors-1] killing on exit
[odomdelta-3] killing on exit
[asc/encoder_read_multi_threaded-2] killing on exit
shutting down processing monitor...
... shutting down processing monitor complete
[1mdone[0m
