
[ARUCO DETECTOR] Camera properties upon initialisation:
CV_CAP_PROP_FRAME_HEIGHT : '0.0'
CV_CAP_PROP_FRAME_WIDTH :  '0.0'
CAP_PROP_FPS :             '0.0'
CAP_PROP_FOCUS :           '0.0'
CAP_PROP_AUTOFOCUS :       '0.0'
CAP_PROP_BRIGHTNESS :      '0.0'
CAP_PROP_CONTRAST :        '0.0'
CAP_PROP_SATURATION :      '0.0'
CAP_PROP_BUFFERSIZE :      '0.0'

[ARUCO DETECTOR] Camera properties upon initialisation:
CV_CAP_PROP_FRAME_HEIGHT : '0.0'
CV_CAP_PROP_FRAME_WIDTH :  '0.0'
CAP_PROP_FPS :             '0.0'
CAP_PROP_FOCUS :           '0.0'
CAP_PROP_AUTOFOCUS :       '0.0'
CAP_PROP_BRIGHTNESS :      '0.0'
CAP_PROP_CONTRAST :        '0.0'
CAP_PROP_SATURATION :      '0.0'
CAP_PROP_BUFFERSIZE :      '0.0'
[0m[ INFO] [1748066393.681932250]: [1748066393.682] Robot state - x: 0.000000, y: 0.000000, phi: 0.000000[0m
[0m[ INFO] [1748066393.685838658]: [1748066393.686] Reference trajectory - x: 0.000000, y: 0.000000, phi: 0.000000, v: 0.000000, w: 0.000000[0m
[0m[ INFO] [1748066393.782813792]: [1748066393.783] Robot state - x: 0.000000, y: 0.000000, phi: 0.000000[0m
[0m[ INFO] [1748066393.782981251]: [1748066393.783] Reference trajectory - x: 0.000000, y: 0.000000, phi: 0.000000, v: 0.000000, w: 0.000000[0m
[0m[ INFO] [1748066393.882996441]: [1748066393.883] Robot state - x: 0.000000, y: 0.000000, phi: 0.000000[0m
[0m[ INFO] [1748066393.883125819]: [1748066393.883] Reference trajectory - x: 0.000000, y: 0.000000, phi: 0.000000, v: 0.000000, w: 0.000000[0m
[0m[ INFO] [1748066393.982715657]: [1748066393.983] Robot state - x: 0.000000, y: 0.000000, phi: 0.000000[0m
[0m[ INFO] [1748066393.982837196]: [1748066393.983] Reference trajectory - x: 0.000000, y: 0.000000, phi: 0.000000, v: 0.000000, w: 0.000000[0m
[0m[ INFO] [1748066394.082203733]: [1748066394.082] Robot state - x: 0.000000, y: 0.000000, phi: 0.000000[0m
[0m[ INFO] [1748066394.082386456]: [1748066394.082] Reference trajectory - x: 0.000000, y: 0.000000, phi: 0.000000, v: 0.000000, w: 0.000000[0m
[0m[ INFO] [1748066394.186492920]: [1748066394.186] Robot state - x: 0.000000, y: 0.000000, phi: 0.000000[0m
[0m[ INFO] [1748066394.186584794]: [1748066394.187] Reference trajectory - x: 0.000000, y: 0.000000, phi: 0.000000, v: 0.000000, w: 0.000000[0m
[0m[ INFO] [1748066394.281670227]: [1748066394.282] Robot state - x: 0.000000, y: 0.000000, phi: 0.000000[0m
[0m[ INFO] [1748066394.281785750]: [1748066394.282] Reference trajectory - x: 0.000000, y: 0.000000, phi: 0.000000, v: 0.000000, w: 0.000000[0m
[0m[ INFO] [1748066394.381912908]: [1748066394.382] Robot state - x: 0.000000, y: 0.000000, phi: 0.000000[0m
[0m[ INFO] [1748066394.382022734]: [1748066394.382] Reference trajectory - x: 0.000000, y: 0.000000, phi: 0.000000, v: 0.000000, w: 0.000000[0m
[0m[ INFO] [1748066394.434517846]: Received reference trajectory - x: 0.000000, y: 0.000000, phi: 0.000000, v: 0.000068, w: 0.000000[0m
[0m[ INFO] [1748066394.481797951]: [1748066394.482] Robot state - x: 0.000000, y: 0.000000, phi: 0.000000[0m
[0m[ INFO] [1748066394.481985442]: [1748066394.482] Reference trajectory - x: 0.000000, y: 0.000000, phi: 0.000000, v: 0.000000, w: 0.000000[0m
[0m[ INFO] [1748066394.482047043]: [1748066394.482] v: 0.000000, w: 0.000000[0m
[0m[ INFO] [1748066394.527972434]: Received reference trajectory - x: 0.590880, y: 0.000000, phi: 0.000000, v: 12.499898, w: 0.000000[0m
[0m[ INFO] [1748066394.582578209]: [1748066394.582] Robot state - x: 0.000000, y: 0.000000, phi: 0.000000[0m
[0m[ INFO] [1748066394.582672259]: [1748066394.583] Reference trajectory - x: 0.000591, y: 0.000000, phi: 0.000000, v: 0.012500, w: 0.000000[0m
[0m[ INFO] [1748066394.582716100]: [1748066394.583] v: 0.015074, w: 0.000000[0m
[0m[ INFO] [1748066394.628012903]: Received reference trajectory - x: 2.497289, y: 0.000000, phi: 0.000000, v: 25.582211, w: 0.000000[0m
[0m[ INFO] [1748066394.682046732]: [1748066394.682] Robot state - x: 0.000000, y: 0.000000, phi: 0.000000[0m
[0m[ INFO] [1748066394.682152334]: [1748066394.682] Reference trajectory - x: 0.002497, y: 0.000000, phi: 0.000000, v: 0.025582, w: 0.000000[0m
[0m[ INFO] [1748066394.682196175]: [1748066394.682] v: 0.036647, w: 0.000000[0m
[0m[ INFO] [1748066394.729129456]: Received reference trajectory - x: 5.698781, y: 0.000000, phi: 0.000000, v: 38.470581, w: 0.000000[0m
[0m[ INFO] [1748066394.781961599]: [1748066394.782] Robot state - x: 0.000000, y: 0.000000, phi: 0.000000[0m
[0m[ INFO] [1748066394.782056096]: [1748066394.782] Reference trajectory - x: 0.005699, y: 0.000000, phi: 0.000000, v: 0.038471, w: 0.000000[0m
[0m[ INFO] [1748066394.782134178]: [1748066394.782] v: 0.064270, w: 0.000000[0m
[0m[ INFO] [1748066394.828052145]: Received reference trajectory - x: 10.186090, y: 0.000000, phi: 0.000000, v: 51.198498, w: 0.000000[0m
[0m[ INFO] [1748066394.882449148]: [1748066394.882] Robot state - x: 0.000000, y: 0.000000, phi: 0.000000[0m
[0m[ INFO] [1748066394.882558398]: [1748066394.883] Reference trajectory - x: 0.010186, y: 0.000000, phi: 0.000000, v: 0.051198, w: 0.000000[0m
[0m[ INFO] [1748066394.882605887]: [1748066394.883] v: 0.098346, w: 0.000000[0m
[0m[ INFO] [1748066394.927924771]: Received reference trajectory - x: 15.931703, y: 0.000000, phi: 0.000000, v: 63.736225, w: 0.000000[0m
[0m[ INFO] [1748066394.982030089]: [1748066394.982] Robot state - x: 0.000192, y: 0.000000, phi: 0.001783[0m
[0m[ INFO] [1748066394.982118570]: [1748066394.982] Reference trajectory - x: 0.015932, y: 0.000000, phi: 0.000000, v: 0.063736, w: 0.000000[0m
[0m[ INFO] [1748066394.982163531]: [1748066394.982] v: 0.138295, w: -0.007092[0m
[0m[ INFO] [1748066395.027926359]: Received reference trajectory - x: 22.924088, y: 0.000000, phi: 0.000000, v: 76.100281, w: 0.000000[0m
[0m[ INFO] [1748066395.082031068]: [1748066395.082] Robot state - x: 0.000192, y: 0.000000, phi: 0.001783[0m
[0m[ INFO] [1748066395.082188831]: [1748066395.082] Reference trajectory - x: 0.022924, y: 0.000000, phi: 0.000000, v: 0.076100, w: 0.000000[0m
[0m[ INFO] [1748066395.082239008]: [1748066395.082] v: 0.186092, w: -0.007092[0m
[0m[ INFO] [1748066395.128285776]: Received reference trajectory - x: 31.144478, y: 0.000000, phi: 0.000000, v: 88.287483, w: 0.000000[0m
[0m[ INFO] [1748066395.183570059]: [1748066395.183] Robot state - x: 0.002403, y: -0.000015, phi: -0.015221[0m
[0m[ INFO] [1748066395.183717358]: [1748066395.184] Reference trajectory - x: 0.031144, y: 0.000000, phi: 0.000000, v: 0.088287, w: 0.000000[0m
[0m[ INFO] [1748066395.183763247]: [1748066395.184] v: 0.231638, w: 0.060664[0m
[0m[ INFO] [1748066395.227777274]: Received reference trajectory - x: 40.575211, y: 0.000000, phi: 0.000000, v: 100.297630, w: 0.000000[0m
[0m[ INFO] [1748066395.281893888]: [1748066395.282] Robot state - x: 0.006935, y: -0.000013, phi: -0.018150[0m
[0m[ INFO] [1748066395.282035842]: [1748066395.282] Reference trajectory - x: 0.040575, y: 0.000000, phi: 0.000000, v: 0.100298, w: 0.000000[0m
[0m[ INFO] [1748066395.282110212]: [1748066395.282] v: 0.274069, w: 0.072302[0m
[0m[ INFO] [1748066395.327936816]: Received reference trajectory - x: 51.199047, y: 0.000000, phi: 0.000000, v: 112.131020, w: 0.000000[0m
[0m[ INFO] [1748066395.382418940]: [1748066395.382] Robot state - x: 0.013616, y: -0.000108, phi: -0.016112[0m
[0m[ INFO] [1748066395.382512382]: [1748066395.382] Reference trajectory - x: 0.051199, y: 0.000000, phi: 0.000000, v: 0.112131, w: 0.000000[0m
[0m[ INFO] [1748066395.382557343]: [1748066395.383] v: 0.313708, w: 0.065152[0m
[0m[ INFO] [1748066395.427827521]: Received reference trajectory - x: 62.996716, y: 0.000000, phi: 0.000000, v: 123.785927, w: 0.000000[0m
[0m[ INFO] [1748066395.482140906]: [1748066395.482] Robot state - x: 0.023244, y: -0.000268, phi: -0.012960[0m
[0m[ INFO] [1748066395.482252236]: [1748066395.482] Reference trajectory - x: 0.062997, y: 0.000000, phi: 0.000000, v: 0.123786, w: 0.000000[0m
[0m[ INFO] [1748066395.482297741]: [1748066395.482] v: 0.346691, w: 0.054249[0m
[0m[ INFO] [1748066395.528341054]: Received reference trajectory - x: 75.950790, y: 0.000000, phi: 0.000000, v: 135.262848, w: 0.000000[0m
[0m[ INFO] [1748066395.581822487]: [1748066395.582] Robot state - x: 0.036021, y: -0.000458, phi: -0.010572[0m
[0m[ INFO] [1748066395.581973434]: [1748066395.582] Reference trajectory - x: 0.075951, y: 0.000000, phi: 0.000000, v: 0.135263, w: 0.000000[0m
[0m[ INFO] [1748066395.582036827]: [1748066395.582] v: 0.371502, w: 0.046745[0m
[0m[ INFO] [1748066395.627914409]: Received reference trajectory - x: 90.041313, y: 0.000000, phi: 0.000000, v: 146.560196, w: 0.000000[0m
[0m[ INFO] [1748066395.681993934]: [1748066395.682] Robot state - x: 0.051361, y: -0.000658, phi: -0.010635[0m
[0m[ INFO] [1748066395.682092559]: [1748066395.682] Reference trajectory - x: 0.090041, y: 0.000000, phi: 0.000000, v: 0.146560, w: 0.000000[0m
[0m[ INFO] [1748066395.682304659]: [1748066395.682] v: 0.389971, w: 0.049137[0m
[0m[ INFO] [1748066395.727899388]: Received reference trajectory - x: 105.256241, y: 0.000000, phi: 0.000000, v: 157.682404, w: 0.000000[0m
[0m[ INFO] [1748066395.831553938]: Received reference trajectory - x: 121.569229, y: 0.000000, phi: 0.000000, v: 168.623352, w: 0.000000[0m
[0m[ INFO] [1748066395.872002651]: [1748066395.872] Robot state - x: 0.068863, y: -0.000832, phi: -0.009393[0m
[0m[ INFO] [1748066395.872116670]: [1748066395.872] Reference trajectory - x: 0.121569, y: 0.000000, phi: 0.000000, v: 0.168623, w: 0.000000[0m
[0m[ INFO] [1748066395.872951341]: [1748066395.873] v: 0.485358, w: 0.046149[0m
[0m[ INFO] [1748066395.881992372]: [1748066395.882] Robot state - x: 0.088927, y: -0.001057, phi: -0.010603[0m
[0m[ INFO] [1748066395.882244632]: [1748066395.882] Reference trajectory - x: 0.121569, y: 0.000000, phi: 0.000000, v: 0.168623, w: 0.000000[0m
[0m[ INFO] [1748066395.882290905]: [1748066395.882] v: 0.414612, w: 0.053479[0m
[0m[ INFO] [1748066395.927846817]: Received reference trajectory - x: 138.975143, y: 0.000000, phi: 0.000000, v: 179.391357, w: 0.000000[0m
[0m[ INFO] [1748066395.982543409]: [1748066395.982] Robot state - x: 0.110567, y: -0.001278, phi: -0.012196[0m
[0m[ INFO] [1748066395.982636242]: [1748066395.983] Reference trajectory - x: 0.138975, y: 0.000000, phi: 0.000000, v: 0.179391, w: 0.000000[0m
[0m[ INFO] [1748066395.982716980]: [1748066395.983] v: 0.417254, w: 0.062349[0m
[0m[ INFO] [1748066396.027864980]: Received reference trajectory - x: 157.444901, y: 0.000000, phi: 0.000000, v: 189.979126, w: 0.000000[0m
[0m[ INFO] [1748066396.082760999]: [1748066396.083] Robot state - x: 0.132993, y: -0.001536, phi: -0.013979[0m
[0m[ INFO] [1748066396.082908937]: [1748066396.083] Reference trajectory - x: 0.157445, y: 0.000000, phi: 0.000000, v: 0.189979, w: 0.000000[0m
[0m[ INFO] [1748066396.082954250]: [1748066396.083] v: 0.419584, w: 0.072421[0m
[0m[ INFO] [1748066396.128640948]: Received reference trajectory - x: 176.963608, y: 0.000000, phi: 0.000000, v: 200.388657, w: 0.000000[0m
[0m[ INFO] [1748066396.182182926]: [1748066396.182] Robot state - x: 0.155812, y: -0.001835, phi: -0.015857[0m
[0m[ INFO] [1748066396.184165682]: [1748066396.184] Reference trajectory - x: 0.176964, y: 0.000000, phi: 0.000000, v: 0.200389, w: 0.000000[0m
[0m[ INFO] [1748066396.184242036]: [1748066396.184] v: 0.423342, w: 0.083375[0m
[0m[ INFO] [1748066396.228020666]: Received reference trajectory - x: 197.512085, y: 0.000000, phi: 0.000000, v: 210.619354, w: 0.000000[0m
[0m[ INFO] [1748066396.282068893]: [1748066396.282] Robot state - x: 0.180993, y: -0.002218, phi: -0.018309[0m
[0m[ INFO] [1748066396.282162399]: [1748066396.282] Reference trajectory - x: 0.197512, y: 0.000000, phi: 0.000000, v: 0.210619, w: 0.000000[0m
[0m[ INFO] [1748066396.282211968]: [1748066396.282] v: 0.420080, w: 0.097533[0m
[0m[ INFO] [1748066396.327976843]: Received reference trajectory - x: 219.080460, y: 0.000000, phi: 0.000000, v: 220.674988, w: 0.000000[0m
[0m[ INFO] [1748066396.382979072]: [1748066396.383] Robot state - x: 0.206950, y: -0.002617, phi: -0.017290[0m
[0m[ INFO] [1748066396.383072834]: [1748066396.383] Reference trajectory - x: 0.219080, y: 0.000000, phi: 0.000000, v: 0.220675, w: 0.000000[0m
[0m[ INFO] [1748066396.383118466]: [1748066396.383] v: 0.416238, w: 0.098168[0m
[0m[ INFO] [1748066396.427941980]: Received reference trajectory - x: 241.644440, y: 0.000000, phi: 0.000000, v: 230.552307, w: 0.000000[0m
[0m[ INFO] [1748066396.482124642]: [1748066396.482] Robot state - x: 0.233309, y: -0.003135, phi: -0.020029[0m
[0m[ INFO] [1748066396.482288101]: [1748066396.482] Reference trajectory - x: 0.241644, y: 0.000000, phi: 0.000000, v: 0.230552, w: 0.000000[0m
[0m[ INFO] [1748066396.482343366]: [1748066396.482] v: 0.413416, w: 0.115073[0m
[0m[ INFO] [1748066396.527887981]: Received reference trajectory - x: 265.183960, y: 0.000000, phi: 0.000000, v: 240.250488, w: 0.000000[0m
[0m[ INFO] [1748066396.581633322]: [1748066396.582] Robot state - x: 0.260255, y: -0.003616, phi: -0.021080[0m
[0m[ INFO] [1748066396.581739084]: [1748066396.582] Reference trajectory - x: 0.265184, y: 0.000000, phi: 0.000000, v: 0.240250, w: 0.000000[0m
[0m[ INFO] [1748066396.581837454]: [1748066396.582] v: 0.410913, w: 0.125044[0m
[0m[ INFO] [1748066396.627993664]: Received reference trajectory - x: 289.690338, y: 0.000000, phi: 0.000000, v: 249.773209, w: 0.000000[0m
[0m[ INFO] [1748066396.681733566]: [1748066396.682] Robot state - x: 0.287784, y: -0.004158, phi: -0.020443[0m
[0m[ INFO] [1748066396.681841536]: [1748066396.682] Reference trajectory - x: 0.289690, y: 0.000000, phi: 0.000000, v: 0.249773, w: 0.000000[0m
[0m[ INFO] [1748066396.681884513]: [1748066396.682] v: 0.408824, w: 0.129083[0m
[0m[ INFO] [1748066396.728161429]: Received reference trajectory - x: 315.149536, y: 0.000000, phi: 0.000000, v: 259.121399, w: 0.000000[0m
[0m[ INFO] [1748066396.781739248]: [1748066396.782] Robot state - x: 0.315112, y: -0.004700, phi: -0.017927[0m
[0m[ INFO] [1748066396.781835762]: [1748066396.782] Reference trajectory - x: 0.315150, y: 0.000000, phi: 0.000000, v: 0.259121, w: 0.000000[0m
[0m[ INFO] [1748066396.781880242]: [1748066396.782] v: 0.410636, w: 0.125814[0m
[0m[ INFO] [1748066396.828283305]: Received reference trajectory - x: 341.511841, y: 0.000000, phi: 0.000000, v: 268.283783, w: 0.000000[0m
[0m[ INFO] [1748066396.882003750]: [1748066396.882] Robot state - x: 0.343035, y: -0.005263, phi: -0.017386[0m
[0m[ INFO] [1748066396.882129929]: [1748066396.882] Reference trajectory - x: 0.341512, y: 0.000000, phi: 0.000000, v: 0.268284, w: 0.000000[0m
[0m[ INFO] [1748066396.882199178]: [1748066396.882] v: 0.413012, w: 0.130782[0m
[0m[ INFO] [1748066396.928007670]: Received reference trajectory - x: 368.781738, y: 0.000000, phi: 0.000000, v: 277.268646, w: 0.000000[0m
[0m[ INFO] [1748066396.982216668]: [1748066396.982] Robot state - x: 0.371352, y: -0.005765, phi: -0.016940[0m
[0m[ INFO] [1748066396.982381631]: [1748066396.982] Reference trajectory - x: 0.368782, y: 0.000000, phi: 0.000000, v: 0.277269, w: 0.000000[0m
[0m[ INFO] [1748066396.982427040]: [1748066396.982] v: 0.416951, w: 0.135689[0m
[0m[ INFO] [1748066397.028102473]: Received reference trajectory - x: 396.967285, y: 0.000000, phi: 0.000000, v: 286.083923, w: 0.000000[0m
[0m[ INFO] [1748066397.082368368]: [1748066397.082] Robot state - x: 0.400256, y: -0.006236, phi: -0.014807[0m
[0m[ INFO] [1748066397.082492530]: [1748066397.082] Reference trajectory - x: 0.396967, y: 0.000000, phi: 0.000000, v: 0.286084, w: 0.000000[0m
[0m[ INFO] [1748066397.082538995]: [1748066397.083] v: 0.421825, w: 0.133746[0m
[0m[ INFO] [1748066397.128207355]: Received reference trajectory - x: 425.992493, y: 0.000000, phi: 0.000000, v: 294.711487, w: 0.000000[0m
[0m[ INFO] [1748066397.182143420]: [1748066397.182] Robot state - x: 0.429957, y: -0.006765, phi: -0.016526[0m
[0m[ INFO] [1748066397.183524629]: [1748066397.182] Reference trajectory - x: 0.425992, y: 0.000000, phi: 0.000000, v: 0.294712, w: 0.000000[0m
[0m[ INFO] [1748066397.183632983]: [1748066397.184] v: 0.426472, w: 0.147843[0m
[0m[ INFO] [1748066397.228126474]: Received reference trajectory - x: 455.891968, y: 0.000000, phi: 0.000000, v: 303.167267, w: 0.000000[0m
[0m[ INFO] [1748066397.281765253]: [1748066397.282] Robot state - x: 0.460234, y: -0.007159, phi: -0.012896[0m
[0m[ INFO] [1748066397.281867431]: [1748066397.282] Reference trajectory - x: 0.455892, y: 0.000000, phi: 0.000000, v: 0.303167, w: 0.000000[0m
[0m[ INFO] [1748066397.281933704]: [1748066397.282] v: 0.432028, w: 0.139482[0m
[0m[ INFO] [1748066397.328052537]: Received reference trajectory - x: 486.623779, y: 0.000000, phi: 0.000000, v: 311.444000, w: 0.000000[0m
[0m[ INFO] [1748066397.382019706]: [1748066397.382] Robot state - x: 0.490895, y: -0.007555, phi: -0.005700[0m
[0m[ INFO] [1748066397.382139036]: [1748066397.382] Reference trajectory - x: 0.486624, y: 0.000000, phi: 0.000000, v: 0.311444, w: 0.000000[0m
[0m[ INFO] [1748066397.382350624]: [1748066397.382] v: 0.439241, w: 0.117097[0m
[0m[ INFO] [1748066397.427969256]: Received reference trajectory - x: 518.174438, y: 0.000000, phi: 0.000000, v: 319.542999, w: 0.000000[0m
[0m[ INFO] [1748066397.482404274]: [1748066397.482] Robot state - x: 0.521961, y: -0.007902, phi: -0.002261[0m
[0m[ INFO] [1748066397.482495667]: [1748066397.482] Reference trajectory - x: 0.518174, y: 0.000000, phi: 0.000000, v: 0.319543, w: 0.000000[0m
[0m[ INFO] [1748066397.482541268]: [1748066397.483] v: 0.448102, w: 0.109284[0m
[0m[ INFO] [1748066397.528234269]: Received reference trajectory - x: 550.543152, y: 0.000000, phi: 0.000000, v: 327.468292, w: 0.000000[0m
[0m[ INFO] [1748066397.582380802]: [1748066397.582] Robot state - x: 0.554411, y: -0.008067, phi: -0.000987[0m
[0m[ INFO] [1748066397.582482980]: [1748066397.582] Reference trajectory - x: 0.550543, y: 0.000000, phi: 0.000000, v: 0.327468, w: 0.000000[0m
[0m[ INFO] [1748066397.582528228]: [1748066397.583] v: 0.454477, w: 0.108361[0m
[0m[ INFO] [1748066397.628290319]: Received reference trajectory - x: 583.667297, y: 0.000000, phi: 0.000000, v: 335.209106, w: 0.000000[0m
[0m[ INFO] [1748066397.681775271]: [1748066397.682] Robot state - x: 0.586861, y: -0.008119, phi: 0.000287[0m
[0m[ INFO] [1748066397.681876937]: [1748066397.682] Reference trajectory - x: 0.583667, y: 0.000000, phi: 0.000000, v: 0.335209, w: 0.000000[0m
[0m[ INFO] [1748066397.681939786]: [1748066397.682] v: 0.463931, w: 0.106373[0m
[0m[ INFO] [1748066397.727913464]: Received reference trajectory - x: 617.556763, y: 0.000000, phi: 0.000000, v: 342.772308, w: 0.000000[0m
[0m[ INFO] [1748066397.782009692]: [1748066397.782] Robot state - x: 0.619897, y: -0.008103, phi: 0.003248[0m
[0m[ INFO] [1748066397.782111325]: [1748066397.782] Reference trajectory - x: 0.617557, y: 0.000000, phi: 0.000000, v: 0.342772, w: 0.000000[0m
[0m[ INFO] [1748066397.782211839]: [1748066397.782] v: 0.474203, w: 0.097001[0m
[0m[ INFO] [1748066397.828242574]: Received reference trajectory - x: 652.205383, y: 0.000000, phi: 0.000000, v: 350.160370, w: 0.000000[0m
[0m[ INFO] [1748066397.882440532]: [1748066397.882] Robot state - x: 0.654316, y: -0.008079, phi: 0.004044[0m
[0m[ INFO] [1748066397.882584855]: [1748066397.883] Reference trajectory - x: 0.652205, y: 0.000000, phi: 0.000000, v: 0.350160, w: 0.000000[0m
[0m[ INFO] [1748066397.882673240]: [1748066397.883] v: 0.481853, w: 0.096161[0m
[0m[ INFO] [1748066397.928314144]: Received reference trajectory - x: 687.580994, y: 0.000000, phi: 0.000000, v: 357.370056, w: 0.000000[0m
[0m[ INFO] [1748066397.982175359]: [1748066397.982] Robot state - x: 0.689724, y: -0.007987, phi: 0.002770[0m
[0m[ INFO] [1748066397.982277665]: [1748066397.982] Reference trajectory - x: 0.687581, y: 0.000000, phi: 0.000000, v: 0.357370, w: 0.000000[0m
[0m[ INFO] [1748066397.982323490]: [1748066397.982] v: 0.488256, w: 0.102853[0m
[0m[ INFO] [1748066398.028301424]: Received reference trajectory - x: 723.675232, y: 0.000000, phi: 0.000000, v: 364.403259, w: 0.000000[0m
[0m[ INFO] [1748066398.082126862]: [1748066398.082] Robot state - x: 0.725323, y: -0.007834, phi: 0.003280[0m
[0m[ INFO] [1748066398.082254000]: [1748066398.082] Reference trajectory - x: 0.723675, y: 0.000000, phi: 0.000000, v: 0.364403, w: 0.000000[0m
[0m[ INFO] [1748066398.082370450]: [1748066398.082] v: 0.496767, w: 0.101821[0m
[0m[ INFO] [1748066398.128285887]: Received reference trajectory - x: 760.455444, y: 0.000000, phi: 0.000000, v: 371.257080, w: 0.000000[0m
[0m[ INFO] [1748066398.182340001]: [1748066398.182] Robot state - x: 0.761901, y: -0.007694, phi: 0.005381[0m
[0m[ INFO] [1748066398.182460995]: [1748066398.182] Reference trajectory - x: 0.760455, y: 0.000000, phi: 0.000000, v: 0.371257, w: 0.000000[0m
[0m[ INFO] [1748066398.182510276]: [1748066398.182] v: 0.503980, w: 0.094542[0m
[0m[ INFO] [1748066398.227723779]: Received reference trajectory - x: 797.916809, y: 0.000000, phi: 0.000000, v: 377.933990, w: 0.000000[0m
[0m[ INFO] [1748066398.282912986]: [1748066398.283] Robot state - x: 0.799075, y: -0.007570, phi: 0.005509[0m
[0m[ INFO] [1748066398.283004956]: [1748066398.283] Reference trajectory - x: 0.797917, y: 0.000000, phi: 0.000000, v: 0.377934, w: 0.000000[0m
[0m[ INFO] [1748066398.283124990]: [1748066398.283] v: 0.511451, w: 0.095224[0m
[0m[ INFO] [1748066398.327817332]: Received reference trajectory - x: 836.035156, y: 0.000000, phi: 0.000000, v: 384.432831, w: 0.000000[0m
[0m[ INFO] [1748066398.381878870]: [1748066398.382] Robot state - x: 0.837228, y: -0.007332, phi: 0.007228[0m
[0m[ INFO] [1748066398.382001849]: [1748066398.382] Reference trajectory - x: 0.836035, y: 0.000000, phi: 0.000000, v: 0.384433, w: 0.000000[0m
[0m[ INFO] [1748066398.382071386]: [1748066398.382] v: 0.517435, w: 0.088397[0m
[0m[ INFO] [1748066398.427853636]: Received reference trajectory - x: 874.795410, y: 0.000000, phi: 0.000000, v: 390.754028, w: 0.000000[0m
[0m[ INFO] [1748066398.481969607]: [1748066398.482] Robot state - x: 0.875976, y: -0.007123, phi: 0.006973[0m
[0m[ INFO] [1748066398.482101386]: [1748066398.482] Reference trajectory - x: 0.874795, y: 0.000000, phi: 0.000000, v: 0.390754, w: 0.000000[0m
[0m[ INFO] [1748066398.482145578]: [1748066398.482] v: 0.523432, w: 0.089641[0m
[0m[ INFO] [1748066398.528847365]: Received reference trajectory - x: 914.180603, y: 0.000000, phi: 0.000000, v: 396.897736, w: 0.000000[0m
[0m[ INFO] [1748066398.583622549]: [1748066398.584] Robot state - x: 0.915714, y: -0.006882, phi: 0.004649[0m
[0m[ INFO] [1748066398.583731543]: [1748066398.584] Reference trajectory - x: 0.914181, y: 0.000000, phi: 0.000000, v: 0.396898, w: 0.000000[0m
[0m[ INFO] [1748066398.583777015]: [1748066398.584] v: 0.527668, w: 0.098723[0m
[0m[ INFO] [1748066398.628281226]: Received reference trajectory - x: 954.170959, y: 0.000000, phi: 0.000000, v: 402.863586, w: 0.000000[0m
[0m[ INFO] [1748066398.682716947]: [1748066398.683] Robot state - x: 0.956025, y: -0.006540, phi: 0.007674[0m
[0m[ INFO] [1748066398.682821397]: [1748066398.683] Reference trajectory - x: 0.954171, y: 0.000000, phi: 0.000000, v: 0.402864, w: 0.000000[0m
[0m[ INFO] [1748066398.682866390]: [1748066398.683] v: 0.531750, w: 0.085448[0m
[0m[ INFO] [1748066398.728213816]: Received reference trajectory - x: 994.751831, y: 0.000000, phi: 0.000000, v: 408.652069, w: 0.000000[0m
[0m[ INFO] [1748066398.783380558]: [1748066398.783] Robot state - x: 0.996753, y: -0.006440, phi: 0.003280[0m
[0m[ INFO] [1748066398.783486000]: [1748066398.783] Reference trajectory - x: 0.994752, y: 0.000000, phi: 0.000000, v: 0.408652, w: 0.000000[0m
[0m[ INFO] [1748066398.783534289]: [1748066398.784] v: 0.536314, w: 0.103988[0m
[0m[ INFO] [1748066398.828183974]: Received reference trajectory - x: 1035.897095, y: 0.000000, phi: 0.000000, v: 414.261963, w: 0.000000[0m
[0m[ INFO] [1748066398.881874754]: [1748066398.882] Robot state - x: 1.038064, y: -0.006179, phi: 0.000573[0m
[0m[ INFO] [1748066398.881979203]: [1748066398.882] Reference trajectory - x: 1.035897, y: 0.000000, phi: 0.000000, v: 0.414262, w: 0.000000[0m
[0m[ INFO] [1748066398.882027204]: [1748066398.882] v: 0.540567, w: 0.114172[0m
[0m[ INFO] [1748066398.928021202]: Received reference trajectory - x: 1077.594604, y: 0.000000, phi: 0.000000, v: 419.694153, w: 0.000000[0m
[0m[ INFO] [1748066398.983965367]: [1748066398.984] Robot state - x: 1.079771, y: -0.006101, phi: -0.002229[0m
[0m[ INFO] [1748066398.984057785]: [1748066398.984] Reference trajectory - x: 1.077595, y: 0.000000, phi: 0.000000, v: 0.419694, w: 0.000000[0m
[0m[ INFO] [1748066398.984100794]: [1748066398.984] v: 0.545276, w: 0.126482[0m
[0m[ INFO] [1748066399.027787261]: Received reference trajectory - x: 1119.828003, y: 0.000000, phi: 0.000000, v: 424.948761, w: 0.000000[0m
[0m[ INFO] [1748066399.086898747]: [1748066399.087] Robot state - x: 1.122658, y: -0.006142, phi: -0.005318[0m
[0m[ INFO] [1748066399.087001565]: [1748066399.087] Reference trajectory - x: 1.119828, y: 0.000000, phi: 0.000000, v: 0.424949, w: 0.000000[0m
[0m[ INFO] [1748066399.087238657]: [1748066399.087] v: 0.546994, w: 0.141107[0m
[0m[ INFO] [1748066399.127823883]: Received reference trajectory - x: 1162.583374, y: 0.000000, phi: 0.000000, v: 430.026215, w: 0.000000[0m
[0m[ INFO] [1748066399.182827614]: [1748066399.183] Robot state - x: 1.165545, y: -0.006304, phi: -0.008406[0m
[0m[ INFO] [1748066399.182979841]: [1748066399.183] Reference trajectory - x: 1.162583, y: 0.000000, phi: 0.000000, v: 0.430026, w: 0.000000[0m
[0m[ INFO] [1748066399.183026242]: [1748066399.183] v: 0.550604, w: 0.156948[0m
[0m[ INFO] [1748066399.227848345]: Received reference trajectory - x: 1205.826660, y: 0.000000, phi: 0.000000, v: 434.924622, w: 0.000000[0m
[0m[ INFO] [1748066399.282663177]: [1748066399.283] Robot state - x: 1.208815, y: -0.006524, phi: -0.007929[0m
[0m[ INFO] [1748066399.282768107]: [1748066399.283] Reference trajectory - x: 1.205827, y: 0.000000, phi: 0.000000, v: 0.434925, w: 0.000000[0m
[0m[ INFO] [1748066399.282838860]: [1748066399.283] v: 0.554449, w: 0.159239[0m
[0m[ INFO] [1748066399.327776198]: Received reference trajectory - x: 1249.557007, y: 0.000000, phi: 0.000000, v: 439.645966, w: 0.000000[0m
[0m[ INFO] [1748066399.383116319]: [1748066399.383] Robot state - x: 1.252872, y: -0.006888, phi: -0.007642[0m
[0m[ INFO] [1748066399.383242817]: [1748066399.383] Reference trajectory - x: 1.249557, y: 0.000000, phi: 0.000000, v: 0.439646, w: 0.000000[0m
[0m[ INFO] [1748066399.383287682]: [1748066399.383] v: 0.556805, w: 0.163803[0m
[0m[ INFO] [1748066399.427808756]: Received reference trajectory - x: 1293.750244, y: 0.000000, phi: 0.000000, v: 444.189484, w: 0.000000[0m
[0m[ INFO] [1748066399.483405746]: [1748066399.483] Robot state - x: 1.297514, y: -0.007198, phi: -0.005668[0m
[0m[ INFO] [1748066399.483524276]: [1748066399.483] Reference trajectory - x: 1.293750, y: 0.000000, phi: 0.000000, v: 0.444189, w: 0.000000[0m
[0m[ INFO] [1748066399.483572757]: [1748066399.484] v: 0.558346, w: 0.161230[0m
[0m[ INFO] [1748066399.527722656]: Received reference trajectory - x: 1338.388184, y: 0.000000, phi: 0.000000, v: 448.555145, w: 0.000000[0m
[0m[ INFO] [1748066399.582521295]: [1748066399.582] Robot state - x: 1.342550, y: -0.007500, phi: -0.003789[0m
[0m[ INFO] [1748066399.582650226]: [1748066399.583] Reference trajectory - x: 1.338388, y: 0.000000, phi: 0.000000, v: 0.448555, w: 0.000000[0m
[0m[ INFO] [1748066399.582734675]: [1748066399.583] v: 0.559789, w: 0.159054[0m
[0m[ INFO] [1748066399.627905457]: Received reference trajectory - x: 1383.464600, y: 0.000000, phi: 0.000000, v: 452.744019, w: 0.000000[0m
[0m[ INFO] [1748066399.682359642]: [1748066399.682] Robot state - x: 1.388182, y: -0.007761, phi: -0.003885[0m
[0m[ INFO] [1748066399.682458972]: [1748066399.682] Reference trajectory - x: 1.383465, y: 0.000000, phi: 0.000000, v: 0.452744, w: 0.000000[0m
[0m[ INFO] [1748066399.682503837]: [1748066399.682] v: 0.560242, w: 0.164413[0m
[0m[ INFO] [1748066399.728078242]: Received reference trajectory - x: 1428.937012, y: 0.000000, phi: 0.000000, v: 456.753815, w: 0.000000[0m
[0m[ INFO] [1748066399.782729358]: [1748066399.783] Robot state - x: 1.434006, y: -0.007896, phi: -0.002197[0m
[0m[ INFO] [1748066399.782828016]: [1748066399.783] Reference trajectory - x: 1.428937, y: 0.000000, phi: 0.000000, v: 0.456754, w: 0.000000[0m
[0m[ INFO] [1748066399.782916306]: [1748066399.783] v: 0.561230, w: 0.161505[0m
[0m[ INFO] [1748066399.827857964]: Received reference trajectory - x: 1474.801025, y: 0.000000, phi: 0.000000, v: 460.585846, w: 0.000000[0m
[0m[ INFO] [1748066399.882230739]: [1748066399.882] Robot state - x: 1.480224, y: -0.008038, phi: -0.000605[0m
[0m[ INFO] [1748066399.882328437]: [1748066399.882] Reference trajectory - x: 1.474801, y: 0.000000, phi: 0.000000, v: 0.460586, w: 0.000000[0m
[0m[ INFO] [1748066399.882418358]: [1748066399.882] v: 0.561920, w: 0.159098[0m
[0m[ INFO] [1748066399.927855609]: Received reference trajectory - x: 1521.043457, y: 0.000000, phi: 0.000000, v: 464.240448, w: 0.000000[0m
[0m[ INFO] [1748066399.981762648]: [1748066399.982] Robot state - x: 1.526441, y: -0.008103, phi: 0.000987[0m
[0m[ INFO] [1748066399.981870394]: [1748066399.982] Reference trajectory - x: 1.521043, y: 0.000000, phi: 0.000000, v: 0.464240, w: 0.000000[0m
[0m[ INFO] [1748066399.981915963]: [1748066399.982] v: 0.563967, w: 0.155956[0m
[0m[ INFO] [1748066400.027815430]: Received reference trajectory - x: 1567.643677, y: 0.000000, phi: 0.000000, v: 467.717377, w: 0.000000[0m
[0m[ INFO] [1748066400.083625447]: [1748066400.084] Robot state - x: 1.573457, y: -0.008185, phi: -0.001274[0m
[0m[ INFO] [1748066400.083727433]: [1748066400.084] Reference trajectory - x: 1.567644, y: 0.000000, phi: 0.000000, v: 0.467717, w: 0.000000[0m
[0m[ INFO] [1748066400.083816043]: [1748066400.084] v: 0.563930, w: 0.168322[0m
[0m[ INFO] [1748066400.127845523]: Received reference trajectory - x: 1614.580933, y: 0.000000, phi: 0.000000, v: 471.016388, w: 0.000000[0m
[0m[ INFO] [1748066400.183006280]: [1748066400.183] Robot state - x: 1.609650, y: -0.007016, phi: 0.061296[0m
[0m[ INFO] [1748066400.183134346]: [1748066400.183] Reference trajectory - x: 1.614581, y: 0.000000, phi: 0.000000, v: 0.471016, w: 0.000000[0m
[0m[ INFO] [1748066400.183207436]: [1748066400.183] v: 0.612193, w: -0.089559[0m
[0m[ INFO] [1748066400.233373317]: Received reference trajectory - x: 1661.840698, y: 0.000000, phi: 0.000000, v: 474.137695, w: 0.000000[0m
[0m[ INFO] [1748066400.282982388]: [1748066400.283] Robot state - x: 1.638677, y: -0.005747, phi: 0.151219[0m
[0m[ INFO] [1748066400.283080310]: [1748066400.283] Reference trajectory - x: 1.661841, y: 0.000000, phi: 0.000000, v: 0.474138, w: 0.000000[0m
[0m[ INFO] [1748066400.283125079]: [1748066400.283] v: 0.696293, w: -0.457566[0m
[0m[ INFO] [1748066400.328108209]: Received reference trajectory - x: 1709.406982, y: 0.000000, phi: 0.000000, v: 477.081451, w: 0.000000[0m
[0m[ INFO] [1748066400.381968046]: [1748066400.382] Robot state - x: 1.679299, y: -0.001398, phi: 0.241937[0m
[0m[ INFO] [1748066400.382096176]: [1748066400.382] Reference trajectory - x: 1.709407, y: 0.000000, phi: 0.000000, v: 0.477081, w: 0.000000[0m
[0m[ INFO] [1748066400.382182226]: [1748066400.382] v: 0.736807, w: -0.859951[0m
[0m[ INFO] [1748066400.427883801]: Received reference trajectory - x: 1757.249268, y: 0.000000, phi: 0.000000, v: 479.846863, w: 0.000000[0m
[0m[ INFO] [1748066400.482817482]: [1748066400.483] Robot state - x: 1.723610, y: 0.005439, phi: 0.245695[0m
[0m[ INFO] [1748066400.482945612]: [1748066400.483] Reference trajectory - x: 1.757249, y: 0.000000, phi: 0.000000, v: 0.479847, w: 0.000000[0m
[0m[ INFO] [1748066400.483034542]: [1748066400.483] v: 0.764470, w: -0.942843[0m
[0m[ INFO] [1748066400.528055369]: Received reference trajectory - x: 1805.368652, y: 0.000000, phi: 0.000000, v: 482.435028, w: 0.000000[0m
[0m[ INFO] [1748066400.583691238]: [1748066400.584] Robot state - x: 1.766463, y: 0.015234, phi: 0.211242[0m
[0m[ INFO] [1748066400.583785416]: [1748066400.584] Reference trajectory - x: 1.805369, y: 0.000000, phi: 0.000000, v: 0.482435, w: 0.000000[0m
[0m[ INFO] [1748066400.583832553]: [1748066400.584] v: 0.800626, w: -0.905555[0m
[0m[ INFO] [1748066400.628243608]: Received reference trajectory - x: 1853.732178, y: 0.000000, phi: 0.000000, v: 484.845123, w: 0.000000[0m
[0m[ INFO] [1748066400.683390701]: [1748066400.683] Robot state - x: 1.811377, y: 0.025709, phi: 0.178094[0m
[0m[ INFO] [1748066400.683489391]: [1748066400.683] Reference trajectory - x: 1.853732, y: 0.000000, phi: 0.000000, v: 0.484845, w: 0.000000[0m
[0m[ INFO] [1748066400.683537872]: [1748066400.684] v: 0.830359, w: -0.883350[0m
[0m[ INFO] [1748066400.727904639]: Received reference trajectory - x: 1902.328857, y: 0.000000, phi: 0.000000, v: 487.077484, w: 0.000000[0m
[0m[ INFO] [1748066400.830622557]: Received reference trajectory - x: 1951.510864, y: 0.000000, phi: 0.000000, v: 489.146973, w: 0.000000[0m
[0m[ INFO] [1748066400.925742896]: [1748066400.926] Robot state - x: 1.862368, y: 0.035918, phi: 0.150837[0m
[0m[ INFO] [1748066400.926066070]: [1748066400.926] Reference trajectory - x: 1.951511, y: 0.000000, phi: 0.000000, v: 0.489147, w: 0.000000[0m
[0m[ INFO] [1748066400.926153687]: [1748066400.926] v: 1.051854, w: -0.885228[0m
[0m[ INFO] [1748066400.928813576]: Received reference trajectory - x: 2000.169312, y: 0.000000, phi: 0.000000, v: 491.009674, w: 0.000000[0m
[0m[ INFO] [1748066400.930967952]: [1748066400.931] Robot state - x: 1.920152, y: 0.045190, phi: 0.112849[0m
[0m[ INFO] [1748066400.931050065]: [1748066400.931] Reference trajectory - x: 2.000169, y: 0.000000, phi: 0.000000, v: 0.491010, w: 0.000000[0m
[0m[ INFO] [1748066400.931122162]: [1748066400.931] v: 1.042132, w: -0.838286[0m
[0m[ INFO] [1748066400.982036825]: [1748066400.982] Robot state - x: 1.982482, y: 0.054864, phi: 0.064608[0m
[0m[ INFO] [1748066400.982144891]: [1748066400.982] Reference trajectory - x: 2.000169, y: 0.000000, phi: 0.000000, v: 0.491010, w: 0.000000[0m
[0m[ INFO] [1748066400.982188892]: [1748066400.982] v: 0.795907, w: -0.757526[0m
[0m[ INFO] [1748066401.028292427]: Received reference trajectory - x: 2049.338623, y: 0.000000, phi: 0.000000, v: 492.708099, w: 0.000000[0m
[0m[ INFO] [1748066401.082084646]: [1748066401.082] Robot state - x: 2.047746, y: 0.060170, phi: 0.001146[0m
[0m[ INFO] [1748066401.082239337]: [1748066401.082] Reference trajectory - x: 2.049339, y: 0.000000, phi: 0.000000, v: 0.492708, w: 0.000000[0m
[0m[ INFO] [1748066401.082590735]: [1748066401.083] v: 0.733086, w: -0.575613[0m
[0m[ INFO] [1748066401.128139603]: Received reference trajectory - x: 2098.696045, y: 0.000000, phi: 0.000000, v: 494.229645, w: 0.000000[0m
[0m[ INFO] [1748066401.182051248]: [1748066401.182] Robot state - x: 2.117195, y: 0.061784, phi: -0.081580[0m
[0m[ INFO] [1748066401.182153074]: [1748066401.182] Reference trajectory - x: 2.098696, y: 0.000000, phi: 0.000000, v: 0.494230, w: 0.000000[0m
[0m[ INFO] [1748066401.182244436]: [1748066401.182] v: 0.647594, w: -0.281858[0m
[0m[ INFO] [1748066401.227932090]: Received reference trajectory - x: 2148.182617, y: 0.000000, phi: 0.000000, v: 495.572998, w: 0.000000[0m
[0m[ INFO] [1748066401.282418466]: [1748066401.282] Robot state - x: 2.183261, y: 0.059213, phi: -0.161663[0m
[0m[ INFO] [1748066401.282514052]: [1748066401.282] Reference trajectory - x: 2.148183, y: 0.000000, phi: 0.000000, v: 0.495573, w: 0.000000[0m
[0m[ INFO] [1748066401.282557701]: [1748066401.283] v: 0.570871, w: 0.042746[0m
[0m[ INFO] [1748066401.327921797]: Received reference trajectory - x: 2197.798096, y: 0.000000, phi: 0.000000, v: 496.738678, w: 0.000000[0m
[0m[ INFO] [1748066401.382817236]: [1748066401.383] Robot state - x: 2.252605, y: 0.050899, phi: -0.237161[0m
[0m[ INFO] [1748066401.382942807]: [1748066401.383] Reference trajectory - x: 2.197798, y: 0.000000, phi: 0.000000, v: 0.496739, w: 0.000000[0m
[0m[ INFO] [1748066401.383010680]: [1748066401.383] v: 0.475015, w: 0.407382[0m
[0m[ INFO] [1748066401.427885584]: Received reference trajectory - x: 2247.518555, y: 0.000000, phi: 0.000000, v: 497.726562, w: 0.000000[0m
[0m[ INFO] [1748066401.481880590]: [1748066401.482] Robot state - x: 2.313812, y: 0.039285, phi: -0.288873[0m
[0m[ INFO] [1748066401.482007729]: [1748066401.482] Reference trajectory - x: 2.247519, y: 0.000000, phi: 0.000000, v: 0.497727, w: 0.000000[0m
[0m[ INFO] [1748066401.482054962]: [1748066401.482] v: 0.408648, w: 0.713079[0m
[0m[ INFO] [1748066401.527893755]: Received reference trajectory - x: 2297.333252, y: 0.000000, phi: 0.000000, v: 498.536743, w: 0.000000[0m
[0m[ INFO] [1748066401.582562022]: [1748066401.582] Robot state - x: 2.367963, y: 0.025173, phi: -0.324409[0m
[0m[ INFO] [1748066401.582658408]: [1748066401.583] Reference trajectory - x: 2.297333, y: 0.000000, phi: 0.000000, v: 0.498537, w: 0.000000[0m
[0m[ INFO] [1748066401.583079343]: [1748066401.583] v: 0.369619, w: 0.983116[0m
[0m[ INFO] [1748066401.627928102]: Received reference trajectory - x: 2347.224609, y: 0.000000, phi: 0.000000, v: 499.169189, w: 0.000000[0m
[0m[ INFO] [1748066401.682011399]: [1748066401.682] Robot state - x: 2.417481, y: 0.010069, phi: -0.338802[0m
[0m[ INFO] [1748066401.682133641]: [1748066401.682] Reference trajectory - x: 2.347225, y: 0.000000, phi: 0.000000, v: 0.499169, w: 0.000000[0m
[0m[ INFO] [1748066401.682199562]: [1748066401.682] v: 0.349561, w: 1.183477[0m
[0m[ INFO] [1748066401.727917649]: Received reference trajectory - x: 2397.164795, y: 0.000000, phi: 0.000000, v: 499.623810, w: 0.000000[0m
[0m[ INFO] [1748066401.783594415]: [1748066401.784] Robot state - x: 2.462985, y: -0.005158, phi: -0.335808[0m
[0m[ INFO] [1748066401.783724433]: [1748066401.784] Reference trajectory - x: 2.397165, y: 0.000000, phi: 0.000000, v: 0.499624, w: 0.000000[0m
[0m[ INFO] [1748066401.783791251]: [1748066401.784] v: 0.347138, w: 1.320709[0m
[0m[ INFO] [1748066401.827825179]: Received reference trajectory - x: 2447.141602, y: 0.000000, phi: 0.000000, v: 499.900635, w: 0.000000[0m
[0m[ INFO] [1748066401.882493990]: [1748066401.882] Robot state - x: 2.505384, y: -0.019575, phi: -0.313742[0m
[0m[ INFO] [1748066401.882595816]: [1748066401.883] Reference trajectory - x: 2.447142, y: 0.000000, phi: 0.000000, v: 0.499901, w: 0.000000[0m
[0m[ INFO] [1748066401.882640265]: [1748066401.883] v: 0.359623, w: 1.378817[0m
[0m[ INFO] [1748066401.927831110]: Received reference trajectory - x: 2497.137207, y: 0.000000, phi: 0.000000, v: 499.999695, w: 0.000000[0m
[0m[ INFO] [1748066401.981776516]: [1748066401.982] Robot state - x: 2.546577, y: -0.033144, phi: -0.278524[0m
[0m[ INFO] [1748066401.981898214]: [1748066401.982] Reference trajectory - x: 2.497137, y: 0.000000, phi: 0.000000, v: 0.500000, w: 0.000000[0m
[0m[ INFO] [1748066401.982005000]: [1748066401.982] v: 0.379662, w: 1.380705[0m
[0m[ INFO] [1748066402.027825553]: Received reference trajectory - x: 2547.133301, y: 0.000000, phi: 0.000000, v: 499.920990, w: 0.000000[0m
[0m[ INFO] [1748066402.082229910]: [1748066402.082] Robot state - x: 2.587515, y: -0.045508, phi: -0.237671[0m
[0m[ INFO] [1748066402.082341496]: [1748066402.082] Reference trajectory - x: 2.547133, y: 0.000000, phi: 0.000000, v: 0.499921, w: 0.000000[0m
[0m[ INFO] [1748066402.082535196]: [1748066402.083] v: 0.403417, w: 1.352424[0m
[0m[ INFO] [1748066402.128142432]: Received reference trajectory - x: 2597.112061, y: 0.000000, phi: 0.000000, v: 499.664520, w: 0.000000[0m
[0m[ INFO] [1748066402.181964187]: [1748066402.182] Robot state - x: 2.628697, y: -0.056177, phi: -0.187615[0m
[0m[ INFO] [1748066402.182072445]: [1748066402.182] Reference trajectory - x: 2.597112, y: 0.000000, phi: 0.000000, v: 0.499665, w: 0.000000[0m
[0m[ INFO] [1748066402.182119870]: [1748066402.182] v: 0.428721, w: 1.274503[0m
[0m[ INFO] [1748066402.227882149]: Received reference trajectory - x: 2647.058350, y: 0.000000, phi: 0.000000, v: 499.230286, w: 0.000000[0m
[0m[ INFO] [1748066402.282460814]: [1748066402.282] Robot state - x: 2.671049, y: -0.065325, phi: -0.137750[0m
[0m[ INFO] [1748066402.282636881]: [1748066402.283] Reference trajectory - x: 2.647058, y: 0.000000, phi: 0.000000, v: 0.499230, w: 0.000000[0m
[0m[ INFO] [1748066402.282720211]: [1748066402.283] v: 0.451385, w: 1.185503[0m
[0m[ INFO] [1748066402.328122067]: Received reference trajectory - x: 2696.958740, y: 0.000000, phi: 0.000000, v: 498.618164, w: 0.000000[0m
[0m[ INFO] [1748066402.382568602]: [1748066402.382] Robot state - x: 2.714585, y: -0.072393, phi: -0.084414[0m
[0m[ INFO] [1748066402.382732797]: [1748066402.383] Reference trajectory - x: 2.696959, y: 0.000000, phi: 0.000000, v: 0.498618, w: 0.000000[0m
[0m[ INFO] [1748066402.382971265]: [1748066402.383] v: 0.470915, w: 1.064785[0m
[0m[ INFO] [1748066402.427838808]: Received reference trajectory - x: 2746.779785, y: 0.000000, phi: 0.000000, v: 497.828369, w: 0.000000[0m
[0m[ INFO] [1748066402.482116731]: [1748066402.482] Robot state - x: 2.759202, y: -0.077457, phi: -0.034931[0m
[0m[ INFO] [1748066402.482392416]: [1748066402.482] Reference trajectory - x: 2.746780, y: 0.000000, phi: 0.000000, v: 0.497828, w: 0.000000[0m
[0m[ INFO] [1748066402.482642565]: [1748066402.483] v: 0.487223, w: 0.941569[0m
[0m[ INFO] [1748066402.530706518]: Received reference trajectory - x: 2797.744873, y: 0.000000, phi: 0.000000, v: 496.834595, w: 0.000000[0m
[0m[ INFO] [1748066402.582876019]: [1748066402.583] Robot state - x: 2.804617, y: -0.080215, phi: 0.012578[0m
[0m[ INFO] [1748066402.582976053]: [1748066402.583] Reference trajectory - x: 2.797745, y: 0.000000, phi: 0.000000, v: 0.496835, w: 0.000000[0m
[0m[ INFO] [1748066402.583019606]: [1748066402.583] v: 0.506480, w: 0.804742[0m
[0m[ INFO] [1748066402.628114865]: Received reference trajectory - x: 2846.143066, y: 0.000000, phi: 0.000000, v: 495.715485, w: 0.000000[0m
[0m[ INFO] [1748066402.682750330]: [1748066402.683] Robot state - x: 2.851295, y: -0.080744, phi: 0.059800[0m
[0m[ INFO] [1748066402.682878749]: [1748066402.683] Reference trajectory - x: 2.846143, y: 0.000000, phi: 0.000000, v: 0.495715, w: 0.000000[0m
[0m[ INFO] [1748066402.682926014]: [1748066402.683] v: 0.510686, w: 0.647621[0m
[0m[ INFO] [1748066402.728072762]: Received reference trajectory - x: 2895.654541, y: 0.000000, phi: 0.000000, v: 494.392181, w: 0.000000[0m
[0m[ INFO] [1748066402.781785875]: [1748066402.782] Robot state - x: 2.898947, y: -0.079155, phi: 0.101290[0m
[0m[ INFO] [1748066402.781939285]: [1748066402.782] Reference trajectory - x: 2.895654, y: 0.000000, phi: 0.000000, v: 0.494392, w: 0.000000[0m
[0m[ INFO] [1748066402.782045943]: [1748066402.782] v: 0.515830, w: 0.492279[0m
[0m[ INFO] [1748066402.828105252]: Received reference trajectory - x: 2945.034424, y: 0.000000, phi: 0.000000, v: 492.890808, w: 0.000000[0m
[0m[ INFO] [1748066402.883443611]: [1748066402.883] Robot state - x: 2.947087, y: -0.075406, phi: 0.137145[0m
[0m[ INFO] [1748066402.883550141]: [1748066402.884] Reference trajectory - x: 2.945035, y: 0.000000, phi: 0.000000, v: 0.492891, w: 0.000000[0m
[0m[ INFO] [1748066402.883597406]: [1748066402.884] v: 0.518691, w: 0.337231[0m
[0m[ INFO] [1748066402.928189775]: Received reference trajectory - x: 2994.227295, y: 0.000000, phi: 0.000000, v: 491.212524, w: 0.000000[0m
[0m[ INFO] [1748066402.983004956]: [1748066402.983] Robot state - x: 2.995050, y: -0.069750, phi: 0.169337[0m
[0m[ INFO] [1748066402.983130367]: [1748066402.983] Reference trajectory - x: 2.994227, y: 0.000000, phi: 0.000000, v: 0.491213, w: 0.000000[0m
[0m[ INFO] [1748066402.983198560]: [1748066402.983] v: 0.521721, w: 0.176483[0m
[0m[ INFO] [1748066403.028201721]: Received reference trajectory - x: 3043.252930, y: 0.000000, phi: 0.000000, v: 489.356201, w: 0.000000[0m
[0m[ INFO] [1748066403.082193590]: [1748066403.082] Robot state - x: 3.042804, y: -0.062464, phi: 0.197868[0m
[0m[ INFO] [1748066403.082289368]: [1748066403.082] Reference trajectory - x: 3.043253, y: 0.000000, phi: 0.000000, v: 0.489356, w: 0.000000[0m
[0m[ INFO] [1748066403.082335801]: [1748066403.082] v: 0.525145, w: 0.012203[0m
[0m[ INFO] [1748066403.127938461]: Received reference trajectory - x: 3092.115723, y: 0.000000, phi: 0.000000, v: 487.320740, w: 0.000000[0m
[0m[ INFO] [1748066403.181807288]: [1748066403.182] Robot state - x: 3.090738, y: -0.053746, phi: 0.218979[0m
[0m[ INFO] [1748066403.181911034]: [1748066403.182] Reference trajectory - x: 3.092116, y: 0.000000, phi: 0.000000, v: 0.487321, w: 0.000000[0m
[0m[ INFO] [1748066403.181986683]: [1748066403.182] v: 0.527296, w: -0.139196[0m
[0m[ INFO] [1748066403.228130473]: Received reference trajectory - x: 3140.729736, y: 0.000000, phi: 0.000000, v: 485.109009, w: 0.000000[0m
[0m[ INFO] [1748066403.281608604]: [1748066403.282] Robot state - x: 3.138489, y: -0.043921, phi: 0.229105[0m
[0m[ INFO] [1748066403.281706366]: [1748066403.282] Reference trajectory - x: 3.140730, y: 0.000000, phi: 0.000000, v: 0.485109, w: 0.000000[0m
[0m[ INFO] [1748066403.281749791]: [1748066403.282] v: 0.529282, w: -0.260755[0m
[0m[ INFO] [1748066403.328317268]: Received reference trajectory - x: 3189.106201, y: 0.000000, phi: 0.000000, v: 482.720001, w: 0.000000[0m
[0m[ INFO] [1748066403.381614213]: [1748066403.382] Robot state - x: 3.186110, y: -0.033344, phi: 0.228245[0m
[0m[ INFO] [1748066403.381717287]: [1748066403.382] Reference trajectory - x: 3.189106, y: 0.000000, phi: 0.000000, v: 0.482720, w: 0.000000[0m
[0m[ INFO] [1748066403.381790248]: [1748066403.382] v: 0.530891, w: -0.349255[0m
[0m[ INFO] [1748066403.428227323]: Received reference trajectory - x: 3237.249756, y: 0.000000, phi: 0.000000, v: 480.152466, w: 0.000000[0m
[0m[ INFO] [1748066403.481888595]: [1748066403.482] Robot state - x: 3.233829, y: -0.022285, phi: 0.225507[0m
[0m[ INFO] [1748066403.482002357]: [1748066403.482] Reference trajectory - x: 3.237250, y: 0.000000, phi: 0.000000, v: 0.480152, w: 0.000000[0m
[0m[ INFO] [1748066403.482047669]: [1748066403.482] v: 0.531120, w: -0.438455[0m
[0m[ INFO] [1748066403.528214147]: Received reference trajectory - x: 3285.147949, y: 0.000000, phi: 0.000000, v: 477.405975, w: 0.000000[0m
[0m[ INFO] [1748066403.582950862]: [1748066403.583] Robot state - x: 3.282032, y: -0.011439, phi: 0.211687[0m
[0m[ INFO] [1748066403.583082897]: [1748066403.583] Reference trajectory - x: 3.285148, y: 0.000000, phi: 0.000000, v: 0.477406, w: 0.000000[0m
[0m[ INFO] [1748066403.583154930]: [1748066403.583] v: 0.528126, w: -0.484967[0m
[0m[ INFO] [1748066403.628116938]: Received reference trajectory - x: 3332.725830, y: 0.000000, phi: 0.000000, v: 474.483917, w: 0.000000[0m
[0m[ INFO] [1748066403.682537263]: [1748066403.682] Robot state - x: 3.329909, y: -0.000892, phi: 0.194302[0m
[0m[ INFO] [1748066403.682678354]: [1748066403.683] Reference trajectory - x: 3.332726, y: 0.000000, phi: 0.000000, v: 0.474484, w: 0.000000[0m
[0m[ INFO] [1748066403.682728243]: [1748066403.683] v: 0.524885, w: -0.517719[0m
[0m[ INFO] [1748066403.728426392]: Received reference trajectory - x: 3380.039307, y: 0.000000, phi: 0.000000, v: 471.381714, w: 0.000000[0m
[0m[ INFO] [1748066403.782429814]: [1748066403.782] Robot state - x: 3.378162, y: 0.008900, phi: 0.171375[0m
[0m[ INFO] [1748066403.782535960]: [1748066403.782] Reference trajectory - x: 3.380039, y: 0.000000, phi: 0.000000, v: 0.471382, w: 0.000000[0m
[0m[ INFO] [1748066403.782585529]: [1748066403.783] v: 0.518578, w: -0.524238[0m
[0m[ INFO] [1748066403.827804341]: Received reference trajectory - x: 3426.996094, y: 0.000000, phi: 0.000000, v: 468.104309, w: 0.000000[0m
[0m[ INFO] [1748066403.882059992]: [1748066403.882] Robot state - x: 3.426398, y: 0.017775, phi: 0.146666[0m
[0m[ INFO] [1748066403.882197306]: [1748066403.882] Reference trajectory - x: 3.426996, y: 0.000000, phi: 0.000000, v: 0.468104, w: 0.000000[0m
[0m[ INFO] [1748066403.882288668]: [1748066403.882] v: 0.510323, w: -0.517577[0m
[0m[ INFO] [1748066403.927828862]: Received reference trajectory - x: 3473.634766, y: 0.000000, phi: 0.000000, v: 464.647858, w: 0.000000[0m
[0m[ INFO] [1748066403.981692345]: [1748066403.982] Robot state - x: 3.474849, y: 0.025454, phi: 0.118294[0m
[0m[ INFO] [1748066403.981814747]: [1748066403.982] Reference trajectory - x: 3.473635, y: 0.000000, phi: 0.000000, v: 0.464648, w: 0.000000[0m
[0m[ INFO] [1748066403.981877213]: [1748066403.982] v: 0.499162, w: -0.487205[0m
[0m[ INFO] [1748066404.027755941]: Received reference trajectory - x: 3519.917480, y: 0.000000, phi: 0.000000, v: 461.013763, w: 0.000000[0m
[0m[ INFO] [1748066404.082809429]: [1748066404.083] Robot state - x: 3.522694, y: 0.031835, phi: 0.090114[0m
[0m[ INFO] [1748066404.082905207]: [1748066404.083] Reference trajectory - x: 3.519917, y: 0.000000, phi: 0.000000, v: 0.461014, w: 0.000000[0m
[0m[ INFO] [1748066404.082952440]: [1748066404.083] v: 0.488340, w: -0.447027[0m
[0m[ INFO] [1748066404.127834094]: Received reference trajectory - x: 3565.832520, y: 0.000000, phi: 0.000000, v: 457.201477, w: 0.000000[0m
[0m[ INFO] [1748066404.182048046]: [1748066404.182] Robot state - x: 3.570141, y: 0.036669, phi: 0.056584[0m
[0m[ INFO] [1748066404.182145456]: [1748066404.182] Reference trajectory - x: 3.565833, y: 0.000000, phi: 0.000000, v: 0.457201, w: 0.000000[0m
[0m[ INFO] [1748066404.182387605]: [1748066404.182] v: 0.476975, w: -0.372126[0m
[0m[ INFO] [1748066404.228349502]: Received reference trajectory - x: 3611.361816, y: 0.000000, phi: 0.000000, v: 453.211029, w: 0.000000[0m
[0m[ INFO] [1748066404.282649760]: [1748066404.283] Robot state - x: 3.617690, y: 0.040250, phi: 0.026716[0m
[0m[ INFO] [1748066404.282747362]: [1748066404.283] Reference trajectory - x: 3.611362, y: 0.000000, phi: 0.000000, v: 0.453211, w: 0.000000[0m
[0m[ INFO] [1748066404.282820580]: [1748066404.283] v: 0.462828, w: -0.300783[0m
[0m[ INFO] [1748066404.328365126]: Received reference trajectory - x: 3656.474854, y: 0.000000, phi: 0.000000, v: 449.043518, w: 0.000000[0m
[0m[ INFO] [1748066404.395505939]: [1748066404.395] Robot state - x: 3.664355, y: 0.042157, phi: -0.004744[0m
[0m[ INFO] [1748066404.395599413]: [1748066404.396] Reference trajectory - x: 3.656475, y: 0.000000, phi: 0.000000, v: 0.449044, w: 0.000000[0m
[0m[ INFO] [1748066404.395641398]: [1748066404.396] v: 0.449901, w: -0.207497[0m
[0m[ INFO] [1748066404.427858179]: Received reference trajectory - x: 3701.166748, y: 0.000000, phi: 0.000000, v: 444.697784, w: 0.000000[0m
[0m[ INFO] [1748066404.483430045]: [1748066404.483] Robot state - x: 3.710651, y: 0.042753, phi: -0.032447[0m
[0m[ INFO] [1748066404.483538719]: [1748066404.484] Reference trajectory - x: 3.701167, y: 0.000000, phi: 0.000000, v: 0.444698, w: 0.000000[0m
[0m[ INFO] [1748066404.483620385]: [1748066404.484] v: 0.436075, w: -0.116630[0m
[0m[ INFO] [1748066404.528647257]: Received reference trajectory - x: 3745.412354, y: 0.000000, phi: 0.000000, v: 440.174530, w: 0.000000[0m
[0m[ INFO] [1748066404.581904072]: [1748066404.582] Robot state - x: 3.755946, y: 0.042040, phi: -0.054418[0m
[0m[ INFO] [1748066404.582002282]: [1748066404.582] Reference trajectory - x: 3.745412, y: 0.000000, phi: 0.000000, v: 0.440175, w: 0.000000[0m
[0m[ INFO] [1748066404.582123852]: [1748066404.582] v: 0.423985, w: -0.035655[0m
[0m[ INFO] [1748066404.627994036]: Received reference trajectory - x: 3789.188721, y: 0.000000, phi: 0.000000, v: 435.474396, w: 0.000000[0m
[0m[ INFO] [1748066404.682378968]: [1748066404.682] Robot state - x: 3.800811, y: 0.040093, phi: -0.076294[0m
[0m[ INFO] [1748066404.682497594]: [1748066404.682] Reference trajectory - x: 3.789189, y: 0.000000, phi: 0.000000, v: 0.435474, w: 0.000000[0m
[0m[ INFO] [1748066404.682575228]: [1748066404.683] v: 0.411215, w: 0.057520[0m
[0m[ INFO] [1748066404.727852473]: Received reference trajectory - x: 3832.489990, y: 0.000000, phi: 0.000000, v: 430.596100, w: 0.000000[0m
[0m[ INFO] [1748066404.783010667]: [1748066404.783] Robot state - x: 3.844831, y: 0.037297, phi: -0.094317[0m
[0m[ INFO] [1748066404.783133613]: [1748066404.783] Reference trajectory - x: 3.832490, y: 0.000000, phi: 0.000000, v: 0.430596, w: 0.000000[0m
[0m[ INFO] [1748066404.783211247]: [1748066404.783] v: 0.399532, w: 0.144477[0m
[0m[ INFO] [1748066404.828202310]: Received reference trajectory - x: 3875.308350, y: 0.000000, phi: 0.000000, v: 425.538422, w: 0.000000[0m
[0m[ INFO] [1748066404.883164693]: [1748066404.883] Robot state - x: 3.887402, y: 0.033781, phi: -0.106512[0m
[0m[ INFO] [1748066404.883292663]: [1748066404.883] Reference trajectory - x: 3.875308, y: 0.000000, phi: 0.000000, v: 0.425538, w: 0.000000[0m
[0m[ INFO] [1748066404.883366169]: [1748066404.883] v: 0.391650, w: 0.216346[0m
[0m[ INFO] [1748066404.928396401]: Received reference trajectory - x: 3917.599854, y: 0.000000, phi: 0.000000, v: 420.304382, w: 0.000000[0m
[0m[ INFO] [1748066404.982832630]: [1748066404.983] Robot state - x: 3.929704, y: 0.029638, phi: -0.113167[0m
[0m[ INFO] [1748066404.982929656]: [1748066404.983] Reference trajectory - x: 3.917600, y: 0.000000, phi: 0.000000, v: 0.420304, w: 0.000000[0m
[0m[ INFO] [1748066404.983001913]: [1748066404.983] v: 0.382551, w: 0.273581[0m
[0m[ INFO] [1748066405.028404888]: Received reference trajectory - x: 3959.360840, y: 0.000000, phi: 0.000000, v: 414.892365, w: 0.000000[0m
[0m[ INFO] [1748066405.082105935]: [1748066405.082] Robot state - x: 3.970582, y: 0.025174, phi: -0.117657[0m
[0m[ INFO] [1748066405.082242545]: [1748066405.082] Reference trajectory - x: 3.959361, y: 0.000000, phi: 0.000000, v: 0.414892, w: 0.000000[0m
[0m[ INFO] [1748066405.082333331]: [1748066405.082] v: 0.377161, w: 0.326714[0m
[0m[ INFO] [1748066405.128008727]: Received reference trajectory - x: 4000.565674, y: 0.000000, phi: 0.000000, v: 409.303375, w: 0.000000[0m
[0m[ INFO] [1748066405.181888945]: [1748066405.182] Robot state - x: 4.010842, y: 0.020547, phi: -0.120173[0m
[0m[ INFO] [1748066405.182017907]: [1748066405.182] Reference trajectory - x: 4.000566, y: 0.000000, phi: 0.000000, v: 0.409303, w: 0.000000[0m
[0m[ INFO] [1748066405.182089268]: [1748066405.182] v: 0.372139, w: 0.375044[0m
[0m[ INFO] [1748066405.227932347]: Received reference trajectory - x: 4041.215576, y: 0.000000, phi: 0.000000, v: 403.534851, w: 0.000000[0m
[0m[ INFO] [1748066405.282242301]: [1748066405.282] Robot state - x: 4.050884, y: 0.015876, phi: -0.117148[0m
[0m[ INFO] [1748066405.282342175]: [1748066405.282] Reference trajectory - x: 4.041215, y: 0.000000, phi: 0.000000, v: 0.403535, w: 0.000000[0m
[0m[ INFO] [1748066405.282414208]: [1748066405.282] v: 0.365773, w: 0.403254[0m
[0m[ INFO] [1748066405.327848895]: Received reference trajectory - x: 4081.268799, y: 0.000000, phi: 0.000000, v: 397.590149, w: 0.000000[0m
[0m[ INFO] [1748066405.382067936]: [1748066405.382] Robot state - x: 4.090132, y: 0.011200, phi: -0.113931[0m
[0m[ INFO] [1748066405.382173633]: [1748066405.382] Reference trajectory - x: 4.081269, y: 0.000000, phi: 0.000000, v: 0.397590, w: 0.000000[0m
[0m[ INFO] [1748066405.382220706]: [1748066405.382] v: 0.360279, w: 0.432219[0m
[0m[ INFO] [1748066405.427872198]: Received reference trajectory - x: 4120.721191, y: 0.000000, phi: 0.000000, v: 391.467285, w: 0.000000[0m
[0m[ INFO] [1748066405.481874658]: [1748066405.482] Robot state - x: 4.129002, y: 0.006763, phi: -0.106958[0m
[0m[ INFO] [1748066405.482547662]: [1748066405.482] Reference trajectory - x: 4.120721, y: 0.000000, phi: 0.000000, v: 0.391467, w: 0.000000[0m
[0m[ INFO] [1748066405.482632240]: [1748066405.483] v: 0.353896, w: 0.445337[0m
[0m[ INFO] [1748066405.527817355]: Received reference trajectory - x: 4159.556641, y: 0.000000, phi: 0.000000, v: 385.166016, w: 0.000000[0m
[0m[ INFO] [1748066405.582603925]: [1748066405.582] Robot state - x: 4.167489, y: 0.002640, phi: -0.092565[0m
[0m[ INFO] [1748066405.582736375]: [1748066405.583] Reference trajectory - x: 4.159557, y: 0.000000, phi: 0.000000, v: 0.385166, w: 0.000000[0m
[0m[ INFO] [1748066405.582798457]: [1748066405.583] v: 0.346494, w: 0.427223[0m
[0m[ INFO] [1748066405.627974035]: Received reference trajectory - x: 4197.752441, y: 0.000000, phi: 0.000000, v: 378.687012, w: 0.000000[0m
[0m[ INFO] [1748066405.683168197]: [1748066405.683] Robot state - x: 4.205811, y: -0.001231, phi: -0.079956[0m
[0m[ INFO] [1748066405.683291559]: [1748066405.683] Reference trajectory - x: 4.197752, y: 0.000000, phi: 0.000000, v: 0.378687, w: 0.000000[0m
[0m[ INFO] [1748066405.683336104]: [1748066405.683] v: 0.336960, w: 0.414967[0m
[0m[ INFO] [1748066405.727845591]: Received reference trajectory - x: 4235.286621, y: 0.000000, phi: 0.000000, v: 372.031067, w: 0.000000[0m
[0m[ INFO] [1748066405.833472164]: Received reference trajectory - x: 4272.148926, y: 0.000000, phi: 0.000000, v: 365.196869, w: 0.000000[0m
[0m[ INFO] [1748066405.925605561]: [1748066405.925] Robot state - x: 4.243205, y: -0.004494, phi: -0.068938[0m
[0m[ INFO] [1748066405.925739228]: [1748066405.926] Reference trajectory - x: 4.272149, y: 0.000000, phi: 0.000000, v: 0.365197, w: 0.000000[0m
[0m[ INFO] [1748066405.925812989]: [1748066405.926] v: 0.482105, w: 0.404198[0m
[0m[ INFO] [1748066405.928208809]: Received reference trajectory - x: 4308.322266, y: 0.000000, phi: 0.000000, v: 358.184326, w: 0.000000[0m
[0m[ INFO] [1748066405.928667569]: [1748066405.929] Robot state - x: 4.280047, y: -0.007206, phi: -0.055947[0m
[0m[ INFO] [1748066405.928740595]: [1748066405.929] Reference trajectory - x: 4.308322, y: 0.000000, phi: 0.000000, v: 0.358184, w: 0.000000[0m
[0m[ INFO] [1748066405.928779731]: [1748066405.929] v: 0.481327, w: 0.381084[0m
[0m[ INFO] [1748066405.983050005]: [1748066405.983] Robot state - x: 4.318255, y: -0.009918, phi: -0.037797[0m
[0m[ INFO] [1748066405.983151190]: [1748066405.983] Reference trajectory - x: 4.308322, y: 0.000000, phi: 0.000000, v: 0.358184, w: 0.000000[0m
[0m[ INFO] [1748066405.983195703]: [1748066405.983] v: 0.323828, w: 0.338332[0m
[0m[ INFO] [1748066406.028407410]: Received reference trajectory - x: 4343.788574, y: 0.000000, phi: 0.000000, v: 350.993286, w: 0.000000[0m
[0m[ INFO] [1748066406.082337580]: [1748066406.082] Robot state - x: 4.351806, y: -0.011534, phi: -0.022162[0m
[0m[ INFO] [1748066406.082487311]: [1748066406.082] Reference trajectory - x: 4.343789, y: 0.000000, phi: 0.000000, v: 0.350993, w: 0.000000[0m
[0m[ INFO] [1748066406.082594449]: [1748066406.083] v: 0.321839, w: 0.295469[0m
[0m[ INFO] [1748066406.127800716]: Received reference trajectory - x: 4378.513184, y: 0.000000, phi: 0.000000, v: 343.627319, w: 0.000000[0m
[0m[ INFO] [1748066406.182182126]: [1748066406.182] Robot state - x: 4.386763, y: -0.012621, phi: -0.008693[0m
[0m[ INFO] [1748066406.182303952]: [1748066406.182] Reference trajectory - x: 4.378513, y: 0.000000, phi: 0.000000, v: 0.343627, w: 0.000000[0m
[0m[ INFO] [1748066406.182348337]: [1748066406.182] v: 0.310930, w: 0.256425[0m
[0m[ INFO] [1748066406.227808464]: Received reference trajectory - x: 4412.498535, y: 0.000000, phi: 0.000000, v: 336.082306, w: 0.000000[0m
[0m[ INFO] [1748066406.282096977]: [1748066406.282] Robot state - x: 4.421933, y: -0.013196, phi: 0.002898[0m
[0m[ INFO] [1748066406.282198675]: [1748066406.282] Reference trajectory - x: 4.412498, y: 0.000000, phi: 0.000000, v: 0.336082, w: 0.000000[0m
[0m[ INFO] [1748066406.282244020]: [1748066406.282] v: 0.295615, w: 0.220087[0m
[0m[ INFO] [1748066406.328308126]: Received reference trajectory - x: 4445.725098, y: 0.000000, phi: 0.000000, v: 328.358459, w: 0.000000[0m
[0m[ INFO] [1748066406.381818320]: [1748066406.382] Robot state - x: 4.457502, y: -0.013301, phi: 0.014393[0m
[0m[ INFO] [1748066406.381981747]: [1748066406.382] Reference trajectory - x: 4.445725, y: 0.000000, phi: 0.000000, v: 0.328358, w: 0.000000[0m
[0m[ INFO] [1748066406.382057653]: [1748066406.382] v: 0.274707, w: 0.179601[0m
[0m[ INFO] [1748066406.427907387]: Received reference trajectory - x: 4478.166016, y: 0.000000, phi: 0.000000, v: 320.457825, w: 0.000000[0m
[0m[ INFO] [1748066406.481864918]: [1748066406.482] Robot state - x: 4.492090, y: -0.013030, phi: 0.024296[0m
[0m[ INFO] [1748066406.481964248]: [1748066406.482] Reference trajectory - x: 4.478166, y: 0.000000, phi: 0.000000, v: 0.320458, w: 0.000000[0m
[0m[ INFO] [1748066406.482006648]: [1748066406.482] v: 0.253732, w: 0.141714[0m
[0m[ INFO] [1748066406.528163684]: Received reference trajectory - x: 4509.809082, y: 0.000000, phi: 0.000000, v: 312.379272, w: 0.000000[0m
[0m[ INFO] [1748066406.582818636]: [1748066406.583] Robot state - x: 4.525493, y: -0.012379, phi: 0.034485[0m
[0m[ INFO] [1748066406.582932334]: [1748066406.583] Reference trajectory - x: 4.509809, y: 0.000000, phi: 0.000000, v: 0.312379, w: 0.000000[0m
[0m[ INFO] [1748066406.583014927]: [1748066406.583] v: 0.233587, w: 0.098806[0m
[0m[ INFO] [1748066406.627895748]: Received reference trajectory - x: 4540.636230, y: 0.000000, phi: 0.000000, v: 304.122681, w: 0.000000[0m
[0m[ INFO] [1748066406.682105315]: [1748066406.682] Robot state - x: 4.557516, y: -0.011461, phi: 0.043178[0m
[0m[ INFO] [1748066406.682200069]: [1748066406.682] Reference trajectory - x: 4.540636, y: 0.000000, phi: 0.000000, v: 0.304123, w: 0.000000[0m
[0m[ INFO] [1748066406.682244838]: [1748066406.682] v: 0.215164, w: 0.058977[0m
[0m[ INFO] [1748066406.727978826]: Received reference trajectory - x: 4570.626953, y: 0.000000, phi: 0.000000, v: 295.688782, w: 0.000000[0m
[0m[ INFO] [1748066406.781831843]: [1748066406.782] Robot state - x: 4.587967, y: -0.010328, phi: 0.048591[0m
[0m[ INFO] [1748066406.781938565]: [1748066406.782] Reference trajectory - x: 4.570627, y: 0.000000, phi: 0.000000, v: 0.295689, w: 0.000000[0m
[0m[ INFO] [1748066406.782003462]: [1748066406.782] v: 0.199392, w: 0.029742[0m
[0m[ INFO] [1748066406.828281428]: Received reference trajectory - x: 4599.770996, y: 0.000000, phi: 0.000000, v: 287.075317, w: 0.000000[0m
[0m[ INFO] [1748066406.882537332]: [1748066406.882] Robot state - x: 4.617240, y: -0.009033, phi: 0.050629[0m
[0m[ INFO] [1748066406.882631126]: [1748066406.883] Reference trajectory - x: 4.599771, y: 0.000000, phi: 0.000000, v: 0.287075, w: 0.000000[0m
[0m[ INFO] [1748066406.882706615]: [1748066406.883] v: 0.184738, w: 0.011953[0m
[0m[ INFO] [1748066406.928013108]: Received reference trajectory - x: 4628.036133, y: 0.000000, phi: 0.000000, v: 278.286896, w: 0.000000[0m
[0m[ INFO] [1748066406.981631176]: [1748066406.982] Robot state - x: 4.644932, y: -0.007653, phi: 0.053049[0m
[0m[ INFO] [1748066406.981752074]: [1748066406.982] Reference trajectory - x: 4.628036, y: 0.000000, phi: 0.000000, v: 0.278287, w: 0.000000[0m
[0m[ INFO] [1748066406.981865164]: [1748066406.982] v: 0.172924, w: -0.008622[0m
[0m[ INFO] [1748066407.028027544]: Received reference trajectory - x: 4655.421875, y: 0.000000, phi: 0.000000, v: 269.317932, w: 0.000000[0m
[0m[ INFO] [1748066407.081936721]: [1748066407.082] Robot state - x: 4.671442, y: -0.006274, phi: 0.055756[0m
[0m[ INFO] [1748066407.082057652]: [1748066407.082] Reference trajectory - x: 4.655422, y: 0.000000, phi: 0.000000, v: 0.269318, w: 0.000000[0m
[0m[ INFO] [1748066407.082104276]: [1748066407.082] v: 0.162432, w: -0.030762[0m
[0m[ INFO] [1748066407.128000635]: Received reference trajectory - x: 4681.895508, y: 0.000000, phi: 0.000000, v: 260.173553, w: 0.000000[0m
[0m[ INFO] [1748066407.182612769]: [1748066407.183] Robot state - x: 4.697377, y: -0.004931, phi: 0.053113[0m
[0m[ INFO] [1748066407.182713987]: [1748066407.183] Reference trajectory - x: 4.681896, y: 0.000000, phi: 0.000000, v: 0.260174, w: 0.000000[0m
[0m[ INFO] [1748066407.182762116]: [1748066407.183] v: 0.150572, w: -0.031703[0m
[0m[ INFO] [1748066407.227836219]: Received reference trajectory - x: 4707.452148, y: 0.000000, phi: 0.000000, v: 250.848785, w: 0.000000[0m
[0m[ INFO] [1748066407.282239069]: [1748066407.282] Robot state - x: 4.722130, y: -0.003579, phi: 0.050757[0m
[0m[ INFO] [1748066407.282337759]: [1748066407.282] Reference trajectory - x: 4.707452, y: 0.000000, phi: 0.000000, v: 0.250849, w: 0.000000[0m
[0m[ INFO] [1748066407.282382176]: [1748066407.282] v: 0.139855, w: -0.034303[0m
[0m[ INFO] [1748066407.327960769]: Received reference trajectory - x: 4732.059570, y: 0.000000, phi: 0.000000, v: 241.349380, w: 0.000000[0m
[0m[ INFO] [1748066407.382550182]: [1748066407.382] Robot state - x: 4.745897, y: -0.002319, phi: 0.050470[0m
[0m[ INFO] [1748066407.382664168]: [1748066407.383] Reference trajectory - x: 4.732059, y: 0.000000, phi: 0.000000, v: 0.241349, w: 0.000000[0m
[0m[ INFO] [1748066407.382742986]: [1748066407.383] v: 0.129377, w: -0.044638[0m
[0m[ INFO] [1748066407.427845346]: Received reference trajectory - x: 4755.711914, y: 0.000000, phi: 0.000000, v: 231.670853, w: 0.000000[0m
[0m[ INFO] [1748066407.482363398]: [1748066407.482] Robot state - x: 4.768297, y: -0.001201, phi: 0.048687[0m
[0m[ INFO] [1748066407.482464424]: [1748066407.482] Reference trajectory - x: 4.755712, y: 0.000000, phi: 0.000000, v: 0.231671, w: 0.000000[0m
[0m[ INFO] [1748066407.482534057]: [1748066407.482] v: 0.120783, w: -0.047997[0m
[0m[ INFO] [1748066407.528055497]: Received reference trajectory - x: 4778.393066, y: 0.000000, phi: 0.000000, v: 221.811798, w: 0.000000[0m
[0m[ INFO] [1748066407.582191782]: [1748066407.582] Robot state - x: 4.789911, y: -0.000126, phi: 0.047095[0m
[0m[ INFO] [1748066407.582520396]: [1748066407.582] Reference trajectory - x: 4.778393, y: 0.000000, phi: 0.000000, v: 0.221812, w: 0.000000[0m
[0m[ INFO] [1748066407.582569357]: [1748066407.583] v: 0.111595, w: -0.052036[0m
[0m[ INFO] [1748066407.627982763]: Received reference trajectory - x: 4800.070312, y: 0.000000, phi: 0.000000, v: 211.779297, w: 0.000000[0m
[0m[ INFO] [1748066407.681895364]: [1748066407.682] Robot state - x: 4.810752, y: 0.000836, phi: 0.042032[0m
[0m[ INFO] [1748066407.682006502]: [1748066407.682] Reference trajectory - x: 4.800070, y: 0.000000, phi: 0.000000, v: 0.211779, w: 0.000000[0m
[0m[ INFO] [1748066407.682052103]: [1748066407.682] v: 0.101564, w: -0.041495[0m
[0m[ INFO] [1748066407.727959950]: Received reference trajectory - x: 4820.738281, y: 0.000000, phi: 0.000000, v: 201.567749, w: 0.000000[0m
[0m[ INFO] [1748066407.782165004]: [1748066407.782] Robot state - x: 4.830403, y: 0.001752, phi: 0.040917[0m
[0m[ INFO] [1748066407.784612217]: [1748066407.782] Reference trajectory - x: 4.820738, y: 0.000000, phi: 0.000000, v: 0.201568, w: 0.000000[0m
[0m[ INFO] [1748066407.784710203]: [1748066407.785] v: 0.092407, w: -0.046483[0m
[0m[ INFO] [1748066407.827948593]: Received reference trajectory - x: 4840.376465, y: 0.000000, phi: 0.000000, v: 191.178223, w: 0.000000[0m
[0m[ INFO] [1748066407.882867196]: [1748066407.883] Robot state - x: 4.849284, y: 0.002502, phi: 0.036332[0m
[0m[ INFO] [1748066407.882964158]: [1748066407.883] Reference trajectory - x: 4.840376, y: 0.000000, phi: 0.000000, v: 0.191178, w: 0.000000[0m
[0m[ INFO] [1748066407.883044127]: [1748066407.883] v: 0.082264, w: -0.036314[0m
[0m[ INFO] [1748066407.928094327]: Received reference trajectory - x: 4858.968262, y: 0.000000, phi: 0.000000, v: 180.610199, w: 0.000000[0m
[0m[ INFO] [1748066407.982840703]: [1748066407.983] Robot state - x: 4.867175, y: 0.003212, phi: 0.033817[0m
[0m[ INFO] [1748066407.982940225]: [1748066407.983] Reference trajectory - x: 4.858968, y: 0.000000, phi: 0.000000, v: 0.180610, w: 0.000000[0m
[0m[ INFO] [1748066407.983036195]: [1748066407.983] v: 0.071933, w: -0.034205[0m
[0m[ INFO] [1748066408.027990840]: Received reference trajectory - x: 4876.492188, y: 0.000000, phi: 0.000000, v: 169.865387, w: 0.000000[0m
[0m[ INFO] [1748066408.082223766]: [1748066408.082] Robot state - x: 4.884677, y: 0.003827, phi: 0.031397[0m
[0m[ INFO] [1748066408.082325976]: [1748066408.082] Reference trajectory - x: 4.876492, y: 0.000000, phi: 0.000000, v: 0.169865, w: 0.000000[0m
[0m[ INFO] [1748066408.082423866]: [1748066408.082] v: 0.058690, w: -0.031749[0m
[0m[ INFO] [1748066408.127977657]: Received reference trajectory - x: 4892.935547, y: 0.000000, phi: 0.000000, v: 158.941177, w: 0.000000[0m
[0m[ INFO] [1748066408.181980115]: [1748066408.182] Robot state - x: 4.900797, y: 0.004370, phi: 0.031142[0m
[0m[ INFO] [1748066408.182083829]: [1748066408.182] Reference trajectory - x: 4.892936, y: 0.000000, phi: 0.000000, v: 0.158941, w: 0.000000[0m
[0m[ INFO] [1748066408.182132502]: [1748066408.182] v: 0.046588, w: -0.037380[0m
[0m[ INFO] [1748066408.227805016]: Received reference trajectory - x: 4908.274902, y: 0.000000, phi: 0.000000, v: 147.841156, w: 0.000000[0m
[0m[ INFO] [1748066408.281860659]: [1748066408.282] Robot state - x: 4.916728, y: 0.004855, phi: 0.029104[0m
[0m[ INFO] [1748066408.281966037]: [1748066408.282] Reference trajectory - x: 4.908275, y: 0.000000, phi: 0.000000, v: 0.147841, w: 0.000000[0m
[0m[ INFO] [1748066408.282014390]: [1748066408.282] v: 0.030430, w: -0.035501[0m
[0m[ INFO] [1748066408.327802842]: Received reference trajectory - x: 4922.496582, y: 0.000000, phi: 0.000000, v: 136.562592, w: 0.000000[0m
[0m[ INFO] [1748066408.383736279]: [1748066408.384] Robot state - x: 4.930892, y: 0.005271, phi: 0.025665[0m
[0m[ INFO] [1748066408.383840249]: [1748066408.384] Reference trajectory - x: 4.922497, y: 0.000000, phi: 0.000000, v: 0.136563, w: 0.000000[0m
[0m[ INFO] [1748066408.383885882]: [1748066408.384] v: 0.016728, w: -0.027532[0m
[0m[ INFO] [1748066408.427861245]: Received reference trajectory - x: 4935.581543, y: 0.000000, phi: 0.000000, v: 125.105988, w: 0.000000[0m
[0m[ INFO] [1748066408.482325119]: [1748066408.482] Robot state - x: 4.944272, y: 0.005639, phi: 0.022417[0m
[0m[ INFO] [1748066408.482425185]: [1748066408.482] Reference trajectory - x: 4.935582, y: 0.000000, phi: 0.000000, v: 0.125106, w: 0.000000[0m
[0m[ INFO] [1748066408.482470338]: [1748066408.482] v: 0.001334, w: -0.019962[0m
[0m[ INFO] [1748066408.528116484]: Received reference trajectory - x: 4947.520996, y: 0.000000, phi: 0.000000, v: 113.462410, w: 0.000000[0m
[0m[ INFO] [1748066408.584090562]: [1748066408.584] Robot state - x: 4.956663, y: 0.005950, phi: 0.021239[0m
[0m[ INFO] [1748066408.584190083]: [1748066408.584] Reference trajectory - x: 4.947521, y: 0.000000, phi: 0.000000, v: 0.113462, w: 0.000000[0m
[0m[ INFO] [1748066408.584234308]: [1748066408.584] v: -0.015020, w: -0.020169[0m
[0m[ INFO] [1748066408.628086597]: Received reference trajectory - x: 4958.271484, y: 0.000000, phi: 0.000000, v: 101.658241, w: 0.000000[0m
[0m[ INFO] [1748066408.682011646]: [1748066408.682] Robot state - x: 4.967481, y: 0.006188, phi: 0.020443[0m
[0m[ INFO] [1748066408.682189121]: [1748066408.682] Reference trajectory - x: 4.958272, y: 0.000000, phi: 0.000000, v: 0.101658, w: 0.000000[0m
[0m[ INFO] [1748066408.682258370]: [1748066408.682] v: -0.030008, w: -0.021267[0m
[0m[ INFO] [1748066408.727900451]: Received reference trajectory - x: 4967.838867, y: 0.000000, phi: 0.000000, v: 89.668961, w: 0.000000[0m
[0m[ INFO] [1748066408.781915678]: [1748066408.782] Robot state - x: 4.977118, y: 0.006390, phi: 0.019933[0m
[0m[ INFO] [1748066408.782041344]: [1748066408.782] Reference trajectory - x: 4.967839, y: 0.000000, phi: 0.000000, v: 0.089669, w: 0.000000[0m
[0m[ INFO] [1748066408.782114273]: [1748066408.782] v: -0.045211, w: -0.023220[0m
[0m[ INFO] [1748066408.828154154]: Received reference trajectory - x: 4976.201172, y: 0.000000, phi: 0.000000, v: 77.497787, w: 0.000000[0m
[0m[ INFO] [1748066408.882620621]: [1748066408.882] Robot state - x: 4.985372, y: 0.006566, phi: 0.021589[0m
[0m[ INFO] [1748066408.882746191]: [1748066408.883] Reference trajectory - x: 4.976201, y: 0.000000, phi: 0.000000, v: 0.077498, w: 0.000000[0m
[0m[ INFO] [1748066408.882795408]: [1748066408.883] v: -0.059845, w: -0.033579[0m
[0m[ INFO] [1748066408.928075051]: Received reference trajectory - x: 4983.332520, y: 0.000000, phi: 0.000000, v: 65.156631, w: 0.000000[0m
[0m[ INFO] [1748066408.982569710]: [1748066408.982] Robot state - x: 4.992648, y: 0.006711, phi: 0.021653[0m
[0m[ INFO] [1748066408.982674255]: [1748066408.983] Reference trajectory - x: 4.983333, y: 0.000000, phi: 0.000000, v: 0.065157, w: 0.000000[0m
[0m[ INFO] [1748066408.982755825]: [1748066408.983] v: -0.075713, w: -0.037361[0m
[0m[ INFO] [1748066409.027806887]: Received reference trajectory - x: 4989.223633, y: 0.000000, phi: 0.000000, v: 52.633389, w: 0.000000[0m
[0m[ INFO] [1748066409.082150247]: [1748066409.082] Robot state - x: 4.998551, y: 0.006835, phi: 0.020220[0m
[0m[ INFO] [1748066409.082286281]: [1748066409.082] Reference trajectory - x: 4.989223, y: 0.000000, phi: 0.000000, v: 0.052633, w: 0.000000[0m
[0m[ INFO] [1748066409.082355883]: [1748066409.082] v: -0.091234, w: -0.035017[0m
[0m[ INFO] [1748066409.128037868]: Received reference trajectory - x: 4993.853516, y: 0.000000, phi: 0.000000, v: 39.932350, w: 0.000000[0m
[0m[ INFO] [1748066409.183368990]: [1748066409.183] Robot state - x: 5.003657, y: 0.006951, phi: 0.022640[0m
[0m[ INFO] [1748066409.183517664]: [1748066409.183] Reference trajectory - x: 4.993854, y: 0.000000, phi: 0.000000, v: 0.039932, w: 0.000000[0m
[0m[ INFO] [1748066409.183593986]: [1748066409.184] v: -0.108956, w: -0.047966[0m
[0m[ INFO] [1748066409.227826665]: Received reference trajectory - x: 4997.204102, y: 0.000000, phi: 0.000000, v: 27.053871, w: 0.000000[0m
[0m[ INFO] [1748066409.283288509]: [1748066409.283] Robot state - x: 5.007199, y: 0.007021, phi: 0.021780[0m
[0m[ INFO] [1748066409.283601315]: [1748066409.284] Reference trajectory - x: 4.997204, y: 0.000000, phi: 0.000000, v: 0.027054, w: 0.000000[0m
[0m[ INFO] [1748066409.283655524]: [1748066409.284] v: -0.125765, w: -0.047446[0m
[0m[ INFO] [1748066409.327863306]: Received reference trajectory - x: 4999.258301, y: 0.000000, phi: 0.000000, v: 13.997479, w: 0.000000[0m
[0m[ INFO] [1748066409.381968421]: [1748066409.382] Robot state - x: 5.009167, y: 0.007066, phi: 0.021303[0m
[0m[ INFO] [1748066409.382115432]: [1748066409.382] Reference trajectory - x: 4.999259, y: 0.000000, phi: 0.000000, v: 0.013997, w: 0.000000[0m
[0m[ INFO] [1748066409.382211562]: [1748066409.382] v: -0.141604, w: -0.048207[0m
[0m[ INFO] [1748066409.428085359]: Received reference trajectory - x: 4999.998047, y: 0.000000, phi: 0.000000, v: 0.763057, w: 0.000000[0m
[0m[ INFO] [1748066409.481503710]: [1748066409.481] Robot state - x: 5.009954, y: 0.007083, phi: 0.021112[0m
[0m[ INFO] [1748066409.481606591]: [1748066409.482] Reference trajectory - x: 4.999998, y: 0.000000, phi: 0.000000, v: 0.000763, w: 0.000000[0m
[0m[ INFO] [1748066409.481651680]: [1748066409.482] v: -0.158175, w: -0.049851[0m
[0m[ INFO] [1748066409.581459901]: [1748066409.581] Robot state - x: 5.009954, y: 0.007083, phi: 0.021112[0m
[0m[ INFO] [1748066409.581555295]: [1748066409.582] Reference trajectory - x: 4.999998, y: 0.000000, phi: 0.000000, v: 0.000763, w: 0.000000[0m
[0m[ INFO] [1748066409.581648161]: [1748066409.582] v: -0.161321, w: -0.052089[0m
[0m[ INFO] [1748066409.686323767]: [1748066409.686] Robot state - x: 5.009954, y: 0.007083, phi: 0.021112[0m
[0m[ INFO] [1748066409.686425625]: [1748066409.686] Reference trajectory - x: 4.999998, y: 0.000000, phi: 0.000000, v: 0.000763, w: 0.000000[0m
[0m[ INFO] [1748066409.686473209]: [1748066409.686] v: -0.164467, w: -0.054327[0m
[0m[ INFO] [1748066409.782716566]: [1748066409.783] Robot state - x: 5.009954, y: 0.007083, phi: 0.021112[0m
[0m[ INFO] [1748066409.782813943]: [1748066409.783] Reference trajectory - x: 4.999998, y: 0.000000, phi: 0.000000, v: 0.000763, w: 0.000000[0m
[0m[ INFO] [1748066409.782860632]: [1748066409.783] v: -0.167613, w: -0.056565[0m
[0m[ INFO] [1748066409.882311535]: [1748066409.882] Robot state - x: 5.009763, y: 0.007079, phi: 0.019328[0m
[0m[ INFO] [1748066409.882431345]: [1748066409.882] Reference trajectory - x: 4.999998, y: 0.000000, phi: 0.000000, v: 0.000763, w: 0.000000[0m
[0m[ INFO] [1748066409.882510290]: [1748066409.882] v: -0.169926, w: -0.051674[0m
[0m[ INFO] [1748066409.982978908]: [1748066409.983] Robot state - x: 5.008996, y: 0.007065, phi: 0.012196[0m
[0m[ INFO] [1748066409.983084766]: [1748066409.983] Reference trajectory - x: 4.999998, y: 0.000000, phi: 0.000000, v: 0.000763, w: 0.000000[0m
[0m[ INFO] [1748066409.983162815]: [1748066409.983] v: -0.169672, w: -0.025417[0m
[0m[ INFO] [1748066410.081960521]: [1748066410.082] Robot state - x: 5.007220, y: 0.007029, phi: 0.014457[0m
[0m[ INFO] [1748066410.082175373]: [1748066410.082] Reference trajectory - x: 4.999998, y: 0.000000, phi: 0.000000, v: 0.000763, w: 0.000000[0m
[0m[ INFO] [1748066410.082247630]: [1748066410.082] v: -0.164778, w: -0.036275[0m
[0m[ INFO] [1748066410.182786711]: [1748066410.183] Robot state - x: 5.005826, y: 0.007008, phi: 0.020284[0m
[0m[ INFO] [1748066410.182912281]: [1748066410.183] Reference trajectory - x: 4.999998, y: 0.000000, phi: 0.000000, v: 0.000763, w: 0.000000[0m
[0m[ INFO] [1748066410.182979899]: [1748066410.183] v: -0.160991, w: -0.061454[0m
[0m[ INFO] [1748066410.282251437]: [1748066410.282] Robot state - x: 5.003667, y: 0.006978, phi: 0.018978[0m
[0m[ INFO] [1748066410.282375599]: [1748066410.282] Reference trajectory - x: 4.999998, y: 0.000000, phi: 0.000000, v: 0.000763, w: 0.000000[0m
[0m[ INFO] [1748066410.282422064]: [1748066410.282] v: -0.153426, w: -0.058180[0m
[0m[ INFO] [1748066410.383399841]: [1748066410.383] Robot state - x: 5.001709, y: 0.006941, phi: 0.015794[0m
[0m[ INFO] [1748066410.383536771]: [1748066410.383] Reference trajectory - x: 4.999998, y: 0.000000, phi: 0.000000, v: 0.000763, w: 0.000000[0m
[0m[ INFO] [1748066410.383808072]: [1748066410.384] v: -0.146058, w: -0.047358[0m
[0m[ INFO] [1748066410.483089915]: [1748066410.483] Robot state - x: 4.999933, y: 0.006906, phi: 0.018055[0m
[0m[ INFO] [1748066410.483187100]: [1748066410.483] Reference trajectory - x: 4.999998, y: 0.000000, phi: 0.000000, v: 0.000763, w: 0.000000[0m
[0m[ INFO] [1748066410.483234877]: [1748066410.483] v: -0.138862, w: -0.058184[0m
[0m[ INFO] [1748066410.581832259]: [1748066410.582] Robot state - x: 4.997592, y: 0.006877, phi: 0.011304[0m
[0m[ INFO] [1748066410.581949029]: [1748066410.582] Reference trajectory - x: 4.999998, y: 0.000000, phi: 0.000000, v: 0.000763, w: 0.000000[0m
[0m[ INFO] [1748066410.581998566]: [1748066410.582] v: -0.128645, w: -0.033235[0m
[0m[ INFO] [1748066410.682899254]: [1748066410.683] Robot state - x: 4.993848, y: 0.006804, phi: 0.014043[0m
[0m[ INFO] [1748066410.682995607]: [1748066410.683] Reference trajectory - x: 4.999998, y: 0.000000, phi: 0.000000, v: 0.000763, w: 0.000000[0m
[0m[ INFO] [1748066410.683171227]: [1748066410.683] v: -0.111575, w: -0.045568[0m
[0m[ INFO] [1748066410.923048496]: [1748066410.923] Robot state - x: 4.990315, y: 0.006769, phi: 0.011240[0m
[0m[ INFO] [1748066410.923156018]: [1748066410.923] Reference trajectory - x: 4.999998, y: 0.000000, phi: 0.000000, v: 0.000763, w: 0.000000[0m
[0m[ INFO] [1748066410.923203539]: [1748066410.923] v: -0.094243, w: -0.036227[0m
[0m[ INFO] [1748066410.925706145]: [1748066410.926] Robot state - x: 4.986763, y: 0.006711, phi: 0.015762[0m
[0m[ INFO] [1748066410.925784226]: [1748066410.926] Reference trajectory - x: 4.999998, y: 0.000000, phi: 0.000000, v: 0.000763, w: 0.000000[0m
[0m[ INFO] [1748066410.925829859]: [1748066410.926] v: -0.075707, w: -0.055764[0m
[0m[ INFO] [1748066410.981646845]: [1748066410.982] Robot state - x: 4.984017, y: 0.006677, phi: 0.012769[0m
[0m[ INFO] [1748066410.981741791]: [1748066410.982] Reference trajectory - x: 4.999998, y: 0.000000, phi: 0.000000, v: 0.000763, w: 0.000000[0m
[0m[ INFO] [1748066410.982705104]: [1748066410.983] v: -0.059566, w: -0.045640[0m
[0m[ INFO] [1748066411.081887360]: [1748066411.082] Robot state - x: 4.980869, y: 0.006626, phi: 0.013533[0m
[0m[ INFO] [1748066411.082138820]: [1748066411.082] Reference trajectory - x: 4.999998, y: 0.000000, phi: 0.000000, v: 0.000763, w: 0.000000[0m
[0m[ INFO] [1748066411.082191653]: [1748066411.082] v: -0.040803, w: -0.050280[0m
[0m[ INFO] [1748066411.182844207]: [1748066411.183] Robot state - x: 4.978710, y: 0.006600, phi: 0.012228[0m
[0m[ INFO] [1748066411.183034291]: [1748066411.183] Reference trajectory - x: 4.999998, y: 0.000000, phi: 0.000000, v: 0.000763, w: 0.000000[0m
[0m[ INFO] [1748066411.183092020]: [1748066411.183] v: -0.025351, w: -0.046921[0m
[0m[ INFO] [1748066411.282846413]: [1748066411.283] Robot state - x: 4.977730, y: 0.006587, phi: 0.010635[0m
[0m[ INFO] [1748066411.282985264]: [1748066411.283] Reference trajectory - x: 4.999998, y: 0.000000, phi: 0.000000, v: 0.000763, w: 0.000000[0m
[0m[ INFO] [1748066411.283034449]: [1748066411.283] v: -0.014358, w: -0.042551[0m
[0m[ INFO] [1748066411.382585222]: [1748066411.382] Robot state - x: 4.977145, y: 0.006580, phi: 0.008948[0m
[0m[ INFO] [1748066411.382749993]: [1748066411.383] Reference trajectory - x: 4.999998, y: 0.000000, phi: 0.000000, v: 0.000763, w: 0.000000[0m
[0m[ INFO] [1748066411.382799018]: [1748066411.383] v: -0.004773, w: -0.037856[0m
[0m[ INFO] [1748066411.481924216]: [1748066411.482] Robot state - x: 4.977145, y: 0.006580, phi: 0.008948[0m
[0m[ INFO] [1748066411.482040475]: [1748066411.482] Reference trajectory - x: 4.999998, y: 0.000000, phi: 0.000000, v: 0.000763, w: 0.000000[0m
[0m[ INFO] [1748066411.482110908]: [1748066411.482] v: 0.002449, w: -0.039935[0m
[0m[ INFO] [1748066411.582015544]: [1748066411.582] Robot state - x: 4.977145, y: 0.006580, phi: 0.008948[0m
[0m[ INFO] [1748066411.582133850]: [1748066411.582] Reference trajectory - x: 4.999998, y: 0.000000, phi: 0.000000, v: 0.000763, w: 0.000000[0m
[0m[ INFO] [1748066411.582369791]: [1748066411.582] v: 0.009670, w: -0.042015[0m
[0m[ INFO] [1748066411.681799090]: [1748066411.682] Robot state - x: 4.977145, y: 0.006580, phi: 0.008948[0m
[0m[ INFO] [1748066411.681894548]: [1748066411.682] Reference trajectory - x: 4.999998, y: 0.000000, phi: 0.000000, v: 0.000763, w: 0.000000[0m
[0m[ INFO] [1748066411.681938325]: [1748066411.682] v: 0.016892, w: -0.044094[0m
[0m[ INFO] [1748066411.781962483]: [1748066411.782] Robot state - x: 4.977145, y: 0.006580, phi: 0.008948[0m
[0m[ INFO] [1748066411.782066453]: [1748066411.782] Reference trajectory - x: 4.999998, y: 0.000000, phi: 0.000000, v: 0.000763, w: 0.000000[0m
[0m[ INFO] [1748066411.782113078]: [1748066411.782] v: 0.024113, w: -0.046174[0m
[0m[ INFO] [1748066411.883732306]: [1748066411.884] Robot state - x: 4.977145, y: 0.006580, phi: 0.008948[0m
[0m[ INFO] [1748066411.883834515]: [1748066411.884] Reference trajectory - x: 4.999998, y: 0.000000, phi: 0.000000, v: 0.000763, w: 0.000000[0m
[0m[ INFO] [1748066411.883883252]: [1748066411.884] v: 0.031335, w: -0.048253[0m
[0m[ INFO] [1748066411.982024977]: [1748066411.982] Robot state - x: 4.977145, y: 0.006580, phi: 0.008948[0m
[0m[ INFO] [1748066411.982135187]: [1748066411.982] Reference trajectory - x: 4.999998, y: 0.000000, phi: 0.000000, v: 0.000763, w: 0.000000[0m
[0m[ INFO] [1748066411.982189396]: [1748066411.982] v: 0.038556, w: -0.050333[0m
[0m[ INFO] [1748066412.081944332]: [1748066412.082] Robot state - x: 4.977145, y: 0.006580, phi: 0.008948[0m
[0m[ INFO] [1748066412.082073870]: [1748066412.082] Reference trajectory - x: 4.999998, y: 0.000000, phi: 0.000000, v: 0.000763, w: 0.000000[0m
[0m[ INFO] [1748066412.082120943]: [1748066412.082] v: 0.045778, w: -0.052412[0m
[0m[ INFO] [1748066412.182885178]: [1748066412.183] Robot state - x: 4.977145, y: 0.006580, phi: 0.008948[0m
[0m[ INFO] [1748066412.183002780]: [1748066412.183] Reference trajectory - x: 4.999998, y: 0.000000, phi: 0.000000, v: 0.000763, w: 0.000000[0m
[0m[ INFO] [1748066412.183049629]: [1748066412.183] v: 0.052999, w: -0.054491[0m
[0m[ INFO] [1748066412.282028999]: [1748066412.282] Robot state - x: 4.977347, y: 0.006582, phi: 0.007069[0m
[0m[ INFO] [1748066412.282148553]: [1748066412.282] Reference trajectory - x: 4.999998, y: 0.000000, phi: 0.000000, v: 0.000763, w: 0.000000[0m
[0m[ INFO] [1748066412.282213354]: [1748066412.282] v: 0.059340, w: -0.049117[0m
[0m[ INFO] [1748066412.381910658]: [1748066412.382] Robot state - x: 4.977347, y: 0.006582, phi: 0.007069[0m
[0m[ INFO] [1748066412.382031012]: [1748066412.382] Reference trajectory - x: 4.999998, y: 0.000000, phi: 0.000000, v: 0.000763, w: 0.000000[0m
[0m[ INFO] [1748066412.382104325]: [1748066412.382] v: 0.066498, w: -0.051197[0m
[0m[ INFO] [1748066412.482215556]: [1748066412.482] Robot state - x: 4.977347, y: 0.006582, phi: 0.007069[0m
[0m[ INFO] [1748066412.482311462]: [1748066412.482] Reference trajectory - x: 4.999998, y: 0.000000, phi: 0.000000, v: 0.000763, w: 0.000000[0m
[0m[ INFO] [1748066412.482385959]: [1748066412.482] v: 0.073656, w: -0.053277[0m
[0m[ INFO] [1748066412.582176672]: [1748066412.582] Robot state - x: 4.978549, y: 0.006586, phi: -0.000541[0m
[0m[ INFO] [1748066412.582272770]: [1748066412.582] Reference trajectory - x: 4.999998, y: 0.000000, phi: 0.000000, v: 0.000763, w: 0.000000[0m
[0m[ INFO] [1748066412.582344259]: [1748066412.582] v: 0.075581, w: -0.025138[0m
[0m[ INFO] [1748066412.682173725]: [1748066412.682] Robot state - x: 4.979134, y: 0.006591, phi: 0.001146[0m
[0m[ INFO] [1748066412.682334080]: [1748066412.682] Reference trajectory - x: 4.999998, y: 0.000000, phi: 0.000000, v: 0.000763, w: 0.000000[0m
[0m[ INFO] [1748066412.682435425]: [1748066412.682] v: 0.079810, w: -0.033975[0m
[0m[ INFO] [1748066412.782778212]: [1748066412.783] Robot state - x: 4.980486, y: 0.006596, phi: 0.009967[0m
[0m[ INFO] [1748066[0m[ INFO] [1748066394.427248432]: Trajectory Generator Node Started[0m
[0m[ INFO] [1748066394.432702933]: Reading trajectory coeffs[0m
[0m[ INFO] [1748066390.948876163]: [I2C FOR MOTORS] Now launching this node in namespace: /asc[0m
[0m[ INFO] [1748066390.971821868]: [I2C FOR MOTORS] publish motor duty cycle requests from command line with: rostopic pub --once /asc/set_motor_duty_cycle asclinic_pkg/LeftRightFloat32 "{left: 10.1, right: 10.1}"[0m
[0m[ INFO] [1748066390.972017359]: [I2C FOR MOTORS] Successfully opened named /dev/i2c-1, with file descriptor = 10[0m
[0m[ INFO] [1748066390.972171538]: [I2C FOR MOTORS] Actual acceleration limit = 0.0003125%/ms (after conversation to "internal units")[0m
[0m[ INFO] [1748066390.972248403]: [I2C FOR MOTORS] Actual deceleration limit = 0.0015625%/ms (after conversation to "internal units")[0m
[0m[ INFO] [1748066390.972306357]: [I2C FOR MOTORS] Now initialising SMC with I2C address 13[0m
[0m[ INFO] [1748066390.987703441]: [I2C FOR MOTORS] Now initialising SMC with I2C address 14[0m
[0m[ INFO] [1748066391.003513398]: [I2C FOR MOTORS] Node initialisation complete[0m
412.782880102]: [1748066412.783] Reference trajectory - x: 4.999998, y: 0.000000, phi: 0.000000, v: 0.000763, w: 0.000000[0m
[0m[ INFO] [1748066412.783184236]: [1748066412.783] v: 0.080513, w: -0.071180[0m
[0m[ INFO] [1748066412.881754255]: [1748066412.882] Robot state - x: 4.982091, y: 0.006589, phi: -0.001401[0m
[0m[ INFO] [1748066412.881845776]: [1748066412.882] Reference trajectory - x: 4.999998, y: 0.000000, phi: 0.000000, v: 0.000763, w: 0.000000[0m
[0m[ INFO] [1748066412.881889649]: [1748066412.882] v: 0.079685, w: -0.027993[0m
... logging to /home/asc/.ros/log/a739697c-385f-11f0-8c94-d8c0a650f677/roslaunch-asc12-jetson-18441.log
Checking log directory for disk usage. This may take a while.
Press Ctrl-C to interrupt
Done checking log file disk usage. Usage is <1GB.
]2;/home/asc/ASClinic/catkin_ws/src/asclinic_pkg/launch/trajectory.launch
[1mstarted roslaunch server http://asc12-jetson:34289/[0m

SUMMARY
========

PARAMETERS
 * /asc/aruco_detector/aruco_detector_desired_camera_fps: 5
 * /asc/aruco_detector/aruco_detector_desired_camera_frame_height: 1080
 * /asc/aruco_detector/aruco_detector_desired_camera_frame_width: 1920
 * /asc/aruco_detector/aruco_detector_marker_size: 0.25
 * /asc/aruco_detector/aruco_detector_save_image_path: /home/asc/saved_c...
 * /asc/aruco_detector/aruco_detector_should_publish_camera_images: False
 * /asc/aruco_detector/aruco_detector_should_save_all_aruco_images: False
 * /asc/aruco_detector/aruco_detector_should_show_camera_images: False
 * /asc/aruco_detector/aruco_detector_usb_camera_device_number: 0
 * /asc/aruco_detector/aruco_detector_verbosity: 1
 * /asc/encoder_read_multi_threaded/delta_t_for_publishing_encoder_counts: 0.1
 * /asc/encoder_read_multi_threaded/encoder_events_to_monitor: rising
 * /asc/encoder_read_multi_threaded/encoder_read_verbosity: 1
 * /asc/encoder_read_multi_threaded/gpio_chip_number_for_encoder_lines: 1
 * /asc/encoder_read_multi_threaded/line_number_for_left_side_encoder_channel_a: 105
 * /asc/encoder_read_multi_threaded/line_number_for_left_side_encoder_channel_b: 106
 * /asc/encoder_read_multi_threaded/line_number_for_right_side_encoder_channel_a: 84
 * /asc/encoder_read_multi_threaded/line_number_for_right_side_encoder_channel_b: 130
 * /asc/encoder_read_multi_threaded/should_monitor_left_side_encoder_channel_a: True
 * /asc/encoder_read_multi_threaded/should_monitor_left_side_encoder_channel_b: False
 * /asc/encoder_read_multi_threaded/should_monitor_right_side_encoder_channel_a: True
 * /asc/encoder_read_multi_threaded/should_monitor_right_side_encoder_channel_b: False
 * /asc/i2c_for_motors/motor_driver_current_limit_in_milliamps: 5000
 * /asc/i2c_for_motors/motor_driver_left_side_multiplier: 1
 * /asc/i2c_for_motors/motor_driver_max_accel_limit_in_percent_per_millisecond: 0.04
 * /asc/i2c_for_motors/motor_driver_max_decel_limit_in_percent_per_millisecond: 0.16
 * /asc/i2c_for_motors/motor_driver_max_duty_cycle_limit_in_percent: 100.0
 * /asc/i2c_for_motors/motor_driver_right_side_multiplier: 1
 * /asc/i2c_for_motors/motor_driver_verbosity: 1
 * /rosdistro: noetic
 * /rosversion: 1.17.0

NODES
  /
    aruco_positioning (asclinic_pkg/aruco_positioning.py)
    kf_fusion_node (asclinic_pkg/KF.py)
    odomdelta (asclinic_pkg/odomdelta)
    trajectory_generator (asclinic_pkg/trajectory_generator_state_space)
    trajectory_tracker (asclinic_pkg/trajectory_tracker_state_space)
    velocity_PI_control (asclinic_pkg/velocity_PI_control)
  /asc/
    aruco_detector (asclinic_pkg/aruco_detector.py)
    encoder_read_multi_threaded (asclinic_pkg/encoder_read_multi_threaded)
    i2c_for_motors (asclinic_pkg/i2c_for_motors)

[1mROS_MASTER_URI=http://localhost:11311[0m
]2;/home/asc/ASClinic/catkin_ws/src/asclinic_pkg/launch/trajectory.launch http://localhost:11311
[1mprocess[asc/i2c_for_motors-1]: started with pid [18489][0m
[1mprocess[asc/encoder_read_multi_threaded-2]: started with pid [18491][0m
[1mprocess[odomdelta-3]: started with pid [18499][0m
[1mprocess[asc/aruco_detector-4]: started with pid [18502][0m
[1mprocess[aruco_positioning-5]: started with pid [18507][0m
[1mprocess[trajectory_tracker-6]: started with pid [18508][0m
[1mprocess[trajectory_generator-7]: started with pid [18513][0m
[1mprocess[velocity_PI_control-8]: started with pid [18520][0m
[1mprocess[kf_fusion_node-9]: started with pid [18531][0m
[kf_fusion_node-9] killing on exit
[trajectory_generator-7] killing on exit
[trajectory_tracker-6] killing on exit
[odomdelta-3] killing on exit
[velocity_PI_control-8] killing on exit
[asc/encoder_read_multi_threaded-2] killing on exit
[asc/i2c_for_motors-1] killing on exit
shutting down processing monitor...
... shutting down processing monitor complete
[1mdone[0m
