[0m[ INFO] [1748068849.380021515]: [1748068849.380] Robot state - x: 0.000000, y: 0.000000, phi: 0.000000[0m
[0m[ INFO] [1748068849.383411416]: [1748068849.383] Reference trajectory - x: 0.000000, y: 0.000000, phi: 0.000000, v: 0.000000, w: 0.000000[0m
[0m[ INFO] [1748068849.408547461]: [1748068849.408] Robot state - x: 0.000000, y: 0.000000, phi: 0.000000[0m
[0m[ INFO] [1748068849.408691943]: [1748068849.409] Reference trajectory - x: 0.000000, y: 0.000000, phi: 0.000000, v: 0.000000, w: 0.000000[0m
[0m[ INFO] [1748068849.508436338]: [1748068849.508] Robot state - x: 0.000000, y: 0.000000, phi: 0.000000[0m
[0m[ INFO] [1748068849.509145723]: [1748068849.509] Reference trajectory - x: 0.000000, y: 0.000000, phi: 0.000000, v: 0.000000, w: 0.000000[0m
[0m[ INFO] [1748068849.609747793]: [1748068849.610] Robot state - x: 0.000000, y: 0.000000, phi: 0.000000[0m
[0m[ INFO] [1748068849.609934003]: [1748068849.610] Reference trajectory - x: 0.000000, y: 0.000000, phi: 0.000000, v: 0.000000, w: 0.000000[0m
[0m[ INFO] [1748068849.708230923]: [1748068849.708] Robot state - x: 0.000000, y: 0.000000, phi: 0.000000[0m
[0m[ INFO] [1748068849.708349068]: [1748068849.708] Reference trajectory - x: 0.000000, y: 0.000000, phi: 0.000000, v: 0.000000, w: 0.000000[0m
[0m[ INFO] [1748068849.808270265]: [1748068849.808] Robot state - x: 0.000000, y: 0.000000, phi: 0.000000[0m
[0m[ INFO] [1748068849.808385115]: [1748068849.808] Reference trajectory - x: 0.000000, y: 0.000000, phi: 0.000000, v: 0.000000, w: 0.000000[0m
[0m[ INFO] [1748068849.908110469]: [1748068849.908] Robot state - x: 0.000000, y: 0.000000, phi: 0.000000[0m
[0m[ INFO] [1748068849.908261639]: [1748068849.908] Reference trajectory - x: 0.000000, y: 0.000000, phi: 0.000000, v: 0.000000, w: 0.000000[0m
[0m[ INFO] [1748068850.008058066]: [1748068850.008] Robot state - x: 0.000000, y: 0.000000, phi: 0.000000[0m
[0m[ INFO] [1748068850.008209684]: [1748068850.008] Reference trajectory - x: 0.000000, y: 0.000000, phi: 0.000000, v: 0.000000, w: 0.000000[0m
[0m[ INFO] [1748068850.108735910]: [1748068850.109] Robot state - x: 0.000000, y: 0.000000, phi: 0.000000[0m
[0m[ INFO] [1748068850.109407951]: [1748068850.109] Reference trajectory - x: 0.000000, y: 0.000000, phi: 0.000000, v: 0.000000, w: 0.000000[0m
[0m[ INFO] [1748068850.208724529]: [1748068850.209] Robot state - x: 0.000000, y: 0.000000, phi: 0.000000[0m
[0m[ INFO] [1748068850.208879315]: [1748068850.209] Reference trajectory - x: 0.000000, y: 0.000000, phi: 0.000000, v: 0.000000, w: 0.000000[0m
[0m[ INFO] [1748068850.308375320]: [1748068850.308] Robot state - x: 0.000000, y: 0.000000, phi: 0.000000[0m
[0m[ INFO] [1748068850.308528890]: [1748068850.308] Reference trajectory - x: 0.000000, y: 0.000000, phi: 0.000000, v: 0.000000, w: 0.000000[0m
[0m[ INFO] [1748068850.407923869]: [1748068850.408] Robot state - x: 0.000000, y: 0.000000, phi: 0.000000[0m
[0m[ INFO] [1748068850.408061695]: [1748068850.408] Reference trajectory - x: 0.000000, y: 0.000000, phi: 0.000000, v: 0.000000, w: 0.000000[0m
[0m[ INFO] [1748068850.509985028]: [1748068850.510] Robot state - x: 0.000000, y: 0.000000, phi: 0.000000[0m
[0m[ INFO] [1748068850.510082629]: [1748068850.510] Reference trajectory - x: 0.000000, y: 0.000000, phi: 0.000000, v: 0.000000, w: 0.000000[0m
[0m[ INFO] [1748068850.607974261]: [1748068850.608] Robot state - x: 0.000000, y: 0.000000, phi: 0.000000[0m
[0m[ INFO] [1748068850.608080630]: [1748068850.608] Reference trajectory - x: 0.000000, y: 0.000000, phi: 0.000000, v: 0.000000, w: 0.000000[0m
[0m[ INFO] [1748068850.708775147]: [1748068850.709] Robot state - x: 0.000000, y: 0.000000, phi: 0.000000[0m
[0m[ INFO] [1748068850.708916141]: [1748068850.709] Reference trajectory - x: 0.000000, y: 0.000000, phi: 0.000000, v: 0.000000, w: 0.000000[0m
[0m[ INFO] [1748068850.808182510]: [1748068850.808] Robot state - x: 0.000000, y: 0.000000, phi: 0.000000[0m
[0m[ INFO] [1748068850.808312112]: [1748068850.808] Reference trajectory - x: 0.000000, y: 0.000000, phi: 0.000000, v: 0.000000, w: 0.000000[0m
[0m[ INFO] [1748068850.845456188]: Received reference trajectory - x: 0.000000, y: 0.000000, phi: 0.000000, v: 0.000077, w: 0.000000[0m
[0m[ INFO] [1748068850.909069605]: [1748068850.909] Robot state - x: 0.000000, y: 0.000000, phi: 0.000000[0m
[0m[ INFO] [1748068850.909334409]: [1748068850.909] Reference trajectory - x: 0.000000, y: 0.000000, phi: 0.000000, v: 0.000000, w: 0.000000[0m
[0m[ INFO] [1748068850.909461131]: [1748068850.909] v: 0.000000, w: -0.000000[0m
[0m[ INFO] [1748068850.928146626]: Received reference trajectory - x: 0.461528, y: 0.000000, phi: 0.000000, v: 11.052719, w: 0.000000[0m
[0m[ INFO] [1748068851.008807309]: [1748068851.009] Robot state - x: 0.000000, y: 0.000000, phi: 0.000000[0m
[0m[ INFO] [1748068851.008918319]: [1748068851.009] Reference trajectory - x: 0.000462, y: 0.000000, phi: 0.000000, v: 0.011053, w: 0.000000[0m
[0m[ INFO] [1748068851.008969263]: [1748068851.009] v: 0.013063, w: -0.000000[0m
[0m[ INFO] [1748068851.027887337]: Received reference trajectory - x: 2.222237, y: 0.000000, phi: 0.000000, v: 24.144356, w: 0.000000[0m
[0m[ INFO] [1748068851.108261295]: [1748068851.108] Robot state - x: 0.000000, y: 0.000000, phi: 0.000000[0m
[0m[ INFO] [1748068851.108386192]: [1748068851.108] Reference trajectory - x: 0.002222, y: 0.000000, phi: 0.000000, v: 0.024144, w: 0.000000[0m
[0m[ INFO] [1748068851.108427953]: [1748068851.108] v: 0.033972, w: -0.000000[0m
[0m[ INFO] [1748068851.127796529]: Received reference trajectory - x: 5.284065, y: 0.000000, phi: 0.000000, v: 37.062836, w: 0.000000[0m
[0m[ INFO] [1748068851.208030773]: [1748068851.208] Robot state - x: 0.000000, y: 0.000000, phi: 0.000000[0m
[0m[ INFO] [1748068851.208186711]: [1748068851.208] Reference trajectory - x: 0.005284, y: 0.000000, phi: 0.000000, v: 0.037063, w: 0.000000[0m
[0m[ INFO] [1748068851.208230487]: [1748068851.208] v: 0.060932, w: -0.000000[0m
[0m[ INFO] [1748068851.227920763]: Received reference trajectory - x: 9.629037, y: 0.000000, phi: 0.000000, v: 49.804028, w: 0.000000[0m
[0m[ INFO] [1748068851.309577554]: [1748068851.309] Robot state - x: 0.000000, y: 0.000000, phi: 0.000000[0m
[0m[ INFO] [1748068851.309698419]: [1748068851.310] Reference trajectory - x: 0.009629, y: 0.000000, phi: 0.000000, v: 0.049804, w: 0.000000[0m
[0m[ INFO] [1748068851.309755988]: [1748068851.310] v: 0.094273, w: -0.000000[0m
[0m[ INFO] [1748068851.329393464]: Received reference trajectory - x: 15.244981, y: 0.000000, phi: 0.000000, v: 62.378822, w: 0.000000[0m
[0m[ INFO] [1748068851.408091687]: [1748068851.408] Robot state - x: 0.000000, y: 0.000000, phi: 0.000000[0m
[0m[ INFO] [1748068851.408213065]: [1748068851.408] Reference trajectory - x: 0.015245, y: 0.000000, phi: 0.000000, v: 0.062379, w: 0.000000[0m
[0m[ INFO] [1748068851.408255881]: [1748068851.408] v: 0.134360, w: -0.000000[0m
[0m[ INFO] [1748068851.428175984]: Received reference trajectory - x: 22.098543, y: 0.000000, phi: 0.000000, v: 74.755539, w: 0.000000[0m
[0m[ INFO] [1748068851.508456885]: [1748068851.508] Robot state - x: 0.000200, y: 0.000000, phi: 0.001862[0m
[0m[ INFO] [1748068851.508582294]: [1748068851.509] Reference trajectory - x: 0.022099, y: 0.000000, phi: 0.000000, v: 0.074756, w: 0.000000[0m
[0m[ INFO] [1748068851.508630807]: [1748068851.509] v: 0.180543, w: -0.007406[0m
[0m[ INFO] [1748068851.528206362]: Received reference trajectory - x: 30.187016, y: 0.000000, phi: 0.000000, v: 86.964401, w: 0.000000[0m
[0m[ INFO] [1748068851.611419941]: [1748068851.611] Robot state - x: 0.000801, y: 0.000002, phi: 0.007448[0m
[0m[ INFO] [1748068851.611802762]: [1748068851.612] Reference trajectory - x: 0.030187, y: 0.000000, phi: 0.000000, v: 0.086964, w: 0.000000[0m
[0m[ INFO] [1748068851.611912747]: [1748068851.612] v: 0.232299, w: -0.029636[0m
[0m[ INFO] [1748068851.630305630]: Received reference trajectory - x: 39.488609, y: 0.000000, phi: 0.000000, v: 98.996620, w: 0.000000[0m
[0m[ INFO] [1748068851.708672457]: [1748068851.709] Robot state - x: 0.002804, y: 0.000021, phi: 0.022328[0m
[0m[ INFO] [1748068851.708981389]: [1748068851.709] Reference trajectory - x: 0.039489, y: 0.000000, phi: 0.000000, v: 0.098997, w: 0.000000[0m
[0m[ INFO] [1748068851.709051502]: [1748068851.709] v: 0.285419, w: -0.088992[0m
[0m[ INFO] [1748068851.728548368]: Received reference trajectory - x: 49.981205, y: 0.000000, phi: 0.000000, v: 110.847168, w: 0.000000[0m
[0m[ INFO] [1748068851.809157337]: [1748068851.809] Robot state - x: 0.006425, y: 0.000040, phi: 0.018438[0m
[0m[ INFO] [1748068851.809335771]: [1748068851.809] Reference trajectory - x: 0.049981, y: 0.000000, phi: 0.000000, v: 0.110847, w: 0.000000[0m
[0m[ INFO] [1748068851.809483261]: [1748068851.809] v: 0.338808, w: -0.073728[0m
[0m[ INFO] [1748068851.827829263]: Received reference trajectory - x: 61.644840, y: 0.000000, phi: 0.000000, v: 122.515244, w: 0.000000[0m
[0m[ INFO] [1748068851.908432312]: [1748068851.908] Robot state - x: 0.013062, y: 0.000169, phi: 0.012552[0m
[0m[ INFO] [1748068851.908582586]: [1748068851.909] Reference trajectory - x: 0.061645, y: 0.000000, phi: 0.000000, v: 0.122515, w: 0.000000[0m
[0m[ INFO] [1748068851.908627258]: [1748068851.909] v: 0.386150, w: -0.051625[0m
[0m[ INFO] [1748068851.927984026]: Received reference trajectory - x: 74.472527, y: 0.000000, phi: 0.000000, v: 134.011429, w: 0.000000[0m
[0m[ INFO] [1748068852.011944975]: [1748068852.012] Robot state - x: 0.023117, y: 0.000315, phi: 0.004655[0m
[0m[ INFO] [1748068852.012065552]: [1748068852.012] Reference trajectory - x: 0.074473, y: 0.000000, phi: 0.000000, v: 0.134011, w: 0.000000[0m
[0m[ INFO] [1748068852.012107633]: [1748068852.012] v: 0.425085, w: -0.021733[0m
[0m[ INFO] [1748068852.028291430]: Received reference trajectory - x: 88.441132, y: 0.000000, phi: 0.000000, v: 145.330017, w: 0.000000[0m
[0m[ INFO] [1748068852.116317167]: [1748068852.116] Robot state - x: 0.036589, y: 0.000468, phi: 0.002228[0m
[0m[ INFO] [1748068852.116453393]: [1748068852.116] Reference trajectory - x: 0.088441, y: 0.000000, phi: 0.000000, v: 0.145330, w: 0.000000[0m
[0m[ INFO] [1748068852.116504753]: [1748068852.116] v: 0.454810, w: -0.013709[0m
[0m[ INFO] [1748068852.130725869]: Received reference trajectory - x: 103.561768, y: 0.000000, phi: 0.000000, v: 156.491333, w: 0.000000[0m
[0m[ INFO] [1748068852.212477507]: [1748068852.212] Robot state - x: 0.053480, y: 0.000509, phi: -0.002211[0m
[0m[ INFO] [1748068852.212642501]: [1748068852.213] Reference trajectory - x: 0.103562, y: 0.000000, phi: 0.000000, v: 0.156491, w: 0.000000[0m
[0m[ INFO] [1748068852.212714502]: [1748068852.213] v: 0.474654, w: 0.003383[0m
[0m[ INFO] [1748068852.228212530]: Received reference trajectory - x: 119.737679, y: 0.000000, phi: 0.000000, v: 167.439148, w: 0.000000[0m
[0m[ INFO] [1748068852.312244102]: [1748068852.312] Robot state - x: 0.073186, y: 0.000508, phi: -0.006767[0m
[0m[ INFO] [1748068852.312697484]: [1748068852.313] Reference trajectory - x: 0.119738, y: 0.000000, phi: 0.000000, v: 0.167439, w: 0.000000[0m
[0m[ INFO] [1748068852.313461270]: [1748068852.313] v: 0.486059, w: 0.021347[0m
[0m[ INFO] [1748068852.329428809]: Received reference trajectory - x: 137.025238, y: 0.000000, phi: 0.000000, v: 178.225998, w: 0.000000[0m
[0m[ INFO] [1748068852.415758811]: [1748068852.415] Robot state - x: 0.096310, y: 0.000424, phi: -0.009593[0m
[0m[ INFO] [1748068852.415849500]: [1748068852.416] Reference trajectory - x: 0.137025, y: 0.000000, phi: 0.000000, v: 0.178226, w: 0.000000[0m
[0m[ INFO] [1748068852.415891804]: [1748068852.416] v: 0.486143, w: 0.033263[0m
[0m[ INFO] [1748068852.429373710]: Received reference trajectory - x: 155.406204, y: 0.000000, phi: 0.000000, v: 188.848068, w: 0.000000[0m
[0m[ INFO] [1748068852.514279502]: [1748068852.514] Robot state - x: 0.122246, y: 0.000259, phi: -0.008795[0m
[0m[ INFO] [1748068852.514628114]: [1748068852.515] Reference trajectory - x: 0.155406, y: 0.000000, phi: 0.000000, v: 0.188848, w: 0.000000[0m
[0m[ INFO] [1748068852.514713427]: [1748068852.515] v: 0.476726, w: 0.031608[0m
[0m[ INFO] [1748068852.531028842]: Received reference trajectory - x: 174.813141, y: 0.000000, phi: 0.000000, v: 199.276932, w: 0.000000[0m
[0m[ INFO] [1748068852.608056546]: [1748068852.608] Robot state - x: 0.149991, y: -0.000023, phi: -0.009942[0m
[0m[ INFO] [1748068852.608184100]: [1748068852.608] Reference trajectory - x: 0.174813, y: 0.000000, phi: 0.000000, v: 0.199277, w: 0.000000[0m
[0m[ INFO] [1748068852.608293797]: [1748068852.608] v: 0.461312, w: 0.038909[0m
[0m[ INFO] [1748068852.628358958]: Received reference trajectory - x: 195.229614, y: 0.000000, phi: 0.000000, v: 209.516174, w: 0.000000[0m
[0m[ INFO] [1748068852.710250437]: [1748068852.710] Robot state - x: 0.179144, y: -0.000270, phi: -0.009277[0m
[0m[ INFO] [1748068852.710769452]: [1748068852.711] Reference trajectory - x: 0.195230, y: 0.000000, phi: 0.000000, v: 0.209516, w: 0.000000[0m
[0m[ INFO] [1748068852.710999375]: [1748068852.711] v: 0.441341, w: 0.038740[0m
[0m[ INFO] [1748068852.730011242]: Received reference trajectory - x: 216.706573, y: 0.000000, phi: 0.000000, v: 219.599274, w: 0.000000[0m
[0m[ INFO] [1748068852.811044566]: [1748068852.811] Robot state - x: 0.208899, y: -0.000529, phi: -0.006767[0m
[0m[ INFO] [1748068852.811142839]: [1748068852.811] Reference trajectory - x: 0.216707, y: 0.000000, phi: 0.000000, v: 0.219599, w: 0.000000[0m
[0m[ INFO] [1748068852.811188472]: [1748068852.811] v: 0.420447, w: 0.031428[0m
[0m[ INFO] [1748068852.828204696]: Received reference trajectory - x: 239.131882, y: 0.000000, phi: 0.000000, v: 229.482071, w: 0.000000[0m
[0m[ INFO] [1748068852.908250616]: [1748068852.908] Robot state - x: 0.238857, y: -0.000853, phi: -0.009876[0m
[0m[ INFO] [1748068852.908404154]: [1748068852.908] Reference trajectory - x: 0.239132, y: 0.000000, phi: 0.000000, v: 0.229482, w: 0.000000[0m
[0m[ INFO] [1748068852.908463163]: [1748068852.908] v: 0.399983, w: 0.047204[0m
[0m[ INFO] [1748068852.928104061]: Received reference trajectory - x: 262.567566, y: 0.000000, phi: 0.000000, v: 239.200577, w: 0.000000[0m
[0m[ INFO] [1748068853.010207192]: [1748068853.010] Robot state - x: 0.269216, y: -0.001049, phi: -0.009260[0m
[0m[ INFO] [1748068853.010321529]: [1748068853.010] Reference trajectory - x: 0.262568, y: 0.000000, phi: 0.000000, v: 0.239201, w: 0.000000[0m
[0m[ INFO] [1748068853.010369082]: [1748068853.010] v: 0.379624, w: 0.046989[0m
[0m[ INFO] [1748068853.027951201]: Received reference trajectory - x: 286.956390, y: 0.000000, phi: 0.000000, v: 248.737549, w: 0.000000[0m
[0m[ INFO] [1748068853.129586715]: Received reference trajectory - x: 312.322998, y: 0.000000, phi: 0.000000, v: 258.108887, w: 0.000000[0m
[0m[ INFO] [1748068853.228010058]: Received reference trajectory - x: 338.574188, y: 0.000000, phi: 0.000000, v: 267.286957, w: 0.000000[0m
[0m[ INFO] [1748068853.286139687]: [1748068853.286] Robot state - x: 0.298569, y: -0.001302, phi: -0.006733[0m
[0m[ INFO] [1748068853.286222920]: [1748068853.286] Reference trajectory - x: 0.338574, y: 0.000000, phi: 0.000000, v: 0.267287, w: 0.000000[0m
[0m[ INFO] [1748068853.286268456]: [1748068853.286] v: 0.608860, w: 0.039801[0m
[0m[ INFO] [1748068853.287925598]: [1748068853.288] Robot state - x: 0.327722, y: -0.001562, phi: -0.006068[0m
[0m[ INFO] [1748068853.288045344]: [1748068853.288] Reference trajectory - x: 0.338574, y: 0.000000, phi: 0.000000, v: 0.267287, w: 0.000000[0m
[0m[ INFO] [1748068853.288105185]: [1748068853.288] v: 0.494505, w: 0.040172[0m
[0m[ INFO] [1748068853.307566369]: [1748068853.307] Robot state - x: 0.356473, y: -0.001872, phi: -0.009127[0m
[0m[ INFO] [1748068853.307662594]: [1748068853.308] Reference trajectory - x: 0.338574, y: 0.000000, phi: 0.000000, v: 0.267287, w: 0.000000[0m
[0m[ INFO] [1748068853.307741315]: [1748068853.308] v: 0.372678, w: 0.055933[0m
[0m[ INFO] [1748068853.327913261]: Received reference trajectory - x: 365.750580, y: 0.000000, phi: 0.000000, v: 276.292999, w: 0.000000[0m
[0m[ INFO] [1748068853.409459774]: [1748068853.409] Robot state - x: 0.384420, y: -0.002032, phi: -0.008413[0m
[0m[ INFO] [1748068853.409738113]: [1748068853.410] Reference trajectory - x: 0.365751, y: 0.000000, phi: 0.000000, v: 0.276293, w: 0.000000[0m
[0m[ INFO] [1748068853.409784802]: [1748068853.410] v: 0.372667, w: 0.055279[0m
[0m[ INFO] [1748068853.427949169]: Received reference trajectory - x: 393.823212, y: 0.000000, phi: 0.000000, v: 285.122772, w: 0.000000[0m
[0m[ INFO] [1748068853.517428586]: [1748068853.517] Robot state - x: 0.412363, y: -0.002173, phi: -0.000216[0m
[0m[ INFO] [1748068853.517633069]: [1748068853.518] Reference trajectory - x: 0.393823, y: 0.000000, phi: 0.000000, v: 0.285123, w: 0.000000[0m
[0m[ INFO] [1748068853.517726734]: [1748068853.518] v: 0.376157, w: 0.024735[0m
[0m[ INFO] [1748068853.529048067]: Received reference trajectory - x: 422.789062, y: 0.000000, phi: 0.000000, v: 293.780334, w: 0.000000[0m
[0m[ INFO] [1748068853.608268598]: [1748068853.608] Robot state - x: 0.440914, y: -0.002430, phi: -0.001397[0m
[0m[ INFO] [1748068853.608426040]: [1748068853.608] Reference trajectory - x: 0.422789, y: 0.000000, phi: 0.000000, v: 0.293780, w: 0.000000[0m
[0m[ INFO] [1748068853.608498585]: [1748068853.608] v: 0.380762, w: 0.032687[0m
[0m[ INFO] [1748068853.628052634]: Received reference trajectory - x: 452.621704, y: 0.000000, phi: 0.000000, v: 302.262451, w: 0.000000[0m
[0m[ INFO] [1748068853.708855457]: [1748068853.709] Robot state - x: 0.469663, y: -0.002372, phi: 0.003026[0m
[0m[ INFO] [1748068853.709016164]: [1748068853.709] Reference trajectory - x: 0.452622, y: 0.000000, phi: 0.000000, v: 0.302262, w: 0.000000[0m
[0m[ INFO] [1748068853.709081636]: [1748068853.709] v: 0.388231, w: 0.015296[0m
[0m[ INFO] [1748068853.730533087]: Received reference trajectory - x: 483.261841, y: 0.000000, phi: 0.000000, v: 310.557831, w: 0.000000[0m
[0m[ INFO] [1748068853.808644611]: [1748068853.809] Robot state - x: 0.498413, y: -0.002349, phi: 0.007448[0m
[0m[ INFO] [1748068853.808763492]: [1748068853.809] Reference trajectory - x: 0.483262, y: 0.000000, phi: 0.000000, v: 0.310558, w: 0.000000[0m
[0m[ INFO] [1748068853.808825861]: [1748068853.809] v: 0.399373, w: -0.001773[0m
[0m[ INFO] [1748068853.828100771]: Received reference trajectory - x: 514.694214, y: 0.000000, phi: 0.000000, v: 318.668335, w: 0.000000[0m
[0m[ INFO] [1748068853.912888062]: [1748068853.912] Robot state - x: 0.527364, y: -0.002224, phi: 0.009992[0m
[0m[ INFO] [1748068853.913459846]: [1748068853.913] Reference trajectory - x: 0.514694, y: 0.000000, phi: 0.000000, v: 0.318668, w: 0.000000[0m
[0m[ INFO] [1748068853.913556391]: [1748068853.914] v: 0.413500, w: -0.012390[0m
[0m[ INFO] [1748068853.929307319]: Received reference trajectory - x: 546.964172, y: 0.000000, phi: 0.000000, v: 326.610107, w: 0.000000[0m
[0m[ INFO] [1748068854.008069251]: [1748068854.008] Robot state - x: 0.557321, y: -0.001992, phi: 0.010624[0m
[0m[ INFO] [1748068854.008188612]: [1748068854.008] Reference trajectory - x: 0.546964, y: 0.000000, phi: 0.000000, v: 0.326610, w: 0.000000[0m
[0m[ INFO] [1748068854.008232837]: [1748068854.008] v: 0.427512, w: -0.016525[0m
[0m[ INFO] [1748068854.027894247]: Received reference trajectory - x: 579.995972, y: 0.000000, phi: 0.000000, v: 334.368622, w: 0.000000[0m
[0m[ INFO] [1748068854.115770697]: [1748068854.116] Robot state - x: 0.588282, y: -0.001644, phi: 0.013084[0m
[0m[ INFO] [1748068854.115904747]: [1748068854.116] Reference trajectory - x: 0.579996, y: 0.000000, phi: 0.000000, v: 0.334369, w: 0.000000[0m
[0m[ INFO] [1748068854.116121518]: [1748068854.116] v: 0.441019, w: -0.029156[0m
[0m[ INFO] [1748068854.129402941]: Received reference trajectory - x: 613.820801, y: 0.000000, phi: 0.000000, v: 341.955383, w: 0.000000[0m
[0m[ INFO] [1748068854.208625645]: [1748068854.208] Robot state - x: 0.619444, y: -0.001304, phi: 0.013666[0m
[0m[ INFO] [1748068854.208770191]: [1748068854.209] Reference trajectory - x: 0.613821, y: 0.000000, phi: 0.000000, v: 0.341955, w: 0.000000[0m
[0m[ INFO] [1748068854.208828272]: [1748068854.209] v: 0.457585, w: -0.034352[0m
[0m[ INFO] [1748068854.228256943]: Received reference trajectory - x: 648.377258, y: 0.000000, phi: 0.000000, v: 349.360443, w: 0.000000[0m
[0m[ INFO] [1748068854.314014869]: [1748068854.314] Robot state - x: 0.651815, y: -0.000933, phi: 0.010457[0m
[0m[ INFO] [1748068854.314233336]: [1748068854.314] Reference trajectory - x: 0.648377, y: 0.000000, phi: 0.000000, v: 0.349360, w: 0.000000[0m
[0m[ INFO] [1748068854.314337530]: [1748068854.314] v: 0.472735, w: -0.024897[0m
[0m[ INFO] [1748068854.328337490]: Received reference trajectory - x: 683.671326, y: 0.000000, phi: 0.000000, v: 356.589081, w: 0.000000[0m
[0m[ INFO] [1748068854.408613008]: [1748068854.408] Robot state - x: 0.685189, y: -0.000499, phi: 0.009078[0m
[0m[ INFO] [1748068854.408725457]: [1748068854.409] Reference trajectory - x: 0.683671, y: 0.000000, phi: 0.000000, v: 0.356589, w: 0.000000[0m
[0m[ INFO] [1748068854.408769330]: [1748068854.409] v: 0.487242, w: -0.023447[0m
[0m[ INFO] [1748068854.428343507]: Received reference trajectory - x: 719.687256, y: 0.000000, phi: 0.000000, v: 363.641510, w: 0.000000[0m
[0m[ INFO] [1748068854.509112984]: [1748068854.509] Robot state - x: 0.719770, y: -0.000163, phi: 0.007648[0m
[0m[ INFO] [1748068854.509288986]: [1748068854.509] Reference trajectory - x: 0.719687, y: 0.000000, phi: 0.000000, v: 0.363642, w: 0.000000[0m
[0m[ INFO] [1748068854.509350843]: [1748068854.509] v: 0.500063, w: -0.020974[0m
[0m[ INFO] [1748068854.528711002]: Received reference trajectory - x: 756.403503, y: 0.000000, phi: 0.000000, v: 370.516876, w: 0.000000[0m
[0m[ INFO] [1748068854.608550066]: [1748068854.608] Robot state - x: 0.754957, y: 0.000098, phi: 0.004323[0m
[0m[ INFO] [1748068854.608735125]: [1748068854.609] Reference trajectory - x: 0.756404, y: 0.000000, phi: 0.000000, v: 0.370517, w: 0.000000[0m
[0m[ INFO] [1748068854.608804918]: [1748068854.609] v: 0.513576, w: -0.010311[0m
[0m[ INFO] [1748068854.628713947]: Received reference trajectory - x: 793.791077, y: 0.000000, phi: 0.000000, v: 377.213074, w: 0.000000[0m
[0m[ INFO] [1748068854.714665764]: [1748068854.715] Robot state - x: 0.791952, y: 0.000353, phi: 0.002793[0m
[0m[ INFO] [1748068854.714750309]: [1748068854.715] Reference trajectory - x: 0.793791, y: 0.000000, phi: 0.000000, v: 0.377213, w: 0.000000[0m
[0m[ INFO] [1748068854.714840774]: [1748068854.715] v: 0.522439, w: -0.006807[0m
[0m[ INFO] [1748068854.729736746]: Received reference trajectory - x: 831.872131, y: 0.000000, phi: 0.000000, v: 383.737000, w: 0.000000[0m
[0m[ INFO] [1748068854.808784728]: [1748068854.809] Robot state - x: 0.830157, y: 0.000417, phi: -0.002527[0m
[0m[ INFO] [1748068854.808907610]: [1748068854.809] Reference trajectory - x: 0.831872, y: 0.000000, phi: 0.000000, v: 0.383737, w: 0.000000[0m
[0m[ INFO] [1748068854.808973627]: [1748068854.809] v: 0.529007, w: 0.013602[0m
[0m[ INFO] [1748068854.828034741]: Received reference trajectory - x: 870.532043, y: 0.000000, phi: 0.000000, v: 390.072388, w: 0.000000[0m
[0m[ INFO] [1748068854.909922761]: [1748068854.910] Robot state - x: 0.868961, y: 0.000530, phi: -0.002261[0m
[0m[ INFO] [1748068854.910119019]: [1748068854.910] Reference trajectory - x: 0.870532, y: 0.000000, phi: 0.000000, v: 0.390072, w: 0.000000[0m
[0m[ INFO] [1748068854.910220653]: [1748068854.910] v: 0.535255, w: 0.011276[0m
[0m[ INFO] [1748068854.930061105]: Received reference trajectory - x: 909.882324, y: 0.000000, phi: 0.000000, v: 396.240448, w: 0.000000[0m
[0m[ INFO] [1748068855.008540152]: [1748068855.008] Robot state - x: 0.908570, y: 0.000435, phi: -0.002028[0m
[0m[ INFO] [1748068855.008642969]: [1748068855.009] Reference trajectory - x: 0.909882, y: 0.000000, phi: 0.000000, v: 0.396240, w: 0.000000[0m
[0m[ INFO] [1748068855.008715546]: [1748068855.009] v: 0.540793, w: 0.011138[0m
[0m[ INFO] [1748068855.028108217]: Received reference trajectory - x: 949.778625, y: 0.000000, phi: 0.000000, v: 402.221283, w: 0.000000[0m
[0m[ INFO] [1748068855.117865585]: [1748068855.118] Robot state - x: 0.949185, y: 0.000309, phi: -0.003707[0m
[0m[ INFO] [1748068855.120140975]: [1748068855.118] Reference trajectory - x: 0.949779, y: 0.000000, phi: 0.000000, v: 0.402221, w: 0.000000[0m
[0m[ INFO] [1748068855.120320210]: [1748068855.120] v: 0.544057, w: 0.018938[0m
[0m[ INFO] [1748068855.131187168]: Received reference trajectory - x: 990.548401, y: 0.000000, phi: 0.000000, v: 408.064484, w: 0.000000[0m
[0m[ INFO] [1748068855.208344116]: [1748068855.208] Robot state - x: 0.990805, y: 0.000227, phi: -0.003558[0m
[0m[ INFO] [1748068855.208483829]: [1748068855.208] Reference trajectory - x: 0.990548, y: 0.000000, phi: 0.000000, v: 0.408064, w: 0.000000[0m
[0m[ INFO] [1748068855.208528278]: [1748068855.209] v: 0.546385, w: 0.019058[0m
[0m[ INFO] [1748068855.228154519]: Received reference trajectory - x: 1031.384521, y: 0.000000, phi: 0.000000, v: 413.659058, w: 0.000000[0m
[0m[ INFO] [1748068855.310405358]: [1748068855.310] Robot state - x: 1.033028, y: 0.000034, phi: -0.005304[0m
[0m[ INFO] [1748068855.310563216]: [1748068855.311] Reference trajectory - x: 1.031384, y: 0.000000, phi: 0.000000, v: 0.413659, w: 0.000000[0m
[0m[ INFO] [1748068855.310695026]: [1748068855.311] v: 0.545854, w: 0.027863[0m
[0m[ INFO] [1748068855.329919054]: Received reference trajectory - x: 1073.044434, y: 0.000000, phi: 0.000000, v: 419.113373, w: 0.000000[0m
[0m[ INFO] [1748068855.408384690]: [1748068855.408] Robot state - x: 1.076256, y: -0.000118, phi: -0.005220[0m
[0m[ INFO] [1748068855.408507188]: [1748068855.408] Reference trajectory - x: 1.073044, y: 0.000000, phi: 0.000000, v: 0.419113, w: 0.000000[0m
[0m[ INFO] [1748068855.408557621]: [1748068855.409] v: 0.543957, w: 0.029042[0m
[0m[ INFO] [1748068855.428086517]: Received reference trajectory - x: 1115.198242, y: 0.000000, phi: 0.000000, v: 424.384521, w: 0.000000[0m
[0m[ INFO] [1748068855.516118647]: [1748068855.516] Robot state - x: 1.119886, y: -0.000348, phi: -0.005154[0m
[0m[ INFO] [1748068855.516310809]: [1748068855.516] Reference trajectory - x: 1.115198, y: 0.000000, phi: 0.000000, v: 0.424385, w: 0.000000[0m
[0m[ INFO] [1748068855.516420411]: [1748068855.516] v: 0.541783, w: 0.031115[0m
[0m[ INFO] [1748068855.528992576]: Received reference trajectory - x: 1157.910889, y: 0.000000, phi: 0.000000, v: 429.482849, w: 0.000000[0m
[0m[ INFO] [1748068855.608938456]: [1748068855.609] Robot state - x: 1.163517, y: -0.000656, phi: -0.008828[0m
[0m[ INFO] [1748068855.609061369]: [1748068855.609] Reference trajectory - x: 1.157911, y: 0.000000, phi: 0.000000, v: 0.429483, w: 0.000000[0m
[0m[ INFO] [1748068855.609156891]: [1748068855.609] v: 0.541398, w: 0.048916[0m
[0m[ INFO] [1748068855.629693864]: Received reference trajectory - x: 1201.123169, y: 0.000000, phi: 0.000000, v: 434.403076, w: 0.000000[0m
[0m[ INFO] [1748068855.717497255]: [1748068855.717] Robot state - x: 1.207550, y: -0.000964, phi: -0.012519[0m
[0m[ INFO] [1748068855.717674537]: [1748068855.718] Reference trajectory - x: 1.201123, y: 0.000000, phi: 0.000000, v: 0.434403, w: 0.000000[0m
[0m[ INFO] [1748068855.717792747]: [1748068855.718] v: 0.540968, w: 0.066883[0m
[0m[ INFO] [1748068855.731524127]: Received reference trajectory - x: 1245.240601, y: 0.000000, phi: 0.000000, v: 439.190063, w: 0.000000[0m
[0m[ INFO] [1748068855.808809012]: [1748068855.809] Robot state - x: 1.252587, y: -0.001404, phi: -0.014381[0m
[0m[ INFO] [1748068855.808957782]: [1748068855.809] Reference trajectory - x: 1.245241, y: 0.000000, phi: 0.000000, v: 0.439190, w: 0.000000[0m
[0m[ INFO] [1748068855.809029463]: [1748068855.809] v: 0.539718, w: 0.078988[0m
[0m[ INFO] [1748068855.828148594]: Received reference trajectory - x: 1288.915405, y: 0.000000, phi: 0.000000, v: 443.703278, w: 0.000000[0m
[0m[ INFO] [1748068855.912293281]: [1748068855.912] Robot state - x: 1.297621, y: -0.001925, phi: -0.012502[0m
[0m[ INFO] [1748068855.912453987]: [1748068855.912] Reference trajectory - x: 1.288915, y: 0.000000, phi: 0.000000, v: 0.443703, w: 0.000000[0m
[0m[ INFO] [1748068855.912549284]: [1748068855.912] v: 0.535987, w: 0.077178[0m
[0m[ INFO] [1748068855.928263442]: Received reference trajectory - x: 1333.503174, y: 0.000000, phi: 0.000000, v: 448.088074, w: 0.000000[0m
[0m[ INFO] [1748068856.009431322]: [1748068856.009] Robot state - x: 1.342252, y: -0.002525, phi: -0.010607[0m
[0m[ INFO] [1748068856.009525244]: [1748068856.009] Reference trajectory - x: 1.333503, y: 0.000000, phi: 0.000000, v: 0.448088, w: 0.000000[0m
[0m[ INFO] [1748068856.009572988]: [1748068856.010] v: 0.537431, w: 0.076248[0m
[0m[ INFO] [1748068856.027942413]: Received reference trajectory - x: 1378.518188, y: 0.000000, phi: 0.000000, v: 452.294891, w: 0.000000[0m
[0m[ INFO] [1748068856.108441962]: [1748068856.108] Robot state - x: 1.387688, y: -0.003051, phi: -0.008745[0m
[0m[ INFO] [1748068856.108599372]: [1748068856.109] Reference trajectory - x: 1.378518, y: 0.000000, phi: 0.000000, v: 0.452295, w: 0.000000[0m
[0m[ INFO] [1748068856.108689869]: [1748068856.109] v: 0.537037, w: 0.074901[0m
[0m[ INFO] [1748068856.127937673]: Received reference trajectory - x: 1423.935059, y: 0.000000, phi: 0.000000, v: 456.323120, w: 0.000000[0m
[0m[ INFO] [1748068856.208735691]: [1748068856.209] Robot state - x: 1.433124, y: -0.003405, phi: -0.003142[0m
[0m[ INFO] [1748068856.208845132]: [1748068856.209] Reference trajectory - x: 1.423935, y: 0.000000, phi: 0.000000, v: 0.456323, w: 0.000000[0m
[0m[ INFO] [1748068856.208946126]: [1748068856.209] v: 0.538082, w: 0.057135[0m
[0m[ INFO] [1748068856.228199210]: Received reference trajectory - x: 1469.787231, y: 0.000000, phi: 0.000000, v: 460.177094, w: 0.000000[0m
[0m[ INFO] [1748068856.309393296]: [1748068856.309] Robot state - x: 1.478964, y: -0.003764, phi: -0.001297[0m
[0m[ INFO] [1748068856.309524722]: [1748068856.309] Reference trajectory - x: 1.469787, y: 0.000000, phi: 0.000000, v: 0.460177, w: 0.000000[0m
[0m[ INFO] [1748068856.309599187]: [1748068856.310] v: 0.539085, w: 0.054460[0m
[0m[ INFO] [1748068856.330424451]: Received reference trajectory - x: 1516.027466, y: 0.000000, phi: 0.000000, v: 463.853973, w: 0.000000[0m
[0m[ INFO] [1748068856.408939847]: [1748068856.409] Robot state - x: 1.525407, y: -0.003824, phi: 0.002394[0m
[0m[ INFO] [1748068856.409087465]: [1748068856.409] Reference trajectory - x: 1.516027, y: 0.000000, phi: 0.000000, v: 0.463854, w: 0.000000[0m
[0m[ INFO] [1748068856.409134249]: [1748068856.409] v: 0.538974, w: 0.041576[0m
[0m[ INFO] [1748068856.427842462]: Received reference trajectory - x: 1562.540649, y: 0.000000, phi: 0.000000, v: 467.346527, w: 0.000000[0m
[0m[ INFO] [1748068856.513035577]: [1748068856.513] Robot state - x: 1.570242, y: -0.003798, phi: 0.006151[0m
[0m[ INFO] [1748068856.513142651]: [1748068856.513] Reference trajectory - x: 1.562541, y: 0.000000, phi: 0.000000, v: 0.467347, w: 0.000000[0m
[0m[ INFO] [1748068856.513261404]: [1748068856.513] v: 0.546812, w: 0.027584[0m
[0m[ INFO] [1748068856.529075147]: Received reference trajectory - x: 1609.496094, y: 0.000000, phi: 0.000000, v: 470.668671, w: 0.000000[0m
[0m[ INFO] [1748068856.608415513]: [1748068856.608] Robot state - x: 1.617692, y: -0.003642, phi: 0.007930[0m
[0m[ INFO] [1748068856.608575228]: [1748068856.608] Reference trajectory - x: 1.609496, y: 0.000000, phi: 0.000000, v: 0.470669, w: 0.000000[0m
[0m[ INFO] [1748068856.608649020]: [1748068856.609] v: 0.545546, w: 0.020152[0m
[0m[ INFO] [1748068856.627917113]: Received reference trajectory - x: 1656.662598, y: 0.000000, phi: 0.000000, v: 473.805359, w: 0.000000[0m
[0m[ INFO] [1748068856.710298479]: [1748068856.710] Robot state - x: 1.663936, y: -0.003402, phi: 0.006018[0m
[0m[ INFO] [1748068856.710418064]: [1748068856.710] Reference trajectory - x: 1.656663, y: 0.000000, phi: 0.000000, v: 0.473805, w: 0.000000[0m
[0m[ INFO] [1748068856.710480401]: [1748068856.710] v: 0.550107, w: 0.026503[0m
[0m[ INFO] [1748068856.730038737]: Received reference trajectory - x: 1704.256226, y: 0.000000, phi: 0.000000, v: 476.772125, w: 0.000000[0m
[0m[ INFO] [1748068856.808896825]: [1748068856.809] Robot state - x: 1.710979, y: -0.002899, phi: 0.011555[0m
[0m[ INFO] [1748068856.809185277]: [1748068856.809] Reference trajectory - x: 1.704256, y: 0.000000, phi: 0.000000, v: 0.476772, w: 0.000000[0m
[0m[ INFO] [1748068856.811613021]: [1748068856.812] v: 0.553172, w: 0.000530[0m
[0m[ INFO] [1748068856.828166197]: Received reference trajectory - x: 1752.013306, y: 0.000000, phi: 0.000000, v: 479.553619, w: 0.000000[0m
[0m[ INFO] [1748068856.908870422]: [1748068856.909] Robot state - x: 1.758023, y: -0.002485, phi: 0.017091[0m
[0m[ INFO] [1748068856.909071864]: [1748068856.909] Reference trajectory - x: 1.752013, y: 0.000000, phi: 0.000000, v: 0.479554, w: 0.000000[0m
[0m[ INFO] [1748068856.909172601]: [1748068856.909] v: 0.556935, w: -0.024703[0m
[0m[ INFO] [1748068856.930086987]: Received reference trajectory - x: 1800.133179, y: 0.000000, phi: 0.000000, v: 482.162720, w: 0.000000[0m
[0m[ INFO] [1748068857.008561966]: [1748068857.008] Robot state - x: 1.805872, y: -0.001890, phi: 0.018853[0m
[0m[ INFO] [1748068857.008812593]: [1748068857.009] Reference trajectory - x: 1.800133, y: 0.000000, phi: 0.000000, v: 0.482163, w: 0.000000[0m
[0m[ INFO] [1748068857.008876690]: [1748068857.009] v: 0.558827, w: -0.036877[0m
[0m[ INFO] [1748068857.028236527]: Received reference trajectory - x: 1848.558228, y: 0.000000, phi: 0.000000, v: 484.596313, w: 0.000000[0m
[0m[ INFO] [1748068857.109673751]: [1748068857.110] Robot state - x: 1.853719, y: -0.001120, phi: 0.016875[0m
[0m[ INFO] [1748068857.109798648]: [1748068857.110] Reference trajectory - x: 1.848558, y: 0.000000, phi: 0.000000, v: 0.484596, w: 0.000000[0m
[0m[ INFO] [1748068857.109871897]: [1748068857.110] v: 0.561961, w: -0.036120[0m
[0m[ INFO] [1748068857.128095816]: Received reference trajectory - x: 1897.012207, y: 0.000000, phi: 0.000000, v: 486.842377, w: 0.000000[0m
[0m[ INFO] [1748068857.208447617]: [1748068857.208] Robot state - x: 1.901964, y: -0.000168, phi: 0.018621[0m
[0m[ INFO] [1748068857.208563971]: [1748068857.209] Reference trajectory - x: 1.897012, y: 0.000000, phi: 0.000000, v: 0.486842, w: 0.000000[0m
[0m[ INFO] [1748068857.208627524]: [1748068857.209] v: 0.563488, w: -0.052228[0m
[0m[ INFO] [1748068857.228864940]: Received reference trajectory - x: 1945.819092, y: 0.000000, phi: 0.000000, v: 488.917145, w: 0.000000[0m
[0m[ INFO] [1748068857.315215700]: [1748068857.315] Robot state - x: 1.951420, y: 0.000616, phi: 0.016576[0m
[0m[ INFO] [1748068857.315309461]: [1748068857.315] Reference trajectory - x: 1.945819, y: 0.000000, phi: 0.000000, v: 0.488917, w: 0.000000[0m
[0m[ INFO] [1748068857.315351766]: [1748068857.315] v: 0.561169, w: -0.051886[0m
[0m[ INFO] [1748068857.328929415]: Received reference trajectory - x: 1994.812378, y: 0.000000, phi: 0.000000, v: 490.813538, w: 0.000000[0m
[0m[ INFO] [1748068857.408657913]: [1748068857.409] Robot state - x: 2.000469, y: 0.001572, phi: 0.018288[0m
[0m[ INFO] [1748068857.408773210]: [1748068857.409] Reference trajectory - x: 1.994812, y: 0.000000, phi: 0.000000, v: 0.490814, w: 0.000000[0m
[0m[ INFO] [1748068857.408859579]: [1748068857.409] v: 0.561051, w: -0.068448[0m
[0m[ INFO] [1748068857.427875668]: Received reference trajectory - x: 2043.952881, y: 0.000000, phi: 0.000000, v: 492.531006, w: 0.000000[0m
[0m[ INFO] [1748068857.509837186]: [1748068857.510] Robot state - x: 2.049726, y: 0.002292, phi: 0.014381[0m
[0m[ INFO] [1748068857.510072549]: [1748068857.510] Reference trajectory - x: 2.043953, y: 0.000000, phi: 0.000000, v: 0.492531, w: 0.000000[0m
[0m[ INFO] [1748068857.510220231]: [1748068857.510] v: 0.560474, w: -0.060614[0m
[0m[ INFO] [1748068857.530831701]: Received reference trajectory - x: 2093.329590, y: 0.000000, phi: 0.000000, v: 494.073059, w: 0.000000[0m
[0m[ INFO] [1748068857.608425130]: [1748068857.608] Robot state - x: 2.099180, y: 0.003146, phi: 0.012336[0m
[0m[ INFO] [1748068857.608525644]: [1748068857.608] Reference trajectory - x: 2.093330, y: 0.000000, phi: 0.000000, v: 0.494073, w: 0.000000[0m
[0m[ INFO] [1748068857.608569836]: [1748068857.609] v: 0.559850, w: -0.061749[0m
[0m[ INFO] [1748068857.628070891]: Received reference trajectory - x: 2142.776611, y: 0.000000, phi: 0.000000, v: 495.435059, w: 0.000000[0m
[0m[ INFO] [1748068857.717279768]: [1748068857.717] Robot state - x: 2.149243, y: 0.003767, phi: 0.008396[0m
[0m[ INFO] [1748068857.717418298]: [1748068857.717] Reference trajectory - x: 2.142777, y: 0.000000, phi: 0.000000, v: 0.495435, w: 0.000000[0m
[0m[ INFO] [1748068857.717466651]: [1748068857.717] v: 0.556682, w: -0.053291[0m
[0m[ INFO] [1748068857.729603801]: Received reference trajectory - x: 2192.441406, y: 0.000000, phi: 0.000000, v: 496.621521, w: 0.000000[0m
[0m[ INFO] [1748068857.808468799]: [1748068857.808] Robot state - x: 2.199107, y: 0.004238, phi: 0.002594[0m
[0m[ INFO] [1748068857.808648610]: [1748068857.809] Reference trajectory - x: 2.192441, y: 0.000000, phi: 0.000000, v: 0.496622, w: 0.000000[0m
[0m[ INFO] [1748068857.808718531]: [1748068857.809] v: 0.554955, w: -0.036116[0m
[0m[ INFO] [1748068857.827866653]: Received reference trajectory - x: 2242.093750, y: 0.000000, phi: 0.000000, v: 497.627502, w: 0.000000[0m
[0m[ INFO] [1748068857.915516054]: [1748068857.915] Robot state - x: 2.248767, y: 0.004650, phi: 0.002411[0m
[0m[ INFO] [1748068857.915797242]: [1748068857.916] Reference trajectory - x: 2.242094, y: 0.000000, phi: 0.000000, v: 0.497627, w: 0.000000[0m
[0m[ INFO] [1748068857.915888251]: [1748068857.916] v: 0.553817, w: -0.040854[0m
[0m[ INFO] [1748068857.928357502]: Received reference trajectory - x: 2291.977539, y: 0.000000, phi: 0.000000, v: 498.458221, w: 0.000000[0m
[0m[ INFO] [1748068858.008772920]: [1748068858.009] Robot state - x: 2.298632, y: 0.004728, phi: 0.000349[0m
[0m[ INFO] [1748068858.008871609]: [1748068858.009] Reference trajectory - x: 2.291978, y: 0.000000, phi: 0.000000, v: 0.498458, w: 0.000000[0m
[0m[ INFO] [1748068858.008943674]: [1748068858.009] v: 0.552622, w: -0.034906[0m
[0m[ INFO] [1748068858.028034931]: Received reference trajectory - x: 2341.766113, y: 0.000000, phi: 0.000000, v: 499.108704, w: 0.000000[0m
[0m[ INFO] [1748068858.128259854]: Received reference trajectory - x: 2391.727783, y: 0.000000, phi: 0.000000, v: 499.582947, w: 0.000000[0m
[0m[ INFO] [1748068858.228167941]: Received reference trajectory - x: 2441.664062, y: 0.000000, phi: 0.000000, v: 499.878967, w: 0.000000[0m
[0m[ INFO] [1748068858.269571297]: [1748068858.269] Robot state - x: 2.347893, y: 0.004751, phi: -0.003558[0m
[0m[ INFO] [1748068858.269689058]: [1748068858.270] Reference trajectory - x: 2.441664, y: 0.000000, phi: 0.000000, v: 0.499879, w: 0.000000[0m
[0m[ INFO] [1748068858.269778371]: [1748068858.270] v: 0.989448, w: -0.021091[0m
[0m[ INFO] [1748068858.270642991]: [1748068858.271] Robot state - x: 2.398162, y: 0.004622, phi: -0.009377[0m
[0m[ INFO] [1748068858.270718800]: [1748068858.271] Reference trajectory - x: 2.441664, y: 0.000000, phi: 0.000000, v: 0.499879, w: 0.000000[0m
[0m[ INFO] [1748068858.270759728]: [1748068858.271] v: 0.800102, w: 0.001833[0m
[0m[ INFO] [1748068858.308268121]: [1748068858.308] Robot state - x: 2.448428, y: 0.004587, phi: -0.011455[0m
[0m[ INFO] [1748068858.308436699]: [1748068858.308] Reference trajectory - x: 2.441664, y: 0.000000, phi: 0.000000, v: 0.499879, w: 0.000000[0m
[0m[ INFO] [1748068858.308845889]: [1748068858.309] v: 0.594868, w: 0.008982[0m
[0m[ INFO] [1748068858.328093084]: Received reference trajectory - x: 2491.666504, y: 0.000000, phi: 0.000000, v: 499.997528, w: 0.000000[0m
[0m[ INFO] [1748068858.408664694]: [1748068858.409] Robot state - x: 2.498290, y: 0.004068, phi: -0.013517[0m
[0m[ INFO] [1748068858.408783704]: [1748068858.409] Reference trajectory - x: 2.491667, y: 0.000000, phi: 0.000000, v: 0.499998, w: 0.000000[0m
[0m[ INFO] [1748068858.408855481]: [1748068858.409] v: 0.593462, w: 0.020920[0m
[0m[ INFO] [1748068858.428040659]: Received reference trajectory - x: 2541.659424, y: 0.000000, phi: 0.000000, v: 499.938293, w: 0.000000[0m
[0m[ INFO] [1748068858.516332274]: [1748068858.516] Robot state - x: 2.547749, y: 0.003359, phi: -0.019302[0m
[0m[ INFO] [1748068858.516662327]: [1748068858.517] Reference trajectory - x: 2.541659, y: 0.000000, phi: 0.000000, v: 0.499938, w: 0.000000[0m
[0m[ INFO] [1748068858.516773304]: [1748068858.517] v: 0.593634, w: 0.049739[0m
[0m[ INFO] [1748068858.529544159]: Received reference trajectory - x: 2591.706299, y: 0.000000, phi: 0.000000, v: 499.700867, w: 0.000000[0m
[0m[ INFO] [1748068858.610450686]: [1748068858.609] Robot state - x: 2.598212, y: 0.002482, phi: -0.027000[0m
[0m[ INFO] [1748068858.610600864]: [1748068858.611] Reference trajectory - x: 2.591706, y: 0.000000, phi: 0.000000, v: 0.499701, w: 0.000000[0m
[0m[ INFO] [1748068858.610645600]: [1748068858.611] v: 0.589659, w: 0.088052[0m
[0m[ INFO] [1748068858.628069955]: Received reference trajectory - x: 2641.612061, y: 0.000000, phi: 0.000000, v: 499.286285, w: 0.000000[0m
[0m[ INFO] [1748068858.714501130]: [1748068858.714] Robot state - x: 2.651080, y: 0.001255, phi: -0.034797[0m
[0m[ INFO] [1748068858.714655372]: [1748068858.715] Reference trajectory - x: 2.641612, y: 0.000000, phi: 0.000000, v: 0.499286, w: 0.000000[0m
[0m[ INFO] [1748068858.714724973]: [1748068858.715] v: 0.574280, w: 0.130545[0m
[0m[ INFO] [1748068858.728467265]: Received reference trajectory - x: 2691.500977, y: 0.000000, phi: 0.000000, v: 498.693817, w: 0.000000[0m
[0m[ INFO] [1748068858.808588053]: [1748068858.808] Robot state - x: 2.704946, y: -0.000159, phi: -0.033284[0m
[0m[ INFO] [1748068858.808679415]: [1748068858.809] Reference trajectory - x: 2.691501, y: 0.000000, phi: 0.000000, v: 0.498694, w: 0.000000[0m
[0m[ INFO] [1748068858.808748535]: [1748068858.809] v: 0.553369, w: 0.138275[0m
[0m[ INFO] [1748068858.828154004]: Received reference trajectory - x: 2741.337402, y: 0.000000, phi: 0.000000, v: 497.923370, w: 0.000000[0m
[0m[ INFO] [1748068858.909704380]: [1748068858.910] Robot state - x: 2.759604, y: -0.001918, phi: -0.028064[0m
[0m[ INFO] [1748068858.909829150]: [1748068858.910] Reference trajectory - x: 2.741337, y: 0.000000, phi: 0.000000, v: 0.497923, w: 0.000000[0m
[0m[ INFO] [1748068858.909872190]: [1748068858.910] v: 0.527341, w: 0.135171[0m
[0m[ INFO] [1748068858.928312591]: Received reference trajectory - x: 2791.089844, y: 0.000000, phi: 0.000000, v: 496.975067, w: 0.000000[0m
[0m[ INFO] [1748068859.008378370]: [1748068859.008] Robot state - x: 2.812055, y: -0.003378, phi: -0.017141[0m
[0m[ INFO] [1748068859.008482596]: [1748068859.008] Reference trajectory - x: 2.791090, y: 0.000000, phi: 0.000000, v: 0.496975, w: 0.000000[0m
[0m[ INFO] [1748068859.008525636]: [1748068859.009] v: 0.508858, w: 0.106944[0m
[0m[ INFO] [1748068859.028093187]: Received reference trajectory - x: 2840.722656, y: 0.000000, phi: 0.000000, v: 495.849335, w: 0.000000[0m
[0m[ INFO] [1748068859.113420346]: [1748068859.113] Robot state - x: 2.865519, y: -0.004638, phi: -0.008130[0m
[0m[ INFO] [1748068859.113512699]: [1748068859.113] Reference trajectory - x: 2.840723, y: 0.000000, phi: 0.000000, v: 0.495849, w: 0.000000[0m
[0m[ INFO] [1748068859.113583452]: [1748068859.114] v: 0.484413, w: 0.084782[0m
[0m[ INFO] [1748068859.129329993]: Received reference trajectory - x: 2890.304688, y: 0.000000, phi: 0.000000, v: 494.543915, w: 0.000000[0m
[0m[ INFO] [1748068859.208713074]: [1748068859.209] Robot state - x: 2.917786, y: -0.005297, phi: 0.000931[0m
[0m[ INFO] [1748068859.208847764]: [1748068859.209] Reference trajectory - x: 2.890305, y: 0.000000, phi: 0.000000, v: 0.494544, w: 0.000000[0m
[0m[ INFO] [1748068859.208896980]: [1748068859.209] v: 0.463568, w: 0.056811[0m
[0m[ INFO] [1748068859.228149135]: Received reference trajectory - x: 2939.634766, y: 0.000000, phi: 0.000000, v: 493.063873, w: 0.000000[0m
[0m[ INFO] [1748068859.312631451]: [1748068859.313] Robot state - x: 2.969054, y: -0.005624, phi: 0.004422[0m
[0m[ INFO] [1748068859.312719580]: [1748068859.313] Reference trajectory - x: 2.939635, y: 0.000000, phi: 0.000000, v: 0.493064, w: 0.000000[0m
[0m[ INFO] [1748068859.312794493]: [1748068859.313] v: 0.444954, w: 0.047877[0m
[0m[ INFO] [1748068859.328377672]: Received reference trajectory - x: 2988.913574, y: 0.000000, phi: 0.000000, v: 491.402649, w: 0.000000[0m
[0m[ INFO] [1748068859.408667485]: [1748068859.409] Robot state - x: 3.018312, y: -0.005490, phi: 0.007997[0m
[0m[ INFO] [1748068859.408771518]: [1748068859.409] Reference trajectory - x: 2.988914, y: 0.000000, phi: 0.000000, v: 0.491403, w: 0.000000[0m
[0m[ INFO] [1748068859.408847775]: [1748068859.409] v: 0.434079, w: 0.034103[0m
[0m[ INFO] [1748068859.428118074]: Received reference trajectory - x: 3037.922607, y: 0.000000, phi: 0.000000, v: 489.566986, w: 0.000000[0m
[0m[ INFO] [1748068859.516372279]: [1748068859.516] Robot state - x: 3.067168, y: -0.005187, phi: 0.011588[0m
[0m[ INFO] [1748068859.516474392]: [1748068859.516] Reference trajectory - x: 3.037923, y: 0.000000, phi: 0.000000, v: 0.489567, w: 0.000000[0m
[0m[ INFO] [1748068859.516517401]: [1748068859.516] v: 0.423617, w: 0.018520[0m
[0m[ INFO] [1748068859.529475841]: Received reference trajectory - x: 3086.802734, y: 0.000000, phi: 0.000000, v: 487.551117, w: 0.000000[0m
[0m[ INFO] [1748068859.609246768]: [1748068859.609] Robot state - x: 3.114616, y: -0.004765, phi: 0.013367[0m
[0m[ INFO] [1748068859.609395250]: [1748068859.609] Reference trajectory - x: 3.086803, y: 0.000000, phi: 0.000000, v: 0.487551, w: 0.000000[0m
[0m[ INFO] [1748068859.609480275]: [1748068859.609] v: 0.418592, w: 0.008869[0m
[0m[ INFO] [1748068859.628084389]: Received reference trajectory - x: 3135.444580, y: 0.000000, phi: 0.000000, v: 485.358612, w: 0.000000[0m
[0m[ INFO] [1748068859.709750924]: [1748068859.710] Robot state - x: 3.160653, y: -0.004146, phi: 0.017075[0m
[0m[ INFO] [1748068859.709925166]: [1748068859.710] Reference trajectory - x: 3.135445, y: 0.000000, phi: 0.000000, v: 0.485359, w: 0.000000[0m
[0m[ INFO] [1748068859.710020047]: [1748068859.710] v: 0.418951, w: -0.010557[0m
[0m[ INFO] [1748068859.730004595]: Received reference trajectory - x: 3183.983154, y: 0.000000, phi: 0.000000, v: 482.981964, w: 0.000000[0m
[0m[ INFO] [1748068859.808494193]: [1748068859.808] Robot state - x: 3.205885, y: -0.003457, phi: 0.020815[0m
[0m[ INFO] [1748068859.808587890]: [1748068859.809] Reference trajectory - x: 3.183983, y: 0.000000, phi: 0.000000, v: 0.482982, w: 0.000000[0m
[0m[ INFO] [1748068859.808629523]: [1748068859.809] v: 0.423008, w: -0.031015[0m
[0m[ INFO] [1748068859.827972207]: Received reference trajectory - x: 3232.010010, y: 0.000000, phi: 0.000000, v: 480.441223, w: 0.000000[0m
[0m[ INFO] [1748068859.916399406]: [1748068859.916] Robot state - x: 3.249705, y: -0.002584, phi: 0.026485[0m
[0m[ INFO] [1748068859.916493295]: [1748068859.916] Reference trajectory - x: 3.232010, y: 0.000000, phi: 0.000000, v: 0.480441, w: 0.000000[0m
[0m[ INFO] [1748068859.916534351]: [1748068859.917] v: 0.431869, w: -0.061194[0m
[0m[ INFO] [1748068859.929133651]: Received reference trajectory - x: 3279.927002, y: 0.000000, phi: 0.000000, v: 477.714783, w: 0.000000[0m
[0m[ INFO] [1748068860.008716639]: [1748068860.009] Robot state - x: 3.293326, y: -0.001675, phi: 0.026551[0m
[0m[ INFO] [1748068860.008816928]: [1748068860.009] Reference trajectory - x: 3.279927, y: 0.000000, phi: 0.000000, v: 0.477715, w: 0.000000[0m
[0m[ INFO] [1748068860.008887809]: [1748068860.009] v: 0.442263, w: -0.069739[0m
[0m[ INFO] [1748068860.027992217]: Received reference trajectory - x: 3327.540527, y: 0.000000, phi: 0.000000, v: 474.811920, w: 0.000000[0m
[0m[ INFO] [1748068860.109823553]: [1748068860.110] Robot state - x: 3.338147, y: -0.000487, phi: 0.026568[0m
[0m[ INFO] [1748068860.109979043]: [1748068860.110] Reference trajectory - x: 3.327541, y: 0.000000, phi: 0.000000, v: 0.474812, w: 0.000000[0m
[0m[ INFO] [1748068860.110052420]: [1748068860.110] v: 0.447290, w: -0.081156[0m
[0m[ INFO] [1748068860.129950566]: Received reference trajectory - x: 3374.890137, y: 0.000000, phi: 0.000000, v: 471.728973, w: 0.000000[0m
[0m[ INFO] [1748068860.208724262]: [1748068860.209] Robot state - x: 3.381563, y: 0.000627, phi: 0.024772[0m
[0m[ INFO] [1748068860.209029322]: [1748068860.209] Reference trajectory - x: 3.374890, y: 0.000000, phi: 0.000000, v: 0.471729, w: 0.000000[0m
[0m[ INFO] [1748068860.209093035]: [1748068860.209] v: 0.457989, w: -0.085006[0m
[0m[ INFO] [1748068860.228331173]: Received reference trajectory - x: 3421.885986, y: 0.000000, phi: 0.000000, v: 468.470734, w: 0.000000[0m
[0m[ INFO] [1748068860.317001445]: [1748068860.317] Robot state - x: 3.424983, y: 0.001660, phi: 0.019236[0m
[0m[ INFO] [1748068860.317089638]: [1748068860.317] Reference trajectory - x: 3.421886, y: 0.000000, phi: 0.000000, v: 0.468471, w: 0.000000[0m
[0m[ INFO] [1748068860.317130118]: [1748068860.317] v: 0.468201, w: -0.073528[0m
[0m[ INFO] [1748068860.328192438]: Received reference trajectory - x: 3468.552490, y: 0.000000, phi: 0.000000, v: 465.034424, w: 0.000000[0m
[0m[ INFO] [1748068860.408849838]: [1748068860.409] Robot state - x: 3.469208, y: 0.002633, phi: 0.013666[0m
[0m[ INFO] [1748068860.408943631]: [1748068860.409] Reference trajectory - x: 3.468553, y: 0.000000, phi: 0.000000, v: 0.465034, w: 0.000000[0m
[0m[ INFO] [1748068860.409026032]: [1748068860.409] v: 0.474420, w: -0.061634[0m
[0m[ INFO] [1748068860.428117416]: Received reference trajectory - x: 3514.872070, y: 0.000000, phi: 0.000000, v: 461.419983, w: 0.000000[0m
[0m[ INFO] [1748068860.513340860]: [1748068860.513] Robot state - x: 3.513841, y: 0.003367, phi: 0.008080[0m
[0m[ INFO] [1748068860.513466301]: [1748068860.513] Reference trajectory - x: 3.514872, y: 0.000000, phi: 0.000000, v: 0.461420, w: 0.000000[0m
[0m[ INFO] [1748068860.513532094]: [1748068860.514] v: 0.477948, w: -0.047595[0m
[0m[ INFO] [1748068860.528240061]: Received reference trajectory - x: 3560.837402, y: 0.000000, phi: 0.000000, v: 457.626404, w: 0.000000[0m
[0m[ INFO] [1748068860.608695219]: [1748068860.609] Robot state - x: 3.559081, y: 0.003816, phi: 0.000599[0m
[0m[ INFO] [1748068860.608784532]: [1748068860.609] Reference trajectory - x: 3.560838, y: 0.000000, phi: 0.000000, v: 0.457626, w: 0.000000[0m
[0m[ INFO] [1748068860.608853365]: [1748068860.609] v: 0.477640, w: -0.023402[0m
[0m[ INFO] [1748068860.628138639]: Received reference trajectory - x: 3606.398438, y: 0.000000, phi: 0.000000, v: 453.656403, w: 0.000000[0m
[0m[ INFO] [1748068860.715606016]: [1748068860.715] Robot state - x: 3.604118, y: 0.004138, phi: -0.001264[0m
[0m[ INFO] [1748068860.715896292]: [1748068860.716] Reference trajectory - x: 3.606398, y: 0.000000, phi: 0.000000, v: 0.453656, w: 0.000000[0m
[0m[ INFO] [1748068860.715973765]: [1748068860.716] v: 0.476505, w: -0.020425[0m
[0m[ INFO] [1748068860.730286335]: Received reference trajectory - x: 3651.574707, y: 0.000000, phi: 0.000000, v: 449.506683, w: 0.000000[0m
[0m[ INFO] [1748068860.809139999]: [1748068860.809] Robot state - x: 3.649761, y: 0.004080, phi: -0.005021[0m
[0m[ INFO] [1748068860.809324386]: [1748068860.809] Reference trajectory - x: 3.651575, y: 0.000000, phi: 0.000000, v: 0.449507, w: 0.000000[0m
[0m[ INFO] [1748068860.809432003]: [1748068860.809] v: 0.471044, w: -0.006208[0m
[0m[ INFO] [1748068860.828049141]: Received reference trajectory - x: 3696.300293, y: 0.000000, phi: 0.000000, v: 445.181702, w: 0.000000[0m
[0m[ INFO] [1748068860.912384317]: [1748068860.912] Robot state - x: 3.694196, y: 0.004024, phi: -0.004988[0m
[0m[ INFO] [1748068860.912504158]: [1748068860.912] Reference trajectory - x: 3.696300, y: 0.000000, phi: 0.000000, v: 0.445182, w: 0.000000[0m
[0m[ INFO] [1748068860.912604287]: [1748068860.913] v: 0.468560, w: -0.007076[0m
[0m[ INFO] [1748068860.930307749]: Received reference trajectory - x: 3740.632812, y: 0.000000, phi: 0.000000, v: 440.674011, w: 0.000000[0m
[0m[ INFO] [1748068861.008538270]: [1748068861.008] Robot state - x: 3.740843, y: 0.003745, phi: -0.006916[0m
[0m[ INFO] [1748068861.008628095]: [1748068861.009] Reference trajectory - x: 3.740633, y: 0.000000, phi: 0.000000, v: 0.440674, w: 0.000000[0m
[0m[ INFO] [1748068861.008887906]: [1748068861.009] v: 0.454636, w: 0.002113[0m
[0m[ INFO] [1748068861.028048411]: Received reference trajectory - x: 3784.426025, y: 0.000000, phi: 0.000000, v: 435.996857, w: 0.000000[0m
[0m[ INFO] [1748068861.109790943]: [1748068861.110] Robot state - x: 3.786484, y: 0.003432, phi: -0.010674[0m
[0m[ INFO] [1748068861.109914689]: [1748068861.110] Reference trajectory - x: 3.784426, y: 0.000000, phi: 0.000000, v: 0.435997, w: 0.000000[0m
[0m[ INFO] [1748068861.110012706]: [1748068861.110] v: 0.441839, w: 0.019004[0m
[0m[ INFO] [1748068861.128474993]: Received reference trajectory - x: 3827.789551, y: 0.000000, phi: 0.000000, v: 431.136963, w: 0.000000[0m
[0m[ INFO] [1748068861.208724674]: [1748068861.209] Robot state - x: 3.832124, y: 0.003116, phi: -0.010690[0m
[0m[ INFO] [1748068861.208815652]: [1748068861.209] Reference trajectory - x: 3.827790, y: 0.000000, phi: 0.000000, v: 0.431137, w: 0.000000[0m
[0m[ INFO] [1748068861.208857188]: [1748068861.209] v: 0.426411, w: 0.021147[0m
[0m[ INFO] [1748068861.228090110]: Received reference trajectory - x: 3870.663086, y: 0.000000, phi: 0.000000, v: 426.098663, w: 0.000000[0m
[0m[ INFO] [1748068861.311121490]: [1748068861.311] Robot state - x: 3.876959, y: 0.002553, phi: -0.014414[0m
[0m[ INFO] [1748068861.311242612]: [1748068861.311] Reference trajectory - x: 3.870663, y: 0.000000, phi: 0.000000, v: 0.426099, w: 0.000000[0m
[0m[ INFO] [1748068861.311336213]: [1748068861.311] v: 0.411457, w: 0.040592[0m
[0m[ INFO] [1748068861.328448723]: Received reference trajectory - x: 3913.018555, y: 0.000000, phi: 0.000000, v: 420.883148, w: 0.000000[0m
[0m[ INFO] [1748068861.409334252]: [1748068861.409] Robot state - x: 3.921392, y: 0.001996, phi: -0.018122[0m
[0m[ INFO] [1748068861.409431822]: [1748068861.409] Reference trajectory - x: 3.913018, y: 0.000000, phi: 0.000000, v: 0.420883, w: 0.000000[0m
[0m[ INFO] [1748068861.409517391]: [1748068861.409] v: 0.395198, w: 0.060103[0m
[0m[ INFO] [1748068861.428548998]: Received reference trajectory - x: 3954.811768, y: 0.000000, phi: 0.000000, v: 415.493988, w: 0.000000[0m
[0m[ INFO] [1748068861.509437727]: [1748068861.509] Robot state - x: 3.965219, y: 0.001325, phi: -0.019934[0m
[0m[ INFO] [1748068861.509523232]: [1748068861.509] Reference trajectory - x: 3.954812, y: 0.000000, phi: 0.000000, v: 0.415494, w: 0.000000[0m
[0m[ INFO] [1748068861.509581985]: [1748068861.510] v: 0.378301, w: 0.073395[0m
[0m[ INFO] [1748068861.528483894]: Received reference trajectory - x: 3996.084229, y: 0.000000, phi: 0.000000, v: 409.923615, w: 0.000000[0m
[0m[ INFO] [1748068861.608813672]: [1748068861.609] Robot state - x: 4.008039, y: 0.000551, phi: -0.019834[0m
[0m[ INFO] [1748068861.608911145]: [1748068861.609] Reference trajectory - x: 3.996084, y: 0.000000, phi: 0.000000, v: 0.409924, w: 0.000000[0m
[0m[ INFO] [1748068861.608980490]: [1748068861.609] v: 0.362701, w: 0.080321[0m
[0m[ INFO] [1748068861.627908543]: Received reference trajectory - x: 4036.788330, y: 0.000000, phi: 0.000000, v: 404.175842, w: 0.000000[0m
[0m[ INFO] [1748068861.708950874]: [1748068861.709] Robot state - x: 4.049851, y: -0.000241, phi: -0.017823[0m
[0m[ INFO] [1748068861.709073212]: [1748068861.709] Reference trajectory - x: 4.036788, y: 0.000000, phi: 0.000000, v: 0.404176, w: 0.000000[0m
[0m[ INFO] [1748068861.709137117]: [1748068861.709] v: 0.348345, w: 0.080065[0m
[0m[ INFO] [1748068861.729061247]: Received reference trajectory - x: 4076.949463, y: 0.000000, phi: 0.000000, v: 398.244141, w: 0.000000[0m
[0m[ INFO] [1748068861.808624167]: [1748068861.809] Robot state - x: 4.090859, y: -0.001012, phi: -0.015778[0m
[0m[ INFO] [1748068861.808713224]: [1748068861.809] Reference trajectory - x: 4.076950, y: 0.000000, phi: 0.000000, v: 0.398244, w: 0.000000[0m
[0m[ INFO] [1748068861.808787913]: [1748068861.809] v: 0.334591, w: 0.079727[0m
[0m[ INFO] [1748068861.828279590]: Received reference trajectory - x: 4116.445312, y: 0.000000, phi: 0.000000, v: 392.144226, w: 0.000000[0m
[0m[ INFO] [1748068861.909548708]: [1748068861.909] Robot state - x: 4.130462, y: -0.001640, phi: -0.011804[0m
[0m[ INFO] [1748068861.909672006]: [1748068861.910] Reference trajectory - x: 4.116446, y: 0.000000, phi: 0.000000, v: 0.392144, w: 0.000000[0m
[0m[ INFO] [1748068861.909776295]: [1748068861.910] v: 0.323630, w: 0.070520[0m
[0m[ INFO] [1748068861.928502650]: Received reference trajectory - x: 4155.347168, y: 0.000000, phi: 0.000000, v: 385.862640, w: 0.000000[0m
[0m[ INFO] [1748068862.009028718]: [1748068862.009] Robot state - x: 4.168457, y: -0.002162, phi: -0.007764[0m
[0m[ INFO] [1748068862.009116848]: [1748068862.009] Reference trajectory - x: 4.155347, y: 0.000000, phi: 0.000000, v: 0.385863, w: 0.000000[0m
[0m[ INFO] [1748068862.009238577]: [1748068862.009] v: 0.316865, w: 0.060203[0m
[0m[ INFO] [1748068862.027945731]: Received reference trajectory - x: 4193.602539, y: 0.000000, phi: 0.000000, v: 379.404999, w: 0.000000[0m
[0m[ INFO] [1748068862.110229133]: [1748068862.110] Robot state - x: 4.207862, y: -0.002586, phi: -0.005653[0m
[0m[ INFO] [1748068862.110374031]: [1748068862.110] Reference trajectory - x: 4.193603, y: 0.000000, phi: 0.000000, v: 0.379405, w: 0.000000[0m
[0m[ INFO] [1748068862.110474032]: [1748068862.110] v: 0.301253, w: 0.056727[0m
[0m[ INFO] [1748068862.129730409]: Received reference trajectory - x: 4231.235840, y: 0.000000, phi: 0.000000, v: 372.763733, w: 0.000000[0m
[0m[ INFO] [1748068862.208685959]: [1748068862.209] Robot state - x: 4.244855, y: -0.002832, phi: -0.003441[0m
[0m[ INFO] [1748068862.208775977]: [1748068862.209] Reference trajectory - x: 4.231236, y: 0.000000, phi: 0.000000, v: 0.372764, w: 0.000000[0m
[0m[ INFO] [1748068862.208818665]: [1748068862.209] v: 0.292890, w: 0.051216[0m
[0m[ INFO] [1748068862.228103715]: Received reference trajectory - x: 4268.157227, y: 0.000000, phi: 0.000000, v: 365.951782, w: 0.000000[0m
[0m[ INFO] [1748068862.310581839]: [1748068862.310] Robot state - x: 4.280241, y: -0.002992, phi: -0.001164[0m
[0m[ INFO] [1748068862.310786417]: [1748068862.311] Reference trajectory - x: 4.268157, y: 0.000000, phi: 0.000000, v: 0.365952, w: 0.000000[0m
[0m[ INFO] [1748068862.310883155]: [1748068862.311] v: 0.288463, w: 0.044653[0m
[0m[ INFO] [1748068862.330550929]: Received reference trajectory - x: 4304.476562, y: 0.000000, phi: 0.000000, v: 358.944916, w: 0.000000[0m
[0m[ INFO] [1748068862.408948872]: [1748068862.409] Robot state - x: 4.315627, y: -0.003073, phi: 0.001114[0m
[0m[ INFO] [1748068862.409059914]: [1748068862.409] Reference trajectory - x: 4.304477, y: 0.000000, phi: 0.000000, v: 0.358945, w: 0.000000[0m
[0m[ INFO] [1748068862.409293197]: [1748068862.409] v: 0.281702, w: 0.037357[0m
[0m[ INFO] [1748068862.427841853]: Received reference trajectory - x: 4339.944824, y: 0.000000, phi: 0.000000, v: 351.788452, w: 0.000000[0m
[0m[ INFO] [1748068862.513594323]: [1748068862.513] Robot state - x: 4.350208, y: -0.003074, phi: 0.003425[0m
[0m[ INFO] [1748068862.513969208]: [1748068862.514] Reference trajectory - x: 4.339945, y: 0.000000, phi: 0.000000, v: 0.351788, w: 0.000000[0m
[0m[ INFO] [1748068862.514177179]: [1748068862.514] v: 0.274884, w: 0.029142[0m
[0m[ INFO] [1748068862.530819858]: Received reference trajectory - x: 4374.817383, y: 0.000000, phi: 0.000000, v: 344.427338, w: 0.000000[0m
[0m[ INFO] [1748068862.609100392]: [1748068862.609] Robot state - x: 4.383785, y: -0.003028, phi: 0.003907[0m
[0m[ INFO] [1748068862.609288522]: [1748068862.609] Reference trajectory - x: 4.374817, y: 0.000000, phi: 0.000000, v: 0.344427, w: 0.000000[0m
[0m[ INFO] [1748068862.609390540]: [1748068862.609] v: 0.269919, w: 0.027742[0m
[0m[ INFO] [1748068862.627843642]: Received reference trajectory - x: 4408.826172, y: 0.000000, phi: 0.000000, v: 336.914459, w: 0.000000[0m
[0m[ INFO] [1748068862.711713752]: [1748068862.712] Robot state - x: 4.417162, y: -0.002937, phi: 0.002527[0m
[0m[ INFO] [1748068862.711856122]: [1748068862.712] Reference trajectory - x: 4.408826, y: 0.000000, phi: 0.000000, v: 0.336914, w: 0.000000[0m
[0m[ INFO] [1748068862.714301914]: [1748068862.712] v: 0.262325, w: 0.033273[0m
[0m[ INFO] [1748068862.728085068]: Received reference trajectory - x: 4442.136719, y: 0.000000, phi: 0.000000, v: 329.210022, w: 0.000000[0m
[0m[ INFO] [1748068862.810208180]: [1748068862.810] Robot state - x: 4.449934, y: -0.002800, phi: 0.003043[0m
[0m[ INFO] [1748068862.810338997]: [1748068862.810] Reference trajectory - x: 4.442137, y: 0.000000, phi: 0.000000, v: 0.329210, w: 0.000000[0m
[0m[ INFO] [1748068862.810439447]: [1748068862.810] v: 0.254328, w: 0.030787[0m
[0m[ INFO] [1748068862.827939865]: Received reference trajectory - x: 4474.656738, y: 0.000000, phi: 0.000000, v: 321.330566, w: 0.000000[0m
[0m[ INFO] [1748068862.918309739]: [1748068862.918] Robot state - x: 4.481701, y: -0.002682, phi: 0.005470[0m
[0m[ INFO] [1748068862.918444685]: [1748068862.918] Reference trajectory - x: 4.474657, y: 0.000000, phi: 0.000000, v: 0.321331, w: 0.000000[0m
[0m[ INFO] [1748068862.918519662]: [1748068862.918] v: 0.247265, w: 0.020832[0m
[0m[ INFO] [1748068862.929374107]: Received reference trajectory - x: 4506.417480, y: 0.000000, phi: 0.000000, v: 313.263733, w: 0.000000[0m
[0m[ INFO] [1748068863.009799852]: [1748068863.010] Robot state - x: 4.512463, y: -0.002579, phi: 0.006068[0m
[0m[ INFO] [1748068863.009945678]: [1748068863.010] Reference trajectory - x: 4.506417, y: 0.000000, phi: 0.000000, v: 0.313264, w: 0.000000[0m
[0m[ INFO] [1748068863.010024591]: [1748068863.010] v: 0.241321, w: 0.018272[0m
[0m[ INFO] [1748068863.028160441]: Received reference trajectory - x: 4537.313965, y: 0.000000, phi: 0.000000, v: 305.031860, w: 0.000000[0m
[0m[ INFO] [1748068863.110416864]: [1748068863.110] Robot state - x: 4.543626, y: -0.002399, phi: 0.006650[0m
[0m[ INFO] [1748068863.110567650]: [1748068863.111] Reference trajectory - x: 4.537314, y: 0.000000, phi: 0.000000, v: 0.305032, w: 0.000000[0m
[0m[ INFO] [1748068863.110631939]: [1748068863.111] v: 0.230016, w: 0.014978[0m
[0m[ INFO] [1748068863.128513290]: Received reference trajectory - x: 4567.390625, y: 0.000000, phi: 0.000000, v: 296.619080, w: 0.000000[0m
[0m[ INFO] [1748068863.227992368]: Received reference trajectory - x: 4596.620605, y: 0.000000, phi: 0.000000, v: 288.027588, w: 0.000000[0m
[0m[ INFO] [1748068863.280390165]: [1748068863.280] Robot state - x: 4.573180, y: -0.002155, phi: 0.011039[0m
[0m[ INFO] [1748068863.280497494]: [1748068863.280] Reference trajectory - x: 4.596621, y: 0.000000, phi: 0.000000, v: 0.288028, w: 0.000000[0m
[0m[ INFO] [1748068863.280542135]: [1748068863.281] v: 0.340638, w: -0.004159[0m
[0m[ INFO] [1748068863.308370975]: [1748068863.308] Robot state - x: 4.602130, y: -0.001926, phi: 0.013583[0m
[0m[ INFO] [1748068863.308488064]: [1748068863.308] Reference trajectory - x: 4.596621, y: 0.000000, phi: 0.000000, v: 0.288028, w: 0.000000[0m
[0m[ INFO] [1748068863.308768452]: [1748068863.309] v: 0.221924, w: -0.015887[0m
[0m[ INFO] [1748068863.327989180]: Received reference trajectory - x: 4624.985840, y: 0.000000, phi: 0.000000, v: 279.257324, w: 0.000000[0m
[0m[ INFO] [1748068863.409407961]: [1748068863.409] Robot state - x: 4.631282, y: -0.001594, phi: 0.014248[0m
[0m[ INFO] [1748068863.409504346]: [1748068863.409] Reference trajectory - x: 4.624986, y: 0.000000, phi: 0.000000, v: 0.279257, w: 0.000000[0m
[0m[ INFO] [1748068863.409581403]: [1748068863.410] v: 0.207984, w: -0.021239[0m
[0m[ INFO] [1748068863.428034953]: Received reference trajectory - x: 4652.479980, y: 0.000000, phi: 0.000000, v: 270.304504, w: 0.000000[0m
[0m[ INFO] [1748068863.515044398]: [1748068863.515] Robot state - x: 4.659429, y: -0.001228, phi: 0.013084[0m
[0m[ INFO] [1748068863.515243600]: [1748068863.515] Reference trajectory - x: 4.652480, y: 0.000000, phi: 0.000000, v: 0.270305, w: 0.000000[0m
[0m[ INFO] [1748068863.515310833]: [1748068863.515] v: 0.194198, w: -0.019768[0m
[0m[ INFO] [1748068863.527916308]: Received reference trajectory - x: 4679.045410, y: 0.000000, phi: 0.000000, v: 261.182098, w: 0.000000[0m
[0m[ INFO] [1748068863.608857322]: [1748068863.609] Robot state - x: 4.686971, y: -0.000826, phi: 0.013816[0m
[0m[ INFO] [1748068863.608962764]: [1748068863.609] Reference trajectory - x: 4.679045, y: 0.000000, phi: 0.000000, v: 0.261182, w: 0.000000[0m
[0m[ INFO] [1748068863.609013292]: [1748068863.609] v: 0.178622, w: -0.026314[0m
[0m[ INFO] [1748068863.628211525]: Received reference trajectory - x: 4704.702637, y: 0.000000, phi: 0.000000, v: 251.877380, w: 0.000000[0m
[0m[ INFO] [1748068863.712530374]: [1748068863.712] Robot state - x: 4.714716, y: -0.000479, phi: 0.012669[0m
[0m[ INFO] [1748068863.712692040]: [1748068863.713] Reference trajectory - x: 4.704703, y: 0.000000, phi: 0.000000, v: 0.251877, w: 0.000000[0m
[0m[ INFO] [1748068863.712757929]: [1748068863.713] v: 0.157716, w: -0.024964[0m
[0m[ INFO] [1748068863.728557173]: Received reference trajectory - x: 4729.418945, y: 0.000000, phi: 0.000000, v: 242.395355, w: 0.000000[0m
[0m[ INFO] [1748068863.808629056]: [1748068863.808] Robot state - x: 4.741254, y: -0.000126, phi: 0.011571[0m
[0m[ INFO] [1748068863.808739682]: [1748068863.809] Reference trajectory - x: 4.729419, y: 0.000000, phi: 0.000000, v: 0.242395, w: 0.000000[0m
[0m[ INFO] [1748068863.808852003]: [1748068863.809] v: 0.137129, w: -0.023971[0m
[0m[ INFO] [1748068863.827994875]: Received reference trajectory - x: 4753.171387, y: 0.000000, phi: 0.000000, v: 232.738342, w: 0.000000[0m
[0m[ INFO] [1748068863.910686695]: [1748068863.911] Robot state - x: 4.766385, y: 0.000202, phi: 0.012403[0m
[0m[ INFO] [1748068863.910808841]: [1748068863.911] Reference trajectory - x: 4.753171, y: 0.000000, phi: 0.000000, v: 0.232738, w: 0.000000[0m
[0m[ INFO] [1748068863.910873354]: [1748068863.911] v: 0.117728, w: -0.030526[0m
[0m[ INFO] [1748068863.929566299]: Received reference trajectory - x: 4775.973145, y: 0.000000, phi: 0.000000, v: 222.893250, w: 0.000000[0m
[0m[ INFO] [1748068864.008609209]: [1748068864.008] Robot state - x: 4.790112, y: 0.000421, phi: 0.007681[0m
[0m[ INFO] [1748068864.008741339]: [1748068864.009] Reference trajectory - x: 4.775973, y: 0.000000, phi: 0.000000, v: 0.222893, w: 0.000000[0m
[0m[ INFO] [1748068864.008799355]: [1748068864.009] v: 0.099675, w: -0.014001[0m
[0m[ INFO] [1748068864.027988275]: Received reference trajectory - x: 4797.766602, y: 0.000000, phi: 0.000000, v: 212.876556, w: 0.000000[0m
[0m[ INFO] [1748068864.115796256]: [1748068864.116] Robot state - x: 4.813034, y: 0.000651, phi: 0.002993[0m
[0m[ INFO] [1748068864.115948098]: [1748068864.116] Reference trajectory - x: 4.797767, y: 0.000000, phi: 0.000000, v: 0.212877, w: 0.000000[0m
[0m[ INFO] [1748068864.116014211]: [1748068864.116] v: 0.080270, w: 0.002203[0m
[0m[ INFO] [1748068864.128475300]: Received reference trajectory - x: 4818.533691, y: 0.000000, phi: 0.000000, v: 202.690079, w: 0.000000[0m
[0m[ INFO] [1748068864.208878705]: [1748068864.209] Robot state - x: 4.834548, y: 0.000787, phi: 0.000233[0m
[0m[ INFO] [1748068864.208979538]: [1748068864.209] Reference trajectory - x: 4.818534, y: 0.000000, phi: 0.000000, v: 0.202690, w: 0.000000[0m
[0m[ INFO] [1748068864.209075443]: [1748068864.209] v: 0.062000, w: 0.011615[0m
[0m[ INFO] [1748068864.228192490]: Received reference trajectory - x: 4838.289062, y: 0.000000, phi: 0.000000, v: 192.317795, w: 0.000000[0m
[0m[ INFO] [1748068864.312257895]: [1748068864.312] Robot state - x: 4.854455, y: 0.000820, phi: -0.002461[0m
[0m[ INFO] [1748068864.312389128]: [1748068864.312] Reference trajectory - x: 4.838289, y: 0.000000, phi: 0.000000, v: 0.192318, w: 0.000000[0m
[0m[ INFO] [1748068864.312500682]: [1748068864.312] v: 0.045905, w: 0.021748[0m
[0m[ INFO] [1748068864.328193524]: Received reference trajectory - x: 4856.986328, y: 0.000000, phi: 0.000000, v: 181.774628, w: 0.000000[0m
[0m[ INFO] [1748068864.408887749]: [1748068864.409] Robot state - x: 4.872952, y: 0.000817, phi: -0.003225[0m
[0m[ INFO] [1748068864.408991911]: [1748068864.409] Reference trajectory - x: 4.856987, y: 0.000000, phi: 0.000000, v: 0.181775, w: 0.000000[0m
[0m[ INFO] [1748068864.409327179]: [1748068864.409] v: 0.031119, w: 0.024558[0m
[0m[ INFO] [1748068864.428033373]: Received reference trajectory - x: 4874.626465, y: 0.000000, phi: 0.000000, v: 171.050369, w: 0.000000[0m
[0m[ INFO] [1748068864.511239758]: [1748068864.511] Robot state - x: 4.889844, y: 0.000738, phi: -0.007664[0m
[0m[ INFO] [1748068864.511397808]: [1748068864.511] Reference trajectory - x: 4.874627, y: 0.000000, phi: 0.000000, v: 0.171050, w: 0.000000[0m
[0m[ INFO] [1748068864.511462545]: [1748068864.511] v: 0.018607, w: 0.042742[0m
[0m[ INFO] [1748068864.528173737]: Received reference trajectory - x: 4891.190430, y: 0.000000, phi: 0.000000, v: 160.144791, w: 0.000000[0m
[0m[ INFO] [1748068864.608729176]: [1748068864.609] Robot state - x: 4.905527, y: 0.000682, phi: -0.008313[0m
[0m[ INFO] [1748068864.608833177]: [1748068864.609] Reference trajectory - x: 4.891191, y: 0.000000, phi: 0.000000, v: 0.160145, w: 0.000000[0m
[0m[ INFO] [1748068864.608899482]: [1748068864.609] v: 0.006728, w: 0.045644[0m
[0m[ INFO] [1748068864.627948272]: Received reference trajectory - x: 4906.651367, y: 0.000000, phi: 0.000000, v: 149.063904, w: 0.000000[0m
[0m[ INFO] [1748068864.710645531]: [1748068864.711] Robot state - x: 4.919599, y: 0.000597, phi: -0.005154[0m
[0m[ INFO] [1748068864.710813629]: [1748068864.711] Reference trajectory - x: 4.906651, y: 0.000000, phi: 0.000000, v: 0.149064, w: 0.000000[0m
[0m[ INFO] [1748068864.710880510]: [1748068864.711] v: -0.002837, w: 0.033723[0m
[0m[ INFO] [1748068864.730153591]: Received reference trajectory - x: 4921.006836, y: 0.000000, phi: 0.000000, v: 137.796127, w: 0.000000[0m
[0m[ INFO] [1748068864.809316628]: [1748068864.809] Robot state - x: 4.932869, y: 0.000483, phi: -0.005703[0m
[0m[ INFO] [1748068864.809421557]: [1748068864.809] Reference trajectory - x: 4.921007, y: 0.000000, phi: 0.000000, v: 0.137796, w: 0.000000[0m
[0m[ INFO] [1748068864.809501174]: [1748068864.809] v: -0.013471, w: 0.036856[0m
[0m[ INFO] [1748068864.828114118]: Received reference trajectory - x: 4934.219727, y: 0.000000, phi: 0.000000, v: 126.355331, w: 0.000000[0m
[0m[ INFO] [1748068864.918311026]: [1748068864.918] Robot state - x: 4.944932, y: 0.000418, phi: -0.006201[0m
[0m[ INFO] [1748068864.918398611]: [1748068864.918] Reference trajectory - x: 4.934220, y: 0.000000, phi: 0.000000, v: 0.126355, w: 0.000000[0m
[0m[ INFO] [1748068864.918440308]: [1748068864.918] v: -0.023654, w: 0.039339[0m
[0m[ INFO] [1748068864.929712293]: Received reference trajectory - x: 4946.269531, y: 0.000000, phi: 0.000000, v: 114.747169, w: 0.000000[0m
[0m[ INFO] [1748068865.008473309]: [1748068865.008] Robot state - x: 4.955388, y: 0.000356, phi: -0.006634[0m
[0m[ INFO] [1748068865.008714304]: [1748068865.009] Reference trajectory - x: 4.946270, y: 0.000000, phi: 0.000000, v: 0.114747, w: 0.000000[0m
[0m[ INFO] [1748068865.008792514]: [1748068865.009] v: -0.031705, w: 0.041545[0m
[0m[ INFO] [1748068865.028074810]: Received reference trajectory - x: 4957.153320, y: 0.000000, phi: 0.000000, v: 102.957840, w: 0.000000[0m
[0m[ INFO] [1748068865.115142811]: [1748068865.115] Robot state - x: 4.965239, y: 0.000302, phi: -0.005171[0m
[0m[ INFO] [1748068865.115313470]: [1748068865.115] Reference trajectory - x: 4.957153, y: 0.000000, phi: 0.000000, v: 0.102958, w: 0.000000[0m
[0m[ INFO] [1748068865.115380766]: [1748068865.115] v: -0.041879, w: 0.036153[0m
[0m[ INFO] [1748068865.128109026]: Received reference trajectory - x: 4966.849121, y: 0.000000, phi: 0.000000, v: 90.991135, w: 0.000000[0m
[0m[ INFO] [1748068865.208748369]: [1748068865.209] Robot state - x: 4.973884, y: 0.000251, phi: -0.003658[0m
[0m[ INFO] [1748068865.208835538]: [1748068865.209] Reference trajectory - x: 4.966849, y: 0.000000, phi: 0.000000, v: 0.090991, w: 0.000000[0m
[0m[ INFO] [1748068865.208917203]: [1748068865.209] v: -0.051824, w: 0.030550[0m
[0m[ INFO] [1748068865.227975689]: Received reference trajectory - x: 4975.346680, y: 0.000000, phi: 0.000000, v: 78.835907, w: 0.000000[0m
[0m[ INFO] [1748068865.310579345]: [1748068865.310] Robot state - x: 4.981524, y: 0.000210, phi: -0.003974[0m
[0m[ INFO] [1748068865.310889461]: [1748068865.311] Reference trajectory - x: 4.975347, y: 0.000000, phi: 0.000000, v: 0.078836, w: 0.000000[0m
[0m[ INFO] [1748068865.311125880]: [1748068865.311] v: -0.062470, w: 0.032134[0m
[0m[ INFO] [1748068865.331308028]: Received reference trajectory - x: 4982.625000, y: 0.000000, phi: 0.000000, v: 66.492111, w: 0.000000[0m
[0m[ INFO] [1748068865.408394876]: [1748068865.408] Robot state - x: 4.987758, y: 0.000181, phi: -0.006102[0m
[0m[ INFO] [1748068865.408494366]: [1748068865.408] Reference trajectory - x: 4.982625, y: 0.000000, phi: 0.000000, v: 0.066492, w: 0.000000[0m
[0m[ INFO] [1748068865.408568255]: [1748068865.409] v: -0.072216, w: 0.040824[0m
[0m[ INFO] [1748068865.427932408]: Received reference trajectory - x: 4988.641113, y: 0.000000, phi: 0.000000, v: 54.010284, w: 0.000000[0m
[0m[ INFO] [1748068865.514426898]: [1748068865.514] Robot state - x: 4.993186, y: 0.000164, phi: -0.004456[0m
[0m[ INFO] [1748068865.514550676]: [1748068865.515] Reference trajectory - x: 4.988641, y: 0.000000, phi: 0.000000, v: 0.054010, w: 0.000000[0m
[0m[ INFO] [1748068865.514702198]: [1748068865.515] v: -0.083758, w: 0.034393[0m
[0m[ INFO] [1748068865.529984762]: Received reference trajectory - x: 4993.414062, y: 0.000000, phi: 0.000000, v: 41.315536, w: 0.000000[0m
[0m[ INFO] [1748068865.608303915]: [1748068865.608] Robot state - x: 4.998012, y: 0.000134, phi: -0.004655[0m
[0m[ INFO] [1748068865.608427117]: [1748068865.608] Reference trajectory - x: 4.993414, y: 0.000000, phi: 0.000000, v: 0.041316, w: 0.000000[0m
[0m[ INFO] [1748068865.608512462]: [1748068865.608] v: -0.098120, w: 0.035434[0m
[0m[ INFO] [1748068865.628058122]: Received reference trajectory - x: 4996.901367, y: 0.000000, phi: 0.000000, v: 28.467831, w: 0.000000[0m
[0m[ INFO] [1748068865.715291309]: [1748068865.715] Robot state - x: 5.001631, y: 0.000117, phi: -0.004805[0m
[0m[ INFO] [1748068865.715461615]: [1748068865.715] Reference trajectory - x: 4.996902, y: 0.000000, phi: 0.000000, v: 0.028468, w: 0.000000[0m
[0m[ INFO] [1748068865.715584049]: [1748068865.716] v: -0.112995, w: 0.036151[0m
[0m[ INFO] [1748068865.729609926]: Received reference trajectory - x: 4999.098633, y: 0.000000, phi: 0.000000, v: 15.423881, w: 0.000000[0m
[0m[ INFO] [1748068865.808381276]: [1748068865.808] Robot state - x: 5.004446, y: 0.000104, phi: -0.004921[0m
[0m[ INFO] [1748068865.808473469]: [1748068865.808] Reference trajectory - x: 4.999099, y: 0.000000, phi: 0.000000, v: 0.015424, w: 0.000000[0m
[0m[ INFO] [1748068865.808548158]: [1748068865.808] v: -0.130227, w: 0.036709[0m
[0m[ INFO] [1748068865.828054362]: Received reference trajectory - x: 4999.981445, y: 0.000000, phi: 0.000000, v: 2.217264, w: 0.000000[0m
[0m[ INFO] [1748068865.918676009]: [1748068865.918] Robot state - x: 5.006456, y: 0.000094, phi: -0.005004[0m
[0m[ INFO] [1748068865.919173615]: [1748068865.919] Reference trajectory - x: 4.999981, y: 0.000000, phi: 0.000000, v: 0.002217, w: 0.000000[0m
[0m[ INFO] [1748068865.919360210]: [1748068865.919] v: -0.150038, w: 0.037104[0m
[0m[ INFO] [1748068866.008233674]: [1748068866.008] Robot state - x: 5.007261, y: 0.000090, phi: -0.005038[0m
[0m[ INFO] [1748068866.008356652]: [1748068866.008] Reference trajectory - x: 4.999981, y: 0.000000, phi: 0.000000, v: 0.002217, w: 0.000000[0m
[0m[ INFO] [1748068866.008443245]: [1748068866.008] v: -0.155590, w: 0.037246[0m
[0m[ INFO] [1748068866.117487463]: [1748068866.117] Robot state - x: 5.007261, y: 0.000090, phi: -0.005038[0m
[0m[ INFO] [1748068866.117805419]: [1748068866.118] Reference trajectory - x: 4.999981, y: 0.000000, phi: 0.000000, v: 0.002217, w: 0.000000[0m
[0m[ INFO] [1748068866.117904108]: [1748068866.118] v: -0.157892, w: 0.037218[0m
[0m[ INFO] [1748068866.208450297]: [1748068866.208] Robot state - x: 5.007261, y: 0.000090, phi: -0.005038[0m
[0m[ INFO] [1748068866.208748572]: [1748068866.209] Reference trajectory - x: 4.999981, y: 0.000000, phi: 0.000000, v: 0.002217, w: 0.000000[0m
[0m[ INFO] [1748068866.208840990]: [1748068866.209] v: -0.160194, w: 0.037189[0m
[0m[ INFO] [1748068866.309616941]: [1748068866.309] Robot state - x: 5.007261, y: 0.000090, phi: -0.005038[0m
[0m[ INFO] [1748068866.309747823]: [1748068866.310] Reference trajectory - x: 4.999981, y: 0.000000, phi: 0.000000, v: 0.002217, w: 0.000000[0m
[0m[ INFO] [1748068866.309814800]: [1748068866.310] v: -0.162496, w: 0.037160[0m
[0m[ INFO] [1748068866.409129005]: [1748068866.409] Robot state - x: 5.006858, y: 0.000092, phi: -0.005021[0m
[0m[ INFO] [1748068866.409306095]: [1748068866.409] Reference trajectory - x: 4.999981, y: 0.000000, phi: 0.000000, v: 0.002217, w: 0.000000[0m
[0m[ INFO] [1748068866.409351216]: [1748068866.409] v: -0.163044, w: 0.037046[0m
[0m[ INFO] [1748068866.508249287]: [1748068866.508] Robot state - x: 5.004848, y: 0.000103, phi: -0.004938[0m
[0m[ INFO] [1748068866.508339144]: [1748068866.508] Reference trajectory - x: 4.999981, y: 0.000000, phi: 0.000000, v: 0.002217, w: 0.000000[0m
[0m[ INFO] [1748068866.508380681]: [1748068866.508] v: -0.156459, w: 0.036585[0m
[0m[ INFO] [1748068866.608305006]: [1748068866.608] Robot state - x: 5.004242, y: 0.000104, phi: 0.000698[0m
[0m[ INFO] [1748068866.608433167]: [1748068866.608] Reference trajectory - x: 4.999981, y: 0.000000, phi: 0.000000, v: 0.002217, w: 0.000000[0m
[0m[ INFO] [1748068866.608528913]: [1748068866.608] v: -0.155361, w: 0.014128[0m
[0m[ INFO] [1748068866.717387464]: [1748068866.717] Robot state - x: 5.002833, y: 0.000109, phi: 0.002627[0m
[0m[ INFO] [1748068866.717531306]: [1748068866.717] Reference trajectory - x: 4.999981, y: 0.000000, phi: 0.000000, v: 0.002217, w: 0.000000[0m
[0m[ INFO] [1748068866.717661068]: [1748068866.718] v: -0.150570, w: 0.006370[0m
[0m[ INFO] [1748068866.808555389]: [1748068866.808] Robot state - x: 4.999014, y: 0.000110, phi: 0.000914[0m
[0m[ INFO] [1748068866.808716351]: [1748068866.809] Reference trajectory - x: 4.999981, y: 0.000000, phi: 0.000000, v: 0.002217, w: 0.000000[0m
[0m[ INFO] [1748068866.808825536]: [1748068866.809] v: -0.134834, w: 0.013139[0m
[0m[ INFO] [1748068866.916375559]: [1748068866.916] Robot state - x: 4.995597, y: 0.000104, phi: -0.000815[0m
[0m[ INFO] [1748068866.916774572]: [1748068866.917] Reference trajectory - x: 4.999981, y: 0.000000, phi: 0.000000, v: 0.002217, w: 0.000000[0m
[0m[ INFO] [1748068866.917896091]: [1748068866.918] v: -0.119642, w: 0.020040[0m
[0m[ INFO] [1748068867.008573256]: [1748068867.008] Robot state - x: 4.992782, y: 0.000101, phi: -0.000698[0m
[0m[ INFO] [1748068867.008749451]: [1748068867.009] Reference trajectory - x: 4.999981, y: 0.000000, phi: 0.000000, v: 0.002217, w: 0.000000[0m
[0m[ INFO] [1748068867.008841292]: [1748068867.009] v: -0.105991, w: 0.019572[0m
[0m[ INFO] [1748068867.111605843]: [1748068867.111] Robot state - x: 4.989969, y: 0.000109, phi: -0.004323[0m
[0m[ INFO] [1748068867.111730100]: [1748068867.112] Reference trajectory - x: 4.999981, y: 0.000000, phi: 0.000000, v: 0.002217, w: 0.000000[0m
[0m[ INFO] [1748068867.112226523]: [1748068867.112] v: -0.091457, w: 0.033878[0m
[0m[ INFO] [1748068867.208971989]: [1748068867.209] Robot state - x: 4.986550, y: 0.000108, phi: -0.002311[0m
[0m[ INFO] [1748068867.209110038]: [1748068867.209] Reference trajectory - x: 4.999981, y: 0.000000, phi: 0.000000, v: 0.002217, w: 0.000000[0m
[0m[ INFO] [1748068867.209248888]: [1748068867.209] v: -0.073396, w: 0.025855[0m
[0m[ INFO] [1748068867.310312361]: [1748068867.310] Robot state - x: 4.983535, y: 0.000123, phi: -0.004057[0m
[0m[ INFO] [1748068867.310432011]: [1748068867.310] Reference trajectory - x: 4.999981, y: 0.000000, phi: 0.000000, v: 0.002217, w: 0.000000[0m
[0m[ INFO] [1748068867.310503884]: [1748068867.310] v: -0.056014, w: 0.032606[0m
[0m[ INFO] [1748068867.408515990]: [1748068867.408] Robot state - x: 4.980920, y: 0.000127, phi: -0.002078[0m
[0m[ INFO] [1748068867.408666360]: [1748068867.409] Reference trajectory - x: 4.999981, y: 0.000000, phi: 0.000000, v: 0.002217, w: 0.000000[0m
[0m[ INFO] [1748068867.408967868]: [1748068867.409] v: -0.039420, w: 0.024665[0m
[0m[ INFO] [1748068867.523621467]: [1748068867.523] Robot state - x: 4.978710, y: 0.000138, phi: -0.003857[0m
[0m[ INFO] [1748068867.524102466]: [1748068867.524] Reference trajectory - x: 4.999981, y: 0.000000, phi: 0.000000, v: 0.002217, w: 0.000000[0m
[0m[ INFO] [1748068867.524303332]: [1748068867.524] v: -0.023764, w: 0.031589[0m
[0m[ INFO] [1748068867.608278202]: [1748068867.608] Robot state - x: 4.977303, y: 0.000142, phi: -0.005669[0m
[0m[ INFO] [1748068867.608415388]: [1748068867.608] Reference trajectory - x: 4.999981, y: 0.000000, phi: 0.000000, v: 0.002217, w: 0.000000[0m
[0m[ INFO] [1748068867.608458972]: [1748068867.608] v: -0.010907, w: 0.038710[0m
[0m[ INFO] [1748068867.719072008]: [1748068867.719] Robot state - x: 4.976697, y: 0.000142, phi: -0.000033[0m
[0m[ INFO] [1748068867.719386956]: [1748068867.719] Reference trajectory - x: 4.999981, y: 0.000000, phi: 0.000000, v: 0.002217, w: 0.000000[0m
[0m[ INFO] [1748068867.719575631]: [1748068867.720] v: -0.001097, w: 0.016247[0m
[0m[ INFO] [1748068867.808366754]: [1748068867.808] Robot state - x: 4.976697, y: 0.000142, phi: -0.000033[0m
[0m[ INFO] [1748068867.808463364]: [1748068867.808] Reference trajectory - x: 4.999981, y: 0.000000, phi: 0.000000, v: 0.002217, w: 0.000000[0m
[0m[ INFO] [1748068867.808557765]: [1748068867.809] v: 0.006266, w: 0.016202[0m
[0m[ INFO] [1748068867.923414343]: [1748068867.923] Robot state - x: 4.976697, y: 0.000142, phi: -0.000033[0m
[0m[ INFO] [1748068867.923857069]: [1748068867.924] Reference trajectory - x: 4.999981, y: 0.000000, phi: 0.000000, v: 0.002217, w: 0.000000[0m
[0m[ INFO] [1748068867.924319411]: [1748068867.924] v: 0.013630, w: 0.016157[0m
[0m[ INFO] [1748068868.008226952]: [1748068868.008] Robot state - x: 4.976697, y: 0.000142, phi: -0.000033[0m
[0m[ INFO] [1748068868.008350697]: [1748068868.008] Reference trajectory - x: 4.999981, y: 0.000000, phi: 0.000000, v: 0.002217, w: 0.000000[0m
[0m[ INFO] [1748068868.008416234]: [1748068868.008] v: 0.020993, w: 0.016112[0m
[0m[ INFO] [1748068868.278595152]: [1748068868.278] Robot state - x: 4.976697, y: 0.000142, phi: -0.000033[0m
[0m[ INFO] [1748068868.278689105]: [1748068868.279] Reference trajectory - x: 4.999981, y: 0.000000, phi: 0.000000, v: 0.002217, w: 0.000000[0m
[0m[ INFO] [1748068868.278731058]: [1748068868.279] v: 0.028356, w: 0.016067[0m
[0m[ INFO] [1748068868.280202117]: [1748068868.280] Robot state - x: 4.976497, y: 0.000143, phi: -0.001895[0m
[0m[ INFO] [1748068868.280303110]: [1748068868.280] Reference trajectory - x: 4.999981, y: 0.000000, phi: 0.000000, v: 0.002217, w: 0.000000[0m
[0m[ INFO] [1748068868.280368743]: [1748068868.280] v: 0.036592, w: 0.023424[0m
[0m[ INFO] [1748068868.307899688]: [1748068868.308] Robot state - x: 4.976497, y: 0.000143, phi: -0.001895[0m
[0m[ INFO] [1748068868.308006601]: [1748068868.308] Reference trajectory - x: 4.999981, y: 0.000000, phi: 0.000000, v: 0.002217, w: 0.000000[0m
[0m[ INFO] [1748068868.308047882]: [1748068868.308] v: 0.044018, w: 0.023379[0m
[0m[ INFO] [1748068868.408380847]: [1748068868.408] Robot state - x: 4.976497, y: 0.000143, phi: -0.001895[0m
[0m[ INFO] [1748068868.408473649]: [1748068868.408] Reference trajectory - x: 4.999981, y: 0.000000, phi: 0.000000, v: 0.002217, w: 0.000000[0m
[0m[ INFO] [1748068868.408539409]: [1748068868.409] v: 0.051445, w: 0.023334[0m
[0m[ INFO] [1748068868.521408344]: [1748068868.521] Robot state - x: 4.976497, y: 0.000143, phi: -0.001895[0m
[0m[ INFO] [1748068868.521760412]: [1748068868.522] Reference trajectory - x: 4.999981, y: 0.000000, phi: 0.000000, v: 0.002217, w: 0.000000[0m
[0m[ INFO] [1748068868.521863742]: [1748068868.522] v: 0.058871, w: 0.023289[0m
[0m[ INFO] [1748068868.609132316]: [1748068868.609] Robot state - x: 4.976497, y: 0.000143, phi: -0.001895[0m
[0m[ INFO] [1[0m[ INFO] [1748068850.827419149]: Trajectory Generator Node Started[0m
[0m[ INFO] [1748068850.843820262]: Reading trajectory coeffs[0m
[0m[ INFO] [1748068847.071206287]: [I2C FOR MOTORS] Now launching this node in namespace: /asc[0m
[0m[ INFO] [1748068847.113356512]: [I2C FOR MOTORS] publish motor duty cycle requests from command line with: rostopic pub --once /asc/set_motor_duty_cycle asclinic_pkg/LeftRightFloat32 "{left: 10.1, right: 10.1}"[0m
[0m[ INFO] [1748068847.113535330]: [I2C FOR MOTORS] Successfully opened named /dev/i2c-1, with file descriptor = 10[0m
[0m[ INFO] [1748068847.113657924]: [I2C FOR MOTORS] Actual acceleration limit = 0.0003125%/ms (after conversation to "internal units")[0m
[0m[ INFO] [1748068847.113704677]: [I2C FOR MOTORS] Actual deceleration limit = 0.0015625%/ms (after conversation to "internal units")[0m
[0m[ INFO] [1748068847.113742469]: [I2C FOR MOTORS] Now initialising SMC with I2C address 13[0m
[0m[ INFO] [1748068847.133660174]: [I2C FOR MOTORS] Now initialising SMC with I2C address 14[0m
[0m[ INFO] [1748068847.150216203]: [I2C FOR MOTORS] Node initialisation complete[0m
748068868.609335710]: [1748068868.609] Reference trajectory - x: 4.999981, y: 0.000000, phi: 0.000000, v: 0.002217, w: 0.000000[0m
[0m[ INFO] [1748068868.609634946]: [1748068868.610] v: 0.066298, w: 0.023244[0m
[0m[ INFO] [1748068868.718953147]: [1748068868.718] Robot state - x: 4.976697, y: 0.000142, phi: -0.000033[0m
[0m[ INFO] [1748068868.719287839]: [1748068868.719] Reference trajectory - x: 4.999981, y: 0.000000, phi: 0.000000, v: 0.002217, w: 0.000000[0m
[0m[ INFO] [1748068868.719491394]: [1748068868.719] v: 0.072852, w: 0.015796[0m
[0m[ INFO] [1748068868.808930236]: [1748068868.809] Robot state - x: 4.977499, y: 0.000142, phi: 0.003674[0m
[0m[ INFO] [1748068868.809041085]: [1748068868.809] Reference trajectory - x: 4.999981, y: 0.000000, phi: 0.000000, v: 0.002217, w: 0.000000[0m
[0m[ INFO] [1748068868.809151711]: [1748068868.809] v: 0.076719, w: 0.001009[0m
[0m[ INFO] [1748068868.911191834]: [1748068868.911] Robot state - x: 4.977900, y: 0.000143, phi: 0.007398[0m
[0m[ INFO] [1748068868.911385053]: [1748068868.911] Reference trajectory - x: 4.999981, y: 0.000000, phi: 0.000000, v: 0.002217, w: 0.000000[0m
[0m[ INFO] [1748068868.911452446]: [1748068868.911] v: 0.082083, w: -0.013852[0m
[0m[ INFO] [1748068869.009503046]: [1748068869.009] Robot state - x: 4.978304, y: 0.000144, phi: 0.003641[0m
[0m[ INFO] [1748068869.009686696]: [1748068869.010] Reference trajectory - x: 4.999981, y: 0.000000, phi: 0.000000, v: 0.002217, w: 0.000000[0m
[0m[ INFO] [1748068869.009791498]: [1748068869.010] v: 0.087306, w: 0.001036[0m
[0m[ INFO] [1748068869.116657281]: [1748068869.116] Robot state - x: 4.980116, y: 0.000152, phi: -0.002045[0m
[0m[ INFO] [1748068869.117024198]: [1748068869.117] Reference trajectory - x: 4.999981, y: 0.000000, phi: 0.000000, v: 0.002217, w: 0.000000[0m
[0m[ INFO] [1748068869.117117607]: [1748068869.117] v: 0.086267, w: 0.023518[0m

[ARUCO DETECTOR] Camera properties upon initialisation:
CV_CAP_PROP_FRAME_HEIGHT : '480.0'
CV_CAP_PROP_FRAME_WIDTH :  '640.0'
CAP_PROP_FPS :             '30.0'
CAP_PROP_FOCUS :           '0.0'
CAP_PROP_AUTOFOCUS :       '0.0'
CAP_PROP_BRIGHTNESS :      '128.0'
CAP_PROP_CONTRAST :        '128.0'
CAP_PROP_SATURATION :      '128.0'
CAP_PROP_BUFFERSIZE :      '4.0'

[ARUCO DETECTOR] Camera properties upon initialisation:
CV_CAP_PROP_FRAME_HEIGHT : '1080.0'
CV_CAP_PROP_FRAME_WIDTH :  '1920.0'
CAP_PROP_FPS :             '5.0'
CAP_PROP_FOCUS :           '0.0'
CAP_PROP_AUTOFOCUS :       '0.0'
CAP_PROP_BRIGHTNESS :      '128.0'
CAP_PROP_CONTRAST :        '128.0'
CAP_PROP_SATURATION :      '128.0'
CAP_PROP_BUFFERSIZE :      '1.0'
[INFO] [1748068852.583235]: [ARUCO DETECTOR] As a double check of the camera properties set, a frame captured just now has dimensions = (1080, 1920, 3)
[INFO] [1748068852.588146]: [ARUCO DETECTOR] publish request from command line to save a single camera image using: rostopic pub --once /asc/request_save_image std_msgs/UInt32 1
[INFO] [1748068852.591785]: [ARUCO DETECTOR] Node initialisation complete
... logging to /home/asc/.ros/log/42870390-3869-11f0-b419-d8c0a650f677/roslaunch-asc12-jetson-14679.log
Checking log directory for disk usage. This may take a while.
Press Ctrl-C to interrupt
Done checking log file disk usage. Usage is <1GB.
]2;/home/asc/ASClinic/catkin_ws/src/asclinic_pkg/launch/trajectory.launch
[1mstarted roslaunch server http://asc12-jetson:37823/[0m

SUMMARY
========

PARAMETERS
 * /asc/aruco_detector/aruco_detector_desired_camera_fps: 5
 * /asc/aruco_detector/aruco_detector_desired_camera_frame_height: 1080
 * /asc/aruco_detector/aruco_detector_desired_camera_frame_width: 1920
 * /asc/aruco_detector/aruco_detector_marker_size: 0.25
 * /asc/aruco_detector/aruco_detector_save_image_path: /home/asc/saved_c...
 * /asc/aruco_detector/aruco_detector_should_publish_camera_images: False
 * /asc/aruco_detector/aruco_detector_should_save_all_aruco_images: False
 * /asc/aruco_detector/aruco_detector_should_show_camera_images: False
 * /asc/aruco_detector/aruco_detector_usb_camera_device_number: 0
 * /asc/aruco_detector/aruco_detector_verbosity: 1
 * /asc/encoder_read_multi_threaded/delta_t_for_publishing_encoder_counts: 0.1
 * /asc/encoder_read_multi_threaded/encoder_events_to_monitor: rising
 * /asc/encoder_read_multi_threaded/encoder_read_verbosity: 1
 * /asc/encoder_read_multi_threaded/gpio_chip_number_for_encoder_lines: 1
 * /asc/encoder_read_multi_threaded/line_number_for_left_side_encoder_channel_a: 105
 * /asc/encoder_read_multi_threaded/line_number_for_left_side_encoder_channel_b: 106
 * /asc/encoder_read_multi_threaded/line_number_for_right_side_encoder_channel_a: 84
 * /asc/encoder_read_multi_threaded/line_number_for_right_side_encoder_channel_b: 130
 * /asc/encoder_read_multi_threaded/should_monitor_left_side_encoder_channel_a: True
 * /asc/encoder_read_multi_threaded/should_monitor_left_side_encoder_channel_b: False
 * /asc/encoder_read_multi_threaded/should_monitor_right_side_encoder_channel_a: True
 * /asc/encoder_read_multi_threaded/should_monitor_right_side_encoder_channel_b: False
 * /asc/i2c_for_motors/motor_driver_current_limit_in_milliamps: 5000
 * /asc/i2c_for_motors/motor_driver_left_side_multiplier: 1
 * /asc/i2c_for_motors/motor_driver_max_accel_limit_in_percent_per_millisecond: 0.04
 * /asc/i2c_for_motors/motor_driver_max_decel_limit_in_percent_per_millisecond: 0.16
 * /asc/i2c_for_motors/motor_driver_max_duty_cycle_limit_in_percent: 100.0
 * /asc/i2c_for_motors/motor_driver_right_side_multiplier: 1
 * /asc/i2c_for_motors/motor_driver_verbosity: 1
 * /rosdistro: noetic
 * /rosversion: 1.17.0

NODES
  /
    aruco_positioning (asclinic_pkg/aruco_positioning.py)
    kf_fusion_node (asclinic_pkg/KF.py)
    odomdelta (asclinic_pkg/odomdelta)
    trajectory_generator (asclinic_pkg/trajectory_generator_state_space)
    trajectory_tracker (asclinic_pkg/trajectory_tracker_state_space)
    velocity_PI_control (asclinic_pkg/velocity_PI_control)
  /asc/
    aruco_detector (asclinic_pkg/aruco_detector.py)
    encoder_read_multi_threaded (asclinic_pkg/encoder_read_multi_threaded)
    i2c_for_motors (asclinic_pkg/i2c_for_motors)

[1mROS_MASTER_URI=http://localhost:11311[0m
]2;/home/asc/ASClinic/catkin_ws/src/asclinic_pkg/launch/trajectory.launch http://localhost:11311
[1mprocess[asc/i2c_for_motors-1]: started with pid [14741][0m
[1mprocess[asc/encoder_read_multi_threaded-2]: started with pid [14742][0m
[1mprocess[odomdelta-3]: started with pid [14743][0m
[1mprocess[asc/aruco_detector-4]: started with pid [14746][0m
[1mprocess[aruco_positioning-5]: started with pid [14764][0m
[1mprocess[trajectory_tracker-6]: started with pid [14765][0m
[1mprocess[trajectory_generator-7]: started with pid [14769][0m
[1mprocess[velocity_PI_control-8]: started with pid [14777][0m
[1mprocess[kf_fusion_node-9]: started with pid [14785][0m
[kf_fusion_node-9] killing on exit
[velocity_PI_control-8] killing on exit
[trajectory_generator-7] killing on exit
[trajectory_tracker-6] killing on exit
[aruco_positioning-5] killing on exit
[asc/aruco_detector-4] killing on exit
[asc/encoder_read_multi_threaded-2] killing on exit
[asc/i2c_for_motors-1] killing on exit
[odomdelta-3] killing on exit
shutting down processing monitor...
... shutting down processing monitor complete
[1mdone[0m
