[0m[ INFO] [1746502527.073301511]: Target - x: 0.000000, y: 0.000000, phi: 0.000000[0m
[0m[ INFO] [1746502527.076612324]: Current - x: 0.000000, y: 0.000000, phi: 0.000000[0m
[0m[ INFO] [1746502527.076842150]: Error - x: 0.000000, y: 0.000000[0m
[0m[ INFO] [1746502527.076958247]: Publishing motor command - Left: 0.000000, Right: 0.000000[0m
[0m[ INFO] [1746502527.077053736]: Target reached: x=0.00, y=0.00, phi=0.00[0m
[0m[ INFO] [1746502527.172586999]: Target - x: 0.000000, y: 0.000000, phi: 0.000000[0m
[0m[ INFO] [1746502527.172713304]: Current - x: 0.000000, y: 0.000000, phi: 0.000000[0m
[0m[ INFO] [1746502527.172754680]: Error - x: 0.000000, y: 0.000000[0m
[0m[ INFO] [1746502527.172839065]: Publishing motor command - Left: 0.000000, Right: 0.000000[0m
[0m[ INFO] [1746502527.173393630]: Target reached: x=0.00, y=0.00, phi=0.00[0m
[0m[ INFO] [1746502527.273185426]: Target - x: 0.000000, y: 0.000000, phi: 0.000000[0m
[0m[ INFO] [1746502527.273273203]: Current - x: 0.000000, y: 0.000000, phi: 0.000000[0m
[0m[ INFO] [1746502527.273311700]: Error - x: 0.000000, y: 0.000000[0m
[0m[ INFO] [1746502527.273344212]: Publishing motor command - Left: 0.000000, Right: 0.000000[0m
[0m[ INFO] [1746502527.273460789]: Target reached: x=0.00, y=0.00, phi=0.00[0m
[0m[ INFO] [1746502527.372670308]: Target - x: 0.000000, y: 0.000000, phi: 0.000000[0m
[0m[ INFO] [1746502527.372771397]: Current - x: 0.000000, y: 0.000000, phi: 0.000000[0m
[0m[ INFO] [1746502527.372815237]: Error - x: 0.000000, y: 0.000000[0m
[0m[ INFO] [1746502527.372894310]: Publishing motor command - Left: 0.000000, Right: 0.000000[0m
[0m[ INFO] [1746502527.373119080]: Target reached: x=0.00, y=0.00, phi=0.00[0m
[0m[ INFO] [1746502527.479894938]: Target - x: 0.000000, y: 0.000000, phi: 0.000000[0m
[0m[ INFO] [1746502527.479994939]: Current - x: 0.000000, y: 0.000000, phi: 0.000000[0m
[0m[ INFO] [1746502527.480045340]: Error - x: 0.000000, y: 0.000000[0m
[0m[ INFO] [1746502527.480117980]: Publishing motor command - Left: 0.000000, Right: 0.000000[0m
[0m[ INFO] [1746502527.480365343]: Target reached: x=0.00, y=0.00, phi=0.00[0m
[0m[ INFO] [1746502527.573543608]: Target - x: 0.000000, y: 0.000000, phi: 0.000000[0m
[0m[ INFO] [1746502527.573664634]: Current - x: 0.000000, y: 0.000000, phi: 0.000000[0m
[0m[ INFO] [1746502527.573758906]: Error - x: 0.000000, y: 0.000000[0m
[0m[ INFO] [1746502527.573911932]: Publishing motor command - Left: 0.000000, Right: 0.000000[0m
[0m[ INFO] [1746502527.574027517]: Target reached: x=0.00, y=0.00, phi=0.00[0m
[0m[ INFO] [1746502527.673371341]: Target - x: 0.000000, y: 0.000000, phi: 0.000000[0m
[0m[ INFO] [1746502527.673532431]: Current - x: 0.000000, y: 0.000000, phi: 0.000000[0m
[0m[ INFO] [1746502527.673634992]: Error - x: 0.000000, y: 0.000000[0m
[0m[ INFO] [1746502527.673751185]: Publishing motor command - Left: 0.000000, Right: 0.000000[0m
[0m[ INFO] [1746502527.673845553]: Target reached: x=0.00, y=0.00, phi=0.00[0m
[0m[ INFO] [1746502527.773522693]: Target - x: 0.000000, y: 0.000000, phi: 0.000000[0m
[0m[ INFO] [1746502527.773725063]: Current - x: 0.000000, y: 0.000000, phi: 0.000000[0m
[0m[ INFO] [1746502527.774008457]: Error - x: 0.000000, y: 0.000000[0m
[0m[ INFO] [1746502527.774240107]: Publishing motor command - Left: 0.000000, Right: 0.000000[0m
[0m[ INFO] [1746502527.774435629]: Target reached: x=0.00, y=0.00, phi=0.00[0m
[0m[ INFO] [1746502527.881372385]: Target - x: 0.000000, y: 0.000000, phi: 0.000000[0m
[0m[ INFO] [1746502527.881964454]: Current - x: 0.000000, y: 0.000000, phi: 0.000000[0m
[0m[ INFO] [1746502527.882228296]: Error - x: 0.000000, y: 0.000000[0m
[0m[ INFO] [1746502527.882319977]: Publishing motor command - Left: 0.000000, Right: 0.000000[0m
[0m[ INFO] [1746502527.882479339]: Target reached: x=0.00, y=0.00, phi=0.00[0m
[0m[ INFO] [1746502527.972682698]: Target - x: 0.000000, y: 0.000000, phi: 0.000000[0m
[0m[ INFO] [1746502527.972797899]: Current - x: 0.000000, y: 0.000000, phi: 0.000000[0m
[0m[ INFO] [1746502527.972834315]: Error - x: 0.000000, y: 0.000000[0m
[0m[ INFO] [1746502527.973725363]: Publishing motor command - Left: 0.000000, Right: 0.000000[0m
[0m[ INFO] [1746502527.973805044]: Target reached: x=0.00, y=0.00, phi=0.00[0m
[0m[ INFO] [1746502528.073606120]: Target - x: 0.000000, y: 0.000000, phi: 0.000000[0m
[0m[ INFO] [1746502528.073746922]: Current - x: 0.000000, y: 0.000000, phi: 0.000000[0m
[0m[ INFO] [1746502528.073809450]: Error - x: 0.000000, y: 0.000000[0m
[0m[ INFO] [1746502528.073927243]: Publishing motor command - Left: 0.000000, Right: 0.000000[0m
[0m[ INFO] [1746502528.074027244]: Target reached: x=0.00, y=0.00, phi=0.00[0m
[0m[ INFO] [1746502528.172696279]: Target - x: 0.000000, y: 0.000000, phi: 0.000000[0m
[0m[ INFO] [1746502528.172831288]: Current - x: 0.000000, y: 0.000000, phi: 0.000000[0m
[0m[ INFO] [1746502528.172894936]: Error - x: 0.000000, y: 0.000000[0m
[0m[ INFO] [1746502528.172946201]: Publishing motor command - Left: 0.000000, Right: 0.000000[0m
[0m[ INFO] [1746502528.173024057]: Target reached: x=0.00, y=0.00, phi=0.00[0m
[0m[ INFO] [1746502528.273042480]: Target - x: 0.000000, y: 0.000000, phi: 0.000000[0m
[0m[ INFO] [1746502528.273132081]: Current - x: 0.000000, y: 0.000000, phi: 0.000000[0m
[0m[ INFO] [1746502528.273168465]: Error - x: 0.000000, y: 0.000000[0m
[0m[ INFO] [1746502528.273203313]: Publishing motor command - Left: 0.000000, Right: 0.000000[0m
[0m[ INFO] [1746502528.273327666]: Target reached: x=0.00, y=0.00, phi=0.00[0m
[0m[ INFO] [1746502528.373431370]: Target - x: 0.000000, y: 0.000000, phi: 0.000000[0m
[0m[ INFO] [1746502528.373560203]: Current - x: 0.000000, y: 0.000000, phi: 0.000000[0m
[0m[ INFO] [1746502528.373617259]: Error - x: 0.000000, y: 0.000000[0m
[0m[ INFO] [1746502528.373671404]: Publishing motor command - Left: 0.000000, Right: 0.000000[0m
[0m[ INFO] [1746502528.373806093]: Target reached: x=0.00, y=0.00, phi=0.00[0m
[0m[ INFO] [1746502528.473427904]: Target - x: 30.000000, y: 0.000000, phi: 0.000000[0m
[0m[ INFO] [1746502528.473762339]: Current - x: 0.000000, y: 0.000000, phi: 0.000000[0m
[0m[ INFO] [1746502528.474385224]: Error - x: 30.000000, y: 0.000000[0m
[0m[ INFO] [1746502528.474635658]: error_y: 0.000000[0m
[0m[ INFO] [1746502528.475388177]: integral_error_y: 0.000000[0m
[0m[ INFO] [1746502528.475911606]: w: 0.000000[0m
[0m[ INFO] [1746502528.476411866]: Publishing motor command - Left: 250.000000, Right: 250.000000[0m
[0m[ INFO] [1746502528.573110099]: Target - x: 60.000000, y: 0.000000, phi: 0.000000[0m
[0m[ INFO] [1746502528.573221140]: Current - x: 0.000000, y: 0.000000, phi: 0.000000[0m
[0m[ INFO] [1746502528.573312789]: Error - x: 60.000000, y: 0.000000[0m
[0m[ INFO] [1746502528.573365621]: error_y: 0.000000[0m
[0m[ INFO] [1746502528.573433302]: integral_error_y: 0.000000[0m
[0m[ INFO] [1746502528.573481206]: w: 0.000000[0m
[0m[ INFO] [1746502528.573617496]: Publishing motor command - Left: 500.000000, Right: 500.000000[0m
[0m[ INFO] [1746502528.673449708]: Target - x: 90.000000, y: 0.000000, phi: 0.000000[0m
[0m[ INFO] [1746502528.673608366]: Current - x: 0.000000, y: 0.000000, phi: 0.000000[0m
[0m[ INFO] [1746502528.673709167]: Error - x: 90.000000, y: 0.000000[0m
[0m[ INFO] [1746502528.673785199]: error_y: 0.000000[0m
[0m[ INFO] [1746502528.673839920]: integral_error_y: 0.000000[0m
[0m[ INFO] [1746502528.673981361]: w: 0.000000[0m
[0m[ INFO] [1746502528.674043442]: Publishing motor command - Left: 750.000000, Right: 750.000000[0m
[0m[ INFO] [1746502528.773197824]: Target - x: 120.000000, y: 0.000000, phi: 0.000000[0m
[0m[ INFO] [1746502528.773311841]: Current - x: 0.201402, y: -0.000189, phi: -0.107344[0m
[0m[ INFO] [1746502528.773434595]: Error - x: 119.798599, y: 0.000189[0m
[0m[ INFO] [1746502528.773510051]: error_y: 0.000189[0m
[0m[ INFO] [1746502528.773560900]: integral_error_y: 0.000019[0m
[0m[ INFO] [1746502528.773653668]: w: 0.000662[0m
[0m[ INFO] [1746502528.773734533]: Publishing motor command - Left: 998.321533, Right: 998.321838[0m
[0m[ INFO] [1746502528.873147990]: Target - x: 150.000000, y: 0.000000, phi: 0.000000[0m
[0m[ INFO] [1746502528.873468377]: Current - x: 0.201402, y: -0.000189, phi: -0.107344[0m
[0m[ INFO] [1746502528.873536666]: Error - x: 149.798599, y: 0.000189[0m
[0m[ INFO] [1746502528.873611738]: error_y: 0.000189[0m
[0m[ INFO] [1746502528.873661883]: integral_error_y: 0.000038[0m
[0m[ INFO] [1746502528.873707867]: w: 0.000192[0m
[0m[ INFO] [1746502528.874254272]: Publishing motor command - Left: 1248.321655, Right: 1248.321777[0m
[0m[ INFO] [1746502528.975585826]: Target - x: 180.000000, y: 0.000000, phi: 0.000000[0m
[0m[ INFO] [1746502528.975708803]: Current - x: 0.401681, y: -0.000377, phi: -0.000599[0m
[0m[ INFO] [1746502528.975761572]: Error - x: 179.598312, y: 0.000377[0m
[0m[ INFO] [1746502528.975850500]: error_y: 0.000377[0m
[0m[ INFO] [1746502528.975943173]: integral_error_y: 0.000075[0m
[0m[ INFO] [1746502528.976055686]: w: 0.000857[0m
[0m[ INFO] [1746502528.977082575]: Publishing motor command - Left: 1496.652466, Right: 1496.652832[0m
[0m[ INFO] [1746502529.072952001]: Target - x: 210.000000, y: 0.000000, phi: 0.000000[0m
[0m[ INFO] [1746502529.073048290]: Current - x: 2.206428, y: 0.004628, phi: 0.531930[0m
[0m[ INFO] [1746502529.073088866]: Error - x: 207.793579, y: -0.004628[0m
[0m[ INFO] [1746502529.073148483]: error_y: -0.004628[0m
[0m[ INFO] [1746502529.073183939]: integral_error_y: -0.000387[0m
[0m[ INFO] [1746502529.073241859]: w: -0.017182[0m
[0m[ INFO] [1746502529.073301668]: Publishing motor command - Left: 1731.617310, Right: 1731.608887[0m
[0m[ INFO] [1746502529.172959319]: Target - x: 240.000000, y: 0.000000, phi: 0.000000[0m
[0m[ INFO] [1746502529.173087064]: Current - x: 5.020420, y: -0.006019, phi: 0.099560[0m
[0m[ INFO] [1746502529.173185209]: Error - x: 234.979584, y: 0.006019[0m
[0m[ INFO] [1746502529.173269914]: error_y: 0.006019[0m
[0m[ INFO] [1746502529.173359035]: integral_error_y: 0.000214[0m
[0m[ INFO] [1746502529.173548956]: w: 0.032658[0m
[0m[ INFO] [1746502529.173622333]: Publishing motor command - Left: 1958.155151, Right: 1958.171387[0m
[0m[ INFO] [1746502529.272956109]: Target - x: 270.000000, y: 0.000000, phi: 0.000000[0m
[0m[ INFO] [1746502529.273047054]: Current - x: 9.038241, y: 0.023567, phi: -0.120517[0m
[0m[ INFO] [1746502529.273129807]: Error - x: 260.961761, y: -0.023567[0m
[0m[ INFO] [1746502529.273182447]: error_y: -0.023567[0m
[0m[ INFO] [1746502529.273228496]: integral_error_y: -0.002142[0m
[0m[ INFO] [1746502529.273259728]: w: -0.097744[0m
[0m[ INFO] [1746502529.273310064]: Publishing motor command - Left: 2174.705566, Right: 2174.656982[0m
[0m[ INFO] [1746502529.372586816]: Target - x: 300.000000, y: 0.000000, phi: 0.000000[0m
[0m[ INFO] [1746502529.372791714]: Current - x: 15.665389, y: 0.040702, phi: -0.023353[0m
[0m[ INFO] [1746502529.373251174]: Error - x: 284.334625, y: -0.040702[0m
[0m[ INFO] [1746502529.373408232]: error_y: -0.040702[0m
[0m[ INFO] [1746502529.373547497]: integral_error_y: -0.006212[0m
[0m[ INFO] [1746502529.373900268]: w: -0.084160[0m
[0m[ INFO] [1746502529.374268719]: Publishing motor command - Left: 2369.476318, Right: 2369.434326[0m
[0m[ INFO] [1746502529.472668791]: Target - x: 330.000000, y: 0.000000, phi: 0.000000[0m
[0m[ INFO] [1746502529.472800696]: Current - x: 25.305702, y: 0.019215, phi: -0.037723[0m
[0m[ INFO] [1746502529.473199868]: Error - x: 304.694305, y: -0.019215[0m
[0m[ INFO] [1746502529.473356189]: error_y: -0.019215[0m
[0m[ INFO] [1746502529.473493598]: integral_error_y: -0.008134[0m
[0m[ INFO] [1746502529.473882114]: w: 0.033688[0m
[0m[ INFO] [1746502529.474066244]: Publishing motor command - Left: 2539.110596, Right: 2539.127686[0m
[0m[ INFO] [1746502529.572847215]: Target - x: 360.000000, y: 0.000000, phi: 0.000000[0m
[0m[ INFO] [1746502529.572982352]: Current - x: 36.552757, y: 0.012985, phi: -0.054489[0m
[0m[ INFO] [1746502529.573051473]: Error - x: 323.447235, y: -0.012985[0m
[0m[ INFO] [1746502529.573237138]: error_y: -0.012985[0m
[0m[ INFO] [1746502529.575190020]: integral_error_y: -0.009432[0m
[0m[ INFO] [1746502529.575261188]: w: 0.001645[0m
[0m[ INFO] [1746502529.575301925]: Publishing motor command - Left: 2695.393066, Right: 2695.394043[0m
[0m[ INFO] [1746502529.672823557]: Target - x: 390.000000, y: 0.000000, phi: 0.000000[0m
[0m[ INFO] [1746502529.673045607]: Current - x: 49.004856, y: 0.002770, phi: -0.073051[0m
[0m[ INFO] [1746502529.673189576]: Error - x: 340.995148, y: -0.002770[0m
[0m[ INFO] [1746502529.673326249]: error_y: -0.002770[0m
[0m[ INFO] [1746502529.673459755]: integral_error_y: -0.009709[0m
[0m[ INFO] [1746502529.673651404]: w: 0.021798[0m
[0m[ INFO] [1746502529.673795214]: Publishing motor command - Left: 2841.620850, Right: 2841.631836[0m
[0m[ INFO] [1746502529.772777787]: Target - x: 420.000000, y: 0.000000, phi: 0.000000[0m
[0m[ INFO] [1746502529.772874844]: Current - x: 63.062553, y: 0.013094, phi: 0.120081[0m
[0m[ INFO] [1746502529.772943708]: Error - x: 356.937439, y: -0.013094[0m
[0m[ INFO] [1746502529.773061565]: error_y: -0.013094[0m
[0m[ INFO] [1746502529.773128990]: integral_error_y: -0.011019[0m
[0m[ INFO] [1746502529.773199102]: w: -0.040005[0m
[0m[ INFO] [1746502529.773912005]: Publishing motor command - Left: 2974.488525, Right: 2974.468506[0m
[0m[ INFO] [1746502529.873233845]: Target - x: 450.000000, y: 0.000000, phi: 0.000000[0m
[0m[ INFO] [1746502529.873553272]: Current - x: 79.128654, y: 0.019267, phi: 0.310219[0m
[0m[ INFO] [1746502529.873795194]: Error - x: 370.871338, y: -0.019267[0m
[0m[ INFO] [1746502529.874025244]: error_y: -0.019267[0m
[0m[ INFO] [1746502529.874315966]: integral_error_y: -0.012946[0m
[0m[ INFO] [1746502529.874540608]: w: -0.035997[0m
[0m[ INFO] [1746502529.874784291]: Publishing motor command - Left: 3090.603516, Right: 3090.585205[0m
[0m[ INFO] [1746502529.973155690]: Target - x: 480.000000, y: 0.000000, phi: 0.000000[0m
[0m[ INFO] [1746502529.973428653]: Current - x: 97.204254, y: 0.052900, phi: 0.283273[0m
[0m[ INFO] [1746502529.973609678]: Error - x: 382.795746, y: -0.052900[0m
[0m[ INFO] [1746502529.973764272]: error_y: -0.052900[0m
[0m[ INFO] [1746502529.973916337]: integral_error_y: -0.018236[0m
[0m[ INFO] [1746502529.974066610]: w: -0.138805[0m
[0m[ INFO] [1746502529.975396638]: Publishing motor command - Left: 3189.999023, Right: 3189.929932[0m
[0m[ INFO] [1746502530.078699506]: Target - x: 510.000000, y: 0.000000, phi: 0.000000[0m
[0m[ INFO] [1746502530.078794483]: Current - x: 115.881500, y: 0.166935, phi: 0.362474[0m
[0m[ INFO] [1746502530.078860211]: Error - x: 394.118500, y: -0.166935[0m
[0m[ INFO] [1746502530.078932980]: error_y: -0.166935[0m
[0m[ INFO] [1746502530.078967636]: integral_error_y: -0.034929[0m
[0m[ INFO] [1746502530.078997844]: w: -0.455516[0m
[0m[ INFO] [1746502530.079034197]: Publishing motor command - Left: 3284.434326, Right: 3284.207764[0m
[0m[ INFO] [1746502530.172992309]: Target - x: 540.000000, y: 0.000000, phi: 0.000000[0m
[0m[ INFO] [1746502530.173087062]: Current - x: 135.963974, y: 0.298499, phi: 0.546624[0m
[0m[ INFO] [1746502530.173179223]: Error - x: 404.036011, y: -0.298499[0m
[0m[ INFO] [1746502530.173239479]: error_y: -0.298499[0m
[0m[ INFO] [1746502530.173273240]: integral_error_y: -0.064779[0m
[0m[ INFO] [1746502530.173302360]: w: -0.633885[0m
[0m[ INFO] [1746502530.173338200]: Publishing motor command - Left: 3367.124756, Right: 3366.808838[0m
[0m[ INFO] [1746502530.272384966]: Target - x: 570.000000, y: 0.000000, phi: 0.000000[0m
[0m[ INFO] [1746502530.272472327]: Current - x: 157.652939, y: 0.470116, phi: 0.728379[0m
[0m[ INFO] [1746502530.272511815]: Error - x: 412.347046, y: -0.470116[0m
[0m[ INFO] [1746502530.272544999]: error_y: -0.470116[0m
[0m[ INFO] [1746502530.272618472]: integral_error_y: -0.111791[0m
[0m[ INFO] [1746502530.272676201]: w: -0.910337[0m
[0m[ INFO] [1746502530.272735177]: Publishing motor command - Left: 3436.451904, Right: 3435.998779[0m
[0m[ INFO] [1746502530.378646484]: Target - x: 600.000000, y: 0.000000, phi: 0.000000[0m
[0m[ INFO] [1746502530.379773758]: Current - x: 180.144531, y: 0.720144, phi: 0.908936[0m
[0m[ INFO] [1746502530.379815614]: Error - x: 419.855469, y: -0.720144[0m
[0m[ INFO] [1746502530.379850014]: error_y: -0.720144[0m
[0m[ INFO] [1746502530.379929535]: integral_error_y: -0.183805[0m
[0m[ INFO] [1746502530.380003424]: w: -1.363595[0m
[0m[ INFO] [1746502530.380185729]: Publishing motor command - Left: 3499.134766, Right: 3498.456299[0m
[0m[ INFO] [1746502530.474479333]: Target - x: 630.000000, y: 0.000000, phi: 0.000000[0m
[0m[ INFO] [1746502530.474577158]: Current - x: 204.040085, y: 1.083483, phi: 1.194442[0m
[0m[ INFO] [1746502530.474645414]: Error - x: 425.959900, y: -1.083483[0m
[0m[ INFO] [1746502530.474728551]: error_y: -1.083483[0m
[0m[ INFO] [1746502530.474781704]: integral_error_y: -0.292153[0m
[0m[ INFO] [1746502530.474811944]: w: -2.021045[0m
[0m[ INFO] [1746502530.474844520]: Publishing motor command - Left: 3550.168701, Right: 3549.162842[0m
[0m[ INFO] [1746502530.574663069]: Target - x: 660.000000, y: 0.000000, phi: 0.000000[0m
[0m[ INFO] [1746502530.574758429]: Current - x: 229.141174, y: 1.496972, phi: 1.264063[0m
[0m[ INFO] [1746502530.574820094]: Error - x: 430.858826, y: -1.496972[0m
[0m[ INFO] [1746502530.574888479]: error_y: -1.496972[0m
[0m[ INFO] [1746502530.574957535]: integral_error_y: -0.441850[0m
[0m[ INFO] [1746502530.575002656]: w: -2.574881[0m
[0m[ INFO] [1746502530.575047072]: Publishing motor command - Left: 3591.130859, Right: 3589.849609[0m
[0m[ INFO] [1746502530.672515552]: Target - x: 690.000000, y: 0.000000, phi: 0.000000[0m
[0m[ INFO] [1746502530.672632289]: Current - x: 254.843323, y: 2.024262, phi: 1.225741[0m
[0m[ INFO] [1746502530.672722818]: Error - x: 435.156677, y: -2.024262[0m
[0m[ INFO] [1746502530.672770882]: error_y: -2.024262[0m
[0m[ INFO] [1746502530.672803682]: integral_error_y: -0.644277[0m
[0m[ INFO] [1746502530.673697066]: w: -3.406915[0m
[0m[ INFO] [1746502530.673763083]: Publishing motor command - Left: 3627.153320, Right: 3625.458008[0m
[0m[ INFO] [1746502530.774482311]: Target - x: 720.000000, y: 0.000000, phi: 0.000000[0m
[0m[ INFO] [1746502530.774605224]: Current - x: 281.547668, y: 2.629185, phi: 1.292967[0m
[0m[ INFO] [1746502530.774709865]: Error - x: 438.452332, y: -2.629185[0m
[0m[ INFO] [1746502530.774816234]: error_y: -2.629185[0m
[0m[ INFO] [1746502530.774868075]: integral_error_y: -0.907195[0m
[0m[ INFO] [1746502530.774936459]: w: -4.232213[0m
[0m[ INFO] [1746502530.774994444]: Publishing motor command - Left: 3654.822510, Right: 3652.716553[0m
[0m[ INFO] [1746502530.876271885]: Target - x: 750.000000, y: 0.000000, phi: 0.000000[0m
[0m[ INFO] [1746502530.876359246]: Current - x: 309.053314, y: 3.284980, phi: 1.573084[0m
[0m[ INFO] [1746502530.876396046]: Error - x: 440.946686, y: -3.284980[0m
[0m[ INFO] [1746502530.876504751]: error_y: -3.284980[0m
[0m[ INFO] [1746502530.876569872]: integral_error_y: -1.235693[0m
[0m[ INFO] [1746502530.876708657]: w: -5.048037[0m
[0m[ INFO] [1746502530.876803602]: Publishing motor command - Left: 3675.811768, Right: 3673.299561[0m
[0m[ INFO] [1746502530.978496535]: Target - x: 780.000000, y: 0.000000, phi: 0.000000[0m
[0m[ INFO] [1746502530.978806650]: Current - x: 337.565613, y: 3.917930, phi: 1.530570[0m
[0m[ INFO] [1746502530.978908923]: Error - x: 442.434387, y: -3.917930[0m
[0m[ INFO] [1746502530.978955163]: error_y: -3.917930[0m
[0m[ INFO] [1746502530.979072444]: integral_error_y: -1.627486[0m
[0m[ INFO] [1746502530.979116317]: w: -5.663053[0m
[0m[ INFO] [1746502530.979400511]: Publishing motor command - Left: 3688.362305, Right: 3685.543945[0m
[0m[ INFO] [1746502531.076791262]: Target - x: 810.000000, y: 0.000000, phi: 0.000000[0m
[0m[ INFO] [1746502531.078306604]: Current - x: 366.672760, y: 4.787884, phi: 1.808293[0m
[0m[ INFO] [1746502531.078514157]: Error - x: 443.327240, y: -4.787884[0m
[0m[ INFO] [1746502531.078690063]: error_y: -4.787884[0m
[0m[ INFO] [1746502531.078750191]: integral_error_y: -2.106275[0m
[0m[ INFO] [1746502531.081569032]: w: -7.173397[0m
[0m[ INFO] [1746502531.081694282]: Publishing motor command - Left: 3696.178711, Right: 3692.608398[0m
[0m[ INFO] [1746502531.176658323]: Target - x: 840.000000, y: 0.000000, phi: 0.000000[0m
[0m[ INFO] [1746502531.176745204]: Current - x: 396.184784, y: 5.592686, phi: 1.871326[0m
[0m[ INFO] [1746502531.176790804]: Error - x: 443.815216, y: -5.592686[0m
[0m[ INFO] [1746502531.176825013]: error_y: -5.592686[0m
[0m[ INFO] [1746502531.176854037]: integral_error_y: -2.665543[0m
[0m[ INFO] [1746502531.176906229]: w: -7.871245[0m
[0m[ INFO] [1746502531.176972246]: Publishing motor command - Left: 3700.418945, Right: 3696.501709[0m
[0m[ INFO] [1746502531.273281067]: Target - x: 870.000000, y: 0.000000, phi: 0.000000[0m
[0m[ INFO] [1746502531.273393804]: Current - x: 426.896973, y: 6.578734, phi: 1.932564[0m
[0m[ INFO] [1746502531.273452621]: Error - x: 443.103027, y: -6.578734[0m
[0m[ INFO] [1746502531.273570606]: error_y: -6.578734[0m
[0m[ INFO] [1746502531.273671759]: integral_error_y: -3.323416[0m
[0m[ INFO] [1746502531.273844272]: w: -9.376196[0m
[0m[ INFO] [1746502531.273960881]: Publishing motor command - Left: 3694.858643, Right: 3690.192139[0m
[0m[ INFO] [1746502531.375201458]: Target - x: 900.000000, y: 0.000000, phi: 0.000000[0m
[0m[ INFO] [1746502531.375456885]: Current - x: 457.807251, y: 7.634010, phi: 2.100547[0m
[0m[ INFO] [1746502531.376064442]: Error - x: 442.192749, y: -7.634010[0m
[0m[ INFO] [1746502531.376164379]: error_y: -7.634010[0m
[0m[ INFO] [1746502531.376247900]: integral_error_y: -4.086818[0m
[0m[ INFO] [1746502531.376328572]: w: -10.680883[0m
[0m[ INFO] [1746502531.376407517]: Publishing motor command - Left: 3687.597412, Right: 3682.281494[0m
[0m[ INFO] [1746502531.476402547]: Target - x: 930.000000, y: 0.000000, phi: 0.000000[0m
[0m[ INFO] [1746502531.476525876]: Current - x: 489.120941, y: 8.677833, phi: 2.053842[0m
[0m[ INFO] [1746502531.476586997]: Error - x: 440.879059, y: -8.677833[0m
[0m[ INFO] [1746502531.476660885]: error_y: -8.677833[0m
[0m[ INFO] [1746502531.476714134]: integral_error_y: -4.954601[0m
[0m[ INFO] [1746502531.476763382]: w: -11.782848[0m
[0m[ INFO] [1746502531.476830103]: Publishing motor command - Left: 3676.924072, Right: 3671.060303[0m
[0m[ INFO] [1746502531.579314915]: Target - x: 960.000000, y: 0.000000, phi: 0.000000[0m
[0m[ INFO] [1746502531.579437860]: Current - x: 520.630493, y: 9.850070, phi: 2.113882[0m
[0m[ INFO] [1746502531.579519653]: Error - x: 439.369507, y: -9.850070[0m
[0m[ INFO] [1746502531.579571333]: error_y: -9.850070[0m
[0m[ INFO] [1746502531.579606246]: integral_error_y: -5.939608[0m
[0m[ INFO] [1746502531.579659558]: w: -13.374624[0m
[0m[ INFO] [1746502531.579699846]: Publishing motor command - Left: 3664.740479, Right: 3658.084229[0m
[0m[ INFO] [1746502531.678049070]: Target - x: 990.000000, y: 0.000000, phi: 0.000000[0m
[0m[ INFO] [1746502531.678495314]: Current - x: 552.943909, y: 11.025496, phi: 2.172724[0m
[0m[ INFO] [1746502531.678672275]: Error - x: 437.056091, y: -11.025496[0m
[0m[ INFO] [1746502531.678820405]: error_y: -11.025496[0m
[0m[ INFO] [1746502531.678883733]: integral_error_y: -7.042157[0m
[0m[ INFO] [1746502531.678961526]: w: -14.668276[0m
[0m[ INFO] [1746502531.679024726]: Publishing motor command - Left: 3645.784180, Right: 3638.484131[0m
[0m[ INFO] [1746502531.772548915]: Target - x: 1020.000000, y: 0.000000, phi: 0.000000[0m
[0m[ INFO] [1746502531.772652852]: Current - x: 585.255981, y: 12.234781, phi: 2.231567[0m
[0m[ INFO] [1746502531.772690516]: Error - x: 434.744019, y: -12.234781[0m
[0m[ INFO] [1746502531.772731317]: error_y: -12.234781[0m
[0m[ INFO] [1746502531.772773397]: integral_error_y: -8.265635[0m
[0m[ INFO] [1746502531.772802901]: w: -16.084558[0m
[0m[ INFO] [1746502531.772835606]: Publishing motor command - Left: 3626.869385, Right: 3618.864258[0m
[0m[ INFO] [1746502531.877453173]: Target - x: 1020.000000, y: 0.000000, phi: 0.000000[0m
[0m[ INFO] [1746502531.877990745]: Current - x: 617.566833, y: 13.477250, phi: 2.290409[0m
[0m[ INFO] [1746502531.878193403]: Error - x: 402.433167, y: -13.477250[0m
[0m[ INFO] [1746502531.878256700]: error_y: -13.477250[0m
[0m[ INFO] [1746502531.878494654]: integral_error_y: -9.613360[0m
[0m[ INFO] [1746502531.878550462]: w: -17.544758[0m
[0m[ INFO] [1746502531.878605791]: Publishing motor command - Left: 3357.975586, Right: 3349.243896[0m
[0m[ INFO] [1746502531.972617568]: Target - x: 1020.000000, y: 0.000000, phi: 0.000000[0m
[0m[ INFO] [1746502531.972708673]: Current - x: 650.473022, y: 14.868570, phi: 2.669487[0m
[0m[ INFO] [1746502531.972744673]: Error - x: 369.526978, y: -14.868570[0m
[0m[ INFO] [1746502531.972816034]: Publishing motor command - Left: 205.927490, Right: -205.927490[0m
[0m[ INFO] [1746502532.072687735]: Target - x: 1020.000000, y: 0.000000, phi: 0.000000[0m
[0m[ INFO] [1746502532.072819000]: Current - x: 683.583984, y: 16.209576, phi: 2.727133[0m
[0m[ INFO] [1746502532.072860600]: Error - x: 336.416016, y: -16.209576[0m
[0m[ INFO] [1746502532.072908569]: Publishing motor command - Left: 44.303745, Right: -44.303745[0m
[0m[ INFO] [1746502532.173220881]: Target - x: 1020.000000, y: 0.000000, phi: 0.000000[0m
[0m[ INFO] [1746502532.173308690]: Current - x: 683.474182, y: 16.221016, phi: -14.506762[0m
[0m[ INFO] [1746502532.173369395]: Error - x: 336.525818, y: -16.221016[0m
[0m[ INFO] [1746502532.173445907]: Publishing motor command - Left: -1288.725952, Right: 1288.725952[0m
[0m[ INFO] [1746502532.279817346]: Target - x: 1020.000000, y: 0.000000, phi: 0.000000[0m
[0m[ INFO] [1746502532.280121349]: Current - x: 712.160461, y: 17.603559, phi: -14.442530[0m
[0m[ INFO] [1746502532.280193573]: Error - x: 307.839539, y: -17.603559[0m
[0m[ INFO] [1746502532.280272006]: Publishing motor command - Left: -211.639099, Right: 211.639099[0m
[0m[ INFO] [1746502532.372708281]: Target - x: 1020.000000, y: 0.000000, phi: 0.000000[0m
[0m[ INFO] [1746502532.372810714]: Current - x: 713.494751, y: 17.382118, phi: -4.275379[0m
[0m[ INFO] [1746502532.372852314]: Error - x: 306.505249, y: -17.382118[0m
[0m[ INFO] [1746502532.372922171]: Publishing motor command - Left: 568.671326, Right: -568.671326[0m
[0m[ INFO] [1746502532.472473933]: Target - x: 1020.000000, y: 0.000000, phi: 0.000000[0m
[0m[ INFO] [1746502532.472605294]: Current - x: 725.033203, y: 14.762296, phi: -0.974659[0m
[0m[ INFO] [1746502532.472649710]: Error - x: 294.966797, y: -14.762296[0m
[0m[ INFO] [1746502532.472694831]: Publishing motor command - Left: 190.787796, Right: -190.787796[0m
[0m[ INFO] [1746502532.572854854]: Target - x: 1020.000000, y: 0.000000, phi: 0.000000[0m
[0m[ INFO] [1746502532.572966663]: Current - x: 732.237183, y: 14.466159, phi: 2.868172[0m
[0m[ INFO] [1746502532.573013768]: Error - x: 287.762817, y: -14.466159[0m
[0m[ INFO] [1746502532.573061928]: Publishing motor command - Left: 281.888397, Right: -281.888397[0m
[0m[ INFO] [1746502532.675476692]: Target - x: 1020.000000, y: 0.000000, phi: 0.000000[0m
[0m[ INFO] [1746502532.675572180]: Current - x: 736.644409, y: 14.473274, phi: 5.002480[0m
[0m[ INFO] [1746502532.675651605]: Error - x: 283.355591, y: -14.473274[0m
[0m[ INFO] [1746502532.675729782]: Publishing motor command - Left: 207.466446, Right: -207.466446[0m
[0m[ INFO] [1746502532.777602013]: Target - x: 1020.000000, y: 0.000000, phi: 0.000000[0m
[0m[ INFO] [1746502532.777693341]: Current - x: 740.856018, y: 14.687992, phi: 5.103237[0m
[0m[ INFO] [1746502532.777735038]: Error - x: 279.143982, y: -14.687992[0m
[0m[ INFO] [1746502532.777820926]: Publishing motor command - Left: 82.462334, Right: -82.462334[0m
[0m[ INFO] [1746502532.872987722]: Target - x: 1020.000000, y: 0.000000, phi: 0.000000[0m
[0m[ INFO] [1746502532.873176459]: Current - x: 745.654053, y: 15.125740, phi: 5.524230[0m
[0m[ INFO] [1746502532.873282604]: Error - x: 274.345947, y: -15.125740[0m
[0m[ INFO] [1746502532.873405101]: Publishing motor command - Left: 108.670097, Right: -108.670097[0m
[0m[ INFO] [1746502532.973695462]: Target - x: 1020.000000, y: 0.000000, phi: 0.000000[0m
[0m[ INFO] [1746502532.973804007]: Current - x: 753.248474, y: 15.846128, phi: 6.155121[0m
[0m[ INFO] [1746502532.973854407]: Error - x: 266.751526, y: -15.846128[0m
[0m[ INFO] [1746502532.973904744]: Publishing motor command - Left: 131.147537, Right: -131.147537[0m
[0m[ INFO] [1746502533.074995784]: Target - x: 1020.000000, y: 0.000000, phi: 0.000000[0m
[0m[ INFO] [1746502533.075173993]: Current - x: 763.241089, y: 16.830095, phi: 6.354241[0m
[0m[ INFO] [1746502533.075444011]: Error - x: 256.758911, y: -16.830095[0m
[0m[ INFO] [1746502533.075547116]: Publishing motor command - Left: 107.259712, Right: -107.259712[0m
[0m[ INFO] [1746502533.178870464]: Target - x: 1020.000000, y: 0.000000, phi: 0.000000[0m
[0m[ INFO] [1746502533.178952801]: Current - x: 773.825989, y: 17.960117, phi: 6.231328[0m
[0m[ INFO] [1746502533.179026369]: Error - x: 246.174011, y: -17.960117[0m
[0m[ INFO] [1746502533.179103458]: Publishing motor command - Left: 85.390747, Right: -85.390747[0m
[0m[ INFO] [1746502533.276632002]: Target - x: 1020.000000, y: 0.000000, phi: 0.000000[0m
[0m[ INFO] [1746502533.276774307]: Current - x: 783.410339, y: 19.008081, phi: 6.002868[0m
[0m[ INFO] [1746502533.276903588]: Error - x: 236.589661, y: -19.008081[0m
[0m[ INFO] [1746502533.276966693]: Publishing motor command - Left: 75.413498, Right: -75.413498[0m
[0m[ INFO] [1746502533.373211930]: Target - x: 1020.000000, y: 0.000000, phi: 0.000000[0m
[0m[ INFO] [1746502533.373325883]: Current - x: 791.999817, y: 19.920624, phi: 5.668860[0m
[0m[ INFO] [1746502533.373382363]: Error - x: 228.000183, y: -19.920624[0m
[0m[ INFO] [1746502533.373456892]: Publishing motor command - Left: 63.860409, Right: -63.860409[0m
[0m[ INFO] [1746502533.473771893]: Target - x: 1020.000000, y: 0.000000, phi: 0.000000[0m
[0m[ INFO] [1746502533.473894006]: Current - x: 800.190613, y: 20.773298, phi: 5.549541[0m
[0m[ INFO] [1746502533.473963190]: Error - x: 219.809387, y: -20.773298[0m
[0m[ INFO] [1746502533.474043575]: Publishing motor command - Left: 75.434761, Right: -75.434761[0m
[0m[ INFO] [1746502533.573076965]: Target - x: 1020.000000, y: 0.000000, phi: 0.000000[0m
[0m[ INFO] [1746502533.573255142]: Current - x: 807.986389, y: 21.538992, phi: 5.430820[0m
[0m[ INFO] [1746502533.573407271]: Error - x: 212.013611, y: -21.538992[0m
[0m[ INFO] [1746502533.573472840]: Publishing motor command - Left: 73.699455, Right: -73.699455[0m
[0m[ INFO] [1746502533.676341847]: Target - x: 1020.000000, y: 0.000000, phi: 0.000000[0m
[0m[ INFO] [1746502533.676468313]: Current - x: 815.783813, y: 22.288446, phi: 5.312099[0m
[0m[ INFO] [1746502533.676603802]: Error - x: 204.216187, y: -22.288446[0m
[0m[ INFO] [1746502533.676783291]: Publishing motor command - Left: 71.926872, Right: -71.926872[0m
[0m[ INFO] [1746502533.779251207]: Target - x: 1020.000000, y: 0.000000, phi: 0.000000[0m
[0m[ INFO] [1746502533.779805516]: Current - x: 823.182800, y: 22.984180, phi: 5.193976[0m
[0m[ INFO] [1746502533.779895597]: Error - x: 196.817200, y: -22.984180[0m
[0m[ INFO] [1746502533.779936557]: Publishing motor command - Left: 70.200508, Right: -70.200508[0m
[0m[ INFO] [1746502533.879144220]: Target - x: 1020.000000, y: 0.000000, phi: 0.000000[0m
[0m[ INFO] [1746502533.879439903]: Current - x: 829.984436, y: 23.603168, phi: 4.969707[0m
[0m[ INFO] [1746502533.879647521]: Error - x: 190.015564, y: -23.603168[0m
[0m[ INFO] [1746502533.879724769]: Publishing motor command - Left: 60.248581, Right: -60.248581[0m
[0m[ INFO] [1746502533.975683540]: Target - x: 1020.000000, y: 0.000000, phi: 0.000000[0m
[0m[ INFO] [1746502533.975850645]: Current - x: 836.787231, y: 24.208134, phi: 4.745439[0m
[0m[ INFO] [1746502533.975972310]: Error - x: 183.212769, y: -24.208134[0m
[0m[ INFO] [1746502533.976070647]: Publishing motor command - Left: 56.900162, Right: -56.900162[0m
[0m[ INFO] [1746502534.077412249]: Target - x: 1020.000000, y: 0.000000, phi: 0.000000[0m
[0m[ INFO] [1746502534.077694715]: Current - x: 843.192200, y: 24.752485, phi: 4.521769[0m
[0m[ INFO] [1746502534.077738972]: Error - x: 176.807800, y: -24.752485[0m
[0m[ INFO] [1746502534.077781212]: Publishing motor command - Left: 53.597874, Right: -53.597874[0m
[0m[ INFO] [1746502534.172526980]: Target - x: 1020.000000, y: 0.000000, phi: 0.000000[0m
[0m[ INFO] [1746502534.172649061]: Current - x: 849.196777, y: 25.250475, phi: 4.512787[0m
[0m[ INFO] [1746502534.172689477]: Error - x: 170.803223, y: -25.250475[0m
[0m[ INFO] [1746502534.172743429]: Publishing motor command - Left: 66.819672, Right: -66.819672[0m
[0m[ INFO] [1746502534.272826076]: Target - x: 1020.000000, y: 0.000000, phi: 0.000000[0m
[0m[ INFO] [1746502534.272914845]: Current - x: 854.804749, y: 25.683023, phi: 4.290315[0m
[0m[ INFO] [1746502534.272952253]: Error - x: 165.195251, y: -25.683023[0m
[0m[ INFO] [1746502534.273040606]: Publishing motor command - Left: 50.216618, Right: -50.216618[0m
[0m[ INFO] [1746502534.372670769]: Target - x: 1020.000000, y: 0.000000, phi: 0.000000[0m
[0m[ INFO] [1746502534.372761362]: Current - x: 860.410889, y: 26.125082, phi: 4.281932[0m
[0m[ INFO] [1746502534.372841490]: Error - x: 159.589111, y: -26.125082[0m
[0m[ INFO] [1746502534.372901619]: Publishing motor command - Left: 63.410130, Right: -63.410130[0m
[0m[ INFO] [1746502534.478549531]: Target - x: 1020.000000, y: 0.000000, phi: 0.000000[0m
[0m[ INFO] [1746502534.478832541]: Current - x: 865.420593, y: 26.486465, phi: 3.953313[0m
[0m[ INFO] [1746502534.478894110]: Error - x: 154.579407, y: -26.486465[0m
[0m[ INFO] [1746502534.478967198]: Publishing motor command - Left: 38.581562, Right: -38.581562[0m
[0m[ INFO] [1746502534.572940607]: Target - x: 1020.000000, y: 0.000000, phi: 0.000000[0m
[0m[ INFO] [1746502534.573054400]: Current - x: 870.229126, y: 26.837158, phi: 3.732038[0m
[0m[ INFO] [1746502534.573115969]: Error - x: 149.770874, y: -26.837158[0m
[0m[ INFO] [1746502534.573184449]: Publishing motor command - Left: 41.955753, Right: -41.955753[0m
[0m[ INFO] [1746502534.676913720]: Target - x: 1020.000000, y: 0.000000, phi: 0.000000[0m
[0m[ INFO] [1746502534.677238683]: Current - x: 875.239075, y: 27.178356, phi: 3.617509[0m
[0m[ INFO] [1746502534.677335836]: Error - x: 144.760925, y: -27.178356[0m
[0m[ INFO] [1746502534.677420637]: Publishing motor command - Left: 46.886475, Right: -46.886475[0m
[0m[ INFO] [1746502534.773002379]: Target - x: 1020.000000, y: 0.000000, phi: 0.000000[0m
[0m[ INFO] [1746502534.773153997]: Current - x: 880.050720, y: 27.482885, phi: 3.396234[0m
[0m[ INFO] [1746502534.773218189]: Error - x: 139.949280, y: -27.482885[0m
[0m[ INFO] [1746502534.773271726]: Publishing motor command - Left: 36.942013, Right: -36.942013[0m
[0m[ INFO] [1746502534.872538717]: Target - x: 1020.000000, y: 0.000000, phi: 0.000000[0m
[0m[ INFO] [1746502534.872651966]: Current - x: 884.661682, y: 27.769794, phi: 3.282303[0m
[0m[ INFO] [1746502534.872734335]: Error - x: 135.338318, y: -27.769794[0m
[0m[ INFO] [1746502534.872776447]: Publishing motor command - Left: 41.918911, Right: -41.918911[0m
[0m[ INFO] [1746502534.973231001]: Target - x: 1020.000000, y: 0.000000, phi: 0.000000[0m
[0m[ INFO] [1746502534.973341562]: Current - x: 888.872742, y: 28.015520, phi: 3.168971[0m
[0m[ INFO] [1746502534.973391931]: Error - x: 131.127258, y: -28.015520[0m
[0m[ INFO] [1746502534.973459355]: Publishing motor command - Left: 40.264061, Right: -40.264061[0m
[0m[ INFO] [1746502535.073351888]: Target - x: 1020.000000, y: 0.000000, phi: 0.000000[0m
[0m[ INFO] [1746502535.073466769]: Current - x: 892.683228, y: 28.230289, phi: 3.056238[0m
[0m[ INFO] [1746502535.073567698]: Error - x: 127.316772, y: -28.230289[0m
[0m[ INFO] [1746502535.073659763]: Publishing motor command - Left: 38.618137, Right: -38.618137[0m
[0m[ INFO] [1746502535.173848715]: Target - x: 1020.000000, y: 0.000000, phi: 0.000000[0m
[0m[ INFO] [1746502535.174451504]: Current - x: 896.494141, y: 28.437521, phi: 2.943505[0m
[0m[ INFO] [1746502535.176639491]: Error - x: 123.505859, y: -28.437521[0m
[0m[ INFO] [1746502535.176759364]: Publishing motor command - Left: 36.934971, Right: -36.934971[0m
[0m[ INFO] [1746502535.276582265]: Target - x: 1020.000000, y: 0.000000, phi: 0.000000[0m
[0m[ INFO] [1746502535.276865499]: Current - x: 900.105591, y: 28.623409, phi: 2.724027[0m
[0m[ INFO] [1746502535.277063357]: Error - x: 119.894409, y: -28.623409[0m
[0m[ INFO] [1746502535.277215326]: Publishing motor command - Left: 27.017344, Right: -27.017344[0m
[0m[ INFO] [1746502535.373161776]: Target - x: 1020.000000, y: 0.000000, phi: 0.000000[0m
[0m[ INFO] [1746502535.373315410]: Current - x: 903.314819, y: 28.788290, phi: 2.719236[0m
[0m[ INFO] [1746502535.373433651]: Error - x: 116.685181, y: -28.788290[0m
[0m[ INFO] [1746502535.373497747]: Publishing motor command - Left: 40.301704, Right: -40.301704[0m
[0m[ INFO] [1746502535.474744692]: Target - x: 1020.000000, y: 0.000000, phi: 0.000000[0m
[0m[ INFO] [1746502535.475111096]: Current - x: 906.725952, y: 28.947243, phi: 2.607102[0m
[0m[ INFO] [1746502535.475339034]: Error - x: 113.274048, y: -28.947243[0m
[0m[ INFO] [1746502535.475689021]: Publishing motor command - Left: 31.949526, Right: -31.949526[0m
[0m[ INFO] [1746502535.577110399]: Target - x: 1020.000000, y: 0.000000, phi: 0.000000[0m
[0m[ INFO] [1746502535.577246048]: Current - x: 909.735840, y: 29.087263, phi: 2.495566[0m
[0m[ INFO] [1746502535.577285729]: Error - x: 110.264160, y: -29.087263[0m
[0m[ INFO] [1746502535.577366273]: Publishing motor command - Left: 30.321495, Right: -30.321495[0m
[0m[ INFO] [1746502535.675974827]: Target - x: 1020.000000, y: 0.000000, phi: 0.000000[0m
[0m[ INFO] [1746502535.676137868]: Current - x: 912.546082, y: 29.209860, phi: 2.277286[0m
[0m[ INFO] [1746502535.676220173]: Error - x: 107.453918, y: -29.209860[0m
[0m[ INFO] [1746502535.676282958]: Publishing motor command - Left: 20.421751, Right: -20.421751[0m
[0m[ INFO] [1746502535.779139901]: Target - x: 1020.000000, y: 0.000000, phi: 0.000000[0m
[0m[ INFO] [1746502535.779981636]: Current - x: 915.355164, y: 29.332188, phi: 2.273094[0m
[0m[ INFO] [1746502535.780103430]: Error - x: 104.644836, y: -29.332188[0m
[0m[ INFO] [1746502535.780182150]: Publishing motor command - Left: 33.677792, Right: -33.677792[0m
[0m[ INFO] [1746502535.873950821]: Target - x: 1020.000000, y: 0.000000, phi: 0.000000[0m
[0m[ INFO] [1746502535.874182791]: Current - x: 918.166077, y: 29.438606, phi: 2.054813[0m
[0m[ INFO] [1746502535.874291016]: Error - x: 101.833923, y: -29.438606[0m
[0m[ INFO] [1746502535.874384617]: Publishing motor command - Left: 17.100115, Right: -17.100115[0m
[0m[ INFO] [1746502535.975379880]: Target - x: 1020.000000, y: 0.000000, phi: 0.000000[0m
[0m[ INFO] [1746502535.975615018]: Current - x: 920.975586, y: 29.550024, phi: 2.050622[0m
[0m[ INFO] [1746502535.975724939]: Error - x: 99.024414, y: -29.550024[0m
[0m[ INFO] [1746502535.975789515]: Publishing motor command - Left: 30.356155, Right: -30.356155[0m
[0m[ INFO] [1746502536.079347361]: Target - x: 1020.000000, y: 0.000000, phi: 0.000000[0m
[0m[ INFO] [1746502536.079768900]: Current - x: 923.184082, y: 29.627132, phi: 1.940284[0m
[0m[ INFO] [1746502536.079841509]: Error - x: 96.815918, y: -29.627132[0m
[0m[ INFO] [1746502536.079888677]: Publishing motor command - Left: 22.105326, Right: -22.105326[0m
[0m[ INFO] [1746502536.173208736]: Target - x: 1020.000000, y: 0.000000, phi: 0.000000[0m
[0m[ INFO] [1746502536.173528675]: Current - x: 925.191223, y: 29.698946, phi: 1.937290[0m
[0m[ INFO] [1746502536.173697476]: Error - x: 94.808777, y: -29.698946[0m
[0m[ INFO] [1746502536.173796869]: Publishing motor command - Left: 28.738562, Right: -28.738562[0m
[0m[ INFO] [1746502536.273654458]: Target - x: 1020.000000, y: 0.000000, phi: 0.000000[0m
[0m[ INFO] [1746502536.274056125]: Current - x: 927.199707, y: 29.763178, phi: 1.720206[0m
[0m[ INFO] [1746502536.274451521]: Error - x: 92.800293, y: -29.763178[0m
[0m[ INFO] [1746502536.277218585]: Publishing motor command - Left: 12.178742, Right: -12.178742[0m
[0m[ INFO] [1746502536.373655184]: Target - x: 1020.000000, y: 0.000000, phi: 0.000000[0m
[0m[ INFO] [1746502536.373747824]: Current - x: 929.608398, y: 29.844578, phi: 1.716614[0m
[0m[ INFO] [1746502536.373787217]: Error - x: 90.391602, y: -29.844578[0m
[0m[ INFO] [1746502536.373891026]: Publishing motor command - Left: 25.406500, Right: -25.406500[0m
[0m[ INFO] [1746502536.480824517]: Target - x: 1020.000000, y: 0.000000, phi: 0.000000[0m
[0m[ INFO] [1746502536.481260649]: Current - x: 931.817261, y: 29.908787, phi: 1.606276[0m
[0m[ INFO] [1746502536.481422858]: Error - x: 88.182739, y: -29.908787[0m
[0m[ INFO] [1746502536.481562956]: Publishing motor command - Left: 17.118395, Right: -17.118395[0m
[0m[ INFO] [1746502536.573396793]: Target - x: 1020.000000, y: 0.000000, phi: 0.000000[0m
[0m[ INFO] [1746502536.573592123]: Current - x: 933.623413, y: 29.964561, phi: 1.710626[0m
[0m[ INFO] [1746502536.573710780]: Error - x: 86.376587, y: -29.964561[0m
[0m[ INFO] [1746502536.573775036]: Publishing motor command - Left: 32.032284, Right: -32.032284[0m
[0m[ INFO] [1746502536.673955124]: Target - x: 1020.000000, y: 0.000000, phi: 0.000000[0m
[0m[ INFO] [1746502536.674074549]: Current - x: 934.829163, y: 29.996099, phi: 1.494740[0m
[0m[ INFO] [1746502536.674254327]: Error - x: 85.170837, y: -29.996099[0m
[0m[ INFO] [1746502536.674373400]: Publishing motor command - Left: 8.886909, Right: -8.886909[0m
[0m[ INFO] [1746502536.779351130]: Target - x: 1020.000000, y: 0.000000, phi: 0.000000[0m
[0m[ INFO] [1746502536.779483227]: Current - x: 936.235046, y: 30.036745, phi: 1.385600[0m
[0m[ INFO] [1746502536.779557979]: Error - x: 83.764954, y: -30.036745[0m
[0m[ INFO] [1746502536.779641116]: Publishing motor command - Left: 13.898082, Right: -13.898082[0m
[0m[ INFO] [1746502536.879895924]: Target - x: 1020.000000, y: 0.000000, phi: 0.000000[0m
[0m[ INFO] [1746502536.880268280]: Current - x: 938.042603, y: 30.082180, phi: 1.275861[0m
[0m[ INFO] [1746502536.880437241]: Error - x: 81.957397, y: -30.082180[0m
[0m[ INFO] [1746502536.880544986]: Publishing motor command - Left: 12.222363, Right: -12.222363[0m
[0m[ INFO] [1746502536.979445990]: Target - x: 1020.000000, y: 0.000000, phi: 0.000000[0m
[0m[ INFO] [1746502536.979889450]: Current - x: 939.648804, y: 30.120998, phi: 1.273465[0m
[0m[ INFO] [1746502536.980070028]: Error - x: 80.351196, y: -30.120998[0m
[0m[ INFO] [1746502536.980235629]: Publishing motor command - Left: 18.864544, Right: -18.864544[0m
[0m[ INFO] [1746502537.080243139]: Target - x: 1020.000000, y: 0.000000, phi: 0.000000[0m
[0m[ INFO] [1746502537.080669287]: Current - x: 940.853577, y: 30.147812, phi: 1.271669[0m
[0m[ INFO] [1746502537.080860744]: Error - x: 79.146423, y: -30.147812[0m
[0m[ INFO] [1746502537.081017546]: Publishing motor command - Left: 18.874975, Right: -18.874975[0m
[0m[ INFO] [1746502537.175910834]: Target - x: 1020.000000, y: 0.000000, phi: 0.000000[0m
[0m[ INFO] [1746502537.176104212]: Current - x: 942.259705, y: 30.177729, phi: 1.162529[0m
[0m[ INFO] [1746502537.176198613]: Error - x: 77.740295, y: -30.177729[0m
[0m[ INFO] [1746502537.176281398]: Publishing motor command - Left: 10.567504, Right: -10.567504[0m
[0m[ INFO] [1746502537.276602254]: Target - x: 1020.000000, y: 0.000000, phi: 0.000000[0m
[0m[ INFO] [1746502537.276740016]: Current - x: 943.264221, y: 30.199078, phi: 1.053987[0m
[0m[ INFO] [1746502537.276820272]: Error - x: 76.735779, y: -30.199078[0m
[0m[ INFO] [1746502537.276862289]: Publishing motor command - Left: 8.984159, Right: -8.984159[0m
[0m[ INFO] [1746502537.379121403]: Target - x: 1020.000000, y: 0.000000, phi: 0.000000[0m
[0m[ INFO] [1746502537.379326204]: Current - x: 945.070862, y: 30.237383, phi: 1.158337[0m
[0m[ INFO] [1746502537.379440861]: Error - x: 74.929138, y: -30.237383[0m
[0m[ INFO] [1746502537.379508990]: Publishing motor command - Left: 23.786314, Right: -23.786314[0m
[0m[ INFO] [1746502537.473058299]: Target - x: 1020.000000, y: 0.000000, phi: 0.000000[0m
[0m[ INFO] [1746502537.473255900]: Current - x: 946.075439, y: 30.254913, phi: 1.049796[0m
[0m[ INFO] [1746502537.473349501]: Error - x: 73.924561, y: -30.254913[0m
[0m[ INFO] [1746502537.473430750]: Publishing motor command - Left: 8.921588, Right: -8.921588[0m
[0m[ INFO] [1746502537.627239760]: Target - x: 1020.000000, y: 0.000000, phi: 0.000000[0m
[0m[ INFO] [1746502537.627329425]: Current - x: 947.080017, y: 30.274275, phi: 0.941254[0m
[0m[ INFO] [1746502537.627443538]: Error - x: 72.919983, y: -30.274275[0m
[0m[ INFO] [1746502537.627502899]: Publishing motor command - Left: 7.300996, Right: -7.300996[0m
[0m[ INFO] [1746502537.673000038]: Target - x: 1020.000000, y: 0.000000, phi: 0.000000[0m
[0m[ INFO] [1746502537.673124007]: Current - x: 948.084656, y: 30.291731, phi: 0.832712[0m
[0m[ INFO] [1746502537.673196999]: Error - x: 71.915344, y: -30.291731[0m
[0m[ INFO] [1746502537.673258312]: Publishing motor command - Left: 5.680408, Right: -5.680408[0m
[0m[ INFO] [1746502537.773349343]: Target - x: 1020.000000, y: 0.000000, phi: 0.000000[0m
[0m[ INFO] [1746502537.773476768]: Current - x: 948.686523, y: 30.302177, phi: 0.938859[0m
[0m[ INFO] [1746502537.773574945]: Error - x: 71.313477, y: -30.302177[0m
[0m[ INFO] [1746502537.773653697]: Publishing motor command - Left: 20.621126, Right: -20.621126[0m
[0m[ INFO] [1746502537.879753773]: Target - x: 1020.000000, y: 0.000000, phi: 0.000000[0m
[0m[ INFO] [1746502537.880105392]: Current - x: 949.490906, y: 30.312357, phi: 0.723572[0m
[0m[ INFO] [1746502537.880349330]: Error - x: 70.509094, y: -30.312357[0m
[0m[ INFO] [1746502537.880517716]: Publishing motor command - Left: -2.589815, Right: 2.589815[0m
[0m[ INFO] [1746502537.979353183]: Target - x: 1020.000000, y: 0.000000, phi: 0.000000[0m
[0m[ INFO] [1746502537.979714339]: Current - x: 950.694641, y: 30.334314, phi: 0.935865[0m
[0m[ INFO] [1746502537.979902660]: Error - x: 69.305359, y: -30.334314[0m
[0m[ INFO] [1746502537.980060838]: Publishing motor command - Left: 27.179871, Right: -27.179871[0m
[0m[ INFO] [1746502538.079888986]: Target - x: 1020.000000, y: 0.000000, phi: 0.000000[0m
[0m[ INFO] [1746502538.080325374]: Current - x: 951.499084, y: 30.342962, phi: 0.720578[0m
[0m[ INFO] [1746502538.080523008]: Error - x: 68.500916, y: -30.342962[0m
[0m[ INFO] [1746502538.080656865]: Publishing motor command - Left: -2.634516, Right: 2.634516[0m
[0m[ INFO] [1746502538.179424300]: Target - x: 1020.000000, y: 0.000000, phi: 0.000000[0m
[0m[ INFO] [1746502538.179873232]: Current - x: 951.499084, y: 30.342962, phi: 0.720578[0m
[0m[ INFO] [1746502538.179978321]: Error - x: 68.500916, y: -30.342962[0m
[0m[ INFO] [1746502538.180440789]: Publishing motor command - Left: 10.758628, Right: -10.758628[0m
[0m[ INFO] [1746502538.279349569]: Target - x: 1020.000000, y: 0.000000, phi: 0.000000[0m
[0m[ INFO] [1746502538.279782085]: Current - x: 951.499084, y: 30.342962, phi: 0.720578[0m
[0m[ INFO] [1746502538.279876869]: Error - x: 68.500916, y: -30.342962[0m
[0m[ INFO] [1746502538.280004423]: Publishing motor command - Left: 10.758628, Right: -10.758628[0m
[0m[ INFO] [1746502538.381581194]: Target - x: 1020.000000, y: 0.000000, phi: 0.000000[0m
[0m[ INFO] [1746502538.382081327]: Current - x: 951.499084, y: 30.342962, phi: 0.720578[0m
[0m[ INFO] [1746502538.382417298]: Error - x: 68.500916, y: -30.342962[0m
[0m[ INFO] [1746502538.382596371]: Publishing motor command - Left: 10.758628, Right: -10.758628[0m
[0m[ INFO] [1746502538.480027634]: Target - x: 1020.000000, y: 0.000000, phi: 0.000000[0m
[0m[ INFO] [1746502538.480333685]: Current - x: 951.499084, y: 30.342962, phi: 0.720578[0m
[0m[ INFO] [1746502538.480515287]: Error - x: 68.500916, y: -30.342962[0m
[0m[ INFO] [1746502538.480613431]: Publishing motor command - Left: 10.758628, Right: -10.758628[0m
[0m[ INFO] [1746502538.581624310]: Target - x: 1020.000000, y: 0.000000, phi: 0.000000[0m
[0m[ INFO] [1746502538.581974105]: Current - x: 951.499084, y: 30.342962, phi: 0.720578[0m
[0m[ INFO] [1746502538.583959915]: Error - x: 68.500916, y: -30.342962[0m
[0m[ INFO] [1746502538.584086604]: Publishing motor command - Left: 10.758628, Right: -10.758628[0m
[0m[ INFO] [1746502538.680943910]: Target - x: 1020.000000, y: 0.000000, phi: 0.000000[0m
[0m[ INFO] [1746502538.681399146]: Current - x: 951.499084, y: 30.342962, phi: 0.720578[0m
[0m[ INFO] [1746502538.681558635]: Error - x: 68.500916, y: -30.342962[0m
[0m[ INFO] [1746502538.681673772]: Publishing motor command - Left: 10.758628, Right: -10.758628[0m
[0m[ INFO] [1746502538.772977813]: Target - x: 1020.000000, y: 0.000000, phi: 0.000000[0m
[0m[ INFO] [1746502538.773064918]: Current - x: 951.499084, y: 30.342962, phi: 0.720578[0m
[0m[ INFO] [1746502538.773111158]: Error - x: 68.500916, y: -30.342962[0m
[0m[ INFO] [1746502538.773156759]: Publishing motor command - Left: 10.758628, Right: -10.758628[0m
[0m[ INFO] [1746502538.878974208]: Target - x: 1020.000000, y: 0.000000, phi: 0.000000[0m
[0m[ INFO] [1746502538.879298339]: Current - x: 951.499084, y: 30.342962, phi: 0.720578[0m
[0m[ INFO] [1746502538.879391396]: Error - x: 68.500916, y: -30.342962[0m
[0m[ INFO] [1746502538.879623430]: Publishing motor command - Left: 10.758628, Right: -10.758628[0m
[0m[ INFO] [1746502538.981643437]: Target - x: 1020.000000, y: 0.000000, phi: 0.000000[0m
[0m[ INFO] [1746502538.982362292]: Current - x: 951.499084, y: 30.342962, phi: 0.720578[0m
[0m[ INFO] [1746502538.982537781]: Error - x: 68.500916, y: -30.342962[0m
[0m[ INFO] [1746502538.982635862]: Publishing motor command - Left: 10.758628, Right: -10.758628[0m
[0m[ INFO] [1746502539.078969035]: Target - x: 1020.000000, y: 0.000000, phi: 0.000000[0m
[0m[ INFO] [1746502539.079301582]: Current - x: 951.499084, y: 30.342962, phi: 0.720578[0m
[0m[ INFO] [1746502539.079690130]: Error - x: 68.500916, y: -30.342962[0m
[0m[ INFO] [1746502539.079794515]: Publishing motor command - Left: 10.758628, Right: -10.758628[0m
[0m[ INFO] [1746502539.173136462]: Target - x: 1020.000000, y: 0.000000, phi: 0.000000[0m
[0m[ INFO] [1746502539.173238670]: Current - x: 951.499084, y: 30.342962, phi: 0.720578[0m
[0m[ INFO] [1746502539.173277647]: Error - x: 68.500916, y: -30.342962[0m
[0m[ INFO] [1746502539.173319631]: Publishing motor command - Left: 10.758628, Right: -10.758628[0m
[0m[ INFO] [1746502539.272647327]: Target - x: 1020.000000, y: 0.000000, phi: 0.000000[0m
[0m[ INFO] [1746502539.272754720]: Current - x: 951.499084, y: 30.342962, phi: 0.720578[0m
[0m[ INFO] [1746502539.272822784]: Error - x: 68.500916, y: -30.342962[0m
[0m[ INFO] [1746502539.272889345]: Publishing motor command - Left: 10.758628, Right: -10.758628[0m
[0m[ INFO] [1746502539.373300442]: Target - x: 1020.000000, y: 0.000000, phi: 0.000000[0m
[0m[ INFO] [1746502539.373422972]: Current - x: 951.499084, y: 30.342962, phi: 0.720578[0m
[0m[ INFO] [1746502539.373487292]: Error - x: 68.500916, y: -30.342962[0m
[0m[ INFO] [1746502539.373575453]: Publishing motor command - Left: 10.758628, Right: -10.758628[0m
[0m[ INFO] [1746502539.479713033]: Target - x: 1020.000000, y: 0.000000, phi: 0.000000[0m
[0m[ INFO] [1746502539.480047852]: Current - x: 951.499084, y: 30.342962, phi: 0.720578[0m
[0m[ INFO] [1746502539.480217485]: Error - x: 68.500916, y: -30.342962[0m
[0m[ INFO] [1746502539.480323086]: Publishing motor command - Left: 10.758628, Right: -10.758628[0m
[0m[ INFO] [1746502539.573350982]: Target - x: 1020.000000, y: 0.000000, phi: 0.000000[0m
[0m[ INFO] [1746502539.573471015]: Current - x: 951.499084, y: 30.342962, phi: 0.720578[0m
[0m[ INFO] [1746502539.573577096]: Error - x: 68.500916, y: -30.342962[0m
[0m[ INFO] [1746502539.573737514]: Publishing motor command - Left: 10.758628, Right: -10.758628[0m
[0m[ INFO] [1746502539.679538771]: Target - x: 1020.000000, y: 0.000000, phi: 0.000000[0m
[0m[ INFO] [1746502539.680036887]: Current - x: 951.499084, y: 30.342962, phi: 0.720578[0m
[0m[ INFO][0m[ INFO] [1746502531.864916390]: Reached 5 meters, transitioning to TURNING state.[0m
[0m[ INFO] [1746502525.076355683]: [I2C FOR MOTORS] Now launching this node in namespace: /asc[0m
[0m[ INFO] [1746502525.120240936]: [I2C FOR MOTORS] publish motor duty cycle requests from command line with: rostopic pub --once /asc/set_motor_duty_cycle asclinic_pkg/LeftRightFloat32 "{left: 10.1, right: 10.1}"[0m
[0m[ INFO] [1746502525.120418025]: [I2C FOR MOTORS] Successfully opened named /dev/i2c-1, with file descriptor = 10[0m
[0m[ INFO] [1746502525.120538442]: [I2C FOR MOTORS] Actual acceleration limit = 0.0003125%/ms (after conversation to "internal units")[0m
[0m[ INFO] [1746502525.120601195]: [I2C FOR MOTORS] Actual deceleration limit = 0.0015625%/ms (after conversation to "internal units")[0m
[0m[ INFO] [1746502525.120663980]: [I2C FOR MOTORS] Now initialising SMC with I2C address 13[0m
[0m[ INFO] [1746502525.136043380]: [I2C FOR MOTORS] Now initialising SMC with I2C address 14[0m
[0m[ INFO] [1746502525.151188922]: [I2C FOR MOTORS] Node initialisation complete[0m
 [1746502539.680224089]: Error - x: 68.500916, y: -30.342962[0m
[0m[ INFO] [1746502539.682351308]: Publishing motor command - Left: 10.758628, Right: -10.758628[0m
[0m[ INFO] [1746502539.776752784]: Target - x: 1020.000000, y: 0.000000, phi: 0.000000[0m
[0m[ INFO] [1746502539.776919217]: Current - x: 951.499084, y: 30.342962, phi: 0.720578[0m
[0m[ INFO] [1746502539.776976402]: Error - x: 68.500916, y: -30.342962[0m
[0m[ INFO] [1746502539.777028690]: Publishing motor command - Left: 10.758628, Right: -10.758628[0m
[0m[ INFO] [1746502539.879831361]: Target - x: 1020.000000, y: 0.000000, phi: 0.000000[0m
[0m[ INFO] [1746502539.880170788]: Current - x: 951.499084, y: 30.342962, phi: 0.720578[0m
[0m[ INFO] [1746502539.880375430]: Error - x: 68.500916, y: -30.342962[0m
[0m[ INFO] [1746502539.880547463]: Publishing motor command - Left: 10.758628, Right: -10.758628[0m
[0m[ INFO] [1746502539.979273234]: Target - x: 1020.000000, y: 0.000000, phi: 0.000000[0m
[0m[ INFO] [1746502539.979790646]: Current - x: 951.499084, y: 30.342962, phi: 0.720578[0m
[0m[ INFO] [1746502539.979974200]: Error - x: 68.500916, y: -30.342962[0m
[0m[ INFO] [1746502539.980148121]: Publishing motor command - Left: 10.758628, Right: -10.758628[0m
[0m[ INFO] [1746502540.079809964]: Target - x: 1020.000000, y: 0.000000, phi: 0.000000[0m
[0m[ INFO] [1746502540.080302768]: Current - x: 951.499084, y: 30.342962, phi: 0.720578[0m
[0m[ INFO] [1746502540.080493074]: Error - x: 68.500916, y: -30.342962[0m
[0m[ INFO] [1746502540.080725332]: Publishing motor command - Left: 10.758628, Right: -10.758628[0m
[0m[ INFO] [1746502540.180674985]: Target - x: 1020.000000, y: 0.000000, phi: 0.000000[0m
[0m[ INFO] [1746502540.181064269]: Current - x: 951.499084, y: 30.342962, phi: 0.720578[0m
[0m[ INFO] [1746502540.181164814]: Error - x: 68.500916, y: -30.342962[0m
[0m[ INFO] [1746502540.181271119]: Publishing motor command - Left: 10.758628, Right: -10.758628[0m
[0m[ INFO] [1746502540.279095569]: Target - x: 1020.000000, y: 0.000000, phi: 0.000000[0m
[0m[ INFO] [1746502540.279847256]: Current - x: 951.499084, y: 30.342962, phi: 0.720578[0m
[0m[ INFO] [1746502540.280102138]: Error - x: 68.500916, y: -30.342962[0m
[0m[ INFO] [1746502540.280247259]: Publishing motor command - Left: 10.758628, Right: -10.758628[0m
[0m[ INFO] [1746502540.377608826]: Target - x: 1020.000000, y: 0.000000, phi: 0.000000[0m
[0m[ INFO] [1746502540.377756027]: Current - x: 951.499084, y: 30.342962, phi: 0.720578[0m
[0m[ INFO] [1746502540.377812283]: Error - x: 68.500916, y: -30.342962[0m
[0m[ INFO] [1746502540.377893564]: Publishing motor command - Left: 10.758628, Right: -10.758628[0m
[0m[ INFO] [1746502540.479515136]: Target - x: 1020.000000, y: 0.000000, phi: 0.000000[0m
[0m[ INFO] [1746502540.479883299]: Current - x: 951.499084, y: 30.342962, phi: 0.720578[0m
[0m[ INFO] [1746502540.480060133]: Error - x: 68.500916, y: -30.342962[0m
[0m[ INFO] [1746502540.480324327]: Publishing motor command - Left: 10.758628, Right: -10.758628[0m
[0m[ INFO] [1746502540.579703864]: Target - x: 1020.000000, y: 0.000000, phi: 0.000000[0m
[0m[ INFO] [1746502540.580184700]: Current - x: 951.499084, y: 30.342962, phi: 0.720578[0m
[0m[ INFO] [1746502540.580337821]: Error - x: 68.500916, y: -30.342962[0m
[0m[ INFO] [1746502540.580467230]: Publishing motor command - Left: 10.758628, Right: -10.758628[0m
[0m[ INFO] [1746502540.681062937]: Target - x: 1020.000000, y: 0.000000, phi: 0.000000[0m
[0m[ INFO] [1746502540.681479741]: Current - x: 951.499084, y: 30.342962, phi: 0.720578[0m
[0m[ INFO] [1746502540.681644222]: Error - x: 68.500916, y: -30.342962[0m
[0m[ INFO] [1746502540.681810208]: Publishing motor command - Left: 10.758628, Right: -10.758628[0m

[ARUCO DETECTOR] Camera properties upon initialisation:
CV_CAP_PROP_FRAME_HEIGHT : '480.0'
CV_CAP_PROP_FRAME_WIDTH :  '640.0'
CAP_PROP_FPS :             '30.0'
CAP_PROP_FOCUS :           '0.0'
CAP_PROP_AUTOFOCUS :       '1.0'
CAP_PROP_BRIGHTNESS :      '128.0'
CAP_PROP_CONTRAST :        '128.0'
CAP_PROP_SATURATION :      '128.0'
CAP_PROP_BUFFERSIZE :      '4.0'

[ARUCO DETECTOR] Camera properties upon initialisation:
CV_CAP_PROP_FRAME_HEIGHT : '1080.0'
CV_CAP_PROP_FRAME_WIDTH :  '1920.0'
CAP_PROP_FPS :             '5.0'
CAP_PROP_FOCUS :           '0.0'
CAP_PROP_AUTOFOCUS :       '0.0'
CAP_PROP_BRIGHTNESS :      '128.0'
CAP_PROP_CONTRAST :        '128.0'
CAP_PROP_SATURATION :      '128.0'
CAP_PROP_BUFFERSIZE :      '1.0'
[INFO] [1746502531.743045]: [ARUCO DETECTOR] As a double check of the camera properties set, a frame captured just now has dimensions = (1080, 1920, 3)
[INFO] [1746502531.748090]: [ARUCO DETECTOR] publish request from command line to save a single camera image using: rostopic pub --once /asc/request_save_image std_msgs/UInt32 1
[INFO] [1746502531.752024]: [ARUCO DETECTOR] Node initialisation complete
... logging to /home/asc/.ros/log/e3d3d45a-2a2a-11f0-b317-d8c0a650f677/roslaunch-asc12-jetson-15283.log
Checking log directory for disk usage. This may take a while.
Press Ctrl-C to interrupt
Done checking log file disk usage. Usage is <1GB.
]2;/home/asc/ASClinic/catkin_ws/src/asclinic_pkg/launch/trajectory.launch
[1mstarted roslaunch server http://asc12-jetson:39035/[0m

SUMMARY
========

PARAMETERS
 * /asc/aruco_detector/aruco_detector_desired_camera_fps: 5
 * /asc/aruco_detector/aruco_detector_desired_camera_frame_height: 1080
 * /asc/aruco_detector/aruco_detector_desired_camera_frame_width: 1920
 * /asc/aruco_detector/aruco_detector_marker_size: 0.25
 * /asc/aruco_detector/aruco_detector_save_image_path: /home/asc/saved_c...
 * /asc/aruco_detector/aruco_detector_should_publish_camera_images: False
 * /asc/aruco_detector/aruco_detector_should_save_all_aruco_images: False
 * /asc/aruco_detector/aruco_detector_should_show_camera_images: False
 * /asc/aruco_detector/aruco_detector_usb_camera_device_number: 0
 * /asc/aruco_detector/aruco_detector_verbosity: 1
 * /asc/encoder_read_multi_threaded/delta_t_for_publishing_encoder_counts: 0.1
 * /asc/encoder_read_multi_threaded/encoder_events_to_monitor: rising
 * /asc/encoder_read_multi_threaded/encoder_read_verbosity: 1
 * /asc/encoder_read_multi_threaded/gpio_chip_number_for_encoder_lines: 1
 * /asc/encoder_read_multi_threaded/line_number_for_left_side_encoder_channel_a: 105
 * /asc/encoder_read_multi_threaded/line_number_for_left_side_encoder_channel_b: 106
 * /asc/encoder_read_multi_threaded/line_number_for_right_side_encoder_channel_a: 84
 * /asc/encoder_read_multi_threaded/line_number_for_right_side_encoder_channel_b: 130
 * /asc/encoder_read_multi_threaded/should_monitor_left_side_encoder_channel_a: True
 * /asc/encoder_read_multi_threaded/should_monitor_left_side_encoder_channel_b: False
 * /asc/encoder_read_multi_threaded/should_monitor_right_side_encoder_channel_a: True
 * /asc/encoder_read_multi_threaded/should_monitor_right_side_encoder_channel_b: False
 * /asc/i2c_for_motors/motor_driver_current_limit_in_milliamps: 5000
 * /asc/i2c_for_motors/motor_driver_left_side_multiplier: 1
 * /asc/i2c_for_motors/motor_driver_max_accel_limit_in_percent_per_millisecond: 0.04
 * /asc/i2c_for_motors/motor_driver_max_decel_limit_in_percent_per_millisecond: 0.16
 * /asc/i2c_for_motors/motor_driver_max_duty_cycle_limit_in_percent: 100.0
 * /asc/i2c_for_motors/motor_driver_right_side_multiplier: 1
 * /asc/i2c_for_motors/motor_driver_verbosity: 1
 * /rosdistro: noetic
 * /rosversion: 1.17.0

NODES
  /
    kf_fusion_node (asclinic_pkg/KF.py)
    odomdelta (asclinic_pkg/odomdelta)
    trajectory_generator (asclinic_pkg/trajectory_generator)
    trajectory_tracker (asclinic_pkg/trajectory_tracker)
    velocity_PI_control (asclinic_pkg/velocity_PI_control)
  /asc/
    aruco_detector (asclinic_pkg/aruco_detector.py)
    encoder_read_multi_threaded (asclinic_pkg/encoder_read_multi_threaded)
    i2c_for_motors (asclinic_pkg/i2c_for_motors)

[1mROS_MASTER_URI=http://localhost:11311[0m
]2;/home/asc/ASClinic/catkin_ws/src/asclinic_pkg/launch/trajectory.launch http://localhost:11311
[1mprocess[asc/i2c_for_motors-1]: started with pid [15322][0m
[1mprocess[asc/encoder_read_multi_threaded-2]: started with pid [15323][0m
[1mprocess[odomdelta-3]: started with pid [15329][0m
[1mprocess[asc/aruco_detector-4]: started with pid [15335][0m
[1mprocess[trajectory_tracker-5]: started with pid [15350][0m
[1mprocess[trajectory_generator-6]: started with pid [15352][0m
[1mprocess[velocity_PI_control-7]: started with pid [15357][0m
[1mprocess[kf_fusion_node-8]: started with pid [15363][0m
[kf_fusion_node-8] killing on exit
[velocity_PI_control-7] killing on exit
[trajectory_generator-6] killing on exit
[asc/aruco_detector-4] killing on exit
[odomdelta-3] killing on exit
[trajectory_tracker-5] killing on exit
[asc/i2c_for_motors-1] killing on exit
[asc/encoder_read_multi_threaded-2] killing on exit
shutting down processing monitor...
... shutting down processing monitor complete
[1mdone[0m
