[0m[ INFO] [1746508591.176599007]: Target - x: 0.000000, y: 0.000000, phi: 0.000000[0m
[0m[ INFO] [1746508591.180329044]: Current - x: 0.000000, y: 0.000000, phi: 45.000000[0m
[0m[ INFO] [1746508591.180442870]: Error - x: 0.000000, y: 0.000000[0m
[0m[ INFO] [1746508591.180485495]: Publishing motor command - Left: 0.000000, Right: 0.000000[0m
[0m[ INFO] [1746508591.180601784]: Target reached: x=0.00, y=0.00, phi=0.00[0m
[0m[ INFO] [1746508591.286502119]: Target - x: 0.000000, y: 0.000000, phi: 0.000000[0m
[0m[ INFO] [1746508591.286954445]: Current - x: 0.000000, y: 0.000000, phi: 45.000000[0m
[0m[ INFO] [1746508591.287029262]: Error - x: 0.000000, y: 0.000000[0m
[0m[ INFO] [1746508591.287151088]: Publishing motor command - Left: 0.000000, Right: 0.000000[0m
[0m[ INFO] [1746508591.287744568]: Target reached: x=0.00, y=0.00, phi=0.00[0m
[0m[ INFO] [1746508591.376639731]: Target - x: 0.000000, y: 0.000000, phi: 0.000000[0m
[0m[ INFO] [1746508591.376743028]: Current - x: 0.000000, y: 0.000000, phi: 45.000000[0m
[0m[ INFO] [1746508591.376852310]: Error - x: 0.000000, y: 0.000000[0m
[0m[ INFO] [1746508591.376966520]: Publishing motor command - Left: 0.000000, Right: 0.000000[0m
[0m[ INFO] [1746508591.377044377]: Target reached: x=0.00, y=0.00, phi=0.00[0m
[0m[ INFO] [1746508591.519141006]: Target - x: 0.000000, y: 0.000000, phi: 0.000000[0m
[0m[ INFO] [1746508591.519233807]: Current - x: 0.000000, y: 0.000000, phi: 45.000000[0m
[0m[ INFO] [1746508591.519273456]: Error - x: 0.000000, y: 0.000000[0m
[0m[ INFO] [1746508591.519307632]: Publishing motor command - Left: 0.000000, Right: 0.000000[0m
[0m[ INFO] [1746508591.519382321]: Target reached: x=0.00, y=0.00, phi=0.00[0m
[0m[ INFO] [1746508591.576701127]: Target - x: 0.000000, y: 0.000000, phi: 0.000000[0m
[0m[ INFO] [1746508591.576807529]: Current - x: 0.000000, y: 0.000000, phi: 45.000000[0m
[0m[ INFO] [1746508591.576856265]: Error - x: 0.000000, y: 0.000000[0m
[0m[ INFO] [1746508591.576947819]: Publishing motor command - Left: 0.000000, Right: 0.000000[0m
[0m[ INFO] [1746508591.577115565]: Target reached: x=0.00, y=0.00, phi=0.00[0m
[0m[ INFO] [1746508591.688476297]: Target - x: 0.000000, y: 0.000000, phi: 0.000000[0m
[0m[ INFO] [1746508591.688790798]: Current - x: 0.000000, y: 0.000000, phi: 45.000000[0m
[0m[ INFO] [1746508591.688876271]: Error - x: 0.000000, y: 0.000000[0m
[0m[ INFO] [1746508591.690218882]: Publishing motor command - Left: 0.000000, Right: 0.000000[0m
[0m[ INFO] [1746508591.690377061]: Target reached: x=0.00, y=0.00, phi=0.00[0m
[0m[ INFO] [1746508591.784321800]: Target - x: 0.000000, y: 0.000000, phi: 0.000000[0m
[0m[ INFO] [1746508591.784706541]: Current - x: 0.000000, y: 0.000000, phi: 45.000000[0m
[0m[ INFO] [1746508591.784841455]: Error - x: 0.000000, y: 0.000000[0m
[0m[ INFO] [1746508591.784931600]: Publishing motor command - Left: 0.000000, Right: 0.000000[0m
[0m[ INFO] [1746508591.787159408]: Target reached: x=0.00, y=0.00, phi=0.00[0m
[0m[ INFO] [1746508591.886976295]: Target - x: 0.000000, y: 0.000000, phi: 0.000000[0m
[0m[ INFO] [1746508591.887356845]: Current - x: 0.000000, y: 0.000000, phi: 45.000000[0m
[0m[ INFO] [1746508591.887447246]: Error - x: 0.000000, y: 0.000000[0m
[0m[ INFO] [1746508591.887627505]: Publishing motor command - Left: 0.000000, Right: 0.000000[0m
[0m[ INFO] [1746508591.888038839]: Target reached: x=0.00, y=0.00, phi=0.00[0m
[0m[ INFO] [1746508591.976889488]: Target - x: 0.000000, y: 0.000000, phi: 0.000000[0m
[0m[ INFO] [1746508591.977029362]: Current - x: 0.000000, y: 0.000000, phi: 45.000000[0m
[0m[ INFO] [1746508591.977116212]: Error - x: 0.000000, y: 0.000000[0m
[0m[ INFO] [1746508591.977185461]: Publishing motor command - Left: 0.000000, Right: 0.000000[0m
[0m[ INFO] [1746508591.977281654]: Target reached: x=0.00, y=0.00, phi=0.00[0m
[0m[ INFO] [1746508592.077014348]: Target - x: 0.000000, y: 0.000000, phi: 0.000000[0m
[0m[ INFO] [1746508592.077129261]: Current - x: 0.000000, y: 0.000000, phi: 45.000000[0m
[0m[ INFO] [1746508592.077179246]: Error - x: 0.000000, y: 0.000000[0m
[0m[ INFO] [1746508592.077537427]: Publishing motor command - Left: 0.000000, Right: 0.000000[0m
[0m[ INFO] [1746508592.077629269]: Target reached: x=0.00, y=0.00, phi=0.00[0m
[0m[ INFO] [1746508592.176781058]: Target - x: 0.000000, y: 0.000000, phi: 0.000000[0m
[0m[ INFO] [1746508592.176879491]: Current - x: 0.000000, y: 0.000000, phi: 45.000000[0m
[0m[ INFO] [1746508592.176919492]: Error - x: 0.000000, y: 0.000000[0m
[0m[ INFO] [1746508592.177009701]: Publishing motor command - Left: 0.000000, Right: 0.000000[0m
[0m[ INFO] [1746508592.177141255]: Target reached: x=0.00, y=0.00, phi=0.00[0m
[0m[ INFO] [1746508592.277943916]: Target - x: 0.000000, y: 0.000000, phi: 0.000000[0m
[0m[ INFO] [1746508592.278036653]: Current - x: 0.000000, y: 0.000000, phi: 45.000000[0m
[0m[ INFO] [1746508592.278206000]: Error - x: 0.000000, y: 0.000000[0m
[0m[ INFO] [1746508592.278295921]: Publishing motor command - Left: 0.000000, Right: 0.000000[0m
[0m[ INFO] [1746508592.278374674]: Target reached: x=0.00, y=0.00, phi=0.00[0m
[0m[ INFO] [1746508592.377273724]: Target - x: 0.000000, y: 0.000000, phi: 0.000000[0m
[0m[ INFO] [1746508592.377433118]: Current - x: 0.000000, y: 0.000000, phi: 45.000000[0m
[0m[ INFO] [1746508592.377516927]: Error - x: 0.000000, y: 0.000000[0m
[0m[ INFO] [1746508592.377591456]: Publishing motor command - Left: 0.000000, Right: 0.000000[0m
[0m[ INFO] [1746508592.377713730]: Target reached: x=0.00, y=0.00, phi=0.00[0m
[0m[ INFO] [1746508592.484431580]: Target - x: 0.000000, y: 0.000000, phi: 0.000000[0m
[0m[ INFO] [1746508592.485042245]: Current - x: 0.000000, y: 0.000000, phi: 45.000000[0m
[0m[ INFO] [1746508592.485146982]: Error - x: 0.000000, y: 0.000000[0m
[0m[ INFO] [1746508592.485225255]: Publishing motor command - Left: 0.000000, Right: 0.000000[0m
[0m[ INFO] [1746508592.485421386]: Target reached: x=0.00, y=0.00, phi=0.00[0m
[0m[ INFO] [1746508592.576608453]: Target - x: 30.000000, y: 0.000000, phi: 0.000000[0m
[0m[ INFO] [1746508592.576728327]: Current - x: 0.000000, y: 0.000000, phi: 45.000000[0m
[0m[ INFO] [1746508592.576769064]: Error - x: 30.000000, y: 0.000000[0m
[0m[ INFO] [1746508592.576825928]: error_y: 0.000000[0m
[0m[ INFO] [1746508592.576860937]: integral_error_y: 0.000000[0m
[0m[ INFO] [1746508592.576891529]: w: 0.000000[0m
[0m[ INFO] [1746508592.576924714]: Publishing motor command - Left: 250.000000, Right: 250.000000[0m
[0m[ INFO] [1746508592.676783745]: Target - x: 60.000000, y: 0.000000, phi: 0.000000[0m
[0m[ INFO] [1746508592.676876739]: Current - x: 0.000000, y: 0.000000, phi: 45.000000[0m
[0m[ INFO] [1746508592.676953028]: Error - x: 60.000000, y: 0.000000[0m
[0m[ INFO] [1746508592.677008933]: error_y: 0.000000[0m
[0m[ INFO] [1746508592.677069509]: integral_error_y: 0.000000[0m
[0m[ INFO] [1746508592.677128742]: w: 0.000000[0m
[0m[ INFO] [1746508592.677162759]: Publishing motor command - Left: 500.000000, Right: 500.000000[0m
[0m[ INFO] [1746508592.790680482]: Target - x: 120.000000, y: 0.000000, phi: 0.000000[0m
[0m[ INFO] [1746508592.791080968]: Current - x: 0.000000, y: 0.000000, phi: 45.000000[0m
[0m[ INFO] [1746508592.791132233]: Error - x: 120.000000, y: 0.000000[0m
[0m[ INFO] [1746508592.791202730]: error_y: 0.000000[0m
[0m[ INFO] [1746508592.791283051]: integral_error_y: 0.000000[0m
[0m[ INFO] [1746508592.791315851]: w: 0.000000[0m
[0m[ INFO] [1746508592.791347852]: Publishing motor command - Left: 1000.000000, Right: 1000.000000[0m
[0m[ INFO] [1746508592.876636626]: Target - x: 120.000000, y: 0.000000, phi: 0.000000[0m
[0m[ INFO] [1746508592.876759988]: Current - x: 0.142546, y: 0.142279, phi: 44.892654[0m
[0m[ INFO] [1746508592.876826037]: Error - x: 119.857452, y: -0.142279[0m
[0m[ INFO] [1746508592.876865462]: error_y: -0.142279[0m
[0m[ INFO] [1746508592.876898998]: integral_error_y: -0.014228[0m
[0m[ INFO] [1746508592.876932278]: w: -14.299213[0m
[0m[ INFO] [1746508592.876969943]: Publishing motor command - Left: 1002.370361, Right: 995.253845[0m
[0m[ INFO] [1746508592.977923230]: Target - x: 150.000000, y: 0.000000, phi: 0.000000[0m
[0m[ INFO] [1746508592.978520327]: Current - x: 0.284033, y: 0.284030, phi: 44.999401[0m
[0m[ INFO] [1746508592.978614536]: Error - x: 149.715973, y: -0.284030[0m
[0m[ INFO] [1746508592.978684841]: error_y: -0.284030[0m
[0m[ INFO] [1746508592.978878156]: integral_error_y: -0.042631[0m
[0m[ INFO] [1746508592.980461155]: w: -14.317464[0m
[0m[ INFO] [1746508592.980656997]: Publishing motor command - Left: 1251.195923, Right: 1244.070312[0m
[0m[ INFO] [1746508593.076648357]: Target - x: 180.000000, y: 0.000000, phi: 0.000000[0m
[0m[ INFO] [1746508593.076768231]: Current - x: 1.559824, y: 1.562134, phi: 45.317841[0m
[0m[ INFO] [1746508593.076851848]: Error - x: 178.440170, y: -1.562134[0m
[0m[ INFO] [1746508593.076892969]: error_y: -1.562134[0m
[0m[ INFO] [1746508593.076927561]: integral_error_y: -0.198844[0m
[0m[ INFO] [1746508593.076962218]: w: -128.593445[0m
[0m[ INFO] [1746508593.077014635]: Publishing motor command - Left: 1519.000977, Right: 1455.001953[0m
[0m[ INFO] [1746508593.182189390]: Target - x: 210.000000, y: 0.000000, phi: 0.000000[0m
[0m[ INFO] [1746508593.182280399]: Current - x: 3.832192, y: 3.834264, phi: 45.313049[0m
[0m[ INFO] [1746508593.182350960]: Error - x: 206.167801, y: -3.834264[0m
[0m[ INFO] [1746508593.182411793]: error_y: -3.834264[0m
[0m[ INFO] [1746508593.182464498]: integral_error_y: -0.582271[0m
[0m[ INFO] [1746508593.182496018]: w: -229.136017[0m
[0m[ INFO] [1746508593.182561427]: Publishing motor command - Left: 1775.083862, Right: 1661.046021[0m
[0m[ INFO] [1746508593.284326278]: Target - x: 240.000000, y: 0.000000, phi: 0.000000[0m
[0m[ INFO] [1746508593.284450632]: Current - x: 7.214624, y: 7.266807, phi: 45.519955[0m
[0m[ INFO] [1746508593.284490024]: Error - x: 232.785370, y: -7.266807[0m
[0m[ INFO] [1746508593.284522793]: error_y: -7.266807[0m
[0m[ INFO] [1746508593.284572810]: integral_error_y: -1.308951[0m
[0m[ INFO] [1746508593.284615498]: w: -346.900726[0m
[0m[ INFO] [1746508593.284660907]: Publishing motor command - Left: 2026.201782, Right: 1853.554321[0m
[0m[ INFO] [1746508593.376847092]: Target - x: 270.000000, y: 0.000000, phi: 0.000000[0m
[0m[ INFO] [1746508593.376991798]: Current - x: 12.153329, y: 12.268200, phi: 45.616520[0m
[0m[ INFO] [1746508593.377060535]: Error - x: 257.846680, y: -12.268200[0m
[0m[ INFO] [1746508593.377153208]: error_y: -12.268200[0m
[0m[ INFO] [1746508593.377211097]: integral_error_y: -2.535771[0m
[0m[ INFO] [1746508593.377270202]: w: -506.298767[0m
[0m[ INFO] [1746508593.377333723]: Publishing motor command - Left: 2274.711182, Right: 2022.733521[0m
[0m[ INFO] [1746508593.477570168]: Target - x: 300.000000, y: 0.000000, phi: 0.000000[0m
[0m[ INFO] [1746508593.477694650]: Current - x: 18.761354, y: 19.008192, phi: 45.709496[0m
[0m[ INFO] [1746508593.477831356]: Error - x: 281.238647, y: -19.008192[0m
[0m[ INFO] [1746508593.477926909]: error_y: -19.008192[0m
[0m[ INFO] [1746508593.478006238]: integral_error_y: -4.436591[0m
[0m[ INFO] [1746508593.478054943]: w: -683.547607[0m
[0m[ INFO] [1746508593.478315106]: Publishing motor command - Left: 2513.751221, Right: 2173.559814[0m
[0m[ INFO] [1746508593.581486601]: Target - x: 330.000000, y: 0.000000, phi: 0.000000[0m
[0m[ INFO] [1746508593.581882319]: Current - x: 26.215303, y: 26.607981, phi: 45.586582[0m
[0m[ INFO] [1746508593.581952816]: Error - x: 303.784698, y: -26.607981[0m
[0m[ INFO] [1746508593.582002961]: error_y: -26.607981[0m
[0m[ INFO] [1746508593.582048017]: integral_error_y: -7.097389[0m
[0m[ INFO] [1746508593.582093202]: w: -773.353882[0m
[0m[ INFO] [1746508593.582553529]: Publishing motor command - Left: 2723.982666, Right: 2339.095947[0m
[0m[ INFO] [1746508593.677041603]: Target - x: 360.000000, y: 0.000000, phi: 0.000000[0m
[0m[ INFO] [1746508593.677158245]: Current - x: 34.912006, y: 35.519894, phi: 45.568020[0m
[0m[ INFO] [1746508593.677221733]: Error - x: 325.087982, y: -35.519894[0m
[0m[ INFO] [1746508593.678372214]: error_y: -35.519894[0m
[0m[ INFO] [1746508593.678485016]: integral_error_y: -10.649378[0m
[0m[ INFO] [1746508593.678581785]: w: -909.057739[0m
[0m[ INFO] [1746508593.679740714]: Publishing motor command - Left: 2935.279053, Right: 2482.854248[0m
[0m[ INFO] [1746508593.777240511]: Target - x: 390.000000, y: 0.000000, phi: 0.000000[0m
[0m[ INFO] [1746508593.777464546]: Current - x: 45.747612, y: 46.554573, phi: 45.437920[0m
[0m[ INFO] [1746508593.777534691]: Error - x: 344.252380, y: -46.554573[0m
[0m[ INFO] [1746508593.777618116]: error_y: -46.554573[0m
[0m[ INFO] [1746508593.777690086]: integral_error_y: -15.304835[0m
[0m[ INFO] [1746508593.777725926]: w: -1126.898315[0m
[0m[ INFO] [1746508593.777773639]: Publishing motor command - Left: 3149.190186, Right: 2588.349609[0m
[0m[ INFO] [1746508593.876672208]: Target - x: 420.000000, y: 0.000000, phi: 0.000000[0m
[0m[ INFO] [1746508593.876792242]: Current - x: 56.760036, y: 57.699360, phi: 44.986389[0m
[0m[ INFO] [1746508593.876840915]: Error - x: 363.239960, y: -57.699360[0m
[0m[ INFO] [1746508593.876904564]: error_y: -57.699360[0m
[0m[ INFO] [1746508593.876976853]: integral_error_y: -21.074772[0m
[0m[ INFO] [1746508593.877028629]: w: -1143.539062[0m
[0m[ INFO] [1746508593.877087766]: Publishing motor command - Left: 3311.560791, Right: 2742.438477[0m
[0m[ INFO] [1746508593.976984270]: Target - x: 450.000000, y: 0.000000, phi: 0.000000[0m
[0m[ INFO] [1746508593.977109488]: Current - x: 68.080780, y: 69.104134, phi: 44.534260[0m
[0m[ INFO] [1746508593.977171409]: Error - x: 381.919220, y: -69.104134[0m
[0m[ INFO] [1746508593.977258482]: error_y: -69.104134[0m
[0m[ INFO] [1746508593.977333907]: integral_error_y: -27.985186[0m
[0m[ INFO] [1746508593.977420340]: w: -1175.309448[0m
[0m[ INFO] [1746508593.977523382]: Publishing motor command - Left: 3475.127197, Right: 2890.193115[0m
[0m[ INFO] [1746508594.076884934]: Target - x: 480.000000, y: 0.000000, phi: 0.000000[0m
[0m[ INFO] [1746508594.076980999]: Current - x: 81.177628, y: 82.139664, phi: 44.292625[0m
[0m[ INFO] [1746508594.077020648]: Error - x: 398.822388, y: -82.139664[0m
[0m[ INFO] [1746508594.077082601]: error_y: -82.139664[0m
[0m[ INFO] [1746508594.077150570]: integral_error_y: -36.199150[0m
[0m[ INFO] [1746508594.077198762]: w: -1344.984741[0m
[0m[ INFO] [1746508594.077273995]: Publishing motor command - Left: 3658.209229, Right: 2988.830322[0m
[0m[ INFO] [1746508594.182760307]: Target - x: 510.000000, y: 0.000000, phi: 0.000000[0m
[0m[ INFO] [1746508594.182897493]: Current - x: 96.155060, y: 96.703339, phi: 43.619221[0m
[0m[ INFO] [1746508594.182965110]: Error - x: 413.844940, y: -96.703339[0m
[0m[ INFO] [1746508594.183020663]: error_y: -96.703339[0m
[0m[ INFO] [1746508594.183051095]: integral_error_y: -45.869484[0m
[0m[ INFO] [1746508594.183081304]: w: -1505.177856[0m
[0m[ INFO] [1746508594.183114680]: Publishing motor command - Left: 3823.260010, Right: 3074.155273[0m
[0m[ INFO] [1746508594.277032186]: Target - x: 540.000000, y: 0.000000, phi: 0.000000[0m
[0m[ INFO] [1746508594.277153148]: Current - x: 111.960617, y: 111.857468, phi: 42.623184[0m
[0m[ INFO] [1746508594.277192637]: Error - x: 428.039368, y: -111.857468[0m
[0m[ INFO] [1746508594.277224893]: error_y: -111.857468[0m
[0m[ INFO] [1746508594.277255518]: integral_error_y: -57.055229[0m
[0m[ INFO] [1746508594.277299134]: w: -1571.912109[0m
[0m[ INFO] [1746508594.277335423]: Publishing motor command - Left: 3958.153564, Right: 3175.835938[0m
[0m[ INFO] [1746508594.376477356]: Target - x: 570.000000, y: 0.000000, phi: 0.000000[0m
[0m[ INFO] [1746508594.376568301]: Current - x: 129.116287, y: 127.922699, phi: 41.624752[0m
[0m[ INFO] [1746508594.376607917]: Error - x: 440.883728, y: -127.922699[0m
[0m[ INFO] [1746508594.376656366]: error_y: -127.922699[0m
[0m[ INFO] [1746508594.376689231]: integral_error_y: -69.847496[0m
[0m[ INFO] [1746508594.376718223]: w: -1671.182983[0m
[0m[ INFO] [1746508594.376784912]: Publishing motor command - Left: 4089.892578, Right: 3258.169189[0m
[0m[ INFO] [1746508594.476542726]: Target - x: 600.000000, y: 0.000000, phi: 0.000000[0m
[0m[ INFO] [1746508594.476646631]: Current - x: 147.144653, y: 144.225937, phi: 40.625126[0m
[0m[ INFO] [1746508594.476714408]: Error - x: 452.855347, y: -144.225937[0m
[0m[ INFO] [1746508594.476792617]: error_y: -144.225937[0m
[0m[ INFO] [1746508594.476827018]: integral_error_y: -84.270088[0m
[0m[ INFO] [1746508594.476883083]: w: -1703.279297[0m
[0m[ INFO] [1746508594.476916139]: Publishing motor command - Left: 4197.643066, Right: 3349.946045[0m
[0m[ INFO] [1746508594.585628801]: Target - x: 630.000000, y: 0.000000, phi: 0.000000[0m
[0m[ INFO] [1746508594.586881875]: Current - x: 166.529907, y: 161.119125, phi: 39.516357[0m
[0m[ INFO] [1746508594.586989269]: Error - x: 463.470093, y: -161.119125[0m
[0m[ INFO] [1746508594.587029365]: error_y: -161.119125[0m
[0m[ INFO] [1746508594.587061782]: integral_error_y: -100.000000[0m
[0m[ INFO] [1746508594.587092214]: w: -1770.878418[0m
[0m[ INFO] [1746508594.587126166]: Publishing motor command - Left: 4302.920410, Right: 3421.580811[0m
[0m[ INFO] [1746508594.677817418]: Target - x: 660.000000, y: 0.000000, phi: 0.000000[0m
[0m[ INFO] [1746508594.677958540]: Current - x: 187.915283, y: 179.073486, phi: 38.297249[0m
[0m[ INFO] [1746508594.678018829]: Error - x: 472.084717, y: -179.073486[0m
[0m[ INFO] [1746508594.678068654]: error_y: -179.073486[0m
[0m[ INFO] [1746508594.678310097]: integral_error_y: -100.000000[0m
[0m[ INFO] [1746508594.678434099]: w: -1885.972778[0m
[0m[ INFO] [1746508594.678534613]: Publishing motor command - Left: 4403.349609, Right: 3464.729248[0m
[0m[ INFO] [1746508594.777128698]: Target - x: 690.000000, y: 0.000000, phi: 0.000000[0m
[0m[ INFO] [1746508594.777292444]: Current - x: 209.956741, y: 196.862839, phi: 37.077541[0m
[0m[ INFO] [1746508594.777442910]: Error - x: 480.043274, y: -196.862839[0m
[0m[ INFO] [1746508594.777501567]: error_y: -196.862839[0m
[0m[ INFO] [1746508594.777552608]: integral_error_y: -100.000000[0m
[0m[ INFO] [1746508594.777599744]: w: -1878.366699[0m
[0m[ INFO] [1746508594.777652513]: Publishing motor command - Left: 4467.778320, Right: 3532.943115[0m
[0m[ INFO] [1746508594.876867247]: Target - x: 720.000000, y: 0.000000, phi: 0.000000[0m
[0m[ INFO] [1746508594.876981649]: Current - x: 232.865601, y: 214.526337, phi: 35.749893[0m
[0m[ INFO] [1746508594.877033681]: Error - x: 487.134399, y: -214.526337[0m
[0m[ INFO] [1746508594.877103506]: error_y: -214.526337[0m
[0m[ INFO] [1746508594.877183732]: integral_error_y: -100.000000[0m
[0m[ INFO] [1746508594.877275733]: w: -1874.613037[0m
[0m[ INFO] [1746508594.877356598]: Publishing motor command - Left: 4525.937012, Right: 3592.969727[0m
[0m[ INFO] [1746508594.977012298]: Target - x: 750.000000, y: 0.000000, phi: 0.000000[0m
[0m[ INFO] [1746508594.977169836]: Current - x: 257.761993, y: 232.889740, phi: 34.419250[0m
[0m[ INFO] [1746508594.977282542]: Error - x: 492.238007, y: -232.889740[0m
[0m[ INFO] [1746508594.977339023]: error_y: -232.889740[0m
[0m[ INFO] [1746508594.977511153]: integral_error_y: -100.000000[0m
[0m[ INFO] [1746508594.977582706]: w: -1953.785156[0m
[0m[ INFO] [1746508594.977637971]: Publishing motor command - Left: 4588.168457, Right: 3615.798584[0m
[0m[ INFO] [1746508595.076748543]: Target - x: 780.000000, y: 0.000000, phi: 0.000000[0m
[0m[ INFO] [1746508595.076857953]: Current - x: 282.963593, y: 250.486420, phi: 32.767773[0m
[0m[ INFO] [1746508595.076897570]: Error - x: 497.036407, y: -250.486420[0m
[0m[ INFO] [1746508595.076943074]: error_y: -250.486420[0m
[0m[ INFO] [1746508595.076975235]: integral_error_y: -100.000000[0m
[0m[ INFO] [1746508595.077015267]: w: -1885.911133[0m
[0m[ INFO] [1746508595.077050948]: Publishing motor command - Left: 4611.265137, Right: 3672.675049[0m
[0m[ INFO] [1746508595.184207619]: Target - x: 810.000000, y: 0.000000, phi: 0.000000[0m
[0m[ INFO] [1746508595.184309317]: Current - x: 309.571075, y: 268.159454, phi: 31.114498[0m
[0m[ INFO] [1746508595.184543432]: Error - x: 500.428925, y: -268.159454[0m
[0m[ INFO] [1746508595.184580361]: error_y: -268.159454[0m
[0m[ INFO] [1746508595.184641450]: integral_error_y: -100.000000[0m
[0m[ INFO] [1746508595.184699978]: w: -1902.383179[0m
[0m[ INFO] [1746508595.184756843]: Publishing motor command - Left: 4643.634766, Right: 3696.846924[0m
[0m[ INFO] [1746508595.276765426]: Target - x: 840.000000, y: 0.000000, phi: 0.000000[0m
[0m[ INFO] [1746508595.276870483]: Current - x: 338.228271, y: 285.987457, phi: 29.351486[0m
[0m[ INFO] [1746508595.276926420]: Error - x: 501.771729, y: -285.987457[0m
[0m[ INFO] [1746508595.276970677]: error_y: -285.987457[0m
[0m[ INFO] [1746508595.277050998]: integral_error_y: -100.000000[0m
[0m[ INFO] [1746508595.277120215]: w: -1926.794067[0m
[0m[ INFO] [1746508595.277188344]: Publishing motor command - Left: 4660.899414, Right: 3701.962646[0m
[0m[ INFO] [1746508595.376742282]: Target - x: 870.000000, y: 0.000000, phi: 0.000000[0m
[0m[ INFO] [1746508595.376854316]: Current - x: 367.545013, y: 303.109406, phi: 27.695217[0m
[0m[ INFO] [1746508595.376964110]: Error - x: 502.454987, y: -303.109406[0m
[0m[ INFO] [1746508595.377056911]: error_y: -303.109406[0m
[0m[ INFO] [1746508595.377117680]: integral_error_y: -100.000000[0m
[0m[ INFO] [1746508595.377208721]: w: -1864.749512[0m
[0m[ INFO] [1746508595.377289426]: Publishing motor command - Left: 4651.154297, Right: 3723.095703[0m
[0m[ INFO] [1746508595.476739171]: Target - x: 900.000000, y: 0.000000, phi: 0.000000[0m
[0m[ INFO] [1746508595.476888742]: Current - x: 397.790710, y: 319.401154, phi: 25.610172[0m
[0m[ INFO] [1746508595.476984999]: Error - x: 502.209290, y: -319.401154[0m
[0m[ INFO] [1746508595.477069896]: error_y: -319.401154[0m
[0m[ INFO] [1746508595.477158921]: integral_error_y: -100.000000[0m
[0m[ INFO] [1746508595.477210858]: w: -1789.875366[0m
[0m[ INFO] [1746508595.477263019]: Publishing motor command - Left: 4630.474609, Right: 3739.680420[0m
[0m[ INFO] [1746508595.576955776]: Target - x: 930.000000, y: 0.000000, phi: 0.000000[0m
[0m[ INFO] [1746508595.577042017]: Current - x: 429.377045, y: 335.291199, phi: 23.630674[0m
[0m[ INFO] [1746508595.577081089]: Error - x: 500.622955, y: -335.291199[0m
[0m[ INFO] [1746508595.577376262]: error_y: -335.291199[0m
[0m[ INFO] [1746508595.577424518]: integral_error_y: -100.000000[0m
[0m[ INFO] [1746508595.577478695]: w: -1757.650146[0m
[0m[ INFO] [1746508595.577525512]: Publishing motor command - Left: 4609.236328, Right: 3734.479736[0m
[0m[ INFO] [1746508595.676883639]: Target - x: 960.000000, y: 0.000000, phi: 0.000000[0m
[0m[ INFO] [1746508595.677047930]: Current - x: 462.221832, y: 350.416779, phi: 21.864069[0m
[0m[ INFO] [1746508595.677156795]: Error - x: 497.778168, y: -350.416779[0m
[0m[ INFO] [1746508595.677215964]: error_y: -350.416779[0m
[0m[ INFO] [1746508595.677298205]: integral_error_y: -100.000000[0m
[0m[ INFO] [1746508595.677369022]: w: -1688.766357[0m
[0m[ INFO] [1746508595.677426143]: Publishing motor command - Left: 4568.388184, Right: 3727.914307[0m
[0m[ INFO] [1746508595.780739336]: Target - x: 990.000000, y: 0.000000, phi: 0.000000[0m
[0m[ INFO] [1746508595.780905642]: Current - x: 495.053680, y: 364.074799, phi: 19.777225[0m
[0m[ INFO] [1746508595.781034924]: Error - x: 494.946320, y: -364.074799[0m
[0m[ INFO] [1746508595.781111693]: error_y: -364.074799[0m
[0m[ INFO] [1746508595.781166254]: integral_error_y: -100.000000[0m
[0m[ INFO] [1746508595.781235567]: w: -1548.839355[0m
[0m[ INFO] [1746508595.781309904]: Publishing motor command - Left: 4509.970215, Right: 3739.135498[0m
[0m[ INFO] [1746508595.877042988]: Target - x: 1020.000000, y: 0.000000, phi: 0.000000[0m
[0m[ INFO] [1746508595.877310704]: Current - x: 529.217102, y: 377.102356, phi: 17.795933[0m
[0m[ INFO] [1746508595.877490994]: Error - x: 490.782898, y: -377.102356[0m
[0m[ INFO] [1746508595.877601268]: error_y: -377.102356[0m
[0m[ INFO] [1746508595.877662069]: integral_error_y: -100.000000[0m
[0m[ INFO] [1746508595.877934201]: w: -1492.306885[0m
[0m[ INFO] [1746508595.878035514]: Publishing motor command - Left: 4461.207031, Right: 3718.507812[0m
[0m[ INFO] [1746508595.977926737]: Target - x: 1050.000000, y: 0.000000, phi: 0.000000[0m
[0m[ INFO] [1746508595.978056947]: Current - x: 564.367493, y: 389.169067, phi: 16.134874[0m
[0m[ INFO] [1746508595.978261558]: Error - x: 485.632507, y: -389.169067[0m
[0m[ INFO] [1746508595.978387704]: error_y: -389.169067[0m
[0m[ INFO] [1746508595.978540986]: integral_error_y: -100.000000[0m
[0m[ INFO] [1746508595.978822206]: w: -1402.255615[0m
[0m[ INFO] [1746508595.978895647]: Publishing motor command - Left: 4395.878418, Right: 3697.996338[0m
[0m[ INFO] [1746508596.076710713]: Target - x: 1080.000000, y: 0.000000, phi: 0.000000[0m
[0m[ INFO] [1746508596.076841115]: Current - x: 599.571777, y: 399.765411, phi: 14.046237[0m
[0m[ INFO] [1746508596.076878683]: Error - x: 480.428223, y: -399.765411[0m
[0m[ INFO] [1746508596.076912156]: error_y: -399.765411[0m
[0m[ INFO] [1746508596.076969085]: integral_error_y: -100.000000[0m
[0m[ INFO] [1746508596.077001949]: w: -1260.517090[0m
[0m[ INFO] [1746508596.077036222]: Publishing motor command - Left: 4317.238770, Right: 3689.898193[0m
[0m[ INFO] [1746508596.179277847]: Target - x: 1110.000000, y: 0.000000, phi: 0.000000[0m
[0m[ INFO] [1746508596.179384408]: Current - x: 635.030273, y: 409.468842, phi: 12.385777[0m
[0m[ INFO] [1746508596.179474361]: Error - x: 474.969727, y: -409.468842[0m
[0m[ INFO] [1746508596.179542618]: error_y: -409.468842[0m
[0m[ INFO] [1746508596.179641820]: integral_error_y: -100.000000[0m
[0m[ INFO] [1746508596.179736893]: w: -1176.077393[0m
[0m[ INFO] [1746508596.179834207]: Publishing motor command - Left: 4250.739258, Right: 3665.422852[0m
[0m[ INFO] [1746508596.276722315]: Target - x: 1140.000000, y: 0.000000, phi: 0.000000[0m
[0m[ INFO] [1746508596.276861709]: Current - x: 671.022766, y: 417.885864, phi: 10.617975[0m
[0m[ INFO] [1746508596.276947182]: Error - x: 468.977234, y: -417.885864[0m
[0m[ INFO] [1746508596.276997359]: error_y: -417.885864[0m
[0m[ INFO] [1746508596.277042511]: integral_error_y: -100.000000[0m
[0m[ INFO] [1746508596.277113488]: w: -1051.645264[0m
[0m[ INFO] [1746508596.277163761]: Publishing motor command - Left: 4169.837402, Right: 3646.449463[0m
[0m[ INFO] [1746508596.386086538]: Target - x: 1170.000000, y: 0.000000, phi: 0.000000[0m
[0m[ INFO] [1746508596.386243852]: Current - x: 707.054688, y: 425.182922, phi: 8.743426[0m
[0m[ INFO] [1746508596.386284877]: Error - x: 462.945312, y: -425.182922[0m
[0m[ INFO] [1746508596.386319053]: error_y: -425.182922[0m
[0m[ INFO] [1746508596.386348846]: integral_error_y: -100.000000[0m
[0m[ INFO] [1746508596.386378862]: w: -943.297241[0m
[0m[ INFO] [1746508596.386412462]: Publishing motor command - Left: 4092.610107, Right: 3623.145264[0m
[0m[ INFO] [1746508596.528052092]: Target - x: 1230.000000, y: 0.000000, phi: 0.000000[0m
[0m[ INFO] [1746508596.528178750]: Current - x: 743.869080, y: 431.568878, phi: 7.189114[0m
[0m[ INFO] [1746508596.528219294]: Error - x: 486.130920, y: -431.568878[0m
[0m[ INFO] [1746508596.528252191]: error_y: -431.568878[0m
[0m[ INFO] [1746508596.528281727]: integral_error_y: -100.000000[0m
[0m[ INFO] [1746508596.528848231]: w: -855.380005[0m
[0m[ INFO] [1746508596.528919816]: Publishing motor command - Left: 4263.946289, Right: 3838.236084[0m
[0m[ INFO] [1746508596.576642964]: Target - x: 1230.000000, y: 0.000000, phi: 0.000000[0m
[0m[ INFO] [1746508596.576748342]: Current - x: 780.485474, y: 436.623474, phi: 5.421310[0m
[0m[ INFO] [1746508596.576792310]: Error - x: 449.514526, y: -436.623474[0m
[0m[ INFO] [1746508596.576828407]: error_y: -436.623474[0m
[0m[ INFO] [1746508596.576862679]: integral_error_y: -100.000000[0m
[0m[ INFO] [1746508596.576922456]: w: -724.771362[0m
[0m[ INFO] [1746508596.576961401]: Publishing motor command - Left: 3926.308594, Right: 3565.600342[0m
[0m[ INFO] [1746508596.685296745]: Target - x: 1260.000000, y: 0.000000, phi: 0.000000[0m
[0m[ INFO] [1746508596.685390218]: Current - x: 818.024048, y: 440.770813, phi: 3.652310[0m
[0m[ INFO] [1746508596.685429163]: Error - x: 441.975952, y: -440.770813[0m
[0m[ INFO] [1746508596.685462891]: error_y: -440.770813[0m
[0m[ INFO] [1746508596.685496300]: integral_error_y: -100.000000[0m
[0m[ INFO] [1746508596.685560013]: w: -636.119263[0m
[0m[ INFO] [1746508596.685611470]: Publishing motor command - Left: 3841.426514, Right: 3524.839111[0m
[0m[ INFO] [1746508596.776923178]: Target - x: 1290.000000, y: 0.000000, phi: 0.000000[0m
[0m[ INFO] [1746508596.777116845]: Current - x: 856.859924, y: 443.997833, phi: 2.309691[0m
[0m[ INFO] [1746508596.777168333]: Error - x: 433.140076, y: -443.997833[0m
[0m[ INFO] [1746508596.777211406]: error_y: -443.997833[0m
[0m[ INFO] [1746508596.777281199]: integral_error_y: -100.000000[0m
[0m[ INFO] [1746508596.777323312]: w: -545.700928[0m
[0m[ INFO] [1746508596.777377328]: Publishing motor command - Left: 3745.294189, Right: 3473.707031[0m
[0m[ INFO] [1746508596.876983140]: Target - x: 1320.000000, y: 0.000000, phi: 0.000000[0m
[0m[ INFO] [1746508596.877188551]: Current - x: 893.780396, y: 445.783142, phi: 0.541888[0m
[0m[ INFO] [1746508596.877288424]: Error - x: 426.219604, y: -445.783142[0m
[0m[ INFO] [1746508596.877348617]: error_y: -445.783142[0m
[0m[ INFO] [1746508596.877397226]: integral_error_y: -100.000000[0m
[0m[ INFO] [1746508596.877483467]: w: -402.422455[0m
[0m[ INFO] [1746508596.877537100]: Publishing motor command - Left: 3651.969971, Right: 3451.690186[0m
[0m[ INFO] [1746508596.980536239]: Target - x: 1350.000000, y: 0.000000, phi: 0.000000[0m
[0m[ INFO] [1746508596.980940981]: Current - x: 930.922607, y: 446.950562, phi: -0.476902[0m
[0m[ INFO] [1746508596.981110776]: Error - x: 419.077393, y: -446.950562[0m
[0m[ INFO] [1746508596.982298377]: error_y: -446.950562[0m
[0m[ INFO] [1746508596.982539276]: integral_error_y: -100.000000[0m
[0m[ INFO] [1746508596.982599981]: w: -341.217224[0m
[0m[ INFO] [1746508596.982643022]: Publishing motor command - Left: 3577.220947, Right: 3407.402100[0m
[0m[ INFO] [1746508597.076818579]: Target - x: 1380.000000, y: 0.000000, phi: 0.000000[0m
[0m[ INFO] [1746508597.077025686]: Current - x: 966.278076, y: 446.806335, phi: -2.028221[0m
[0m[ INFO] [1746508597.077126551]: Error - x: 413.721924, y: -446.806335[0m
[0m[ INFO] [1746508597.077199096]: error_y: -446.806335[0m
[0m[ INFO] [1746508597.077266297]: integral_error_y: -100.000000[0m
[0m[ INFO] [1746508597.077340794]: w: -209.980560[0m
[0m[ INFO] [1746508597.077410555]: Publishing motor command - Left: 3499.934570, Right: 3395.430664[0m
[0m[ INFO] [1746508597.180605026]: Target - x: 1410.000000, y: 0.000000, phi: 0.000000[0m
[0m[ INFO] [1746508597.180738372]: Current - x: 1002.629822, y: 446.248810, phi: -2.831724[0m
[0m[ INFO] [1746508597.180798341]: Error - x: 407.370178, y: -446.248810[0m
[0m[ INFO] [1746508597.180868838]: error_y: -446.248810[0m
[0m[ INFO] [1746508597.181012296]: integral_error_y: -100.000000[0m
[0m[ INFO] [1746508597.181126889]: w: -168.371841[0m
[0m[ INFO] [1746508597.181186122]: Publishing motor command - Left: 3436.649658, Right: 3352.853516[0m
[0m[ INFO] [1746508597.276645954]: Target - x: 1440.000000, y: 0.000000, phi: 0.000000[0m
[0m[ INFO] [1746508597.276742787]: Current - x: 1038.146973, y: 444.608978, phi: -4.062208[0m
[0m[ INFO] [1746508597.276786564]: Error - x: 401.853027, y: -444.608978[0m
[0m[ INFO] [1746508597.276843141]: error_y: -444.608978[0m
[0m[ INFO] [1746508597.276908773]: integral_error_y: -100.000000[0m
[0m[ INFO] [1746508597.276962150]: w: -59.321335[0m
[0m[ INFO] [1746508597.277041383]: Publishing motor command - Left: 3363.537109, Right: 3334.013672[0m
[0m[ INFO] [1746508597.376921630]: Target - x: 1470.000000, y: 0.000000, phi: 0.000000[0m
[0m[ INFO] [1746508597.377038784]: Current - x: 1074.046631, y: 442.648315, phi: -4.651022[0m
[0m[ INFO] [1746508597.377114849]: Error - x: 395.953369, y: -442.648315[0m
[0m[ INFO] [1746508597.377488134]: error_y: -442.648315[0m
[0m[ INFO] [1746508597.377589000]: integral_error_y: -100.000000[0m
[0m[ INFO] [1746508597.377645641]: w: -26.257874[0m
[0m[ INFO] [1746508597.377724170]: Publishing motor command - Left: 3306.145508, Right: 3293.077148[0m
[0m[ INFO] [1746508597.476765781]: Target - x: 1500.000000, y: 0.000000, phi: 0.000000[0m
[0m[ INFO] [1746508597.476875286]: Current - x: 1109.693726, y: 439.899170, phi: -5.346583[0m
[0m[ INFO] [1746508597.476914231]: Error - x: 390.306274, y: -439.899170[0m
[0m[ INFO] [1746508597.476960504]: error_y: -439.899170[0m
[0m[ INFO] [1746508597.476993912]: integral_error_y: -100.000000[0m
[0m[ INFO] [1746508597.477023544]: w: 53.964966[0m
[0m[ INFO] [1746508597.477059193]: Publishing motor command - Left: 3239.123779, Right: 3265.981201[0m
[0m[ INFO] [1746508597.578211298]: Target - x: 1530.000000, y: 0.000000, phi: 0.000000[0m
[0m[ INFO] [1746508597.578375685]: Current - x: 1144.915161, y: 436.884918, phi: -5.827455[0m
[0m[ INFO] [1746508597.578496454]: Error - x: 385.084839, y: -436.884918[0m
[0m[ INFO] [1746508597.578591240]: error_y: -436.884918[0m
[0m[ INFO] [1746508597.578647208]: integral_error_y: -100.000000[0m
[0m[ INFO] [1746508597.578715753]: w: 81.982712[0m
[0m[ INFO] [1746508597.578789706]: Publishing motor command - Left: 3188.639648, Right: 3229.441162[0m
[0m[ INFO] [1746508597.677355727]: Target - x: 1560.000000, y: 0.000000, phi: 0.000000[0m
[0m[ INFO] [1746508597.677493329]: Current - x: 1179.692261, y: 433.417511, phi: -6.521817[0m
[0m[ INFO] [1746508597.677556850]: Error - x: 380.307739, y: -433.417511[0m
[0m[ INFO] [1746508597.677622354]: error_y: -433.417511[0m
[0m[ INFO] [1746508597.677707348]: integral_error_y: -100.000000[0m
[0m[ INFO] [1746508597.677783477]: w: 129.031967[0m
[0m[ INFO] [1746508597.677848310]: Publishing motor command - Left: 3137.122314, Right: 3201.339844[0m
[0m[ INFO] [1746508597.779923596]: Target - x: 1590.000000, y: 0.000000, phi: 0.000000[0m
[0m[ INFO] [1746508597.780075886]: Current - x: 1215.434448, y: 429.516418, phi: -7.324721[0m
[0m[ INFO] [1746508597.780241905]: Error - x: 374.565552, y: -429.516418[0m
[0m[ INFO] [1746508597.780311858]: error_y: -429.516418[0m
[0m[ INFO] [1746508597.780381203]: integral_error_y: -100.000000[0m
[0m[ INFO] [1746508597.780433555]: w: 174.351044[0m
[0m[ INFO] [1746508597.780506804]: Publishing motor command - Left: 3077.993408, Right: 3164.765625[0m
[0m[ INFO] [1746508597.876847897]: Target - x: 1620.000000, y: 0.000000, phi: 0.000000[0m
[0m[ INFO] [1746508597.876941562]: Current - x: 1249.943604, y: 425.457489, phi: -7.697650[0m
[0m[ INFO] [1746508597.877017403]: Error - x: 370.056396, y: -425.457489[0m
[0m[ INFO] [1746508597.877111260]: error_y: -425.457489[0m
[0m[ INFO] [1746508597.877185054]: integral_error_y: -100.000000[0m
[0m[ INFO] [1746508597.877239742]: w: 192.164200[0m
[0m[ INFO] [1746508597.877282911]: Publishing motor command - Left: 3035.984619, Right: 3131.622070[0m
[0m[ INFO] [1746508597.979897565]: Target - x: 1650.000000, y: 0.000000, phi: 0.000000[0m
[0m[ INFO] [1746508597.980015263]: Current - x: 1283.393433, y: 421.015747, phi: -8.176126[0m
[0m[ INFO] [1746508597.980142849]: Error - x: 366.606567, y: -421.015747[0m
[0m[ INFO] [1746508597.980218050]: error_y: -421.015747[0m
[0m[ INFO] [1746508597.980344612]: integral_error_y: -100.000000[0m
[0m[ INFO] [1746508597.980418245]: w: 232.666321[0m
[0m[ INFO] [1746508597.980536934]: Publishing motor command - Left: 2997.157471, Right: 3112.951904[0m
[0m[ INFO] [1746508598.076705480]: Target - x: 1680.000000, y: 0.000000, phi: 0.000000[0m
[0m[ INFO] [1746508598.076836138]: Current - x: 1317.008667, y: 416.297058, phi: -8.761948[0m
[0m[ INFO] [1746508598.076923339]: Error - x: 362.991333, y: -416.297058[0m
[0m[ INFO] [1746508598.076984300]: error_y: -416.297058[0m
[0m[ INFO] [1746508598.077027469]: integral_error_y: -100.000000[0m
[0m[ INFO] [1746508598.077254000]: w: 262.720367[0m
[0m[ INFO] [1746508598.077311633]: Publishing motor command - Left: 2959.551758, Right: 3090.303711[0m
[0m[ INFO] [1746508598.185178170]: Target - x: 1710.000000, y: 0.000000, phi: 0.000000[0m
[0m[ INFO] [1746508598.185303324]: Current - x: 1349.983398, y: 411.355957, phi: -9.453915[0m
[0m[ INFO] [1746508598.185398941]: Error - x: 360.016602, y: -411.355957[0m
[0m[ INFO] [1746508598.185461758]: error_y: -411.355957[0m
[0m[ INFO] [1746508598.185516927]: integral_error_y: -100.000000[0m
[0m[ INFO] [1746508598.185550559]: w: 287.432129[0m
[0m[ INFO] [1746508598.185601120]: Publishing motor command - Left: 2928.613037, Right: 3071.663818[0m
[0m[ INFO] [1746508598.277005949]: Target - x: 1740.000000, y: 0.000000, phi: 0.000000[0m
[0m[ INFO] [1746508598.277106303]: Current - x: 1383.505127, y: 406.013702, phi: -10.039736[0m
[0m[ INFO] [1746508598.277157535]: Error - x: 356.494873, y: -406.013702[0m
[0m[ INFO] [1746508598.277201312]: error_y: -406.013702[0m
[0m[ INFO] [1746508598.277290529]: integral_error_y: -100.000000[0m
[0m[ INFO] [1746508598.277347714]: w: 330.218628[0m
[0m[ INFO] [1746508598.277547301]: Publishing motor command - Left: 2888.618164, Right: 3052.963135[0m
[0m[ INFO] [1746508598.382067998]: Target - x: 1770.000000, y: 0.000000, phi: 0.000000[0m
[0m[ INFO] [1746508598.382653927]: Current - x: 1416.186890, y: 400.525818, phi: -10.196179[0m
[0m[ INFO] [1746508598.385280556]: Error - x: 353.813110, y: -400.525818[0m
[0m[ INFO] [1746508598.385727059]: error_y: -400.525818[0m
[0m[ INFO] [1746508598.385786740]: integral_error_y: -100.000000[0m
[0m[ INFO] [1746508598.385867957]: w: 347.525543[0m
[0m[ INFO] [1746508598.385930742]: Publishing motor command - Left: 2861.963623, Right: 3034.921875[0m
[0m[ INFO] [1746508598.477249650]: Target - x: 1800.000000, y: 0.000000, phi: 0.000000[0m
[0m[ INFO] [1746508598.477479701]: Current - x: 1449.408813, y: 394.629120, phi: -10.246477[0m
[0m[ INFO] [1746508598.477656504]: Error - x: 350.591187, y: -394.629120[0m
[0m[ INFO] [1746508598.477826202]: error_y: -394.629120[0m
[0m[ INFO] [1746508598.477944348]: integral_error_y: -100.000000[0m
[0m[ INFO] [1746508598.478004477]: w: 391.355225[0m
[0m[ INFO] [1746508598.478743239]: Publishing motor command - Left: 2824.207275, Right: 3018.978760[0m
[0m[ INFO] [1746508598.578951907]: Target - x: 1830.000000, y: 0.000000, phi: 0.000000[0m
[0m[ INFO] [1746508598.579142085]: Current - x: 1483.373413, y: 388.307739, phi: -10.940241[0m
[0m[ INFO] [1746508598.579216903]: Error - x: 346.626587, y: -388.307739[0m
[0m[ INFO] [1746508598.579272039]: error_y: -388.307739[0m
[0m[ INFO] [1746508598.579347304]: integral_error_y: -100.000000[0m
[0m[ INFO] [1746508598.579417385]: w: 436.984192[0m
[0m[ INFO] [1746508598.579489994]: Publishing motor command - Left: 2779.814697, Right: 2997.295166[0m
[0m[ INFO] [1746508598.677060928]: Target - x: 1860.000000, y: 0.000000, phi: 0.000000[0m
[0m[ INFO] [1746508598.677218082]: Current - x: 1514.993042, y: 382.578339, phi: -10.988144[0m
[0m[ INFO] [1746508598.677317636]: Error - x: 345.006958, y: -382.578339[0m
[0m[ INFO] [1746508598.677391077]: error_y: -382.578339[0m
[0m[ INFO] [1746508598.678425556]: integral_error_y: -100.000000[0m
[0m[ INFO] [1746508598.678592246]: w: 380.650879[0m
[0m[ INFO] [1746508598.678726712]: Publishing motor command - Left: 2780.335938, Right: 2969.780029[0m
[0m[ INFO] [1746508598.783251825]: Target - x: 1890.000000, y: 0.000000, phi: 0.000000[0m
[0m[ INFO] [1746508598.783364947]: Current - x: 1546.955933, y: 376.509766, phi: -10.608466[0m
[0m[ INFO] [1746508598.783453108]: Error - x: 343.044067, y: -376.509766[0m
[0m[ INFO] [1746508598.784097822]: error_y: -376.509766[0m
[0m[ INFO] [1746508598.784218687]: integral_error_y: -100.000000[0m
[0m[ INFO] [1746508598.784273024]: w: 417.602417[0m
[0m[ INFO] [1746508598.784324769]: Publishing motor command - Left: 2754.783203, Right: 2962.617920[0m
[0m[ INFO] [1746508598.877102226]: Target - x: 1920.000000, y: 0.000000, phi: 0.000000[0m
[0m[ INFO] [1746508598.877543832]: Current - x: 1578.871704, y: 370.174927, phi: -11.085147[0m
[0m[ INFO] [1746508598.877614905]: Error - x: 341.128296, y: -370.174927[0m
[0m[ INFO] [1746508598.877663994]: error_y: -370.174927[0m
[0m[ INFO] [1746508598.877881341]: integral_error_y: -100.000000[0m
[0m[ INFO] [1746508598.877952478]: w: 447.396423[0m
[0m[ INFO] [1746508598.877990111]: Publishing motor command - Left: 2731.404297, Right: 2954.067139[0m
[0m[ INFO] [1746508598.978219290]: Target - x: 1950.000000, y: 0.000000, phi: 0.000000[0m
[0m[ INFO] [1746508598.978382461]: Current - x: 1610.656738, y: 364.238525, phi: -11.026304[0m
[0m[ INFO] [1746508598.978468894]: Error - x: 339.343262, y: -364.238525[0m
[0m[ INFO] [1746508598.978543615]: error_y: -364.238525[0m
[0m[ INFO] [1746508598.978595872]: integral_error_y: -100.000000[0m
[0m[ INFO] [1746508598.978643936]: w: 410.520874[0m
[0m[ INFO] [1746508598.978725282]: Publishing motor command - Left: 2725.705566, Right: 2930.015625[0m
[0m[ INFO] [1746508599.077162276]: Target - x: 1980.000000, y: 0.000000, phi: 0.000000[0m
[0m[ INFO] [1746508599.077291397]: Current - x: 1641.815430, y: 358.241302, phi: -10.645430[0m
[0m[ INFO] [1746508599.077347910]: Error - x: 338.184570, y: -358.241302[0m
[0m[ INFO] [1746508599.077534889]: error_y: -358.241302[0m
[0m[ INFO] [1746508599.077588330]: integral_error_y: -100.000000[0m
[0m[ INFO] [1746508599.077631466]: w: 419.601624[0m
[0m[ INFO] [1746508599.077681707]: Publishing motor command - Left: 2713.790039, Right: 2922.619385[0m
[0m[ INFO] [1746508599.181746366]: Target - x: 2010.000000, y: 0.000000, phi: 0.000000[0m
[0m[ INFO] [1746508599.181860735]: Current - x: 1673.535278, y: 351.954285, phi: -11.014766[0m
[0m[ INFO] [1746508599.181898752]: Error - x: 336.464722, y: -351.954285[0m
[0m[ INFO] [1746508599.181955041]: error_y: -351.954285[0m
[0m[ INFO] [1746508599.181996033]: integral_error_y: -100.000000[0m
[0m[ INFO] [1746508599.182059362]: w: 451.724640[0m
[0m[ INFO] [1746508599.182554921]: Publishing motor command - Left: 2691.464355, Right: 2916.281006[0m
[0m[ INFO] [1746508599.276453770]: Target - x: 2010.000000, y: 0.000000, phi: 0.000000[0m
[0m[ INFO] [1746508599.276590220]: Current - x: 1705.124146, y: 346.064087, phi: -10.848579[0m
[0m[ INFO] [1746508599.276688654]: Error - x: 304.875854, y: -346.064087[0m
[0m[ INFO] [1746508599.277235509]: Publishing motor command - Left: -836.872559, Right: 836.872559[0m
[0m[ INFO] [1746508599.386159182]: Target - x: 2010.000000, y: 0.000000, phi: 0.000000[0m
[0m[ INFO] [1746508599.386250511]: Current - x: 1735.865479, y: 340.007721, phi: -11.109374[0m
[0m[ INFO] [1746508599.386307088]: Error - x: 274.134521, y: -340.007721[0m
[0m[ INFO] [1746508599.386365009]: Publishing motor command - Left: -182.093338, Right: 182.093338[0m
[0m[ INFO] [1746508599.476616541]: Target - x: 2010.000000, y: 0.000000, phi: 0.000000[0m
[0m[ INFO] [1746508599.476731647]: Current - x: 1736.378296, y: 339.986755, phi: 5.909833[0m
[0m[ INFO] [1746508599.476768863]: Error - x: 273.621704, y: -339.986755[0m
[0m[ INFO] [1746508599.476809376]: Publishing motor command - Left: 1147.013062, Right: -1147.013062[0m
[0m[ INFO] [1746508599.576678231]: Target - x: 2010.000000, y: 0.000000, phi: 0.000000[0m
[0m[ INFO] [1746508599.576799960]: Current - x: 1764.361206, y: 334.481201, phi: 5.867319[0m
[0m[ INFO] [1746508599.576880889]: Error - x: 245.638794, y: -334.481201[0m
[0m[ INFO] [1746508599.576963131]: Publishing motor command - Left: 84.957535, Right: -84.957535[0m
[0m[ INFO] [1746508599.677359865]: Target - x: 2010.000000, y: 0.000000, phi: 0.000000[0m
[0m[ INFO] [1746508599.677583932]: Current - x: 1782.561157, y: 336.206268, phi: 4.876672[0m
[0m[ INFO] [1746508599.677668893]: Error - x: 227.438843, y: -336.206268[0m
[0m[ INFO] [1746508599.677719902]: Publishing motor command - Left: 11.182647, Right: -11.182647[0m
[0m[ INFO] [1746508599.777275728]: Target - x: 2010.000000, y: 0.000000, phi: 0.000000[0m
[0m[ INFO] [1746508599.777656885]: Current - x: 1793.995605, y: 337.045868, phi: 1.541222[0m
[0m[ INFO] [1746508599.777717398]: Error - x: 216.004395, y: -337.045868[0m
[0m[ INFO] [1746508599.777773143]: Publishing motor command - Left: -184.489273, Right: 184.489273[0m
[0m[ INFO] [1746508599.877010596]: Target - x: 2010.000000, y: 0.000000, phi: 0.000000[0m
[0m[ INFO] [1746508599.877123110]: Current - x: 1801.633911, y: 337.467346, phi: -1.895585[0m
[0m[ INFO] [1746508599.877182183]: Error - x: 208.366089, y: -337.467346[0m
[0m[ INFO] [1746508599.877240232]: Publishing motor command - Left: -242.108154, Right: 242.108154[0m
[0m[ INFO] [1746508599.977068126]: Target - x: 2010.000000, y: 0.000000, phi: 0.000000[0m
[0m[ INFO] [1746508599.977219744]: Current - x: 1809.678467, y: 337.532593, phi: -4.048455[0m
[0m[ INFO] [1746508599.977304353]: Error - x: 200.321533, y: -337.532593[0m
[0m[ INFO] [1746508599.977368546]: Publishing motor command - Left: -194.377090, Right: 194.377090[0m
[0m[ INFO] [1746508600.084266077]: Target - x: 2010.000000, y: 0.000000, phi: 0.000000[0m
[0m[ INFO] [1746508600.084375038]: Current - x: 1818.112671, y: 337.142059, phi: -5.559655[0m
[0m[ INFO] [1746508600.084440799]: Error - x: 191.887329, y: -337.142059[0m
[0m[ INFO] [1746508600.084502880]: Publishing motor command - Left: -177.021500, Right: 177.021500[0m
[0m[ INFO] [1746508600.184740924]: Target - x: 2010.000000, y: 0.000000, phi: 0.000000[0m
[0m[ INFO] [1746508600.184903774]: Current - x: 1827.927979, y: 336.363098, phi: -6.537727[0m
[0m[ INFO] [1746508600.184970559]: Error - x: 182.072021, y: -336.363098[0m
[0m[ INFO] [1746508600.185052128]: Publishing motor command - Left: -158.458420, Right: 158.458420[0m
[0m[ INFO] [1746508600.279869646]: Target - x: 2010.000000, y: 0.000000, phi: 0.000000[0m
[0m[ INFO] [1746508600.280258548]: Current - x: 1839.521729, y: 335.232788, phi: -6.555092[0m
[0m[ INFO] [1746508600.280443735]: Error - x: 170.478271, y: -335.232788[0m
[0m[ INFO] [1746508600.280596153]: Publishing motor command - Left: -98.951469, Right: 98.951469[0m
[0m[ INFO] [1746508600.376635384]: Target - x: 2010.000000, y: 0.000000, phi: 0.000000[0m
[0m[ INFO] [1746508600.376730682]: Current - x: 1850.696777, y: 333.971619, phi: -6.357769[0m
[0m[ INFO] [1746508600.376807227]: Error - x: 159.303223, y: -333.971619[0m
[0m[ INFO] [1746508600.376862843]: Publishing motor command - Left: -82.649391, Right: 82.649391[0m
[0m[ INFO] [1746508600.476922325]: Target - x: 2010.000000, y: 0.000000, phi: 0.000000[0m
[0m[ INFO] [1746508600.477006902]: Current - x: 1860.672974, y: 332.823914, phi: -6.372738[0m
[0m[ INFO] [1746508600.477075031]: Error - x: 149.327026, y: -332.823914[0m
[0m[ INFO] [1746508600.477176472]: Publishing motor command - Left: -96.079811, Right: 96.079811[0m
[0m[ INFO] [1746508600.584503129]: Target - x: 2010.000000, y: 0.000000, phi: 0.000000[0m
[0m[ INFO] [1746508600.584625339]: Current - x: 1870.453979, y: 331.742096, phi: -6.280364[0m
[0m[ INFO] [1746508600.584715068]: Error - x: 139.546021, y: -331.742096[0m
[0m[ INFO] [1746508600.584756797]: Publishing motor command - Left: -88.022636, Right: 88.022636[0m
[0m[ INFO] [1746508600.677347787]: Target - x: 2010.000000, y: 0.000000, phi: 0.000000[0m
[0m[ INFO] [1746508600.677566254]: Current - x: 1879.834595, y: 330.684357, phi: -6.401480[0m
[0m[ INFO] [1746508600.677648335]: Error - x: 130.165405, y: -330.684357[0m
[0m[ INFO] [1746508600.677712016]: Publishing motor command - Left: -103.112373, Right: 103.112373[0m
[0m[ INFO] [1746508600.776867900]: Target - x: 2010.000000, y: 0.000000, phi: 0.000000[0m
[0m[ INFO] [1746508600.776989982]: Current - x: 1889.018433, y: 329.689880, phi: -6.201162[0m
[0m[ INFO] [1746508600.777093568]: Error - x: 120.981567, y: -329.689880[0m
[0m[ INFO] [1746508600.777202273]: Publishing motor command - Left: -80.124931, Right: 80.124931[0m
[0m[ INFO] [1746508600.877604799]: Target - x: 2010.000000, y: 0.000000, phi: 0.000000[0m
[0m[ INFO] [1746508600.877734497]: Current - x: 1897.201172, y: 328.763214, phi: -6.320482[0m
[0m[ INFO] [1746508600.877949636]: Error - x: 112.798828, y: -328.763214[0m
[0m[ INFO] [1746508600.878006597]: Publishing motor command - Left: -101.791290, Right: 101.791290[0m
[0m[ INFO] [1746508600.977106704]: Target - x: 2010.000000, y: 0.000000, phi: 0.000000[0m
[0m[ INFO] [1746508600.977230098]: Current - x: 1905.188110, y: 327.909637, phi: -6.118369[0m
[0m[ INFO] [1746508600.977300307]: Error - x: 104.811890, y: -327.909637[0m
[0m[ INFO] [1746508600.977366324]: Publishing motor command - Left: -78.777031, Right: 78.777031[0m
[0m[ INFO] [1746508601.076741635]: Target - x: 2010.000000, y: 0.000000, phi: 0.000000[0m
[0m[ INFO] [1746508601.076839876]: Current - x: 1911.975098, y: 327.157288, phi: -6.128548[0m
[0m[ INFO] [1746508601.076890629]: Error - x: 98.024902, y: -327.157288[0m
[0m[ INFO] [1746508601.076974182]: Publishing motor command - Left: -92.135918, Right: 92.135918[0m
[0m[ INFO] [1746508601.176922302]: Target - x: 2010.000000, y: 0.000000, phi: 0.000000[0m
[0m[ INFO] [1746508601.177017759]: Current - x: 1918.964600, y: 326.414001, phi: -6.031982[0m
[0m[ INFO] [1746508601.177059392]: Error - x: 91.035400, y: -326.414001[0m
[0m[ INFO] [1746508601.177114112]: Publishing motor command - Left: -84.053406, Right: 84.053406[0m
[0m[ INFO] [1746508601.276714707]: Target - x: 2010.000000, y: 0.000000, phi: 0.000000[0m
[0m[ INFO] [1746508601.276830580]: Current - x: 1926.153442, y: 325.641449, phi: -6.042760[0m
[0m[ INFO] [1746508601.276921910]: Error - x: 83.846558, y: -325.641449[0m
[0m[ INFO] [1746508601.276966870]: Publishing motor command - Left: -90.892273, Right: 90.892273[0m
[0m[ INFO] [1746508601.380008346]: Target - x: 2010.000000, y: 0.000000, phi: 0.000000[0m
[0m[ INFO] [1746508601.380323935]: Current - x: 1932.544678, y: 324.965546, phi: -6.052341[0m
[0m[ INFO] [1746508601.380425600]: Error - x: 77.455322, y: -324.965546[0m
[0m[ INFO] [1746508601.380498593]: Publishing motor command - Left: -90.960838, Right: 90.960838[0m
[0m[ INFO] [1746508601.477886996]: Target - x: 2010.000000, y: 0.000000, phi: 0.000000[0m
[0m[ INFO] [1746508601.478029814]: Current - x: 1938.136963, y: 324.373138, phi: -6.060724[0m
[0m[ INFO] [1746508601.478202008]: Error - x: 71.863037, y: -324.373138[0m
[0m[ INFO] [1746508601.478268441]: Publishing motor command - Left: -91.011513, Right: 91.011513[0m
[0m[ INFO] [1746508601.620251850]: Target - x: 2010.000000, y: 0.000000, phi: 0.000000[0m
[0m[ INFO] [1746508601.620334924]: Current - x: 1943.729004, y: 323.790375, phi: -5.855017[0m
[0m[ INFO] [1746508601.620429357]: Error - x: 66.270996, y: -323.790375[0m
[0m[ INFO] [1746508601.620483534]: Publishing motor command - Left: -74.621529, Right: 74.621529[0m
[0m[ INFO] [1746508601.676671634]: Target - x: 2010.000000, y: 0.000000, phi: 0.000000[0m
[0m[ INFO] [1746508601.676757172]: Current - x: 1948.322632, y: 323.298035, phi: -5.968948[0m
[0m[ INFO] [1746508601.676796564]: Error - x: 61.677368, y: -323.298035[0m
[0m[ INFO] [1746508601.676882069]: Publishing motor command - Left: -96.207420, Right: 96.207420[0m
[0m[ INFO] [1746508601.782904964]: Target - x: 2010.000000, y: 0.000000, phi: 0.000000[0m
[0m[ INFO] [1746508601.783022853]: Current - x: 1952.717773, y: 322.855347, phi: -5.761445[0m
[0m[ INFO] [1746508601.783087174]: Error - x: 57.282227, y: -322.855347[0m
[0m[ INFO] [1746508601.783141191]: Publishing motor command - Left: -73.112701, Right: 73.112701[0m
[0m[ INFO] [1746508601.880827966]: Target - x: 2010.000000, y: 0.000000, phi: 0.000000[0m
[0m[ INFO] [1746508601.880917279]: Current - x: 1957.111938, y: 322.403961, phi: -5.553942[0m
[0m[ INFO] [1746508601.880957664]: Error - x: 52.888062, y: -322.403961[0m
[0m[ INFO] [1746508601.880996672]: Publishing motor command - Left: -70.014565, Right: 70.014565[0m
[0m[ INFO] [1746508601.983239865]: Target - x: 2010.000000, y: 0.000000, phi: 0.000000[0m
[0m[ INFO] [1746508601.984709006]: Current - x: 1960.509277, y: 322.057831, phi: -5.666077[0m
[0m[ INFO] [1746508601.986548584]: Error - x: 49.490723, y: -322.057831[0m
[0m[ INFO] [1746508601.986780587]: Publishing motor command - Left: -91.573639, Right: 91.573639[0m
[0m[ INFO] [1746508602.076781684]: Target - x: 2010.000000, y: 0.000000, phi: 0.000000[0m
[0m[ INFO] [1746508602.076884405]: Current - x: 1963.506836, y: 321.774689, phi: -5.349433[0m
[0m[ INFO] [1746508602.076963575]: Error - x: 46.493164, y: -321.774689[0m
[0m[ INFO] [1746508602.077061912]: Publishing motor command - Left: -60.171436, Right: 60.171436[0m
[0m[ INFO] [1746508602.178035838]: Target - x: 2010.000000, y: 0.000000, phi: 0.000000[0m
[0m[ INFO] [1746508602.178212992]: Current - x: 1965.704956, y: 321.558624, phi: -5.245682[0m
[0m[ INFO] [1746508602.178282945]: Error - x: 44.295044, y: -321.558624[0m
[0m[ INFO] [1746508602.178359490]: Publishing motor command - Left: -71.866493, Right: 71.866493[0m
[0m[ INFO] [1746508602.277202026]: Target - x: 2010.000000, y: 0.000000, phi: 0.000000[0m
[0m[ INFO] [1746508602.277360460]: Current - x: 1967.901123, y: 321.371521, phi: -4.285573[0m
[0m[ INFO] [1746508602.277422029]: Error - x: 42.098877, y: -321.371521[0m
[0m[ INFO] [1746508602.277563503]: Publishing motor command - Left: -4.256995, Right: 4.256995[0m
[0m[ INFO] [1746508602.383121238]: Target - x: 2010.000000, y: 0.000000, phi: 0.000000[0m
[0m[ INFO] [1746508602.383278329]: Current - x: 1973.298828, y: 320.961914, phi: -2.473897[0m
[0m[ INFO] [1746508602.383408795]: Error - x: 36.701172, y: -320.961914[0m
[0m[ INFO] [1746508602.383473659]: Publishing motor command - Left: 75.768883, Right: -75.768883[0m
[0m[ INFO] [1746508602.476802388]: Target - x: 2010.000000, y: 0.000000, phi: 0.000000[0m
[0m[ INFO] [1746508602.476935030]: Current - x: 1980.508667, y: 320.434479, phi: -2.270586[0m
[0m[ INFO] [1746508602.477017527]: Error - x: 29.491333, y: -320.434479[0m
[0m[ INFO] [1746508602.477103736]: Publishing motor command - Left: -21.252989, Right: 21.252989[0m
[0m[ INFO] [1746508602.578965131]: Target - x: 2010.000000, y: 0.000000, phi: 0.000000[0m
[0m[ INFO] [1746508602.579080268]: Current - x: 1986.730347, y: 320.136047, phi: -2.815090[0m
[0m[ INFO] [1746508602.579173518]: Error - x: 23.269653, y: -320.136047[0m
[0m[ INFO] [1746508602.579283823]: Publishing motor command - Left: -75.904854, Right: 75.904854[0m
[0m[ INFO] [1746508602.677075047]: Target - x: 2010.000000, y: 0.000000, phi: 0.000000[0m
[0m[ INFO] [1746508602.677221898]: Current - x: 1992.551147, y: 319.888458, phi: -3.144907[0m
[0m[ INFO] [1746508602.677277130]: Error - x: 17.448853, y: -319.888458[0m
[0m[ INFO] [1746508602.677332075]: Publishing motor command - Left: -67.473320, Right: 67.473320[0m
[0m[ INFO] [1746508602.779105052]: Target - x: 2010.000000, y: 0.000000, phi: 0.000000[0m
[0m[ INFO] [1746508602.779468578]: Current - x: 1997.966919, y: 319.626862, phi: -3.045946[0m
[0m[ INFO] [1746508602.779624996]: Error - x: 12.033081, y: -319.626862[0m
[0m[ INFO] [1746508602.780005353]: Publishing motor command - Left: -39.321232, Right: 39.321232[0m
[0m[ INFO] [1746508602.878083814]: Target - x: 2010.000000, y: 0.000000, phi: 0.000000[0m
[0m[ INFO] [1746508602.878260072]: Current - x: 2003.381104, y: 319.334045, phi: -2.946985[0m
[0m[ INFO] [1746508602.878322601]: Error - x: 6.618896, y: -319.334045[0m
[0m[ INFO] [1746508602.878365546]: Publishing motor command - Left: -37.843689, Right: 37.843689[0m
[0m[ INFO] [1746508602.976912941]: Target - x: 2010.000000, y: 0.000000, phi: 0.000000[0m
[0m[ INFO] [1746508602.977079535]: Current - x: 2008.594971, y: 319.066040, phi: -2.740680[0m
[0m[ INFO] [1746508602.977141648]: Error - x: 1.405029, y: -319.066040[0m
[0m[ INFO] [1746508602.977200113]: Publishing motor command - Left: -28.085503, Right: 28.085503[0m
[0m[ INFO] [1746508603.077196361]: Target - x: 2010.000000, y: 0.000000, phi: 0.000000[0m
[0m[ INFO] [1746508603.077353547]: Current - x: 2013.208496, y: 318.823944, phi: -2.854610[0m
[0m[ INFO] [1746508603.077454636]: Error - x: -3.208496, y: -318.823944[0m
[0m[ INFO] [1746508603.079168677]: Publishing motor command - Left: -49.708630, Right: 49.708630[0m
[0m[ INFO] [1746508603.188046044]: Target - x: 2010.000000, y: 0.000000, phi: 0.000000[0m
[0m[ INFO] [1746508603.188161725]: Current - x: 2017.421021, y: 318.625977, phi: -2.753853[0m
[0m[ INFO] [1746508603.188258911]: Error - x: -7.421021, y: -318.625977[0m
[0m[ INFO] [1746508603.188299839]: Publishing motor command - Left: -34.848362, Right: 34.848362[0m
[0m[ INFO] [1746508603.277754720]: Target - x: 2010.000000, y: 0.000000, phi: 0.000000[0m
[0m[ INFO] [1746508603.277871010]: Current - x: 2022.034180, y: 318.399994, phi: -2.653694[0m
[0m[ INFO] [1746508603.277928291]: Error - x: -12.034180, y: -318.399994[0m
[0m[ INFO] [1746508603.278037124]: Publishing motor command - Left: -33.390194, Right: 33.390194[0m
[0m[ INFO] [1746508603.385711530]: Target - x: 2010.000000, y: 0.000000, phi: 0.000000[0m
[0m[ INFO] [1746508603.385804619]: Current - x: 2026.046387, y: 318.206787, phi: -2.659682[0m
[0m[ INFO] [1746508603.385844908]: Error - x: -16.046387, y: -318.206787[0m
[0m[ INFO] [1746508603.385894892]: Publishing motor command - Left: -40.083042, Right: 40.083042[0m
[0m[ INFO] [1746508603.484318254]: Target - x: 2010.000000, y: 0.000000, phi: 0.000000[0m
[0m[ INFO] [1746508603.484431823]: Current - x: 2029.857788, y: 318.033508, phi: -2.558326[0m
[0m[ INFO] [1746508603.484519376]: Error - x: -19.857788, y: -318.033508[0m
[0m[ INFO] [1746508603.484560977]: Publishing motor command - Left: -31.891787, Right: 31.891787[0m
[0m[ INFO] [1746508603.583001266]: Target - x: 2010.000000, y: 0.000000, phi: 0.000000[0m
[0m[ INFO] [1746508603.583161365]: Current - x: 2033.669312, y: 317.859833, phi: -2.456969[0m
[0m[ INFO] [1746508603.583466553]: Error - x: -23.669312, y: -317.859833[0m
[0m[ INFO] [1746508603.584533608]: Publishing motor command - Left: -30.378485, Right: 30.378485[0m
[0m[ INFO] [1746508603.678483721]: Target - x: 2010.000000, y: 0.000000, phi: 0.000000[0m
[0m[ INFO] [1746508603.678678732]: Current - x: 2037.079712, y: 317.710510, phi: -2.355015[0m
[0m[ INFO] [1746508603.678899631]: Error - x: -27.079712, y: -317.710510[0m
[0m[ INFO] [1746508603.679066610]: Publishing motor command - Left: -28.818995, Right: 28.818995[0m
[0m[ INFO] [1746508603.777433202]: Target - x: 2010.000000, y: 0.000000, phi: 0.000000[0m
[0m[ INFO] [1746508603.777593684]: Current - x: 2040.289307, y: 317.578644, phi: -2.145715[0m
[0m[ INFO] [1746508603.777702294]: Error - x: -30.289307, y: -317.578644[0m
[0m[ INFO] [1746508603.777827256]: Publishing motor command - Left: -19.016077, Right: 19.016077[0m
[0m[ INFO] [1746508603.877311528]: Target - x: 2010.000000, y: 0.000000, phi: 0.000000[0m
[0m[ INFO] [1746508603.877478570]: Current - x: 2043.299805, y: 317.451904, phi: -2.257251[0m
[0m[ INFO] [1746508603.877622797]: Error - x: -33.299805, y: -317.451904[0m
[0m[ INFO] [1746508603.877826831]: Publishing motor command - Left: -40.640728, Right: 40.640728[0m
[0m[ INFO] [1746508603.985100143]: Target - x: 2010.000000, y: 0.000000, phi: 0.000000[0m
[0m[ INFO] [1746508603.985298578]: Current - x: 2046.108765, y: 317.351837, phi: -2.047353[0m
[0m[ INFO] [1746508603.985340787]: Error - x: -36.108765, y: -317.351837[0m
[0m[ INFO] [1746508603.985411188]: Publishing motor command - Left: -17.510229, Right: 17.510229[0m
[0m[ INFO] [1746508604.078330118]: Target - x: 2010.000000, y: 0.000000, phi: 0.000000[0m
[0m[ INFO] [1746508604.078803565]: Current - x: 2048.717041, y: 317.251373, phi: -1.944200[0m
[0m[ INFO] [1746508604.079060624]: Error - x: -38.717041, y: -317.251373[0m
[0m[ INFO] [1746508604.079244723]: Publishing motor command - Left: -22.610802, Right: 22.610802[0m
[0m[ INFO] [1746508604.182806494]: Target - x: 2010.000000, y: 0.000000, phi: 0.000000[0m
[0m[ INFO] [1746508604.182930847]: Current - x: 2051.125732, y: 317.165192, phi: -1.947793[0m
[0m[ INFO] [1746508604.182993696]: Error - x: -41.125732, y: -317.165192[0m
[0m[ INFO] [1746508604.183660426]: Publishing motor command - Left: -29.305143, Right: 29.305143[0m
[0m[ INFO] [1746508604.277610699]: Target - x: 2010.000000, y: 0.000000, phi: 0.000000[0m
[0m[ INFO] [1746508604.277781037]: Current - x: 2053.533447, y: 317.087891, phi: -1.737296[0m
[0m[ INFO] [1746508604.277878575]: Error - x: -43.533447, y: -317.087891[0m
[0m[ INFO] [1746508604.278097138]: Publishing motor command - Left: -12.843669, Right: 12.843669[0m
[0m[ INFO] [1746508604.385249488]: Target - x: 2010.000000, y: 0.000000, phi: 0.000000[0m
[0m[ INFO] [1746508604.385339569]: Current - x: 2056.143311, y: 316.996582, phi: -1.848233[0m
[0m[ INFO] [1746508604.385378706]: Error - x: -46.143311, y: -316.996582[0m
[0m[ INFO] [1746508604.385434258]: Publishing motor command - Left: -34.496601, Right: 34.496601[0m
[0m[ INFO] [1746508604.485054085]: Target - x: 2010.000000, y: 0.000000, phi: 0.000000[0m
[0m[ INFO] [1746508604.485454058]: Current - x: 2058.752441, y: 316.919800, phi: -1.745081[0m
[0m[ INFO] [1746508604.485548972]: Error - x: -48.752441, y: -316.919800[0m
[0m[ INFO] [1746508604.485640141]: Publishing motor command - Left: -19.637831, Right: 19.637831[0m
[0m[ INFO] [1746508604.577722739]: Target - x: 2010.000000, y: 0.000000, phi: 0.000000[0m
[0m[ INFO] [1746508604.579225033]: Current - x: 2060.758789, y: 316.858765, phi: -1.533985[0m
[0m[ INFO] [1746508604.579518381]: Error - x: -50.758789, y: -316.858765[0m
[0m[ INFO] [1746508604.579634351]: Publishing motor command - Left: -9.770865, Right: 9.770865[0m
[0m[ INFO] [1746508604.677426342]: Target - x: 2010.000000, y: 0.000000, phi: 0.000000[0m
[0m[ INFO] [1746508604.677565704]: Current - x: 2062.566162, y: 316.801971, phi: -1.643724[0m
[0m[ INFO] [1746508604.677670442]: Error - x: -52.566162, y: -316.801971[0m
[0m[ INFO] [1746508604.677751723]: Publishing motor command - Left: -31.368668, Right: 31.368668[0m
[0m[ INFO] [1746508604.783570646]: Target - x: 2010.000000, y: 0.000000, phi: 0.000000[0m
[0m[ INFO] [1746508604.783663895]: Current - x: 2064.774170, y: 316.744843, phi: -1.539973[0m
[0m[ INFO] [1746508604.783736280]: Error - x: -54.774170, y: -316.744843[0m
[0m[ INFO] [1746508604.784143742]: Publishing motor command - Left: -16.538210, Right: 16.538210[0m
[0m[ INFO] [1746508604.878613639]: Target - x: 2010.000000, y: 0.000000, phi: 0.000000[0m
[0m[ INFO] [1746508604.879086029]: Current - x: 2066.780518, y: 316.690948, phi: -1.328877[0m
[0m[ INFO] [1746508604.879268784]: Error - x: -56.780518, y: -316.690948[0m
[0m[ INFO] [1746508604.879402706]: Publishing motor command - Left: -6.708495, Right: 6.708495[0m
[0m[ INFO] [1746508604.979764143]: Target - x: 2010.000000, y: 0.000000, phi: 0.000000[0m
[0m[ INFO] [1746508604.979954705]: Current - x: 2068.588135, y: 316.640625, phi: -1.438617[0m
[0m[ INFO] [1746508604.980052339]: Error - x: -58.588135, y: -316.640625[0m
[0m[ INFO] [1746508604.980166804]: Publishing motor command - Left: -28.306295, Right: 28.306295[0m
[0m[ INFO] [1746508605.077113472]: Target - x: 2010.000000, y: 0.000000, phi: 0.000000[0m
[0m[ INFO] [1746508605.077273506]: Current - x: 2070.193359, y: 316.606354, phi: -1.226922[0m
[0m[ INFO] [1746508605.077372484]: Error - x: -60.193359, y: -316.606354[0m
[0m[ INFO] [1746508605.077461989]: Publishing motor command - Left: -5.148997, Right: 5.148997[0m
[0m[ INFO] [1746508605.179545690]: Target - x: 2010.000000, y: 0.000000, phi: 0.000000[0m
[0m[ INFO] [1746508605.179887743]: Current - x: 2071.999756, y: 316.562653, phi: -1.122572[0m
[0m[ INFO] [1746508605.179978081]: Error - x: -61.999756, y: -316.562653[0m
[0m[ INFO] [1746508605.180116195]: Publishing motor command - Left: -10.268943, Right: 10.268943[0m
[0m[ INFO] [1746508605.281056583]: Target - x: 2010.000000, y: 0.000000, phi: 0.000000[0m
[0m[ INFO] [1746508605.281212906]: Current - x: 2073.405762, y: 316.531189, phi: -1.231713[0m
[0m[ INFO] [1746508605.281333451]: Error - x: -63.405762, y: -316.531189[0m
[0m[ INFO] [1746508605.281395660]: Publishing motor command - Left: -25.179853, Right: 25.179853[0m
[0m[ INFO] [1746508605.377166631]: Target - x: 2010.000000, y: 0.000000, phi: 0.000000[0m
[0m[ INFO] [1746508605.377551565]: Current - x: 2074.407227, y: 316.516235, phi: -0.697986[0m
[0m[ INFO] [1746508605.377728015]: Error - x: -64.407227, y: -316.516235[0m
[0m[ INFO] [1746508605.378387097]: Publishing motor command - Left: 22.782152, Right: -22.782152[0m
[0m[ INFO] [1746508605.482420010]: Target - x: 2010.000000, y: 0.000000, phi: 0.000000[0m
[0m[ INFO] [1746508605.482831760]: Current - x: 2075.208008, y: 316.501984, phi: -0.271005[0m
[0m[ INFO] [1746508605.484167331]: Error - x: -65.208008, y: -316.501984[0m
[0m[ INFO] [1746508605.484332453]: Publishing motor command - Left: 22.516525, Right: -22.516525[0m
[0m[ INFO] [1746508605.588876286]: Target - x: 2010.000000, y: 0.000000, phi: 0.000000[0m
[0m[ INFO] [1746508605.588998687]: Current - x: 2075.808838, y: 316.496368, phi: 0.049231[0m
[0m[ INFO] [1746508605.589068448]: Error - x: -65.808838, y: -316.496368[0m
[0m[ INFO] [1746508605.589125569]: Publishing motor command - Left: 20.657129, Right: -20.657129[0m
[0m[ INFO] [1746508605.685876586]: Target - x: 2010.000000, y: 0.000000, phi: 0.000000[0m
[0m[ INFO] [1746508605.686515379]: Current - x: 2076.409668, y: 316.495178, phi: 0.369467[0m
[0m[ INFO] [1746508605.686753847]: Error - x: -66.409668, y: -316.495178[0m
[0m[ INFO] [1746508605.686933113]: Publishing motor command - Left: 25.438429, Right: -25.438429[0m
[0m[ INFO] [1746508605.784366732]: Target - x: 2010.000000, y: 0.000000, phi: 0.000000[0m
[0m[ INFO] [1746508605.786394729]: Current - x: 2077.010498, y: 316.497375, phi: 0.689703[0m
[0m[ INFO] [1746508605.788085217]: Error - x: -67.010498, y: -316.497375[0m
[0m[ INFO] [1746508605.789718232]: Publishing motor command - Left: 30.219732, Right: -30.219732[0m
[0m[ INFO] [1746508605.889788113]: Target - x: 2010.000000, y: 0.000000, phi: 0.000000[0m
[0m[ INFO] [1746508605.890398074]: Current - x: 2077.411133, y: 316.500702, phi: 0.903193[0m
[0m[ INFO] [1746508605.890508667]: Error - x: -67.411133, y: -316.500702[0m
[0m[ INFO] [1746508605.890591132]: Publishing motor command - Left: 26.766569, Right: -26.766569[0m
[0m[ INFO] [1746508605.980216159]: Target - x: 2010.000000, y: 0.000000, phi: 0.000000[0m
[0m[ INFO] [1746508605.980383298]: Current - x: 2077.411133, y: 316.500702, phi: 0.903193[0m
[0m[ INFO] [1746508605.980490755]: Error - x: -67.411133, y: -316.500702[0m
[0m[ INFO] [1746508605.980575460]: Publishing motor command - Left: 13.485179, Right: -13.485179[0m
[0m[ INFO] [1746508606.076997064]: Target - x: 2010.000000, y: 0.000000, phi: 0.000000[0m
[0m[ INFO] [1746508606.077092298]: Current - x: 2077.411133, y: 316.500702, phi: 0.903193[0m
[0m[ INFO] [1746508606.077156619]: Error - x: -67.411133, y: -316.500702[0m
[0m[ INFO] [1746508606.077228268]: Publishing motor command - Left: 13.485179, Right: -13.485179[0m
[0m[ INFO] [1746508606.176577754]: Target - x: 2010.000000, y: 0.000000, phi: 0.000000[0m
[0m[ INFO] [1746508606.176704316]: Current - x: 2077.411133, y: 316.500702, phi: 0.903193[0m
[0m[ INFO] [1746508606.176778941]: Error - x: -67.411133, y: -316.500702[0m
[0m[ INFO] [1746508606.176821437]: Publishing motor command - Left: 13.485179, Right: -13.485179[0m
[0m[ INFO] [1746508606.276522960]: Target - x: 2010.000000, y: 0.000000, phi: 0.000000[0m
[0m[ INFO] [1746508606.276618834]: Current - x: 2077.411133, y: 316.500702, phi: 0.903193[0m
[0m[ INFO] [1746508606.276658098]: Error - x: -67.411133, y: -316.500702[0m
[0m[ INFO] [1746508606.276696243]: Publishing motor command - Left: 13.485179, Right: -13.485179[0m
[0m[ INFO] [1746508606.377629655]: Target - x: 2010.000000, y: 0.000000, phi: 0.000000[0m
[0m[ INFO] [1746508606.377823994]: Current - x: 2077.411133, y: 316.500702, phi: 0.903193[0m
[0m[ INFO] [1746508606.377935548]: Error - x: -67.411133, y: -316.500702[0m
[0m[ INFO] [1746508606.378035133]: Publishing motor command - Left: 13.485179, Right: -13.485179[0m
[0m[ INFO] [1746508606.476987109]: Target - x: 2010.000000, y: 0.000000, phi: 0.000000[0m
[0m[ INFO] [1746508606.477277193]: Current - x: 2077.411133, y: 316.500702, phi: 0.903193[0m
[0m[ INFO] [1746508606.477319082]: Error - x: -67.411133, y: -316.500702[0m
[0m[ INFO] [1746508606.477356363]: Publishing motor command - Left: 13.485179, Right: -13.485179[0m
[0m[ INFO] [1746508606.622327397]: Target - x: 2010.000000, y: 0.000000, phi: 0.000000[0m
[0m[ INFO] [1746508606.622420327]: Current - x: 2077.611328, y: 316.504059, phi: 1.009939[0m
[0m[ INFO] [1746508606.622491432]: Error - x: -67.611328, y: -316.504059[0m
[0m[ INFO] [1746508606.622548649]: Publishing motor command - Left: 21.719641, Right: -21.719641[0m
[0m[ INFO] [1746508606.677087573]: Target - x: 2010.000000, y: 0.000000, phi: 0.000000[0m
[0m[ INFO] [1746508606.677185879]: Current - x: 2077.611328, y: 316.504059, phi: 1.009939[0m
[0m[ INFO] [1746508606.677237047]: Error - x: -67.611328, y: -316.504059[0m
[0m[ INFO] [1746508606.677295128]: Publishing motor command - Left: 15.078946, Right: -15.078946[0m
[0m[ INFO] [1746508606.791134710]: Target - x: 2010.000000, y: 0.000000, phi: 0.000000[0m
[0m[ INFO] [1746508606.791233143]: Current - x: 2077.611328, y: 316.504059, phi: 1.009939[0m
[0m[ INFO] [1746508606.791275512]: Error - x: -67.611328, y: -316.504059[0m
[0m[ INFO] [1746508606.791316120]: Publishing motor command - Left: 15.078946, Right: -15.078946[0m
[0m[ INFO] [1746508606.884874291]: Target - x: 2010.000000, y: 0.000000, phi: 0.000000[0m
[0m[ INFO] [1746508606.885237368]: Current - x: 2077.611328, y: 316.504059, phi: 1.009939[0m
[0m[ INFO] [1746508606.885495388]: Error - x: -67.611328, y: -316.504059[0m
[0m[ INFO] [1746508606.885644670]: Publishing motor command - Left: 15.078946, Right: -15.078946[0m
[0m[ INFO] [1746508606.990845376]: Target - x: 2010.000000, y: 0.000000, phi: 0.000000[0m
[0m[ INFO] [1746508606.991095043]: Current - x: 2077.611328, y: 316.504059, phi: 1.009939[0m
[0m[ INFO] [1746508606.991219813]: Error - x: -67.611328, y: -316.504059[0m
[0m[ INFO] [1746508606.991430632]: Publishing motor command - Left: 15.078946, Right: -15.078946[0m
[0m[ INFO] [1746508607.077194356]: Target - x: 2010.000000, y: 0.000000, phi: 0.000000[0m
[0m[ INFO] [1746508607.077311925]: Current - x: 2077.611328, y: 316.504059, phi: 1.009939[0m
[0m[ INFO] [1746508607.077404823]: Error - x: -67.611328, y: -316.504059[0m
[0m[ INFO] [1746508607.077525464]: Publishing motor command - Left: 15.078946, Right: -15.078946[0m
[0m[ INFO] [1746508607.187694497]: Target - x: 2010.000000, y: 0.000000, phi: 0.000000[0m
[0m[ INFO] [1746508607.188005381]: Current - x: 2077.611328, y: 316.504059, phi: 1.009939[0m
[0m[ INFO] [1746508607.188091559]: Error - x: -67.611328, y: -316.504059[0m
[0m[ INFO] [1746508607.188162824]: Publishing motor command - Left: 15.078946, Right: -15.078946[0m
[0m[ INFO] [1746508607.276592089]: Target - x: 2010.000000, y: 0.000000, phi: 0.000000[0m
[0m[ INFO] [1746508607.276705691]: Current - x: 2077.611328, y: 316.504059, phi: 1.009939[0m
[0m[ INFO] [1746508607.276744219]: Error - x: -67.611328, y: -316.504059[0m
[0m[ INFO] [1746508607.276782780]: Publishing motor command - Left: 15.078946, Right: -15.078946[0m
[0m[ INFO] [1746508607.376730642]: Target - x: 2010.000000, y: 0.000000, phi: 0.000000[0m
[0m[ INFO] [1746508607.376854004]: Current - x: 2077.611328, y: 316.504059, phi: 1.009939[0m
[0m[ INFO] [1746508607.376893365]: Error - x: -67.611328, y: -316.504059[0m
[0m[ INFO] [1746508607.376961430]: Publishing motor command - Left: 15.078946, Right: -15.078946[0m
[0m[ INFO] [1746508607.486714168]: Target - x: 2010.000000, y: 0.000000, phi: 0.000000[0m
[0m[ INFO] [1746508607.487033181]: Current - x: 2077.611328, y: 316.504059, phi: 1.009939[0m
[0m[ INFO] [1746508607.487172063]: Error - x: -67.611328, y: -316.504059[0m
[0m[ INFO] [1746508607.487360354]: Publishing motor command - Left: 15.078946, Right: -15.078946[0m
[0m[ INFO] [1746508607.590033983]: Target - x: 2010.000000, y: 0.[0m[ INFO] [1746508599.185297233]: Reached 5 meters, transitioning to TURNING state.[0m
[0m[ INFO] [1746508589.172287612]: [I2C FOR MOTORS] Now launching this node in namespace: /asc[0m
[0m[ INFO] [1746508589.210557120]: [I2C FOR MOTORS] publish motor duty cycle requests from command line with: rostopic pub --once /asc/set_motor_duty_cycle asclinic_pkg/LeftRightFloat32 "{left: 10.1, right: 10.1}"[0m
[0m[ INFO] [1746508589.210706947]: [I2C FOR MOTORS] Successfully opened named /dev/i2c-1, with file descriptor = 11[0m
[0m[ INFO] [1746508589.210819492]: [I2C FOR MOTORS] Actual acceleration limit = 0.0003125%/ms (after conversation to "internal units")[0m
[0m[ INFO] [1746508589.210912677]: [I2C FOR MOTORS] Actual deceleration limit = 0.0015625%/ms (after conversation to "internal units")[0m
[0m[ INFO] [1746508589.210964166]: [I2C FOR MOTORS] Now initialising SMC with I2C address 13[0m
[0m[ INFO] [1746508589.226183552]: [I2C FOR MOTORS] Now initialising SMC with I2C address 14[0m
[0m[ INFO] [1746508589.241788032]: [I2C FOR MOTORS] Node initialisation complete[0m
000000, phi: 0.000000[0m
[0m[ INFO] [1746508607.590923756]: Current - x: 2077.611328, y: 316.504059, phi: 1.009939[0m
[0m[ INFO] [1746508607.590979788]: Error - x: -67.611328, y: -316.504059[0m
[0m[ INFO] [1746508607.591047533]: Publishing motor command - Left: 15.078946, Right: -15.078946[0m
[INFO] [1746508606.214378]: --- Received ArUco Marker ---
[INFO] [1746508606.219081]: Marker ID: 4
[INFO] [1746508606.434262]: --- Received ArUco Marker ---
[INFO] [1746508606.439873]: Marker ID: 4

[ARUCO DETECTOR] Camera properties upon initialisation:
CV_CAP_PROP_FRAME_HEIGHT : '480.0'
CV_CAP_PROP_FRAME_WIDTH :  '640.0'
CAP_PROP_FPS :             '30.0'
CAP_PROP_FOCUS :           '0.0'
CAP_PROP_AUTOFOCUS :       '0.0'
CAP_PROP_BRIGHTNESS :      '128.0'
CAP_PROP_CONTRAST :        '128.0'
CAP_PROP_SATURATION :      '128.0'
CAP_PROP_BUFFERSIZE :      '4.0'

[ARUCO DETECTOR] Camera properties upon initialisation:
CV_CAP_PROP_FRAME_HEIGHT : '1080.0'
CV_CAP_PROP_FRAME_WIDTH :  '1920.0'
CAP_PROP_FPS :             '5.0'
CAP_PROP_FOCUS :           '0.0'
CAP_PROP_AUTOFOCUS :       '0.0'
CAP_PROP_BRIGHTNESS :      '128.0'
CAP_PROP_CONTRAST :        '128.0'
CAP_PROP_SATURATION :      '128.0'
CAP_PROP_BUFFERSIZE :      '1.0'
[INFO] [1746508592.001036]: [ARUCO DETECTOR] As a double check of the camera properties set, a frame captured just now has dimensions = (1080, 1920, 3)
[INFO] [1746508592.007142]: [ARUCO DETECTOR] publish request from command line to save a single camera image using: rostopic pub --once /asc/request_save_image std_msgs/UInt32 1
[INFO] [1746508592.011739]: [ARUCO DETECTOR] Node initialisation complete
... logging to /home/asc/.ros/log/e3d3d45a-2a2a-11f0-b317-d8c0a650f677/roslaunch-asc12-jetson-37272.log
Checking log directory for disk usage. This may take a while.
Press Ctrl-C to interrupt
Done checking log file disk usage. Usage is <1GB.
]2;/home/asc/ASClinic/catkin_ws/src/asclinic_pkg/launch/trajectory.launch
[1mstarted roslaunch server http://asc12-jetson:41037/[0m

SUMMARY
========

PARAMETERS
 * /asc/aruco_detector/aruco_detector_desired_camera_fps: 5
 * /asc/aruco_detector/aruco_detector_desired_camera_frame_height: 1080
 * /asc/aruco_detector/aruco_detector_desired_camera_frame_width: 1920
 * /asc/aruco_detector/aruco_detector_marker_size: 0.25
 * /asc/aruco_detector/aruco_detector_save_image_path: /home/asc/saved_c...
 * /asc/aruco_detector/aruco_detector_should_publish_camera_images: False
 * /asc/aruco_detector/aruco_detector_should_save_all_aruco_images: False
 * /asc/aruco_detector/aruco_detector_should_show_camera_images: False
 * /asc/aruco_detector/aruco_detector_usb_camera_device_number: 0
 * /asc/aruco_detector/aruco_detector_verbosity: 1
 * /asc/encoder_read_multi_threaded/delta_t_for_publishing_encoder_counts: 0.1
 * /asc/encoder_read_multi_threaded/encoder_events_to_monitor: rising
 * /asc/encoder_read_multi_threaded/encoder_read_verbosity: 1
 * /asc/encoder_read_multi_threaded/gpio_chip_number_for_encoder_lines: 1
 * /asc/encoder_read_multi_threaded/line_number_for_left_side_encoder_channel_a: 105
 * /asc/encoder_read_multi_threaded/line_number_for_left_side_encoder_channel_b: 106
 * /asc/encoder_read_multi_threaded/line_number_for_right_side_encoder_channel_a: 84
 * /asc/encoder_read_multi_threaded/line_number_for_right_side_encoder_channel_b: 130
 * /asc/encoder_read_multi_threaded/should_monitor_left_side_encoder_channel_a: True
 * /asc/encoder_read_multi_threaded/should_monitor_left_side_encoder_channel_b: False
 * /asc/encoder_read_multi_threaded/should_monitor_right_side_encoder_channel_a: True
 * /asc/encoder_read_multi_threaded/should_monitor_right_side_encoder_channel_b: False
 * /asc/i2c_for_motors/motor_driver_current_limit_in_milliamps: 5000
 * /asc/i2c_for_motors/motor_driver_left_side_multiplier: 1
 * /asc/i2c_for_motors/motor_driver_max_accel_limit_in_percent_per_millisecond: 0.04
 * /asc/i2c_for_motors/motor_driver_max_decel_limit_in_percent_per_millisecond: 0.16
 * /asc/i2c_for_motors/motor_driver_max_duty_cycle_limit_in_percent: 100.0
 * /asc/i2c_for_motors/motor_driver_right_side_multiplier: 1
 * /asc/i2c_for_motors/motor_driver_verbosity: 1
 * /rosdistro: noetic
 * /rosversion: 1.17.0

NODES
  /
    aruco_positioning (asclinic_pkg/aruco_positioning.py)
    kf_fusion_node (asclinic_pkg/KF.py)
    odomdelta (asclinic_pkg/odomdelta)
    trajectory_generator (asclinic_pkg/trajectory_generator)
    trajectory_tracker (asclinic_pkg/trajectory_tracker)
    velocity_PI_control (asclinic_pkg/velocity_PI_control)
  /asc/
    aruco_detector (asclinic_pkg/aruco_detector.py)
    encoder_read_multi_threaded (asclinic_pkg/encoder_read_multi_threaded)
    i2c_for_motors (asclinic_pkg/i2c_for_motors)

[1mROS_MASTER_URI=http://localhost:11311[0m
]2;/home/asc/ASClinic/catkin_ws/src/asclinic_pkg/launch/trajectory.launch http://localhost:11311
[1mprocess[asc/i2c_for_motors-1]: started with pid [37309][0m
[1mprocess[asc/encoder_read_multi_threaded-2]: started with pid [37310][0m
[1mprocess[odomdelta-3]: started with pid [37316][0m
[1mprocess[asc/aruco_detector-4]: started with pid [37318][0m
[1mprocess[aruco_positioning-5]: started with pid [37332][0m
[1mprocess[trajectory_tracker-6]: started with pid [37333][0m
[1mprocess[trajectory_generator-7]: started with pid [37334][0m
[1mprocess[velocity_PI_control-8]: started with pid [37339][0m
[1mprocess[kf_fusion_node-9]: started with pid [37350][0m
[kf_fusion_node-9] killing on exit
[velocity_PI_control-8] killing on exit
[trajectory_generator-7] killing on exit
[asc/aruco_detector-4] killing on exit
[aruco_positioning-5] killing on exit
[odomdelta-3] killing on exit
[trajectory_tracker-6] killing on exit
[asc/encoder_read_multi_threaded-2] killing on exit
[asc/i2c_for_motors-1] killing on exit
shutting down processing monitor...
... shutting down processing monitor complete
[1mdone[0m
