[0m[ INFO] [1746505435.548604046]: Target - x: 0.000000, y: 0.000000, phi: 0.000000[0m
[0m[ INFO] [1746505435.553382466]: Current - x: 0.000000, y: 0.000000, phi: 90.000000[0m
[0m[ INFO] [1746505435.553441890]: Error - x: 0.000000, y: 0.000000[0m
[0m[ INFO] [1746505435.553483139]: Publishing motor command - Left: 0.000000, Right: 0.000000[0m
[0m[ INFO] [1746505435.553799206]: Target reached: x=0.00, y=0.00, phi=0.00[0m
[0m[ INFO] [1746505435.647902852]: Target - x: 0.000000, y: 0.000000, phi: 0.000000[0m
[0m[ INFO] [1746505435.647989733]: Current - x: 0.000000, y: 0.000000, phi: 90.000000[0m
[0m[ INFO] [1746505435.648028933]: Error - x: 0.000000, y: 0.000000[0m
[0m[ INFO] [1746505435.648128230]: Publishing motor command - Left: 0.000000, Right: 0.000000[0m
[0m[ INFO] [1746505435.648197959]: Target reached: x=0.00, y=0.00, phi=0.00[0m
[0m[ INFO] [1746505435.747603422]: Target - x: 0.000000, y: 0.000000, phi: 0.000000[0m
[0m[ INFO] [1746505435.747750848]: Current - x: 0.000000, y: 0.000000, phi: 90.000000[0m
[0m[ INFO] [1746505435.747807744]: Error - x: 0.000000, y: 0.000000[0m
[0m[ INFO] [1746505435.747857057]: Publishing motor command - Left: 0.000000, Right: 0.000000[0m
[0m[ INFO] [1746505435.747930370]: Target reached: x=0.00, y=0.00, phi=0.00[0m
[0m[ INFO] [1746505435.854291940]: Target - x: 0.000000, y: 0.000000, phi: 0.000000[0m
[0m[ INFO] [1746505435.854578439]: Current - x: 0.000000, y: 0.000000, phi: 90.000000[0m
[0m[ INFO] [1746505435.854858090]: Error - x: 0.000000, y: 0.000000[0m
[0m[ INFO] [1746505435.855029644]: Publishing motor command - Left: 0.000000, Right: 0.000000[0m
[0m[ INFO] [1746505435.855189902]: Target reached: x=0.00, y=0.00, phi=0.00[0m
[0m[ INFO] [1746505435.948070526]: Target - x: 0.000000, y: 0.000000, phi: 0.000000[0m
[0m[ INFO] [1746505435.948202048]: Current - x: 0.000000, y: 0.000000, phi: 90.000000[0m
[0m[ INFO] [1746505435.948296385]: Error - x: 0.000000, y: 0.000000[0m
[0m[ INFO] [1746505435.948340385]: Publishing motor command - Left: 0.000000, Right: 0.000000[0m
[0m[ INFO] [1746505435.948410242]: Target reached: x=0.00, y=0.00, phi=0.00[0m
[0m[ INFO] [1746505436.054947942]: Target - x: 0.000000, y: 0.000000, phi: 0.000000[0m
[0m[ INFO] [1746505436.055437452]: Current - x: 0.000000, y: 0.000000, phi: 90.000000[0m
[0m[ INFO] [1746505436.055798735]: Error - x: 0.000000, y: 0.000000[0m
[0m[ INFO] [1746505436.055970705]: Publishing motor command - Left: 0.000000, Right: 0.000000[0m
[0m[ INFO] [1746505436.056155251]: Target reached: x=0.00, y=0.00, phi=0.00[0m
[0m[ INFO] [1746505436.155152806]: Target - x: 0.000000, y: 0.000000, phi: 0.000000[0m
[0m[ INFO] [1746505436.155533194]: Current - x: 0.000000, y: 0.000000, phi: 90.000000[0m
[0m[ INFO] [1746505436.155627787]: Error - x: 0.000000, y: 0.000000[0m
[0m[ INFO] [1746505436.155826989]: Publishing motor command - Left: 0.000000, Right: 0.000000[0m
[0m[ INFO] [1746505436.157331966]: Target reached: x=0.00, y=0.00, phi=0.00[0m
[0m[ INFO] [1746505436.252299620]: Target - x: 0.000000, y: 0.000000, phi: 0.000000[0m
[0m[ INFO] [1746505436.252902443]: Current - x: 0.000000, y: 0.000000, phi: 90.000000[0m
[0m[ INFO] [1746505436.253155982]: Error - x: 0.000000, y: 0.000000[0m
[0m[ INFO] [1746505436.253284143]: Publishing motor command - Left: 0.000000, Right: 0.000000[0m
[0m[ INFO] [1746505436.253607347]: Target reached: x=0.00, y=0.00, phi=0.00[0m
[0m[ INFO] [1746505436.357181527]: Target - x: 0.000000, y: 0.000000, phi: 0.000000[0m
[0m[ INFO] [1746505436.357314328]: Current - x: 0.000000, y: 0.000000, phi: 90.000000[0m
[0m[ INFO] [1746505436.357465690]: Error - x: 0.000000, y: 0.000000[0m
[0m[ INFO] [1746505436.357528251]: Publishing motor command - Left: 0.000000, Right: 0.000000[0m
[0m[ INFO] [1746505436.357652828]: Target reached: x=0.00, y=0.00, phi=0.00[0m
[0m[ INFO] [1746505436.449199518]: Target - x: 0.000000, y: 0.000000, phi: 0.000000[0m
[0m[ INFO] [1746505436.449357248]: Current - x: 0.000000, y: 0.000000, phi: 90.000000[0m
[0m[ INFO] [1746505436.449431264]: Error - x: 0.000000, y: 0.000000[0m
[0m[ INFO] [1746505436.449777188]: Publishing motor command - Left: 0.000000, Right: 0.000000[0m
[0m[ INFO] [1746505436.449898629]: Target reached: x=0.00, y=0.00, phi=0.00[0m
[0m[ INFO] [1746505436.555771651]: Target - x: 0.000000, y: 0.000000, phi: 0.000000[0m
[0m[ INFO] [1746505436.556078022]: Current - x: 0.000000, y: 0.000000, phi: 90.000000[0m
[0m[ INFO] [1746505436.556262216]: Error - x: 0.000000, y: 0.000000[0m
[0m[ INFO] [1746505436.556433578]: Publishing motor command - Left: 0.000000, Right: 0.000000[0m
[0m[ INFO] [1746505436.557696280]: Target reached: x=0.00, y=0.00, phi=0.00[0m
[0m[ INFO] [1746505436.648335535]: Target - x: 0.000000, y: 0.000000, phi: 0.000000[0m
[0m[ INFO] [1746505436.648421200]: Current - x: 0.000000, y: 0.000000, phi: 90.000000[0m
[0m[ INFO] [1746505436.648459505]: Error - x: 0.000000, y: 0.000000[0m
[0m[ INFO] [1746505436.648492785]: Publishing motor command - Left: 0.000000, Right: 0.000000[0m
[0m[ INFO] [1746505436.648600850]: Target reached: x=0.00, y=0.00, phi=0.00[0m
[0m[ INFO] [1746505436.755920383]: Target - x: 0.000000, y: 0.000000, phi: 0.000000[0m
[0m[ INFO] [1746505436.756022368]: Current - x: 0.000000, y: 0.000000, phi: 90.000000[0m
[0m[ INFO] [1746505436.756064545]: Error - x: 0.000000, y: 0.000000[0m
[0m[ INFO] [1746505436.756098241]: Publishing motor command - Left: 0.000000, Right: 0.000000[0m
[0m[ INFO] [1746505436.756165474]: Target reached: x=0.00, y=0.00, phi=0.00[0m
[0m[ INFO] [1746505436.848249289]: Target - x: 0.000000, y: 0.000000, phi: 0.000000[0m
[0m[ INFO] [1746505436.848395019]: Current - x: 0.000000, y: 0.000000, phi: 90.000000[0m
[0m[ INFO] [1746505436.848453772]: Error - x: 0.000000, y: 0.000000[0m
[0m[ INFO] [1746505436.848486956]: Publishing motor command - Left: 0.000000, Right: 0.000000[0m
[0m[ INFO] [1746505436.848567725]: Target reached: x=0.00, y=0.00, phi=0.00[0m
[0m[ INFO] [1746505436.948062501]: Target - x: 0.000000, y: 0.000000, phi: 0.000000[0m
[0m[ INFO] [1746505436.948149606]: Current - x: 0.000000, y: 0.000000, phi: 90.000000[0m
[0m[ INFO] [1746505436.948229351]: Error - x: 0.000000, y: 0.000000[0m
[0m[ INFO] [1746505436.948309128]: Publishing motor command - Left: 0.000000, Right: 0.000000[0m
[0m[ INFO] [1746505436.948418889]: Target reached: x=0.00, y=0.00, phi=0.00[0m
[0m[ INFO] [1746505437.053026552]: Target - x: 0.000000, y: 0.000000, phi: 0.000000[0m
[0m[ INFO] [1746505437.053491741]: Current - x: 0.000000, y: 0.000000, phi: 90.000000[0m
[0m[ INFO] [1746505437.053690368]: Error - x: 0.000000, y: 0.000000[0m
[0m[ INFO] [1746505437.053861185]: Publishing motor command - Left: 0.000000, Right: 0.000000[0m
[0m[ INFO] [1746505437.054350631]: Target reached: x=0.00, y=0.00, phi=0.00[0m
[0m[ INFO] [1746505437.149581904]: Target - x: 30.000000, y: 0.000000, phi: 0.000000[0m
[0m[ INFO] [1746505437.149981429]: Current - x: 0.000000, y: 0.000000, phi: 90.000000[0m
[0m[ INFO] [1746505437.150433114]: Error - x: 30.000000, y: 0.000000[0m
[0m[ INFO] [1746505437.150605500]: error_y: 0.000000[0m
[0m[ INFO] [1746505437.150672764]: integral_error_y: 0.000000[0m
[0m[ INFO] [1746505437.150742205]: w: 0.000000[0m
[0m[ INFO] [1746505437.150891455]: Publishing motor command - Left: 250.000000, Right: 250.000000[0m
[0m[ INFO] [1746505437.248332768]: Target - x: 60.000000, y: 0.000000, phi: 0.000000[0m
[0m[ INFO] [1746505437.248417025]: Current - x: 0.000000, y: 0.000000, phi: 90.000000[0m
[0m[ INFO] [1746505437.248489666]: Error - x: 60.000000, y: 0.000000[0m
[0m[ INFO] [1746505437.248554147]: error_y: 0.000000[0m
[0m[ INFO] [1746505437.248590691]: integral_error_y: 0.000000[0m
[0m[ INFO] [1746505437.248621283]: w: 0.000000[0m
[0m[ INFO] [1746505437.248697092]: Publishing motor command - Left: 500.000000, Right: 500.000000[0m
[0m[ INFO] [1746505437.357136093]: Target - x: 90.000000, y: 0.000000, phi: 0.000000[0m
[0m[ INFO] [1746505437.357569026]: Current - x: 0.000000, y: 0.000000, phi: 90.000000[0m
[0m[ INFO] [1746505437.357662371]: Error - x: 90.000000, y: 0.000000[0m
[0m[ INFO] [1746505437.360332928]: error_y: 0.000000[0m
[0m[ INFO] [1746505437.360637891]: integral_error_y: 0.000000[0m
[0m[ INFO] [1746505437.360791077]: w: 0.000000[0m
[0m[ INFO] [1746505437.361053992]: Publishing motor command - Left: 750.000000, Right: 750.000000[0m
[0m[ INFO] [1746505437.448027768]: Target - x: 120.000000, y: 0.000000, phi: 0.000000[0m
[0m[ INFO] [1746505437.448170970]: Current - x: 0.000000, y: 0.000000, phi: 90.000000[0m
[0m[ INFO] [1746505437.448249658]: Error - x: 120.000000, y: 0.000000[0m
[0m[ INFO] [1746505437.448284731]: error_y: 0.000000[0m
[0m[ INFO] [1746505437.448313883]: integral_error_y: 0.000000[0m
[0m[ INFO] [1746505437.448342331]: w: 0.000000[0m
[0m[ INFO] [1746505437.448373884]: Publishing motor command - Left: 1000.000000, Right: 1000.000000[0m
[0m[ INFO] [1746505437.620565353]: Target - x: 180.000000, y: 0.000000, phi: 0.000000[0m
[0m[ INFO] [1746505437.620654186]: Current - x: 0.000002, y: 0.401681, phi: 89.999405[0m
[0m[ INFO] [1746505437.620729163]: Error - x: 180.000000, y: -0.401681[0m
[0m[ INFO] [1746505437.620761387]: error_y: -0.401681[0m
[0m[ INFO] [1746505437.620791051]: integral_error_y: -0.040168[0m
[0m[ INFO] [1746505437.620873420]: w: -82.348557[0m
[0m[ INFO] [1746505437.620919149]: Publishing motor command - Left: 1520.491821, Right: 1479.508179[0m
[0m[ INFO] [1746505437.648067539]: Target - x: 180.000000, y: 0.000000, phi: 0.000000[0m
[0m[ INFO] [1746505437.648160692]: Current - x: 0.000004, y: 0.803361, phi: 89.998802[0m
[0m[ INFO] [1746505437.648243285]: Error - x: 180.000000, y: -0.803361[0m
[0m[ INFO] [1746505437.648313750]: error_y: -0.803361[0m
[0m[ INFO] [1746505437.648347766]: integral_error_y: -0.120504[0m
[0m[ INFO] [1746505437.648381943]: w: -84.364998[0m
[0m[ INFO] [1746505437.648414487]: Publishing motor command - Left: 1520.993652, Right: 1479.006348[0m
[0m[ INFO] [1746505437.751942267]: Target - x: 210.000000, y: 0.000000, phi: 0.000000[0m
[0m[ INFO] [1746505437.752061692]: Current - x: -0.003673, y: 2.810638, phi: 90.209900[0m
[0m[ INFO] [1746505437.752163933]: Error - x: 210.003677, y: -2.810638[0m
[0m[ INFO] [1746505437.752262558]: error_y: -2.810638[0m
[0m[ INFO] [1746505437.752348447]: integral_error_y: -0.401568[0m
[0m[ INFO] [1746505437.752428576]: w: -415.548706[0m
[0m[ INFO] [1746505437.752485505]: Publishing motor command - Left: 1853.436890, Right: 1646.624390[0m
[0m[ INFO] [1746505437.848266576]: Target - x: 240.000000, y: 0.000000, phi: 0.000000[0m
[0m[ INFO] [1746505437.848376178]: Current - x: -0.005968, y: 5.421000, phi: 90.313049[0m
[0m[ INFO] [1746505437.848480947]: Error - x: 240.005966, y: -5.421000[0m
[0m[ INFO] [1746505437.848558932]: error_y: -5.421000[0m
[0m[ INFO] [1746505437.848627412]: integral_error_y: -0.943668[0m
[0m[ INFO] [1746505437.848665717]: w: -549.271729[0m
[0m[ INFO] [1746505437.848706261]: Publishing motor command - Left: 2136.731689, Right: 1863.367554[0m
[0m[ INFO] [1746505437.953753034]: Target - x: 270.000000, y: 0.000000, phi: 0.000000[0m
[0m[ INFO] [1746505437.953844875]: Current - x: -0.014074, y: 8.434156, phi: 90.201515[0m
[0m[ INFO] [1746505437.953882411]: Error - x: 270.014069, y: -8.434156[0m
[0m[ INFO] [1746505437.953946284]: error_y: -8.434156[0m
[0m[ INFO] [1746505437.953993708]: integral_error_y: -1.787084[0m
[0m[ INFO] [1746505437.954054541]: w: -644.980774[0m
[0m[ INFO] [1746505437.954632147]: Publishing motor command - Left: 2410.615967, Right: 2089.618408[0m
[0m[ INFO] [1746505438.048295212]: Target - x: 300.000000, y: 0.000000, phi: 0.000000[0m
[0m[ INFO] [1746505438.048425677]: Current - x: -0.042250, y: 13.655930, phi: 90.193733[0m
[0m[ INFO] [1746505438.048502510]: Error - x: 300.042236, y: -13.655930[0m
[0m[ INFO] [1746505438.048560591]: error_y: -13.655930[0m
[0m[ INFO] [1746505438.048597839]: integral_error_y: -3.152677[0m
[0m[ INFO] [1746505438.048633327]: w: -1112.949585[0m
[0m[ INFO] [1746505438.048670480]: Publishing motor command - Left: 2777.301025, Right: 2223.402588[0m
[0m[ INFO] [1746505438.148745294]: Target - x: 330.000000, y: 0.000000, phi: 0.000000[0m
[0m[ INFO] [1746505438.148873744]: Current - x: -0.070992, y: 22.091175, phi: 90.181152[0m
[0m[ INFO] [1746505438.148914672]: Error - x: 330.070984, y: -22.091175[0m
[0m[ INFO] [1746505438.148947632]: error_y: -22.091175[0m
[0m[ INFO] [1746505438.148975793]: integral_error_y: -5.361794[0m
[0m[ INFO] [1746505438.149005009]: w: -1798.041016[0m
[0m[ INFO] [1746505438.149035633]: Publishing motor command - Left: 3198.020752, Right: 2303.162354[0m
[0m[ INFO] [1746505438.248043748]: Target - x: 360.000000, y: 0.000000, phi: 0.000000[0m
[0m[ INFO] [1746505438.248169893]: Current - x: -0.109849, y: 34.141533, phi: 90.163193[0m
[0m[ INFO] [1746505438.248209734]: Error - x: 360.109863, y: -34.141533[0m
[0m[ INFO] [1746505438.248242726]: error_y: -34.141533[0m
[0m[ INFO] [1746505438.248288359]: integral_error_y: -8.775948[0m
[0m[ INFO] [1746505438.248326535]: w: -2581.656982[0m
[0m[ INFO] [1746505438.248361383]: Publishing motor command - Left: 3643.341797, Right: 2358.489014[0m
[0m[ INFO] [1746505438.347988545]: Target - x: 390.000000, y: 0.000000, phi: 0.000000[0m
[0m[ INFO] [1746505438.348137954]: Current - x: -0.112327, y: 48.402885, phi: 89.820801[0m
[0m[ INFO] [1746505438.348201859]: Error - x: 390.112335, y: -48.402885[0m
[0m[ INFO] [1746505438.348254596]: error_y: -48.402885[0m
[0m[ INFO] [1746505438.348287172]: integral_error_y: -13.616236[0m
[0m[ INFO] [1746505438.348316516]: w: -3095.646484[0m
[0m[ INFO] [1746505438.348347205]: Publishing motor command - Left: 4021.264893, Right: 2480.607422[0m
[0m[ INFO] [1746505438.447988702]: Target - x: 420.000000, y: 0.000000, phi: 0.000000[0m
[0m[ INFO] [1746505438.448076959]: Current - x: -0.048827, y: 64.674759, phi: 89.047241[0m
[0m[ INFO] [1746505438.448115680]: Error - x: 420.048828, y: -64.674759[0m
[0m[ INFO] [1746505438.448147616]: error_y: -64.674759[0m
[0m[ INFO] [1746505438.448199905]: integral_error_y: -20.083712[0m
[0m[ INFO] [1746505438.448260833]: w: -3579.756836[0m
[0m[ INFO] [1746505438.448320290]: Publishing motor command - Left: 4391.203125, Right: 2609.610840[0m
[0m[ INFO] [1746505438.555362060]: Target - x: 450.000000, y: 0.000000, phi: 0.000000[0m
[0m[ INFO] [1746505438.555843857]: Current - x: 0.234729, y: 82.956337, phi: 87.628410[0m
[0m[ INFO] [1746505438.556012819]: Error - x: 449.765259, y: -82.956337[0m
[0m[ INFO] [1746505438.556086932]: error_y: -82.956337[0m
[0m[ INFO] [1746505438.556132084]: integral_error_y: -28.379345[0m
[0m[ INFO] [1746505438.556171861]: w: -4073.935303[0m
[0m[ INFO] [1746505438.556226069]: Publishing motor command - Left: 4761.812500, Right: 2734.275391[0m
[0m[ INFO] [1746505438.648056890]: Target - x: 480.000000, y: 0.000000, phi: 0.000000[0m
[0m[ INFO] [1746505438.648198363]: Current - x: 0.926265, y: 104.042786, phi: 85.777214[0m
[0m[ INFO] [1746505438.648264412]: Error - x: 479.073730, y: -104.042786[0m
[0m[ INFO] [1746505438.648301245]: error_y: -104.042786[0m
[0m[ INFO] [1746505438.648331773]: integral_error_y: -38.783623[0m
[0m[ INFO] [1746505438.648362045]: w: -4741.381836[0m
[0m[ INFO] [1746505438.648396030]: Publishing motor command - Left: 5172.139160, Right: 2812.423584[0m
[0m[ INFO] [1746505438.756193840]: Target - x: 510.000000, y: 0.000000, phi: 0.000000[0m
[0m[ INFO] [1746505438.756306481]: Current - x: 2.322968, y: 127.510254, phi: 83.708336[0m
[0m[ INFO] [1746505438.756375826]: Error - x: 507.677032, y: -127.510254[0m
[0m[ INFO] [1746505438.756468563]: error_y: -127.510254[0m
[0m[ INFO] [1746505438.756503891]: integral_error_y: -51.534649[0m
[0m[ INFO] [1746505438.756549684]: w: -5336.198242[0m
[0m[ INFO] [1746505438.756584852]: Publishing motor command - Left: 5558.515625, Right: 2902.768311[0m
[0m[ INFO] [1746505438.849071392]: Target - x: 540.000000, y: 0.000000, phi: 0.000000[0m
[0m[ INFO] [1746505438.849161281]: Current - x: 4.768871, y: 152.308731, phi: 80.888054[0m
[0m[ INFO] [1746505438.849371107]: Error - x: 535.231140, y: -152.308731[0m
[0m[ INFO] [1746505438.849441476]: error_y: -152.308731[0m
[0m[ INFO] [1746505438.849488452]: integral_error_y: -66.765518[0m
[0m[ INFO] [1746505438.849552645]: w: -5727.915527[0m
[0m[ INFO] [1746505438.849599046]: Publishing motor command - Left: 5885.608887, Right: 3034.910156[0m
[0m[ INFO] [1746505438.955289025]: Target - x: 570.000000, y: 0.000000, phi: 0.000000[0m
[0m[ INFO] [1746505438.955572036]: Current - x: 8.478277, y: 178.981491, phi: 77.636589[0m
[0m[ INFO] [1746505438.955633637]: Error - x: 561.521729, y: -178.981491[0m
[0m[ INFO] [1746505438.955694085]: error_y: -178.981491[0m
[0m[ INFO] [1746505438.955810823]: integral_error_y: -84.663666[0m
[0m[ INFO] [1746505438.955958280]: w: -6237.925293[0m
[0m[ INFO] [1746505438.956116362]: Publishing motor command - Left: 6231.609375, Right: 3127.085938[0m
[0m[ INFO] [1746505439.047981199]: Target - x: 600.000000, y: 0.000000, phi: 0.000000[0m
[0m[ INFO] [1746505439.048070192]: Current - x: 13.953219, y: 206.990967, phi: 73.740471[0m
[0m[ INFO] [1746505439.048109872]: Error - x: 586.046753, y: -206.990967[0m
[0m[ INFO] [1746505439.048143473]: error_y: -206.990967[0m
[0m[ INFO] [1746505439.048196337]: integral_error_y: -100.000000[0m
[0m[ INFO] [1746505439.048270962]: w: -6646.849609[0m
[0m[ INFO] [1746505439.048314483]: Publishing motor command - Left: 6537.742188, Right: 3229.703369[0m
[0m[ INFO] [1746505439.150984589]: Target - x: 630.000000, y: 0.000000, phi: 0.000000[0m
[0m[ INFO] [1746505439.151075278]: Current - x: 22.120953, y: 238.508438, phi: 69.410179[0m
[0m[ INFO] [1746505439.151113454]: Error - x: 607.879028, y: -238.508438[0m
[0m[ INFO] [1746505439.151145839]: error_y: -238.508438[0m
[0m[ INFO] [1746505439.151226832]: integral_error_y: -100.000000[0m
[0m[ INFO] [1746505439.151289232]: w: -7506.036133[0m
[0m[ INFO] [1746505439.151335441]: Publishing motor command - Left: 6933.480469, Right: 3197.836914[0m
[0m[ INFO] [1746505439.248728594]: Target - x: 660.000000, y: 0.000000, phi: 0.000000[0m
[0m[ INFO] [1746505439.248821171]: Current - x: 32.998116, y: 270.265137, phi: 64.114990[0m
[0m[ INFO] [1746505439.248861971]: Error - x: 627.001892, y: -270.265137[0m
[0m[ INFO] [1746505439.248907028]: error_y: -270.265137[0m
[0m[ INFO] [1746505439.248940244]: integral_error_y: -100.000000[0m
[0m[ INFO] [1746505439.248973813]: w: -7712.665527[0m
[0m[ INFO] [1746505439.249041429]: Publishing motor command - Left: 7144.255371, Right: 3305.775635[0m
[0m[ INFO] [1746505439.355348631]: Target - x: 690.000000, y: 0.000000, phi: 0.000000[0m
[0m[ INFO] [1746505439.355736668]: Current - x: 46.998211, y: 302.535980, phi: 58.389229[0m
[0m[ INFO] [1746505439.355816604]: Error - x: 643.001770, y: -302.535980[0m
[0m[ INFO] [1746505439.355880765]: error_y: -302.535980[0m
[0m[ INFO] [1746505439.355961534]: integral_error_y: -100.000000[0m
[0m[ INFO] [1746505439.356010622]: w: -7976.848633[0m
[0m[ INFO] [1746505439.356058111]: Publishing motor command - Left: 7343.328125, Right: 3373.368164[0m
[0m[ INFO] [1746505439.448270024]: Target - x: 720.000000, y: 0.000000, phi: 0.000000[0m
[0m[ INFO] [1746505439.448374217]: Current - x: 65.267189, y: 335.615997, phi: 52.338440[0m
[0m[ INFO] [1746505439.448452426]: Error - x: 654.732788, y: -335.615997[0m
[0m[ INFO] [1746505439.448536107]: error_y: -335.615997[0m
[0m[ INFO] [1746505439.448617932]: integral_error_y: -100.000000[0m
[0m[ INFO] [1746505439.448669132]: w: -8304.083008[0m
[0m[ INFO] [1746505439.448712237]: Publishing motor command - Left: 7522.516113, Right: 3389.696533[0m
[0m[ INFO] [1746505439.549366321]: Target - x: 750.000000, y: 0.000000, phi: 0.000000[0m
[0m[ INFO] [1746505439.549804374]: Current - x: 88.011154, y: 368.277283, phi: 45.856480[0m
[0m[ INFO] [1746505439.549893751]: Error - x: 661.988831, y: -368.277283[0m
[0m[ INFO] [1746505439.549963800]: error_y: -368.277283[0m
[0m[ INFO] [1746505439.550358588]: integral_error_y: -100.000000[0m
[0m[ INFO] [1746505439.554528553]: w: -8383.643555[0m
[0m[ INFO] [1746505439.554846029]: Publishing motor command - Left: 7602.781250, Right: 3430.365967[0m
[0m[ INFO] [1746505439.648568934]: Target - x: 780.000000, y: 0.000000, phi: 0.000000[0m
[0m[ INFO] [1746505439.648698727]: Current - x: 115.139351, y: 399.297028, phi: 38.837200[0m
[0m[ INFO] [1746505439.648798505]: Error - x: 664.860657, y: -399.297028[0m
[0m[ INFO] [1746505439.648851753]: error_y: -399.297028[0m
[0m[ INFO] [1746505439.648918474]: integral_error_y: -100.000000[0m
[0m[ INFO] [1746505439.648992939]: w: -8210.434570[0m
[0m[ INFO] [1746505439.649953077]: Publishing motor command - Left: 7583.611328, Right: 3497.399170[0m
[0m[ INFO] [1746505439.748290912]: Target - x: 810.000000, y: 0.000000, phi: 0.000000[0m
[0m[ INFO] [1746505439.748404354]: Current - x: 146.473083, y: 427.587830, phi: 31.281199[0m
[0m[ INFO] [1746505439.748507715]: Error - x: 663.526917, y: -427.587830[0m
[0m[ INFO] [1746505439.748654020]: error_y: -427.587830[0m
[0m[ INFO] [1746505439.748733029]: integral_error_y: -100.000000[0m
[0m[ INFO] [1746505439.748775110]: w: -7806.099609[0m
[0m[ INFO] [1746505439.748820902]: Publishing motor command - Left: 7471.881348, Right: 3586.901123[0m
[0m[ INFO] [1746505439.848174237]: Target - x: 840.000000, y: 0.000000, phi: 0.000000[0m
[0m[ INFO] [1746505439.848340862]: Current - x: 182.299408, y: 452.479004, phi: 23.187878[0m
[0m[ INFO] [1746505439.848416895]: Error - x: 657.700562, y: -452.479004[0m
[0m[ INFO] [1746505439.848476928]: error_y: -452.479004[0m
[0m[ INFO] [1746505439.848521824]: integral_error_y: -100.000000[0m
[0m[ INFO] [1746505439.848585441]: w: -7250.629883[0m
[0m[ INFO] [1746505439.848629538]: Publishing motor command - Left: 7285.103516, Right: 3676.572266[0m
[0m[ INFO] [1746505439.952656875]: Target - x: 870.000000, y: 0.000000, phi: 0.000000[0m
[0m[ INFO] [1746505439.952781004]: Current - x: 222.117050, y: 472.643951, phi: 14.343747[0m
[0m[ INFO] [1746505439.952841133]: Error - x: 647.882935, y: -472.643951[0m
[0m[ INFO] [1746505439.952912174]: error_y: -472.643951[0m
[0m[ INFO] [1746505439.952962894]: integral_error_y: -100.000000[0m
[0m[ INFO] [1746505439.953007823]: w: -6406.208984[0m
[0m[ INFO] [1746505439.953062767]: Publishing motor command - Left: 6993.162109, Right: 3804.886719[0m
[0m[ INFO] [1746505440.048075030]: Target - x: 900.000000, y: 0.000000, phi: 0.000000[0m
[0m[ INFO] [1746505440.048207192]: Current - x: 264.496796, y: 487.264008, phi: 6.034541[0m
[0m[ INFO] [1746505440.048252728]: Error - x: 635.503174, y: -487.264008[0m
[0m[ INFO] [1746505440.048300889]: error_y: -487.264008[0m
[0m[ INFO] [1746505440.048387962]: integral_error_y: -100.000000[0m
[0m[ INFO] [1746505440.048466523]: w: -5370.331055[0m
[0m[ INFO] [1746505440.048540636]: Publishing motor command - Left: 6632.227051, Right: 3959.492432[0m
[0m[ INFO] [1746505440.148092756]: Target - x: 930.000000, y: 0.000000, phi: 0.000000[0m
[0m[ INFO] [1746505440.148216725]: Current - x: 309.378510, y: 495.503479, phi: -1.847683[0m
[0m[ INFO] [1746505440.148276822]: Error - x: 620.621460, y: -495.503479[0m
[0m[ INFO] [1746505440.148329431]: error_y: -495.503479[0m
[0m[ INFO] [1746505440.148437912]: integral_error_y: -100.000000[0m
[0m[ INFO] [1746505440.148570073]: w: -4135.411621[0m
[0m[ INFO] [1746505440.148670970]: Publishing motor command - Left: 6200.912109, Right: 4142.778809[0m
[0m[ INFO] [1746505440.248030865]: Target - x: 960.000000, y: 0.000000, phi: 0.000000[0m
[0m[ INFO] [1746505440.248149970]: Current - x: 355.764191, y: 497.545776, phi: -8.874747[0m
[0m[ INFO] [1746505440.248222675]: Error - x: 604.235840, y: -497.545776[0m
[0m[ INFO] [1746505440.248266451]: error_y: -497.545776[0m
[0m[ INFO] [1746505440.248298068]: integral_error_y: -100.000000[0m
[0m[ INFO] [1746505440.248329172]: w: -2906.188477[0m
[0m[ INFO] [1746505440.248363220]: Publishing motor command - Left: 5758.482422, Right: 4312.115234[0m
[0m[ INFO] [1746505440.350522249]: Target - x: 990.000000, y: 0.000000, phi: 0.000000[0m
[0m[ INFO] [1746505440.350803820]: Current - x: 401.584839, y: 493.159607, phi: -16.115303[0m
[0m[ INFO] [1746505440.350865709]: Error - x: 588.415161, y: -493.159607[0m
[0m[ INFO] [1746505440.350957454]: error_y: -493.159607[0m
[0m[ INFO] [1746505440.351078991]: integral_error_y: -100.000000[0m
[0m[ INFO] [1746505440.351136528]: w: -1598.564209[0m
[0m[ INFO] [1746505440.351259569]: Publishing motor command - Left: 5301.250488, Right: 4505.668457[0m
[0m[ INFO] [1746505440.448401072]: Target - x: 1020.000000, y: 0.000000, phi: 0.000000[0m
[0m[ INFO] [1746505440.448495025]: Current - x: 446.029114, y: 483.789001, phi: -22.177467[0m
[0m[ INFO] [1746505440.448539697]: Error - x: 573.970886, y: -483.789001[0m
[0m[ INFO] [1746505440.448580498]: error_y: -483.789001[0m
[0m[ INFO] [1746505440.448626770]: integral_error_y: -100.000000[0m
[0m[ INFO] [1746505440.448659411]: w: -554.823975[0m
[0m[ INFO] [1746505440.448721171]: Publishing motor command - Left: 4921.154785, Right: 4645.026855[0m
[0m[ INFO] [1746505440.550566245]: Target - x: 1050.000000, y: 0.000000, phi: 0.000000[0m
[0m[ INFO] [1746505440.551275180]: Current - x: 489.095825, y: 469.375641, phi: -26.955097[0m
[0m[ INFO] [1746505440.551395598]: Error - x: 560.904175, y: -469.375641[0m
[0m[ INFO] [1746505440.551457166]: error_y: -469.375641[0m
[0m[ INFO] [1746505440.551501455]: integral_error_y: -100.000000[0m
[0m[ INFO] [1746505440.551541263]: w: 525.793945[0m
[0m[ INFO] [1746505440.551593808]: Publishing motor command - Left: 4543.361816, Right: 4805.041504[0m
[0m[ INFO] [1746505440.648595469]: Target - x: 1080.000000, y: 0.000000, phi: 0.000000[0m
[0m[ INFO] [1746505440.648697486]: Current - x: 529.736084, y: 450.981781, phi: -31.303349[0m
[0m[ INFO] [1746505440.648769103]: Error - x: 550.263916, y: -450.981781[0m
[0m[ INFO] [1746505440.648817455]: error_y: -450.981781[0m
[0m[ INFO] [1746505440.648850223]: integral_error_y: -100.000000[0m
[0m[ INFO] [1746505440.648879440]: w: 1413.863037[0m
[0m[ INFO] [1746505440.648912720]: Publishing motor command - Left: 4233.703125, Right: 4937.361816[0m
[0m[ INFO] [1746505440.754853358]: Target - x: 1110.000000, y: 0.000000, phi: 0.000000[0m
[0m[ INFO] [1746505440.755038128]: Current - x: 569.525024, y: 429.099762, phi: -35.010532[0m
[0m[ INFO] [1746505440.755169842]: Error - x: 540.474976, y: -429.099762[0m
[0m[ INFO] [1746505440.755263187]: error_y: -429.099762[0m
[0m[ INFO] [1746505440.755313459]: integral_error_y: -100.000000[0m
[0m[ INFO] [1746505440.755361012]: w: 2220.905029[0m
[0m[ INFO] [1746505440.755413588]: Publishing motor command - Left: 3951.302002, Right: 5056.613770[0m
[0m[ INFO] [1746505440.848452934]: Target - x: 1140.000000, y: 0.000000, phi: 0.000000[0m
[0m[ INFO] [1746505440.848621672]: Current - x: 607.133484, y: 405.127563, phi: -37.431980[0m
[0m[ INFO] [1746505440.848701641]: Error - x: 532.866516, y: -405.127563[0m
[0m[ INFO] [1746505440.848742857]: error_y: -405.127563[0m
[0m[ INFO] [1746505440.848778410]: integral_error_y: -100.000000[0m
[0m[ INFO] [1746505440.848812650]: w: 2758.801758[0m
[0m[ INFO] [1746505440.848851722]: Publishing motor command - Left: 3754.046875, Right: 5127.062012[0m
[0m[ INFO] [1746505440.948649222]: Target - x: 1170.000000, y: 0.000000, phi: 0.000000[0m
[0m[ INFO] [1746505440.948819271]: Current - x: 642.746155, y: 379.297852, phi: -39.317307[0m
[0m[ INFO] [1746505440.948934121]: Error - x: 527.253845, y: -379.297852[0m
[0m[ INFO] [1746505440.948987881]: error_y: -379.297852[0m
[0m[ INFO] [1746505440.949044394]: integral_error_y: -100.000000[0m
[0m[ INFO] [1746505440.949158667]: w: 3259.453125[0m
[0m[ INFO] [1746505440.949226444]: Publishing motor command - Left: 3582.691162, Right: 5204.872559[0m
[0m[ INFO] [1746505441.047870363]: Target - x: 1200.000000, y: 0.000000, phi: 0.000000[0m
[0m[ INFO] [1746505441.047989212]: Current - x: 677.400146, y: 352.534760, phi: -39.810753[0m
[0m[ INFO] [1746505441.048074397]: Error - x: 522.599854, y: -352.534760[0m
[0m[ INFO] [1746505441.048291455]: error_y: -352.534760[0m
[0m[ INFO] [1746505441.048325888]: integral_error_y: -100.000000[0m
[0m[ INFO] [1746505441.048361120]: w: 3579.944336[0m
[0m[ INFO] [1746505441.048396768]: Publishing motor command - Left: 3464.156006, Right: 5245.841309[0m
[0m[ INFO] [1746505441.148203324]: Target - x: 1230.000000, y: 0.000000, phi: 0.000000[0m
[0m[ INFO] [1746505441.148333085]: Current - x: 711.386780, y: 324.614258, phi: -39.983364[0m
[0m[ INFO] [1746505441.148394430]: Error - x: 518.613220, y: -324.614258[0m
[0m[ INFO] [1746505441.148472383]: error_y: -324.614258[0m
[0m[ INFO] [1746505441.148508479]: integral_error_y: -100.000000[0m
[0m[ INFO] [1746505441.148554527]: w: 3951.029297[0m
[0m[ INFO] [1746505441.148591392]: Publishing motor command - Left: 3338.592041, Right: 5304.961426[0m
[0m[ INFO] [1746505441.248330810]: Target - x: 1260.000000, y: 0.000000, phi: 0.000000[0m
[0m[ INFO] [1746505441.248465692]: Current - x: 745.544128, y: 296.273132, phi: -39.728397[0m
[0m[ INFO] [1746505441.248535645]: Error - x: 514.455872, y: -296.273132[0m
[0m[ INFO] [1746505441.248606077]: error_y: -296.273132[0m
[0m[ INFO] [1746505441.248671934]: integral_error_y: -100.000000[0m
[0m[ INFO] [1746505441.248721087]: w: 4176.859375[0m
[0m[ INFO] [1746505441.248762335]: Publishing motor command - Left: 3247.751709, Right: 5326.512695[0m
[0m[ INFO] [1746505441.353623793]: Target - x: 1290.000000, y: 0.000000, phi: 0.000000[0m
[0m[ INFO] [1746505441.354318649]: Current - x: 779.050720, y: 268.407715, phi: -39.258141[0m
[0m[ INFO] [1746505441.354432826]: Error - x: 510.949280, y: -268.407715[0m
[0m[ INFO] [1746505441.354491611]: error_y: -268.407715[0m
[0m[ INFO] [1746505441.354532475]: integral_error_y: -100.000000[0m
[0m[ INFO] [1746505441.354568636]: w: 4221.044922[0m
[0m[ INFO] [1746505441.354615164]: Publishing motor command - Left: 3207.534912, Right: 5308.286621[0m
[0m[ INFO] [1746505441.448259668]: Target - x: 1320.000000, y: 0.000000, phi: 0.000000[0m
[0m[ INFO] [1746505441.448438742]: Current - x: 812.963440, y: 240.723709, phi: -38.252960[0m
[0m[ INFO] [1746505441.448536343]: Error - x: 507.036560, y: -240.723709[0m
[0m[ INFO] [1746505441.448601432]: error_y: -240.723709[0m
[0m[ INFO] [1746505441.448661625]: integral_error_y: -100.000000[0m
[0m[ INFO] [1746505441.448719769]: w: 4323.182617[0m
[0m[ INFO] [1746505441.448785594]: Publishing motor command - Left: 3149.512695, Right: 5301.096680[0m
[0m[ INFO] [1746505441.555217245]: Target - x: 1350.000000, y: 0.000000, phi: 0.000000[0m
[0m[ INFO] [1746505441.555361983]: Current - x: 847.152527, y: 213.383514, phi: -37.033695[0m
[0m[ INFO] [1746505441.555431904]: Error - x: 502.847473, y: -213.383514[0m
[0m[ INFO] [1746505441.555470400]: error_y: -213.383514[0m
[0m[ INFO] [1746505441.555531393]: integral_error_y: -100.000000[0m
[0m[ INFO] [1746505441.555564481]: w: 4391.121582[0m
[0m[ INFO] [1746505441.555599074]: Publishing motor command - Left: 3097.697266, Right: 5283.093750[0m
[0m[ INFO] [1746505441.648580499]: Target - x: 1380.000000, y: 0.000000, phi: 0.000000[0m
[0m[ INFO] [1746505441.648697268]: Current - x: 882.146667, y: 186.755203, phi: -35.065411[0m
[0m[ INFO] [1746505441.648767989]: Error - x: 497.853333, y: -186.755203[0m
[0m[ INFO] [1746505441.648825269]: error_y: -186.755203[0m
[0m[ INFO] [1746505441.648861686]: integral_error_y: -100.000000[0m
[0m[ INFO] [1746505441.648903766]: w: 4381.886230[0m
[0m[ INFO] [1746505441.648954103]: Publishing motor command - Left: 3058.377686, Right: 5239.177734[0m
[0m[ INFO] [1746505441.748859859]: Target - x: 1410.000000, y: 0.000000, phi: 0.000000[0m
[0m[ INFO] [1746505441.749030677]: Current - x: 917.327820, y: 161.047684, phi: -33.310619[0m
[0m[ INFO] [1746505441.749113174]: Error - x: 492.672180, y: -161.047684[0m
[0m[ INFO] [1746505441.749169431]: error_y: -161.047684[0m
[0m[ INFO] [1746505441.749227607]: integral_error_y: -100.000000[0m
[0m[ INFO] [1746505441.749277400]: w: 4326.265625[0m
[0m[ INFO] [1746505441.749539067]: Publishing motor command - Left: 3029.042236, Right: 5182.160645[0m
[0m[ INFO] [1746505441.848053224]: Target - x: 1440.000000, y: 0.000000, phi: 0.000000[0m
[0m[ INFO] [1746505441.848184329]: Current - x: 954.171814, y: 136.319885, phi: -30.914759[0m
[0m[ INFO] [1746505441.848232586]: Error - x: 485.828186, y: -136.319885[0m
[0m[ INFO] [1746505441.848281738]: error_y: -136.319885[0m
[0m[ INFO] [1746505441.848646670]: integral_error_y: -100.000000[0m
[0m[ INFO] [1746505441.848693231]: w: 4253.959961[0m
[0m[ INFO] [1746505441.848755536]: Publishing motor command - Left: 2990.001953, Right: 5107.134766[0m
[0m[ INFO] [1746505441.948229191]: Target - x: 1470.000000, y: 0.000000, phi: 0.000000[0m
[0m[ INFO] [1746505441.948313928]: Current - x: 990.735474, y: 113.373077, phi: -28.517099[0m
[0m[ INFO] [1746505441.948406089]: Error - x: 479.264526, y: -113.373077[0m
[0m[ INFO] [1746505441.948475658]: error_y: -113.373077[0m
[0m[ INFO] [1746505441.948510346]: integral_error_y: -100.000000[0m
[0m[ INFO] [1746505441.948540587]: w: 4012.496094[0m
[0m[ INFO] [1746505441.948582571]: Publishing motor command - Left: 2995.390869, Right: 4992.351074[0m
[0m[ INFO] [1746505442.048115363]: Target - x: 1500.000000, y: 0.000000, phi: 0.000000[0m
[0m[ INFO] [1746505442.048261285]: Current - x: 1028.848022, y: 91.855011, phi: -25.585115[0m
[0m[ INFO] [1746505442.048334310]: Error - x: 471.151978, y: -91.855011[0m
[0m[ INFO] [1746505442.048372966]: error_y: -91.855011[0m
[0m[ INFO] [1746505442.048405991]: integral_error_y: -100.000000[0m
[0m[ INFO] [1746505442.048482119]: w: 3834.338135[0m
[0m[ INFO] [1746505442.048539400]: Publishing motor command - Left: 2972.119873, Right: 4880.413574[0m
[0m[ INFO] [1746505442.152806004]: Target - x: 1530.000000, y: 0.000000, phi: 0.000000[0m
[0m[ INFO] [1746505442.152934709]: Current - x: 1066.844482, y: 72.228455, phi: -23.186857[0m
[0m[ INFO] [1746505442.152993238]: Error - x: 463.155518, y: -72.228455[0m
[0m[ INFO] [1746505442.153062423]: error_y: -72.228455[0m
[0m[ INFO] [1746505442.153209688]: integral_error_y: -100.000000[0m
[0m[ INFO] [1746505442.153307513]: w: 3554.168945[0m
[0m[ INFO] [1746505442.153435387]: Publishing motor command - Left: 2975.200439, Right: 4744.058105[0m
[0m[ INFO] [1746505442.248069022]: Target - x: 1560.000000, y: 0.000000, phi: 0.000000[0m
[0m[ INFO] [1746505442.248160575]: Current - x: 1106.225220, y: 54.553028, phi: -20.361019[0m
[0m[ INFO] [1746505442.248207327]: Error - x: 453.774780, y: -54.553028[0m
[0m[ INFO] [1746505442.248261440]: error_y: -54.553028[0m
[0m[ INFO] [1746505442.248314656]: integral_error_y: -100.000000[0m
[0m[ INFO] [1746505442.248397473]: w: 3252.320312[0m
[0m[ INFO] [1746505442.248462466]: Publishing motor command - Left: 2972.140625, Right: 4590.771973[0m
[0m[ INFO] [1746505442.348498016]: Target - x: 1590.000000, y: 0.000000, phi: 0.000000[0m
[0m[ INFO] [1746505442.348618241]: Current - x: 1146.282104, y: 38.465698, phi: -17.749271[0m
[0m[ INFO] [1746505442.348675810]: Error - x: 443.717896, y: -38.465698[0m
[0m[ INFO] [1746505442.348728514]: error_y: -38.465698[0m
[0m[ INFO] [1746505442.348793763]: integral_error_y: -100.000000[0m
[0m[ INFO] [1746505442.348878660]: w: 3015.137207[0m
[0m[ INFO] [1746505442.348959653]: Publishing motor command - Left: 2947.354492, Right: 4447.943848[0m
[0m[ INFO] [1746505442.448139577]: Target - x: 1620.000000, y: 0.000000, phi: 0.000000[0m
[0m[ INFO] [1746505442.448230650]: Current - x: 1186.728760, y: 24.580000, phi: -14.922836[0m
[0m[ INFO] [1746505442.448380604]: Error - x: 433.271240, y: -24.580000[0m
[0m[ INFO] [1746505442.448486333]: error_y: -24.580000[0m
[0m[ INFO] [1746505442.448606334]: integral_error_y: -100.000000[0m
[0m[ INFO] [1746505442.448709727]: w: 2644.239746[0m
[0m[ INFO] [1746505442.448768064]: Publishing motor command - Left: 2952.593994, Right: 4268.593262[0m
[0m[ INFO] [1746505442.619345276]: Target - x: 1680.000000, y: 0.000000, phi: 0.000000[0m
[0m[ INFO] [1746505442.619645951]: Current - x: 1226.203979, y: 12.930455, phi: -12.308094[0m
[0m[ INFO] [1746505442.619712064]: Error - x: 453.796021, y: -12.930455[0m
[0m[ INFO] [1746505442.619746976]: error_y: -12.930455[0m
[0m[ INFO] [1746505442.619777984]: integral_error_y: -100.000000[0m
[0m[ INFO] [1746505442.619808481]: w: 2255.256592[0m
[0m[ INFO] [1746505442.619841569]: Publishing motor command - Left: 3220.429688, Right: 4342.837402[0m
[0m[ INFO] [1746505442.648089908]: Target - x: 1680.000000, y: 0.000000, phi: 0.000000[0m
[0m[ INFO] [1746505442.648213365]: Current - x: 1266.561157, y: 2.995461, phi: -10.122129[0m
[0m[ INFO] [1746505442.648287350]: Error - x: 413.438843, y: -2.995461[0m
[0m[ INFO] [1746505442.648321558]: error_y: -2.995461[0m
[0m[ INFO] [1746505442.648352054]: integral_error_y: -100.000000[0m
[0m[ INFO] [1746505442.648381463]: w: 1962.021606[0m
[0m[ INFO] [1746505442.648415735]: Publishing motor command - Left: 2957.088867, Right: 3933.558350[0m
[0m[ INFO] [1746505442.755095741]: Target - x: 1710.000000, y: 0.000000, phi: 0.000000[0m
[0m[ INFO] [1746505442.755218302]: Current - x: 1305.563477, y: -4.699075, phi: -7.826426[0m
[0m[ INFO] [1746505442.755258879]: Error - x: 404.436523, y: 4.699075[0m
[0m[ INFO] [1746505442.755328320]: error_y: 4.699075[0m
[0m[ INFO] [1746505442.755361856]: integral_error_y: -99.530090[0m
[0m[ INFO] [1746505442.755391104]: w: 1552.449585[0m
[0m[ INFO] [1746505442.755423937]: Publishing motor command - Left: 2983.988525, Right: 3756.620117[0m
[0m[ INFO] [1746505442.848163823]: Target - x: 1740.000000, y: 0.000000, phi: 0.000000[0m
[0m[ INFO] [1746505442.848300433]: Current - x: 1344.016602, y: -10.918705, phi: -5.957704[0m
[0m[ INFO] [1746505442.848384402]: Error - x: 395.983398, y: 10.918705[0m
[0m[ INFO] [1746505442.848423634]: error_y: 10.918705[0m
[0m[ INFO] [1746505442.848477587]: integral_error_y: -98.438217[0m
[0m[ INFO] [1746505442.848513747]: w: 1288.675537[0m
[0m[ INFO] [1746505442.848550995]: Publishing motor command - Left: 2979.184326, Right: 3620.539062[0m
[0m[ INFO] [1746505442.955607197]: Target - x: 1770.000000, y: 0.000000, phi: 0.000000[0m
[0m[ INFO] [1746505442.955964257]: Current - x: 1384.079712, y: -15.799961, phi: -4.198123[0m
[0m[ INFO] [1746505442.956127907]: Error - x: 385.920288, y: 15.799961[0m
[0m[ INFO] [1746505442.957072589]: error_y: 15.799961[0m
[0m[ INFO] [1746505442.957116270]: integral_error_y: -96.858223[0m
[0m[ INFO] [1746505442.957181262]: w: 1045.565186[0m
[0m[ INFO] [1746505442.957233359]: Publishing motor command - Left: 2955.821045, Right: 3476.183594[0m
[0m[ INFO] [1746505443.048349708]: Target - x: 1800.000000, y: 0.000000, phi: 0.000000[0m
[0m[ INFO] [1746505443.048447597]: Current - x: 1422.477661, y: -19.247211, phi: -2.542892[0m
[0m[ INFO] [1746505443.048496782]: Error - x: 377.522339, y: 19.247211[0m
[0m[ INFO] [1746505443.048536878]: error_y: 19.247211[0m
[0m[ INFO] [1746505443.048584943]: integral_error_y: -94.933502[0m
[0m[ INFO] [1746505443.048693200]: w: 776.192810[0m
[0m[ INFO] [1746505443.048761680]: Publishing motor command - Left: 2952.869873, Right: 3339.169189[0m
[0m[ INFO] [1746505443.148322281]: Target - x: 1830.000000, y: 0.000000, phi: 0.000000[0m
[0m[ INFO] [1746505443.148438314]: Current - x: 1460.963257, y: -21.513802, phi: -0.887660[0m
[0m[ INFO] [1746505443.148536907]: Error - x: 369.036743, y: 21.513802[0m
[0m[ INFO] [1746505443.148648461]: error_y: 21.513802[0m
[0m[ INFO] [1746505443.148776366]: integral_error_y: -92.782120[0m
[0m[ INFO] [1746505443.148832015]: w: 551.608826[0m
[0m[ INFO] [1746505443.148888911]: Publishing motor command - Left: 2938.042725, Right: 3212.570068[0m
[0m[ INFO] [1746505443.248125188]: Target - x: 1860.000000, y: 0.000000, phi: 0.000000[0m
[0m[ INFO] [1746505443.248218213]: Current - x: 1498.493042, y: -22.742460, phi: 0.447934[0m
[0m[ INFO] [1746505443.248292326]: Error - x: 361.506958, y: 22.742460[0m
[0m[ INFO] [1746505443.248366279]: error_y: 22.742460[0m
[0m[ INFO] [1746505443.248440328]: integral_error_y: -90.507874[0m
[0m[ INFO] [1746505443.248634666]: w: 350.393250[0m
[0m[ INFO] [1746505443.248677322]: Publishing motor command - Left: 2925.365234, Right: 3099.750732[0m
[0m[ INFO] [1746505443.349389391]: Target - x: 1890.000000, y: 0.000000, phi: 0.000000[0m
[0m[ INFO] [1746505443.349783348]: Current - x: 1534.837524, y: -22.881357, phi: 1.785324[0m
[0m[ INFO] [1746505443.349880341]: Error - x: 355.162476, y: 22.881357[0m
[0m[ INFO] [1746505443.350002582]: error_y: 22.881357[0m
[0m[ INFO] [1746505443.350069527]: integral_error_y: -88.219734[0m
[0m[ INFO] [1746505443.350414075]: w: 133.364197[0m
[0m[ INFO] [1746505443.350691838]: Publishing motor command - Left: 2926.500244, Right: 2992.874023[0m
[0m[ INFO] [1746505443.448046494]: Target - x: 1920.000000, y: 0.000000, phi: 0.000000[0m
[0m[ INFO] [1746505443.448132191]: Current - x: 1571.375000, y: -22.135143, phi: 3.229460[0m
[0m[ INFO] [1746505443.448169568]: Error - x: 348.625000, y: 22.135143[0m
[0m[ INFO] [1746505443.448228832]: error_y: 22.135143[0m
[0m[ INFO] [1746505443.448299553]: integral_error_y: -86.006218[0m
[0m[ INFO] [1746505443.448332193]: w: -47.167686[0m
[0m[ INFO] [1746505443.448445795]: Publishing motor command - Left: 2916.945557, Right: 2893.470947[0m
[0m[ INFO] [1746505443.552853648]: Target - x: 1950.000000, y: 0.000000, phi: 0.000000[0m
[0m[ INFO] [1746505443.553268468]: Current - x: 1607.495483, y: -20.756023, phi: 4.031927[0m
[0m[ INFO] [1746505443.553423670]: Error - x: 342.504517, y: 20.756023[0m
[0m[ INFO] [1746505443.553671641]: error_y: 20.756023[0m
[0m[ INFO] [1746505443.553775450]: integral_error_y: -83.930618[0m
[0m[ INFO] [1746505443.553890139]: w: -180.436920[0m
[0m[ INFO] [1746505443.553949148]: Publishing motor command - Left: 2899.104736, Right: 2809.303955[0m
[0m[ INFO] [1746505443.648237915]: Target - x: 1980.000000, y: 0.000000, phi: 0.000000[0m
[0m[ INFO] [1746505443.648337052]: Current - x: 1642.377319, y: -18.672966, phi: 4.408011[0m
[0m[ INFO] [1746505443.648383037]: Error - x: 337.622681, y: 18.672966[0m
[0m[ INFO] [1746505443.648485502]: error_y: 18.672966[0m
[0m[ INFO] [1746505443.648542878]: integral_error_y: -82.063324[0m
[0m[ INFO] [1746505443.648599711]: w: -331.452972[0m
[0m[ INFO] [1746505443.648676864]: Publishing motor command - Left: 2896.001953, Right: 2731.042969[0m
[0m[ INFO] [1746505443.751257433]: Target - x: 2010.000000, y: 0.000000, phi: 0.000000[0m
[0m[ INFO] [1746505443.751418587]: Current - x: 1677.423828, y: -16.054201, phi: 4.890841[0m
[0m[ INFO] [1746505443.751528924]: Error - x: 332.576172, y: 16.054201[0m
[0m[ INFO] [1746505443.751723070]: error_y: 16.054201[0m
[0m[ INFO] [1746505443.751835168]: integral_error_y: -80.457901[0m
[0m[ INFO] [1746505443.751889472]: w: -451.527771[0m
[0m[ INFO] [1746505443.751946721]: Publishing motor command - Left: 2883.827393, Right: 2659.108643[0m
[0m[ INFO] [1746505443.848462008]: Target - x: 2040.000000, y: 0.000000, phi: 0.000000[0m
[0m[ INFO] [1746505443.848601850]: Current - x: 1711.454712, y: -13.318150, phi: 5.268123[0m
[0m[ INFO] [1746505443.848684795]: Error - x: 328.545288, y: 13.318150[0m
[0m[ INFO] [1746505443.848726555]: error_y: 13.318150[0m
[0m[ INFO] [1746505443.848762076]: integral_error_y: -79.126083[0m
[0m[ INFO] [1746505443.848808092]: w: -488.532166[0m
[0m[ INFO] [1746505443.848847612]: Publishing motor command - Left: 2859.445068, Right: 2616.309570[0m
[0m[ INFO] [1746505443.956169865]: Target - x: 2070.000000, y: 0.000000, phi: 0.000000[0m
[0m[ INFO] [1746505443.956288331]: Current - x: 1745.454346, y: -10.231995, phi: 5.859495[0m
[0m[ INFO] [1746505443.956359979]: Error - x: 324.545654, y: 10.231995[0m
[0m[ INFO] [1746505443.956395148]: error_y: 10.231995[0m
[0m[ INFO] [1746505443.956425388]: integral_error_y: -78.102882[0m
[0m[ INFO] [1746505443.956455020]: w: -573.881287[0m
[0m[ INFO] [1746505443.956488717]: Publishing motor command - Left: 2847.353271, Right: 2561.740967[0m
[0m[ INFO] [1746505444.048376082]: Target - x: 2100.000000, y: 0.000000, phi: 0.000000[0m
[0m[ INFO] [1746505444.048632245]: Current - x: 1778.850952, y: -7.135861, phi: 5.916541[0m
[0m[ INFO] [1746505444.048673109]: Error - x: 321.149048, y: 7.135861[0m
[0m[ INFO] [1746505444.048730966]: error_y: 7.135861[0m
[0m[ INFO] [1746505444.048791799]: integral_error_y: -77.389297[0m
[0m[ INFO] [1746505444.048852087]: w: -591.286377[0m
[0m[ INFO] [1746505444.048888344]: Publishing motor command - Left: 2823.379150, Right: 2529.104736[0m
[0m[ INFO] [1746505444.149839199]: Target - x: 2130.000000, y: 0.000000, phi: 0.000000[0m
[0m[ INFO] [1746505444.149996449]: Current - x: 1812.206177, y: -3.632991, phi: 6.187676[0m
[0m[ INFO] [1746505444.150054338]: Error - x: 317.793823, y: 3.632991[0m
[0m[ INFO] [1746505444.150214243]: error_y: 3.632991[0m
[0m[ INFO] [1746505444.150323205]: integral_error_y: -77.026001[0m
[0m[ INFO] [1746505444.150375781]: w: -690.111450[0m
[0m[ INFO] [1746505444.150430310]: Publishing motor command - Left: 2820.010986, Right: 2476.552734[0m
[0m[ INFO] [1746505444.248081322]: Target - x: 2160.000000, y: 0.000000, phi: 0.000000[0m
[0m[ INFO] [1746505444.248200875]: Current - x: 1844.366943, y: -0.283422, phi: 6.246519[0m
[0m[ INFO] [1746505444.248294604]: Error - x: 315.633057, y: 0.283422[0m
[0m[ INFO] [1746505444.248344781]: error_y: 0.283422[0m
[0m[ INFO] [1746505444.248379245]: integral_error_y: -76.997658[0m
[0m[ INFO] [1746505444.248421709]: w: -676.196594[0m
[0m[ INFO] [1746505444.248471278]: Publishing motor command - Left: 2798.541992, Right: 2462.008789[0m
[0m[ INFO] [1746505444.350844773]: Target - x: 2190.000000, y: 0.000000, phi: 0.000000[0m
[0m[ INFO] [1746505444.351008455]: Current - x: 1877.717407, y: 3.286100, phi: 6.089476[0m
[0m[ INFO] [1746505444.351064327]: Error - x: 312.282593, y: -3.286100[0m
[0m[ INFO] [1746505444.351113928]: error_y: -3.286100[0m
[0m[ INFO] [1746505444.351160936]: integral_error_y: -77.326271[0m
[0m[ INFO] [1746505444.351208329]: w: -738.067383[0m
[0m[ INFO] [1746505444.351259978]: Publishing motor command - Left: 2786.017578, Right: 2418.692383[0m
[0m[ INFO] [1746505444.448269030]: Target - x: 2220.000000, y: 0.000000, phi: 0.000000[0m
[0m[ INFO] [1746505444.448394568]: Current - x: 1909.858276, y: 6.820833, phi: 6.148318[0m
[0m[ INFO] [1746505444.448483849]: Error - x: 310.141724, y: -6.820833[0m
[0m[ INFO] [1746505444.448526249]: error_y: -6.820833[0m
[0m[ INFO] [1746505444.448606698]: integral_error_y: -78.008354[0m
[0m[ INFO] [1746505444.448705547]: w: -748.851746[0m
[0m[ INFO] [1746505444.448751020]: Publishing motor command - Left: 2770.860596, Right: 2398.168213[0m
[0m[ INFO] [1746505444.548646888]: Target - x: 2250.000000, y: 0.000000, phi: 0.000000[0m
[0m[ INFO] [1746505444.548799690]: Current - x: 1941.224609, y: 10.065213, phi: 5.780180[0m
[0m[ INFO] [1746505444.548902059]: Error - x: 308.775391, y: -10.065213[0m
[0m[ INFO] [1746505444.548973676]: error_y: -10.065213[0m
[0m[ INFO] [1746505444.549152685]: integral_error_y: -79.014877[0m
[0m[ INFO] [1746505444.549258831]: w: -707.103577[0m
[0m[ INFO] [1746505444.549424400]: Publishing motor command - Left: 2749.085693, Right: 2397.170654[0m
[0m[ INFO] [1746505444.647849789]: Target - x: 2280.000000, y: 0.000000, phi: 0.000000[0m
[0m[ INFO] [1746505444.647970814]: Current - x: 1973.183105, y: 13.433958, phi: 5.518188[0m
[0m[ INFO] [1746505444.648020639]: Error - x: 306.816895, y: -13.433958[0m
[0m[ INFO] [1746505444.648076895]: error_y: -13.433958[0m
[0m[ INFO] [1746505444.648112128]: integral_error_y: -80.358276[0m
[0m[ INFO] [1746505444.648144544]: w: -748.954529[0m
[0m[ INFO] [1746505444.648205441]: Publishing motor command - Left: 2743.179443, Right: 2370.435791[0m
[0m[ INFO] [1746505444.751861318]: Target - x: 2310.000000, y: 0.000000, phi: 0.000000[0m
[0m[ INFO] [1746505444.752314603]: Current - x: 2004.566406, y: 16.508970, phi: 5.150049[0m
[0m[ INFO] [1746505444.752446508]: Error - x: 305.433594, y: -16.508970[0m
[0m[ INFO] [1746505444.752502061]: error_y: -16.508970[0m
[0m[ INFO] [1746505444.753907452]: integral_error_y: -82.009171[0m
[0m[ INFO] [1746505444.753972637]: w: -705.748230[0m
[0m[ INFO] [1746505444.754032253]: Publishing motor command - Left: 2720.900146, Right: 2369.659668[0m
[0m[ INFO] [1746505444.848203803]: Target - x: 2340.000000, y: 0.000000, phi: 0.000000[0m
[0m[ INFO] [1746505444.848312572]: Current - x: 2035.347046, y: 19.528214, phi: 5.318032[0m
[0m[ INFO] [1746505444.848748385]: Error - x: 304.652954, y: -19.528214[0m
[0m[ INFO] [1746505444.848814850]: error_y: -19.528214[0m
[0m[ INFO] [1746505444.848871811]: integral_error_y: -83.961990[0m
[0m[ INFO] [1746505444.848945603]: w: -709.885864[0m
[0m[ INFO] [1746505444.849019588]: Publishing motor command - Left: 2715.424561, Right: 2362.124756[0m
[0m[ INFO] [1746505444.949915435]: Target - x: 2370.000000, y: 0.000000, phi: 0.000000[0m
[0m[ INFO] [1746505444.950032108]: Current - x: 2065.167480, y: 22.063824, phi: 4.738200[0m
[0m[ INFO] [1746505444.950093485]: Error - x: 304.832520, y: -22.063824[0m
[0m[ INFO] [1746505444.950208910]: error_y: -22.063824[0m
[0m[ INFO] [1746505444.950271183]: integral_error_y: -86.168373[0m
[0m[ INFO] [1746505444.950316560]: w: -626.057983[0m
[0m[ INFO] [1746505444.950353648]: Publishing motor command - Left: 2696.060791, Right: 2384.481201[0m
[0m[ INFO] [1746505445.048227062]: Target - x: 2400.000000, y: 0.000000, phi: 0.000000[0m
[0m[ INFO] [1746505445.048319479]: Current - x: 2095.964844, y: 24.918093, phi: 4.692093[0m
[0m[ INFO] [1746505445.048357464]: Error - x: 304.035156, y: -24.918093[0m
[0m[ INFO] [1746505445.048391768]: error_y: -24.918093[0m
[0m[ INFO] [1746505445.048422776]: integral_error_y: -88.660179[0m
[0m[ INFO] [1746505445.048454969]: w: -704.310303[0m
[0m[ INFO] [1746505445.048539642]: Publishing motor command - Left: 2708.888672, Right: 2358.364014[0m
[0m[ INFO] [1746505445.154993661]: Target - x: 2430.000000, y: 0.000000, phi: 0.000000[0m
[0m[ INFO] [1746505445.155516963]: Current - x: 2126.197754, y: 27.326683, phi: 4.325751[0m
[0m[ INFO] [1746505445.155677540]: Error - x: 303.802246, y: -27.326683[0m
[0m[ INFO] [1746505445.155826694]: error_y: -27.326683[0m
[0m[ INFO] [1746505445.155920871]: integral_error_y: -91.392845[0m
[0m[ INFO] [1746505445.155976776]: w: -627.490784[0m
[0m[ INFO] [1746505445.156046664]: Publishing motor command - Left: 2687.831787, Right: 2375.538818[0m
[0m[ INFO] [1746505445.248133040]: Target - x: 2460.000000, y: 0.000000, phi: 0.000000[0m
[0m[ INFO] [1746505445.248252433]: Current - x: 2156.827148, y: 29.799501, phi: 4.172899[0m
[0m[ INFO] [1746505445.248317458]: Error - x: 303.172852, y: -29.799501[0m
[0m[ INFO] [1746505445.248365586]: error_y: -29.799501[0m
[0m[ INFO] [1746505445.248399859]: integral_error_y: -94.372795[0m
[0m[ INFO] [1746505445.248432243]: w: -652.998413[0m
[0m[ INFO] [1746505445.248485588]: Publishing motor command - Left: 2688.934326, Right: 2363.946533[0m
[0m[ INFO] [1746505445.355808065]: Target - x: 2490.000000, y: 0.000000, phi: 0.000000[0m
[0m[ INFO] [1746505445.355913122]: Current - x: 2186.878662, y: 31.947939, phi: 3.699812[0m
[0m[ INFO] [1746505445.355974722]: Error - x: 303.121338, y: -31.947939[0m
[0m[ INFO] [1746505445.356046755]: error_y: -31.947939[0m
[0m[ INFO] [1746505445.356091492]: integral_error_y: -97.567589[0m
[0m[ INFO] [1746505445.356123940]: w: -599.183960[0m
[0m[ INFO] [1746505445.356170725]: Publishing motor command - Left: 2675.113525, Right: 2376.908447[0m
[0m[ INFO] [1746505445.448150827]: Target - x: 2520.000000, y: 0.000000, phi: 0.000000[0m
[0m[ INFO] [1746505445.448268140]: Current - x: 2216.540039, y: 33.933441, phi: 3.013234[0m
[0m[ INFO] [1746505445.448346925]: Error - x: 303.459961, y: -33.933441[0m
[0m[ INFO] [1746505445.448383501]: error_y: -33.933441[0m
[0m[ INFO] [1746505445.448414862]: integral_error_y: -100.000000[0m
[0m[ INFO] [1746505445.448445358]: w: -576.767700[0m
[0m[ INFO] [1746505445.448535471]: Publishing motor command - Left: 2672.357422, Right: 2385.308594[0m
[0m[ INFO] [1746505445.550822597]: Target - x: 2550.000000, y: 0.000000, phi: 0.000000[0m
[0m[ INFO] [1746505445.551183049]: Current - x: 2246.207764, y: 35.784702, phi: 2.754834[0m
[0m[ INFO] [1746505445.551269578]: Error - x: 303.792236, y: -35.784702[0m
[0m[ INFO] [1746505445.551642222]: error_y: -35.784702[0m
[0m[ INFO] [1746505445.551771664]: integral_error_y: -100.000000[0m
[0m[ INFO] [1746505445.551903985]: w: -559.175720[0m
[0m[ INFO] [1746505445.552026578]: Publishing motor command - Left: 2670.748779, Right: 2392.455078[0m
[0m[ INFO] [1746505445.648293767]: Target - x: 2580.000000, y: 0.000000, phi: 0.000000[0m
[0m[ INFO] [1746505445.648425705]: Current - x: 2276.094238, y: 37.318249, phi: 2.603180[0m
[0m[ INFO] [1746505445.648471113]: Error - x: 303.905762, y: -37.318249[0m
[0m[ INFO] [1746505445.648510121]: error_y: -37.318249[0m
[0m[ INFO] [1746505445.648568522]: integral_error_y: -100.000000[0m
[0m[ INFO] [1746505445.648608587]: w: -503.300537[0m
[0m[ INFO] [1746505445.648722444]: Publishing motor command - Left: 2657.790771, Right: 2407.305420[0m
[0m[ INFO] [1746505445.752778357]: Target - x: 2610.000000, y: 0.000000, phi: 0.000000[0m
[0m[ INFO] [1746505445.753194842]: Current - x: 2305.596680, y: 38.533192, phi: 1.809856[0m
[0m[ INFO] [1746505445.753346587]: Error - x: 304.403320, y: -38.533192[0m
[0m[ INFO] [1746505445.753412700]: error_y: -38.533192[0m
[0m[ INFO] [1746505445.753481181]: integral_error_y: -100.000000[0m
[0m[ INFO] [1746505445.753537757]: w: -445.654541[0m
[0m[ INFO] [1746505445.754359334]: Publishing motor command - Left: 2647.592041, Right: 2425.796631[0m
[0m[ INFO] [1746505445.848097568]: Target - x: 2640.000000, y: 0.000000, phi: 0.000000[0m
[0m[ INFO] [1746505445.848185793]: Current - x: 2335.500488, y: 39.741180, phi: 1.230024[0m
[0m[ INFO] [1746505445.848223777]: Error - x: 304.499512, y: -39.741180[0m
[0m[ INFO] [1746505445.848286626]: error_y: -39.741180[0m
[0m[ INFO] [1746505445.848355299]: integral_error_y: -100.000000[0m
[0m[ INFO] [1746505445.848399299]: w: -450.303650[0m
[0m[ INFO] [1746505445.848469028]: Publishing motor command - Left: 2649.550537, Right: 2425.441162[0m
[0m[ INFO] [1746505445.948770980]: Target - x: 2670.000000, y: 0.000000, phi: 0.000000[0m
[0m[ INFO] [1746505445.948889190]: Current - x: 2364.013672, y: 40.471626, phi: 0.545242[0m
[0m[ INFO] [1746505445.948947526]: Error - x: 305.986328, y: -40.471626[0m
[0m[ INFO] [1746505445.949021223]: error_y: -40.471626[0m
[0m[ INFO] [1746505445.949067720]: integral_error_y: -100.000000[0m
[0m[ INFO] [1746505445.949110120]: w: -358.447296[0m
[0m[ INFO] [1746505445.949149288]: Publishing motor command - Left: 2639.083008, Right: 2460.689209[0m
[0m[ INFO] [1746505446.048255260]: Target - x: 2700.000000, y: 0.000000, phi: 0.000000[0m
[0m[ INFO] [1746505446.048377437]: Current - x: 2393.738037, y: 40.931686, phi: -0.141336[0m
[0m[ INFO] [1746505446.048427070]: Error - x: 306.261963, y: -40.931686[0m
[0m[ INFO] [1746505446.048466494]: error_y: -40.931686[0m
[0m[ INFO] [1746505446.048514783]: integral_error_y: -100.000000[0m
[0m[ INFO] [1746505446.048549855]: w: -306.670471[0m
[0m[ INFO] [1746505446.048588256]: Publishing motor command - Left: 2628.495605, Right: 2475.870361[0m
[0m[ INFO] [1746505446.151819392]: Target - x: 2730.000000, y: 0.000000, phi: 0.000000[0m
[0m[ INFO] [1746505446.151930369]: Current - x: 2423.263916, y: 41.063419, phi: -0.720571[0m
[0m[ INFO] [1746505446.151990530]: Error - x: 306.736084, y: -41.063419[0m
[0m[ INFO] [1746505446.152037635]: error_y: -41.063419[0m
[0m[ INFO] [1746505446.152107043]: integral_error_y: -100.000000[0m
[0m[ INFO] [1746505446.152138500]: w: -241.663681[0m
[0m[ INFO] [1746505446.152175108]: Publishing motor command - Left: 2616.270264, Right: 2495.997803[0m
[0m[ INFO] [1746505446.248187446]: Target - x: 2760.000000, y: 0.000000, phi: 0.000000[0m
[0m[ INFO] [1746505446.248331000]: Current - x: 2452.386963, y: 40.898930, phi: -1.085117[0m
[0m[ INFO] [1746505446.248573082]: Error - x: 307.613037, y: -40.898930[0m
[0m[ INFO] [1746505446.248623867]: error_y: -40.898930[0m
[0m[ INFO] [1746505446.248668859]: integral_error_y: -100.000000[0m
[0m[ INFO] [1746505446.248709852]: w: -181.596695[0m
[0m[ INFO] [1746505446.248756060]: Publishing motor command - Left: 2608.631104, Right: 2518.253174[0m
[0m[ INFO] [1746505446.356482349]: Target - x: 2790.000000, y: 0.000000, phi: 0.000000[0m
[0m[ INFO] [1746505446.356600527]: Current - x: 2481.907959, y: 40.543888, phi: -1.022083[0m
[0m[ INFO] [1746505446.356661263]: Error - x: 308.092041, y: -40.543888[0m
[0m[ INFO] [1746505446.356707152]: error_y: -40.543888[0m
[0m[ INFO] [1746505446.356741872]: integral_error_y: -100.000000[0m
[0m[ INFO] [1746505446.356773457]: w: -141.711136[0m
[0m[ INFO] [1746505446.356808849]: Publishing motor command - Left: 2602.697510, Right: 2532.169678[0m
[0m[ INFO] [1746505446.448138672]: Target - x: 2820.000000, y: 0.000000, phi: 0.000000[0m
[0m[ INFO] [1746505446.448275282]: Current - x: 2510.823486, y: 39.931263, phi: -1.279285[0m
[0m[ INFO] [1746505446.448316082]: Error - x: 309.176514, y: -39.931263[0m
[0m[ INFO] [1746505446.448352595]: error_y: -39.931263[0m
[0m[ INFO] [1746505446.448389203]: integral_error_y: -100.000000[0m
[0m[ INFO] [1746505446.448435219]: w: -87.131287[0m
[0m[ INFO] [1746505446.448475892]: Publishing motor command - Left: 2598.153076, Right: 2554.789062[0m
[0m[ INFO] [1746505446.554548243]: Target - x: 2850.000000, y: 0.000000, phi: 0.000000[0m
[0m[ INFO] [1746505446.554995416]: Current - x: 2540.342041, y: 39.255363, phi: -1.858519[0m
[0m[ INFO] [1746505446.555156442]: Error - x: 309.657959, y: -39.255363[0m
[0m[ INFO] [1746505446.555288571]: error_y: -39.255363[0m
[0m[ INFO] [1746505446.555344636]: integral_error_y: -100.000000[0m
[0m[ INFO] [1746505446.555442845]: w: -71.096924[0m
[0m[ INFO] [1746505446.555512222]: Publishing motor command - Left: 2598.175049, Right: 2562.791260[0m
[0m[ INFO] [1746505446.647982281]: Target - x: 2880.000000, y: 0.000000, phi: 0.000000[0m
[0m[ INFO] [1746505446.648089098]: Current - x: 2568.652832, y: 38.480396, phi: -2.435957[0m
[0m[ INFO] [1746505446.648132811]: Error - x: 311.347168, y: -38.480396[0m
[0m[ INFO] [1746505446.648170347]: error_y: -38.480396[0m
[0m[ INFO] [1746505446.648228684]: integral_error_y: -100.000000[0m
[0m[ INFO] [1746505446.648297549]: w: -47.408539[0m
[0m[ INFO] [1746505446.648368493]: Publishing motor command - Left: 2606.356934, Right: 2582.762451[0m
[0m[ INFO] [1746505446.753665700]: Target - x: 2910.000000, y: 0.000000, phi: 0.000000[0m
[0m[ INFO] [1746505446.753794374]: Current - x: 2597.958252, y: 37.408653, phi: -2.907847[0m
[0m[ INFO] [1746505446.753901799]: Error - x: 312.041748, y: -37.408653[0m
[0m[ INFO] [1746505446.754019016]: error_y: -37.408653[0m
[0m[ INFO] [1746505446.754086377]: integral_error_y: -100.000000[0m
[0m[ INFO] [1746505446.754158026]: w: 17.305328[0m
[0m[ INFO] [1746505446.754273131]: Publishing motor command - Left: 2596.041748, Right: 2604.654297[0m
[0m[ INFO] [1746505446.848393480]: Target - x: 2940.000000, y: 0.000000, phi: 0.000000[0m
[0m[ INFO] [1746505446.848516490]: Current - x: 2626.449951, y: 36.132652, phi: -3.164450[0m
[0m[ INFO] [1746505446.848571850]: Error - x: 313.550049, y: -36.132652[0m
[0m[ INFO] [1746505446.848618091]: error_y: -36.132652[0m
[0m[ INFO] [1746505446.848696044]: integral_error_y: -100.000000[0m
[0m[ INFO] [1746505446.848762956]: w: 64.536926[0m
[0m[ INFO] [1746505446.848829293]: Publishing motor command - Left: 2596.857422, Right: 2628.976562[0m
[0m[ INFO] [1746505446.948260932]: Target - x: 2970.000000, y: 0.000000, phi: 0.000000[0m
[0m[ INFO] [1746505446.948394246]: Current - x: 2655.532959, y: 34.617096, phi: -3.314907[0m
[0m[ INFO] [1746505446.948457734]: Error - x: 314.467041, y: -34.617096[0m
[0m[ INFO] [1746505446.948526887]: error_y: -34.617096[0m
[0m[ INFO] [1746505446.948580552]: integral_error_y: -100.000000[0m
[0m[ INFO] [1746505446.948837835]: w: 120.025787[0m
[0m[ INFO] [1746505446.951958924]: Publishing motor command - Left: 2590.691162, Right: 2650.426025[0m
[0m[ INFO] [1746505447.049067274]: Target - x: 3000.000000, y: 0.000000, phi: 0.000000[0m
[0m[ INFO] [1746505447.049157899]: Current - x: 2684.207764, y: 32.994152, phi: -3.464765[0m
[0m[ INFO] [1746505447.049230988]: Error - x: 315.792236, y: -32.994152[0m
[0m[ INFO] [1746505447.049306285]: error_y: -32.994152[0m
[0m[ INFO] [1746505447.049356174]: integral_error_y: -100.000000[0m
[0m[ INFO] [1746505447.049417326]: w: 149.618011[0m
[0m[ INFO] [1746505447.049456431]: Publishing motor command - Left: 2594.370605, Right: 2668.833252[0m
[0m[ INFO] [1746505447.147913595]: Target - x: 3000.000000, y: 0.000000, phi: 0.000000[0m
[0m[ INFO] [1746505447.148064605]: Current - x: 2712.678955, y: 31.334494, phi: -3.507278[0m
[0m[ INFO] [1746505447.148108317]: Error - x: 287.321045, y: -31.334494[0m
[0m[ INFO] [1746505447.148210878]: Publishing motor command - Left: -270.555695, Right: 270.555695[0m
[0m[ INFO] [1746505447.248197948]: Target - x: 3000.000000, y: 0.000000, phi: 0.000000[0m
[0m[ INFO] [1746505447.248337885]: Current - x: 2742.345947, y: 29.471140, phi: -3.765678[0m
[0m[ INFO] [1746505447.248412158]: Error - x: 257.654053, y: -29.471140[0m
[0m[ INFO] [1746505447.248482015]: Publishing motor command - Left: -72.298866, Right: 72.298866[0m
[0m[ INFO] [1746505447.348089656]: Target - x: 3000.000000, y: 0.000000, phi: 0.000000[0m
[0m[ INFO] [1746505447.348206489]: Current - x: 2771.413574, y: 27.705776, phi: -3.702045[0m
[0m[ INFO] [1746505447.348291738]: Error - x: 228.586426, y: -27.705776[0m
[0m[ INFO] [1746505447.348350907]: Publishing motor command - Left: -51.314926, Right: 51.314926[0m
[0m[ INFO] [1746505447.448425273]: Target - x: 3000.000000, y: 0.000000, phi: 0.000000[0m
[0m[ INFO] [1746505447.448569082]: Current - x: 2796.460938, y: 25.978481, phi: -4.060603[0m
[0m[ INFO] [1746505447.448609659]: Error - x: 203.539062, y: -25.978481[0m
[0m[ INFO] [1746505447.448664539]: Publishing motor command - Left: -82.933220, Right: 82.933220[0m
[0m[ INFO] [1746505448.058397781]: Target - x: 3000.000000, y: 0.000000, phi: 0.000000[0m
[0m[ INFO] [1746505448.058493302]: Current - x: 2810.088867, y: 25.068710, phi: -4.295052[0m
[0m[ INFO] [1746505448.058531670]: Error - x: 189.911133, y: -25.068710[0m
[0m[ INFO] [1746505448.058593431]: Publishing motor command - Left: -78.712700, Right: 78.712700[0m
[0m[ INFO] [1746505448.061953340]: Target - x: 3000.000000, y: 0.000000, phi: 0.000000[0m
[0m[ INFO] [1746505448.062044413]: Current - x: 2815.897949, y: 24.672235, phi: -3.982600[0m
[0m[ INFO] [1746505448.062092413]: Error - x: 184.102051, y: -24.672235[0m
[0m[ INFO] [1746505448.062428001]: Publishing motor command - Left: -40.024597, Right: 40.024597[0m
[0m[ INFO] [1746505448.062610627]: Target - x: 3000.000000, y: 0.000000, phi: 0.000000[0m
[0m[ INFO] [1746505448.062694660]: Current - x: 2819.503906, y: 24.416073, phi: -3.987989[0m
[0m[ INFO] [1746505448.062733796]: Error - x: 180.496094, y: -24.416073[0m
[0m[ INFO] [1746505448.062777348]: Publishing motor command - Left: -59.878143, Right: 59.878143[0m
[0m[ INFO] [1746505448.064635417]: Target - x: 3000.000000, y: 0.000000, phi: 0.000000[0m
[0m[ INFO] [1746505448.064701049]: Current - x: 2825.714600, y: 23.968851, phi: -4.104315[0m
[0m[ INFO] [1746505448.064771962]: Error - x: 174.285400, y: -23.968851[0m
[0m[ INFO] [1746505448.064812123]: Publishing motor command - Left: -68.516426, Right: 68.516426[0m
[0m[ INFO] [1746505448.065752453]: Target - x: 3000.000000, y: 0.000000, phi: 0.000000[0m
[0m[ INFO] [1746505448.065842118]: Current - x: 2835.330811, y: 23.303043, phi: -3.904596[0m
[0m[ INFO] [1746505448.065882822]: Error - x: 164.669189, y: -23.303043[0m
[0m[ INFO] [1746505448.065918599]: Publishing motor command - Left: -45.873165, Right: 45.873165[0m
[0m[ INFO] [1746505448.066019368]: Target - x: 3000.000000, y: 0.000000, phi: 0.000000[0m
[0m[ INFO] [1746505448.066250154]: Current - x: 2846.750000, y: 22.501406, phi: -3.814617[0m
[0m[ INFO] [1746505448.066355435]: Error - x: 153.250000, y: -22.501406[0m
[0m[ INFO] [1746505448.066399468]: Publishing motor command - Left: -51.356674, Right: 51.356674[0m
[0m[ INFO] [1746505448.149363504]: Target - x: 3000.000000, y: 0.000000, phi: 0.000000[0m
[0m[ INFO] [1746505448.149469457]: Current - x: 2856.966797, y: 21.765146, phi: -3.936931[0m
[0m[ INFO] [1746505448.149545042]: Error - x: 143.033203, y: -21.765146[0m
[0m[ INFO] [1746505448.149623475]: Publishing motor command - Left: -66.389801, Right: 66.389801[0m
[0m[ INFO] [1746505448.248064127]: Target - x: 3000.000000, y: 0.000000, phi: 0.000000[0m
[0m[ INFO] [1746505448.248179393]: Current - x: 2865.984619, y: 21.171276, phi: -3.843359[0m
[0m[ INFO] [1746505448.248235361]: Error - x: 134.015381, y: -21.171276[0m
[0m[ INFO] [1746505448.248308738]: Publishing motor command - Left: -51.562321, Right: 51.562321[0m
[0m[ INFO] [1746505448.348195358]: Target - x: 3000.000000, y: 0.000000, phi: 0.000000[0m
[0m[ INFO] [1746505448.348320960]: Current - x: 2874.399902, y: 20.606997, phi: -3.641844[0m
[0m[ INFO] [1746505448.348390432]: Error - x: 125.600098, y: -20.606997[0m
[0m[ INFO] [1746505448.348498241]: Publishing motor command - Left: -41.838375, Right: 41.838375[0m
[0m[ INFO] [1746505448.448178171]: Target - x: 3000.000000, y: 0.000000, phi: 0.000000[0m
[0m[ INFO] [1746505448.448303357]: Current - x: 2883.016602, y: 20.035244, phi: -3.547673[0m
[0m[ INFO] [1746505448.448390558]: Error - x: 116.983398, y: -20.035244[0m
[0m[ INFO] [1746505448.448459774]: Publishing motor command - Left: -47.110310, Right: 47.110310[0m
[0m[ INFO] [1746505448.552344262]: Target - x: 3000.000000, y: 0.000000, phi: 0.000000[0m
[0m[ INFO] [1746505448.552503944]: Current - x: 2890.833252, y: 19.544252, phi: -3.452305[0m
[0m[ INFO] [1746505448.552601513]: Error - x: 109.166748, y: -19.544252[0m
[0m[ INFO] [1746505448.552667113]: Publishing motor command - Left: -45.611897, Right: 45.611897[0m
[0m[ INFO] [1746505448.648356472]: Target - x: 3000.000000, y: 0.000000, phi: 0.000000[0m
[0m[ INFO] [1746505448.648462777]: Current - x: 2898.049561, y: 19.096172, phi: -3.463083[0m
[0m[ INFO] [1746505448.648554042]: Error - x: 101.950439, y: -19.096172[0m
[0m[ INFO] [1746505448.648660923]: Publishing motor command - Left: -52.376255, Right: 52.376255[0m
[0m[ INFO] [1746505448.752926215]: Target - x: 3000.000000, y: 0.000000, phi: 0.000000[0m
[0m[ INFO] [1746505448.753336235]: Current - x: 2905.066162, y: 18.678825, phi: -3.366517[0m
[0m[ INFO] [1746505448.753412716]: Error - x: 94.933838, y: -18.678825[0m
[0m[ INFO] [1746505448.753487469]: Publishing motor command - Left: -44.256535, Right: 44.256535[0m
[0m[ INFO] [1746505448.848222417]: Target - x: 3000.000000, y: 0.000000, phi: 0.000000[0m
[0m[ INFO] [1746505448.848353202]: Current - x: 2912.082520, y: 18.260157, phi: -3.269950[0m
[0m[ INFO] [1746505448.848413043]: Error - x: 87.917480, y: -18.260157[0m
[0m[ INFO] [1746505448.848472980]: Publishing motor command - Left: -42.814732, Right: 42.814732[0m
[0m[ INFO] [1746505448.953030467]: Target - x: 3000.000000, y: 0.000000, phi: 0.000000[0m
[0m[ INFO] [1746505448.953159428]: Current - x: 2918.698486, y: 17.876598, phi: -3.172786[0m
[0m[ INFO] [1746505448.953261765]: Error - x: 81.301514, y: -17.876598[0m
[0m[ INFO] [1746505448.953359654]: Publishing motor command - Left: -41.326786, Right: 41.326786[0m
[0m[ INFO] [1746505449.048293772]: Target - x: 3000.000000, y: 0.000000, phi: 0.000000[0m
[0m[ INFO] [1746505449.048412302]: Current - x: 2924.914307, y: 17.526796, phi: -3.075022[0m
[0m[ INFO] [1746505449.048464302]: Error - x: 75.085693, y: -17.526796[0m
[0m[ INFO] [1746505449.048524367]: Publishing motor command - Left: -39.829861, Right: 39.829861[0m
[0m[ INFO] [1746505449.148904112]: Target - x: 3000.000000, y: 0.000000, phi: 0.000000[0m
[0m[ INFO] [1746505449.149062834]: Current - x: 2930.929688, y: 17.204147, phi: -2.869915[0m
[0m[ INFO] [1746505449.149371125]: Error - x: 69.070312, y: -17.204147[0m
[0m[ INFO] [1746505449.149767514]: Publishing motor command - Left: -30.089539, Right: 30.089539[0m
[0m[ INFO] [1746505449.248205670]: Target - x: 3000.000000, y: 0.000000, phi: 0.000000[0m
[0m[ INFO] [1746505449.248306695]: Current - x: 2936.745361, y: 16.896730, phi: -2.771552[0m
[0m[ INFO] [1746505449.248348104]: Error - x: 63.254639, y: -16.896730[0m
[0m[ INFO] [1746505449.248404104]: Publishing motor command - Left: -35.261623, Right: 35.261623[0m
[0m[ INFO] [1746505449.352389585]: Target - x: 3000.000000, y: 0.000000, phi: 0.000000[0m
[0m[ INFO] [1746505449.352559219]: Current - x: 2941.959961, y: 16.644724, phi: -2.565247[0m
[0m[ INFO] [1746505449.352621203]: Error - x: 58.040039, y: -16.644724[0m
[0m[ INFO] [1746505449.352682132]: Publishing motor command - Left: -25.466196, Right: 25.466196[0m
[0m[ INFO] [1746505449.448312098]: Target - x: 3000.000000, y: 0.000000, phi: 0.000000[0m
[0m[ INFO] [1746505449.448456995]: Current - x: 2946.573486, y: 16.425421, phi: -2.465088[0m
[0m[ INFO] [1746505449.448553348]: Error - x: 53.426514, y: -16.425421[0m
[0m[ INFO] [1746505449.448610981]: Publishing motor command - Left: -30.574205, Right: 30.574205[0m
[0m[ INFO] [1746505449.555820337]: Target - x: 3000.000000, y: 0.000000, phi: 0.000000[0m
[0m[ INFO] [1746505449.556212693]: Current - x: 2951.589111, y: 16.205078, phi: -2.365528[0m
[0m[ INFO] [1746505449.556389303]: Error - x: 48.410889, y: -16.205078[0m
[0m[ INFO] [1746505449.556681690]: Publishing motor command - Left: -29.124962, Right: 29.124962[0m
[0m[ INFO] [1746505449.648280476]: Target - x: 3000.000000, y: 0.000000, phi: 0.000000[0m
[0m[ INFO] [1746505449.648377693]: Current - x: 2956.203857, y: 16.010454, phi: -2.265370[0m
[0m[ INFO] [1746505449.648467294]: Error - x: 43.796143, y: -16.010454[0m
[0m[ INFO] [1746505449.648537247]: Publishing motor command - Left: -27.592293, Right: 27.592293[0m
[0m[ INFO] [1746505449.753885782]: Target - x: 3000.000000, y: 0.000000, phi: 0.000000[0m
[0m[ INFO] [1746505449.754000727]: Current - x: 2960.417480, y: 15.840102, phi: -2.164612[0m
[0m[ INFO] [1746505449.754075512]: Error - x: 39.582520, y: -15.840102[0m
[0m[ INFO] [1746505449.754162649]: Publishing motor command - Left: -26.050688, Right: 26.050688[0m
[0m[ INFO] [1746505449.847997268]: Target - x: 3000.000000, y: 0.000000, phi: 0.000000[0m
[0m[ INFO] [1746505449.848260950]: Current - x: 2964.832520, y: 15.665195, phi: -2.171199[0m
[0m[ INFO] [1746505449.848353111]: Error - x: 35.167480, y: -15.665195[0m
[0m[ INFO] [1746505449.848403384]: Publishing motor command - Left: -32.826962, Right: 32.826962[0m
[0m[ INFO] [1746505449.949614018]: Target - x: 3000.000000, y: 0.000000, phi: 0.000000[0m
[0m[ INFO] [1746505449.949743620]: Current - x: 2968.846436, y: 15.513268, phi: -2.177187[0m
[0m[ INFO] [1746505449.949818789]: Error - x: 31.153564, y: -15.513268[0m
[0m[ INFO] [1746505449.949946694]: Publishing motor command - Left: -32.879120, Right: 32.879120[0m
[0m[ INFO] [1746505450.048160496]: Target - x: 3000.000000, y: 0.000000, phi: 0.000000[0m
[0m[ INFO] [1746505450.048277969]: Current - x: 2972.458008, y: 15.382927, phi: -1.968486[0m
[0m[ INFO] [1746505450.048326098]: Error - x: 27.541992, y: -15.382927[0m
[0m[ INFO] [1746505450.048398835]: Publishing motor command - Left: -16.407217, Right: 16.407217[0m
[0m[ INFO] [1746505450.155623934]: Target - x: 3000.000000, y: 0.000000, phi: 0.000000[0m
[0m[ INFO] [1746505450.156009794]: Current - x: 2975.870361, y: 15.249858, phi: -2.080621[0m
[0m[ INFO] [1746505450.156086083]: Error - x: 24.129639, y: -15.249858[0m
[0m[ INFO] [1746505450.156232293]: Publishing motor command - Left: -38.040779, Right: 38.040779[0m
[0m[ INFO] [1746505450.248249195]: Target - x: 3000.000000, y: 0.000000, phi: 0.000000[0m
[0m[ INFO] [1746505450.248365997]: Current - x: 2979.081787, y: 15.139342, phi: -2.085411[0m
[0m[ INFO] [1746505450.248429389]: Error - x: 20.918213, y: -15.139342[0m
[0m[ INFO] [1746505450.248621296]: Publishing motor command - Left: -31.434357, Right: 31.434357[0m
[0m[ INFO] [1746505450.357528877]: Target - x: 3000.000000, y: 0.000000, phi: 0.000000[0m
[0m[ INFO] [1746505450.358037587]: Current - x: 2982.493408, y: 15.018440, phi: -1.983456[0m
[0m[ INFO] [1746505450.358674426]: Error - x: 17.506592, y: -15.018440[0m
[0m[ INFO] [1746505450.358793147]: Publishing motor command - Left: -23.271414, Right: 23.271414[0m
[0m[ INFO] [1746505450.447909986]: Target - x: 3000.000000, y: 0.000000, phi: 0.000000[0m
[0m[ INFO] [1746505450.448025508]: Current - x: 2985.704834, y: 14.901371, phi: -1.988246[0m
[0m[ INFO] [1746505450.448089796]: Error - x: 14.295166, y: -14.901371[0m
[0m[ INFO] [1746505450.448155685]: Publishing motor command - Left: -29.983633, Right: 29.983633[0m
[0m[ INFO] [1746505450.555236623]: Target - x: 3000.000000, y: 0.000000, phi: 0.000000[0m
[0m[ INFO] [1746505450.555351440]: Current - x: 2988.514893, y: 14.803950, phi: -1.992438[0m
[0m[ INFO] [1746505450.555412177]: Error - x: 11.485107, y: -14.803950[0m
[0m[ INFO] [1746505450.555474226]: Publishing motor command - Left: -30.008965, Right: 30.008965[0m
[0m[ INFO] [1746505450.648036798]: Target - x: 3000.000000, y: 0.000000, phi: 0.000000[0m
[0m[ INFO] [1746505450.648160352]: Current - x: 2991.123779, y: 14.715734, phi: -1.889285[0m
[0m[ INFO] [1746505450.648196480]: Error - x: 8.876221, y: -14.715734[0m
[0m[ INFO] [1746505450.648285697]: Publishing motor command - Left: -21.790888, Right: 21.790888[0m
[0m[ INFO] [1746505450.752391883]: Target - x: 3000.000000, y: 0.000000, phi: 0.000000[0m
[0m[ INFO] [1746505450.752509676]: Current - x: 2993.933838, y: 14.617872, phi: -1.893477[0m
[0m[ INFO] [1746505450.752604301]: Error - x: 6.066162, y: -14.617872[0m
[0m[ INFO] [1746505450.752717358]: Publishing motor command - Left: -28.531420, Right: 28.531420[0m
[0m[ INFO] [1746505450.854669249]: Target - x: 3000.000000, y: 0.000000, phi: 0.000000[0m
[0m[ INFO] [1746505450.854768130]: Current - x: 2996.742920, y: 14.530356, phi: -1.683579[0m
[0m[ INFO] [1746505450.854804898]: Error - x: 3.257080, y: -14.530356[0m
[0m[ INFO] [1746505450.854844355]: Publishing motor command - Left: -12.078887, Right: 12.078887[0m
[0m[ INFO] [1746505450.950017772]: Target - x: 3000.000000, y: 0.000000, phi: 0.000000[0m
[0m[ INFO] [1746505450.950230222]: Current - x: 2998.750244, y: 14.463943, phi: -1.686573[0m
[0m[ INFO] [1746505450.950328655]: Error - x: 1.249756, y: -14.463943[0m
[0m[ INFO] [1746505450.950981558]: Publishing motor command - Left: -25.367723, Right: 25.367723[0m
[0m[ INFO] [1746505451.048432696]: Target - x: 3000.000000, y: 0.000000, phi: 0.000000[0m
[0m[ INFO] [1746505451.048536281]: Current - x: 3001.159424, y: 14.393060, phi: -1.690165[0m
[0m[ INFO] [1746505451.048584889]: Error - x: -1.159424, y: -14.393060[0m
[0m[ INFO] [1746505451.048644506]: Publishing motor command - Left: -25.458611, Right: 25.458611[0m
[0m[ INFO] [1746505451.148764441]: Target - x: 3000.000000, y: 0.000000, phi: 0.000000[0m
[0m[ INFO] [1746505451.148925850]: Current - x: 3003.166992, y: 14.333897, phi: -1.693159[0m
[0m[ INFO] [1746505451.149019707]: Error - x: -3.166992, y: -14.333897[0m
[0m[ INFO] [1746505451.149147965]: Publishing motor command - Left: -25.466066, Right: 25.466066[0m
[0m[ INFO] [1746505451.248327825]: Target - x: 3000.000000, y: 0.000000, phi: 0.000000[0m
[0m[ INFO] [1746505451.248439794]: Current - x: 3005.374756, y: 14.270751, phi: -1.589408[0m
[0m[ INFO] [1746505451.248478867]: Error - x: -5.374756, y: -14.270751[0m
[0m[ INFO] [1746505451.248518867]: Publishing motor command - Left: -17.276310, Right: 17.276310[0m
[0m[ INFO] [1746505451.355063992]: Target - x: 3000.000000, y: 0.000000, phi: 0.000000[0m
[0m[ INFO] [1746505451.355158521]: Current - x: 3007.181885, y: 14.215595, phi: -1.699147[0m
[0m[ INFO] [1746505451.355200537]: Error - x: -7.181885, y: -14.215595[0m
[0m[ INFO] [1746505451.355259706]: Publishing motor command - Left: -32.196163, Right: 32.196163[0m
[0m[ INFO] [1746505451.448571214]: Target - x: 3000.000000, y: 0.000000, phi: 0.000000[0m
[0m[ INFO] [1746505451.448711248]: Current - x: 3008.988281, y: 14.167120, phi: -1.594797[0m
[0m[ INFO] [1746505451.448786161]: Error - x: -8.988281, y: -14.167120[0m
[0m[ INFO] [1746505451.448850385]: Publishing motor command - Left: -17.319513, Right: 17.319513[0m
[0m[ INFO] [1746505451.555735289]: Target - x: 3000.000000, y: 0.000000, phi: 0.000000[0m
[0m[ INFO] [1746505451.556027837]: Current - x: 3010.995850, y: 14.107515, phi: -1.597791[0m
[0m[ INFO] [1746505451.556097949]: Error - x: -10.995850, y: -14.107515[0m
[0m[ INFO] [1746505451.556171102]: Publishing motor command - Left: -24.042162, Right: 24.042162[0m
[0m[ INFO] [1746505451.648266086]: Target - x: 3000.000000, y: 0.000000, phi: 0.000000[0m
[0m[ INFO] [1746505451.648390919]: Current - x: 3012.602051, y: 14.062765, phi: -1.600186[0m
[0m[ INFO] [1746505451.648457256]: Error - x: -12.602051, y: -14.062765[0m
[0m[ INFO] [1746505451.648540777]: Publishing motor command - Left: -24.040674, Right: 24.040674[0m
[0m[ INFO] [1746505451.755799605]: Target - x: 3000.000000, y: 0.000000, phi: 0.000000[0m
[0m[ INFO] [1746505451.756168953]: Current - x: 3014.408203, y: 14.014026, phi: -1.495836[0m
[0m[ INFO] [1746505451.756319834]: Error - x: -14.408203, y: -14.014026[0m
[0m[ INFO] [1746505451.756567133]: Publishing motor command - Left: -15.841977, Right: 15.841977[0m
[0m[ INFO] [1746505451.848695557]: Target - x: 3000.000000, y: 0.000000, phi: 0.000000[0m
[0m[ INFO] [1746505451.848849414]: Current - x: 3016.214600, y: 13.965210, phi: -1.391486[0m
[0m[ INFO] [1746505451.848908007]: Error - x: -16.214600, y: -13.965210[0m
[0m[ INFO] [1746505451.848979208]: Publishing motor command - Left: -14.283963, Right: 14.283963[0m
[0m[ INFO] [1746505451.956958108]: Target - x: 3000.000000, y: 0.000000, phi: 0.000000[0m
[0m[ INFO] [1746505451.957363232]: Current - x: 3017.820801, y: 13.923234, phi: -1.393881[0m
[0m[ INFO] [1746505451.957504962]: Error - x: -17.820801, y: -13.923234[0m
[0m[ INFO] [1746505451.957688196]: Publishing motor command - Left: -20.960423, Right: 20.960423[0m
[0m[ INFO] [1746505452.048490365]: Target - x: 3000.000000, y: 0.000000, phi: 0.000000[0m
[0m[ INFO] [1746505452.048639583]: Current - x: 3018.824219, y: 13.899786, phi: -1.288333[0m
[0m[ INFO] [1746505452.048697343]: Error - x: -18.824219, y: -13.899786[0m
[0m[ INFO] [1746505452.048768192]: Publishing motor command - Left: -12.669334, Right: 12.669334[0m
[0m[ INFO] [1746505452.155214755]: Target - x: 3000.000000, y: 0.000000, phi: 0.000000[0m
[0m[ INFO] [1746505452.155562087]: Current - x: 3019.828613, y: 13.874393, phi: -1.396875[0m
[0m[ INFO] [1746505452.155637896]: Error - x: -19.828613, y: -13.874393[0m
[0m[ INFO] [1746505452.155725065]: Publishing motor command - Left: -27.608572, Right: 27.608572[0m
[0m[ INFO] [1746505452.248089683]: Target - x: 3000.000000, y: 0.000000, phi: 0.000000[0m
[0m[ INFO] [1746505452.248223157]: Current - x: 3021.233643, y: 13.844084, phi: -1.291926[0m
[0m[ INFO] [1746505452.248303926]: Error - x: -21.233643, y: -13.844084[0m
[0m[ INFO] [1746505452.248392886]: Publishing motor command - Left: -12.760227, Right: 12.760227[0m
[0m[ INFO] [1746505452.349272445]: Target - x: 3000.000000, y: 0.000000, phi: 0.000000[0m
[0m[ INFO] [1746505452.349437407]: Current - x: 3022.438232, y: 13.814689, phi: -1.293722[0m
[0m[ INFO] [1746505452.349529664]: Error - x: -22.438232, y: -13.814689[0m
[0m[ INFO] [1746505452.349648609]: Publishing motor command - Left: -19.427748, Right: 19.427748[0m
[0m[ INFO] [1746505452.448203855]: Target - x: 3000.000000, y: 0.000000, phi: 0.000000[0m
[0m[ INFO] [1746505452.448304432]: Current - x: 3023.041260, y: 13.800523, phi: -1.401665[0m
[0m[ INFO] [1746505452.448368913]: Error - x: -23.041260, y: -13.800523[0m
[0m[ INFO] [1746505452.448451666]: Publishing motor command - Left: -27.642836, Right: 27.642836[0m
[0m[ INFO] [1746505452.548107[0m[ INFO] [1746505447.110366596]: Reached 5 meters, transitioning to TURNING state.[0m
[0m[ INFO] [1746505433.884719840]: [I2C FOR MOTORS] Now launching this node in namespace: /asc[0m
[0m[ INFO] [1746505433.916964702]: [I2C FOR MOTORS] publish motor duty cycle requests from command line with: rostopic pub --once /asc/set_motor_duty_cycle asclinic_pkg/LeftRightFloat32 "{left: 10.1, right: 10.1}"[0m
[0m[ INFO] [1746505433.917108384]: [I2C FOR MOTORS] Successfully opened named /dev/i2c-1, with file descriptor = 11[0m
[0m[ INFO] [1746505433.917211137]: [I2C FOR MOTORS] Actual acceleration limit = 0.0003125%/ms (after conversation to "internal units")[0m
[0m[ INFO] [1746505433.917255809]: [I2C FOR MOTORS] Actual deceleration limit = 0.0015625%/ms (after conversation to "internal units")[0m
[0m[ INFO] [1746505433.917294786]: [I2C FOR MOTORS] Now initialising SMC with I2C address 13[0m
[0m[ INFO] [1746505433.932609416]: [I2C FOR MOTORS] Now initialising SMC with I2C address 14[0m
[0m[ INFO] [1746505433.947840973]: [I2C FOR MOTORS] Node initialisation complete[0m
051]: Target - x: 3000.000000, y: 0.000000, phi: 0.000000[0m
[0m[ INFO] [1746505452.548326382]: Current - x: 3023.843262, y: 13.783900, phi: -1.188773[0m
[0m[ INFO] [1746505452.548366702]: Error - x: -23.843262, y: -13.783900[0m
[0m[ INFO] [1746505452.548405038]: Publishing motor command - Left: -4.504907, Right: 4.504907[0m

[ARUCO DETECTOR] Camera properties upon initialisation:
CV_CAP_PROP_FRAME_HEIGHT : '480.0'
CV_CAP_PROP_FRAME_WIDTH :  '640.0'
CAP_PROP_FPS :             '30.0'
CAP_PROP_FOCUS :           '0.0'
CAP_PROP_AUTOFOCUS :       '0.0'
CAP_PROP_BRIGHTNESS :      '128.0'
CAP_PROP_CONTRAST :        '128.0'
CAP_PROP_SATURATION :      '128.0'
CAP_PROP_BUFFERSIZE :      '4.0'

[ARUCO DETECTOR] Camera properties upon initialisation:
CV_CAP_PROP_FRAME_HEIGHT : '1080.0'
CV_CAP_PROP_FRAME_WIDTH :  '1920.0'
CAP_PROP_FPS :             '5.0'
CAP_PROP_FOCUS :           '0.0'
CAP_PROP_AUTOFOCUS :       '0.0'
CAP_PROP_BRIGHTNESS :      '128.0'
CAP_PROP_CONTRAST :        '128.0'
CAP_PROP_SATURATION :      '128.0'
CAP_PROP_BUFFERSIZE :      '1.0'
[INFO] [1746505436.619349]: [ARUCO DETECTOR] As a double check of the camera properties set, a frame captured just now has dimensions = (1080, 1920, 3)
[INFO] [1746505436.624245]: [ARUCO DETECTOR] publish request from command line to save a single camera image using: rostopic pub --once /asc/request_save_image std_msgs/UInt32 1
[INFO] [1746505436.628699]: [ARUCO DETECTOR] Node initialisation complete
... logging to /home/asc/.ros/log/e3d3d45a-2a2a-11f0-b317-d8c0a650f677/roslaunch-asc12-jetson-27708.log
Checking log directory for disk usage. This may take a while.
Press Ctrl-C to interrupt
Done checking log file disk usage. Usage is <1GB.
]2;/home/asc/ASClinic/catkin_ws/src/asclinic_pkg/launch/trajectory.launch
[1mstarted roslaunch server http://asc12-jetson:44161/[0m

SUMMARY
========

PARAMETERS
 * /asc/aruco_detector/aruco_detector_desired_camera_fps: 5
 * /asc/aruco_detector/aruco_detector_desired_camera_frame_height: 1080
 * /asc/aruco_detector/aruco_detector_desired_camera_frame_width: 1920
 * /asc/aruco_detector/aruco_detector_marker_size: 0.25
 * /asc/aruco_detector/aruco_detector_save_image_path: /home/asc/saved_c...
 * /asc/aruco_detector/aruco_detector_should_publish_camera_images: False
 * /asc/aruco_detector/aruco_detector_should_save_all_aruco_images: False
 * /asc/aruco_detector/aruco_detector_should_show_camera_images: False
 * /asc/aruco_detector/aruco_detector_usb_camera_device_number: 0
 * /asc/aruco_detector/aruco_detector_verbosity: 1
 * /asc/encoder_read_multi_threaded/delta_t_for_publishing_encoder_counts: 0.1
 * /asc/encoder_read_multi_threaded/encoder_events_to_monitor: rising
 * /asc/encoder_read_multi_threaded/encoder_read_verbosity: 1
 * /asc/encoder_read_multi_threaded/gpio_chip_number_for_encoder_lines: 1
 * /asc/encoder_read_multi_threaded/line_number_for_left_side_encoder_channel_a: 105
 * /asc/encoder_read_multi_threaded/line_number_for_left_side_encoder_channel_b: 106
 * /asc/encoder_read_multi_threaded/line_number_for_right_side_encoder_channel_a: 84
 * /asc/encoder_read_multi_threaded/line_number_for_right_side_encoder_channel_b: 130
 * /asc/encoder_read_multi_threaded/should_monitor_left_side_encoder_channel_a: True
 * /asc/encoder_read_multi_threaded/should_monitor_left_side_encoder_channel_b: False
 * /asc/encoder_read_multi_threaded/should_monitor_right_side_encoder_channel_a: True
 * /asc/encoder_read_multi_threaded/should_monitor_right_side_encoder_channel_b: False
 * /asc/i2c_for_motors/motor_driver_current_limit_in_milliamps: 5000
 * /asc/i2c_for_motors/motor_driver_left_side_multiplier: 1
 * /asc/i2c_for_motors/motor_driver_max_accel_limit_in_percent_per_millisecond: 0.04
 * /asc/i2c_for_motors/motor_driver_max_decel_limit_in_percent_per_millisecond: 0.16
 * /asc/i2c_for_motors/motor_driver_max_duty_cycle_limit_in_percent: 100.0
 * /asc/i2c_for_motors/motor_driver_right_side_multiplier: 1
 * /asc/i2c_for_motors/motor_driver_verbosity: 1
 * /rosdistro: noetic
 * /rosversion: 1.17.0

NODES
  /
    kf_fusion_node (asclinic_pkg/KF.py)
    odomdelta (asclinic_pkg/odomdelta)
    trajectory_generator (asclinic_pkg/trajectory_generator)
    trajectory_tracker (asclinic_pkg/trajectory_tracker)
    velocity_PI_control (asclinic_pkg/velocity_PI_control)
  /asc/
    aruco_detector (asclinic_pkg/aruco_detector.py)
    encoder_read_multi_threaded (asclinic_pkg/encoder_read_multi_threaded)
    i2c_for_motors (asclinic_pkg/i2c_for_motors)

[1mROS_MASTER_URI=http://localhost:11311[0m
]2;/home/asc/ASClinic/catkin_ws/src/asclinic_pkg/launch/trajectory.launch http://localhost:11311
[1mprocess[asc/i2c_for_motors-1]: started with pid [27751][0m
[1mprocess[asc/encoder_read_multi_threaded-2]: started with pid [27752][0m
[1mprocess[odomdelta-3]: started with pid [27758][0m
[1mprocess[asc/aruco_detector-4]: started with pid [27763][0m
[1mprocess[trajectory_tracker-5]: started with pid [27770][0m
[1mprocess[trajectory_generator-6]: started with pid [27775][0m
[1mprocess[velocity_PI_control-7]: started with pid [27781][0m
[1mprocess[kf_fusion_node-8]: started with pid [27787][0m
[kf_fusion_node-8] killing on exit
[trajectory_generator-6] killing on exit
[velocity_PI_control-7] killing on exit
[asc/aruco_detector-4] killing on exit
[odomdelta-3] killing on exit
[asc/encoder_read_multi_threaded-2] killing on exit
[trajectory_tracker-5] killing on exit
[asc/i2c_for_motors-1] killing on exit
shutting down processing monitor...
... shutting down processing monitor complete
[1mdone[0m
