[0m[ INFO] [1746504781.454989354]: Target - x: 0.000000, y: 0.000000, phi: 0.000000[0m
[0m[ INFO] [1746504781.458293327]: Current - x: 0.000000, y: 0.000000, phi: 45.000000[0m
[0m[ INFO] [1746504781.458383120]: Error - x: 0.000000, y: 0.000000[0m
[0m[ INFO] [1746504781.458479313]: Publishing motor command - Left: 0.000000, Right: 0.000000[0m
[0m[ INFO] [1746504781.458567698]: Target reached: x=0.00, y=0.00, phi=0.00[0m
[0m[ INFO] [1746504781.555011164]: Target - x: 0.000000, y: 0.000000, phi: 0.000000[0m
[0m[ INFO] [1746504781.555171838]: Current - x: 0.000000, y: 0.000000, phi: 45.000000[0m
[0m[ INFO] [1746504781.555280127]: Error - x: 0.000000, y: 0.000000[0m
[0m[ INFO] [1746504781.555377408]: Publishing motor command - Left: 0.000000, Right: 0.000000[0m
[0m[ INFO] [1746504781.555977095]: Target reached: x=0.00, y=0.00, phi=0.00[0m
[0m[ INFO] [1746504781.655217104]: Target - x: 0.000000, y: 0.000000, phi: 0.000000[0m
[0m[ INFO] [1746504781.655398866]: Current - x: 0.000000, y: 0.000000, phi: 45.000000[0m
[0m[ INFO] [1746504781.655473523]: Error - x: 0.000000, y: 0.000000[0m
[0m[ INFO] [1746504781.655524020]: Publishing motor command - Left: 0.000000, Right: 0.000000[0m
[0m[ INFO] [1746504781.655611253]: Target reached: x=0.00, y=0.00, phi=0.00[0m
[0m[ INFO] [1746504781.762903991]: Target - x: 0.000000, y: 0.000000, phi: 0.000000[0m
[0m[ INFO] [1746504781.763519006]: Current - x: 0.000000, y: 0.000000, phi: 45.000000[0m
[0m[ INFO] [1746504781.763820961]: Error - x: 0.000000, y: 0.000000[0m
[0m[ INFO] [1746504781.764047332]: Publishing motor command - Left: 0.000000, Right: 0.000000[0m
[0m[ INFO] [1746504781.764278918]: Target reached: x=0.00, y=0.00, phi=0.00[0m
[0m[ INFO] [1746504781.861065972]: Target - x: 0.000000, y: 0.000000, phi: 0.000000[0m
[0m[ INFO] [1746504781.861380536]: Current - x: 0.000000, y: 0.000000, phi: 45.000000[0m
[0m[ INFO] [1746504781.861721691]: Error - x: 0.000000, y: 0.000000[0m
[0m[ INFO] [1746504781.862288066]: Publishing motor command - Left: 0.000000, Right: 0.000000[0m
[0m[ INFO] [1746504781.862592613]: Target reached: x=0.00, y=0.00, phi=0.00[0m
[0m[ INFO] [1746504781.961469098]: Target - x: 0.000000, y: 0.000000, phi: 0.000000[0m
[0m[ INFO] [1746504781.962792569]: Current - x: 0.000000, y: 0.000000, phi: 45.000000[0m
[0m[ INFO] [1746504781.963002011]: Error - x: 0.000000, y: 0.000000[0m
[0m[ INFO] [1746504781.963113309]: Publishing motor command - Left: 0.000000, Right: 0.000000[0m
[0m[ INFO] [1746504781.963358175]: Target reached: x=0.00, y=0.00, phi=0.00[0m
[0m[ INFO] [1746504782.055080693]: Target - x: 0.000000, y: 0.000000, phi: 0.000000[0m
[0m[ INFO] [1746504782.055180310]: Current - x: 0.000000, y: 0.000000, phi: 45.000000[0m
[0m[ INFO] [1746504782.055258103]: Error - x: 0.000000, y: 0.000000[0m
[0m[ INFO] [1746504782.055373273]: Publishing motor command - Left: 0.000000, Right: 0.000000[0m
[0m[ INFO] [1746504782.055467802]: Target reached: x=0.00, y=0.00, phi=0.00[0m
[0m[ INFO] [1746504782.155202760]: Target - x: 0.000000, y: 0.000000, phi: 0.000000[0m
[0m[ INFO] [1746504782.155304329]: Current - x: 0.000000, y: 0.000000, phi: 45.000000[0m
[0m[ INFO] [1746504782.155377770]: Error - x: 0.000000, y: 0.000000[0m
[0m[ INFO] [1746504782.155463435]: Publishing motor command - Left: 0.000000, Right: 0.000000[0m
[0m[ INFO] [1746504782.155557644]: Target reached: x=0.00, y=0.00, phi=0.00[0m
[0m[ INFO] [1746504782.261957637]: Target - x: 0.000000, y: 0.000000, phi: 0.000000[0m
[0m[ INFO] [1746504782.262577067]: Current - x: 0.000000, y: 0.000000, phi: 45.000000[0m
[0m[ INFO] [1746504782.262678157]: Error - x: 0.000000, y: 0.000000[0m
[0m[ INFO] [1746504782.262813390]: Publishing motor command - Left: 0.000000, Right: 0.000000[0m
[0m[ INFO] [1746504782.263281907]: Target reached: x=0.00, y=0.00, phi=0.00[0m
[0m[ INFO] [1746504782.362371675]: Target - x: 0.000000, y: 0.000000, phi: 0.000000[0m
[0m[ INFO] [1746504782.362737951]: Current - x: 0.000000, y: 0.000000, phi: 45.000000[0m
[0m[ INFO] [1746504782.362836480]: Error - x: 0.000000, y: 0.000000[0m
[0m[ INFO] [1746504782.363774314]: Publishing motor command - Left: 0.000000, Right: 0.000000[0m
[0m[ INFO] [1746504782.363987565]: Target reached: x=0.00, y=0.00, phi=0.00[0m
[0m[ INFO] [1746504782.462377484]: Target - x: 0.000000, y: 0.000000, phi: 0.000000[0m
[0m[ INFO] [1746504782.464600869]: Current - x: 0.000000, y: 0.000000, phi: 45.000000[0m
[0m[ INFO] [1746504782.464957129]: Error - x: 0.000000, y: 0.000000[0m
[0m[ INFO] [1746504782.465058986]: Publishing motor command - Left: 0.000000, Right: 0.000000[0m
[0m[ INFO] [1746504782.465291437]: Target reached: x=0.00, y=0.00, phi=0.00[0m
[0m[ INFO] [1746504782.562470719]: Target - x: 0.000000, y: 0.000000, phi: 0.000000[0m
[0m[ INFO] [1746504782.563034021]: Current - x: 0.000000, y: 0.000000, phi: 45.000000[0m
[0m[ INFO] [1746504782.563218183]: Error - x: 0.000000, y: 0.000000[0m
[0m[ INFO] [1746504782.563326025]: Publishing motor command - Left: 0.000000, Right: 0.000000[0m
[0m[ INFO] [1746504782.563493354]: Target reached: x=0.00, y=0.00, phi=0.00[0m
[0m[ INFO] [1746504782.655434083]: Target - x: 0.000000, y: 0.000000, phi: 0.000000[0m
[0m[ INFO] [1746504782.655549636]: Current - x: 0.000000, y: 0.000000, phi: 45.000000[0m
[0m[ INFO] [1746504782.655600229]: Error - x: 0.000000, y: 0.000000[0m
[0m[ INFO] [1746504782.655651173]: Publishing motor command - Left: 0.000000, Right: 0.000000[0m
[0m[ INFO] [1746504782.655863784]: Target reached: x=0.00, y=0.00, phi=0.00[0m
[0m[ INFO] [1746504782.761762138]: Target - x: 0.000000, y: 0.000000, phi: 0.000000[0m
[0m[ INFO] [1746504782.762494147]: Current - x: 0.000000, y: 0.000000, phi: 45.000000[0m
[0m[ INFO] [1746504782.762651332]: Error - x: 0.000000, y: 0.000000[0m
[0m[ INFO] [1746504782.762731141]: Publishing motor command - Left: 0.000000, Right: 0.000000[0m
[0m[ INFO] [1746504782.762980584]: Target reached: x=0.00, y=0.00, phi=0.00[0m
[0m[ INFO] [1746504782.855527207]: Target - x: 0.000000, y: 0.000000, phi: 0.000000[0m
[0m[ INFO] [1746504782.855659145]: Current - x: 0.000000, y: 0.000000, phi: 45.000000[0m
[0m[ INFO] [1746504782.855703401]: Error - x: 0.000000, y: 0.000000[0m
[0m[ INFO] [1746504782.855743658]: Publishing motor command - Left: 0.000000, Right: 0.000000[0m
[0m[ INFO] [1746504782.855847787]: Target reached: x=0.00, y=0.00, phi=0.00[0m
[0m[ INFO] [1746504782.962442405]: Target - x: 0.000000, y: 0.000000, phi: 0.000000[0m
[0m[ INFO] [1746504782.962963659]: Current - x: 0.000000, y: 0.000000, phi: 45.000000[0m
[0m[ INFO] [1746504782.963068908]: Error - x: 0.000000, y: 0.000000[0m
[0m[ INFO] [1746504782.963197902]: Publishing motor command - Left: 0.000000, Right: 0.000000[0m
[0m[ INFO] [1746504782.963565714]: Target reached: x=0.00, y=0.00, phi=0.00[0m
[0m[ INFO] [1746504783.061951057]: Target - x: 30.000000, y: 0.000000, phi: 0.000000[0m
[0m[ INFO] [1746504783.062826363]: Current - x: 0.000000, y: 0.000000, phi: 45.000000[0m
[0m[ INFO] [1746504783.063011325]: Error - x: 30.000000, y: 0.000000[0m
[0m[ INFO] [1746504783.063151615]: error_y: 0.000000[0m
[0m[ INFO] [1746504783.063289920]: integral_error_y: 0.000000[0m
[0m[ INFO] [1746504783.063365281]: w: 0.000000[0m
[0m[ INFO] [1746504783.063541923]: Publishing motor command - Left: 250.000000, Right: 250.000000[0m
[0m[ INFO] [1746504783.161925027]: Target - x: 60.000000, y: 0.000000, phi: 0.000000[0m
[0m[ INFO] [1746504783.162738508]: Current - x: 0.000000, y: 0.000000, phi: 45.000000[0m
[0m[ INFO] [1746504783.163074543]: Error - x: 60.000000, y: 0.000000[0m
[0m[ INFO] [1746504783.163243953]: error_y: 0.000000[0m
[0m[ INFO] [1746504783.163390899]: integral_error_y: 0.000000[0m
[0m[ INFO] [1746504783.163438931]: w: 0.000000[0m
[0m[ INFO] [1746504783.163535316]: Publishing motor command - Left: 500.000000, Right: 500.000000[0m
[0m[ INFO] [1746504783.256939133]: Target - x: 90.000000, y: 0.000000, phi: 0.000000[0m
[0m[ INFO] [1746504783.257346402]: Current - x: 0.000000, y: 0.000000, phi: 45.000000[0m
[0m[ INFO] [1746504783.257453603]: Error - x: 90.000000, y: 0.000000[0m
[0m[ INFO] [1746504783.258958803]: error_y: 0.000000[0m
[0m[ INFO] [1746504783.259130069]: integral_error_y: 0.000000[0m
[0m[ INFO] [1746504783.259301815]: w: 0.000000[0m
[0m[ INFO] [1746504783.259399864]: Publishing motor command - Left: 750.000000, Right: 750.000000[0m
[0m[ INFO] [1746504783.359371466]: Target - x: 120.000000, y: 0.000000, phi: 0.000000[0m
[0m[ INFO] [1746504783.359570060]: Current - x: 0.000000, y: 0.000000, phi: 45.000000[0m
[0m[ INFO] [1746504783.359672301]: Error - x: 120.000000, y: 0.000000[0m
[0m[ INFO] [1746504783.359773230]: error_y: 0.000000[0m
[0m[ INFO] [1746504783.359841327]: integral_error_y: 0.000000[0m
[0m[ INFO] [1746504783.359902351]: w: 0.000000[0m
[0m[ INFO] [1746504783.360234899]: Publishing motor command - Left: 1000.000000, Right: 1000.000000[0m
[0m[ INFO] [1746504783.463028291]: Target - x: 150.000000, y: 0.000000, phi: 0.000000[0m
[0m[ INFO] [1746504783.463515369]: Current - x: 0.000000, y: 0.000000, phi: 45.000000[0m
[0m[ INFO] [1746504783.463881773]: Error - x: 150.000000, y: 0.000000[0m
[0m[ INFO] [1746504783.464032943]: error_y: 0.000000[0m
[0m[ INFO] [1746504783.464100719]: integral_error_y: 0.000000[0m
[0m[ INFO] [1746504783.464168752]: w: 0.000000[0m
[0m[ INFO] [1746504783.464272145]: Publishing motor command - Left: 1250.000000, Right: 1250.000000[0m
[0m[ INFO] [1746504783.561779335]: Target - x: 180.000000, y: 0.000000, phi: 0.000000[0m
[0m[ INFO] [1746504783.564185058]: Current - x: 0.282709, y: 0.283764, phi: 45.213490[0m
[0m[ INFO] [1746504783.564620743]: Error - x: 179.717285, y: -0.283764[0m
[0m[ INFO] [1746504783.565101868]: error_y: -0.283764[0m
[0m[ INFO] [1746504783.565186349]: integral_error_y: -0.028376[0m
[0m[ INFO] [1746504783.565235629]: w: -17.028673[0m
[0m[ INFO] [1746504783.565303374]: Publishing motor command - Left: 1501.881470, Right: 1493.406616[0m
[0m[ INFO] [1746504783.660773038]: Target - x: 210.000000, y: 0.000000, phi: 0.000000[0m
[0m[ INFO] [1746504783.660930063]: Current - x: 0.993856, y: 0.993566, phi: 45.104950[0m
[0m[ INFO] [1746504783.661013008]: Error - x: 209.006149, y: -0.993566[0m
[0m[ INFO] [1746504783.661063153]: error_y: -0.993566[0m
[0m[ INFO] [1746504783.661104529]: integral_error_y: -0.127733[0m
[0m[ INFO] [1746504783.661145394]: w: -45.438515[0m
[0m[ INFO] [1746504783.661189682]: Publishing motor command - Left: 1753.024902, Right: 1730.411011[0m
[0m[ INFO] [1746504783.760921153]: Target - x: 240.000000, y: 0.000000, phi: 0.000000[0m
[0m[ INFO] [1746504783.761383366]: Current - x: 2.687746, y: 2.706408, phi: 45.315445[0m
[0m[ INFO] [1746504783.761471655]: Error - x: 237.312256, y: -2.706408[0m
[0m[ INFO] [1746504783.761530408]: error_y: -2.706408[0m
[0m[ INFO] [1746504783.761582824]: integral_error_y: -0.398374[0m
[0m[ INFO] [1746504783.761917132]: w: -112.746002[0m
[0m[ INFO] [1746504783.762007341]: Publishing motor command - Left: 2005.658203, Right: 1949.546265[0m
[0m[ INFO] [1746504783.855788026]: Target - x: 270.000000, y: 0.000000, phi: 0.000000[0m
[0m[ INFO] [1746504783.855969020]: Current - x: 6.090085, y: 6.120806, phi: 45.308262[0m
[0m[ INFO] [1746504783.856041916]: Error - x: 263.909912, y: -6.120806[0m
[0m[ INFO] [1746504783.856112829]: error_y: -6.120806[0m
[0m[ INFO] [1746504783.856211870]: integral_error_y: -1.010454[0m
[0m[ INFO] [1746504783.856280799]: w: -232.029007[0m
[0m[ INFO] [1746504783.856383488]: Publishing motor command - Left: 2256.988037, Right: 2141.510498[0m
[0m[ INFO] [1746504783.961527979]: Target - x: 300.000000, y: 0.000000, phi: 0.000000[0m
[0m[ INFO] [1746504783.962767064]: Current - x: 12.022469, y: 12.117557, phi: 45.295685[0m
[0m[ INFO] [1746504783.963359391]: Error - x: 287.977539, y: -12.117557[0m
[0m[ INFO] [1746504783.963653474]: error_y: -12.117557[0m
[0m[ INFO] [1746504783.963742467]: integral_error_y: -2.222210[0m
[0m[ INFO] [1746504783.963804132]: w: -421.235321[0m
[0m[ INFO] [1746504783.963870757]: Publishing motor command - Left: 2504.634033, Right: 2294.991455[0m
[0m[ INFO] [1746504784.055483609]: Target - x: 330.000000, y: 0.000000, phi: 0.000000[0m
[0m[ INFO] [1746504784.055579546]: Current - x: 19.502272, y: 19.690323, phi: 45.386864[0m
[0m[ INFO] [1746504784.055623163]: Error - x: 310.497742, y: -19.690323[0m
[0m[ INFO] [1746504784.055662075]: error_y: -19.690323[0m
[0m[ INFO] [1746504784.055745276]: integral_error_y: -4.191242[0m
[0m[ INFO] [1746504784.055814333]: w: -575.960632[0m
[0m[ INFO] [1746504784.055904702]: Publishing motor command - Left: 2730.804688, Right: 2444.157471[0m
[0m[ INFO] [1746504784.160063198]: Target - x: 360.000000, y: 0.000000, phi: 0.000000[0m
[0m[ INFO] [1746504784.160185727]: Current - x: 27.714056, y: 27.953854, phi: 45.155407[0m
[0m[ INFO] [1746504784.160326176]: Error - x: 332.285950, y: -27.953854[0m
[0m[ INFO] [1746504784.160493250]: error_y: -27.953854[0m
[0m[ INFO] [1746504784.160594243]: integral_error_y: -6.986628[0m
[0m[ INFO] [1746504784.160727365]: w: -693.413757[0m
[0m[ INFO] [1746504784.160883687]: Publishing motor command - Left: 2941.600342, Right: 2596.498535[0m
[0m[ INFO] [1746504784.258697248]: Target - x: 390.000000, y: 0.000000, phi: 0.000000[0m
[0m[ INFO] [1746504784.258845794]: Current - x: 37.043610, y: 37.371735, phi: 44.921558[0m
[0m[ INFO] [1746504784.258892354]: Error - x: 352.956390, y: -37.371735[0m
[0m[ INFO] [1746504784.258945091]: error_y: -37.371735[0m
[0m[ INFO] [1746504784.258984707]: integral_error_y: -10.723801[0m
[0m[ INFO] [1746504784.259034660]: w: -845.683777[0m
[0m[ INFO] [1746504784.259080196]: Publishing motor command - Left: 3151.745361, Right: 2730.861328[0m
[0m[ INFO] [1746504784.357033183]: Target - x: 420.000000, y: 0.000000, phi: 0.000000[0m
[0m[ INFO] [1746504784.357762855]: Current - x: 47.851574, y: 48.153301, phi: 44.470627[0m
[0m[ INFO] [1746504784.357948393]: Error - x: 372.148438, y: -48.153301[0m
[0m[ INFO] [1746504784.358610288]: error_y: -48.153301[0m
[0m[ INFO] [1746504784.358723986]: integral_error_y: -15.539131[0m
[0m[ INFO] [1746504784.358995893]: w: -1022.165222[0m
[0m[ INFO] [1746504784.359220215]: Publishing motor command - Left: 3355.595459, Right: 2846.878662[0m
[0m[ INFO] [1746504784.455112027]: Target - x: 450.000000, y: 0.000000, phi: 0.000000[0m
[0m[ INFO] [1746504784.455385758]: Current - x: 60.262356, y: 60.455376, phi: 44.123447[0m
[0m[ INFO] [1746504784.455480767]: Error - x: 389.737640, y: -60.455376[0m
[0m[ INFO] [1746504784.455565824]: error_y: -60.455376[0m
[0m[ INFO] [1746504784.455628161]: integral_error_y: -21.584669[0m
[0m[ INFO] [1746504784.455688418]: w: -1221.815918[0m
[0m[ INFO] [1746504784.455774179]: Publishing motor command - Left: 3551.853516, Right: 2943.774170[0m
[0m[ INFO] [1746504784.560651530]: Target - x: 480.000000, y: 0.000000, phi: 0.000000[0m
[0m[ INFO] [1746504784.560751051]: Current - x: 73.657417, y: 73.476540, phi: 43.560379[0m
[0m[ INFO] [1746504784.560851340]: Error - x: 406.342590, y: -73.476540[0m
[0m[ INFO] [1746504784.560907085]: error_y: -73.476540[0m
[0m[ INFO] [1746504784.560948749]: integral_error_y: -28.932323[0m
[0m[ INFO] [1746504784.561022446]: w: -1388.716797[0m
[0m[ INFO] [1746504784.561089583]: Publishing motor command - Left: 3731.760010, Right: 3040.616211[0m
[0m[ INFO] [1746504784.655526563]: Target - x: 510.000000, y: 0.000000, phi: 0.000000[0m
[0m[ INFO] [1746504784.655661956]: Current - x: 88.317314, y: 87.502335, phi: 42.780827[0m
[0m[ INFO] [1746504784.655764421]: Error - x: 421.682678, y: -87.502335[0m
[0m[ INFO] [1746504784.655890439]: error_y: -87.502335[0m
[0m[ INFO] [1746504784.656005128]: integral_error_y: -37.682556[0m
[0m[ INFO] [1746504784.656064393]: w: -1580.081299[0m
[0m[ INFO] [1746504784.656126217]: Publishing motor command - Left: 3907.214111, Right: 3120.830811[0m
[0m[ INFO] [1746504784.761269012]: Target - x: 540.000000, y: 0.000000, phi: 0.000000[0m
[0m[ INFO] [1746504784.761620184]: Current - x: 103.832893, y: 102.084351, phi: 42.106823[0m
[0m[ INFO] [1746504784.761711577]: Error - x: 436.167114, y: -102.084351[0m
[0m[ INFO] [1746504784.772614417]: error_y: -102.084351[0m
[0m[ INFO] [1746504784.773094007]: integral_error_y: -47.890991[0m
[0m[ INFO] [1746504784.773163575]: w: -1754.733398[0m
[0m[ INFO] [1746504784.773212696]: Publishing motor command - Left: 4071.378174, Right: 3198.073486[0m
[0m[ INFO] [1746504784.856321263]: Target - x: 570.000000, y: 0.000000, phi: 0.000000[0m
[0m[ INFO] [1746504784.856457968]: Current - x: 121.191399, y: 117.928543, phi: 41.322483[0m
[0m[ INFO] [1746504784.856542161]: Error - x: 448.808594, y: -117.928543[0m
[0m[ INFO] [1746504784.856582770]: error_y: -117.928543[0m
[0m[ INFO] [1746504784.856616370]: integral_error_y: -59.683846[0m
[0m[ INFO] [1746504784.856648306]: w: -1977.463379[0m
[0m[ INFO] [1746504784.856685683]: Publishing motor command - Left: 4232.148926, Right: 3247.994385[0m
[0m[ INFO] [1746504784.962309602]: Target - x: 600.000000, y: 0.000000, phi: 0.000000[0m
[0m[ INFO] [1746504784.962447940]: Current - x: 139.531784, y: 134.185211, phi: 40.215508[0m
[0m[ INFO] [1746504784.962536965]: Error - x: 460.468201, y: -134.185211[0m
[0m[ INFO] [1746504784.962576645]: error_y: -134.185211[0m
[0m[ INFO] [1746504784.962611974]: integral_error_y: -73.102364[0m
[0m[ INFO] [1746504784.962645126]: w: -2161.995850[0m
[0m[ INFO] [1746504784.962721895]: Publishing motor command - Left: 4375.231934, Right: 3299.238281[0m
[0m[ INFO] [1746504785.062661368]: Target - x: 630.000000, y: 0.000000, phi: 0.000000[0m
[0m[ INFO] [1746504785.063196254]: Current - x: 159.478806, y: 151.350922, phi: 38.998798[0m
[0m[ INFO] [1746504785.063342655]: Error - x: 470.521179, y: -151.350922[0m
[0m[ INFO] [1746504785.063411232]: error_y: -151.350922[0m
[0m[ INFO] [1746504785.063460289]: integral_error_y: -88.237457[0m
[0m[ INFO] [1746504785.063506145]: w: -2380.618652[0m
[0m[ INFO] [1746504785.063590370]: Publishing motor command - Left: 4513.409180, Right: 3328.610352[0m
[0m[ INFO] [1746504785.160480529]: Target - x: 660.000000, y: 0.000000, phi: 0.000000[0m
[0m[ INFO] [1746504785.160659027]: Current - x: 181.301559, y: 169.407898, phi: 37.779091[0m
[0m[ INFO] [1746504785.160747700]: Error - x: 478.698425, y: -169.407898[0m
[0m[ INFO] [1746504785.160864437]: error_y: -169.407898[0m
[0m[ INFO] [1746504785.160958006]: integral_error_y: -100.000000[0m
[0m[ INFO] [1746504785.161012119]: w: -2606.927734[0m
[0m[ INFO] [1746504785.161097048]: Publishing motor command - Left: 4637.868652, Right: 3340.438721[0m
[0m[ INFO] [1746504785.261079081]: Target - x: 690.000000, y: 0.000000, phi: 0.000000[0m
[0m[ INFO] [1746504785.261211435]: Current - x: 203.254288, y: 186.667572, phi: 36.131805[0m
[0m[ INFO] [1746504785.261292907]: Error - x: 486.745728, y: -186.667572[0m
[0m[ INFO] [1746504785.261334796]: error_y: -186.667572[0m
[0m[ INFO] [1746504785.261392717]: integral_error_y: -100.000000[0m
[0m[ INFO] [1746504785.261441997]: w: -2739.659424[0m
[0m[ INFO] [1746504785.261501486]: Publishing motor command - Left: 4737.958496, Right: 3374.470459[0m
[0m[ INFO] [1746504785.361240252]: Target - x: 720.000000, y: 0.000000, phi: 0.000000[0m
[0m[ INFO] [1746504785.362423753]: Current - x: 226.819626, y: 204.464905, phi: 34.696213[0m
[0m[ INFO] [1746504785.362865550]: Error - x: 493.180359, y: -204.464905[0m
[0m[ INFO] [1746504785.362977520]: error_y: -204.464905[0m
[0m[ INFO] [1746504785.363045712]: integral_error_y: -100.000000[0m
[0m[ INFO] [1746504785.363090225]: w: -2944.515625[0m
[0m[ INFO] [1746504785.363145841]: Publishing motor command - Left: 4842.557129, Right: 3377.115234[0m
[0m[ INFO] [1746504785.463054402]: Target - x: 750.000000, y: 0.000000, phi: 0.000000[0m
[0m[ INFO] [1746504785.463373925]: Current - x: 251.346924, y: 221.629868, phi: 32.403667[0m
[0m[ INFO] [1746504785.463534599]: Error - x: 498.653076, y: -221.629868[0m
[0m[ INFO] [1746504785.463644584]: error_y: -221.629868[0m
[0m[ INFO] [1746504785.463697801]: integral_error_y: -100.000000[0m
[0m[ INFO] [1746504785.463740617]: w: -3084.546875[0m
[0m[ INFO] [1746504785.464685140]: Publishing motor command - Left: 4923.009277, Right: 3387.875732[0m
[0m[ INFO] [1746504785.565008841]: Target - x: 780.000000, y: 0.000000, phi: 0.000000[0m
[0m[ INFO] [1746504785.565159083]: Current - x: 277.820251, y: 239.148911, phi: 30.001379[0m
[0m[ INFO] [1746504785.565264652]: Error - x: 502.179749, y: -239.148911[0m
[0m[ INFO] [1746504785.565319276]: error_y: -239.148911[0m
[0m[ INFO] [1746504785.565358349]: integral_error_y: -100.000000[0m
[0m[ INFO] [1746504785.565412141]: w: -3277.441162[0m
[0m[ INFO] [1746504785.565456014]: Publishing motor command - Left: 5000.398438, Right: 3369.264404[0m
[0m[ INFO] [1746504785.661000974]: Target - x: 810.000000, y: 0.000000, phi: 0.000000[0m
[0m[ INFO] [1746504785.661464403]: Current - x: 306.657837, y: 256.687988, phi: 27.810188[0m
[0m[ INFO] [1746504785.661644437]: Error - x: 503.342163, y: -256.687988[0m
[0m[ INFO] [1746504785.661868664]: error_y: -256.687988[0m
[0m[ INFO] [1746504785.661932568]: integral_error_y: -100.000000[0m
[0m[ INFO] [1746504785.662264252]: w: -3453.833740[0m
[0m[ INFO] [1746504785.662415134]: Publishing motor command - Left: 5053.979004, Right: 3335.056885[0m
[0m[ INFO] [1746504785.757742107]: Target - x: 840.000000, y: 0.000000, phi: 0.000000[0m
[0m[ INFO] [1746504785.757912189]: Current - x: 336.491211, y: 272.907104, phi: 24.869383[0m
[0m[ INFO] [1746504785.758036639]: Error - x: 503.508789, y: -272.907104[0m
[0m[ INFO] [1746504785.758154368]: error_y: -272.907104[0m
[0m[ INFO] [1746504785.758225697]: integral_error_y: -100.000000[0m
[0m[ INFO] [1746504785.758301378]: w: -3550.026855[0m
[0m[ INFO] [1746504785.758466211]: Publishing motor command - Left: 5079.304688, Right: 3312.508545[0m
[0m[ INFO] [1746504785.859508192]: Target - x: 870.000000, y: 0.000000, phi: 0.000000[0m
[0m[ INFO] [1746504785.859673090]: Current - x: 367.117584, y: 288.034363, phi: 21.821236[0m
[0m[ INFO] [1746504785.859776099]: Error - x: 502.882416, y: -288.034363[0m
[0m[ INFO] [1746504785.859862340]: error_y: -288.034363[0m
[0m[ INFO] [1746504785.859920709]: integral_error_y: -100.000000[0m
[0m[ INFO] [1746504785.859973030]: w: -3646.706543[0m
[0m[ INFO] [1746504785.860058470]: Publishing motor command - Left: 5098.143066, Right: 3283.230713[0m
[0m[ INFO] [1746504785.961515560]: Target - x: 900.000000, y: 0.000000, phi: 0.000000[0m
[0m[ INFO] [1746504785.961617769]: Current - x: 399.559082, y: 302.107635, phi: 18.985380[0m
[0m[ INFO] [1746504785.961688106]: Error - x: 500.440918, y: -302.107635[0m
[0m[ INFO] [1746504785.961742955]: error_y: -302.107635[0m
[0m[ INFO] [1746504785.961781291]: integral_error_y: -100.000000[0m
[0m[ INFO] [1746504785.961837100]: w: -3734.739990[0m
[0m[ INFO] [1746504785.961884012]: Publishing motor command - Left: 5099.703613, Right: 3240.978516[0m
[0m[ INFO] [1746504786.056547107]: Target - x: 930.000000, y: 0.000000, phi: 0.000000[0m
[0m[ INFO] [1746504786.056713444]: Current - x: 433.529388, y: 314.526611, phi: 15.506060[0m
[0m[ INFO] [1746504786.056829510]: Error - x: 496.470612, y: -314.526611[0m
[0m[ INFO] [1746504786.056890054]: error_y: -314.526611[0m
[0m[ INFO] [1746504786.056948071]: integral_error_y: -100.000000[0m
[0m[ INFO] [1746504786.057003272]: w: -3776.214844[0m
[0m[ INFO] [1746504786.057078344]: Publishing motor command - Left: 5076.938477, Right: 3197.572021[0m
[0m[ INFO] [1746504786.162060145]: Target - x: 960.000000, y: 0.000000, phi: 0.000000[0m
[0m[ INFO] [1746504786.162890906]: Current - x: 468.051361, y: 325.313904, phi: 12.240828[0m
[0m[ INFO] [1746504786.163047804]: Error - x: 491.948639, y: -325.313904[0m
[0m[ INFO] [1746504786.163132157]: error_y: -325.313904[0m
[0m[ INFO] [1746504786.163185149]: integral_error_y: -100.000000[0m
[0m[ INFO] [1746504786.163234494]: w: -3802.503906[0m
[0m[ INFO] [1746504786.163302943]: Publishing motor command - Left: 5045.796875, Right: 3153.346924[0m
[0m[ INFO] [1746504786.341650386]: Target - x: 1020.000000, y: 0.000000, phi: 0.000000[0m
[0m[ INFO] [1746504786.341932597]: Current - x: 503.385315, y: 333.935730, phi: 8.654163[0m
[0m[ INFO] [1746504786.342019894]: Error - x: 516.614685, y: -333.935730[0m
[0m[ INFO] [1746504786.342063095]: error_y: -333.935730[0m
[0m[ INFO] [1746504786.342145656]: integral_error_y: -100.000000[0m
[0m[ INFO] [1746504786.342188152]: w: -3780.448730[0m
[0m[ INFO] [1746504786.342227960]: Publishing motor command - Left: 5245.858887, Right: 3364.385742[0m
[0m[ INFO] [1746504786.355675693]: Target - x: 1020.000000, y: 0.000000, phi: 0.000000[0m
[0m[ INFO] [1746504786.355802830]: Current - x: 538.540466, y: 340.520233, phi: 5.389530[0m
[0m[ INFO] [1746504786.355870127]: Error - x: 481.459534, y: -340.520233[0m
[0m[ INFO] [1746504786.355921712]: error_y: -340.520233[0m
[0m[ INFO] [1746504786.355958224]: integral_error_y: -100.000000[0m
[0m[ INFO] [1746504786.356009873]: w: -3744.427490[0m
[0m[ INFO] [1746504786.356065297]: Publishing motor command - Left: 4943.936035, Right: 3080.389648[0m
[0m[ INFO] [1746504786.458339676]: Target - x: 1050.000000, y: 0.000000, phi: 0.000000[0m
[0m[ INFO] [1746504786.458877922]: Current - x: 574.056946, y: 344.760193, phi: 1.696719[0m
[0m[ INFO] [1746504786.459076964]: Error - x: 475.943054, y: -344.760193[0m
[0m[ INFO] [1746504786.459192229]: error_y: -344.760193[0m
[0m[ INFO] [1746504786.459257446]: integral_error_y: -100.000000[0m
[0m[ INFO] [1746504786.459312647]: w: -3669.600098[0m
[0m[ INFO] [1746504786.459491689]: Publishing motor command - Left: 4879.345215, Right: 3053.039062[0m
[0m[ INFO] [1746504786.556207318]: Target - x: 1080.000000, y: 0.000000, phi: 0.000000[0m
[0m[ INFO] [1746504786.556299191]: Current - x: 611.564087, y: 347.046509, phi: -2.105832[0m
[0m[ INFO] [1746504786.556387704]: Error - x: 468.435913, y: -347.046509[0m
[0m[ INFO] [1746504786.556441304]: error_y: -347.046509[0m
[0m[ INFO] [1746504786.556478617]: integral_error_y: -100.000000[0m
[0m[ INFO] [1746504786.556513369]: w: -3594.780762[0m
[0m[ INFO] [1746504786.556555546]: Publishing motor command - Left: 4798.167480, Right: 3009.097656[0m
[0m[ INFO] [1746504786.660921723]: Target - x: 1110.000000, y: 0.000000, phi: 0.000000[0m
[0m[ INFO] [1746504786.661044669]: Current - x: 648.136902, y: 346.882233, phi: -6.013931[0m
[0m[ INFO] [1746504786.661100765]: Error - x: 461.863098, y: -346.882233[0m
[0m[ INFO] [1746504786.661186622]: error_y: -346.882233[0m
[0m[ INFO] [1746504786.661225695]: integral_error_y: -100.000000[0m
[0m[ INFO] [1746504786.661277791]: w: -3470.608398[0m
[0m[ INFO] [1746504786.661323552]: Publishing motor command - Left: 4712.494141, Right: 2985.223877[0m
[0m[ INFO] [1746504786.761194448]: Target - x: 1140.000000, y: 0.000000, phi: 0.000000[0m
[0m[ INFO] [1746504786.762392285]: Current - x: 684.416138, y: 344.273285, phi: -10.028775[0m
[0m[ INFO] [1746504786.762641376]: Error - x: 455.583862, y: -344.273285[0m
[0m[ INFO] [1746504786.762724545]: error_y: -344.273285[0m
[0m[ INFO] [1746504786.762771265]: integral_error_y: -100.000000[0m
[0m[ INFO] [1746504786.762918339]: w: -3322.285645[0m
[0m[ INFO] [1746504786.762983043]: Publishing motor command - Left: 4623.258301, Right: 2969.805908[0m
[0m[ INFO] [1746504786.862090315]: Target - x: 1170.000000, y: 0.000000, phi: 0.000000[0m
[0m[ INFO] [1746504786.862583568]: Current - x: 720.644470, y: 339.271362, phi: -13.722783[0m
[0m[ INFO] [1746504786.862749490]: Error - x: 449.355530, y: -339.271362[0m
[0m[ INFO] [1746504786.862934004]: error_y: -339.271362[0m
[0m[ INFO] [1746504786.863060886]: integral_error_y: -100.000000[0m
[0m[ INFO] [1746504786.863106198]: w: -3152.617432[0m
[0m[ INFO] [1746504786.863162359]: Publishing motor command - Left: 4529.135254, Right: 2960.124023[0m
[0m[ INFO] [1746504786.961575415]: Target - x: 1200.000000, y: 0.000000, phi: 0.000000[0m
[0m[ INFO] [1746504786.963077799]: Current - x: 755.811951, y: 331.704529, phi: -17.951118[0m
[0m[ INFO] [1746504786.963164520]: Error - x: 444.188049, y: -331.704529[0m
[0m[ INFO] [1746504786.971282658]: error_y: -331.704529[0m
[0m[ INFO] [1746504786.971365219]: integral_error_y: -100.000000[0m
[0m[ INFO] [1746504786.971428996]: w: -2948.703613[0m
[0m[ INFO] [1746504786.971477060]: Publishing motor command - Left: 4435.330078, Right: 2967.803955[0m
[0m[ INFO] [1746504787.062784117]: Target - x: 1230.000000, y: 0.000000, phi: 0.000000[0m
[0m[ INFO] [1746504787.062917079]: Current - x: 791.411316, y: 321.713318, phi: -21.859816[0m
[0m[ INFO] [1746504787.062992408]: Error - x: 438.588684, y: -321.713318[0m
[0m[ INFO] [1746504787.063070553]: error_y: -321.713318[0m
[0m[ INFO] [1746504787.063108345]: integral_error_y: -100.000000[0m
[0m[ INFO] [1746504787.063144569]: w: -2727.572754[0m
[0m[ INFO] [1746504787.063183802]: Publishing motor command - Left: 4333.642090, Right: 2976.169189[0m
[0m[ INFO] [1746504787.155684984]: Target - x: 1260.000000, y: 0.000000, phi: 0.000000[0m
[0m[ INFO] [1746504787.155823834]: Current - x: 825.821655, y: 309.326111, phi: -25.553823[0m
[0m[ INFO] [1746504787.155956219]: Error - x: 434.178345, y: -309.326111[0m
[0m[ INFO] [1746504787.156028476]: error_y: -309.326111[0m
[0m[ INFO] [1746504787.156096605]: integral_error_y: -100.000000[0m
[0m[ INFO] [1746504787.156169310]: w: -2483.900879[0m
[0m[ INFO] [1746504787.156251070]: Publishing motor command - Left: 4236.253418, Right: 3000.052734[0m
[0m[ INFO] [1746504787.256054254]: Target - x: 1290.000000, y: 0.000000, phi: 0.000000[0m
[0m[ INFO] [1746504787.256287888]: Current - x: 859.728516, y: 294.587891, phi: -28.820251[0m
[0m[ INFO] [1746504787.256417138]: Error - x: 430.271484, y: -294.587891[0m
[0m[ INFO] [1746504787.256498739]: error_y: -294.587891[0m
[0m[ INFO] [1746504787.256557747]: integral_error_y: -100.000000[0m
[0m[ INFO] [1746504787.256612116]: w: -2218.967773[0m
[0m[ INFO] [1746504787.256672532]: Publishing motor command - Left: 4137.769531, Right: 3033.421875[0m
[0m[ INFO] [1746504787.362380165]: Target - x: 1320.000000, y: 0.000000, phi: 0.000000[0m
[0m[ INFO] [1746504787.363046476]: Current - x: 892.360413, y: 277.633728, phi: -32.621605[0m
[0m[ INFO] [1746504787.363197550]: Error - x: 427.639587, y: -277.633728[0m
[0m[ INFO] [1746504787.363549906]: error_y: -277.633728[0m
[0m[ INFO] [1746504787.363751316]: integral_error_y: -100.000000[0m
[0m[ INFO] [1746504787.364050967]: w: -1938.629272[0m
[0m[ INFO] [1746504787.364291738]: Publishing motor command - Left: 4046.076904, Right: 3081.249268[0m
[0m[ INFO] [1746504787.462550392]: Target - x: 1350.000000, y: 0.000000, phi: 0.000000[0m
[0m[ INFO] [1746504787.462906972]: Current - x: 923.661804, y: 259.112122, phi: -36.208271[0m
[0m[ INFO] [1746504787.462986237]: Error - x: 426.338196, y: -259.112122[0m
[0m[ INFO] [1746504787.463123422]: error_y: -259.112122[0m
[0m[ INFO] [1746504787.463218016]: integral_error_y: -100.000000[0m
[0m[ INFO] [1746504787.463365377]: w: -1675.040771[0m
[0m[ INFO] [1746504787.463583748]: Publishing motor command - Left: 3969.639893, Right: 3135.996826[0m
[0m[ INFO] [1746504787.557800341]: Target - x: 1380.000000, y: 0.000000, phi: 0.000000[0m
[0m[ INFO] [1746504787.557935382]: Current - x: 953.850830, y: 238.471024, phi: -39.688190[0m
[0m[ INFO] [1746504787.558053592]: Error - x: 426.149170, y: -238.471024[0m
[0m[ INFO] [1746504787.558246362]: error_y: -238.471024[0m
[0m[ INFO] [1746504787.558376507]: integral_error_y: -100.000000[0m
[0m[ INFO] [1746504787.558461468]: w: -1362.655273[0m
[0m[ INFO] [1746504787.558530941]: Publishing motor command - Left: 3890.329834, Right: 3212.156494[0m
[0m[ INFO] [1746504787.662806398]: Target - x: 1410.000000, y: 0.000000, phi: 0.000000[0m
[0m[ INFO] [1746504787.662907647]: Current - x: 983.268616, y: 215.749893, phi: -42.633781[0m
[0m[ INFO] [1746504787.663011264]: Error - x: 426.731384, y: -215.749893[0m
[0m[ INFO] [1746504787.663078433]: error_y: -215.749893[0m
[0m[ INFO] [1746504787.663115041]: integral_error_y: -100.000000[0m
[0m[ INFO] [1746504787.663160130]: w: -1031.442505[0m
[0m[ INFO] [1746504787.663371556]: Publishing motor command - Left: 3812.761719, Right: 3299.427734[0m
[0m[ INFO] [1746504787.762642957]: Target - x: 1440.000000, y: 0.000000, phi: 0.000000[0m
[0m[ INFO] [1746504787.762754126]: Current - x: 1010.861755, y: 191.444809, phi: -46.006958[0m
[0m[ INFO] [1746504787.762832239]: Error - x: 429.138245, y: -191.444809[0m
[0m[ INFO] [1746504787.762895536]: error_y: -191.444809[0m
[0m[ INFO] [1746504787.762960369]: integral_error_y: -100.000000[0m
[0m[ INFO] [1746504787.763001265]: w: -709.193970[0m
[0m[ INFO] [1746504787.763041746]: Publishing motor command - Left: 3752.629639, Right: 3399.674561[0m
[0m[ INFO] [1746504787.863453767]: Target - x: 1470.000000, y: 0.000000, phi: 0.000000[0m
[0m[ INFO] [1746504787.863566697]: Current - x: 1037.263672, y: 165.853928, phi: -48.951954[0m
[0m[ INFO] [1746504787.863658538]: Error - x: 432.736328, y: -165.853928[0m
[0m[ INFO] [1746504787.863701002]: error_y: -165.853928[0m
[0m[ INFO] [1746504787.863737995]: integral_error_y: -100.000000[0m
[0m[ INFO] [1746504787.863772971]: w: -388.995239[0m
[0m[ INFO] [1746504787.863814539]: Publishing motor command - Left: 3702.934570, Right: 3509.337646[0m
[0m[ INFO] [1746504787.957987836]: Target - x: 1500.000000, y: 0.000000, phi: 0.000000[0m
[0m[ INFO] [1746504787.958231743]: Current - x: 1062.274902, y: 138.629608, phi: -51.790203[0m
[0m[ INFO] [1746504787.958335712]: Error - x: 437.725098, y: -138.629608[0m
[0m[ INFO] [1746504787.958418945]: error_y: -138.629608[0m
[0m[ INFO] [1746504787.958477442]: integral_error_y: -100.000000[0m
[0m[ INFO] [1746504787.958528834]: w: -35.080200[0m
[0m[ INFO] [1746504787.958625379]: Publishing motor command - Left: 3656.438477, Right: 3638.979492[0m
[0m[ INFO] [1746504788.059866306]: Target - x: 1530.000000, y: 0.000000, phi: 0.000000[0m
[0m[ INFO] [1746504788.060027556]: Current - x: 1086.061401, y: 110.069313, phi: -54.307617[0m
[0m[ INFO] [1746504788.060104613]: Error - x: 443.938599, y: -110.069313[0m
[0m[ INFO] [1746504788.060186438]: error_y: -110.069313[0m
[0m[ INFO] [1746504788.060471049]: integral_error_y: -100.000000[0m
[0m[ INFO] [1746504788.060550122]: w: 317.321777[0m
[0m[ INFO] [1746504788.060687340]: Publishing motor command - Left: 3620.525146, Right: 3778.451416[0m
[0m[ INFO] [1746504788.160186711]: Target - x: 1560.000000, y: 0.000000, phi: 0.000000[0m
[0m[ INFO] [1746504788.160284120]: Current - x: 1108.961060, y: 80.036797, phi: -56.076618[0m
[0m[ INFO] [1746504788.160373561]: Error - x: 451.038940, y: -80.036797[0m
[0m[ INFO] [1746504788.160430522]: error_y: -80.036797[0m
[0m[ INFO] [1746504788.160483547]: integral_error_y: -100.000000[0m
[0m[ INFO] [1746504788.160549819]: w: 691.257874[0m
[0m[ INFO] [1746504788.160596732]: Publishing motor command - Left: 3586.643555, Right: 3930.672119[0m
[0m[ INFO] [1746504788.260058215]: Target - x: 1590.000000, y: 0.000000, phi: 0.000000[0m
[0m[ INFO] [1746504788.260160328]: Current - x: 1130.061157, y: 49.687283, phi: -57.844421[0m
[0m[ INFO] [1746504788.260208265]: Error - x: 459.938843, y: -49.687283[0m
[0m[ INFO] [1746504788.260268073]: error_y: -49.687283[0m
[0m[ INFO] [1746504788.260308234]: integral_error_y: -100.000000[0m
[0m[ INFO] [1746504788.260356330]: w: 1010.602905[0m
[0m[ INFO] [1746504788.260431723]: Publishing motor command - Left: 3581.342529, Right: 4084.304688[0m
[0m[ INFO] [1746504788.361873804]: Target - x: 1620.000000, y: 0.000000, phi: 0.000000[0m
[0m[ INFO] [1746504788.362568084]: Current - x: 1150.673096, y: 17.799480, phi: -59.934856[0m
[0m[ INFO] [1746504788.362668245]: Error - x: 469.326904, y: -17.799480[0m
[0m[ INFO] [1746504788.362726614]: error_y: -17.799480[0m
[0m[ INFO] [1746504788.362854007]: integral_error_y: -100.000000[0m
[0m[ INFO] [1746504788.362950776]: w: 1406.395264[0m
[0m[ INFO] [1746504788.363050298]: Publishing motor command - Left: 3561.086670, Right: 4261.028809[0m
[0m[ INFO] [1746504788.463318158]: Target - x: 1650.000000, y: 0.000000, phi: 0.000000[0m
[0m[ INFO] [1746504788.464580348]: Current - x: 1170.651123, y: -14.481320, phi: -60.740757[0m
[0m[ INFO] [1746504788.464763198]: Error - x: 479.348877, y: 14.481320[0m
[0m[ INFO] [1746504788.464947712]: error_y: 14.481320[0m
[0m[ INFO] [1746504788.465015136]: integral_error_y: -98.551865[0m
[0m[ INFO] [1746504788.465074113]: w: 1748.997925[0m
[0m[ INFO] [1746504788.465129122]: Publishing motor command - Left: 3559.348633, Right: 4429.799316[0m
[0m[ INFO] [1746504788.567988627]: Target - x: 1680.000000, y: 0.000000, phi: 0.000000[0m
[0m[ INFO] [1746504788.569773318]: Current - x: 1189.629639, y: -47.589420, phi: -61.225819[0m
[0m[ INFO] [1746504788.569973417]: Error - x: 490.370361, y: 47.589420[0m
[0m[ INFO] [1746504788.570085674]: error_y: 47.589420[0m
[0m[ INFO] [1746504788.570220235]: integral_error_y: -93.792923[0m
[0m[ INFO] [1746504788.570266156]: w: 2121.919922[0m
[0m[ INFO] [1746504788.570326380]: Publishing motor command - Left: 3558.395508, Right: 4614.443848[0m
[0m[ INFO] [1746504788.655839166]: Target - x: 1710.000000, y: 0.000000, phi: 0.000000[0m
[0m[ INFO] [1746504788.656053408]: Current - x: 1208.463989, y: -81.470154, phi: -61.604736[0m
[0m[ INFO] [1746504788.656182145]: Error - x: 501.536011, y: 81.470154[0m
[0m[ INFO] [1746504788.656304707]: error_y: 81.470154[0m
[0m[ INFO] [1746504788.656401220]: integral_error_y: -85.645905[0m
[0m[ INFO] [1746504788.656455556]: w: 2500.173584[0m
[0m[ INFO] [1746504788.656512773]: Publishing motor command - Left: 3557.317139, Right: 4801.616699[0m
[0m[ INFO] [1746504788.758861424]: Target - x: 1740.000000, y: 0.000000, phi: 0.000000[0m
[0m[ INFO] [1746504788.758989554]: Current - x: 1227.781738, y: -116.456902, phi: -61.343182[0m
[0m[ INFO] [1746504788.759079891]: Error - x: 512.218262, y: 116.456902[0m
[0m[ INFO] [1746504788.759180116]: error_y: 116.456902[0m
[0m[ INFO] [1746504788.759278645]: integral_error_y: -74.000214[0m
[0m[ INFO] [1746504788.759336854]: w: 2906.506348[0m
[0m[ INFO] [1746504788.759395638]: Publishing motor command - Left: 3545.222900, Right: 4991.748535[0m
[0m[ INFO] [1746504788.859358055]: Target - x: 1770.000000, y: 0.000000, phi: 0.000000[0m
[0m[ INFO] [1746504788.859470184]: Current - x: 1246.675903, y: -151.217621, phi: -61.081028[0m
[0m[ INFO] [1746504788.859563241]: Error - x: 523.324097, y: 151.217621[0m
[0m[ INFO] [1746504788.859618730]: error_y: 151.217621[0m
[0m[ INFO] [1746504788.859670283]: integral_error_y: -58.878452[0m
[0m[ INFO] [1746504788.859709003]: w: 3244.324219[0m
[0m[ INFO] [1746504788.859749803]: Publishing motor command - Left: 3553.708008, Right: 5168.360352[0m
[0m[ INFO] [1746504788.964207438]: Target - x: 1800.000000, y: 0.000000, phi: 0.000000[0m
[0m[ INFO] [1746504788.965801376]: Current - x: 1266.311523, y: -186.483536, phi: -60.177803[0m
[0m[ INFO] [1746504788.966014914]: Error - x: 533.688477, y: 186.483536[0m
[0m[ INFO] [1746504788.966379654]: error_y: 186.483536[0m
[0m[ INFO] [1746504788.966463303]: integral_error_y: -40.230099[0m
[0m[ INFO] [1746504788.966505415]: w: 3624.108154[0m
[0m[ INFO] [1746504788.966563720]: Publishing motor command - Left: 3545.571533, Right: 5349.236328[0m
[0m[ INFO] [1746504789.055117339]: Target - x: 1830.000000, y: 0.000000, phi: 0.000000[0m
[0m[ INFO] [1746504789.055302461]: Current - x: 1287.030884, y: -222.980759, phi: -58.848797[0m
[0m[ INFO] [1746504789.055414366]: Error - x: 542.969116, y: 222.980759[0m
[0m[ INFO] [1746504789.055466911]: error_y: 222.980759[0m
[0m[ INFO] [1746504789.055512671]: integral_error_y: -17.932022[0m
[0m[ INFO] [1746504789.055555488]: w: 4052.875488[0m
[0m[ INFO] [1746504789.055614048]: Publishing motor command - Left: 3516.214111, Right: 5533.270996[0m
[0m[ INFO] [1746504789.158386992]: Target - x: 1860.000000, y: 0.000000, phi: 0.000000[0m
[0m[ INFO] [1746504789.158896950]: Current - x: 1308.525757, y: -259.258423, phi: -57.198956[0m
[0m[ INFO] [1746504789.159076760]: Error - x: 551.474243, y: 259.258423[0m
[0m[ INFO] [1746504789.159213977]: error_y: 259.258423[0m
[0m[ INFO] [1746504789.160009538]: integral_error_y: 7.993820[0m
[0m[ INFO] [1746504789.160077475]: w: 4407.266602[0m
[0m[ INFO] [1746504789.160134051]: Publishing motor command - Left: 3498.903076, Right: 5692.334473[0m
[0m[ INFO] [1746504789.255547554]: Target - x: 1890.000000, y: 0.000000, phi: 0.000000[0m
[0m[ INFO] [1746504789.255655683]: Current - x: 1331.984985, y: -296.450073, phi: -55.016582[0m
[0m[ INFO] [1746504789.255701348]: Error - x: 558.015015, y: 296.450073[0m
[0m[ INFO] [1746504789.255757156]: error_y: 296.450073[0m
[0m[ INFO] [1746504789.255823589]: integral_error_y: 37.638828[0m
[0m[ INFO] [1746504789.255890886]: w: 4827.846680[0m
[0m[ INFO] [1746504789.255950278]: Publishing motor command - Left: 3448.750977, Right: 5851.498535[0m
[0m[ INFO] [1746504789.359826819]: Target - x: 1920.000000, y: 0.000000, phi: 0.000000[0m
[0m[ INFO] [1746504789.359971204]: Current - x: 1355.001831, y: -330.572174, phi: -52.615929[0m
[0m[ INFO] [1746504789.360085701]: Error - x: 564.998169, y: 330.572174[0m
[0m[ INFO] [1746504789.360210375]: error_y: 330.572174[0m
[0m[ INFO] [1746504789.360274535]: integral_error_y: 70.696045[0m
[0m[ INFO] [1746504789.360328936]: w: 5018.896484[0m
[0m[ INFO] [1746504789.360387753]: Publishing motor command - Left: 3459.402588, Right: 5957.232910[0m
[0m[ INFO] [1746504789.455285986]: Target - x: 1950.000000, y: 0.000000, phi: 0.000000[0m
[0m[ INFO] [1746504789.455451203]: Current - x: 1378.798706, y: -362.914307, phi: -49.892647[0m
[0m[ INFO] [1746504789.455531332]: Error - x: 571.201294, y: 362.914307[0m
[0m[ INFO] [1746504789.455581893]: error_y: 362.914307[0m
[0m[ INFO] [1746504789.455626181]: integral_error_y: 100.000000[0m
[0m[ INFO] [1746504789.455668806]: w: 5256.250000[0m
[0m[ INFO] [1746504789.455717638]: Publishing motor command - Left: 3452.031982, Right: 6067.989746[0m
[0m[ INFO] [1746504789.556199613]: Target - x: 1980.000000, y: 0.000000, phi: 0.000000[0m
[0m[ INFO] [1746504789.556409599]: Current - x: 1407.266724, y: -397.723602, phi: -46.106102[0m
[0m[ INFO] [1746504789.556505920]: Error - x: 572.733276, y: 397.723602[0m
[0m[ INFO] [1746504789.556596289]: error_y: 397.723602[0m
[0m[ INFO] [1746504789.556683618]: integral_error_y: 100.000000[0m
[0m[ INFO] [1746504789.556760035]: w: 5727.701172[0m
[0m[ INFO] [1746504789.556839972]: Publishing motor command - Left: 3347.481201, Right: 6198.073730[0m
[0m[ INFO] [1746504789.654955296]: Target - x: 2010.000000, y: 0.000000, phi: 0.000000[0m
[0m[ INFO] [1746504789.655115106]: Current - x: 1438.275269, y: -432.750732, phi: -43.285652[0m
[0m[ INFO] [1746504789.655220003]: Error - x: 571.724731, y: 432.750732[0m
[0m[ INFO] [1746504789.655307140]: error_y: 432.750732[0m
[0m[ INFO] [1746504789.655357829]: integral_error_y: 100.000000[0m
[0m[ INFO] [1746504789.655404133]: w: 6088.863770[0m
[0m[ INFO] [1746504789.655455494]: Publishing motor command - Left: 3249.203857, Right: 6279.541504[0m
[0m[ INFO] [1746504789.760866227]: Target - x: 2010.000000, y: 0.000000, phi: 0.000000[0m
[0m[ INFO] [1746504789.761243383]: Current - x: 1471.657227, y: -465.229187, phi: -39.501503[0m
[0m[ INFO] [1746504789.761307256]: Error - x: 538.342773, y: 465.229187[0m
[0m[ INFO] [1746504789.761547578]: Publishing motor command - Left: -3047.193359, Right: 3047.193359[0m
[0m[ INFO] [1746504789.854944835]: Target - x: 2010.000000, y: 0.000000, phi: 0.000000[0m
[0m[ INFO] [1746504789.855092708]: Current - x: 1508.302368, y: -495.864777, phi: -32.721901[0m
[0m[ INFO] [1746504789.855190245]: Error - x: 501.697632, y: 495.864777[0m
[0m[ INFO] [1746504789.855263046]: Publishing motor command - Left: -66.792732, Right: 66.792732[0m
[0m[ INFO] [1746504789.955371353]: Target - x: 2010.000000, y: 0.000000, phi: 0.000000[0m
[0m[ INFO] [1746504789.955488922]: Current - x: 1517.545288, y: -500.419983, phi: -6.190382[0m
[0m[ INFO] [1746504789.955577723]: Error - x: 492.454712, y: 500.419983[0m
[0m[ INFO] [1746504789.955626267]: Publishing motor command - Left: 1558.117310, Right: -1558.117310[0m
[0m[ INFO] [1746504790.055293129]: Target - x: 2010.000000, y: 0.000000, phi: 0.000000[0m
[0m[ INFO] [1746504790.055397290]: Current - x: 1512.957031, y: -495.818756, phi: -30.907825[0m
[0m[ INFO] [1746504790.055444395]: Error - x: 497.042969, y: 495.818756[0m
[0m[ INFO] [1746504790.055518635]: Publishing motor command - Left: -1999.159302, Right: 1999.159302[0m
[0m[ INFO] [1746504790.159939790]: Target - x: 2010.000000, y: 0.000000, phi: 0.000000[0m
[0m[ INFO] [1746504790.160072015]: Current - x: 1542.925171, y: -498.854706, phi: -30.096376[0m
[0m[ INFO] [1746504790.160148528]: Error - x: 467.074829, y: 498.854706[0m
[0m[ INFO] [1746504790.160234737]: Publishing motor command - Left: -398.874878, Right: 398.874878[0m
[0m[ INFO] [1746504790.260258178]: Target - x: 2010.000000, y: 0.000000, phi: 0.000000[0m
[0m[ INFO] [1746504790.260406756]: Current - x: 1539.784668, y: -497.371185, phi: -18.851595[0m
[0m[ INFO] [1746504790.260493989]: Error - x: 470.215332, y: 497.371185[0m
[0m[ INFO] [1746504790.260541093]: Publishing motor command - Left: 418.080414, Right: -418.080414[0m
[0m[ INFO] [1746504790.367215360]: Target - x: 2010.000000, y: 0.000000, phi: 0.000000[0m
[0m[ INFO] [1746504790.367714822]: Current - x: 1553.987915, y: -505.714081, phi: -19.518414[0m
[0m[ INFO] [1746504790.367849159]: Error - x: 456.012085, y: 505.714081[0m
[0m[ INFO] [1746504790.367935592]: Publishing motor command - Left: -332.904022, Right: 332.904022[0m
[0m[ INFO] [1746504790.455663890]: Target - x: 2010.000000, y: 0.000000, phi: 0.000000[0m
[0m[ INFO] [1746504790.455870100]: Current - x: 1564.139771, y: -508.856689, phi: -16.215897[0m
[0m[ INFO] [1746504790.456010038]: Error - x: 445.860229, y: 508.856689[0m
[0m[ INFO] [1746504790.456080950]: Publishing motor command - Left: -36.660633, Right: 36.660633[0m
[0m[ INFO] [1746504790.563323064]: Target - x: 2010.000000, y: 0.000000, phi: 0.000000[0m
[0m[ INFO] [1746504790.563970431]: Current - x: 1574.040771, y: -512.140442, phi: -13.876481[0m
[0m[ INFO] [1746504790.564102912]: Error - x: 435.959229, y: 512.140442[0m
[0m[ INFO] [1746504790.564215521]: Publishing motor command - Left: -61.647022, Right: 61.647022[0m
[0m[ INFO] [1746504790.661900473]: Target - x: 2010.000000, y: 0.000000, phi: 0.000000[0m
[0m[ INFO] [1746504790.662608641]: Current - x: 1582.724121, y: -514.640564, phi: -13.568820[0m
[0m[ INFO] [1746504790.662775843]: Error - x: 427.275879, y: 514.640564[0m
[0m[ INFO] [1746504790.662887492]: Publishing motor command - Left: -183.450241, Right: 183.450241[0m
[0m[ INFO] [1746504790.761421189]: Target - x: 2010.000000, y: 0.000000, phi: 0.000000[0m
[0m[ INFO] [1746504790.761839434]: Current - x: 1595.808838, y: -517.758972, phi: -12.625477[0m
[0m[ INFO] [1746504790.761939211]: Error - x: 414.191162, y: 517.758972[0m
[0m[ INFO] [1746504790.762025676]: Publishing motor command - Left: -129.819412, Right: 129.819412[0m
[0m[ INFO] [1746504790.856892036]: Target - x: 2010.000000, y: 0.000000, phi: 0.000000[0m
[0m[ INFO] [1746504790.857023398]: Current - x: 1612.816040, y: -521.750183, phi: -11.902212[0m
[0m[ INFO] [1746504790.857209992]: Error - x: 397.183960, y: 521.750183[0m
[0m[ INFO] [1746504790.857353449]: Publishing motor command - Left: -132.711899, Right: 132.711899[0m
[0m[ INFO] [1746504790.958189412]: Target - x: 2010.000000, y: 0.000000, phi: 0.000000[0m
[0m[ INFO] [1746504790.958332069]: Current - x: 1629.101562, y: -525.290100, phi: -11.177749[0m
[0m[ INFO] [1746504790.958436390]: Error - x: 380.898438, y: 525.290100[0m
[0m[ INFO] [1746504790.958550088]: Publishing motor command - Left: -121.820671, Right: 121.820671[0m
[0m[ INFO] [1746504791.065192482]: Target - x: 2010.000000, y: 0.000000, phi: 0.000000[0m
[0m[ INFO] [1746504791.065673223]: Current - x: 1643.069214, y: -528.141541, phi: -10.449693[0m
[0m[ INFO] [1746504791.065829065]: Error - x: 366.930786, y: 528.141541[0m
[0m[ INFO] [1746504791.065941962]: Publishing motor command - Left: -110.726898, Right: 110.726898[0m
[0m[ INFO] [1746504791.155538217]: Target - x: 2010.000000, y: 0.000000, phi: 0.000000[0m
[0m[ INFO] [1746504791.155650218]: Current - x: 1655.888184, y: -530.589844, phi: -9.719840[0m
[0m[ INFO] [1746504791.155697738]: Error - x: 354.111816, y: 530.589844[0m
[0m[ INFO] [1746504791.155745739]: Publishing motor command - Left: -99.718018, Right: 99.718018[0m
[0m[ INFO] [1746504791.344554769]: Target - x: 2010.000000, y: 0.000000, phi: 0.000000[0m
[0m[ INFO] [1746504791.344692115]: Current - x: 1668.740356, y: -532.850891, phi: -8.775899[0m
[0m[ INFO] [1746504791.344772948]: Error - x: 341.259644, y: 532.850891[0m
[0m[ INFO] [1746504791.344821236]: Publishing motor command - Left: -72.305870, Right: 72.305870[0m
[0m[ INFO] [1746504791.354825027]: Target - x: 2010.000000, y: 0.000000, phi: 0.000000[0m
[0m[ INFO] [1746504791.354940260]: Current - x: 1681.021606, y: -534.885803, phi: -8.152192[0m
[0m[ INFO] [1746504791.354999045]: Error - x: 328.978394, y: 534.885803[0m
[0m[ INFO] [1746504791.355043269]: Publishing motor command - Left: -82.915565, Right: 82.915565[0m
[0m[ INFO] [1746504791.455445595]: Target - x: 2010.000000, y: 0.000000, phi: 0.000000[0m
[0m[ INFO] [1746504791.455573628]: Current - x: 1692.540161, y: -536.599731, phi: -7.527289[0m
[0m[ INFO] [1746504791.455646205]: Error - x: 317.459839, y: 536.599731[0m
[0m[ INFO] [1746504791.455729854]: Publishing motor command - Left: -73.511017, Right: 73.511017[0m
[0m[ INFO] [1746504791.561964468]: Target - x: 2010.000000, y: 0.000000, phi: 0.000000[0m
[0m[ INFO] [1746504791.562822686]: Current - x: 1703.680542, y: -538.112366, phi: -6.687697[0m
[0m[ INFO] [1746504791.562984575]: Error - x: 306.319458, y: 538.112366[0m
[0m[ INFO] [1746504791.563087584]: Publishing motor command - Left: -47.619480, Right: 47.619480[0m
[0m[ INFO] [1746504791.661876388]: Target - x: 2010.000000, y: 0.000000, phi: 0.000000[0m
[0m[ INFO] [1746504791.662196904]: Current - x: 1714.038208, y: -539.423401, phi: -6.060998[0m
[0m[ INFO] [1746504791.662240808]: Error - x: 295.961792, y: 539.423401[0m
[0m[ INFO] [1746504791.662299657]: Publishing motor command - Left: -51.506695, Right: 51.506695[0m
[0m[ INFO] [1746504791.756887326]: Target - x: 2010.000000, y: 0.000000, phi: 0.000000[0m
[0m[ INFO] [1746504791.757392740]: Current - x: 1724.014893, y: -540.537903, phi: -5.433700[0m
[0m[ INFO] [1746504791.757591974]: Error - x: 285.985107, y: 540.537903[0m
[0m[ INFO] [1746504791.757758696]: Publishing motor command - Left: -42.103519, Right: 42.103519[0m
[0m[ INFO] [1746504791.862597358]: Target - x: 2010.000000, y: 0.000000, phi: 0.000000[0m
[0m[ INFO] [1746504791.862996147]: Current - x: 1733.403809, y: -541.473938, phi: -4.698458[0m
[0m[ INFO] [1746504791.863158389]: Error - x: 276.596191, y: 541.473938[0m
[0m[ INFO] [1746504791.863304278]: Publishing motor command - Left: -24.410713, Right: 24.410713[0m
[0m[ INFO] [1746504791.961873752]: Target - x: 2010.000000, y: 0.000000, phi: 0.000000[0m
[0m[ INFO] [1746504791.962943459]: Current - x: 1742.201904, y: -542.278687, phi: -4.283453[0m
[0m[ INFO] [1746504791.963082469]: Error - x: 267.798096, y: 542.278687[0m
[0m[ INFO] [1746504791.963178342]: Publishing motor command - Left: -38.136581, Right: 38.136581[0m
[0m[ INFO] [1746504792.057404663]: Target - x: 2010.000000, y: 0.000000, phi: 0.000000[0m
[0m[ INFO] [1746504792.057565721]: Current - x: 1750.809326, y: -542.946655, phi: -3.761103[0m
[0m[ INFO] [1746504792.057626586]: Error - x: 259.190674, y: 542.946655[0m
[0m[ INFO] [1746504792.057690778]: Publishing motor command - Left: -23.659636, Right: 23.659636[0m
[0m[ INFO] [1746504792.160394057]: Target - x: 2010.000000, y: 0.000000, phi: 0.000000[0m
[0m[ INFO] [1746504792.160572075]: Current - x: 1759.020630, y: -543.523987, phi: -3.238154[0m
[0m[ INFO] [1746504792.160728717]: Error - x: 250.979370, y: 543.523987[0m
[0m[ INFO] [1746504792.160798062]: Publishing motor command - Left: -15.814496, Right: 15.814496[0m
[0m[ INFO] [1746504792.255912137]: Target - x: 2010.000000, y: 0.000000, phi: 0.000000[0m
[0m[ INFO] [1746504792.256274637]: Current - x: 1766.635742, y: -543.996765, phi: -2.821352[0m
[0m[ INFO] [1746504792.256380910]: Error - x: 243.364258, y: 543.996765[0m
[0m[ INFO] [1746504792.256481839]: Publishing motor command - Left: -16.194841, Right: 16.194841[0m
[0m[ INFO] [1746504792.363275339]: Target - x: 2010.000000, y: 0.000000, phi: 0.000000[0m
[0m[ INFO] [1746504792.363727792]: Current - x: 1773.252197, y: -544.353088, phi: -2.510098[0m
[0m[ INFO] [1746504792.363934931]: Error - x: 236.747803, y: 544.353088[0m
[0m[ INFO] [1746504792.364127157]: Publishing motor command - Left: -18.113832, Right: 18.113832[0m
[0m[ INFO] [1746504792.457026935]: Target - x: 2010.000000, y: 0.000000, phi: 0.000000[0m
[0m[ INFO] [1746504792.457153337]: Current - x: 1779.871094, y: -544.661255, phi: -2.198844[0m
[0m[ INFO] [1746504792.457216889]: Error - x: 230.128906, y: 544.661255[0m
[0m[ INFO] [1746504792.457279354]: Publishing motor command - Left: -13.466632, Right: 13.466632[0m
[0m[ INFO] [1746504792.561268887]: Target - x: 2010.000000, y: 0.000000, phi: 0.000000[0m
[0m[ INFO] [1746504792.561643739]: Current - x: 1786.692505, y: -544.948120, phi: -1.994934[0m
[0m[ INFO] [1746504792.561833950]: Error - x: 223.307495, y: 544.948120[0m
[0m[ INFO] [1746504792.562648807]: Publishing motor command - Left: -17.100100, Right: 17.100100[0m
[0m[ INFO] [1746504792.655188069]: Target - x: 2010.000000, y: 0.000000, phi: 0.000000[0m
[0m[ INFO] [1746504792.655342503]: Current - x: 1793.113281, y: -545.171204, phi: -1.576336[0m
[0m[ INFO] [1746504792.655399111]: Error - x: 216.886719, y: 545.171204[0m
[0m[ INFO] [1746504792.655468968]: Publishing motor command - Left: 2.505703, Right: -2.505703[0m
[0m[ INFO] [1746504792.760730259]: Target - x: 2010.000000, y: 0.000000, phi: 0.000000[0m
[0m[ INFO] [1746504792.761176312]: Current - x: 1799.535522, y: -545.383423, phi: -1.371827[0m
[0m[ INFO] [1746504792.761323546]: Error - x: 210.464478, y: 545.383423[0m
[0m[ INFO] [1746504792.761583037]: Publishing motor command - Left: -7.759506, Right: 7.759506[0m
[0m[ INFO] [1746504792.858605485]: Target - x: 2010.000000, y: 0.000000, phi: 0.000000[0m
[0m[ INFO] [1746504792.858703406]: Current - x: 1805.156006, y: -545.527954, phi: -1.166120[0m
[0m[ INFO] [1746504792.858774799]: Error - x: 204.843994, y: 545.527954[0m
[0m[ INFO] [1746504792.858876016]: Publishing motor command - Left: -4.613700, Right: 4.613700[0m
[0m[ INFO] [1746504792.960536371]: Target - x: 2010.000000, y: 0.000000, phi: 0.000000[0m
[0m[ INFO] [1746504792.960914776]: Current - x: 1810.777100, y: -545.652527, phi: -0.960414[0m
[0m[ INFO] [1746504792.960981720]: Error - x: 199.222900, y: 545.652527[0m
[0m[ INFO] [1746504792.961072441]: Publishing motor command - Left: -1.542390, Right: 1.542390[0m
[0m[ INFO] [1746504793.055534285]: Target - x: 2010.000000, y: 0.000000, phi: 0.000000[0m
[0m[ INFO] [1746504793.055719279]: Current - x: 1815.996948, y: -545.749329, phi: -0.754109[0m
[0m[ INFO] [1746504793.055847729]: Error - x: 194.003052, y: 545.749329[0m
[0m[ INFO] [1746504793.055917937]: Publishing motor command - Left: 1.575112, Right: -1.575112[0m
[0m[ INFO] [1746504793.160617622]: Target - x: 2010.000000, y: 0.000000, phi: 0.000000[0m
[0m[ INFO] [1746504793.160758552]: Current - x: 1821.015747, y: -545.819763, phi: -0.440460[0m
[0m[ INFO] [1746504793.160907418]: Error - x: 188.984253, y: 545.819763[0m
[0m[ INFO] [1746504793.160977338]: Publishing motor command - Left: 12.936015, Right: -12.936015[0m
[0m[ INFO] [1746504793.261565714]: Target - x: 2010.000000, y: 0.000000, phi: 0.000000[0m
[0m[ INFO] [1746504793.262014487]: Current - x: 1825.432739, y: -545.869873, phi: -0.232957[0m
[0m[ INFO] [1746504793.262314330]: Error - x: 184.567261, y: 545.869873[0m
[0m[ INFO] [1746504793.262462940]: Publishing motor command - Left: 9.430711, Right: -9.430711[0m
[0m[ INFO] [1746504793.360600568]: Target - x: 2010.000000, y: 0.000000, phi: 0.000000[0m
[0m[ INFO] [1746504793.361839718]: Current - x: 1829.850098, y: -545.895813, phi: -0.025454[0m
[0m[ INFO] [1746504793.361938855]: Error - x: 180.149902, y: 545.895813[0m
[0m[ INFO] [1746504793.362017032]: Publishing motor command - Left: 12.528840, Right: -12.528840[0m
[0m[ INFO] [1746504793.456917889]: Target - x: 2010.000000, y: 0.000000, phi: 0.000000[0m
[0m[ INFO] [1746504793.457014338]: Current - x: 1834.067139, y: -545.909302, phi: 0.075303[0m
[0m[ INFO] [1746504793.457083714]: Error - x: 175.932861, y: 545.909302[0m
[0m[ INFO] [1746504793.457168995]: Publishing motor command - Left: 7.392511, Right: -7.392511[0m
[0m[ INFO] [1746504793.558619620]: Target - x: 2010.000000, y: 0.000000, phi: 0.000000[0m
[0m[ INFO] [1746504793.559069577]: Current - x: 1838.082886, y: -545.903748, phi: 0.283405[0m
[0m[ INFO] [1746504793.559149578]: Error - x: 171.917114, y: 545.903748[0m
[0m[ INFO] [1746504793.559239499]: Publishing motor command - Left: 17.177530, Right: -17.177530[0m
[0m[ INFO] [1746504793.661718680]: Target - x: 2010.000000, y: 0.000000, phi: 0.000000[0m
[0m[ INFO] [1746504793.661816505]: Current - x: 1841.696777, y: -545.892456, phi: 0.492105[0m
[0m[ INFO] [1746504793.661859737]: Error - x: 168.303223, y: 545.892456[0m
[0m[ INFO] [1746504793.661944058]: Publishing motor command - Left: 20.330790, Right: -20.330790[0m
[0m[ INFO] [1746504793.761957739]: Target - x: 2010.000000, y: 0.000000, phi: 0.000000[0m
[0m[ INFO] [1746504793.763210425]: Current - x: 1845.110474, y: -545.872498, phi: 0.594060[0m
[0m[ INFO] [1746504793.763586749]: Error - x: 164.889526, y: 545.872498[0m
[0m[ INFO] [1746504793.763823552]: Publishing motor command - Left: 15.212342, Right: -15.212342[0m
[0m[ INFO] [1746504793.860776143]: Target - x: 2010.000000, y: 0.000000, phi: 0.000000[0m
[0m[ INFO] [1746504793.861331029]: Current - x: 1848.524048, y: -545.840149, phi: 0.696015[0m
[0m[ INFO] [1746504793.861517559]: Error - x: 161.475952, y: 545.840149[0m
[0m[ INFO] [1746504793.861629497]: Publishing motor command - Left: 16.734585, Right: -16.734585[0m
[0m[ INFO] [1746504793.955782793]: Target - x: 2010.000000, y: 0.000000, phi: 0.000000[0m
[0m[ INFO] [1746504793.955959627]: Current - x: 1852.137817, y: -545.796082, phi: 0.904716[0m
[0m[ INFO] [1746504793.956062412]: Error - x: 157.862183, y: 545.796082[0m
[0m[ INFO] [1746504793.956197198]: Publishing motor command - Left: 26.491293, Right: -26.491293[0m
[0m[ INFO] [1746504794.055438774]: Target - x: 2010.000000, y: 0.000000, phi: 0.000000[0m
[0m[ INFO] [1746504794.055607864]: Current - x: 1855.149536, y: -545.756836, phi: 1.007270[0m
[0m[ INFO] [1746504794.055718329]: Error - x: 154.850464, y: 545.756836[0m
[0m[ INFO] [1746504794.055804570]: Publishing motor command - Left: 21.419037, Right: -21.419037[0m
[0m[ INFO] [1746504794.158493737]: Target - x: 2010.000000, y: 0.000000, phi: 0.000000[0m
[0m[ INFO] [1746504794.158682059]: Current - x: 1857.959839, y: -545.707275, phi: 1.217167[0m
[0m[ INFO] [1746504794.158799148]: Error - x: 152.040161, y: 545.707275[0m
[0m[ INFO] [1746504794.158871565]: Publishing motor command - Left: 31.230873, Right: -31.230873[0m
[0m[ INFO] [1746504794.256204897]: Target - x: 2010.000000, y: 0.000000, phi: 0.000000[0m
[0m[ INFO] [1746504794.256392579]: Current - x: 1860.569702, y: -545.659058, phi: 1.320320[0m
[0m[ INFO] [1746504794.256515140]: Error - x: 149.430298, y: 545.659058[0m
[0m[ INFO] [1746504794.256584709]: Publishing motor command - Left: 26.130304, Right: -26.130304[0m
[0m[ INFO] [1746504794.361487116]: Target - x: 2010.000000, y: 0.000000, phi: 0.000000[0m
[0m[ INFO] [1746504794.362762106]: Current - x: 1863.380859, y: -545.599426, phi: 1.316128[0m
[0m[ INFO] [1746504794.363050589]: Error - x: 146.619141, y: 545.599426[0m
[0m[ INFO] [1746504794.363232607]: Publishing motor command - Left: 19.389774, Right: -19.389774[0m
[0m[ INFO] [1746504794.459299813]: Target - x: 2010.000000, y: 0.000000, phi: 0.000000[0m
[0m[ INFO] [1746504794.459433606]: Current - x: 1865.990479, y: -545.536926, phi: 1.419281[0m
[0m[ INFO] [1746504794.459704393]: Error - x: 144.009521, y: 545.536926[0m
[0m[ INFO] [1746504794.459813867]: Publishing motor command - Left: 27.607841, Right: -27.607841[0m
[0m[ INFO] [1746504794.556483287]: Target - x: 2010.000000, y: 0.000000, phi: 0.000000[0m
[0m[ INFO] [1746504794.558297675]: Current - x: 1868.198486, y: -545.484192, phi: 1.523032[0m
[0m[ INFO] [1746504794.558535021]: Error - x: 141.801514, y: 545.484192[0m
[0m[ INFO] [1746504794.558669775]: Publishing motor command - Left: 29.194166, Right: -29.194166[0m
[0m[ INFO] [1746504794.660610261]: Target - x: 2010.000000, y: 0.000000, phi: 0.000000[0m
[0m[ INFO] [1746504794.661058138]: Current - x: 1870.807983, y: -545.417175, phi: 1.626185[0m
[0m[ INFO] [1746504794.661197148]: Error - x: 139.192017, y: 545.417175[0m
[0m[ INFO] [1746504794.661324989]: Publishing motor command - Left: 30.697044, Right: -30.697044[0m
[0m[ INFO] [1746504794.758601808]: Target - x: 2010.000000, y: 0.000000, phi: 0.000000[0m
[0m[ INFO] [1746504794.758770802]: Current - x: 1873.015869, y: -545.356506, phi: 1.729936[0m
[0m[ INFO] [1746504794.758864595]: Error - x: 136.984131, y: 545.356506[0m
[0m[ INFO] [1746504794.758948308]: Publishing motor command - Left: 32.283360, Right: -32.283360[0m
[0m[ INFO] [1746504794.858227389]: Target - x: 2010.000000, y: 0.000000, phi: 0.000000[0m
[0m[ INFO] [1746504794.858356670]: Current - x: 1875.023438, y: -545.299561, phi: 1.726943[0m
[0m[ INFO] [1746504794.858437151]: Error - x: 134.976562, y: 545.299561[0m
[0m[ INFO] [1746504794.858482432]: Publishing motor command - Left: 25.597961, Right: -25.597961[0m
[0m[ INFO] [1746504794.960985804]: Target - x: 2010.000000, y: 0.000000, phi: 0.000000[0m
[0m[ INFO] [1746504794.961439185]: Current - x: 1876.629395, y: -545.251099, phi: 1.724547[0m
[0m[ INFO] [1746504794.961596051]: Error - x: 133.370605, y: 545.251099[0m
[0m[ INFO] [1746504794.961688596]: Publishing motor command - Left: 25.599449, Right: -25.599449[0m
[0m[ INFO] [1746504795.061402370]: Target - x: 2010.000000, y: 0.000000, phi: 0.000000[0m
[0m[ INFO] [1746504795.061742726]: Current - x: 1878.435547, y: -545.195007, phi: 1.828897[0m
[0m[ INFO] [1746504795.061815078]: Error - x: 131.564453, y: 545.195007[0m
[0m[ INFO] [1746504795.062633679]: Publishing motor command - Left: 33.798145, Right: -33.798145[0m
[0m[ INFO] [1746504795.160347847]: Target - x: 2010.000000, y: 0.000000, phi: 0.000000[0m
[0m[ INFO] [1746504795.160824364]: Current - x: 1880.443115, y: -545.134583, phi: 1.825904[0m
[0m[ INFO] [1746504795.160964718]: Error - x: 129.556885, y: 545.134583[0m
[0m[ INFO] [1746504795.161096911]: Publishing motor command - Left: 27.075502, Right: -27.075502[0m
[0m[ INFO] [1746504795.254982269]: Target - x: 2010.000000, y: 0.000000, phi: 0.000000[0m
[0m[ INFO] [1746504795.255113406]: Current - x: 1882.047729, y: -545.080383, phi: 2.037598[0m
[0m[ INFO] [1746504795.255169087]: Error - x: 127.952271, y: 545.080383[0m
[0m[ INFO] [1746504795.255219935]: Publishing motor command - Left: 43.592117, Right: -43.592117[0m
[0m[ INFO] [1746504795.354866028]: Target - x: 2010.000000, y: 0.000000, phi: 0.000000[0m
[0m[ INFO] [1746504795.354987150]: Current - x: 1883.052002, y: -545.049316, phi: 1.929056[0m
[0m[ INFO] [1746504795.355074095]: Error - x: 126.947998, y: 545.049316[0m
[0m[ INFO] [1746504795.355120943]: Publishing motor command - Left: 22.049431, Right: -22.049431[0m
[0m[ INFO] [1746504795.458519078]: Target - x: 2010.000000, y: 0.000000, phi: 0.000000[0m
[0m[ INFO] [1746504795.458699368]: Current - x: 1884.657715, y: -544.992249, phi: 1.926661[0m
[0m[ INFO] [1746504795.458791241]: Error - x: 125.342285, y: 544.992249[0m
[0m[ INFO] [1746504795.458857577]: Publishing motor command - Left: 28.617119, Right: -28.617119[0m
[0m[ INFO] [1746504795.561459063]: Target - x: 2010.000000, y: 0.000000, phi: 0.000000[0m
[0m[ INFO] [1746504795.561842587]: Current - x: 1885.862061, y: -544.951660, phi: 1.924865[0m
[0m[ INFO] [1746504795.561939004]: Error - x: 124.137939, y: 544.951660[0m
[0m[ INFO] [1746504795.571903466]: Publishing motor command - Left: 28.627550, Right: -28.627550[0m
[0m[ INFO] [1746504795.663673184]: Target - x: 2010.000000, y: 0.000000, phi: 0.000000[0m
[0m[ INFO] [1746504795.664093253]: Current - x: 1887.266602, y: -544.903137, phi: 2.029814[0m
[0m[ INFO] [1746504795.664277095]: Error - x: 122.733398, y: 544.903137[0m
[0m[ INFO] [1746504795.664405096]: Publishing motor command - Left: 36.835205, Right: -36.835205[0m
[0m[ INFO] [1746504795.763839571]: Target - x: 2010.000000, y: 0.000000, phi: 0.000000[0m
[0m[ INFO] [1746504795.764529627]: Current - x: 1888.672241, y: -544.857239, phi: 1.920673[0m
[0m[ INFO] [1746504795.764725213]: Error - x: 121.327759, y: 544.857239[0m
[0m[ INFO] [1746504795.765145506]: Publishing motor command - Left: 21.887016, Right: -21.887016[0m
[0m[ INFO] [1746504795.859369971]: Target - x: 2010.000000, y: 0.000000, phi: 0.000000[0m
[0m[ INFO] [1746504795.859466996]: Current - x: 1889.475098, y: -544.828796, phi: 1.919476[0m
[0m[ INFO] [1746504795.859537236]: Error - x: 120.524902, y: 544.828796[0m
[0m[ INFO] [1746504795.859595285]: Publishing motor command - Left: 28.584341, Right: -28.584341[0m
[0m[ INFO] [1746504795.963283855]: Target - x: 2010.000000, y: 0.000000, phi: 0.000000[0m
[0m[ INFO] [1746504795.964161752]: Current - x: 1890.478149, y: -544.794250, phi: 2.025023[0m
[0m[ INFO] [1746504795.964484924]: Error - x: 119.521851, y: 544.794250[0m
[0m[ INFO] [1746504795.964741631]: Publishing motor command - Left: 36.800922, Right: -36.800922[0m
[0m[ INFO] [1746504796.063062621]: Target - x: 2010.000000, y: 0.000000, phi: 0.000000[0m
[0m[ INFO] [1746504796.063513954]: Current - x: 1891.682495, y: -544.753906, phi: 2.023227[0m
[0m[ INFO] [1746504796.063641476]: Error - x: 118.317505, y: 544.753906[0m
[0m[ INFO] [1746504796.063872742]: Publishing motor command - Left: 30.096146, Right: -30.096146[0m
[0m[ INFO] [1746504796.162996685]: Target - x: 2010.000000, y: 0.000000, phi: 0.000000[0m
[0m[ INFO] [1746504796.163839767]: Current - x: 1892.886841, y: -544.711365, phi: 2.021431[0m
[0m[ INFO] [1746504796.164035737]: Error - x: 117.113159, y: 544.711365[0m
[0m[ INFO] [1746504796.164235227]: Publishing motor command - Left: 30.069342, Right: -30.069342[0m
[0m[ INFO] [1746504796.350435684]: Target - x: 2010.000000, y: 0.000000, phi: 0.000000[0m
[0m[ INFO] [1746504796.350559974]: Current - x: 1893.689697, y: -544.682983, phi: 2.020233[0m
[0m[ INFO] [1746504796.350620710]: Error - x: 116.310303, y: 544.682983[0m
[0m[ INFO] [1746504796.350665031]: Publishing motor command - Left: 30.088705, Right: -30.088705[0m
[0m[ INFO] [1746504796.354871669]: Target - x: 2010.000000, y: 0.000000, phi: 0.000000[0m
[0m[ INFO] [1746504796.354952342]: Current - x: 1893.890991, y: -544.676086, phi: 1.912889[0m
[0m[ INFO] [1746504796.355022647]: Error - x: 116.109009, y: 544.676086[0m
[0m[ INFO] [1746504796.355081944]: Publishing motor command - Left: 21.882559, Right: -21.882559[0m
[0m[ INFO] [1746504796.465904448]: Target - x: 2010.000000, y: 0.000000, phi: 0.000000[0m
[0m[ INFO] [1746504796.466488422]: Current - x: 1894.893921, y: -544.639771, phi: 2.018437[0m
[0m[ INFO] [1746504796.466674569]: Error - x: 115.106079, y: 544.639771[0m
[0m[ INFO] [1746504796.466843242]: Publishing motor command - Left: 36.702587, Right: -36.702587[0m
[0m[ INFO] [1746504796.562874895]: Target - x: 2010.000000, y: 0.000000, phi: 0.000000[0m
[0m[ INFO] [1746504796.563393397]: Current - x: 1895.696899, y: -544.612976, phi: 2.017239[0m
[0m[ INFO] [1746504796.563527543]: Error - x: 114.303101, y: 544.612976[0m
[0m[ INFO] [1746504796.563851738]: Publishing motor command - Left: 30.044006, Right: -30.044006[0m
[0m[ INFO] [1746504796.663976684]: Target - x: 2010.000000, y: 0.000000, phi: 0.000000[0m
[0m[ INFO] [1746504796.664320336]: Current - x: 1896.499756, y: -544.584656, phi: 2.016042[0m
[0m[ INFO] [1746504796.664423345]: Error - x: 113.500244, y: 544.584656[0m
[0m[ INFO] [1746504796.665549854]: Publishing motor command - Left: 30.026125, Right: -30.026125[0m
[0m[ INFO] [1746504796.769664924]: Target - x: 2010.000000, y: 0.000000, phi: 0.000000[0m
[0m[ INFO] [1746504796.770832105]: Current - x: 1896.901123, y: -544.570557, phi: 2.015443[0m
[0m[ INFO] [1746504796.771106732]: Error - x: 113.098877, y: 544.570557[0m
[0m[ INFO] [1746504796.771208205]: Publishing motor command - Left: 30.054428, Right: -30.054428[0m
[0m[ INFO] [1746504796.855704883]: Target - x: 2010.000000, y: 0.000000, phi: 0.000000[0m
[0m[ INFO] [1746504796.855882869]: Current - x: 1896.901123, y: -544.570557, phi: 2.015443[0m
[0m[ INFO] [1746504796.856007638]: Error - x: 113.098877, y: 544.570557[0m
[0m[ INFO] [1746504796.856077335]: Publishing motor command - Left: 30.091684, Right: -30.091684[0m
[0m[ INFO] [1746504796.961319874]: Target - x: 2010.000000, y: 0.000000, phi: 0.000000[0m
[0m[ INFO] [1746504796.962240076]: Current - x: 1896.901123, y: -544.570557, phi: 2.015443[0m
[0m[ INFO] [1746504796.962466830]: Error - x: 113.098877, y: 544.570557[0m
[0m[ INFO] [1746504796.962632784]: Publishing motor command - Left: 30.091684, Right: -30.091684[0m
[0m[ INFO] [1746504797.062596673]: Target - x: 2010.000000, y: 0.000000, phi: 0.000000[0m
[0m[ INFO] [1746504797.063078246]: Current - x: 1896.901123, y: -544.570557, phi: 2.015443[0m
[0m[ INFO] [1746504797.063192135]: Error - x: 113.098877, y: 544.570557[0m
[0m[ INFO] [1746504797.063297992]: Publishing motor command - Left: 30.091684, Right: -30.091684[0m
[0m[ INFO] [1746504797.161963466]: Target - x: 2010.000000, y: 0.000000, phi: 0.000000[0m
[0m[ INFO] [1746504797.162623250]: Current - x: 1896.901123, y: -544.570557, phi: 2.015443[0m
[0m[ INFO] [1746504797.162771795]: Error - x: 113.098877, y: 544.570557[0m
[0m[ INFO] [1746504797.164365541]: Publishing motor command - Left: 30.091684, Right: -30.091684[0m
[0m[ INFO] [1746504797.261659640]: Target - x: 2010.000000, y: 0.000000, phi: 0.000000[0m
[0m[ INFO] [1746504797.262324735]: Current - x: 1896.901123, y: -544.570557, phi: 2.015443[0m
[0m[ INFO] [1746504797.262572354]: Error - x: 113.098877, y: 544.570557[0m
[0m[ INFO] [1746504797.262726788]: Publishing motor command - Left: 30.091684, Right: -30.091684[0m
[0m[ INFO] [1746504797.361180867]: Target - x: 2010.000000, y: 0.000000, phi: 0.000000[0m
[0m[ INFO] [1746504797.361705705]: Current - x: 1896.901123, y: -544.570557, phi: 2.015443[0m
[0m[ INFO] [1746504797.361881163]: Error - x: 113.098877, y: 544.570557[0m
[0m[ INFO] [1746504797.362019053]: Publishing motor command - Left: 30.091684, Right: -30.091684[0m
[0m[ INFO] [1746504797.462723013]: Target - x: 2010.000000, y: 0.000000, phi: 0.000000[0m
[0m[ INFO] [1746504797.463084649]: Current - x: 1896.901123, y: -544.570557, phi: 2.015443[0m
[0m[ INFO] [1746504797.463309932]: Error - x: 113.098877, y: 544.570557[0m
[0m[ INFO] [1746504797.463424237]: Publishing motor command - Left: 30.091684, Right: -30.091684[0m
[0m[ INFO] [1746504797.561779340]: Target - x: 2010.000000, y: 0.000000, phi: 0.000000[0m
[0m[ INFO] [1746504797.562463731]: Current - x: 1896.901123, y: -544.570557, phi: 2.015443[0m
[0m[ INFO] [1746504797.562705430]: Error - x: 113.098877, y: 544.570557[0m
[0m[ INFO] [1746504797.562838423]: Publishing motor command - Left: 30.091684, Right: -30.091684[0m
[0m[ INFO] [1746504797.662474916]: Target - x: 2010.000000, y: 0.000000, phi: 0.000000[0m
[0m[ INFO] [1746504797.662823752]: Current - x: 1896.901123, y: -544.570557, phi: 2.015443[0m
[0m[ INFO] [1746504797.662918153]: Error - x: 113.098877, y: 544.570557[0m
[0m[ INFO] [1746504797.663020618]: Publishing motor command - Left: 30.091684, Right: -30.091684[0m
[0m[ INFO] [1746504797.761826478]: Target - x: 2010.000000, y: 0.000000, phi: 0.000000[0m
[0m[ INFO] [1746504797.762499445]: Current - x: 1896.901123, y: -544.570557, phi: 2.015443[0m
[0m[ INFO] [1746504797.762652983]: Error - x: 113.098877, y: 544.570557[0m
[0m[ INFO] [1746504797.762926234]: Publishing motor command - Left: 30.091684, Right: -30.091684[0m
[0m[ INFO] [1746504797.863309487]: Target - x: 2010.000000, y: 0.000000, phi: 0.000000[0m
[0m[ INFO] [1746504797.863744532]: Current - x: 1896.901123, y: -544.570557, phi: 2.015443[0m
[0m[ INFO] [1746504797.863834773]: Error - x: 113.098877, y: 544.570557[0m
[0m[ INFO] [1746504797.864012823]: Publishing motor command - Left: 30.091684, Right: -30.091684[0m
[0m[ INFO] [1746504797.962593048]: Target - x: 2010.000000, y: 0.000000, phi: 0.000000[0m
[0m[ INFO] [1746504797.964504941]: Current - x: 1896.901123, y: -544.570557, phi: 2.015443[0m
[0m[ INFO] [1746504797.964673231]: Error - x: 113.098877, y: 544.570557[0m
[0m[ INFO] [1746504797.964902321]: Publishing motor command - Left: 30.091684, Right: -30.091684[0m
[0m[ INFO] [1746504798.063730933]: Target - x: 2010.000000, y: 0.000000, phi: 0.000000[0m
[0m[ INFO] [1746504798.064152410]: Current - x: 1896.901123, y: -544.570557, phi: 2.015443[0m
[0m[ INFO] [1746504798.064312604]: Error - x: 113.098877, y: 544.570557[0m
[0m[ INFO] [1746504798.064405725]: Publishing motor command - Left: 30.091684, Right: -30.091684[0m
[0m[ INFO] [1746504798.157976902]: Target - x: 2010.000000, y: 0.000000, phi: 0.000000[0m
[0m[ INFO] [1746504798.158317770]: Current - x: 1897.904175, y: -544.534302, phi: 2.120991[0m
[0m[ INFO] [1746504798.158411723]: Error - x: 112.095825, y: 544.534302[0m
[0m[ INFO] [1746504798.158523276]: Publishing motor command - Left: 38.233761, Right: -38.233761[0m
[0m[ INFO] [1746504798.262277735]: Target - x: 2010.000000, y: 0.000000, phi: 0.000000[0m
[0m[ INFO] [1746504798.262722315]: Current - x: 1901.311523, y: -544.392212, phi: 2.865214[0m
[0m[ INFO] [1746504798.262866317]: Error - x: 108.688477, y: 544.392212[0m
[0m[ INFO] [1746504798.262952078]: Publishing motor command - Left: 89.077858, Right: -89.077858[0m
[0m[ INFO] [1746504798.357321377]: Target - x: 2010.000000, y: 0.000000, phi: 0.000000[0m
[0m[ INFO] [1746504798.357478818]: Current - x: 1905.729858, y: -544.245422, phi: 2.430448[0m
[0m[ INFO] [1746504798.357575971]: Error - x: 104.270142, y: 544.245422[0m
[0m[ INFO] [1746504798.357673924]: Publishing motor command - Left: 9.240898, Right: -9.240898[0m
[0m[ INFO] [1746504798.462303464]: Target - x: 2010.000000, y: 0.000000, phi: 0.000000[0m
[0m[ INFO] [1746504798.462438730]: Current - x: 1907.739624, y: -544.156128, phi: 1.785186[0m
[0m[ INFO] [1746504798.462498154]: Error - x: 102.260376, y: 544.156128[0m
[0m[ INFO] [1746504798.462541931]: Publishing motor command - Left: -13.488347, Right: 13.488347[0m
[0m[ INFO] [1746504798.555367372]: Target - x: 2010.000000, y: 0.000000, phi: 0.000000[0m
[0m[ INFO] [1746504798.555532846]: Current - x: 1910.148926, y: -544.058472, phi: 1.567504[0m
[0m[ INFO] [1746504798.555635407]: Error - x: 99.851074, y: 544.058472[0m
[0m[ INFO] [1746504798.555734193]: Publishing motor command - Left: 9.861562, Right: -9.861562[0m
[0m[ INFO] [1746504798.661806372]: Target - x: 2010.000000, y: 0.000000, phi: 0.000000[0m
[0m[ INFO] [1746504798.662777519]: Current - x: 1913.160645, y: -543.967529, phi: 1.455969[0m
[0m[ INFO] [1746504798.662949489]: Error - x: 96.839355, y: 543.967529[0m
[0m[ INFO] [1746504798.663037906]: Publishing motor command - Left: 14.799722, Right: -14.799722[0m
[0m[ INFO] [1746504798.755891028]: Target - x: 2010.000000, y: 0.000000, phi: 0.000000[0m
[0m[ INFO] [1746504798.756055862]: Current - x: 1915.770020, y: -543.893799, phi: 1.559121[0m
[0m[ INFO] [1746504798.756165943]: Error - x: 94.229980, y: 543.893799[0m
[0m[ INFO] [1746504798.756233080]: Publishing motor command - Left: 29.695742, Right: -29.695742[0m
[0m[ INFO] [1746504798.862602351]: Target - x: 2010.000000, y: 0.000000, phi: 0.000000[0m
[0m[ INFO] [1746504798.862955603]: Current - x: 1917.979126, y: -543.839783, phi: 1.448783[0m
[0m[ INFO] [1746504798.863225814]: Error - x: 92.020874, y: 543.839783[0m
[0m[ INFO] [1746504798.863376855]: Publishing motor command - Left: 14.766934, Right: -14.766934[0m
[0m[ INFO] [1746504798.960603689]: Target - x: 2010.000000, y: 0.000000, phi: 0.000000[0m
[0m[ INFO] [1746504798.960995822]: Current - x: 1919.786621, y: -543.792297, phi: 1.339044[0m
[0m[ INFO] [1746504798.961043118]: Error - x: 90.213379, y: 543.792297[0m
[0m[ INFO] [1746504798.961086703]: Publishing motor command - Left: 13.165726, Right: -13.165726[0m
[0m[ INFO] [1746504799.060551769]: Target - x: 2010.000000, y: 0.000000, phi: 0.000000[0m
[0m[ INFO] [1746504799.060897213]: Current - x: 1921.995728, y: -543.738525, phi: 1.228706[0m
[0m[ INFO] [1746504799.061079359]: Error - x: 88.004272, y: 543.738525[0m
[0m[ INFO] [1746504799.061226593]: Publishing motor command - Left: 11.481067, Right: -11.481067[0m
[0m[ INFO] [1746504799.163037446]: Target - x: 2010.000000, y: 0.000000, phi: 0.000000[0m
[0m[ INFO] [1746504799.163241640]: Current - x: 1923.803467, y: -543.698059, phi: 1.118967[0m
[0m[ INFO] [1746504799.163288264]: Error - x: 86.196533, y: 543.698059[0m
[0m[ INFO] [1746504799.163330121]: Publishing motor command - Left: 9.879851, Right: -9.879851[0m
[0m[ INFO] [1746504799.262044779]: Target - x: 2010.000000, y: 0.000000, phi: 0.000000[0m
[0m[ INFO] [1746504799.262709715]: Current - x: 1925.611206, y: -543.661011, phi: 1.009228[0m
[0m[ INFO] [1746504799.262934293]: Error - x: 84.388794, y: 543.661011[0m
[0m[ INFO] [1746504799.263093463]: Publishing motor command - Left: 8.241385, Right: -8.241385[0m
[0m[ INFO] [1746504799.357741197]: Target - x: 2010.000000, y: 0.000000, phi: 0.000000[0m
[0m[ INFO] [1746504799.358293363]: Current - x: 1927.619263, y: -543.621826, phi: 1.006234[0m
[0m[ INFO] [1746504799.358618070]: Error - x: 82.380737, y: 543.621826[0m
[0m[ INFO] [1746504799.358796920]: Publishing motor command - Left: 14.837375, Right: -14.837375[0m
[0m[ INFO] [1746504799.461550183]: Target - x: 2010.000000, y: 0.000000, phi: 0.000000[0m
[0m[ INFO] [1746504799.461670537]: Current - x: 1929.427124, y: -543.591675, phi: 0.896494[0m
[0m[ INFO] [1746504799.461732425]: Error - x: 80.572876, y: 543.591675[0m
[0m[ INFO] [1746504799.461805002]: Publishing motor command - Left: 6.558211, Right: -6.558211[0m
[0m[ INFO] [1746504799.561471287]: Target - x: 2010.000000, y: 0.000000, phi: 0.000000[0m
[0m[ INFO] [1746504799.562535427]: Current - x: 1931.435181, y: -543.556458, phi: 0.893501[0m
[0m[ INFO] [1746504799.562821862]: Error - x: 78.564819, y: 543.556458[0m
[0m[ INFO] [1746504799.562933095]: Publishing motor command - Left: 13.154210, Right: -13.154210[0m
[0m[ INFO] [1746504799.658840491]: Target - x: 2010.000000, y: 0.000000, phi: 0.000000[0m
[0m[ INFO] [1746504799.659004141]: Current - x: 1932.439819, y: -543.541687, phi: 0.784959[0m
[0m[ INFO] [1746504799.659135278]: Error - x: 77.560181, y: 543.541687[0m
[0m[ INFO] [1746504799.659203119]: Publishing motor command - Left: 4.967426, Right: -4.967426[0m
[0m[ INFO] [1746504799.757232138]: Target - x: 2010.000000, y: 0.000000, phi: 0.000000[0m
[0m[ INFO] [1746504799.757329419]: Current - x: 1933.647095, y: -543.527405, phi: 0.354984[0m
[0m[ INFO] [1746504799.757370219]: Error - x: 76.352905, y: 543.527405[0m
[0m[ INFO] [1746504799.757412812]: Publishing motor command - Left: -21.448923, Right: 21.448923[0m
[0m[ INFO] [1746504789.702861810]: Reached 5 meters, transitioning to TURNING state.[0m
[0m[ INFO] [1746504779.771015471]: [I2C FOR MOTORS] Now launching this node in namespace: /asc[0m
[0m[ INFO] [1746504779.788204653]: [I2C FOR MOTORS] publish motor duty cycle requests from command line with: rostopic pub --once /asc/set_motor_duty_cycle asclinic_pkg/LeftRightFloat32 "{left: 10.1, right: 10.1}"[0m
[0m[ INFO] [1746504779.788376654]: [I2C FOR MOTORS] Successfully opened named /dev/i2c-1, with file descriptor = 10[0m
[0m[ INFO] [1746504779.788499088]: [I2C FOR MOTORS] Actual acceleration limit = 0.0003125%/ms (after conversation to "internal units")[0m
[0m[ INFO] [1746504779.788558705]: [I2C FOR MOTORS] Actual deceleration limit = 0.0015625%/ms (after conversation to "internal units")[0m
[0m[ INFO] [1746504779.788653906]: [I2C FOR MOTORS] Now initialising SMC with I2C address 13[0m
[0m[ INFO] [1746504779.803648727]: [I2C FOR MOTORS] Now initialising SMC with I2C address 14[0m
[0m[ INFO] [1746504779.820608179]: [I2C FOR MOTORS] Node initialisation complete[0m

[ARUCO DETECTOR] Camera properties upon initialisation:
CV_CAP_PROP_FRAME_HEIGHT : '480.0'
CV_CAP_PROP_FRAME_WIDTH :  '640.0'
CAP_PROP_FPS :             '30.0'
CAP_PROP_FOCUS :           '0.0'
CAP_PROP_AUTOFOCUS :       '0.0'
CAP_PROP_BRIGHTNESS :      '128.0'
CAP_PROP_CONTRAST :        '128.0'
CAP_PROP_SATURATION :      '128.0'
CAP_PROP_BUFFERSIZE :      '4.0'

[ARUCO DETECTOR] Camera properties upon initialisation:
CV_CAP_PROP_FRAME_HEIGHT : '1080.0'
CV_CAP_PROP_FRAME_WIDTH :  '1920.0'
CAP_PROP_FPS :             '5.0'
CAP_PROP_FOCUS :           '0.0'
CAP_PROP_AUTOFOCUS :       '0.0'
CAP_PROP_BRIGHTNESS :      '128.0'
CAP_PROP_CONTRAST :        '128.0'
CAP_PROP_SATURATION :      '128.0'
CAP_PROP_BUFFERSIZE :      '1.0'
[INFO] [1746504782.600728]: [ARUCO DETECTOR] As a double check of the camera properties set, a frame captured just now has dimensions = (1080, 1920, 3)
[INFO] [1746504782.605486]: [ARUCO DETECTOR] publish request from command line to save a single camera image using: rostopic pub --once /asc/request_save_image std_msgs/UInt32 1
[INFO] [1746504782.608846]: [ARUCO DETECTOR] Node initialisation complete
... logging to /home/asc/.ros/log/e3d3d45a-2a2a-11f0-b317-d8c0a650f677/roslaunch-asc12-jetson-22671.log
Checking log directory for disk usage. This may take a while.
Press Ctrl-C to interrupt
Done checking log file disk usage. Usage is <1GB.
]2;/home/asc/ASClinic/catkin_ws/src/asclinic_pkg/launch/trajectory.launch
[1mstarted roslaunch server http://asc12-jetson:42373/[0m

SUMMARY
========

PARAMETERS
 * /asc/aruco_detector/aruco_detector_desired_camera_fps: 5
 * /asc/aruco_detector/aruco_detector_desired_camera_frame_height: 1080
 * /asc/aruco_detector/aruco_detector_desired_camera_frame_width: 1920
 * /asc/aruco_detector/aruco_detector_marker_size: 0.25
 * /asc/aruco_detector/aruco_detector_save_image_path: /home/asc/saved_c...
 * /asc/aruco_detector/aruco_detector_should_publish_camera_images: False
 * /asc/aruco_detector/aruco_detector_should_save_all_aruco_images: False
 * /asc/aruco_detector/aruco_detector_should_show_camera_images: False
 * /asc/aruco_detector/aruco_detector_usb_camera_device_number: 0
 * /asc/aruco_detector/aruco_detector_verbosity: 1
 * /asc/encoder_read_multi_threaded/delta_t_for_publishing_encoder_counts: 0.1
 * /asc/encoder_read_multi_threaded/encoder_events_to_monitor: rising
 * /asc/encoder_read_multi_threaded/encoder_read_verbosity: 1
 * /asc/encoder_read_multi_threaded/gpio_chip_number_for_encoder_lines: 1
 * /asc/encoder_read_multi_threaded/line_number_for_left_side_encoder_channel_a: 105
 * /asc/encoder_read_multi_threaded/line_number_for_left_side_encoder_channel_b: 106
 * /asc/encoder_read_multi_threaded/line_number_for_right_side_encoder_channel_a: 84
 * /asc/encoder_read_multi_threaded/line_number_for_right_side_encoder_channel_b: 130
 * /asc/encoder_read_multi_threaded/should_monitor_left_side_encoder_channel_a: True
 * /asc/encoder_read_multi_threaded/should_monitor_left_side_encoder_channel_b: False
 * /asc/encoder_read_multi_threaded/should_monitor_right_side_encoder_channel_a: True
 * /asc/encoder_read_multi_threaded/should_monitor_right_side_encoder_channel_b: False
 * /asc/i2c_for_motors/motor_driver_current_limit_in_milliamps: 5000
 * /asc/i2c_for_motors/motor_driver_left_side_multiplier: 1
 * /asc/i2c_for_motors/motor_driver_max_accel_limit_in_percent_per_millisecond: 0.04
 * /asc/i2c_for_motors/motor_driver_max_decel_limit_in_percent_per_millisecond: 0.16
 * /asc/i2c_for_motors/motor_driver_max_duty_cycle_limit_in_percent: 100.0
 * /asc/i2c_for_motors/motor_driver_right_side_multiplier: 1
 * /asc/i2c_for_motors/motor_driver_verbosity: 1
 * /rosdistro: noetic
 * /rosversion: 1.17.0

NODES
  /
    kf_fusion_node (asclinic_pkg/KF.py)
    odomdelta (asclinic_pkg/odomdelta)
    trajectory_generator (asclinic_pkg/trajectory_generator)
    trajectory_tracker (asclinic_pkg/trajectory_tracker)
    velocity_PI_control (asclinic_pkg/velocity_PI_control)
  /asc/
    aruco_detector (asclinic_pkg/aruco_detector.py)
    encoder_read_multi_threaded (asclinic_pkg/encoder_read_multi_threaded)
    i2c_for_motors (asclinic_pkg/i2c_for_motors)

[1mROS_MASTER_URI=http://localhost:11311[0m
]2;/home/asc/ASClinic/catkin_ws/src/asclinic_pkg/launch/trajectory.launch http://localhost:11311
[1mprocess[asc/i2c_for_motors-1]: started with pid [22707][0m
[1mprocess[asc/encoder_read_multi_threaded-2]: started with pid [22708][0m
[1mprocess[odomdelta-3]: started with pid [22714][0m
[1mprocess[asc/aruco_detector-4]: started with pid [22719][0m
[1mprocess[trajectory_tracker-5]: started with pid [22725][0m
[1mprocess[trajectory_generator-6]: started with pid [22731][0m
[1mprocess[velocity_PI_control-7]: started with pid [22737][0m
[1mprocess[kf_fusion_node-8]: started with pid [22743][0m
[kf_fusion_node-8] killing on exit
[velocity_PI_control-7] killing on exit
[asc/aruco_detector-4] killing on exit
[trajectory_tracker-5] killing on exit
[trajectory_generator-6] killing on exit
[asc/i2c_for_motors-1] killing on exit
[odomdelta-3] killing on exit
[asc/encoder_read_multi_threaded-2] killing on exit
shutting down processing monitor...
... shutting down processing monitor complete
[1mdone[0m
