[0m[ INFO] [1746505058.776531376]: Target - x: 0.000000, y: 0.000000, phi: 0.000000[0m
[0m[ INFO] [1746505058.792277052]: Current - x: 0.000000, y: 0.000000, phi: 45.000000[0m
[0m[ INFO] [1746505058.792630176]: Error - x: 0.000000, y: 0.000000[0m
[0m[ INFO] [1746505058.792739905]: Publishing motor command - Left: 0.000000, Right: 0.000000[0m
[0m[ INFO] [1746505058.794946361]: Target reached: x=0.00, y=0.00, phi=0.00[0m
[0m[ INFO] [1746505058.874904868]: Target - x: 0.000000, y: 0.000000, phi: 0.000000[0m
[0m[ INFO] [1746505058.875315433]: Current - x: 0.000000, y: 0.000000, phi: 45.000000[0m
[0m[ INFO] [1746505058.875423498]: Error - x: 0.000000, y: 0.000000[0m
[0m[ INFO] [1746505058.875653708]: Publishing motor command - Left: 0.000000, Right: 0.000000[0m
[0m[ INFO] [1746505058.875921583]: Target reached: x=0.00, y=0.00, phi=0.00[0m
[0m[ INFO] [1746505058.974332516]: Target - x: 0.000000, y: 0.000000, phi: 0.000000[0m
[0m[ INFO] [1746505058.974700104]: Current - x: 0.000000, y: 0.000000, phi: 45.000000[0m
[0m[ INFO] [1746505058.974775529]: Error - x: 0.000000, y: 0.000000[0m
[0m[ INFO] [1746505058.974838089]: Publishing motor command - Left: 0.000000, Right: 0.000000[0m
[0m[ INFO] [1746505058.975612050]: Target reached: x=0.00, y=0.00, phi=0.00[0m
[0m[ INFO] [1746505059.075459798]: Target - x: 0.000000, y: 0.000000, phi: 0.000000[0m
[0m[ INFO] [1746505059.075880251]: Current - x: 0.000000, y: 0.000000, phi: 45.000000[0m
[0m[ INFO] [1746505059.076077405]: Error - x: 0.000000, y: 0.000000[0m
[0m[ INFO] [1746505059.076189886]: Publishing motor command - Left: 0.000000, Right: 0.000000[0m
[0m[ INFO] [1746505059.076522050]: Target reached: x=0.00, y=0.00, phi=0.00[0m
[0m[ INFO] [1746505059.174552498]: Target - x: 0.000000, y: 0.000000, phi: 0.000000[0m
[0m[ INFO] [1746505059.175008855]: Current - x: 0.000000, y: 0.000000, phi: 45.000000[0m
[0m[ INFO] [1746505059.175092600]: Error - x: 0.000000, y: 0.000000[0m
[0m[ INFO] [1746505059.175164345]: Publishing motor command - Left: 0.000000, Right: 0.000000[0m
[0m[ INFO] [1746505059.175355451]: Target reached: x=0.00, y=0.00, phi=0.00[0m
[0m[ INFO] [1746505059.275495491]: Target - x: 0.000000, y: 0.000000, phi: 0.000000[0m
[0m[ INFO] [1746505059.275878247]: Current - x: 0.000000, y: 0.000000, phi: 45.000000[0m
[0m[ INFO] [1746505059.276048073]: Error - x: 0.000000, y: 0.000000[0m
[0m[ INFO] [1746505059.276531726]: Publishing motor command - Left: 0.000000, Right: 0.000000[0m
[0m[ INFO] [1746505059.277828476]: Target reached: x=0.00, y=0.00, phi=0.00[0m
[0m[ INFO] [1746505059.374996867]: Target - x: 0.000000, y: 0.000000, phi: 0.000000[0m
[0m[ INFO] [1746505059.375432872]: Current - x: 0.000000, y: 0.000000, phi: 45.000000[0m
[0m[ INFO] [1746505059.375527497]: Error - x: 0.000000, y: 0.000000[0m
[0m[ INFO] [1746505059.375593834]: Publishing motor command - Left: 0.000000, Right: 0.000000[0m
[0m[ INFO] [1746505059.375770507]: Target reached: x=0.00, y=0.00, phi=0.00[0m
[0m[ INFO] [1746505059.603014689]: Target - x: 0.000000, y: 0.000000, phi: 0.000000[0m
[0m[ INFO] [1746505059.603106146]: Current - x: 0.000000, y: 0.000000, phi: 45.000000[0m
[0m[ INFO] [1746505059.603148515]: Error - x: 0.000000, y: 0.000000[0m
[0m[ INFO] [1746505059.603184419]: Publishing motor command - Left: 0.000000, Right: 0.000000[0m
[0m[ INFO] [1746505059.603263044]: Target reached: x=0.00, y=0.00, phi=0.00[0m
[0m[ INFO] [1746505059.604345040]: Target - x: 0.000000, y: 0.000000, phi: 0.000000[0m
[0m[ INFO] [1746505059.604422001]: Current - x: 0.000000, y: 0.000000, phi: 45.000000[0m
[0m[ INFO] [1746505059.604688692]: Error - x: 0.000000, y: 0.000000[0m
[0m[ INFO] [1746505059.604761333]: Publishing motor command - Left: 0.000000, Right: 0.000000[0m
[0m[ INFO] [1746505059.604893014]: Target reached: x=0.00, y=0.00, phi=0.00[0m
[0m[ INFO] [1746505059.675143190]: Target - x: 0.000000, y: 0.000000, phi: 0.000000[0m
[0m[ INFO] [1746505059.675470362]: Current - x: 0.000000, y: 0.000000, phi: 45.000000[0m
[0m[ INFO] [1746505059.675749405]: Error - x: 0.000000, y: 0.000000[0m
[0m[ INFO] [1746505059.678717310]: Publishing motor command - Left: 0.000000, Right: 0.000000[0m
[0m[ INFO] [1746505059.679025057]: Target reached: x=0.00, y=0.00, phi=0.00[0m
[0m[ INFO] [1746505059.775226749]: Target - x: 0.000000, y: 0.000000, phi: 0.000000[0m
[0m[ INFO] [1746505059.776686829]: Current - x: 0.000000, y: 0.000000, phi: 45.000000[0m
[0m[ INFO] [1746505059.777807578]: Error - x: 0.000000, y: 0.000000[0m
[0m[ INFO] [1746505059.778578210]: Publishing motor command - Left: 0.000000, Right: 0.000000[0m
[0m[ INFO] [1746505059.779023111]: Target reached: x=0.00, y=0.00, phi=0.00[0m
[0m[ INFO] [1746505059.870282669]: Target - x: 0.000000, y: 0.000000, phi: 0.000000[0m
[0m[ INFO] [1746505059.870422639]: Current - x: 0.000000, y: 0.000000, phi: 45.000000[0m
[0m[ INFO] [1746505059.870486607]: Error - x: 0.000000, y: 0.000000[0m
[0m[ INFO] [1746505059.870523568]: Publishing motor command - Left: 0.000000, Right: 0.000000[0m
[0m[ INFO] [1746505059.870607665]: Target reached: x=0.00, y=0.00, phi=0.00[0m
[0m[ INFO] [1746505059.975689646]: Target - x: 0.000000, y: 0.000000, phi: 0.000000[0m
[0m[ INFO] [1746505059.976171476]: Current - x: 0.000000, y: 0.000000, phi: 45.000000[0m
[0m[ INFO] [1746505059.976265845]: Error - x: 0.000000, y: 0.000000[0m
[0m[ INFO] [1746505059.976362806]: Publishing motor command - Left: 0.000000, Right: 0.000000[0m
[0m[ INFO] [1746505059.976576120]: Target reached: x=0.00, y=0.00, phi=0.00[0m
[0m[ INFO] [1746505060.068771241]: Target - x: 0.000000, y: 0.000000, phi: 0.000000[0m
[0m[ INFO] [1746505060.068873194]: Current - x: 0.000000, y: 0.000000, phi: 45.000000[0m
[0m[ INFO] [1746505060.068949163]: Error - x: 0.000000, y: 0.000000[0m
[0m[ INFO] [1746505060.069053388]: Publishing motor command - Left: 0.000000, Right: 0.000000[0m
[0m[ INFO] [1746505060.069153613]: Target reached: x=0.00, y=0.00, phi=0.00[0m
[0m[ INFO] [1746505060.173059933]: Target - x: 30.000000, y: 0.000000, phi: 0.000000[0m
[0m[ INFO] [1746505060.173157278]: Current - x: 0.000000, y: 0.000000, phi: 45.000000[0m
[0m[ INFO] [1746505060.173195807]: Error - x: 30.000000, y: 0.000000[0m
[0m[ INFO] [1746505060.173247679]: error_y: 0.000000[0m
[0m[ INFO] [1746505060.173331552]: integral_error_y: 0.000000[0m
[0m[ INFO] [1746505060.173383105]: w: 0.000000[0m
[0m[ INFO] [1746505060.173463618]: Publishing motor command - Left: 250.000000, Right: 250.000000[0m
[0m[ INFO] [1746505060.268747892]: Target - x: 60.000000, y: 0.000000, phi: 0.000000[0m
[0m[ INFO] [1746505060.268838613]: Current - x: 0.000000, y: 0.000000, phi: 45.000000[0m
[0m[ INFO] [1746505060.268880662]: Error - x: 60.000000, y: 0.000000[0m
[0m[ INFO] [1746505060.268944630]: error_y: 0.000000[0m
[0m[ INFO] [1746505060.269050743]: integral_error_y: 0.000000[0m
[0m[ INFO] [1746505060.269085784]: w: 0.000000[0m
[0m[ INFO] [1746505060.269152889]: Publishing motor command - Left: 500.000000, Right: 500.000000[0m
[0m[ INFO] [1746505060.374072244]: Target - x: 90.000000, y: 0.000000, phi: 0.000000[0m
[0m[ INFO] [1746505060.374719611]: Current - x: 0.000000, y: 0.000000, phi: 45.000000[0m
[0m[ INFO] [1746505060.374805180]: Error - x: 90.000000, y: 0.000000[0m
[0m[ INFO] [1746505060.374976958]: error_y: 0.000000[0m
[0m[ INFO] [1746505060.375120736]: integral_error_y: 0.000000[0m
[0m[ INFO] [1746505060.375364450]: w: 0.000000[0m
[0m[ INFO] [1746505060.375506628]: Publishing motor command - Left: 750.000000, Right: 750.000000[0m
[0m[ INFO] [1746505060.468804833]: Target - x: 120.000000, y: 0.000000, phi: 0.000000[0m
[0m[ INFO] [1746505060.468902466]: Current - x: 0.000000, y: 0.000000, phi: 45.000000[0m
[0m[ INFO] [1746505060.469031267]: Error - x: 120.000000, y: 0.000000[0m
[0m[ INFO] [1746505060.469078756]: error_y: 0.000000[0m
[0m[ INFO] [1746505060.469117156]: integral_error_y: 0.000000[0m
[0m[ INFO] [1746505060.469153988]: w: 0.000000[0m
[0m[ INFO] [1746505060.469197029]: Publishing motor command - Left: 1000.000000, Right: 1000.000000[0m
[0m[ INFO] [1746505060.578077932]: Target - x: 150.000000, y: 0.000000, phi: 0.000000[0m
[0m[ INFO] [1746505060.578531761]: Current - x: 0.141486, y: 0.141750, phi: 45.106747[0m
[0m[ INFO] [1746505060.578694323]: Error - x: 149.858521, y: -0.141750[0m
[0m[ INFO] [1746505060.580088290]: error_y: -0.141750[0m
[0m[ INFO] [1746505060.580234532]: integral_error_y: -0.014175[0m
[0m[ INFO] [1746505060.580372549]: w: -29.768965[0m
[0m[ INFO] [1746505060.580700105]: Publishing motor command - Left: 1256.228760, Right: 1241.413208[0m
[0m[ INFO] [1746505060.669183953]: Target - x: 180.000000, y: 0.000000, phi: 0.000000[0m
[0m[ INFO] [1746505060.669303698]: Current - x: 0.282973, y: 0.283500, phi: 45.213490[0m
[0m[ INFO] [1746505060.669421395]: Error - x: 179.717026, y: -0.283500[0m
[0m[ INFO] [1746505060.669553813]: error_y: -0.283500[0m
[0m[ INFO] [1746505060.669653462]: integral_error_y: -0.042525[0m
[0m[ INFO] [1746505060.669706966]: w: -31.189304[0m
[0m[ INFO] [1746505060.669780119]: Publishing motor command - Left: 1505.403198, Right: 1489.880737[0m
[0m[ INFO] [1746505060.775066391]: Target - x: 210.000000, y: 0.000000, phi: 0.000000[0m
[0m[ INFO] [1746505060.775401339]: Current - x: 1.273919, y: 1.279970, phi: 45.318439[0m
[0m[ INFO] [1746505060.775822911]: Error - x: 208.726074, y: -1.279970[0m
[0m[ INFO] [1746505060.776063682]: error_y: -1.279970[0m
[0m[ INFO] [1746505060.776347397]: integral_error_y: -0.170522[0m
[0m[ INFO] [1746505060.776530215]: w: -212.110641[0m
[0m[ INFO] [1746505060.776766953]: Publishing motor command - Left: 1792.166138, Right: 1686.601685[0m
[0m[ INFO] [1746505060.868985178]: Target - x: 240.000000, y: 0.000000, phi: 0.000000[0m
[0m[ INFO] [1746505060.869082459]: Current - x: 4.386779, y: 4.415753, phi: 45.311852[0m
[0m[ INFO] [1746505060.869197789]: Error - x: 235.613220, y: -4.415753[0m
[0m[ INFO] [1746505060.869281053]: error_y: -4.415753[0m
[0m[ INFO] [1746505060.869325310]: integral_error_y: -0.612097[0m
[0m[ INFO] [1746505060.869374911]: w: -671.375488[0m
[0m[ INFO] [1746505060.869421343]: Publishing motor command - Left: 2130.510498, Right: 1796.376587[0m
[0m[ INFO] [1746505060.975070275]: Target - x: 270.000000, y: 0.000000, phi: 0.000000[0m
[0m[ INFO] [1746505060.975395974]: Current - x: 9.178962, y: 9.278780, phi: 45.515762[0m
[0m[ INFO] [1746505060.975543944]: Error - x: 260.821045, y: -9.278780[0m
[0m[ INFO] [1746505060.975735242]: error_y: -9.278780[0m
[0m[ INFO] [1746505060.975786091]: integral_error_y: -1.539975[0m
[0m[ INFO] [1746505060.975831115]: w: -1065.547119[0m
[0m[ INFO] [1746505060.975881868]: Publishing motor command - Left: 2438.662354, Right: 1908.355347[0m
[0m[ INFO] [1746505061.069099239]: Target - x: 300.000000, y: 0.000000, phi: 0.000000[0m
[0m[ INFO] [1746505061.069210601]: Current - x: 14.976311, y: 15.127390, phi: 45.396442[0m
[0m[ INFO] [1746505061.069283657]: Error - x: 285.023682, y: -15.127390[0m
[0m[ INFO] [1746505061.069339946]: error_y: -15.127390[0m
[0m[ INFO] [1746505061.069407627]: integral_error_y: -3.052714[0m
[0m[ INFO] [1746505061.069461899]: w: -1321.301147[0m
[0m[ INFO] [1746505061.069526540]: Publishing motor command - Left: 2703.993408, Right: 2046.401245[0m
[0m[ INFO] [1746505061.168754473]: Target - x: 330.000000, y: 0.000000, phi: 0.000000[0m
[0m[ INFO] [1746505061.168894667]: Current - x: 22.013819, y: 22.290880, phi: 45.381474[0m
[0m[ INFO] [1746505061.169023628]: Error - x: 307.986176, y: -22.290880[0m
[0m[ INFO] [1746505061.169143406]: error_y: -22.290880[0m
[0m[ INFO] [1746505061.169256047]: integral_error_y: -5.281802[0m
[0m[ INFO] [1746505061.169349136]: w: -1656.135010[0m
[0m[ INFO] [1746505061.169417809]: Publishing motor command - Left: 2978.668213, Right: 2154.434326[0m
[0m[ INFO] [1746505061.268709871]: Target - x: 360.000000, y: 0.000000, phi: 0.000000[0m
[0m[ INFO] [1746505061.268835536]: Current - x: 30.360655, y: 30.704132, phi: 45.042675[0m
[0m[ INFO] [1746505061.268986482]: Error - x: 329.639343, y: -30.704132[0m
[0m[ INFO] [1746505061.269266549]: error_y: -30.704132[0m
[0m[ INFO] [1746505061.269357078]: integral_error_y: -8.352216[0m
[0m[ INFO] [1746505061.270487586]: w: -1990.526855[0m
[0m[ INFO] [1746505061.270585475]: Publishing motor command - Left: 3242.322266, Right: 2251.666504[0m
[0m[ INFO] [1746505061.377398228]: Target - x: 390.000000, y: 0.000000, phi: 0.000000[0m
[0m[ INFO] [1746505061.377770168]: Current - x: 40.143990, y: 40.522884, phi: 44.486794[0m
[0m[ INFO] [1746505061.377850329]: Error - x: 349.856018, y: -40.522884[0m
[0m[ INFO] [1746505061.377914393]: error_y: -40.522884[0m
[0m[ INFO] [1746505061.378058043]: integral_error_y: -12.404504[0m
[0m[ INFO] [1746505061.379866575]: w: -2370.219727[0m
[0m[ INFO] [1746505061.380135026]: Publishing motor command - Left: 3505.278564, Right: 2325.655029[0m
[0m[ INFO] [1746505061.469034910]: Target - x: 420.000000, y: 0.000000, phi: 0.000000[0m
[0m[ INFO] [1746505061.469194048]: Current - x: 51.322266, y: 51.506126, phi: 43.392994[0m
[0m[ INFO] [1746505061.469277505]: Error - x: 368.677734, y: -51.506126[0m
[0m[ INFO] [1746505061.469336193]: error_y: -51.506126[0m
[0m[ INFO] [1746505061.469389826]: integral_error_y: -17.555117[0m
[0m[ INFO] [1746505061.469442179]: w: -2713.465332[0m
[0m[ INFO] [1746505061.469520195]: Publishing motor command - Left: 3747.540283, Right: 2397.088623[0m
[0m[ INFO] [1746505061.574444063]: Target - x: 450.000000, y: 0.000000, phi: 0.000000[0m
[0m[ INFO] [1746505061.574866884]: Current - x: 63.763771, y: 63.495049, phi: 42.296799[0m
[0m[ INFO] [1746505061.575064582]: Error - x: 386.236237, y: -63.495049[0m
[0m[ INFO] [1746505061.575132455]: error_y: -63.495049[0m
[0m[ INFO] [1746505061.575452106]: integral_error_y: -23.904621[0m
[0m[ INFO] [1746505061.575522411]: w: -3035.125244[0m
[0m[ INFO] [1746505061.575586060]: Publishing motor command - Left: 3973.904053, Right: 2463.366943[0m
[0m[ INFO] [1746505061.668576741]: Target - x: 480.000000, y: 0.000000, phi: 0.000000[0m
[0m[ INFO] [1746505061.668703430]: Current - x: 77.364120, y: 76.014320, phi: 40.770630[0m
[0m[ INFO] [1746505061.668747655]: Error - x: 402.635864, y: -76.014320[0m
[0m[ INFO] [1746505061.668784647]: error_y: -76.014320[0m
[0m[ INFO] [1746505061.668830504]: integral_error_y: -31.506054[0m
[0m[ INFO] [1746505061.668865512]: w: -3267.148193[0m
[0m[ INFO] [1746505061.668916169]: Publishing motor command - Left: 4168.304688, Right: 2542.293213[0m
[0m[ INFO] [1746505061.775101682]: Target - x: 510.000000, y: 0.000000, phi: 0.000000[0m
[0m[ INFO] [1746505061.775576951]: Current - x: 92.128952, y: 89.043083, phi: 39.028576[0m
[0m[ INFO] [1746505061.775660184]: Error - x: 417.871033, y: -89.043083[0m
[0m[ INFO] [1746505061.775714041]: error_y: -89.043083[0m
[0m[ INFO] [1746505061.775765945]: integral_error_y: -40.410362[0m
[0m[ INFO] [1746505061.775810042]: w: -3500.224365[0m
[0m[ INFO] [1746505061.775859835]: Publishing motor command - Left: 4353.263184, Right: 2611.253662[0m
[0m[ INFO] [1746505061.868783699]: Target - x: 540.000000, y: 0.000000, phi: 0.000000[0m
[0m[ INFO] [1746505061.868910324]: Current - x: 109.166733, y: 103.126274, phi: 36.640659[0m
[0m[ INFO] [1746505061.868999285]: Error - x: 430.833252, y: -103.126274[0m
[0m[ INFO] [1746505061.869066166]: error_y: -103.126274[0m
[0m[ INFO] [1746505061.869103606]: integral_error_y: -50.722988[0m
[0m[ INFO] [1746505061.869145559]: w: -3852.973145[0m
[0m[ INFO] [1746505061.869182935]: Publishing motor command - Left: 4549.061035, Right: 2631.493164[0m
[0m[ INFO] [1746505061.971113042]: Target - x: 570.000000, y: 0.000000, phi: 0.000000[0m
[0m[ INFO] [1746505061.971547031]: Current - x: 128.038528, y: 117.810593, phi: 34.357094[0m
[0m[ INFO] [1746505061.971780282]: Error - x: 441.961487, y: -117.810593[0m
[0m[ INFO] [1746505061.972050845]: error_y: -117.810593[0m
[0m[ INFO] [1746505061.972118077]: integral_error_y: -62.504047[0m
[0m[ INFO] [1746505061.972171934]: w: -4121.220215[0m
[0m[ INFO] [1746505061.972231743]: Publishing motor command - Left: 4708.547363, Right: 2657.477295[0m
[0m[ INFO] [1746505062.068762559]: Target - x: 600.000000, y: 0.000000, phi: 0.000000[0m
[0m[ INFO] [1746505062.068910496]: Current - x: 147.887314, y: 131.856247, phi: 31.644749[0m
[0m[ INFO] [1746505062.069005697]: Error - x: 452.112671, y: -131.856247[0m
[0m[ INFO] [1746505062.069055810]: error_y: -131.856247[0m
[0m[ INFO] [1746505062.069104994]: integral_error_y: -75.689674[0m
[0m[ INFO] [1746505062.069152899]: w: -4135.262207[0m
[0m[ INFO] [1746505062.069200515]: Publishing motor command - Left: 4796.634766, Right: 2738.576172[0m
[0m[ INFO] [1746505062.174968648]: Target - x: 630.000000, y: 0.000000, phi: 0.000000[0m
[0m[ INFO] [1746505062.175443981]: Current - x: 169.837463, y: 146.023300, phi: 28.608576[0m
[0m[ INFO] [1746505062.175594863]: Error - x: 460.162537, y: -146.023300[0m
[0m[ INFO] [1746505062.175655664]: error_y: -146.023300[0m
[0m[ INFO] [1746505062.175691056]: integral_error_y: -90.292007[0m
[0m[ INFO] [1746505062.175725329]: w: -4302.672852[0m
[0m[ INFO] [1746505062.175762961]: Publishing motor command - Left: 4905.376465, Right: 2763.999268[0m
[0m[ INFO] [1746505062.269113262]: Target - x: 660.000000, y: 0.000000, phi: 0.000000[0m
[0m[ INFO] [1746505062.269206351]: Current - x: 193.367920, y: 159.531143, phi: 25.035683[0m
[0m[ INFO] [1746505062.269249584]: Error - x: 466.632080, y: -159.531143[0m
[0m[ INFO] [1746505062.269300752]: error_y: -159.531143[0m
[0m[ INFO] [1746505062.269392497]: integral_error_y: -100.000000[0m
[0m[ INFO] [1746505062.269607059]: w: -4306.879883[0m
[0m[ INFO] [1746505062.269750133]: Publishing motor command - Left: 4960.335938, Right: 2816.865234[0m
[0m[ INFO] [1746505062.372445400]: Target - x: 690.000000, y: 0.000000, phi: 0.000000[0m
[0m[ INFO] [1746505062.372572346]: Current - x: 218.848206, y: 172.384064, phi: 21.353649[0m
[0m[ INFO] [1746505062.372633786]: Error - x: 471.151794, y: -172.384064[0m
[0m[ INFO] [1746505062.372672827]: error_y: -172.384064[0m
[0m[ INFO] [1746505062.372722139]: integral_error_y: -100.000000[0m
[0m[ INFO] [1746505062.372850877]: w: -4304.424805[0m
[0m[ INFO] [1746505062.372895069]: Publishing motor command - Left: 4997.389160, Right: 2855.140625[0m
[0m[ INFO] [1746505062.468806998]: Target - x: 720.000000, y: 0.000000, phi: 0.000000[0m
[0m[ INFO] [1746505062.468983384]: Current - x: 245.449203, y: 183.782166, phi: 17.671019[0m
[0m[ INFO] [1746505062.469065145]: Error - x: 474.550781, y: -183.782166[0m
[0m[ INFO] [1746505062.469128538]: error_y: -183.782166[0m
[0m[ INFO] [1746505062.469175098]: integral_error_y: -100.000000[0m
[0m[ INFO] [1746505062.469234203]: w: -4127.441895[0m
[0m[ INFO] [1746505062.469284444]: Publishing motor command - Left: 4981.673340, Right: 2927.506592[0m
[0m[ INFO] [1746505062.574035573]: Target - x: 750.000000, y: 0.000000, phi: 0.000000[0m
[0m[ INFO] [1746505062.574516123]: Current - x: 273.664032, y: 193.809662, phi: 14.093934[0m
[0m[ INFO] [1746505062.574594268]: Error - x: 476.335968, y: -193.809662[0m
[0m[ INFO] [1746505062.574795134]: error_y: -193.809662[0m
[0m[ INFO] [1746505062.574927871]: integral_error_y: -100.000000[0m
[0m[ INFO] [1746505062.575040384]: w: -3953.595947[0m
[0m[ INFO] [1746505062.575151170]: Publishing motor command - Left: 4953.289551, Right: 2985.643311[0m
[0m[ INFO] [1746505062.668894595]: Target - x: 780.000000, y: 0.000000, phi: 0.000000[0m
[0m[ INFO] [1746505062.668990660]: Current - x: 304.044464, y: 202.330444, phi: 10.086275[0m
[0m[ INFO] [1746505062.669031141]: Error - x: 475.955536, y: -202.330444[0m
[0m[ INFO] [1746505062.669067941]: error_y: -202.330444[0m
[0m[ INFO] [1746505062.669126246]: integral_error_y: -100.000000[0m
[0m[ INFO] [1746505062.669162950]: w: -3737.460938[0m
[0m[ INFO] [1746505062.669229415]: Publishing motor command - Left: 4896.335938, Right: 3036.256592[0m
[0m[ INFO] [1746505062.775660787]: Target - x: 810.000000, y: 0.000000, phi: 0.000000[0m
[0m[ INFO] [1746505062.775973718]: Current - x: 334.314728, y: 208.785034, phi: 5.972471[0m
[0m[ INFO] [1746505062.776974273]: Error - x: 475.685272, y: -208.785034[0m
[0m[ INFO] [1746505062.777094947]: error_y: -208.785034[0m
[0m[ INFO] [1746505062.777228292]: integral_error_y: -100.000000[0m
[0m[ INFO] [1746505062.777271333]: w: -3388.768311[0m
[0m[ INFO] [1746505062.777409478]: Publishing motor command - Left: 4807.313965, Right: 3120.774170[0m
[0m[ INFO] [1746505062.868767181]: Target - x: 840.000000, y: 0.000000, phi: 0.000000[0m
[0m[ INFO] [1746505062.868862286]: Current - x: 365.951721, y: 213.277588, phi: 1.964214[0m
[0m[ INFO] [1746505062.868930447]: Error - x: 474.048279, y: -213.277588[0m
[0m[ INFO] [1746505062.868979888]: error_y: -213.277588[0m
[0m[ INFO] [1746505062.869036560]: integral_error_y: -100.000000[0m
[0m[ INFO] [1746505062.869108817]: w: -3041.286621[0m
[0m[ INFO] [1746505062.869161490]: Publishing motor command - Left: 4707.204102, Right: 3193.600586[0m
[0m[ INFO] [1746505062.974080525]: Target - x: 870.000000, y: 0.000000, phi: 0.000000[0m
[0m[ INFO] [1746505062.974242191]: Current - x: 398.422485, y: 215.621338, phi: -1.723808[0m
[0m[ INFO] [1746505062.974320112]: Error - x: 471.577515, y: -215.621338[0m
[0m[ INFO] [1746505062.974358128]: error_y: -215.621338[0m
[0m[ INFO] [1746505062.974390225]: integral_error_y: -100.000000[0m
[0m[ INFO] [1746505062.974453297]: w: -2634.963379[0m
[0m[ INFO] [1746505062.974519410]: Publishing motor command - Left: 4585.503418, Right: 3274.121338[0m
[0m[ INFO] [1746505063.068721369]: Target - x: 900.000000, y: 0.000000, phi: 0.000000[0m
[0m[ INFO] [1746505063.068824602]: Current - x: 432.385284, y: 215.596786, phi: -5.735059[0m
[0m[ INFO] [1746505063.068866266]: Error - x: 467.614716, y: -215.596786[0m
[0m[ INFO] [1746505063.068902523]: error_y: -215.596786[0m
[0m[ INFO] [1746505063.068954171]: integral_error_y: -100.000000[0m
[0m[ INFO] [1746505063.069028572]: w: -2161.057617[0m
[0m[ INFO] [1746505063.069103005]: Publishing motor command - Left: 4434.552734, Right: 3359.026123[0m
[0m[ INFO] [1746505063.173113038]: Target - x: 930.000000, y: 0.000000, phi: 0.000000[0m
[0m[ INFO] [1746505063.173207280]: Current - x: 465.480103, y: 213.564072, phi: -9.316935[0m
[0m[ INFO] [1746505063.173247088]: Error - x: 464.519897, y: -213.564072[0m
[0m[ INFO] [1746505063.173282320]: error_y: -213.564072[0m
[0m[ INFO] [1746505063.173328881]: integral_error_y: -100.000000[0m
[0m[ INFO] [1746505063.173393266]: w: -1739.097656[0m
[0m[ INFO] [1746505063.173468338]: Publishing motor command - Left: 4303.760742, Right: 3438.237305[0m
[0m[ INFO] [1746505063.268614339]: Target - x: 960.000000, y: 0.000000, phi: 0.000000[0m
[0m[ INFO] [1746505063.268766853]: Current - x: 498.749878, y: 209.168488, phi: -12.899407[0m
[0m[ INFO] [1746505063.268826341]: Error - x: 461.250122, y: -209.168488[0m
[0m[ INFO] [1746505063.268874822]: error_y: -209.168488[0m
[0m[ INFO] [1746505063.269154569]: integral_error_y: -100.000000[0m
[0m[ INFO] [1746505063.269235050]: w: -1222.567993[0m
[0m[ INFO] [1746505063.269277674]: Publishing motor command - Left: 4147.978027, Right: 3539.524170[0m
[0m[ INFO] [1746505063.368421767]: Target - x: 990.000000, y: 0.000000, phi: 0.000000[0m
[0m[ INFO] [1746505063.368525576]: Current - x: 532.106995, y: 202.812927, phi: -15.840212[0m
[0m[ INFO] [1746505063.368568904]: Error - x: 457.893005, y: -202.812927[0m
[0m[ INFO] [1746505063.368639305]: error_y: -202.812927[0m
[0m[ INFO] [1746505063.368710410]: integral_error_y: -100.000000[0m
[0m[ INFO] [1746505063.368780363]: w: -767.017212[0m
[0m[ INFO] [1746505063.368839275]: Publishing motor command - Left: 4006.641602, Right: 3624.908447[0m
[0m[ INFO] [1746505063.468655983]: Target - x: 1020.000000, y: 0.000000, phi: 0.000000[0m
[0m[ INFO] [1746505063.468783441]: Current - x: 565.577942, y: 194.204239, phi: -18.888958[0m
[0m[ INFO] [1746505063.468825777]: Error - x: 454.422058, y: -194.204239[0m
[0m[ INFO] [1746505063.468877586]: error_y: -194.204239[0m
[0m[ INFO] [1746505063.468915090]: integral_error_y: -100.000000[0m
[0m[ INFO] [1746505063.469122196]: w: -230.304688[0m
[0m[ INFO] [1746505063.469161429]: Publishing motor command - Left: 3844.160156, Right: 3729.541016[0m
[0m[ INFO] [1746505063.573547787]: Target - x: 1050.000000, y: 0.000000, phi: 0.000000[0m
[0m[ INFO] [1746505063.573944751]: Current - x: 598.835938, y: 184.110428, phi: -20.974602[0m
[0m[ INFO] [1746505063.574087184]: Error - x: 451.164062, y: -184.110428[0m
[0m[ INFO] [1746505063.574582678]: error_y: -184.110428[0m
[0m[ INFO] [1746505063.574712791]: integral_error_y: -100.000000[0m
[0m[ INFO] [1746505063.574768472]: w: 167.657959[0m
[0m[ INFO] [1746505063.574856953]: Publishing motor command - Left: 3717.980225, Right: 3801.420898[0m
[0m[ INFO] [1746505063.668948222]: Target - x: 1080.000000, y: 0.000000, phi: 0.000000[0m
[0m[ INFO] [1746505063.669051551]: Current - x: 631.488953, y: 172.200638, phi: -23.274336[0m
[0m[ INFO] [1746505063.669101984]: Error - x: 448.511047, y: -172.200638[0m
[0m[ INFO] [1746505063.669154112]: error_y: -172.200638[0m
[0m[ INFO] [1746505063.669211425]: integral_error_y: -100.000000[0m
[0m[ INFO] [1746505063.669267202]: w: 649.951660[0m
[0m[ INFO] [1746505063.669345474]: Publishing motor command - Left: 3575.856445, Right: 3899.327881[0m
[0m[ INFO] [1746505063.775804943]: Target - x: 1110.000000, y: 0.000000, phi: 0.000000[0m
[0m[ INFO] [1746505063.776150803]: Current - x: 664.327698, y: 159.099152, phi: -24.825655[0m
[0m[ INFO] [1746505063.776413750]: Error - x: 445.672302, y: -159.099152[0m
[0m[ INFO] [1746505063.776471254]: error_y: -159.099152[0m
[0m[ INFO] [1746505063.776529783]: integral_error_y: -100.000000[0m
[0m[ INFO] [1746505063.776602712]: w: 1019.305908[0m
[0m[ INFO] [1746505063.776656376]: Publishing motor command - Left: 3460.289062, Right: 3967.582764[0m
[0m[ INFO] [1746505063.869147564]: Target - x: 1140.000000, y: 0.000000, phi: 0.000000[0m
[0m[ INFO] [1746505063.869240269]: Current - x: 696.443726, y: 144.802643, phi: -26.269630[0m
[0m[ INFO] [1746505063.869283885]: Error - x: 443.556274, y: -144.802643[0m
[0m[ INFO] [1746505063.869331054]: error_y: -144.802643[0m
[0m[ INFO] [1746505063.869413039]: integral_error_y: -100.000000[0m
[0m[ INFO] [1746505063.869464655]: w: 1401.275391[0m
[0m[ INFO] [1746505063.869509520]: Publishing motor command - Left: 3347.605469, Right: 4044.999268[0m
[0m[ INFO] [1746505063.975318069]: Target - x: 1170.000000, y: 0.000000, phi: 0.000000[0m
[0m[ INFO] [1746505063.975651577]: Current - x: 727.657532, y: 129.990158, phi: -27.391571[0m
[0m[ INFO] [1746505063.975793594]: Error - x: 442.342468, y: -129.990158[0m
[0m[ INFO] [1746505063.975896508]: error_y: -129.990158[0m
[0m[ INFO] [1746505063.975943068]: integral_error_y: -100.000000[0m
[0m[ INFO] [1746505063.975987613]: w: 1652.595459[0m
[0m[ INFO] [1746505063.976043741]: Publishing motor command - Left: 3274.951172, Right: 4097.423340[0m
[0m[ INFO] [1746505064.068677618]: Target - x: 1200.000000, y: 0.000000, phi: 0.000000[0m
[0m[ INFO] [1746505064.068802260]: Current - x: 759.484802, y: 114.151688, phi: -27.765697[0m
[0m[ INFO] [1746505064.068871956]: Error - x: 440.515198, y: -114.151688[0m
[0m[ INFO] [1746505064.068929045]: error_y: -114.151688[0m
[0m[ INFO] [1746505064.068966454]: integral_error_y: -100.000000[0m
[0m[ INFO] [1746505064.069012822]: w: 2016.177246[0m
[0m[ INFO] [1746505064.069051798]: Publishing motor command - Left: 3169.249023, Right: 4172.670898[0m
[0m[ INFO] [1746505064.176664816]: Target - x: 1230.000000, y: 0.000000, phi: 0.000000[0m
[0m[ INFO] [1746505064.177065652]: Current - x: 791.514648, y: 97.383682, phi: -28.247766[0m
[0m[ INFO] [1746505064.177218102]: Error - x: 438.485352, y: -97.383682[0m
[0m[ INFO] [1746505064.177304887]: error_y: -97.383682[0m
[0m[ INFO] [1746505064.177348983]: integral_error_y: -100.000000[0m
[0m[ INFO] [1746505064.177387095]: w: 2369.764160[0m
[0m[ INFO] [1746505064.177451320]: Publishing motor command - Left: 3064.346436, Right: 4243.742676[0m
[0m[ INFO] [1746505064.268603805]: Target - x: 1260.000000, y: 0.000000, phi: 0.000000[0m
[0m[ INFO] [1746505064.268698142]: Current - x: 823.200317, y: 80.834106, phi: -27.872881[0m
[0m[ INFO] [1746505064.268742591]: Error - x: 436.799683, y: -80.834106[0m
[0m[ INFO] [1746505064.268778783]: error_y: -80.834106[0m
[0m[ INFO] [1746505064.268840896]: integral_error_y: -100.000000[0m
[0m[ INFO] [1746505064.268887104]: w: 2491.573975[0m
[0m[ INFO] [1746505064.268948961]: Publishing motor command - Left: 3019.987549, Right: 4260.007324[0m
[0m[ INFO] [1746505064.375492942]: Target - x: 1290.000000, y: 0.000000, phi: 0.000000[0m
[0m[ INFO] [1746505064.375837458]: Current - x: 854.968628, y: 64.013725, phi: -27.177158[0m
[0m[ INFO] [1746505064.376042100]: Error - x: 435.031372, y: -64.013725[0m
[0m[ INFO] [1746505064.376138581]: error_y: -64.013725[0m
[0m[ INFO] [1746505064.376252215]: integral_error_y: -100.000000[0m
[0m[ INFO] [1746505064.376451225]: w: 2713.938965[0m
[0m[ INFO] [1746505064.376667643]: Publishing motor command - Left: 2949.917725, Right: 4300.604980[0m
[0m[ INFO] [1746505064.595205138]: Target - x: 1350.000000, y: 0.000000, phi: 0.000000[0m
[0m[ INFO] [1746505064.595342739]: Current - x: 886.075134, y: 47.655766, phi: -26.908419[0m
[0m[ INFO] [1746505064.595412564]: Error - x: 463.924866, y: -47.655766[0m
[0m[ INFO] [1746505064.595467412]: error_y: -47.655766[0m
[0m[ INFO] [1746505064.595502709]: integral_error_y: -100.000000[0m
[0m[ INFO] [1746505064.595536341]: w: 2785.034180[0m
[0m[ INFO] [1746505064.595572086]: Publishing motor command - Left: 3173.005615, Right: 4559.075684[0m
[0m[ INFO] [1746505064.596720642]: Target - x: 1350.000000, y: 0.000000, phi: 0.000000[0m
[0m[ INFO] [1746505064.596830403]: Current - x: 918.346069, y: 31.371559, phi: -26.105951[0m
[0m[ INFO] [1746505064.596894308]: Error - x: 431.653931, y: -31.371559[0m
[0m[ INFO] [1746505064.596946725]: error_y: -31.371559[0m
[0m[ INFO] [1746505064.596980453]: integral_error_y: -100.000000[0m
[0m[ INFO] [1746505064.597012229]: w: 2933.125732[0m
[0m[ INFO] [1746505064.597046886]: Publishing motor command - Left: 2867.229492, Right: 4327.002930[0m
[0m[ INFO] [1746505064.668661429]: Target - x: 1380.000000, y: 0.000000, phi: 0.000000[0m
[0m[ INFO] [1746505064.668798326]: Current - x: 950.510498, y: 15.329235, phi: -24.767962[0m
[0m[ INFO] [1746505064.668895448]: Error - x: 429.489502, y: -15.329235[0m
[0m[ INFO] [1746505064.669002105]: error_y: -15.329235[0m
[0m[ INFO] [1746505064.669125274]: integral_error_y: -100.000000[0m
[0m[ INFO] [1746505064.669206011]: w: 3045.172363[0m
[0m[ INFO] [1746505064.669258556]: Publishing motor command - Left: 2821.310547, Right: 4336.847656[0m
[0m[ INFO] [1746505064.769414627]: Target - x: 1410.000000, y: 0.000000, phi: 0.000000[0m
[0m[ INFO] [1746505064.769636389]: Current - x: 982.941406, y: -0.170072, phi: -23.644062[0m
[0m[ INFO] [1746505064.769761063]: Error - x: 427.058594, y: 0.170072[0m
[0m[ INFO] [1746505064.769819399]: error_y: 0.170072[0m
[0m[ INFO] [1746505064.769871272]: integral_error_y: -99.982994[0m
[0m[ INFO] [1746505064.769920585]: w: 3091.563721[0m
[0m[ INFO] [1746505064.769975785]: Publishing motor command - Left: 2789.508789, Right: 4328.134277[0m
[0m[ INFO] [1746505064.868651936]: Target - x: 1440.000000, y: 0.000000, phi: 0.000000[0m
[0m[ INFO] [1746505064.868770178]: Current - x: 1015.948303, y: -14.897186, phi: -22.199327[0m
[0m[ INFO] [1746505064.868861507]: Error - x: 424.051697, y: 14.897186[0m
[0m[ INFO] [1746505064.868946756]: error_y: 14.897186[0m
[0m[ INFO] [1746505064.869025029]: integral_error_y: -98.493279[0m
[0m[ INFO] [1746505064.869107461]: w: 3084.545410[0m
[0m[ INFO] [1746505064.869161638]: Publishing motor command - Left: 2766.197510, Right: 4301.330566[0m
[0m[ INFO] [1746505064.974535207]: Target - x: 1470.000000, y: 0.000000, phi: 0.000000[0m
[0m[ INFO] [1746505064.974966699]: Current - x: 1048.719971, y: -28.646688, phi: -20.432560[0m
[0m[ INFO] [1746505064.975134093]: Error - x: 421.280029, y: 28.646688[0m
[0m[ INFO] [1746505064.978780341]: error_y: 28.646688[0m
[0m[ INFO] [1746505064.980354374]: integral_error_y: -95.628609[0m
[0m[ INFO] [1746505064.980997805]: w: 3026.804443[0m
[0m[ INFO] [1746505064.981347505]: Publishing motor command - Left: 2757.468994, Right: 4263.864746[0m
[0m[ INFO] [1746505065.068956975]: Target - x: 1500.000000, y: 0.000000, phi: 0.000000[0m
[0m[ INFO] [1746505065.069094097]: Current - x: 1082.997925, y: -41.875336, phi: -18.239410[0m
[0m[ INFO] [1746505065.069148145]: Error - x: 417.002075, y: 41.875336[0m
[0m[ INFO] [1746505065.069208626]: error_y: 41.875336[0m
[0m[ INFO] [1746505065.069279699]: integral_error_y: -91.441078[0m
[0m[ INFO] [1746505065.069359668]: w: 3055.338867[0m
[0m[ INFO] [1746505065.069411732]: Publishing motor command - Left: 2714.718750, Right: 4235.315918[0m
[0m[ INFO] [1746505065.168755795]: Target - x: 1530.000000, y: 0.000000, phi: 0.000000[0m
[0m[ INFO] [1746505065.168887924]: Current - x: 1117.066895, y: -53.937180, phi: -16.366497[0m
[0m[ INFO] [1746505065.168952053]: Error - x: 412.933105, y: 53.937180[0m
[0m[ INFO] [1746505065.169072214]: error_y: 53.937180[0m
[0m[ INFO] [1746505065.169162007]: integral_error_y: -86.047363[0m
[0m[ INFO] [1746505065.169246008]: w: 2943.135742[0m
[0m[ INFO] [1746505065.169301145]: Publishing motor command - Left: 2708.731689, Right: 4173.486816[0m
[0m[ INFO] [1746505065.268522934]: Target - x: 1560.000000, y: 0.000000, phi: 0.000000[0m
[0m[ INFO] [1746505065.268636087]: Current - x: 1150.988037, y: -64.538818, phi: -14.599730[0m
[0m[ INFO] [1746505065.268714008]: Error - x: 409.011963, y: 64.538818[0m
[0m[ INFO] [1746505065.268771641]: error_y: 64.538818[0m
[0m[ INFO] [1746505065.268862490]: integral_error_y: -79.593483[0m
[0m[ INFO] [1746505065.268958043]: w: 2757.756592[0m
[0m[ INFO] [1746505065.269055708]: Publishing motor command - Left: 2722.185547, Right: 4094.680420[0m
[0m[ INFO] [1746505065.374760480]: Target - x: 1590.000000, y: 0.000000, phi: 0.000000[0m
[0m[ INFO] [1746505065.375100676]: Current - x: 1186.685669, y: -74.034164, phi: -11.657567[0m
[0m[ INFO] [1746505065.375184613]: Error - x: 403.314331, y: 74.034164[0m
[0m[ INFO] [1746505065.375305446]: error_y: 74.034164[0m
[0m[ INFO] [1746505065.375386087]: integral_error_y: -72.190063[0m
[0m[ INFO] [1746505065.375438952]: w: 2632.191895[0m
[0m[ INFO] [1746505065.375491304]: Publishing motor command - Left: 2705.951416, Right: 4015.954346[0m
[0m[ INFO] [1746505065.468762788]: Target - x: 1620.000000, y: 0.000000, phi: 0.000000[0m
[0m[ INFO] [1746505065.468897734]: Current - x: 1221.023438, y: -82.381134, phi: -9.783457[0m
[0m[ INFO] [1746505065.468954310]: Error - x: 398.976562, y: 82.381134[0m
[0m[ INFO] [1746505065.469014471]: error_y: 82.381134[0m
[0m[ INFO] [1746505065.469087176]: integral_error_y: -63.951950[0m
[0m[ INFO] [1746505065.469156105]: w: 2486.810059[0m
[0m[ INFO] [1746505065.469219273]: Publishing motor command - Left: 2705.980225, Right: 3943.628906[0m
[0m[ INFO] [1746505065.574827404]: Target - x: 1650.000000, y: 0.000000, phi: 0.000000[0m
[0m[ INFO] [1746505065.575271889]: Current - x: 1255.755615, y: -88.889526, phi: -7.695256[0m
[0m[ INFO] [1746505065.575433843]: Error - x: 394.244385, y: 88.889526[0m
[0m[ INFO] [1746505065.575573141]: error_y: 88.889526[0m
[0m[ INFO] [1746505065.575651061]: integral_error_y: -55.062996[0m
[0m[ INFO] [1746505065.575700854]: w: 2185.067383[0m
[0m[ INFO] [1746505065.575846296]: Publishing motor command - Left: 2741.631836, Right: 3829.107666[0m
[0m[ INFO] [1746505065.669045939]: Target - x: 1680.000000, y: 0.000000, phi: 0.000000[0m
[0m[ INFO] [1746505065.669178548]: Current - x: 1290.690796, y: -94.193138, phi: -5.392966[0m
[0m[ INFO] [1746505065.669228533]: Error - x: 389.309204, y: 94.193138[0m
[0m[ INFO] [1746505065.669302358]: error_y: 94.193138[0m
[0m[ INFO] [1746505065.669359478]: integral_error_y: -45.643681[0m
[0m[ INFO] [1746505065.669409719]: w: 1998.089478[0m
[0m[ INFO] [1746505065.669643001]: Publishing motor command - Left: 2747.033936, Right: 3741.453125[0m
[0m[ INFO] [1746505065.775043610]: Target - x: 1710.000000, y: 0.000000, phi: 0.000000[0m
[0m[ INFO] [1746505065.775385118]: Current - x: 1325.181519, y: -98.312782, phi: -3.625001[0m
[0m[ INFO] [1746505065.775471807]: Error - x: 384.818481, y: 98.312782[0m
[0m[ INFO] [1746505065.775537056]: error_y: 98.312782[0m
[0m[ INFO] [1746505065.775609056]: integral_error_y: -35.812401[0m
[0m[ INFO] [1746505065.775788546]: w: 1803.475342[0m
[0m[ INFO] [1746505065.775954116]: Publishing motor command - Left: 2758.039062, Right: 3655.602295[0m
[0m[ INFO] [1746505065.868659866]: Target - x: 1740.000000, y: 0.000000, phi: 0.000000[0m
[0m[ INFO] [1746505065.868766971]: Current - x: 1360.214233, y: -101.009781, phi: -1.643547[0m
[0m[ INFO] [1746505065.868810140]: Error - x: 379.785767, y: 101.009781[0m
[0m[ INFO] [1746505065.868891581]: error_y: 101.009781[0m
[0m[ INFO] [1746505065.868975102]: integral_error_y: -25.711422[0m
[0m[ INFO] [1746505065.869061119]: w: 1546.926392[0m
[0m[ INFO] [1746505065.869104767]: Publishing motor command - Left: 2779.940430, Right: 3549.822510[0m
[0m[ INFO] [1746505065.975245096]: Target - x: 1770.000000, y: 0.000000, phi: 0.000000[0m
[0m[ INFO] [1746505065.975626924]: Current - x: 1395.315308, y: -102.559044, phi: 0.551998[0m
[0m[ INFO] [1746505065.975789710]: Error - x: 374.684692, y: 102.559044[0m
[0m[ INFO] [1746505065.976630871]: error_y: 102.559044[0m
[0m[ INFO] [1746505065.976782713]: integral_error_y: -15.455518[0m
[0m[ INFO] [1746505065.976896282]: w: 1333.897583[0m
[0m[ INFO] [1746505065.976956219]: Publishing motor command - Left: 2790.441650, Right: 3454.302979[0m
[0m[ INFO] [1746505066.068669446]: Target - x: 1800.000000, y: 0.000000, phi: 0.000000[0m
[0m[ INFO] [1746505066.068825960]: Current - x: 1429.445557, y: -102.979378, phi: 2.427905[0m
[0m[ INFO] [1746505066.068910312]: Error - x: 370.554443, y: 102.979378[0m
[0m[ INFO] [1746505066.068976681]: error_y: 102.979378[0m
[0m[ INFO] [1746505066.069061738]: integral_error_y: -5.157580[0m
[0m[ INFO] [1746505066.069107755]: w: 1113.344849[0m
[0m[ INFO] [1746505066.069157675]: Publishing motor command - Left: 2810.906250, Right: 3365.001221[0m
[0m[ INFO] [1746505066.176054684]: Target - x: 1830.000000, y: 0.000000, phi: 0.000000[0m
[0m[ INFO] [1746505066.176669667]: Current - x: 1463.771484, y: -102.182884, phi: 3.982379[0m
[0m[ INFO] [1746505066.176828133]: Error - x: 366.228516, y: 102.182884[0m
[0m[ INFO] [1746505066.176929798]: error_y: 102.182884[0m
[0m[ INFO] [1746505066.177008071]: integral_error_y: 5.060709[0m
[0m[ INFO] [1746505066.177083368]: w: 863.036194[0m
[0m[ INFO] [1746505066.177137608]: Publishing motor command - Left: 2837.144287, Right: 3266.664307[0m
[0m[ INFO] [1746505066.268977653]: Target - x: 1860.000000, y: 0.000000, phi: 0.000000[0m
[0m[ INFO] [1746505066.269109334]: Current - x: 1497.854858, y: -100.306107, phi: 5.430108[0m
[0m[ INFO] [1746505066.269188279]: Error - x: 362.145142, y: 100.306107[0m
[0m[ INFO] [1746505066.269340313]: error_y: 100.306107[0m
[0m[ INFO] [1746505066.269404857]: integral_error_y: 15.091319[0m
[0m[ INFO] [1746505066.269446330]: w: 629.214661[0m
[0m[ INFO] [1746505066.269564091]: Publishing motor command - Left: 2861.300781, Right: 3174.451904[0m
[0m[ INFO] [1746505066.372885125]: Target - x: 1890.000000, y: 0.000000, phi: 0.000000[0m
[0m[ INFO] [1746505066.373076263]: Current - x: 1532.051880, y: -97.265686, phi: 7.626850[0m
[0m[ INFO] [1746505066.373305994]: Error - x: 357.948120, y: 97.265686[0m
[0m[ INFO] [1746505066.373423659]: error_y: 97.265686[0m
[0m[ INFO] [1746505066.373730798]: integral_error_y: 24.817888[0m
[0m[ INFO] [1746505066.373854320]: w: 367.054535[0m
[0m[ INFO] [1746505066.374042546]: Publishing motor command - Left: 2891.562256, Right: 3074.239990[0m
[0m[ INFO] [1746505066.469172930]: Target - x: 1920.000000, y: 0.000000, phi: 0.000000[0m
[0m[ INFO] [1746505066.469364164]: Current - x: 1564.791992, y: -93.735062, phi: 9.076375[0m
[0m[ INFO] [1746505066.469765897]: Error - x: 355.208008, y: 93.735062[0m
[0m[ INFO] [1746505066.469847370]: error_y: 93.735062[0m
[0m[ INFO] [1746505066.470846709]: integral_error_y: 34.191395[0m
[0m[ INFO] [1746505066.470936310]: w: 234.644852[0m
[0m[ INFO] [1746505066.471007190]: Publishing motor command - Left: 2901.677002, Right: 3018.456299[0m
[0m[ INFO] [1746505066.569214600]: Target - x: 1950.000000, y: 0.000000, phi: 0.000000[0m
[0m[ INFO] [1746505066.569391146]: Current - x: 1597.984131, y: -88.957565, phi: 10.203868[0m
[0m[ INFO] [1746505066.569475147]: Error - x: 352.015869, y: 88.957565[0m
[0m[ INFO] [1746505066.569536172]: error_y: 88.957565[0m
[0m[ INFO] [1746505066.569605197]: integral_error_y: 43.087151[0m
[0m[ INFO] [1746505066.569676525]: w: -61.614868[0m
[0m[ INFO] [1746505066.569735534]: Publishing motor command - Left: 2948.797852, Right: 2918.133057[0m
[0m[ INFO] [1746505066.668815370]: Target - x: 1980.000000, y: 0.000000, phi: 0.000000[0m
[0m[ INFO] [1746505066.668927307]: Current - x: 1630.264038, y: -83.536270, phi: 11.118469[0m
[0m[ INFO] [1746505066.669011596]: Error - x: 349.735962, y: 83.536270[0m
[0m[ INFO] [1746505066.669068557]: error_y: 83.536270[0m
[0m[ INFO] [1746505066.669138957]: integral_error_y: 51.440777[0m
[0m[ INFO] [1746505066.669226094]: w: -243.752289[0m
[0m[ INFO] [1746505066.669274575]: Publishing motor command - Left: 2975.122314, Right: 2853.810547[0m
[0m[ INFO] [1746505066.774437229]: Target - x: 2010.000000, y: 0.000000, phi: 0.000000[0m
[0m[ INFO] [1746505066.774868402]: Current - x: 1660.648560, y: -77.786247, phi: 12.142810[0m
[0m[ INFO] [1746505066.774995795]: Error - x: 349.351440, y: 77.786247[0m
[0m[ INFO] [1746505066.775070004]: error_y: 77.786247[0m
[0m[ INFO] [1746505066.775105460]: integral_error_y: 59.219402[0m
[0m[ INFO] [1746505066.775151125]: w: -366.220215[0m
[0m[ INFO] [1746505066.775239926]: Publishing motor command - Left: 3002.393311, Right: 2820.130859[0m
[0m[ INFO] [1746505066.868922550]: Target - x: 2040.000000, y: 0.000000, phi: 0.000000[0m
[0m[ INFO] [1746505066.869119577]: Current - x: 1695.659058, y: -70.582397, phi: 13.159964[0m
[0m[ INFO] [1746505066.869180313]: Error - x: 344.340942, y: 70.582397[0m
[0m[ INFO] [1746505066.869243034]: error_y: 70.582397[0m
[0m[ INFO] [1746505066.869323995]: integral_error_y: 66.277641[0m
[0m[ INFO] [1746505066.869370203]: w: -728.318298[0m
[0m[ INFO] [1746505066.869423036]: Publishing motor command - Left: 3050.744385, Right: 2688.271240[0m
[0m[ INFO] [1746505066.971258102]: Target - x: 2070.000000, y: 0.000000, phi: 0.000000[0m
[0m[ INFO] [1746505066.971432888]: Current - x: 1727.049683, y: -63.719208, phi: 13.540240[0m
[0m[ INFO] [1746505066.971544793]: Error - x: 342.950317, y: 63.719208[0m
[0m[ INFO] [1746505066.971622074]: error_y: 63.719208[0m
[0m[ INFO] [1746505066.971678426]: integral_error_y: 72.649559[0m
[0m[ INFO] [1746505066.971727835]: w: -728.180908[0m
[0m[ INFO] [1746505066.971783387]: Publishing motor command - Left: 3039.121826, Right: 2676.716797[0m
[0m[ INFO] [1746505067.068980707]: Target - x: 2100.000000, y: 0.000000, phi: 0.000000[0m
[0m[ INFO] [1746505067.069082500]: Current - x: 1756.967041, y: -56.707355, phi: 13.601478[0m
[0m[ INFO] [1746505067.069122436]: Error - x: 343.032959, y: 56.707355[0m
[0m[ INFO] [1746505067.069174821]: error_y: 56.707355[0m
[0m[ INFO] [1746505067.069209157]: integral_error_y: 78.320297[0m
[0m[ INFO] [1746505067.069267846]: w: -827.464905[0m
[0m[ INFO] [1746505067.069329478]: Publishing motor command - Left: 3064.516602, Right: 2652.699463[0m
[0m[ INFO] [1746505067.175146220]: Target - x: 2130.000000, y: 0.000000, phi: 0.000000[0m
[0m[ INFO] [1746505067.175592881]: Current - x: 1787.993408, y: -49.157108, phi: 13.875008[0m
[0m[ INFO] [1746505067.175680977]: Error - x: 342.006592, y: 49.157108[0m
[0m[ INFO] [1746505067.175743058]: error_y: 49.157108[0m
[0m[ INFO] [1746505067.175877908]: integral_error_y: 83.236008[0m
[0m[ INFO] [1746505067.176916575]: w: -1010.154785[0m
[0m[ INFO] [1746505067.176990464]: Publishing motor command - Left: 3101.424561, Right: 2598.685303[0m
[0m[ INFO] [1746505067.268734219]: Target - x: 2160.000000, y: 0.000000, phi: 0.000000[0m
[0m[ INFO] [1746505067.268877805]: Current - x: 1819.417480, y: -41.536903, phi: 13.933850[0m
[0m[ INFO] [1746505067.268956558]: Error - x: 340.582520, y: 41.536903[0m
[0m[ INFO] [1746505067.268999982]: error_y: 41.536903[0m
[0m[ INFO] [1746505067.269050863]: integral_error_y: 87.389694[0m
[0m[ INFO] [1746505067.269090671]: w: -1099.932983[0m
[0m[ INFO] [1746505067.269156272]: Publishing motor command - Left: 3111.897705, Right: 2564.477295[0m
[0m[ INFO] [1746505067.374863316]: Target - x: 2190.000000, y: 0.000000, phi: 0.000000[0m
[0m[ INFO] [1746505067.375411834]: Current - x: 1850.835693, y: -33.883568, phi: 13.564514[0m
[0m[ INFO] [1746505067.375533211]: Error - x: 339.164307, y: 33.883568[0m
[0m[ INFO] [1746505067.375618140]: error_y: 33.883568[0m
[0m[ INFO] [1746505067.375705725]: integral_error_y: 90.778053[0m
[0m[ INFO] [1746505067.375756318]: w: -1182.753662[0m
[0m[ INFO] [1746505067.375815486]: Publishing motor command - Left: 3120.688721, Right: 2532.049561[0m
[0m[ INFO] [1746505067.469047994]: Target - x: 2220.000000, y: 0.000000, phi: 0.000000[0m
[0m[ INFO] [1746505067.469161435]: Current - x: 1882.043335, y: -26.216604, phi: 13.302522[0m
[0m[ INFO] [1746505067.469215932]: Error - x: 337.956665, y: 26.216604[0m
[0m[ INFO] [1746505067.469305917]: error_y: 26.216604[0m
[0m[ INFO] [1746505067.469380382]: integral_error_y: 93.399712[0m
[0m[ INFO] [1746505067.469464415]: w: -1261.886597[0m
[0m[ INFO] [1746505067.469512703]: Publishing motor command - Left: 3130.316650, Right: 2502.294434[0m
[0m[ INFO] [1746505067.574557276]: Target - x: 2250.000000, y: 0.000000, phi: 0.000000[0m
[0m[ INFO] [1746505067.574971649]: Current - x: 1912.330078, y: -19.012020, phi: 12.934981[0m
[0m[ INFO] [1746505067.575045825]: Error - x: 337.669922, y: 19.012020[0m
[0m[ INFO] [1746505067.575099202]: error_y: 19.012020[0m
[0m[ INFO] [1746505067.575144546]: integral_error_y: 95.300911[0m
[0m[ INFO] [1746505067.575272004]: w: -1241.266357[0m
[0m[ INFO] [1746505067.575436806]: Publishing motor command - Left: 3122.795898, Right: 2505.036133[0m
[0m[ INFO] [1746505067.669044037]: Target - x: 2280.000000, y: 0.000000, phi: 0.000000[0m
[0m[ INFO] [1746505067.669148167]: Current - x: 1943.446655, y: -11.821856, phi: 12.352155[0m
[0m[ INFO] [1746505067.669217319]: Error - x: 336.553345, y: 11.821856[0m
[0m[ INFO] [1746505067.669255080]: error_y: 11.821856[0m
[0m[ INFO] [1746505067.669304584]: integral_error_y: 96.483093[0m
[0m[ INFO] [1746505067.669338697]: w: -1310.166016[0m
[0m[ INFO] [1746505067.669374825]: Publishing motor command - Left: 3130.636475, Right: 2478.586182[0m
[0m[ INFO] [1746505067.769743571]: Target - x: 2310.000000, y: 0.000000, phi: 0.000000[0m
[0m[ INFO] [1746505067.770345849]: Current - x: 1973.432739, y: -5.094738, phi: 11.771125[0m
[0m[ INFO] [1746505067.770468475]: Error - x: 336.567261, y: 5.094738[0m
[0m[ INFO] [1746505067.770545756]: error_y: 5.094738[0m
[0m[ INFO] [1746505067.770610268]: integral_error_y: 96.992569[0m
[0m[ INFO] [1746505067.770914720]: w: -1284.776978[0m
[0m[ INFO] [1746505067.771054721]: Publishing motor command - Left: 3124.434570, Right: 2485.020020[0m
[0m[ INFO] [1746505067.868911055]: Target - x: 2340.000000, y: 0.000000, phi: 0.000000[0m
[0m[ INFO] [1746505067.869018449]: Current - x: 2004.284668, y: 1.437168, phi: 10.974807[0m
[0m[ INFO] [1746505067.869063505]: Error - x: 335.715332, y: -1.437168[0m
[0m[ INFO] [1746505067.869104113]: error_y: -1.437168[0m
[0m[ INFO] [1746505067.869189554]: integral_error_y: 96.848854[0m
[0m[ INFO] [1746505067.869254131]: w: -1311.067871[0m
[0m[ INFO] [1746505067.869337812]: Publishing motor command - Left: 3123.877197, Right: 2471.378174[0m
[0m[ INFO] [1746505067.975728256]: Target - x: 2370.000000, y: 0.000000, phi: 0.000000[0m
[0m[ INFO] [1746505067.976883884]: Current - x: 2036.001953, y: 7.754940, phi: 9.963202[0m
[0m[ INFO] [1746505067.976966253]: Error - x: 333.998047, y: -7.754940[0m
[0m[ INFO] [1746505067.977021230]: error_y: -7.754940[0m
[0m[ INFO] [1746505067.977066382]: integral_error_y: 96.073357[0m
[0m[ INFO] [1746505067.977124463]: w: -1331.496582[0m
[0m[ INFO] [1746505067.977260752]: Publishing motor command - Left: 3114.650146, Right: 2451.984131[0m
[0m[ INFO] [1746505068.068826874]: Target - x: 2400.000000, y: 0.000000, phi: 0.000000[0m
[0m[ INFO] [1746505068.068923131]: Current - x: 2066.810547, y: 13.477912, phi: 9.060140[0m
[0m[ INFO] [1746505068.068993852]: Error - x: 333.189453, y: -13.477912[0m
[0m[ INFO] [1746505068.069071132]: error_y: -13.477912[0m
[0m[ INFO] [1746505068.069109661]: integral_error_y: 94.725563[0m
[0m[ INFO] [1746505068.069175070]: w: -1269.901001[0m
[0m[ INFO] [1746505068.069232414]: Publishing motor command - Left: 3092.584229, Right: 2460.573242[0m
[0m[ INFO] [1746505068.172853868]: Target - x: 2430.000000, y: 0.000000, phi: 0.000000[0m
[0m[ INFO] [1746505068.172975885]: Current - x: 2097.319092, y: 18.589853, phi: 8.157676[0m
[0m[ INFO] [1746505068.173039406]: Error - x: 332.680908, y: -18.589853[0m
[0m[ INFO] [1746505068.173117774]: error_y: -18.589853[0m
[0m[ INFO] [1746505068.173200815]: integral_error_y: 92.866577[0m
[0m[ INFO] [1746505068.173326897]: w: -1199.000244[0m
[0m[ INFO] [1746505068.173441842]: Publishing motor command - Left: 3070.703125, Right: 2473.978516[0m
[0m[ INFO] [1746505068.268936038]: Target - x: 2460.000000, y: 0.000000, phi: 0.000000[0m
[0m[ INFO] [1746505068.269050152]: Current - x: 2128.107910, y: 23.221630, phi: 7.147868[0m
[0m[ INFO] [1746505068.269147209]: Error - x: 331.892090, y: -23.221630[0m
[0m[ INFO] [1746505068.269221225]: error_y: -23.221630[0m
[0m[ INFO] [1746505068.269271018]: integral_error_y: 90.544411[0m
[0m[ INFO] [1746505068.269316235]: w: -1149.517212[0m
[0m[ INFO] [1746505068.269378987]: Publishing motor command - Left: 3051.816406, Right: 2479.718750[0m
[0m[ INFO] [1746505068.369023757]: Target - x: 2490.000000, y: 0.000000, phi: 0.000000[0m
[0m[ INFO] [1746505068.369147662]: Current - x: 2158.965820, y: 27.367897, phi: 6.138060[0m
[0m[ INFO] [1746505068.369211567]: Error - x: 331.034180, y: -27.367897[0m
[0m[ INFO] [1746505068.369286960]: error_y: -27.367897[0m
[0m[ INFO] [1746505068.369412113]: integral_error_y: 87.807617[0m
[0m[ INFO] [1746505068.369464978]: w: -1094.151611[0m
[0m[ INFO] [1746505068.369562579]: Publishing motor command - Left: 3030.889648, Right: 2486.346680[0m
[0m[ INFO] [1746505068.468717583]: Target - x: 2520.000000, y: 0.000000, phi: 0.000000[0m
[0m[ INFO] [1746505068.468865393]: Current - x: 2189.297607, y: 30.871960, phi: 5.022105[0m
[0m[ INFO] [1746505068.468961458]: Error - x: 330.702393, y: -30.871960[0m
[0m[ INFO] [1746505068.469016051]: error_y: -30.871960[0m
[0m[ INFO] [1746505068.469095923]: integral_error_y: 84.720421[0m
[0m[ INFO] [1746505068.469160660]: w: -1001.060059[0m
[0m[ INFO] [1746505068.469281749]: Publishing motor command - Left: 3004.959717, Right: 2506.746826[0m
[0m[ INFO] [1746505068.569979235]: Target - x: 2550.000000, y: 0.000000, phi: 0.000000[0m
[0m[ INFO] [1746505068.570176261]: Current - x: 2220.282471, y: 33.928165, phi: 4.012297[0m
[0m[ INFO] [1746505068.570290406]: Error - x: 329.717529, y: -33.928165[0m
[0m[ INFO] [1746505068.570369319]: error_y: -33.928165[0m
[0m[ INFO] [1746505068.570434184]: integral_error_y: 81.327606[0m
[0m[ INFO] [1746505068.570506921]: w: -942.390076[0m
[0m[ INFO] [1746505068.571077103]: Publishing motor command - Left: 2982.153076, Right: 2513.139404[0m
[0m[ INFO] [1746505068.668948285]: Target - x: 2580.000000, y: 0.000000, phi: 0.000000[0m
[0m[ INFO] [1746505068.669071743]: Current - x: 2251.332275, y: 36.264507, phi: 2.574310[0m
[0m[ INFO] [1746505068.669117471]: Error - x: 328.667725, y: -36.264507[0m
[0m[ INFO] [1746505068.669169472]: error_y: -36.264507[0m
[0m[ INFO] [1746505068.669361730]: integral_error_y: 77.701157[0m
[0m[ INFO] [1746505068.669396770]: w: -822.143311[0m
[0m[ INFO] [1746505068.669431906]: Publishing motor command - Left: 2943.482178, Right: 2534.313477[0m
[0m[ INFO] [1746505068.768544734]: Target - x: 2610.000000, y: 0.000000, phi: 0.000000[0m
[0m[ INFO] [1746505068.768678528]: Current - x: 2283.008301, y: 38.235451, phi: 1.670648[0m
[0m[ INFO] [1746505068.768746593]: Error - x: 326.991699, y: -38.235451[0m
[0m[ INFO] [1746505068.768787233]: error_y: -38.235451[0m
[0m[ INFO] [1746505068.768822017]: integral_error_y: 73.877609[0m
[0m[ INFO] [1746505068.768854242]: w: -769.155457[0m
[0m[ INFO] [1746505068.768889954]: Publishing motor command - Left: 2916.329346, Right: 2533.532227[0m
[0m[ INFO] [1746505068.868668005]: Target - x: 2640.000000, y: 0.000000, phi: 0.000000[0m
[0m[ INFO] [1746505068.868792903]: Current - x: 2313.114990, y: 39.408195, phi: 0.983471[0m
[0m[ INFO] [1746505068.868877064]: Error - x: 326.885010, y: -39.408195[0m
[0m[ INFO] [1746505068.868914888]: error_y: -39.408195[0m
[0m[ INFO] [1746505068.868949321]: integral_error_y: 69.936790[0m
[0m[ INFO] [1746505068.868981097]: w: -621.637268[0m
[0m[ INFO] [1746505068.869017481]: Publishing motor command - Left: 2878.731445, Right: 2569.351807[0m
[0m[ INFO] [1746505068.973292286]: Target - x: 2670.000000, y: 0.000000, phi: 0.000000[0m
[0m[ INFO] [1746505068.973417727]: Current - x: 2343.238525, y: 40.049725, phi: 0.082204[0m
[0m[ INFO] [1746505068.973479680]: Error - x: 326.761475, y: -40.049725[0m
[0m[ INFO] [1746505068.973524736]: error_y: -40.049725[0m
[0m[ INFO] [1746505068.973561601]: integral_error_y: 65.931816[0m
[0m[ INFO] [1746505068.973595233]: w: -522.209900[0m
[0m[ INFO] [1746505068.973631233]: Publishing motor command - Left: 2852.960205, Right: 2593.064209[0m
[0m[ INFO] [1746505069.068831923]: Target - x: 2700.000000, y: 0.000000, phi: 0.000000[0m
[0m[ INFO] [1746505069.068993620]: Current - x: 2373.567871, y: 40.360043, phi: -0.712317[0m
[0m[ INFO] [1746505069.069070933]: Error - x: 326.432129, y: -40.360043[0m
[0m[ INFO] [1746505069.069145686]: error_y: -40.360043[0m
[0m[ INFO] [1746505069.069216471]: integral_error_y: 61.895813[0m
[0m[ INFO] [1746505069.069264663]: w: -459.474457[0m
[0m[ INFO] [1746505069.069328728]: Publishing motor command - Left: 2834.604492, Right: 2605.930908[0m
[0m[ INFO] [1746505069.174209075]: Target - x: 2730.000000, y: 0.000000, phi: 0.000000[0m
[0m[ INFO] [1746505069.174338548]: Current - x: 2404.099365, y: 40.163555, phi: -1.614181[0m
[0m[ INFO] [1746505069.174403669]: Error - x: 325.900635, y: -40.163555[0m
[0m[ INFO] [1746505069.174439094]: error_y: -40.163555[0m
[0m[ INFO] [1746505069.174472886]: integral_error_y: 57.879456[0m
[0m[ INFO] [1746505069.174506230]: w: -356.550140[0m
[0m[ INFO] [1746505069.174542295]: Publishing motor command - Left: 2804.563477, Right: 2627.113525[0m
[0m[ INFO] [1746505069.268799325]: Target - x: 2760.000000, y: 0.000000, phi: 0.000000[0m
[0m[ INFO] [1746505069.268897215]: Current - x: 2433.822021, y: 39.671436, phi: -2.086670[0m
[0m[ INFO] [1746505069.268939967]: Error - x: 326.177979, y: -39.671436[0m
[0m[ INFO] [1746505069.268991072]: error_y: -39.671436[0m
[0m[ INFO] [1746505069.269030752]: integral_error_y: 53.912312[0m
[0m[ INFO] [1746505069.269070912]: w: -292.899353[0m
[0m[ INFO] [1746505069.269176770]: Publishing motor command - Left: 2791.035400, Right: 2645.263916[0m
[0m[ INFO] [1746505069.373833274]: Target - x: 2790.000000, y: 0.000000, phi: 0.000000[0m
[0m[ INFO] [1746505069.373960252]: Current - x: 2463.732666, y: 38.621109, phi: -2.880593[0m
[0m[ INFO] [1746505069.374030204]: Error - x: 326.267334, y: -38.621109[0m
[0m[ INFO] [1746505069.374141982]: error_y: -38.621109[0m
[0m[ INFO] [1746505069.374185182]: integral_error_y: 50.050201[0m
[0m[ INFO] [1746505069.374218462]: w: -171.140610[0m
[0m[ INFO] [1746505069.374254719]: Publishing motor command - Left: 2761.481689, Right: 2676.307373[0m
[0m[ INFO] [1746505069.468847945]: Target - x: 2820.000000, y: 0.000000, phi: 0.000000[0m
[0m[ INFO] [1746505069.468950218]: Current - x: 2494.838867, y: 37.329613, phi: -3.462222[0m
[0m[ INFO] [1746505069.468992491]: Error - x: 325.161133, y: -37.329613[0m
[0m[ INFO] [1746505069.469028939]: error_y: -37.329613[0m
[0m[ INFO] [1746505069.469064236]: integral_error_y: 46.317242[0m
[0m[ INFO] [1746505069.469095468]: w: -110.365166[0m
[0m[ INFO] [1746505069.469137740]: Publishing motor command - Left: 2737.139648, Right: 2682.212646[0m
[0m[ INFO] [1746505069.607349012]: Target - x: 2850.000000, y: 0.000000, phi: 0.000000[0m
[0m[ INFO] [1746505069.607465397]: Current - x: 2524.721191, y: 35.674366, phi: -4.042054[0m
[0m[ INFO] [1746505069.607531062]: Error - x: 325.278809, y: -35.674366[0m
[0m[ INFO] [1746505069.607584183]: error_y: -35.674366[0m
[0m[ INFO] [1746505069.607618231]: integral_error_y: 42.749805[0m
[0m[ INFO] [1746505069.607650359]: w: -21.419325[0m
[0m[ INFO] [1746505069.607693848]: Publishing motor command - Left: 2715.986816, Right: 2705.326660[0m
[0m[ INFO] [1746505069.668725299]: Target - x: 2880.000000, y: 0.000000, phi: 0.000000[0m
[0m[ INFO] [1746505069.668822004]: Current - x: 2554.385742, y: 33.756836, phi: -4.514543[0m
[0m[ INFO] [1746505069.668862933]: Error - x: 325.614258, y: -33.756836[0m
[0m[ INFO] [1746505069.668899989]: error_y: -33.756836[0m
[0m[ INFO] [1746505069.668944470]: integral_error_y: 39.374123[0m
[0m[ INFO] [1746505069.669009238]: w: 49.875065[0m
[0m[ INFO] [1746505069.669082551]: Publishing motor command - Left: 2701.041260, Right: 2725.863037[0m
[0m[ INFO] [1746505069.774904156]: Target - x: 2910.000000, y: 0.000000, phi: 0.000000[0m
[0m[ INFO] [1746505069.774994749]: Current - x: 2585.029541, y: 31.435215, phi: -5.095573[0m
[0m[ INFO] [1746505069.775034846]: Error - x: 324.970459, y: -31.435215[0m
[0m[ INFO] [1746505069.775072766]: error_y: -31.435215[0m
[0m[ INFO] [1746505069.775116831]: integral_error_y: 36.230602[0m
[0m[ INFO] [1746505069.775207584]: w: 153.595108[0m
[0m[ INFO] [1746505069.775275040]: Publishing motor command - Left: 2669.866211, Right: 2746.308350[0m
[0m[ INFO] [1746505069.868789631]: Target - x: 2940.000000, y: 0.000000, phi: 0.000000[0m
[0m[ INFO] [1746505069.868888992]: Current - x: 2614.246582, y: 28.897245, phi: -5.995642[0m
[0m[ INFO] [1746505069.868936993]: Error - x: 325.753418, y: -28.897245[0m
[0m[ INFO] [1746505069.869018242]: error_y: -28.897245[0m
[0m[ INFO] [1746505069.869101923]: integral_error_y: 33.340878[0m
[0m[ INFO] [1746505069.869193828]: w: 221.955582[0m
[0m[ INFO] [1746505069.869255524]: Publishing motor command - Left: 2659.379883, Right: 2769.843750[0m
[0m[ INFO] [1746505069.974736806]: Target - x: 2970.000000, y: 0.000000, phi: 0.000000[0m
[0m[ INFO] [1746505069.975198635]: Current - x: 2644.846436, y: 26.069864, phi: -6.362584[0m
[0m[ INFO] [1746505069.975356525]: Error - x: 325.153564, y: -26.069864[0m
[0m[ INFO] [1746505069.975452334]: error_y: -26.069864[0m
[0m[ INFO] [1746505069.975500590]: integral_error_y: 30.733891[0m
[0m[ INFO] [1746505069.975558671]: w: 307.850952[0m
[0m[ INFO] [1746505069.975627664]: Publishing motor command - Left: 2633.006592, Right: 2786.219482[0m
[0m[ INFO] [1746505070.068761770]: Target - x: 3000.000000, y: 0.000000, phi: 0.000000[0m
[0m[ INFO] [1746505070.068887436]: Current - x: 2674.604492, y: 22.904648, phi: -6.514238[0m
[0m[ INFO] [1746505070.069006989]: Error - x: 325.395508, y: -22.904648[0m
[0m[ INFO] [1746505070.069084878]: error_y: -22.904648[0m
[0m[ INFO] [1746505070.069134926]: integral_error_y: 28.443426[0m
[0m[ INFO] [1746505070.069188943]: w: 406.841125[0m
[0m[ INFO] [1746505070.069229423]: Publishing motor command - Left: 2610.389893, Right: 2812.868408[0m
[0m[ INFO] [1746505070.174431342]: Target - x: 3000.000000, y: 0.000000, phi: 0.000000[0m
[0m[ INFO] [1746505070.174757425]: Current - x: 2703.937256, y: 19.539181, phi: -6.879383[0m
[0m[ INFO] [1746505070.174851090]: Error - x: 296.062744, y: -19.539181[0m
[0m[ INFO] [1746505070.176012255]: Publishing motor command - Left: -530.683899, Right: 530.683899[0m
[0m[ INFO] [1746505070.268703061]: Target - x: 3000.000000, y: 0.000000, phi: 0.000000[0m
[0m[ INFO] [1746505070.268822422]: Current - x: 2734.064209, y: 16.058495, phi: -7.031636[0m
[0m[ INFO] [1746505070.268900695]: Error - x: 265.935791, y: -16.058495[0m
[0m[ INFO] [1746505070.268959160]: Publishing motor command - Left: -114.458008, Right: 114.458008[0m
[0m[ INFO] [1746505070.369851047]: Target - x: 3000.000000, y: 0.000000, phi: 0.000000[0m
[0m[ INFO] [1746505070.370465870]: Current - x: 2733.578369, y: 16.048748, phi: 9.025668[0m
[0m[ INFO] [1746505070.370581263]: Error - x: 266.421631, y: -16.048748[0m
[0m[ INFO] [1746505070.370693840]: Publishing motor command - Left: 1133.693726, Right: -1133.693726[0m
[0m[ INFO] [1746505070.468973507]: Target - x: 3000.000000, y: 0.000000, phi: 0.000000[0m
[0m[ INFO] [1746505070.469151109]: Current - x: 2759.888916, y: 12.794278, phi: 8.986149[0m
[0m[ INFO] [1746505070.469263462]: Error - x: 240.111084, y: -12.794278[0m
[0m[ INFO] [1746505070.469365991]: Publishing motor command - Left: 131.709686, Right: -131.709686[0m
[0m[ INFO] [1746505070.574739944]: Target - x: 3000.000000, y: 0.000000, phi: 0.000000[0m
[0m[ INFO] [1746505070.575072875]: Current - x: 2775.584473, y: 15.149032, phi: 7.999094[0m
[0m[ INFO] [1746505070.575220141]: Error - x: 224.415527, y: -15.149032[0m
[0m[ INFO] [1746505070.575353422]: Publishing motor command - Left: 58.025646, Right: -58.025646[0m
[0m[ INFO] [1746505070.668640138]: Target - x: 3000.000000, y: 0.000000, phi: 0.000000[0m
[0m[ INFO] [1746505070.668761580]: Current - x: 2785.151367, y: 16.441580, phi: 5.415651[0m
[0m[ INFO] [1746505070.668825420]: Error - x: 214.848633, y: -16.441580[0m
[0m[ INFO] [1746505070.668900173]: Publishing motor command - Left: -79.858994, Right: 79.858994[0m
[0m[ INFO] [1746505070.774377839]: Target - x: 3000.000000, y: 0.000000, phi: 0.000000[0m
[0m[ INFO] [1746505070.774706738]: Current - x: 2791.750977, y: 17.199226, phi: 2.515565[0m
[0m[ INFO] [1746505070.774867124]: Error - x: 208.249023, y: -17.199226[0m
[0m[ INFO] [1746505070.774981461]: Publishing motor command - Left: -142.857483, Right: 142.857483[0m
[0m[ INFO] [1746505070.869020154]: Target - x: 3000.000000, y: 0.000000, phi: 0.000000[0m
[0m[ INFO] [1746505070.869166299]: Current - x: 2800.173340, y: 17.838257, phi: 0.362097[0m
[0m[ INFO] [1746505070.869246748]: Error - x: 199.826660, y: -17.838257[0m
[0m[ INFO] [1746505070.869315101]: Publishing motor command - Left: -128.562363, Right: 128.562363[0m
[0m[ INFO] [1746505070.968455001]: Target - x: 3000.000000, y: 0.000000, phi: 0.000000[0m
[0m[ INFO] [1746505070.968589179]: Current - x: 2809.213867, y: 18.124430, phi: -1.042957[0m
[0m[ INFO] [1746505070.968684988]: Error - x: 190.786133, y: -18.124430[0m
[0m[ INFO] [1746505070.968791773]: Publishing motor command - Left: -102.981239, Right: 102.981239[0m
[0m[ INFO] [1746505071.069108614]: Target - x: 3000.000000, y: 0.000000, phi: 0.000000[0m
[0m[ INFO] [1746505071.069241575]: Current - x: 2819.059082, y: 18.121010, phi: -1.806940[0m
[0m[ INFO] [1746505071.069364777]: Error - x: 180.940918, y: -18.121010[0m
[0m[ INFO] [1746505071.069485322]: Publishing motor command - Left: -74.506508, Right: 74.506508[0m
[0m[ INFO] [1746505071.174372453]: Target - x: 3000.000000, y: 0.000000, phi: 0.000000[0m
[0m[ INFO] [1746505071.174845098]: Current - x: 2829.902588, y: 17.922073, phi: -1.823107[0m
[0m[ INFO] [1746505071.175021164]: Error - x: 170.097412, y: -17.922073[0m
[0m[ INFO] [1746505071.175101645]: Publishing motor command - Left: -28.225769, Right: 28.225769[0m
[0m[ INFO] [1746505071.268807342]: Target - x: 3000.000000, y: 0.000000, phi: 0.000000[0m
[0m[ INFO] [1746505071.268907983]: Current - x: 2840.742920, y: 17.558279, phi: -2.053364[0m
[0m[ INFO] [1746505071.268948175]: Error - x: 159.257080, y: -17.558279[0m
[0m[ INFO] [1746505071.269030672]: Publishing motor command - Left: -44.982285, Right: 44.982285[0m
[0m[ INFO] [1746505071.368694002]: Target - x: 3000.000000, y: 0.000000, phi: 0.000000[0m
[0m[ INFO] [1746505071.368794515]: Current - x: 2850.579834, y: 17.216312, phi: -2.389168[0m
[0m[ INFO] [1746505071.368835828]: Error - x: 149.420166, y: -17.216312[0m
[0m[ INFO] [1746505071.368921397]: Publishing motor command - Left: -56.562225, Right: 56.562225[0m
[0m[ INFO] [1746505071.468831865]: Target - x: 3000.000000, y: 0.000000, phi: 0.000000[0m
[0m[ INFO] [1746505071.468940826]: Current - x: 2860.013672, y: 16.868101, phi: -2.510284[0m
[0m[ INFO] [1746505071.468986331]: Error - x: 139.986328, y: -16.868101[0m
[0m[ INFO] [1746505071.469074268]: Publishing motor command - Left: -45.014660, Right: 45.014660[0m
[0m[ INFO] [1746505071.569386469]: Target - x: 3000.000000, y: 0.000000, phi: 0.000000[0m
[0m[ INFO] [1746505071.569519334]: Current - x: 2869.043945, y: 16.464903, phi: -2.844891[0m
[0m[ INFO] [1746505071.569625224]: Error - x: 130.956055, y: -16.464903[0m
[0m[ INFO] [1746505071.569763945]: Publishing motor command - Left: -63.291904, Right: 63.291904[0m
[0m[ INFO] [1746505071.668892261]: Target - x: 3000.000000, y: 0.000000, phi: 0.000000[0m
[0m[ INFO] [1746505071.669074279]: Current - x: 2877.471680, y: 16.078728, phi: -3.071555[0m
[0m[ INFO] [1746505071.669189032]: Error - x: 122.528320, y: -16.078728[0m
[0m[ INFO] [1746505071.669279497]: Publishing motor command - Left: -59.960926, Right: 59.960926[0m
[0m[ INFO] [1746505071.769300751]: Target - x: 3000.000000, y: 0.000000, phi: 0.000000[0m
[0m[ INFO] [1746505071.769440017]: Current - x: 2885.495605, y: 15.664115, phi: -3.297620[0m
[0m[ INFO] [1746505071.769978583]: Error - x: 114.504395, y: -15.664115[0m
[0m[ INFO] [1746505071.770223385]: Publishing motor command - Left: -63.298985, Right: 63.298985[0m
[0m[ INFO] [1746505071.869278676]: Target - x: 3000.000000, y: 0.000000, phi: 0.000000[0m
[0m[ INFO] [1746505071.869450870]: Current - x: 2893.317383, y: 15.236277, phi: -3.416341[0m
[0m[ INFO] [1746505071.869566200]: Error - x: 106.682617, y: -15.236277[0m
[0m[ INFO] [1746505071.869661593]: Publishing motor command - Left: -58.393589, Right: 58.393589[0m
[0m[ INFO] [1746505071.971420849]: Target - x: 3000.000000, y: 0.000000, phi: 0.000000[0m
[0m[ INFO] [1746505071.971608628]: Current - x: 2900.135010, y: 14.830072, phi: -3.640610[0m
[0m[ INFO] [1746505071.971730549]: Error - x: 99.864990, y: -14.830072[0m
[0m[ INFO] [1746505071.971827574]: Publishing motor command - Left: -68.308220, Right: 68.308220[0m
[0m[ INFO] [1746505072.069551203]: Target - x: 3000.000000, y: 0.000000, phi: 0.000000[0m
[0m[ INFO] [1746505072.069799045]: Current - x: 2907.552979, y: 14.379565, phi: -3.758732[0m
[0m[ INFO] [1746505072.069980295]: Error - x: 92.447021, y: -14.379565[0m
[0m[ INFO] [1746505072.070079784]: Publishing motor command - Left: -63.468430, Right: 63.468430[0m
[0m[ INFO] [1746505072.174421757]: Target - x: 3000.000000, y: 0.000000, phi: 0.000000[0m
[0m[ INFO] [1746505072.174871074]: Current - x: 2914.167480, y: 13.951933, phi: -3.875657[0m
[0m[ INFO] [1746505072.175028452]: Error - x: 85.832520, y: -13.951933[0m
[0m[ INFO] [1746505072.175152197]: Publishing motor command - Left: -65.139664, Right: 65.139664[0m
[0m[ INFO] [1746505072.273863325]: Target - x: 3000.000000, y: 0.000000, phi: 0.000000[0m
[0m[ INFO] [1746505072.274011422]: Current - x: 2920.179688, y: 13.556478, phi: -3.884638[0m
[0m[ INFO] [1746505072.274163424]: Error - x: 79.820312, y: -13.556478[0m
[0m[ INFO] [1746505072.274240257]: Publishing motor command - Left: -58.558567, Right: 58.558567[0m
[0m[ INFO] [1746505072.369115822]: Target - x: 3000.000000, y: 0.000000, phi: 0.000000[0m
[0m[ INFO] [1746505072.369291344]: Current - x: 2925.990723, y: 13.156894, phi: -4.000365[0m
[0m[ INFO] [1746505072.369409074]: Error - x: 74.009277, y: -13.156894[0m
[0m[ INFO] [1746505072.369473618]: Publishing motor command - Left: -66.927132, Right: 66.927132[0m
[0m[ INFO] [1746505072.468868081]: Target - x: 3000.000000, y: 0.000000, phi: 0.000000[0m
[0m[ INFO] [1746505072.468962962]: Current - x: 2931.601318, y: 12.775501, phi: -4.008749[0m
[0m[ INFO] [1746505072.469004787]: Error - x: 68.398682, y: -12.775501[0m
[0m[ INFO] [1746505072.469081972]: Publishing motor command - Left: -60.374378, Right: 60.374378[0m
[0m[ INFO] [1746505072.575049914]: Target - x: 3000.000000, y: 0.000000, phi: 0.000000[0m
[0m[ INFO] [1746505072.575519040]: Current - x: 2937.010986, y: 12.391725, phi: -4.123877[0m
[0m[ INFO] [1746505072.575630977]: Error - x: 62.989014, y: -12.391725[0m
[0m[ INFO] [1746505072.575711874]: Publishing motor command - Left: -68.733963, Right: 68.733963[0m
[0m[ INFO] [1746505072.668855932]: Target - x: 3000.000000, y: 0.000000, phi: 0.000000[0m
[0m[ INFO] [1746505072.668987198]: Current - x: 2941.619385, y: 12.064172, phi: -4.237807[0m
[0m[ INFO] [1746505072.669067519]: Error - x: 58.380615, y: -12.064172[0m
[0m[ INFO] [1746505072.669110303]: Publishing motor command - Left: -70.360527, Right: 70.360527[0m
[0m[ INFO] [1746505072.775988112]: Target - x: 3000.000000, y: 0.000000, phi: 0.000000[0m
[0m[ INFO] [1746505072.776394836]: Current - x: 2946.427002, y: 11.717237, phi: -4.244993[0m
[0m[ INFO] [1746505072.776580854]: Error - x: 53.572998, y: -11.717237[0m
[0m[ INFO] [1746505072.776768280]: Publishing motor command - Left: -63.827122, Right: 63.827122[0m
[0m[ INFO] [1746505072.868725510]: Target - x: 3000.000000, y: 0.000000, phi: 0.000000[0m
[0m[ INFO] [1746505072.868832551]: Current - x: 2951.233887, y: 11.360744, phi: -4.252178[0m
[0m[ INFO] [1746505072.868905192]: Error - x: 48.766113, y: -11.360744[0m
[0m[ INFO] [1746505072.868965097]: Publishing motor command - Left: -63.934402, Right: 63.934402[0m
[0m[ INFO] [1746505072.976473664]: Target - x: 3000.000000, y: 0.000000, phi: 0.000000[0m
[0m[ INFO] [1746505072.976842276]: Current - x: 2955.440186, y: 11.044346, phi: -4.365510[0m
[0m[ INFO] [1746505072.976914885]: Error - x: 44.559814, y: -11.044346[0m
[0m[ INFO] [1746505072.976988390]: Publishing motor command - Left: -72.229942, Right: 72.229942[0m
[0m[ INFO] [1746505073.069022196]: Target - x: 3000.000000, y: 0.000000, phi: 0.000000[0m
[0m[ INFO] [1746505073.069144502]: Current - x: 2959.645996, y: 10.735362, phi: -4.264752[0m
[0m[ INFO] [1746505073.069194998]: Error - x: 40.354004, y: -10.735362[0m
[0m[ INFO] [1746505073.069243191]: Publishing motor command - Left: -57.406933, Right: 57.406933[0m
[0m[ INFO] [1746505073.174377108]: Target - x: 3000.000000, y: 0.000000, phi: 0.000000[0m
[0m[ INFO] [1746505073.174742264]: Current - x: 2963.450684, y: 10.448303, phi: -4.163396[0m
[0m[ INFO] [1746505073.174827033]: Error - x: 36.549316, y: -10.448303[0m
[0m[ INFO] [1746505073.174897338]: Publishing motor command - Left: -55.856403, Right: 55.856403[0m
[0m[ INFO] [1746505073.268876382]: Target - x: 3000.000000, y: 0.000000, phi: 0.000000[0m
[0m[ INFO] [1746505073.268999679]: Current - x: 2967.256348, y: 10.160742, phi: -4.276129[0m
[0m[ INFO] [1746505073.269086848]: Error - x: 32.743652, y: -10.160742[0m
[0m[ INFO] [1746505073.269198145]: Publishing motor command - Left: -70.858177, Right: 70.858177[0m
[0m[ INFO] [1746505073.375073799]: Target - x: 3000.000000, y: 0.000000, phi: 0.000000[0m
[0m[ INFO] [1746505073.375510732]: Current - x: 2970.661133, y: 9.915931, phi: -4.174174[0m
[0m[ INFO] [1746505073.375636493]: Error - x: 29.338867, y: -9.915931[0m
[0m[ INFO] [1746505073.375718414]: Publishing motor command - Left: -55.980061, Right: 55.980061[0m
[0m[ INFO] [1746505073.468755719]: Target - x: 3000.000000, y: 0.000000, phi: 0.000000[0m
[0m[ INFO] [1746505073.468853576]: Current - x: 2973.865723, y: 9.676192, phi: -4.178965[0m
[0m[ INFO] [1746505073.468891017]: Error - x: 26.134277, y: -9.676192[0m
[0m[ INFO] [1746505073.468944969]: Publishing motor command - Left: -62.692276, Right: 62.692276[0m
[0m[ INFO] [1746505073.573356703]: Target - x: 3000.000000, y: 0.000000, phi: 0.000000[0m
[0m[ INFO] [1746505073.573596706]: Current - x: 2977.271240, y: 9.424297, phi: -4.291099[0m
[0m[ INFO] [1746505073.573664387]: Error - x: 22.728760, y: -9.424297[0m
[0m[ INFO] [1746505073.573729539]: Publishing motor command - Left: -71.044456, Right: 71.044456[0m
[0m[ INFO] [1746505073.668622353]: Target - x: 3000.000000, y: 0.000000, phi: 0.000000[0m
[0m[ INFO] [1746505073.668744594]: Current - x: 2980.676025, y: 9.178561, phi: -4.189144[0m
[0m[ INFO] [1746505073.668786931]: Error - x: 19.323975, y: -9.178561[0m
[0m[ INFO] [1746505073.668830291]: Publishing motor command - Left: -56.203571, Right: 56.203571[0m
[0m[ INFO] [1746505073.774514423]: Target - x: 3000.000000, y: 0.000000, phi: 0.000000[0m
[0m[ INFO] [1746505073.774964828]: Current - x: 2983.679932, y: 8.955877, phi: -4.086590[0m
[0m[ INFO] [1746505073.775083581]: Error - x: 16.320068, y: -8.955877[0m
[0m[ INFO] [1746505073.775234303]: Publishing motor command - Left: -54.635128, Right: 54.635128[0m
[0m[ INFO] [1746505073.868446074]: Target - x: 3000.000000, y: 0.000000, phi: 0.000000[0m
[0m[ INFO] [1746505073.868568955]: Current - x: 2986.083496, y: 8.779747, phi: -4.090183[0m
[0m[ INFO] [1746505073.868640604]: Error - x: 13.916504, y: -8.779747[0m
[0m[ INFO] [1746505073.868696445]: Publishing motor command - Left: -61.292194, Right: 61.292194[0m
[0m[ INFO] [1746505073.968707746]: Target - x: 3000.000000, y: 0.000000, phi: 0.000000[0m
[0m[ INFO] [1746505073.968824612]: Current - x: 2988.688232, y: 8.591121, phi: -4.201119[0m
[0m[ INFO] [1746505073.968867396]: Error - x: 11.311768, y: -8.591121[0m
[0m[ INFO] [1746505073.968942981]: Publishing motor command - Left: -69.626495, Right: 69.626495[0m
[0m[ INFO] [1746505074.068697672]: Target - x: 3000.000000, y: 0.000000, phi: 0.000000[0m
[0m[ INFO] [1746505074.068813609]: Current - x: 2991.292236, y: 8.407276, phi: -4.097967[0m
[0m[ INFO] [1746505074.068867210]: Error - x: 8.707764, y: -8.407276[0m
[0m[ INFO] [1746505074.068920746]: Publishing motor command - Left: -54.767761, Right: 54.767761[0m
[0m[ INFO] [1746505074.175888508]: Target - x: 3000.000000, y: 0.000000, phi: 0.000000[0m
[0m[ INFO] [1746505074.176298336]: Current - x: 2993.295166, y: 8.260093, phi: -4.100961[0m
[0m[ INFO] [1746505074.176409986]: Error - x: 6.704834, y: -8.260093[0m
[0m[ INFO] [1746505074.176564963]: Publishing motor command - Left: -61.415863, Right: 61.415863[0m
[0m[ INFO] [1746505074.269061495]: Target - x: 3000.000000, y: 0.000000, phi: 0.000000[0m
[0m[ INFO] [1746505074.269187960]: Current - x: 2995.498291, y: 8.104250, phi: -3.997210[0m
[0m[ INFO] [1746505074.269231065]: Error - x: 4.501709, y: -8.104250[0m
[0m[ INFO] [1746505074.269312761]: Publishing motor command - Left: -53.226139, Right: 53.226139[0m
[0m[ INFO] [1746505074.369042172]: Target - x: 3000.000000, y: 0.000000, phi: 0.000000[0m
[0m[ INFO] [1746505074.369203166]: Current - x: 2997.501465, y: 7.960569, phi: -4.000204[0m
[0m[ INFO] [1746505074.369302559]: Error - x: 2.498535, y: -7.960569[0m
[0m[ INFO] [1746505074.369385024]: Publishing motor command - Left: -59.911533, Right: 59.911533[0m
[0m[ INFO] [1746505074.468768671]: Target - x: 3000.000000, y: 0.000000, phi: 0.000000[0m
[0m[ INFO] [1746505074.468936384]: Current - x: 2999.304199, y: 7.836248, phi: -3.895853[0m
[0m[ INFO] [1746505074.468976737]: Error - x: 0.695801, y: -7.836248[0m
[0m[ INFO] [1746505074.469228292]: Publishing motor command - Left: -51.675552, Right: 51.675552[0m
[0m[ INFO] [1746505074.608348821]: Target - x: 3000.000000, y: 0.000000, phi: 0.000000[0m
[0m[ INFO] [1746505074.608455958]: Current - x: 3001.307861, y: 7.696089, phi: -3.898847[0m
[0m[ INFO] [1746505074.608497846]: Error - x: -1.307861, y: -7.696089[0m
[0m[ INFO] [1746505074.608582871]: Publishing motor command - Left: -58.398209, Right: 58.398209[0m
[0m[ INFO] [1746505074.668780458]: Target - x: 3000.000000, y: 0.000000, phi: 0.000000[0m
[0m[ INFO] [1746505074.668929163]: Current - x: 3003.311523, y: 7.559580, phi: -3.901841[0m
[0m[ INFO] [1746505074.669171758]: Error - x: -3.311523, y: -7.559580[0m
[0m[ INFO] [1746505074.669251631]: Publishing motor command - Left: -58.442928, Right: 58.442928[0m
[0m[ INFO] [1746505074.768938257]: Target - x: 3000.000000, y: 0.000000, phi: 0.000000[0m
[0m[ INFO] [1746505074.769111475]: Current - x: 3005.114502, y: 7.438354, phi: -3.797491[0m
[0m[ INFO] [1746505074.769214324]: Error - x: -5.114502, y: -7.438354[0m
[0m[ INFO] [1746505074.769305589]: Publishing motor command - Left: -50.206966, Right: 50.206966[0m
[0m[ INFO] [1746505074.868758164]: Target - x: 3000.000000, y: 0.000000, phi: 0.000000[0m
[0m[ INFO] [1746505074.868871382]: Current - x: 3006.517578, y: 7.341313, phi: -3.906631[0m
[0m[ INFO] [1746505074.868912982]: Error - x: -6.517578, y: -7.341313[0m
[0m[ INFO] [1746505074.868954678]: Publishing motor command - Left: -65.117882, Right: 65.117882[0m
[0m[ INFO] [1746505074.974068948]: Target - x: 3000.000000, y: 0.000000, phi: 0.000000[0m
[0m[ INFO] [1746505074.974591290]: Current - x: 3007.919922, y: 7.249523, phi: -3.801682[0m
[0m[ INFO] [1746505074.974726139]: Error - x: -7.919922, y: -7.249523[0m
[0m[ INFO] [1746505074.974804188]: Publishing motor command - Left: -50.232296, Right: 50.232296[0m
[0m[ INFO] [1746505075.069144259]: Target - x: 3000.000000, y: 0.000000, phi: 0.000000[0m
[0m[ INFO] [1746505075.069262821]: Current - x: 3009.522949, y: 7.140022, phi: -3.804078[0m
[0m[ INFO] [1746505075.069310757]: Error - x: -9.522949, y: -7.140022[0m
[0m[ INFO] [1746505075.069420999]: Publishing motor command - Left: -56.945999, Right: 56.945999[0m
[0m[ INFO] [1746505075.175245900]: Target - x: 3000.000000, y: 0.000000, phi: 0.000000[0m
[0m[ INFO] [1746505075.175780369]: Current - x: 3011.125977, y: 7.033458, phi: -3.806473[0m
[0m[ INFO] [1746505075.175890131]: Error - x: -11.125977, y: -7.033458[0m
[0m[ INFO] [1746505075.176054164]: Publishing motor command - Left: -56.981762, Right: 56.981762[0m
[0m[ INFO] [1746505075.269218351]: Target - x: 3000.000000, y: 0.000000, phi: 0.000000[0m
[0m[ INFO] [1746505075.269339921]: Current - x: 3012.528320, y: 6.941506, phi: -3.701524[0m
[0m[ INFO] [1746505075.269389169]: Error - x: -12.528320, y: -6.941506[0m
[0m[ INFO] [1746505075.269467506]: Publishing motor command - Left: -48.736866, Right: 48.736866[0m
[0m[ INFO] [1746505075.375420504]: Target - x: 3000.000000, y: 0.000000, phi: 0.000000[0m
[0m[ INFO] [1746505075.375831517]: Current - x: 3014.131592, y: 6.834807, phi: -3.703919[0m
[0m[ INFO] [1746505075.376129568]: Error - x: -14.131592, y: -6.834807[0m
[0m[ INFO] [1746505075.376226273]: Publishing motor command - Left: -55.450577, Right: 55.450577[0m
[0m[ INFO] [1746505075.469046840]: Target - x: 3000.000000, y: 0.000000, phi: 0.000000[0m
[0m[ INFO] [1746505075.469166522]: Current - x: 3014.732178, y: 6.796502, phi: -3.597772[0m
[0m[ INFO] [1746505075.469257435]: Error - x: -14.732178, y: -6.796502[0m
[0m[ INFO] [1746505075.469375388]: Publishing motor command - Left: -47.113300, Right: 47.113300[0m
[0m[ INFO] [1746505075.571438072]: Target - x: 3000.000000, y: 0.000000, phi: 0.000000[0m
[0m[ INFO] [1746505075.571578137]: Current - x: 3015.533936, y: 6.744596, phi: -3.598970[0m
[0m[ INFO] [1746505075.571716603]: Error - x: -15.533936, y: -6.744596[0m
[0m[ INFO] [1746505075.571845916]: Publishing motor command - Left: -53.809128, Right: 53.809128[0m
[0m[ INFO] [1746505075.669046083]: Target - x: 3000.000000, y: 0.000000, phi: 0.000000[0m
[0m[ INFO] [1746505075.669183045]: Current - x: 3016.535645, y: 6.682539, phi: -3.493422[0m
[0m[ INFO] [1746505075.669338694]: Error - x: -16.535645, y: -6.682539[0m
[0m[ INFO] [1746505075.669645514]: Publishing motor command - Left: -45.592548, Right: 45.592548[0m
[0m[ INFO] [1746505075.774797703]: Target - x: 3000.000000, y: 0.000000, phi: 0.000000[0m
[0m[ INFO] [1746505075.775265517]: Current - x: 3017.738281, y: 6.606876, phi: -3.495219[0m
[0m[ INFO] [1746505075.775477327]: Error - x: -17.738281, y: -6.606876[0m
[0m[ I[0m[ INFO] [1746505056.866329390]: [I2C FOR MOTORS] Now launching this node in namespace: /asc[0m
[0m[ INFO] [1746505056.888244126]: [I2C FOR MOTORS] publish motor duty cycle requests from command line with: rostopic pub --once /asc/set_motor_duty_cycle asclinic_pkg/LeftRightFloat32 "{left: 10.1, right: 10.1}"[0m
[0m[ INFO] [1746505056.888582146]: [I2C FOR MOTORS] Successfully opened named /dev/i2c-1, with file descriptor = 10[0m
[0m[ INFO] [1746505056.888827652]: [I2C FOR MOTORS] Actual acceleration limit = 0.0003125%/ms (after conversation to "internal units")[0m
[0m[ INFO] [1746505056.889038343]: [I2C FOR MOTORS] Actual deceleration limit = 0.0015625%/ms (after conversation to "internal units")[0m
[0m[ INFO] [1746505056.889403595]: [I2C FOR MOTORS] Now initialising SMC with I2C address 13[0m
[0m[ INFO] [1746505056.912321541]: [I2C FOR MOTORS] Now initialising SMC with I2C address 14[0m
[0m[ INFO] [1746505056.934899228]: [I2C FOR MOTORS] Node initialisation complete[0m
NFO] [1746505075.775606736]: Publishing motor command - Left: -52.297302, Right: 52.297302[0m
[0m[ INFO] [1746505075.868893772]: Target - x: 3000.000000, y: 0.000000, phi: 0.000000[0m
[0m[ INFO] [1746505075.869022894]: Current - x: 3018.339111, y: 6.570753, phi: -3.389072[0m
[0m[ INFO] [1746505075.869097327]: Error - x: -18.339111, y: -6.570753[0m
[0m[ INFO] [1746505075.869162479]: Publishing motor command - Left: -43.997299, Right: 43.997299[0m
[0m[ INFO] [1746505075.974193356]: Target - x: 3000.000000, y: 0.000000, phi: 0.000000[0m
[0m[ INFO] [1746505075.974557840]: Current - x: 3018.540283, y: 6.558286, phi: -3.496416[0m
[0m[ INFO] [1746505075.974632785]: Error - x: -18.540283, y: -6.558286[0m
[0m[ INFO] [1746505075.974759186]: Publishing motor command - Left: -58.881378, Right: 58.881378[0m
[0m[ INFO] [1746505076.068855095]: Target - x: 3000.000000, y: 0.000000, phi: 0.000000[0m
[0m[ INFO] [1746505076.068999896]: Current - x: 3019.341064, y: 6.512349, phi: -3.283524[0m
[0m[ INFO] [1746505076.069050617]: Error - x: -19.341064, y: -6.512349[0m
[0m[ INFO] [1746505076.069170810]: Publishing motor command - Left: -35.780712, Right: 35.780712[0m
[0m[ INFO] [1746505076.175086880]: Target - x: 3000.000000, y: 0.000000, phi: 0.000000[0m
[0m[ INFO] [1746505076.175589926]: Current - x: 3020.143066, y: 6.463347, phi: -3.284722[0m
[0m[ INFO] [1746505076.175751880]: Error - x: -20.143066, y: -6.463347[0m
[0m[ INFO] [1746505076.175959114]: Publishing motor command - Left: -49.117229, Right: 49.117229[0m
[0m[ INFO] [1746505076.268640607]: Target - x: 3000.000000, y: 0.000000, phi: 0.000000[0m
[0m[ INFO] [1746505076.268736928]: Current - x: 3020.744141, y: 6.429425, phi: -3.178576[0m
[0m[ INFO] [1746505076.268824577]: Error - x: -20.744141, y: -6.429425[0m
[0m[ INFO] [1746505076.268883394]: Publishing motor command - Left: -40.854469, Right: 40.854469[0m
[0m[ INFO] [1746505076.369954259]: Target - x: 3000.000000, y: 0.000000, phi: 0.000000[0m
[0m[ INFO] [1746505076.370070676]: Current - x: 3020.744141, y: 6.429425, phi: -3.178576[0m
[0m[ INFO] [1746505076.370255958]: Error - x: -20.744141, y: -6.429425[0m
[0m[ INFO] [1746505076.370320951]: Publishing motor command - Left: -47.457905, Right: 47.457905[0m
[0m[ INFO] [1746505076.468744875]: Target - x: 3000.000000, y: 0.000000, phi: 0.000000[0m
[0m[ INFO] [1746505076.468850220]: Current - x: 3021.546143, y: 6.384872, phi: -3.179773[0m
[0m[ INFO] [1746505076.468893197]: Error - x: -21.546143, y: -6.384872[0m
[0m[ INFO] [1746505076.468934637]: Publishing motor command - Left: -47.550289, Right: 47.550289[0m
[0m[ INFO] [1746505070.150626729]: Reached 5 meters, transitioning to TURNING state.[0m

[ARUCO DETECTOR] Camera properties upon initialisation:
CV_CAP_PROP_FRAME_HEIGHT : '480.0'
CV_CAP_PROP_FRAME_WIDTH :  '640.0'
CAP_PROP_FPS :             '30.0'
CAP_PROP_FOCUS :           '0.0'
CAP_PROP_AUTOFOCUS :       '0.0'
CAP_PROP_BRIGHTNESS :      '128.0'
CAP_PROP_CONTRAST :        '128.0'
CAP_PROP_SATURATION :      '128.0'
CAP_PROP_BUFFERSIZE :      '4.0'

[ARUCO DETECTOR] Camera properties upon initialisation:
CV_CAP_PROP_FRAME_HEIGHT : '1080.0'
CV_CAP_PROP_FRAME_WIDTH :  '1920.0'
CAP_PROP_FPS :             '5.0'
CAP_PROP_FOCUS :           '0.0'
CAP_PROP_AUTOFOCUS :       '0.0'
CAP_PROP_BRIGHTNESS :      '128.0'
CAP_PROP_CONTRAST :        '128.0'
CAP_PROP_SATURATION :      '128.0'
CAP_PROP_BUFFERSIZE :      '1.0'
[INFO] [1746505059.475408]: [ARUCO DETECTOR] As a double check of the camera properties set, a frame captured just now has dimensions = (1080, 1920, 3)
[INFO] [1746505059.606309]: [ARUCO DETECTOR] publish request from command line to save a single camera image using: rostopic pub --once /asc/request_save_image std_msgs/UInt32 1
[INFO] [1746505059.610258]: [ARUCO DETECTOR] Node initialisation complete
... logging to /home/asc/.ros/log/e3d3d45a-2a2a-11f0-b317-d8c0a650f677/roslaunch-asc12-jetson-25366.log
Checking log directory for disk usage. This may take a while.
Press Ctrl-C to interrupt
Done checking log file disk usage. Usage is <1GB.
]2;/home/asc/ASClinic/catkin_ws/src/asclinic_pkg/launch/trajectory.launch
[1mstarted roslaunch server http://asc12-jetson:46261/[0m

SUMMARY
========

PARAMETERS
 * /asc/aruco_detector/aruco_detector_desired_camera_fps: 5
 * /asc/aruco_detector/aruco_detector_desired_camera_frame_height: 1080
 * /asc/aruco_detector/aruco_detector_desired_camera_frame_width: 1920
 * /asc/aruco_detector/aruco_detector_marker_size: 0.25
 * /asc/aruco_detector/aruco_detector_save_image_path: /home/asc/saved_c...
 * /asc/aruco_detector/aruco_detector_should_publish_camera_images: False
 * /asc/aruco_detector/aruco_detector_should_save_all_aruco_images: False
 * /asc/aruco_detector/aruco_detector_should_show_camera_images: False
 * /asc/aruco_detector/aruco_detector_usb_camera_device_number: 0
 * /asc/aruco_detector/aruco_detector_verbosity: 1
 * /asc/encoder_read_multi_threaded/delta_t_for_publishing_encoder_counts: 0.1
 * /asc/encoder_read_multi_threaded/encoder_events_to_monitor: rising
 * /asc/encoder_read_multi_threaded/encoder_read_verbosity: 1
 * /asc/encoder_read_multi_threaded/gpio_chip_number_for_encoder_lines: 1
 * /asc/encoder_read_multi_threaded/line_number_for_left_side_encoder_channel_a: 105
 * /asc/encoder_read_multi_threaded/line_number_for_left_side_encoder_channel_b: 106
 * /asc/encoder_read_multi_threaded/line_number_for_right_side_encoder_channel_a: 84
 * /asc/encoder_read_multi_threaded/line_number_for_right_side_encoder_channel_b: 130
 * /asc/encoder_read_multi_threaded/should_monitor_left_side_encoder_channel_a: True
 * /asc/encoder_read_multi_threaded/should_monitor_left_side_encoder_channel_b: False
 * /asc/encoder_read_multi_threaded/should_monitor_right_side_encoder_channel_a: True
 * /asc/encoder_read_multi_threaded/should_monitor_right_side_encoder_channel_b: False
 * /asc/i2c_for_motors/motor_driver_current_limit_in_milliamps: 5000
 * /asc/i2c_for_motors/motor_driver_left_side_multiplier: 1
 * /asc/i2c_for_motors/motor_driver_max_accel_limit_in_percent_per_millisecond: 0.04
 * /asc/i2c_for_motors/motor_driver_max_decel_limit_in_percent_per_millisecond: 0.16
 * /asc/i2c_for_motors/motor_driver_max_duty_cycle_limit_in_percent: 100.0
 * /asc/i2c_for_motors/motor_driver_right_side_multiplier: 1
 * /asc/i2c_for_motors/motor_driver_verbosity: 1
 * /rosdistro: noetic
 * /rosversion: 1.17.0

NODES
  /
    kf_fusion_node (asclinic_pkg/KF.py)
    odomdelta (asclinic_pkg/odomdelta)
    trajectory_generator (asclinic_pkg/trajectory_generator)
    trajectory_tracker (asclinic_pkg/trajectory_tracker)
    velocity_PI_control (asclinic_pkg/velocity_PI_control)
  /asc/
    aruco_detector (asclinic_pkg/aruco_detector.py)
    encoder_read_multi_threaded (asclinic_pkg/encoder_read_multi_threaded)
    i2c_for_motors (asclinic_pkg/i2c_for_motors)

[1mROS_MASTER_URI=http://localhost:11311[0m
]2;/home/asc/ASClinic/catkin_ws/src/asclinic_pkg/launch/trajectory.launch http://localhost:11311
[1mprocess[asc/i2c_for_motors-1]: started with pid [25399][0m
[1mprocess[asc/encoder_read_multi_threaded-2]: started with pid [25400][0m
[1mprocess[odomdelta-3]: started with pid [25406][0m
[1mprocess[asc/aruco_detector-4]: started with pid [25411][0m
[1mprocess[trajectory_tracker-5]: started with pid [25417][0m
[1mprocess[trajectory_generator-6]: started with pid [25423][0m
[1mprocess[velocity_PI_control-7]: started with pid [25428][0m
[1mprocess[kf_fusion_node-8]: started with pid [25430][0m
[velocity_PI_control-7] killing on exit
[kf_fusion_node-8] killing on exit
[trajectory_generator-6] killing on exit
[asc/encoder_read_multi_threaded-2] killing on exit
[odomdelta-3] killing on exit
[trajectory_tracker-5] killing on exit
[asc/aruco_detector-4] killing on exit
[asc/i2c_for_motors-1] killing on exit
shutting down processing monitor...
... shutting down processing monitor complete
[1mdone[0m
