[0m[ INFO] [1746504127.416105504]: Target - x: 0.000000, y: 0.000000, phi: 0.000000[0m
[0m[ INFO] [1746504127.419983214]: Current - x: 0.000000, y: 0.000000, phi: 45.000000[0m
[0m[ INFO] [1746504127.420115183]: Error - x: 0.000000, y: 0.000000[0m
[0m[ INFO] [1746504127.420270481]: Publishing motor command - Left: 0.000000, Right: 0.000000[0m
[0m[ INFO] [1746504127.420543380]: Target reached: x=0.00, y=0.00, phi=0.00[0m
[0m[ INFO] [1746504127.515552820]: Target - x: 0.000000, y: 0.000000, phi: 0.000000[0m
[0m[ INFO] [1746504127.515689045]: Current - x: 0.000000, y: 0.000000, phi: 45.000000[0m
[0m[ INFO] [1746504127.515783766]: Error - x: 0.000000, y: 0.000000[0m
[0m[ INFO] [1746504127.515934776]: Publishing motor command - Left: 0.000000, Right: 0.000000[0m
[0m[ INFO] [1746504127.516037529]: Target reached: x=0.00, y=0.00, phi=0.00[0m
[0m[ INFO] [1746504127.615559054]: Target - x: 0.000000, y: 0.000000, phi: 0.000000[0m
[0m[ INFO] [1746504127.615686959]: Current - x: 0.000000, y: 0.000000, phi: 45.000000[0m
[0m[ INFO] [1746504127.615768912]: Error - x: 0.000000, y: 0.000000[0m
[0m[ INFO] [1746504127.615805873]: Publishing motor command - Left: 0.000000, Right: 0.000000[0m
[0m[ INFO] [1746504127.615878225]: Target reached: x=0.00, y=0.00, phi=0.00[0m
[0m[ INFO] [1746504127.715089218]: Target - x: 0.000000, y: 0.000000, phi: 0.000000[0m
[0m[ INFO] [1746504127.715175427]: Current - x: 0.000000, y: 0.000000, phi: 45.000000[0m
[0m[ INFO] [1746504127.715212356]: Error - x: 0.000000, y: 0.000000[0m
[0m[ INFO] [1746504127.715318917]: Publishing motor command - Left: 0.000000, Right: 0.000000[0m
[0m[ INFO] [1746504127.715404998]: Target reached: x=0.00, y=0.00, phi=0.00[0m
[0m[ INFO] [1746504127.815718404]: Target - x: 0.000000, y: 0.000000, phi: 0.000000[0m
[0m[ INFO] [1746504127.815836805]: Current - x: 0.000000, y: 0.000000, phi: 45.000000[0m
[0m[ INFO] [1746504127.816023495]: Error - x: 0.000000, y: 0.000000[0m
[0m[ INFO] [1746504127.816176361]: Publishing motor command - Left: 0.000000, Right: 0.000000[0m
[0m[ INFO] [1746504127.816298091]: Target reached: x=0.00, y=0.00, phi=0.00[0m
[0m[ INFO] [1746504127.915617565]: Target - x: 0.000000, y: 0.000000, phi: 0.000000[0m
[0m[ INFO] [1746504127.915741406]: Current - x: 0.000000, y: 0.000000, phi: 45.000000[0m
[0m[ INFO] [1746504127.915858783]: Error - x: 0.000000, y: 0.000000[0m
[0m[ INFO] [1746504127.915976609]: Publishing motor command - Left: 0.000000, Right: 0.000000[0m
[0m[ INFO] [1746504127.916121122]: Target reached: x=0.00, y=0.00, phi=0.00[0m
[0m[ INFO] [1746504128.015845145]: Target - x: 0.000000, y: 0.000000, phi: 0.000000[0m
[0m[ INFO] [1746504128.015973819]: Current - x: 0.000000, y: 0.000000, phi: 45.000000[0m
[0m[ INFO] [1746504128.016069884]: Error - x: 0.000000, y: 0.000000[0m
[0m[ INFO] [1746504128.016188893]: Publishing motor command - Left: 0.000000, Right: 0.000000[0m
[0m[ INFO] [1746504128.016353663]: Target reached: x=0.00, y=0.00, phi=0.00[0m
[0m[ INFO] [1746504128.115933812]: Target - x: 0.000000, y: 0.000000, phi: 0.000000[0m
[0m[ INFO] [1746504128.116092406]: Current - x: 0.000000, y: 0.000000, phi: 45.000000[0m
[0m[ INFO] [1746504128.116230616]: Error - x: 0.000000, y: 0.000000[0m
[0m[ INFO] [1746504128.116340889]: Publishing motor command - Left: 0.000000, Right: 0.000000[0m
[0m[ INFO] [1746504128.116573084]: Target reached: x=0.00, y=0.00, phi=0.00[0m
[0m[ INFO] [1746504128.215980623]: Target - x: 0.000000, y: 0.000000, phi: 0.000000[0m
[0m[ INFO] [1746504128.216102704]: Current - x: 0.000000, y: 0.000000, phi: 45.000000[0m
[0m[ INFO] [1746504128.216160049]: Error - x: 0.000000, y: 0.000000[0m
[0m[ INFO] [1746504128.216290002]: Publishing motor command - Left: 0.000000, Right: 0.000000[0m
[0m[ INFO] [1746504128.217588258]: Target reached: x=0.00, y=0.00, phi=0.00[0m
[0m[ INFO] [1746504128.315327137]: Target - x: 0.000000, y: 0.000000, phi: 0.000000[0m
[0m[ INFO] [1746504128.315421058]: Current - x: 0.000000, y: 0.000000, phi: 45.000000[0m
[0m[ INFO] [1746504128.315458498]: Error - x: 0.000000, y: 0.000000[0m
[0m[ INFO] [1746504128.315762342]: Publishing motor command - Left: 0.000000, Right: 0.000000[0m
[0m[ INFO] [1746504128.315833671]: Target reached: x=0.00, y=0.00, phi=0.00[0m
[0m[ INFO] [1746504128.445771617]: Target - x: 0.000000, y: 0.000000, phi: 0.000000[0m
[0m[ INFO] [1746504128.445862338]: Current - x: 0.000000, y: 0.000000, phi: 45.000000[0m
[0m[ INFO] [1746504128.445925859]: Error - x: 0.000000, y: 0.000000[0m
[0m[ INFO] [1746504128.445967779]: Publishing motor command - Left: 0.000000, Right: 0.000000[0m
[0m[ INFO] [1746504128.446323848]: Target reached: x=0.00, y=0.00, phi=0.00[0m
[0m[ INFO] [1746504128.515362005]: Target - x: 0.000000, y: 0.000000, phi: 0.000000[0m
[0m[ INFO] [1746504128.515457750]: Current - x: 0.000000, y: 0.000000, phi: 45.000000[0m
[0m[ INFO] [1746504128.515537687]: Error - x: 0.000000, y: 0.000000[0m
[0m[ INFO] [1746504128.515589208]: Publishing motor command - Left: 0.000000, Right: 0.000000[0m
[0m[ INFO] [1746504128.515664888]: Target reached: x=0.00, y=0.00, phi=0.00[0m
[0m[ INFO] [1746504128.615733075]: Target - x: 0.000000, y: 0.000000, phi: 0.000000[0m
[0m[ INFO] [1746504128.615869493]: Current - x: 0.000000, y: 0.000000, phi: 45.000000[0m
[0m[ INFO] [1746504128.615928533]: Error - x: 0.000000, y: 0.000000[0m
[0m[ INFO] [1746504128.616001526]: Publishing motor command - Left: 0.000000, Right: 0.000000[0m
[0m[ INFO] [1746504128.616171576]: Target reached: x=0.00, y=0.00, phi=0.00[0m
[0m[ INFO] [1746504128.715935215]: Target - x: 0.000000, y: 0.000000, phi: 0.000000[0m
[0m[ INFO] [1746504128.716072849]: Current - x: 0.000000, y: 0.000000, phi: 45.000000[0m
[0m[ INFO] [1746504128.716142418]: Error - x: 0.000000, y: 0.000000[0m
[0m[ INFO] [1746504128.716229203]: Publishing motor command - Left: 0.000000, Right: 0.000000[0m
[0m[ INFO] [1746504128.716322068]: Target reached: x=0.00, y=0.00, phi=0.00[0m
[0m[ INFO] [1746504128.815902825]: Target - x: 0.000000, y: 0.000000, phi: 0.000000[0m
[0m[ INFO] [1746504128.816087595]: Current - x: 0.000000, y: 0.000000, phi: 45.000000[0m
[0m[ INFO] [1746504128.816174412]: Error - x: 0.000000, y: 0.000000[0m
[0m[ INFO] [1746504128.816272173]: Publishing motor command - Left: 0.000000, Right: 0.000000[0m
[0m[ INFO] [1746504128.816405967]: Target reached: x=0.00, y=0.00, phi=0.00[0m
[0m[ INFO] [1746504128.915856738]: Target - x: 0.000000, y: 0.000000, phi: 0.000000[0m
[0m[ INFO] [1746504128.916022308]: Current - x: 0.000000, y: 0.000000, phi: 45.000000[0m
[0m[ INFO] [1746504128.916142469]: Error - x: 0.000000, y: 0.000000[0m
[0m[ INFO] [1746504128.916200198]: Publishing motor command - Left: 0.000000, Right: 0.000000[0m
[0m[ INFO] [1746504128.916267271]: Target reached: x=0.00, y=0.00, phi=0.00[0m
[0m[ INFO] [1746504129.016066782]: Target - x: 0.000000, y: 0.000000, phi: 0.000000[0m
[0m[ INFO] [1746504129.016242880]: Current - x: 0.000000, y: 0.000000, phi: 45.000000[0m
[0m[ INFO] [1746504129.016354850]: Error - x: 0.000000, y: 0.000000[0m
[0m[ INFO] [1746504129.016446403]: Publishing motor command - Left: 0.000000, Right: 0.000000[0m
[0m[ INFO] [1746504129.016555204]: Target reached: x=0.00, y=0.00, phi=0.00[0m
[0m[ INFO] [1746504129.116140377]: Target - x: 30.000000, y: 0.000000, phi: 0.000000[0m
[0m[ INFO] [1746504129.116301531]: Current - x: 0.000000, y: 0.000000, phi: 45.000000[0m
[0m[ INFO] [1746504129.116361020]: Error - x: 30.000000, y: 0.000000[0m
[0m[ INFO] [1746504129.116427612]: error_y: 0.000000[0m
[0m[ INFO] [1746504129.116505789]: integral_error_y: 0.000000[0m
[0m[ INFO] [1746504129.116562526]: w: 0.000000[0m
[0m[ INFO] [1746504129.116725056]: Publishing motor command - Left: 250.000000, Right: 250.000000[0m
[0m[ INFO] [1746504129.223416904]: Target - x: 60.000000, y: 0.000000, phi: 0.000000[0m
[0m[ INFO] [1746504129.223738060]: Current - x: 0.000000, y: 0.000000, phi: 45.000000[0m
[0m[ INFO] [1746504129.224027119]: Error - x: 60.000000, y: 0.000000[0m
[0m[ INFO] [1746504129.224157457]: error_y: 0.000000[0m
[0m[ INFO] [1746504129.227922013]: integral_error_y: 0.000000[0m
[0m[ INFO] [1746504129.228226017]: w: 0.000000[0m
[0m[ INFO] [1746504129.228489316]: Publishing motor command - Left: 500.000000, Right: 500.000000[0m
[0m[ INFO] [1746504129.315346019]: Target - x: 90.000000, y: 0.000000, phi: 0.000000[0m
[0m[ INFO] [1746504129.315466340]: Current - x: 0.000000, y: 0.000000, phi: 45.000000[0m
[0m[ INFO] [1746504129.315550437]: Error - x: 90.000000, y: 0.000000[0m
[0m[ INFO] [1746504129.315586438]: error_y: 0.000000[0m
[0m[ INFO] [1746504129.315619238]: integral_error_y: 0.000000[0m
[0m[ INFO] [1746504129.315648838]: w: 0.000000[0m
[0m[ INFO] [1746504129.315685639]: Publishing motor command - Left: 750.000000, Right: 750.000000[0m
[0m[ INFO] [1746504129.415435134]: Target - x: 120.000000, y: 0.000000, phi: 0.000000[0m
[0m[ INFO] [1746504129.415586623]: Current - x: 0.000000, y: 0.000000, phi: 45.000000[0m
[0m[ INFO] [1746504129.415664672]: Error - x: 120.000000, y: 0.000000[0m
[0m[ INFO] [1746504129.415704289]: error_y: 0.000000[0m
[0m[ INFO] [1746504129.415737153]: integral_error_y: 0.000000[0m
[0m[ INFO] [1746504129.415784418]: w: 0.000000[0m
[0m[ INFO] [1746504129.415848386]: Publishing motor command - Left: 1000.000000, Right: 1000.000000[0m
[0m[ INFO] [1746504129.515771483]: Target - x: 150.000000, y: 0.000000, phi: 0.000000[0m
[0m[ INFO] [1746504129.515897533]: Current - x: 0.000000, y: 0.000000, phi: 45.000000[0m
[0m[ INFO] [1746504129.515966301]: Error - x: 150.000000, y: 0.000000[0m
[0m[ INFO] [1746504129.516004542]: error_y: 0.000000[0m
[0m[ INFO] [1746504129.516036734]: integral_error_y: 0.000000[0m
[0m[ INFO] [1746504129.516069279]: w: 0.000000[0m
[0m[ INFO] [1746504129.516151872]: Publishing motor command - Left: 1250.000000, Right: 1250.000000[0m
[0m[ INFO] [1746504129.616301211]: Target - x: 180.000000, y: 0.000000, phi: 0.000000[0m
[0m[ INFO] [1746504129.616437085]: Current - x: 0.715391, y: 0.708721, phi: 44.463280[0m
[0m[ INFO] [1746504129.616503613]: Error - x: 179.284607, y: -0.708721[0m
[0m[ INFO] [1746504129.616559006]: error_y: -0.708721[0m
[0m[ INFO] [1746504129.616611327]: integral_error_y: -0.070872[0m
[0m[ INFO] [1746504129.616723776]: w: -2.487610[0m
[0m[ INFO] [1746504129.616834753]: Publishing motor command - Left: 1494.657349, Right: 1493.419434[0m
[0m[ INFO] [1746504129.715748526]: Target - x: 210.000000, y: 0.000000, phi: 0.000000[0m
[0m[ INFO] [1746504129.715876880]: Current - x: 1.995152, y: 1.986033, phi: 44.353542[0m
[0m[ INFO] [1746504129.715916144]: Error - x: 208.004852, y: -1.986033[0m
[0m[ INFO] [1746504129.715947793]: error_y: -1.986033[0m
[0m[ INFO] [1746504129.715976241]: integral_error_y: -0.269475[0m
[0m[ INFO] [1746504129.716004177]: w: -5.206261[0m
[0m[ INFO] [1746504129.716036434]: Publishing motor command - Left: 1734.669312, Right: 1732.078125[0m
[0m[ INFO] [1746504129.815537669]: Target - x: 240.000000, y: 0.000000, phi: 0.000000[0m
[0m[ INFO] [1746504129.815624966]: Current - x: 4.142957, y: 4.097748, phi: 44.456093[0m
[0m[ INFO] [1746504129.816034539]: Error - x: 235.857040, y: -4.097748[0m
[0m[ INFO] [1746504129.816096908]: error_y: -4.097748[0m
[0m[ INFO] [1746504129.816174381]: integral_error_y: -0.679250[0m
[0m[ INFO] [1746504129.816352975]: w: -9.444960[0m
[0m[ INFO] [1746504129.816420208]: Publishing motor command - Left: 1967.825562, Right: 1963.125000[0m
[0m[ INFO] [1746504129.915797186]: Target - x: 270.000000, y: 0.000000, phi: 0.000000[0m
[0m[ INFO] [1746504129.915918820]: Current - x: 8.590714, y: 8.453682, phi: 44.553860[0m
[0m[ INFO] [1746504129.915997444]: Error - x: 261.409271, y: -8.453682[0m
[0m[ INFO] [1746504129.916088134]: error_y: -8.453682[0m
[0m[ INFO] [1746504129.916652556]: integral_error_y: -1.524618[0m
[0m[ INFO] [1746504129.916702541]: w: -19.495979[0m
[0m[ INFO] [1746504129.916749069]: Publishing motor command - Left: 2183.261963, Right: 2173.559326[0m
[0m[ INFO] [1746504130.016015774]: Target - x: 300.000000, y: 0.000000, phi: 0.000000[0m
[0m[ INFO] [1746504130.016342146]: Current - x: 14.612370, y: 14.360785, phi: 44.541283[0m
[0m[ INFO] [1746504130.016434211]: Error - x: 285.387634, y: -14.360785[0m
[0m[ INFO] [1746504130.016482852]: error_y: -14.360785[0m
[0m[ INFO] [1746504130.016523876]: integral_error_y: -2.960697[0m
[0m[ INFO] [1746504130.016563941]: w: -29.424614[0m
[0m[ INFO] [1746504130.016608549]: Publishing motor command - Left: 2385.552490, Right: 2370.908203[0m
[0m[ INFO] [1746504130.115113677]: Target - x: 330.000000, y: 0.000000, phi: 0.000000[0m
[0m[ INFO] [1746504130.115248719]: Current - x: 21.905182, y: 21.552414, phi: 44.633060[0m
[0m[ INFO] [1746504130.115317136]: Error - x: 308.094818, y: -21.552414[0m
[0m[ INFO] [1746504130.115385840]: error_y: -21.552414[0m
[0m[ INFO] [1746504130.115436241]: integral_error_y: -5.115938[0m
[0m[ INFO] [1746504130.115491890]: w: -40.043079[0m
[0m[ INFO] [1746504130.115542706]: Publishing motor command - Left: 2577.421143, Right: 2557.492432[0m
[0m[ INFO] [1746504130.215868720]: Target - x: 360.000000, y: 0.000000, phi: 0.000000[0m
[0m[ INFO] [1746504130.215968945]: Current - x: 30.478786, y: 30.018755, phi: 44.829185[0m
[0m[ INFO] [1746504130.216008401]: Error - x: 329.521210, y: -30.018755[0m
[0m[ INFO] [1746504130.216063218]: error_y: -30.018755[0m
[0m[ INFO] [1746504130.216112306]: integral_error_y: -8.117814[0m
[0m[ INFO] [1746504130.216195539]: w: -51.996391[0m
[0m[ INFO] [1746504130.216273460]: Publishing motor command - Left: 2758.948975, Right: 2733.071289[0m
[0m[ INFO] [1746504130.315761320]: Target - x: 390.000000, y: 0.000000, phi: 0.000000[0m
[0m[ INFO] [1746504130.315906985]: Current - x: 40.046993, y: 39.479538, phi: 44.916172[0m
[0m[ INFO] [1746504130.316014955]: Error - x: 349.953003, y: -39.479538[0m
[0m[ INFO] [1746504130.316062443]: error_y: -39.479538[0m
[0m[ INFO] [1746504130.316105036]: integral_error_y: -12.065768[0m
[0m[ INFO] [1746504130.316144364]: w: -64.338074[0m
[0m[ INFO] [1746504130.316192269]: Publishing motor command - Left: 2932.285156, Right: 2900.264893[0m
[0m[ INFO] [1746504130.415457726]: Target - x: 420.000000, y: 0.000000, phi: 0.000000[0m
[0m[ INFO] [1746504130.415580255]: Current - x: 50.853527, y: 50.257763, phi: 45.107506[0m
[0m[ INFO] [1746504130.415622208]: Error - x: 369.146484, y: -50.257763[0m
[0m[ INFO] [1746504130.415669504]: error_y: -50.257763[0m
[0m[ INFO] [1746504130.415703456]: integral_error_y: -17.091545[0m
[0m[ INFO] [1746504130.415735265]: w: -78.912476[0m
[0m[ INFO] [1746504130.415771041]: Publishing motor command - Left: 3095.857422, Right: 3056.583984[0m
[0m[ INFO] [1746504130.515429623]: Target - x: 450.000000, y: 0.000000, phi: 0.000000[0m
[0m[ INFO] [1746504130.515518168]: Current - x: 62.649208, y: 62.035862, phi: 45.189701[0m
[0m[ INFO] [1746504130.515557240]: Error - x: 387.350800, y: -62.035862[0m
[0m[ INFO] [1746504130.515622937]: error_y: -62.035862[0m
[0m[ INFO] [1746504130.515702330]: integral_error_y: -23.295132[0m
[0m[ INFO] [1746504130.515777531]: w: -93.810623[0m
[0m[ INFO] [1746504130.515844220]: Publishing motor command - Left: 3251.267334, Right: 3204.579102[0m
[0m[ INFO] [1746504130.615406224]: Target - x: 480.000000, y: 0.000000, phi: 0.000000[0m
[0m[ INFO] [1746504130.615534417]: Current - x: 75.667984, y: 75.146202, phi: 45.376247[0m
[0m[ INFO] [1746504130.615603954]: Error - x: 404.332031, y: -75.146202[0m
[0m[ INFO] [1746504130.615653683]: error_y: -75.146202[0m
[0m[ INFO] [1746504130.615688563]: integral_error_y: -30.809752[0m
[0m[ INFO] [1746504130.615731412]: w: -111.003029[0m
[0m[ INFO] [1746504130.615768724]: Publishing motor command - Left: 3397.055908, Right: 3341.811279[0m
[0m[ INFO] [1746504130.721292271]: Target - x: 510.000000, y: 0.000000, phi: 0.000000[0m
[0m[ INFO] [1746504130.721820053]: Current - x: 89.516037, y: 89.131279, phi: 45.560997[0m
[0m[ INFO] [1746504130.722707647]: Error - x: 420.483948, y: -89.131279[0m
[0m[ INFO] [1746504130.722910178]: error_y: -89.131279[0m
[0m[ INFO] [1746504130.722995683]: integral_error_y: -39.722878[0m
[0m[ INFO] [1746504130.723917358]: w: -128.066254[0m
[0m[ INFO] [1746504130.724046575]: Publishing motor command - Left: 3535.901367, Right: 3472.164307[0m
[0m[ INFO] [1746504130.815820296]: Target - x: 540.000000, y: 0.000000, phi: 0.000000[0m
[0m[ INFO] [1746504130.815936457]: Current - x: 104.727371, y: 104.592697, phi: 45.742752[0m
[0m[ INFO] [1746504130.816013674]: Error - x: 435.272644, y: -104.592697[0m
[0m[ INFO] [1746504130.816095179]: error_y: -104.592697[0m
[0m[ INFO] [1746504130.816186092]: integral_error_y: -50.182148[0m
[0m[ INFO] [1746504130.816238669]: w: -148.264465[0m
[0m[ INFO] [1746504130.816310413]: Publishing motor command - Left: 3664.166748, Right: 3590.377686[0m
[0m[ INFO] [1746504130.915436861]: Target - x: 570.000000, y: 0.000000, phi: 0.000000[0m
[0m[ INFO] [1746504130.915531614]: Current - x: 120.731377, y: 120.964561, phi: 45.922710[0m
[0m[ INFO] [1746504130.916065764]: Error - x: 449.268616, y: -120.964561[0m
[0m[ INFO] [1746504130.916149509]: error_y: -120.964561[0m
[0m[ INFO] [1746504130.916185797]: integral_error_y: -62.278603[0m
[0m[ INFO] [1746504130.916216742]: w: -168.122086[0m
[0m[ INFO] [1746504130.916249062]: Publishing motor command - Left: 3785.741211, Right: 3702.069336[0m
[0m[ INFO] [1746504131.021790497]: Target - x: 600.000000, y: 0.000000, phi: 0.000000[0m
[0m[ INFO] [1746504131.022069444]: Current - x: 137.399673, y: 138.092056, phi: 45.994125[0m
[0m[ INFO] [1746504131.022451689]: Error - x: 462.600342, y: -138.092056[0m
[0m[ INFO] [1746504131.022547114]: error_y: -138.092056[0m
[0m[ INFO] [1746504131.022601962]: integral_error_y: -76.087807[0m
[0m[ INFO] [1746504131.022728652]: w: -188.519577[0m
[0m[ INFO] [1746504131.022796525]: Publishing motor command - Left: 3901.914795, Right: 3808.091064[0m
[0m[ INFO] [1746504131.121392629]: Target - x: 630.000000, y: 0.000000, phi: 0.000000[0m
[0m[ INFO] [1746504131.121560279]: Current - x: 155.043854, y: 156.233932, phi: 45.742313[0m
[0m[ INFO] [1746504131.121617528]: Error - x: 474.956146, y: -156.233932[0m
[0m[ INFO] [1746504131.121666905]: error_y: -156.233932[0m
[0m[ INFO] [1746504131.121712345]: integral_error_y: -91.711197[0m
[0m[ INFO] [1746504131.121758746]: w: -210.759735[0m
[0m[ INFO] [1746504131.121827611]: Publishing motor command - Left: 4010.413818, Right: 3905.521729[0m
[0m[ INFO] [1746504131.215954159]: Target - x: 660.000000, y: 0.000000, phi: 0.000000[0m
[0m[ INFO] [1746504131.216086960]: Current - x: 173.905899, y: 175.711929, phi: 45.594852[0m
[0m[ INFO] [1746504131.216244210]: Error - x: 486.094116, y: -175.711929[0m
[0m[ INFO] [1746504131.216305075]: error_y: -175.711929[0m
[0m[ INFO] [1746504131.216355155]: integral_error_y: -100.000000[0m
[0m[ INFO] [1746504131.216401556]: w: -234.406921[0m
[0m[ INFO] [1746504131.216455669]: Publishing motor command - Left: 4109.114746, Right: 3992.453857[0m
[0m[ INFO] [1746504131.321462313]: Target - x: 690.000000, y: 0.000000, phi: 0.000000[0m
[0m[ INFO] [1746504131.321778317]: Current - x: 193.657120, y: 196.004639, phi: 45.659679[0m
[0m[ INFO] [1746504131.322026191]: Error - x: 496.342896, y: -196.004639[0m
[0m[ INFO] [1746504131.322305139]: error_y: -196.004639[0m
[0m[ INFO] [1746504131.322444852]: integral_error_y: -100.000000[0m
[0m[ INFO] [1746504131.322512789]: w: -256.736420[0m
[0m[ INFO] [1746504131.322574166]: Publishing motor command - Left: 4200.077637, Right: 4072.303711[0m
[0m[ INFO] [1746504131.418370430]: Target - x: 720.000000, y: 0.000000, phi: 0.000000[0m
[0m[ INFO] [1746504131.418567008]: Current - x: 214.303558, y: 217.107498, phi: 45.722713[0m
[0m[ INFO] [1746504131.418722434]: Error - x: 505.696442, y: -217.107498[0m
[0m[ INFO] [1746504131.418811203]: error_y: -217.107498[0m
[0m[ INFO] [1746504131.419005221]: integral_error_y: -100.000000[0m
[0m[ INFO] [1746504131.419066534]: w: -279.864655[0m
[0m[ INFO] [1746504131.419154887]: Publishing motor command - Left: 4283.779297, Right: 4144.494629[0m
[0m[ INFO] [1746504131.516109692]: Target - x: 750.000000, y: 0.000000, phi: 0.000000[0m
[0m[ INFO] [1746504131.516201085]: Current - x: 236.048889, y: 239.383011, phi: 45.783356[0m
[0m[ INFO] [1746504131.516268350]: Error - x: 513.951111, y: -239.383011[0m
[0m[ INFO] [1746504131.516330559]: error_y: -239.383011[0m
[0m[ INFO] [1746504131.516387072]: integral_error_y: -100.000000[0m
[0m[ INFO] [1746504131.516418272]: w: -305.071777[0m
[0m[ INFO] [1746504131.516451616]: Publishing motor command - Left: 4358.840332, Right: 4207.011230[0m
[0m[ INFO] [1746504131.615425742]: Target - x: 780.000000, y: 0.000000, phi: 0.000000[0m
[0m[ INFO] [1746504131.615521711]: Current - x: 258.492584, y: 262.380920, phi: 45.735451[0m
[0m[ INFO] [1746504131.615593328]: Error - x: 521.507446, y: -262.380920[0m
[0m[ INFO] [1746504131.615663440]: error_y: -262.380920[0m
[0m[ INFO] [1746504131.615695185]: integral_error_y: -100.000000[0m
[0m[ INFO] [1746504131.615724977]: w: -329.875702[0m
[0m[ INFO] [1746504131.615759794]: Publishing motor command - Left: 4427.982910, Right: 4263.808105[0m
[0m[ INFO] [1746504131.715991630]: Target - x: 810.000000, y: 0.000000, phi: 0.000000[0m
[0m[ INFO] [1746504131.716114447]: Current - x: 281.798401, y: 286.222809, phi: 45.471664[0m
[0m[ INFO] [1746504131.716209648]: Error - x: 528.201599, y: -286.222809[0m
[0m[ INFO] [1746504131.716281649]: error_y: -286.222809[0m
[0m[ INFO] [1746504131.716340146]: integral_error_y: -100.000000[0m
[0m[ INFO] [1746504131.716638709]: w: -355.827515[0m
[0m[ INFO] [1746504131.717293693]: Publishing motor command - Left: 4490.225098, Right: 4313.135254[0m
[0m[ INFO] [1746504131.815144829]: Target - x: 840.000000, y: 0.000000, phi: 0.000000[0m
[0m[ INFO] [1746504131.815232734]: Current - x: 305.920654, y: 310.950195, phi: 45.420166[0m
[0m[ INFO] [1746504131.815269982]: Error - x: 534.079346, y: -310.950195[0m
[0m[ INFO] [1746504131.815334687]: error_y: -310.950195[0m
[0m[ INFO] [1746504131.815396192]: integral_error_y: -100.000000[0m
[0m[ INFO] [1746504131.815456384]: w: -382.768677[0m
[0m[ INFO] [1746504131.815531265]: Publishing motor command - Left: 4545.910156, Right: 4355.412109[0m
[0m[ INFO] [1746504131.921427552]: Target - x: 870.000000, y: 0.000000, phi: 0.000000[0m
[0m[ INFO] [1746504131.921827301]: Current - x: 330.367920, y: 335.642059, phi: 45.047237[0m
[0m[ INFO] [1746504131.922054087]: Error - x: 539.632080, y: -335.642059[0m
[0m[ INFO] [1746504131.922503981]: error_y: -335.642059[0m
[0m[ INFO] [1746504131.922727663]: integral_error_y: -100.000000[0m
[0m[ INFO] [1746504131.922833073]: w: -407.371704[0m
[0m[ INFO] [1746504131.922888497]: Publishing motor command - Left: 4598.305176, Right: 4395.562500[0m
[0m[ INFO] [1746504132.017335209]: Target - x: 900.000000, y: 0.000000, phi: 0.000000[0m
[0m[ INFO] [1746504132.017473003]: Current - x: 355.520782, y: 361.047699, phi: 44.779858[0m
[0m[ INFO] [1746504132.017591660]: Error - x: 544.479248, y: -361.047699[0m
[0m[ INFO] [1746504132.017759374]: error_y: -361.047699[0m
[0m[ INFO] [1746504132.017812687]: integral_error_y: -100.000000[0m
[0m[ INFO] [1746504132.017867503]: w: -434.561798[0m
[0m[ INFO] [1746504132.017920816]: Publishing motor command - Left: 4645.464355, Right: 4429.189941[0m
[0m[ INFO] [1746504132.122218268]: Target - x: 930.000000, y: 0.000000, phi: 0.000000[0m
[0m[ INFO] [1746504132.122751938]: Current - x: 381.993042, y: 387.686646, phi: 45.045006[0m
[0m[ INFO] [1746504132.122858403]: Error - x: 548.006958, y: -387.686646[0m
[0m[ INFO] [1746504132.122918436]: error_y: -387.686646[0m
[0m[ INFO] [1746504132.122965348]: integral_error_y: -100.000000[0m
[0m[ INFO] [1746504132.123004901]: w: -464.283997[0m
[0m[ INFO] [1746504132.123052453]: Publishing motor command - Left: 4682.258301, Right: 4451.190918[0m
[0m[ INFO] [1746504132.216194670]: Target - x: 960.000000, y: 0.000000, phi: 0.000000[0m
[0m[ INFO] [1746504132.216328879]: Current - x: 408.908142, y: 414.170807, phi: 44.560539[0m
[0m[ INFO] [1746504132.216371792]: Error - x: 551.091858, y: -414.170807[0m
[0m[ INFO] [1746504132.217320411]: error_y: -414.170807[0m
[0m[ INFO] [1746504132.217394876]: integral_error_y: -100.000000[0m
[0m[ INFO] [1746504132.217430300]: w: -490.381226[0m
[0m[ INFO] [1746504132.217463709]: Publishing motor command - Left: 4714.459961, Right: 4470.404785[0m
[0m[ INFO] [1746504132.321223522]: Target - x: 990.000000, y: 0.000000, phi: 0.000000[0m
[0m[ INFO] [1746504132.321369508]: Current - x: 435.766724, y: 440.994904, phi: 44.396912[0m
[0m[ INFO] [1746504132.321434789]: Error - x: 554.233276, y: -440.994904[0m
[0m[ INFO] [1746504132.321470661]: error_y: -440.994904[0m
[0m[ INFO] [1746504132.321500837]: integral_error_y: -100.000000[0m
[0m[ INFO] [1746504132.321537382]: w: -518.055176[0m
[0m[ INFO] [1746504132.321573606]: Publishing motor command - Left: 4747.524902, Right: 4489.696777[0m
[0m[ INFO] [1746504132.415564217]: Target - x: 1020.000000, y: 0.000000, phi: 0.000000[0m
[0m[ INFO] [1746504132.415688186]: Current - x: 464.050690, y: 468.664093, phi: 44.016796[0m
[0m[ INFO] [1746504132.415727834]: Error - x: 555.949341, y: -468.664093[0m
[0m[ INFO] [1746504132.415759931]: error_y: -468.664093[0m
[0m[ INFO] [1746504132.415787995]: integral_error_y: -100.000000[0m
[0m[ INFO] [1746504132.415817308]: w: -547.837036[0m
[0m[ INFO] [1746504132.415851644]: Publishing motor command - Left: 4769.236328, Right: 4496.585938[0m
[0m[ INFO] [1746504132.515546001]: Target - x: 1020.000000, y: 0.000000, phi: 0.000000[0m
[0m[ INFO] [1746504132.515686163]: Current - x: 493.160583, y: 496.925385, phi: 43.528137[0m
[0m[ INFO] [1746504132.515764052]: Error - x: 526.839417, y: -496.925385[0m
[0m[ INFO] [1746504132.515844213]: Publishing motor command - Left: 3357.813232, Right: -3357.813232[0m
[0m[ INFO] [1746504132.616265555]: Target - x: 1020.000000, y: 0.000000, phi: 0.000000[0m
[0m[ INFO] [1746504132.616371188]: Current - x: 521.705872, y: 524.324890, phi: 43.148022[0m
[0m[ INFO] [1746504132.616443221]: Error - x: 498.294128, y: -524.324890[0m
[0m[ INFO] [1746504132.616522454]: Publishing motor command - Left: 620.576782, Right: -620.576782[0m
[0m[ INFO] [1746504132.716991957]: Target - x: 1020.000000, y: 0.000000, phi: 0.000000[0m
[0m[ INFO] [1746504132.717461690]: Current - x: 522.643127, y: 524.930664, phi: 21.844633[0m
[0m[ INFO] [1746504132.718018177]: Error - x: 497.356873, y: -524.930664[0m
[0m[ INFO] [1746504132.718555719]: Publishing motor command - Left: -999.145203, Right: 999.145203[0m
[0m[ INFO] [1746504132.815731807]: Target - x: 1020.000000, y: 0.000000, phi: 0.000000[0m
[0m[ INFO] [1746504132.815927681]: Current - x: 551.062439, y: 551.294800, phi: 21.251625[0m
[0m[ INFO] [1746504132.816074947]: Error - x: 468.937561, y: -551.294800[0m
[0m[ INFO] [1746504132.816144036]: Publishing motor command - Left: 280.407166, Right: -280.407166[0m
[0m[ INFO] [1746504132.919573445]: Target - x: 1020.000000, y: 0.000000, phi: 0.000000[0m
[0m[ INFO] [1746504132.919894601]: Current - x: 550.466736, y: 550.951904, phi: 37.416271[0m
[0m[ INFO] [1746504132.920013290]: Error - x: 469.533264, y: -550.951904[0m
[0m[ INFO] [1746504132.920103115]: Publishing motor command - Left: 1564.258911, Right: -1564.258911[0m
[0m[ INFO] [1746504133.022668707]: Target - x: 1020.000000, y: 0.000000, phi: 0.000000[0m
[0m[ INFO] [1746504133.023033031]: Current - x: 569.958496, y: 558.969849, phi: 39.632774[0m
[0m[ INFO] [1746504133.023096584]: Error - x: 450.041504, y: -558.969849[0m
[0m[ INFO] [1746504133.023207881]: Publishing motor command - Left: 729.629578, Right: -729.629578[0m
[0m[ INFO] [1746504133.121118697]: Target - x: 1020.000000, y: 0.000000, phi: 0.000000[0m
[0m[ INFO] [1746504133.121515694]: Current - x: 567.190918, y: 557.007996, phi: 35.463123[0m
[0m[ INFO] [1746504133.121694000]: Error - x: 452.809082, y: -557.007996[0m
[0m[ INFO] [1746504133.121757841]: Publishing motor command - Left: 270.087463, Right: -270.087463[0m
[0m[ INFO] [1746504133.223096985]: Target - x: 1020.000000, y: 0.000000, phi: 0.000000[0m
[0m[ INFO] [1746504133.224274247]: Current - x: 568.584595, y: 558.160034, phi: 35.353382[0m
[0m[ INFO] [1746504133.224365992]: Error - x: 451.415405, y: -558.160034[0m
[0m[ INFO] [1746504133.224430345]: Publishing motor command - Left: 521.018616, Right: -521.018616[0m
[0m[ INFO] [1746504133.321335614]: Target - x: 1020.000000, y: 0.000000, phi: 0.000000[0m
[0m[ INFO] [1746504133.321435295]: Current - x: 569.242493, y: 558.624939, phi: 34.924007[0m
[0m[ INFO] [1746504133.321789251]: Error - x: 450.757507, y: -558.624939[0m
[0m[ INFO] [1746504133.321857956]: Publishing motor command - Left: 494.723236, Right: -494.723236[0m
[0m[ INFO] [1746504133.537021736]: Target - x: 1020.000000, y: 0.000000, phi: 0.000000[0m
[0m[ INFO] [1746504133.537152009]: Current - x: 570.883667, y: 559.784607, phi: 34.706924[0m
[0m[ INFO] [1746504133.537192106]: Error - x: 449.116333, y: -559.784607[0m
[0m[ INFO] [1746504133.537228234]: Publishing motor command - Left: 504.688843, Right: -504.688843[0m
[0m[ INFO] [1746504133.539582918]: Target - x: 1020.000000, y: 0.000000, phi: 0.000000[0m
[0m[ INFO] [1746504133.539655911]: Current - x: 574.680054, y: 562.419189, phi: 34.378902[0m
[0m[ INFO] [1746504133.539767112]: Error - x: 445.319946, y: -562.419189[0m
[0m[ INFO] [1746504133.539855817]: Publishing motor command - Left: 492.889679, Right: -492.889679[0m
[0m[ INFO] [1746504133.615453475]: Target - x: 1020.000000, y: 0.000000, phi: 0.000000[0m
[0m[ INFO] [1746504133.615582820]: Current - x: 580.974121, y: 566.743469, phi: 33.511169[0m
[0m[ INFO] [1746504133.615685222]: Error - x: 439.025879, y: -566.743469[0m
[0m[ INFO] [1746504133.615810695]: Publishing motor command - Left: 446.358185, Right: -446.358185[0m
[0m[ INFO] [1746504133.720996605]: Target - x: 1020.000000, y: 0.000000, phi: 0.000000[0m
[0m[ INFO] [1746504133.721089310]: Current - x: 589.158813, y: 572.219055, phi: 32.319008[0m
[0m[ INFO] [1746504133.721126559]: Error - x: 430.841187, y: -572.219055[0m
[0m[ INFO] [1746504133.721247808]: Publishing motor command - Left: 408.375641, Right: -408.375641[0m
[0m[ INFO] [1746504133.822856268]: Target - x: 1020.000000, y: 0.000000, phi: 0.000000[0m
[0m[ INFO] [1746504133.824518751]: Current - x: 599.352234, y: 578.669189, phi: 29.946060[0m
[0m[ INFO] [1746504133.824691169]: Error - x: 420.647766, y: -578.669189[0m
[0m[ INFO] [1746504133.824865539]: Publishing motor command - Left: 299.488739, Right: -299.488739[0m
[0m[ INFO] [1746504133.920413832]: Target - x: 1020.000000, y: 0.000000, phi: 0.000000[0m
[0m[ INFO] [1746504133.920544713]: Current - x: 609.524292, y: 584.774475, phi: 27.252279[0m
[0m[ INFO] [1746504133.920583434]: Error - x: 410.475708, y: -584.774475[0m
[0m[ INFO] [1746504133.920644875]: Publishing motor command - Left: 239.309814, Right: -239.309814[0m
[0m[ INFO] [1746504134.022426200]: Target - x: 1020.000000, y: 0.000000, phi: 0.000000[0m
[0m[ INFO] [1746504134.022910846]: Current - x: 618.861267, y: 589.910522, phi: 24.988472[0m
[0m[ INFO] [1746504134.023088128]: Error - x: 401.138733, y: -589.910522[0m
[0m[ INFO] [1746504134.023213250]: Publishing motor command - Left: 232.258865, Right: -232.258865[0m
[0m[ INFO] [1746504134.122247503]: Target - x: 1020.000000, y: 0.000000, phi: 0.000000[0m
[0m[ INFO] [1746504134.122644596]: Current - x: 627.874268, y: 594.361389, phi: 23.046698[0m
[0m[ INFO] [1746504134.122844118]: Error - x: 392.125732, y: -594.361389[0m
[0m[ INFO] [1746504134.122992984]: Publishing motor command - Left: 223.300980, Right: -223.300980[0m
[0m[ INFO] [1746504134.223361973]: Target - x: 1020.000000, y: 0.000000, phi: 0.000000[0m
[0m[ INFO] [1746504134.223894459]: Current - x: 636.501648, y: 598.215454, phi: 21.212868[0m
[0m[ INFO] [1746504134.224038237]: Error - x: 383.498352, y: -598.215454[0m
[0m[ INFO] [1746504134.224201375]: Publishing motor command - Left: 202.636185, Right: -202.636185[0m
[0m[ INFO] [1746504134.320757551]: Target - x: 1020.000000, y: 0.000000, phi: 0.000000[0m
[0m[ INFO] [1746504134.321936349]: Current - x: 644.692810, y: 601.555481, phi: 19.486979[0m
[0m[ INFO] [1746504134.322018974]: Error - x: 375.307190, y: -601.555481[0m
[0m[ INFO] [1746504134.322276833]: Publishing motor command - Left: 183.582764, Right: -183.582764[0m
[0m[ INFO] [1746504134.416012880]: Target - x: 1020.000000, y: 0.000000, phi: 0.000000[0m
[0m[ INFO] [1746504134.416145105]: Current - x: 652.603455, y: 604.506470, phi: 17.975779[0m
[0m[ INFO] [1746504134.416204658]: Error - x: 367.396545, y: -604.506470[0m
[0m[ INFO] [1746504134.416264243]: Publishing motor command - Left: 174.375656, Right: -174.375656[0m
[0m[ INFO] [1746504134.515518307]: Target - x: 1020.000000, y: 0.000000, phi: 0.000000[0m
[0m[ INFO] [1746504134.515645828]: Current - x: 660.218994, y: 607.088867, phi: 16.465178[0m
[0m[ INFO] [1746504134.515706149]: Error - x: 359.781006, y: -607.088867[0m
[0m[ INFO] [1746504134.515826790]: Publishing motor command - Left: 151.858780, Right: -151.858780[0m
[0m[ INFO] [1746504134.622672687]: Target - x: 1020.000000, y: 0.000000, phi: 0.000000[0m
[0m[ INFO] [1746504134.623045652]: Current - x: 667.516296, y: 609.350647, phi: 14.955174[0m
[0m[ INFO] [1746504134.623158965]: Error - x: 352.483704, y: -609.350647[0m
[0m[ INFO] [1746504134.623295127]: Publishing motor command - Left: 129.350800, Right: -129.350800[0m
[0m[ INFO] [1746504134.720646576]: Target - x: 1020.000000, y: 0.000000, phi: 0.000000[0m
[0m[ INFO] [1746504134.720743281]: Current - x: 675.061523, y: 611.480530, phi: 13.551917[0m
[0m[ INFO] [1746504134.720819794]: Error - x: 344.938477, y: -611.480530[0m
[0m[ INFO] [1746504134.720908851]: Publishing motor command - Left: 115.040123, Right: -115.040123[0m
[0m[ INFO] [1746504134.816022035]: Target - x: 1020.000000, y: 0.000000, phi: 0.000000[0m
[0m[ INFO] [1746504134.816122100]: Current - x: 681.881592, y: 613.213135, phi: 12.149858[0m
[0m[ INFO] [1746504134.816167380]: Error - x: 338.118408, y: -613.213135[0m
[0m[ INFO] [1746504134.816214709]: Publishing motor command - Left: 94.181099, Right: -94.181099[0m
[0m[ INFO] [1746504134.916017291]: Target - x: 1020.000000, y: 0.000000, phi: 0.000000[0m
[0m[ INFO] [1746504134.916188045]: Current - x: 688.346558, y: 614.700745, phi: 10.962486[0m
[0m[ INFO] [1746504134.916281550]: Error - x: 331.653442, y: -614.700745[0m
[0m[ INFO] [1746504134.916364175]: Publishing motor command - Left: 89.808876, Right: -89.808876[0m
[0m[ INFO] [1746504135.019104328]: Target - x: 1020.000000, y: 0.000000, phi: 0.000000[0m
[0m[ INFO] [1746504135.019233450]: Current - x: 694.452454, y: 615.949280, phi: 9.775713[0m
[0m[ INFO] [1746504135.019370283]: Error - x: 325.547546, y: -615.949280[0m
[0m[ INFO] [1746504135.019508621]: Publishing motor command - Left: 72.126900, Right: -72.126900[0m
[0m[ INFO] [1746504135.123317042]: Target - x: 1020.000000, y: 0.000000, phi: 0.000000[0m
[0m[ INFO] [1746504135.123685335]: Current - x: 700.184692, y: 617.009216, phi: 8.803628[0m
[0m[ INFO] [1746504135.123806264]: Error - x: 319.815308, y: -617.009216[0m
[0m[ INFO] [1746504135.124138236]: Publishing motor command - Left: 70.969017, Right: -70.969017[0m
[0m[ INFO] [1746504135.216540507]: Target - x: 1020.000000, y: 0.000000, phi: 0.000000[0m
[0m[ INFO] [1746504135.216664732]: Current - x: 705.940552, y: 617.939697, phi: 7.617455[0m
[0m[ INFO] [1746504135.216803454]: Error - x: 314.059448, y: -617.939697[0m
[0m[ INFO] [1746504135.216885247]: Publishing motor command - Left: 39.940212, Right: -39.940212[0m
[0m[ INFO] [1746504135.322481913]: Target - x: 1020.000000, y: 0.000000, phi: 0.000000[0m
[0m[ INFO] [1746504135.322975359]: Current - x: 711.508606, y: 618.759033, phi: 6.752714[0m
[0m[ INFO] [1746504135.323108833]: Error - x: 308.491394, y: -618.759033[0m
[0m[ INFO] [1746504135.323211842]: Publishing motor command - Left: 47.025715, Right: -47.025715[0m
[0m[ INFO] [1746504135.415370174]: Target - x: 1020.000000, y: 0.000000, phi: 0.000000[0m
[0m[ INFO] [1746504135.415525536]: Current - x: 716.696228, y: 619.403198, phi: 5.674483[0m
[0m[ INFO] [1746504135.415789027]: Error - x: 303.303772, y: -619.403198[0m
[0m[ INFO] [1746504135.415842724]: Publishing motor command - Left: 17.645712, Right: -17.645712[0m
[0m[ INFO] [1746504135.523482326]: Target - x: 1020.000000, y: 0.000000, phi: 0.000000[0m
[0m[ INFO] [1746504135.523877403]: Current - x: 721.890808, y: 619.978577, phi: 4.810341[0m
[0m[ INFO] [1746504135.523980092]: Error - x: 298.109192, y: -619.978577[0m
[0m[ INFO] [1746504135.524085149]: Publishing motor command - Left: 18.062269, Right: -18.062269[0m
[0m[ INFO] [1746504135.615421584]: Target - x: 1020.000000, y: 0.000000, phi: 0.000000[0m
[0m[ INFO] [1746504135.615514705]: Current - x: 726.496216, y: 620.396851, phi: 3.840053[0m
[0m[ INFO] [1746504135.615553521]: Error - x: 293.503784, y: -620.396851[0m
[0m[ INFO] [1746504135.615648946]: Publishing motor command - Left: -3.028152, Right: 3.028152[0m
[0m[ INFO] [1746504135.722528956]: Target - x: 1020.000000, y: 0.000000, phi: 0.000000[0m
[0m[ INFO] [1746504135.722973153]: Current - x: 731.105652, y: 620.754150, phi: 3.083854[0m
[0m[ INFO] [1746504135.723094339]: Error - x: 288.894348, y: -620.754150[0m
[0m[ INFO] [1746504135.723230852]: Publishing motor command - Left: -0.999954, Right: 0.999954[0m
[0m[ INFO] [1746504135.816218378]: Target - x: 1020.000000, y: 0.000000, phi: 0.000000[0m
[0m[ INFO] [1746504135.816379276]: Current - x: 735.319519, y: 621.009094, phi: 2.328254[0m
[0m[ INFO] [1746504135.816470701]: Error - x: 284.680481, y: -621.009094[0m
[0m[ INFO] [1746504135.816549134]: Publishing motor command - Left: -12.244256, Right: 12.244256[0m
[0m[ INFO] [1746504135.923472728]: Target - x: 1020.000000, y: 0.000000, phi: 0.000000[0m
[0m[ INFO] [1746504135.923926141]: Current - x: 739.135193, y: 621.189453, phi: 1.573253[0m
[0m[ INFO] [1746504135.924080031]: Error - x: 280.864807, y: -621.189453[0m
[0m[ INFO] [1746504135.924162240]: Publishing motor command - Left: -23.479576, Right: 23.479576[0m
[0m[ INFO] [1746504136.022342403]: Target - x: 1020.000000, y: 0.000000, phi: 0.000000[0m
[0m[ INFO] [1746504136.022671975]: Current - x: 742.751465, y: 621.316040, phi: 0.925596[0m
[0m[ INFO] [1746504136.022917290]: Error - x: 277.248535, y: -621.316040[0m
[0m[ INFO] [1746504136.023007499]: Publishing motor command - Left: -26.471521, Right: 26.471521[0m
[0m[ INFO] [1746504136.116695737]: Target - x: 1020.000000, y: 0.000000, phi: 0.000000[0m
[0m[ INFO] [1746504136.116817434]: Current - x: 746.369080, y: 621.394897, phi: 0.277938[0m
[0m[ INFO] [1746504136.116941052]: Error - x: 273.630920, y: -621.394897[0m
[0m[ INFO] [1746504136.117018845]: Publishing motor command - Left: -36.141399, Right: 36.141399[0m
[0m[ INFO] [1746504136.224059816]: Target - x: 1020.000000, y: 0.000000, phi: 0.000000[0m
[0m[ INFO] [1746504136.224396844]: Current - x: 749.785950, y: 621.434021, phi: -0.262375[0m
[0m[ INFO] [1746504136.224606254]: Error - x: 270.214050, y: -621.434021[0m
[0m[ INFO] [1746504136.224683887]: Publishing motor command - Left: -37.530628, Right: 37.530628[0m
[0m[ INFO] [1746504136.322596079]: Target - x: 1020.000000, y: 0.000000, phi: 0.000000[0m
[0m[ INFO] [1746504136.322904723]: Current - x: 753.203064, y: 621.434448, phi: -0.802688[0m
[0m[ INFO] [1746504136.323133973]: Error - x: 266.796936, y: -621.434448[0m
[0m[ INFO] [1746504136.323258391]: Publishing motor command - Left: -45.597805, Right: 45.597805[0m
[0m[ INFO] [1746504136.423555315]: Target - x: 1020.000000, y: 0.000000, phi: 0.000000[0m
[0m[ INFO] [1746504136.423865814]: Current - x: 756.218323, y: 621.406433, phi: -1.342402[0m
[0m[ INFO] [1746504136.424170458]: Error - x: 263.781677, y: -621.406433[0m
[0m[ INFO] [1746504136.424285051]: Publishing motor command - Left: -53.618790, Right: 53.618790[0m
[0m[ INFO] [1746504136.523812206]: Target - x: 1020.000000, y: 0.000000, phi: 0.000000[0m
[0m[ INFO] [1746504136.524357748]: Current - x: 759.031921, y: 621.356445, phi: -1.774772[0m
[0m[ INFO] [1746504136.524590903]: Error - x: 260.968079, y: -621.356445[0m
[0m[ INFO] [1746504136.528260322]: Publishing motor command - Left: -53.396366, Right: 53.396366[0m
[0m[ INFO] [1746504136.615961482]: Target - x: 1020.000000, y: 0.000000, phi: 0.000000[0m
[0m[ INFO] [1746504136.616061483]: Current - x: 762.046143, y: 621.271606, phi: -2.314487[0m
[0m[ INFO] [1746504136.616131756]: Error - x: 257.953857, y: -621.271606[0m
[0m[ INFO] [1746504136.616197773]: Publishing motor command - Left: -68.132561, Right: 68.132561[0m
[0m[ INFO] [1746504136.722594352]: Target - x: 1020.000000, y: 0.000000, phi: 0.000000[0m
[0m[ INFO] [1746504136.723023157]: Current - x: 764.858459, y: 621.173828, phi: -2.746857[0m
[0m[ INFO] [1746504136.723189399]: Error - x: 255.141541, y: -621.173828[0m
[0m[ INFO] [1746504136.723301401]: Publishing motor command - Left: -67.910126, Right: 67.910126[0m
[0m[ INFO] [1746504136.822907276]: Target - x: 1020.000000, y: 0.000000, phi: 0.000000[0m
[0m[ INFO] [1746504136.823431602]: Current - x: 767.267517, y: 621.071899, phi: -2.964539[0m
[0m[ INFO] [1746504136.823527699]: Error - x: 252.732483, y: -621.071899[0m
[0m[ INFO] [1746504136.823658261]: Publishing motor command - Left: -57.804363, Right: 57.804363[0m
[0m[ INFO] [1746504136.915877266]: Target - x: 1020.000000, y: 0.000000, phi: 0.000000[0m
[0m[ INFO] [1746504136.916016819]: Current - x: 769.676636, y: 620.947205, phi: -3.396310[0m
[0m[ INFO] [1746504136.916076628]: Error - x: 250.323364, y: -620.947205[0m
[0m[ INFO] [1746504136.916135669]: Publishing motor command - Left: -77.569595, Right: 77.569595[0m
[0m[ INFO] [1746504137.015718920]: Target - x: 1020.000000, y: 0.000000, phi: 0.000000[0m
[0m[ INFO] [1746504137.015900170]: Current - x: 771.684143, y: 620.835632, phi: -3.827483[0m
[0m[ INFO] [1746504137.016009836]: Error - x: 248.315857, y: -620.835632[0m
[0m[ INFO] [1746504137.016091789]: Publishing motor command - Left: -83.969986, Right: 83.969986[0m
[0m[ INFO] [1746504137.116496201]: Target - x: 1020.000000, y: 0.000000, phi: 0.000000[0m
[0m[ INFO] [1746504137.116587211]: Current - x: 774.090881, y: 620.688232, phi: -4.045165[0m
[0m[ INFO] [1746504137.116676524]: Error - x: 245.909119, y: -620.688232[0m
[0m[ INFO] [1746504137.116741644]: Publishing motor command - Left: -73.938713, Right: 73.938713[0m
[0m[ INFO] [1746504137.222068483]: Target - x: 1020.000000, y: 0.000000, phi: 0.000000[0m
[0m[ INFO] [1746504137.222508040]: Current - x: 775.895691, y: 620.562378, phi: -4.368994[0m
[0m[ INFO] [1746504137.222674922]: Error - x: 244.104309, y: -620.562378[0m
[0m[ INFO] [1746504137.222771659]: Publishing motor command - Left: -85.377106, Right: 85.377106[0m
[0m[ INFO] [1746504137.322081179]: Target - x: 1020.000000, y: 0.000000, phi: 0.000000[0m
[0m[ INFO] [1746504137.322563905]: Current - x: 777.699219, y: 620.433105, phi: -4.478733[0m
[0m[ INFO] [1746504137.322750915]: Error - x: 242.300781, y: -620.433105[0m
[0m[ INFO] [1746504137.322888389]: Publishing motor command - Left: -73.696938, Right: 73.696938[0m
[0m[ INFO] [1746504137.423671686]: Target - x: 1020.000000, y: 0.000000, phi: 0.000000[0m
[0m[ INFO] [1746504137.424304750]: Current - x: 779.101501, y: 620.324585, phi: -4.587873[0m
[0m[ INFO] [1746504137.424517456]: Error - x: 240.898499, y: -620.324585[0m
[0m[ INFO] [1746504137.424626321]: Publishing motor command - Left: -75.289200, Right: 75.289200[0m
[0m[ INFO] [1746504137.522823892]: Target - x: 1020.000000, y: 0.000000, phi: 0.000000[0m
[0m[ INFO] [1746504137.523241657]: Current - x: 780.302856, y: 620.230469, phi: -4.589670[0m
[0m[ INFO] [1746504137.523399323]: Error - x: 239.697144, y: -620.230469[0m
[0m[ INFO] [1746504137.523505180]: Publishing motor command - Left: -68.638069, Right: 68.638069[0m
[0m[ INFO] [1746504137.624541025]: Target - x: 1020.000000, y: 0.000000, phi: 0.000000[0m
[0m[ INFO] [1746504137.624907621]: Current - x: 781.305237, y: 620.147217, phi: -4.912301[0m
[0m[ INFO] [1746504137.625087847]: Error - x: 238.694763, y: -620.147217[0m
[0m[ INFO] [1746504137.625239273]: Publishing motor command - Left: -93.414459, Right: 93.414459[0m
[0m[ INFO] [1746504137.722864805]: Target - x: 1020.000000, y: 0.000000, phi: 0.000000[0m
[0m[ INFO] [1746504137.723217865]: Current - x: 782.906860, y: 620.018616, phi: -4.914696[0m
[0m[ INFO] [1746504137.723368331]: Error - x: 237.093140, y: -620.018616[0m
[0m[ INFO] [1746504137.723536333]: Publishing motor command - Left: -73.528145, Right: 73.528145[0m
[0m[ INFO] [1746504137.822939454]: Target - x: 1020.000000, y: 0.000000, phi: 0.000000[0m
[0m[ INFO] [1746504137.823412964]: Current - x: 783.907837, y: 619.931580, phi: -5.023238[0m
[0m[ INFO] [1746504137.823504325]: Error - x: 236.092163, y: -619.931580[0m
[0m[ INFO] [1746504137.823722311]: Publishing motor command - Left: -81.752205, Right: 81.752205[0m
[0m[ INFO] [1746504137.915655936]: Target - x: 1020.000000, y: 0.000000, phi: 0.000000[0m
[0m[ INFO] [1746504137.915846179]: Current - x: 784.908813, y: 619.844604, phi: -5.131779[0m
[0m[ INFO] [1746504137.915961220]: Error - x: 235.091187, y: -619.844604[0m
[0m[ INFO] [1746504137.916024357]: Publishing motor command - Left: -83.372757, Right: 83.372757[0m
[0m[ INFO] [1746504138.022249094]: Target - x: 1020.000000, y: 0.000000, phi: 0.000000[0m
[0m[ INFO] [1746504138.023116912]: Current - x: 786.309753, y: 619.720093, phi: -5.240920[0m
[0m[ INFO] [1746504138.023192305]: Error - x: 233.690247, y: -619.720093[0m
[0m[ INFO] [1746504138.023257906]: Publishing motor command - Left: -85.039543, Right: 85.039543[0m
[0m[ INFO] [1746504138.121406644]: Target - x: 1020.000000, y: 0.000000, phi: 0.000000[0m
[0m[ INFO] [1746504138.121734584]: Current - x: 787.310364, y: 619.629272, phi: -5.349461[0m
[0m[ INFO] [1746504138.121900314]: Error - x: 232.689636, y: -619.629272[0m
[0m[ INFO] [1746504138.122063068]: Publishing motor command - Left: -86.622864, Right: 86.622864[0m
[0m[ INFO] [1746504138.222689083]: Target - x: 1020.000000, y: 0.000000, phi: 0.000000[0m
[0m[ INFO] [1746504138.223128512]: Current - x: 788.310852, y: 619.536560, phi: -5.458003[0m
[0m[ INFO] [1746504138.223300770]: Error - x: 231.689148, y: -619.536560[0m
[0m[ INFO] [1746504138.223446308]: Publishing motor command - Left: -88.243500, Right: 88.243500[0m
[0m[ INFO] [1746504138.321739304]: Target - x: 1020.000000, y: 0.000000, phi: 0.000000[0m
[0m[ INFO] [1746504138.322282542]: Current - x: 788.910278, y: 619.480957, phi: -5.351856[0m
[0m[ INFO] [1746504138.322457488]: Error - x: 231.089722, y: -619.480957[0m
[0m[ INFO] [1746504138.322632114]: Publishing motor command - Left: -73.302734, Right: 73.302734[0m
[0m[ INFO] [1746504138.538836833]: Target - x: 1020.000000, y: 0.000000, phi: 0.000000[0m
[0m[ INFO] [1746504138.538941442]: Current - x: 789.710938, y: 619.402954, phi: -5.567143[0m
[0m[ INFO] [1746504138.538979714]: Error - x: 230.289062, y: -619.402954[0m
[0m[ INFO] [1746504138.539048163]: Publishing motor command - Left: -96.513710, Right: 96.513710[0m
[0m[ INFO] [1746504138.541420479]: Target - x: 1020.000000, y: 0.000000, phi: 0.000000[0m
[0m[ INFO] [1746504138.541495136]: Current - x: 790.510803, y: 619.328003, phi: -5.568341[0m
[0m[ INFO] [1746504138.541528896]: Error - x: 229.489197, y: -619.328003[0m
[0m[ INFO] [1746504138.541583969]: Publishing motor command - Left: -83.212914, Right: 83.212914[0m
[0m[ INFO] [1746504138.616178446]: Target - x: 1020.000000, y: 0.000000, phi: 0.000000[0m
[0m[ INFO] [1746504138.616277455]: Current - x: 790.510803, y: 619.328003, phi: -5.568341[0m
[0m[ INFO] [1746504138.616317104]: Error - x: 229.489197, y: -619.328003[0m
[0m[ INFO] [1746504138.616355312]: Publishing motor command - Left: -83.138428, Right: 83.138428[0m
[0m[ INFO] [1746504138.721548133]: Target - x: 1020.000000, y: 0.000000, phi: 0.000000[0m
[0m[ INFO] [1746504138.721674759]: Current - x: 790.510803, y: 619.328003, phi: -5.568341[0m
[0m[ INFO] [1746504138.721731623]: Error - x: 229.489197, y: -619.328003[0m
[0m[ INFO] [1746504138.721809320]: Publishing motor command - Left: -83.138428, Right: 83.138428[0m
[0m[ INFO] [1746504138.815668984]: Target - x: 1020.000000, y: 0.000000, phi: 0.000000[0m
[0m[ INFO] [1746504138.815767353]: Current - x: 790.510803, y: 619.328003, phi: -5.568341[0m
[0m[ INFO] [1746504138.815806522]: Error - x: 229.489197, y: -619.328003[0m
[0m[ INFO] [1746504138.815874906]: Publishing motor command - Left: -83.138428, Right: 83.138428[0m
[0m[ INFO] [1746504138.923386123]: Target - x: 1020.000000, y: 0.000000, phi: 0.000000[0m
[0m[ INFO] [1746504138.923908721]: Current - x: 790.510803, y: 619.328003, phi: -5.568341[0m
[0m[ INFO] [1746504138.924003186]: Error - x: 229.489197, y: -619.328003[0m
[0m[ INFO] [1746504138.924188692]: Publishing motor command - Left: -83.138428, Right: 83.138428[0m
[0m[ INFO] [1746504139.015622279]: Target - x: 1020.000000, y: 0.000000, phi: 0.000000[0m
[0m[ INFO] [1746504139.015773449]: Current - x: 790.510803, y: 619.328003, phi: -5.568341[0m
[0m[ INFO] [1746504139.015853546]: Error - x: 229.489197, y: -619.328003[0m
[0m[ INFO] [1746504139.015938987]: Publishing motor command - Left: -83.138428, Right: 83.138428[0m
[0m[ INFO] [1746504139.122647346]: Target - x: 1020.000000, y: 0.000000, phi: 0.000000[0m
[0m[ INFO] [1746504139.123112119]: Current - x: 790.510803, y: 619.328003, phi: -5.568341[0m
[0m[ INFO] [1746504139.123287065]: Error - x: 229.489197, y: -619.328003[0m
[0m[ INFO] [1746504139.123417371]: Publishing motor command - Left: -83.138428, Right: 83.138428[0m
[0m[ INFO] [1746504139.223988761]: Target - x: 1020.000000, y: 0.000000, phi: 0.000000[0m
[0m[ INFO] [1746504139.224462367]: Current - x: 790.510803, y: 619.328003, phi: -5.568341[0m
[0m[ INFO] [1746504139.224564704]: Error - x: 229.489197, y: -619.328003[0m
[0m[ INFO] [1746504139.224651713]: Publishing motor command - Left: -83.138428, Right: 83.138428[0m
[0m[ INFO] [1746504139.321585877]: Target - x: 1020.000000, y: 0.000000, phi: 0.000000[0m
[0m[ INFO] [1746504139.322356222]: Current - x: 790.510803, y: 619.328003, phi: -5.568341[0m
[0m[ INFO] [1746504139.322474559]: Error - x: 229.489197, y: -619.328003[0m
[0m[ INFO] [1746504139.322617409]: Publishing motor command - Left: -83.138428, Right: 83.138428[0m
[0m[ INFO] [1746504139.423274496]: Target - x: 1020.000000, y: 0.000000, phi: 0.000000[0m
[0m[ INFO] [1746504139.423714277]: Current - x: 790.510803, y: 619.328003, phi: -5.568341[0m
[0m[ INFO] [1746504139.423880487]: Error - x: 229.489197, y: -619.328003[0m
[0m[ INFO] [1746504139.424014089]: Publishing motor command - Left: -83.138428, Right: 83.138428[0m
[0m[ INFO] [1746504139.521372801]: Target - x: 1020.000000, y: 0.000000, phi: 0.000000[0m
[0m[ INFO] [1746504139.521720710]: Current - x: 790.510803, y: 619.328003, phi: -5.568341[0m
[0m[ INFO] [1746504139.521835559]: Error - x: 229.489197, y: -619.328003[0m
[0m[ INFO] [1746504139.521911592]: Publishing motor command - Left: -83.138428, Right: 83.138428[0m
[0m[ INFO] [1746504139.615893657]: Target - x: 1020.000000, y: 0.000000, phi: 0.000000[0m
[0m[ INFO] [1746504139.616090459]: Current - x: 790.510803, y: 619.328003, phi: -5.568341[0m
[0m[ INFO] [1746504139.616173724]: Error - x: 229.489197, y: -619.328003[0m
[0m[ INFO] [1746504139.616259709]: Publishing motor command - Left: -83.138428, Right: 83.138428[0m
[0m[ INFO] [1746504139.722043033]: Target - x: 1020.000000, y: 0.000000, phi: 0.000000[0m
[0m[ INFO] [1746504139.722610687]: Current - x: 790.510803, y: 619.328003, phi: -5.568341[0m
[0m[ INFO] [1746504139.722704737]: Error - x: 229.489197, y: -619.328003[0m
[0m[ INFO] [1746504139.722797730]: Publishing motor command - Left: -83.138428, Right: 83.138428[0m
[0m[ INFO] [1746504139.822550006]: Target - x: 1020.000000, y: 0.000000, phi: 0.000000[0m
[0m[ INFO] [1746504139.823066525]: Current - x: 790.510803, y: 619.328003, phi: -5.568341[0m
[0m[ INFO] [1746504139.823293311]: Error - x: 229.489197, y: -619.328003[0m
[0m[ INFO] [1746504139.823470369]: Publishing motor command - Left: -83.138428, Right: 83.138428[0m
[0m[ INFO] [1746504139.921358944]: Target - x: 1020.000000, y: 0.000000, phi: 0.000000[0m
[0m[ INFO] [1746504139.922815601]: Current - x: 790.510803, y: 619.328003, phi: -5.568341[0m
[0m[ INFO] [1746504139.922928051]: Error - x: 229.489197, y: -619.328003[0m
[0m[ INFO] [1746504139.923013460]: Publishing motor command - Left: -83.138428, Right: 83.138428[0m
[0m[ INFO] [1746504140.015751798]: Target - x: 1020.000000, y: 0.000000, phi: 0.000000[0m
[0m[ INFO] [1746504140.015857591]: Current - x: 790.510803, y: 619.328003, phi: -5.568341[0m
[0m[ INFO] [1746504140.015962392]: Error - x: 229.489197, y: -619.328003[0m
[0m[ INFO] [1746504140.016060986]: Publishing motor command - Left: -83.138428, Right: 83.138428[0m
[0m[ INFO] [1746504140.123488008]: Target - x: 1020.000000, y: 0.000000, phi: 0.000000[0m
[0m[ INFO] [1746504140.123941902]: Current - x: 790.510803, y: 619.328003, phi: -5.568341[0m
[0m[ INFO] [1746504140.124121584]: Error - x: 229.489197, y: -619.328003[0m
[0m[ INFO] [1746504140.124321202]: Publishing motor command - Left: -83.138428, Right: 83.138428[0m
[0m[ INFO] [1746504140.223420543]: Target - x: 1020.000000, y: 0.000000, phi: 0.000000[0m
[0m[ INFO] [1746504140.223805316]: Current - x: 790.510803, y: 619.328003, phi: -5.568341[0m
[0m[ INFO] [1746504140.223909445]: Error - x: 229.489197, y: -619.328003[0m
[0m[ INFO] [1746504140.223999846]: Publishing motor command - Left: -83.138428, Right: 83.138428[0m
[0m[ INFO] [1746504140.323230676]: Target - x: 1020.000000, y: 0.000000, phi: 0.000000[0m
[0m[ INFO] [1746504140.323945181]: Current - x: 790.510803, y: 619.328003, phi: -5.568341[0m
[0m[ INFO] [1746504140.324161247]: Error - x: 229.489197, y: -619.328003[0m
[0m[ INFO] [1746504140.324266625]: Publishing motor command - Left: -83.138428, Right: 83.138428[0m
[0m[ INFO] [1746504140.424801854]: Target - x: 1020.000000, y: 0.000000, phi: 0.000000[0m
[0m[ INFO] [1746504140.425241508]: Current - x: 790.510803, y: 619.328003, phi: -5.568341[0m
[0m[ INFO] [1746504140.425428294]: Error - x: 229.489197, y: -619.328003[0m
[0m[ INFO] [1746504140.425685289]: Publishing motor command - Left: -83.138428, Right: 83.138428[0m
[0m[ INFO] [1746504140.522481691]: Target - x: 1020.000000, y: 0.000000, phi: 0.000000[0m
[0m[ INFO] [1746504140.522892192]: Current - x: 790.510803, y: 619.328003, phi: -5.568341[0m
[0m[ INFO] [1746504140.523079298]: Error - x: 229.489197, y: -619.328003[0m
[0m[ INFO] [1746504140.523180803]: Publishing motor command - Left: -83.138428, Right: 83.138428[0m
[0m[ INFO] [1746504140.623141050]: Target - x: 1020.000000, y: 0.000000, phi: 0.000000[0m
[0m[ INFO] [1746504140.623488158]: Current - x: 790.510803, y: 619.328003, phi: -5.568341[0m
[0m[ INFO] [1746504140.623641888]: Error - x: 229.489197, y: -619.328003[0m
[0m[ INFO] [1746504140.623843106]: Publishing motor command - Left: -83.138428, Right: 83.138428[0m
[0m[ INFO] [1746504140.722271015]: Target - x: 1020.000000, y: 0.000000, phi: 0.000000[0m
[0m[ INFO] [1746504140.722786989]: Current - x: 790.510803, y: 619.328003, phi: -5.568341[0m
[0m[ INFO] [1746504140.723039952]: Error - x: 229.489197, y: -619.328003[0m
[0m[ INFO] [1746504140.723226611]: Publishing motor command - Left: -83.138428, Right: 83.138428[0m
[0m[ INFO] [1746504140.823476141]: Target - x: 1020.000000, y: 0.000000, phi: 0.000000[0m
[0m[ INFO] [1746504140.823871794]: Current - x: 790.510803, y: 619.328003, phi: -5.568341[0m
[0m[ INFO] [1746504140.824398776]: Error - x: 229.489197, y: -619.328003[0m
[0m[ INFO] [1746504140.824720188]: Publishing motor command - Left: -83.138428, Right: 83.138428[0m
[0m[ INFO] [1746504140.922540218]: Target - x: 1020.000000, y: 0.000000, phi: 0.000000[0m
[0m[ INFO] [1746504140.923080000]: Current - x: 790.510803, y: 619.328003, phi: -5.568341[0m
[0m[ INFO] [1746504140.923281634]: Error - x: 229.489197, y: -619.328003[0m
[0m[ INFO] [1746504140.923558246]: Publishing motor command - Left: -83.138428, Right: 83.138428[0m
[0m[ INFO] [1746504141.016170982]: Target - x: 1020.000000, y: 0.000000, phi: 0.000000[0m
[0m[ INFO] [1746504141.016896719]: Current - x: 790.510803, y: 619.328003, phi: -5.568341[0m
[0m[ INFO] [1746504141.017107153]: Error - x: 229.489197, y: -619.328003[0m
[0m[ INFO] [1746504141.017209874]: Publishing motor command - Left: -83.138428, Right: 83.138428[0m
[0m[ INFO] [1746504141.123276273]: Target - x: 1020.000000, y: 0.000000, phi: 0.000000[0m
[0m[ INFO] [1746504141.123584757]: Current - x: 790.510803, y: 619.328003, phi: -5.568341[0m
[0m[ INFO] [1746504141.123679126]: Error - x: 229.489197, y: -619.328003[0m
[0m[ INFO] [1746504141.123876728]: Publishing motor command - Left: -83.138428, Right: 83.138428[0m
[0m[ INFO] [1746504141.222151803]: Target - x: 1020.000000, y: 0.000000, phi: 0.000000[0m
[0m[ INFO] [1746504141.222300637]: Current - x: 790.510803, y: 619.328003, phi: -5.568341[0m
[0m[ INFO] [1746504141.222354110]: Error - x: 229.489197, y: -619.328003[0m
[0m[ INFO] [1746504141.222478879]: Publishing motor command - Left: -83.138428, Right: 83.138428[0m
[0m[ INFO] [1746504141.323129822]: Target - x: 1020.000000, y: 0.000000, phi: 0.000000[0m
[0m[ INFO] [1746504141.323491106]: Current - x: 790.710144, y: 619.308777, phi: -5.461596[0m
[0m[ INFO] [1746504141.323601028]: Error - x: 229.289856, y: -619.308777[0m
[0m[ INFO] [1746504141.323826726]: Publishing motor command - Left: -74.903976, Right: 74.903976[0m
[0m[ INFO] [1746504141.415479995]: Target - x: 1020.000000, y: 0.000000, phi: 0.000000[0m
[0m[ INFO] [1746504141.415584285]: Current - x: 790.710144, y: 619.308777, phi: -5.461596[0m
[0m[ INFO] [1746504141.415630237]: Error - x: 229.289856, y: -619.308777[0m
[0m[ INFO] [1746504141.415723934]: Publishing motor command - Left: -81.544670, Right: 81.544670[0m
[0m[ INFO] [1746504141.523026603]: Target - x: 1020.000000, y: 0.000000, phi: 0.000000[0m
[0m[ INFO] [1746504141.523417200]: Current - x: 790.710144, y: 619.308777, phi: -5.461596[0m
[0m[ INFO] [1746504141.523600818]: Error - x: 229.289856, y: -619.308777[0m
[0m[ INFO] [1746504141.523757972]: Publishing motor command - Left: -81.544670, Right: 81.544670[0m
[0m[ INFO] [1746504141.617709444]: Target - x: 1020.000000, y: 0.000000, phi: 0.000000[0m
[0m[ INFO] [1746504141.618040968]: Current - x: 790.710144, y: 619.308777, phi: -5.461596[0m
[0m[ INFO] [1746504141.618448589]: Error - x: 229.289856, y: -619.308777[0m
[0m[ INFO] [1746504141.618640591]: Publishing motor command - Left: -81.544670, Right: 81.544670[0m
[0m[ INFO] [1746504141.723128763]: Target - x: 1020.000000, y: 0.000000, phi: 0.000000[0m
[0m[ INFO] [1746504141.723569729]: Current - x: 790.710144, y: 619.308777, phi: -5.461596[0m
[0m[ INFO] [1746504141.723718754]: Error - x: 229.289856, y: -619.308777[0m
[0m[ INFO] [1746504141.723994886]: Publishing motor command - Left: -81.544670, Right: 81.544670[0m
[0m[ INFO] [1746504141.823558488]: Target - x: 1020.000000, y: 0.000000, phi: 0.000000[0m
[0m[ INFO] [1746504141.823971389]: Current - x: 790.710144, y: 619.308777, phi: -5.461596[0m
[0m[ INFO] [1746504141.824067934]: Error - x: 229.289856, y: -619.308777[0m
[0m[ INFO] [1746504141.824179487]: Publishing motor command - Left: -81.544670, Right: 81.544670[0m
[0m[ INFO] [1746504141.922568579]: Target - x: 1020.000000, y: 0.000000, phi: 0.000000[0m
[0m[ INFO] [1746504141.922930856]: Current - x: 790.710144, y: 619.308777, phi: -5.461596[0m
[0m[ INFO] [1746504141.923122186]: Error - x: 229.289856, y: -619.308777[0m
[0m[ INFO] [1746504141.923272012]: Publishing motor command - Left: -81.544670, Right: 81.544670[0m
[0m[ INFO] [1746504142.024629395]: Target - x: 1020.000000, y: 0.000000, phi: 0.000000[0m
[0m[ INFO] [1746504142.025065560]: Current - x: 790.710144, y: 619.308777, phi: -5.461596[0m
[0m[ INFO] [1746504142.025171993]: Error - x: 229.289856, y: -619.308777[0m
[0m[ INFO] [1746504142.025260666]: Publishing motor command - Left: -81.544670, Right: 81.544670[0m
[0m[ INFO] [1746504142.123274138]: Target - x: 1020.000000, y: 0.000000, phi: 0.000000[0m
[0m[ INFO] [1746504142.123697151]: Current - x: 790.710144, y: 619.308777, phi: -5.461596[0m
[0m[ INFO] [1746504142.124529417]: Error - x: 229.289856, y: -619.308777[0m
[0m[ INFO] [1746504142.124806668]: Publishing motor command - Left: -81.544670, Right: 81.544670[0m
[0m[ INFO] [1746504142.216321728]: Target - x: 1020.000000, y: 0.000000, phi: 0.000000[0m
[0m[ INFO] [1746504142.216452673]: Current - x: 790.909546, y: 619.289917, phi: -5.354850[0m
[0m[ INFO] [1746504142.216662820]: Error - x: 229.090454, y: -619.289917[0m
[0m[ INFO] [1746504142.216835398]: Publishing motor command - Left: -73.310204, Right: 73.310204[0m
[0m[ INFO] [1746504142.324016017]: Target - x: 1020.000000, y: 0.000000, phi: 0.000000[0m
[0m[ INFO] [1746504142.325050141]: Current - x: 791.108948, y: 619.270996, phi: -5.248105[0m
[0m[ INFO] [1746504142.325243296]: Error - x: 228.891052, y: -619.270996[0m
[0m[ INFO] [1746504142.325490307]: Publishing motor command - Left: -71.716438, Right: 71.716438[0m
[0m[ INFO] [1746504142.421561067]: Target - x: 1020.000000, y: 0.000000, phi: 0.000000[0m
[0m[ INFO] [1746504142.421712429]: Current - x: 791.108948, y: 619.270996, phi: -5.248105[0m
[0m[ INFO] [1746504142.421796910]: Error - x: 228.891052, y: -619.270996[0m
[0m[ INFO] [1746504142.421916752]: Publishing motor command - Left: -78.357124, Right: 78.357124[0m
[0m[ INFO] [1746504142.523466649]: Target - x: 1020.000000, y: 0.000000, phi: 0.000000[0m
[0m[ INFO] [1746504142.523843261]: Current - x: 791.108948, y: 619.270996, phi: -5.248105[0m
[0m[ INFO] [1746504142.523929790]: Error - x: 228.891052, y: -619.270996[0m
[0m[ INFO] [1746504142.524013055]: Publishing motor command - Left: -78.357124, Right: 78.357124[0m
[0m[ INFO] [1746504142.623842965]: Target - x: 1020.000000, y: 0.000000, phi: 0.000000[0m
[0m[ INFO] [1746504142.624333114]: Current - x: 791.108948, y: 619.270996, phi: -5.248105[0m
[0m[ INFO] [1746504142.624582365]: Error - x: 228.891052, y: -619.270996[0m
[0m[ INFO] [1746504142.624716607]: Publishing motor command - Left: -78.357124, Right: 78.357124[0m
[0m[ INFO] [1746504142.716014992]: Target - x: 1020.000000, y: 0.000000, phi: 0.000000[0m
[0m[ INFO] [1746504142.716134833]: Current - x: 791.108948, y: 619.270996, phi: -5.248105[0m
[0m[ INFO] [1746504142.716213970]: Error - x: 228.891052, y: -619.270996[0m
[0m[ INFO] [1746504142.716286291]: Publishing motor command - Left: -78.357124, Right: 78.357124[0m
[0m[ INFO] [1746504142.823603488]: Target - x: 1020.000000, y: 0.000000, phi: 0.000000[0m
[0m[ INFO] [1746504142.824341065]: Current - x: 791.108948, y: 619.270996, phi: -5.248105[0m
[0m[ INFO] [1746504142.824564811]: Error - x: 228.891052, y: -619.270996[0m
[0m[ INFO] [1746504142.824772366]: Publishing motor command - Left: -78.357124, Right: 78.357124[0m
[0m[ INFO] [1746504142.921927588]: Target - x: 1020.000000, y: 0.000000, phi: 0.000000[0m
[0m[ INFO] [1746504142.922640044]: Current - x: 791.108948, y: 619.270996, phi: -5.248105[0m
[0m[ INFO] [1746504142.922814478]: Error - x: 228.891052, y: -619.270996[0m
[0m[ INFO] [1746504142.922954064]: Publishing motor command - Left: -78.357124, Right: 78.357124[0m
[0m[ INFO] [1746504143.019558175]: Target - x: 1020.000000, y: 0.000000, phi: 0.000000[0m
[0m[ INFO] [1746504143.020347400]: Current - x: 791.108948, y: 619.270996, phi: -5.248105[0m
[0m[ INFO] [1746504143.020552298]: Error - x: 228.891052, y: -619.270996[0m
[0m[ INFO] [1746504143.020656364]: Publishing motor command - Left: -78.357124, Right: 78.357124[0m
[0m[ INFO] [1746504143.123122976]: Target - x: 1020.000000, y: 0.000000, phi: 0.000000[0m
[0m[ INFO] [1746504143.123678054]: Current - x: 791.108948, y: 619.270996, phi: -5.248105[0m
[0m[ INFO] [1746504143.123822792]: Error - x: 228.891052, y: -619.270996[0m
[0m[ INFO] [1746504143.124011146]: Publishing motor command - Left: -78.357124, Right: 78.357124[0m
[0m[ INFO] [1746504143.216194789]: Target - x: 1020.000000, y: 0.000000, phi: 0.000000[0m
[0m[ INFO] [1746504143.216324391]: Current - x: 791.108948, y: 619.270996, phi: -5.248105[0m
[0m[ INFO] [1746504143.216384039]: Error - x: 228.891052, y: -619.270996[0m
[0m[ INFO] [1746504143.217427444]: Publishing motor command - Left: -78.357124, Right: 78.357124[0m
[0m[ INFO] [1746504143.324525374]: Target - x: 1020.000000, y: 0.000000, phi: 0.000000[0m
[0m[ INFO] [1746504143.325069796]: Current - x: 791.108948, y: 619.270996, phi: -5.248105[0m
[0m[ INFO] [1746504143.325262759]: Error - x: 228.891052, y: -619.270996[0m
[0m[ INFO] [1746504143.325431753]: Publishing motor command - Left: -78.357124, Right: 78.357124[0m
[0m[ INFO] [1746504143.537003391]: Target - x: 1020.000000, y: 0.000000, phi: 0.000000[0m
[0m[ INFO] [1746504143.537230497]: Current - x: 791.108948, y: 619.270996, phi: -5.248105[0m
[0m[ INFO] [1746504143.537274562]: Error - x: 228.891052, y: -619.270996[0m
[0m[ INFO] [1746504143.537539781]: Publishing motor command - Left: -78.357124, Right: 78.357124[0m
[0m[ INFO] [1746504143.538853812]: Target - x: 1020.000000, y: 0.000000, phi: 0.000000[0m
[0m[ INFO] [1746504143.538922421]: Current - x: 791.108948, y: 619.270996, phi: -5.248105[0m
[0m[ INFO] [1746504143.538958614]: Error - x: 228.891052, y: -619.270996[0m
[0m[ INFO] [1746504143.538994486]: Publishing motor command - Left: -78.357124, Right: 78.357124[0m
[0m[ INFO] [1746504143.625460430]: Target - x: 1020.000000, y: 0.000000, phi: 0.000000[0m
[0m[ INFO] [1746504143.625803698]: Current - x: 791.108948, y: 619.270996, phi: -5.248105[0m
[0m[ INFO] [1746504143.625896147]: Error - x: 228.891052, y: -619.270996[0m
[0m[ INFO] [1746504143.626299928]: Publishing motor command - Left: -78.357124, Right: 78.357124[0m
[0m[ INFO] [1746504143.716096663]: Target - x: 1020.000000, y: 0.000000, phi: 0.000000[0m
[0m[ INFO] [1746504143.716192056]: Current - x: 791.108948, y: 619.270996, phi: -5.248105[0m
[0m[ INFO] [1746504143.716262297]: Error - x: 228.891052, y: -619.270996[0m
[0m[ INFO] [1746504143.716323258]: Publishing motor command - Left: -78.357124, Right: 78.357124[0m
[0m[ INFO] [1746504143.815363941]: Target - x: 1020.000000, y: 0.000000, phi: 0.000000[0m
[0m[ INFO] [1746504143.815481095]: Current - x: 791.108948, y: 619.270996, phi: -5.248105[0m
[0m[ INFO] [1746504143.815537287]: Error - x: 228.891052, y: -619.270996[0m
[0m[ INFO] [1746504143.815617928]: Publishing motor command - Left: -78.357124, Right: 78.357124[0m
[0m[ INFO] [1746504143.921537925]: Target - x: 1020.000000, y: 0.000000, phi: 0.000000[0m
[0m[ INFO] [1746504143.922046795]: Current - x: 791.108948, y: 619.270996, phi: -5.248105[0m
[0m[ INFO] [1746504143.922485136]: Error - x: 228.891052, y: -619.270996[0m
[0m[ INFO] [1746504143.922609937]: Publishing motor command - Left: -78.357124, Right: 78.357124[0m
[0m[ INFO] [1746504144.015835289]: Target - x: 1020.000000, y: 0.000000, phi: 0.000000[0m
[0m[ INFO] [1746504144.015947290]: Current - x: 791.108948, y: 619.270996, phi: -5.248105[0m
[0m[ INFO] [1746504144.016035003]: Error - x: 228.891052, y: -619.270996[0m
[0m[ INFO] [1746504144.016141020]: Publishing motor command - Left: -78.357124, Right: 78.357124[0m
[0m[ INFO] [1746504144.122432381]: Target - x: 1020.000000, y: 0.000000, phi: 0.000000[0m
[0m[ INFO] [1746504144.122899650]: Current - x: 791.108948, y: 619.270996, phi: -5.248105[0m
[0m[ INFO] [1746504144.124191154]: Error - x: 228.891052, y: -619.270996[0m
[0m[ INFO] [1746504144.124605366]: Publishing motor command - Left: -78.357124, Right: 78.357124[0m
[0m[ INFO] [1746504144.215836422]: Target - x: 1020.000000, y: 0.000000, phi: 0.000000[0m
[0m[ INFO] [1746504144.215960136]: Current - x: 791.108948, y: 619.270996, phi: -5.248105[0m
[0m[ INFO] [1746504144.216066217]: Error - x: 228.891052, y: -619.270996[0m
[0m[ INFO] [1746504144.216194186]: Publishing motor command - Left: -78.357124, Right: 78.357124[0m
[0m[ INFO] [1746504144.322711918]: Target - x: 1020.000000, y: 0.000000, phi: 0.000000[0m
[0m[ INFO] [1746504144.323078802]: Current - x: 791.108948, y: 619.270996, phi: -5.248105[0m
[0m[ INFO] [1746504144.323255156]: Error - x: 228.891052, y: -619.270996[0m
[0m[ INFO] [1746504144.324513987]: Publishing motor command - Left: -78.357124, Right: 78.357124[0m
[0m[ INFO] [1746504144.416353242]: Target - x: 1020.000000, y: 0.000000, phi: 0.000000[0m
[0m[ INFO] [1746504144.416443067]: Current - x: 791.108948, y: 619.270996, phi: -5.248105[0m
[0m[ INFO] [1746504144.416519132]: Error - x: 228.891052, y: -619.270996[0m
[0m[ INFO] [1746504144.416588029]: Publishing motor command - Left: -78.357124, Right: 78.357124[0m
[0m[ INFO] [1746504144.517838658]: Target - x: 1020.000000, y: 0.000000, phi: 0.000000[0m
[0m[ INFO] [1746504144.517961827]: Current - x: 791.108948, y: 619.270996, phi: -5.248105[0m
[0m[ INFO] [1746504144.518065317]: Error - x: 228.891052, y: -619.270996[0m
[0m[ INFO] [1746504144.518210726]: Publishing motor command - Left: -78.357124, Right: 78.357124[0m
[0m[ INFO] [1746504144.623512891]: Target - x: 1020.000000, y: 0.000000, phi: 0.000000[0m
[0m[ INFO] [1746504144.624000801]: Current - x: 791.108948, y: 619.270996, phi: -5.248105[0m
[0m[ INFO] [1746504144.624183555]: Error - x: 228.891052, y: -619.270996[0m
[0m[ INFO] [1746504144.624274148]: Publishing motor command - Left: -78.357124, Right: 78.357124[0m
[0m[ INFO] [1746504144.723116654]: Target - x: 1020.000000, y: 0.000000, phi: 0.000000[0m
[0m[ INFO] [1746504144.723567763]: Current - x: 791.108948, y: 619.270996, phi: -5.248105[0m
[0m[ INFO] [1746504144.723654836]: Error - x: 228.891052, y: -619.270996[0m
[0m[ INFO] [1746504144.723749077]: Publishing motor command - Left: -78.357124, Right: 78.357124[0m
[0m[ INFO] [1746504144.815788398]: Target - x: 1020.000000, y: 0.000000, phi: 0.000000[0m
[0m[ INFO] [1746504144.816034513]: Current - x: 791.108948, y: 619.270996, phi: -5.248105[0m
[0m[ INFO] [1746504144.816146610]: Error - x: 228.891052, y: -619.270996[0m
[0m[ INFO] [1746504144.816229555]: Publishing motor command - Left: -78.357124, Right: 78.357124[0m
[0m[ INFO] [1746504144.922263025]: Target - x: 1020.000000, y: 0.000000, phi: 0.000000[0m
[0m[ INFO] [1746504144.922698230]: Current - x: 791.108948, y: 619.270996, phi: -5.248105[0m
[0m[ INFO] [1746504144.922864856]: Error - x: 228.891052, y: -619.270996[0m
[0m[ INFO] [1746504144.923069435]: Publishing motor command - Left: -78.357124, Right: 78.357124[0m
[0m[ INFO] [1746504145.022789678]: Target - x: 1020.000000, y: 0.000000, phi: 0.000000[0m
[0m[ INFO] [1746504145.023253747]: Current - x: 791.108948, y: 619.270996, phi: -5.248105[0m
[0m[ INFO] [1746504145.023424853]: Error - x: 228.891052, y: -619.270996[0m
[0m[ INFO] [1746504145.023660632]: Publishing motor command - Left: -78.357124, Right: 78.357124[0m
[0m[ INFO] [1746504145.121702136]: Target - x: 1020.000000, y: 0.000000, phi: 0.000000[0m
[0m[ INFO] [1746504145.122322015]: Current - x: 791.108948, y: 619.270996, phi: -5.248105[0m
[0m[ INFO] [1746504145.122617443]: Error - x: 228.891052, y: -619.270996[0m
[0m[ INFO] [1746504145.122827621]: Publishing motor command - Left: -78.357124, Right: 78.357124[0m
[0m[ INFO] [1746504145.224336653]: Target - x: 1020.000000, y: 0.000000, phi: 0.000000[0m
[0m[ INFO] [1746504145.224649617]: Current - x: 791.108948, y: 619.270996, phi: -5.248105[0m
[0m[ INFO] [1746504145.224726578]: Error - x: 228.891052, y: -619.270996[0m
[0m[ INFO] [1746504145.224807091]: Publishing motor command - Left: -78.357124, Right: 78.357124[0m
[0m[ INFO] [1746504145.321958824]: Target - x: 1020.000000, y: 0.000000, phi: 0.000000[0m
[0m[ INFO] [1746504145.322632624]: Current - x: 791.108948, y: 619.270996, phi: -5.248105[0m
[0m[ INFO] [1746504145.322823250]: Error - x: 228.891052, y: -619.270996[0m
[0m[ INFO] [1746504145.322947316]: Publishing motor command - Left: -78.357124, Right: 78.357124[0m
[0m[ INFO] [1746504145.416316668]: Target - x: 1020.000000, y: 0.000000, phi: 0.000000[0m
[0m[ INFO] [1746504145.416491358]: Current - x: 791.108948, y: 619.270996, phi: -5.248105[0m
[0m[ INFO] [1746504145.416560159]: Error - x: 228.891052, y: -619.270996[0m
[0m[ INFO] [1746504145.416647072]: Publishing motor command - Left: -78.357124, Right: 78.357124[0m
[0m[ INFO] [1746504145.523486375]: Target - x: 1020.000000, y: 0.000000, phi: 0.000000[0m
[0m[ INFO] [1746504145.523875724]: Current - x: 791.108948, y: 619.270996, phi: -5.248105[0m
[0m[ INFO] [1746504145.523966125]: Error - x: 228.891052, y: -619.270996[0m
[0m[ INFO] [1746504145.524064654]: Publishing motor command - Left: -78.357124, Right: 78.357124[0m
[0m[ INFO] [1746504145.617977885]: Target - x: 1020.000000, y: 0.000000, phi: 0.000000[0m
[0m[ INFO] [1746504145.618802695]: Current - x: 791.108948, y: 619.270996, phi: -5.248105[0m
[0m[ INFO] [1746504145.618902280]: Error - x: 228.891052, y: -619.270996[0m
[0m[ INFO] [1746504145.619286540]: Publishing motor command - Left: -78.357124, Right: 78.357124[0m
[0m[ INFO] [1746504145.721629118]: Target - x: 1020.000000, y: 0.000000, phi: 0.000000[0m
[0m[ INFO] [1746504145.722542345]: Current - x: 791.108948, y: 619.270996, phi: -5.248105[0m
[0m[ INFO] [1746504145.722659819]: Error - x: 228.891052, y: -619.270996[0m
[0m[ INFO] [1746504145.722740555]: Publishing motor command - Left: -78.357124, Right: 78.357124[0m
[0m[ INFO] [1746504145.822825923]: Target - x: 1020.000000, y: 0.000000, phi: 0.000000[0m
[0m[ INFO] [1746504145.823296233]: Current - x: 791.108948, y: 619.270996, phi: -5.248105[0m
[0m[ INFO] [1746504145.823653357]: Error - x: 228.891052, y: -619.270996[0m
[0m[ INFO] [1746504145.823752206]: Publishing motor command - Left: -78.357124, Right: 78.357124[0m
[0m[ INFO] [1746504145.922718168]: Target - x: 1020.000000, y: 0.000000, phi: 0.000000[0m
[0m[ INFO] [1746504145.923147901]: Current - x: 791.108948, y: 619.270996, phi: -5.248105[0m
[0m[ INFO] [1746504145.923333248]: Error - x: 228.891052, y: -619.270996[0m
[0m[ INFO] [1746504145.923567106]: Publishing motor command - Left: -78.357124, Right: 78.357124[0m
[0m[ INFO] [1746504146.023434263]: Target - x: 1020.000000, y: 0.000000, phi: 0.000000[0m
[0m[ INFO] [1746504146.023895709]: Current - x: 791.108948, y: 619.270996, phi: -5.248105[0m
[0m[ INFO] [1746504146.023992478]: Error - x: 228.891052, y: -619.270996[0m
[0m[ INFO] [1746504146.024083935]: Publishing motor command - Left: -78.357124, Right: 78.357124[0m
[0m[ INFO] [1746504146.122936168]: Target - x: 1020.000000, y: 0.000000, phi: 0.000000[0m
[0m[ INFO] [1746504146.123423054]: Current - x: 791.108948, y: 619.270996, phi: -5.248105[0m
[0m[ INFO] [1746504146.123593232]: Error - x: 228.891052, y: -619.270996[0m
[0m[ INFO] [1746504146.123685041]: Publishing motor command - Left: -78.357124, Right: 78.357124[0m
[0m[ INFO] [1746504146.215481191]: Target - x: 1020.000000, y: 0.000000, phi: 0.000000[0m
[0m[ INFO] [1746504146.215595048]: Current - x: 791.108948, y: 619.270996, phi: -5.248105[0m
[0m[ INFO] [1746504146.215643305]: Error - x: 228.891052, y: -619.270996[0m
[0m[ INFO] [1746504146.215689193]: Publishing motor command - Left: -78.357124, Right: 78.357124[0m
[0m[ INFO] [1746504146.322065706]: Target - x: 1020.000000, y: 0.000000, phi: 0.000000[0m
[0m[ INFO] [1746504146.322642993]: Current - x: 791.108948, y: 619.270996, phi: -5.248105[0m
[0m[ INFO] [1746504146.322726546]: Error - x: 228.891052, y: -619.270996[0m
[0m[ INFO] [1746504146.322863508]: Publishing motor command - Left: -78.357124, Right: 78.357124[0m
[0m[ INFO] [1746504146.415610165]: Target - x: 1020.000000, y: 0.000000, phi: 0.000000[0m
[0m[ INFO] [1746504146.415746039]: Current - x: 791.108948, y: 619.270996, phi: -5.248105[0m
[0m[ INFO] [1746504146.415812407]: Error - x: 228.891052, y: -619.270996[0m
[0m[ INFO] [1746504146.415857848]: Publishing motor command - Left: -78.357124, Right: 78.357124[0m
[0m[ INFO] [1746504146.523345446]: Target - x: 1020.000000, y: 0.000000, phi: 0.000000[0m
[0m[ INFO] [1746504146.524094319]: Current - x: 791.707397, y: 619.217712, phi: -4.927869[0m
[0m[ INFO] [1746504146.524429939]: Error - x: 228.292603, y: -619.217712[0m
[0m[ INFO] [1746504146.524591637]: Publishing motor command - Left: -53.653721, Right: 53.653721[0m
[0m[ INFO] [1746504146.623943140]: Target - x: 1020.000000, y: 0.000000, phi: 0.000000[0m
[0m[ INFO] [1746504146.625209235]: Current - x: 792.705017, y: 619.130798, phi: -4.394143[0m
[0m[ INFO] [1746504146.625366804]: Error - x: 227.294983, y: -619.130798[0m
[0m[ INFO] [1746504146.625449013]: Publishing motor command - Left: -32.403542, Right: 32.403542[0m
[0m[ INFO] [1746504146.724410304]: Target - x: 1020.000000, y: 0.000000, phi: 0.000000[0m
[0m[ INFO] [1746504146.724831748]: Current - x: 793.303772, y: 619.080872, phi: -4.073907[0m
[0m[ INFO] [1746504146.725008711]: Error - x: 226.696228, y: -619.080872[0m
[0m[ INFO] [1746504146.725196969]: Publishing motor command - Left: -40.903625, Right: 40.903625[0m
[0m[ INFO] [1746504146.816046964]: Target - x: 1020.000000, y: 0.000000, phi: 0.000000[0m
[0m[ INFO] [1746504146.816206934]: Current - x: 793.703186, y: 619.050903, phi: -3.860416[0m
[0m[ INFO] [1746504146.816373624]: Error - x: 226.296814, y: -619.050903[0m
[0m[ INFO] [1746504146.816529369]: Publishing motor command - Left: -44.356747, Right: 44.356747[0m
[0m[ INFO] [1746504146.916192204]: Target - x: 1020.000000, y: 0.000000, phi: 0.000000[0m
[0m[ INFO] [1746504146.916320781]: Current - x: 794.302612, y: 619.009888, phi: -3.540180[0m
[0m[ INFO] [1746504146.916375406]: Error - x: 225.697388, y: -619.009888[0m
[0m[ INFO] [1746504146.916429199]: Publishing motor command - Left: -32.934788, Right: 32.934788[0m
[0m[ INFO] [1746504147.015451673]: Target - x: 1020.000000, y: 0.000000, phi: 0.000000[0m
[0m[ INFO] [1746504147.015591387]: Current - x: 794.902222, y: 618.971130, phi: -3.219944[0m
[0m[ INFO] [1746504147.015658556]: Error - x: 225.097778, y: -618.971130[0m
[0m[ INFO] [1746504147.015733501]: Publishing motor command - Left: -28.153473, Right: 28.153473[0m
[0m[ INFO] [1746504147.115990646]: Target - x: 1020.000000, y: 0.000000, phi: 0.000000[0m
[0m[ INFO] [1746504147.116136120]: Current - x: 795.901978, y: 618.913940, phi: -2.686218[0m
[0m[ INFO] [1746504147.116247993]: Error - x: 224.098022, y: -618.913940[0m
[0m[ INFO] [1746504147.116328218]: Publishing motor command - Left: -6.903256, Right: 6.903256[0m
[0m[ INFO] [1746504147.221222698]: Target - x: 1020.000000, y: 0.000000, phi: 0.000000[0m
[0m[ INFO] [1746504147.221639247]: Current - x: 796.903076, y: 618.860413, phi: -2.366581[0m
[0m[ INFO] [1746504147.221803888]: Error - x: 223.096924, y: -618.860413[0m
[0m[ INFO] [1746504147.222003187]: Publishing motor command - Left: -15.449538, Right: 15.449538[0m
[0m[ INFO] [1746504147.320328181]: Target - x: 1020.000000, y: 0.000000, phi: 0.000000[0m
[0m[ INFO] [1746504147.320682105]: Current - x: 797.704468, y: 618.824280, phi: -2.153689[0m
[0m[ INFO] [1746504147.321631557]: Error - x: 222.295532, y: -618.824280[0m
[0m[ INFO] [1746504147.321829735]: Publishing motor command - Left: -18.911634, Right: 18.911634[0m
[0m[ INFO] [1746504147.421541018]: Target - x: 1020.000000, y: 0.000000, phi: 0.000000[0m
[0m[ INFO] [1746504147.421691740]: Current - x: 798.505066, y: 618.794189, phi: -1.726708[0m
[0m[ INFO] [1746504147.421775965]: Error - x: 221.494934, y: -618.794189[0m
[0m[ INFO] [1746504147.421852445]: Publishing motor command - Left: 0.782083, Right: -0.782083[0m
[0m[ INFO] [1746504147.522033238]: Target - x: 1020.000000, y: 0.000000, phi: 0.000000[0m
[0m[ INFO] [1746504147.522597500]: Current - x: 799.105530, y: 618.773315, phi: -1.406472[0m
[0m[ INFO] [1746504147.522776190]: Error - x: 220.894470, y: -618.773315[0m
[0m[ INFO] [1746504147.523063106]: Publishing motor command - Left: -1.077326, Right: 1.077326[0m
[0m[ INFO] [1746504147.624344871]: Target - x: 1020.000000, y: 0.000000, phi: 0.000000[0m
[0m[ INFO] [1746504147.624802476]: Current - x: 799.305725, y: 618.767456, phi: -1.299726[0m
[0m[ INFO] [1746504147.625007215]: Error - x: 220.694275, y: -618.767456[0m
[0m[ INFO] [1746504147.625201841]: Publishing motor command - Left: -12.764939, Right: 12.764939[0m
[0m[ INFO] [1746504147.721628509]: Target - x: 1020.000000, y: 0.00[0m[ INFO] [1746504132.450492596]: Reached 5 meters, transitioning to TURNING state.[0m
0000, phi: 0.000000[0m
[0m[ INFO] [1746504147.723724982]: Current - x: 799.505920, y: 618.762756, phi: -1.192981[0m
[0m[ INFO] [1746504147.724041946]: Error - x: 220.494080, y: -618.762756[0m
[0m[ INFO] [1746504147.726509559]: Publishing motor command - Left: -11.171181, Right: 11.171181[0m
[0m[ INFO] [1746504147.815540044]: Target - x: 1020.000000, y: 0.000000, phi: 0.000000[0m
[0m[ INFO] [1746504147.815669582]: Current - x: 799.505920, y: 618.762756, phi: -1.192981[0m
[0m[ INFO] [1746504147.815735534]: Error - x: 220.494080, y: -618.762756[0m
[0m[ INFO] [1746504147.815788239]: Publishing motor command - Left: -17.811872, Right: 17.811872[0m
[0m[ INFO] [1746504147.922501972]: Target - x: 1020.000000, y: 0.000000, phi: 0.000000[0m
[0m[ INFO] [1746504147.922966682]: Current - x: 799.505920, y: 618.762756, phi: -1.192981[0m
[0m[ INFO] [1746504147.923139612]: Error - x: 220.494080, y: -618.762756[0m
[0m[ INFO] [1746504147.923277437]: Publishing motor command - Left: -17.811872, Right: 17.811872[0m
[0m[ INFO] [1746504148.022509514]: Target - x: 1020.000000, y: 0.000000, phi: 0.000000[0m
[0m[ INFO] [1746504148.023004880]: Current - x: 799.505920, y: 618.762756, phi: -1.192981[0m
[0m[ INFO] [1746504148.023216467]: Error - x: 220.494080, y: -618.762756[0m
[0m[ INFO] [1746504148.023352372]: Publishing motor command - Left: -17.811872, Right: 17.811872[0m
[0m[ INFO] [1746504148.123481292]: Target - x: 1020.000000, y: 0.000000, phi: 0.000000[0m
[0m[ INFO] [1746504148.124157140]: Current - x: 799.505920, y: 618.762756, phi: -1.192981[0m
[0m[ INFO] [1746504148.124392502]: Error - x: 220.494080, y: -618.762756[0m
[0m[ INFO] [1746504148.124599449]: Publishing motor command - Left: -17.811872, Right: 17.811872[0m
[0m[ INFO] [1746504148.223356192]: Target - x: 1020.000000, y: 0.000000, phi: 0.000000[0m
[0m[ INFO] [1746504148.224522350]: Current - x: 799.505920, y: 618.762756, phi: -1.192981[0m
[0m[ INFO] [1746504148.225013716]: Error - x: 220.494080, y: -618.762756[0m
[0m[ INFO] [1746504148.225125621]: Publishing motor command - Left: -17.811872, Right: 17.811872[0m
[0m[ INFO] [1746504148.322718831]: Target - x: 1020.000000, y: 0.000000, phi: 0.000000[0m
[0m[ INFO] [1746504148.323139284]: Current - x: 799.505920, y: 618.762756, phi: -1.192981[0m
[0m[ INFO] [1746504148.323239989]: Error - x: 220.494080, y: -618.762756[0m
[0m[ INFO] [1746504148.323398039]: Publishing motor command - Left: -17.811872, Right: 17.811872[0m
[0m[ INFO] [1746504148.539083835]: Target - x: 1020.000000, y: 0.000000, phi: 0.000000[0m
[0m[ INFO] [1746504148.539177436]: Current - x: 799.505920, y: 618.762756, phi: -1.192981[0m
[0m[ INFO] [1746504148.539242685]: Error - x: 220.494080, y: -618.762756[0m
[0m[ INFO] [1746504148.539318974]: Publishing motor command - Left: -17.811872, Right: 17.811872[0m
[0m[ INFO] [1746504148.542163071]: Target - x: 1020.000000, y: 0.000000, phi: 0.000000[0m
[0m[ INFO] [1746504148.542238624]: Current - x: 799.505920, y: 618.762756, phi: -1.192981[0m
[0m[ INFO] [1746504148.542276128]: Error - x: 220.494080, y: -618.762756[0m
[0m[ INFO] [1746504148.542348257]: Publishing motor command - Left: -17.811872, Right: 17.811872[0m
[0m[ INFO] [1746504148.615420123]: Target - x: 1020.000000, y: 0.000000, phi: 0.000000[0m
[0m[ INFO] [1746504148.615568317]: Current - x: 799.505920, y: 618.762756, phi: -1.192981[0m
[0m[ INFO] [1746504148.615658302]: Error - x: 220.494080, y: -618.762756[0m
[0m[ INFO] [1746504148.615729055]: Publishing motor command - Left: -17.811872, Right: 17.811872[0m
[0m[ INFO] [1746504125.810563099]: [I2C FOR MOTORS] Now launching this node in namespace: /asc[0m
[0m[ INFO] [1746504125.841961069]: [I2C FOR MOTORS] publish motor duty cycle requests from command line with: rostopic pub --once /asc/set_motor_duty_cycle asclinic_pkg/LeftRightFloat32 "{left: 10.1, right: 10.1}"[0m
[0m[ INFO] [1746504125.842192272]: [I2C FOR MOTORS] Successfully opened named /dev/i2c-1, with file descriptor = 11[0m
[0m[ INFO] [1746504125.842305137]: [I2C FOR MOTORS] Actual acceleration limit = 0.0003125%/ms (after conversation to "internal units")[0m
[0m[ INFO] [1746504125.842356818]: [I2C FOR MOTORS] Actual deceleration limit = 0.0015625%/ms (after conversation to "internal units")[0m
[0m[ INFO] [1746504125.842395570]: [I2C FOR MOTORS] Now initialising SMC with I2C address 13[0m
[0m[ INFO] [1746504125.858309102]: [I2C FOR MOTORS] Now initialising SMC with I2C address 14[0m
[0m[ INFO] [1746504125.882383210]: [I2C FOR MOTORS] Node initialisation complete[0m

[ARUCO DETECTOR] Camera properties upon initialisation:
CV_CAP_PROP_FRAME_HEIGHT : '480.0'
CV_CAP_PROP_FRAME_WIDTH :  '640.0'
CAP_PROP_FPS :             '30.0'
CAP_PROP_FOCUS :           '0.0'
CAP_PROP_AUTOFOCUS :       '0.0'
CAP_PROP_BRIGHTNESS :      '128.0'
CAP_PROP_CONTRAST :        '128.0'
CAP_PROP_SATURATION :      '128.0'
CAP_PROP_BUFFERSIZE :      '4.0'

[ARUCO DETECTOR] Camera properties upon initialisation:
CV_CAP_PROP_FRAME_HEIGHT : '1080.0'
CV_CAP_PROP_FRAME_WIDTH :  '1920.0'
CAP_PROP_FPS :             '5.0'
CAP_PROP_FOCUS :           '0.0'
CAP_PROP_AUTOFOCUS :       '0.0'
CAP_PROP_BRIGHTNESS :      '128.0'
CAP_PROP_CONTRAST :        '128.0'
CAP_PROP_SATURATION :      '128.0'
CAP_PROP_BUFFERSIZE :      '1.0'
[INFO] [1746504131.786896]: [ARUCO DETECTOR] As a double check of the camera properties set, a frame captured just now has dimensions = (1080, 1920, 3)
[INFO] [1746504131.791666]: [ARUCO DETECTOR] publish request from command line to save a single camera image using: rostopic pub --once /asc/request_save_image std_msgs/UInt32 1
[INFO] [1746504131.795676]: [ARUCO DETECTOR] Node initialisation complete
... logging to /home/asc/.ros/log/e3d3d45a-2a2a-11f0-b317-d8c0a650f677/roslaunch-asc12-jetson-19851.log
Checking log directory for disk usage. This may take a while.
Press Ctrl-C to interrupt
Done checking log file disk usage. Usage is <1GB.
]2;/home/asc/ASClinic/catkin_ws/src/asclinic_pkg/launch/trajectory.launch
[1mstarted roslaunch server http://asc12-jetson:42149/[0m

SUMMARY
========

PARAMETERS
 * /asc/aruco_detector/aruco_detector_desired_camera_fps: 5
 * /asc/aruco_detector/aruco_detector_desired_camera_frame_height: 1080
 * /asc/aruco_detector/aruco_detector_desired_camera_frame_width: 1920
 * /asc/aruco_detector/aruco_detector_marker_size: 0.25
 * /asc/aruco_detector/aruco_detector_save_image_path: /home/asc/saved_c...
 * /asc/aruco_detector/aruco_detector_should_publish_camera_images: False
 * /asc/aruco_detector/aruco_detector_should_save_all_aruco_images: False
 * /asc/aruco_detector/aruco_detector_should_show_camera_images: False
 * /asc/aruco_detector/aruco_detector_usb_camera_device_number: 0
 * /asc/aruco_detector/aruco_detector_verbosity: 1
 * /asc/encoder_read_multi_threaded/delta_t_for_publishing_encoder_counts: 0.1
 * /asc/encoder_read_multi_threaded/encoder_events_to_monitor: rising
 * /asc/encoder_read_multi_threaded/encoder_read_verbosity: 1
 * /asc/encoder_read_multi_threaded/gpio_chip_number_for_encoder_lines: 1
 * /asc/encoder_read_multi_threaded/line_number_for_left_side_encoder_channel_a: 105
 * /asc/encoder_read_multi_threaded/line_number_for_left_side_encoder_channel_b: 106
 * /asc/encoder_read_multi_threaded/line_number_for_right_side_encoder_channel_a: 84
 * /asc/encoder_read_multi_threaded/line_number_for_right_side_encoder_channel_b: 130
 * /asc/encoder_read_multi_threaded/should_monitor_left_side_encoder_channel_a: True
 * /asc/encoder_read_multi_threaded/should_monitor_left_side_encoder_channel_b: False
 * /asc/encoder_read_multi_threaded/should_monitor_right_side_encoder_channel_a: True
 * /asc/encoder_read_multi_threaded/should_monitor_right_side_encoder_channel_b: False
 * /asc/i2c_for_motors/motor_driver_current_limit_in_milliamps: 5000
 * /asc/i2c_for_motors/motor_driver_left_side_multiplier: 1
 * /asc/i2c_for_motors/motor_driver_max_accel_limit_in_percent_per_millisecond: 0.04
 * /asc/i2c_for_motors/motor_driver_max_decel_limit_in_percent_per_millisecond: 0.16
 * /asc/i2c_for_motors/motor_driver_max_duty_cycle_limit_in_percent: 100.0
 * /asc/i2c_for_motors/motor_driver_right_side_multiplier: 1
 * /asc/i2c_for_motors/motor_driver_verbosity: 1
 * /rosdistro: noetic
 * /rosversion: 1.17.0

NODES
  /
    kf_fusion_node (asclinic_pkg/KF.py)
    odomdelta (asclinic_pkg/odomdelta)
    trajectory_generator (asclinic_pkg/trajectory_generator)
    trajectory_tracker (asclinic_pkg/trajectory_tracker)
    velocity_PI_control (asclinic_pkg/velocity_PI_control)
  /asc/
    aruco_detector (asclinic_pkg/aruco_detector.py)
    encoder_read_multi_threaded (asclinic_pkg/encoder_read_multi_threaded)
    i2c_for_motors (asclinic_pkg/i2c_for_motors)

[1mROS_MASTER_URI=http://localhost:11311[0m
]2;/home/asc/ASClinic/catkin_ws/src/asclinic_pkg/launch/trajectory.launch http://localhost:11311
[1mprocess[asc/i2c_for_motors-1]: started with pid [19902][0m
[1mprocess[asc/encoder_read_multi_threaded-2]: started with pid [19909][0m
[1mprocess[odomdelta-3]: started with pid [19910][0m
[1mprocess[asc/aruco_detector-4]: started with pid [19921][0m
[1mprocess[trajectory_tracker-5]: started with pid [19927][0m
[1mprocess[trajectory_generator-6]: started with pid [19932][0m
[1mprocess[velocity_PI_control-7]: started with pid [19938][0m
[1mprocess[kf_fusion_node-8]: started with pid [19947][0m
[kf_fusion_node-8] killing on exit
[velocity_PI_control-7] killing on exit
[trajectory_generator-6] killing on exit
[asc/aruco_detector-4] killing on exit
[trajectory_tracker-5] killing on exit
[asc/i2c_for_motors-1] killing on exit
[odomdelta-3] killing on exit
[asc/encoder_read_multi_threaded-2] killing on exit
shutting down processing monitor...
... shutting down processing monitor complete
[1mdone[0m
