[0m[ INFO] [1747098082.925728433]: [I2C FOR MOTORS] Now launching this node in namespace: /asc[0m
[0m[ INFO] [1747098082.945388528]: [I2C FOR MOTORS] publish motor duty cycle requests from command line with: rostopic pub --once /asc/set_motor_duty_cycle asclinic_pkg/LeftRightFloat32 "{left: 10.1, right: 10.1}"[0m
[0m[ INFO] [1747098082.945549711]: [I2C FOR MOTORS] Successfully opened named /dev/i2c-1, with file descriptor = 10[0m
[0m[ INFO] [1747098082.945656975]: [I2C FOR MOTORS] Actual acceleration limit = 0.0003125%/ms (after conversation to "internal units")[0m
[0m[ INFO] [1747098082.945727662]: [I2C FOR MOTORS] Actual deceleration limit = 0.0015625%/ms (after conversation to "internal units")[0m
[0m[ INFO] [1747098082.945819758]: [I2C FOR MOTORS] Now initialising SMC with I2C address 13[0m
[0m[ INFO] [1747098082.960378918]: [I2C FOR MOTORS] Now initialising SMC with I2C address 14[0m
[0m[ INFO] [1747098082.974809759]: [I2C FOR MOTORS] Node initialisation complete[0m
[INFO] [1747098089.689933]: Kalman Gain:
[[ 2.79784160e-01  1.62614225e-02  3.81568731e+00]
 [ 3.57871494e-02  9.99009859e-01 -5.38149041e-02]
 [ 4.53769856e-07 -2.90801648e-09  9.99990907e-01]]
[INFO] [1747098089.818681]: Kalman Gain:
[[2.29817550e-01 6.59063139e-03 2.84522336e-04]
 [1.38178647e-02 5.27488518e-01 1.23945209e-03]
 [3.58751776e-11 7.45407110e-11 9.99939084e-01]]
[INFO] [1747098090.163276]: Kalman Gain:
[[2.01652164e-01 5.05581914e-02 1.76345976e-01]
 [5.52016355e-04 9.98890980e-01 4.83005508e-02]
 [2.34606857e-08 5.88527575e-07 9.99953088e-01]]
[INFO] [1747098090.172252]: Kalman Gain:
[[1.33961375e-01 1.25741893e-04 1.53132482e-04]
 [3.71801663e-04 5.63449481e-03 2.64936407e-03]
 [1.54597340e-11 9.04575878e-11 9.99939084e-01]]
[INFO] [1747098090.575808]: Kalman Gain:
[[ 9.44882020e-01  6.93612940e-03 -1.47964607e-02]
 [ 6.93612940e-03  9.98633474e-01  3.53452872e-02]
 [-1.80290389e-07  4.30671613e-07  9.99957050e-01]]
[INFO] [1747098090.961975]: Kalman Gain:
[[2.47867325e-02 5.46491997e-02 9.62016499e-01]
 [1.51800686e-01 7.04111950e-01 1.30836600e+01]
 [9.80333202e-08 4.79988147e-07 9.99957241e-01]]
[INFO] [1747098091.605301]: Kalman Gain:
[[ 5.92591392e-02  8.04448615e-02 -1.46392446e+00]
 [ 2.06235388e-01  9.60222646e-01  3.49421192e+00]
 [-1.53734174e-07  1.43131794e-07  9.99972428e-01]]
[INFO] [1747098091.994581]: Kalman Gain:
[[7.97683066e-02 9.69119467e-02 6.07964950e-01]
 [2.37403677e-01 8.67521702e-01 7.01413186e+00]
 [6.56183195e-08 3.09036918e-07 9.99963646e-01]]
[INFO] [1747098092.359108]: Kalman Gain:
[[1.01607889e-01 1.11684963e-01 1.94864270e+00]
 [2.70731448e-01 7.56455474e-01 8.60525301e+00]
 [2.11897195e-07 3.86022514e-07 9.99961173e-01]]
[INFO] [1747098092.558997]: Kalman Gain:
[[ 9.02162586e-02  4.17079328e-02 -9.67784289e-01]
 [ 9.36962655e-02  6.42129241e-01  8.44309657e+00]
 [-1.12566548e-07  4.37148429e-07  9.99959227e-01]]
[INFO] [1747098092.756488]: Kalman Gain:
[[8.56865189e-02 4.26503645e-02 9.39031416e-01]
 [1.00277531e-01 5.78128682e-01 9.36612965e+00]
 [1.04614460e-07 4.43803657e-07 9.99959249e-01]]
[INFO] [1747098093.361580]: Kalman Gain:
[[ 1.23540230e-01  1.41801593e-01 -1.18358831e+00]
 [ 1.51141362e-03  9.99622298e-01  1.72787783e-02]
 [-1.53715485e-07  2.10536677e-07  9.99968394e-01]]
[INFO] [1747098093.598366]: Kalman Gain:
[[ 1.21303016e-01  1.99685242e-01 -9.44147311e-03]
 [ 2.22466557e-03  9.98350047e-01  5.37413002e-02]
 [-1.28166126e-09  6.54821457e-07  9.99948970e-01]]
[INFO] [1747098094.368013]: Kalman Gain:
[[ 9.34967036e-01  1.39460629e-02 -1.12092392e-01]
 [ 1.39460629e-02  9.96930405e-01  3.55556175e-02]
 [-1.36581183e-06  4.33234425e-07  9.99968460e-01]]
[INFO] [1747098094.612222]: Kalman Gain:
[[-2.02065488e+00 -1.01450869e+01 -6.20101917e-01]
 [ 4.44454324e-01  2.42372798e+00  1.05974758e-01]
 [-2.09506041e-08 -7.80299591e-08  9.99939079e-01]]
[INFO] [1747098094.625339]: Kalman Gain:
[[-6.47556697e+01 -4.69467496e+02 -6.11330798e+05]
 [ 9.69425400e+00  7.02147928e+01  9.07265005e+04]
 [ 1.87929515e-06  1.28393163e-05  3.70896421e-01]]
[INFO] [1747098094.756256]: Kalman Gain:
[[ 2.56412497e+00  1.03869602e+01  1.51056166e+00]
 [-2.19704115e-01 -4.64635203e-01 -1.55460271e-01]
 [-1.82230916e-10 -1.05808313e-09  9.99939081e-01]]
[INFO] [1747098095.968906]: Kalman Gain:
[[ 9.90713931e-01  1.24172892e-04 -1.18234023e-01]
 [ 1.22980907e-04  9.99986261e-01  5.16553673e-03]
 [-1.43632391e-06  6.30676337e-08  9.99963581e-01]]
[INFO] [1747098096.962982]: Kalman Gain:
[[ 9.86458078e-01 -2.82164687e-03 -1.42108413e-01]
 [-2.76102170e-03  9.99391992e-01 -2.25342815e-02]
 [-1.85806246e-06 -3.08690286e-07  9.99958285e-01]]
[INFO] [1747098097.958378]: Kalman Gain:
[[ 9.48946033e-01 -1.50007799e-02 -2.36432884e-01]
 [-1.50007799e-02  9.95566933e-01 -6.39580412e-02]
 [-2.88086317e-06 -7.79309389e-07  9.99966058e-01]]
[INFO] [1747098099.616606]: Kalman Gain:
[[ 9.98556489e-01 -5.81918648e-04 -4.02513251e-02]
 [-5.81918648e-04  9.99760660e-01 -1.43390573e-02]
 [-4.90450198e-07 -1.74717068e-07  9.99973609e-01]]
[INFO] [1747098100.549556]: Kalman Gain:
[[ 9.91615956e-01 -5.78988919e-03 -1.00872364e-01]
 [-5.78988919e-03  9.95960686e-01 -6.24652474e-02]
 [-1.22909919e-06 -7.61120111e-07  9.99963021e-01]]
[INFO] [1747098101.548824]: Kalman Gain:
[[ 9.79574844e-01 -1.55379833e-02 -1.54591808e-01]
 [-1.55379833e-02  9.88148590e-01 -1.11440304e-01]
 [-1.88365434e-06 -1.35786634e-06  9.99964839e-01]]
[INFO] [1747098102.177897]: Kalman Gain:
[[ 9.77895369e-01 -1.86881322e-02 -1.68505049e-01]
 [-1.86881322e-02  9.84094778e-01 -1.30232384e-01]
 [-2.05318296e-06 -1.58684214e-06  9.99958380e-01]]
[INFO] [1747098102.750797]: Kalman Gain:
[[ 9.09705419e-01 -8.12575500e-02 -2.00642792e-01]
 [-8.12575500e-02  9.26455822e-01 -1.52799887e-01]
 [-2.44477162e-06 -1.86182032e-06  9.99959981e-01]]
[INFO] [1747098091.552219]: --- Received ArUco Marker ---
[INFO] [1747098091.558788]: Marker ID: 28
[INFO] [1747098091.563628]: Front of Robot in World Frame: x=2.272, y=0.113, phi=357.5°
[INFO] [1747098091.568047]: Covariance R(d=3.32): [[100.0, 0.0, 0.0], [0.0, 100.0, 0.0], [0.0, 0.0, 0.0012184696791468343]]
[INFO] [1747098091.573812]: ---------------------------------------------------
[INFO] [1747098091.578748]: Marker ID: 29
[INFO] [1747098091.589135]: Front of Robot in World Frame: x=2.207, y=0.817, phi=350.4°
[INFO] [1747098091.593977]: Covariance R(d=5.29): [[29745.951310665077, 0.0, 0.0], [0.0, 11602.804546837604, 0.0], [0.0, 0.0, 0.0012184696791468343]]
[INFO] [1747098091.598075]: ---------------------------------------------------
[INFO] [1747098091.602604]: Marker ID: 26
[INFO] [1747098091.610354]: Front of Robot in World Frame: x=2.866, y=0.100, phi=358.8°
[INFO] [1747098091.615363]: Covariance R(d=7.13): [[44934.49006697933, 0.0, 0.0], [0.0, 11179.777448491877, 0.0], [0.0, 0.0, 0.0012184696791468343]]
[INFO] [1747098091.619390]: ---------------------------------------------------
[INFO] [1747098093.549998]: --- Received ArUco Marker ---
[INFO] [1747098093.554370]: Marker ID: 28
[INFO] [1747098093.558478]: Front of Robot in World Frame: x=3.312, y=0.017, phi=356.9°
[INFO] [1747098093.562759]: Covariance R(d=2.36): [[100.0, 0.0, 0.0], [0.0, 100.0, 0.0], [0.0, 0.0, 0.0012184696791468343]]
[INFO] [1747098093.567149]: ---------------------------------------------------
[INFO] [1747098093.571316]: Marker ID: 29
[INFO] [1747098093.580136]: Front of Robot in World Frame: x=3.412, y=0.847, phi=346.0°
[INFO] [1747098093.584897]: Covariance R(d=4.09): [[100.0, 0.0, 0.0], [0.0, 8975.967090976954, 0.0], [0.0, 0.0, 0.0012184696791468343]]
[INFO] [1747098093.589664]: ---------------------------------------------------
[INFO] [1747098095.944014]: --- Received ArUco Marker ---
[INFO] [1747098095.948521]: Marker ID: 29
[INFO] [1747098095.952484]: Front of Robot in World Frame: x=4.707, y=0.156, phi=355.1°
[INFO] [1747098095.956383]: Covariance R(d=2.89): [[100.0, 0.0, 0.0], [0.0, 100.0, 0.0], [0.0, 0.0, 0.0012184696791468343]]
[INFO] [1747098095.959932]: ---------------------------------------------------
[INFO] [1747098095.964513]: Marker ID: 26
[INFO] [1747098095.969309]: Front of Robot in World Frame: x=5.511, y=-0.011, phi=359.5°
[INFO] [1747098095.977401]: Covariance R(d=4.49): [[21966.8193081489, 0.0, 0.0], [0.0, 10104.18351812416, 0.0], [0.0, 0.0, 0.0012184696791468343]]
[INFO] [1747098095.981285]: ---------------------------------------------------
[INFO] [1747098098.154027]: --- Received ArUco Marker ---
[INFO] [1747098098.158230]: Marker ID: 29
[INFO] [1747098098.162287]: Front of Robot in World Frame: x=5.836, y=0.099, phi=352.6°
[INFO] [1747098098.166287]: Covariance R(d=1.85): [[100.0, 0.0, 0.0], [0.0, 100.0, 0.0], [0.0, 0.0, 0.0012184696791468343]]
[INFO] [1747098098.170798]: ---------------------------------------------------
[INFO] [1747098100.151292]: --- Received ArUco Marker ---
[INFO] [1747098100.155869]: Marker ID: 26
[INFO] [1747098100.159900]: Front of Robot in World Frame: x=8.016, y=0.250, phi=351.5°
[INFO] [1747098100.163456]: Covariance R(d=2.00): [[100.0, 0.0, 0.0], [0.0, 100.0, 0.0], [0.0, 0.0, 0.0012184696791468343]]
[INFO] [1747098100.166751]: ---------------------------------------------------
[INFO] [1747098102.155993]: --- Received ArUco Marker ---
[INFO] [1747098102.160371]: Marker ID: 26
[INFO] [1747098102.164229]: Front of Robot in World Frame: x=9.404, y=-0.171, phi=16.5°
[INFO] [1747098102.167858]: Covariance R(d=0.62): [[100.0, 0.0, 0.0], [0.0, 100.0, 0.0], [0.0, 0.0, 0.0012184696791468343]]
[INFO] [1747098102.171929]: ---------------------------------------------------

[ARUCO DETECTOR] Camera properties upon initialisation:
CV_CAP_PROP_FRAME_HEIGHT : '480.0'
CV_CAP_PROP_FRAME_WIDTH :  '640.0'
CAP_PROP_FPS :             '30.0'
CAP_PROP_FOCUS :           '0.0'
CAP_PROP_AUTOFOCUS :       '1.0'
CAP_PROP_BRIGHTNESS :      '128.0'
CAP_PROP_CONTRAST :        '128.0'
CAP_PROP_SATURATION :      '128.0'
CAP_PROP_BUFFERSIZE :      '4.0'

[ARUCO DETECTOR] Camera properties upon initialisation:
CV_CAP_PROP_FRAME_HEIGHT : '1080.0'
CV_CAP_PROP_FRAME_WIDTH :  '1920.0'
CAP_PROP_FPS :             '5.0'
CAP_PROP_FOCUS :           '0.0'
CAP_PROP_AUTOFOCUS :       '0.0'
CAP_PROP_BRIGHTNESS :      '128.0'
CAP_PROP_CONTRAST :        '128.0'
CAP_PROP_SATURATION :      '128.0'
CAP_PROP_BUFFERSIZE :      '1.0'
[INFO] [1747098089.147383]: [ARUCO DETECTOR] As a double check of the camera properties set, a frame captured just now has dimensions = (1080, 1920, 3)
[INFO] [1747098089.152663]: [ARUCO DETECTOR] publish request from command line to save a single camera image using: rostopic pub --once /asc/request_save_image std_msgs/UInt32 1
[INFO] [1747098089.158288]: [ARUCO DETECTOR] Node initialisation complete
... logging to /home/asc/.ros/log/c7485494-2f95-11f0-9b09-d8c0a650f677/roslaunch-asc12-jetson-13109.log
Checking log directory for disk usage. This may take a while.
Press Ctrl-C to interrupt
Done checking log file disk usage. Usage is <1GB.
]2;/home/asc/ASClinic/catkin_ws/src/asclinic_pkg/launch/positioning.launch
[1mstarted roslaunch server http://asc12-jetson:37965/[0m

SUMMARY
========

PARAMETERS
 * /asc/aruco_detector/aruco_detector_desired_camera_fps: 5
 * /asc/aruco_detector/aruco_detector_desired_camera_frame_height: 1080
 * /asc/aruco_detector/aruco_detector_desired_camera_frame_width: 1920
 * /asc/aruco_detector/aruco_detector_marker_size: 0.25
 * /asc/aruco_detector/aruco_detector_save_image_path: /home/asc/saved_c...
 * /asc/aruco_detector/aruco_detector_should_publish_camera_images: False
 * /asc/aruco_detector/aruco_detector_should_save_all_aruco_images: False
 * /asc/aruco_detector/aruco_detector_should_show_camera_images: False
 * /asc/aruco_detector/aruco_detector_usb_camera_device_number: 0
 * /asc/aruco_detector/aruco_detector_verbosity: 1
 * /asc/encoder_read_multi_threaded/delta_t_for_publishing_encoder_counts: 0.1
 * /asc/encoder_read_multi_threaded/encoder_events_to_monitor: rising
 * /asc/encoder_read_multi_threaded/encoder_read_verbosity: 1
 * /asc/encoder_read_multi_threaded/gpio_chip_number_for_encoder_lines: 1
 * /asc/encoder_read_multi_threaded/line_number_for_left_side_encoder_channel_a: 105
 * /asc/encoder_read_multi_threaded/line_number_for_left_side_encoder_channel_b: 106
 * /asc/encoder_read_multi_threaded/line_number_for_right_side_encoder_channel_a: 84
 * /asc/encoder_read_multi_threaded/line_number_for_right_side_encoder_channel_b: 130
 * /asc/encoder_read_multi_threaded/should_monitor_left_side_encoder_channel_a: True
 * /asc/encoder_read_multi_threaded/should_monitor_left_side_encoder_channel_b: False
 * /asc/encoder_read_multi_threaded/should_monitor_right_side_encoder_channel_a: True
 * /asc/encoder_read_multi_threaded/should_monitor_right_side_encoder_channel_b: False
 * /asc/i2c_for_motors/motor_driver_current_limit_in_milliamps: 5000
 * /asc/i2c_for_motors/motor_driver_left_side_multiplier: 1
 * /asc/i2c_for_motors/motor_driver_max_accel_limit_in_percent_per_millisecond: 0.04
 * /asc/i2c_for_motors/motor_driver_max_decel_limit_in_percent_per_millisecond: 0.16
 * /asc/i2c_for_motors/motor_driver_max_duty_cycle_limit_in_percent: 100.0
 * /asc/i2c_for_motors/motor_driver_right_side_multiplier: 1
 * /asc/i2c_for_motors/motor_driver_verbosity: 1
 * /rosdistro: noetic
 * /rosversion: 1.17.0

NODES
  /
    aruco_positioning (asclinic_pkg/aruco_positioning.py)
    kf_fusion_node (asclinic_pkg/KF.py)
    odomdelta (asclinic_pkg/odomdelta)
  /asc/
    aruco_detector (asclinic_pkg/aruco_detector.py)
    encoder_read_multi_threaded (asclinic_pkg/encoder_read_multi_threaded)
    i2c_for_motors (asclinic_pkg/i2c_for_motors)

auto-starting new master
[1mprocess[master]: started with pid [13165][0m
[1mROS_MASTER_URI=http://localhost:11311[0m
]2;/home/asc/ASClinic/catkin_ws/src/asclinic_pkg/launch/positioning.launch http://localhost:11311
[1msetting /run_id to c7485494-2f95-11f0-9b09-d8c0a650f677[0m
[1mprocess[rosout-1]: started with pid [13184][0m
started core service [/rosout]
[1mprocess[asc/i2c_for_motors-2]: started with pid [13187][0m
[1mprocess[asc/encoder_read_multi_threaded-3]: started with pid [13188][0m
[1mprocess[odomdelta-4]: started with pid [13198][0m
[1mprocess[asc/aruco_detector-5]: started with pid [13208][0m
[1mprocess[aruco_positioning-6]: started with pid [13214][0m
[1mprocess[kf_fusion_node-7]: started with pid [13215][0m
[kf_fusion_node-7] killing on exit
[aruco_positioning-6] killing on exit
[asc/aruco_detector-5] killing on exit
[odomdelta-4] killing on exit
[asc/encoder_read_multi_threaded-3] killing on exit
[asc/i2c_for_motors-2] killing on exit
[rosout-1] killing on exit
[master] killing on exit
shutting down processing monitor...
... shutting down processing monitor complete
[1mdone[0m
