[INFO] [1747098324.237458]: Kalman Gain:
[[0.02282789 0.         0.        ]
 [0.         0.03993726 0.        ]
 [0.         0.         0.99999565]]
[INFO] [1747098324.245852]: Kalman Gain:
[[0.99635858 0.         0.        ]
 [0.         0.02141814 0.        ]
 [0.         0.         0.49999891]]
[INFO] [1747098324.544255]: Kalman Gain:
[[0.00341475 0.         0.        ]
 [0.         0.04574362 0.        ]
 [0.         0.         0.99997563]]
[INFO] [1747098324.716055]: Kalman Gain:
[[0.00669986 0.         0.        ]
 [0.         0.04897366 0.        ]
 [0.         0.         0.99993909]]
[INFO] [1747098324.723962]: Kalman Gain:
[[0.98770274 0.         0.        ]
 [0.         0.02615909 0.        ]
 [0.         0.         0.49998477]]
[INFO] [1747098324.920643]: Kalman Gain:
[[0.00340924 0.         0.        ]
 [0.         0.0510528  0.        ]
 [0.         0.         0.99996954]]
[INFO] [1747098325.110620]: Kalman Gain:
[[0.00670755 0.         0.        ]
 [0.         0.05414996 0.        ]
 [0.         0.         0.99996954]]
[INFO] [1747098325.314299]: Kalman Gain:
[[0.00994082 0.         0.        ]
 [0.         0.05648596 0.        ]
 [0.         0.         0.99996954]]
[INFO] [1747098325.520897]: Kalman Gain:
[[0.01311589 0.         0.        ]
 [0.         0.05902614 0.        ]
 [0.         0.         0.99996954]]
[INFO] [1747098325.705308]: Kalman Gain:
[[0.0161876  0.         0.        ]
 [0.         0.06098166 0.        ]
 [0.         0.         0.99996954]]
[INFO] [1747098325.931197]: Kalman Gain:
[[0.01915848 0.         0.        ]
 [0.         0.06283093 0.        ]
 [0.         0.         0.99996954]]
[INFO] [1747098326.106740]: Kalman Gain:
[[0.02200246 0.         0.        ]
 [0.         0.06435033 0.        ]
 [0.         0.         0.99996954]]
[INFO] [1747098326.318341]: Kalman Gain:
[[0.02472988 0.         0.        ]
 [0.         0.06588585 0.        ]
 [0.         0.         0.99996954]]
[INFO] [1747098326.506042]: Kalman Gain:
[[0.02731131 0.         0.        ]
 [0.         0.06712807 0.        ]
 [0.         0.         0.99996954]]
[INFO] [1747098326.813993]: Kalman Gain:
[[0.03131426 0.         0.        ]
 [0.         0.07074899 0.        ]
 [0.         0.         0.99997969]]
[INFO] [1747098326.917064]: Kalman Gain:
[[0.03193619 0.         0.        ]
 [0.         0.06872389 0.        ]
 [0.         0.         0.99993908]]
[INFO] [1747098327.118631]: Kalman Gain:
[[0.03407755 0.         0.        ]
 [0.         0.06953323 0.        ]
 [0.         0.         0.99996954]]
[INFO] [1747098327.312017]: Kalman Gain:
[[0.03607776 0.         0.        ]
 [0.         0.07029644 0.        ]
 [0.         0.         0.99996954]]
[INFO] [1747098327.509606]: Kalman Gain:
[[0.0379378  0.         0.        ]
 [0.         0.07100013 0.        ]
 [0.         0.         0.99996954]]
[INFO] [1747098327.753245]: Kalman Gain:
[[0.0396462  0.         0.        ]
 [0.         0.07151202 0.        ]
 [0.         0.         0.99996954]]
[INFO] [1747098327.980168]: Kalman Gain:
[[0.04113682 0.         0.        ]
 [0.         0.07157977 0.        ]
 [0.         0.         0.99993909]]
[INFO] [1747098328.116276]: Kalman Gain:
[[0.04252883 0.         0.        ]
 [0.         0.07186313 0.        ]
 [0.         0.         0.99993909]]
[INFO] [1747098328.316425]: Kalman Gain:
[[0.04385891 0.         0.        ]
 [0.         0.07223066 0.        ]
 [0.         0.         0.99996954]]
[INFO] [1747098328.505839]: Kalman Gain:
[[0.04508878 0.         0.        ]
 [0.         0.07267288 0.        ]
 [0.         0.         0.99996954]]
[INFO] [1747098328.721648]: Kalman Gain:
[[0.04619356 0.         0.        ]
 [0.         0.07292911 0.        ]
 [0.         0.         0.99996954]]
[INFO] [1747098328.957928]: Kalman Gain:
[[0.04719871 0.         0.        ]
 [0.         0.07315832 0.        ]
 [0.         0.         0.99996954]]
[INFO] [1747098329.113426]: Kalman Gain:
[[0.04804675 0.         0.        ]
 [0.         0.07322707 0.        ]
 [0.         0.         0.99993909]]
[INFO] [1747098329.323972]: Kalman Gain:
[[0.04886564 0.         0.        ]
 [0.         0.07332033 0.        ]
 [0.         0.         0.99996954]]
[INFO] [1747098329.510328]: Kalman Gain:
[[0.04960835 0.         0.        ]
 [0.         0.07341823 0.        ]
 [0.         0.         0.99996954]]
[INFO] [1747098329.706684]: Kalman Gain:
[[0.0502977  0.         0.        ]
 [0.         0.07364436 0.        ]
 [0.         0.         0.99996954]]
[INFO] [1747098329.933692]: Kalman Gain:
[[0.05092018 0.         0.        ]
 [0.         0.07384647 0.        ]
 [0.         0.         0.99996954]]
[INFO] [1747098330.108543]: Kalman Gain:
[[0.0514588  0.         0.        ]
 [0.         0.0738612  0.        ]
 [0.         0.         0.99996954]]
[INFO] [1747098330.314588]: Kalman Gain:
[[0.05195665 0.         0.        ]
 [0.         0.07397117 0.        ]
 [0.         0.         0.99996954]]
[INFO] [1747098330.516035]: Kalman Gain:
[[0.05240934 0.         0.        ]
 [0.         0.07410471 0.        ]
 [0.         0.         0.99996954]]
[INFO] [1747098330.717324]: Kalman Gain:
[[0.05280652 0.         0.        ]
 [0.         0.0741542  0.        ]
 [0.         0.         0.99996954]]
[INFO] [1747098330.910272]: Kalman Gain:
[[0.05316673 0.         0.        ]
 [0.         0.07422489 0.        ]
 [0.         0.         0.99996954]]
[INFO] [1747098331.111913]: Kalman Gain:
[[0.05349791 0.         0.        ]
 [0.         0.07434453 0.        ]
 [0.         0.         0.99996954]]
[INFO] [1747098331.314423]: Kalman Gain:
[[0.05377393 0.         0.        ]
 [0.         0.07430332 0.        ]
 [0.         0.         0.99996954]]
[INFO] [1747098331.525418]: Kalman Gain:
[[0.05404678 0.         0.        ]
 [0.         0.07444723 0.        ]
 [0.         0.         0.99996954]]
[INFO] [1747098331.840014]: Kalman Gain:
[[0.05575263 0.         0.        ]
 [0.         0.07692082 0.        ]
 [0.         0.         0.99997969]]
[INFO] [1747098331.948318]: Kalman Gain:
[[0.05433679 0.         0.        ]
 [0.         0.07422154 0.        ]
 [0.         0.         0.99993908]]
[INFO] [1747098332.105020]: Kalman Gain:
[[0.05443305 0.         0.        ]
 [0.         0.07394116 0.        ]
 [0.         0.         0.99993909]]
[INFO] [1747098332.317687]: Kalman Gain:
[[0.05461175 0.         0.        ]
 [0.         0.0739672  0.        ]
 [0.         0.         0.99996954]]
[INFO] [1747098332.502450]: Kalman Gain:
[[0.0547861  0.         0.        ]
 [0.         0.07408978 0.        ]
 [0.         0.         0.99996954]]
[INFO] [1747098332.706320]: Kalman Gain:
[[0.0549363  0.         0.        ]
 [0.         0.07415718 0.        ]
 [0.         0.         0.99996954]]
[INFO] [1747098332.931578]: Kalman Gain:
[[0.05507227 0.         0.        ]
 [0.         0.07422755 0.        ]
 [0.         0.         0.99996954]]
[INFO] [1747098333.107459]: Kalman Gain:
[[0.0551925  0.         0.        ]
 [0.         0.07428004 0.        ]
 [0.         0.         0.99996954]]
[INFO] [1747098333.320354]: Kalman Gain:
[[0.05529148 0.         0.        ]
 [0.         0.0742677  0.        ]
 [0.         0.         0.99996954]]
[INFO] [1747098333.502507]: Kalman Gain:
[[0.05539373 0.         0.        ]
 [0.         0.07435193 0.        ]
 [0.         0.         0.99996954]]
[INFO] [1747098333.709850]: Kalman Gain:
[[0.0554968  0.         0.        ]
 [0.         0.074505   0.        ]
 [0.         0.         0.99996954]]
[INFO] [1747098333.925249]: Kalman Gain:
[[0.05555588 0.         0.        ]
 [0.         0.07441482 0.        ]
 [0.         0.         0.99996954]]
[INFO] [1747098334.111883]: Kalman Gain:
[[0.05561821 0.         0.        ]
 [0.         0.07440084 0.        ]
 [0.         0.         0.99996954]]
[INFO] [1747098334.316881]: Kalman Gain:
[[0.05567731 0.         0.        ]
 [0.         0.07441211 0.        ]
 [0.         0.         0.99996954]]
[INFO] [1747098334.515707]: Kalman Gain:
[[0.05574913 0.         0.        ]
 [0.         0.07455196 0.        ]
 [0.         0.         0.99996954]]
[INFO] [1747098325.907109]: --- Received ArUco Marker ---
[INFO] [1747098325.911489]: Marker ID: 28
[INFO] [1747098325.915946]: Front of Robot in World Frame: x=-0.146, y=0.110, phi=357.8°
[INFO] [1747098325.920305]: Covariance R(d=5.70): [[33424.22579798609, 0.0, 0.0], [0.0, 11971.390987409042, 0.0], [0.0, 0.0, 0.0012184696791468343]]
[INFO] [1747098325.923868]: ---------------------------------------------------
[INFO] [1747098325.929258]: Marker ID: 26
[INFO] [1747098325.936452]: Front of Robot in World Frame: x=0.044, y=-0.129, phi=360.0°
[INFO] [1747098325.942313]: Covariance R(d=9.96): [[61157.23466939047, 0.0, 0.0], [0.0, 128.154289244925, 0.0], [0.0, 0.0, 0.0012184696791468343]]
[INFO] [1747098325.946891]: ---------------------------------------------------
[INFO] [1747098327.912116]: --- Received ArUco Marker ---
[INFO] [1747098327.917523]: Marker ID: 28
[INFO] [1747098327.922753]: Front of Robot in World Frame: x=-0.148, y=0.229, phi=356.7°
[INFO] [1747098327.928720]: Covariance R(d=5.69): [[33306.118219370066, 0.0, 0.0], [0.0, 11963.455324954606, 0.0], [0.0, 0.0, 0.0012184696791468343]]
[INFO] [1747098327.933184]: ---------------------------------------------------
[INFO] [1747098327.938603]: Marker ID: 29
[INFO] [1747098327.960785]: Front of Robot in World Frame: x=0.469, y=4.308, phi=326.4°
[INFO] [1747098327.966917]: Covariance R(d=7.81): [[49613.98283980894, 0.0, 0.0], [0.0, 9672.476865376866, 0.0], [0.0, 0.0, 0.0012184696791468343]]
[INFO] [1747098327.976597]: ---------------------------------------------------
[INFO] [1747098327.985971]: Marker ID: 26
[INFO] [1747098327.994166]: Front of Robot in World Frame: x=0.197, y=-0.028, phi=359.4°
[INFO] [1747098328.000638]: Covariance R(d=9.80): [[60494.98443971329, 0.0, 0.0], [0.0, 1052.2380527573928, 0.0], [0.0, 0.0, 0.0012184696791468343]]
[INFO] [1747098328.010105]: ---------------------------------------------------
[INFO] [1747098329.900799]: --- Received ArUco Marker ---
[INFO] [1747098329.906376]: Marker ID: 28
[INFO] [1747098329.911053]: Front of Robot in World Frame: x=-0.129, y=0.131, phi=357.6°
[INFO] [1747098329.914919]: Covariance R(d=5.68): [[33250.46133548628, 0.0, 0.0], [0.0, 11959.621758158752, 0.0], [0.0, 0.0, 0.0012184696791468343]]
[INFO] [1747098329.918231]: ---------------------------------------------------
[INFO] [1747098329.922425]: Marker ID: 29
[INFO] [1747098329.928821]: Front of Robot in World Frame: x=0.446, y=4.291, phi=326.6°
[INFO] [1747098329.935214]: Covariance R(d=7.83): [[49698.28198390865, 0.0, 0.0], [0.0, 9636.72347341276, 0.0], [0.0, 0.0, 0.0012184696791468343]]
[INFO] [1747098329.942676]: ---------------------------------------------------
[INFO] [1747098329.954886]: Marker ID: 26
[INFO] [1747098329.960325]: Front of Robot in World Frame: x=0.133, y=0.047, phi=358.9°
[INFO] [1747098329.964409]: Covariance R(d=9.87): [[60774.52274823544, 0.0, 0.0], [0.0, 670.976887011121, 0.0], [0.0, 0.0, 0.0012184696791468343]]
[INFO] [1747098329.967736]: ---------------------------------------------------
[INFO] [1747098331.923126]: --- Received ArUco Marker ---
[INFO] [1747098331.927311]: Marker ID: 28
[INFO] [1747098331.931583]: Front of Robot in World Frame: x=-0.114, y=0.078, phi=358.2°
[INFO] [1747098331.935878]: Covariance R(d=5.67): [[33183.029464149295, 0.0, 0.0], [0.0, 11954.896763664614, 0.0], [0.0, 0.0, 0.0012184696791468343]]
[INFO] [1747098331.939608]: ---------------------------------------------------
[INFO] [1747098331.944417]: Marker ID: 29
[INFO] [1747098331.951325]: Front of Robot in World Frame: x=0.462, y=4.289, phi=326.6°
[INFO] [1747098331.955821]: Covariance R(d=7.81): [[49602.828384810884, 0.0, 0.0], [0.0, 9677.182346827434, 0.0], [0.0, 0.0, 0.0012184696791468343]]
[INFO] [1747098331.959406]: ---------------------------------------------------
[INFO] [1747098331.967065]: Marker ID: 26
[INFO] [1747098331.970994]: Front of Robot in World Frame: x=0.205, y=-0.030, phi=359.4°
[INFO] [1747098331.975624]: Covariance R(d=9.80): [[60459.544180471166, 0.0, 0.0], [0.0, 1099.6926990693712, 0.0], [0.0, 0.0, 0.0012184696791468343]]
[INFO] [1747098331.979294]: ---------------------------------------------------
[INFO] [1747098333.900334]: --- Received ArUco Marker ---
[INFO] [1747098333.905008]: Marker ID: 28
[INFO] [1747098333.909752]: Front of Robot in World Frame: x=-0.140, y=0.198, phi=357.0°
[INFO] [1747098333.914518]: Covariance R(d=5.68): [[33270.69892307048, 0.0, 0.0], [0.0, 11961.022644669003, 0.0], [0.0, 0.0, 0.0012184696791468343]]
[INFO] [1747098333.918449]: ---------------------------------------------------
[INFO] [1747098333.926588]: Marker ID: 29
[INFO] [1747098333.932999]: Front of Robot in World Frame: x=0.460, y=4.305, phi=326.5°
[INFO] [1747098333.938416]: Covariance R(d=7.82): [[49658.17329801679, 0.0, 0.0], [0.0, 9653.776926241711, 0.0], [0.0, 0.0, 0.0012184696791468343]]
[INFO] [1747098333.942938]: ---------------------------------------------------
[INFO] [1747098333.951326]: Marker ID: 26
[INFO] [1747098333.956681]: Front of Robot in World Frame: x=0.186, y=-0.227, phi=0.5°
[INFO] [1747098333.961544]: Covariance R(d=9.82): [[60553.902173612274, 0.0, 0.0], [0.0, 972.9130380155826, 0.0], [0.0, 0.0, 0.0012184696791468343]]
[INFO] [1747098333.965532]: ---------------------------------------------------
[INFO] [1747098335.907136]: --- Received ArUco Marker ---
[INFO] [1747098335.911924]: Marker ID: 28
[INFO] [1747098335.917563]: Front of Robot in World Frame: x=-0.123, y=0.111, phi=357.9°
[INFO] [1747098335.924498]: Covariance R(d=5.68): [[33216.83461840456, 0.0, 0.0], [0.0, 11957.276508028473, 0.0], [0.0, 0.0, 0.0012184696791468343]]
[INFO] [1747098335.929360]: ---------------------------------------------------
[INFO] [1747098335.938713]: Marker ID: 29
[INFO] [1747098335.959606]: Front of Robot in World Frame: x=0.471, y=4.314, phi=326.4°
[INFO] [1747098335.964218]: Covariance R(d=7.81): [[49620.271606712726, 0.0, 0.0], [0.0, 9669.821351193208, 0.0], [0.0, 0.0, 0.0012184696791468343]]
[INFO] [1747098335.971569]: ---------------------------------------------------
[INFO] [1747098335.980681]: Marker ID: 26
[INFO] [1747098335.990916]: Front of Robot in World Frame: x=0.202, y=-0.114, phi=359.9°
[INFO] [1747098335.995430]: Covariance R(d=9.80): [[60473.50521464647, 0.0, 0.0], [0.0, 1081.0221220667327, 0.0], [0.0, 0.0, 0.0012184696791468343]]
[INFO] [1747098335.999992]: ---------------------------------------------------
[INFO] [1747098337.908978]: --- Received ArUco Marker ---
[INFO] [1747098337.914034]: Marker ID: 28
[INFO] [1747098337.918531]: Front of Robot in World Frame: x=-0.145, y=0.208, phi=356.9°
[INFO] [1747098337.922888]: Covariance R(d=5.69): [[33298.255363257886, 0.0, 0.0], [0.0, 11962.9173878784, 0.0], [0.0, 0.0, 0.0012184696791468343]]
[INFO] [1747098337.926944]: ---------------------------------------------------
[INFO] [1747098337.931736]: Marker ID: 29
[INFO] [1747098337.938270]: Front of Robot in World Frame: x=0.467, y=4.304, phi=326.5°
[INFO] [1747098337.944568]: Covariance R(d=7.81): [[49618.32142640619, 0.0, 0.0], [0.0, 9670.645041926788, 0.0], [0.0, 0.0, 0.0012184696791468343]]
[INFO] [1747098337.950677]: ---------------------------------------------------
[INFO] [1747098337.955579]: Marker ID: 26
[INFO] [1747098337.964004]: Front of Robot in World Frame: x=0.222, y=0.067, phi=358.8°
[INFO] [1747098337.968975]: Covariance R(d=9.78): [[60383.87304786837, 0.0, 0.0], [0.0, 1200.3664906269362, 0.0], [0.0, 0.0, 0.0012184696791468343]]
[INFO] [1747098337.973681]: ---------------------------------------------------
[INFO] [1747098339.898018]: --- Received ArUco Marker ---
[INFO] [1747098339.902239]: Marker ID: 28
[INFO] [1747098339.905812]: Front of Robot in World Frame: x=-0.132, y=0.124, phi=357.7°
[INFO] [1747098339.909911]: Covariance R(d=5.68): [[33278.989181854115, 0.0, 0.0], [0.0, 11961.594220699762, 0.0], [0.0, 0.0, 0.0012184696791468343]]
[INFO] [1747098339.913446]: ---------------------------------------------------
[INFO] [1747098339.917211]: Marker ID: 29
[INFO] [1747098339.920877]: Front of Robot in World Frame: x=0.465, y=4.308, phi=326.5°
[INFO] [1747098334.726958]: Kalman Gain:
[[0.05578063 0.         0.        ]
 [0.         0.07445237 0.        ]
 [0.         0.         0.99996954]]
[INFO] [1747098334.903826]: Kalman Gain:
[[0.05582435 0.         0.        ]
 [0.         0.07447149 0.        ]
 [0.         0.         0.99996954]]
[INFO] [1747098335.111286]: Kalman Gain:
[[0.05585751 0.         0.        ]
 [0.         0.0744481  0.        ]
 [0.         0.         0.99996954]]
[INFO] [1747098335.310701]: Kalman Gain:
[[0.05588053 0.         0.        ]
 [0.         0.07438211 0.        ]
 [0.         0.         0.99996954]]
[INFO] [1747098335.508884]: Kalman Gain:
[[0.05594332 0.         0.        ]
 [0.         0.07461393 0.        ]
 [0.         0.         0.99996954]]
[INFO] [1747098335.718074]: Kalman Gain:
[[0.05596038 0.         0.        ]
 [0.         0.07455082 0.        ]
 [0.         0.         0.99996954]]
[INFO] [1747098335.941454]: Kalman Gain:
[[0.05600159 0.         0.        ]
 [0.         0.07467157 0.        ]
 [0.         0.         0.99996954]]
[INFO] [1747098336.155167]: Kalman Gain:
[[0.05591372 0.         0.        ]
 [0.         0.07430637 0.        ]
 [0.         0.         0.99993909]]
[INFO] [1747098336.303781]: Kalman Gain:
[[0.05586985 0.         0.        ]
 [0.         0.07422418 0.        ]
 [0.         0.         0.99993909]]
[INFO] [1747098336.513297]: Kalman Gain:
[[0.05589966 0.         0.        ]
 [0.         0.07424843 0.        ]
 [0.         0.         0.99996954]]
[INFO] [1747098336.827267]: Kalman Gain:
[[0.0574144  0.         0.        ]
 [0.         0.07683836 0.        ]
 [0.         0.         0.99997969]]
[INFO] [1747098336.919703]: Kalman Gain:
[[0.05580201 0.         0.        ]
 [0.         0.07402084 0.        ]
 [0.         0.         0.99993908]]
[INFO] [1747098337.119004]: Kalman Gain:
[[0.05583636 0.         0.        ]
 [0.         0.07405563 0.        ]
 [0.         0.         0.99996954]]
[INFO] [1747098337.301146]: Kalman Gain:
[[0.05586774 0.         0.        ]
 [0.         0.07408947 0.        ]
 [0.         0.         0.99996954]]
[INFO] [1747098337.517145]: Kalman Gain:
[[0.05590142 0.         0.        ]
 [0.         0.07415651 0.        ]
 [0.         0.         0.99996954]]
[INFO] [1747098337.727913]: Kalman Gain:
[[0.05594321 0.         0.        ]
 [0.         0.0742938  0.        ]
 [0.         0.         0.99996954]]
[INFO] [1747098337.946752]: Kalman Gain:
[[0.05595618 0.         0.        ]
 [0.         0.07424817 0.        ]
 [0.         0.         0.99996954]]
[INFO] [1747098338.103343]: Kalman Gain:
[[0.05590655 0.         0.        ]
 [0.         0.07416702 0.        ]
 [0.         0.         0.99993909]]
[INFO] [1747098338.311749]: Kalman Gain:
[[0.05591878 0.         0.        ]
 [0.         0.07410649 0.        ]
 [0.         0.         0.99996954]]
[INFO] [1747098338.519138]: Kalman Gain:
[[0.05596037 0.         0.        ]
 [0.         0.07426178 0.        ]
 [0.         0.         0.99996954]]
[INFO] [1747098338.719764]: Kalman Gain:
[[0.05598771 0.         0.        ]
 [0.         0.07433002 0.        ]
 [0.         0.         0.99996954]]
[INFO] [1747098338.905383]: Kalman Gain:
[[0.05601825 0.         0.        ]
 [0.         0.07443058 0.        ]
 [0.         0.         0.99996954]]
[INFO] [1747098339.129579]: Kalman Gain:
[[0.0560318  0.         0.        ]
 [0.         0.07442567 0.        ]
 [0.         0.         0.99996954]]
[INFO] [1747098339.307256]: Kalman Gain:
[[0.05603557 0.         0.        ]
 [0.         0.0743643  0.        ]
 [0.         0.         0.99996954]]
[INFO] [1747098339.507879]: Kalman Gain:
[[0.05605306 0.         0.        ]
 [0.         0.07440604 0.        ]
 [0.         0.         0.99996954]]
[INFO] [1747098339.713921]: Kalman Gain:
[[0.0560872  0.         0.        ]
 [0.         0.0745674  0.        ]
 [0.         0.         0.99996954]]
[INFO] [1747098339.921972]: Kalman Gain:
[[0.05608057 0.         0.        ]
 [0.         0.07445793 0.        ]
 [0.         0.         0.99996954]]
[INFO] [1747098340.107734]: Kalman Gain:
[[0.05609541 0.         0.        ]
 [0.         0.07450214 0.        ]
 [0.         0.         0.99996954]]
[INFO] [1747098340.319963]: Kalman Gain:
[[0.05609763 0.         0.        ]
 [0.         0.07446577 0.        ]
 [0.         0.         0.99996954]]
[INFO] [1747098340.508158]: Kalman Gain:
[[0.05609892 0.         0.        ]
 [0.         0.07442878 0.        ]
 [0.         0.         0.99996954]]
[INFO] [1747098340.704497]: Kalman Gain:
[[0.05611867 0.         0.        ]
 [0.         0.07452309 0.        ]
 [0.         0.         0.99996954]]
[INFO] [1747098340.915274]: Kalman Gain:
[[0.05611666 0.         0.        ]
 [0.         0.07447167 0.        ]
 [0.         0.         0.99996954]]
[INFO] [1747098341.137418]: Kalman Gain:
[[0.056137   0.         0.        ]
 [0.         0.07457714 0.        ]
 [0.         0.         0.99996954]]
[INFO] [1747098341.330956]: Kalman Gain:
[[0.05613318 0.         0.        ]
 [0.         0.07452015 0.        ]
 [0.         0.         0.99996954]]
[INFO] [1747098341.506585]: Kalman Gain:
[[0.05613632 0.         0.        ]
 [0.         0.07451453 0.        ]
 [0.         0.         0.99996954]]
[INFO] [1747098341.832039]: Kalman Gain:
[[0.05762954 0.         0.        ]
 [0.         0.07709789 0.        ]
 [0.         0.         0.99997969]]
[INFO] [1747098341.931813]: Kalman Gain:
[[0.05597613 0.         0.        ]
 [0.         0.0741237  0.        ]
 [0.         0.         0.99993908]]
[INFO] [1747098342.104630]: Kalman Gain:
[[0.05601034 0.         0.        ]
 [0.         0.07426897 0.        ]
 [0.         0.         0.99996954]]
[INFO] [1747098342.321097]: Kalman Gain:
[[0.05603877 0.         0.        ]
 [0.         0.07438065 0.        ]
 [0.         0.         0.99996954]]
[INFO] [1747098342.505576]: Kalman Gain:
[[0.05605128 0.         0.        ]
 [0.         0.0743911  0.        ]
 [0.         0.         0.99996954]]
[INFO] [1747098342.720289]: Kalman Gain:
[[0.05605637 0.         0.        ]
 [0.         0.07435852 0.        ]
 [0.         0.         0.99996954]]
[INFO] [1747098342.929928]: Kalman Gain:
[[0.05606615 0.         0.        ]
 [0.         0.07436474 0.        ]
 [0.         0.         0.99996954]]
[INFO] [1747098343.100555]: Kalman Gain:
[[0.056089   0.         0.        ]
 [0.         0.0744655  0.        ]
 [0.         0.         0.99996954]]
[INFO] [1747098343.307843]: Kalman Gain:
[[0.05608964 0.         0.        ]
 [0.         0.07441954 0.        ]
 [0.         0.         0.99996954]]
[INFO] [1747098343.507164]: Kalman Gain:
[[0.05610008 0.         0.        ]
 [0.         0.07444581 0.        ]
 [0.         0.         0.99996954]]
[INFO] [1747098343.711356]: Kalman Gain:
[[0.05609411 0.         0.        ]
 [0.         0.07436405 0.        ]
 [0.         0.         0.99996954]]
[INFO] [1747098343.942017]: Kalman Gain:
[[0.05611941 0.         0.        ]
 [0.         0.0745014  0.        ]
 [0.         0.         0.99996954]]
[INFO] [1747098344.117324]: Kalman Gain:
[[0.05611257 0.         0.        ]
 [0.         0.07442059 0.        ]
 [0.         0.         0.99996954]]
[INFO] [1747098344.305171]: Kalman Gain:
[[0.0561352  0.         0.        ]
 [0.         0.07454563 0.        ]
 [0.         0.         0.99996954]]
[INFO] [1747098344.527627]: Kalman Gain:
[[0.05613188 0.         0.        ]
 [0.         0.07449471 0.        ]
 [0.         0.         0.99996954]]
[INFO] [1747098344.704948]: Kalman Gain:
[[0.05614695 0.         0.        ]
 [0.         0.07457269 0.        ]
 [0.         0.         0.99996954]]
[INFO] [1747098344.916679]: Kalman Gain:
[[0.05615295 0.         0.        ]
 [0.         0.07459015 0.        ]
 [0.         0.         0.99996954]]
[INFO] [1747098345.107180]: Kalman Gain:
[[0.05616179 0.         0.        ]
 [0.         0.07462887 0.        ]
 [0.         0.         0.99996954]]
[INFO] [1747098345.331161]: Kalman Gain:
[[0.05614719 0.         0.        ]
 [0.         0.07451066 0.        ]
 [0.         0.         0.99996954]]
[INFO] [1747098339.928026]: Covariance R(d=7.82): [[49638.64124924818, 0.0, 0.0], [0.0, 9662.05373295132, 0.0], [0.0, 0.0, 0.0012184696791468343]]
[INFO] [1747098339.934108]: ---------------------------------------------------
[INFO] [1747098339.938603]: Marker ID: 26
[INFO] [1747098339.948526]: Front of Robot in World Frame: x=0.196, y=0.003, phi=359.2°
[INFO] [1747098339.953879]: Covariance R(d=9.80): [[60499.78354800537, 0.0, 0.0], [0.0, 1045.7969995810306, 0.0], [0.0, 0.0, 0.0012184696791468343]]
[INFO] [1747098339.957875]: ---------------------------------------------------
[INFO] [1747098341.911549]: --- Received ArUco Marker ---
[INFO] [1747098341.915609]: Marker ID: 28
[INFO] [1747098341.919343]: Front of Robot in World Frame: x=-0.148, y=0.228, phi=356.7°
[INFO] [1747098341.922981]: Covariance R(d=5.69): [[33307.14532169688, 0.0, 0.0], [0.0, 11963.525505491849, 0.0], [0.0, 0.0, 0.0012184696791468343]]
[INFO] [1747098341.926006]: ---------------------------------------------------
[INFO] [1747098341.929518]: Marker ID: 29
[INFO] [1747098341.934080]: Front of Robot in World Frame: x=0.443, y=4.284, phi=326.7°
[INFO] [1747098341.938117]: Covariance R(d=7.83): [[49702.041934034845, 0.0, 0.0], [0.0, 9635.120864186996, 0.0], [0.0, 0.0, 0.0012184696791468343]]
[INFO] [1747098341.941669]: ---------------------------------------------------
[INFO] [1747098341.945630]: Marker ID: 26
[INFO] [1747098341.950143]: Front of Robot in World Frame: x=0.248, y=0.043, phi=358.9°
[INFO] [1747098341.955771]: Covariance R(d=9.75): [[60266.85565182676, 0.0, 0.0], [0.0, 1354.3259402769154, 0.0], [0.0, 0.0, 0.0012184696791468343]]
[INFO] [1747098341.960534]: ---------------------------------------------------
[INFO] [1747098343.920835]: --- Received ArUco Marker ---
[INFO] [1747098343.925125]: Marker ID: 28
[INFO] [1747098343.928990]: Front of Robot in World Frame: x=-0.141, y=0.196, phi=357.0°
[INFO] [1747098343.932795]: Covariance R(d=5.68): [[33276.490848405716, 0.0, 0.0], [0.0, 11961.422112158081, 0.0], [0.0, 0.0, 0.0012184696791468343]]
[INFO] [1747098343.936064]: ---------------------------------------------------
[INFO] [1747098343.939982]: Marker ID: 29
[INFO] [1747098343.950943]: Front of Robot in World Frame: x=0.427, y=4.279, phi=326.8°
[INFO] [1747098343.955240]: Covariance R(d=7.84): [[49783.585349778914, 0.0, 0.0], [0.0, 9600.197397448002, 0.0], [0.0, 0.0, 0.0012184696791468343]]
[INFO] [1747098343.958912]: ---------------------------------------------------
[INFO] [1747098343.965151]: Marker ID: 26
[INFO] [1747098343.974126]: Front of Robot in World Frame: x=0.168, y=-0.113, phi=359.9°
[INFO] [1747098343.978465]: Covariance R(d=9.83): [[60625.059198376875, 0.0, 0.0], [0.0, 876.3802802636001, 0.0], [0.0, 0.0, 0.0012184696791468343]]
[INFO] [1747098343.982511]: ---------------------------------------------------
[INFO] [1747098345.899886]: --- Received ArUco Marker ---
[INFO] [1747098345.904174]: Marker ID: 28
[INFO] [1747098345.907736]: Front of Robot in World Frame: x=-0.144, y=0.239, phi=356.5°
[INFO] [1747098345.911340]: Covariance R(d=5.68): [[33261.732772602576, 0.0, 0.0], [0.0, 11960.40296902712, 0.0], [0.0, 0.0, 0.0012184696791468343]]
[INFO] [1747098345.914468]: ---------------------------------------------------
[INFO] [1747098345.918871]: Marker ID: 26
[INFO] [1747098345.928640]: Front of Robot in World Frame: x=0.335, y=-0.015, phi=359.3°
[INFO] [1747098345.932466]: Covariance R(d=9.67): [[59877.166868708955, 0.0, 0.0], [0.0, 1852.4230345131482, 0.0], [0.0, 0.0, 0.0012184696791468343]]
[INFO] [1747098345.935789]: ---------------------------------------------------
[INFO] [1747098347.919527]: --- Received ArUco Marker ---
[INFO] [1747098347.923692]: Marker ID: 28
[INFO] [1747098347.928962]: Front of Robot in World Frame: x=-0.130, y=0.143, phi=357.5°
[INFO] [1747098347.933596]: Covariance R(d=5.68): [[33238.88206501843, 0.0, 0.0], [0.0, 11958.816648800625, 0.0], [0.0, 0.0, 0.0012184696791468343]]
[INFO] [1747098347.938148]: ---------------------------------------------------
[INFO] [1747098347.942968]: Marker ID: 29
[INFO] [1747098347.955693]: Front of Robot in World Frame: x=0.426, y=4.272, phi=326.8°
[INFO] [1747098347.961569]: Covariance R(d=7.84): [[49766.571981203895, 0.0, 0.0], [0.0, 9607.510312274122, 0.0], [0.0, 0.0, 0.0012184696791468343]]
[INFO] [1747098347.965468]: ---------------------------------------------------
[INFO] [1747098347.974733]: Marker ID: 26
[INFO] [1747098347.978669]: Front of Robot in World Frame: x=0.200, y=0.244, phi=357.8°
[INFO] [1747098347.983937]: Covariance R(d=9.80): [[60496.05900356053, 0.0, 0.0], [0.0, 1050.7961546581678, 0.0], [0.0, 0.0, 0.0012184696791468343]]
[INFO] [1747098347.987501]: ---------------------------------------------------
[INFO] [1747098349.905458]: --- Received ArUco Marker ---
[INFO] [1747098349.910141]: Marker ID: 28
[INFO] [1747098349.913798]: Front of Robot in World Frame: x=-0.135, y=0.179, phi=357.2°
[INFO] [1747098349.917801]: Covariance R(d=5.68): [[33246.469172140976, 0.0, 0.0], [0.0, 11959.344475438033, 0.0], [0.0, 0.0, 0.0012184696791468343]]
[INFO] [1747098349.921155]: ---------------------------------------------------
[INFO] [1747098349.924891]: Marker ID: 29
[INFO] [1747098349.928711]: Front of Robot in World Frame: x=0.430, y=4.269, phi=326.8°
[INFO] [1747098349.937203]: Covariance R(d=7.83): [[49732.453087160335, 0.0, 0.0], [0.0, 9622.133741697542, 0.0], [0.0, 0.0, 0.0012184696791468343]]
[INFO] [1747098349.941137]: ---------------------------------------------------
[INFO] [1747098349.948117]: Marker ID: 26
[INFO] [1747098349.952996]: Front of Robot in World Frame: x=0.199, y=-0.068, phi=359.6°
[INFO] [1747098349.960976]: Covariance R(d=9.80): [[60483.80229169282, 0.0, 0.0], [0.0, 1067.2320838767541, 0.0], [0.0, 0.0, 0.0012184696791468343]]
[INFO] [1747098349.965780]: ---------------------------------------------------
[INFO] [1747098351.916448]: --- Received ArUco Marker ---
[INFO] [1747098351.921233]: Marker ID: 28
[INFO] [1747098351.925452]: Front of Robot in World Frame: x=-0.139, y=0.165, phi=357.3°
[INFO] [1747098351.929501]: Covariance R(d=5.69): [[33298.57610478228, 0.0, 0.0], [0.0, 11962.9393548812, 0.0], [0.0, 0.0, 0.0012184696791468343]]
[INFO] [1747098351.932876]: ---------------------------------------------------
[INFO] [1747098351.936655]: Marker ID: 29
[INFO] [1747098351.940839]: Front of Robot in World Frame: x=0.413, y=4.245, phi=327.0°
[INFO] [1747098351.950891]: Covariance R(d=7.84): [[49769.607862441386, 0.0, 0.0], [0.0, 9606.206411825955, 0.0], [0.0, 0.0, 0.0012184696791468343]]
[INFO] [1747098351.959702]: ---------------------------------------------------
[INFO] [1747098351.967024]: Marker ID: 26
[INFO] [1747098351.972346]: Front of Robot in World Frame: x=0.216, y=0.146, phi=358.4°
[INFO] [1747098351.977573]: Covariance R(d=9.78): [[60413.127005405295, 0.0, 0.0], [0.0, 1161.551199067773, 0.0], [0.0, 0.0, 0.0012184696791468343]]
[INFO] [1747098351.981477]: ---------------------------------------------------
[INFO] [1747098353.914931]: --- Received ArUco Marker ---
[INFO] [1747098353.919974]: Marker ID: 28
[INFO] [1747098353.923517]: Front of Robot in World Frame: x=-0.151, y=0.236, phi=356.6°
[INFO] [1747098353.927156]: Covariance R(d=5.69): [[33323.0298011176, 0.0, 0.0], [0.0, 11964.608262203858, 0.0], [0.0, 0.0, 0.0012184696791468343]]
[INFO] [1747098353.930419]: ---------------------------------------------------
[INFO] [1747098353.933976]: Marker ID: 29
[INFO] [1747098353.937458]: Front of Robot in World Frame: x=0.436, y=4.274, phi=326.8°
[INFO] [1747098353.944649]: Covariance R(d=7.83): [[49715.47376061197, 0.0, 0.0], [0.0, 9629.39025895465, 0.0], [0.0, 0.0, 0.0012184696791468343]]
[INFO] [1747098353.951600]: ---------------------------------------------------
[INFO] [1747098353.956831]: Marker ID: 26
[INFO] [1747098353.963394]: Front of Robot in World Frame: x=0.175, y=-0.357, phi=1.3°
[INFO] [1747098353.968677]: Covariance R(d=9.83): [[60616.9731631309, 0.0, 0.0], [0.0, 887.3903751917961, 0.0], [0.0, 0.0, 0.0012184696791468343]]
[INFO] [1747098345.503124]: Kalman Gain:
[[0.05616141 0.         0.        ]
 [0.         0.07459192 0.        ]
 [0.         0.         0.99996954]]
[INFO] [1747098345.717335]: Kalman Gain:
[[0.05616119 0.         0.        ]
 [0.         0.07457539 0.        ]
 [0.         0.         0.99996954]]
[INFO] [1747098345.920911]: Kalman Gain:
[[0.05616496 0.         0.        ]
 [0.         0.07458775 0.        ]
 [0.         0.         0.99996954]]
[INFO] [1747098346.104977]: Kalman Gain:
[[0.05615503 0.         0.        ]
 [0.         0.07450821 0.        ]
 [0.         0.         0.99996954]]
[INFO] [1747098346.304848]: Kalman Gain:
[[0.05615558 0.         0.        ]
 [0.         0.07450241 0.        ]
 [0.         0.         0.99996954]]
[INFO] [1747098346.521324]: Kalman Gain:
[[0.05617711 0.         0.        ]
 [0.         0.0746402  0.        ]
 [0.         0.         0.99996954]]
[INFO] [1747098346.836281]: Kalman Gain:
[[0.05764571 0.         0.        ]
 [0.         0.07707063 0.        ]
 [0.         0.         0.99997969]]
[INFO] [1747098346.955468]: Kalman Gain:
[[0.05741965 0.         0.        ]
 [0.         0.07665515 0.        ]
 [0.         0.         0.99993909]]
[INFO] [1747098347.102082]: Kalman Gain:
[[0.05577699 0.         0.        ]
 [0.         0.07366415 0.        ]
 [0.         0.         0.99993908]]
[INFO] [1747098347.317351]: Kalman Gain:
[[0.05581876 0.         0.        ]
 [0.         0.07377967 0.        ]
 [0.         0.         0.99996954]]
[INFO] [1747098347.519800]: Kalman Gain:
[[0.05586974 0.         0.        ]
 [0.         0.07397178 0.        ]
 [0.         0.         0.99996954]]
[INFO] [1747098347.721668]: Kalman Gain:
[[0.05590374 0.         0.        ]
 [0.         0.07406048 0.        ]
 [0.         0.         0.99996954]]
[INFO] [1747098347.946755]: Kalman Gain:
[[0.05594112 0.         0.        ]
 [0.         0.07418417 0.        ]
 [0.         0.         0.99996954]]
[INFO] [1747098348.106969]: Kalman Gain:
[[0.05587902 0.         0.        ]
 [0.         0.07401875 0.        ]
 [0.         0.         0.99993909]]
[INFO] [1747098348.306818]: Kalman Gain:
[[0.0559038  0.         0.        ]
 [0.         0.07404537 0.        ]
 [0.         0.         0.99996954]]
[INFO] [1747098348.548981]: Kalman Gain:
[[0.05592703 0.         0.        ]
 [0.         0.07407455 0.        ]
 [0.         0.         0.99996954]]
[INFO] [1747098348.713801]: Kalman Gain:
[[0.05590058 0.         0.        ]
 [0.         0.07415251 0.        ]
 [0.         0.         0.99993909]]
[INFO] [1747098348.912760]: Kalman Gain:
[[0.05590986 0.         0.        ]
 [0.         0.07407359 0.        ]
 [0.         0.         0.99996954]]
[INFO] [1747098349.139873]: Kalman Gain:
[[0.05594286 0.         0.        ]
 [0.         0.0741698  0.        ]
 [0.         0.         0.99996954]]
[INFO] [1747098349.332434]: Kalman Gain:
[[0.05595902 0.         0.        ]
 [0.         0.07416262 0.        ]
 [0.         0.         0.99996954]]
[INFO] [1747098349.512477]: Kalman Gain:
[[0.05599483 0.         0.        ]
 [0.         0.07430076 0.        ]
 [0.         0.         0.99996954]]
[INFO] [1747098349.705595]: Kalman Gain:
[[0.05600376 0.         0.        ]
 [0.         0.07426453 0.        ]
 [0.         0.         0.99996954]]
[INFO] [1747098349.928519]: Kalman Gain:
[[0.05603897 0.         0.        ]
 [0.         0.07441698 0.        ]
 [0.         0.         0.99996954]]
[INFO] [1747098350.320566]: Kalman Gain:
[[0.05901536 0.         0.        ]
 [0.         0.07949873 0.        ]
 [0.         0.         0.99998477]]
[INFO] [1747098350.507846]: Kalman Gain:
[[0.05867867 0.         0.        ]
 [0.         0.07863261 0.        ]
 [0.         0.         0.99996954]]
[INFO] [1747098350.725516]: Kalman Gain:
[[0.05842176 0.         0.        ]
 [0.         0.07818087 0.        ]
 [0.         0.         0.99996954]]
[INFO] [1747098350.907272]: Kalman Gain:
[[0.05814579 0.         0.        ]
 [0.         0.07746795 0.        ]
 [0.         0.         0.99996954]]
[INFO] [1747098351.117306]: Kalman Gain:
[[0.0579486  0.         0.        ]
 [0.         0.07718597 0.        ]
 [0.         0.         0.99996954]]
[INFO] [1747098351.305388]: Kalman Gain:
[[0.05776218 0.         0.        ]
 [0.         0.07686915 0.        ]
 [0.         0.         0.99996954]]
[INFO] [1747098351.524841]: Kalman Gain:
[[0.05758306 0.         0.        ]
 [0.         0.07650798 0.        ]
 [0.         0.         0.99996954]]
[INFO] [1747098351.836075]: Kalman Gain:
[[0.05890971 0.         0.        ]
 [0.         0.07877423 0.        ]
 [0.         0.         0.99997969]]
[INFO] [1747098351.941701]: Kalman Gain:
[[0.05711471 0.         0.        ]
 [0.         0.0755527  0.        ]
 [0.         0.         0.99993908]]
[INFO] [1747098352.106050]: Kalman Gain:
[[0.05701439 0.         0.        ]
 [0.         0.07542802 0.        ]
 [0.         0.         0.99996954]]
[INFO] [1747098352.331474]: Kalman Gain:
[[0.05692095 0.         0.        ]
 [0.         0.07529314 0.        ]
 [0.         0.         0.99996954]]
[INFO] [1747098352.506882]: Kalman Gain:
[[0.05685012 0.         0.        ]
 [0.         0.0752607  0.        ]
 [0.         0.         0.99996954]]
[INFO] [1747098352.730439]: Kalman Gain:
[[0.05676546 0.         0.        ]
 [0.         0.07508781 0.        ]
 [0.         0.         0.99996954]]
[INFO] [1747098352.927659]: Kalman Gain:
[[0.05671783 0.         0.        ]
 [0.         0.07512572 0.        ]
 [0.         0.         0.99996954]]
[INFO] [1747098353.107298]: Kalman Gain:
[[0.05664878 0.         0.        ]
 [0.         0.07498024 0.        ]
 [0.         0.         0.99996954]]
[INFO] [1747098353.319809]: Kalman Gain:
[[0.05658639 0.         0.        ]
 [0.         0.07484752 0.        ]
 [0.         0.         0.99996954]]
[INFO] [1747098353.510531]: Kalman Gain:
[[0.05654506 0.         0.        ]
 [0.         0.07482913 0.        ]
 [0.         0.         0.99996954]]
[INFO] [1747098353.706428]: Kalman Gain:
[[0.0565145  0.         0.        ]
 [0.         0.07485599 0.        ]
 [0.         0.         0.99996954]]
[INFO] [1747098353.940289]: Kalman Gain:
[[0.05646119 0.         0.        ]
 [0.         0.0747028  0.        ]
 [0.         0.         0.99996954]]
[INFO] [1747098354.111704]: Kalman Gain:
[[0.05643621 0.         0.        ]
 [0.         0.07472264 0.        ]
 [0.         0.         0.99996954]]
[INFO] [1747098354.320779]: Kalman Gain:
[[0.05641122 0.         0.        ]
 [0.         0.07472168 0.        ]
 [0.         0.         0.99996954]]
[INFO] [1747098354.505020]: Kalman Gain:
[[0.05636772 0.         0.        ]
 [0.         0.07457582 0.        ]
 [0.         0.         0.99996954]]
[INFO] [1747098354.715877]: Kalman Gain:
[[0.05639098 0.         0.        ]
 [0.         0.07487015 0.        ]
 [0.         0.         0.99996954]]
[INFO] [1747098354.903386]: Kalman Gain:
[[0.05635858 0.         0.        ]
 [0.         0.07476859 0.        ]
 [0.         0.         0.99996954]]
[INFO] [1747098356.102615]: Kalman Gain:
[[0.07097663 0.         0.        ]
 [0.         0.09963287 0.        ]
 [0.         0.         0.99999492]]
[INFO] [1747098356.317903]: Kalman Gain:
[[0.06920157 0.         0.        ]
 [0.         0.0957042  0.        ]
 [0.         0.         0.99996954]]
[INFO] [1747098356.507780]: Kalman Gain:
[[0.06764729 0.         0.        ]
 [0.         0.09238347 0.        ]
 [0.         0.         0.99996954]]
[INFO] [1747098356.723590]: Kalman Gain:
[[0.06626987 0.         0.        ]
 [0.         0.08947409 0.        ]
 [0.         0.         0.99996954]]
[INFO] [1747098357.107543]: Kalman Gain:
[[0.06788722 0.         0.        ]
 [0.         0.09135927 0.        ]
 [0.         0.         0.99998477]]
[INFO] [1747098357.311880]: Kalman Gain:
[[0.0666068  0.         0.        ]
 [0.         0.08950999 0.        ]
 [0.         0.         0.99996954]]
[INFO] [1747098357.527445]: Kalman Gain:
[[0.06524461 0.         0.        ]
 [0.         0.08625233 0.        ]
 [0.         0.         0.99996954]]
[INFO] [1747098357.704164]: Kalman Gain:
[[0.06432486 0.         0.        ]
 [0.         0.08542671 0.        ]
 [0.         0.         0.99996954]]
[INFO] [1747098357.944285]: Kalman Gain:
[[0.06324214 0.         0.        ]
 [0.         0.08281755 0.        ]
 [0.         0.         0.99996954]]
[INFO] [1747098358.154243]: Kalman Gain:
[[0.06234909 0.         0.        ]
 [0.         0.08145306 0.        ]
 [0.         0.         0.99993909]]
[INFO] [1747098358.302002]: Kalman Gain:
[[0.06153214 0.         0.        ]
 [0.         0.08006981 0.        ]
 [0.         0.         0.99993909]]
[INFO] [1747098360.541156]: Kalman Gain:
[[0.0894322  0.         0.        ]
 [0.         0.12681513 0.        ]
 [0.         0.         0.99999723]]
[INFO] [1747098360.706132]: Kalman Gain:
[[0.08490047 0.         0.        ]
 [0.         0.11724935 0.        ]
 [0.         0.         0.99996954]]
[INFO] [1747098360.920429]: Kalman Gain:
[[0.08112461 0.         0.        ]
 [0.         0.10999137 0.        ]
 [0.         0.         0.99996954]]
[INFO] [1747098361.122619]: Kalman Gain:
[[0.07783113 0.         0.        ]
 [0.         0.10350223 0.        ]
 [0.         0.         0.99996954]]
[INFO] [1747098361.303887]: Kalman Gain:
[[0.07506387 0.         0.        ]
 [0.         0.09856542 0.        ]
 [0.         0.         0.99996954]]
[INFO] [1747098361.516376]: Kalman Gain:
[[0.0727337  0.         0.        ]
 [0.         0.09485791 0.        ]
 [0.         0.         0.99996954]]
[INFO] [1747098361.721640]: Kalman Gain:
[[0.07075949 0.         0.        ]
 [0.         0.09204196 0.        ]
 [0.         0.         0.99996954]]
[INFO] [1747098361.927774]: Kalman Gain:
[[0.06894847 0.         0.        ]
 [0.         0.08899198 0.        ]
 [0.         0.         0.99996954]]
[INFO] [1747098362.106465]: Kalman Gain:
[[0.06743975 0.         0.        ]
 [0.         0.08689745 0.        ]
 [0.         0.         0.99996954]]
[INFO] [1747098362.324352]: Kalman Gain:
[[0.0661157  0.         0.        ]
 [0.         0.08507787 0.        ]
 [0.         0.         0.99996954]]
[INFO] [1747098362.521496]: Kalman Gain:
[[0.06493041 0.         0.        ]
 [0.         0.08335275 0.        ]
 [0.         0.         0.99996954]]
[INFO] [1747098362.707025]: Kalman Gain:
[[0.0639226  0.         0.        ]
 [0.         0.08210435 0.        ]
 [0.         0.         0.99996954]]
[INFO] [1747098362.938856]: Kalman Gain:
[[0.06306609 0.         0.        ]
 [0.         0.08123623 0.        ]
 [0.         0.         0.99996954]]
[INFO] [1747098363.196026]: Kalman Gain:
[[0.06373332 0.         0.        ]
 [0.         0.08271664 0.        ]
 [0.         0.         0.99997969]]
[INFO] [1747098363.312149]: Kalman Gain:
[[0.06137659 0.         0.        ]
 [0.         0.07886149 0.        ]
 [0.         0.         0.99993908]]
[INFO] [1747098363.507260]: Kalman Gain:
[[0.06081817 0.         0.        ]
 [0.         0.07843929 0.        ]
 [0.         0.         0.99996954]]
[INFO] [1747098363.719726]: Kalman Gain:
[[0.06026025 0.         0.        ]
 [0.         0.0776494  0.        ]
 [0.         0.         0.99996954]]
[INFO] [1747098363.908560]: Kalman Gain:
[[0.0598081  0.         0.        ]
 [0.         0.07724665 0.        ]
 [0.         0.         0.99996954]]
[INFO] [1747098364.119749]: Kalman Gain:
[[0.05941323 0.         0.        ]
 [0.         0.07693784 0.        ]
 [0.         0.         0.99996954]]
[INFO] [1747098364.319944]: Kalman Gain:
[[0.05905997 0.         0.        ]
 [0.         0.07665052 0.        ]
 [0.         0.         0.99996954]]
[INFO] [1747098364.535862]: Kalman Gain:
[[0.05873518 0.         0.        ]
 [0.         0.07632713 0.        ]
 [0.         0.         0.99996954]]
[INFO] [1747098364.705582]: Kalman Gain:
[[0.05845497 0.         0.        ]
 [0.         0.07610172 0.        ]
 [0.         0.         0.99996954]]
[INFO] [1747098364.921064]: Kalman Gain:
[[0.05818477 0.         0.        ]
 [0.         0.075764   0.        ]
 [0.         0.         0.99996954]]
[INFO] [1747098365.108024]: Kalman Gain:
[[0.05797802 0.         0.        ]
 [0.         0.07569498 0.        ]
 [0.         0.         0.99996954]]
[INFO] [1747098365.363161]: Kalman Gain:
[[0.05938135 0.         0.        ]
 [0.         0.07849203 0.        ]
 [0.         0.         1.49993908]]
[INFO] [1747098365.508406]: Kalman Gain:
[[0.05739745 0.         0.        ]
 [0.         0.07478903 0.        ]
 [0.         0.         1.0001219 ]]
[INFO] [1747098365.722061]: Kalman Gain:
[[0.0572928  0.         0.        ]
 [0.         0.07495484 0.        ]
 [0.         0.         0.99996954]]
[INFO] [1747098365.909426]: Kalman Gain:
[[0.05717208 0.         0.        ]
 [0.         0.07491307 0.        ]
 [0.         0.         0.99996954]]
[INFO] [1747098366.118856]: Kalman Gain:
[[0.05705969 0.         0.        ]
 [0.         0.07484358 0.        ]
 [0.         0.         0.99996954]]
[INFO] [1747098366.307654]: Kalman Gain:
[[0.05696982 0.         0.        ]
 [0.         0.07485126 0.        ]
 [0.         0.         0.99996954]]
[INFO] [1747098366.537783]: Kalman Gain:
[[0.05685566 0.         0.        ]
 [0.         0.07462746 0.        ]
 [0.         0.         0.99996954]]
[INFO] [1747098366.703581]: Kalman Gain:
[[0.05681181 0.         0.        ]
 [0.         0.07482261 0.        ]
 [0.         0.         0.99996954]]
[INFO] [1747098366.919826]: Kalman Gain:
[[0.05673373 0.         0.        ]
 [0.         0.07473    0.        ]
 [0.         0.         0.99996954]]
[INFO] [1747098367.107387]: Kalman Gain:
[[0.05668158 0.         0.        ]
 [0.         0.07476584 0.        ]
 [0.         0.         0.99996954]]
[INFO] [1747098367.318162]: Kalman Gain:
[[0.05663652 0.         0.        ]
 [0.         0.07480636 0.        ]
 [0.         0.         0.99996954]]
[INFO] [1747098367.525655]: Kalman Gain:
[[0.05656956 0.         0.        ]
 [0.         0.07466236 0.        ]
 [0.         0.         0.99996954]]
[INFO] [1747098367.725887]: Kalman Gain:
[[0.05649736 0.         0.        ]
 [0.         0.07444856 0.        ]
 [0.         0.         0.99996954]]
[INFO] [1747098367.911089]: Kalman Gain:
[[0.05648649 0.         0.        ]
 [0.         0.07462689 0.        ]
 [0.         0.         0.99996954]]
[INFO] [1747098368.194703]: Kalman Gain:
[[0.05793169 0.         0.        ]
 [0.         0.07713423 0.        ]
 [0.         0.         0.99997969]]
[INFO] [1747098368.312026]: Kalman Gain:
[[0.05625889 0.         0.        ]
 [0.         0.0742466  0.        ]
 [0.         0.         0.99993908]]
[INFO] [1747098368.537713]: Kalman Gain:
[[0.0562326  0.         0.        ]
 [0.         0.07417338 0.        ]
 [0.         0.         0.99996954]]
[INFO] [1747098368.711964]: Kalman Gain:
[[0.05624865 0.         0.        ]
 [0.         0.07437718 0.        ]
 [0.         0.         0.99996954]]
[INFO] [1747098368.917636]: Kalman Gain:
[[0.05623333 0.         0.        ]
 [0.         0.07435347 0.        ]
 [0.         0.         0.99996954]]
[INFO] [1747098369.112743]: Kalman Gain:
[[0.05621711 0.         0.        ]
 [0.         0.07431412 0.        ]
 [0.         0.         0.99996954]]
[INFO] [1747098369.305077]: Kalman Gain:
[[0.05622279 0.         0.        ]
 [0.         0.07441645 0.        ]
 [0.         0.         0.99996954]]
[INFO] [1747098369.513407]: Kalman Gain:
[[0.05622545 0.         0.        ]
 [0.         0.0744888  0.        ]
 [0.         0.         0.99996954]]
[INFO] [1747098369.720511]: Kalman Gain:
[[0.05618504 0.         0.        ]
 [0.         0.07425889 0.        ]
 [0.         0.         0.99996954]]
[INFO] [1747098369.904399]: Kalman Gain:
[[0.05622158 0.         0.        ]
 [0.         0.07455459 0.        ]
 [0.         0.         0.99996954]]
[INFO] [1747098370.105624]: Kalman Gain:
[[0.0562061  0.         0.        ]
 [0.         0.07448459 0.        ]
 [0.         0.         0.99996954]]
[INFO] [1747098370.320045]: Kalman Gain:
[[0.05620786 0.         0.        ]
 [0.         0.07452872 0.        ]
 [0.         0.         0.99996954]]
[INFO] [1747098353.972458]: ---------------------------------------------------
[INFO] [1747098355.913244]: --- Received ArUco Marker ---
[INFO] [1747098355.917369]: Marker ID: 28
[INFO] [1747098355.921496]: Front of Robot in World Frame: x=0.355, y=-0.805, phi=7.7°
[INFO] [1747098355.925510]: Covariance R(d=5.42): [[30909.679817812987, 0.0, 0.0], [0.0, 11745.70223885937, 0.0], [0.0, 0.0, 0.0012184696791468343]]
[INFO] [1747098355.929420]: ---------------------------------------------------
[INFO] [1747098355.933765]: Marker ID: 29
[INFO] [1747098355.941006]: Front of Robot in World Frame: x=0.452, y=4.293, phi=326.6°
[INFO] [1747098355.945254]: Covariance R(d=7.82): [[49672.60202942003, 0.0, 0.0], [0.0, 9647.65096924508, 0.0], [0.0, 0.0, 0.0012184696791468343]]
[INFO] [1747098355.950952]: ---------------------------------------------------
[INFO] [1747098355.957152]: Marker ID: 26
[INFO] [1747098355.966931]: Front of Robot in World Frame: x=0.243, y=0.175, phi=358.2°
[INFO] [1747098355.971280]: Covariance R(d=9.76): [[60295.92873943886, 0.0, 0.0], [0.0, 1316.2680831772384, 0.0], [0.0, 0.0, 0.0012184696791468343]]
[INFO] [1747098355.976172]: ---------------------------------------------------
[INFO] [1747098357.919754]: --- Received ArUco Marker ---
[INFO] [1747098357.923924]: Marker ID: 28
[INFO] [1747098357.928691]: Front of Robot in World Frame: x=-0.198, y=0.352, phi=355.4°
[INFO] [1747098357.932819]: Covariance R(d=5.72): [[33629.213664848576, 0.0, 0.0], [0.0, 11984.517205555674, 0.0], [0.0, 0.0, 0.0012184696791468343]]
[INFO] [1747098357.936603]: ---------------------------------------------------
[INFO] [1747098357.945821]: Marker ID: 29
[INFO] [1747098357.960325]: Front of Robot in World Frame: x=0.394, y=4.220, phi=327.3°
[INFO] [1747098357.965178]: Covariance R(d=7.84): [[49812.55984773827, 0.0, 0.0], [0.0, 9587.71103579037, 0.0], [0.0, 0.0, 0.0012184696791468343]]
[INFO] [1747098357.970158]: ---------------------------------------------------
[INFO] [1747098357.978100]: Marker ID: 26
[INFO] [1747098357.985874]: Front of Robot in World Frame: x=0.154, y=-0.119, phi=359.9°
[INFO] [1747098357.990684]: Covariance R(d=9.85): [[60684.2359550152, 0.0, 0.0], [0.0, 795.4860927171237, 0.0], [0.0, 0.0, 0.0012184696791468343]]
[INFO] [1747098357.994778]: ---------------------------------------------------
[INFO] [1747098360.509614]: --- Received ArUco Marker ---
[INFO] [1747098360.514035]: Marker ID: 28
[INFO] [1747098360.519039]: Front of Robot in World Frame: x=-0.168, y=0.054, phi=358.4°
[INFO] [1747098360.525198]: Covariance R(d=5.73): [[33683.09781450069, 0.0, 0.0], [0.0, 11987.830660139824, 0.0], [0.0, 0.0, 0.0012184696791468343]]
[INFO] [1747098360.531164]: ---------------------------------------------------
[INFO] [1747098360.548536]: Marker ID: 26
[INFO] [1747098360.557262]: Front of Robot in World Frame: x=0.145, y=1.856, phi=348.6°
[INFO] [1747098360.567644]: Covariance R(d=10.03): [[61456.73351540098, 0.0, 0.0], [0.0, 1.0, 0.0], [0.0, 0.0, 0.0012184696791468343]]
[INFO] [1747098360.571688]: ---------------------------------------------------
[INFO] [1747098362.500741]: --- Received ArUco Marker ---
[INFO] [1747098362.504881]: Marker ID: 28
[INFO] [1747098362.508660]: Front of Robot in World Frame: x=-0.156, y=0.123, phi=357.7°
[INFO] [1747098362.512523]: Covariance R(d=5.71): [[33488.195428005165, 0.0, 0.0], [0.0, 11975.575565081195, 0.0], [0.0, 0.0, 0.0012184696791468343]]
[INFO] [1747098362.515856]: ---------------------------------------------------
[INFO] [1747098362.519746]: Marker ID: 26
[INFO] [1747098362.526518]: Front of Robot in World Frame: x=0.059, y=0.220, phi=357.9°
[INFO] [1747098362.531561]: Covariance R(d=9.94): [[61102.39131215384, 0.0, 0.0], [0.0, 207.47319942264474, 0.0], [0.0, 0.0, 0.0012184696791468343]]
[INFO] [1747098362.537366]: ---------------------------------------------------
[INFO] [1747098364.515421]: --- Received ArUco Marker ---
[INFO] [1747098364.519663]: Marker ID: 28
[INFO] [1747098364.523388]: Front of Robot in World Frame: x=-0.133, y=0.125, phi=357.7°
[INFO] [1747098364.526957]: Covariance R(d=5.69): [[33290.74566321914, 0.0, 0.0], [0.0, 11962.40249154135, 0.0], [0.0, 0.0, 0.0012184696791468343]]
[INFO] [1747098364.529891]: ---------------------------------------------------
[INFO] [1747098364.535452]: Marker ID: 29
[INFO] [1747098364.543380]: Front of Robot in World Frame: x=0.454, y=4.298, phi=326.6°
[INFO] [1747098364.551329]: Covariance R(d=7.82): [[49675.42341025389, 0.0, 0.0], [0.0, 9646.451941375062, 0.0], [0.0, 0.0, 0.0012184696791468343]]
[INFO] [1747098364.556646]: ---------------------------------------------------
[INFO] [1747098364.561615]: Marker ID: 26
[INFO] [1747098364.565540]: Front of Robot in World Frame: x=0.150, y=0.094, phi=358.7°
[INFO] [1747098364.569316]: Covariance R(d=9.85): [[60703.32102345884, 0.0, 0.0], [0.0, 769.2770261469584, 0.0], [0.0, 0.0, 0.0012184696791468343]]
[INFO] [1747098364.579024]: ---------------------------------------------------
[INFO] [1747098366.514376]: --- Received ArUco Marker ---
[INFO] [1747098366.518581]: Marker ID: 28
[INFO] [1747098366.522976]: Front of Robot in World Frame: x=-0.144, y=0.158, phi=357.4°
[INFO] [1747098366.526967]: Covariance R(d=5.69): [[33346.481775394255, 0.0, 0.0], [0.0, 11966.197889508558, 0.0], [0.0, 0.0, 0.0012184696791468343]]
[INFO] [1747098366.530488]: ---------------------------------------------------
[INFO] [1747098366.534511]: Marker ID: 29
[INFO] [1747098366.539552]: Front of Robot in World Frame: x=0.432, y=4.282, phi=326.7°
[INFO] [1747098366.543570]: Covariance R(d=7.84): [[49761.90736090721, 0.0, 0.0], [0.0, 9609.51288514121, 0.0], [0.0, 0.0, 0.0012184696791468343]]
[INFO] [1747098366.550657]: ---------------------------------------------------
[INFO] [1747098366.555969]: Marker ID: 26
[INFO] [1747098366.560479]: Front of Robot in World Frame: x=0.262, y=0.049, phi=358.9°
[INFO] [1747098366.566838]: Covariance R(d=9.74): [[60205.018906782076, 0.0, 0.0], [0.0, 1434.851374564311, 0.0], [0.0, 0.0, 0.0012184696791468343]]
[INFO] [1747098366.571067]: ---------------------------------------------------
[INFO] [1747098368.515680]: --- Received ArUco Marker ---
[INFO] [1747098368.519897]: Marker ID: 28
[INFO] [1747098368.523695]: Front of Robot in World Frame: x=-0.146, y=0.177, phi=357.2°
[INFO] [1747098368.527415]: Covariance R(d=5.69): [[33341.89154760369, 0.0, 0.0], [0.0, 11965.887595236713, 0.0], [0.0, 0.0, 0.0012184696791468343]]
[INFO] [1747098368.530602]: ---------------------------------------------------
[INFO] [1747098368.534430]: Marker ID: 29
[INFO] [1747098368.540731]: Front of Robot in World Frame: x=0.413, y=4.261, phi=326.9°
[INFO] [1747098368.547939]: Covariance R(d=7.84): [[49808.995405412694, 0.0, 0.0], [0.0, 9589.249295743146, 0.0], [0.0, 0.0, 0.0012184696791468343]]
[INFO] [1747098368.554465]: ---------------------------------------------------
[INFO] [1747098368.560513]: Marker ID: 26
[INFO] [1747098368.567695]: Front of Robot in World Frame: x=0.158, y=0.415, phi=356.8°
[INFO] [1747098368.573355]: Covariance R(d=9.85): [[60701.538059839004, 0.0, 0.0], [0.0, 771.7280148027833, 0.0], [0.0, 0.0, 0.0012184696791468343]]
[INFO] [1747098368.578271]: ---------------------------------------------------
[INFO] [1747098370.502274]: --- Received ArUco Marker ---
[INFO] [1747098370.506905]: Marker ID: 28
[INFO] [1747098370.510639]: Front of Robot in World Frame: x=-0.138, y=0.155, phi=357.4°
[INFO] [1747098370.514438]: Covariance R(d=5.69): [[33302.22784224631, 0.0, 0.0], [0.0, 11963.189314930203, 0.0], [0.0, 0.0, 0.0012184696791468343]]
[INFO] [1747098370.517702]: ---------------------------------------------------
[INFO] [1747098370.521975]: Marker ID: 29
[INFO] [1747098370.530845]: Front of Robot in World Frame: x=0.447, y=4.282, phi=326.7°
[INFO] [1747098370.535229]: Covariance R(d=7.82): [[49670.75105035411, 0.0, 0.0], [0.0, 9648.437389764376, 0.0], [0.0, 0.0, 0.0012184696791468343]]
[INFO] [1747098370.538899]: ---------------------------------------------------
[INFO] [1747098370.543191]: Marker ID: 26
[0m[ INFO] [1747098321.168126453]: [I2C FOR MOTORS] Now launching this node in namespace: /asc[0m
[0m[ INFO] [1747098321.192358371]: [I2C FOR MOTORS] publish motor duty cycle requests from command line with: rostopic pub --once /asc/set_motor_duty_cycle asclinic_pkg/LeftRightFloat32 "{left: 10.1, right: 10.1}"[0m
[0m[ INFO] [1747098321.192518224]: [I2C FOR MOTORS] Successfully opened named /dev/i2c-1, with file descriptor = 10[0m
[0m[ INFO] [1747098321.192613496]: [I2C FOR MOTORS] Actual acceleration limit = 0.0003125%/ms (after conversation to "internal units")[0m
[0m[ INFO] [1747098321.192875789]: [I2C FOR MOTORS] Actual deceleration limit = 0.0015625%/ms (after conversation to "internal units")[0m
[0m[ INFO] [1747098321.192936306]: [I2C FOR MOTORS] Now initialising SMC with I2C address 13[0m
[0m[ INFO] [1747098321.208051965]: [I2C FOR MOTORS] Now initialising SMC with I2C address 14[0m
[0m[ INFO] [1747098321.223576041]: [I2C FOR MOTORS] Node initialisation complete[0m
[INFO] [1747098370.524412]: Kalman Gain:
[[0.05619711 0.         0.        ]
 [0.         0.07448333 0.        ]
 [0.         0.         0.99996954]]
[INFO] [1747098370.707089]: Kalman Gain:
[[0.05619717 0.         0.        ]
 [0.         0.07450907 0.        ]
 [0.         0.         0.99996954]]
[INFO] [1747098370.908368]: Kalman Gain:
[[0.05618226 0.         0.        ]
 [0.         0.07442903 0.        ]
 [0.         0.         0.99996954]]
[INFO] [1747098371.108032]: Kalman Gain:
[[0.05620201 0.         0.        ]
 [0.         0.07458459 0.        ]
 [0.         0.         0.99996954]]
[INFO] [1747098371.323889]: Kalman Gain:
[[0.05619171 0.         0.        ]
 [0.         0.07453037 0.        ]
 [0.         0.         0.99996954]]
[INFO] [1747098371.507340]: Kalman Gain:
[[0.05620109 0.         0.        ]
 [0.         0.07460887 0.        ]
 [0.         0.         0.99996954]]
[INFO] [1747098371.746797]: Kalman Gain:
[[0.0561827  0.         0.        ]
 [0.         0.07449572 0.        ]
 [0.         0.         0.99996954]]
[INFO] [1747098371.915060]: Kalman Gain:
[[0.05610463 0.         0.        ]
 [0.         0.07435482 0.        ]
 [0.         0.         0.99993909]]
[INFO] [1747098372.107599]: Kalman Gain:
[[0.05612019 0.         0.        ]
 [0.         0.07443601 0.        ]
 [0.         0.         0.99996954]]
[INFO] [1747098372.305758]: Kalman Gain:
[[0.05608959 0.         0.        ]
 [0.         0.07420178 0.        ]
 [0.         0.         0.99996954]]
[INFO] [1747098372.533584]: Kalman Gain:
[[0.05610347 0.         0.        ]
 [0.         0.0742794  0.        ]
 [0.         0.         0.99996954]]
[INFO] [1747098372.706624]: Kalman Gain:
[[0.05613298 0.         0.        ]
 [0.         0.07446425 0.        ]
 [0.         0.         0.99996954]]
[INFO] [1747098372.914745]: Kalman Gain:
[[0.05615074 0.         0.        ]
 [0.         0.07456551 0.        ]
 [0.         0.         0.99996954]]
[INFO] [1747098373.191533]: Kalman Gain:
[[0.05614932 0.         0.        ]
 [0.         0.07453701 0.        ]
 [0.         0.         0.99996954]]
[INFO] [1747098373.314270]: Kalman Gain:
[[0.05608045 0.         0.        ]
 [0.         0.07442834 0.        ]
 [0.         0.         0.99993909]]
[INFO] [1747098373.523428]: Kalman Gain:
[[0.0560686  0.         0.        ]
 [0.         0.07429767 0.        ]
 [0.         0.         0.99996954]]
[INFO] [1747098373.705438]: Kalman Gain:
[[0.05607417 0.         0.        ]
 [0.         0.07429148 0.        ]
 [0.         0.         0.99996954]]
[INFO] [1747098373.925567]: Kalman Gain:
[[0.05607273 0.         0.        ]
 [0.         0.07424096 0.        ]
 [0.         0.         0.99996954]]
[INFO] [1747098374.117775]: Kalman Gain:
[[0.05612091 0.         0.        ]
 [0.         0.07453497 0.        ]
 [0.         0.         0.99996954]]
[INFO] [1747098374.303869]: Kalman Gain:
[[0.05611612 0.         0.        ]
 [0.         0.07446637 0.        ]
 [0.         0.         0.99996954]]
[INFO] [1747098374.535491]: Kalman Gain:
[[0.05611686 0.         0.        ]
 [0.         0.07443971 0.        ]
 [0.         0.         0.99996954]]
[INFO] [1747098374.706963]: Kalman Gain:
[[0.05613601 0.         0.        ]
 [0.         0.07454184 0.        ]
 [0.         0.         0.99996954]]
[INFO] [1747098374.919479]: Kalman Gain:
[[0.05613076 0.         0.        ]
 [0.         0.07447938 0.        ]
 [0.         0.         0.99996954]]
[INFO] [1747098375.134030]: Kalman Gain:
[[0.05612354 0.         0.        ]
 [0.         0.07440651 0.        ]
 [0.         0.         0.99996954]]
[INFO] [1747098375.312630]: Kalman Gain:
[[0.05611645 0.         0.        ]
 [0.         0.07433719 0.        ]
 [0.         0.         0.99996954]]
[INFO] [1747098375.506774]: Kalman Gain:
[[0.05612541 0.         0.        ]
 [0.         0.07438208 0.        ]
 [0.         0.         0.99996954]]
[INFO] [1747098375.723551]: Kalman Gain:
[[0.05616107 0.         0.        ]
 [0.         0.07461034 0.        ]
 [0.         0.         0.99996954]]
[INFO] [1747098375.907629]: Kalman Gain:
[[0.05614982 0.         0.        ]
 [0.         0.07451567 0.        ]
 [0.         0.         0.99996954]]
[INFO] [1747098376.121706]: Kalman Gain:
[[0.05615763 0.         0.        ]
 [0.         0.07455434 0.        ]
 [0.         0.         0.99996954]]
[INFO] [1747098376.314898]: Kalman Gain:
[[0.05614645 0.         0.        ]
 [0.         0.07446395 0.        ]
 [0.         0.         0.99996954]]
[INFO] [1747098376.520410]: Kalman Gain:
[[0.05614804 0.         0.        ]
 [0.         0.07446388 0.        ]
 [0.         0.         0.99996954]]
[INFO] [1747098376.707497]: Kalman Gain:
[[0.0561507  0.         0.        ]
 [0.         0.07447228 0.        ]
 [0.         0.         0.99996954]]
[INFO] [1747098376.906923]: Kalman Gain:
[[0.0561731  0.         0.        ]
 [0.         0.07461637 0.        ]
 [0.         0.         0.99996954]]
[INFO] [1747098377.120642]: Kalman Gain:
[[0.056169   0.         0.        ]
 [0.         0.07457815 0.        ]
 [0.         0.         0.99996954]]
[INFO] [1747098377.320271]: Kalman Gain:
[[0.05616098 0.         0.        ]
 [0.         0.07451475 0.        ]
 [0.         0.         0.99996954]]
[INFO] [1747098377.512006]: Kalman Gain:
[[0.05615719 0.         0.        ]
 [0.         0.074482   0.        ]
 [0.         0.         0.99996954]]
[INFO] [1747098377.726445]: Kalman Gain:
[[0.05615861 0.         0.        ]
 [0.         0.07448631 0.        ]
 [0.         0.         0.99996954]]
[INFO] [1747098377.911708]: Kalman Gain:
[[0.05619973 0.         0.        ]
 [0.         0.07476019 0.        ]
 [0.         0.         0.99996954]]
[INFO] [1747098378.192621]: Kalman Gain:
[[0.05615806 0.         0.        ]
 [0.         0.0744687  0.        ]
 [0.         0.         0.99996954]]
[INFO] [1747098378.312933]: Kalman Gain:
[[0.05607517 0.         0.        ]
 [0.         0.0742793  0.        ]
 [0.         0.         0.99993909]]
[INFO] [1747098378.541064]: Kalman Gain:
[[0.05609927 0.         0.        ]
 [0.         0.07440644 0.        ]
 [0.         0.         0.99996954]]
[INFO] [1747098378.707842]: Kalman Gain:
[[0.0561162  0.         0.        ]
 [0.         0.07448556 0.        ]
 [0.         0.         0.99996954]]
[INFO] [1747098370.550497]: Front of Robot in World Frame: x=0.246, y=0.288, phi=357.5°
[INFO] [1747098370.556189]: Covariance R(d=9.76): [[60293.89207511071, 0.0, 0.0], [0.0, 1318.93830719923, 0.0], [0.0, 0.0, 0.0012184696791468343]]
[INFO] [1747098370.559900]: ---------------------------------------------------
[INFO] [1747098370.564810]: Marker ID: 37
[INFO] [1747098372.507095]: --- Received ArUco Marker ---
[INFO] [1747098372.511255]: Marker ID: 28
[INFO] [1747098372.514952]: Front of Robot in World Frame: x=-0.156, y=0.232, phi=356.6°
[INFO] [1747098372.518808]: Covariance R(d=5.70): [[33370.05065224038, 0.0, 0.0], [0.0, 11967.784663448645, 0.0], [0.0, 0.0, 0.0012184696791468343]]
[INFO] [1747098372.522112]: ---------------------------------------------------
[INFO] [1747098372.525969]: Marker ID: 29
[INFO] [1747098372.531825]: Front of Robot in World Frame: x=0.431, y=4.262, phi=326.9°
[INFO] [1747098372.537667]: Covariance R(d=7.83): [[49708.18164951057, 0.0, 0.0], [0.0, 9632.502466689813, 0.0], [0.0, 0.0, 0.0012184696791468343]]
[INFO] [1747098372.542304]: ---------------------------------------------------
[INFO] [1747098372.546633]: Marker ID: 26
[INFO] [1747098372.553704]: Front of Robot in World Frame: x=0.316, y=0.062, phi=358.8°
[INFO] [1747098372.558489]: Covariance R(d=9.68): [[59961.60476168912, 0.0, 0.0], [0.0, 1746.3605078502503, 0.0], [0.0, 0.0, 0.0012184696791468343]]
[INFO] [1747098372.563000]: ---------------------------------------------------
[INFO] [1747098374.515382]: --- Received ArUco Marker ---
[INFO] [1747098374.519558]: Marker ID: 28
[INFO] [1747098374.523169]: Front of Robot in World Frame: x=-0.143, y=0.189, phi=357.0°
[INFO] [1747098374.526613]: Covariance R(d=5.69): [[33302.58662566272, 0.0, 0.0], [0.0, 11963.213859552652, 0.0], [0.0, 0.0, 0.0012184696791468343]]
[INFO] [1747098374.529570]: ---------------------------------------------------
[INFO] [1747098374.533033]: Marker ID: 29
[INFO] [1747098374.540851]: Front of Robot in World Frame: x=0.424, y=4.256, phi=326.9°
[INFO] [1747098374.545554]: Covariance R(d=7.83): [[49731.992514986996, 0.0, 0.0], [0.0, 9622.330760862213, 0.0], [0.0, 0.0, 0.0012184696791468343]]
[INFO] [1747098374.551557]: ---------------------------------------------------
[INFO] [1747098374.556457]: Marker ID: 26
[INFO] [1747098374.564407]: Front of Robot in World Frame: x=0.231, y=0.262, phi=357.7°
[INFO] [1747098374.570007]: Covariance R(d=9.77): [[60359.924795677, 0.0, 0.0], [0.0, 1232.0444213353155, 0.0], [0.0, 0.0, 0.0012184696791468343]]
[INFO] [1747098374.574162]: ---------------------------------------------------
[INFO] [1747098376.499835]: --- Received ArUco Marker ---
[INFO] [1747098376.504137]: Marker ID: 28
[INFO] [1747098376.507608]: Front of Robot in World Frame: x=-0.147, y=0.190, phi=357.0°
[INFO] [1747098376.511068]: Covariance R(d=5.69): [[33337.42969965107, 0.0, 0.0], [0.0, 11965.585586599142, 0.0], [0.0, 0.0, 0.0012184696791468343]]
[INFO] [1747098376.514034]: ---------------------------------------------------
[INFO] [1747098376.517482]: Marker ID: 29
[INFO] [1747098376.529800]: Front of Robot in World Frame: x=0.444, y=-2.499, phi=18.0°
[INFO] [1747098376.534027]: Covariance R(d=7.83): [[49736.06844643654, 0.0, 0.0], [0.0, 9620.586843711213, 0.0], [0.0, 0.0, 0.0012184696791468343]]
[INFO] [1747098376.538611]: ---------------------------------------------------
[INFO] [1747098376.544954]: Marker ID: 26
[INFO] [1747098376.550886]: Front of Robot in World Frame: x=0.180, y=-0.302, phi=1.0°
[INFO] [1747098376.556307]: Covariance R(d=9.83): [[60590.633175803385, 0.0, 0.0], [0.0, 923.1833192172439, 0.0], [0.0, 0.0, 0.0012184696791468343]]
[INFO] [1747098376.561427]: ---------------------------------------------------
[INFO] [1747098378.519526]: --- Received ArUco Marker ---
[INFO] [1747098378.524413]: Marker ID: 28
[INFO] [1747098378.527996]: Front of Robot in World Frame: x=-0.133, y=0.125, phi=357.7°
[INFO] [1747098378.531705]: Covariance R(d=5.69): [[33294.16752966806, 0.0, 0.0], [0.0, 11962.637244705296, 0.0], [0.0, 0.0, 0.0012184696791468343]]
[INFO] [1747098378.534986]: ---------------------------------------------------
[INFO] [1747098378.538485]: Marker ID: 29
[INFO] [1747098378.547870]: Front of Robot in World Frame: x=0.403, y=4.220, phi=327.2°
[INFO] [1747098378.552516]: Covariance R(d=7.83): [[49755.414663708194, 0.0, 0.0], [0.0, 9612.298526996541, 0.0], [0.0, 0.0, 0.0012184696791468343]]
[INFO] [1747098378.556747]: ---------------------------------------------------
[INFO] [1747098378.561192]: Marker ID: 26
[INFO] [1747098378.570513]: Front of Robot in World Frame: x=0.236, y=-0.268, phi=0.8°
[INFO] [1747098378.575238]: Covariance R(d=9.77): [[60337.768427046685, 0.0, 0.0], [0.0, 1261.2742247762321, 0.0], [0.0, 0.0, 0.0012184696791468343]]
[INFO] [1747098378.579138]: ---------------------------------------------------

[ARUCO DETECTOR] Camera properties upon initialisation:
CV_CAP_PROP_FRAME_HEIGHT : '480.0'
CV_CAP_PROP_FRAME_WIDTH :  '640.0'
CAP_PROP_FPS :             '30.0'
CAP_PROP_FOCUS :           '0.0'
CAP_PROP_AUTOFOCUS :       '0.0'
CAP_PROP_BRIGHTNESS :      '128.0'
CAP_PROP_CONTRAST :        '128.0'
CAP_PROP_SATURATION :      '128.0'
CAP_PROP_BUFFERSIZE :      '4.0'

[ARUCO DETECTOR] Camera properties upon initialisation:
CV_CAP_PROP_FRAME_HEIGHT : '1080.0'
CV_CAP_PROP_FRAME_WIDTH :  '1920.0'
CAP_PROP_FPS :             '5.0'
CAP_PROP_FOCUS :           '0.0'
CAP_PROP_AUTOFOCUS :       '0.0'
CAP_PROP_BRIGHTNESS :      '128.0'
CAP_PROP_CONTRAST :        '128.0'
CAP_PROP_SATURATION :      '128.0'
CAP_PROP_BUFFERSIZE :      '1.0'
[INFO] [1747098323.882089]: [ARUCO DETECTOR] As a double check of the camera properties set, a frame captured just now has dimensions = (1080, 1920, 3)
[INFO] [1747098323.887179]: [ARUCO DETECTOR] publish request from command line to save a single camera image using: rostopic pub --once /asc/request_save_image std_msgs/UInt32 1
[INFO] [1747098323.893257]: [ARUCO DETECTOR] Node initialisation complete
... logging to /home/asc/.ros/log/56763ae6-2f96-11f0-8654-d8c0a650f677/roslaunch-asc12-jetson-13890.log
Checking log directory for disk usage. This may take a while.
Press Ctrl-C to interrupt
Done checking log file disk usage. Usage is <1GB.
]2;/home/asc/ASClinic/catkin_ws/src/asclinic_pkg/launch/positioning.launch
[1mstarted roslaunch server http://asc12-jetson:42609/[0m

SUMMARY
========

PARAMETERS
 * /asc/aruco_detector/aruco_detector_desired_camera_fps: 5
 * /asc/aruco_detector/aruco_detector_desired_camera_frame_height: 1080
 * /asc/aruco_detector/aruco_detector_desired_camera_frame_width: 1920
 * /asc/aruco_detector/aruco_detector_marker_size: 0.25
 * /asc/aruco_detector/aruco_detector_save_image_path: /home/asc/saved_c...
 * /asc/aruco_detector/aruco_detector_should_publish_camera_images: False
 * /asc/aruco_detector/aruco_detector_should_save_all_aruco_images: False
 * /asc/aruco_detector/aruco_detector_should_show_camera_images: False
 * /asc/aruco_detector/aruco_detector_usb_camera_device_number: 0
 * /asc/aruco_detector/aruco_detector_verbosity: 1
 * /asc/encoder_read_multi_threaded/delta_t_for_publishing_encoder_counts: 0.1
 * /asc/encoder_read_multi_threaded/encoder_events_to_monitor: rising
 * /asc/encoder_read_multi_threaded/encoder_read_verbosity: 1
 * /asc/encoder_read_multi_threaded/gpio_chip_number_for_encoder_lines: 1
 * /asc/encoder_read_multi_threaded/line_number_for_left_side_encoder_channel_a: 105
 * /asc/encoder_read_multi_threaded/line_number_for_left_side_encoder_channel_b: 106
 * /asc/encoder_read_multi_threaded/line_number_for_right_side_encoder_channel_a: 84
 * /asc/encoder_read_multi_threaded/line_number_for_right_side_encoder_channel_b: 130
 * /asc/encoder_read_multi_threaded/should_monitor_left_side_encoder_channel_a: True
 * /asc/encoder_read_multi_threaded/should_monitor_left_side_encoder_channel_b: False
 * /asc/encoder_read_multi_threaded/should_monitor_right_side_encoder_channel_a: True
 * /asc/encoder_read_multi_threaded/should_monitor_right_side_encoder_channel_b: False
 * /asc/i2c_for_motors/motor_driver_current_limit_in_milliamps: 5000
 * /asc/i2c_for_motors/motor_driver_left_side_multiplier: 1
 * /asc/i2c_for_motors/motor_driver_max_accel_limit_in_percent_per_millisecond: 0.04
 * /asc/i2c_for_motors/motor_driver_max_decel_limit_in_percent_per_millisecond: 0.16
 * /asc/i2c_for_motors/motor_driver_max_duty_cycle_limit_in_percent: 100.0
 * /asc/i2c_for_motors/motor_driver_right_side_multiplier: 1
 * /asc/i2c_for_motors/motor_driver_verbosity: 1
 * /rosdistro: noetic
 * /rosversion: 1.17.0

NODES
  /
    aruco_positioning (asclinic_pkg/aruco_positioning.py)
    kf_fusion_node (asclinic_pkg/KF.py)
    odomdelta (asclinic_pkg/odomdelta)
  /asc/
    aruco_detector (asclinic_pkg/aruco_detector.py)
    encoder_read_multi_threaded (asclinic_pkg/encoder_read_multi_threaded)
    i2c_for_motors (asclinic_pkg/i2c_for_motors)

auto-starting new master
[1mprocess[master]: started with pid [13930][0m
[1mROS_MASTER_URI=http://localhost:11311[0m
]2;/home/asc/ASClinic/catkin_ws/src/asclinic_pkg/launch/positioning.launch http://localhost:11311
[1msetting /run_id to 56763ae6-2f96-11f0-8654-d8c0a650f677[0m
[1mprocess[rosout-1]: started with pid [13943][0m
started core service [/rosout]
[1mprocess[asc/i2c_for_motors-2]: started with pid [13950][0m
[1mprocess[asc/encoder_read_multi_threaded-3]: started with pid [13951][0m
[1mprocess[odomdelta-4]: started with pid [13957][0m
[1mprocess[asc/aruco_detector-5]: started with pid [13962][0m
[1mprocess[aruco_positioning-6]: started with pid [13968][0m
[1mprocess[kf_fusion_node-7]: started with pid [13974][0m
[kf_fusion_node-7] killing on exit
[aruco_positioning-6] killing on exit
[asc/aruco_detector-5] killing on exit
[odomdelta-4] killing on exit
[asc/encoder_read_multi_threaded-3] killing on exit
[asc/i2c_for_motors-2] killing on exit
[rosout-1] killing on exit
[master] killing on exit
shutting down processing monitor...
... shutting down processing monitor complete
[1mdone[0m
