[INFO] [1747098462.468593]: Kalman Gain:
[[0.02605307 0.         0.        ]
 [0.         0.04584634 0.        ]
 [0.         0.         0.99999619]]
[INFO] [1747098462.719571]: Kalman Gain:
[[0.02856119 0.         0.        ]
 [0.         0.04933138 0.        ]
 [0.         0.         0.99996954]]
[INFO] [1747098462.925411]: Kalman Gain:
[[0.03086905 0.         0.        ]
 [0.         0.05226394 0.        ]
 [0.         0.         0.99993909]]
[INFO] [1747098463.096883]: Kalman Gain:
[[0.03303369 0.         0.        ]
 [0.         0.05493025 0.        ]
 [0.         0.         0.99993909]]
[INFO] [1747098463.289447]: Kalman Gain:
[[0.0351051  0.         0.        ]
 [0.         0.05747511 0.        ]
 [0.         0.         0.99996954]]
[INFO] [1747098463.488112]: Kalman Gain:
[[0.03703487 0.         0.        ]
 [0.         0.05977139 0.        ]
 [0.         0.         0.99996954]]
[INFO] [1747098463.708064]: Kalman Gain:
[[0.03882031 0.         0.        ]
 [0.         0.06179027 0.        ]
 [0.         0.         0.99996954]]
[INFO] [1747098463.956172]: Kalman Gain:
[[0.04197738 0.         0.        ]
 [0.         0.06598223 0.        ]
 [0.         0.         0.99997969]]
[INFO] [1747098464.107362]: Kalman Gain:
[[0.04183327 0.         0.        ]
 [0.         0.06460905 0.        ]
 [0.         0.         0.99993908]]
[INFO] [1747098464.290348]: Kalman Gain:
[[0.04322622 0.         0.        ]
 [0.         0.06597456 0.        ]
 [0.         0.         0.99996954]]
[INFO] [1747098464.483494]: Kalman Gain:
[[0.04448746 0.         0.        ]
 [0.         0.06707113 0.        ]
 [0.         0.         0.99996954]]
[INFO] [1747098464.683885]: Kalman Gain:
[[0.045652   0.         0.        ]
 [0.         0.06813355 0.        ]
 [0.         0.         0.99996954]]
[INFO] [1747098464.896116]: Kalman Gain:
[[0.04670711 0.         0.        ]
 [0.         0.06902254 0.        ]
 [0.         0.         0.99996954]]
[INFO] [1747098465.091562]: Kalman Gain:
[[0.04767625 0.         0.        ]
 [0.         0.06987584 0.        ]
 [0.         0.         0.99996954]]
[INFO] [1747098465.289561]: Kalman Gain:
[[0.04852844 0.         0.        ]
 [0.         0.07042307 0.        ]
 [0.         0.         0.99996954]]
[INFO] [1747098465.483003]: Kalman Gain:
[[0.04930578 0.         0.        ]
 [0.         0.07094168 0.        ]
 [0.         0.         0.99996954]]
[INFO] [1747098465.883093]: Kalman Gain:
[[0.05303581 0.         0.        ]
 [0.         0.07668522 0.        ]
 [0.         0.         0.99998477]]
[INFO] [1747098466.108562]: Kalman Gain:
[[0.05336549 0.         0.        ]
 [0.         0.07634004 0.        ]
 [0.         0.         0.99996954]]
[INFO] [1747098466.292938]: Kalman Gain:
[[0.05370202 0.         0.        ]
 [0.         0.07634038 0.        ]
 [0.         0.         0.99996954]]
[INFO] [1747098466.490721]: Kalman Gain:
[[0.05396188 0.         0.        ]
 [0.         0.07604903 0.        ]
 [0.         0.         0.99996954]]
[INFO] [1747098466.709936]: Kalman Gain:
[[0.05419028 0.         0.        ]
 [0.         0.07577065 0.        ]
 [0.         0.         0.99996954]]
[INFO] [1747098466.905532]: Kalman Gain:
[[0.05438095 0.         0.        ]
 [0.         0.07543487 0.        ]
 [0.         0.         0.99996954]]
[INFO] [1747098467.081508]: Kalman Gain:
[[0.05450066 0.         0.        ]
 [0.         0.07516753 0.        ]
 [0.         0.         0.99993909]]
[INFO] [1747098467.289865]: Kalman Gain:
[[0.05467952 0.         0.        ]
 [0.         0.07506703 0.        ]
 [0.         0.         0.99996954]]
[INFO] [1747098467.889000]: Kalman Gain:
[[0.0608053  0.         0.        ]
 [0.         0.08535556 0.        ]
 [0.         0.         0.99998985]]
[INFO] [1747098468.092916]: Kalman Gain:
[[0.06025116 0.         0.        ]
 [0.         0.08350004 0.        ]
 [0.         0.         0.99996954]]
[INFO] [1747098468.312845]: Kalman Gain:
[[0.05980836 0.         0.        ]
 [0.         0.08226508 0.        ]
 [0.         0.         0.99996954]]
[INFO] [1747098468.479244]: Kalman Gain:
[[0.05934877 0.         0.        ]
 [0.         0.08074531 0.        ]
 [0.         0.         0.99996954]]
[INFO] [1747098468.697157]: Kalman Gain:
[[0.05902945 0.         0.        ]
 [0.         0.08007317 0.        ]
 [0.         0.         0.99996954]]
[INFO] [1747098468.994412]: Kalman Gain:
[[0.06020563 0.         0.        ]
 [0.         0.08190354 0.        ]
 [0.         0.         0.99997969]]
[INFO] [1747098469.097979]: Kalman Gain:
[[0.05826866 0.         0.        ]
 [0.         0.07824131 0.        ]
 [0.         0.         0.99993908]]
[INFO] [1747098469.278971]: Kalman Gain:
[[0.0580294  0.         0.        ]
 [0.         0.07765359 0.        ]
 [0.         0.         0.99996954]]
[INFO] [1747098469.490693]: Kalman Gain:
[[0.05781685 0.         0.        ]
 [0.         0.07715081 0.        ]
 [0.         0.         0.99996954]]
[INFO] [1747098469.689066]: Kalman Gain:
[[0.05767491 0.         0.        ]
 [0.         0.07703926 0.        ]
 [0.         0.         0.99996954]]
[INFO] [1747098469.900373]: Kalman Gain:
[[0.05751839 0.         0.        ]
 [0.         0.07674165 0.        ]
 [0.         0.         0.99996954]]
[INFO] [1747098470.084718]: Kalman Gain:
[[0.05736378 0.         0.        ]
 [0.         0.07638524 0.        ]
 [0.         0.         0.99996954]]
[INFO] [1747098470.295047]: Kalman Gain:
[[0.05721805 0.         0.        ]
 [0.         0.0760238  0.        ]
 [0.         0.         0.99996954]]
[INFO] [1747098470.473518]: Kalman Gain:
[[0.05710676 0.         0.        ]
 [0.         0.0758356  0.        ]
 [0.         0.         0.99996954]]
[INFO] [1747098470.681509]: Kalman Gain:
[[0.05698537 0.         0.        ]
 [0.         0.07552324 0.        ]
 [0.         0.         0.99996954]]
[INFO] [1747098471.289517]: Kalman Gain:
[[6.41584067e-02 1.23447473e-02 3.73897650e-01]
 [3.39860626e-02 4.46286091e-01 1.25907090e+01]
 [3.81886912e-08 4.67103991e-07 9.99979178e-01]]
[INFO] [1747098471.683660]: Kalman Gain:
[[6.84569047e-02 1.90077016e-02 7.21141893e-01]
 [5.19560783e-02 4.54699230e-01 8.98494384e+00]
 [7.38038202e-08 3.36408319e-07 9.99979109e-01]]
[INFO] [1747098472.090692]: Kalman Gain:
[[7.29215297e-02 2.61020587e-02 6.32597786e-01]
 [6.68441605e-02 5.81283632e-01 1.02159944e+01]
 [6.64700606e-08 4.19170143e-07 9.99974359e-01]]
[INFO] [1747098472.301046]: Kalman Gain:
[[7.16829911e-02 2.06972060e-02 8.96459940e-01]
 [5.53506421e-02 3.88520608e-01 4.98492129e+00]
 [9.24089667e-08 1.92145665e-07 9.99967847e-01]]
[INFO] [1747098472.482478]: Kalman Gain:
[[6.91370998e-02 1.39006184e-02 9.99060417e-03]
 [3.71391049e-02 3.23409237e-01 5.49841379e+00]
 [1.03021284e-09 2.12214627e-07 9.99967814e-01]]
[INFO] [1747098472.693256]: Kalman Gain:
[[6.87091709e-02 1.37580198e-02 4.41947700e-01]
 [3.57641021e-02 3.05324157e-01 5.96404811e+00]
 [4.60963713e-08 2.39301600e-07 9.99967450e-01]]
[INFO] [1747098473.084232]: Kalman Gain:
[[8.18222725e-02 4.97356682e-02 1.30347201e+00]
 [1.28943952e-01 5.93258033e-01 1.12375261e+01]
 [1.36126314e-07 4.52666203e-07 9.99971434e-01]]
[INFO] [1747098473.479688]: Kalman Gain:
[[7.88940421e-02 3.49809426e-02 1.82919039e-01]
 [8.92744643e-02 6.94996515e-01 1.01343230e+01]
 [1.92549853e-08 4.18006733e-07 9.99970671e-01]]
[INFO] [1747098473.676014]: Kalman Gain:
[[ 7.61168206e-02  1.56281796e-02 -4.11090362e-01]
 [ 3.89202243e-02  4.75957262e-01  5.95559478e+00]
 [-4.38910111e-08  2.55326851e-07  9.99966632e-01]]
[INFO] [1747098474.074906]: Kalman Gain:
[[1.11425586e-01 8.64164701e-02 1.83802836e+00]
 [2.14333599e-01 7.49146108e-01 9.68480432e+00]
 [1.96749751e-07 4.17983464e-07 9.99965115e-01]]
[INFO] [1747098474.084446]: Kalman Gain:
[[9.49635001e-02 3.35164690e-02 6.69452832e-01]
 [1.33535765e-01 3.16097527e-01 3.18906518e+00]
 [7.26578834e-08 8.68733993e-08 4.99990791e-01]]
[INFO] [1747098474.295355]: Kalman Gain:
[[8.60352796e-02 3.54151545e-02 1.37800605e-01]
 [8.56521196e-02 4.90427238e-01 8.77222422e+00]
 [1.50098663e-08 3.95081278e-07 9.99962671e-01]]
[INFO] [1747098464.081818]: --- Received ArUco Marker ---
[INFO] [1747098464.087633]: Marker ID: 28
[INFO] [1747098464.092901]: Front of Robot in World Frame: x=-0.131, y=0.151, phi=357.4°
[INFO] [1747098464.097325]: Covariance R(d=5.68): [[33239.85698883827, 0.0, 0.0], [0.0, 11958.884535588972, 0.0], [0.0, 0.0, 0.0012184696791468343]]
[INFO] [1747098464.100961]: ---------------------------------------------------
[INFO] [1747098464.105098]: Marker ID: 29
[INFO] [1747098464.112899]: Front of Robot in World Frame: x=0.411, y=4.240, phi=327.1°
[INFO] [1747098464.121616]: Covariance R(d=7.84): [[49766.17331574894, 0.0, 0.0], [0.0, 9607.68150471255, 0.0], [0.0, 0.0, 0.0012184696791468343]]
[INFO] [1747098464.128966]: ---------------------------------------------------
[INFO] [1747098464.134554]: Marker ID: 26
[INFO] [1747098464.146917]: Front of Robot in World Frame: x=0.250, y=0.334, phi=357.2°
[INFO] [1747098464.153507]: Covariance R(d=9.76): [[60286.213850277905, 0.0, 0.0], [0.0, 1328.999428014385, 0.0], [0.0, 0.0, 0.0012184696791468343]]
[INFO] [1747098464.158932]: ---------------------------------------------------
[INFO] [1747098466.080474]: --- Received ArUco Marker ---
[INFO] [1747098466.084818]: Marker ID: 28
[INFO] [1747098466.089053]: Front of Robot in World Frame: x=-0.139, y=0.162, phi=357.3°
[INFO] [1747098466.093503]: Covariance R(d=5.69): [[33294.975534504185, 0.0, 0.0], [0.0, 11962.692643772662, 0.0], [0.0, 0.0, 0.0012184696791468343]]
[INFO] [1747098466.097308]: ---------------------------------------------------
[INFO] [1747098466.101585]: Marker ID: 29
[INFO] [1747098466.121077]: Front of Robot in World Frame: x=0.297, y=-2.314, phi=16.3°
[INFO] [1747098466.128881]: Covariance R(d=7.89): [[50096.68175065218, 0.0, 0.0], [0.0, 9463.105924472346, 0.0], [0.0, 0.0, 0.0012184696791468343]]
[INFO] [1747098466.135451]: ---------------------------------------------------
[INFO] [1747098466.141560]: Marker ID: 26
[INFO] [1747098466.145990]: Front of Robot in World Frame: x=0.236, y=-0.290, phi=0.9°
[INFO] [1747098466.150289]: Covariance R(d=9.77): [[60341.804667909375, 0.0, 0.0], [0.0, 1255.9549749945886, 0.0], [0.0, 0.0, 0.0012184696791468343]]
[INFO] [1747098466.153923]: ---------------------------------------------------
[INFO] [1747098468.292081]: --- Received ArUco Marker ---
[INFO] [1747098468.296297]: Marker ID: 28
[INFO] [1747098468.299879]: Front of Robot in World Frame: x=-0.130, y=0.127, phi=357.7°
[INFO] [1747098468.303657]: Covariance R(d=5.68): [[33260.201733703565, 0.0, 0.0], [0.0, 11960.296998901731, 0.0], [0.0, 0.0, 0.0012184696791468343]]
[INFO] [1747098468.307022]: ---------------------------------------------------
[INFO] [1747098468.310603]: Marker ID: 26
[INFO] [1747098468.315270]: Front of Robot in World Frame: x=0.135, y=-0.055, phi=359.6°
[INFO] [1747098468.321967]: Covariance R(d=9.86): [[60764.19961127264, 0.0, 0.0], [0.0, 685.2799880863874, 0.0], [0.0, 0.0, 0.0012184696791468343]]
[INFO] [1747098468.328320]: ---------------------------------------------------
[INFO] [1747098470.272979]: --- Received ArUco Marker ---
[INFO] [1747098470.276820]: Marker ID: 28
[INFO] [1747098470.280371]: Front of Robot in World Frame: x=-0.137, y=0.191, phi=357.2°
[INFO] [1747098470.284181]: Covariance R(d=5.68): [[33249.24884928275, 0.0, 0.0], [0.0, 11959.537575441936, 0.0], [0.0, 0.0, 0.0012184696791468343]]
[INFO] [1747098470.287759]: ---------------------------------------------------
[INFO] [1747098470.291608]: Marker ID: 29
[INFO] [1747098470.297908]: Front of Robot in World Frame: x=0.363, y=4.172, phi=327.8°
[INFO] [1747098470.302918]: Covariance R(d=7.85): [[49862.62624742989, 0.0, 0.0], [0.0, 9566.039538798137, 0.0], [0.0, 0.0, 0.0012184696791468343]]
[INFO] [1747098470.306461]: ---------------------------------------------------
[INFO] [1747098470.311403]: Marker ID: 37
[INFO] [1747098470.322731]: Marker ID: 26
[INFO] [1747098470.328964]: Front of Robot in World Frame: x=0.152, y=-0.282, phi=1.0°
[INFO] [1747098470.334070]: Covariance R(d=9.85): [[60708.75999664127, 0.0, 0.0], [0.0, 761.7970548893377, 0.0], [0.0, 0.0, 0.0012184696791468343]]
[INFO] [1747098470.338514]: ---------------------------------------------------
[INFO] [1747098472.278013]: --- Received ArUco Marker ---
[INFO] [1747098472.282656]: Marker ID: 28
[INFO] [1747098472.286669]: Front of Robot in World Frame: x=0.069, y=0.043, phi=359.1°
[INFO] [1747098472.290813]: Covariance R(d=5.50): [[31611.307340429237, 0.0, 0.0], [0.0, 11820.38158618202, 0.0], [0.0, 0.0, 0.0012184696791468343]]
[INFO] [1747098472.294423]: ---------------------------------------------------
[INFO] [1747098472.300231]: Marker ID: 29
[INFO] [1747098472.305002]: Front of Robot in World Frame: x=0.239, y=-1.656, phi=12.0°
[INFO] [1747098472.309465]: Covariance R(d=7.70): [[48851.06203404357, 0.0, 0.0], [0.0, 9980.913313475427, 0.0], [0.0, 0.0, 0.0012184696791468343]]
[INFO] [1747098472.313325]: ---------------------------------------------------
[INFO] [1747098472.320283]: Marker ID: 26
[INFO] [1747098472.328907]: Front of Robot in World Frame: x=0.628, y=0.360, phi=357.6°
[INFO] [1747098472.334606]: Covariance R(d=9.38): [[58530.81120759516, 0.0, 0.0], [0.0, 3415.7820154182004, 0.0], [0.0, 0.0, 0.0012184696791468343]]
[INFO] [1747098472.339499]: ---------------------------------------------------
[INFO] [1747098474.469129]: --- Received ArUco Marker ---
[INFO] [1747098474.473324]: Marker ID: 28
[INFO] [1747098474.477587]: Front of Robot in World Frame: x=0.850, y=-0.673, phi=7.1°
[INFO] [1747098474.481728]: Covariance R(d=4.91): [[26110.882181844445, 0.0, 0.0], [0.0, 11013.592760047242, 0.0], [0.0, 0.0, 0.0012184696791468343]]
[INFO] [1747098474.485387]: ---------------------------------------------------
[INFO] [1747098474.489578]: Marker ID: 29
[INFO] [1747098474.497943]: Front of Robot in World Frame: x=1.029, y=-1.733, phi=13.5°
[INFO] [1747098474.502898]: Covariance R(d=6.99): [[43840.941217135005, 0.0, 0.0], [0.0, 11413.306754736972, 0.0], [0.0, 0.0, 0.0012184696791468343]]
[INFO] [1747098474.506840]: ---------------------------------------------------
[INFO] [1747098474.515206]: Marker ID: 26
[INFO] [1747098474.519568]: Front of Robot in World Frame: x=1.771, y=-2.819, phi=17.8°
[INFO] [1747098474.530447]: Covariance R(d=8.70): [[54977.61052388111, 0.0, 0.0], [0.0, 6611.798005472347, 0.0], [0.0, 0.0, 0.0012184696791468343]]
[INFO] [1747098474.535924]: ---------------------------------------------------
[INFO] [1747098476.471249]: --- Received ArUco Marker ---
[INFO] [1747098476.475466]: Marker ID: 28
[INFO] [1747098476.479355]: Front of Robot in World Frame: x=1.431, y=0.503, phi=353.5°
[INFO] [1747098476.483258]: Covariance R(d=4.09): [[100.0, 0.0, 0.0], [0.0, 8978.196492719228, 0.0], [0.0, 0.0, 0.0012184696791468343]]
[INFO] [1747098476.487334]: ---------------------------------------------------
[INFO] [1747098476.495742]: Marker ID: 29
[INFO] [1747098476.502950]: Front of Robot in World Frame: x=1.549, y=0.932, phi=351.3°
[INFO] [1747098476.507945]: Covariance R(d=5.95): [[35588.714971441135, 0.0, 0.0], [0.0, 12067.201641174204, 0.0], [0.0, 0.0, 0.0012184696791468343]]
[INFO] [1747098476.512708]: ---------------------------------------------------
[INFO] [1747098476.520928]: Marker ID: 26
[INFO] [1747098476.530095]: Front of Robot in World Frame: x=2.491, y=-0.206, phi=2.5°
[INFO] [1747098476.536189]: Covariance R(d=7.51): [[47596.156643691786, 0.0, 0.0], [0.0, 10431.881523610957, 0.0], [0.0, 0.0, 0.0012184696791468343]]
[INFO] [1747098476.542068]: ---------------------------------------------------
[INFO] [1747098478.471377]: --- Received ArUco Marker ---
[INFO] [1747098478.475760]: Marker ID: 28
[INFO] [1747098478.480471]: Front of Robot in World Frame: x=2.457, y=0.128, phi=356.1°
[INFO] [1747098478.485233]: Covariance R(d=3.14): [[100.0, 0.0, 0.0], [0.0, 100.0, 0.0], [0.0, 0.0, 0.0012184696791468343]]
[INFO] [1747098478.488975]: ---------------------------------------------------
[INFO] [1747098478.493316]: Marker ID: 29
[INFO] [1747098478.496976]: Front of Robot in World Frame: x=2.572, y=1.033, phi=346.1°
[INFO] [1747098474.681508]: Kalman Gain:
[[ 8.53207289e-02  1.79880679e-02 -2.11384797e-01]
 [ 4.23758334e-02  8.25336416e-01  8.68404382e+00]
 [-2.35103925e-08  4.09991075e-07  9.99964328e-01]]
[INFO] [1747098474.693049]: Kalman Gain:
[[ 7.38034192e-02  6.76855588e-03 -1.27283426e-01]
 [ 2.44536774e-02  3.35124227e-01  2.88954128e+00]
 [-1.32695419e-08  8.33805618e-08  4.99990718e-01]]
[INFO] [1747098474.878985]: Kalman Gain:
[[8.82479601e-02 3.51462207e-02 1.43467564e+00]
 [8.08110066e-02 5.40161912e-01 8.70712031e+00]
 [1.63073312e-07 4.30439210e-07 9.99960836e-01]]
[INFO] [1747098475.102807]: Kalman Gain:
[[8.67773838e-02 3.74283547e-02 8.02238150e-01]
 [8.52330686e-02 5.36866267e-01 8.80090117e+00]
 [9.20379994e-08 4.43387673e-07 9.99960824e-01]]
[INFO] [1747098475.279599]: Kalman Gain:
[[ 8.26121250e-02  2.26614377e-02 -4.21544275e-03]
 [ 5.06943230e-02  5.30951328e-01  8.54824834e+00]
 [-4.92481598e-10  4.46428667e-07  9.99961383e-01]]
[INFO] [1747098475.289419]: Kalman Gain:
[[ 6.75432439e-02  9.20213640e-03 -4.12972300e-02]
 [ 3.20580787e-02  2.30903758e-01  3.28734388e+00]
 [-4.25613286e-09  9.72502141e-08  4.99989930e-01]]
[INFO] [1747098475.493586]: Kalman Gain:
[[7.97261061e-02 3.21817135e-02 8.79469627e-01]
 [7.08530963e-02 5.24070664e-01 9.21810648e+00]
 [1.04539742e-07 4.97682799e-07 9.99959607e-01]]
[INFO] [1747098475.503566]: Kalman Gain:
[[6.31049546e-02 1.32651680e-02 3.50852589e-01]
 [4.37005839e-02 2.29951657e-01 3.53004844e+00]
 [3.56826247e-08 1.08977863e-07 4.99989384e-01]]
[INFO] [1747098475.682504]: Kalman Gain:
[[8.13290863e-02 4.76129260e-02 1.11918454e+00]
 [1.02459509e-01 5.65583710e-01 9.30125496e+00]
 [1.36604715e-07 5.27567622e-07 9.99957629e-01]]
[INFO] [1747098475.692747]: Kalman Gain:
[[6.24884145e-02 1.81698863e-02 4.40132189e-01]
 [6.21160860e-02 2.29018965e-01 3.55086113e+00]
 [4.51294410e-08 1.06502215e-07 4.99988886e-01]]
[INFO] [1747098475.899937]: Kalman Gain:
[[7.27177390e-02 2.60364643e-02 1.15244713e-01]
 [5.50201325e-02 5.76903710e-01 9.13189224e+00]
 [1.43852612e-08 5.39408635e-07 9.99957835e-01]]
[INFO] [1747098476.284052]: Kalman Gain:
[[8.38597929e-02 6.03687714e-02 5.23123757e-01]
 [1.24974289e-01 9.10189365e-01 5.58629571e+00]
 [6.70669221e-08 3.45954924e-07 9.99960431e-01]]
[INFO] [1747098476.294743]: Kalman Gain:
[[6.00138737e-02 2.07577645e-02 1.87888749e-01]
 [6.16892569e-02 3.31587504e-01 1.85087599e+00]
 [1.89633147e-08 6.28581859e-08 4.99989927e-01]]
[INFO] [1747098476.494295]: Kalman Gain:
[[7.53148670e-02 8.01218946e-02 3.00810391e-01]
 [8.92405245e-04 9.97082081e-01 6.78303725e-02]
 [4.08242740e-08 8.26492534e-07 9.99949621e-01]]
[INFO] [1747098476.519537]: Kalman Gain:
[[5.30619995e-02 2.12590926e-04 1.42420772e-01]
 [6.26975363e-04 2.79371217e-03 3.37269863e-02]
 [1.43807494e-08 1.15472871e-09 4.99987403e-01]]
[INFO] [1747098476.894363]: Kalman Gain:
[[9.65147894e-02 1.01341064e-01 1.63527172e+00]
 [2.98461495e-01 7.77254184e-01 1.03202262e+01]
 [1.62814261e-07 3.58375813e-07 9.99960687e-01]]
[INFO] [1747098477.090534]: Kalman Gain:
[[8.17304411e-02 6.81428733e-02 1.08258081e+00]
 [1.99973359e-01 5.66788447e-01 9.43667907e+00]
 [1.08470118e-07 3.27027245e-07 9.99961666e-01]]
[INFO] [1747098477.283265]: Kalman Gain:
[[1.11466625e-01 8.86875396e-02 2.88973309e+00]
 [2.41683150e-01 5.23901850e-01 9.08050214e+00]
 [2.95798597e-07 3.42315804e-07 9.99960461e-01]]
[INFO] [1747098477.479123]: Kalman Gain:
[[1.11496025e-01 8.80244299e-02 2.03512941e+00]
 [2.44200355e-01 5.12631568e-01 1.01170842e+01]
 [2.07326588e-07 3.72142998e-07 9.99960014e-01]]
[INFO] [1747098477.681638]: Kalman Gain:
[[9.63839017e-02 7.28768175e-02 9.39279495e-01]
 [1.97148673e-01 5.56994522e-01 1.06532641e+01]
 [9.63768351e-08 4.04542723e-07 9.99958958e-01]]
[INFO] [1747098478.077004]: Kalman Gain:
[[9.84164673e-02 9.07920294e-02 6.18563260e-01]
 [2.32694666e-01 8.71493225e-01 7.39170835e+00]
 [6.49475706e-08 3.02933525e-07 9.99962484e-01]]
[INFO] [1747098478.296905]: Kalman Gain:
[[1.42646330e-01 1.00458354e-01 3.23625609e+00]
 [2.39199640e-01 6.12642659e-01 7.29214110e+00]
 [3.56779881e-07 3.37634165e-07 9.99959540e-01]]
[INFO] [1747098478.500044]: Kalman Gain:
[[9.23248868e-01 1.39444558e-02 2.66549477e-02]
 [1.39445060e-02 9.94986573e-01 5.57715226e-02]
 [3.24767523e-07 6.79562028e-07 9.99951375e-01]]
[INFO] [1747098479.034578]: Kalman Gain:
[[3.39921695e-02 7.53085085e-02 5.83469770e-01]
 [1.80183453e-01 9.45639663e-01 4.16607232e+00]
 [6.40783399e-08 1.91226836e-07 9.99969000e-01]]
[INFO] [1747098479.281927]: Kalman Gain:
[[3.92885372e-02 6.04374632e-02 1.31282402e+00]
 [1.38721330e-01 6.25751205e-01 7.41932729e+00]
 [1.49469143e-07 3.68020950e-07 9.99961479e-01]]
[INFO] [1747098479.681557]: Kalman Gain:
[[ 4.40944737e-02  1.27169194e-02 -5.91992522e-01]
 [ 2.82912375e-02  8.63519410e-01  7.24036255e+00]
 [-6.95699169e-08  3.82468393e-07  9.99964479e-01]]
[INFO] [1747098479.890934]: Kalman Gain:
[[5.17814804e-02 2.43101296e-02 1.05418707e+00]
 [5.35106059e-02 5.93282168e-01 7.24009575e+00]
 [1.25339119e-07 3.91075554e-07 9.99962300e-01]]
[INFO] [1747098480.107731]: Kalman Gain:
[[5.55658858e-02 2.77514275e-02 6.54197731e-01]
 [5.97710983e-02 5.42874435e-01 7.89698759e+00]
 [7.97661649e-08 4.47059393e-07 9.99961650e-01]]
[INFO] [1747098480.281850]: Kalman Gain:
[[6.05058934e-02 3.29277370e-02 6.67247658e-01]
 [6.81906854e-02 5.54451192e-01 7.89626129e+00]
 [8.55036756e-08 4.88602928e-07 9.99960666e-01]]
[INFO] [1747098480.543927]: Kalman Gain:
[[1.00010026e-01 1.02916909e-01 1.80359982e+00]
 [2.15639755e-01 7.26682868e-01 8.29598260e+00]
 [2.27598518e-07 4.99637452e-07 9.99960786e-01]]
[INFO] [1747098480.900355]: Kalman Gain:
[[ 7.70041707e-02  9.38958984e-02 -3.98759555e-01]
 [ 1.02106183e-03  9.97857592e-01  5.87777750e-02]
 [-5.28361610e-08  7.16189377e-07  9.99959329e-01]]
[INFO] [1747098481.095954]: Kalman Gain:
[[ 7.57773964e-02 -2.82117469e-02 -5.30670272e-02]
 [-3.08738013e-04  9.74744901e-01  2.38161769e-01]
 [-7.07619214e-09  2.90192898e-06  9.99942160e-01]]
[INFO] [1747098481.281204]: Kalman Gain:
[[7.54192671e-02 4.87557453e-02 1.66924040e-01]
 [5.40991805e-04 8.79801011e-01 3.95931338e-01]
 [2.25682824e-08 4.82430338e-06 9.99953633e-01]]
[INFO] [1747098481.498161]: Kalman Gain:
[[7.39105720e-02 1.23300832e-02 2.22452194e-02]
 [1.36738486e-04 7.44629468e-01 7.65522003e-02]
 [3.00591148e-09 9.32765363e-07 9.99969260e-01]]
[INFO] [1747098481.887076]: Kalman Gain:
[[7.68575845e-02 1.98140243e-03 3.10453954e-07]
 [2.20993158e-05 8.25924321e-01 2.02951035e-07]
 [4.21908297e-14 2.47289686e-12 9.99984770e-01]]
[INFO] [1747098482.283984]: Kalman Gain:
[[7.91595258e-02 3.13178725e-04 4.35307895e-12]
 [3.50049729e-06 8.28353416e-01 5.30547658e-13]
 [5.92855389e-19 6.46456245e-18 9.99984770e-01]]
[INFO] [1747098482.527764]: Kalman Gain:
[[7.89976212e-02 5.97384503e-05 8.14141150e-17]
 [6.66997043e-07 7.92890057e-01 2.23130901e-18]
 [1.10760369e-23 2.71878241e-23 9.99979693e-01]]
[INFO] [1747098482.682052]: Kalman Gain:
[[7.51590649e-02 1.97818615e-05 4.58667871e-21]
 [2.20969002e-07 6.41947954e-01 4.86662545e-23]
 [6.24276878e-28 5.92983564e-28 9.99939084e-01]]
[INFO] [1747098482.890301]: Kalman Gain:
[[7.37171770e-02 5.03126314e-06 1.29410701e-25]
 [5.61700729e-08 7.25421666e-01 4.07018453e-28]
 [1.76040615e-32 4.95939651e-33 9.99969540e-01]]
[INFO] [1747098483.102088]: Kalman Gain:
[[7.26129042e-02 1.25245648e-06 3.65560717e-30]
 [1.40033454e-08 7.31574010e-01 3.32781936e-33]
 [4.98016132e-37 4.05484704e-38 9.99969540e-01]]
[INFO] [1747098483.283823]: Kalman Gain:
[[7.15145650e-02 3.11634607e-07 1.03386278e-34]
 [3.48147531e-09 7.32016571e-01 2.71637528e-38]
 [1.40732782e-41 3.30982097e-43 9.99969540e-01]]
[INFO] [1747098483.503133]: Kalman Gain:
[[7.06332613e-02 7.76049176e-08 2.92670068e-39]
 [8.67184036e-10 7.32048349e-01 2.21701760e-43]
 [3.98487841e-46 2.70136877e-48 9.99969540e-01]]
[INFO] [1747098483.684350]: Kalman Gain:
[[6.98352114e-02 1.93420221e-08 8.29213737e-44]
 [2.16063390e-10 7.32050631e-01 1.80944564e-48]
 [1.12865324e-50 2.20475468e-53 9.99969540e-01]]
[0m[ INFO] [1747098459.188280205]: [I2C FOR MOTORS] Now launching this node in namespace: /asc[0m
[0m[ INFO] [1747098459.264321368]: [I2C FOR MOTORS] publish motor duty cycle requests from command line with: rostopic pub --once /asc/set_motor_duty_cycle asclinic_pkg/LeftRightFloat32 "{left: 10.1, right: 10.1}"[0m
[0m[ INFO] [1747098459.264512298]: [I2C FOR MOTORS] Successfully opened named /dev/i2c-1, with file descriptor = 10[0m
[0m[ INFO] [1747098459.264625460]: [I2C FOR MOTORS] Actual acceleration limit = 0.0003125%/ms (after conversation to "internal units")[0m
[0m[ INFO] [1747098459.264673945]: [I2C FOR MOTORS] Actual deceleration limit = 0.0015625%/ms (after conversation to "internal units")[0m
[0m[ INFO] [1747098459.264886540]: [I2C FOR MOTORS] Now initialising SMC with I2C address 13[0m
[0m[ INFO] [1747098459.285140841]: [I2C FOR MOTORS] Now initialising SMC with I2C address 14[0m
[0m[ INFO] [1747098459.300619697]: [I2C FOR MOTORS] Node initialisation complete[0m
[INFO] [1747098478.505483]: Covariance R(d=4.93): [[26318.54077987334, 0.0, 0.0], [0.0, 11052.763794095494, 0.0], [0.0, 0.0, 0.0012184696791468343]]
[INFO] [1747098478.513379]: ---------------------------------------------------
[INFO] [1747098480.480324]: --- Received ArUco Marker ---
[INFO] [1747098480.485054]: Marker ID: 28
[INFO] [1747098480.488714]: Front of Robot in World Frame: x=3.417, y=-0.060, phi=1.9°
[INFO] [1747098480.492421]: Covariance R(d=2.29): [[100.0, 0.0, 0.0], [0.0, 100.0, 0.0], [0.0, 0.0, 0.0012184696791468343]]
[INFO] [1747098480.496174]: ---------------------------------------------------
[INFO] [1747098480.500082]: Marker ID: 29
[INFO] [1747098480.515287]: Front of Robot in World Frame: x=3.219, y=0.332, phi=355.5°
[INFO] [1747098480.519882]: Covariance R(d=4.32): [[20231.475717504283, 0.0, 0.0], [0.0, 9655.738222996226, 0.0], [0.0, 0.0, 0.0012184696791468343]]
[INFO] [1747098480.524062]: ---------------------------------------------------
[INFO] [1747098480.529101]: Marker ID: 26
[INFO] [1747098480.534023]: Front of Robot in World Frame: x=3.683, y=-0.112, phi=1.7°
[INFO] [1747098480.538906]: Covariance R(d=6.32): [[38645.313282486626, 0.0, 0.0], [0.0, 12029.073405276751, 0.0], [0.0, 0.0, 0.0012184696791468343]]
[INFO] [1747098480.542637]: ---------------------------------------------------
[INFO] [1747098482.484248]: --- Received ArUco Marker ---
[INFO] [1747098482.488269]: Marker ID: 28
[INFO] [1747098482.491924]: Front of Robot in World Frame: x=3.666, y=-0.104, phi=2.3°
[INFO] [1747098482.495681]: Covariance R(d=2.09): [[100.0, 0.0, 0.0], [0.0, 100.0, 0.0], [0.0, 0.0, 0.0012184696791468343]]
[INFO] [1747098482.499274]: ---------------------------------------------------
[INFO] [1747098482.503335]: Marker ID: 29
[INFO] [1747098482.511041]: Front of Robot in World Frame: x=3.467, y=0.272, phi=355.0°
[INFO] [1747098482.515896]: Covariance R(d=4.08): [[100.0, 0.0, 0.0], [0.0, 8956.32956750688, 0.0], [0.0, 0.0, 0.0012184696791468343]]
[INFO] [1747098482.519641]: ---------------------------------------------------
[INFO] [1747098482.524409]: Marker ID: 26
[INFO] [1747098482.538558]: Front of Robot in World Frame: x=3.967, y=-0.343, phi=2.8°
[INFO] [1747098482.543833]: Covariance R(d=6.04): [[36368.67452381687, 0.0, 0.0], [0.0, 12077.621946724004, 0.0], [0.0, 0.0, 0.0012184696791468343]]
[INFO] [1747098482.547816]: ---------------------------------------------------
[INFO] [1747098484.481479]: --- Received ArUco Marker ---
[INFO] [1747098484.485412]: Marker ID: 28
[INFO] [1747098484.488864]: Front of Robot in World Frame: x=3.663, y=-0.102, phi=2.3°
[INFO] [1747098484.492331]: Covariance R(d=2.09): [[100.0, 0.0, 0.0], [0.0, 100.0, 0.0], [0.0, 0.0, 0.0012184696791468343]]
[INFO] [1747098484.495400]: ---------------------------------------------------
[INFO] [1747098484.498888]: Marker ID: 29
[INFO] [1747098484.506546]: Front of Robot in World Frame: x=3.473, y=0.226, phi=355.6°
[INFO] [1747098484.511685]: Covariance R(d=4.08): [[100.0, 0.0, 0.0], [0.0, 8959.24425522781, 0.0], [0.0, 0.0, 0.0012184696791468343]]
[INFO] [1747098484.515664]: ---------------------------------------------------
[INFO] [1747098484.523751]: Marker ID: 26
[INFO] [1747098484.535577]: Front of Robot in World Frame: x=3.965, y=0.303, phi=356.6°
[INFO] [1747098484.540693]: Covariance R(d=6.04): [[36363.09028046122, 0.0, 0.0], [0.0, 12077.594712309043, 0.0], [0.0, 0.0, 0.0012184696791468343]]
[INFO] [1747098484.546067]: ---------------------------------------------------
[INFO] [1747098486.469339]: --- Received ArUco Marker ---
[INFO] [1747098486.474256]: Marker ID: 28
[INFO] [1747098486.478147]: Front of Robot in World Frame: x=3.661, y=-0.099, phi=2.2°
[INFO] [1747098486.481929]: Covariance R(d=2.09): [[100.0, 0.0, 0.0], [0.0, 100.0, 0.0], [0.0, 0.0, 0.0012184696791468343]]
[INFO] [1747098486.485168]: ---------------------------------------------------
[INFO] [1747098486.488949]: Marker ID: 29
[INFO] [1747098486.496767]: Front of Robot in World Frame: x=3.485, y=0.200, phi=356.0°
[INFO] [1747098486.501233]: Covariance R(d=4.08): [[100.0, 0.0, 0.0], [0.0, 8936.148570862733, 0.0], [0.0, 0.0, 0.0012184696791468343]]
[INFO] [1747098486.504698]: ---------------------------------------------------
[INFO] [1747098486.508608]: Marker ID: 26
[INFO] [1747098486.512408]: Front of Robot in World Frame: x=3.974, y=0.462, phi=355.2°
[INFO] [1747098486.516176]: Covariance R(d=6.04): [[36372.686123238316, 0.0, 0.0], [0.0, 12077.641084669265, 0.0], [0.0, 0.0, 0.0012184696791468343]]
[INFO] [1747098486.519454]: ---------------------------------------------------
[INFO] [1747098488.476660]: --- Received ArUco Marker ---
[INFO] [1747098488.481309]: Marker ID: 28
[INFO] [1747098488.485343]: Front of Robot in World Frame: x=3.564, y=1.800, phi=306.5°
[INFO] [1747098488.489312]: Covariance R(d=2.14): [[100.0, 0.0, 0.0], [0.0, 100.0, 0.0], [0.0, 0.0, 0.0012184696791468343]]
[INFO] [1747098488.493101]: ---------------------------------------------------
[INFO] [1747098497.278064]: --- Received ArUco Marker ---
[INFO] [1747098497.282087]: Marker ID: 28
[INFO] [1747098497.286687]: Front of Robot in World Frame: x=-0.061, y=0.338, phi=357.5°
[INFO] [1747098497.291500]: Covariance R(d=5.59): [[32429.96904789746, 0.0, 0.0], [0.0, 11896.216652838386, 0.0], [0.0, 0.0, 0.0012184696791468343]]
[INFO] [1747098497.294976]: ---------------------------------------------------
[INFO] [1747098483.904320]: Kalman Gain:
[[6.92032954e-02 4.82402096e-09 2.35098365e-48]
 [5.39201732e-11 7.32050795e-01 1.47680207e-53]
 [3.20189020e-55 1.79943857e-58 9.99969540e-01]]
[INFO] [1747098484.084840]: Kalman Gain:
[[6.86834725e-02 1.20381278e-09 6.66922245e-53]
 [1.34691485e-11 7.32050807e-01 1.20531221e-58]
 [9.09224499e-60 1.46863640e-63 9.99969540e-01]]
[INFO] [1747098484.295053]: Kalman Gain:
[[6.80906370e-02 3.00597302e-10 1.89311572e-57]
 [3.35901867e-12 7.32050808e-01 9.83733089e-64]
 [2.57762204e-64 1.19864896e-68 9.99969540e-01]]
[INFO] [1747098484.521864]: Kalman Gain:
[[6.75792055e-02 7.51016503e-11 5.37671971e-62]
 [8.38258777e-13 7.32050808e-01 8.02888803e-69]
 [7.31241379e-69 9.78295677e-74 9.99969540e-01]]
[INFO] [1747098484.682401]: Kalman Gain:
[[ 6.71329726e-02 -1.25126617e-26 -5.01469519e-62]
 [ 2.60336763e-13  6.66666667e-01 -2.67571144e-69]
 [ 4.15009466e-73  1.25569382e-89  9.99939086e-01]]
[INFO] [1747098484.915180]: Kalman Gain:
[[ 6.68685950e-02 -3.18435206e-27 -1.42533067e-66]
 [ 6.63072167e-14  7.27272727e-01 -2.22276808e-74]
 [ 1.18054627e-77  1.04313522e-94  9.99969540e-01]]
[INFO] [1747098485.089401]: Kalman Gain:
[[ 6.64818137e-002 -7.97540394e-028 -4.05290756e-071]
 [ 1.65779703e-014  7.31707317e-001 -1.81647549e-079]
 [ 3.35098920e-082  8.52467287e-100  9.99969540e-001]]
[INFO] [1747098485.280047]: Kalman Gain:
[[ 6.63248470e-002 -1.99545030e-028 -1.15263229e-075]
 [ 4.15305616e-015  7.32026144e-001 -1.48268451e-084]
 [ 9.54213011e-087  6.95822443e-105  9.99969540e-001]]
[INFO] [1747098485.501259]: Kalman Gain:
[[ 6.61884913e-002 -4.99292980e-029 -3.27852341e-080]
 [ 1.04040085e-015  7.32049037e-001 -1.21012727e-089]
 [ 2.71738510e-091  5.67913299e-110  9.99969540e-001]]
[INFO] [1747098485.695725]: Kalman Gain:
[[ 6.58546289e-002 -1.24974839e-029 -9.32869813e-085]
 [ 2.59800045e-016  7.32050680e-001 -9.87667693e-095]
 [ 7.71374608e-096  4.63514134e-115  9.99969540e-001]]
[INFO] [1747098485.897567]: Kalman Gain:
[[ 6.57855591e-002 -3.12839533e-030 -2.65458050e-089]
 [ 6.51244314e-017  7.32050798e-001 -8.06103120e-100]
 [ 2.19809206e-100  3.78306439e-120  9.99969540e-001]]
[INFO] [1747098486.092490]: Kalman Gain:
[[ 6.56932502e-002 -7.83183571e-031 -7.55463820e-094]
 [ 1.63165033e-017  7.32050807e-001 -6.57916031e-105]
 [ 6.26044000e-105  3.08762445e-125  9.99969540e-001]]
[INFO] [1747098486.281658]: Kalman Gain:
[[ 6.54792664e-002 -1.96112358e-031 -2.15045766e-098]
 [ 4.07983432e-018  7.32050808e-001 -5.36970524e-110]
 [ 1.77949234e-109  2.52002708e-130  9.99969540e-001]]
[INFO] [1747098486.528408]: Kalman Gain:
[[ 6.54791622e-002 -4.91073393e-032 -6.12136350e-103]
 [ 1.02334889e-018  7.32050808e-001 -4.38258672e-115]
 [ 5.07403142e-114  2.05677102e-135  9.99969540e-001]]
[INFO] [1747098486.703205]: Kalman Gain:
[[6.51133239e-002 7.95859264e-048 5.72156110e-103]
 [3.17459983e-019 6.66666667e-001 1.46054885e-115]
 [2.87645953e-118 4.13398580e-151 9.99939086e-001]]
[INFO] [1747098486.885479]: Kalman Gain:
[[6.51070160e-002 2.02920884e-048 1.62931376e-107]
 [8.10150469e-020 7.27272727e-001 1.21331184e-120]
 [8.19850530e-123 3.43420198e-156 9.99969540e-001]]
[INFO] [1747098487.102419]: Kalman Gain:
[[6.49451288e-002 5.09064335e-049 4.64055694e-112]
 [2.02887836e-020 7.31707317e-001 9.91537414e-126]
 [2.33101173e-127 2.80648643e-161 9.99969540e-001]]
[INFO] [1747098487.285110]: Kalman Gain:
[[6.50919004e-002 1.27536361e-049 1.32150044e-116]
 [5.09883057e-021 7.32026144e-001 8.09337064e-131]
 [6.65878340e-132 2.29078145e-166 9.99969540e-001]]
[INFO] [1747098487.498781]: Kalman Gain:
[[6.49961089e-002 3.19523468e-050 3.76364814e-121]
 [1.27645088e-021 7.32049037e-001 6.60560649e-136]
 [1.89496579e-136 1.86967992e-171 9.99969540e-001]]
[INFO] [1747098487.686422]: Kalman Gain:
[[6.48615684e-002 8.00629015e-051 1.07204547e-125]
 [3.19341278e-022 7.32050680e-001 5.39129810e-141]
 [5.38924532e-141 1.52597777e-176 9.99969540e-001]]
[INFO] [1747098487.918142]: Kalman Gain:
[[6.49181074e-002 2.00601160e-051 3.05345227e-130]
 [8.01253281e-023 7.32050798e-001 4.40021441e-146]
 [1.53715808e-145 1.24545763e-181 9.99969540e-001]]

[ARUCO DETECTOR] Camera properties upon initialisation:
CV_CAP_PROP_FRAME_HEIGHT : '480.0'
CV_CAP_PROP_FRAME_WIDTH :  '640.0'
CAP_PROP_FPS :             '30.0'
CAP_PROP_FOCUS :           '0.0'
CAP_PROP_AUTOFOCUS :       '0.0'
CAP_PROP_BRIGHTNESS :      '128.0'
CAP_PROP_CONTRAST :        '128.0'
CAP_PROP_SATURATION :      '128.0'
CAP_PROP_BUFFERSIZE :      '4.0'

[ARUCO DETECTOR] Camera properties upon initialisation:
CV_CAP_PROP_FRAME_HEIGHT : '1080.0'
CV_CAP_PROP_FRAME_WIDTH :  '1920.0'
CAP_PROP_FPS :             '5.0'
CAP_PROP_FOCUS :           '0.0'
CAP_PROP_AUTOFOCUS :       '0.0'
CAP_PROP_BRIGHTNESS :      '128.0'
CAP_PROP_CONTRAST :        '128.0'
CAP_PROP_SATURATION :      '128.0'
CAP_PROP_BUFFERSIZE :      '1.0'
[INFO] [1747098462.088272]: [ARUCO DETECTOR] As a double check of the camera properties set, a frame captured just now has dimensions = (1080, 1920, 3)
[INFO] [1747098462.094082]: [ARUCO DETECTOR] publish request from command line to save a single camera image using: rostopic pub --once /asc/request_save_image std_msgs/UInt32 1
[INFO] [1747098462.100601]: [ARUCO DETECTOR] Node initialisation complete
... logging to /home/asc/.ros/log/a87a34a0-2f96-11f0-9dfd-d8c0a650f677/roslaunch-asc12-jetson-14997.log
Checking log directory for disk usage. This may take a while.
Press Ctrl-C to interrupt
Done checking log file disk usage. Usage is <1GB.
]2;/home/asc/ASClinic/catkin_ws/src/asclinic_pkg/launch/positioning.launch
[1mstarted roslaunch server http://asc12-jetson:40363/[0m

SUMMARY
========

PARAMETERS
 * /asc/aruco_detector/aruco_detector_desired_camera_fps: 5
 * /asc/aruco_detector/aruco_detector_desired_camera_frame_height: 1080
 * /asc/aruco_detector/aruco_detector_desired_camera_frame_width: 1920
 * /asc/aruco_detector/aruco_detector_marker_size: 0.25
 * /asc/aruco_detector/aruco_detector_save_image_path: /home/asc/saved_c...
 * /asc/aruco_detector/aruco_detector_should_publish_camera_images: False
 * /asc/aruco_detector/aruco_detector_should_save_all_aruco_images: False
 * /asc/aruco_detector/aruco_detector_should_show_camera_images: False
 * /asc/aruco_detector/aruco_detector_usb_camera_device_number: 0
 * /asc/aruco_detector/aruco_detector_verbosity: 1
 * /asc/encoder_read_multi_threaded/delta_t_for_publishing_encoder_counts: 0.1
 * /asc/encoder_read_multi_threaded/encoder_events_to_monitor: rising
 * /asc/encoder_read_multi_threaded/encoder_read_verbosity: 1
 * /asc/encoder_read_multi_threaded/gpio_chip_number_for_encoder_lines: 1
 * /asc/encoder_read_multi_threaded/line_number_for_left_side_encoder_channel_a: 105
 * /asc/encoder_read_multi_threaded/line_number_for_left_side_encoder_channel_b: 106
 * /asc/encoder_read_multi_threaded/line_number_for_right_side_encoder_channel_a: 84
 * /asc/encoder_read_multi_threaded/line_number_for_right_side_encoder_channel_b: 130
 * /asc/encoder_read_multi_threaded/should_monitor_left_side_encoder_channel_a: True
 * /asc/encoder_read_multi_threaded/should_monitor_left_side_encoder_channel_b: False
 * /asc/encoder_read_multi_threaded/should_monitor_right_side_encoder_channel_a: True
 * /asc/encoder_read_multi_threaded/should_monitor_right_side_encoder_channel_b: False
 * /asc/i2c_for_motors/motor_driver_current_limit_in_milliamps: 5000
 * /asc/i2c_for_motors/motor_driver_left_side_multiplier: 1
 * /asc/i2c_for_motors/motor_driver_max_accel_limit_in_percent_per_millisecond: 0.04
 * /asc/i2c_for_motors/motor_driver_max_decel_limit_in_percent_per_millisecond: 0.16
 * /asc/i2c_for_motors/motor_driver_max_duty_cycle_limit_in_percent: 100.0
 * /asc/i2c_for_motors/motor_driver_right_side_multiplier: 1
 * /asc/i2c_for_motors/motor_driver_verbosity: 1
 * /rosdistro: noetic
 * /rosversion: 1.17.0

NODES
  /
    aruco_positioning (asclinic_pkg/aruco_positioning.py)
    kf_fusion_node (asclinic_pkg/KF.py)
    odomdelta (asclinic_pkg/odomdelta)
  /asc/
    aruco_detector (asclinic_pkg/aruco_detector.py)
    encoder_read_multi_threaded (asclinic_pkg/encoder_read_multi_threaded)
    i2c_for_motors (asclinic_pkg/i2c_for_motors)

auto-starting new master
[1mprocess[master]: started with pid [15027][0m
[1mROS_MASTER_URI=http://localhost:11311[0m
]2;/home/asc/ASClinic/catkin_ws/src/asclinic_pkg/launch/positioning.launch http://localhost:11311
[1msetting /run_id to a87a34a0-2f96-11f0-9dfd-d8c0a650f677[0m
[1mprocess[rosout-1]: started with pid [15064][0m
started core service [/rosout]
[1mprocess[asc/i2c_for_motors-2]: started with pid [15072][0m
[1mprocess[asc/encoder_read_multi_threaded-3]: started with pid [15073][0m
[1mprocess[odomdelta-4]: started with pid [15079][0m
[1mprocess[asc/aruco_detector-5]: started with pid [15085][0m
[1mprocess[aruco_positioning-6]: started with pid [15088][0m
[1mprocess[kf_fusion_node-7]: started with pid [15095][0m
[kf_fusion_node-7] killing on exit
[aruco_positioning-6] killing on exit
[asc/aruco_detector-5] killing on exit
[odomdelta-4] killing on exit
[asc/encoder_read_multi_threaded-3] killing on exit
[asc/i2c_for_motors-2] killing on exit
[rosout-1] killing on exit
[master] killing on exit
shutting down processing monitor...
... shutting down processing monitor complete
[1mdone[0m
