[INFO] [1747098529.657767]: Kalman Gain:
[[0.02924063 0.         0.        ]
 [0.         0.05151445 0.        ]
 [0.         0.         0.99999662]]
[INFO] [1747098530.070642]: Kalman Gain:
[[0.03463257 0.         0.        ]
 [0.         0.05956477 0.        ]
 [0.         0.         0.99997969]]
[INFO] [1747098530.196590]: Kalman Gain:
[[0.03653238 0.         0.        ]
 [0.         0.06137345 0.        ]
 [0.         0.         0.99993909]]
[INFO] [1747098530.431536]: Kalman Gain:
[[0.03835608 0.         0.        ]
 [0.         0.06320244 0.        ]
 [0.         0.         0.99996954]]
[INFO] [1747098530.585639]: Kalman Gain:
[[0.04002203 0.         0.        ]
 [0.         0.06466272 0.        ]
 [0.         0.         0.99996954]]
[INFO] [1747098530.785545]: Kalman Gain:
[[0.0415837  0.         0.        ]
 [0.         0.06616689 0.        ]
 [0.         0.         0.99996954]]
[INFO] [1747098531.004172]: Kalman Gain:
[[0.04299941 0.         0.        ]
 [0.         0.06734676 0.        ]
 [0.         0.         0.99996954]]
[INFO] [1747098531.176584]: Kalman Gain:
[[0.04428637 0.         0.        ]
 [0.         0.06831217 0.        ]
 [0.         0.         0.99996954]]
[INFO] [1747098531.389931]: Kalman Gain:
[[0.04545863 0.         0.        ]
 [0.         0.06913571 0.        ]
 [0.         0.         0.99996954]]
[INFO] [1747098531.563507]: Kalman Gain:
[[0.04652988 0.         0.        ]
 [0.         0.06988112 0.        ]
 [0.         0.         0.99996954]]
[INFO] [1747098531.783097]: Kalman Gain:
[[0.04751317 0.         0.        ]
 [0.         0.07060247 0.        ]
 [0.         0.         0.99996954]]
[INFO] [1747098531.971386]: Kalman Gain:
[[0.04840172 0.         0.        ]
 [0.         0.07120549 0.        ]
 [0.         0.         0.99996954]]
[INFO] [1747098532.181098]: Kalman Gain:
[[0.04918968 0.         0.        ]
 [0.         0.0716098  0.        ]
 [0.         0.         0.99996954]]
[INFO] [1747098532.579033]: Kalman Gain:
[[0.05292735 0.         0.        ]
 [0.         0.07722776 0.        ]
 [0.         0.         0.99998477]]
[INFO] [1747098532.761691]: Kalman Gain:
[[0.05328813 0.         0.        ]
 [0.         0.07694779 0.        ]
 [0.         0.         0.99996954]]
[INFO] [1747098532.982545]: Kalman Gain:
[[0.05359308 0.         0.        ]
 [0.         0.07658001 0.        ]
 [0.         0.         0.99996954]]
[INFO] [1747098533.167374]: Kalman Gain:
[[0.05386646 0.         0.        ]
 [0.         0.07626815 0.        ]
 [0.         0.         0.99996954]]
[INFO] [1747098533.399984]: Kalman Gain:
[[0.05411416 0.         0.        ]
 [0.         0.07602296 0.        ]
 [0.         0.         0.99996954]]
[INFO] [1747098533.567646]: Kalman Gain:
[[0.05433736 0.         0.        ]
 [0.         0.07582491 0.        ]
 [0.         0.         0.99996954]]
[INFO] [1747098533.777479]: Kalman Gain:
[[0.05453625 0.         0.        ]
 [0.         0.07565096 0.        ]
 [0.         0.         0.99996954]]
[INFO] [1747098533.965770]: Kalman Gain:
[[0.054706   0.         0.        ]
 [0.         0.07544682 0.        ]
 [0.         0.         0.99996954]]
[INFO] [1747098534.183847]: Kalman Gain:
[[0.05489036 0.         0.        ]
 [0.         0.07549621 0.        ]
 [0.         0.         0.99996954]]
[INFO] [1747098534.361526]: Kalman Gain:
[[0.05503003 0.         0.        ]
 [0.         0.0753699  0.        ]
 [0.         0.         0.99996954]]
[INFO] [1747098534.599816]: Kalman Gain:
[[0.05363343 0.         0.        ]
 [0.         0.0725044  0.        ]
 [0.         0.         0.99993908]]
[INFO] [1747098534.762878]: Kalman Gain:
[[0.05534728 0.         0.        ]
 [0.         0.07537426 0.        ]
 [0.         0.         0.99996954]]
[INFO] [1747098535.103227]: Kalman Gain:
[[0.05702768 0.         0.        ]
 [0.         0.07811751 0.        ]
 [0.         0.         1.49993908]]
[INFO] [1747098535.195969]: Kalman Gain:
[[0.05535108 0.         0.        ]
 [0.         0.07477705 0.        ]
 [0.         0.         1.0001219 ]]
[INFO] [1747098535.381365]: Kalman Gain:
[[0.05543785 0.         0.        ]
 [0.         0.07473115 0.        ]
 [0.         0.         0.99996954]]
[INFO] [1747098535.564553]: Kalman Gain:
[[0.05549989 0.         0.        ]
 [0.         0.07458698 0.        ]
 [0.         0.         0.99996954]]
[INFO] [1747098535.767019]: Kalman Gain:
[[0.05557547 0.         0.        ]
 [0.         0.0745982  0.        ]
 [0.         0.         0.99996954]]
[INFO] [1747098535.976659]: Kalman Gain:
[[0.05565073 0.         0.        ]
 [0.         0.0746611  0.        ]
 [0.         0.         0.99996954]]
[INFO] [1747098536.169710]: Kalman Gain:
[[0.05571742 0.         0.        ]
 [0.         0.07471282 0.        ]
 [0.         0.         0.99996954]]
[INFO] [1747098536.362493]: Kalman Gain:
[[0.05576964 0.         0.        ]
 [0.         0.07470934 0.        ]
 [0.         0.         0.99996954]]
[INFO] [1747098536.579979]: Kalman Gain:
[[0.05581893 0.         0.        ]
 [0.         0.07472467 0.        ]
 [0.         0.         0.99996954]]
[INFO] [1747098536.761876]: Kalman Gain:
[[0.05583631 0.         0.        ]
 [0.         0.0745595  0.        ]
 [0.         0.         0.99996954]]
[INFO] [1747098536.961875]: Kalman Gain:
[[0.05590079 0.         0.        ]
 [0.         0.07474473 0.        ]
 [0.         0.         0.99996954]]
[INFO] [1747098537.163830]: Kalman Gain:
[[0.0559219  0.         0.        ]
 [0.         0.07466266 0.        ]
 [0.         0.         0.99996954]]
[INFO] [1747098537.395610]: Kalman Gain:
[[0.05594165 0.         0.        ]
 [0.         0.07459679 0.        ]
 [0.         0.         0.99996954]]
[INFO] [1747098537.562364]: Kalman Gain:
[[0.05598421 0.         0.        ]
 [0.         0.07470684 0.        ]
 [0.         0.         0.99996954]]
[INFO] [1747098537.778570]: Kalman Gain:
[[0.05600953 0.         0.        ]
 [0.         0.07471829 0.        ]
 [0.         0.         0.99996954]]
[INFO] [1747098537.960351]: Kalman Gain:
[[0.05602915 0.         0.        ]
 [0.         0.07470882 0.        ]
 [0.         0.         0.99996954]]
[INFO] [1747098538.168405]: Kalman Gain:
[[0.05600911 0.         0.        ]
 [0.         0.07444733 0.        ]
 [0.         0.         0.99996954]]
[INFO] [1747098538.375769]: Kalman Gain:
[[0.05606694 0.         0.        ]
 [0.         0.07472925 0.        ]
 [0.         0.         0.99996954]]
[INFO] [1747098538.561398]: Kalman Gain:
[[0.05458237 0.         0.        ]
 [0.         0.07209784 0.        ]
 [0.         0.         0.99993908]]
[INFO] [1747098538.773439]: Kalman Gain:
[[0.05616501 0.         0.        ]
 [0.         0.0748467  0.        ]
 [0.         0.         0.99996954]]
[INFO] [1747098538.971802]: Kalman Gain:
[[0.05614395 0.         0.        ]
 [0.         0.07465785 0.        ]
 [0.         0.         0.99996954]]
[INFO] [1747098539.160127]: Kalman Gain:
[[0.05466958 0.         0.        ]
 [0.         0.07215727 0.        ]
 [0.         0.         0.99993908]]
[INFO] [1747098539.393554]: Kalman Gain:
[[0.05624348 0.         0.        ]
 [0.         0.07490136 0.        ]
 [0.         0.         0.99996954]]
[INFO] [1747098539.566350]: Kalman Gain:
[[0.05623277 0.         0.        ]
 [0.         0.07483096 0.        ]
 [0.         0.         0.99996954]]
[INFO] [1747098539.773305]: Kalman Gain:
[[0.05619821 0.         0.        ]
 [0.         0.07459885 0.        ]
 [0.         0.         0.99996954]]
[INFO] [1747098540.099489]: Kalman Gain:
[[0.05626926 0.         0.        ]
 [0.         0.07508374 0.        ]
 [0.         0.         0.99996954]]
[INFO] [1747098540.192791]: Kalman Gain:
[[0.05614478 0.         0.        ]
 [0.         0.07461977 0.        ]
 [0.         0.         0.99993909]]
[INFO] [1747098540.361207]: Kalman Gain:
[[0.05614521 0.         0.        ]
 [0.         0.07459328 0.        ]
 [0.         0.         0.99996954]]
[INFO] [1747098540.585302]: Kalman Gain:
[[0.05618096 0.         0.        ]
 [0.         0.0748051  0.        ]
 [0.         0.         0.99996954]]
[INFO] [1747098531.365120]: --- Received ArUco Marker ---
[INFO] [1747098531.369650]: Marker ID: 28
[INFO] [1747098531.373959]: Front of Robot in World Frame: x=-0.123, y=0.134, phi=359.2°
[INFO] [1747098531.378803]: Covariance R(d=5.68): [[33192.84084962765, 0.0, 0.0], [0.0, 11955.58972027311, 0.0], [0.0, 0.0, 0.0012184696791468343]]
[INFO] [1747098531.383134]: ---------------------------------------------------
[INFO] [1747098531.387845]: Marker ID: 26
[INFO] [1747098531.399857]: Front of Robot in World Frame: x=0.187, y=-0.177, phi=1.8°
[INFO] [1747098531.405257]: Covariance R(d=9.81): [[60545.585408652616, 0.0, 0.0], [0.0, 984.1434787028203, 0.0], [0.0, 0.0, 0.0012184696791468343]]
[INFO] [1747098531.408948]: ---------------------------------------------------
[INFO] [1747098533.377420]: --- Received ArUco Marker ---
[INFO] [1747098533.383022]: Marker ID: 28
[INFO] [1747098533.386892]: Front of Robot in World Frame: x=-0.128, y=0.168, phi=358.8°
[INFO] [1747098533.390616]: Covariance R(d=5.68): [[33194.92535064205, 0.0, 0.0], [0.0, 11955.736704410205, 0.0], [0.0, 0.0, 0.0012184696791468343]]
[INFO] [1747098533.393867]: ---------------------------------------------------
[INFO] [1747098533.397572]: Marker ID: 26
[INFO] [1747098533.405650]: Front of Robot in World Frame: x=0.129, y=0.623, phi=357.1°
[INFO] [1747098533.410804]: Covariance R(d=9.89): [[60874.33687579907, 0.0, 0.0], [0.0, 531.7776370406674, 0.0], [0.0, 0.0, 0.0012184696791468343]]
[INFO] [1747098533.415056]: ---------------------------------------------------
[INFO] [1747098535.359374]: --- Received ArUco Marker ---
[INFO] [1747098535.363570]: Marker ID: 28
[INFO] [1747098535.367612]: Front of Robot in World Frame: x=-0.127, y=0.165, phi=358.8°
[INFO] [1747098535.372007]: Covariance R(d=5.67): [[33185.64559750529, 0.0, 0.0], [0.0, 11955.08171727204, 0.0], [0.0, 0.0, 0.0012184696791468343]]
[INFO] [1747098535.375457]: ---------------------------------------------------
[INFO] [1747098535.381843]: Marker ID: 26
[INFO] [1747098535.391146]: Front of Robot in World Frame: x=0.129, y=-0.017, phi=0.8°
[INFO] [1747098535.395894]: Covariance R(d=9.87): [[60789.93766706975, 0.0, 0.0], [0.0, 649.5864968180942, 0.0], [0.0, 0.0, 0.0012184696791468343]]
[INFO] [1747098535.400180]: ---------------------------------------------------
[INFO] [1747098537.372199]: --- Received ArUco Marker ---
[INFO] [1747098537.377164]: Marker ID: 28
[INFO] [1747098537.380900]: Front of Robot in World Frame: x=-0.141, y=0.232, phi=358.2°
[INFO] [1747098537.384603]: Covariance R(d=5.68): [[33237.61895936162, 0.0, 0.0], [0.0, 11958.728667702311, 0.0], [0.0, 0.0, 0.0012184696791468343]]
[INFO] [1747098537.388093]: ---------------------------------------------------
[INFO] [1747098537.391822]: Marker ID: 29
[INFO] [1747098537.400479]: Front of Robot in World Frame: x=0.351, y=-2.332, phi=18.1°
[INFO] [1747098537.405145]: Covariance R(d=7.85): [[49828.555128442604, 0.0, 0.0], [0.0, 9580.800594505696, 0.0], [0.0, 0.0, 0.0012184696791468343]]
[INFO] [1747098537.408732]: ---------------------------------------------------
[INFO] [1747098537.414398]: Marker ID: 26
[INFO] [1747098537.420524]: Front of Robot in World Frame: x=0.146, y=-0.212, phi=1.9°
[INFO] [1747098537.425354]: Covariance R(d=9.86): [[60725.54576003383, 0.0, 0.0], [0.0, 738.6821973082019, 0.0], [0.0, 0.0, 0.0012184696791468343]]
[INFO] [1747098537.429058]: ---------------------------------------------------
[INFO] [1747098539.372060]: --- Received ArUco Marker ---
[INFO] [1747098539.376545]: Marker ID: 28
[INFO] [1747098539.380131]: Front of Robot in World Frame: x=-0.129, y=0.142, phi=359.0°
[INFO] [1747098539.383606]: Covariance R(d=5.68): [[33234.491490391556, 0.0, 0.0], [0.0, 11958.510692223426, 0.0], [0.0, 0.0, 0.0012184696791468343]]
[INFO] [1747098539.386518]: ---------------------------------------------------
[INFO] [1747098539.391023]: Marker ID: 29
[INFO] [1747098539.396344]: Front of Robot in World Frame: x=0.427, y=4.244, phi=328.5°
[INFO] [1747098539.401551]: Covariance R(d=7.82): [[49681.51509648149, 0.0, 0.0], [0.0, 9643.861802878322, 0.0], [0.0, 0.0, 0.0012184696791468343]]
[INFO] [1747098539.405391]: ---------------------------------------------------
[INFO] [1747098539.411377]: Marker ID: 26
[INFO] [1747098539.417511]: Front of Robot in World Frame: x=0.243, y=0.050, phi=0.4°
[INFO] [1747098539.422151]: Covariance R(d=9.76): [[60291.97828822379, 0.0, 0.0], [0.0, 1321.4468592081114, 0.0], [0.0, 0.0, 0.0012184696791468343]]
[INFO] [1747098539.425637]: ---------------------------------------------------
[INFO] [1747098541.367985]: --- Received ArUco Marker ---
[INFO] [1747098541.372190]: Marker ID: 28
[INFO] [1747098541.375829]: Front of Robot in World Frame: x=-0.117, y=0.094, phi=359.5°
[INFO] [1747098541.379461]: Covariance R(d=5.67): [[33185.47374960406, 0.0, 0.0], [0.0, 11955.069572144206, 0.0], [0.0, 0.0, 0.0012184696791468343]]
[INFO] [1747098541.382718]: ---------------------------------------------------
[INFO] [1747098541.386141]: Marker ID: 29
[INFO] [1747098541.392374]: Front of Robot in World Frame: x=0.396, y=4.197, phi=328.9°
[INFO] [1747098541.397138]: Covariance R(d=7.83): [[49732.41937941477, 0.0, 0.0], [0.0, 9622.148161220686, 0.0], [0.0, 0.0, 0.0012184696791468343]]
[INFO] [1747098541.401050]: ---------------------------------------------------
[INFO] [1747098541.407480]: Marker ID: 37
[INFO] [1747098541.416991]: Marker ID: 26
[INFO] [1747098541.421436]: Front of Robot in World Frame: x=0.226, y=-0.545, phi=3.9°
[INFO] [1747098541.425392]: Covariance R(d=9.79): [[60433.56660314784, 0.0, 0.0], [0.0, 1134.3530671208691, 0.0], [0.0, 0.0, 0.0012184696791468343]]
[INFO] [1747098541.428819]: ---------------------------------------------------
[INFO] [1747098543.367004]: --- Received ArUco Marker ---
[INFO] [1747098543.371664]: Marker ID: 28
[INFO] [1747098543.375558]: Front of Robot in World Frame: x=-0.138, y=0.225, phi=358.2°
[INFO] [1747098543.379254]: Covariance R(d=5.68): [[33217.266436459984, 0.0, 0.0], [0.0, 11957.306763313129, 0.0], [0.0, 0.0, 0.0012184696791468343]]
[INFO] [1747098543.382773]: ---------------------------------------------------
[INFO] [1747098543.386673]: Marker ID: 29
[INFO] [1747098543.390106]: Front of Robot in World Frame: x=0.357, y=4.165, phi=329.3°
[INFO] [1747098543.395924]: Covariance R(d=7.85): [[49877.72533549569, 0.0, 0.0], [0.0, 9559.479963495494, 0.0], [0.0, 0.0, 0.0012184696791468343]]
[INFO] [1747098543.400619]: ---------------------------------------------------
[INFO] [1747098543.404902]: Marker ID: 26
[INFO] [1747098543.408846]: Front of Robot in World Frame: x=0.198, y=-0.328, phi=2.6°
[INFO] [1747098543.414432]: Covariance R(d=9.81): [[60515.408002247925, 0.0, 0.0], [0.0, 1024.8019560682442, 0.0], [0.0, 0.0, 0.0012184696791468343]]
[INFO] [1747098543.418448]: ---------------------------------------------------
[INFO] [1747098545.354613]: --- Received ArUco Marker ---
[INFO] [1747098545.359033]: Marker ID: 28
[INFO] [1747098545.362704]: Front of Robot in World Frame: x=-0.128, y=0.188, phi=358.6°
[INFO] [1747098545.366717]: Covariance R(d=5.67): [[33171.479586810456, 0.0, 0.0], [0.0, 11954.078638124165, 0.0], [0.0, 0.0, 0.0012184696791468343]]
[INFO] [1747098545.370266]: ---------------------------------------------------
[INFO] [1747098545.375071]: Marker ID: 26
[INFO] [1747098545.380224]: Front of Robot in World Frame: x=0.125, y=0.592, phi=357.3°
[INFO] [1747098545.385212]: Covariance R(d=9.89): [[60883.2896165081, 0.0, 0.0], [0.0, 519.2117509044136, 0.0], [0.0, 0.0, 0.0012184696791468343]]
[INFO] [1747098545.389307]: ---------------------------------------------------
[INFO] [1747098547.373311]: --- Received ArUco Marker ---
[INFO] [1747098547.377562]: Marker ID: 28
[INFO] [1747098547.381378]: Front of Robot in World Frame: x=-0.130, y=0.147, phi=359.0°
[INFO] [1747098547.385165]: Covariance R(d=5.68): [[33241.20023757596, 0.0, 0.0], [0.0, 11958.978039766796, 0.0], [0.0, 0.0, 0.0012184696791468343]]
[INFO] [1747098547.388501]: ---------------------------------------------------
[INFO] [1747098547.391957]: Marker ID: 29
[INFO] [1747098540.768675]: Kalman Gain:
[[0.05617894 0.         0.        ]
 [0.         0.07476572 0.        ]
 [0.         0.         0.99996954]]
[INFO] [1747098540.973956]: Kalman Gain:
[[0.0561495  0.         0.        ]
 [0.         0.07454715 0.        ]
 [0.         0.         0.99996954]]
[INFO] [1747098541.161981]: Kalman Gain:
[[0.05614561 0.         0.        ]
 [0.         0.07450401 0.        ]
 [0.         0.         0.99996954]]
[INFO] [1747098541.388465]: Kalman Gain:
[[0.05617589 0.         0.        ]
 [0.         0.0746928  0.        ]
 [0.         0.         0.99996954]]
[INFO] [1747098541.560220]: Kalman Gain:
[[0.05467125 0.         0.        ]
 [0.         0.07200983 0.        ]
 [0.         0.         0.99993908]]
[INFO] [1747098541.772227]: Kalman Gain:
[[0.05626562 0.         0.        ]
 [0.         0.07491349 0.        ]
 [0.         0.         0.99996954]]
[INFO] [1747098541.967452]: Kalman Gain:
[[0.05622758 0.         0.        ]
 [0.         0.07467742 0.        ]
 [0.         0.         0.99996954]]
[INFO] [1747098542.165095]: Kalman Gain:
[[0.05623087 0.         0.        ]
 [0.         0.07472084 0.        ]
 [0.         0.         0.99996954]]
[INFO] [1747098542.360689]: Kalman Gain:
[[0.05625564 0.         0.        ]
 [0.         0.07490371 0.        ]
 [0.         0.         0.99996954]]
[INFO] [1747098542.577127]: Kalman Gain:
[[0.05623242 0.         0.        ]
 [0.         0.074763   0.        ]
 [0.         0.         0.99996954]]
[INFO] [1747098542.760783]: Kalman Gain:
[[0.05623081 0.         0.        ]
 [0.         0.07476693 0.        ]
 [0.         0.         0.99996954]]
[INFO] [1747098542.973909]: Kalman Gain:
[[0.05619732 0.         0.        ]
 [0.         0.07455517 0.        ]
 [0.         0.         0.99996954]]
[INFO] [1747098543.166367]: Kalman Gain:
[[0.05621522 0.         0.        ]
 [0.         0.07469172 0.        ]
 [0.         0.         0.99996954]]
[INFO] [1747098543.390630]: Kalman Gain:
[[0.05621328 0.         0.        ]
 [0.         0.07469036 0.        ]
 [0.         0.         0.99996954]]
[INFO] [1747098543.561645]: Kalman Gain:
[[0.05473178 0.         0.        ]
 [0.         0.07218668 0.        ]
 [0.         0.         0.99993908]]
[INFO] [1747098543.777173]: Kalman Gain:
[[0.05628084 0.         0.        ]
 [0.         0.07480992 0.        ]
 [0.         0.         0.99996954]]
[INFO] [1747098543.975824]: Kalman Gain:
[[0.05626672 0.         0.        ]
 [0.         0.07475726 0.        ]
 [0.         0.         0.99996954]]
[INFO] [1747098544.173950]: Kalman Gain:
[[0.05626336 0.         0.        ]
 [0.         0.07477369 0.        ]
 [0.         0.         0.99996954]]
[INFO] [1747098544.375345]: Kalman Gain:
[[0.05626383 0.         0.        ]
 [0.         0.07481148 0.        ]
 [0.         0.         0.99996954]]
[INFO] [1747098544.571032]: Kalman Gain:
[[0.05626783 0.         0.        ]
 [0.         0.07486831 0.        ]
 [0.         0.         0.99996954]]
[INFO] [1747098544.777065]: Kalman Gain:
[[0.05625657 0.         0.        ]
 [0.         0.07481992 0.        ]
 [0.         0.         0.99996954]]
[INFO] [1747098545.100685]: Kalman Gain:
[[0.05621122 0.         0.        ]
 [0.         0.07454021 0.        ]
 [0.         0.         0.99996954]]
[INFO] [1747098545.181066]: Kalman Gain:
[[0.05614136 0.         0.        ]
 [0.         0.07446983 0.        ]
 [0.         0.         0.99993909]]
[INFO] [1747098545.377309]: Kalman Gain:
[[0.05616869 0.         0.        ]
 [0.         0.07464091 0.        ]
 [0.         0.         0.99996954]]
[INFO] [1747098545.567484]: Kalman Gain:
[[0.05614633 0.         0.        ]
 [0.         0.07447825 0.        ]
 [0.         0.         0.99996954]]
[INFO] [1747098545.777443]: Kalman Gain:
[[0.05615434 0.         0.        ]
 [0.         0.07452271 0.        ]
 [0.         0.         0.99996954]]
[INFO] [1747098545.969152]: Kalman Gain:
[[0.05616928 0.         0.        ]
 [0.         0.07461334 0.        ]
 [0.         0.         0.99996954]]
[INFO] [1747098546.177601]: Kalman Gain:
[[0.05617912 0.         0.        ]
 [0.         0.07466881 0.        ]
 [0.         0.         0.99996954]]
[INFO] [1747098546.374861]: Kalman Gain:
[[0.05615434 0.         0.        ]
 [0.         0.07449279 0.        ]
 [0.         0.         0.99996954]]
[INFO] [1747098546.578820]: Kalman Gain:
[[0.05618353 0.         0.        ]
 [0.         0.07468228 0.        ]
 [0.         0.         0.99996954]]
[INFO] [1747098546.760854]: Kalman Gain:
[[0.0561608  0.         0.        ]
 [0.         0.07452143 0.        ]
 [0.         0.         0.99996954]]
[INFO] [1747098546.961098]: Kalman Gain:
[[0.05616025 0.         0.        ]
 [0.         0.07451226 0.        ]
 [0.         0.         0.99996954]]
[INFO] [1747098547.157650]: Kalman Gain:
[[0.05467755 0.         0.        ]
 [0.         0.07198774 0.        ]
 [0.         0.         0.99993908]]
[INFO] [1747098547.394402]: Kalman Gain:
[[0.05625167 0.         0.        ]
 [0.         0.07476355 0.        ]
 [0.         0.         0.99996954]]
[INFO] [1747098547.562310]: Kalman Gain:
[[0.05625196 0.         0.        ]
 [0.         0.07479277 0.        ]
 [0.         0.         0.99996954]]
[INFO] [1747098547.776615]: Kalman Gain:
[[0.05621443 0.         0.        ]
 [0.         0.07456311 0.        ]
 [0.         0.         0.99996954]]
[INFO] [1747098547.959454]: Kalman Gain:
[[0.05474052 0.         0.        ]
 [0.         0.072129   0.        ]
 [0.         0.         0.99993908]]
[INFO] [1747098548.173003]: Kalman Gain:
[[0.05629933 0.         0.        ]
 [0.         0.07482788 0.        ]
 [0.         0.         0.99996954]]
[INFO] [1747098548.371968]: Kalman Gain:
[[0.0562802  0.         0.        ]
 [0.         0.07475097 0.        ]
 [0.         0.         0.99996954]]
[INFO] [1747098548.588347]: Kalman Gain:
[[0.05624707 0.         0.        ]
 [0.         0.07457332 0.        ]
 [0.         0.         0.99996954]]
[INFO] [1747098548.760145]: Kalman Gain:
[[0.05477529 0.         0.        ]
 [0.         0.07217631 0.        ]
 [0.         0.         0.99993908]]
[INFO] [1747098548.971064]: Kalman Gain:
[[0.05634881 0.         0.        ]
 [0.         0.07499237 0.        ]
 [0.         0.         0.99996954]]
[INFO] [1747098549.181135]: Kalman Gain:
[[0.0563329  0.         0.        ]
 [0.         0.0749518  0.        ]
 [0.         0.         0.99996954]]
[INFO] [1747098549.373239]: Kalman Gain:
[[0.05632028 0.         0.        ]
 [0.         0.0749276  0.        ]
 [0.         0.         0.99996954]]
[INFO] [1747098549.567731]: Kalman Gain:
[[0.05633495 0.         0.        ]
 [0.         0.07507853 0.        ]
 [0.         0.         0.99996954]]
[INFO] [1747098549.756830]: Kalman Gain:
[[0.05478483 0.         0.        ]
 [0.         0.07215486 0.        ]
 [0.         0.         0.99993908]]
[INFO] [1747098550.102832]: Kalman Gain:
[[0.05787246 0.         0.        ]
 [0.         0.07773093 0.        ]
 [0.         0.         0.99997969]]
[INFO] [1747098550.196018]: Kalman Gain:
[[0.05618437 0.         0.        ]
 [0.         0.07461618 0.        ]
 [0.         0.         0.99993908]]
[INFO] [1747098550.355194]: Kalman Gain:
[[0.05467387 0.         0.        ]
 [0.         0.07191094 0.        ]
 [0.         0.         0.99993908]]
[INFO] [1747098550.574511]: Kalman Gain:
[[0.05625076 0.         0.        ]
 [0.         0.07471377 0.        ]
 [0.         0.         0.99996954]]
[INFO] [1747098550.766570]: Kalman Gain:
[[0.05627571 0.         0.        ]
 [0.         0.07491302 0.        ]
 [0.         0.         0.99996954]]
[INFO] [1747098550.962657]: Kalman Gain:
[[ 5.62352139e-02 -7.92625154e-06 -8.86605007e-03]
 [-2.20299571e-05  7.53328273e-02  7.42310858e-01]
 [-9.03357506e-10  2.72125657e-08  9.99969518e-01]]
[INFO] [1747098551.373704]: Kalman Gain:
[[ 5.97602627e-02 -3.34537256e-03 -3.86030584e-01]
 [-9.24837580e-03  1.44214910e-01  7.24656840e+00]
 [-3.93848240e-08  2.67435228e-07  9.99982486e-01]]
[INFO] [1747098551.557505]: Kalman Gain:
[[ 5.79186041e-02 -2.76085520e-03 -4.94584544e-05]
 [-7.59885951e-03  1.28954855e-01  8.84138886e-04]
 [-5.05188397e-12  3.28116850e-11  9.99939084e-01]]
[INFO] [1747098551.958358]: Kalman Gain:
[[6.51822612e-02 2.87983411e-03 8.96901373e-01]
 [2.56790665e-02 3.73009792e-01 9.98693229e+00]
 [9.98829111e-08 3.05526277e-07 9.99974714e-01]]
[INFO] [1747098551.977759]: Kalman Gain:
[[1.38261224e-01 1.39041230e-02 1.22073153e+04]
 [1.26848837e-01 2.61881652e-01 5.74047211e+04]
 [1.25947394e-07 1.03590805e-07 5.43528789e-01]]
[INFO] [1747098552.168700]: Kalman Gain:
[[6.27255703e-02 1.96968661e-02 3.78678149e-01]
 [4.18658700e-02 3.41416222e-01 4.16938252e+00]
 [8.66755204e-09 1.13989984e-07 9.99968809e-01]]
[INFO] [1747098552.558383]: Kalman Gain:
[[6.31209963e-02 1.39758455e-02 2.34460844e-02]
 [2.98746119e-02 2.93906303e-01 4.91189184e+00]
 [4.48437447e-09 1.87101635e-07 9.99978390e-01]]
[INFO] [1747098552.772800]: Kalman Gain:
[[6.35477792e-02 1.03465817e-02 8.51314729e-02]
 [2.57797194e-02 3.22388150e-01 4.91127757e+00]
 [7.64112327e-09 7.53705472e-08 9.99968992e-01]]
[INFO] [1747098552.977330]: Kalman Gain:
[[6.25555856e-02 7.37109914e-03 2.74168520e-02]
 [1.83880010e-02 2.52445179e-01 2.02605077e+00]
 [2.96911250e-09 7.75397989e-08 9.99969330e-01]]
[INFO] [1747098553.156369]: Kalman Gain:
[[6.03658143e-02 5.54447863e-03 3.90131592e-06]
 [1.37660950e-02 2.04520238e-01 3.51081940e-04]
 [4.28758090e-13 1.35231219e-11 9.99939084e-01]]
[INFO] [1747098553.391799]: Kalman Gain:
[[6.15207587e-02 5.72599195e-03 1.18641794e-01]
 [1.37672980e-02 2.04272235e-01 3.53144610e+00]
 [1.58616541e-09 6.79975002e-08 9.99969239e-01]]
[INFO] [1747098553.560425]: Kalman Gain:
[[5.94069864e-02 4.46267040e-03 7.03569751e-06]
 [1.07252776e-02 1.71838977e-01 3.70517232e-04]
 [1.80616659e-13 1.08802929e-11 9.99939084e-01]]
[INFO] [1747098554.170965]: Kalman Gain:
[[6.64840090e-02 3.66904771e-03 6.01062301e-02]
 [9.39576118e-03 1.73977250e-01 1.28561010e+00]
 [6.53217135e-09 3.74458783e-08 9.99989788e-01]]
[INFO] [1747098554.367036]: Kalman Gain:
[[6.52565066e-02 2.90141685e-03 1.59773731e-06]
 [7.43916681e-03 1.52547647e-01 3.31722228e-05]
 [1.77427338e-13 9.64381084e-13 9.99969540e-01]]
[INFO] [1747098554.584419]: Kalman Gain:
[[6.42543662e-02 2.34700679e-03 4.31683693e-11]
 [6.00843698e-03 1.37353060e-01 8.71345164e-10]
 [4.88324462e-18 2.53812995e-17 9.99969540e-01]]
[INFO] [1747098554.757105]: Kalman Gain:
[[6.18749882e-02 1.93221458e-03 2.36437785e-15]
 [4.94288985e-03 1.23322082e-01 4.65201160e-14]
 [2.71491504e-22 1.35627248e-21 9.99939084e-01]]
[INFO] [1747098555.101083]: Kalman Gain:
[[ 6.41589064e-02  1.58807124e-03 -7.12848036e-16]
 [ 4.06663035e-03  1.19538179e-01 -1.36481939e-14]
 [ 5.03985539e-27  2.41792546e-26  9.99979693e-01]]
[INFO] [1747098555.179384]: Kalman Gain:
[[ 6.17819705e-02  1.32715800e-03 -3.96376901e-20]
 [ 3.39834855e-03  1.09314646e-01 -7.40363099e-19]
 [ 2.83039785e-31  1.31156872e-30  9.99939084e-01]]
[INFO] [1747098555.377868]: Kalman Gain:
[[ 6.11443437e-02  1.11438807e-03 -1.10840536e-24]
 [ 2.85849820e-03  1.03472417e-01 -2.02144795e-23]
 [ 7.97487103e-36  3.57206424e-35  9.99969540e-01]]
[INFO] [1747098555.561038]: Kalman Gain:
[[ 5.91471270e-02  9.48853574e-04 -6.23576891e-29]
 [ 2.43095993e-03  9.65196772e-02 -1.11236933e-27]
 [ 4.51976918e-40  1.96875454e-39  9.99939084e-01]]
[INFO] [1747098555.768172]: Kalman Gain:
[[6.02663372e-02 8.03775502e-04 2.88483682e-29]
 [2.06240710e-03 9.56553570e-02 5.02841731e-28]
 [1.27917352e-44 5.40442509e-44 9.99969541e-01]]
[INFO] [1747098555.973161]: Kalman Gain:
[[5.98657242e-02 6.86449892e-04 8.15598926e-34]
 [1.75981925e-03 9.26871804e-02 1.38953124e-32]
 [3.63532832e-49 1.49515040e-48 9.99969540e-01]]
[INFO] [1747098556.157437]: Kalman Gain:
[[5.79620782e-02 5.89064764e-04 4.63047284e-38]
 [1.51222348e-03 8.73391671e-02 7.72444548e-37]
 [2.07129307e-53 8.29535008e-53 9.99939084e-01]]
[INFO] [1747098556.370825]: Kalman Gain:
[[ 5.92213517e-02  5.03745040e-04 -2.15834049e-38]
 [ 1.29512161e-03  8.81079363e-02 -3.52109411e-37]
 [ 5.89264953e-58  2.29641510e-57  9.99969541e-01]]
[INFO] [1747098556.557281]: Kalman Gain:
[[ 5.74126144e-02  4.34946602e-04 -1.22996209e-42]
 [ 1.11855544e-03  8.36269941e-02 -1.96539229e-41]
 [ 3.36747842e-62  1.28124766e-61  9.99939084e-01]]
[INFO] [1747098556.774872]: Kalman Gain:
[[5.87224463e-02 3.73117023e-04 5.75113651e-43]
 [9.61569946e-04 8.49515588e-02 8.99018509e-42]
 [9.59868195e-67 3.55625669e-66 9.99969541e-01]]
[INFO] [1747098556.957777]: Kalman Gain:
[[5.70163521e-02 3.24175784e-04 3.28586339e-47]
 [8.33759555e-04 8.12036060e-02 5.03146582e-46]
 [5.49991961e-71 1.99579131e-70 9.99939084e-01]]
[INFO] [1747098557.173724]: Kalman Gain:
[[ 5.83645917e-02  2.78644605e-04 -1.53979817e-47]
 [ 7.18500084e-04  8.28929331e-02 -2.30672704e-46]
 [ 1.56977128e-75  5.54857059e-75  9.99969541e-01]]
[INFO] [1747098557.375497]: Kalman Gain:
[[ 5.81586114e-02  2.40862581e-04 -4.40050818e-52]
 [ 6.21217552e-04  8.19277183e-02 -6.45032727e-51]
 [ 4.49253331e-80  1.55102271e-79  9.99969540e-01]]
[INFO] [1747098557.561982]: Kalman Gain:
[[ 5.79975640e-02  2.08700884e-04 -1.25854999e-56]
 [ 5.37828544e-04  8.12197787e-02 -1.80511272e-55]
 [ 1.28691699e-84  4.34531107e-84  9.99969540e-01]]
[INFO] [1747098557.760273]: Kalman Gain:
[[ 5.78180591e-02  1.80572885e-04 -3.60195326e-61]
 [ 4.65794630e-04  8.04437475e-02 -5.05586624e-60]
 [ 3.68575386e-89  1.21539484e-88  9.99969540e-01]]
[INFO] [1747098557.973527]: Kalman Gain:
[[ 5.76754345e-02  1.56541869e-04 -1.03146147e-65]
 [ 4.03854779e-04  7.98672902e-02 -1.41697030e-64]
 [ 1.05638154e-93  3.40565585e-93  9.99969540e-01]]
[INFO] [1747098558.156381]: Kalman Gain:
[[ 5.60659163e-02  1.36629266e-04 -5.91918723e-70]
 [ 3.52089185e-04  7.67930344e-02 -7.96855525e-69]
 [ 6.06956954e-98  1.91815742e-97  9.99939084e-01]]
[INFO] [1747098558.372263]: Kalman Gain:
[[5.75482513e-002 1.18204139e-004 2.78414054e-070]
 [3.05013002e-004 7.93062586e-002 3.66765057e-069]
 [1.73771926e-102 5.36304548e-102 9.99969541e-001]]
[INFO] [1747098558.572265]: Kalman Gain:
[[5.74297522e-002 1.02559894e-004 7.98197219e-075]
 [2.64770789e-004 7.88764017e-002 1.02902202e-073]
 [4.98385308e-107 1.50367941e-106 9.99969540e-001]]
[INFO] [1747098558.771495]: Kalman Gain:
[[5.73384679e-002 8.91095689e-005 2.28909965e-079]
 [2.29996529e-004 7.85780701e-002 2.88803923e-078]
 [1.43009967e-111 4.22144002e-111 9.99969540e-001]]
[INFO] [1747098558.969580]: Kalman Gain:
[[5.72375592e-002 7.73573584e-005 6.56667354e-084]
 [1.99812099e-004 7.82299290e-002 8.10861188e-083]
 [4.10299424e-116 1.18399965e-115 9.99969540e-001]]
[INFO] [1747098559.171815]: Kalman Gain:
[[5.71403510e-002 6.71557829e-005 1.88425045e-088]
 [1.73648282e-004 7.78960822e-002 2.27744575e-087]
 [1.17724651e-120 3.32050109e-120 9.99969540e-001]]
[INFO] [1747098559.387145]: Kalman Gain:
[[5.71142663e-002 5.85422418e-005 5.40754249e-093]
 [1.51086452e-004 7.79007901e-002 6.39658371e-092]
 [3.38202161e-125 9.35080557e-125 9.99969540e-001]]
[INFO] [1747098559.554926]: Kalman Gain:
[[5.55525648e-002 5.11719456e-005 3.10907443e-097]
 [1.32006616e-004 7.50507489e-002 3.60406468e-096]
 [1.94532666e-129 5.27177610e-129 9.99939084e-001]]
[INFO] [1747098559.771852]: Kalman Gain:
[[ 5.70822042e-002  4.43326044e-005 -1.46477881e-097]
 [ 1.14578298e-004  7.77818432e-002 -1.66159605e-096]
 [ 5.57490962e-134  1.47530489e-133  9.99969541e-001]]
[INFO] [1747098559.975060]: Kalman Gain:
[[ 5.69960323e-002  3.84905581e-005 -4.20545241e-102]
 [ 9.96209778e-005  7.74877790e-002 -4.66897694e-101]
 [ 1.60000435e-138  4.13733468e-138  9.99969540e-001]]
[INFO] [1747098560.200224]: Kalman Gain:
[[5.68704386e-002 3.34131845e-005 3.96388117e-102]
 [8.65699021e-005 7.72019631e-002 4.30756780e-101]
 [9.17584860e-143 2.31966606e-142 9.99939086e-001]]
[INFO] [1747098560.357339]: Kalman Gain:
[[5.53283647e-002 2.92212370e-005 2.28027547e-106]
 [7.56982024e-005 7.44199886e-002 2.42870432e-105]
 [5.27952365e-147 1.30813246e-146 9.99939084e-001]]
[INFO] [1747098547.397670]: Front of Robot in World Frame: x=0.296, y=4.087, phi=330.0°
[INFO] [1747098547.403693]: Covariance R(d=7.88): [[50034.061374896766, 0.0, 0.0], [0.0, 9490.908542922518, 0.0], [0.0, 0.0, 0.0012184696791468343]]
[INFO] [1747098547.407410]: ---------------------------------------------------
[INFO] [1747098547.411466]: Marker ID: 26
[INFO] [1747098547.416613]: Front of Robot in World Frame: x=0.259, y=0.077, phi=0.3°
[INFO] [1747098547.420535]: Covariance R(d=9.74): [[60218.254354203156, 0.0, 0.0], [0.0, 1417.6638437215645, 0.0], [0.0, 0.0, 0.0012184696791468343]]
[INFO] [1747098547.424393]: ---------------------------------------------------
[INFO] [1747098549.351642]: --- Received ArUco Marker ---
[INFO] [1747098549.355925]: Marker ID: 28
[INFO] [1747098549.359934]: Front of Robot in World Frame: x=-0.125, y=0.133, phi=359.3°
[INFO] [1747098549.364290]: Covariance R(d=5.68): [[33211.685209366704, 0.0, 0.0], [0.0, 11956.915437273095, 0.0], [0.0, 0.0, 0.0012184696791468343]]
[INFO] [1747098549.367604]: ---------------------------------------------------
[INFO] [1747098549.371258]: Marker ID: 29
[INFO] [1747098549.380983]: Front of Robot in World Frame: x=0.387, y=4.186, phi=329.2°
[INFO] [1747098549.385418]: Covariance R(d=7.84): [[49759.89190538351, 0.0, 0.0], [0.0, 9610.377818126326, 0.0], [0.0, 0.0, 0.0012184696791468343]]
[INFO] [1747098549.389326]: ---------------------------------------------------
[INFO] [1747098549.396968]: Marker ID: 26
[INFO] [1747098549.403897]: Front of Robot in World Frame: x=0.277, y=0.044, phi=0.6°
[INFO] [1747098549.408738]: Covariance R(d=9.72): [[60139.17926176958, 0.0, 0.0], [0.0, 1519.9646581028765, 0.0], [0.0, 0.0, 0.0012184696791468343]]
[INFO] [1747098549.413032]: ---------------------------------------------------
[INFO] [1747098551.351261]: --- Received ArUco Marker ---
[INFO] [1747098551.355500]: Marker ID: 28
[INFO] [1747098551.359548]: Front of Robot in World Frame: x=-0.066, y=-0.103, phi=2.5°
[INFO] [1747098551.363886]: Covariance R(d=5.66): [[33016.309022533045, 0.0, 0.0], [0.0, 11942.837991400467, 0.0], [0.0, 0.0, 0.0012184696791468343]]
[INFO] [1747098551.367586]: ---------------------------------------------------
[INFO] [1747098551.371532]: Marker ID: 26
[INFO] [1747098551.377473]: Front of Robot in World Frame: x=0.454, y=-2.047, phi=13.7°
[INFO] [1747098551.381770]: Covariance R(d=9.76): [[60314.6889149511, 0.0, 0.0], [0.0, 1291.6425840375916, 0.0], [0.0, 0.0, 0.0012184696791468343]]
[INFO] [1747098551.385357]: ---------------------------------------------------
[INFO] [1747098553.369725]: --- Received ArUco Marker ---
[INFO] [1747098553.374002]: Marker ID: 28
[INFO] [1747098553.378139]: Front of Robot in World Frame: x=0.075, y=0.090, phi=359.9°
[INFO] [1747098553.382082]: Covariance R(d=5.49): [[31498.72783966005, 0.0, 0.0], [0.0, 11808.993685704418, 0.0], [0.0, 0.0, 0.0012184696791468343]]
[INFO] [1747098553.385544]: ---------------------------------------------------
[INFO] [1747098553.389365]: Marker ID: 29
[INFO] [1747098553.397914]: Front of Robot in World Frame: x=0.294, y=-1.668, phi=13.6°
[INFO] [1747098553.402991]: Covariance R(d=7.65): [[48533.48216973039, 0.0, 0.0], [0.0, 10101.49578543209, 0.0], [0.0, 0.0, 0.0012184696791468343]]
[INFO] [1747098553.406838]: ---------------------------------------------------
[INFO] [1747098553.413342]: Marker ID: 26
[INFO] [1747098553.419660]: Front of Robot in World Frame: x=0.485, y=-0.009, phi=1.2°
[INFO] [1747098553.424574]: Covariance R(d=9.52): [[59182.716856575826, 0.0, 0.0], [0.0, 2687.6949028421386, 0.0], [0.0, 0.0, 0.0012184696791468343]]
[INFO] [1747098553.428561]: ---------------------------------------------------
[INFO] [1747098555.355439]: --- Received ArUco Marker ---
[INFO] [1747098555.359808]: Marker ID: 28
[INFO] [1747098555.363736]: Front of Robot in World Frame: x=0.093, y=0.040, phi=0.6°
[INFO] [1747098555.368072]: Covariance R(d=5.48): [[31409.759352059107, 0.0, 0.0], [0.0, 11799.832264446492, 0.0], [0.0, 0.0, 0.0012184696791468343]]
[INFO] [1747098555.371503]: ---------------------------------------------------
[INFO] [1747098555.378936]: Marker ID: 29
[INFO] [1747098555.384319]: Front of Robot in World Frame: x=0.326, y=-1.690, phi=13.9°
[INFO] [1747098555.389086]: Covariance R(d=7.63): [[48382.325169323965, 0.0, 0.0], [0.0, 10157.323756892218, 0.0], [0.0, 0.0, 0.0012184696791468343]]
[INFO] [1747098555.392818]: ---------------------------------------------------
[INFO] [1747098555.401076]: Marker ID: 26
[INFO] [1747098555.406112]: Front of Robot in World Frame: x=0.446, y=0.105, phi=0.6°
[INFO] [1747098555.410983]: Covariance R(d=9.55): [[59365.23522089831, 0.0, 0.0], [0.0, 2474.371527896299, 0.0], [0.0, 0.0, 0.0012184696791468343]]
[INFO] [1747098555.414618]: ---------------------------------------------------
[INFO] [1747098557.353723]: --- Received ArUco Marker ---
[INFO] [1747098557.358338]: Marker ID: 28
[INFO] [1747098557.362411]: Front of Robot in World Frame: x=0.083, y=0.122, phi=359.7°
[INFO] [1747098557.366014]: Covariance R(d=5.47): [[31387.124817035572, 0.0, 0.0], [0.0, 11797.478763704621, 0.0], [0.0, 0.0, 0.0012184696791468343]]
[INFO] [1747098557.369291]: ---------------------------------------------------
[INFO] [1747098557.373091]: Marker ID: 29
[INFO] [1747098557.380642]: Front of Robot in World Frame: x=0.290, y=3.403, phi=334.9°
[INFO] [1747098557.384815]: Covariance R(d=7.63): [[48412.556457479266, 0.0, 0.0], [0.0, 10146.238116202196, 0.0], [0.0, 0.0, 0.0012184696791468343]]
[INFO] [1747098557.388537]: ---------------------------------------------------
[INFO] [1747098557.398609]: Marker ID: 26
[INFO] [1747098557.404278]: Front of Robot in World Frame: x=0.377, y=-0.702, phi=5.4°
[INFO] [1747098557.408663]: Covariance R(d=9.65): [[59802.17789398986, 0.0, 0.0], [0.0, 1945.7724213771953, 0.0], [0.0, 0.0, 0.0012184696791468343]]
[INFO] [1747098557.412804]: ---------------------------------------------------
[INFO] [1747098559.366332]: --- Received ArUco Marker ---
[INFO] [1747098559.370622]: Marker ID: 28
[INFO] [1747098559.374350]: Front of Robot in World Frame: x=0.095, y=0.067, phi=0.3°
[INFO] [1747098559.377730]: Covariance R(d=5.47): [[31350.254836684766, 0.0, 0.0], [0.0, 11793.625376340842, 0.0], [0.0, 0.0, 0.0012184696791468343]]
[INFO] [1747098559.380716]: ---------------------------------------------------
[INFO] [1747098559.384373]: Marker ID: 29
[INFO] [1747098559.387947]: Front of Robot in World Frame: x=0.258, y=-1.557, phi=12.8°
[INFO] [1747098559.393198]: Covariance R(d=7.65): [[48517.494306150176, 0.0, 0.0], [0.0, 10107.448062809464, 0.0], [0.0, 0.0, 0.0012184696791468343]]
[INFO] [1747098559.396813]: ---------------------------------------------------
[INFO] [1747098559.403297]: Marker ID: 26
[INFO] [1747098559.410601]: Front of Robot in World Frame: x=0.365, y=0.309, phi=359.3°
[INFO] [1747098559.415022]: Covariance R(d=9.64): [[59762.31444284545, 0.0, 0.0], [0.0, 1995.0760616261193, 0.0], [0.0, 0.0, 0.0012184696791468343]]
[INFO] [1747098559.418761]: ---------------------------------------------------
[INFO] [1747098561.366050]: --- Received ArUco Marker ---
[INFO] [1747098561.370358]: Marker ID: 28
[INFO] [1747098561.373870]: Front of Robot in World Frame: x=0.024, y=0.451, phi=356.3°
[INFO] [1747098561.377756]: Covariance R(d=5.49): [[31576.60575107515, 0.0, 0.0], [0.0, 11816.895821588809, 0.0], [0.0, 0.0, 0.0012184696791468343]]
[INFO] [1747098561.380910]: ---------------------------------------------------
[INFO] [1747098561.386935]: Marker ID: 29
[INFO] [1747098561.394000]: Front of Robot in World Frame: x=0.116, y=3.156, phi=337.2°
[INFO] [1747098561.398971]: Covariance R(d=7.72): [[49006.43686714105, 0.0, 0.0], [0.0, 9920.271014444974, 0.0], [0.0, 0.0, 0.0012184696791468343]]
[INFO] [1747098561.403316]: ---------------------------------------------------
[INFO] [1747098561.407464]: Marker ID: 26
[INFO] [1747098561.413608]: Front of Robot in World Frame: x=0.570, y=0.088, phi=0.8°
[INFO] [1747098560.575966]: Kalman Gain:
[[ 5.68948625e-002  2.53574082e-005 -1.07479812e-106]
 [ 6.57683850e-005  7.72993339e-002 -1.12030541e-105]
 [ 1.51392938e-151  3.66613212e-151  9.99969541e-001]]
[INFO] [1747098560.762885]: Kalman Gain:
[[ 5.68430583e-002  2.20486934e-005 -3.08697640e-111]
 [ 5.72287171e-005  7.71414650e-002 -3.14917842e-110]
 [ 4.34742232e-156  1.02949950e-155  9.99969540e-001]]
[INFO] [1747098560.983066]: Kalman Gain:
[[ 5.68109156e-002  1.91928825e-005 -8.86686702e-116]
 [ 4.98170437e-005  7.70723532e-002 -8.85300906e-115]
 [ 1.24882642e-160  2.89407106e-160  9.99969540e-001]]
[INFO] [1747098561.156888]: Kalman Gain:
[[ 5.52917746e-02  1.68056038e-05 -5.99576685e-08]
 [ 4.35780380e-05  7.43871175e-02  1.13555001e-05]
 [-6.19345717e-15  4.41193354e-13  9.99939084e-01]]
[INFO] [1747098561.387081]: Kalman Gain:
[[ 5.67569408e-02  1.44887471e-05  2.83552720e-08]
 [ 3.78140964e-05  7.67623131e-02 -5.24111566e-06]
 [-1.77807976e-19  1.22827951e-17  9.99969541e-01]]
[INFO] [1747098561.563568]: Kalman Gain:
[[ 5.66962319e-02  1.25912231e-05  8.16740039e-13]
 [ 3.29186674e-05  7.65537098e-02 -1.47422494e-10]
 [-5.11799988e-24  3.44676042e-22  9.99969540e-01]]
[INFO] [1747098561.770961]: Kalman Gain:
[[ 5.68385859e-02  1.10809832e-05  2.35135485e-17]
 [ 2.87349041e-05  7.73277074e-02 -4.14323523e-15]
 [-1.47790337e-28  9.79633914e-27  9.99969540e-01]]
[INFO] [1747098561.973604]: Kalman Gain:
[[ 5.67761328e-02  9.62428169e-06  6.76770428e-22]
 [ 2.49982251e-05  7.70892240e-02 -1.16473643e-19]
 [-4.25084302e-33  2.74768795e-31  9.99969540e-01]]
[INFO] [1747098562.160854]: Kalman Gain:
[[ 5.67375768e-02  8.37106167e-06  1.94744409e-26]
 [ 2.17589963e-05  7.69633405e-02 -3.27472588e-24]
 [-1.22281482e-37  7.71747866e-36  9.99969540e-01]]
[INFO] [1747098562.370736]: Kalman Gain:
[[ 5.67072054e-02  7.28429651e-06  5.60277751e-31]
 [ 1.89436479e-05  7.68733291e-02 -9.20798468e-29]
 [-3.51724206e-42  2.16852450e-40  9.99969540e-01]]
[INFO] [1747098562.578800]: Kalman Gain:
[[ 5.66869459e-02  6.34221368e-06  1.61163659e-35]
 [ 1.64959966e-05  7.68281160e-02 -2.58925896e-33]
 [-1.01165129e-46  6.09663332e-45  9.99969540e-01]]
[INFO] [1747098562.761563]: Kalman Gain:
[[ 5.51630560e-02  5.54909030e-06  9.28464710e-40]
 [ 1.44317483e-05  7.40914306e-02 -1.46041222e-37]
 [-5.82820162e-51  3.43910945e-49  9.99939084e-01]]
[INFO] [1747098562.959076]: Kalman Gain:
[[ 5.52064205e-02  4.83049734e-06 -8.77699055e-40]
 [ 1.25968490e-05  7.41482036e-02  1.35179596e-37]
 [-3.34951609e-55  1.93012098e-53  9.99939088e-01]]
[INFO] [1747098563.157154]: Kalman Gain:
[[ 5.52719781e-02  4.21220153e-06  8.29554139e-40]
 [ 1.09983637e-05  7.43235986e-02 -1.25102085e-37]
 [-1.92568518e-59  1.08517664e-57  9.99939088e-01]]
[INFO] [1747098563.392853]: Kalman Gain:
[[ 5.68742596e-02  3.66324510e-06 -3.91356463e-40]
 [ 9.56112251e-06  7.73544927e-02  5.77036536e-38]
 [-5.52960891e-64  3.04791439e-62  9.99969541e-01]]
[INFO] [1747098563.554111]: Kalman Gain:
[[ 5.53032278e-02  3.19742247e-06 -2.25327108e-44]
 [ 8.35610594e-06  7.44144145e-02  3.25350700e-42]
 [-3.18211688e-68  1.71544275e-66  9.99939084e-01]]
[INFO] [1747098563.775478]: Kalman Gain:
[[ 5.69114898e-02  2.78177211e-06  1.06280768e-44]
 [ 7.26403098e-06  7.74780000e-02 -1.50048743e-42]
 [-9.13710554e-73  4.82014812e-71  9.99969541e-01]]
[INFO] [1747098563.959458]: Kalman Gain:
[[ 5.68474048e-02  2.41670033e-06  3.05437259e-49]
 [ 6.31877493e-06  7.72449866e-02 -4.21742220e-47]
 [-2.62457495e-77  1.35240877e-75  9.99969540e-01]]
[INFO] [1747098564.174398]: Kalman Gain:
[[ 5.68131038e-02  2.10323486e-06  8.77772067e-54]
 [ 5.49975254e-06  7.71527332e-02 -1.18550998e-51]
 [-7.54220190e-82  3.80104921e-80  9.99969540e-01]]
[INFO] [1747098564.374847]: Kalman Gain:
[[ 5.67888843e-02  1.83136428e-06  2.52250957e-58]
 [ 4.78783774e-06  7.71041866e-02 -3.33262302e-56]
 [-2.16761001e-86  1.06883299e-84  9.99969540e-01]]
[INFO] [1747098564.557449]: Kalman Gain:
[[ 5.52307019e-02  1.59936225e-06  1.45206995e-62]
 [ 4.18592396e-06  7.42174223e-02 -1.87943379e-60]
 [-1.24724176e-90  6.01849659e-89  9.99939084e-01]]
[INFO] [1747098564.774585]: Kalman Gain:
[[ 5.67883198e-02  1.38680388e-06 -6.84830682e-63]
 [ 3.63711893e-06  7.70281611e-02  8.67200174e-61]
 [-3.57704214e-95  1.68524143e-93  9.99969541e-01]]
[INFO] [1747098564.972493]: Kalman Gain:
[[ 5.67864696e-02  1.20931449e-06 -1.96785013e-67]
 [ 3.16763013e-06  7.70900756e-02  2.43784993e-65]
 [-1.02834486e-99  4.74574731e-98  9.99969540e-01]]
[INFO] [1747098565.194824]: Kalman Gain:
[[ 5.66784353e-002  1.05000971e-006  1.85617563e-067]
 [ 2.75400116e-006  7.68359190e-002 -2.25005574e-065]
 [-5.90019773e-104  2.66083237e-102  9.99939086e-001]]
[INFO] [1747098565.383575]: Kalman Gain:
[[ 5.66752465e-002  9.15016641e-007  5.33408145e-072]
 [ 2.39870363e-006  7.68637736e-002 -6.32684748e-070]
 [-1.69586530e-108  7.48721415e-107  9.99969540e-001]]
[INFO] [1747098565.556842]: Kalman Gain:
[[ 5.51613813e-002  8.00977052e-007  3.07038453e-076]
 [ 2.09870439e-006  7.41646226e-002 -3.56823106e-074]
 [-9.76352619e-113  4.22557226e-111  9.99939084e-001]]
[INFO] [1747098565.763775]: Kalman Gain:
[[ 5.67138314e-002  6.93902524e-007 -1.44802888e-076]
 [ 1.82334181e-006  7.69272075e-002  1.64661773e-074]
 [-2.79923171e-117  1.18204912e-115  9.99969541e-001]]
[INFO] [1747098565.974934]: Kalman Gain:
[[ 5.67317604e-002  6.05561275e-007 -4.16075767e-081]
 [ 1.58843037e-006  7.70605642e-002  4.62907568e-079]
 [-8.04868550e-122  3.33110431e-120  9.99969540e-001]]
[INFO] [1747098566.162816]: Kalman Gain:
[[ 5.67118262e-002  5.27161408e-007 -1.19556199e-085]
 [ 1.38291469e-006  7.70058941e-002  1.30143205e-083]
 [-2.31263912e-126  9.36391896e-125  9.99969540e-001]]
[INFO] [1747098566.368727]: Kalman Gain:
[[ 5.66729992e-002  4.58356109e-007 -3.43546571e-090]
 [ 1.20375890e-006  7.68583277e-002  3.65946961e-088]
 [-6.64254237e-131  2.62895459e-129  9.99969540e-001]]
[INFO] [1747098566.575144]: Kalman Gain:
[[ 5.66550453e-002  3.99039523e-007 -9.87197396e-095]
 [ 1.04823856e-006  7.68095971e-002  1.02905293e-092]
 [-1.90858299e-135  7.39015813e-134  9.99969540e-001]]
[INFO] [1747098566.755322]: Kalman Gain:
[[ 5.51442458e-002  3.49359810e-007 -5.68222041e-099]
 [ 9.17218770e-007  7.41220232e-002  5.80394511e-097]
 [-1.09879900e-139  4.17135429e-138  9.99939084e-001]]
[INFO] [1747098567.166748]: Kalman Gain:
[[ 5.97063936e-002  2.99996403e-007  1.33564000e-099]
 [ 7.89771598e-007  8.22872364e-002 -1.33144668e-097]
 [-1.57021374e-144  5.80178467e-143  9.99984770e-001]]
[INFO] [1747098567.386388]: Kalman Gain:
[[ 5.94801725e-002  2.61148956e-007  3.82646441e-104]
 [ 6.83430082e-007  8.20503933e-002 -3.72281029e-102]
 [-4.50891996e-149  1.63566433e-147  9.99969540e-001]]
[INFO] [1747098567.769105]: Kalman Gain:
[[ 6.21531382e-002  2.23672363e-007  5.46576810e-109]
 [ 5.85396790e-007  8.66500471e-002 -5.17868668e-107]
 [-6.44040104e-154  2.27508594e-152  9.99984770e-001]]
[INFO] [1747098567.971770]: Kalman Gain:
[[ 6.13259947e-002  1.89989602e-007  1.56279713e-113]
 [ 5.01551986e-007  8.42143929e-002 -1.44458046e-111]
 [-1.83535942e-158  6.27088461e-157  9.99969540e-001]]
[INFO] [1747098568.557085]: Kalman Gain:
[[6.58661820e-02 1.29630385e-03 2.28705818e-01]
 [3.39368790e-03 1.26131503e-01 5.74990882e+00]
 [2.37783625e-08 2.28349445e-07 9.99986307e-01]]
[INFO] [1747098568.779414]: Kalman Gain:
[[7.02476468e-02 2.02674910e-02 9.35037443e-01]
 [6.79081088e-02 5.77448033e-01 1.20081409e+01]
 [6.55577833e-08 1.33478356e-07 9.99965605e-01]]
[INFO] [1747098568.957125]: Kalman Gain:
[[6.57205808e-02 1.17156986e-02 1.44786954e-04]
 [4.02112367e-02 3.58809317e-01 1.13212762e-03]
 [1.33688590e-11 3.11454314e-11 9.99939084e-01]]
[INFO] [1747098569.170585]: Kalman Gain:
[[6.69338568e-02 1.07663173e-02 4.44765012e-01]
 [4.49158586e-02 4.99507578e-01 8.99593273e+00]
 [4.46048907e-08 2.35395091e-07 9.99965265e-01]]
[INFO] [1747098569.370901]: Kalman Gain:
[[6.61671685e-02 1.07396266e-02 3.34837349e-01]
 [3.66386400e-02 4.30495579e-01 7.63995266e+00]
 [3.01533779e-08 3.12503161e-07 9.99965322e-01]]
[0m[ INFO] [1747098526.486504384]: [I2C FOR MOTORS] Now launching this node in namespace: /asc[0m
[0m[ INFO] [1747098526.504212742]: [I2C FOR MOTORS] publish motor duty cycle requests from command line with: rostopic pub --once /asc/set_motor_duty_cycle asclinic_pkg/LeftRightFloat32 "{left: 10.1, right: 10.1}"[0m
[0m[ INFO] [1747098526.504384183]: [I2C FOR MOTORS] Successfully opened named /dev/i2c-1, with file descriptor = 10[0m
[0m[ INFO] [1747098526.504500749]: [I2C FOR MOTORS] Actual acceleration limit = 0.0003125%/ms (after conversation to "internal units")[0m
[0m[ INFO] [1747098526.504599653]: [I2C FOR MOTORS] Actual deceleration limit = 0.0015625%/ms (after conversation to "internal units")[0m
[0m[ INFO] [1747098526.504689405]: [I2C FOR MOTORS] Now initialising SMC with I2C address 13[0m
[0m[ INFO] [1747098526.520922112]: [I2C FOR MOTORS] Now initialising SMC with I2C address 14[0m
[0m[ INFO] [1747098526.535922092]: [I2C FOR MOTORS] Node initialisation complete[0m
[INFO] [1747098561.419849]: Covariance R(d=9.43): [[58777.75074713195, 0.0, 0.0], [0.0, 3146.035817240017, 0.0], [0.0, 0.0, 0.0012184696791468343]]
[INFO] [1747098561.425011]: ---------------------------------------------------
[INFO] [1747098563.369257]: --- Received ArUco Marker ---
[INFO] [1747098563.373701]: Marker ID: 28
[INFO] [1747098563.377894]: Front of Robot in World Frame: x=0.071, y=0.206, phi=358.8°
[INFO] [1747098563.381922]: Covariance R(d=5.47): [[31385.174849463147, 0.0, 0.0], [0.0, 11797.275578513973, 0.0], [0.0, 0.0, 0.0012184696791468343]]
[INFO] [1747098563.385358]: ---------------------------------------------------
[INFO] [1747098563.389254]: Marker ID: 29
[INFO] [1747098563.393559]: Front of Robot in World Frame: x=0.302, y=3.412, phi=334.8°
[INFO] [1747098563.400305]: Covariance R(d=7.62): [[48357.71266956775, 0.0, 0.0], [0.0, 10166.319635900201, 0.0], [0.0, 0.0, 0.0012184696791468343]]
[INFO] [1747098563.403987]: ---------------------------------------------------
[INFO] [1747098563.408294]: Marker ID: 26
[INFO] [1747098563.416906]: Front of Robot in World Frame: x=0.422, y=0.197, phi=360.0°
[INFO] [1747098563.421896]: Covariance R(d=9.58): [[59485.6771235139, 0.0, 0.0], [0.0, 2331.225228961842, 0.0], [0.0, 0.0, 0.0012184696791468343]]
[INFO] [1747098563.425821]: ---------------------------------------------------
[INFO] [1747098565.361433]: --- Received ArUco Marker ---
[INFO] [1747098565.366577]: Marker ID: 28
[INFO] [1747098565.370465]: Front of Robot in World Frame: x=0.094, y=0.049, phi=0.5°
[INFO] [1747098565.374261]: Covariance R(d=5.47): [[31381.44233756638, 0.0, 0.0], [0.0, 11796.886462957738, 0.0], [0.0, 0.0, 0.0012184696791468343]]
[INFO] [1747098565.377349]: ---------------------------------------------------
[INFO] [1747098565.381062]: Marker ID: 29
[INFO] [1747098565.387970]: Front of Robot in World Frame: x=0.190, y=3.244, phi=336.3°
[INFO] [1747098565.392638]: Covariance R(d=7.68): [[48713.34483669389, 0.0, 0.0], [0.0, 10033.754906265895, 0.0], [0.0, 0.0, 0.0012184696791468343]]
[INFO] [1747098565.400493]: ---------------------------------------------------
[INFO] [1747098565.405485]: Marker ID: 26
[INFO] [1747098565.414320]: Front of Robot in World Frame: x=0.362, y=0.817, phi=356.3°
[INFO] [1747098565.418555]: Covariance R(d=9.67): [[59908.64043087545, 0.0, 0.0], [0.0, 1813.007441225409, 0.0], [0.0, 0.0, 0.0012184696791468343]]
[INFO] [1747098565.422346]: ---------------------------------------------------
[INFO] [1747098565.427020]: Marker ID: 37
[INFO] [1747098567.362885]: --- Received ArUco Marker ---
[INFO] [1747098567.367446]: Marker ID: 28
[INFO] [1747098567.371577]: Front of Robot in World Frame: x=0.066, y=0.483, phi=355.8°
[INFO] [1747098567.375689]: Covariance R(d=5.45): [[31176.810687706744, 0.0, 0.0], [0.0, 11775.171532400434, 0.0], [0.0, 0.0, 0.0012184696791468343]]
[INFO] [1747098567.378996]: ---------------------------------------------------
[INFO] [1747098567.382846]: Marker ID: 29
[INFO] [1747098567.389601]: Front of Robot in World Frame: x=-0.060, y=-0.936, phi=7.6°
[INFO] [1747098567.395766]: Covariance R(d=7.78): [[49395.24311727458, 0.0, 0.0], [0.0, 9763.676514299837, 0.0], [0.0, 0.0, 0.0012184696791468343]]
[INFO] [1747098567.400385]: ---------------------------------------------------
[INFO] [1747098567.407027]: Marker ID: 26
[INFO] [1747098567.413501]: Front of Robot in World Frame: x=0.888, y=0.088, phi=0.6°
[INFO] [1747098567.418599]: Covariance R(d=9.11): [[57199.99774862882, 0.0, 0.0], [0.0, 4753.224001746451, 0.0], [0.0, 0.0, 0.0012184696791468343]]
[INFO] [1747098567.422280]: ---------------------------------------------------
[INFO] [1747098569.549838]: --- Received ArUco Marker ---
[INFO] [1747098569.554310]: Marker ID: 28
[INFO] [1747098569.558414]: Front of Robot in World Frame: x=0.395, y=0.687, phi=352.8°
[INFO] [1747098569.563892]: Covariance R(d=5.11): [[28029.475807594004, 0.0, 0.0], [0.0, 11350.604064989337, 0.0], [0.0, 0.0, 0.0012184696791468343]]
[INFO] [1747098569.571890]: ---------------------------------------------------
[INFO] [1747098571.564814]: --- Received ArUco Marker ---
[INFO] [1747098571.569137]: Marker ID: 28
[INFO] [1747098571.572942]: Front of Robot in World Frame: x=0.514, y=0.107, phi=358.4°
[INFO] [1747098571.577529]: Covariance R(d=5.05): [[27450.058584755447, 0.0, 0.0], [0.0, 11254.790094539012, 0.0], [0.0, 0.0, 0.0012184696791468343]]
[INFO] [1747098571.580831]: ---------------------------------------------------
[INFO] [1747098571.585116]: Marker ID: 29
[INFO] [1747098571.589480]: Front of Robot in World Frame: x=0.338, y=1.272, phi=349.2°
[INFO] [1747098571.595126]: Covariance R(d=7.17): [[45199.12392226371, 0.0, 0.0], [0.0, 11117.129436464133, 0.0], [0.0, 0.0, 0.0012184696791468343]]
[INFO] [1747098571.598847]: ---------------------------------------------------
[INFO] [1747098571.607075]: Marker ID: 26
[INFO] [1747098571.613586]: Front of Robot in World Frame: x=0.891, y=-0.405, phi=2.4°
[INFO] [1747098571.618078]: Covariance R(d=9.12): [[57225.746366525906, 0.0, 0.0], [0.0, 4729.087139065016, 0.0], [0.0, 0.0, 0.0012184696791468343]]
[INFO] [1747098571.621825]: ---------------------------------------------------
[INFO] [1747098569.579787]: Kalman Gain:
[[6.64601802e-02 1.08813393e-02 2.52287865e-01]
 [3.17588848e-02 4.35151005e-01 8.26462921e+00]
 [2.39681427e-08 3.59365525e-07 9.99964263e-01]]
[INFO] [1747098569.761482]: Kalman Gain:
[[7.90865594e-02 1.98286453e-02 1.49921641e+00]
 [9.08188358e-02 3.10384941e-01 1.01248384e+01]
 [1.70440175e-07 2.62922939e-07 9.99965280e-01]]
[INFO] [1747098569.967026]: Kalman Gain:
[[7.22620635e-02 2.66023953e-02 5.20200392e-01]
 [6.62661322e-02 4.30272321e-01 6.90021244e+00]
 [5.55828383e-08 3.08521149e-07 9.99965720e-01]]
[INFO] [1747098569.974969]: Kalman Gain:
[[6.64362835e-02 1.20225095e-02 2.01344622e-01]
 [4.88100656e-02 2.07664128e-01 2.72099405e+00]
 [2.12526297e-08 7.44045548e-08 4.99991168e-01]]
[INFO] [1747098570.201568]: Kalman Gain:
[[6.46257064e-02 1.39653764e-02 7.98955877e-02]
 [3.52144144e-02 2.62137548e-01 1.36904608e+00]
 [1.92776635e-08 1.19135877e-07 9.99959163e-01]]
[INFO] [1747098570.209307]: Kalman Gain:
[[6.16287965e-02 6.87797721e-03 3.27783948e-02]
 [2.90773189e-02 1.37369203e-01 5.89341115e-01]
 [8.17477028e-09 3.12048343e-08 4.99989769e-01]]
[INFO] [1747098570.356084]: Kalman Gain:
[[5.84425133e-02 8.70057070e-03 6.66251084e-06]
 [2.18576325e-02 1.87312422e-01 1.43185067e-04]
 [9.39525479e-13 7.60954766e-12 9.99939082e-01]]
[INFO] [1747098570.558143]: Kalman Gain:
[[5.80872327e-02 6.82686122e-03 4.38894359e-03]
 [1.72130512e-02 1.62216322e-01 5.46162150e-01]
 [7.07106263e-14 1.81299602e-12 9.99939088e-01]]
[INFO] [1747098570.568639]: Kalman Gain:
[[ 5.67657170e-02  3.57003056e-03 -1.19824122e+01]
 [ 1.48371663e-02  9.18987884e-02 -2.71332394e+03]
 [ 1.69010802e-14  3.35011122e-13  6.66639597e-01]]
[INFO] [1747098570.824963]: Kalman Gain:
[[ 5.65857654e-02  4.78262444e-03  5.09425820e-05]
 [ 1.20245339e-02  1.36755899e-01 -7.13413369e-02]
 [ 2.81490268e-19  1.44890886e-17  9.99969540e-01]]
[INFO] [1747098570.999877]: Kalman Gain:
[[ 5.65926643e-02  3.92870676e-03  1.00011626e-08]
 [ 9.90284521e-03  1.25411147e-01 -1.90053984e-06]
 [ 3.72279866e-24  3.84269501e-22  9.99969540e-01]]
[INFO] [1747098571.155884]: Kalman Gain:
[[5.50628465e-02 3.28029616e-03 3.58203267e-07]
 [8.28135327e-03 1.14006178e-01 1.07989174e-05]
 [3.85982782e-14 4.78297607e-13 9.99939084e-01]]
[INFO] [1747098571.164566]: Kalman Gain:
[[ 5.43990848e-02  1.75443203e-03 -1.74957910e-03]
 [ 7.40011324e-03  6.65325252e-02 -5.51390395e-02]
 [ 1.16024212e-14  9.01602976e-14  6.66646360e-01]]
[INFO] [1747098571.368540]: Kalman Gain:
[[ 5.41464890e-02  2.45053489e-03 -4.62911334e-08]
 [ 6.18661647e-03  1.04763143e-01 -1.50326174e-06]
 [ 3.02012867e-19  4.05475570e-18  9.99969540e-01]]
[INFO] [1747098571.587296]: Kalman Gain:
[[ 5.45215758e-02  2.08168480e-03 -1.23782738e-12]
 [ 5.25833982e-03  1.00667138e-01 -4.11723019e-11]
 [ 8.04546639e-24  1.10949692e-22  9.99969540e-01]]
[INFO] [1747098571.754458]: Kalman Gain:
[[ 5.32377673e-02  1.78072016e-03 -6.69231090e-17]
 [ 4.50460930e-03  9.42382412e-02 -2.27136021e-15]
 [ 4.33164008e-28  6.10576044e-27  9.99939084e-01]]
[INFO] [1747098571.971370]: Kalman Gain:
[[5.51904312e-02 1.51461473e-03 2.98901264e-17]
 [3.84305091e-03 9.46819764e-02 1.02786652e-15]
 [1.17226375e-32 1.67404946e-31 9.99969541e-01]]
[INFO] [1747098572.171562]: Kalman Gain:
[[5.55584629e-02 1.30271982e-03 8.19080209e-22]
 [3.29787372e-03 9.28279673e-02 2.83993723e-20]
 [3.20890572e-37 4.64332345e-36 9.99969540e-01]]
[INFO] [1747098572.367886]: Kalman Gain:
[[5.58352843e-02 1.11927568e-03 2.25878307e-26]
 [2.83148625e-03 9.10960202e-02 7.86169169e-25]
 [8.83218384e-42 1.28694555e-40 9.99969540e-01]]
[INFO] [1747098572.566567]: Kalman Gain:
[[5.60385641e-02 9.61127809e-04 6.26451192e-31]
 [2.43268980e-03 8.94982068e-02 2.18017702e-29]
 [2.44329297e-46 3.56572610e-45 9.99969540e-01]]
[INFO] [1747098572.770364]: Kalman Gain:
[[5.62293323e-02 8.26715111e-04 1.74596804e-35]
 [2.09301122e-03 8.82054689e-02 6.05464073e-34]
 [6.79528582e-51 9.89824968e-50 9.99969540e-01]]
[INFO] [1747098572.780689]: Kalman Gain:
[[5.32843866e-02 4.56821829e-04 8.12650518e-36]
 [1.88131428e-03 5.14824597e-02 2.87134596e-34]
 [3.16250639e-51 2.88857410e-50 4.99992385e-01]]
[INFO] [1747098572.956213]: Kalman Gain:
[[5.21792068e-02 6.48292930e-04 4.57878763e-40]
 [1.63943184e-03 8.04358648e-02 1.60838748e-38]
 [1.77871781e-55 2.63455163e-54 9.99939082e-01]]
[INFO] [1747098573.167183]: Kalman Gain:
[[5.43472919e-02 5.60836113e-04 8.60963896e-45]
 [1.41971051e-03 8.35936392e-02 2.99299140e-43]
 [3.33745535e-60 4.89404558e-59 9.99979693e-01]]
[INFO] [1747098573.374167]: Kalman Gain:
[[5.47241170e-02 4.85837849e-04 2.43468105e-49]
 [1.23008993e-03 8.32805121e-02 8.35705871e-48]
 [9.42494461e-65 1.36608490e-63 9.99969540e-01]]

[ARUCO DETECTOR] Camera properties upon initialisation:
CV_CAP_PROP_FRAME_HEIGHT : '480.0'
CV_CAP_PROP_FRAME_WIDTH :  '640.0'
CAP_PROP_FPS :             '30.0'
CAP_PROP_FOCUS :           '0.0'
CAP_PROP_AUTOFOCUS :       '0.0'
CAP_PROP_BRIGHTNESS :      '128.0'
CAP_PROP_CONTRAST :        '128.0'
CAP_PROP_SATURATION :      '128.0'
CAP_PROP_BUFFERSIZE :      '4.0'

[ARUCO DETECTOR] Camera properties upon initialisation:
CV_CAP_PROP_FRAME_HEIGHT : '1080.0'
CV_CAP_PROP_FRAME_WIDTH :  '1920.0'
CAP_PROP_FPS :             '5.0'
CAP_PROP_FOCUS :           '0.0'
CAP_PROP_AUTOFOCUS :       '0.0'
CAP_PROP_BRIGHTNESS :      '128.0'
CAP_PROP_CONTRAST :        '128.0'
CAP_PROP_SATURATION :      '128.0'
CAP_PROP_BUFFERSIZE :      '1.0'
[INFO] [1747098529.357892]: [ARUCO DETECTOR] As a double check of the camera properties set, a frame captured just now has dimensions = (1080, 1920, 3)
[INFO] [1747098529.362309]: [ARUCO DETECTOR] publish request from command line to save a single camera image using: rostopic pub --once /asc/request_save_image std_msgs/UInt32 1
[INFO] [1747098529.368023]: [ARUCO DETECTOR] Node initialisation complete
... logging to /home/asc/.ros/log/d0de4eb8-2f96-11f0-a078-d8c0a650f677/roslaunch-asc12-jetson-15813.log
Checking log directory for disk usage. This may take a while.
Press Ctrl-C to interrupt
Done checking log file disk usage. Usage is <1GB.
]2;/home/asc/ASClinic/catkin_ws/src/asclinic_pkg/launch/positioning.launch
[1mstarted roslaunch server http://asc12-jetson:37327/[0m

SUMMARY
========

PARAMETERS
 * /asc/aruco_detector/aruco_detector_desired_camera_fps: 5
 * /asc/aruco_detector/aruco_detector_desired_camera_frame_height: 1080
 * /asc/aruco_detector/aruco_detector_desired_camera_frame_width: 1920
 * /asc/aruco_detector/aruco_detector_marker_size: 0.25
 * /asc/aruco_detector/aruco_detector_save_image_path: /home/asc/saved_c...
 * /asc/aruco_detector/aruco_detector_should_publish_camera_images: False
 * /asc/aruco_detector/aruco_detector_should_save_all_aruco_images: False
 * /asc/aruco_detector/aruco_detector_should_show_camera_images: False
 * /asc/aruco_detector/aruco_detector_usb_camera_device_number: 0
 * /asc/aruco_detector/aruco_detector_verbosity: 1
 * /asc/encoder_read_multi_threaded/delta_t_for_publishing_encoder_counts: 0.1
 * /asc/encoder_read_multi_threaded/encoder_events_to_monitor: rising
 * /asc/encoder_read_multi_threaded/encoder_read_verbosity: 1
 * /asc/encoder_read_multi_threaded/gpio_chip_number_for_encoder_lines: 1
 * /asc/encoder_read_multi_threaded/line_number_for_left_side_encoder_channel_a: 105
 * /asc/encoder_read_multi_threaded/line_number_for_left_side_encoder_channel_b: 106
 * /asc/encoder_read_multi_threaded/line_number_for_right_side_encoder_channel_a: 84
 * /asc/encoder_read_multi_threaded/line_number_for_right_side_encoder_channel_b: 130
 * /asc/encoder_read_multi_threaded/should_monitor_left_side_encoder_channel_a: True
 * /asc/encoder_read_multi_threaded/should_monitor_left_side_encoder_channel_b: False
 * /asc/encoder_read_multi_threaded/should_monitor_right_side_encoder_channel_a: True
 * /asc/encoder_read_multi_threaded/should_monitor_right_side_encoder_channel_b: False
 * /asc/i2c_for_motors/motor_driver_current_limit_in_milliamps: 5000
 * /asc/i2c_for_motors/motor_driver_left_side_multiplier: 1
 * /asc/i2c_for_motors/motor_driver_max_accel_limit_in_percent_per_millisecond: 0.04
 * /asc/i2c_for_motors/motor_driver_max_decel_limit_in_percent_per_millisecond: 0.16
 * /asc/i2c_for_motors/motor_driver_max_duty_cycle_limit_in_percent: 100.0
 * /asc/i2c_for_motors/motor_driver_right_side_multiplier: 1
 * /asc/i2c_for_motors/motor_driver_verbosity: 1
 * /rosdistro: noetic
 * /rosversion: 1.17.0

NODES
  /
    aruco_positioning (asclinic_pkg/aruco_positioning.py)
    kf_fusion_node (asclinic_pkg/KF.py)
    odomdelta (asclinic_pkg/odomdelta)
  /asc/
    aruco_detector (asclinic_pkg/aruco_detector.py)
    encoder_read_multi_threaded (asclinic_pkg/encoder_read_multi_threaded)
    i2c_for_motors (asclinic_pkg/i2c_for_motors)

auto-starting new master
[1mprocess[master]: started with pid [15840][0m
[1mROS_MASTER_URI=http://localhost:11311[0m
]2;/home/asc/ASClinic/catkin_ws/src/asclinic_pkg/launch/positioning.launch http://localhost:11311
[1msetting /run_id to d0de4eb8-2f96-11f0-a078-d8c0a650f677[0m
[1mprocess[rosout-1]: started with pid [15859][0m
started core service [/rosout]
[1mprocess[asc/i2c_for_motors-2]: started with pid [15866][0m
[1mprocess[asc/encoder_read_multi_threaded-3]: started with pid [15867][0m
[1mprocess[odomdelta-4]: started with pid [15873][0m
[1mprocess[asc/aruco_detector-5]: started with pid [15879][0m
[1mprocess[aruco_positioning-6]: started with pid [15887][0m
[1mprocess[kf_fusion_node-7]: started with pid [15890][0m
[kf_fusion_node-7] killing on exit
[aruco_positioning-6] killing on exit
[odomdelta-4] killing on exit
[asc/encoder_read_multi_threaded-3] killing on exit
[asc/i2c_for_motors-2] killing on exit
[asc/aruco_detector-5] killing on exit
[rosout-1] killing on exit
[master] killing on exit
shutting down processing monitor...
... shutting down processing monitor complete
[1mdone[0m
