[0m[ INFO] [1748137043.599841248]: K_x: [0.000000, 0.000000, 0.000000; 0.000000, 0.000000, 0.000000][0m
[0m[ INFO] [1748137043.600697069]: K_x: [1.398966, 0.000000, 0.000000; 0.000000, 2.247064, 1.611905][0m
[0m[ INFO] [1748137043.600755790]: K_p: [0.353553, 0.000000; 0.000000, 0.100000][0m
[0m[ INFO] [1748137045.300430162]: [1748137045.300] Robot state - x: 0.000000, y: 0.000000, phi: 0.000000[0m
[0m[ INFO] [1748137045.303379040]: [1748137045.303] Reference trajectory - x: 0.000000, y: 0.000000, phi: 0.000000, v: 0.000000, w: 0.000000[0m
[0m[ INFO] [1748137045.412901994]: [1748137045.412] Robot state - x: 0.000000, y: 0.000000, phi: 0.000000[0m
[0m[ INFO] [1748137045.413224175]: [1748137045.413] Reference trajectory - x: 0.000000, y: 0.000000, phi: 0.000000, v: 0.000000, w: 0.000000[0m
[0m[ INFO] [1748137045.507588364]: [1748137045.507] Robot state - x: 0.000000, y: 0.000000, phi: 0.000000[0m
[0m[ INFO] [1748137045.508106388]: [1748137045.508] Reference trajectory - x: 0.000000, y: 0.000000, phi: 0.000000, v: 0.000000, w: 0.000000[0m
[0m[ INFO] [1748137045.606433199]: [1748137045.606] Robot state - x: 0.000000, y: 0.000000, phi: 0.000000[0m
[0m[ INFO] [1748137045.606912439]: [1748137045.607] Reference trajectory - x: 0.000000, y: 0.000000, phi: 0.000000, v: 0.000000, w: 0.000000[0m
[0m[ INFO] [1748137045.706735145]: [1748137045.706] Robot state - x: 0.000000, y: 0.000000, phi: 0.000000[0m
[0m[ INFO] [1748137045.707087214]: [1748137045.707] Reference trajectory - x: 0.000000, y: 0.000000, phi: 0.000000, v: 0.000000, w: 0.000000[0m
[0m[ INFO] [1748137045.805872177]: [1748137045.805] Robot state - x: 0.000000, y: 0.000000, phi: 0.000000[0m
[0m[ INFO] [1748137045.806449658]: [1748137045.806] Reference trajectory - x: 0.000000, y: 0.000000, phi: 0.000000, v: 0.000000, w: 0.000000[0m
[0m[ INFO] [1748137045.907771683]: [1748137045.907] Robot state - x: 0.000000, y: 0.000000, phi: 0.000000[0m
[0m[ INFO] [1748137045.908377773]: [1748137045.908] Reference trajectory - x: 0.000000, y: 0.000000, phi: 0.000000, v: 0.000000, w: 0.000000[0m
[0m[ INFO] [1748137046.006242369]: [1748137046.006] Robot state - x: 0.000000, y: 0.000000, phi: 0.000000[0m
[0m[ INFO] [1748137046.007035309]: [1748137046.007] Reference trajectory - x: 0.000000, y: 0.000000, phi: 0.000000, v: 0.000000, w: 0.000000[0m
[0m[ INFO] [1748137046.107487211]: [1748137046.107] Robot state - x: 0.000000, y: 0.000000, phi: 0.000000[0m
[0m[ INFO] [1748137046.108393241]: [1748137046.108] Reference trajectory - x: 0.000000, y: 0.000000, phi: 0.000000, v: 0.000000, w: 0.000000[0m
[0m[ INFO] [1748137046.207137724]: [1748137046.207] Robot state - x: 0.000000, y: 0.000000, phi: 0.000000[0m
[0m[ INFO] [1748137046.207631012]: [1748137046.207] Reference trajectory - x: 0.000000, y: 0.000000, phi: 0.000000, v: 0.000000, w: 0.000000[0m
[0m[ INFO] [1748137046.471371058]: [1748137046.471] Robot state - x: 0.000000, y: 0.000000, phi: 0.000000[0m
[0m[ INFO] [1748137046.471501236]: [1748137046.471] Reference trajectory - x: 0.000000, y: 0.000000, phi: 0.000000, v: 0.000000, w: 0.000000[0m
[0m[ INFO] [1748137046.471820729]: [1748137046.472] Robot state - x: 0.000000, y: 0.000000, phi: 0.000000[0m
[0m[ INFO] [1748137046.472096798]: [1748137046.472] Reference trajectory - x: 0.000000, y: 0.000000, phi: 0.000000, v: 0.000000, w: 0.000000[0m
[0m[ INFO] [1748137046.499622699]: [1748137046.499] Robot state - x: 0.000000, y: 0.000000, phi: 0.000000[0m
[0m[ INFO] [1748137046.499754637]: [1748137046.500] Reference trajectory - x: 0.000000, y: 0.000000, phi: 0.000000, v: 0.000000, w: 0.000000[0m
[0m[ INFO] [1748137046.607182455]: [1748137046.607] Robot state - x: 0.000000, y: 0.000000, phi: 0.000000[0m
[0m[ INFO] [1748137046.607620126]: [1748137046.607] Reference trajectory - x: 0.000000, y: 0.000000, phi: 0.000000, v: 0.000000, w: 0.000000[0m
[0m[ INFO] [1748137046.707257423]: [1748137046.707] Robot state - x: 0.000000, y: 0.000000, phi: 0.000000[0m
[0m[ INFO] [1748137046.707361265]: [1748137046.707] Reference trajectory - x: 0.000000, y: 0.000000, phi: 0.000000, v: 0.000000, w: 0.000000[0m
[0m[ INFO] [1748137046.710391328]: Received reference trajectory - x: 0.000000, y: 0.000000, phi: 0.000000, v: 0.000064, w: 0.000000[0m
[0m[ INFO] [1748137046.800560157]: [1748137046.800] Robot state - x: 0.000000, y: 0.000000, phi: 0.000000[0m
[0m[ INFO] [1748137046.800744064]: [1748137046.801] Reference trajectory - x: 0.000000, y: 0.000000, phi: 0.000000, v: 0.000000, w: 0.000000[0m
[0m[ INFO] [1748137046.800834882]: [1748137046.801] v: 0.000000, w: 0.000000[0m
[0m[ INFO] [1748137046.802674910]: Received reference trajectory - x: 0.555400, y: 0.000000, phi: 0.000000, v: 12.120360, w: 0.000000[0m
[0m[ INFO] [1748137046.903438433]: Received reference trajectory - x: 2.423755, y: 0.000000, phi: 0.000000, v: 25.206053, w: 0.000000[0m
[0m[ INFO] [1748137046.905516225]: [1748137046.905] Robot state - x: 0.000000, y: 0.000000, phi: 0.000000[0m
[0m[ INFO] [1748137046.905722149]: [1748137046.906] Reference trajectory - x: 0.002424, y: 0.000000, phi: 0.000000, v: 0.025206, w: 0.000000[0m
[0m[ INFO] [1748137046.905832230]: [1748137046.906] v: 0.028682, w: 0.000000[0m
[0m[ INFO] [1748137047.001187349]: [1748137047.001] Robot state - x: 0.000000, y: 0.000000, phi: 0.000000[0m
[0m[ INFO] [1748137047.001328215]: [1748137047.001] Reference trajectory - x: 0.002424, y: 0.000000, phi: 0.000000, v: 0.025206, w: 0.000000[0m
[0m[ INFO] [1748137047.001409080]: [1748137047.001] v: 0.028768, w: 0.000000[0m
[0m[ INFO] [1748137047.002341158]: Received reference trajectory - x: 5.591817, y: 0.000000, phi: 0.000000, v: 38.112675, w: 0.000000[0m
[0m[ INFO] [1748137047.103649651]: Received reference trajectory - x: 10.048133, y: 0.000000, phi: 0.000000, v: 50.856915, w: 0.000000[0m
[0m[ INFO] [1748137047.106352573]: [1748137047.106] Robot state - x: 0.000000, y: 0.000000, phi: 0.000000[0m
[0m[ INFO] [1748137047.106571137]: [1748137047.107] Reference trajectory - x: 0.010048, y: 0.000000, phi: 0.000000, v: 0.050857, w: 0.000000[0m
[0m[ INFO] [1748137047.106671714]: [1748137047.107] v: 0.065441, w: 0.000000[0m
[0m[ INFO] [1748137047.206492184]: Received reference trajectory - x: 15.851564, y: 0.000000, phi: 0.000000, v: 63.579422, w: 0.000000[0m
[0m[ INFO] [1748137047.208988543]: [1748137047.209] Robot state - x: 0.000404, y: 0.000000, phi: 0.000000[0m
[0m[ INFO] [1748137047.209084512]: [1748137047.209] Reference trajectory - x: 0.015852, y: 0.000000, phi: 0.000000, v: 0.063579, w: 0.000000[0m
[0m[ INFO] [1748137047.209132801]: [1748137047.209] v: 0.086263, w: 0.000000[0m
[0m[ INFO] [1748137047.303564450]: Received reference trajectory - x: 22.713446, y: 0.000000, phi: 0.000000, v: 75.759628, w: 0.000000[0m
[0m[ INFO] [1748137047.305884103]: [1748137047.306] Robot state - x: 0.000606, y: 0.000000, phi: 0.001879[0m
[0m[ INFO] [1748137047.306050089]: [1748137047.306] Reference trajectory - x: 0.022713, y: 0.000000, phi: 0.000000, v: 0.075760, w: 0.000000[0m
[0m[ INFO] [1748137047.306145195]: [1748137047.306] v: 0.108542, w: -0.003029[0m
[0m[ INFO] [1748137047.400702958]: [1748137047.401] Robot state - x: 0.001414, y: -0.000001, phi: -0.001879[0m
[0m[ INFO] [1748137047.400812400]: [1748137047.401] Reference trajectory - x: 0.022713, y: 0.000000, phi: 0.000000, v: 0.075760, w: 0.000000[0m
[0m[ INFO] [1748137047.400864016]: [1748137047.401] v: 0.108165, w: 0.003031[0m
[0m[ INFO] [1748137047.403544570]: Received reference trajectory - x: 30.925928, y: 0.000000, phi: 0.000000, v: 87.987419, w: 0.000000[0m
[0m[ INFO] [1748137047.503557811]: Received reference trajectory - x: 40.304905, y: 0.000000, phi: 0.000000, v: 99.975769, w: 0.000000[0m
[0m[ INFO] [1748137047.509306668]: [1748137047.509] Robot state - x: 0.006261, y: 0.000008, phi: -0.001879[0m
[0m[ INFO] [1748137047.509610865]: [1748137047.510] Reference trajectory - x: 0.040305, y: 0.000000, phi: 0.000000, v: 0.099976, w: 0.000000[0m
[0m[ INFO] [1748137047.509725427]: [1748137047.510] v: 0.151414, w: 0.003011[0m
[0m[ INFO] [1748137047.605049442]: Received reference trajectory - x: 50.893703, y: 0.000000, phi: 0.000000, v: 111.810707, w: 0.000000[0m
[0m[ INFO] [1748137047.606965344]: [1748137047.607] Robot state - x: 0.012118, y: 0.000002, phi: -0.000000[0m
[0m[ INFO] [1748137047.607071586]: [1748137047.607] Reference trajectory - x: 0.050894, y: 0.000000, phi: 0.000000, v: 0.111811, w: 0.000000[0m
[0m[ INFO] [1748137047.607172387]: [1748137047.607] v: 0.171239, w: -0.000005[0m
[0m[ INFO] [1748137047.700168718]: [1748137047.700] Robot state - x: 0.017974, y: -0.000003, phi: 0.001879[0m
[0m[ INFO] [1748137047.700336273]: [1748137047.700] Reference trajectory - x: 0.050894, y: 0.000000, phi: 0.000000, v: 0.111811, w: 0.000000[0m
[0m[ INFO] [1748137047.700402610]: [1748137047.700] v: 0.164210, w: -0.003021[0m
[0m[ INFO] [1748137047.701855593]: Received reference trajectory - x: 62.668873, y: 0.000000, phi: 0.000000, v: 123.479172, w: 0.000000[0m
[0m[ INFO] [1748137047.810138690]: Received reference trajectory - x: 76.579445, y: 0.000000, phi: 0.000000, v: 135.790909, w: 0.000000[0m
[0m[ INFO] [1748137047.812272420]: [1748137047.812] Robot state - x: 0.024033, y: -0.000003, phi: 0.001879[0m
[0m[ INFO] [1748137047.812392933]: [1748137047.812] Reference trajectory - x: 0.076579, y: 0.000000, phi: 0.000000, v: 0.135791, w: 0.000000[0m
[0m[ INFO] [1748137047.812467079]: [1748137047.812] v: 0.217505, w: -0.003021[0m
[0m[ INFO] [1748137047.899692055]: [1748137047.900] Robot state - x: 0.033525, y: 0.000024, phi: 0.003757[0m
[0m[ INFO] [1748137047.899847066]: [1748137047.900] Reference trajectory - x: 0.076579, y: 0.000000, phi: 0.000000, v: 0.135791, w: 0.000000[0m
[0m[ INFO] [1748137047.899916539]: [1748137047.900] v: 0.205748, w: -0.006110[0m
[0m[ INFO] [1748137047.901804504]: Received reference trajectory - x: 89.623306, y: 0.000000, phi: 0.000000, v: 146.240036, w: 0.000000[0m
[0m[ INFO] [1748137048.000276057]: [1748137048.000] Robot state - x: 0.043421, y: 0.000051, phi: 0.005636[0m
[0m[ INFO] [1748137048.000399099]: [1748137048.000] Reference trajectory - x: 0.089623, y: 0.000000, phi: 0.000000, v: 0.146240, w: 0.000000[0m
[0m[ INFO] [1748137048.000451804]: [1748137048.000] v: 0.222235, w: -0.009201[0m
[0m[ INFO] [1748137048.002576637]: Received reference trajectory - x: 104.856339, y: 0.000000, phi: 0.000000, v: 157.402298, w: 0.000000[0m
[0m[ INFO] [1748137048.103299170]: Received reference trajectory - x: 121.111687, y: 0.000000, phi: 0.000000, v: 168.328506, w: 0.000000[0m
[0m[ INFO] [1748137048.105495012]: [1748137048.105] Robot state - x: 0.054125, y: 0.000082, phi: 0.003757[0m
[0m[ INFO] [1748137048.105603558]: [1748137048.106] Reference trajectory - x: 0.121112, y: 0.000000, phi: 0.000000, v: 0.168329, w: 0.000000[0m
[0m[ INFO] [1748137048.105649703]: [1748137048.106] v: 0.275768, w: -0.006241[0m
[0m[ INFO] [1748137048.201236539]: [1748137048.201] Robot state - x: 0.066848, y: 0.000165, phi: 0.005636[0m
[0m[ INFO] [1748137048.201357853]: [1748137048.201] Reference trajectory - x: 0.121112, y: 0.000000, phi: 0.000000, v: 0.168329, w: 0.000000[0m
[0m[ INFO] [1748137048.201475103]: [1748137048.201] v: 0.259888, w: -0.009459[0m
[0m[ INFO] [1748137048.202973047]: Received reference trajectory - x: 138.555801, y: 0.000000, phi: 0.000000, v: 179.141556, w: 0.000000[0m
[0m[ INFO] [1748137048.300475593]: [1748137048.300] Robot state - x: 0.080581, y: 0.000217, phi: 0.005636[0m
[0m[ INFO] [1748137048.300659244]: [1748137048.301] Reference trajectory - x: 0.138556, y: 0.000000, phi: 0.000000, v: 0.179142, w: 0.000000[0m
[0m[ INFO] [1748137048.300772110]: [1748137048.301] v: 0.277942, w: -0.009577[0m
[0m[ INFO] [1748137048.301819966]: Received reference trajectory - x: 156.906204, y: 0.000000, phi: 0.000000, v: 189.681122, w: 0.000000[0m
[0m[ INFO] [1748137048.405001226]: Received reference trajectory - x: 176.403763, y: 0.000000, phi: 0.000000, v: 200.100037, w: 0.000000[0m
[0m[ INFO] [1748137048.406733573]: [1748137048.407] Robot state - x: 0.095122, y: 0.000299, phi: 0.005636[0m
[0m[ INFO] [1748137048.406843719]: [1748137048.407] Reference trajectory - x: 0.176404, y: 0.000000, phi: 0.000000, v: 0.200100, w: 0.000000[0m
[0m[ INFO] [1748137048.407104939]: [1748137048.407] v: 0.334380, w: -0.009765[0m
[0m[ INFO] [1748137048.503908499]: Received reference trajectory - x: 196.944870, y: 0.000000, phi: 0.000000, v: 210.345932, w: 0.000000[0m
[0m[ INFO] [1748137048.510695357]: [1748137048.510] Robot state - x: 0.112490, y: 0.000397, phi: 0.005636[0m
[0m[ INFO] [1748137048.510916672]: [1748137048.511] Reference trajectory - x: 0.196945, y: 0.000000, phi: 0.000000, v: 0.210346, w: 0.000000[0m
[0m[ INFO] [1748137048.511097059]: [1748137048.511] v: 0.352050, w: -0.009989[0m
[0m[ INFO] [1748137048.600212563]: [1748137048.600] Robot state - x: 0.130061, y: 0.000512, phi: 0.007515[0m
[0m[ INFO] [1748137048.600310100]: [1748137048.600] Reference trajectory - x: 0.196945, y: 0.000000, phi: 0.000000, v: 0.210346, w: 0.000000[0m
[0m[ INFO] [1748137048.600390262]: [1748137048.600] v: 0.329835, w: -0.013282[0m
[0m[ INFO] [1748137048.601797388]: Received reference trajectory - x: 218.458130, y: 0.000000, phi: 0.000000, v: 220.393692, w: 0.000000[0m
[0m[ INFO] [1748137048.703355998]: Received reference trajectory - x: 241.022415, y: 0.000000, phi: 0.000000, v: 230.288025, w: 0.000000[0m
[0m[ INFO] [1748137048.711595583]: [1748137048.711] Robot state - x: 0.148438, y: 0.000633, phi: 0.009393[0m
[0m[ INFO] [1748137048.711854403]: [1748137048.712] Reference trajectory - x: 0.241022, y: 0.000000, phi: 0.000000, v: 0.230288, w: 0.000000[0m
[0m[ INFO] [1748137048.712264617]: [1748137048.712] v: 0.389004, w: -0.016588[0m
[0m[ INFO] [1748137048.800443946]: [1748137048.800] Robot state - x: 0.169846, y: 0.000794, phi: 0.009393[0m
[0m[ INFO] [1748137048.800546796]: [1748137048.801] Reference trajectory - x: 0.241022, y: 0.000000, phi: 0.000000, v: 0.230288, w: 0.000000[0m
[0m[ INFO] [1748137048.800625037]: [1748137048.801] v: 0.361572, w: -0.016957[0m
[0m[ INFO] [1748137048.801664989]: Received reference trajectory - x: 264.504272, y: 0.000000, phi: 0.000000, v: 239.978394, w: 0.000000[0m
[0m[ INFO] [1748137048.902891082]: Received reference trajectory - x: 288.996887, y: 0.000000, phi: 0.000000, v: 249.511124, w: 0.000000[0m
[0m[ INFO] [1748137048.904717511]: [1748137048.905] Robot state - x: 0.192868, y: 0.001010, phi: 0.009393[0m
[0m[ INFO] [1748137048.904823080]: [1748137048.905] Reference trajectory - x: 0.288997, y: 0.000000, phi: 0.000000, v: 0.249511, w: 0.000000[0m
[0m[ INFO] [1748137048.904887369]: [1748137048.905] v: 0.419101, w: -0.017453[0m
[0m[ INFO] [1748137049.000856356]: [1748137049.001] Robot state - x: 0.215890, y: 0.001226, phi: 0.009393[0m
[0m[ INFO] [1748137049.001001319]: [1748137049.001] Reference trajectory - x: 0.288997, y: 0.000000, phi: 0.000000, v: 0.249511, w: 0.000000[0m
[0m[ INFO] [1748137049.001081224]: [1748137049.001] v: 0.389478, w: -0.017951[0m
[0m[ INFO] [1748137049.002955301]: Received reference trajectory - x: 314.421265, y: 0.000000, phi: 0.000000, v: 258.861115, w: 0.000000[0m
[0m[ INFO] [1748137049.103775501]: Received reference trajectory - x: 340.782135, y: 0.000000, phi: 0.000000, v: 268.036713, w: 0.000000[0m
[0m[ INFO] [1748137049.107788780]: [1748137049.108] Robot state - x: 0.240730, y: 0.001483, phi: 0.011272[0m
[0m[ INFO] [1748137049.107919918]: [1748137049.108] Reference trajectory - x: 0.340782, y: 0.000000, phi: 0.000000, v: 0.268037, w: 0.000000[0m
[0m[ INFO] [1748137049.108128177]: [1748137049.108] v: 0.449237, w: -0.021571[0m
[0m[ INFO] [1748137049.201027102]: [1748137049.201] Robot state - x: 0.267387, y: 0.001734, phi: 0.011272[0m
[0m[ INFO] [1748137049.201181568]: [1748137049.201] Reference trajectory - x: 0.340782, y: 0.000000, phi: 0.000000, v: 0.268037, w: 0.000000[0m
[0m[ INFO] [1748137049.201233089]: [1748137049.201] v: 0.414539, w: -0.022151[0m
[0m[ INFO] [1748137049.202101839]: Received reference trajectory - x: 368.077515, y: 0.000000, phi: 0.000000, v: 277.042480, w: 0.000000[0m
[0m[ INFO] [1748137049.302116874]: Received reference trajectory - x: 396.141083, y: 0.000000, phi: 0.000000, v: 285.831879, w: 0.000000[0m
[0m[ INFO] [1748137049.302474352]: [1748137049.302] Robot state - x: 0.294852, y: 0.002043, phi: 0.011272[0m
[0m[ INFO] [1748137049.302554001]: [1748137049.303] Reference trajectory - x: 0.396141, y: 0.000000, phi: 0.000000, v: 0.285832, w: 0.000000[0m
[0m[ INFO] [1748137049.302613842]: [1748137049.303] v: 0.474938, w: -0.022867[0m
[0m[ INFO] [1748137049.407868512]: Received reference trajectory - x: 425.213013, y: 0.000000, phi: 0.000000, v: 294.485382, w: 0.000000[0m
[0m[ INFO] [1748137049.410729932]: [1748137049.411] Robot state - x: 0.322923, y: 0.002386, phi: 0.013151[0m
[0m[ INFO] [1748137049.410827950]: [1748137049.411] Reference trajectory - x: 0.425213, y: 0.000000, phi: 0.000000, v: 0.294485, w: 0.000000[0m
[0m[ INFO] [1748137049.410915375]: [1748137049.411] v: 0.488610, w: -0.026690[0m
[0m[ INFO] [1748137049.504432517]: Received reference trajectory - x: 455.051514, y: 0.000000, phi: 0.000000, v: 302.935181, w: 0.000000[0m
[0m[ INFO] [1748137049.506747722]: [1748137049.507] Robot state - x: 0.353013, y: 0.002697, phi: 0.011272[0m
[0m[ INFO] [1748137049.506860587]: [1748137049.507] Reference trajectory - x: 0.455052, y: 0.000000, phi: 0.000000, v: 0.302935, w: 0.000000[0m
[0m[ INFO] [1748137049.506928364]: [1748137049.507] v: 0.500315, w: -0.024387[0m
[0m[ INFO] [1748137049.601179406]: [1748137049.601] Robot state - x: 0.383709, y: 0.003043, phi: 0.007515[0m
[0m[ INFO] [1748137049.601275439]: [1748137049.601] Reference trajectory - x: 0.455052, y: 0.000000, phi: 0.000000, v: 0.302935, w: 0.000000[0m
[0m[ INFO] [1748137049.601381009]: [1748137049.601] v: 0.459895, w: -0.019139[0m
[0m[ INFO] [1748137049.603046891]: Received reference trajectory - x: 485.746277, y: 0.000000, phi: 0.000000, v: 311.213135, w: 0.000000[0m
[0m[ INFO] [1748137049.703811314]: Received reference trajectory - x: 517.286011, y: 0.000000, phi: 0.000000, v: 319.320160, w: 0.000000[0m
[0m[ INFO] [1748137049.707722832]: [1748137049.707] Robot state - x: 0.418242, y: 0.003400, phi: 0.005636[0m
[0m[ INFO] [1748137049.708483676]: [1748137049.708] Reference trajectory - x: 0.517286, y: 0.000000, phi: 0.000000, v: 0.319320, w: 0.000000[0m
[0m[ INFO] [1748137049.708741024]: [1748137049.709] v: 0.518534, w: -0.016946[0m
[0m[ INFO] [1748137049.800675677]: [1748137049.801] Robot state - x: 0.454391, y: 0.003705, phi: 0.007515[0m
[0m[ INFO] [1748137049.800789407]: [1748137049.801] Reference trajectory - x: 0.517286, y: 0.000000, phi: 0.000000, v: 0.319320, w: 0.000000[0m
[0m[ INFO] [1748137049.800893376]: [1748137049.801] v: 0.470186, w: -0.020698[0m
[0m[ INFO] [1748137049.801949745]: Received reference trajectory - x: 549.603821, y: 0.000000, phi: 0.000000, v: 327.243469, w: 0.000000[0m
[0m[ INFO] [1748137049.903345058]: Received reference trajectory - x: 582.742859, y: 0.000000, phi: 0.000000, v: 334.997864, w: 0.000000[0m
[0m[ INFO] [1748137049.905690663]: [1748137049.906] Robot state - x: 0.488320, y: 0.003897, phi: 0.007515[0m
[0m[ INFO] [1748137049.905811305]: [1748137049.906] Reference trajectory - x: 0.582743, y: 0.000000, phi: 0.000000, v: 0.334998, w: 0.000000[0m
[0m[ INFO] [1748137049.905998604]: [1748137049.906] v: 0.533309, w: -0.021167[0m
[0m[ INFO] [1748137050.000567698]: [1748137050.000] Robot state - x: 0.521037, y: 0.004142, phi: 0.007515[0m
[0m[ INFO] [1748137050.000723540]: [1748137050.001] Reference trajectory - x: 0.582743, y: 0.000000, phi: 0.000000, v: 0.334998, w: 0.000000[0m
[0m[ INFO] [1748137050.000787221]: [1748137050.001] v: 0.489721, w: -0.021761[0m
[0m[ INFO] [1748137050.002024137]: Received reference trajectory - x: 616.584167, y: 0.000000, phi: 0.000000, v: 342.560028, w: 0.000000[0m
[0m[ INFO] [1748137050.104663983]: Received reference trajectory - x: 651.238281, y: 0.000000, phi: 0.000000, v: 349.958649, w: 0.000000[0m
[0m[ INFO] [1748137050.108102309]: [1748137050.108] Robot state - x: 0.556783, y: 0.004377, phi: 0.005636[0m
[0m[ INFO] [1748137050.108236967]: [1748137050.108] Reference trajectory - x: 0.651238, y: 0.000000, phi: 0.000000, v: 0.349959, w: 0.000000[0m
[0m[ INFO] [1748137050.108561356]: [1748137050.108] v: 0.553837, w: -0.019305[0m
[0m[ INFO] [1748137050.200609037]: [1748137050.200] Robot state - x: 0.595356, y: 0.004704, phi: 0.007515[0m
[0m[ INFO] [1748137050.200719470]: [1748137050.201] Reference trajectory - x: 0.651238, y: 0.000000, phi: 0.000000, v: 0.349959, w: 0.000000[0m
[0m[ INFO] [1748137050.200808880]: [1748137050.201] v: 0.501851, w: -0.023113[0m
[0m[ INFO] [1748137050.202666733]: Received reference trajectory - x: 686.581970, y: 0.000000, phi: 0.000000, v: 357.170868, w: 0.000000[0m
[0m[ INFO] [1748137050.302437446]: [1748137050.302] Robot state - x: 0.634333, y: 0.004887, phi: 0.005636[0m
[0m[ INFO] [1748137050.303126289]: [1748137050.303] Reference trajectory - x: 0.686582, y: 0.000000, phi: 0.000000, v: 0.357171, w: 0.000000[0m
[0m[ INFO] [1748137050.303337012]: [1748137050.303] v: 0.505826, w: -0.020545[0m
[0m[ INFO] [1748137050.303731611]: Received reference trajectory - x: 722.794067, y: 0.000000, phi: 0.000000, v: 364.235260, w: 0.000000[0m
[0m[ INFO] [1748137050.400375427]: [1748137050.400] Robot state - x: 0.671897, y: 0.005169, phi: 0.005636[0m
[0m[ INFO] [1748137050.400521445]: [1748137050.400] Reference trajectory - x: 0.722794, y: 0.000000, phi: 0.000000, v: 0.364235, w: 0.000000[0m
[0m[ INFO] [1748137050.400597190]: [1748137050.401] v: 0.512800, w: -0.021231[0m
[0m[ INFO] [1748137050.401955260]: Received reference trajectory - x: 759.478027, y: 0.000000, phi: 0.000000, v: 371.078857, w: 0.000000[0m
[0m[ INFO] [1748137050.501350095]: [1748137050.501] Robot state - x: 0.711884, y: 0.005394, phi: 0.005636[0m
[0m[ INFO] [1748137050.501523826]: [1748137050.501] Reference trajectory - x: 0.759478, y: 0.000000, phi: 0.000000, v: 0.371079, w: 0.000000[0m
[0m[ INFO] [1748137050.501619955]: [1748137050.502] v: 0.516705, w: -0.021791[0m
[0m[ INFO] [1748137050.501913400]: Received reference trajectory - x: 796.870117, y: 0.000000, phi: 0.000000, v: 377.751434, w: 0.000000[0m
[0m[ INFO] [1748137050.601291339]: [1748137050.601] Robot state - x: 0.751063, y: 0.005762, phi: 0.013151[0m
[0m[ INFO] [1748137050.601439086]: [1748137050.601] Reference trajectory - x: 0.796870, y: 0.000000, phi: 0.000000, v: 0.377751, w: 0.000000[0m
[0m[ INFO] [1748137050.601506447]: [1748137050.601] v: 0.522498, w: -0.034789[0m
[0m[ INFO] [1748137050.601875412]: Received reference trajectory - x: 834.984863, y: 0.000000, phi: 0.000000, v: 384.257599, w: 0.000000[0m
[0m[ INFO] [1748137050.703233255]: Received reference trajectory - x: 873.710571, y: 0.000000, phi: 0.000000, v: 390.580902, w: 0.000000[0m
[0m[ INFO] [1748137050.705683693]: [1748137050.706] Robot state - x: 0.788823, y: 0.006436, phi: 0.037574[0m
[0m[ INFO] [1748137050.705853776]: [1748137050.706] Reference trajectory - x: 0.873711, y: 0.000000, phi: 0.000000, v: 0.390581, w: 0.000000[0m
[0m[ INFO] [1748137050.705933681]: [1748137050.706] v: 0.593000, w: -0.075735[0m
[0m[ INFO] [1748137050.803242212]: [1748137050.803] Robot state - x: 0.824546, y: 0.007746, phi: 0.084541[0m
[0m[ INFO] [1748137050.803366214]: [1748137050.803] Reference trajectory - x: 0.873711, y: 0.000000, phi: 0.000000, v: 0.390581, w: 0.000000[0m
[0m[ INFO] [1748137050.803901998]: [1748137050.803] v: 0.544763, w: -0.154462[0m
[0m[ INFO] [1748137050.804562745]: Received reference trajectory - x: 913.100830, y: 0.000000, phi: 0.000000, v: 396.732910, w: 0.000000[0m
[0m[ INFO] [1748137050.903407491]: Received reference trajectory - x: 953.052856, y: 0.000000, phi: 0.000000, v: 402.700378, w: 0.000000[0m
[0m[ INFO] [1748137050.910140909]: [1748137050.910] Robot state - x: 0.856754, y: 0.010353, phi: 0.170961[0m
[0m[ INFO] [1748137050.910346192]: [1748137050.910] Reference trajectory - x: 0.953053, y: 0.000000, phi: 0.000000, v: 0.402700, w: 0.000000[0m
[0m[ INFO] [1748137050.910591764]: [1748137050.911] v: 0.626226, w: -0.299725[0m
[0m[ INFO] [1748137051.002367568]: [1748137051.002] Robot state - x: 0.894300, y: 0.014425, phi: 0.217928[0m
[0m[ INFO] [1748137051.002630900]: [1748137051.003] Reference trajectory - x: 0.953053, y: 0.000000, phi: 0.000000, v: 0.402700, w: 0.000000[0m
[0m[ INFO] [1748137051.002677973]: [1748137051.003] v: 0.575778, w: -0.384726[0m
[0m[ INFO] [1748137051.002820183]: Received reference trajectory - x: 993.681152, y: 0.000000, phi: 0.000000, v: 408.502655, w: 0.000000[0m
[0m[ INFO] [1748137051.102410671]: Received reference trajectory - x: 1034.744751, y: 0.000000, phi: 0.000000, v: 414.108307, w: 0.000000[0m
[0m[ INFO] [1748137051.105392126]: [1748137051.105] Robot state - x: 0.934187, y: 0.021969, phi: 0.249866[0m
[0m[ INFO] [1748137051.105568097]: [1748137051.105] Reference trajectory - x: 1.034745, y: 0.000000, phi: 0.000000, v: 0.414108, w: 0.000000[0m
[0m[ INFO] [1748137051.105688643]: [1748137051.106] v: 0.649225, w: -0.453378[0m
[0m[ INFO] [1748137051.200455407]: [1748137051.200] Robot state - x: 0.975114, y: 0.031436, phi: 0.268653[0m
[0m[ INFO] [1748137051.200599826]: [1748137051.201] Reference trajectory - x: 1.034745, y: 0.000000, phi: 0.000000, v: 0.414108, w: 0.000000[0m
[0m[ INFO] [1748137051.200649554]: [1748137051.201] v: 0.594078, w: -0.505249[0m
[0m[ INFO] [1748137051.201952263]: Received reference trajectory - x: 1076.405518, y: 0.000000, phi: 0.000000, v: 419.542664, w: 0.000000[0m
[0m[ INFO] [1748137051.303814691]: Received reference trajectory - x: 1118.742432, y: 0.000000, phi: 0.000000, v: 424.816711, w: 0.000000[0m
[0m[ INFO] [1748137051.307366202]: [1748137051.307] Robot state - x: 1.016704, y: 0.042425, phi: 0.285561[0m
[0m[ INFO] [1748137051.307484796]: [1748137051.307] Reference trajectory - x: 1.118742, y: 0.000000, phi: 0.000000, v: 0.424817, w: 0.000000[0m
[0m[ INFO] [1748137051.307817249]: [1748137051.308] v: 0.667721, w: -0.557621[0m
[0m[ INFO] [1748137051.401107415]: [1748137051.401] Robot state - x: 1.059497, y: 0.054380, phi: 0.293076[0m
[0m[ INFO] [1748137051.401257113]: [1748137051.401] Reference trajectory - x: 1.118742, y: 0.000000, phi: 0.000000, v: 0.424817, w: 0.000000[0m
[0m[ INFO] [1748137051.401347450]: [1748137051.401] v: 0.609950, w: -0.597140[0m
[0m[ INFO] [1748137051.402015077]: Received reference trajectory - x: 1161.366699, y: 0.000000, phi: 0.000000, v: 429.884979, w: 0.000000[0m
[0m[ INFO] [1748137051.504468778]: Received reference trajectory - x: 1204.669800, y: 0.000000, phi: 0.000000, v: 434.796600, w: 0.000000[0m
[0m[ INFO] [1748137051.509238101]: [1748137051.509] Robot state - x: 1.103291, y: 0.067237, phi: 0.293076[0m
[0m[ INFO] [1748137051.509469272]: [1748137051.509] Reference trajectory - x: 1.204670, y: 0.000000, phi: 0.000000, v: 0.434797, w: 0.000000[0m
[0m[ INFO] [1748137051.509542137]: [1748137051.510] v: 0.682456, w: -0.626704[0m
[0m[ INFO] [1748137051.603696604]: Received reference trajectory - x: 1248.458252, y: 0.000000, phi: 0.000000, v: 439.530121, w: 0.000000[0m
[0m[ INFO] [1748137051.606162307]: [1748137051.606] Robot state - x: 1.144090, y: 0.080221, phi: 0.323135[0m
[0m[ INFO] [1748137051.606298853]: [1748137051.606] Reference trajectory - x: 1.248458, y: 0.000000, phi: 0.000000, v: 0.439530, w: 0.000000[0m
[0m[ INFO] [1748137051.606381030]: [1748137051.606] v: 0.695062, w: -0.705134[0m
[0m[ INFO] [1748137051.704205251]: Received reference trajectory - x: 1292.536865, y: 0.000000, phi: 0.000000, v: 444.067719, w: 0.000000[0m
[0m[ INFO] [1748137051.712323522]: [1748137051.712] Robot state - x: 1.181985, y: 0.092990, phi: 0.387011[0m
[0m[ INFO] [1748137051.712437220]: [1748137051.712] Reference trajectory - x: 1.292537, y: 0.000000, phi: 0.000000, v: 0.444068, w: 0.000000[0m
[0m[ INFO] [1748137051.712506085]: [1748137051.712] v: 0.712159, w: -0.837718[0m
[0m[ INFO] [1748137051.802624361]: Received reference trajectory - x: 1337.453613, y: 0.000000, phi: 0.000000, v: 448.465973, w: 0.000000[0m
[0m[ INFO] [1748137051.805768890]: [1748137051.806] Robot state - x: 1.222525, y: 0.107376, phi: 0.422706[0m
[0m[ INFO] [1748137051.805901116]: [1748137051.806] Reference trajectory - x: 1.337454, y: 0.000000, phi: 0.000000, v: 0.448466, w: 0.000000[0m
[0m[ INFO] [1748137051.806131360]: [1748137051.806] v: 0.726743, w: -0.928655[0m
[0m[ INFO] [1748137051.900018335]: [1748137051.900] Robot state - x: 1.265476, y: 0.125590, phi: 0.450886[0m
[0m[ INFO] [1748137051.900289603]: [1748137051.900] Reference trajectory - x: 1.337454, y: 0.000000, phi: 0.000000, v: 0.448466, w: 0.000000[0m
[0m[ INFO] [1748137051.900386404]: [1748137051.900] v: 0.669202, w: -1.016264[0m
[0m[ INFO] [1748137051.902157792]: Received reference trajectory - x: 1382.183105, y: 0.000000, phi: 0.000000, v: 452.627899, w: 0.000000[0m
[0m[ INFO] [1748137052.003979003]: Received reference trajectory - x: 1427.745117, y: 0.000000, phi: 0.000000, v: 456.651428, w: 0.000000[0m
[0m[ INFO] [1748137052.007039243]: [1748137052.007] Robot state - x: 1.310349, y: 0.146438, phi: 0.475309[0m
[0m[ INFO] [1748137052.007211598]: [1748137052.007] Reference trajectory - x: 1.427745, y: 0.000000, phi: 0.000000, v: 0.456651, w: 0.000000[0m
[0m[ INFO] [1748137052.007277295]: [1748137052.007] v: 0.745076, w: -1.103942[0m
[0m[ INFO] [1748137052.103351057]: Received reference trajectory - x: 1473.544312, y: 0.000000, phi: 0.000000, v: 460.483643, w: 0.000000[0m
[0m[ INFO] [1748137052.110015834]: [1748137052.110] Robot state - x: 1.361745, y: 0.170023, phi: 0.433978[0m
[0m[ INFO] [1748137052.110106139]: [1748137052.110] Reference trajectory - x: 1.473544, y: 0.000000, phi: 0.000000, v: 0.460484, w: 0.000000[0m
[0m[ INFO] [1748137052.110189405]: [1748137052.110] v: 0.745032, w: -1.092017[0m
[0m[ INFO] [1748137052.200889419]: [1748137052.201] Robot state - x: 1.420961, y: 0.195399, phi: 0.293076[0m
[0m[ INFO] [1748137052.201019629]: [1748137052.201] Reference trajectory - x: 1.473544, y: 0.000000, phi: 0.000000, v: 0.460484, w: 0.000000[0m
[0m[ INFO] [1748137052.201097678]: [1748137052.201] v: 0.664049, w: -0.923873[0m
[0m[ INFO] [1748137052.203065421]: Received reference trajectory - x: 1519.805786, y: 0.000000, phi: 0.000000, v: 464.145325, w: 0.000000[0m
[0m[ INFO] [1748137052.303733208]: [1748137052.303] Robot state - x: 1.478995, y: 0.217790, phi: 0.161568[0m
[0m[ INFO] [1748137052.304647686]: [1748137052.305] Reference trajectory - x: 1.519806, y: 0.000000, phi: 0.000000, v: 0.464145, w: 0.000000[0m
[0m[ INFO] [1748137052.304900554]: [1748137052.305] v: 0.652684, w: -0.764385[0m
[0m[ INFO] [1748137052.305124974]: Received reference trajectory - x: 1566.605591, y: 0.000000, phi: 0.000000, v: 467.642120, w: 0.000000[0m
[0m[ INFO] [1748137052.401882747]: Received reference trajectory - x: 1613.266724, y: 0.000000, phi: 0.000000, v: 470.926727, w: 0.000000[0m
[0m[ INFO] [1748137052.403380018]: [1748137052.403] Robot state - x: 1.537393, y: 0.232343, phi: 0.063876[0m
[0m[ INFO] [1748137052.403504884]: [1748137052.403] Reference trajectory - x: 1.613267, y: 0.000000, phi: 0.000000, v: 0.470927, w: 0.000000[0m
[0m[ INFO] [1748137052.403572821]: [1748137052.404] v: 0.711200, w: -0.641940[0m
[0m[ INFO] [1748137052.504331265]: Received reference trajectory - x: 1660.557983, y: 0.000000, phi: 0.000000, v: 474.055603, w: 0.000000[0m
[0m[ INFO] [1748137052.511407248]: [1748137052.511] Robot state - x: 1.598359, y: 0.239593, phi: -0.022544[0m
[0m[ INFO] [1748137052.511639540]: [1748137052.512] Reference trajectory - x: 1.660558, y: 0.000000, phi: 0.000000, v: 0.474056, w: 0.000000[0m
[0m[ INFO] [1748137052.511719765]: [1748137052.512] v: 0.697397, w: -0.521325[0m
[0m[ INFO] [1748137052.601804570]: Received reference trajectory - x: 1708.065186, y: 0.000000, phi: 0.000000, v: 477.001099, w: 0.000000[0m
[0m[ INFO] [1748137052.602012669]: [1748137052.602] Robot state - x: 1.657721, y: 0.240931, phi: -0.105207[0m
[0m[ INFO] [1748137052.602078942]: [1748137052.602] Reference trajectory - x: 1.708065, y: 0.000000, phi: 0.000000, v: 0.477001, w: 0.000000[0m
[0m[ INFO] [1748137052.602147871]: [1748137052.602] v: 0.685539, w: -0.393498[0m
[0m[ INFO] [1748137052.703598006]: Received reference trajectory - x: 1755.946045, y: 0.000000, phi: 0.000000, v: 479.774078, w: 0.000000[0m
[0m[ INFO] [1748137052.710335104]: [1748137052.710] Robot state - x: 1.716784, y: 0.237321, phi: -0.182233[0m
[0m[ INFO] [1748137052.710475682]: [1748137052.710] Reference trajectory - x: 1.755946, y: 0.000000, phi: 0.000000, v: 0.479774, w: 0.000000[0m
[0m[ INFO] [1748137052.710592100]: [1748137052.711] v: 0.674052, w: -0.263598[0m
[0m[ INFO] [1748137052.800276738]: [1748137052.800] Robot state - x: 1.778147, y: 0.228440, phi: -0.259260[0m
[0m[ INFO] [1748137052.800410564]: [1748137052.800] Reference trajectory - x: 1.755946, y: 0.000000, phi: 0.000000, v: 0.479774, w: 0.000000[0m
[0m[ INFO] [1748137052.800457221]: [1748137052.800] v: 0.587424, w: -0.121769[0m
[0m[ INFO] [1748137052.802108639]: Received reference trajectory - x: 1804.171631, y: 0.000000, phi: 0.000000, v: 482.372955, w: 0.000000[0m
[0m[ INFO] [1748137052.903075694]: Received reference trajectory - x: 1852.381836, y: 0.000000, phi: 0.000000, v: 484.780396, w: 0.000000[0m
[0m[ INFO] [1748137052.907139630]: [1748137052.907] Robot state - x: 1.839743, y: 0.215164, phi: -0.319378[0m
[0m[ INFO] [1748137052.907244272]: [1748137052.907] Reference trajectory - x: 1.852382, y: 0.000000, phi: 0.000000, v: 0.484780, w: 0.000000[0m
[0m[ INFO] [1748137052.907290448]: [1748137052.907] v: 0.641615, w: 0.002817[0m
[0m[ INFO] [1748137053.001944893]: Received reference trajectory - x: 1900.957275, y: 0.000000, phi: 0.000000, v: 487.017029, w: 0.000000[0m
[0m[ INFO] [1748137053.101699099]: Received reference trajectory - x: 1949.751831, y: 0.000000, phi: 0.000000, v: 489.076202, w: 0.000000[0m
[0m[ INFO] [1748137053.143362825]: [1748137053.143] Robot state - x: 1.898895, y: 0.197979, phi: -0.366345[0m
[0m[ INFO] [1748137053.143496107]: [1748137053.143] Reference trajectory - x: 1.949752, y: 0.000000, phi: 0.000000, v: 0.489076, w: 0.000000[0m
[0m[ INFO] [1748137053.143570284]: [1748137053.144] v: 0.701175, w: 0.115161[0m
[0m[ INFO] [1748137053.145399401]: [1748137053.145] Robot state - x: 1.953312, y: 0.178612, phi: -0.411434[0m
[0m[ INFO] [1748137053.145524107]: [1748137053.145] Reference trajectory - x: 1.949752, y: 0.000000, phi: 0.000000, v: 0.489076, w: 0.000000[0m
[0m[ INFO] [1748137053.145595884]: [1748137053.146] v: 0.624922, w: 0.229572[0m
[0m[ INFO] [1748137053.200537738]: [1748137053.200] Robot state - x: 2.003022, y: 0.161077, phi: -0.450886[0m
[0m[ INFO] [1748137053.200683468]: [1748137053.201] Reference trajectory - x: 1.949752, y: 0.000000, phi: 0.000000, v: 0.489076, w: 0.000000[0m
[0m[ INFO] [1748137053.200741485]: [1748137053.201] v: 0.553496, w: 0.330955[0m
[0m[ INFO] [1748137053.202917039]: Received reference trajectory - x: 1998.916016, y: 0.000000, phi: 0.000000, v: 490.963989, w: 0.000000[0m
[0m[ INFO] [1748137053.303175157]: Received reference trajectory - x: 2047.984009, y: 0.000000, phi: 0.000000, v: 492.663757, w: 0.000000[0m
[0m[ INFO] [1748137053.309857566]: [1748137053.310] Robot state - x: 2.053273, y: 0.137904, phi: -0.492218[0m
[0m[ INFO] [1748137053.310089282]: [1748137053.310] Reference trajectory - x: 2.047984, y: 0.000000, phi: 0.000000, v: 0.492664, w: 0.000000[0m
[0m[ INFO] [1748137053.310261124]: [1748137053.310] v: 0.624021, w: 0.448271[0m
[0m[ INFO] [1748137053.400509517]: [1748137053.400] Robot state - x: 2.107248, y: 0.110380, phi: -0.533549[0m
[0m[ INFO] [1748137053.400651311]: [1748137053.401] Reference trajectory - x: 2.047984, y: 0.000000, phi: 0.000000, v: 0.492664, w: 0.000000[0m
[0m[ INFO] [1748137053.400725328]: [1748137053.401] v: 0.546416, w: 0.575636[0m
[0m[ INFO] [1748137053.402727280]: Received reference trajectory - x: 2097.291260, y: 0.000000, phi: 0.000000, v: 494.188873, w: 0.000000[0m
[0m[ INFO] [1748137053.501930501]: Received reference trajectory - x: 2146.798584, y: 0.000000, phi: 0.000000, v: 495.537903, w: 0.000000[0m
[0m[ INFO] [1748137053.503219001]: [1748137053.503] Robot state - x: 2.159799, y: 0.081046, phi: -0.567365[0m
[0m[ INFO] [1748137053.503486942]: [1748137053.503] Reference trajectory - x: 2.146799, y: 0.000000, phi: 0.000000, v: 0.495538, w: 0.000000[0m
[0m[ INFO] [1748137053.503805123]: [1748137053.504] v: 0.613552, w: 0.695251[0m
[0m[ INFO] [1748137053.601811557]: [1748137053.602] Robot state - x: 2.206749, y: 0.053313, phi: -0.567365[0m
[0m[ INFO] [1748137053.601948167]: [1748137053.602] Reference trajectory - x: 2.146799, y: 0.000000, phi: 0.000000, v: 0.495538, w: 0.000000[0m
[0m[ INFO] [1748137053.602015208]: [1748137053.602] v: 0.545751, w: 0.757036[0m
[0m[ INFO] [1748137053.602126922]: Received reference trajectory - x: 2196.404785, y: 0.000000, phi: 0.000000, v: 496.708405, w: 0.000000[0m
[0m[ INFO] [1748137053.703734725]: Received reference trajectory - x: 2246.143799, y: 0.000000, phi: 0.000000, v: 497.701660, w: 0.000000[0m
[0m[ INFO] [1748137053.710100777]: [1748137053.710] Robot state - x: 2.253869, y: 0.023534, phi: -0.559851[0m
[0m[ INFO] [1748137053.710381837]: [1748137053.710] Reference trajectory - x: 2.246144, y: 0.000000, phi: 0.000000, v: 0.497702, w: 0.000000[0m
[0m[ INFO] [1748137053.710552752]: [1748137053.711] v: 0.620704, w: 0.811603[0m
[0m[ INFO] [1748137053.807334431]: Received reference trajectory - x: 2296.333252, y: 0.000000, phi: 0.000000, v: 498.522247, w: 0.000000[0m
[0m[ INFO] [1748137053.809664548]: [1748137053.810] Robot state - x: 2.302155, y: -0.007046, phi: -0.554214[0m
[0m[ INFO] [1748137053.809819462]: [1748137053.810] Reference trajectory - x: 2.296333, y: 0.000000, phi: 0.000000, v: 0.498522, w: 0.000000[0m
[0m[ INFO] [1748137053.809892135]: [1748137053.810] v: 0.623981, w: 0.871303[0m
[0m[ INFO] [1748137053.903449028]: Received reference trajectory - x: 2345.845703, y: 0.000000, phi: 0.000000, v: 499.154114, w: 0.000000[0m
[0m[ INFO] [1748137053.910868536]: [1748137053.911] Robot state - x: 2.350782, y: -0.037079, phi: -0.541064[0m
[0m[ INFO] [1748137053.911114076]: [1748137053.911] Reference trajectory - x: 2.345846, y: 0.000000, phi: 0.000000, v: 0.499154, w: 0.000000[0m
[0m[ INFO] [1748137053.911204670]: [1748137053.911] v: 0.625676, w: 0.917962[0m
[0m[ INFO] [1748137054.001352453]: [1748137054.001] Robot state - x: 2.398215, y: -0.065580, phi: -0.514762[0m
[0m[ INFO] [1748137054.002511127]: [1748137054.002] Reference trajectory - x: 2.345846, y: 0.000000, phi: 0.000000, v: 0.499154, w: 0.000000[0m
[0m[ INFO] [1748137054.002598296]: [1748137054.003] v: 0.557468, w: 0.940266[0m
[0m[ INFO] [1748137054.004290163]: Received reference trajectory - x: 2395.972900, y: 0.000000, phi: 0.000000, v: 499.615021, w: 0.000000[0m
[0m[ INFO] [1748137054.103172100]: Received reference trajectory - x: 2445.756592, y: 0.000000, phi: 0.000000, v: 499.895355, w: 0.000000[0m
[0m[ INFO] [1748137054.105234565]: [1748137054.105] Robot state - x: 2.447964, y: -0.094528, phi: -0.486582[0m
[0m[ INFO] [1748137054.105325766]: [1748137054.105] Reference trajectory - x: 2.445757, y: 0.000000, phi: 0.000000, v: 0.499895, w: 0.000000[0m
[0m[ INFO] [1748137054.105375623]: [1748137054.105] v: 0.628305, w: 0.960834[0m
[0m[ INFO] [1748137054.201083079]: [1748137054.201] Robot state - x: 2.500993, y: -0.123414, phi: -0.454644[0m
[0m[ INFO] [1748137054.201204489]: [1748137054.201] Reference trajectory - x: 2.445757, y: 0.000000, phi: 0.000000, v: 0.499895, w: 0.000000[0m
[0m[ INFO] [1748137054.201249258]: [1748137054.201] v: 0.552167, w: 0.975497[0m
[0m[ INFO] [1748137054.201830579]: Received reference trajectory - x: 2495.731689, y: 0.000000, phi: 0.000000, v: 499.999359, w: 0.000000[0m
[0m[ INFO] [1748137054.303053705]: Received reference trajectory - x: 2545.787842, y: 0.000000, phi: 0.000000, v: 499.925446, w: 0.000000[0m
[0m[ INFO] [1748137054.310702689]: [1748137054.310] Robot state - x: 2.552597, y: -0.149362, phi: -0.413312[0m
[0m[ INFO] [1748137054.310973286]: [1748137054.311] Reference trajectory - x: 2.545788, y: 0.000000, phi: 0.000000, v: 0.499925, w: 0.000000[0m
[0m[ INFO] [1748137054.311168713]: [1748137054.311] v: 0.619705, w: 0.968677[0m
[0m[ INFO] [1748137054.400709480]: [1748137054.401] Robot state - x: 2.600929, y: -0.171872, phi: -0.375739[0m
[0m[ INFO] [1748137054.400964684]: [1748137054.401] Reference trajectory - x: 2.545788, y: 0.000000, phi: 0.000000, v: 0.499925, w: 0.000000[0m
[0m[ INFO] [1748137054.401070989]: [1748137054.401] v: 0.550140, w: 0.960411[0m
[0m[ INFO] [1748137054.402189151]: Received reference trajectory - x: 2595.740967, y: 0.000000, phi: 0.000000, v: 499.673950, w: 0.000000[0m
[0m[ INFO] [1748137054.501850845]: Received reference trajectory - x: 2645.640625, y: 0.000000, phi: 0.000000, v: 499.245056, w: 0.000000[0m
[0m[ INFO] [1748137054.503783131]: [1748137054.504] Robot state - x: 2.652262, y: -0.193075, phi: -0.332529[0m
[0m[ INFO] [1748137054.503981662]: [1748137054.504] Reference trajectory - x: 2.645641, y: 0.000000, phi: 0.000000, v: 0.499245, w: 0.000000[0m
[0m[ INFO] [1748137054.504075712]: [1748137054.504] v: 0.617104, w: 0.940336[0m
[0m[ INFO] [1748137054.602047811]: Received reference trajectory - x: 2695.545898, y: 0.000000, phi: 0.000000, v: 498.637939, w: 0.000000[0m
[0m[ INFO] [1748137054.603892704]: [1748137054.604] Robot state - x: 2.706836, y: -0.213194, phi: -0.287440[0m
[0m[ INFO] [1748137054.604061731]: [1748137054.604] Reference trajectory - x: 2.695546, y: 0.000000, phi: 0.000000, v: 0.498638, w: 0.000000[0m
[0m[ INFO] [1748137054.604121732]: [1748137054.604] v: 0.609566, w: 0.914997[0m
[0m[ INFO] [1748137054.703910404]: Received reference trajectory - x: 2745.386475, y: 0.000000, phi: 0.000000, v: 497.852905, w: 0.000000[0m
[0m[ INFO] [1748137054.709713695]: [1748137054.709] Robot state - x: 2.761700, y: -0.230597, phi: -0.236715[0m
[0m[ INFO] [1748137054.709933410]: [1748137054.710] Reference trajectory - x: 2.745386, y: 0.000000, phi: 0.000000, v: 0.497853, w: 0.000000[0m
[0m[ INFO] [1748137054.710301928]: [1748137054.710] v: 0.601176, w: 0.874646[0m
[0m[ INFO] [1748137054.801262141]: [1748137054.801] Robot state - x: 2.813756, y: -0.244666, phi: -0.189748[0m
[0m[ INFO] [1748137054.801458081]: [1748137054.801] Reference trajectory - x: 2.745386, y: 0.000000, phi: 0.000000, v: 0.497853, w: 0.000000[0m
[0m[ INFO] [1748137054.801598979]: [1748137054.802] v: 0.525935, w: 0.832999[0m
[0m[ INFO] [1748137054.802047146]: Received reference trajectory - x: 2795.162354, y: 0.000000, phi: 0.000000, v: 496.889496, w: 0.000000[0m
[0m[ INFO] [1748137054.904064621]: Received reference trajectory - x: 2844.759521, y: 0.000000, phi: 0.000000, v: 495.749847, w: 0.000000[0m
[0m[ INFO] [1748137054.905327169]: [1748137054.905] Robot state - x: 2.869638, y: -0.256656, phi: -0.139023[0m
[0m[ INFO] [1748137054.905430018]: [1748137054.905] Reference trajectory - x: 2.844759, y: 0.000000, phi: 0.000000, v: 0.495750, w: 0.000000[0m
[0m[ INFO] [1748137054.905494947]: [1748137054.905] v: 0.583794, w: 0.780745[0m
[0m[ INFO] [1748137055.002334549]: [1748137055.002] Robot state - x: 2.926801, y: -0.266249, phi: -0.092056[0m
[0m[ INFO] [1748137055.002460439]: [1748137055.002] Reference trajectory - x: 2.844759, y: 0.000000, phi: 0.000000, v: 0.495750, w: 0.000000[0m
[0m[ INFO] [1748137055.003343269]: [1748137055.003] v: 0.500924, w: 0.729256[0m
[0m[ INFO] [1748137055.003492583]: Received reference trajectory - x: 2894.262939, y: 0.000000, phi: 0.000000, v: 494.431854, w: 0.000000[0m
[0m[ INFO] [1748137055.104025588]: Received reference trajectory - x: 2943.659424, y: 0.000000, phi: 0.000000, v: 492.935059, w: 0.000000[0m
[0m[ INFO] [1748137055.105467467]: [1748137055.105] Robot state - x: 2.981763, y: -0.272680, phi: -0.046967[0m
[0m[ INFO] [1748137055.105607021]: [1748137055.106] Reference trajectory - x: 2.943659, y: 0.000000, phi: 0.000000, v: 0.492935, w: 0.000000[0m
[0m[ INFO] [1748137055.105685102]: [1748137055.106] v: 0.558230, w: 0.673755[0m
[0m[ INFO] [1748137055.201134860]: [1748137055.201] Robot state - x: 3.033551, y: -0.276139, phi: 0.003757[0m
[0m[ INFO] [1748137055.201246829]: [1748137055.201] Reference trajectory - x: 2.943659, y: 0.000000, phi: 0.000000, v: 0.492935, w: 0.000000[0m
[0m[ INFO] [1748137055.201447569]: [1748137055.201] v: 0.482602, w: 0.602526[0m
[0m[ INFO] [1748137055.202379615]: Received reference trajectory - x: 2992.834473, y: 0.000000, phi: 0.000000, v: 491.262573, w: 0.000000[0m
[0m[ INFO] [1748137055.303633112]: Received reference trajectory - x: 3041.903320, y: 0.000000, phi: 0.000000, v: 489.409760, w: 0.000000[0m
[0m[ INFO] [1748137055.309618518]: [1748137055.310] Robot state - x: 3.086853, y: -0.277441, phi: 0.048846[0m
[0m[ INFO] [1748137055.309751736]: [1748137055.310] Reference trajectory - x: 3.041903, y: 0.000000, phi: 0.000000, v: 0.489410, w: 0.000000[0m
[0m[ INFO] [1748137055.309810937]: [1748137055.310] v: 0.540360, w: 0.535547[0m
[0m[ INFO] [1748137055.401359257]: [1748137055.401] Robot state - x: 3.140759, y: -0.276074, phi: 0.092056[0m
[0m[ INFO] [1748137055.401466363]: [1748137055.401] Reference trajectory - x: 3.041903, y: 0.000000, phi: 0.000000, v: 0.489410, w: 0.000000[0m
[0m[ INFO] [1748137055.401537180]: [1748137055.402] v: 0.461453, w: 0.465585[0m
[0m[ INFO] [1748137055.402329256]: Received reference trajectory - x: 3090.803955, y: 0.000000, phi: 0.000000, v: 487.377838, w: 0.000000[0m
[0m[ INFO] [1748137055.502161226]: Received reference trajectory - x: 3139.362549, y: 0.000000, phi: 0.000000, v: 485.173798, w: 0.000000[0m
[0m[ INFO] [1748137055.504158218]: [1748137055.504] Robot state - x: 3.193948, y: -0.272370, phi: 0.133387[0m
[0m[ INFO] [1748137055.504375853]: [1748137055.504] Reference trajectory - x: 3.139363, y: 0.000000, phi: 0.000000, v: 0.485174, w: 0.000000[0m
[0m[ INFO] [1748137055.504457134]: [1748137055.504] v: 0.517220, w: 0.393365[0m
[0m[ INFO] [1748137055.600696792]: [1748137055.601] Robot state - x: 3.244117, y: -0.266691, phi: 0.174719[0m
[0m[ INFO] [1748137055.600838650]: [1748137055.601] Reference trajectory - x: 3.139363, y: 0.000000, phi: 0.000000, v: 0.485174, w: 0.000000[0m
[0m[ INFO] [1748137055.600939164]: [1748137055.601] v: 0.443331, w: 0.316648[0m
[0m[ INFO] [1748137055.602791609]: Received reference trajectory - x: 3187.750244, y: 0.000000, phi: 0.000000, v: 482.789551, w: 0.000000[0m
[0m[ INFO] [1748137055.702100275]: Received reference trajectory - x: 3235.881348, y: 0.000000, phi: 0.000000, v: 480.228088, w: 0.000000[0m
[0m[ INFO] [1748137055.703216805]: [1748137055.703] Robot state - x: 3.294038, y: -0.259131, phi: 0.208535[0m
[0m[ INFO] [1748137055.703414856]: [1748137055.703] Reference trajectory - x: 3.235881, y: 0.000000, phi: 0.000000, v: 0.480228, w: 0.000000[0m
[0m[ INFO] [1748137055.703508617]: [1748137055.703] v: 0.501518, w: 0.247743[0m
[0m[ INFO] [1748137055.800829732]: [1748137055.801] Robot state - x: 3.343414, y: -0.249600, phi: 0.240473[0m
[0m[ INFO] [1748137055.800938982]: [1748137055.801] Reference trajectory - x: 3.235881, y: 0.000000, phi: 0.000000, v: 0.480228, w: 0.000000[0m
[0m[ INFO] [1748137055.801032103]: [1748137055.801] v: 0.428640, w: 0.177341[0m
[0m[ INFO] [1748137055.802311579]: Received reference trajectory - x: 3283.809814, y: 0.000000, phi: 0.000000, v: 477.485352, w: 0.000000[0m
[0m[ INFO] [1748137055.903295536]: Received reference trajectory - x: 3331.407959, y: 0.000000, phi: 0.000000, v: 474.567505, w: 0.000000[0m
[0m[ INFO] [1748137055.908726693]: [1748137055.908] Robot state - x: 3.392253, y: -0.238496, phi: 0.270532[0m
[0m[ INFO] [1748137055.909037802]: [1748137055.909] Reference trajectory - x: 3.331408, y: 0.000000, phi: 0.000000, v: 0.474568, w: 0.000000[0m
[0m[ INFO] [1748137055.909110379]: [1748137055.909] v: 0.486143, w: 0.106321[0m
[0m[ INFO] [1748137056.000965968]: [1748137056.001] Robot state - x: 3.438782, y: -0.226435, phi: 0.296834[0m
[0m[ INFO] [1748137056.001104498]: [1748137056.001] Reference trajectory - x: 3.331408, y: 0.000000, phi: 0.000000, v: 0.474568, w: 0.000000[0m
[0m[ INFO] [1748137056.001147891]: [1748137056.001] v: 0.417254, w: 0.039089[0m
[0m[ INFO] [1748137056.003233363]: Received reference trajectory - x: 3378.687012, y: 0.000000, phi: 0.000000, v: 471.473145, w: 0.000000[0m
[0m[ INFO] [1748137056.103513214]: Received reference trajectory - x: 3425.722900, y: 0.000000, phi: 0.000000, v: 468.195831, w: 0.000000[0m
[0m[ INFO] [1748137056.108109191]: [1748137056.108] Robot state - x: 3.485341, y: -0.212956, phi: 0.319378[0m
[0m[ INFO] [1748137056.108235913]: [1748137056.108] Reference trajectory - x: 3.425723, y: 0.000000, phi: 0.000000, v: 0.468196, w: 0.000000[0m
[0m[ INFO] [1748137056.108343050]: [1748137056.108] v: 0.475584, w: -0.025409[0m
[0m[ INFO] [1748137056.200593943]: [1748137056.200] Robot state - x: 3.530992, y: -0.198569, phi: 0.336286[0m
[0m[ INFO] [1748137056.200705080]: [1748137056.201] Reference trajectory - x: 3.425723, y: 0.000000, phi: 0.000000, v: 0.468196, w: 0.000000[0m
[0m[ INFO] [1748137056.200781786]: [1748137056.201] v: 0.407998, w: -0.083005[0m
[0m[ INFO] [1748137056.203784009]: Received reference trajectory - x: 3472.327881, y: 0.000000, phi: 0.000000, v: 464.747498, w: 0.000000[0m
[0m[ INFO] [1748137056.303357257]: Received reference trajectory - x: 3518.629395, y: 0.000000, phi: 0.000000, v: 461.117706, w: 0.000000[0m
[0m[ INFO] [1748137056.309967473]: [1748137056.310] Robot state - x: 3.575748, y: -0.183395, phi: 0.351316[0m
[0m[ INFO] [1748137056.310206004]: [1748137056.310] Reference trajectory - x: 3.518629, y: 0.000000, phi: 0.000000, v: 0.461118, w: 0.000000[0m
[0m[ INFO] [1748137056.310294806]: [1748137056.310] v: 0.466261, w: -0.139496[0m
[0m[ INFO] [1748137056.400447009]: [1748137056.400] Robot state - x: 3.619129, y: -0.167955, phi: 0.362588[0m
[0m[ INFO] [1748137056.400580163]: [1748137056.401] Reference trajectory - x: 3.518629, y: 0.000000, phi: 0.000000, v: 0.461118, w: 0.000000[0m
[0m[ INFO] [1748137056.400640036]: [1748137056.401] v: 0.402019, w: -0.190680[0m
[0m[ INFO] [1748137056.402700997]: Received reference trajectory - x: 3564.538818, y: 0.000000, phi: 0.000000, v: 457.311798, w: 0.000000[0m
[0m[ INFO] [1748137056.504302468]: [1748137056.503] Robot state - x: 3.662856, y: -0.151695, phi: 0.371981[0m
[0m[ INFO] [1748137056.504715371]: [1748137056.505] Reference trajectory - x: 3.564539, y: 0.000000, phi: 0.000000, v: 0.457312, w: 0.000000[0m
[0m[ INFO] [1748137056.504881037]: [1748137056.505] v: 0.397790, w: -0.240842[0m
[0m[ INFO] [1748137056.505250899]: Received reference trajectory - x: 3610.096436, y: 0.000000, phi: 0.000000, v: 453.324829, w: 0.000000[0m
[0m[ INFO] [1748137056.601471134]: [1748137056.601] Robot state - x: 3.705328, y: -0.135537, phi: 0.373860[0m
[0m[ INFO] [1748137056.601608640]: [1748137056.602] Reference trajectory - x: 3.610096, y: 0.000000, phi: 0.000000, v: 0.453325, w: 0.000000[0m
[0m[ INFO] [1748137056.601692770]: [1748137056.602] v: 0.394754, w: -0.278822[0m
[0m[ INFO] [1748137056.602568239]: Received reference trajectory - x: 3655.341309, y: 0.000000, phi: 0.000000, v: 449.150909, w: 0.000000[0m
[0m[ INFO] [1748137056.703206176]: Received reference trajectory - x: 3699.912598, y: 0.000000, phi: 0.000000, v: 444.822754, w: 0.000000[0m
[0m[ INFO] [1748137056.710328944]: [1748137056.710] Robot state - x: 3.747849, y: -0.118948, phi: 0.373860[0m
[0m[ INFO] [1748137056.710622453]: [1748137056.710] Reference trajectory - x: 3.699913, y: 0.000000, phi: 0.000000, v: 0.444823, w: 0.000000[0m
[0m[ INFO] [1748137056.710778391]: [1748137056.711] v: 0.450721, w: -0.314910[0m
[0m[ INFO] [1748137056.801899186]: Received reference trajectory - x: 3744.157715, y: 0.000000, phi: 0.000000, v: 440.305878, w: 0.000000[0m
[0m[ INFO] [1748137056.802909218]: [1748137056.803] Robot state - x: 3.788489, y: -0.103093, phi: 0.370103[0m
[0m[ INFO] [1748137056.803023523]: [1748137056.803] Reference trajectory - x: 3.744158, y: 0.000000, phi: 0.000000, v: 0.440306, w: 0.000000[0m
[0m[ INFO] [1748137056.803098085]: [1748137056.803] v: 0.449681, w: -0.343451[0m
[0m[ INFO] [1748137056.903053802]: Received reference trajectory - x: 3787.962891, y: 0.000000, phi: 0.000000, v: 435.609131, w: 0.000000[0m
[0m[ INFO] [1748137056.906832422]: [1748137056.907] Robot state - x: 3.828608, y: -0.087570, phi: 0.360709[0m
[0m[ INFO] [1748137056.907026057]: [1748137056.907] Reference trajectory - x: 3.787963, y: 0.000000, phi: 0.000000, v: 0.435609, w: 0.000000[0m
[0m[ INFO] [1748137056.907071210]: [1748137056.907] v: 0.448703, w: -0.362313[0m
[0m[ INFO] [1748137057.001814173]: Received reference trajectory - x: 3831.269043, y: 0.000000, phi: 0.000000, v: 430.736877, w: 0.000000[0m
[0m[ INFO] [1748137057.002943375]: [1748137057.003] Robot state - x: 3.870090, y: -0.071655, phi: 0.353194[0m
[0m[ INFO] [1748137057.003026832]: [1748137057.003] Reference trajectory - x: 3.831269, y: 0.000000, phi: 0.000000, v: 0.430737, w: 0.000000[0m
[0m[ INFO] [1748137057.003074417]: [1748137057.003] v: 0.445009, w: -0.385246[0m
[0m[ INFO] [1748137057.102552337]: [1748137057.102] Robot state - x: 3.913848, y: -0.055477, phi: 0.340043[0m
[0m[ INFO] [1748137057.103111930]: [1748137057.103] Reference trajectory - x: 3.831269, y: 0.000000, phi: 0.000000, v: 0.430737, w: 0.000000[0m
[0m[ INFO] [1748137057.103342909]: [1748137057.103] v: 0.380874, w: -0.399847[0m
[0m[ INFO] [1748137057.103783812]: Received reference trajectory - x: 3874.159668, y: 0.000000, phi: 0.000000, v: 425.677216, w: 0.000000[0m
[0m[ INFO] [1748137057.205372709]: Received reference trajectory - x: 3916.524658, y: 0.000000, phi: 0.000000, v: 420.440491, w: 0.000000[0m
[0m[ INFO] [1748137057.209752618]: [1748137057.210] Robot state - x: 3.957346, y: -0.039765, phi: 0.326893[0m
[0m[ INFO] [1748137057.209861644]: [1748137057.210] Reference trajectory - x: 3.916525, y: 0.000000, phi: 0.000000, v: 0.420440, w: 0.000000[0m
[0m[ INFO] [1748137057.209908557]: [1748137057.210] v: 0.427552, w: -0.413556[0m
[0m[ INFO] [1748137057.301896630]: [1748137057.302] Robot state - x: 3.999753, y: -0.025209, phi: 0.308106[0m
[0m[ INFO] [1748137057.302112122]: [1748137057.302] Reference trajectory - x: 3.916525, y: 0.000000, phi: 0.000000, v: 0.420440, w: 0.000000[0m
[0m[ INFO] [1748137057.302214651]: [1748137057.302] v: 0.365284, w: -0.415730[0m
[0m[ INFO] [1748137057.302376286]: Received reference trajectory - x: 3958.190430, y: 0.000000, phi: 0.000000, v: 415.047424, w: 0.000000[0m
[0m[ INFO] [1748137057.400799181]: [1748137057.401] Robot state - x: 4.039840, y: -0.011994, phi: 0.291197[0m
[0m[ INFO] [1748137057.400944303]: [1748137057.401] Reference trajectory - x: 3.958190, y: 0.000000, phi: 0.000000, v: 0.415047, w: 0.000000[0m
[0m[ INFO] [1748137057.401070641]: [1748137057.401] v: 0.359212, w: -0.418050[0m
[0m[ INFO] [1748137057.402240292]: Received reference trajectory - x: 3999.478516, y: 0.000000, phi: 0.000000, v: 409.454163, w: 0.000000[0m
[0m[ INFO] [1748137057.503627042]: Received reference trajectory - x: 4040.077881, y: 0.000000, phi: 0.000000, v: 403.699860, w: 0.000000[0m
[0m[ INFO] [1748137057.511251642]: [1748137057.511] Robot state - x: 4.078625, y: -0.000011, phi: 0.274289[0m
[0m[ INFO] [1748137057.511560799]: [1748137057.511] Reference trajectory - x: 4.040078, y: 0.000000, phi: 0.000000, v: 0.403700, w: 0.000000[0m
[0m[ INFO] [1748137057.511690497]: [1748137057.512] v: 0.406801, w: -0.417722[0m
[0m[ INFO] [1748137057.604772252]: Received reference trajectory - x: 4080.274170, y: 0.000000, phi: 0.000000, v: 397.741028, w: 0.000000[0m
[0m[ INFO] [1748137057.608327700]: [1748137057.608] Robot state - x: 4.118017, y: 0.011353, phi: 0.253624[0m
[0m[ INFO] [1748137057.608430933]: [1748137057.608] Reference trajectory - x: 4.080274, y: 0.000000, phi: 0.000000, v: 0.397741, w: 0.000000[0m
[0m[ INFO] [1748137057.608476662]: [1748137057.608] v: 0.400633, w: -0.410060[0m
[0m[ INFO] [1748137057.703418958]: Received reference trajectory - x: 4119.645996, y: 0.000000, phi: 0.000000, v: 391.637848, w: 0.000000[0m
[0m[ INFO] [1748137057.710318555]: [1748137057.710] Robot state - x: 4.157020, y: 0.021854, phi: 0.231079[0m
[0m[ INFO] [1748137057.710523838]: [1748137057.710] Reference trajectory - x: 4.119646, y: 0.000000, phi: 0.000000, v: 0.391638, w: 0.000000[0m
[0m[ INFO] [1748137057.710606527]: [1748137057.711] v: 0.393725, w: -0.397537[0m
[0m[ INFO] [1748137057.800503848]: [1748137057.800] Robot state - x: 4.196231, y: 0.031548, phi: 0.208535[0m
[0m[ INFO] [1748137057.800628746]: [1748137057.801] Reference trajectory - x: 4.119646, y: 0.000000, phi: 0.000000, v: 0.391638, w: 0.000000[0m
[0m[ INFO] [1748137057.800705131]: [1748137057.801] v: 0.336162, w: -0.383295[0m
[0m[ INFO] [1748137057.802391526]: Received reference trajectory - x: 4158.488770, y: 0.000000, phi: 0.000000, v: 385.343048, w: 0.000000[0m
[0m[ INFO] [1748137057.903156698]: Received reference trajectory - x: 4196.691406, y: 0.000000, phi: 0.000000, v: 378.870911, w: 0.000000[0m
[0m[ INFO] [1748137057.909762722]: [1748137057.909] Robot state - x: 4.237828, y: 0.040800, phi: 0.184112[0m
[0m[ INFO] [1748137057.910012006]: [1748137057.910] Reference trajectory - x: 4.196692, y: 0.000000, phi: 0.000000, v: 0.378871, w: 0.000000[0m
[0m[ INFO] [1748137057.910095399]: [1748137057.910] v: 0.371532, w: -0.365127[0m
[0m[ INFO] [1748137058.008132080]: Received reference trajectory - x: 4234.287598, y: 0.000000, phi: 0.000000, v: 372.212128, w: 0.000000[0m
[0m[ INFO] [1748137058.101714421]: Received reference trajectory - x: 4271.123047, y: 0.000000, phi: 0.000000, v: 365.391266, w: 0.000000[0m
[0m[ INFO] [1748137058.149225602]: [1748137058.149] Robot state - x: 4.278625, y: 0.048954, phi: 0.161568[0m
[0m[ INFO] [1748137058.149321732]: [1748137058.149] Reference trajectory - x: 4.271123, y: 0.000000, phi: 0.000000, v: 0.365391, w: 0.000000[0m
[0m[ INFO] [1748137058.149364996]: [1748137058.149] v: 0.404841, w: -0.347599[0m
[0m[ INFO] [1748137058.150807867]: [1748137058.151] Robot state - x: 4.316027, y: 0.055484, phi: 0.139023[0m
[0m[ INFO] [1748137058.150918269]: [1748137058.151] Reference trajectory - x: 4.271123, y: 0.000000, phi: 0.000000, v: 0.365391, w: 0.000000[0m
[0m[ INFO] [1748137058.150976766]: [1748137058.151] v: 0.350929, w: -0.326487[0m
[0m[ INFO] [1748137058.200197638]: [1748137058.200] Robot state - x: 4.352839, y: 0.061875, phi: 0.114600[0m
[0m[ INFO] [1748137058.200299848]: [1748137058.200] Reference trajectory - x: 4.271123, y: 0.000000, phi: 0.000000, v: 0.365391, w: 0.000000[0m
[0m[ INFO] [1748137058.200529515]: [1748137058.200] v: 0.296540, w: -0.302100[0m
[0m[ INFO] [1748137058.201633917]: Received reference trajectory - x: 4307.302734, y: 0.000000, phi: 0.000000, v: 358.386353, w: 0.000000[0m
[0m[ INFO] [1748137058.304093517]: Received reference trajectory - x: 4342.836426, y: 0.000000, phi: 0.000000, v: 351.190582, w: 0.000000[0m
[0m[ INFO] [1748137058.308480306]: [1748137058.308] Robot state - x: 4.390302, y: 0.066651, phi: 0.090177[0m
[0m[ INFO] [1748137058.308756535]: [1748137058.309] Reference trajectory - x: 4.342836, y: 0.000000, phi: 0.000000, v: 0.351191, w: 0.000000[0m
[0m[ INFO] [1748137058.308851608]: [1748137058.309] v: 0.328577, w: -0.274131[0m
[0m[ INFO] [1748137058.401190697]: [1748137058.401] Robot state - x: 4.430881, y: 0.070859, phi: 0.067633[0m
[0m[ INFO] [1748137058.401429261]: [1748137058.401] Reference trajectory - x: 4.342836, y: 0.000000, phi: 0.000000, v: 0.351191, w: 0.000000[0m
[0m[ INFO] [1748137058.401520814]: [1748137058.401] v: 0.268696, w: -0.247956[0m
[0m[ INFO] [1748137058.401923252]: Received reference trajectory - x: 4377.549316, y: 0.000000, phi: 0.000000, v: 343.836334, w: 0.000000[0m
[0m[ INFO] [1748137058.503434198]: Received reference trajectory - x: 4411.590332, y: 0.000000, phi: 0.000000, v: 336.288483, w: 0.000000[0m
[0m[ INFO] [1748137058.510153280]: [1748137058.510] Robot state - x: 4.467925, y: 0.073788, phi: 0.045089[0m
[0m[ INFO] [1748137058.510351459]: [1748137058.510] Reference trajectory - x: 4.411590, y: 0.000000, phi: 0.000000, v: 0.336288, w: 0.000000[0m
[0m[ INFO] [1748137058.510427140]: [1748137058.510] v: 0.296163, w: -0.218936[0m
[0m[ INFO] [1748137058.600682772]: [1748137058.601] Robot state - x: 4.499784, y: 0.075586, phi: 0.022544[0m
[0m[ INFO] [1748137058.600821046]: [1748137058.601] Reference trajectory - x: 4.411590, y: 0.000000, phi: 0.000000, v: 0.336288, w: 0.000000[0m
[0m[ INFO] [1748137058.601738757]: [1748137058.602] v: 0.248474, w: -0.187392[0m
[0m[ INFO] [1748137058.601872967]: Received reference trajectory - x: 4444.796875, y: 0.000000, phi: 0.000000, v: 328.579224, w: 0.000000[0m
[0m[ INFO] [1748137058.704368728]: Received reference trajectory - x: 4477.297363, y: 0.000000, phi: 0.000000, v: 320.674286, w: 0.000000[0m
[0m[ INFO] [1748137058.707579594]: [1748137058.707] Robot state - x: 4.533692, y: 0.076797, phi: 0.003757[0m
[0m[ INFO] [1748137058.707699692]: [1748137058.708] Reference trajectory - x: 4.477297, y: 0.000000, phi: 0.000000, v: 0.320674, w: 0.000000[0m
[0m[ INFO] [1748137058.707840206]: [1748137058.708] v: 0.275353, w: -0.160598[0m
[0m[ INFO] [1748137058.801086541]: [1748137058.801] Robot state - x: 4.568223, y: 0.077283, phi: -0.013151[0m
[0m[ INFO] [1748137058.801236336]: [1748137058.801] Reference trajectory - x: 4.477297, y: 0.000000, phi: 0.000000, v: 0.320674, w: 0.000000[0m
[0m[ INFO] [1748137058.801303345]: [1748137058.801] v: 0.223830, w: -0.135210[0m
[0m[ INFO] [1748137058.802453731]: Received reference trajectory - x: 4508.929199, y: 0.000000, phi: 0.000000, v: 312.609100, w: 0.000000[0m
[0m[ INFO] [1748137058.904457356]: Received reference trajectory - x: 4539.786133, y: 0.000000, phi: 0.000000, v: 304.355743, w: 0.000000[0m
[0m[ INFO] [1748137058.911232407]: [1748137058.911] Robot state - x: 4.600537, y: 0.077101, phi: -0.031938[0m
[0m[ INFO] [1748137058.911509723]: [1748137058.911] Reference trajectory - x: 4.539786, y: 0.000000, phi: 0.000000, v: 0.304356, w: 0.000000[0m
[0m[ INFO] [1748137058.911675646]: [1748137058.912] v: 0.247578, w: -0.105289[0m
[0m[ INFO] [1748137059.000506135]: [1748137059.000] Robot state - x: 4.630621, y: 0.076451, phi: -0.048846[0m
[0m[ INFO] [1748137059.000615769]: [1748137059.001] Reference trajectory - x: 4.539786, y: 0.000000, phi: 0.000000, v: 0.304356, w: 0.000000[0m
[0m[ INFO] [1748137059.000729979]: [1748137059.001] v: 0.202279, w: -0.077338[0m
[0m[ INFO] [1748137059.001746571]: Received reference trajectory - x: 4569.791016, y: 0.000000, phi: 0.000000, v: 295.929443, w: 0.000000[0m
[0m[ INFO] [1748137059.103258862]: Received reference trajectory - x: 4598.995117, y: 0.000000, phi: 0.000000, v: 287.310394, w: 0.000000[0m
[0m[ INFO] [1748137059.104639332]: [1748137059.105] Robot state - x: 4.660892, y: 0.075256, phi: -0.063876[0m
[0m[ INFO] [1748137059.104732165]: [1748137059.105] Reference trajectory - x: 4.598995, y: 0.000000, phi: 0.000000, v: 0.287310, w: 0.000000[0m
[0m[ INFO] [1748137059.104774822]: [1748137059.105] v: 0.223529, w: -0.051180[0m
[0m[ INFO] [1748137059.200596655]: [1748137059.200] Robot state - x: 4.690738, y: 0.073629, phi: -0.075148[0m
[0m[ INFO] [1748137059.200719313]: [1748137059.201] Reference trajectory - x: 4.598995, y: 0.000000, phi: 0.000000, v: 0.287310, w: 0.000000[0m
[0m[ INFO] [1748137059.200812274]: [1748137059.201] v: 0.178533, w: -0.030089[0m
[0m[ INFO] [1748137059.202050118]: Received reference trajectory - x: 4627.265137, y: 0.000000, phi: 0.000000, v: 278.532776, w: 0.000000[0m
[0m[ INFO] [1748137059.303740747]: Received reference trajectory - x: 4654.687012, y: 0.000000, phi: 0.000000, v: 269.564880, w: 0.000000[0m
[0m[ INFO] [1748137059.308992510]: [1748137059.309] Robot state - x: 4.719143, y: 0.071624, phi: -0.088299[0m
[0m[ INFO] [1748137059.309223010]: [1748137059.309] Reference trajectory - x: 4.654687, y: 0.000000, phi: 0.000000, v: 0.269565, w: 0.000000[0m
[0m[ INFO] [1748137059.309380004]: [1748137059.309] v: 0.196680, w: -0.005103[0m
[0m[ INFO] [1748137059.403844760]: Received reference trajectory - x: 4681.253906, y: 0.000000, phi: 0.000000, v: 260.401123, w: 0.000000[0m
[0m[ INFO] [1748137059.406393344]: [1748137059.406] Robot state - x: 4.745918, y: 0.069482, phi: -0.097692[0m
[0m[ INFO] [1748137059.406634052]: [1748137059.407] Reference trajectory - x: 4.681254, y: 0.000000, phi: 0.000000, v: 0.260401, w: 0.000000[0m
[0m[ INFO] [1748137059.406688101]: [1748137059.407] v: 0.184940, w: 0.014158[0m
[0m[ INFO] [1748137059.503595551]: Received reference trajectory - x: 4706.774902, y: 0.000000, phi: 0.000000, v: 251.102676, w: 0.000000[0m
[0m[ INFO] [1748137059.504887284]: [1748137059.505] Robot state - x: 4.772464, y: 0.067031, phi: -0.105207[0m
[0m[ INFO] [1748137059.505032310]: [1748137059.505] Reference trajectory - x: 4.706775, y: 0.000000, phi: 0.000000, v: 0.251103, w: 0.000000[0m
[0m[ INFO] [1748137059.505120919]: [1748137059.505] v: 0.171884, w: 0.031107[0m
[0m[ INFO] [1748137059.600488537]: [1748137059.600] Robot state - x: 4.797978, y: 0.064409, phi: -0.114600[0m
[0m[ INFO] [1748137059.600613819]: [1748137059.601] Reference trajectory - x: 4.706775, y: 0.000000, phi: 0.000000, v: 0.251103, w: 0.000000[0m
[0m[ INFO] [1748137059.600656604]: [1748137059.601] v: 0.132967, w: 0.051495[0m
[0m[ INFO] [1748137059.603833806]: Received reference trajectory - x: 4731.741211, y: 0.000000, phi: 0.000000, v: 241.475891, w: 0.000000[0m
[0m[ INFO] [1748137059.703898682]: Received reference trajectory - x: 4755.075195, y: 0.000000, phi: 0.000000, v: 231.939026, w: 0.000000[0m
[0m[ INFO] [1748137059.708701478]: [1748137059.708] Robot state - x: 4.823280, y: 0.061690, phi: -0.118358[0m
[0m[ INFO] [1748137059.708996907]: [1748137059.709] Reference trajectory - x: 4.755075, y: 0.000000, phi: 0.000000, v: 0.231939, w: 0.000000[0m
[0m[ INFO] [1748137059.709110284]: [1748137059.709] v: 0.143566, w: 0.063047[0m
[0m[ INFO] [1748137059.800631282]: [1748137059.800] Robot state - x: 4.847549, y: 0.058827, phi: -0.123994[0m
[0m[ INFO] [1748137059.800767060]: [1748137059.801] Reference trajectory - x: 4.755075, y: 0.000000, phi: 0.000000, v: 0.231939, w: 0.000000[0m
[0m[ INFO] [1748137059.800841461]: [1748137059.801] v: 0.106345, w: 0.077976[0m
[0m[ INFO] [1748137059.801845797]: Received reference trajectory - x: 4777.762207, y: 0.000000, phi: 0.000000, v: 222.094543, w: 0.000000[0m
[0m[ INFO] [1748137059.901992754]: Received reference trajectory - x: 4799.464844, y: 0.000000, phi: 0.000000, v: 212.068390, w: 0.000000[0m
[0m[ INFO] [1748137059.902664797]: [1748137059.903] Robot state - x: 4.869005, y: 0.056255, phi: -0.125873[0m
[0m[ INFO] [1748137059.902740670]: [1748137059.903] Reference trajectory - x: 4.799465, y: 0.000000, phi: 0.000000, v: 0.212068, w: 0.000000[0m
[0m[ INFO] [1748137059.902814975]: [1748137059.903] v: 0.116100, w: 0.086221[0m
[0m[ INFO] [1748137060.000321763]: [1748137060.000] Robot state - x: 4.889645, y: 0.053663, phi: -0.127751[0m
[0m[ INFO] [1748137060.000451013]: [1748137060.000] Reference trajectory - x: 4.799465, y: 0.000000, phi: 0.000000, v: 0.212068, w: 0.000000[0m
[0m[ INFO] [1748137060.000508902]: [1748137060.000] v: 0.084037, w: 0.094537[0m
[0m[ INFO] [1748137060.001608855]: Received reference trajectory - x: 4820.165039, y: 0.000000, phi: 0.000000, v: 201.860321, w: 0.000000[0m
[0m[ INFO] [1748137060.103386656]: Received reference trajectory - x: 4839.852539, y: 0.000000, phi: 0.000000, v: 191.465195, w: 0.000000[0m
[0m[ INFO] [1748137060.108323118]: [1748137060.108] Robot state - x: 4.910077, y: 0.051038, phi: -0.131509[0m
[0m[ INFO] [1748137060.108704404]: [1748137060.109] Reference trajectory - x: 4.839852, y: 0.000000, phi: 0.000000, v: 0.191465, w: 0.000000[0m
[0m[ INFO] [1748137060.108810038]: [1748137060.109] v: 0.088868, w: 0.105981[0m
[0m[ INFO] [1748137060.205086951]: Received reference trajectory - x: 4859.023926, y: 0.000000, phi: 0.000000, v: 180.577148, w: 0.000000[0m
[0m[ INFO] [1748137060.207078343]: [1748137060.207] Robot state - x: 4.928906, y: 0.048620, phi: -0.131509[0m
[0m[ INFO] [1748137060.207161800]: [1748137060.207] Reference trajectory - x: 4.859024, y: 0.000000, phi: 0.000000, v: 0.180577, w: 0.000000[0m
[0m[ INFO] [1748137060.207234601]: [1748137060.207] v: 0.075988, w: 0.110929[0m
[0m[ INFO] [1748137060.305008307]: Received reference trajectory - x: 4876.024414, y: 0.000000, phi: 0.000000, v: 170.163574, w: 0.000000[0m
[0m[ INFO] [1748137060.309649468]: [1748137060.309] Robot state - x: 4.946728, y: 0.046280, phi: -0.129630[0m
[0m[ INFO] [1748137060.310476457]: [1748137060.310] Reference trajectory - x: 4.876024, y: 0.000000, phi: 0.000000, v: 0.170164, w: 0.000000[0m
[0m[ INFO] [1748137060.310581835]: [1748137060.311] v: 0.061925, w: 0.112697[0m
[0m[ INFO] [1748137060.400817533]: [1748137060.401] Robot state - x: 4.963744, y: 0.044013, phi: -0.131509[0m
[0m[ INFO] [1748137060.400946495]: [1748137060.401] Reference trajectory - x: 4.876024, y: 0.000000, phi: 0.000000, v: 0.170164, w: 0.000000[0m
[0m[ INFO] [1748137060.401031681]: [1748137060.401] v: 0.035019, w: 0.120379[0m
[0m[ INFO] [1748137060.402464343]: Received reference trajectory - x: 4892.486816, y: 0.000000, phi: 0.000000, v: 159.251877, w: 0.000000[0m
[0m[ INFO] [1748137060.500849514]: [1748137060.500] Robot state - x: 4.979971, y: 0.041944, phi: -0.125872[0m
[0m[ INFO] [1748137060.501394227]: [1748137060.501] Reference trajectory - x: 4.892487, y: 0.000000, phi: 0.000000, v: 0.159252, w: 0.000000[0m
[0m[ INFO] [1748137060.501914875]: [1748137060.502] v: 0.021344, w: 0.115524[0m
[0m[ INFO] [1748137060.504246752]: Received reference trajectory - x: 4907.884277, y: 0.000000, phi: 0.000000, v: 148.136612, w: 0.000000[0m
[0m[ INFO] [1748137060.600699156]: [1748137060.601] Robot state - x: 4.995187, y: 0.039931, phi: -0.125872[0m
[0m[ INFO] [1748137060.600828695]: [1748137060.601] Reference trajectory - x: 4.907884, y: 0.000000, phi: 0.000000, v: 0.148137, w: 0.000000[0m
[0m[ INFO] [1748137060.600895320]: [1748137060.601] v: 0.007395, w: 0.119647[0m
[0m[ INFO] [1748137060.603137979]: Received reference trajectory - x: 4922.113281, y: 0.000000, phi: 0.000000, v: 136.881119, w: 0.000000[0m
[0m[ INFO] [1748137060.701764530]: [1748137060.702] Robot state - x: 5.008010, y: 0.038308, phi: -0.125872[0m
[0m[ INFO] [1748137060.701931189]: [1748137060.702] Reference trajectory - x: 4.922113, y: 0.000000, phi: 0.000000, v: 0.136881, w: 0.000000[0m
[0m[ INFO] [1748137060.702035990]: [1748137060.702] v: -0.004930, w: 0.122911[0m
[0m[ INFO] [1748137060.702936164]: Received reference trajectory - x: 4935.265625, y: 0.000000, phi: 0.000000, v: 125.397453, w: 0.000000[0m
[0m[ INFO] [1748137060.800676845]: [1748137060.801] Robot state - x: 5.019836, y: 0.036846, phi: -0.120236[0m
[0m[ INFO] [1748137060.800869008]: [1748137060.801] Reference trajectory - x: 4.935266, y: 0.000000, phi: 0.000000, v: 0.125397, w: 0.000000[0m
[0m[ INFO] [1748137060.800935153]: [1748137060.801] v: -0.017548, w: 0.116744[0m
[0m[ INFO] [1748137060.802148325]: Received reference trajectory - x: 4947.196289, y: 0.000000, phi: 0.000000, v: 113.797447, w: 0.000000[0m
[0m[ INFO] [1748137060.903662825]: Received reference trajectory - x: 4957.995117, y: 0.000000, phi: 0.000000, v: 101.981262, w: 0.000000[0m
[0m[ INFO] [1748137060.907226882]: [1748137060.907] Robot state - x: 5.030860, y: 0.035482, phi: -0.114600[0m
[0m[ INFO] [1748137060.907325251]: [1748137060.907] Reference trajectory - x: 4.957995, y: 0.000000, phi: 0.000000, v: 0.101981, w: 0.000000[0m
[0m[ INFO] [1748137060.907403076]: [1748137060.907] v: -0.027165, w: 0.110368[0m
[0m[ INFO] [1748137061.006701286]: Received reference trajectory - x: 4967.616699, y: 0.000000, phi: 0.000000, v: 89.967194, w: 0.000000[0m
[0m[ INFO] [1748137061.010497154]: [1748137061.010] Robot state - x: 5.040484, y: 0.034319, phi: -0.114600[0m
[0m[ INFO] [1748137061.010626436]: [1748137061.011] Reference trajectory - x: 4.967617, y: 0.000000, phi: 0.000000, v: 0.089967, w: 0.000000[0m
[0m[ INFO] [1748137061.010675461]: [1748137061.011] v: -0.041759, w: 0.112637[0m
[0m[ INFO] [1748137061.101328735]: [1748137061.101] Robot state - x: 5.049114, y: 0.033351, phi: -0.108964[0m
[0m[ INFO] [1748137061.101500802]: [1748137061.101] Reference trajectory - x: 4.967617, y: 0.000000, phi: 0.000000, v: 0.089967, w: 0.000000[0m
[0m[ INFO] [1748137061.101620868]: [1748137061.102] v: -0.056713, w: 0.105396[0m
[0m[ INFO] [1748137061.101862887]: Received reference trajectory - x: 4975.984863, y: 0.000000, phi: 0.000000, v: 77.838516, w: 0.000000[0m
[0m[ INFO] [1748137061.201846197]: Received reference trajectory - x: 4983.147461, y: 0.000000, phi: 0.000000, v: 65.509537, w: 0.000000[0m
[0m[ INFO] [1748137061.202104921]: [1748137061.202] Robot state - x: 5.056540, y: 0.032517, phi: -0.103328[0m
[0m[ INFO] [1748137061.202170203]: [1748137061.202] Reference trajectory - x: 4.983148, y: 0.000000, phi: 0.000000, v: 0.065510, w: 0.000000[0m
[0m[ INFO] [1748137061.202264924]: [1748137061.202] v: -0.072426, w: 0.097859[0m
[0m[ INFO] [1748137061.303711873]: Received reference trajectory - x: 4989.080566, y: 0.000000, phi: 0.000000, v: 52.975048, w: 0.000000[0m
[0m[ INFO] [1748137061.308342890]: [1748137061.308] Robot state - x: 5.062964, y: 0.031814, phi: -0.103328[0m
[0m[ INFO] [1748137061.308428460]: [1748137061.308] Reference trajectory - x: 4.989080, y: 0.000000, phi: 0.000000, v: 0.052975, w: 0.000000[0m
[0m[ INFO] [1748137061.308512333]: [1748137061.308] v: -0.088261, w: 0.099120[0m
[0m[ INFO] [1748137061.400603966]: [1748137061.400] Robot state - x: 5.067787, y: 0.031333, phi: -0.095813[0m
[0m[ INFO] [1748137061.400706208]: [1748137061.401] Reference trajectory - x: 4.989080, y: 0.000000, phi: 0.000000, v: 0.052975, w: 0.000000[0m
[0m[ INFO] [1748137061.400802625]: [1748137061.401] v: -0.097791, w: 0.087776[0m
[0m[ INFO] [1748137061.401631246]: Received reference trajectory - x: 4993.741699, y: 0.000000, phi: 0.000000, v: 40.289371, w: 0.000000[0m
[0m[ INFO] [1748137061.503624732]: Received reference trajectory - x: 4997.129395, y: 0.000000, phi: 0.000000, v: 27.410049, w: 0.000000[0m
[0m[ INFO] [1748137061.506991409]: [1748137061.507] Robot state - x: 5.071404, y: 0.030964, phi: -0.092056[0m
[0m[ INFO] [1748137061.507111347]: [1748137061.507] Reference trajectory - x: 4.997129, y: 0.000000, phi: 0.000000, v: 0.027410, w: 0.000000[0m
[0m[ INFO] [1748137061.507175636]: [1748137061.507] v: -0.119781, w: 0.082237[0m
[0m[ INFO] [1748137061.604032081]: Received reference trajectory - x: 4999.221191, y: 0.000000, phi: 0.000000, v: 14.339979, w: 0.000000[0m
[0m[ INFO] [1748137061.606960959]: [1748137061.607] Robot state - x: 5.073816, y: 0.030733, phi: -0.092056[0m
[0m[ INFO] [1748137061.607050304]: [1748137061.607] Reference trajectory - x: 4.999221, y: 0.000000, phi: 0.000000, v: 0.014340, w: 0.000000[0m
[0m[ INFO] [1748137061.607096193]: [1748137061.607] v: -0.135936, w: 0.082451[0m
[0m[ INFO] [1748137061.703600728]: Received reference trajectory - x: 4999.995117, y: 0.000000, phi: 0.000000, v: 1.124760, w: 0.000000[0m
[0m[ INFO] [1748137061.706297667]: [1748137061.706] Robot state - x: 5.075023, y: 0.030626, phi: -0.084541[0m
[0m[ INFO] [1748137061.706440709]: [1748137061.706] Reference trajectory - x: 4.999995, y: 0.000000, phi: 0.000000, v: 0.001125, w: 0.000000[0m
[0m[ INFO] [1748137061.706525766]: [1748137061.706] v: -0.152410, w: 0.070272[0m
[0m[ INFO] [1748137061.800457044]: [1748137061.800] Robot state - x: 5.074621, y: 0.030664, phi: -0.088299[0m
[0m[ INFO] [1748137061.800605783]: [1748137061.801] Reference trajectory - x: 4.999995, y: 0.000000, phi: 0.000000, v: 0.001125, w: 0.000000[0m
[0m[ INFO] [1748137061.800735161]: [1748137061.801] v: -0.154487, w: 0.075937[0m
[0m[ INFO] [1748137061.908189213]: [1748137061.908] Robot state - x: 5.074621, y: 0.030664, phi: -0.088299[0m
[0m[ INFO] [1748137061.908707397]: [1748137061.909] Reference trajectory - x: 4.999995, y: 0.000000, phi: 0.000000, v: 0.001125, w: 0.000000[0m
[0m[ INFO] [1748137061.908815335]: [1748137061.909] v: -0.157125, w: 0.075630[0m
[0m[ INFO] [1748137062.005641635]: [1748137062.006] Robot state - x: 5.074420, y: 0.030681, phi: -0.086420[0m
[0m[ INFO] [1748137062.005864166]: [1748137062.006] Reference trajectory - x: 4.999995, y: 0.000000, phi: 0.000000, v: 0.001125, w: 0.000000[0m
[0m[ INFO] [1748137062.005964584]: [1748137062.006] v: -0.159475, w: 0.072255[0m
[0m[ INFO] [1748137062.104338814]: [1748137062.104] Robot state - x: 5.073413, y: 0.030766, phi: -0.077026[0m
[0m[ INFO] [1748137062.104694371]: [1748137062.105] Reference trajectory - x: 4.999995, y: 0.000000, phi: 0.000000, v: 0.001125, w: 0.000000[0m
[0m[ INFO] [1748137062.104797285]: [1748137062.105] v: -0.160662, w: 0.056617[0m
[0m[ INFO] [1748137062.201279293]: [1748137062.201] Robot state - x: 5.071200, y: 0.030951, phi: -0.071390[0m
[0m[ INFO] [1748137062.201388095]: [1748137062.201] Reference trajectory - x: 4.999995, y: 0.000000, phi: 0.000000, v: 0.001125, w: 0.000000[0m
[0m[ INFO] [1748137062.201459584]: [1748137062.201] v: -0.160083, w: 0.046806[0m
[0m[ INFO] [1748137062.308474527]: [1748137062.308] Robot state - x: 5.067173, y: 0.031262, phi: -0.071390[0m
[0m[ INFO] [1748137062.308907142]: [1748137062.309] Reference trajectory - x: 4.999995, y: 0.000000, phi: 0.000000, v: 0.001125, w: 0.000000[0m
[0m[ INFO] [1748137062.309011687]: [1748137062.309] v: -0.156824, w: 0.045795[0m
[0m[ INFO] [1748137062.408658385]: [1748137062.409] Robot state - x: 5.063345, y: 0.031532, phi: -0.069512[0m
[0m[ INFO] [1748137062.408784435]: [1748137062.409] Reference trajectory - x: 4.999995, y: 0.000000, phi: 0.000000, v: 0.001125, w: 0.000000[0m
[0m[ INFO] [1748137062.408865365]: [1748137062.409] v: -0.153709, w: 0.041844[0m
[0m[ INFO] [1748137062.507537583]: [1748137062.507] Robot state - x: 5.058913, y: 0.031841, phi: -0.065754[0m
[0m[ INFO] [1748137062.507921141]: [1748137062.508] Reference trajectory - x: 4.999995, y: 0.000000, phi: 0.000000, v: 0.001125, w: 0.000000[0m
[0m[ INFO] [1748137062.508540255]: [1748137062.508] v: -0.149592, w: 0.034776[0m
[0m[ INFO] [1748137062.600500016]: [1748137062.600] Robot state - x: 5.053875, y: 0.032186, phi: -0.063876[0m
[0m[ INFO] [1748137062.600609873]: [1748137062.601] Reference trajectory - x: 4.999995, y: 0.000000, phi: 0.000000, v: 0.001125, w: 0.000000[0m
[0m[ INFO] [1748137062.600681842]: [1748137062.601] v: -0.144450, w: 0.030648[0m
[0m[ INFO] [1748137062.700640258]: [1748137062.701] Robot state - x: 5.048636, y: 0.032532, phi: -0.063876[0m
[0m[ INFO] [1748137062.700974215]: [1748137062.701] Reference trajectory - x: 4.999995, y: 0.000000, phi: 0.000000, v: 0.001125, w: 0.000000[0m
[0m[ INFO] [1748137062.701270988]: [1748137062.701] v: -0.138840, w: 0.029548[0m
[0m[ INFO] [1748137062.800365837]: [1748137062.800] Robot state - x: 5.043597, y: 0.032849, phi: -0.061997[0m
[0m[ INFO] [1748137062.800468495]: [1748137062.800] Reference trajectory - x: 4.999995, y: 0.000000, phi: 0.000000, v: 0.001125, w: 0.000000[0m
[0m[ INFO] [1748137062.800558992]: [1748137062.800] v: -0.133331, w: 0.025477[0m
[0m[ INFO] [1748137062.908109367]: [1748137062.907] Robot state - x: 5.037752, y: 0.033217, phi: -0.060118[0m
[0m[ INFO] [1748137062.908568382]: [1748137062.908] Reference trajectory - x: 4.999995, y: 0.000000, phi: 0.000000, v: 0.001125, w: 0.000000[0m
[0m[ INFO] [1748137062.908697345]: [1748137062.909] v: -0.126489, w: 0.021289[0m
[0m[ INFO] [1748137063.007816418]: [1748137063.008] Robot state - x: 5.032309, y: 0.033550, phi: -0.058240[0m
[0m[ INFO] [1748137063.007915236]: [1748137063.008] Reference trajectory - x: 4.999995, y: 0.000000, phi: 0.000000, v: 0.001125, w: 0.000000[0m
[0m[ INFO] [1748137063.008064390]: [1748137063.008] v: -0.120017, w: 0.017178[0m
[0m[ INFO] [1748137063.149932975]: [1748137063.150] Robot state - x: 5.026664, y: 0.033890, phi: -0.058240[0m
[0m[ INFO] [1748137063.150020369]: [1748137063.150] Reference trajectory - x: 4.999995, y: 0.000000, phi: 0.000000, v: 0.001125, w: 0.000000[0m
[0m[ INFO] [1748137063.150064625]: [1748137063.150] v: -0.113064, w: 0.016075[0m
[0m[ INFO] [1748137063.201069594]: [1748137063.201] Robot state - x: 5.020616, y: 0.034243, phi: -0.058240[0m
[0m[ INFO] [1748137063.201170747]: [1748137063.201] Reference trajectory - x: 4.999995, y: 0.000000, phi: 0.000000, v: 0.001125, w: 0.000000[0m
[0m[ INFO] [1748137063.201214716]: [1748137063.201] v: -0.105331, w: 0.014940[0m
[0m[ INFO] [1748137063.300902888]: [1748137063.301] Robot state - x: 5.015373, y: 0.034538, phi: -0.054482[0m
[0m[ INFO] [1748137063.301229070]: [1748137063.301] Reference trajectory - x: 4.999995, y: 0.000000, phi: 0.000000, v: 0.001125, w: 0.000000[0m
[0m[ INFO] [1748137063.301333935]: [1748137063.301] v: -0.098541, w: 0.007874[0m
[0m[ INFO] [1748137063.409934153]: [1748137063.410] Robot state - x: 5.009526, y: 0.034885, phi: -0.056361[0m
[0m[ INFO] [1748137063.410065483]: [1748137063.410] Reference trajectory - x: 4.999995, y: 0.000000, phi: 0.000000, v: 0.001125, w: 0.000000[0m
[0m[ INFO] [1748137063.410115980]: [1748137063.410] v: -0.090698, w: 0.009775[0m
[0m[ INFO] [1748137063.505512436]: [1748137063.505] Robot state - x: 5.003880, y: 0.035182, phi: -0.052603[0m
[0m[ INFO] [1748137063.505904570]: [1748137063.506] Reference trajectory - x: 4.999995, y: 0.000000, phi: 0.000000, v: 0.001125, w: 0.000000[0m
[0m[ INFO] [1748137063.506014268]: [1748137063.506] v: -0.082936, w: 0.002698[0m
[0m[ INFO] [1748137063.600528022]: [1748137063.600] Robot state - x: 4.998839, y: 0.035471, phi: -0.054482[0m
[0m[ INFO] [1748137063.600679865]: [1748137063.601] Reference trajectory - x: 4.999995, y: 0.000000, phi: 0.000000, v: 0.001125, w: 0.000000[0m
[0m[ INFO] [1748137063.600768410]: [1748137063.601] v: -0.075843, w: 0.004722[0m
[0m[ INFO] [1748137063.701579128]: [1748137063.701] Robot state - x: 4.993595, y: 0.035747, phi: -0.054482[0m
[0m[ INFO] [1748137063.701718010]: [1748137063.702] Reference trajectory - x: 4.999995, y: 0.000000, phi: 0.000000, v: 0.001125, w: 0.000000[0m
[0m[ INFO] [1748137063.701825724]: [1748137063.702] v: -0.068281, w: 0.003744[0m
[0m[ INFO] [1748137063.800826429]: [1748137063.801] Robot state - x: 4.988553, y: 0.036018, phi: -0.052603[0m
[0m[ INFO] [1748137063.801043457]: [1748137063.801] Reference trajectory - x: 4.999995, y: 0.000000, phi: 0.000000, v: 0.001125, w: 0.000000[0m
[0m[ INFO] [1748137063.801144258]: [1748137063.801] v: -0.060823, w: -0.000251[0m
[0m[ INFO] [1748137063.908896975]: [1748137063.908] Robot state - x: 4.984117, y: 0.036260, phi: -0.052603[0m
[0m[ INFO] [1748137063.909217364]: [1748137063.909] Reference trajectory - x: 4.999995, y: 0.000000, phi: 0.000000, v: 0.001125, w: 0.000000[0m
[0m[ INFO] [1748137063.909401847]: [1748137063.909] v: -0.054055, w: -0.001158[0m
[0m[ INFO] [1748137064.001416105]: [1748137064.001] Robot state - x: 4.979478, y: 0.036508, phi: -0.054482[0m
[0m[ INFO] [1748137064.001548363]: [1748137064.002] Reference trajectory - x: 4.999995, y: 0.000000, phi: 0.000000, v: 0.001125, w: 0.000000[0m
[0m[ INFO] [1748137064.001618508]: [1748137064.002] v: -0.046841, w: 0.000947[0m
[0m[ INFO] [1748137064.102339627]: [1748137064.101] Robot state - x: 4.975444, y: 0.036713, phi: -0.050725[0m
[0m[ INFO] [1748137064.102725521]: [1748137064.103] Reference trajectory - x: 4.999995, y: 0.000000, phi: 0.000000, v: 0.001125, w: 0.000000[0m
[0m[ INFO] [1748137064.102910292]: [1748137064.103] v: -0.040329, w: -0.005937[0m
[0m[ INFO] [1748137064.200841382]: [1748137064.201] Robot state - x: 4.972016, y: 0.036903, phi: -0.052603[0m
[0m[ INFO] [1748137064.200953031]: [1748137064.201] Reference trajectory - x: 4.999995, y: 0.000000, phi: 0.000000, v: 0.001125, w: 0.000000[0m
[0m[ INFO] [1748137064.201035049]: [1748137064.201] v: -0.034544, w: -0.003705[0m
[0m[ INFO] [1748137064.305241310]: [1748137064.305] Robot state - x: 4.968386, y: 0.037087, phi: -0.052603[0m
[0m[ INFO] [1748137064.305379520]: [1748137064.305] Reference trajectory - x: 4.999995, y: 0.000000, phi: 0.000000, v: 0.001125, w: 0.000000[0m
[0m[ INFO] [1748137064.305498946]: [1748137064.305] v: -0.028348, w: -0.004490[0m
[0m[ INFO] [1748137064.400301571]: [1748137064.400] Robot state - x: 4.965562, y: 0.037236, phi: -0.052603[0m
[0m[ INFO] [1748137064.400405668]: [1748137064.400] Reference trajectory - x: 4.999995, y: 0.000000, phi: 0.000000, v: 0.001125, w: 0.000000[0m
[0m[ INFO] [1748137064.400462245]: [1748137064.400] v: -0.023180, w: -0.005197[0m
[0m[ INFO] [1748137064.503229412]: [1748137064.503] Robot state - x: 4.962739, y: 0.037[0m[ INFO] [1748137046.702249089]: Trajectory Generator Node Started[0m
[0m[ INFO] [1748137046.709489618]: Reading trajectory coeffs[0m
[0m[ INFO] [1748137043.436521558]: [I2C FOR MOTORS] Now launching this node in namespace: /asc[0m
[0m[ INFO] [1748137043.465339894]: [I2C FOR MOTORS] publish motor duty cycle requests from command line with: rostopic pub --once /asc/set_motor_duty_cycle asclinic_pkg/LeftRightFloat32 "{left: 10.1, right: 10.1}"[0m
[0m[ INFO] [1748137043.465528889]: [I2C FOR MOTORS] Successfully opened named /dev/i2c-1, with file descriptor = 10[0m
[0m[ INFO] [1748137043.465646906]: [I2C FOR MOTORS] Actual acceleration limit = 0.0003125%/ms (after conversation to "internal units")[0m
[0m[ INFO] [1748137043.465729980]: [I2C FOR MOTORS] Actual deceleration limit = 0.0015625%/ms (after conversation to "internal units")[0m
[0m[ INFO] [1748137043.465794461]: [I2C FOR MOTORS] Now initialising SMC with I2C address 13[0m
[0m[ INFO] [1748137043.486332156]: [I2C FOR MOTORS] Now initialising SMC with I2C address 14[0m
[0m[ INFO] [1748137043.501728459]: [I2C FOR MOTORS] Node initialisation complete[0m
385, phi: -0.052603[0m
[0m[ INFO] [1748137064.505020736]: [1748137064.505] Reference trajectory - x: 4.999995, y: 0.000000, phi: 0.000000, v: 0.001125, w: 0.000000[0m
[0m[ INFO] [1748137064.505334981]: [1748137064.505] v: -0.017914, w: -0.005904[0m
[0m[ INFO] [1748137064.600585677]: [1748137064.600] Robot state - x: 4.960319, y: 0.037512, phi: -0.052603[0m
[0m[ INFO] [1748137064.600694734]: [1748137064.601] Reference trajectory - x: 4.999995, y: 0.000000, phi: 0.000000, v: 0.001125, w: 0.000000[0m
[0m[ INFO] [1748137064.600738031]: [1748137064.601] v: -0.013125, w: -0.006566[0m
[0m[ INFO] [1748137064.700837923]: [1748137064.701] Robot state - x: 4.957899, y: 0.037640, phi: -0.052603[0m
[0m[ INFO] [1748137064.701013158]: [1748137064.701] Reference trajectory - x: 4.999995, y: 0.000000, phi: 0.000000, v: 0.001125, w: 0.000000[0m
[0m[ INFO] [1748137064.701123016]: [1748137064.701] v: -0.008251, w: -0.007229[0m
[0m[ INFO] [1748137064.806585553]: [1748137064.806] Robot state - x: 4.956083, y: 0.037737, phi: -0.054482[0m
[0m[ INFO] [1748137064.806715955]: [1748137064.807] Reference trajectory - x: 4.999995, y: 0.000000, phi: 0.000000, v: 0.001125, w: 0.000000[0m
[0m[ INFO] [1748137064.806801301]: [1748137064.807] v: -0.004159, w: -0.004796[0m
[0m[ INFO] [1748137064.905541427]: [1748137064.905] Robot state - x: 4.954268, y: 0.037831, phi: -0.052603[0m
[0m[ INFO] [1748137064.905718614]: [1748137064.906] Reference trajectory - x: 4.999995, y: 0.000000, phi: 0.000000, v: 0.001125, w: 0.000000[0m
[0m[ INFO] [1748137064.905852376]: [1748137064.906] v: -0.000003, w: -0.008414[0m
[0m[ INFO] [1748137065.005909516]: [1748137065.006] Robot state - x: 4.952453, y: 0.037931, phi: -0.054482[0m
[0m[ INFO] [1748137065.006028110]: [1748137065.006] Reference trajectory - x: 4.999995, y: 0.000000, phi: 0.000000, v: 0.001125, w: 0.000000[0m
[0m[ INFO] [1748137065.006076719]: [1748137065.006] v: 0.004217, w: -0.005991[0m
[0m[ INFO] [1748137065.106070499]: [1748137065.106] Robot state - x: 4.951445, y: 0.037984, phi: -0.052603[0m
[0m[ INFO] [1748137065.106220453]: [1748137065.106] Reference trajectory - x: 4.999995, y: 0.000000, phi: 0.000000, v: 0.001125, w: 0.000000[0m
[0m[ INFO] [1748137065.106301479]: [1748137065.106] v: 0.007345, w: -0.009516[0m
[0m[ INFO] [1748137065.205840212]: [1748137065.206] Robot state - x: 4.951243, y: 0.037994, phi: -0.050725[0m
[0m[ INFO] [1748137065.205961141]: [1748137065.206] Reference trajectory - x: 4.999995, y: 0.000000, phi: 0.000000, v: 0.001125, w: 0.000000[0m
[0m[ INFO] [1748137065.206008214]: [1748137065.206] v: 0.009350, w: -0.012949[0m
[0m[ INFO] [1748137065.306202606]: [1748137065.306] Robot state - x: 4.951243, y: 0.037994, phi: -0.050725[0m
[0m[ INFO] [1748137065.306343344]: [1748137065.306] Reference trajectory - x: 4.999995, y: 0.000000, phi: 0.000000, v: 0.001125, w: 0.000000[0m
[0m[ INFO] [1748137065.306450098]: [1748137065.306] v: 0.011073, w: -0.013329[0m
[0m[ INFO] [1748137065.405420150]: [1748137065.405] Robot state - x: 4.951042, y: 0.038004, phi: -0.048846[0m
[0m[ INFO] [1748137065.405538295]: [1748137065.406] Reference trajectory - x: 4.999995, y: 0.000000, phi: 0.000000, v: 0.001125, w: 0.000000[0m
[0m[ INFO] [1748137065.405587096]: [1748137065.406] v: 0.013086, w: -0.016760[0m
[0m[ INFO] [1748137065.505843089]: [1748137065.506] Robot state - x: 4.950638, y: 0.038024, phi: -0.045089[0m
[0m[ INFO] [1748137065.505945522]: [1748137065.506] Reference trajectory - x: 4.999995, y: 0.000000, phi: 0.000000, v: 0.001125, w: 0.000000[0m
[0m[ INFO] [1748137065.505996051]: [1748137065.506] v: 0.015396, w: -0.023241[0m

[ARUCO DETECTOR] Camera properties upon initialisation:
CV_CAP_PROP_FRAME_HEIGHT : '480.0'
CV_CAP_PROP_FRAME_WIDTH :  '640.0'
CAP_PROP_FPS :             '30.0'
CAP_PROP_FOCUS :           '0.0'
CAP_PROP_AUTOFOCUS :       '0.0'
CAP_PROP_BRIGHTNESS :      '128.0'
CAP_PROP_CONTRAST :        '128.0'
CAP_PROP_SATURATION :      '128.0'
CAP_PROP_BUFFERSIZE :      '4.0'

[ARUCO DETECTOR] Camera properties upon initialisation:
CV_CAP_PROP_FRAME_HEIGHT : '1080.0'
CV_CAP_PROP_FRAME_WIDTH :  '1920.0'
CAP_PROP_FPS :             '5.0'
CAP_PROP_FOCUS :           '0.0'
CAP_PROP_AUTOFOCUS :       '0.0'
CAP_PROP_BRIGHTNESS :      '128.0'
CAP_PROP_CONTRAST :        '128.0'
CAP_PROP_SATURATION :      '128.0'
CAP_PROP_BUFFERSIZE :      '1.0'
[INFO] [1748137046.396232]: [ARUCO DETECTOR] As a double check of the camera properties set, a frame captured just now has dimensions = (1080, 1920, 3)
[INFO] [1748137046.474594]: [ARUCO DETECTOR] publish request from command line to save a single camera image using: rostopic pub --once /asc/request_save_image std_msgs/UInt32 1
[INFO] [1748137046.478555]: [ARUCO DETECTOR] Node initialisation complete
... logging to /home/asc/.ros/log/cd256164-3908-11f0-a10f-d8c0a650f677/roslaunch-asc12-jetson-14958.log
Checking log directory for disk usage. This may take a while.
Press Ctrl-C to interrupt
Done checking log file disk usage. Usage is <1GB.
]2;/home/asc/ASClinic/catkin_ws/src/asclinic_pkg/launch/trajectory.launch
[1mstarted roslaunch server http://asc12-jetson:42153/[0m

SUMMARY
========

PARAMETERS
 * /asc/aruco_detector/aruco_detector_desired_camera_fps: 5
 * /asc/aruco_detector/aruco_detector_desired_camera_frame_height: 1080
 * /asc/aruco_detector/aruco_detector_desired_camera_frame_width: 1920
 * /asc/aruco_detector/aruco_detector_marker_size: 0.25
 * /asc/aruco_detector/aruco_detector_save_image_path: /home/asc/saved_c...
 * /asc/aruco_detector/aruco_detector_should_publish_camera_images: False
 * /asc/aruco_detector/aruco_detector_should_save_all_aruco_images: False
 * /asc/aruco_detector/aruco_detector_should_show_camera_images: False
 * /asc/aruco_detector/aruco_detector_usb_camera_device_number: 0
 * /asc/aruco_detector/aruco_detector_verbosity: 1
 * /asc/encoder_read_multi_threaded/delta_t_for_publishing_encoder_counts: 0.1
 * /asc/encoder_read_multi_threaded/encoder_events_to_monitor: rising
 * /asc/encoder_read_multi_threaded/encoder_read_verbosity: 1
 * /asc/encoder_read_multi_threaded/gpio_chip_number_for_encoder_lines: 1
 * /asc/encoder_read_multi_threaded/line_number_for_left_side_encoder_channel_a: 105
 * /asc/encoder_read_multi_threaded/line_number_for_left_side_encoder_channel_b: 106
 * /asc/encoder_read_multi_threaded/line_number_for_right_side_encoder_channel_a: 84
 * /asc/encoder_read_multi_threaded/line_number_for_right_side_encoder_channel_b: 130
 * /asc/encoder_read_multi_threaded/should_monitor_left_side_encoder_channel_a: True
 * /asc/encoder_read_multi_threaded/should_monitor_left_side_encoder_channel_b: False
 * /asc/encoder_read_multi_threaded/should_monitor_right_side_encoder_channel_a: True
 * /asc/encoder_read_multi_threaded/should_monitor_right_side_encoder_channel_b: False
 * /asc/i2c_for_motors/motor_driver_current_limit_in_milliamps: 5000
 * /asc/i2c_for_motors/motor_driver_left_side_multiplier: 1
 * /asc/i2c_for_motors/motor_driver_max_accel_limit_in_percent_per_millisecond: 0.04
 * /asc/i2c_for_motors/motor_driver_max_decel_limit_in_percent_per_millisecond: 0.16
 * /asc/i2c_for_motors/motor_driver_max_duty_cycle_limit_in_percent: 100.0
 * /asc/i2c_for_motors/motor_driver_right_side_multiplier: 1
 * /asc/i2c_for_motors/motor_driver_verbosity: 1
 * /rosdistro: noetic
 * /rosversion: 1.17.0

NODES
  /
    aruco_positioning (asclinic_pkg/aruco_positioning.py)
    kf_fusion_node (asclinic_pkg/KF.py)
    odomdelta (asclinic_pkg/odomdelta)
    trajectory_generator (asclinic_pkg/trajectory_generator_state_space)
    trajectory_tracker (asclinic_pkg/trajectory_tracker_state_space)
    velocity_PI_control (asclinic_pkg/velocity_PI_control)
  /asc/
    aruco_detector (asclinic_pkg/aruco_detector.py)
    encoder_read_multi_threaded (asclinic_pkg/encoder_read_multi_threaded)
    i2c_for_motors (asclinic_pkg/i2c_for_motors)

auto-starting new master
[1mprocess[master]: started with pid [14981][0m
[1mROS_MASTER_URI=http://localhost:11311[0m
]2;/home/asc/ASClinic/catkin_ws/src/asclinic_pkg/launch/trajectory.launch http://localhost:11311
[1msetting /run_id to cd256164-3908-11f0-a10f-d8c0a650f677[0m
[1mprocess[rosout-1]: started with pid [14995][0m
started core service [/rosout]
[1mprocess[asc/i2c_for_motors-2]: started with pid [15006][0m
[1mprocess[asc/encoder_read_multi_threaded-3]: started with pid [15007][0m
[1mprocess[odomdelta-4]: started with pid [15013][0m
[1mprocess[asc/aruco_detector-5]: started with pid [15019][0m
[1mprocess[aruco_positioning-6]: started with pid [15025][0m
[1mprocess[trajectory_tracker-7]: started with pid [15030][0m
[1mprocess[trajectory_generator-8]: started with pid [15031][0m
[1mprocess[velocity_PI_control-9]: started with pid [15033][0m
[1mprocess[kf_fusion_node-10]: started with pid [15043][0m
[kf_fusion_node-10] killing on exit
[velocity_PI_control-9] killing on exit
[trajectory_generator-8] killing on exit
[trajectory_tracker-7] killing on exit
[asc/aruco_detector-5] killing on exit
[asc/encoder_read_multi_threaded-3] killing on exit
[asc/i2c_for_motors-2] killing on exit
[odomdelta-4] killing on exit
[aruco_positioning-6] killing on exit
[rosout-1] killing on exit
[master] killing on exit
shutting down processing monitor...
... shutting down processing monitor complete
[1mdone[0m
