[0m[ INFO] [1748156893.598841851]: Loaded 2 segments of gains[0m
[0m[ INFO] [1748156893.598976219]: Segment 0:[0m
[0m[ INFO] [1748156893.599008443]:   K_x:[0m
[0m[ INFO] [1748156893.599070172]:     [0.835752, 2.32898e-16, 1.06855e-16][0m
[0m[ INFO] [1748156893.599105660]:     [1.06855e-16, 1.26739, 1.04583][0m
[0m[ INFO] [1748156893.599242684]:   K_p:[0m
[0m[ INFO] [1748156893.599285820]:     [0.182574, 4.01274e-17][0m
[0m[ INFO] [1748156893.599320092]:     [3.08391e-17, 0.182574][0m
[0m[ INFO] [1748156893.599392157]: Segment 1:[0m
[0m[ INFO] [1748156893.599419645]:   K_x:[0m
[0m[ INFO] [1748156893.599453149]:     [-104, 5, 0][0m
[0m[ INFO] [1748156893.599539613]:     [0, 6.86636e-44, 0][0m
[0m[ INFO] [1748156893.599563837]:   K_p:[0m
[0m[ INFO] [1748156893.599595549]:     [0, 6.44597e-44][0m
[0m[ INFO] [1748156893.599623805]:     [0, 0][0m
[0m[ INFO] [1748156895.686226400]: [1748156895.686] Robot state - x: 0.000000, y: 0.000000, phi: 0.000000[0m
[0m[ INFO] [1748156895.689315241]: [1748156895.689] Reference trajectory - x: 0.000000, y: 0.000000, phi: 0.000000, v: 0.000000, w: 0.000000[0m
[0m[ INFO] [1748156895.786922079]: [1748156895.787] Robot state - x: 0.000000, y: 0.000000, phi: 0.000000[0m
[0m[ INFO] [1748156895.787022784]: [1748156895.787] Reference trajectory - x: 0.000000, y: 0.000000, phi: 0.000000, v: 0.000000, w: 0.000000[0m
[0m[ INFO] [1748156895.888124320]: [1748156895.888] Robot state - x: 0.000000, y: 0.000000, phi: 0.000000[0m
[0m[ INFO] [1748156895.888261920]: [1748156895.888] Reference trajectory - x: 0.000000, y: 0.000000, phi: 0.000000, v: 0.000000, w: 0.000000[0m
[0m[ INFO] [1748156895.986197367]: [1748156895.986] Robot state - x: 0.000000, y: 0.000000, phi: 0.000000[0m
[0m[ INFO] [1748156895.986353144]: [1748156895.986] Reference trajectory - x: 0.000000, y: 0.000000, phi: 0.000000, v: 0.000000, w: 0.000000[0m
[0m[ INFO] [1748156896.086399286]: [1748156896.086] Robot state - x: 0.000000, y: 0.000000, phi: 0.000000[0m
[0m[ INFO] [1748156896.086501846]: [1748156896.086] Reference trajectory - x: 0.000000, y: 0.000000, phi: 0.000000, v: 0.000000, w: 0.000000[0m
[0m[ INFO] [1748156896.185931635]: [1748156896.186] Robot state - x: 0.000000, y: 0.000000, phi: 0.000000[0m
[0m[ INFO] [1748156896.186033651]: [1748156896.186] Reference trajectory - x: 0.000000, y: 0.000000, phi: 0.000000, v: 0.000000, w: 0.000000[0m
[0m[ INFO] [1748156896.286346322]: [1748156896.286] Robot state - x: 0.000000, y: 0.000000, phi: 0.000000[0m
[0m[ INFO] [1748156896.286438386]: [1748156896.286] Reference trajectory - x: 0.000000, y: 0.000000, phi: 0.000000, v: 0.000000, w: 0.000000[0m
[0m[ INFO] [1748156896.386384209]: [1748156896.386] Robot state - x: 0.000000, y: 0.000000, phi: 0.000000[0m
[0m[ INFO] [1748156896.386473713]: [1748156896.386] Reference trajectory - x: 0.000000, y: 0.000000, phi: 0.000000, v: 0.000000, w: 0.000000[0m
[0m[ INFO] [1748156896.486406319]: [1748156896.486] Robot state - x: 0.000000, y: 0.000000, phi: 0.000000[0m
[0m[ INFO] [1748156896.486527791]: [1748156896.486] Reference trajectory - x: 0.000000, y: 0.000000, phi: 0.000000, v: 0.000000, w: 0.000000[0m
[0m[ INFO] [1748156896.587052623]: [1748156896.587] Robot state - x: 0.000000, y: 0.000000, phi: 0.000000[0m
[0m[ INFO] [1748156896.587192207]: [1748156896.587] Reference trajectory - x: 0.000000, y: 0.000000, phi: 0.000000, v: 0.000000, w: 0.000000[0m
[0m[ INFO] [1748156896.686295595]: [1748156896.686] Robot state - x: 0.000000, y: 0.000000, phi: 0.000000[0m
[0m[ INFO] [1748156896.686401611]: [1748156896.686] Reference trajectory - x: 0.000000, y: 0.000000, phi: 0.000000, v: 0.000000, w: 0.000000[0m
[0m[ INFO] [1748156896.705153249]: Received reference trajectory - x: 0.000000, y: 0.000000, phi: 0.000000, v: 0.000034, w: 0.000000, line_no: 0[0m
[0m[ INFO] [1748156896.786159433]: [1748156896.786] Robot state - x: 0.000000, y: 0.000000, phi: 0.000000[0m
[0m[ INFO] [1748156896.786277673]: [1748156896.786] Reference trajectory - x: 0.000000, y: 0.000000, phi: 0.000000, v: 0.000000, w: 0.000000[0m
[0m[ INFO] [1748156896.786565162]: [1748156896.787] v: 0.000000, w: 0.000000 (segment 0)[0m
[0m[ INFO] [1748156896.804429597]: Received reference trajectory - x: 0.343673, y: 0.000000, phi: 0.000000, v: 7.156922, w: 0.000000, line_no: 0[0m
[0m[ INFO] [1748156896.886021575]: [1748156896.886] Robot state - x: 0.000000, y: 0.000000, phi: 0.000000[0m
[0m[ INFO] [1748156896.886141863]: [1748156896.886] Reference trajectory - x: 0.000344, y: 0.000000, phi: 0.000000, v: 0.007157, w: 0.000000[0m
[0m[ INFO] [1748156896.886192423]: [1748156896.886] v: 0.007450, w: 0.000000 (segment 0)[0m
[0m[ INFO] [1748156896.900724145]: Received reference trajectory - x: 1.429497, y: 0.000000, phi: 0.000000, v: 14.547396, w: 0.000000, line_no: 0[0m
[0m[ INFO] [1748156896.986287974]: [1748156896.986] Robot state - x: 0.000000, y: 0.000000, phi: 0.000000[0m
[0m[ INFO] [1748156896.986406214]: [1748156896.986] Reference trajectory - x: 0.001429, y: 0.000000, phi: 0.000000, v: 0.014547, w: 0.000000[0m
[0m[ INFO] [1748156896.986455430]: [1748156896.986] v: 0.015774, w: 0.000000 (segment 0)[0m
[0m[ INFO] [1748156897.000841871]: Received reference trajectory - x: 3.250936, y: 0.000000, phi: 0.000000, v: 21.863966, w: 0.000000, line_no: 0[0m
[0m[ INFO] [1748156897.086207909]: [1748156897.086] Robot state - x: 0.000000, y: 0.000000, phi: 0.000000[0m
[0m[ INFO] [1748156897.086352933]: [1748156897.086] Reference trajectory - x: 0.003251, y: 0.000000, phi: 0.000000, v: 0.021864, w: 0.000000[0m
[0m[ INFO] [1748156897.086469701]: [1748156897.086] v: 0.024673, w: 0.000000 (segment 0)[0m
[0m[ INFO] [1748156897.101137648]: Received reference trajectory - x: 5.800018, y: 0.000000, phi: 0.000000, v: 29.104620, w: 0.000000, line_no: 0[0m
[0m[ INFO] [1748156897.186675750]: [1748156897.187] Robot state - x: 0.000000, y: 0.000000, phi: 0.000000[0m
[0m[ INFO] [1748156897.186777766]: [1748156897.187] Reference trajectory - x: 0.005800, y: 0.000000, phi: 0.000000, v: 0.029105, w: 0.000000[0m
[0m[ INFO] [1748156897.186828966]: [1748156897.187] v: 0.034150, w: 0.000000 (segment 0)[0m
[0m[ INFO] [1748156897.200874446]: Received reference trajectory - x: 9.068892, y: 0.000000, phi: 0.000000, v: 36.269230, w: 0.000000, line_no: 0[0m
[0m[ INFO] [1748156897.286396228]: [1748156897.286] Robot state - x: 0.000000, y: 0.000000, phi: 0.000000[0m
[0m[ INFO] [1748156897.286539973]: [1748156897.286] Reference trajectory - x: 0.009069, y: 0.000000, phi: 0.000000, v: 0.036269, w: 0.000000[0m
[0m[ INFO] [1748156897.286611365]: [1748156897.287] v: 0.044212, w: 0.000000 (segment 0)[0m
[0m[ INFO] [1748156897.300710061]: Received reference trajectory - x: 13.050764, y: 0.000000, phi: 0.000000, v: 43.359482, w: 0.000000, line_no: 0[0m
[0m[ INFO] [1748156897.386504548]: [1748156897.386] Robot state - x: 0.000202, y: -0.000000, phi: -0.001879[0m
[0m[ INFO] [1748156897.386627300]: [1748156897.387] Reference trajectory - x: 0.013051, y: 0.000000, phi: 0.000000, v: 0.043359, w: 0.000000[0m
[0m[ INFO] [1748156897.386727525]: [1748156897.387] v: 0.054696, w: 0.001965 (segment 0)[0m
[0m[ INFO] [1748156897.401779184]: Received reference trajectory - x: 17.738525, y: 0.000000, phi: 0.000000, v: 50.375637, w: 0.000000, line_no: 0[0m
[0m[ INFO] [1748156897.486071458]: [1748156897.486] Robot state - x: 0.000202, y: -0.000000, phi: -0.001879[0m
[0m[ INFO] [1748156897.486218627]: [1748156897.486] Reference trajectory - x: 0.017739, y: 0.000000, phi: 0.000000, v: 0.050376, w: 0.000000[0m
[0m[ INFO] [1748156897.486289315]: [1748156897.486] v: 0.065950, w: 0.001965 (segment 0)[0m
[0m[ INFO] [1748156897.500614700]: Received reference trajectory - x: 23.123215, y: 0.000000, phi: 0.000000, v: 57.315586, w: 0.000000, line_no: 0[0m
[0m[ INFO] [1748156897.586401283]: [1748156897.586] Robot state - x: 0.000404, y: -0.000000, phi: 0.000000[0m
[0m[ INFO] [1748156897.586534403]: [1748156897.586] Reference trajectory - x: 0.023123, y: 0.000000, phi: 0.000000, v: 0.057316, w: 0.000000[0m
[0m[ INFO] [1748156897.586586915]: [1748156897.587] v: 0.077636, w: 0.000000 (segment 0)[0m
[0m[ INFO] [1748156897.600774348]: Received reference trajectory - x: 29.199224, y: 0.000000, phi: 0.000000, v: 64.181755, w: 0.000000, line_no: 0[0m
[0m[ INFO] [1748156897.689500203]: [1748156897.689] Robot state - x: 0.000808, y: -0.000001, phi: 0.000000[0m
[0m[ INFO] [1748156897.689670764]: [1748156897.690] Reference trajectory - x: 0.029199, y: 0.000000, phi: 0.000000, v: 0.064182, w: 0.000000[0m
[0m[ INFO] [1748156897.689800492]: [1748156897.690] v: 0.089761, w: 0.000001 (segment 0)[0m
[0m[ INFO] [1748156897.703058610]: Received reference trajectory - x: 35.964050, y: 0.000000, phi: 0.000000, v: 70.978523, w: 0.000000, line_no: 0[0m
[0m[ INFO] [1748156897.793399926]: [1748156897.793] Robot state - x: 0.002424, y: -0.000001, phi: 0.000000[0m
[0m[ INFO] [1748156897.793530710]: [1748156897.793] Reference trajectory - x: 0.035964, y: 0.000000, phi: 0.000000, v: 0.070979, w: 0.000000[0m
[0m[ INFO] [1748156897.793591062]: [1748156897.794] v: 0.101474, w: 0.000001 (segment 0)[0m
[0m[ INFO] [1748156897.800680587]: Received reference trajectory - x: 43.392609, y: 0.000000, phi: 0.000000, v: 77.689140, w: 0.000000, line_no: 0[0m
[0m[ INFO] [1748156897.887683909]: [1748156897.888] Robot state - x: 0.004039, y: -0.000001, phi: 0.000000[0m
[0m[ INFO] [1748156897.887925030]: [1748156897.888] Reference trajectory - x: 0.043393, y: 0.000000, phi: 0.000000, v: 0.077689, w: 0.000000[0m
[0m[ INFO] [1748156897.887977990]: [1748156897.888] v: 0.113761, w: 0.000002 (segment 0)[0m
[0m[ INFO] [1748156897.900765578]: Received reference trajectory - x: 51.493187, y: 0.000000, phi: 0.000000, v: 84.328941, w: 0.000000, line_no: 0[0m
[0m[ INFO] [1748156897.986404641]: [1748156897.986] Robot state - x: 0.006665, y: 0.000001, phi: 0.001879[0m
[0m[ INFO] [1748156897.986591489]: [1748156897.987] Reference trajectory - x: 0.051493, y: 0.000000, phi: 0.000000, v: 0.084329, w: 0.000000[0m
[0m[ INFO] [1748156897.986678721]: [1748156897.987] v: 0.125795, w: -0.001966 (segment 0)[0m
[0m[ INFO] [1748156898.000856778]: Received reference trajectory - x: 60.256763, y: 0.000000, phi: 0.000000, v: 90.895798, w: 0.000000, line_no: 0[0m
[0m[ INFO] [1748156898.088669704]: [1748156898.089] Robot state - x: 0.010906, y: 0.000005, phi: 0.003757[0m
[0m[ INFO] [1748156898.088765896]: [1748156898.089] Reference trajectory - x: 0.060257, y: 0.000000, phi: 0.000000, v: 0.090896, w: 0.000000[0m
[0m[ INFO] [1748156898.088814792]: [1748156898.089] v: 0.137042, w: -0.003936 (segment 0)[0m
[0m[ INFO] [1748156898.100743019]: Received reference trajectory - x: 69.669548, y: 0.000000, phi: 0.000000, v: 97.385071, w: 0.000000, line_no: 0[0m
[0m[ INFO] [1748156898.186579554]: [1748156898.186] Robot state - x: 0.015955, y: 0.000010, phi: 0.001879[0m
[0m[ INFO] [1748156898.186670211]: [1748156898.187] Reference trajectory - x: 0.069670, y: 0.000000, phi: 0.000000, v: 0.097385, w: 0.000000[0m
[0m[ INFO] [1748156898.186727011]: [1748156898.187] v: 0.148159, w: -0.001978 (segment 0)[0m
[0m[ INFO] [1748156898.200676971]: Received reference trajectory - x: 79.728951, y: 0.000000, phi: 0.000000, v: 103.800339, w: 0.000000, line_no: 0[0m
[0m[ INFO] [1748156898.292342612]: [1748156898.292] Robot state - x: 0.022014, y: 0.000033, phi: 0.001879[0m
[0m[ INFO] [1748156898.292475828]: [1748156898.292] Reference trajectory - x: 0.079729, y: 0.000000, phi: 0.000000, v: 0.103800, w: 0.000000[0m
[0m[ INFO] [1748156898.292643029]: [1748156898.293] v: 0.158972, w: -0.002007 (segment 0)[0m
[0m[ INFO] [1748156898.302495697]: Received reference trajectory - x: 90.434067, y: 0.000000, phi: 0.000000, v: 110.145172, w: 0.000000, line_no: 0[0m
[0m[ INFO] [1748156898.387131974]: [1748156898.387] Robot state - x: 0.028678, y: 0.000052, phi: 0.003757[0m
[0m[ INFO] [1748156898.387256102]: [1748156898.387] Reference trajectory - x: 0.090434, y: 0.000000, phi: 0.000000, v: 0.110145, w: 0.000000[0m
[0m[ INFO] [1748156898.387306342]: [1748156898.387] v: 0.169821, w: -0.003997 (segment 0)[0m
[0m[ INFO] [1748156898.401099246]: Received reference trajectory - x: 101.755684, y: 0.000000, phi: 0.000000, v: 116.407066, w: 0.000000, line_no: 0[0m
[0m[ INFO] [1748156898.486649061]: [1748156898.487] Robot state - x: 0.035949, y: 0.000065, phi: 0.003757[0m
[0m[ INFO] [1748156898.486751749]: [1748156898.487] Reference trajectory - x: 0.101756, y: 0.000000, phi: 0.000000, v: 0.116407, w: 0.000000[0m
[0m[ INFO] [1748156898.486806629]: [1748156898.487] v: 0.180670, w: -0.004015 (segment 0)[0m
[0m[ INFO] [1748156898.500794222]: Received reference trajectory - x: 113.704826, y: 0.000000, phi: 0.000000, v: 122.596779, w: 0.000000, line_no: 0[0m
[0m[ INFO] [1748156898.587487080]: [1748156898.587] Robot state - x: 0.044229, y: 0.000089, phi: 0.001879[0m
[0m[ INFO] [1748156898.587584840]: [1748156898.588] Reference trajectory - x: 0.113705, y: 0.000000, phi: 0.000000, v: 0.122597, w: 0.000000[0m
[0m[ INFO] [1748156898.587634793]: [1748156898.588] v: 0.191195, w: -0.002082 (segment 0)[0m
[0m[ INFO] [1748156898.600938127]: Received reference trajectory - x: 126.271919, y: 0.000000, phi: 0.000000, v: 128.712845, w: 0.000000, line_no: 0[0m
[0m[ INFO] [1748156898.686907079]: [1748156898.687] Robot state - x: 0.053519, y: 0.000141, phi: 0.005636[0m
[0m[ INFO] [1748156898.687055944]: [1748156898.687] Reference trajectory - x: 0.126272, y: 0.000000, phi: 0.000000, v: 0.128713, w: 0.000000[0m
[0m[ INFO] [1748156898.687134600]: [1748156898.687] v: 0.201378, w: -0.006080 (segment 0)[0m
[0m[ INFO] [1748156898.700782031]: Received reference trajectory - x: 139.445343, y: 0.000000, phi: 0.000000, v: 134.753189, w: 0.000000, line_no: 0[0m
[0m[ INFO] [1748156898.787203369]: [1748156898.787] Robot state - x: 0.063415, y: 0.000169, phi: 0.007515[0m
[0m[ INFO] [1748156898.787359561]: [1748156898.787] Reference trajectory - x: 0.139445, y: 0.000000, phi: 0.000000, v: 0.134753, w: 0.000000[0m
[0m[ INFO] [1748156898.787411657]: [1748156898.787] v: 0.211545, w: -0.008083 (segment 0)[0m
[0m[ INFO] [1748156898.800768368]: Received reference trajectory - x: 153.219345, y: 0.000000, phi: 0.000000, v: 140.718689, w: 0.000000, line_no: 0[0m
[0m[ INFO] [1748156898.891348758]: [1748156898.891] Robot state - x: 0.074523, y: 0.000221, phi: 0.005636[0m
[0m[ INFO] [1748156898.891614230]: [1748156898.892] Reference trajectory - x: 0.153219, y: 0.000000, phi: 0.000000, v: 0.140719, w: 0.000000[0m
[0m[ INFO] [1748156898.892405817]: [1748156898.892] v: 0.221176, w: -0.006189 (segment 0)[0m
[0m[ INFO] [1748156898.902656886]: Received reference trajectory - x: 167.592712, y: 0.000000, phi: 0.000000, v: 146.611801, w: 0.000000, line_no: 0[0m
[0m[ INFO] [1748156898.986467656]: [1748156898.986] Robot state - x: 0.086438, y: 0.000322, phi: 0.007515[0m
[0m[ INFO] [1748156898.986596745]: [1748156898.987] Reference trajectory - x: 0.167593, y: 0.000000, phi: 0.000000, v: 0.146612, w: 0.000000[0m
[0m[ INFO] [1748156898.986647049]: [1748156898.987] v: 0.230605, w: -0.008287 (segment 0)[0m
[0m[ INFO] [1748156899.000914546]: Received reference trajectory - x: 182.541809, y: 0.000000, phi: 0.000000, v: 152.426041, w: 0.000000, line_no: 0[0m
[0m[ INFO] [1748156899.087276460]: [1748156899.087] Robot state - x: 0.099161, y: 0.000405, phi: 0.009393[0m
[0m[ INFO] [1748156899.087378893]: [1748156899.087] Reference trajectory - x: 0.182542, y: 0.000000, phi: 0.000000, v: 0.152426, w: 0.000000[0m
[0m[ INFO] [1748156899.087439501]: [1748156899.087] v: 0.239802, w: -0.010365 (segment 0)[0m
[0m[ INFO] [1748156899.100948372]: Received reference trajectory - x: 198.070236, y: 0.000000, phi: 0.000000, v: 158.165955, w: 0.000000, line_no: 0[0m
[0m[ INFO] [1748156899.188569106]: [1748156899.188] Robot state - x: 0.112490, y: 0.000506, phi: 0.009393[0m
[0m[ INFO] [1748156899.188677106]: [1748156899.189] Reference trajectory - x: 0.198070, y: 0.000000, phi: 0.000000, v: 0.158166, w: 0.000000[0m
[0m[ INFO] [1748156899.188854419]: [1748156899.189] v: 0.248943, w: -0.010502 (segment 0)[0m
[0m[ INFO] [1748156899.200812246]: Received reference trajectory - x: 214.173492, y: 0.000000, phi: 0.000000, v: 163.832474, w: 0.000000, line_no: 0[0m
[0m[ INFO] [1748156899.286410222]: [1748156899.286] Robot state - x: 0.126828, y: 0.000654, phi: 0.011272[0m
[0m[ INFO] [1748156899.286548110]: [1748156899.286] Reference trajectory - x: 0.214173, y: 0.000000, phi: 0.000000, v: 0.163832, w: 0.000000[0m
[0m[ INFO] [1748156899.286685423]: [1748156899.287] v: 0.257679, w: -0.012666 (segment 0)[0m
[0m[ INFO] [1748156899.300985176]: Received reference trajectory - x: 230.834625, y: 0.000000, phi: 0.000000, v: 169.422302, w: 0.000000, line_no: 0[0m
[0m[ INFO] [1748156899.387763764]: [1748156899.388] Robot state - x: 0.141974, y: 0.000810, phi: 0.013151[0m
[0m[ INFO] [1748156899.387888116]: [1748156899.388] Reference trajectory - x: 0.230835, y: 0.000000, phi: 0.000000, v: 0.169422, w: 0.000000[0m
[0m[ INFO] [1748156899.387972052]: [1748156899.388] v: 0.266157, w: -0.014844 (segment 0)[0m
[0m[ INFO] [1748156899.401264219]: Received reference trajectory - x: 248.053085, y: 0.000000, phi: 0.000000, v: 174.937820, w: 0.000000, line_no: 0[0m
[0m[ INFO] [1748156899.486044625]: [1748156899.486] Robot state - x: 0.157726, y: 0.000988, phi: 0.013151[0m
[0m[ INFO] [1748156899.486206641]: [1748156899.486] Reference trajectory - x: 0.248053, y: 0.000000, phi: 0.000000, v: 0.174938, w: 0.000000[0m
[0m[ INFO] [1748156899.486308978]: [1748156899.486] v: 0.274548, w: -0.015087 (segment 0)[0m
[0m[ INFO] [1748156899.500744507]: Received reference trajectory - x: 265.817749, y: 0.000000, phi: 0.000000, v: 180.377869, w: 0.000000, line_no: 0[0m
[0m[ INFO] [1748156899.586400532]: [1748156899.586] Robot state - x: 0.174084, y: 0.001188, phi: 0.011272[0m
[0m[ INFO] [1748156899.586517140]: [1748156899.586] Reference trajectory - x: 0.265818, y: 0.000000, phi: 0.000000, v: 0.180378, w: 0.000000[0m
[0m[ INFO] [1748156899.586569524]: [1748156899.587] v: 0.282839, w: -0.013397 (segment 0)[0m
[0m[ INFO] [1748156899.600731837]: Received reference trajectory - x: 284.123871, y: 0.000000, phi: 0.000000, v: 185.743286, w: 0.000000, line_no: 0[0m
[0m[ INFO] [1748156899.686620342]: [1748156899.686] Robot state - x: 0.191653, y: 0.001402, phi: 0.009393[0m
[0m[ INFO] [1748156899.686795671]: [1748156899.687] Reference trajectory - x: 0.284124, y: 0.000000, phi: 0.000000, v: 0.185743, w: 0.000000[0m
[0m[ INFO] [1748156899.686934775]: [1748156899.687] v: 0.290508, w: -0.011730 (segment 0)[0m
[0m[ INFO] [1748156899.700801888]: Received reference trajectory - x: 302.965942, y: 0.000000, phi: 0.000000, v: 191.034592, w: 0.000000, line_no: 0[0m
[0m[ INFO] [1748156899.788330077]: [1748156899.788] Robot state - x: 0.209223, y: 0.001584, phi: 0.007515[0m
[0m[ INFO] [1748156899.788445534]: [1748156899.788] Reference trajectory - x: 0.302966, y: 0.000000, phi: 0.000000, v: 0.191035, w: 0.000000[0m
[0m[ INFO] [1748156899.788555678]: [1748156899.789] v: 0.298575, w: -0.010024 (segment 0)[0m
[0m[ INFO] [1748156899.800782114]: Received reference trajectory - x: 322.329590, y: 0.000000, phi: 0.000000, v: 196.249832, w: 0.000000, line_no: 0[0m
[0m[ INFO] [1748156899.890862631]: [1748156899.891] Robot state - x: 0.228206, y: 0.001726, phi: 0.003757[0m
[0m[ INFO] [1748156899.891039047]: [1748156899.891] Reference trajectory - x: 0.322330, y: 0.000000, phi: 0.000000, v: 0.196250, w: 0.000000[0m
[0m[ INFO] [1748156899.891161416]: [1748156899.891] v: 0.305826, w: -0.006307 (segment 0)[0m
[0m[ INFO] [1748156899.902104647]: Received reference trajectory - x: 342.229401, y: 0.000000, phi: 0.000000, v: 201.394775, w: 0.000000, line_no: 0[0m
[0m[ INFO] [1748156899.988914051]: [1748156899.989] Robot state - x: 0.247998, y: 0.001838, phi: -0.000000[0m
[0m[ INFO] [1748156899.989057924]: [1748156899.989] Reference trajectory - x: 0.342229, y: 0.000000, phi: 0.000000, v: 0.201395, w: 0.000000[0m
[0m[ INFO] [1748156899.989142020]: [1748156899.989] v: 0.312782, w: -0.002552 (segment 0)[0m
[0m[ INFO] [1748156900.000752805]: Received reference trajectory - x: 362.607849, y: 0.000000, phi: 0.000000, v: 206.456650, w: 0.000000, line_no: 0[0m
[0m[ INFO] [1748156900.102482318]: Received reference trajectory - x: 383.518463, y: 0.000000, phi: 0.000000, v: 211.450699, w: 0.000000, line_no: 0[0m
[0m[ INFO] [1748156900.197440674]: [1748156900.197] Robot state - x: 0.268194, y: 0.001952, phi: 0.003757[0m
[0m[ INFO] [1748156900.197644195]: [1748156900.198] Reference trajectory - x: 0.383518, y: 0.000000, phi: 0.000000, v: 0.211451, w: 0.000000[0m
[0m[ INFO] [1748156900.197721091]: [1748156900.198] v: 0.342572, w: -0.006662 (segment 0)[0m
[0m[ INFO] [1748156900.200138026]: [1748156900.200] Robot state - x: 0.289399, y: 0.001932, phi: 0.001879[0m
[0m[ INFO] [1748156900.200226186]: [1748156900.200] Reference trajectory - x: 0.383518, y: 0.000000, phi: 0.000000, v: 0.211451, w: 0.000000[0m
[0m[ INFO] [1748156900.200274091]: [1748156900.200] v: 0.326568, w: -0.004707 (segment 0)[0m
[0m[ INFO] [1748156900.201380206]: Received reference trajectory - x: 404.898132, y: 0.000000, phi: 0.000000, v: 216.363556, w: 0.000000, line_no: 0[0m
[0m[ INFO] [1748156900.225709429]: [1748156900.226] Robot state - x: 0.261399, y: -0.026068, phi: -0.172654[0m
[0m[ INFO] [1748156900.225862005]: [1748156900.226] Reference trajectory - x: 0.404898, y: 0.000000, phi: 0.000000, v: 0.216364, w: 0.000000[0m
[0m[ INFO] [1748156900.225935125]: [1748156900.226] v: 0.375369, w: 0.213789 (segment 0)[0m
[0m[ INFO] [1748156900.287900522]: [1748156900.288] Robot state - x: 0.283817, y: -0.026047, phi: -0.170776[0m
[0m[ INFO] [1748156900.288003114]: [1748156900.288] Reference trajectory - x: 0.404898, y: 0.000000, phi: 0.000000, v: 0.216364, w: 0.000000[0m
[0m[ INFO] [1748156900.288119146]: [1748156900.288] v: 0.358845, w: 0.212273 (segment 0)[0m
[0m[ INFO] [1748156900.300925872]: Received reference trajectory - x: 426.771545, y: 0.000000, phi: 0.000000, v: 221.202896, w: 0.000000, line_no: 0[0m
[0m[ INFO] [1748156900.386594601]: [1748156900.387] Robot state - x: 0.305897, y: -0.029919, phi: -0.172654[0m
[0m[ INFO] [1748156900.386720522]: [1748156900.387] Reference trajectory - x: 0.426772, y: 0.000000, phi: 0.000000, v: 0.221203, w: 0.000000[0m
[0m[ INFO] [1748156900.386774314]: [1748156900.387] v: 0.365718, w: 0.219691 (segment 0)[0m
[0m[ INFO] [1748156900.398297099]: [1748156900.398] Robot state - x: 0.277897, y: -0.057919, phi: -0.347187[0m
[0m[ INFO] [1748156900.398420396]: [1748156900.398] Reference trajectory - x: 0.426772, y: 0.000000, phi: 0.000000, v: 0.221203, w: 0.000000[0m
[0m[ INFO] [1748156900.398470828]: [1748156900.398] v: 0.391837, w: 0.438768 (segment 0)[0m
[0m[ INFO] [1748156900.400662162]: Received reference trajectory - x: 449.130066, y: 0.000000, phi: 0.000000, v: 225.968338, w: 0.000000, line_no: 0[0m
[0m[ INFO] [1748156900.486356620]: [1748156900.486] Robot state - x: 0.300383, y: -0.061819, phi: -0.349066[0m
[0m[ INFO] [1748156900.486447660]: [1748156900.486] Reference trajectory - x: 0.449130, y: 0.000000, phi: 0.000000, v: 0.225968, w: 0.000000[0m
[0m[ INFO] [1748156900.486559628]: [1748156900.487] v: 0.399212, w: 0.446804 (segment 0)[0m
[0m[ INFO] [1748156900.500664438]: Received reference trajectory - x: 471.959778, y: 0.000000, phi: 0.000000, v: 230.658447, w: 0.000000, line_no: 0[0m
[0m[ INFO] [1748156900.586231759]: [1748156900.586] Robot state - x: 0.323172, y: -0.070065, phi: -0.349066[0m
[0m[ INFO] [1748156900.586377167]: [1748156900.586] Reference trajectory - x: 0.471960, y: 0.000000, phi: 0.000000, v: 0.230658, w: 0.000000[0m
[0m[ INFO] [1748156900.586446287]: [1748156900.586] v: 0.406652, w: 0.458534 (segment 0)[0m
[0m[ INFO] [1748156900.600715801]: Received reference trajectory - x: 495.260223, y: 0.000000, phi: 0.000000, v: 235.274673, w: 0.000000, line_no: 0[0m
[0m[ INFO] [1748156900.691571202]: [1748156900.691] Robot state - x: 0.347514, y: -0.078769, phi: -0.337794[0m
[0m[ INFO] [1748156900.691852194]: [1748156900.692] Reference trajectory - x: 0.495260, y: 0.000000, phi: 0.000000, v: 0.235275, w: 0.000000[0m
[0m[ INFO] [1748156900.691948931]: [1748156900.692] v: 0.413096, w: 0.459215 (segment 0)[0m
[0m[ INFO] [1748156900.701167581]: Received reference trajectory - x: 519.016663, y: 0.000000, phi: 0.000000, v: 239.815491, w: 0.000000, line_no: 0[0m
[0m[ INFO] [1748156900.789254718]: [1748156900.789] Robot state - x: 0.374372, y: -0.088232, phi: -0.317128[0m
[0m[ INFO] [1748156900.789842944]: [1748156900.790] Reference trajectory - x: 0.519017, y: 0.000000, phi: 0.000000, v: 0.239815, w: 0.000000[0m
[0m[ INFO] [1748156900.789957216]: [1748156900.790] v: 0.417685, w: 0.451206 (segment 0)[0m
[0m[ INFO] [1748156900.800795808]: Received reference trajectory - x: 543.221069, y: 0.000000, phi: 0.000000, v: 244.280869, w: 0.000000, line_no: 0[0m
[0m[ INFO] [1748156900.802845798]: [1748156900.803] Robot state - x: 0.346372, y: -0.116232, phi: -0.491661[0m
[0m[ INFO] [1748156900.802922086]: [1748156900.803] Reference trajectory - x: 0.543221, y: 0.000000, phi: 0.000000, v: 0.244281, w: 0.000000[0m
[0m[ INFO] [1748156900.802990630]: [1748156900.803] v: 0.469375, w: 0.671347 (segment 0)[0m
[0m[ INFO] [1748156900.886299833]: [1748156900.886] Robot state - x: 0.374500, y: -0.125728, phi: -0.467238[0m
[0m[ INFO] [1748156900.886445081]: [1748156900.886] Reference trajectory - x: 0.543221, y: 0.000000, phi: 0.000000, v: 0.244281, w: 0.000000[0m
[0m[ INFO] [1748156900.886498233]: [1748156900.886] v: 0.448947, w: 0.660136 (segment 0)[0m
[0m[ INFO] [1748156900.900700163]: Received reference trajectory - x: 567.865234, y: 0.000000, phi: 0.000000, v: 248.670746, w: 0.000000, line_no: 0[0m
[0m[ INFO] [1748156900.983950773]: [1748156900.984] Robot state - x: 0.402500, y: -0.097728, phi: -0.292705[0m
[0m[ INFO] [1748156900.984044181]: [1748156900.984] Reference trajectory - x: 0.567865, y: 0.000000, phi: 0.000000, v: 0.248671, w: 0.000000[0m
[0m[ INFO] [1748156900.984093366]: [1748156900.984] v: 0.453551, w: 0.443900 (segment 0)[0m
[0m[ INFO] [1748156900.986747549]: [1748156900.987] Robot state - x: 0.429007, y: -0.111541, phi: -0.270161[0m
[0m[ INFO] [1748156900.986825342]: [1748156900.987] Reference trajectory - x: 0.567865, y: 0.000000, phi: 0.000000, v: 0.248671, w: 0.000000[0m
[0m[ INFO] [1748156900.986955198]: [1748156900.987] v: 0.433933, w: 0.439866 (segment 0)[0m
[0m[ INFO] [1748156901.000748294]: Received reference trajectory - x: 592.949707, y: 0.000000, phi: 0.000000, v: 252.986496, w: 0.000000, line_no: 0[0m
[0m[ INFO] [1748156901.086006335]: [1748156901.086] Robot state - x: 0.458279, y: -0.120093, phi: -0.253253[0m
[0m[ INFO] [1748156901.086120992]: [1748156901.086] Reference trajectory - x: 0.592950, y: 0.000000, phi: 0.000000, v: 0.252986, w: 0.000000[0m
[0m[ INFO] [1748156901.086172768]: [1748156901.086] v: 0.437208, w: 0.435214 (segment 0)[0m
[0m[ INFO] [1748156901.101075212]: Received reference trajectory - x: 618.487488, y: 0.000000, phi: 0.000000, v: 257.231415, w: 0.000000, line_no: 0[0m
[0m[ INFO] [1748156901.190161488]: [1748156901.190] Robot state - x: 0.489344, y: -0.128226, phi: -0.225072[0m
[0m[ INFO] [1748156901.190253776]: [1748156901.190] Reference trajectory - x: 0.618487, y: 0.000000, phi: 0.000000, v: 0.257231, w: 0.000000[0m
[0m[ INFO] [1748156901.190303697]: [1748156901.190] v: 0.439191, w: 0.418391 (segment 0)[0m
[0m[ INFO] [1748156901.192997944]: [1748156901.193] Robot state - x: 0.510666, y: -0.100226, phi: -0.050539[0m
[0m[ INFO] [1748156901.193076025]: [1748156901.193] Reference trajectory - x: 0.618487, y: 0.000000, phi: 0.000000, v: 0.257231, w: 0.000000[0m
[0m[ INFO] [1748156901.193146585]: [1748156901.193] v: 0.423339, w: 0.202201 (segment 0)[0m
[0m[ INFO] [1748156901.200765679]: Received reference trajectory - x: 644.422485, y: 0.000000, phi: 0.000000, v: 261.397369, w: 0.000000, line_no: 0[0m
[0m[ INFO] [1748156901.287040555]: [1748156901.287] Robot state - x: 0.543260, y: -0.108076, phi: -0.016723[0m
[0m[ INFO] [1748156901.287181452]: [1748156901.287] Reference trajectory - x: 0.644422, y: 0.000000, phi: 0.000000, v: 0.261397, w: 0.000000[0m
[0m[ INFO] [1748156901.287233772]: [1748156901.287] v: 0.423788, w: 0.178757 (segment 0)[0m
[0m[ INFO] [1748156901.300815476]: Received reference trajectory - x: 670.740540, y: 0.000000, phi: 0.000000, v: 265.483795, w: 0.000000, line_no: 0[0m
[0m[ INFO] [1748156901.386106221]: [1748156901.386] Robot state - x: 0.576360, y: -0.109252, phi: 0.013336[0m
[0m[ INFO] [1748156901.386242798]: [1748156901.386] Reference trajectory - x: 0.670741, y: 0.000000, phi: 0.000000, v: 0.265484, w: 0.000000[0m
[0m[ INFO] [1748156901.386331342]: [1748156901.386] v: 0.423929, w: 0.150805 (segment 0)[0m
[0m[ INFO] [1748156901.400859256]: Received reference trajectory - x: 697.485535, y: 0.000000, phi: 0.000000, v: 269.498657, w: 0.000000, line_no: 0[0m
[0m[ INFO] [1748156901.492666373]: [1748156901.492] Robot state - x: 0.609481, y: -0.109495, phi: 0.032123[0m
[0m[ INFO] [1748156901.492805829]: [1748156901.493] Reference trajectory - x: 0.697486, y: 0.000000, phi: 0.000000, v: 0.269499, w: 0.000000[0m
[0m[ INFO] [1748156901.492880486]: [1748156901.493] v: 0.424222, w: 0.133464 (segment 0)[0m
[0m[ INFO] [1748156901.502068256]: Received reference trajectory - x: 724.654724, y: 0.000000, phi: 0.000000, v: 273.442352, w: 0.000000, line_no: 0[0m
[0m[ INFO] [1748156901.589168799]: [1748156901.589] Robot state - x: 0.642394, y: -0.108839, phi: 0.045274[0m
[0m[ INFO] [1748156901.589306496]: [1748156901.589] Reference trajectory - x: 0.724655, y: 0.000000, phi: 0.000000, v: 0.273442, w: 0.000000[0m
[0m[ INFO] [1748156901.589393472]: [1748156901.589] v: 0.424867, w: 0.120867 (segment 0)[0m
[0m[ INFO] [1748156901.600714273]: Received reference trajectory - x: 752.176697, y: 0.000000, phi: 0.000000, v: 277.305634, w: 0.000000, line_no: 0[0m
[0m[ INFO] [1748156901.686327163]: [1748156901.686] Robot state - x: 0.675890, y: -0.107448, phi: 0.064061[0m
[0m[ INFO] [1748156901.686465692]: [1748156901.686] Reference trajectory - x: 0.752177, y: 0.000000, phi: 0.000000, v: 0.277306, w: 0.000000[0m
[0m[ INFO] [1748156901.686532700]: [1748156901.686] v: 0.425130, w: 0.101417 (segment 0)[0m
[0m[ INFO] [1748156901.700805350]: Received reference trajectory - x: 780.091919, y: 0.000000, phi: 0.000000, v: 281.095490, w: 0.000000, line_no: 0[0m
[0m[ INFO] [1748156901.787641668]: [1748156901.788] Robot state - x: 0.709569, y: -0.105637, phi: 0.080969[0m
[0m[ INFO] [1748156901.787799876]: [1748156901.788] Reference trajectory - x: 0.780092, y: 0.000000, phi: 0.000000, v: 0.281095, w: 0.000000[0m
[0m[ INFO] [1748156901.787873540]: [1748156901.788] v: 0.425391, w: 0.083367 (segment 0)[0m
[0m[ INFO] [1748156901.800734826]: Received reference trajectory - x: 808.387573, y: 0.000000, phi: 0.000000, v: 284.811035, w: 0.000000, line_no: 0[0m
[0m[ INFO] [1748156901.889878127]: [1748156901.890] Robot state - x: 0.743814, y: -0.103181, phi: 0.095999[0m
[0m[ INFO] [1748156901.890059663]: [1748156901.890] Reference trajectory - x: 0.808388, y: 0.000000, phi: 0.000000, v: 0.284811, w: 0.000000[0m
[0m[ INFO] [1748156901.890140336]: [1748156901.890] v: 0.425313, w: 0.066421 (segment 0)[0m
[0m[ INFO] [1748156901.901565873]: Received reference trajectory - x: 837.082581, y: 0.000000, phi: 0.000000, v: 288.455536, w: 0.000000, line_no: 0[0m
[0m[ INFO] [1748156901.985900328]: [1748156901.986] Robot state - x: 0.778415, y: -0.100112, phi: 0.111028[0m
[0m[ INFO] [1748156901.985999688]: [1748156901.986] Reference trajectory - x: 0.837083, y: 0.000000, phi: 0.000000, v: 0.288456, w: 0.000000[0m
[0m[ INFO] [1748156901.986049064]: [1748156901.986] v: 0.425093, w: 0.048639 (segment 0)[0m
[0m[ INFO] [1748156902.000784531]: Received reference trajectory - x: 866.082886, y: 0.000000, phi: 0.000000, v: 292.018127, w: 0.000000, line_no: 0[0m
[0m[ INFO] [1748156902.093049442]: [1748156902.093] Robot state - x: 0.813565, y: -0.096427, phi: 0.127937[0m
[0m[ INFO] [1748156902.093236707]: [1748156902.093] Reference trajectory - x: 0.866083, y: 0.000000, phi: 0.000000, v: 0.292018, w: 0.000000[0m
[0m[ INFO] [1748156902.093412163]: [1748156902.093] v: 0.424474, w: 0.028046 (segment 0)[0m
[0m[ INFO] [1748156902.103638721]: Received reference trajectory - x: 895.614014, y: 0.000000, phi: 0.000000, v: 295.526703, w: 0.000000, line_no: 0[0m
[0m[ INFO] [1748156902.186049779]: [1748156902.186] Robot state - x: 0.847869, y: -0.092439, phi: 0.137330[0m
[0m[ INFO] [1748156902.186180660]: [1748156902.186] Reference trajectory - x: 0.895614, y: 0.000000, phi: 0.000000, v: 0.295527, w: 0.000000[0m
[0m[ INFO] [1748156902.186249396]: [1748156902.186] v: 0.424866, w: 0.014856 (segment 0)[0m
[0m[ INFO] [1748156902.201060992]: Received reference trajectory - x: 925.190857, y: 0.000000, phi: 0.000000, v: 298.925232, w: 0.000000, line_no: 0[0m
[0m[ INFO] [1748156902.286148154]: [1748156902.286] Robot state - x: 0.882902, y: -0.087765, phi: 0.146724[0m
[0m[ INFO] [1748156902.286251610]: [1748156902.286] Reference trajectory - x: 0.925191, y: 0.000000, phi: 0.000000, v: 0.298925, w: 0.000000[0m
[0m[ INFO] [1748156902.286326490]: [1748156902.286] v: 0.424477, w: 0.000711 (segment 0)[0m
[0m[ INFO] [1748156902.300680292]: Received reference trajectory - x: 955.234497, y: 0.000000, phi: 0.000000, v: 302.263977, w: 0.000000, line_no: 0[0m
[0m[ INFO] [1748156902.385818462]: [1748156902.386] Robot state - x: 0.918289, y: -0.082705, phi: 0.156117[0m
[0m[ INFO] [1748156902.385931391]: [1748156902.386] Reference trajectory - x: 0.955234, y: 0.000000, phi: 0.000000, v: 0.302264, w: 0.000000[0m
[0m[ INFO] [1748156902.386008607]: [1748156902.386] v: 0.424024, w: -0.014016 (segment 0)[0m
[0m[ INFO] [1748156902.400693290]: Received reference trajectory - x: 985.626465, y: 0.000000, phi: 0.000000, v: 305.529755, w: 0.000000, line_no: 0[0m
[0m[ INFO] [1748156902.487725162]: [1748156902.488] Robot state - x: 0.953432, y: -0.077376, phi: 0.163632[0m
[0m[ INFO] [1748156902.487893290]: [1748156902.488] Reference trajectory - x: 0.985626, y: 0.000000, phi: 0.000000, v: 0.305530, w: 0.000000[0m
[0m[ INFO] [1748156902.487961642]: [1748156902.488] v: 0.423907, w: -0.027216 (segment 0)[0m
[0m[ INFO] [1748156902.500653904]: Received reference trajectory - x: 1016.343384, y: 0.000000, phi: 0.000000, v: 308.720734, w: 0.000000, line_no: 0[0m
[0m[ INFO] [1748156902.588376817]: [1748156902.588] Robot state - x: 0.988922, y: -0.071654, phi: 0.171147[0m
[0m[ INFO] [1748156902.588467442]: [1748156902.588] Reference trajectory - x: 1.016343, y: 0.000000, phi: 0.000000, v: 0.308721, w: 0.000000[0m
[0m[ INFO] [1748156902.588526834]: [1748156902.589] v: 0.423609, w: -0.041020 (segment 0)[0m
[0m[ INFO] [1748156902.601354456]: Received reference trajectory - x: 1047.576904, y: 0.000000, phi: 0.000000, v: 311.856537, w: 0.000000, line_no: 0[0m
[0m[ INFO] [1748156902.603565246]: [1748156902.604] Robot state - x: 1.016922, y: -0.043654, phi: -0.003386[0m
[0m[ INFO] [1748156902.603671934]: [1748156902.604] Reference trajectory - x: 1.047577, y: 0.000000, phi: 0.000000, v: 0.311857, w: 0.000000[0m
[0m[ INFO] [1748156902.603792223]: [1748156902.604] v: 0.430007, w: 0.106822 (segment 0)[0m
[0m[ INFO] [1748156902.686283441]: [1748156902.686] Robot state - x: 1.052972, y: -0.037597, phi: 0.002250[0m
[0m[ INFO] [1748156902.686443793]: [1748156902.686] Reference trajectory - x: 1.047577, y: 0.000000, phi: 0.000000, v: 0.311857, w: 0.000000[0m
[0m[ INFO] [1748156902.686506386]: [1748156902.686] v: 0.399780, w: 0.093938 (segment 0)[0m
[0m[ INFO] [1748156902.700623355]: Received reference trajectory - x: 1078.704468, y: 0.000000, phi: 0.000000, v: 314.876526, w: 0.000000, line_no: 0[0m
[0m[ INFO] [1748156902.780096517]: [1748156902.780] Robot state - x: 1.080972, y: -0.009597, phi: -0.172283[0m
[0m[ INFO] [1748156902.780279557]: [1748156902.780] Reference trajectory - x: 1.078704, y: 0.000000, phi: 0.000000, v: 0.314877, w: 0.000000[0m
[0m[ INFO] [1748156902.780347973]: [1748156902.780] v: 0.405373, w: 0.241159 (segment 0)[0m
[0m[ INFO] [1748156902.788546141]: [1748156902.788] Robot state - x: 1.117122, y: -0.009618, phi: -0.166647[0m
[0m[ INFO] [1748156902.788830814]: [1748156902.789] Reference trajectory - x: 1.078704, y: 0.000000, phi: 0.000000, v: 0.314877, w: 0.000000[0m
[0m[ INFO] [1748156902.789094271]: [1748156902.789] v: 0.374458, w: 0.235466 (segment 0)[0m
[0m[ INFO] [1748156902.801453411]: Received reference trajectory - x: 1110.340576, y: 0.000000, phi: 0.000000, v: 317.842072, w: 0.000000, line_no: 0[0m
[0m[ INFO] [1748156902.886253692]: [1748156902.886] Robot state - x: 1.152767, y: -0.015648, phi: -0.157254[0m
[0m[ INFO] [1748156902.886409661]: [1748156902.886] Reference trajectory - x: 1.110341, y: 0.000000, phi: 0.000000, v: 0.317842, w: 0.000000[0m
[0m[ INFO] [1748156902.886547805]: [1748156902.886] v: 0.373299, w: 0.233570 (segment 0)[0m
[0m[ INFO] [1748156902.900769063]: Received reference trajectory - x: 1142.269775, y: 0.000000, phi: 0.000000, v: 320.732635, w: 0.000000, line_no: 0[0m
[0m[ INFO] [1748156902.983282745]: [1748156902.983] Robot state - x: 1.180767, y: 0.012352, phi: -0.331786[0m
[0m[ INFO] [1748156902.983379866]: [1748156902.983] Reference trajectory - x: 1.142270, y: 0.000000, phi: 0.000000, v: 0.320733, w: 0.000000[0m
[0m[ INFO] [1748156902.983427962]: [1748156902.983] v: 0.378771, w: 0.380390 (segment 0)[0m
[0m[ INFO] [1748156902.986588067]: [1748156902.987] Robot state - x: 1.216455, y: 0.006590, phi: -0.318636[0m
[0m[ INFO] [1748156902.986707140]: [1748156902.987] Reference trajectory - x: 1.142270, y: 0.000000, phi: 0.000000, v: 0.320733, w: 0.000000[0m
[0m[ INFO] [1748156902.986758916]: [1748156902.987] v: 0.347589, w: 0.373819 (segment 0)[0m
[0m[ INFO] [1748156903.000852429]: Received reference trajectory - x: 1174.484863, y: 0.000000, phi: 0.000000, v: 323.548248, w: 0.000000, line_no: 0[0m
[0m[ INFO] [1748156903.086098473]: [1748156903.086] Robot state - x: 1.248999, y: -0.004349, phi: -0.303606[0m
[0m[ INFO] [1748156903.086243945]: [1748156903.086] Reference trajectory - x: 1.174485, y: 0.000000, phi: 0.000000, v: 0.323548, w: 0.000000[0m
[0m[ INFO] [1748156903.086310505]: [1748156903.086] v: 0.348770, w: 0.372044 (segment 0)[0m
[0m[ INFO] [1748156903.100860724]: Received reference trajectory - x: 1206.977051, y: 0.000000, phi: 0.000000, v: 326.288818, w: 0.000000, line_no: 0[0m
[0m[ INFO] [1748156903.170452833]: [1748156903.170] Robot state - x: 1.276999, y: 0.023651, phi: -0.478139[0m
[0m[ INFO] [1748156903.170548386]: [1748156903.171] Reference trajectory - x: 1.206977, y: 0.000000, phi: 0.000000, v: 0.326289, w: 0.000000[0m
[0m[ INFO] [1748156903.170643362]: [1748156903.171] v: 0.353987, w: 0.518658 (segment 0)[0m
[0m[ INFO] [1748156903.187602804]: [1748156903.187] Robot state - x: 1.309319, y: 0.013325, phi: -0.459352[0m
[0m[ INFO] [1748156903.187784052]: [1748156903.188] Reference trajectory - x: 1.206977, y: 0.000000, phi: 0.000000, v: 0.326289, w: 0.000000[0m
[0m[ INFO] [1748156903.187839061]: [1748156903.188] v: 0.325107, w: 0.511854 (segment 0)[0m
[0m[ INFO] [1748156903.200849243]: Received reference trajectory - x: 1239.739868, y: 0.000000, phi: 0.000000, v: 328.954407, w: 0.000000, line_no: 0[0m
[0m[ INFO] [1748156903.286532952]: [1748156903.286] Robot state - x: 1.339422, y: -0.001883, phi: -0.438686[0m
[0m[ INFO] [1748156903.286661592]: [1748156903.287] Reference trajectory - x: 1.239740, y: 0.000000, phi: 0.000000, v: 0.328954, w: 0.000000[0m
[0m[ INFO] [1748156903.286710232]: [1748156903.287] v: 0.328175, w: 0.509551 (segment 0)[0m
[0m[ INFO] [1748156903.300984290]: Received reference trajectory - x: 1272.767334, y: 0.000000, phi: 0.000000, v: 331.545166, w: 0.000000, line_no: 0[0m
[0m[ INFO] [1748156903.386886464]: [1748156903.387] Robot state - x: 1.367422, y: 0.026117, phi: -0.613219[0m
[0m[ INFO] [1748156903.387002464]: [1748156903.387] Reference trajectory - x: 1.272767, y: 0.000000, phi: 0.000000, v: 0.331545, w: 0.000000[0m
[0m[ INFO] [1748156903.387075872]: [1748156903.387] v: 0.333239, w: 0.656119 (segment 0)[0m
[0m[ INFO] [1748156903.392235888]: [1748156903.392] Robot state - x: 1.396937, y: 0.011998, phi: -0.586918[0m
[0m[ INFO] [1748156903.392352656]: [1748156903.392] Reference trajectory - x: 1.272767, y: 0.000000, phi: 0.000000, v: 0.331545, w: 0.000000[0m
[0m[ INFO] [1748156903.392558417]: [1748156903.393] v: 0.306306, w: 0.646287 (segment 0)[0m
[0m[ INFO] [1748156903.400896425]: Received reference trajectory - x: 1306.073120, y: 0.000000, phi: 0.000000, v: 334.062561, w: 0.000000, line_no: 0[0m
[0m[ INFO] [1748156903.486469030]: [1748156903.486] Robot state - x: 1.426762, y: -0.001452, phi: -0.556859[0m
[0m[ INFO] [1748156903.486571558]: [1748156903.487] Reference trajectory - x: 1.306073, y: 0.000000, phi: 0.000000, v: 0.334063, w: 0.000000[0m
[0m[ INFO] [1748156903.486619174]: [1748156903.487] v: 0.309529, w: 0.631923 (segment 0)[0m
[0m[ INFO] [1748156903.500789936]: Received reference trajectory - x: 1339.585205, y: 0.000000, phi: 0.000000, v: 336.501892, w: 0.000000, line_no: 0[0m
[0m[ INFO] [1748156903.578876758]: [1748156903.579] Robot state - x: 1.454762, y: 0.026548, phi: -0.731392[0m
[0m[ INFO] [1748156903.578997879]: [1748156903.579] Reference trajectory - x: 1.339585, y: 0.000000, phi: 0.000000, v: 0.336502, w: 0.000000[0m
[0m[ INFO] [1748156903.579073079]: [1748156903.579] v: 0.314472, w: 0.778484 (segment 0)[0m
[0m[ INFO] [1748156903.585906571]: [1748156903.586] Robot state - x: 1.481780, y: 0.009194, phi: -0.699454[0m
[0m[ INFO] [1748156903.586045323]: [1748156903.586] Reference trajectory - x: 1.339585, y: 0.000000, phi: 0.000000, v: 0.336502, w: 0.000000[0m
[0m[ INFO] [1748156903.586140300]: [1748156903.586] v: 0.289295, w: 0.766909 (segment 0)[0m
[0m[ INFO] [1748156903.601143992]: Received reference trajectory - x: 1373.346924, y: 0.000000, phi: 0.000000, v: 338.866974, w: 0.000000, line_no: 0[0m
[0m[ INFO] [1748156903.686384307]: [1748156903.686] Robot state - x: 1.505447, y: -0.011295, phi: -0.663759[0m
[0m[ INFO] [1748156903.686485044]: [1748156903.686] Reference trajectory - x: 1.373347, y: 0.000000, phi: 0.000000, v: 0.338867, w: 0.000000[0m
[0m[ INFO] [1748156903.686612564]: [1748156903.687] v: 0.297685, w: 0.755751 (segment 0)[0m
[0m[ INFO] [1748156903.700803646]: Received reference trajectory - x: 1407.353760, y: 0.000000, phi: 0.000000, v: 341.157867, w: 0.000000, line_no: 0[0m
[0m[ INFO] [1748156903.786386778]: [1748156903.786] Robot state - x: 1.529340, y: -0.030569, phi: -0.622427[0m
[0m[ INFO] [1748156903.786537019]: [1748156903.786] Reference trajectory - x: 1.407354, y: 0.000000, phi: 0.000000, v: 0.341158, w: 0.000000[0m
[0m[ INFO] [1748156903.786599291]: [1748156903.787] v: 0.306201, w: 0.737511 (segment 0)[0m
[0m[ INFO] [1748156903.800825893]: Received reference trajectory - x: 1441.585327, y: 0.000000, phi: 0.000000, v: 343.373718, w: 0.000000, line_no: 0[0m
[0m[ INFO] [1748156903.886953475]: [1748156903.887] Robot state - x: 1.553940, y: -0.048931, phi: -0.577339[0m
[0m[ INFO] [1748156903.887120708]: [1748156903.887] Reference trajectory - x: 1.441585, y: 0.000000, phi: 0.000000, v: 0.343374, w: 0.000000[0m
[0m[ INFO] [1748156903.887250372]: [1748156903.887] v: 0.314415, w: 0.714522 (segment 0)[0m
[0m[ INFO] [1748156903.903184371]: Received reference trajectory - x: 1476.071167, y: 0.000000, phi: 0.000000, v: 345.516754, w: 0.000000, line_no: 0[0m
[0m[ INFO] [1748156903.985799431]: [1748156903.986] Robot state - x: 1.571763, y: -0.060422, phi: -0.477768[0m
[0m[ INFO] [1748156903.985892103]: [1748156903.986] Reference trajectory - x: 1.476071, y: 0.000000, phi: 0.000000, v: 0.345517, w: 0.000000[0m
[0m[ INFO] [1748156903.985942407]: [1748156903.986] v: 0.328737, w: 0.626053 (segment 0)[0m
[0m[ INFO] [1748156903.987857517]: [1748156903.988] Robot state - x: 1.599763, y: -0.032422, phi: -0.652301[0m
[0m[ INFO] [1748156903.987948589]: [1748156903.988] Reference trajectory - x: 1.476071, y: 0.000000, phi: 0.000000, v: 0.345517, w: 0.000000[0m
[0m[ INFO] [1748156903.987996173]: [1748156903.988] v: 0.303078, w: 0.773691 (segment 0)[0m
[0m[ INFO] [1748156904.000830131]: Received reference trajectory - x: 1510.682983, y: 0.000000, phi: 0.000000, v: 347.579681, w: 0.000000, line_no: 0[0m
[0m[ INFO] [1748156904.086906482]: [1748156904.087] Robot state - x: 1.614183, y: -0.040969, phi: -0.567760[0m
[0m[ INFO] [1748156904.087514612]: [1748156904.087] Reference trajectory - x: 1.510683, y: 0.000000, phi: 0.000000, v: 0.347580, w: 0.000000[0m
[0m[ INFO] [1748156904.087668756]: [1748156904.088] v: 0.320127, w: 0.696855 (segment 0)[0m
[0m[ INFO] [1748156904.101159612]: Received reference trajectory - x: 1545.534546, y: 0.000000, phi: 0.000000, v: 349.569885, w: 0.000000, line_no: 0[0m
[0m[ INFO] [1748156904.186183160]: [1748156904.186] Robot state - x: 1.632387, y: -0.054052, phi: -0.509520[0m
[0m[ INFO] [1748156904.186270136]: [1748156904.186] Reference trajectory - x: 1.545534, y: 0.000000, phi: 0.000000, v: 0.349570, w: 0.000000[0m
[0m[ INFO] [1748156904.186317273]: [1748156904.186] v: 0.334445, w: 0.653515 (segment 0)[0m
[0m[ INFO] [1748156904.200792899]: Received reference trajectory - x: 1580.598877, y: 0.000000, phi: 0.000000, v: 351.486023, w: 0.000000, line_no: 0[0m
[0m[ INFO] [1748156904.290757710]: [1748156904.291] Robot state - x: 1.658360, y: -0.070791, phi: -0.518914[0m
[0m[ INFO] [1748156904.291061391]: [1748156904.291] Reference trajectory - x: 1.580599, y: 0.000000, phi: 0.000000, v: 0.351486, w: 0.000000[0m
[0m[ INFO] [1748156904.291153871]: [1748156904.291] v: 0.342539, w: 0.685846 (segment 0)[0m
[0m[ INFO] [1748156904.300909868]: Received reference trajectory - x: 1615.836548, y: 0.000000, phi: 0.000000, v: 353.326416, w: 0.000000, line_no: 0[0m
[0m[ INFO] [1748156904.386325129]: [1748156904.386] Robot state - x: 1.685235, y: -0.086040, phi: -0.532064[0m
[0m[ INFO] [1748156904.386414569]: [1748156904.386] Reference trajectory - x: 1.615837, y: 0.000000, phi: 0.000000, v: 0.353326, w: 0.000000[0m
[0m[ INFO] [1748156904.386460937]: [1748156904.386] v: 0.350101, w: 0.720496 (segment 0)[0m
[0m[ INFO] [1748156904.400787220]: Received reference trajectory - x: 1651.252075, y: 0.000000, phi: 0.000000, v: 355.091675, w: 0.000000, line_no: 0[0m
[0m[ INFO] [1748156904.491006527]: [1748156904.491] Robot state - x: 1.708015, y: -0.098683, phi: -0.507641[0m
[0m[ INFO] [1748156904.491338496]: [1748156904.491] Reference trajectory - x: 1.651252, y: 0.000000, phi: 0.000000, v: 0.355092, w: 0.000000[0m
[0m[ INFO] [1748156904.491445153]: [1748156904.491] v: 0.361391, w: 0.712780 (segment 0)[0m
[0m[ INFO] [1748156904.501012541]: Received reference trajectory - x: 1686.854004, y: 0.000000, phi: 0.000000, v: 356.782593, w: 0.000000, line_no: 0[0m
[0m[ INFO] [1748156904.586334458]: [1748156904.586] Robot state - x: 1.734515, y: -0.112939, phi: -0.430615[0m
[0m[ INFO] [1748156904.586470490]: [1748156904.586] Reference trajectory - x: 1.686854, y: 0.000000, phi: 0.000000, v: 0.356783, w: 0.000000[0m
[0m[ INFO] [1748156904.586549594]: [1748156904.586] v: 0.369818, w: 0.652353 (segment 0)[0m
[0m[ INFO] [1748156904.600947269]: Received reference trajectory - x: 1722.606567, y: 0.000000, phi: 0.000000, v: 358.397858, w: 0.000000, line_no: 0[0m
[0m[ INFO] [1748156904.686967076]: [1748156904.687] Robot state - x: 1.764153, y: -0.128172, phi: -0.364861[0m
[0m[ INFO] [1748156904.687165060]: [1748156904.687] Reference trajectory - x: 1.722607, y: 0.000000, phi: 0.000000, v: 0.358398, w: 0.000000[0m
[0m[ INFO] [1748156904.687240293]: [1748156904.687] v: 0.375785, w: 0.605231 (segment 0)[0m
[0m[ INFO] [1748156904.701077934]: Received reference trajectory - x: 1758.532349, y: 0.000000, phi: 0.000000, v: 359.938782, w: 0.000000, line_no: 0[0m
[0m[ INFO] [1748156904.786457194]: [1748156904.786] Robot state - x: 1.794602, y: -0.141712, phi: -0.340438[0m
[0m[ INFO] [1748156904.786560139]: [1748156904.787] Reference trajectory - x: 1.758532, y: 0.000000, phi: 0.000000, v: 0.359939, w: 0.000000[0m
[0m[ INFO] [1748156904.786637323]: [1748156904.787] v: 0.381245, w: 0.599436 (segment 0)[0m
[0m[ INFO] [1748156904.800994518]: Received reference trajectory - x: 1794.594116, y: 0.000000, phi: 0.000000, v: 361.404114, w: 0.000000, line_no: 0[0m
[0m[ INFO] [1748156904.886594739]: [1748156904.886] Robot state - x: 1.826766, y: -0.153721, phi: -0.325408[0m
[0m[ INFO] [1748156904.886825780]: [1748156904.887] Reference trajectory - x: 1.794594, y: 0.000000, phi: 0.000000, v: 0.361404, w: 0.000000[0m
[0m[ INFO] [1748156904.886890100]: [1748156904.887] v: 0.385380, w: 0.601745 (segment 0)[0m
[0m[ INFO] [1748156904.900820733]: Received reference trajectory - x: 1830.798828, y: 0.000000, phi: 0.000000, v: 362.794464, w: 0.000000, line_no: 0[0m
[0m[ INFO] [1748156904.986031418]: [1748156904.986] Robot state - x: 1.858512, y: -0.164498, phi: -0.299107[0m
[0m[ INFO] [1748156904.986117978]: [1748156904.986] Reference trajectory - x: 1.830799, y: 0.000000, phi: 0.000000, v: 0.362794, w: 0.000000[0m
[0m[ INFO] [1748156904.986167322]: [1748156904.986] v: 0.389991, w: 0.590900 (segment 0)[0m
[0m[ INFO] [1748156905.000765253]: Received reference trajectory - x: 1867.147705, y: 0.000000, phi: 0.000000, v: 364.110138, w: 0.000000, line_no: 0[0m
[0m[ INFO] [1748156905.100794799]: Received reference trajectory - x: 1903.616089, y: 0.000000, phi: 0.000000, v: 365.350555, w: 0.000000, line_no: 0[0m
[0m[ INFO] [1748156905.201310746]: Received reference trajectory - x: 1940.265991, y: 0.000000, phi: 0.000000, v: 366.517853, w: 0.000000, line_no: 0[0m
[0m[ INFO] [1748156905.203116927]: [1748156905.203] Robot state - x: 1.891224, y: -0.174923, phi: -0.265290[0m
[0m[ INFO] [1748156905.203201312]: [1748156905.203] Reference trajectory - x: 1.940266, y: 0.000000, phi: 0.000000, v: 0.366518, w: 0.000000[0m
[0m[ INFO] [1748156905.203248256]: [1748156905.203] v: 0.458758, w: 0.571939 (segment 0)[0m
[0m[ INFO] [1748156905.206388105]: [1748156905.206] Robot state - x: 1.924127, y: -0.184731, phi: -0.246503[0m
[0m[ INFO] [1748156905.206471209]: [1748156905.206] Reference trajectory - x: 1.940266, y: 0.000000, phi: 0.000000, v: 0.366518, w: 0.000000[0m
[0m[ INFO] [1748156905.206558442]: [1748156905.207] v: 0.431555, w: 0.568095 (segment 0)[0m
[0m[ INFO] [1748156905.286731128]: [1748156905.287] Robot state - x: 1.957637, y: -0.194618, phi: -0.222080[0m
[0m[ INFO] [1748156905.286819704]: [1748156905.287] Reference trajectory - x: 1.940266, y: 0.000000, phi: 0.000000, v: 0.366518, w: 0.000000[0m
[0m[ INFO] [1748156905.286869048]: [1748156905.287] v: 0.403231, w: 0.558636 (segment 0)[0m
[0m[ INFO] [1748156905.300893858]: Received reference trajectory - x: 1976.920654, y: 0.000000, phi: 0.000000, v: 367.606812, w: 0.000000, line_no: 0[0m
[0m[ INFO] [1748156905.388533383]: [1748156905.388] Robot state - x: 1.991667, y: -0.202538, phi: -0.186385[0m
[0m[ INFO] [1748156905.388646279]: [1748156905.389] Reference trajectory - x: 1.976921, y: 0.000000, phi: 0.000000, v: 0.367607, w: 0.000000[0m
[0m[ INFO] [1748156905.388731368]: [1748156905.389] v: 0.406244, w: 0.535040 (segment 0)[0m
[0m[ INFO] [1748156905.400809963]: Received reference trajectory - x: 2013.732056, y: 0.000000, phi: 0.000000, v: 368.622375, w: 0.000000, line_no: 0[0m
[0m[ INFO] [1748156905.495845574]: [1748156905.496] Robot state - x: 2.026262, y: -0.209771, phi: -0.154447[0m
[0m[ INFO] [1748156905.495978343]: [1748156905.496] Reference trajectory - x: 2.013732, y: 0.000000, phi: 0.000000, v: 0.368622, w: 0.000000[0m
[0m[ INFO] [1748156905.496062759]: [1748156905.496] v: 0.408883, w: 0.514635 (segment 0)[0m
[0m[ INFO] [1748156905.502302233]: Received reference trajectory - x: 2050.725830, y: 0.000000, phi: 0.000000, v: 369.565002, w: 0.000000, line_no: 0[0m
[0m[ INFO] [1748156905.586091635]: [1748156905.586] Robot state - x: 2.061854, y: -0.216102, phi: -0.133782[0m
[0m[ INFO] [1748156905.586212691]: [1748156905.586] Reference trajectory - x: 2.050726, y: 0.000000, phi: 0.000000, v: 0.369565, w: 0.000000[0m
[0m[ INFO] [1748156905.586273683]: [1748156905.586] v: 0.410795, w: 0.504993 (segment 0)[0m
[0m[ INFO] [1748156905.600703550]: Received reference trajectory - x: 2087.649902, y: 0.000000, phi: 0.000000, v: 370.428711, w: 0.000000, line_no: 0[0m
[0m[ INFO] [1748156905.694502005]: [1748156905.694] Robot state - x: 2.096626, y: -0.221182, phi: -0.114995[0m
[0m[ INFO] [1748156905.694820214]: [1748156905.695] Reference trajectory - x: 2.087650, y: 0.000000, phi: 0.000000, v: 0.370429, w: 0.000000[0m
[0m[ INFO] [1748156905.694874742]: [1748156905.695] v: 0.413293, w: 0.495821 (segment 0)[0m
[0m[ INFO] [1748156905.702775598]: Received reference trajectory - x: 2124.839600, y: 0.000000, phi: 0.000000, v: 371.221436, w: 0.000000, line_no: 0[0m
[0m[ INFO] [1748156905.786197606]: [1748156905.786] Robot state - x: 2.132714, y: -0.225556, phi: -0.088693[0m
[0m[ INFO] [1748156905.786323750]: [1748156905.786] Reference trajectory - x: 2.124840, y: 0.000000, phi: 0.000000, v: 0.371221, w: 0.000000[0m
[0m[ INFO] [1748156905.786386567]: [1748156905.786] v: 0.414862, w: 0.477976 (segment 0)[0m
[0m[ INFO] [1748156905.800654065]: Received reference trajectory - x: 2161.892578, y: 0.000000, phi: 0.000000, v: 371.934875, w: 0.000000, line_no: 0[0m
[0m[ INFO] [1748156905.890148187]: [1748156905.890] Robot state - x: 2.169287, y: -0.229225, phi: -0.058634[0m
[0m[ INFO] [1748156905.890600477]: [1748156905.890] Reference trajectory - x: 2.161893, y: 0.000000, phi: 0.000000, v: 0.371935, w: 0.000000[0m
[0m[ INFO] [1748156905.890701309]: [1748156905.891] v: 0.415842, w: 0.455373 (segment 0)[0m
[0m[ INFO] [1748156905.901191868]: Received reference trajectory - x: 2199.120361, y: 0.000000, phi: 0.000000, v: 372.575470, w: 0.000000, line_no: 0[0m
[0m[ INFO] [1748156905.986147481]: [1748156905.986] Robot state - x: 2.204343, y: -0.231679, phi: -0.021060[0m
[0m[ INFO] [1748156905.986240825]: [1748156905.986] Reference trajectory - x: 2.199120, y: 0.000000, phi: 0.000000, v: 0.372575, w: 0.000000[0m
[0m[ INFO] [1748156905.986288697]: [1748156905.986] v: 0.418203, w: 0.423418 (segment 0)[0m
[0m[ INFO] [1748156906.000787556]: Received reference trajectory - x: 2236.399170, y: 0.000000, phi: 0.000000, v: 373.140930, w: 0.000000, line_no: 0[0m
[0m[ INFO] [1748156906.094140891]: [1748156906.094] Robot state - x: 2.239659, y: -0.233054, phi: 0.018393[0m
[0m[ INFO] [1748156906.094299516]: [1748156906.094] Reference trajectory - x: 2.236399, y: 0.000000, phi: 0.000000, v: 0.373141, w: 0.000000[0m
[0m[ INFO] [1748156906.094388668]: [1748156906.094] v: 0.420349, w: 0.388154 (segment 0)[0m
[0m[ INFO] [1748156906.102130771]: Received reference trajectory - x: 2273.771973, y: 0.000000, phi: 0.000000, v: 373.631897, w: 0.000000, line_no: 0[0m
[0m[ INFO] [1748156906.186062478]: [1748156906.186] Robot state - x: 2.211659, y: -0.205054, phi: -0.041040[0m
[0m[ INFO] [1748156906.186181742]: [1748156906.186] Reference trajectory - x: 2.273772, y: 0.000000, phi: 0.000000, v: 0.373632, w: 0.000000[0m
[0m[ INFO] [1748156906.186258414]: [1748156906.186] v: 0.476609, w: 0.418567 (segment 0)[0m
[0m[ INFO] [1748156906.186368239]: [1748156906.186] Robot state - x: 2.250031, y: -0.204925, phi: 0.007806[0m
[0m[ INFO] [1748156906.186411919]: [1748156906.186] Reference trajectory - x: 2.273772, y: 0.000000, phi: 0.000000, v: 0.373632, w: 0.000000[0m
[0m[ INFO] [1748156906.186448527]: [1748156906.186] v: 0.444973, w: 0.371060 (segment 0)[0m
[0m[ INFO] [1748156906.200744026]: Received reference trajectory - x: 2311.160400, y: 0.000000, phi: 0.000000, v: 374.047455, w: 0.000000, line_no: 0[0m
[0m[ INFO] [1748156906.286848027]: [1748156906.287] Robot state - x: 2.290372, y: -0.202893, phi: 0.071682[0m
[0m[ INFO] [1748156906.286937019]: [1748156906.287] Reference trajectory - x: 2.311160, y: 0.000000, phi: 0.000000, v: 0.374047, w: 0.000000[0m
[0m[ INFO] [1748156906.287006107]: [1748156906.287] v: 0.443301, w: 0.305386 (segment 0)[0m
[0m[ INFO] [1748156906.300671460]: Received reference trajectory - x: 2348.542725, y: 0.000000, phi: 0.000000, v: 374.387604, w: 0.000000, line_no: 0[0m
[0m[ INFO] [1748156906.386340932]: [1748156906.386] Robot state - x: 2.329927, y: -0.201394, phi: 0.131800[0m
[0m[ INFO] [1748156906.386428260]: [1748156906.386] Reference trajectory - x: 2.348543, y: 0.000000, phi: 0.000000, v: 0.374388, w: 0.000000[0m
[0m[ INFO] [1748156906.386475269]: [1748156906.386] v: 0.442165, w: 0.244290 (segment 0)[0m
[0m[ INFO] [1748156906.400868879]: Received reference trajectory - x: 2385.997803, y: 0.000000, phi: 0.000000, v: 374.653198, w: 0.000000, line_no: 0[0m
[0m[ INFO] [1748156906.486257519]: [1748156906.486] Robot state - x: 2.369321, y: -0.197522, phi: 0.184404[0m
[0m[ INFO] [1748156906.486353743]: [1748156906.486] Reference trajectory - x: 2.385998, y: 0.000000, phi: 0.000000, v: 0.374653, w: 0.000000[0m
[0m[ INFO] [1748156906.486435567]: [1748156906.486] v: 0.441114, w: 0.187974 (segment 0)[0m
[0m[ INFO] [1748156906.500799514]: Received reference trajectory - x: 2423.472656, y: 0.000000, phi: 0.000000, v: 374.843781, w: 0.000000, line_no: 0[0m
[0m[ INFO] [1748156906.586037881]: [1748156906.586] Robot state - x: 2.409221, y: -0.191237, phi: 0.233250[0m
[0m[ INFO] [1748156906.586122873]: [1748156906.586] Reference trajectory - x: 2.423473, y: 0.000000, phi: 0.000000, v: 0.374844, w: 0.000000[0m
[0m[ INFO] [1748156906.586197209]: [1748156906.586] v: 0.439538, w: 0.132416 (segment 0)[0m
[0m[ INFO] [1748156906.600662276]: Received reference trajectory - x: 2460.957275, y: 0.000000, phi: 0.000000, v: 374.959351, w: 0.000000, line_no: 0[0m
[0m[ INFO] [1748156906.694033819]: [1748156906.694] Robot state - x: 2.448751, y: -0.182938, phi: 0.278338[0m
[0m[ INFO] [1748156906.694166268]: [1748156906.694] Reference trajectory - x: 2.460957, y: 0.000000, phi: 0.000000, v: 0.374959, w: 0.000000[0m
[0m[ INFO] [1748156906.694304860]: [1748156906.694] v: 0.438167, w: 0.078082 (segment 0)[0m
[0m[ INFO] [1748156906.703248503]: Received reference trajectory - x: 2498.498779, y: 0.000000, phi: 0.000000, v: 374.999939, w: 0.000000, line_no: 0[0m
[0m[ INFO] [1748156906.786459119]: [1748156906.786] Robot state - x: 2.488053, y: -0.172778, phi: 0.317791[0m
[0m[ INFO] [1748156906.786551952]: [1748156906.787] Reference trajectory - x: 2.498499, y: 0.000000, phi: 0.000000, v: 0.375000, w: 0.000000[0m
[0m[ INFO] [1748156906.786612304]: [1748156906.787] v: 0.436927, w: 0.027099 (segment 0)[0m
[0m[ INFO] [1748156906.800843482]: Received reference trajectory - x: 2535.968750, y: 0.000000, phi: 0.000000, v: 374.965485, w: 0.000000, line_no: 0[0m
[0m[ INFO] [1748156906.888989474]: [1748156906.888] Robot state - x: 2.526653, y: -0.160880, phi: 0.359122[0m
[0m[ INFO] [1748156906.889285347]: [1748156906.889] Reference trajectory - x: 2.535969, y: 0.000000, phi: 0.000000, v: 0.374965, w: 0.000000[0m
[0m[ INFO] [1748156906.889540963]: [1748156906.889] v: 0.436119, w: -0.028269 (segment 0)[0m
[0m[ INFO] [1748156906.900903173]: Received reference trajectory - x: 2573.455078, y: 0.000000, phi: 0.000000, v: 374.856079, w: 0.000000, line_no: 0[0m
[0m[ INFO] [1748156906.971571192]: [1748156906.971] Robot state - x: 2.498653, y: -0.132880, phi: 0.184589[0m
[0m[ INFO] [1748156906.971686681]: [1748156906.972] Reference trajectory - x: 2.573455, y: 0.000000, phi: 0.000000, v: 0.374856, w: 0.000000[0m
[0m[ INFO] [1748156906.971874361]: [1748156906.972] v: 0.492105, w: 0.121202 (segment 0)[0m
[0m[ INFO] [1748156906.986175396]: [1748156906.986] Robot state - x: 2.536982, y: -0.119509, phi: 0.220284[0m
[0m[ INFO] [1748156906.986259268]: [1748156906.986] Reference trajectory - x: 2.573455, y: 0.000000, phi: 0.000000, v: 0.374856, w: 0.000000[0m
[0m[ INFO] [1748156906.986304804]: [1748156906.986] v: 0.460738, w: 0.069107 (segment 0)[0m
[0m[ INFO] [1748156907.000775472]: Received reference trajectory - x: 2610.924072, y: 0.000000, phi: 0.000000, v: 374.671692, w: 0.000000, line_no: 0[0m
[0m[ INFO] [1748156907.086444625]: [1748156907.086] Robot state - x: 2.576983, y: -0.111495, phi: 0.246586[0m
[0m[ INFO] [1748156907.086536785]: [1748156907.087] Reference trajectory - x: 2.610924, y: 0.000000, phi: 0.000000, v: 0.374672, w: 0.000000[0m
[0m[ INFO] [1748156907.086640977]: [1748156907.087] v: 0.459057, w: 0.033478 (segment 0)[0m
[0m[ INFO] [1748156907.100862300]: Received reference trajectory - x: 2648.386230, y: 0.000000, phi: 0.000000, v: 374.412231, w: 0.000000, line_no: 0[0m
[0m[ INFO] [1748156907.187965441]: [1748156907.188] Robot state - x: 2.615886, y: -0.102245, phi: 0.272888[0m
[0m[ INFO] [1748156907.188091457]: [1748156907.188] Reference trajectory - x: 2.648386, y: 0.000000, phi: 0.000000, v: 0.374412, w: 0.000000[0m
[0m[ INFO] [1748156907.188160738]: [1748156907.188] v: 0.458187, w: -0.003886 (segment 0)[0m
[0m[ INFO] [1748156907.192341518]: [1748156907.192] Robot state - x: 2.587886, y: -0.074245, phi: 0.307907[0m
[0m[ INFO] [1748156907.192424110]: [1748156907.192] Reference trajectory - x: 2.648386, y: 0.000000, phi: 0.000000, v: 0.374412, w: 0.000000[0m
[0m[ INFO] [1748156907.192470191]: [1748156907.192] v: 0.482692, w: -0.074642 (segment 0)[0m
[0m[ INFO] [1748156907.200965480]: Received reference trajectory - x: 2685.806641, y: 0.000000, phi: 0.000000, v: 374.077850, w: 0.000000, line_no: 0[0m
[0m[ INFO] [1748156907.286265928]: [1748156907.286] Robot state - x: 2.627479, y: -0.063604, phi: 0.339845[0m
[0m[ INFO] [1748156907.286354568]: [1748156907.286] Reference trajectory - x: 2.685807, y: 0.000000, phi: 0.000000, v: 0.374078, w: 0.000000[0m
[0m[ INFO] [1748156907.286401704]: [1748156907.286] v: 0.481607, w: -0.120368 (segment 0)[0m
[0m[ INFO] [1748156907.300751187]: Received reference trajectory - x: 2723.191162, y: 0.000000, phi: 0.000000, v: 373.668457, w: 0.000000, line_no: 0[0m
[0m[ INFO] [1748156907.379204191]: [1748156907.379] Robot state - x: 2.599479, y: -0.035604, phi: 0.361343[0m
[0m[ INFO] [1748156907.379292511]: [1748156907.379] Reference trajectory - x: 2.723191, y: 0.000000, phi: 0.000000, v: 0.373668, w: 0.000000[0m
[0m[ INFO] [1748156907.379337471]: [1748156907.379] v: 0.538102, w: -0.177689 (segment 0)[0m
[0m[ INFO] [1748156907.385673266]: [1748156907.386] Robot state - x: 2.639136, y: -0.022374, phi: 0.389523[0m
[0m[ INFO] [1748156907.385755346]: [1748156907.386] Reference trajectory - x: 2.723191, y: 0.000000, phi: 0.000000, v: 0.373668, w: 0.000000[0m
[0m[ INFO] [1748156907.385800755]: [1748156907.386] v: 0.506493, w: -0.223520 (segment 0)[0m
[0m[ INFO] [1748156907.400843456]: Received reference trajectory - x: 2760.535645, y: 0.000000, phi: 0.000000, v: 373.184052, w: 0.000000, line_no: 0[0m
[0m[ INFO] [1748156907.486028351]: [1748156907.486] Robot state - x: 2.678608, y: -0.006860, phi: 0.415825[0m
[0m[ INFO] [1748156907.486149888]: [1748156907.486] Reference trajectory - x: 2.760536, y: 0.000000, phi: 0.000000, v: 0.373184, w: 0.000000[0m
[0m[ INFO] [1748156907.486209888]: [1748156907.486] v: 0.505726, w: -0.270564 (segment 0)[0m
[0m[ INFO] [1748156907.500560459]: Received reference trajectory - x: 2797.826904, y: 0.000000, phi: 0.000000, v: 372.624634, w: 0.000000, line_no: 0[0m
[0m[ INFO] [1748156907.588057265]: [1748156907.588] Robot state - x: 2.690604, y: 0.038044, phi: 0.416209[0m
[0m[ INFO] [1748156907.588151762]: [1748156907.588] Reference trajectory - x: 2.797827, y: 0.000000, phi: 0.000000, v: 0.372625, w: 0.000000[0m
[0m[ INFO] [1748156907.588200402]: [1748156907.588] v: 0.528265, w: -0.328570 (segment 0)[0m
[0m[ INFO] [1748156907.588904980]: [1748156907.589] Robot state - x: 2.690604, y: 0.038044, phi: 0.416209[0m
[0m[ INFO] [1748156907.588997332]: [1748156907.589] Reference trajectory - x: 2.797827, y: 0.000000, phi: 0.000000, v: 0.372625, w: 0.000000[0m
[0m[ INFO] [1748156907.589064020]: [1748156907.589] v: 0.530222, w: -0.329265 (segment 0)[0m
[0m[ INFO] [1748156907.600603479]: Received reference trajectory - x: 2835.057129, y: 0.000000, phi: 0.000000, v: 371.990234, w: 0.000000, line_no: 0[0m
[0m[ INFO] [1748156907.685838903]: [1748156907.686] Robot state - x: 2.730577, y: 0.056010, phi: 0.429360[0m
[0m[ INFO] [1748156907.685957367]: [1748156907.686] Reference trajectory - x: 2.835057, y: 0.000000, phi: 0.000000, v: 0.371990, w: 0.000000[0m
[0m[ INFO] [1748156907.686032599]: [1748156907.686] v: 0.529203, w: -0.366811 (segment 0)[0m
[0m[ INFO] [1748156907.700717475]: Received reference trajectory - x: 2872.222168, y: 0.000000, phi: 0.000000, v: 371.280792, w: 0.000000, line_no: 0[0m
[0m[ INFO] [1748156907.783354811]: [1748156907.783] Robot state - x: 2.702577, y: 0.084010, phi: 0.401600[0m
[0m[ INFO] [1748156907.783470875]: [1748156907.783] Reference trajectory - x: 2.872222, y: 0.000000, phi: 0.000000, v: 0.371281, w: 0.000000[0m
[0m[ INFO] [1748156907.783549244]: [1748156907.783] v: 0.586053, w: -0.374800 (segment 0)[0m
[0m[ INFO] [1748156907.786416836]: [1748156907.786] Robot state - x: 2.742946, y: 0.102081, phi: 0.410993[0m
[0m[ INFO] [1748156907.786493861]: [1748156907.786] Reference trajectory - x: 2.872222, y: 0.000000, phi: 0.000000, v: 0.371281, w: 0.000000[0m
[0m[ INFO] [1748156907.786539557]: [1748156907.787] v: 0.554674, w: -0.409391 (segment 0)[0m
[0m[ INFO] [1748156907.800647215]: Received reference trajectory - x: 2909.324951, y: 0.000000, phi: 0.000000, v: 370.496094, w: 0.000000, line_no: 0[0m
[0m[ INFO] [1748156907.886113871]: [1748156907.886] Robot state - x: 2.784110, y: 0.119335, phi: 0.401600[0m
[0m[ INFO] [1748156907.886211600]: [1748156907.886] Reference trajectory - x: 2.909325, y: 0.000000, phi: 0.000000, v: 0.370496, w: 0.000000[0m
[0m[ INFO] [1748156907.886257296]: [1748156907.886] v: 0.552782, w: -0.423613 (segment 0)[0m
[0m[ INFO] [1748156907.900732955]: Received reference trajectory - x: 2946.325195, y: 0.000000, phi: 0.000000, v: 369.636810, w: 0.000000, line_no: 0[0m
[0m[ INFO] [1748156907.986161275]: [1748156907.986] Robot state - x: 2.827369, y: 0.136802, phi: 0.347118[0m
[0m[ INFO] [1748156907.986250844]: [1748156907.986] Reference trajectory - x: 2.946325, y: 0.000000, phi: 0.000000, v: 0.369637, w: 0.000000[0m
[0m[ INFO] [1748156907.986323644]: [1748156907.986] v: 0.548864, w: -0.391268 (segment 0)[0m
[0m[ INFO] [1748156908.000624615]: Received reference trajectory - x: 2983.236816, y: 0.000000, phi: 0.000000, v: 368.702545, w: 0.000000, line_no: 0[0m
[0m[ INFO] [1748156908.091010103]: [1748156908.091] Robot state - x: 2.870070, y: 0.153486, phi: 0.288878[0m
[0m[ INFO] [1748156908.091321144]: [1748156908.091] Reference trajectory - x: 2.983237, y: 0.000000, phi: 0.000000, v: 0.368703, w: 0.000000[0m
[0m[ INFO] [1748156908.091468632]: [1748156908.091] v: 0.545157, w: -0.354307 (segment 0)[0m
[0m[ INFO] [1748156908.102176345]: Received reference trajectory - x: 3020.102539, y: 0.000000, phi: 0.000000, v: 367.691833, w: 0.000000, line_no: 0[0m
[0m[ INFO] [1748156908.186588759]: [1748156908.186] Robot state - x: 2.913954, y: 0.168712, phi: 0.262576[0m
[0m[ INFO] [1748156908.186887512]: [1748156908.187] Reference trajectory - x: 3.020103, y: 0.000000, phi: 0.000000, v: 0.367692, w: 0.000000[0m
[0m[ INFO] [1748156908.186993656]: [1748156908.187] v: 0.540218, w: -0.349178 (segment 0)[0m
[0m[ INFO] [1748156908.200869922]: Received reference trajectory - x: 3056.783447, y: 0.000000, phi: 0.000000, v: 366.608398, w: 0.000000, line_no: 0[0m
[0m[ INFO] [1748156908.290224143]: [1748156908.290] Robot state - x: 2.958809, y: 0.181540, phi: 0.241911[0m
[0m[ INFO] [1748156908.290612720]: [1748156908.291] Reference trajectory - x: 3.056783, y: 0.000000, phi: 0.000000, v: 0.366608, w: 0.000000[0m
[0m[ INFO] [1748156908.290713713]: [1748156908.291] v: 0.534093, w: -0.347137 (segment 0)[0m
[0m[ INFO] [1748156908.301040368]: Received reference trajectory - x: 3093.381836, y: 0.000000, phi: 0.000000, v: 365.449127, w: 0.000000, line_no: 0[0m
[0m[ INFO] [1748156908.386082032]: [1748156908.386] Robot state - x: 3.002627, y: 0.192789, phi: 0.219366[0m
[0m[ INFO] [1748156908.386258384]: [1748156908.386] Reference trajectory - x: 3.093382, y: 0.000000, phi: 0.000000, v: 0.365449, w: 0.000000[0m
[0m[ INFO] [1748156908.386328369]: [1748156908.386] v: 0.528557, w: -0.341337 (segment 0)[0m
[0m[ INFO] [1748156908.400711100]: Received reference trajectory - x: 3129.864746, y: 0.000000, phi: 0.000000, v: 364.214752, w: 0.000000, line_no: 0[0m
[0m[ INFO] [1748156908.487257985]: [1748156908.487] Robot state - x: 3.045744, y: 0.203514, phi: 0.223124[0m
[0m[ INFO] [1748156908.487390497]: [1748156908.487] Reference trajectory - x: 3.129865, y: 0.000000, phi: 0.000000, v: 0.364215, w: 0.000000[0m
[0m[ INFO] [1748156908.487643970]: [1748156908.488] v: 0.523313, w: -0.362575 (segment 0)[0m
[0m[ INFO] [1748156908.501920525]: Received reference trajectory - x: 3166.250732, y: 0.000000, phi: 0.000000, v: 362.904236, w: 0.000000, line_no: 0[0m
[0m[ INFO] [1748156908.577789169]: [1748156908.578] Robot state - x: 3.017744, y: 0.175514, phi: 0.048591[0m
[0m[ INFO] [1748156908.577912370]: [1748156908.578] Reference trajectory - x: 3.166251, y: 0.000000, phi: 0.000000, v: 0.362904, w: 0.000000[0m
[0m[ INFO] [1748156908.577987986]: [1748156908.578] v: 0.578525, w: -0.147759 (segment 0)[0m
[0m[ INFO] [1748156908.585817257]: [1748156908.586] Robot state - x: 3.064412, y: 0.186149, phi: 0.057984[0m
[0m[ INFO] [1748156908.585955306]: [1748156908.586] Reference trajectory - x: 3.166251, y: 0.000000, phi: 0.000000, v: 0.362904, w: 0.000000[0m
[0m[ INFO] [1748156908.586053738]: [1748156908.586] v: 0.541382, w: -0.174461 (segment 0)[0m
[0m[ INFO] [1748156908.600935479]: Received reference trajectory - x: 3202.447754, y: 0.000000, phi: 0.000000, v: 361.520721, w: 0.000000, line_no: 0[0m
[0m[ INFO] [1748156908.686370584]: [1748156908.686] Robot state - x: 3.113024, y: 0.188559, phi: 0.059863[0m
[0m[ INFO] [1748156908.686459481]: [1748156908.686] Reference trajectory - x: 3.202448, y: 0.000000, phi: 0.000000, v: 0.361521, w: 0.000000[0m
[0m[ INFO] [1748156908.686537401]: [1748156908.686] v: 0.531254, w: -0.182922 (segment 0)[0m
[0m[ INFO] [1748156908.700740612]: Received reference trajectory - x: 3238.531982, y: 0.000000, phi: 0.000000, v: 360.061096, w: 0.000000, line_no: 0[0m
[0m[ INFO] [1748156908.779371376]: [1748156908.779] Robot state - x: 3.085024, y: 0.216559, phi: -0.114670[0m
[0m[ INFO] [1748156908.779481713]: [1748156908.779] Reference trajectory - x: 3.238532, y: 0.000000, phi: 0.000000, v: 0.360061, w: 0.000000[0m
[0m[ INFO] [1748156908.779527889]: [1748156908.780] v: 0.586156, w: -0.039831 (segment 0)[0m
[0m[ INFO] [1748156908.786218245]: [1748156908.786] Robot state - x: 3.133020, y: 0.219164, phi: -0.122185[0m
[0m[ INFO] [1748156908.786304165]: [1748156908.786] Reference trajectory - x: 3.238532, y: 0.000000, phi: 0.000000, v: 0.360061, w: 0.000000[0m
[0m[ INFO] [1748156908.786366662]: [1748156908.786] v: 0.547970, w: -0.039275 (segment 0)[0m
[0m[ INFO] [1748156908.800822385]: Received reference trajectory - x: 3274.452148, y: 0.000000, phi: 0.000000, v: 358.527100, w: 0.000000, line_no: 0[0m
[0m[ INFO] [1748156908.886000082]: [1748156908.886] Robot state - x: 3.180349, y: 0.213533, phi: -0.129699[0m
[0m[ INFO] [1748156908.886229170]: [1748156908.886] Reference trajectory - x: 3.274452, y: 0.000000, phi: 0.000000, v: 0.358527, w: 0.000000[0m
[0m[ INFO] [1748156908.886316979]: [1748156908.886] v: 0.538619, w: -0.028177 (segment 0)[0m
[0m[ INFO] [1748156908.901118751]: Received reference trajectory - x: 3310.225342, y: 0.000000, phi: 0.000000, v: 356.917664, w: 0.000000, line_no: 0[0m
[0m[ INFO] [1748156908.986959394]: [1748156908.987] Robot state - x: 3.228068, y: 0.207764, phi: -0.125942[0m
[0m[ INFO] [1748156908.987050178]: [1748156908.987] Reference trajectory - x: 3.310225, y: 0.000000, phi: 0.000000, v: 0.356918, w: 0.000000[0m
[0m[ INFO] [1748156908.987098498]: [1748156908.987] v: 0.528526, w: -0.028589 (segment 0)[0m
[0m[ INFO] [1748156909.000942540]: Received reference trajectory - x: 3345.832520, y: 0.000000, phi: 0.000000, v: 355.233276, w: 0.000000, line_no: 0[0m
[0m[ INFO] [1748156909.011473676]: [1748156909.011] Robot state - x: 3.200068, y: 0.235764, phi: -0.300475[0m
[0m[ INFO] [1748156909.011560492]: [1748156909.012] Reference trajectory - x: 3.345833, y: 0.000000, phi: 0.000000, v: 0.355233, w: 0.000000[0m
[0m[ INFO] [1748156909.011681868]: [1748156909.012] v: 0.582663, w: 0.114152 (segment 0)[0m
[0m[ INFO] [1748156909.086175822]: [1748156909.086] Robot state - x: 3.249150, y: 0.229503, phi: -0.294839[0m
[0m[ INFO] [1748156909.086271918]: [1748156909.086] Reference trajectory - x: 3.345833, y: 0.000000, phi: 0.000000, v: 0.355233, w: 0.000000[0m
[0m[ INFO] [1748156909.086710223]: [1748156909.086] v: 0.543407, w: 0.112003 (segment 0)[0m
[0m[ INFO] [1748156909.101588444]: Received reference trajectory - x: 3381.269043, y: 0.000000, phi: 0.000000, v: 353.473846, w: 0.000000, line_no: 0[0m
[0m[ INFO] [1748156909.183077939]: [1748156909.183] Robot state - x: 3.221150, y: 0.257503, phi: -0.469372[0m
[0m[ INFO] [1748156909.183170803]: [1748156909.183] Reference trajectory - x: 3.381269, y: 0.000000, phi: 0.000000, v: 0.353474, w: 0.000000[0m
[0m[ INFO] [1748156909.183239859]: [1748156909.183] v: 0.597588, w: 0.254347 (segment 0)[0m
[0m[ INFO] [1748156909.187127615]: [1748156909.187] Robot state - x: 3.268508, y: 0.243169, phi: -0.456221[0m
[0m[ INFO] [1748156909.187209375]: [1748156909.187] Reference trajectory - x: 3.381269, y: 0.000000, phi: 0.000000, v: 0.353474, w: 0.000000[0m
[0m[ INFO] [1748156909.187300511]: [1748156909.187] v: 0.560067, w: 0.254321 (segment 0)[0m
[0m[ INFO] [1748156909.200735400]: Received reference trajectory - x: 3416.531738, y: 0.000000, phi: 0.000000, v: 351.639069, w: 0.000000, line_no: 0[0m
[0m[ INFO] [1748156909.286115050]: [1748156909.286] Robot state - x: 3.312784, y: 0.221078, phi: -0.443070[0m
[0m[ INFO] [1748156909.286232203]: [1748156909.286] Reference trajectory - x: 3.416532, y: 0.000000, phi: 0.000000, v: 0.351639, w: 0.000000[0m
[0m[ INFO] [1748156909.286335115]: [1748156909.286] v: 0.552594, w: 0.264528 (segment 0)[0m
[0m[ INFO] [1748156909.300939127]: Received reference trajectory - x: 3451.591064, y: 0.000000, phi: 0.000000, v: 349.730164, w: 0.000000, line_no: 0[0m
[0m[ INFO] [1748156909.381878796]: [1748156909.382] Robot state - x: 3.284784, y: 0.249078, phi: -0.617603[0m
[0m[ INFO] [1748156909.381996140]: [1748156909.382] Reference trajectory - x: 3.451591, y: 0.000000, phi: 0.000000, v: 0.349730, w: 0.000000[0m
[0m[ INFO] [1748156909.382111277]: [1748156909.382] v: 0.606433, w: 0.407026 (segment 0)[0m
[0m[ INFO] [1748156909.385714711]: [1748156909.386] Robot state - x: 3.329588, y: 0.227611, phi: -0.598816[0m
[0m[ INFO] [1748156909.385815576]: [1748156909.386] Reference trajectory - x: 3.451591, y: 0.000000, phi: 0.000000, v: 0.349730, w: 0.000000[0m
[0m[ INFO] [1748156909.385885912]: [1748156909.386] v: 0.571215, w: 0.410431 (segment 0)[0m
[0m[ INFO] [1748156909.400761765]: Received reference trajectory - x: 3486.467529, y: 0.000000, phi: 0.000000, v: 347.745636, w: 0.000000, line_no: 0[0m
[0m[ INFO] [1748156909.486163463]: [1748156909.486] Robot state - x: 3.370553, y: 0.199145, phi: -0.578150[0m
[0m[ INFO] [1748156909.486247848]: [1748156909.486] Reference trajectory - x: 3.486468, y: 0.000000, phi: 0.000000, v: 0.347746, w: 0.000000[0m
[0m[ INFO] [1748156909.486331112]: [1748156909.486] v: 0.566258, w: 0.421258 (segment 0)[0m
[0m[ INFO] [1748156909.500882740]: Received reference trajectory - x: 3521.136230, y: 0.000000, phi: 0.000000, v: 345.686432, w: 0.000000, line_no: 0[0m
[0m[ INFO] [1748156909.588217628]: [1748156909.588] Robot state - x: 3.384771, y: 0.199086, phi: -0.687270[0m
[0m[ INFO] [1748156909.588308764]: [1748156909.588] Reference trajectory - x: 3.521136, y: 0.000000, phi: 0.000000, v: 0.345686, w: 0.000000[0m
[0m[ INFO] [1748156909.588354972]: [1748156909.588] v: 0.583781, w: 0.531821 (segment 0)[0m
[0m[ INFO] [1748156909.588569117]: [1748156909.589] Robot state - x: 3.384771, y: 0.199086, phi: -0.687270[0m
[0m[ INFO] [1748156909.588633565]: [1748156909.589] Reference trajectory - x: 3.521136, y: 0.000000, phi: 0.000000, v: 0.345686, w: 0.000000[0m
[0m[ INFO] [1748156909.588724317]: [1748156909.589] v: 0.586270, w: 0.528186 (segment 0)[0m
[0m[ INFO] [1748156909.601155267]: Received reference trajectory - x: 3555.607422, y: 0.000000, phi: 0.000000, v: 343.551483, w: 0.000000, line_no: 0[0m
[0m[ INFO] [1748156909.686241796]: [1748156909.686] Robot state - x: 3.427610, y: 0.171985, phi: -0.659090[0m
[0m[ INFO] [1748156909.686363941]: [1748156909.686] Reference trajectory - x: 3.555607, y: 0.000000, phi: 0.000000, v: 0.343551, w: 0.000000[0m
[0m[ INFO] [1748156909.686562757]: [1748156909.687] v: 0.579479, w: 0.529921 (segment 0)[0m
[0m[ INFO] [1748156909.701093265]: Received reference trajectory - x: 3589.848633, y: 0.000000, phi: 0.000000, v: 341.342316, w: 0.000000, line_no: 0[0m
[0m[ INFO] [1748156909.775983412]: [1748156909.776] Robot state - x: 3.399610, y: 0.143985, phi: -0.484557[0m
[0m[ INFO] [1748156909.776109556]: [1748156909.776] Reference trajectory - x: 3.589849, y: 0.000000, phi: 0.000000, v: 0.341342, w: 0.000000[0m
[0m[ INFO] [1748156909.776158516]: [1748156909.776] v: 0.632761, w: 0.380247 (segment 0)[0m
[0m[ INFO] [1748156909.785869074]: [1748156909.786] Robot state - x: 3.439431, y: 0.112291, phi: -0.454498[0m
[0m[ INFO] [1748156909.785982354]: [1748156909.786] Reference trajectory - x: 3.589849, y: 0.000000, phi: 0.000000, v: 0.341342, w: 0.000000[0m
[0m[ INFO] [1748156909.786057554]: [1748156909.786] v: 0.602227, w: 0.386928 (segment 0)[0m
[0m[ INFO] [1748156909.800708863]: Received reference trajectory - x: 3623.865723, y: 0.000000, phi: 0.000000, v: 339.058136, w: 0.000000, line_no: 0[0m
[0m[ INFO] [1748156909.886068769]: [1748156909.886] Robot state - x: 3.485379, y: 0.089032, phi: -0.422560[0m
[0m[ INFO] [1748156909.886232481]: [1748156909.886] Reference trajectory - x: 3.623866, y: 0.000000, phi: 0.000000, v: 0.339058, w: 0.000000[0m
[0m[ INFO] [1748156909.886310945]: [1748156909.886] v: 0.592499, w: 0.381379 (segment 0)[0m
[0m[ INFO] [1748156909.900694701]: Received reference trajectory - x: 3657.655273, y: 0.000000, phi: 0.000000, v: 336.698669, w: 0.000000, line_no: 0[0m
[0m[ INFO] [1748156909.986742065]: [1748156909.987] Robot state - x: 3.532616, y: 0.067041, phi: -0.384986[0m
[0m[ INFO] [1748156909.986836594]: [1748156909.987] Reference trajectory - x: 3.657655, y: 0.000000, phi: 0.000000, v: 0.336699, w: 0.000000[0m
[0m[ INFO] [1748156909.986882034]: [1748156909.987] v: 0.581184, w: 0.368731 (segment 0)[0m
[0m[ INFO] [1748156909.990941854]: [1748156909.991] Robot state - x: 3.504616, y: 0.095041, phi: -0.559519[0m
[0m[ INFO] [1748156909.991034814]: [1748156909.991] Reference trajectory - x: 3.657655, y: 0.000000, phi: 0.000000, v: 0.336699, w: 0.000000[0m
[0m[ INFO] [1748156909.991156927]: [1748156909.991] v: 0.607379, w: 0.514041 (segment 0)[0m
[0m[ INFO] [1748156910.000712571]: Received reference trajectory - x: 3691.204102, y: 0.000000, phi: 0.000000, v: 334.264252, w: 0.000000, line_no: 0[0m
[0m[ INFO] [1748156910.100685675]: Received reference trajectory - x: 3724.504639, y: 0.000000, phi: 0.000000, v: 331.754913, w: 0.000000, line_no: 0[0m
[0m[ INFO] [1748156910.200821723]: Received reference trajectory - x: 3757.551758, y: 0.000000, phi: 0.000000, v: 329.170471, w: 0.000000, line_no: 0[0m
[0m[ INFO] [1748156910.203284739]: [1748156910.203] Robot state - x: 3.552903, y: 0.074410, phi: -0.521945[0m
[0m[ INFO] [1748156910.203369699]: [1748156910.203] Reference trajectory - x: 3.757552, y: 0.000000, phi: 0.000000, v: 0.329170, w: 0.000000[0m
[0m[ INFO] [1748156910.203440931]: [1748156910.203] v: 0.646720, w: 0.499533 (segment 0)[0m
[0m[ INFO] [1748156910.209189653]: [1748156910.209] Robot state - x: 3.598165, y: 0.047002, phi: -0.491886[0m
[0m[ INFO] [1748156910.209429685]: [1748156910.209] Reference trajectory - x: 3.757552, y: 0.000000, phi: 0.000000, v: 0.329170, w: 0.000000[0m
[0m[ INFO] [1748156910.209551574]: [1748156910.209] v: 0.611803, w: 0.501975 (segment 0)[0m
[0m[ INFO] [1748156910.217918159]: [1748156910.218] Robot state - x: 3.570165, y: 0.019002, phi: -0.666419[0m
[0m[ INFO] [1748156910.218003471]: [1748156910.218] Reference trajectory - x: 3.757552, y: 0.000000, phi: 0.000000, v: 0.329170, w: 0.000000[0m
[0m[ INFO] [1748156910.218048815]: [1748156910.218] v: 0.638625, w: 0.719648 (segment 0)[0m
[0m[ INFO] [1748156910.286403103]: [1748156910.286] Robot state - x: 3.616023, y: -0.008591, phi: -0.630724[0m
[0m[ INFO] [1748156910.286504543]: [1748156910.286] Reference trajectory - x: 3.757552, y: 0.000000, phi: 0.000000, v: 0.329170, w: 0.000000[0m
[0m[ INFO] [1748156910.286732928]: [1748156910.287] v: 0.602883, w: 0.717444 (segment 0)[0m
[0m[ INFO] [1748156910.301001419]: Received reference trajectory - x: 3790.339844, y: 0.000000, phi: 0.000000, v: 326.510773, w: 0.000000, line_no: 0[0m
[0m[ INFO] [1748156910.386181678]: [1748156910.386] Robot state - x: 3.659058, y: -0.041082, phi: -0.591271[0m
[0m[ INFO] [1748156910.386275886]: [1748156910.386] Reference trajectory - x: 3.790340, y: 0.000000, phi: 0.000000, v: 0.326511, w: 0.000000[0m
[0m[ INFO] [1748156910.386324398]: [1748156910.386] v: 0.594056, w: 0.718113 (segment 0)[0m
[0m[ INFO] [1748156910.391960768]: [1748156910.392] Robot state - x: 3.687058, y: -0.013082, phi: -0.416738[0m
[0m[ INFO] [1748156910.392053888]: [1748156910.392] Reference trajectory - x: 3.790340, y: 0.000000, phi: 0.000000, v: 0.326511, w: 0.000000[0m
[0m[ INFO] [1748156910.392168800]: [1748156910.392] v: 0.572541, w: 0.500332 (segment 0)[0m
[0m[ INFO] [1748156910.400839835]: Received reference trajectory - x: 3822.850586, y: 0.000000, phi: 0.000000, v: 323.776733, w: 0.000000, line_no: 0[0m
[0m[ INFO] [1748156910.486098045]: [1748156910.486] Robot state - x: 3.731751, y: -0.044323, phi: -0.375407[0m
[0m[ INFO] [1748156910.486189726]: [1748156910.486] Reference trajectory - x: 3.822851, y: 0.000000, phi: 0.000000, v: 0.323777, w: 0.000000[0m
[0m[ INFO] [1748156910.486237374]: [1748156910.486] v: 0.561289, w: 0.497510 (segment 0)[0m
[0m[ INFO] [1748156910.500762602]: Received reference trajectory - x: 3855.090576, y: 0.000000, phi: 0.000000, v: 320.967102, w: 0.000000, line_no: 0[0m
[0m[ INFO] [1748156910.581204062]: [1748156910.581] Robot state - x: 3.703751, y: -0.072323, phi: -0.200874[0m
[0m[ INFO] [1748156910.581296862]: [1748156910.581] Reference trajectory - x: 3.855091, y: 0.000000, phi: 0.000000, v: 0.320967, w: 0.000000[0m
[0m[ INFO] [1748156910.581365279]: [1748156910.581] v: 0.611588, w: 0.351785 (segment 0)[0m
[0m[ INFO] [1748156910.586245774]: [1748156910.586] Robot state - x: 3.754884, y: -0.093479, phi: -0.152028[0m
[0m[ INFO] [1748156910.586375054]: [1748156910.586] Reference trajectory - x: 3.855091, y: 0.000000, phi: 0.000000, v: 0.320967, w: 0.000000[0m
[0m[ INFO] [1748156910.586442030]: [1748156910.586] v: 0.570683, w: 0.329221 (segment 0)[0m
[0m[ INFO] [1748156910.600733690]: Received reference trajectory - x: 3887.052734, y: 0.000000, phi: 0.000000, v: 318.081848, w: 0.000000, line_no: 0[0m
[0m[ INFO] [1748156910.686092829]: [1748156910.686] Robot state - x: 3.807961, y: -0.102995, phi: -0.105061[0m
[0m[ INFO] [1748156910.686215389]: [1748156910.686] Reference trajectory - x: 3.887053, y: 0.000000, phi: 0.000000, v: 0.318082, w: 0.000000[0m
[0m[ INFO] [1748156910.686305565]: [1748156910.686] v: 0.551595, w: 0.294041 (segment 0)[0m
[0m[ INFO] [1748156910.700806857]: Received reference trajectory - x: 3918.704346, y: 0.000000, phi: 0.000000, v: 315.123291, w: 0.000000, line_no: 0[0m
[0m[ INFO] [1748156910.787072943]: [1748156910.787] Robot state - x: 3.859617, y: -0.109820, phi: -0.063730[0m
[0m[ INFO] [1748156910.787206704]: [1748156910.787] Reference trajectory - x: 3.918704, y: 0.000000, phi: 0.000000, v: 0.315123, w: 0.000000[0m
[0m[ INFO] [1748156910.787312720]: [1748156910.787] v: 0.532996, w: 0.261470 (segment 0)[0m
[0m[ INFO] [1748156910.800812473]: Received reference trajectory - x: 3950.064453, y: 0.000000, phi: 0.000000, v: 312.088989, w: 0.000000, line_no: 0[0m
[0m[ INFO] [1748156910.900769577]: Received reference trajectory - x: 3981.127197, y: 0.000000, phi: 0.000000, v: 308.978699, w: 0.000000, line_no: 0[0m
[0m[ INFO] [1748156911.000781048]: Received reference trajectory - x: 4011.858154, y: 0.000000, phi: 0.000000, v: 305.795166, w: 0.000000, line_no: 0[0m
[0m[ INFO] [1748156911.100794377]: Received reference trajectory - x: 4042.279297, y: 0.000000, phi: 0.000000, v: 302.535309, w: 0.000000, line_no: 0[0m
[0m[ INFO] [1748156911.200703546]: Received reference trajectory - x: 4072.362549, y: 0.000000, phi: 0.000000, v: 299.201355, w: 0.000000, line_no: 0[0m
[0m[ INFO] [1748156911.300727851]: Received reference trajectory - x: 4102.112305, y: 0.000000, phi: 0.000000, v: 295.792023, w: 0.000000, line_no: 0[0m
[0m[ INFO] [1748156911.400713788]: Received reference trajectory - x: 4131.518066, y: 0.000000, phi: 0.000000, v: 292.307556, w: 0.000000, line_no: 0[0m
[0m[ INFO] [1748156911.500743053]: Received reference trajectory - x: 4160.571777, y: 0.000000, phi: 0.000000, v: 288.748138, w: 0.000000, line_no: 0[0m
[0m[ INFO] [1748156911.601082047]: Received reference trajectory - x: 4189.290039, y: 0.000000, phi: 0.000000, v: 285.110535, w: 0.000000, line_no: 0[0m
[0m[ INFO] [1748156911.700744910]: Received reference trajectory - x: 4217.595703, y: 0.000000, phi: 0.000000, v: 281.403778, w: 0.000000, line_no: 0[0m
[0m[ INFO] [1748156911.800668959]: Received reference trajectory - x: 4245.544922, y: 0.000000, phi: 0.000000, v: 277.619751, w: 0.000000, line_no: 0[0m
[0m[ INFO] [1748156911.900791088]: Received reference trajectory - x: 4273.123047, y: 0.000000, phi: 0.000000, v: 273.759125, w: 0.000000, line_no: 0[0m
[0m[ INFO] [1748156912.000999650]: Received reference trajectory - x: 4300.299316, y: 0.000000, phi: 0.000000, v: 269.825226, w: 0.000000, line_no: 0[0m
[0m[ INFO] [1748156912.100861076]: Received reference trajectory - x: 4327.079590, y: 0.000000, phi: 0.000000, v: 265.816162, w: 0.000000, line_no: 0[0m
[0m[ INFO] [1748156912.200711717]: Received reference trajectory - x: 4353.455078, y: 0.000000, phi: 0.000000, v: 261.732086, w: 0.000000, line_no: 0[0m
[0m[ INFO] [1748156912.300816600]: Received reference trajectory - x: 4379.421875, y: 0.000000, phi: 0.000000, v: 257.572540, w: 0.000000, line_no: 0[0m
[0m[ INFO] [1748156912.401393036]: Received reference trajectory - x: 4404.994141, y: 0.000000, phi: 0.000000, v: 253.333710, w: 0.000000, line_no: 0[0m
[0m[ INFO] [1748156912.500952924]: Received reference trajectory - x: 4430.086914, y: 0.000000, phi: 0.000000, v: 249.028748, w: 0.000000, line_no: 0[0m
[0m[ INFO] [1748156912.600815118]: Received reference trajectory - x: 4454.771484, y: 0.000000, phi: 0.000000, v: 244.644272, w: 0.000000, line_no: 0[0m
[0m[ INFO] [1748156912.700920096]: Received reference trajectory - x: 4479.020020, y: 0.000000, phi: 0.000000, v: 240.183624, w: 0.000000, line_no: 0[0m
[0m[ INFO] [1748156912.800801298]: Received reference trajectory - x: 4502.810547, y: 0.000000, phi: 0.000000, v: 235.649521, w: 0.000000, line_no: 0[0m
[0m[ INFO] [1748156912.900971077]: Received reference trajectory - x: 4526.143555, y: 0.000000, phi: 0.000000, v: 231.040497, w: 0.000000, line_no: 0[0m
[0m[ INFO] [1748156913.000880663]: Received reference trajectory - x: 4549.015625, y: 0.000000, phi: 0.000000, v: 226.355728, w: 0.000000, line_no: 0[0m
[0m[ INFO] [1748156913.100732010]: Received reference trajectory - x: 4571.411133, y: 0.000000, phi: 0.000000, v: 221.596909, w: 0.000000, line_no: 0[0m
[0m[ INFO] [1748156913.200899613]: Received reference trajectory - x: 4593.332520, y: 0.000000, phi: 0.000000, v: 216.761810, w: 0.000000, line_no: 0[0m
[0m[ INFO] [1748156913.300926577]: Received reference trajectory - x: 4614.763672, y: 0.000000, phi: 0.000000, v: 211.852417, w: 0.000000, line_no: 0[0m
[0m[ INFO] [1748156913.400786948]: Received reference trajectory - x: 4635.696777, y: 0.000000, phi: 0.000000, v: 206.868851, w: 0.000000, line_no: 0[0m
[0m[ INFO] [1748156913.503304063]: Received reference trajectory - x: 4656.208496, y: 0.000000, phi: 0.000000, v: 201.790009, w: 0.000000, line_no: 0[0m
[0m[ INFO] [1748156913.600901675]: Received reference trajectory - x: 4676.061035, y: 0.000000, phi: 0.000000, v: 196.673767, w: 0.000000, line_no: 0[0m
[0m[ INFO] [1748156913.700804446]: Received reference trajectory - x: 4695.467773, y: 0.000000, phi: 0.000000, v: 191.464600, w: 0.000000, line_no: 0[0m
[0m[ INFO] [1748156913.800731953]: Received reference trajectory - x: 4714.345703, y: [0m[ INFO] [1748156896.700306995]: Reading trajectory coeffs[0m
[0m[ INFO] [1748156896.704080638]: Reading trajectory coeffs[0m
[0m[ INFO] [1748156893.306085728]: [I2C FOR MOTORS] Now launching this node in namespace: /asc[0m
[0m[ INFO] [1748156893.424895088]: [I2C FOR MOTORS] publish motor duty cycle requests from command line with: rostopic pub --once /asc/set_motor_duty_cycle asclinic_pkg/LeftRightFloat32 "{left: 10.1, right: 10.1}"[0m
[0m[ INFO] [1748156893.425060496]: [I2C FOR MOTORS] Successfully opened named /dev/i2c-1, with file descriptor = 11[0m
[0m[ INFO] [1748156893.425192721]: [I2C FOR MOTORS] Actual acceleration limit = 0.0003125%/ms (after conversation to "internal units")[0m
[0m[ INFO] [1748156893.425246513]: [I2C FOR MOTORS] Actual deceleration limit = 0.0015625%/ms (after conversation to "internal units")[0m
[0m[ INFO] [1748156893.425284881]: [I2C FOR MOTORS] Now initialising SMC with I2C address 13[0m
[0m[ INFO] [1748156893.441971392]: [I2C FOR MOTORS] Now initialising SMC with I2C address 14[0m
[0m[ INFO] [1748156893.459091920]: [I2C FOR MOTORS] Node initialisation complete[0m
0.000000, phi: 0.000000, v: 186.181564, w: 0.000000, line_no: 0[0m
[0m[ INFO] [1748156913.900710148]: Received reference trajectory - x: 4732.696777, y: 0.000000, phi: 0.000000, v: 180.822006, w: 0.000000, line_no: 0[0m
[0m[ INFO] [1748156914.000995960]: Received reference trajectory - x: 4750.509277, y: 0.000000, phi: 0.000000, v: 175.387177, w: 0.000000, line_no: 0[0m
[0m[ INFO] [1748156914.100716332]: Received reference trajectory - x: 4767.772949, y: 0.000000, phi: 0.000000, v: 169.877747, w: 0.000000, line_no: 0[0m
[0m[ INFO] [1748156914.200732129]: Received reference trajectory - x: 4784.483887, y: 0.000000, phi: 0.000000, v: 164.292801, w: 0.000000, line_no: 0[0m
[0m[ INFO] [1748156914.302255098]: Received reference trajectory - x: 4800.630371, y: 0.000000, phi: 0.000000, v: 158.633575, w: 0.000000, line_no: 0[0m
[0m[ INFO] [1748156914.400710634]: Received reference trajectory - x: 4816.206055, y: 0.000000, phi: 0.000000, v: 152.899780, w: 0.000000, line_no: 0[0m
[0m[ INFO] [1748156914.504239625]: Received reference trajectory - x: 4831.256348, y: 0.000000, phi: 0.000000, v: 147.070358, w: 0.000000, line_no: 0[0m
[0m[ INFO] [1748156914.600830323]: Received reference trajectory - x: 4845.625000, y: 0.000000, phi: 0.000000, v: 141.204529, w: 0.000000, line_no: 0[0m
[0m[ INFO] [1748156914.701707403]: Received reference trajectory - x: 4859.459473, y: 0.000000, phi: 0.000000, v: 135.239914, w: 0.000000, line_no: 0[0m
[0m[ INFO] [1748156914.801755295]: Received reference trajectory - x: 4872.670898, y: 0.000000, phi: 0.000000, v: 129.210861, w: 0.000000, line_no: 0[0m
[0m[ INFO] [1748156914.902748151]: Received reference trajectory - x: 4885.301270, y: 0.000000, phi: 0.000000, v: 123.094482, w: 0.000000, line_no: 0[0m
[0m[ INFO] [1748156915.000974054]: Received reference trajectory - x: 4897.288574, y: 0.000000, phi: 0.000000, v: 116.917099, w: 0.000000, line_no: 0[0m
[0m[ INFO] [1748156915.100843995]: Received reference trajectory - x: 4908.665527, y: 0.000000, phi: 0.000000, v: 110.659042, w: 0.000000, line_no: 0[0m
[0m[ INFO] [1748156915.200927633]: Received reference trajectory - x: 4919.415039, y: 0.000000, phi: 0.000000, v: 104.324753, w: 0.000000, line_no: 0[0m
[0m[ INFO] [1748156915.301068072]: Received reference trajectory - x: 4929.528809, y: 0.000000, phi: 0.000000, v: 97.914642, w: 0.000000, line_no: 0[0m

[ARUCO DETECTOR] Camera properties upon initialisation:
CV_CAP_PROP_FRAME_HEIGHT : '480.0'
CV_CAP_PROP_FRAME_WIDTH :  '640.0'
CAP_PROP_FPS :             '30.0'
CAP_PROP_FOCUS :           '0.0'
CAP_PROP_AUTOFOCUS :       '0.0'
CAP_PROP_BRIGHTNESS :      '128.0'
CAP_PROP_CONTRAST :        '128.0'
CAP_PROP_SATURATION :      '128.0'
CAP_PROP_BUFFERSIZE :      '4.0'

[ARUCO DETECTOR] Camera properties upon initialisation:
CV_CAP_PROP_FRAME_HEIGHT : '1080.0'
CV_CAP_PROP_FRAME_WIDTH :  '1920.0'
CAP_PROP_FPS :             '5.0'
CAP_PROP_FOCUS :           '0.0'
CAP_PROP_AUTOFOCUS :       '0.0'
CAP_PROP_BRIGHTNESS :      '128.0'
CAP_PROP_CONTRAST :        '128.0'
CAP_PROP_SATURATION :      '128.0'
CAP_PROP_BUFFERSIZE :      '1.0'
[INFO] [1748156897.562126]: [ARUCO DETECTOR] As a double check of the camera properties set, a frame captured just now has dimensions = (1080, 1920, 3)
[INFO] [1748156897.567554]: [ARUCO DETECTOR] publish request from command line to save a single camera image using: rostopic pub --once /asc/request_save_image std_msgs/UInt32 1
[INFO] [1748156897.571852]: [ARUCO DETECTOR] Node initialisation complete
... logging to /home/asc/.ros/log/0725ea1e-3922-11f0-8573-d8c0a650f677/roslaunch-asc12-jetson-47519.log
Checking log directory for disk usage. This may take a while.
Press Ctrl-C to interrupt
Done checking log file disk usage. Usage is <1GB.
]2;/home/asc/ASClinic/catkin_ws/src/asclinic_pkg/launch/trajectory.launch
[1mstarted roslaunch server http://asc12-jetson:42931/[0m

SUMMARY
========

PARAMETERS
 * /asc/aruco_detector/aruco_detector_desired_camera_fps: 5
 * /asc/aruco_detector/aruco_detector_desired_camera_frame_height: 1080
 * /asc/aruco_detector/aruco_detector_desired_camera_frame_width: 1920
 * /asc/aruco_detector/aruco_detector_marker_size: 0.25
 * /asc/aruco_detector/aruco_detector_save_image_path: /home/asc/saved_c...
 * /asc/aruco_detector/aruco_detector_should_publish_camera_images: False
 * /asc/aruco_detector/aruco_detector_should_save_all_aruco_images: False
 * /asc/aruco_detector/aruco_detector_should_show_camera_images: False
 * /asc/aruco_detector/aruco_detector_usb_camera_device_number: 0
 * /asc/aruco_detector/aruco_detector_verbosity: 1
 * /asc/encoder_read_multi_threaded/delta_t_for_publishing_encoder_counts: 0.1
 * /asc/encoder_read_multi_threaded/encoder_events_to_monitor: rising
 * /asc/encoder_read_multi_threaded/encoder_read_verbosity: 1
 * /asc/encoder_read_multi_threaded/gpio_chip_number_for_encoder_lines: 1
 * /asc/encoder_read_multi_threaded/line_number_for_left_side_encoder_channel_a: 105
 * /asc/encoder_read_multi_threaded/line_number_for_left_side_encoder_channel_b: 106
 * /asc/encoder_read_multi_threaded/line_number_for_right_side_encoder_channel_a: 84
 * /asc/encoder_read_multi_threaded/line_number_for_right_side_encoder_channel_b: 130
 * /asc/encoder_read_multi_threaded/should_monitor_left_side_encoder_channel_a: True
 * /asc/encoder_read_multi_threaded/should_monitor_left_side_encoder_channel_b: False
 * /asc/encoder_read_multi_threaded/should_monitor_right_side_encoder_channel_a: True
 * /asc/encoder_read_multi_threaded/should_monitor_right_side_encoder_channel_b: False
 * /asc/i2c_for_motors/motor_driver_current_limit_in_milliamps: 5000
 * /asc/i2c_for_motors/motor_driver_left_side_multiplier: 1
 * /asc/i2c_for_motors/motor_driver_max_accel_limit_in_percent_per_millisecond: 0.04
 * /asc/i2c_for_motors/motor_driver_max_decel_limit_in_percent_per_millisecond: 0.16
 * /asc/i2c_for_motors/motor_driver_max_duty_cycle_limit_in_percent: 100.0
 * /asc/i2c_for_motors/motor_driver_right_side_multiplier: 1
 * /asc/i2c_for_motors/motor_driver_verbosity: 1
 * /rosdistro: noetic
 * /rosversion: 1.17.0

NODES
  /
    aruco_positioning (asclinic_pkg/aruco_positioning.py)
    kf_fusion_node (asclinic_pkg/KF.py)
    odomdelta (asclinic_pkg/odomdelta)
    trajectory_generator (asclinic_pkg/trajectory_generator_state_space)
    trajectory_tracker (asclinic_pkg/trajectory_tracker_state_space)
    velocity_PI_control (asclinic_pkg/velocity_PI_control)
  /asc/
    aruco_detector (asclinic_pkg/aruco_detector.py)
    encoder_read_multi_threaded (asclinic_pkg/encoder_read_multi_threaded)
    i2c_for_motors (asclinic_pkg/i2c_for_motors)

[1mROS_MASTER_URI=http://localhost:11311[0m
]2;/home/asc/ASClinic/catkin_ws/src/asclinic_pkg/launch/trajectory.launch http://localhost:11311
[1mprocess[asc/i2c_for_motors-1]: started with pid [47639][0m
[1mprocess[asc/encoder_read_multi_threaded-2]: started with pid [47640][0m
[1mprocess[odomdelta-3]: started with pid [47641][0m
[1mprocess[asc/aruco_detector-4]: started with pid [47643][0m
[1mprocess[aruco_positioning-5]: started with pid [47644][0m
[1mprocess[trajectory_tracker-6]: started with pid [47659][0m
[1mprocess[trajectory_generator-7]: started with pid [47665][0m
[1mprocess[velocity_PI_control-8]: started with pid [47671][0m
[1mprocess[kf_fusion_node-9]: started with pid [47680][0m
[kf_fusion_node-9] killing on exit
[velocity_PI_control-8] killing on exit
[trajectory_generator-7] killing on exit
[trajectory_tracker-6] killing on exit
[aruco_positioning-5] killing on exit
[asc/aruco_detector-4] killing on exit
[odomdelta-3] killing on exit
[asc/encoder_read_multi_threaded-2] killing on exit
[asc/i2c_for_motors-1] killing on exit
shutting down processing monitor...
... shutting down processing monitor complete
[1mdone[0m
