[0m[ INFO] [1748148856.699726301]: K_x: [0.000000, 0.000000, 0.000000; 0.000000, 0.000000, 0.000000][0m
[0m[ INFO] [1748148856.700021634]: K_x: [0.752481, 0.000000, 0.000000; 0.000000, 1.124046, 0.961472][0m
[0m[ INFO] [1748148856.700055683]: K_p: [0.158114, 0.000000; 0.000000, 0.158114][0m
[0m[ INFO] [1748148858.804079650]: [1748148858.804] Robot state - x: 0.000000, y: 0.000000, phi: 0.000000[0m
[0m[ INFO] [1748148858.808257060]: [1748148858.808] Reference trajectory - x: 0.000000, y: 0.000000, phi: 0.000000, v: 0.000000, w: 0.000000[0m
[0m[ INFO] [1748148858.903506951]: [1748148858.903] Robot state - x: 0.000000, y: 0.000000, phi: 0.000000[0m
[0m[ INFO] [1748148858.903658378]: [1748148858.904] Reference trajectory - x: 0.000000, y: 0.000000, phi: 0.000000, v: 0.000000, w: 0.000000[0m
[0m[ INFO] [1748148859.003581591]: [1748148859.003] Robot state - x: 0.000000, y: 0.000000, phi: 0.000000[0m
[0m[ INFO] [1748148859.003845755]: [1748148859.004] Reference trajectory - x: 0.000000, y: 0.000000, phi: 0.000000, v: 0.000000, w: 0.000000[0m
[0m[ INFO] [1748148859.114868533]: [1748148859.114] Robot state - x: 0.000000, y: 0.000000, phi: 0.000000[0m
[0m[ INFO] [1748148859.115172922]: [1748148859.115] Reference trajectory - x: 0.000000, y: 0.000000, phi: 0.000000, v: 0.000000, w: 0.000000[0m
[0m[ INFO] [1748148859.206823171]: [1748148859.206] Robot state - x: 0.000000, y: 0.000000, phi: 0.000000[0m
[0m[ INFO] [1748148859.207220425]: [1748148859.207] Reference trajectory - x: 0.000000, y: 0.000000, phi: 0.000000, v: 0.000000, w: 0.000000[0m
[0m[ INFO] [1748148859.314368071]: [1748148859.314] Robot state - x: 0.000000, y: 0.000000, phi: 0.000000[0m
[0m[ INFO] [1748148859.314884079]: [1748148859.315] Reference trajectory - x: 0.000000, y: 0.000000, phi: 0.000000, v: 0.000000, w: 0.000000[0m
[0m[ INFO] [1748148859.403599017]: [1748148859.403] Robot state - x: 0.000000, y: 0.000000, phi: 0.000000[0m
[0m[ INFO] [1748148859.403713739]: [1748148859.404] Reference trajectory - x: 0.000000, y: 0.000000, phi: 0.000000, v: 0.000000, w: 0.000000[0m
[0m[ INFO] [1748148859.503472755]: [1748148859.503] Robot state - x: 0.000000, y: 0.000000, phi: 0.000000[0m
[0m[ INFO] [1748148859.503604789]: [1748148859.504] Reference trajectory - x: 0.000000, y: 0.000000, phi: 0.000000, v: 0.000000, w: 0.000000[0m
[0m[ INFO] [1748148859.604229356]: [1748148859.604] Robot state - x: 0.000000, y: 0.000000, phi: 0.000000[0m
[0m[ INFO] [1748148859.604372942]: [1748148859.604] Reference trajectory - x: 0.000000, y: 0.000000, phi: 0.000000, v: 0.000000, w: 0.000000[0m
[0m[ INFO] [1748148859.716616316]: [1748148859.716] Robot state - x: 0.000000, y: 0.000000, phi: 0.000000[0m
[0m[ INFO] [1748148859.717110020]: [1748148859.717] Reference trajectory - x: 0.000000, y: 0.000000, phi: 0.000000, v: 0.000000, w: 0.000000[0m
[0m[ INFO] [1748148859.816744203]: [1748148859.816] Robot state - x: 0.000000, y: 0.000000, phi: 0.000000[0m
[0m[ INFO] [1748148859.817239730]: [1748148859.817] Reference trajectory - x: 0.000000, y: 0.000000, phi: 0.000000, v: 0.000000, w: 0.000000[0m
[0m[ INFO] [1748148859.903910220]: [1748148859.904] Robot state - x: 0.000000, y: 0.000000, phi: 0.000000[0m
[0m[ INFO] [1748148859.904010030]: [1748148859.904] Reference trajectory - x: 0.000000, y: 0.000000, phi: 0.000000, v: 0.000000, w: 0.000000[0m
[0m[ INFO] [1748148859.919591396]: Received reference trajectory - x: 0.000000, y: 0.000000, phi: 0.000000, v: 0.000043, w: 0.000000, line_no: 0[0m
[0m[ INFO] [1748148860.003714710]: [1748148860.004] Robot state - x: 0.000000, y: 0.000000, phi: 0.000000[0m
[0m[ INFO] [1748148860.003885240]: [1748148860.004] Reference trajectory - x: 0.000000, y: 0.000000, phi: 0.000000, v: 0.000000, w: 0.000000[0m
[0m[ INFO] [1748148860.003947129]: [1748148860.004] v: 0.000000, w: 0.000000[0m
[0m[ INFO] [1748148860.015198539]: Received reference trajectory - x: 0.345364, y: 0.000000, phi: 0.000000, v: 7.174448, w: 0.000000, line_no: 0[0m
[0m[ INFO] [1748148860.104914164]: [1748148860.105] Robot state - x: 0.000000, y: 0.000000, phi: 0.000000[0m
[0m[ INFO] [1748148860.105308282]: [1748148860.105] Reference trajectory - x: 0.000345, y: 0.000000, phi: 0.000000, v: 0.007174, w: 0.000000[0m
[0m[ INFO] [1748148860.105357851]: [1748148860.105] v: 0.007440, w: 0.000000[0m
[0m[ INFO] [1748148860.115465082]: Received reference trajectory - x: 1.432896, y: 0.000000, phi: 0.000000, v: 14.564568, w: 0.000000, line_no: 0[0m
[0m[ INFO] [1748148860.205479431]: [1748148860.205] Robot state - x: 0.000000, y: 0.000000, phi: 0.000000[0m
[0m[ INFO] [1748148860.205577993]: [1748148860.206] Reference trajectory - x: 0.001433, y: 0.000000, phi: 0.000000, v: 0.014565, w: 0.000000[0m
[0m[ INFO] [1748148860.205622506]: [1748148860.206] v: 0.015671, w: 0.000000[0m
[0m[ INFO] [1748148860.215455397]: Received reference trajectory - x: 3.256320, y: 0.000000, phi: 0.000000, v: 21.881878, w: 0.000000, line_no: 0[0m
[0m[ INFO] [1748148860.303446418]: [1748148860.303] Robot state - x: 0.000000, y: 0.000000, phi: 0.000000[0m
[0m[ INFO] [1748148860.303569812]: [1748148860.304] Reference trajectory - x: 0.003256, y: 0.000000, phi: 0.000000, v: 0.021882, w: 0.000000[0m
[0m[ INFO] [1748148860.303616181]: [1748148860.304] v: 0.024412, w: 0.000000[0m
[0m[ INFO] [1748148860.315031945]: Received reference trajectory - x: 5.806086, y: 0.000000, phi: 0.000000, v: 29.119633, w: 0.000000, line_no: 0[0m
[0m[ INFO] [1748148860.403117240]: [1748148860.403] Robot state - x: 0.000000, y: 0.000000, phi: 0.000000[0m
[0m[ INFO] [1748148860.403207993]: [1748148860.403] Reference trajectory - x: 0.005806, y: 0.000000, phi: 0.000000, v: 0.029120, w: 0.000000[0m
[0m[ INFO] [1748148860.403251834]: [1748148860.403] v: 0.033660, w: 0.000000[0m
[0m[ INFO] [1748148860.415012212]: Received reference trajectory - x: 9.076684, y: 0.000000, phi: 0.000000, v: 36.284542, w: 0.000000, line_no: 0[0m
[0m[ INFO] [1748148860.504709820]: [1748148860.505] Robot state - x: 0.000000, y: 0.000000, phi: 0.000000[0m
[0m[ INFO] [1748148860.504817662]: [1748148860.505] Reference trajectory - x: 0.009077, y: 0.000000, phi: 0.000000, v: 0.036285, w: 0.000000[0m
[0m[ INFO] [1748148860.504863999]: [1748148860.505] v: 0.043429, w: 0.000000[0m
[0m[ INFO] [1748148860.515327204]: Received reference trajectory - x: 13.062331, y: 0.000000, phi: 0.000000, v: 43.378292, w: 0.000000, line_no: 0[0m
[0m[ INFO] [1748148860.604184159]: [1748148860.604] Robot state - x: 0.000000, y: 0.000000, phi: 0.000000[0m
[0m[ INFO] [1748148860.604321697]: [1748148860.604] Reference trajectory - x: 0.013062, y: 0.000000, phi: 0.000000, v: 0.043378, w: 0.000000[0m
[0m[ INFO] [1748148860.604376610]: [1748148860.604] v: 0.053729, w: 0.000000[0m
[0m[ INFO] [1748148860.615245741]: Received reference trajectory - x: 17.751123, y: 0.000000, phi: 0.000000, v: 50.393085, w: 0.000000, line_no: 0[0m
[0m[ INFO] [1748148860.703550912]: [1748148860.703] Robot state - x: 0.000000, y: 0.000000, phi: 0.000000[0m
[0m[ INFO] [1748148860.703653025]: [1748148860.704] Reference trajectory - x: 0.017751, y: 0.000000, phi: 0.000000, v: 0.050393, w: 0.000000[0m
[0m[ INFO] [1748148860.703698338]: [1748148860.704] v: 0.064553, w: 0.000000[0m
[0m[ INFO] [1748148860.716385834]: Received reference trajectory - x: 23.194536, y: 0.000000, phi: 0.000000, v: 57.401417, w: 0.000000, line_no: 0[0m
[0m[ INFO] [1748148860.803546603]: [1748148860.803] Robot state - x: 0.000606, y: 0.000002, phi: 0.005636[0m
[0m[ INFO] [1748148860.803678637]: [1748148860.804] Reference trajectory - x: 0.023195, y: 0.000000, phi: 0.000000, v: 0.057401, w: 0.000000[0m
[0m[ INFO] [1748148860.803725421]: [1748148860.804] v: 0.075558, w: -0.005421[0m
[0m[ INFO] [1748148860.815320932]: Received reference trajectory - x: 29.214237, y: 0.000000, phi: 0.000000, v: 64.197731, w: 0.000000, line_no: 0[0m
[0m[ INFO] [1748148860.903427476]: [1748148860.903] Robot state - x: 0.002222, y: 0.000005, phi: 0.009393[0m
[0m[ INFO] [1748148860.903524437]: [1748148860.903] Reference trajectory - x: 0.029214, y: 0.000000, phi: 0.000000, v: 0.064198, w: 0.000000[0m
[0m[ INFO] [1748148860.903798906]: [1748148860.904] v: 0.086095, w: -0.009037[0m
[0m[ INFO] [1748148860.915451698]: Received reference trajectory - x: 35.976460, y: 0.000000, phi: 0.000000, v: 70.990326, w: 0.000000, line_no: 0[0m
[0m[ INFO] [1748148861.003274108]: [1748148861.003] Robot state - x: 0.004039, y: 0.000010, phi: 0.003757[0m
[0m[ INFO] [1748148861.003410910]: [1748148861.003] Reference trajectory - x: 0.035976, y: 0.000000, phi: 0.000000, v: 0.070990, w: 0.000000[0m
[0m[ INFO] [1748148861.003464479]: [1748148861.003] v: 0.097114, w: -0.003624[0m
[0m[ INFO] [1748148861.015559262]: Received reference trajectory - x: 43.410042, y: 0.000000, phi: 0.000000, v: 77.704124, w: 0.000000, line_no: 0[0m
[0m[ INFO] [1748148861.103525514]: [1748148861.103] Robot state - x: 0.005655, y: 0.000028, phi: 0.007515[0m
[0m[ INFO] [1748148861.103623595]: [1748148861.104] Reference trajectory - x: 0.043410, y: 0.000000, phi: 0.000000, v: 0.077704, w: 0.000000[0m
[0m[ INFO] [1748148861.103668460]: [1748148861.104] v: 0.108802, w: -0.007258[0m
[0m[ INFO] [1748148861.115247394]: Received reference trajectory - x: 51.512756, y: 0.000000, phi: 0.000000, v: 84.344261, w: 0.000000, line_no: 0[0m
[0m[ INFO] [1748148861.203306031]: [1748148861.203] Robot state - x: 0.007068, y: 0.000035, phi: 0.009393[0m
[0m[ INFO] [1748148861.203401169]: [1748148861.203] Reference trajectory - x: 0.051513, y: 0.000000, phi: 0.000000, v: 0.084344, w: 0.000000[0m
[0m[ INFO] [1748148861.203449010]: [1748148861.203] v: 0.121179, w: -0.009072[0m
[0m[ INFO] [1748148861.215079881]: Received reference trajectory - x: 60.274097, y: 0.000000, phi: 0.000000, v: 90.908241, w: 0.000000, line_no: 0[0m
[0m[ INFO] [1748148861.304267112]: [1748148861.304] Robot state - x: 0.009694, y: 0.000052, phi: 0.007515[0m
[0m[ INFO] [1748148861.304358313]: [1748148861.304] Reference trajectory - x: 0.060274, y: 0.000000, phi: 0.000000, v: 0.090908, w: 0.000000[0m
[0m[ INFO] [1748148861.304409994]: [1748148861.304] v: 0.133159, w: -0.007286[0m
[0m[ INFO] [1748148861.316243333]: Received reference trajectory - x: 69.692802, y: 0.000000, phi: 0.000000, v: 97.400482, w: 0.000000, line_no: 0[0m
[0m[ INFO] [1748148861.403534118]: [1748148861.403] Robot state - x: 0.013329, y: 0.000093, phi: 0.011272[0m
[0m[ INFO] [1748148861.403693672]: [1748148861.404] Reference trajectory - x: 0.069693, y: 0.000000, phi: 0.000000, v: 0.097400, w: 0.000000[0m
[0m[ INFO] [1748148861.403802954]: [1748148861.404] v: 0.144895, w: -0.010946[0m
[0m[ INFO] [1748148861.415387777]: Received reference trajectory - x: 79.753349, y: 0.000000, phi: 0.000000, v: 103.815323, w: 0.000000, line_no: 0[0m
[0m[ INFO] [1748148861.506642752]: [1748148861.507] Robot state - x: 0.017974, y: 0.000132, phi: 0.013151[0m
[0m[ INFO] [1748148861.506732962]: [1748148861.507] Reference trajectory - x: 0.079753, y: 0.000000, phi: 0.000000, v: 0.103815, w: 0.000000[0m
[0m[ INFO] [1748148861.506775426]: [1748148861.507] v: 0.156362, w: -0.012798[0m
[0m[ INFO] [1748148861.515298281]: Received reference trajectory - x: 90.451744, y: 0.000000, phi: 0.000000, v: 110.155289, w: 0.000000, line_no: 0[0m
[0m[ INFO] [1748148861.614518406]: [1748148861.614] Robot state - x: 0.023426, y: 0.000189, phi: 0.011272[0m
[0m[ INFO] [1748148861.614614759]: [1748148861.615] Reference trajectory - x: 0.090452, y: 0.000000, phi: 0.000000, v: 0.110155, w: 0.000000[0m
[0m[ INFO] [1748148861.614724297]: [1748148861.615] v: 0.167709, w: -0.011058[0m
[0m[ INFO] [1748148861.616242753]: Received reference trajectory - x: 101.780403, y: 0.000000, phi: 0.000000, v: 116.420288, w: 0.000000, line_no: 0[0m
[0m[ INFO] [1748148861.705718597]: [1748148861.706] Robot state - x: 0.029687, y: 0.000277, phi: 0.013151[0m
[0m[ INFO] [1748148861.705916232]: [1748148861.706] Reference trajectory - x: 0.101780, y: 0.000000, phi: 0.000000, v: 0.116420, w: 0.000000[0m
[0m[ INFO] [1748148861.705986313]: [1748148861.706] v: 0.178928, w: -0.012968[0m
[0m[ INFO] [1748148861.715337052]: Received reference trajectory - x: 113.732063, y: 0.000000, phi: 0.000000, v: 122.610451, w: 0.000000, line_no: 0[0m
[0m[ INFO] [1748148861.804190678]: [1748148861.804] Robot state - x: 0.036553, y: 0.000354, phi: 0.013151[0m
[0m[ INFO] [1748148861.804316920]: [1748148861.804] Reference trajectory - x: 0.113732, y: 0.000000, phi: 0.000000, v: 0.122610, w: 0.000000[0m
[0m[ INFO] [1748148861.804389913]: [1748148861.804] v: 0.190165, w: -0.013061[0m
[0m[ INFO] [1748148861.818582937]: Received reference trajectory - x: 126.310783, y: 0.000000, phi: 0.000000, v: 128.731201, w: 0.000000, line_no: 0[0m
[0m[ INFO] [1748148861.904897386]: [1748148861.905] Robot state - x: 0.044429, y: 0.000450, phi: 0.011272[0m
[0m[ INFO] [1748148861.905011660]: [1748148861.905] Reference trajectory - x: 0.126311, y: 0.000000, phi: 0.000000, v: 0.128731, w: 0.000000[0m
[0m[ INFO] [1748148861.905086029]: [1748148861.905] v: 0.201119, w: -0.011370[0m
[0m[ INFO] [1748148861.915719861]: Received reference trajectory - x: 139.478516, y: 0.000000, phi: 0.000000, v: 134.767975, w: 0.000000, line_no: 0[0m
[0m[ INFO] [1748148862.005511869]: [1748148862.005] Robot state - x: 0.052910, y: 0.000562, phi: 0.011272[0m
[0m[ INFO] [1748148862.005687552]: [1748148862.006] Reference trajectory - x: 0.139479, y: 0.000000, phi: 0.000000, v: 0.134768, w: 0.000000[0m
[0m[ INFO] [1748148862.005752321]: [1748148862.006] v: 0.212051, w: -0.011504[0m
[0m[ INFO] [1748148862.015579836]: Received reference trajectory - x: 153.252365, y: 0.000000, phi: 0.000000, v: 140.732605, w: 0.000000, line_no: 0[0m
[0m[ INFO] [1748148862.103446021]: [1748148862.103] Robot state - x: 0.062805, y: 0.000683, phi: 0.013151[0m
[0m[ INFO] [1748148862.103532134]: [1748148862.104] Reference trajectory - x: 0.153252, y: 0.000000, phi: 0.000000, v: 0.140733, w: 0.000000[0m
[0m[ INFO] [1748148862.103575751]: [1748148862.104] v: 0.222364, w: -0.013457[0m
[0m[ INFO] [1748148862.115181918]: Received reference trajectory - x: 167.622681, y: 0.000000, phi: 0.000000, v: 146.623764, w: 0.000000, line_no: 0[0m
[0m[ INFO] [1748148862.204326971]: [1748148862.204] Robot state - x: 0.073509, y: 0.000793, phi: 0.011272[0m
[0m[ INFO] [1748148862.204512733]: [1748148862.204] Reference trajectory - x: 0.167623, y: 0.000000, phi: 0.000000, v: 0.146624, w: 0.000000[0m
[0m[ INFO] [1748148862.204622815]: [1748148862.205] v: 0.232503, w: -0.011788[0m
[0m[ INFO] [1748148862.215254055]: Received reference trajectory - x: 182.574234, y: 0.000000, phi: 0.000000, v: 152.438324, w: 0.000000, line_no: 0[0m
[0m[ INFO] [1748148862.304820586]: [1748148862.305] Robot state - x: 0.085020, y: 0.000934, phi: 0.009393[0m
[0m[ INFO] [1748148862.304950924]: [1748148862.305] Reference trajectory - x: 0.182574, y: 0.000000, phi: 0.000000, v: 0.152438, w: 0.000000[0m
[0m[ INFO] [1748148862.304995725]: [1748148862.305] v: 0.242449, w: -0.010154[0m
[0m[ INFO] [1748148862.315479218]: Received reference trajectory - x: 198.135239, y: 0.000000, phi: 0.000000, v: 158.189392, w: 0.000000, line_no: 0[0m
[0m[ INFO] [1748148862.403278554]: [1748148862.403] Robot state - x: 0.097742, y: 0.001089, phi: 0.011272[0m
[0m[ INFO] [1748148862.403457149]: [1748148862.403] Reference trajectory - x: 0.198135, y: 0.000000, phi: 0.000000, v: 0.158189, w: 0.000000[0m
[0m[ INFO] [1748148862.403533118]: [1748148862.404] v: 0.251923, w: -0.012152[0m
[0m[ INFO] [1748148862.415182869]: Received reference trajectory - x: 214.207397, y: 0.000000, phi: 0.000000, v: 163.844116, w: 0.000000, line_no: 0[0m
[0m[ INFO] [1748148862.505904235]: [1748148862.506] Robot state - x: 0.110869, y: 0.001200, phi: 0.009393[0m
[0m[ INFO] [1748148862.506000268]: [1748148862.506] Reference trajectory - x: 0.214207, y: 0.000000, phi: 0.000000, v: 0.163844, w: 0.000000[0m
[0m[ INFO] [1748148862.506043277]: [1748148862.506] v: 0.261428, w: -0.010490[0m
[0m[ INFO] [1748148862.515348384]: Received reference trajectory - x: 230.873550, y: 0.000000, phi: 0.000000, v: 169.435059, w: 0.000000, line_no: 0[0m
[0m[ INFO] [1748148862.603332554]: [1748148862.603] Robot state - x: 0.125207, y: 0.001375, phi: 0.011272[0m
[0m[ INFO] [1748148862.603605679]: [1748148862.604] Reference trajectory - x: 0.230874, y: 0.000000, phi: 0.000000, v: 0.169435, w: 0.000000[0m
[0m[ INFO] [1748148862.604706656]: [1748148862.605] v: 0.270442, w: -0.012514[0m
[0m[ INFO] [1748148862.615525322]: Received reference trajectory - x: 248.099182, y: 0.000000, phi: 0.000000, v: 174.952255, w: 0.000000, line_no: 0[0m
[0m[ INFO] [1748148862.703970876]: [1748148862.704] Robot state - x: 0.140151, y: 0.001516, phi: 0.011272[0m
[0m[ INFO] [1748148862.704065022]: [1748148862.704] Reference trajectory - x: 0.248099, y: 0.000000, phi: 0.000000, v: 0.174952, w: 0.000000[0m
[0m[ INFO] [1748148862.704107646]: [1748148862.704] v: 0.279382, w: -0.012696[0m
[0m[ INFO] [1748148862.715346479]: Received reference trajectory - x: 265.866669, y: 0.000000, phi: 0.000000, v: 180.392517, w: 0.000000, line_no: 0[0m
[0m[ INFO] [1748148862.803906979]: [1748148862.804] Robot state - x: 0.155701, y: 0.001706, phi: 0.013151[0m
[0m[ INFO] [1748148862.804026149]: [1748148862.804] Reference trajectory - x: 0.265867, y: 0.000000, phi: 0.000000, v: 0.180393, w: 0.000000[0m
[0m[ INFO] [1748148862.804070470]: [1748148862.804] v: 0.288233, w: -0.014743[0m
[0m[ INFO] [1748148862.815190549]: Received reference trajectory - x: 284.169952, y: 0.000000, phi: 0.000000, v: 185.756500, w: 0.000000, line_no: 0[0m
[0m[ INFO] [1748148862.903143327]: [1748148862.903] Robot state - x: 0.172463, y: 0.001879, phi: 0.011272[0m
[0m[ INFO] [1748148862.903239712]: [1748148862.903] Reference trajectory - x: 0.284170, y: 0.000000, phi: 0.000000, v: 0.185757, w: 0.000000[0m
[0m[ INFO] [1748148862.903282689]: [1748148862.903] v: 0.296524, w: -0.013161[0m
[0m[ INFO] [1748148862.915505634]: Received reference trajectory - x: 303.010040, y: 0.000000, phi: 0.000000, v: 191.046707, w: 0.000000, line_no: 0[0m
[0m[ INFO] [1748148863.004085878]: [1748148863.004] Robot state - x: 0.190032, y: 0.002093, phi: 0.009393[0m
[0m[ INFO] [1748148863.004180151]: [1748148863.004] Reference trajectory - x: 0.303010, y: 0.000000, phi: 0.000000, v: 0.191047, w: 0.000000[0m
[0m[ INFO] [1748148863.004285369]: [1748148863.004] v: 0.304556, w: -0.011629[0m
[0m[ INFO] [1748148863.015275750]: Received reference trajectory - x: 322.371307, y: 0.000000, phi: 0.000000, v: 196.260849, w: 0.000000, line_no: 0[0m
[0m[ INFO] [1748148863.104758567]: [1748148863.105] Robot state - x: 0.208207, y: 0.002298, phi: 0.009393[0m
[0m[ INFO] [1748148863.104850152]: [1748148863.105] Reference trajectory - x: 0.322371, y: 0.000000, phi: 0.000000, v: 0.196261, w: 0.000000[0m
[0m[ INFO] [1748148863.104892297]: [1748148863.105] v: 0.312468, w: -0.011896[0m
[0m[ INFO] [1748148863.116168410]: Received reference trajectory - x: 342.262329, y: 0.000000, phi: 0.000000, v: 201.403122, w: 0.000000, line_no: 0[0m
[0m[ INFO] [1748148863.211093809]: [1748148863.211] Robot state - x: 0.226989, y: 0.002457, phi: 0.007515[0m
[0m[ INFO] [1748148863.211185426]: [1748148863.211] Reference trajectory - x: 0.342262, y: 0.000000, phi: 0.000000, v: 0.201403, w: 0.000000[0m
[0m[ INFO] [1748148863.211299764]: [1748148863.211] v: 0.320268, w: -0.010307[0m
[0m[ INFO] [1748148863.215206865]: Received reference trajectory - x: 362.654907, y: 0.000000, phi: 0.000000, v: 206.468109, w: 0.000000, line_no: 0[0m
[0m[ INFO] [1748148863.305133657]: [1748148863.305] Robot state - x: 0.246982, y: 0.002626, phi: 0.005636[0m
[0m[ INFO] [1748148863.305364669]: [1748148863.305] Reference trajectory - x: 0.362655, y: 0.000000, phi: 0.000000, v: 0.206468, w: 0.000000[0m
[0m[ INFO] [1748148863.305414686]: [1748148863.305] v: 0.327462, w: -0.008732[0m
[0m[ INFO] [1748148863.315933283]: Received reference trajectory - x: 383.556824, y: 0.000000, phi: 0.000000, v: 211.459686, w: 0.000000, line_no: 0[0m
[0m[ INFO] [1748148863.405138560]: [1748148863.405] Robot state - x: 0.268187, y: 0.002766, phi: 0.003757[0m
[0m[ INFO] [1748148863.406566294]: [1748148863.406] Reference trajectory - x: 0.383557, y: 0.000000, phi: 0.000000, v: 0.211460, w: 0.000000[0m
[0m[ INFO] [1748148863.407953580]: [1748148863.408] v: 0.334050, w: -0.007126[0m
[0m[ INFO] [1748148863.415717574]: Received reference trajectory - x: 404.956665, y: 0.000000, phi: 0.000000, v: 216.376740, w: 0.000000, line_no: 0[0m
[0m[ INFO] [1748148863.515232581]: Received reference trajectory - x: 426.821533, y: 0.000000, phi: 0.000000, v: 221.213745, w: 0.000000, line_no: 0[0m
[0m[ INFO] [1748148863.615379181]: Received reference trajectory - x: 449.177826, y: 0.000000, phi: 0.000000, v: 225.978317, w: 0.000000, line_no: 0[0m
[0m[ INFO] [1748148863.621172009]: [1748148863.621] Robot state - x: 0.290403, y: 0.002849, phi: -0.000000[0m
[0m[ INFO] [1748148863.621268234]: [1748148863.621] Reference trajectory - x: 0.449178, y: 0.000000, phi: 0.000000, v: 0.225978, w: 0.000000[0m
[0m[ INFO] [1748148863.621329355]: [1748148863.621] v: 0.383741, w: -0.003652[0m
[0m[ INFO] [1748148863.624349403]: [1748148863.624] Robot state - x: 0.312416, y: 0.002911, phi: -0.001879[0m
[0m[ INFO] [1748148863.624436284]: [1748148863.624] Reference trajectory - x: 0.449178, y: 0.000000, phi: 0.000000, v: 0.225978, w: 0.000000[0m
[0m[ INFO] [1748148863.624479581]: [1748148863.624] v: 0.369338, w: -0.001962[0m
[0m[ INFO] [1748148863.702896399]: [1748148863.703] Robot state - x: 0.335238, y: 0.002975, phi: -0.003757[0m
[0m[ INFO] [1748148863.703051954]: [1748148863.703] Reference trajectory - x: 0.449178, y: 0.000000, phi: 0.000000, v: 0.225978, w: 0.000000[0m
[0m[ INFO] [1748148863.703121843]: [1748148863.703] v: 0.353967, w: -0.000275[0m
[0m[ INFO] [1748148863.715086511]: Received reference trajectory - x: 472.010040, y: 0.000000, phi: 0.000000, v: 230.668594, w: 0.000000, line_no: 0[0m
[0m[ INFO] [1748148863.812881651]: [1748148863.813] Robot state - x: 0.358665, y: 0.002931, phi: -0.003757[0m
[0m[ INFO] [1748148863.813007061]: [1748148863.813] Reference trajectory - x: 0.472010, y: 0.000000, phi: 0.000000, v: 0.230669, w: 0.000000[0m
[0m[ INFO] [1748148863.813134903]: [1748148863.813] v: 0.360002, w: -0.000272[0m
[0m[ INFO] [1748148863.819366233]: Received reference trajectory - x: 495.323761, y: 0.000000, phi: 0.000000, v: 235.287033, w: 0.000000, line_no: 0[0m
[0m[ INFO] [1748148863.905579878]: [1748148863.905] Robot state - x: 0.383102, y: 0.002862, phi: -0.001879[0m
[0m[ INFO] [1748148863.905673832]: [1748148863.906] Reference trajectory - x: 0.495324, y: 0.000000, phi: 0.000000, v: 0.235287, w: 0.000000[0m
[0m[ INFO] [1748148863.905734697]: [1748148863.906] v: 0.365550, w: -0.002046[0m
[0m[ INFO] [1748148863.915926025]: Received reference trajectory - x: 519.121765, y: 0.000000, phi: 0.000000, v: 239.835220, w: 0.000000, line_no: 0[0m
[0m[ INFO] [1748148864.003265896]: [1748148864.003] Robot state - x: 0.408145, y: 0.002768, phi: -0.001879[0m
[0m[ INFO] [1748148864.003360042]: [1748148864.003] Reference trajectory - x: 0.519122, y: 0.000000, phi: 0.000000, v: 0.239835, w: 0.000000[0m
[0m[ INFO] [1748148864.003404554]: [1748148864.003] v: 0.370916, w: -0.001984[0m
[0m[ INFO] [1748148864.015180323]: Received reference trajectory - x: 543.273865, y: 0.000000, phi: 0.000000, v: 244.290451, w: 0.000000, line_no: 0[0m
[0m[ INFO] [1748148864.103035977]: [1748148864.103] Robot state - x: 0.435207, y: 0.002718, phi: -0.001879[0m
[0m[ INFO] [1748148864.103136107]: [1748148864.103] Reference trajectory - x: 0.543274, y: 0.000000, phi: 0.000000, v: 0.244290, w: 0.000000[0m
[0m[ INFO] [1748148864.103185548]: [1748148864.103] v: 0.374890, w: -0.001970[0m
[0m[ INFO] [1748148864.115297290]: Received reference trajectory - x: 567.924927, y: 0.000000, phi: 0.000000, v: 248.681183, w: 0.000000, line_no: 0[0m
[0m[ INFO] [1748148864.203883835]: [1748148864.204] Robot state - x: 0.460856, y: 0.002693, phi: -0.000000[0m
[0m[ INFO] [1748148864.204037918]: [1748148864.204] Reference trajectory - x: 0.567925, y: 0.000000, phi: 0.000000, v: 0.248681, w: 0.000000[0m
[0m[ INFO] [1748148864.204132127]: [1748148864.204] v: 0.380222, w: -0.003791[0m
[0m[ INFO] [1748148864.215300559]: Received reference trajectory - x: 593.011536, y: 0.000000, phi: 0.000000, v: 252.996948, w: 0.000000, line_no: 0[0m
[0m[ INFO] [1748148864.307567482]: [1748148864.307] Robot state - x: 0.487111, y: 0.002644, phi: -0.000000[0m
[0m[ INFO] [1748148864.307800286]: [1748148864.308] Reference trajectory - x: 0.593012, y: 0.000000, phi: 0.000000, v: 0.252997, w: 0.000000[0m
[0m[ INFO] [1748148864.307881823]: [1748148864.308] v: 0.385334, w: -0.003778[0m
[0m[ INFO] [1748148864.315457910]: Received reference trajectory - x: 618.524109, y: 0.000000, phi: 0.000000, v: 257.237396, w: 0.000000, line_no: 0[0m
[0m[ INFO] [1748148864.407013238]: [1748148864.406] Robot state - x: 0.515183, y: 0.002670, phi: 0.001879[0m
[0m[ INFO] [1748148864.407513022]: [1748148864.407] Reference trajectory - x: 0.618524, y: 0.000000, phi: 0.000000, v: 0.257237, w: 0.000000[0m
[0m[ INFO] [1748148864.407875460]: [1748148864.408] v: 0.389282, w: -0.005656[0m
[0m[ INFO] [1748148864.415690527]: Received reference trajectory - x: 644.454895, y: 0.000000, phi: 0.000000, v: 261.402496, w: 0.000000, line_no: 0[0m
[0m[ INFO] [1748148864.503489572]: [1748148864.503] Robot state - x: 0.543659, y: 0.002644, phi: -0.000000[0m
[0m[ INFO] [1748148864.503593317]: [1748148864.504] Reference trajectory - x: 0.644455, y: 0.000000, phi: 0.000000, v: 0.261402, w: 0.000000[0m
[0m[ INFO] [1748148864.503638726]: [1748148864.504] v: 0.393125, w: -0.003861[0m
[0m[ INFO] [1748148864.516022857]: Received reference trajectory - x: 670.924927, y: 0.000000, phi: 0.000000, v: 265.511932, w: 0.000000, line_no: 0[0m
[0m[ INFO] [1748148864.604831902]: [1748148864.605] Robot state - x: 0.572741, y: 0.002698, phi: -0.000000[0m
[0m[ INFO] [1748148864.605023393]: [1748148864.605] Reference trajectory - x: 0.670925, y: 0.000000, phi: 0.000000, v: 0.265512, w: 0.000000[0m
[0m[ INFO] [1748148864.605088066]: [1748148864.605] v: 0.396822, w: -0.003965[0m
[0m[ INFO] [1748148864.616925084]: Received reference trajectory - x: 697.551697, y: 0.000000, phi: 0.000000, v: 269.508423, w: 0.000000, line_no: 0[0m
[0m[ INFO] [1748148864.703355915]: [1748148864.703] Robot state - x: 0.602430, y: 0.002726, phi: 0.001879[0m
[0m[ INFO] [1748148864.703482349]: [1748148864.703] Reference trajectory - x: 0.697552, y: 0.000000, phi: 0.000000, v: 0.269508, w: 0.000000[0m
[0m[ INFO] [1748148864.703527022]: [1748148864.704] v: 0.400018, w: -0.005846[0m
[0m[ INFO] [1748148864.715665229]: Received reference trajectory - x: 724.699463, y: 0.000000, phi: 0.000000, v: 273.448730, w: 0.000000, line_no: 0[0m
[0m[ INFO] [1748148864.803724822]: [1748148864.804] Robot state - x: 0.632521, y: 0.002698, phi: -0.000000[0m
[0m[ INFO] [1748148864.803892472]: [1748148864.804] Reference trajectory - x: 0.724699, y: 0.000000, phi: 0.000000, v: 0.273449, w: 0.000000[0m
[0m[ INFO] [1748148864.803936409]: [1748148864.804] v: 0.403201, w: -0.004051[0m
[0m[ INFO] [1748148864.815160490]: Received reference trajectory - x: 752.235962, y: 0.000000, phi: 0.000000, v: 277.313812, w: 0.000000, line_no: 0[0m
[0m[ INFO] [1748148864.906654025]: [1748148864.907] Robot state - x: 0.663219, y: 0.002698, phi: -0.003757[0m
[0m[ INFO] [1748148864.906775050]: [1748148864.907] Reference trajectory - x: 0.752236, y: 0.000000, phi: 0.000000, v: 0.277314, w: 0.000000[0m
[0m[ INFO] [1748148864.906822059]: [1748148864.907] v: 0.406095, w: -0.000481[0m
[0m[ INFO] [1748148864.915366258]: Received reference trajectory - x: 780.195190, y: 0.000000, phi: 0.000000, v: 281.109283, w: 0.000000, line_no: 0[0m
[0m[ INFO] [1748148865.004344137]: [1748148865.004] Robot state - x: 0.694321, y: 0.002698, phi: -0.003757[0m
[0m[ INFO] [1748148865.004478667]: [1748148865.004] Reference trajectory - x: 0.780195, y: 0.000000, phi: 0.000000, v: 0.281109, w: 0.000000[0m
[0m[ INFO] [1748148865.004530732]: [1748148865.005] v: 0.408883, w: -0.000524[0m
[0m[ INFO] [1748148865.015332118]: Received reference trajectory - x: 808.454529, y: 0.000000, phi: 0.000000, v: 284.819672, w: 0.000000, line_no: 0[0m
[0m[ INFO] [1748148865.115272792]: Received reference trajectory - x: 837.131042, y: 0.000000, phi: 0.000000, v: 288.461578, w: 0.000000, line_no: 0[0m
[0m[ INFO] [1748148865.123886015]: [1748148865.124] Robot state - x: 0.726432, y: 0.002547, phi: -0.005636[0m
[0m[ INFO] [1748148865.123980929]: [1748148865.124] Reference trajectory - x: 0.837131, y: 0.000000, phi: 0.000000, v: 0.288462, w: 0.000000[0m
[0m[ INFO] [1748148865.124028514]: [1748148865.124] v: 0.436666, w: 0.001412[0m
[0m[ INFO] [1748148865.127272469]: [1748148865.127] Robot state - x: 0.709719, y: -0.025453, phi: 0.168897[0m
[0m[ INFO] [1748148865.127352566]: [1748148865.127] Reference trajectory - x: 0.837131, y: 0.000000, phi: 0.000000, v: 0.288462, w: 0.000000[0m
[0m[ INFO] [1748148865.127825629]: [1748148865.128] v: 0.451257, w: -0.134521[0m
[0m[ INFO] [1748148865.204060427]: [1748148865.204] Robot state - x: 0.742032, y: -0.025574, phi: 0.168897[0m
[0m[ INFO] [1748148865.204191341]: [1748148865.204] Reference trajectory - x: 0.837131, y: 0.000000, phi: 0.000000, v: 0.288462, w: 0.000000[0m
[0m[ INFO] [1748148865.204245422]: [1748148865.204] v: 0.428446, w: -0.133980[0m
[0m[ INFO] [1748148865.215255131]: Received reference trajectory - x: 866.145386, y: 0.000000, phi: 0.000000, v: 292.025665, w: 0.000000, line_no: 0[0m
[0m[ INFO] [1748148865.305650535]: [1748148865.306] Robot state - x: 0.774080, y: -0.020078, phi: 0.170776[0m
[0m[ INFO] [1748148865.305740745]: [1748148865.306] Reference trajectory - x: 0.866145, y: 0.000000, phi: 0.000000, v: 0.292026, w: 0.000000[0m
[0m[ INFO] [1748148865.305782921]: [1748148865.306] v: 0.431183, w: -0.141646[0m
[0m[ INFO] [1748148865.309998860]: [1748148865.310] Robot state - x: 0.746080, y: 0.007922, phi: 0.345308[0m
[0m[ INFO] [1748148865.310092845]: [1748148865.310] Reference trajectory - x: 0.866145, y: 0.000000, phi: 0.000000, v: 0.292026, w: 0.000000[0m
[0m[ INFO] [1748148865.310136878]: [1748148865.310] v: 0.454151, w: -0.341053[0m
[0m[ INFO] [1748148865.315119772]: Received reference trajectory - x: 895.519592, y: 0.000000, phi: 0.000000, v: 295.515686, w: 0.000000, line_no: 0[0m
[0m[ INFO] [1748148865.325111129]: [1748148865.325] Robot state - x: 0.718080, y: -0.020078, phi: 0.170776[0m
[0m[ INFO] [1748148865.325197883]: [1748148865.325] Reference trajectory - x: 0.895520, y: 0.000000, phi: 0.000000, v: 0.295516, w: 0.000000[0m
[0m[ INFO] [1748148865.325241051]: [1748148865.325] v: 0.503619, w: -0.141454[0m
[0m[ INFO] [1748148865.404153779]: [1748148865.404] Robot state - x: 0.750127, y: -0.014583, phi: 0.172654[0m
[0m[ INFO] [1748148865.404254485]: [1748148865.404] Reference trajectory - x: 0.895520, y: 0.000000, phi: 0.000000, v: 0.295516, w: 0.000000[0m
[0m[ INFO] [1748148865.404297621]: [1748148865.404] v: 0.481803, w: -0.149207[0m
[0m[ INFO] [1748148865.414988349]: Received reference trajectory - x: 925.240417, y: 0.000000, phi: 0.000000, v: 298.930847, w: 0.000000, line_no: 0[0m
[0m[ INFO] [1748148865.506085045]: [1748148865.506] Robot state - x: 0.783563, y: -0.008816, phi: 0.172654[0m
[0m[ INFO] [1748148865.506185590]: [1748148865.506] Reference trajectory - x: 0.925240, y: 0.000000, phi: 0.000000, v: 0.298931, w: 0.000000[0m
[0m[ INFO] [1748148865.506230039]: [1748148865.506] v: 0.484663, w: -0.155549[0m
[0m[ INFO] [1748148865.506509179]: [1748148865.506] Robot state - x: 0.755563, y: 0.019184, phi: -0.001879[0m
[0m[ INFO] [1748148865.506576253]: [1748148865.507] Reference trajectory - x: 0.925240, y: 0.000000, phi: 0.000000, v: 0.298931, w: 0.000000[0m
[0m[ INFO] [1748148865.506652222]: [1748148865.507] v: 0.508415, w: -0.019517[0m
[0m[ INFO] [1748148865.515584362]: Received reference trajectory - x: 955.303223, y: 0.000000, phi: 0.000000, v: 302.271484, w: 0.000000, line_no: 0[0m
[0m[ INFO] [1748148865.520896286]: [1748148865.521] Robot state - x: 0.730224, y: -0.008816, phi: 0.128910[0m
[0m[ INFO] [1748148865.520993695]: [1748148865.521] Reference trajectory - x: 0.955303, y: 0.000000, phi: 0.000000, v: 0.302271, w: 0.000000[0m
[0m[ INFO] [1748148865.521220259]: [1748148865.521] v: 0.557003, w: -0.113654[0m
[0m[ INFO] [1748148865.603962551]: [1748148865.604] Robot state - x: 0.764251, y: -0.002915, phi: 0.127031[0m
[0m[ INFO] [1748148865.604091865]: [1748148865.604] Reference trajectory - x: 0.955303, y: 0.000000, phi: 0.000000, v: 0.302271, w: 0.000000[0m
[0m[ INFO] [1748148865.604135225]: [1748148865.604] v: 0.534419, w: -0.118435[0m
[0m[ INFO] [1748148865.615254152]: Received reference trajectory - x: 985.738892, y: 0.000000, phi: 0.000000, v: 305.541626, w: 0.000000, line_no: 0[0m
[0m[ INFO] [1748148865.700061085]: [1748148865.700] Robot state - x: 0.792251, y: -0.030915, phi: 0.045832[0m
[0m[ INFO] [1748148865.700159646]: [1748148865.700] Reference trajectory - x: 0.985739, y: 0.000000, phi: 0.000000, v: 0.305542, w: 0.000000[0m
[0m[ INFO] [1748148865.700209023]: [1748148865.700] v: 0.542581, w: -0.008402[0m
[0m[ INFO] [1748148865.706862120]: [1748148865.707] Robot state - x: 0.826512, y: -0.026572, phi: 0.040196[0m
[0m[ INFO] [1748148865.706962729]: [1748148865.707] Reference trajectory - x: 0.985739, y: 0.000000, phi: 0.000000, v: 0.305542, w: 0.000000[0m
[0m[ INFO] [1748148865.707006922]: [1748148865.707] v: 0.519318, w: -0.007445[0m
[0m[ INFO] [1748148865.713938071]: [1748148865.714] Robot state - x: 0.854512, y: -0.054572, phi: -0.134337[0m
[0m[ INFO] [1748148865.714072217]: [1748148865.714] Reference trajectory - x: 0.985739, y: 0.000000, phi: 0.000000, v: 0.305542, w: 0.000000[0m
[0m[ INFO] [1748148865.714120570]: [1748148865.714] v: 0.500324, w: 0.192699[0m
[0m[ INFO] [1748148865.715015496]: Received reference trajectory - x: 1016.412048, y: 0.000000, phi: 0.000000, v: 308.727753, w: 0.000000, line_no: 0[0m
[0m[ INFO] [1748148865.803641336]: [1748148865.804] Robot state - x: 0.894868, y: -0.052873, phi: -0.141851[0m
[0m[ INFO] [1748148865.803830715]: [1748148865.804] Reference trajectory - x: 1.016412, y: 0.000000, phi: 0.000000, v: 0.308728, w: 0.000000[0m
[0m[ INFO] [1748148865.803883228]: [1748148865.804] v: 0.498145, w: 0.198851[0m
[0m[ INFO] [1748148865.815331280]: Received reference trajectory - x: 1047.437622, y: 0.000000, phi: 0.000000, v: 311.842804, w: 0.000000, line_no: 0[0m
[0m[ INFO] [1748148865.907853982]: [1748148865.908] Robot state - x: 0.934876, y: -0.058434, phi: -0.149366[0m
[0m[ INFO] [1748148865.908024480]: [1748148865.908] Reference trajectory - x: 1.047438, y: 0.000000, phi: 0.000000, v: 0.311843, w: 0.000000[0m
[0m[ INFO] [1748148865.908112322]: [1748148865.908] v: 0.496282, w: 0.213250[0m
[0m[ INFO] [1748148865.915314451]: Received reference trajectory - x: 1078.773682, y: 0.000000, phi: 0.000000, v: 314.883118, w: 0.000000, line_no: 0[0m
[0m[ INFO] [1748148865.922308193]: [1748148865.922] Robot state - x: 0.962876, y: -0.030434, phi: 0.025167[0m
[0m[ INFO] [1748148865.922407234]: [1748148865.922] Reference trajectory - x: 1.078774, y: 0.000000, phi: 0.000000, v: 0.314883, w: 0.000000[0m
[0m[ INFO] [1748148865.922453603]: [1748148865.922] v: 0.503665, w: 0.014449[0m
[0m[ INFO] [1748148865.945050342]: [1748148865.945] Robot state - x: 0.956753, y: -0.058434, phi: 0.199700[0m
[0m[ INFO] [1748148865.945151592]: [1748148865.945] Reference trajectory - x: 1.078774, y: 0.000000, phi: 0.000000, v: 0.314883, w: 0.000000[0m
[0m[ INFO] [1748148865.945232329]: [1748148865.945] v: 0.510202, w: -0.120962[0m
[0m[ INFO] [1748148866.006026372]: [1748148866.006] Robot state - x: 0.998932, y: -0.064498, phi: 0.197821[0m
[0m[ INFO] [1748148866.006148518]: [1748148866.006] Reference trajectory - x: 1.078774, y: 0.000000, phi: 0.000000, v: 0.314883, w: 0.000000[0m
[0m[ INFO] [1748148866.006193095]: [1748148866.006] v: 0.479725, w: -0.111319[0m
[0m[ INFO] [1748148866.015139187]: Received reference trajectory - x: 1110.408936, y: 0.000000, phi: 0.000000, v: 317.848358, w: 0.000000, line_no: 0[0m
[0m[ INFO] [1748148866.101730339]: [1748148866.102] Robot state - x: 1.026932, y: -0.036498, phi: 0.372354[0m
[0m[ INFO] [1748148866.101995207]: [1748148866.102] Reference trajectory - x: 1.110409, y: 0.000000, phi: 0.000000, v: 0.317848, w: 0.000000[0m
[0m[ INFO] [1748148866.102222154]: [1748148866.102] v: 0.486745, w: -0.310024[0m
[0m[ INFO] [1748148866.104024775]: [1748148866.104] Robot state - x: 1.068279, y: -0.028008, phi: 0.377990[0m
[0m[ INFO] [1748148866.104178537]: [1748148866.104] Reference trajectory - x: 1.110409, y: 0.000000, phi: 0.000000, v: 0.317848, w: 0.000000[0m
[0m[ INFO] [1748148866.104263626]: [1748148866.104] v: 0.456298, w: -0.324543[0m
[0m[ INFO] [1748148866.115408985]: Received reference trajectory - x: 1142.352905, y: 0.000000, phi: 0.000000, v: 320.740051, w: 0.000000, line_no: 0[0m
[0m[ INFO] [1748148866.132237090]: [1748148866.132] Robot state - x: 1.040279, y: -0.000008, phi: 0.552523[0m
[0m[ INFO] [1748148866.132332451]: [1748148866.132] Reference trajectory - x: 1.142353, y: 0.000000, phi: 0.000000, v: 0.320740, w: 0.000000[0m
[0m[ INFO] [1748148866.132632680]: [1748148866.133] v: 0.505911, w: -0.523825[0m
[0m[ INFO] [1748148866.203969512]: [1748148866.204] Robot state - x: 1.079237, y: 0.008068, phi: 0.565674[0m
[0m[ INFO] [1748148866.204087049]: [1748148866.204] Reference trajectory - x: 1.142353, y: 0.000000, phi: 0.000000, v: 0.320740, w: 0.000000[0m
[0m[ INFO] [1748148866.204168843]: [1748148866.204] v: 0.477594, w: -0.545674[0m
[0m[ INFO] [1748148866.215247449]: Received reference trajectory - x: 1174.570923, y: 0.000000, phi: 0.000000, v: 323.555664, w: 0.000000, line_no: 0[0m
[0m[ INFO] [1748148866.312702002]: [1748148866.313] Robot state - x: 1.113347, y: 0.029321, phi: 0.575067[0m
[0m[ INFO] [1748148866.312809876]: [1748148866.313] Reference trajectory - x: 1.174571, y: 0.000000, phi: 0.000000, v: 0.323556, w: 0.000000[0m
[0m[ INFO] [1748148866.312883285]: [1748148866.313] v: 0.479953, w: -0.579059[0m
[0m[ INFO] [1748148866.316359020]: Received reference trajectory - x: 1207.340088, y: 0.000000, phi: 0.000000, v: 326.318878, w: 0.000000, line_no: 0[0m
[0m[ INFO] [1748148866.415258140]: Received reference trajectory - x: 1239.828857, y: 0.000000, phi: 0.000000, v: 328.961517, w: 0.000000, line_no: 0[0m
[0m[ INFO] [1748148866.515285118]: Received reference trajectory - x: 1272.886475, y: 0.000000, phi: 0.000000, v: 331.554321, w: 0.000000, line_no: 0[0m
[0m[ INFO] [1748148866.616141614]: Received reference trajectory - x: 1306.174683, y: 0.000000, phi: 0.000000, v: 334.070099, w: 0.000000, line_no: 0[0m
[0m[ INFO] [1748148866.715134560]: Received reference trajectory - x: 1339.653076, y: 0.000000, phi: 0.000000, v: 336.506744, w: 0.000000, line_no: 0[0m
[0m[ INFO] [1748148866.815135073]: Received reference trajectory - x: 1373.418701, y: 0.000000, phi: 0.000000, v: 338.871887, w: 0.000000, line_no: 0[0m
[0m[ INFO] [1748148866.915123683]: Received reference trajectory - x: 1407.421509, y: 0.000000, phi: 0.000000, v: 341.162354, w: 0.000000, line_no: 0[0m
[0m[ INFO] [1748148867.015181830]: Received reference trajectory - x: 1441.651367, y: 0.000000, phi: 0.000000, v: 343.377899, w: 0.000000, line_no: 0[0m
[0m[ INFO] [1748148867.115268935]: Received reference trajectory - x: 1476.096802, y: 0.000000, phi: 0.000000, v: 345.518311, w: 0.000000, line_no: 0[0m
[0m[ INFO] [1748148867.215145413]: Received reference trajectory - x: 1510.756714, y: 0.000000, phi: 0.000000, v: 347.583984, w: 0.000000, line_no: 0[0m
[0m[ INFO] [1748148867.318837664]: Received reference trajectory - x: 1545.624268, y: 0.000000, phi: 0.000000, v: 349.574890, w: 0.000000, line_no: 0[0m
[0m[ INFO] [1748148867.415373162]: Received reference trajectory - x: 1580.671875, y: 0.000000, phi: 0.000000, v: 351.489929, w: 0.000000, line_no: 0[0m
[0m[ INFO] [1748148867.516797760]: Received reference trajectory - x: 1616.392578, y: 0.000000, phi: 0.000000, v: 353.354767, w: 0.000000, line_no: 0[0m
[0m[ INFO] [1748148867.615390378]: Received reference trajectory - x: 1651.337891, y: 0.000000, phi: 0.000000, v: 355.095856, w: 0.000000, line_no: 0[0m
[0m[ INFO] [1748148867.716311353]: Received reference trajectory - x: 1686.930176, y: 0.000000, phi: 0.000000, v: 356.786133, w: 0.000000, line_no: 0[0m
[0m[ INFO] [1748148867.815148071]: Received reference trajectory - x: 1722.681763, y: 0.000000, phi: 0.000000, v: 358.401154, w: 0.000000, line_no: 0[0m
[0m[ INFO] [1748148867.915114311]: Received reference trajectory - x: 1758.605225, y: 0.000000, phi: 0.000000, v: 359.941833, w: 0.000000, line_no: 0[0m
[0m[ INFO] [1748148868.015124903]: Received reference trajectory - x: 1794.666626, y: 0.000000, phi: 0.000000, v: 361.406952, w: 0.000000, line_no: 0[0m
[0m[ INFO] [1748148868.115818161]: Received reference trajectory - x: 1831.050781, y: 0.000000, phi: 0.000000, v: 362.803833, w: 0.000000, line_no: 0[0m
[0m[ INFO] [1748148868.215916305]: Received reference trajectory - x: 1867.223633, y: 0.000000, phi: 0.000000, v: 364.112793, w: 0.000000, line_no: 0[0m
[0m[ INFO] [1748148868.317526217]: Received reference trajectory - x: 1904.053589, y: 0.000000, phi: 0.000000, v: 365.364960, w: 0.000000, line_no: 0[0m
[0m[ INFO] [1748148868.415334597]: Received reference trajectory - x: 1940.292480, y: 0.000000, phi: 0.000000, v: 366.518677, w: 0.000000, line_no: 0[0m
[0m[ INFO] [1748148868.515373861]: Received reference trajectory - x: 1977.010620, y: 0.000000, phi: 0.000000, v: 367.609406, w: 0.000000, line_no: 0[0m
[0m[ INFO] [1748148868.615583783]: Received reference trajectory - x: 2013.826416, y: 0.000000, phi: 0.000000, v: 368.624878, w: 0.000000, line_no: 0[0m
[0m[ INFO] [1748148868.716354386]: Received reference trajectory - x: 2050.722412, y: 0.000000, phi: 0.000000, v: 369.564941, w: 0.000000, line_no: 0[0m
[0m[ INFO] [1748148868.815337441]: Received reference trajectory - x: 2087.724854, y: 0.000000, phi: 0.000000, v: 370.430389, w: 0.000000, line_no: 0[0m
[0m[ INFO] [1748148868.915437633]: Received reference trajectory - x: 2124.807373, y: 0.000000, phi: 0.000000, v: 371.220795, w: 0.000000, line_no: 0[0m
[0m[ INFO] [1748148869.015106906]: Received reference trajectory - x: 2161.963867, y: 0.000000, phi: 0.000000, v: 371.936188, w: 0.000000, line_no: 0[0m
[0m[ INFO] [1748148869.115171129]: Received reference trajectory - x: 2199.189941, y: 0.000000, phi: 0.000000, v: 372.576599, w: 0.000000, line_no: 0[0m
[0m[ INFO] [1748148869.215161942]: Received reference trajectory - x: 2236.480713, y: 0.000000, phi: 0.000000, v: 373.142059, w: 0.000000, line_no: 0[0m
[0m[ INFO] [1748148869.315113586]: Received reference trajectory - x: 2273.815918, y: 0.000000, phi: 0.000000, v: 373.632416, w: 0.000000, line_no: 0[0m
[0m[ INFO] [1748148869.418436259]: Received reference trajectory - x: 2311.254883, y: 0.000000, phi: 0.000000, v: 374.048401, w: 0.000000, line_no: 0[0m
[0m[ INFO] [1748148869.515297840]: Received reference trajectory - x: 2348.654297, y: 0.000000, phi: 0.000000, v: 374.388519, w: 0.000000, line_no: 0[0m
[0m[ INFO] [1748148869.619107560]: Received reference trajectory - x: 2386.144043, y: 0.000000, phi: 0.000000, v: 374.654114, w: 0.000000, line_no: 0[0m
[0m[ INFO] [1748148869.715136104]: Received reference trajectory - x: 2423.563477, y: 0.000000, phi: 0.000000, v: 374.844147, w: 0.000000, line_no: 0[0m
[0m[ INFO] [1748148869.815423561]: Received reference trajectory - x: 2461.050293, y: 0.000000, phi: 0.000000, v: 374.959534, w: 0.000000, line_no: 0[0m
[0m[ INFO] [1748148869.915095777]: Received reference trajectory - x: 2498.541260, y: 0.000000, phi: 0.000000, v: 374.999939, w: 0.000000, line_no: 0[0m
[0m[ INFO] [1748148870.017295617]: Received reference trajectory - x: 2536.120117, y: 0.000000, phi: 0.000000, v: 374.965210, w: 0.000000, line_no: 0[0m
[0m[ INFO] [1748148870.115219644]: Received reference trajectory - x: 2573.562012, y: 0.000000, phi: 0.000000, v: 374.855652, w: 0.000000, line_no: 0[0m
[0m[ INFO] [1748148870.215520541]: Received reference trajectory - x: 2611.022217, y: 0.000000, phi: 0.000000, v: 374.671112, w: 0.000000, line_no: 0[0m
[0m[ INFO] [1748148870.315062641]: Received reference trajectory - x: 2648.467773, y: 0.000000, phi: 0.000000, v: 374.411591, w: 0.000000, line_no: 0[0m
[0m[ INFO] [1748148870.415307665]: Received reference trajectory - x: 2685.893555, y: 0.000000, phi: 0.000000, v: 374.076996, w: 0.000000, line_no: 0[0m
[0m[ INFO] [1748148870.515084041]: Received reference trajectory - x: 2723.275391, y: 0.000000, phi: 0.000000, v: 373.667450, w: 0.000000, line_no: 0[0m
[0m[ INFO] [1748148870.615862737]: Received reference trajectory - x: 2760.680420, y: 0.000000, phi: 0.000000, v: 373.182007, w: 0.000000, line_no: 0[0m
[0m[ INFO] [1748148870.715209123]: Received reference trajectory - x: 2797.919189, y: 0.000000, phi: 0.000000, v: 372.623138, w: 0.000000, line_no: 0[0m
[0m[ INFO] [1748148870.816523155]: Received reference trajectory - x: 2835.200928, y: 0.000000, phi: 0.000000, v: 371.987640, w: 0.000000, line_no: 0[0m
[0m[ INFO] [1748148870.915292028]: Received reference trajectory - x: 2872.317139, y: 0.000000, phi: 0.000000, v: 371.278900, w: 0.000000, line_no: 0[0m
[0m[ INFO] [1748148871.017521882]: Received reference trajectory - x: 2909.447998, y: 0.000000, phi: 0.000000, v: 370.493347, w: 0.000000, line_no: 0[0m
[0m[ INFO] [1748148871.115162223]: Received reference trajectory - x: 2946.413574, y: 0.000000, phi: 0.000000, v: 369.634674, w: 0.000000, line_no: 0[0m
[0m[ INFO] [1748148871.215386349]: Received reference trajectory - x: 2983.320557, y: 0.000000, phi: 0.000000, v: 368.700348, w: 0.000000, line_no: 0[0m
[0m[ INFO] [1748148871.315409640]: Received reference trajectory - x: 3020.142090, y: 0.000000, phi: 0.000000, v: 367.690735, w: 0.000000, line_no: 0[0m
[0m[ INFO] [1748148871.415516452]: Received reference trajectory - x: 3056.859131, y: 0.000000, phi: 0.000000, v: 366.606079, w: 0.000000, line_no: 0[0m
[0m[ INFO] [1748148871.515183417]: Received reference trajectory - x: 3093.459961, y: 0.000000, phi: 0.000000, v: 365.446594, w: 0.000000, line_no: 0[0m
[0m[ INFO] [1748148871.617638810]: Received reference trajectory - x: 3129.977539, y: 0.000000, phi: 0.000000, v: 364.210785, w: 0.000000, line_no: 0[0m
[0m[ INFO] [1748148871.715256783]: Received reference trajectory - x: 3166.309814, y: 0.000000, phi: 0.000000, v: 362.902039, w: 0.000000, line_no: 0[0m
[0m[ INFO] [1748148871.817905138]: Received reference trajectory - x: 3202.612549, y: 0.000000, phi: 0.000000, v: 361.514252, w: 0.000000, line_no: 0[0m
[0m[ INFO] [1748148871.915202018]: Received reference trajectory - x: 3238.610107, y: 0.000000, phi: 0.000000, v: 360.057861, w: 0.000000, line_no: 0[0m
[0m[ INFO] [1748148872.015198108]: Received reference trajectory - x: 3274.535156, y: 0.000000, phi: 0.000000, v: 358.523438, w: 0.000000, line_no: 0[0m
[0m[ INFO] [1748148872.115182517]: Received reference trajectory - x: 3310.309082, y: 0.000000, phi: 0.000000, v: 356.913788, w: 0.000000, line_no: 0[0m
[0m[ INFO] [1748148872.215346096]: Received reference trajectory - x: 3345.917236, y: 0.000000, phi: 0.000000, v: 355.229156, w: 0.000000, line_no: 0[0m
[0m[ INFO] [1748148872.315120326]: Received reference trajectory - x: 3381.344727, y: 0.000000, phi: 0.000000, v: 353.469971, w: 0.000000, line_no: 0[0m
[0m[ INFO] [1748148872.415380355]: Received reference trajectory - x: 3416.645752, y: 0.000000, phi: 0.000000, v: 351.632996, w: 0.000000, line_no: 0[0m
[0m[ INFO] [1748148872.515446556]: Received reference trajectory - x: 3451.738525, y: 0.000000, phi: 0.000000, v: 349.721985, w: 0.000000, line_no: 0[0m
[0m[ INFO] [1748148872.616184929]: Received reference trajectory - x: 3486.546143, y: 0.000000, phi: 0.000000, v: 347.741058, w: 0.000000, line_no: 0[0m
[0m[ INFO] [1748148872.716691553]: Received reference trajectory - x: 3521.654785, y: 0.000000, phi: 0.000000, v: 345.654968, w: 0.000000, line_no: 0[0m
[0m[ INFO] [1748148872.815136130]: Received reference trajectory - x: 3555.680664, y: 0.000000, phi: 0.000000, v: 343.546844, w: 0.000000, line_no: 0[0m
[0m[ INFO] [1748148872.915248989]: Received reference trajectory - x: 3589.923096, y: 0.000000, phi: 0.000000, v: 341.337433, w: 0.000000, line_no: 0[0m
[0m[ INFO] [1748148873.015144276]: Received reference trajectory - x: 3623.939453, y: 0.000000, phi: 0.000000, v: 339.053101, w: 0.000000, line_no: 0[0m
[0m[ INFO] [1748148873.115148939]: Received reference trajectory - x: 3657.729004, y: 0.000000, phi: 0.000000, v: 336.693390, w: 0.000000, line_no: 0[0m
[0m[ INFO] [1748148873.215154306]: Received reference trajectory - x: 3691.278076, y: 0.000000, phi: 0.000000, v: 334.258759, w: 0.000000, line_no: 0[0m
[0m[ INFO] [1748148873.315170554]: Received reference trajectory - x: 3724.578369, y: 0.000000, phi: 0.000000, v: 331.749237, w: 0.000000, line_no: 0[0m
[0m[ INFO] [1748148873.415524439]: Received reference trajectory - x: 3757.631836, y: 0.000000, phi: 0.000000, v: 329.164093, w: 0.000000, line_no: 0[0m
[0m[ INFO] [1748148873.515412652]: Received reference trajectory - x: 3790.415039, y: 0.000000, phi: 0.000000, v: 326.504578, w: 0.000000, line_no: 0[0m
[0m[ INFO] [1748148873.615068318]: Received reference trajectory - x: 3822.922363, y: 0.000000, phi: 0.000000, v: 323.770569, w: 0.000000, line_no: 0[0m
[0m[ INFO] [1748148873.715089014]: Received reference trajectory - x: 3855.161133, y: 0.000000, phi: 0.000000, v: 320.960846, w: 0.000000, line_no: 0[0m
[0m[ INFO] [1748148873.815417522]: Received reference trajectory - x: 3887.132812, y: 0.000000, phi: 0.000000, v: 318.074524, w: 0.000000, line_no: 0[0m
[0m[ INFO] [1748148873.915363977]: Received reference trajectory - x: 3918.774902, y: 0.000000, phi: 0.000000, v: 315.116608, w: 0.000000, line_no: 0[0m
[0m[ INFO] [1748148874.015230078]: Received reference trajectory - x: 3950.133057, y: 0.000000, phi: 0.000000, v: 312.082245, w: 0.000000, line_no: 0[0m
[0m[ INFO] [1748148874.115133010]: Received reference trajectory - x: 3981.188721, y: 0.000000, phi: 0.000000, v: 308.972443, w: 0.000000, line_no: 0[0m
[0m[ INFO] [1748148874.215086600]: Received reference trajectory - x: 4011.926270, y: 0.000000, phi: 0.000000, v: 305.787964, w: 0.000000, line_no: 0[0m
[0m[ INFO] [1748148874.315334433]: Received reference trajectory - x: 4042.344727, y: 0.000000, phi: 0.000000, v: 302.528168, w: 0.000000, line_no: 0[0m
[0m[ INFO] [1748148874.415116852]: Received reference trajectory - x: 4072.429932, y: 0.000000, phi: 0.000000, v: 299.193756, w: 0.000000, line_no: 0[0m
[0m[ INFO] [1748148874.515536304]: Received reference trajectory - x: 4102.203125, y: 0.000000, phi: 0.000000, v: 295.781403, w: 0.000000, line_no: 0[0m
[0m[ INFO] [1748148874.615175168]: Received reference trajectory - x: 4131.585449, y: 0.000000, phi: 0.000000, v: 292.299469, w: 0.000000, line_no: 0[0m
[0m[ INFO] [1748148874.715409370]: Received reference trajectory - x: 4160.638184, y: 0.000000, phi: 0.000000, v: 288.739838, w: 0.000000, line_no: 0[0m
[0m[ INFO] [1748148874.815223789]: Received reference trajectory - x: 4189.353516, y: 0.000000, phi: 0.000000, v: 285.102356, w: 0.000000, line_no: 0[0m
[0m[ INFO] [1748148874.915149794]: Received reference trajectory - x: 4217.655762, y: 0.000000, phi: 0.000000, v: 281.395782, w: 0.000000, line_no: 0[0m
[0m[ INFO] [1748148875.015522141]: Received reference trajectory - x: 4245.621582, y: 0.000000, phi: 0.000000, v: 277.609192, w: 0.000000, line_no: 0[0m
[0m[ INFO] [1748148875.115430832]: Received reference trajectory - x: 4273.180176, y: 0.000000, phi: 0.000000, v: 273.751007, w: 0.000000, line_no: 0[0m
[0m[ INFO] [1748148875.215510150]: Received reference trajectory - x: 4300.361816, y: 0.000000, phi: 0.000000, v: 269.815948, w: 0.000000, line_no: 0[0m
[0m[ INFO] [1748148875.315133396]: Received reference trajectory - x: 4327.136230, y: 0.000000, phi: 0.000000, v: 265.807526, w: 0.000000, line_no: 0[0m
[0m[ INFO] [1748148875.417732273]: Received reference trajectory - x: 4353.564453, y: 0.000000, phi: 0.000000, v: 261.714874, w: 0.000000, line_no: 0[0m
[0m[ INFO] [1748148875.515112829]: Received reference trajectory - x: 4379.486816, y: 0.000000, phi: 0.000000, v: 257.561981, w: 0.000000, line_no: 0[0m
[0m[ INFO] [1748148875.615503031]: Received reference trajectory - x: 4405.035645, y: 0.000000, phi: 0.000000, v: 253.326706, w: 0.000000, line_no: 0[0m
[0m[ INFO] [1748148875.715043109]: Received reference trajectory - x: 4430.140625, y: 0.000000, phi: 0.000000, v: 249.019302, w: 0.000000, line_no: 0[0m
[0m[ INFO] [1748148875.817613121]: Received reference trajectory - x: 4454.862305, y: 0.000000, phi: 0.000000, v: 244.627838, w: 0.000000, line_no: 0[0m
[0m[ INFO] [1748148875.915307697]: Received reference trajectory - x: 4479.078613, y: 0.000000, phi: 0.000000, v: 240.172668, w: 0.000000, line_no: 0[0m
[0m[ INFO] [1748148876.015092930]: Received reference trajectory - x: 4502.853027, y: 0.000000, phi: 0.000000, v: 235.641281, w: 0.000000, line_no: 0[0m
[0m[ INFO] [1748148876.115092213]: Received reference trajectory - x: 4526.188477, y: 0.000000, phi: 0.000000, v: 231.031464, w: 0.000000, line_no: 0[0m
[0m[ INFO] [1748148876.215722546]: Received reference trajectory - x: 4549.063965, y: 0.000000, phi: 0.000000, v: 226.345688, w: 0.000000, line_no: 0[0m
[0m[ INFO] [1748148876.315256126]: Received reference trajectory - x: 4571.460938, y: 0.000000, phi: 0.000000, v: 221.586121, w: 0.000000, line_no: 0[0m
[0m[ INFO] [1748148876.415096526]: Received reference trajectory - x: 4593.373047, y: 0.000000, phi: 0.000000, v: 216.752731, w: 0.000000, line_no: 0[0m
[0m[ INFO] [1748148876.515337381]: Received reference trajectory - x: 4614.809570, y: 0.000000, phi: 0.000000, v: 211.841721, w: 0.000000, line_no: 0[0m
[0m[ INFO] [1748148876.615258551]: Received reference trajectory - x: 4635.739258, y: 0.000000, phi: 0.000000, v: 206.858582, w: 0.000000, line_no: 0[0m
[0m[ INFO] [1748148876.715030278]: Received reference trajectory - x: 4656.172363, y: 0.000000, phi: 0.000000, v: 201.799133, w: 0.000000, line_no: 0[0m
[0m[ INFO] [1748148876.815437279]: Received reference trajectory - x: 4676.134766, y: 0.000000, phi: 0.000000, v: 196.654327, w: 0.000000, line_no: 0[0m
[0m[ INFO] [1748148876.915372305]: Received reference trajectory - x: 4695.507324, y: 0.000000, phi: 0.000000, v: 191.453735, w: 0.000000, line_no: 0[0m
[0m[ INFO] [1748148877.015153665]: Received reference trajectory - x: 4714.386719, y: 0.000000, phi: 0.000000, v: 186.169861, w: 0.000000, line_no: 0[0m
[0m[ INFO] [1748148877.116169090]: Received reference trajectory - x: 4732.781250, y: 0.000000, phi: 0.000000, v: 180.796783, w: 0.000000, line_no: 0[0m
[0m[ INFO] [1748148877.215066466]: Received reference trajectory - x: 4750.547363, y: 0.000000, phi: 0.000000, v: 175.375290, w: 0.000000, line_no: 0[0m
[0m[ INFO] [1748148877.315260887]: Received reference trajectory - x: 4767.812012, y: 0.000000, phi: 0.000000, v: 169.865067, w: 0.000000, line_no: 0[0m
[0m[ INFO] [1748148877.415146503]: Received reference trajectory - x: 4784.521484, y: 0.000000, phi: 0.000000, v: 164.279999, w: 0.000000, line_no: 0[0m
[0m[ INFO] [1748148877.515209593]: Received reference trajectory - x: 4800.665527, y: 0.000000, phi: 0.000000, v: 158.620834, w: 0.000000, line_no: 0[0m
[0m[ INFO] [1748148877.615167530]: Received reference trajectory - x: 4816.242188, y: 0.000000, phi: 0.000000, v: 152.885986, w: 0.000000, line_no: 0[0m
[0m[ INFO] [1748148877.715262077]: Received reference trajectory - x: 4831.241699, y: 0.000000, phi: 0.000000, v: 147.076218, w: 0.000000, line_no: 0[0m
[0m[ INFO] [1748148877.815590387]: Received reference trajectory - x: 4845.653809, y: 0.000000, phi: 0.000000, v: 141.192276, w: 0.000000, line_no: 0[0m
[0m[ INFO] [1748148877.915458851]: Received reference trajectory - x: 4859.475586, y: 0.000000, phi: 0.000000, v: 135.232758, w: 0.000000, line_no: 0[0m
[0m[ INFO] [1748148878.015186512]: Received reference trajectory - x: 4872.698730, y: 0.000000, phi: 0.000000, v: 129.197830, w: 0.000000, line_no: 0[0m
[0m[ INFO] [1748148878.115136223]: Received reference trajectory - x: 4885.311523, y: 0.000000, phi: 0.000000, v: 123.089241, w: 0.000000, line_no: 0[0m
[0m[ INFO] [1748148878.215109935]: Received reference trajectory - x: 4897.312012, y: 0.000000, phi: 0.000000, v: 116.904564, w: 0.000000, line_no: 0[0m
[0m[ INFO] [1748148878.315117919]: Received reference trajectory - x: 4908.690430, y: 0.000000, phi: 0.000000, v: 110.644775, w: 0.000000, line_no: 0[0m
[0m[ INFO] [1748148878.415118351]: Received reference trajectory - x: 4919.437988, y: 0.000000, phi: 0.000000, v: 104.310593, w: 0.000000, line_no: 0[0m
[0m[ INFO] [1748148878.515155680]: Received reference trajectory - x: 4929.549805, y: 0.000000, phi: 0.000000, v: 97.900688, w: 0.000000, line_no: 0[0m
[0m[ INFO] [1748148878.615144400]: Received reference trajectory - x: 4939.017578, y: 0.000000, phi: 0.000000, v: 91.415108, w: 0.000000, line_no: 0[0m
[0m[ INFO] [1748148878.715124639]: Received reference trajectory - x: 4947.831055, y: 0.000000, phi: 0.000000, v: 84.856110, w: 0.000000, line_no: 0[0m
[0m[ INFO] [1748148878.815286930]: Received reference trajectory - x: 4955.985840, y: 0.000000, phi: 0.000000, v: 78.221436, w: 0.000000, line_no: 0[0m
[0m[ INFO] [1748148878.915102815]: Received reference trajectory - x: 4963.473145, y: 0.000000, phi: 0.000000, v: 71.511719, w: 0.000000, line_no: 0[0m
[0m[ INFO] [1748148879.015427252]: Received reference trajectory - x: 4970.284668, y: 0.000000, phi: 0.000000, v: 64.728058, w: 0.000000, line_no: 0[0m
[0m[ INFO] [1748148879.115196383]: Received reference trajectory - x: 4976.415527, y: 0.000000, phi: 0.000000, v: 57.868259, w: 0.000000, line_no: 0[0m
[0m[ INFO] [1748148879.215261263]: Received reference trajectory - x: 4981.859863, y: 0.000000, phi: 0.000000, v: 50.928356, w: 0.000000, line_no: 0[0m
[0m[ INFO] [1748148879.315303710]: Received reference trajectory - x: 4986.600098, y: 0.000000, phi: 0.000000, v: 43.923748, w: 0.000000, line_no: 0[0m
[0m[ INFO] [1748148879.415651506]: Received reference trajectory - x: 4990.638672, y: 0.000000, phi: 0.000000, v: 36.838924, w: 0.000000, line_no: 0[0m
[0m[ INFO] [1748148879.515139289]: Received reference trajectory - x: 4993.965332, y: 0.000000, phi: 0.000000, v: 29.679918, w: 0.000000, line_no: 0[0m
[0m[ INFO] [1748148879.617340778]: Received reference trajectory - x: 4996.574707, y: 0.000000, phi: 0.000000, v: 22.435946, w: 0.000000, line_no: 0[0m
[0m[ INFO] [1748148879.715160662]: Received reference trajectory - x: 4998.452637, y: 0.000000, phi: 0.000000, v: 15.131774, w: 0.000000, line_no: 0[0m
[0m[ INFO] [1748148879.817283110]: Received reference trajectory - x: 4999.597656, y: 0.000000, phi: 0.000000, v: 7.739417, w: 0.000000, line_no: 0[0m
[0m[ INFO] [1748148879.915056882]: Received reference trajectory - x: 4999.999512, y: 0.000000, phi: 0.000000, v: 0.291568, w: 0.000000, line_no: 0[0m
[0m[ INFO] [1748148882.722354355]: [1748148882.722] Robot state - x: 6.981466, y: 3.288070, phi: 0.462563[0m
[0m[ INFO] [1748148882.722408595]: [1748148882.722] Reference trajectory - x: 5.000000, y: 0.000000, phi: 0.000000, v: 0.000292, w: 0.000000[0m
[0m[ INFO] [1748148882.722446900]: [1748148882.722] v: -1.411726, w: -4.185863[0m
[0m[ INFO] [1748148882.802938929]: [1748148882.803] Robot state - x: 7.017632, y: 3.309442, phi: 0.379900[0m
[0m[ INFO] [1748148882.803082131]: [1748148882.803] Reference trajectory - x: 5.000000, y: 0.000000, phi: 0.000000, v: 0.000292, w: 0.000000[0m
[0m[ INFO] [1748148882.803138516]: [1748148882.803] v: -1.470841, w: -4.182735[0m
[0m[ INFO] [1748148882.902783065]: [1748148882.903] Robot state - x: 7.056070, y: 3.327363, phi: 0.327297[0m
[0m[ INFO] [1748148882.902879930]: [1748148882.903] Reference trajectory - x: 5.000000, y: 0.000000, phi: 0.000000, v: 0.000292, w: 0.000000[0m
[0m[ INFO] [1748148882.902925819]: [1748148882.903] v: -1.532275, w: -4.204912[0m
[0m[ INFO] [1748148883.013565034]: [1748148883.013] Robot state - x: 7.016909, y: 3.310562, phi: 0.378022[0m
[0m[ INFO] [1748148883.013662187]: [1748148883.014] Reference trajectory - x: 5.000000, y: 0.000000, phi: 0.000000, v: 0.000292, w: 0.000000[0m
[0m[ INFO] [1748148883.013708204]: [1748148883.014] v: -1.534697, w: -4.287143[0m
[0m[ INFO] [1748148883.103643769]: [1748148883.104] Robot state - x: 6.997792, y: 3.303445, phi: 0.436261[0m
[0m[ INFO] [1748148883.103781851]: [1748148883.104] Reference trajectory - x: 5.000000, y: 0.000000, phi: 0.000000, v: 0.000292, w: 0.000000[0m
[0m[ INFO] [1748148883.104005055]: [1748148883.104] v: -1.551900, w: -4.387370[0m
[0m[ INFO] [1748148883.204470639]: [1748148883.204] Robot state - x: 6.979062, y: 3.295367, phi: 0.494501[0m
[0m[ INFO] [1748148883.204566256]: [1748148883.205] Reference trajectory - x: 5.000000, y: 0.000000, phi: 0.000000, v: 0.000292, w: 0.000000[0m
[0m[ INFO] [1748148883.204614769]: [1748148883.205] v: -1.569098, w: -4.486391[0m
[0m[ INFO] [1748148883.303566346]: [1748148883.303] Robot state - x: 6.974341, y: 3.293068, phi: 0.528317[0m
[0m[ INFO] [1748148883.303719788]: [1748148883.304] Reference trajectory - x: 5.000000, y: 0.000000, phi: 0.000000, v: 0.000292, w: 0.000000[0m
[0m[ INFO] [1748148883.303837806]: [1748148883.304] v: -1.596763, w: -4.568388[0m
[0m[ INFO] [1748148883.403233358]: [1748148883.403] Robot state - x: 6.973272, y: 3.292497, phi: 0.520802[0m
[0m[ INFO] [1748148883.403341679]: [1748148883.403] Reference trajectory - x: 5.000000, y: 0.000000, phi: 0.000000, v: 0.000292, w: 0.000000[0m
[0m[ INFO] [1748148883.403384816]: [1748148883.403] v: -1.627158, w: -4.612580[0m
[0m[ INFO] [1748148883.643084967]: [1748148883.643] Robot state - x: 6.970122, y: 3.290683, phi: 0.509530[0m
[0m[ INFO] [1748148883.643179177]: [1748148883.643] Reference trajectory - x: 5.000000, y: 0.000000, phi: 0.000000, v: 0.000292, w: 0.000000[0m
[0m[ INFO] [1748148883.643222441]: [1748148883.643] v: -1.655938, w: -4.651732[0m
[0m[ INFO] [1748148883.647374185]: [1748148883.647] Robot state - x: 6.965563, y: 3.288078, phi: 0.505773[0m
[0m[ INFO] [1748148883.647488939]: [1748148883.647] Reference trajectory - x: 5.000000, y: 0.000000, phi: 0.000000, v: 0.000292, w: 0.000000[0m
[0m[ INFO] [1748148883.647567724]: [1748148883.648] v: -1.683586, w: -4.697181[0m
[0m[ INFO] [1748148883.703152391]: [1748148883.703] Robot state - x: 6.959078, y: 3.284366, phi: 0.503894[0m
[0m[ INFO] [1748148883.703283913]: [1748148883.703] Reference trajectory - x: 5.000000, y: 0.000000, phi: 0.000000, v: 0.000292, w: 0.000000[0m
[0m[ INFO] [1748148883.703326922]: [1748148883.703] v: -1.709682, w: -4.743133[0m
[0m[ INFO] [1748148883.804655079]: [1748148883.805] Robot state - x: 6.950044, y: 3.279419, phi: 0.494501[0m
[0m[ INFO] [1748148883.804861258]: [1748148883.805] Reference trajectory - x: 5.000000, y: 0.000000, phi: 0.000000, v: 0.000292, w: 0.000000[0m
[0m[ INFO] [1748148883.804980716]: [1748148883.805] v: -1.733717, w: -4.780392[0m
[0m[ INFO] [1748148883.906417739]: [1748148883.906] Robot state - x: 6.937981, y: 3.272856, phi: 0.483229[0m
[0m[ INFO] [1748148883.906568302]: [1748148883.907] Reference trajectory - x: 5.000000, y: 0.000000, phi: 0.000000, v: 0.000292, w: 0.000000[0m
[0m[ INFO] [1748148883.906616015]: [1748148883.907] v: -1.755281, w: -4.813925[0m
[0m[ INFO] [1748148884.008595574]: [1748148884.008] Robot state - x: 6.922817, y: 3.264808, phi: 0.470078[0m
[0m[ INFO] [1748148884.008773849]: [1748148884.009] Reference trajectory - x: 5.000000, y: 0.000000, phi: 0.000000, v: 0.000292, w: 0.000000[0m
[0m[ INFO] [1748148884.008931227]: [1748148884.009] v: -1.774273, w: -4.843857[0m
[0m[ INFO] [1748148884.103259883]: [1748148884.103] Robot state - x: 6.904334, y: 3.255264, phi: 0.456927[0m
[0m[ INFO] [1748148884.103600016]: [1748148884.104] Reference trajectory - x: 5.000000, y: 0.000000, phi: 0.000000, v: 0.000292, w: 0.000000[0m
[0m[ INFO] [1748148884.103649169]: [1748148884.104] v: -1.790476, w: -4.871955[0m
[0m[ INFO] [1748148884.208493923]: [1748148884.208] Robot state - x: 6.881986, y: 3.243962, phi: 0.453169[0m
[0m[ INFO] [1748148884.208728455]: [1748148884.209] Reference trajectory - x: 5.000000, y: 0.000000, phi: 0.000000, v: 0.000292, w: 0.000000[0m
[0m[ INFO] [1748148884.208795688]: [1748148884.209] v: -1.803416, w: -4.906930[0m
[0m[ INFO] [1748148884.303684833]: [1748148884.304] Robot state - x: 6.855960, y: 3.230985, phi: 0.464442[0m
[0m[ INFO] [174814888[0m[ INFO] [1748148859.914726391]: Reading trajectory coeffs[0m
[0m[ INFO] [1748148856.645034362]: [I2C FOR MOTORS] Now launching this node in namespace: /asc[0m
[0m[ INFO] [1748148856.667035895]: [I2C FOR MOTORS] publish motor duty cycle requests from command line with: rostopic pub --once /asc/set_motor_duty_cycle asclinic_pkg/LeftRightFloat32 "{left: 10.1, right: 10.1}"[0m
[0m[ INFO] [1748148856.667206266]: [I2C FOR MOTORS] Successfully opened named /dev/i2c-1, with file descriptor = 10[0m
[0m[ INFO] [1748148856.667331676]: [I2C FOR MOTORS] Actual acceleration limit = 0.0003125%/ms (after conversation to "internal units")[0m
[0m[ INFO] [1748148856.667401053]: [I2C FOR MOTORS] Actual deceleration limit = 0.0015625%/ms (after conversation to "internal units")[0m
[0m[ INFO] [1748148856.667464510]: [I2C FOR MOTORS] Now initialising SMC with I2C address 13[0m
[0m[ INFO] [1748148856.684576845]: [I2C FOR MOTORS] Now initialising SMC with I2C address 14[0m
[0m[ INFO] [1748148856.699920928]: [I2C FOR MOTORS] Node initialisation complete[0m
4.303879044]: [1748148884.304] Reference trajectory - x: 5.000000, y: 0.000000, phi: 0.000000, v: 0.000292, w: 0.000000[0m
[0m[ INFO] [1748148884.304144200]: [1748148884.304] v: -1.813177, w: -4.954268[0m
[0m[ INFO] [1748148884.404098607]: [1748148884.404] Robot state - x: 6.828850, y: 3.217466, phi: 0.483229[0m
[0m[ INFO] [1748148884.404269265]: [1748148884.404] Reference trajectory - x: 5.000000, y: 0.000000, phi: 0.000000, v: 0.000292, w: 0.000000[0m
[0m[ INFO] [1748148884.404337682]: [1748148884.404] v: -1.821694, w: -5.008008[0m
[0m[ INFO] [1748148884.503872531]: [1748148884.504] Robot state - x: 6.799681, y: 3.202647, phi: 0.494501[0m
[0m[ INFO] [1748148884.504003733]: [1748148884.504] Reference trajectory - x: 5.000000, y: 0.000000, phi: 0.000000, v: 0.000292, w: 0.000000[0m
[0m[ INFO] [1748148884.504050101]: [1748148884.504] v: -1.828200, w: -5.052826[0m
[0m[ INFO] [1748148884.609113483]: [1748148884.609] Robot state - x: 6.766160, y: 3.184816, phi: 0.505773[0m
[0m[ INFO] [1748148884.609912919]: [1748148884.610] Reference trajectory - x: 5.000000, y: 0.000000, phi: 0.000000, v: 0.000292, w: 0.000000[0m
[0m[ INFO] [1748148884.610376158]: [1748148884.610] v: -1.830902, w: -5.093977[0m
[0m[ INFO] [1748148884.703278072]: [1748148884.703] Robot state - x: 6.730128, y: 3.165257, phi: 0.511409[0m
[0m[ INFO] [1748148884.703369402]: [1748148884.703] Reference trajectory - x: 5.000000, y: 0.000000, phi: 0.000000, v: 0.000292, w: 0.000000[0m
[0m[ INFO] [1748148884.703409946]: [1748148884.703] v: -1.831144, w: -5.127458[0m
[0m[ INFO] [1748148884.805225694]: [1748148884.805] Robot state - x: 6.690471, y: 3.143488, phi: 0.503894[0m
[0m[ INFO] [1748148884.805320735]: [1748148884.805] Reference trajectory - x: 5.000000, y: 0.000000, phi: 0.000000, v: 0.000292, w: 0.000000[0m
[0m[ INFO] [1748148884.805362848]: [1748148884.805] v: -1.828032, w: -5.145467[0m
[0m[ INFO] [1748148884.904285623]: [1748148884.904] Robot state - x: 6.647363, y: 3.119614, phi: 0.492622[0m
[0m[ INFO] [1748148884.904415481]: [1748148884.904] Reference trajectory - x: 5.000000, y: 0.000000, phi: 0.000000, v: 0.000292, w: 0.000000[0m
[0m[ INFO] [1748148884.904485178]: [1748148884.904] v: -1.821641, w: -5.157119[0m
[0m[ INFO] [1748148885.010380028]: [1748148885.010] Robot state - x: 6.598399, y: 3.092976, phi: 0.481350[0m
[0m[ INFO] [1748148885.010472158]: [1748148885.010] Reference trajectory - x: 5.000000, y: 0.000000, phi: 0.000000, v: 0.000292, w: 0.000000[0m
[0m[ INFO] [1748148885.010516831]: [1748148885.010] v: -1.810069, w: -5.165242[0m

[ARUCO DETECTOR] Camera properties upon initialisation:
CV_CAP_PROP_FRAME_HEIGHT : '480.0'
CV_CAP_PROP_FRAME_WIDTH :  '640.0'
CAP_PROP_FPS :             '30.0'
CAP_PROP_FOCUS :           '0.0'
CAP_PROP_AUTOFOCUS :       '0.0'
CAP_PROP_BRIGHTNESS :      '128.0'
CAP_PROP_CONTRAST :        '128.0'
CAP_PROP_SATURATION :      '128.0'
CAP_PROP_BUFFERSIZE :      '4.0'

[ARUCO DETECTOR] Camera properties upon initialisation:
CV_CAP_PROP_FRAME_HEIGHT : '1080.0'
CV_CAP_PROP_FRAME_WIDTH :  '1920.0'
CAP_PROP_FPS :             '5.0'
CAP_PROP_FOCUS :           '0.0'
CAP_PROP_AUTOFOCUS :       '0.0'
CAP_PROP_BRIGHTNESS :      '128.0'
CAP_PROP_CONTRAST :        '128.0'
CAP_PROP_SATURATION :      '128.0'
CAP_PROP_BUFFERSIZE :      '1.0'
[INFO] [1748148859.886654]: [ARUCO DETECTOR] As a double check of the camera properties set, a frame captured just now has dimensions = (1080, 1920, 3)
[INFO] [1748148859.892229]: [ARUCO DETECTOR] publish request from command line to save a single camera image using: rostopic pub --once /asc/request_save_image std_msgs/UInt32 1
[INFO] [1748148859.896459]: [ARUCO DETECTOR] Node initialisation complete
... logging to /home/asc/.ros/log/0725ea1e-3922-11f0-8573-d8c0a650f677/roslaunch-asc12-jetson-15214.log
Checking log directory for disk usage. This may take a while.
Press Ctrl-C to interrupt
Done checking log file disk usage. Usage is <1GB.
]2;/home/asc/ASClinic/catkin_ws/src/asclinic_pkg/launch/trajectory.launch
[1mstarted roslaunch server http://asc12-jetson:41133/[0m

SUMMARY
========

PARAMETERS
 * /asc/aruco_detector/aruco_detector_desired_camera_fps: 5
 * /asc/aruco_detector/aruco_detector_desired_camera_frame_height: 1080
 * /asc/aruco_detector/aruco_detector_desired_camera_frame_width: 1920
 * /asc/aruco_detector/aruco_detector_marker_size: 0.25
 * /asc/aruco_detector/aruco_detector_save_image_path: /home/asc/saved_c...
 * /asc/aruco_detector/aruco_detector_should_publish_camera_images: False
 * /asc/aruco_detector/aruco_detector_should_save_all_aruco_images: False
 * /asc/aruco_detector/aruco_detector_should_show_camera_images: False
 * /asc/aruco_detector/aruco_detector_usb_camera_device_number: 0
 * /asc/aruco_detector/aruco_detector_verbosity: 1
 * /asc/encoder_read_multi_threaded/delta_t_for_publishing_encoder_counts: 0.1
 * /asc/encoder_read_multi_threaded/encoder_events_to_monitor: rising
 * /asc/encoder_read_multi_threaded/encoder_read_verbosity: 1
 * /asc/encoder_read_multi_threaded/gpio_chip_number_for_encoder_lines: 1
 * /asc/encoder_read_multi_threaded/line_number_for_left_side_encoder_channel_a: 105
 * /asc/encoder_read_multi_threaded/line_number_for_left_side_encoder_channel_b: 106
 * /asc/encoder_read_multi_threaded/line_number_for_right_side_encoder_channel_a: 84
 * /asc/encoder_read_multi_threaded/line_number_for_right_side_encoder_channel_b: 130
 * /asc/encoder_read_multi_threaded/should_monitor_left_side_encoder_channel_a: True
 * /asc/encoder_read_multi_threaded/should_monitor_left_side_encoder_channel_b: False
 * /asc/encoder_read_multi_threaded/should_monitor_right_side_encoder_channel_a: True
 * /asc/encoder_read_multi_threaded/should_monitor_right_side_encoder_channel_b: False
 * /asc/i2c_for_motors/motor_driver_current_limit_in_milliamps: 5000
 * /asc/i2c_for_motors/motor_driver_left_side_multiplier: 1
 * /asc/i2c_for_motors/motor_driver_max_accel_limit_in_percent_per_millisecond: 0.04
 * /asc/i2c_for_motors/motor_driver_max_decel_limit_in_percent_per_millisecond: 0.16
 * /asc/i2c_for_motors/motor_driver_max_duty_cycle_limit_in_percent: 100.0
 * /asc/i2c_for_motors/motor_driver_right_side_multiplier: 1
 * /asc/i2c_for_motors/motor_driver_verbosity: 1
 * /rosdistro: noetic
 * /rosversion: 1.17.0

NODES
  /
    aruco_positioning (asclinic_pkg/aruco_positioning.py)
    kf_fusion_node (asclinic_pkg/KF.py)
    odomdelta (asclinic_pkg/odomdelta)
    trajectory_generator (asclinic_pkg/trajectory_generator_state_space)
    trajectory_tracker (asclinic_pkg/trajectory_tracker_state_space)
    velocity_PI_control (asclinic_pkg/velocity_PI_control)
  /asc/
    aruco_detector (asclinic_pkg/aruco_detector.py)
    encoder_read_multi_threaded (asclinic_pkg/encoder_read_multi_threaded)
    i2c_for_motors (asclinic_pkg/i2c_for_motors)

[1mROS_MASTER_URI=http://localhost:11311[0m
]2;/home/asc/ASClinic/catkin_ws/src/asclinic_pkg/launch/trajectory.launch http://localhost:11311
[1mprocess[asc/i2c_for_motors-1]: started with pid [15256][0m
[1mprocess[asc/encoder_read_multi_threaded-2]: started with pid [15257][0m
[1mprocess[odomdelta-3]: started with pid [15258][0m
[1mprocess[asc/aruco_detector-4]: started with pid [15259][0m
[1mprocess[aruco_positioning-5]: started with pid [15260][0m
[1mprocess[trajectory_tracker-6]: started with pid [15261][0m
[1mprocess[trajectory_generator-7]: started with pid [15277][0m
[1mprocess[velocity_PI_control-8]: started with pid [15283][0m
[1mprocess[kf_fusion_node-9]: started with pid [15291][0m
[kf_fusion_node-9] killing on exit
[trajectory_generator-7] killing on exit
[trajectory_tracker-6] killing on exit
[aruco_positioning-5] killing on exit
[asc/aruco_detector-4] killing on exit
[odomdelta-3] killing on exit
[velocity_PI_control-8] killing on exit
[asc/encoder_read_multi_threaded-2] killing on exit
[asc/i2c_for_motors-1] killing on exit
shutting down processing monitor...
... shutting down processing monitor complete
[1mdone[0m
