[0m[ INFO] [1748136545.491549957]: K_x: [4.040000, 0.000000, 0.000000; 0.000000, 9.687000, 3.976000][0m
[0m[ INFO] [1748136545.491749221]: K_x: [1.701302, -0.000000, 0.000000; 0.000000, 2.776391, 1.914637][0m
[0m[ INFO] [1748136545.491783205]: K_p: [0.447214, 0.000000; 0.000000, 0.447214][0m
[0m[ INFO] [1748136547.378227671]: [1748136547.378] Robot state - x: 0.000000, y: 0.000000, phi: 0.000000[0m
[0m[ INFO] [1748136547.391480243]: [1748136547.391] Reference trajectory - x: 0.000000, y: 0.000000, phi: 0.000000, v: 0.000000, w: 0.000000[0m
[0m[ INFO] [1748136547.478252751]: [1748136547.478] Robot state - x: 0.000000, y: 0.000000, phi: 0.000000[0m
[0m[ INFO] [1748136547.478554831]: [1748136547.479] Reference trajectory - x: 0.000000, y: 0.000000, phi: 0.000000, v: 0.000000, w: 0.000000[0m
[0m[ INFO] [1748136547.578133606]: [1748136547.578] Robot state - x: 0.000000, y: 0.000000, phi: 0.000000[0m
[0m[ INFO] [1748136547.578688871]: [1748136547.579] Reference trajectory - x: 0.000000, y: 0.000000, phi: 0.000000, v: 0.000000, w: 0.000000[0m
[0m[ INFO] [1748136547.677816221]: [1748136547.677] Robot state - x: 0.000000, y: 0.000000, phi: 0.000000[0m
[0m[ INFO] [1748136547.678141438]: [1748136547.678] Reference trajectory - x: 0.000000, y: 0.000000, phi: 0.000000, v: 0.000000, w: 0.000000[0m
[0m[ INFO] [1748136547.777116628]: [1748136547.777] Robot state - x: 0.000000, y: 0.000000, phi: 0.000000[0m
[0m[ INFO] [1748136547.777504532]: [1748136547.777] Reference trajectory - x: 0.000000, y: 0.000000, phi: 0.000000, v: 0.000000, w: 0.000000[0m
[0m[ INFO] [1748136547.877532684]: [1748136547.877] Robot state - x: 0.000000, y: 0.000000, phi: 0.000000[0m
[0m[ INFO] [1748136547.877980941]: [1748136547.878] Reference trajectory - x: 0.000000, y: 0.000000, phi: 0.000000, v: 0.000000, w: 0.000000[0m
[0m[ INFO] [1748136547.971106358]: [1748136547.971] Robot state - x: 0.000000, y: 0.000000, phi: 0.000000[0m
[0m[ INFO] [1748136547.971223798]: [1748136547.971] Reference trajectory - x: 0.000000, y: 0.000000, phi: 0.000000, v: 0.000000, w: 0.000000[0m
[0m[ INFO] [1748136548.077906624]: [1748136548.077] Robot state - x: 0.000000, y: 0.000000, phi: 0.000000[0m
[0m[ INFO] [1748136548.078254209]: [1748136548.078] Reference trajectory - x: 0.000000, y: 0.000000, phi: 0.000000, v: 0.000000, w: 0.000000[0m
[0m[ INFO] [1748136548.171523470]: [1748136548.171] Robot state - x: 0.000000, y: 0.000000, phi: 0.000000[0m
[0m[ INFO] [1748136548.171655534]: [1748136548.172] Reference trajectory - x: 0.000000, y: 0.000000, phi: 0.000000, v: 0.000000, w: 0.000000[0m
[0m[ INFO] [1748136548.278601433]: [1748136548.278] Robot state - x: 0.000000, y: 0.000000, phi: 0.000000[0m
[0m[ INFO] [1748136548.279051130]: [1748136548.279] Reference trajectory - x: 0.000000, y: 0.000000, phi: 0.000000, v: 0.000000, w: 0.000000[0m
[0m[ INFO] [1748136548.378075508]: [1748136548.378] Robot state - x: 0.000000, y: 0.000000, phi: 0.000000[0m
[0m[ INFO] [1748136548.378611189]: [1748136548.378] Reference trajectory - x: 0.000000, y: 0.000000, phi: 0.000000, v: 0.000000, w: 0.000000[0m
[0m[ INFO] [1748136548.477268750]: [1748136548.477] Robot state - x: 0.000000, y: 0.000000, phi: 0.000000[0m
[0m[ INFO] [1748136548.477694639]: [1748136548.478] Reference trajectory - x: 0.000000, y: 0.000000, phi: 0.000000, v: 0.000000, w: 0.000000[0m
[0m[ INFO] [1748136548.571051549]: [1748136548.571] Robot state - x: 0.000000, y: 0.000000, phi: 0.000000[0m
[0m[ INFO] [1748136548.571248893]: [1748136548.571] Reference trajectory - x: 0.000000, y: 0.000000, phi: 0.000000, v: 0.000000, w: 0.000000[0m
[0m[ INFO] [1748136548.646872196]: Received reference trajectory - x: 0.000000, y: 0.000000, phi: 0.000000, v: 0.000098, w: 0.000000[0m
[0m[ INFO] [1748136548.677791272]: [1748136548.677] Robot state - x: 0.000000, y: 0.000000, phi: 0.000000[0m
[0m[ INFO] [1748136548.678059976]: [1748136548.678] Reference trajectory - x: 0.000000, y: 0.000000, phi: 0.000000, v: 0.000000, w: 0.000000[0m
[0m[ INFO] [1748136548.678198153]: [1748136548.678] v: 0.000000, w: 0.000000[0m
[0m[ INFO] [1748136548.735356806]: Received reference trajectory - x: 0.520633, y: 0.000000, phi: 0.000000, v: 11.736410, w: 0.000000[0m
[0m[ INFO] [1748136548.771302133]: [1748136548.771] Robot state - x: 0.000000, y: 0.000000, phi: 0.000000[0m
[0m[ INFO] [1748136548.771438934]: [1748136548.771] Reference trajectory - x: 0.000521, y: 0.000000, phi: 0.000000, v: 0.011736, w: 0.000000[0m
[0m[ INFO] [1748136548.771507318]: [1748136548.771] v: 0.012645, w: 0.000000[0m
[0m[ INFO] [1748136548.836744677]: Received reference trajectory - x: 2.351756, y: 0.000000, phi: 0.000000, v: 24.832069, w: 0.000000[0m
[0m[ INFO] [1748136548.872633556]: [1748136548.872] Robot state - x: 0.000000, y: 0.000000, phi: 0.000000[0m
[0m[ INFO] [1748136548.873367126]: [1748136548.873] Reference trajectory - x: 0.002352, y: 0.000000, phi: 0.000000, v: 0.024832, w: 0.000000[0m
[0m[ INFO] [1748136548.873482742]: [1748136548.873] v: 0.028962, w: 0.000000[0m
[0m[ INFO] [1748136548.935164862]: Received reference trajectory - x: 5.479683, y: 0.000000, phi: 0.000000, v: 37.733669, w: 0.000000[0m
[0m[ INFO] [1748136548.979007422]: [1748136548.979] Robot state - x: 0.000000, y: 0.000000, phi: 0.000000[0m
[0m[ INFO] [1748136548.979580576]: [1748136548.979] Reference trajectory - x: 0.005480, y: 0.000000, phi: 0.000000, v: 0.037734, w: 0.000000[0m
[0m[ INFO] [1748136548.979769312]: [1748136548.980] v: 0.047430, w: 0.000000[0m
[0m[ INFO] [1748136549.036939359]: Received reference trajectory - x: 9.891088, y: 0.000000, phi: 0.000000, v: 50.465092, w: 0.000000[0m
[0m[ INFO] [1748136549.072930544]: [1748136549.073] Robot state - x: 0.000000, y: 0.000000, phi: 0.000000[0m
[0m[ INFO] [1748136549.073154416]: [1748136549.073] Reference trajectory - x: 0.009891, y: 0.000000, phi: 0.000000, v: 0.050465, w: 0.000000[0m
[0m[ INFO] [1748136549.073251025]: [1748136549.073] v: 0.068109, w: 0.000000[0m
[0m[ INFO] [1748136549.135185755]: Received reference trajectory - x: 15.567693, y: 0.000000, phi: 0.000000, v: 63.020615, w: 0.000000[0m
[0m[ INFO] [1748136549.177843835]: [1748136549.177] Robot state - x: 0.000404, y: 0.000000, phi: 0.000000[0m
[0m[ INFO] [1748136549.178256028]: [1748136549.178] Reference trajectory - x: 0.015568, y: 0.000000, phi: 0.000000, v: 0.063021, w: 0.000000[0m
[0m[ INFO] [1748136549.178344860]: [1748136549.178] v: 0.090313, w: 0.000000[0m
[0m[ INFO] [1748136549.236418430]: Received reference trajectory - x: 22.491390, y: 0.000000, phi: 0.000000, v: 75.398712, w: 0.000000[0m
[0m[ INFO] [1748136549.277482779]: [1748136549.277] Robot state - x: 0.002020, y: -0.000003, phi: -0.003757[0m
[0m[ INFO] [1748136549.277890267]: [1748136549.278] Reference trajectory - x: 0.022491, y: 0.000000, phi: 0.000000, v: 0.075399, w: 0.000000[0m
[0m[ INFO] [1748136549.277979676]: [1748136549.278] v: 0.112637, w: 0.007203[0m
[0m[ INFO] [1748136549.335416732]: Received reference trajectory - x: 30.654217, y: 0.000000, phi: 0.000000, v: 87.612770, w: 0.000000[0m
[0m[ INFO] [1748136549.377668251]: [1748136549.377] Robot state - x: 0.005049, y: 0.000006, phi: 0.001879[0m
[0m[ INFO] [1748136549.378113980]: [1748136549.378] Reference trajectory - x: 0.030654, y: 0.000000, phi: 0.000000, v: 0.087613, w: 0.000000[0m
[0m[ INFO] [1748136549.378199676]: [1748136549.378] v: 0.134730, w: -0.003612[0m
[0m[ INFO] [1748136549.437632034]: Received reference trajectory - x: 40.011250, y: 0.000000, phi: 0.000000, v: 99.624771, w: 0.000000[0m
[0m[ INFO] [1748136549.477461371]: [1748136549.477] Robot state - x: 0.009492, y: -0.000003, phi: 0.005636[0m
[0m[ INFO] [1748136549.477735292]: [1748136549.478] Reference trajectory - x: 0.040011, y: 0.000000, phi: 0.000000, v: 0.099625, w: 0.000000[0m
[0m[ INFO] [1748136549.477947900]: [1748136549.478] v: 0.156467, w: -0.010783[0m
[0m[ INFO] [1748136549.535396957]: Received reference trajectory - x: 50.558956, y: 0.000000, phi: 0.000000, v: 111.458344, w: 0.000000[0m
[0m[ INFO] [1748136549.577857468]: [1748136549.577] Robot state - x: 0.015349, y: 0.000003, phi: 0.003757[0m
[0m[ INFO] [1748136549.578935582]: [1748136549.579] Reference trajectory - x: 0.050559, y: 0.000000, phi: 0.000000, v: 0.111458, w: 0.000000[0m
[0m[ INFO] [1748136549.579155519]: [1748136549.579] v: 0.177855, w: -0.007202[0m
[0m[ INFO] [1748136549.635478301]: Received reference trajectory - x: 62.287411, y: 0.000000, phi: 0.000000, v: 123.121124, w: 0.000000[0m
[0m[ INFO] [1748136549.682842823]: [1748136549.682] Robot state - x: 0.022417, y: 0.000036, phi: 0.001879[0m
[0m[ INFO] [1748136549.687071057]: [1748136549.686] Reference trajectory - x: 0.062287, y: 0.000000, phi: 0.000000, v: 0.123121, w: 0.000000[0m
[0m[ INFO] [1748136549.689556726]: [1748136549.689] v: 0.199229, w: -0.003698[0m
[0m[ INFO] [1748136549.735276317]: Received reference trajectory - x: 75.174904, y: 0.000000, phi: 0.000000, v: 134.607742, w: 0.000000[0m
[0m[ INFO] [1748136549.778101309]: [1748136549.778] Robot state - x: 0.030900, y: 0.000084, phi: 0.005636[0m
[0m[ INFO] [1748136549.778193821]: [1748136549.778] Reference trajectory - x: 0.075175, y: 0.000000, phi: 0.000000, v: 0.134608, w: 0.000000[0m
[0m[ INFO] [1748136549.778305405]: [1748136549.778] v: 0.220191, w: -0.011029[0m
[0m[ INFO] [1748136549.836621376]: Received reference trajectory - x: 89.212898, y: 0.000000, phi: 0.000000, v: 145.924881, w: 0.000000[0m
[0m[ INFO] [1748136549.878278334]: [1748136549.878] Robot state - x: 0.040998, y: 0.000103, phi: 0.005636[0m
[0m[ INFO] [1748136549.878740735]: [1748136549.879] Reference trajectory - x: 0.089213, y: 0.000000, phi: 0.000000, v: 0.145925, w: 0.000000[0m
[0m[ INFO] [1748136549.878934751]: [1748136549.879] v: 0.240367, w: -0.011086[0m
[0m[ INFO] [1748136549.935129309]: Received reference trajectory - x: 104.353630, y: 0.000000, phi: 0.000000, v: 157.049316, w: 0.000000[0m
[0m[ INFO] [1748136549.972782034]: [1748136549.973] Robot state - x: 0.052105, y: 0.000155, phi: 0.003757[0m
[0m[ INFO] [1748136549.972904850]: [1748136549.973] Reference trajectory - x: 0.104354, y: 0.000000, phi: 0.000000, v: 0.157049, w: 0.000000[0m
[0m[ INFO] [1748136549.972992786]: [1748136549.973] v: 0.260690, w: -0.007641[0m
[0m[ INFO] [1748136550.035254015]: Received reference trajectory - x: 120.611328, y: 0.000000, phi: 0.000000, v: 168.005325, w: 0.000000[0m
[0m[ INFO] [1748136550.076679582]: [1748136550.076] Robot state - x: 0.064828, y: 0.000238, phi: 0.005636[0m
[0m[ INFO] [1748136550.077128831]: [1748136550.077] Reference trajectory - x: 0.120611, y: 0.000000, phi: 0.000000, v: 0.168005, w: 0.000000[0m
[0m[ INFO] [1748136550.077333727]: [1748136550.077] v: 0.280154, w: -0.011481[0m
[0m[ INFO] [1748136550.135098627]: Received reference trajectory - x: 137.943771, y: 0.000000, phi: 0.000000, v: 178.776169, w: 0.000000[0m
[0m[ INFO] [1748136550.235124903]: Received reference trajectory - x: 156.351227, y: 0.000000, phi: 0.000000, v: 189.373459, w: 0.000000[0m
[0m[ INFO] [1748136550.292237578]: [1748136550.292] Robot state - x: 0.079167, y: 0.000279, phi: 0.003757[0m
[0m[ INFO] [1748136550.292336330]: [1748136550.292] Reference trajectory - x: 0.156351, y: 0.000000, phi: 0.000000, v: 0.189373, w: 0.000000[0m
[0m[ INFO] [1748136550.292410314]: [1748136550.292] v: 0.341383, w: -0.008008[0m
[0m[ INFO] [1748136550.292545259]: [1748136550.292] Robot state - x: 0.094718, y: 0.000381, phi: 0.005636[0m
[0m[ INFO] [1748136550.292613131]: [1748136550.293] Reference trajectory - x: 0.156351, y: 0.000000, phi: 0.000000, v: 0.189373, w: 0.000000[0m
[0m[ INFO] [1748136550.292650219]: [1748136550.293] v: 0.317683, w: -0.011906[0m
[0m[ INFO] [1748136550.335163436]: Received reference trajectory - x: 175.813705, y: 0.000000, phi: 0.000000, v: 199.795212, w: 0.000000[0m
[0m[ INFO] [1748136550.377755309]: [1748136550.377] Robot state - x: 0.111682, y: 0.000477, phi: 0.005636[0m
[0m[ INFO] [1748136550.378247790]: [1748136550.378] Reference trajectory - x: 0.175814, y: 0.000000, phi: 0.000000, v: 0.199795, w: 0.000000[0m
[0m[ INFO] [1748136550.378337231]: [1748136550.378] v: 0.335223, w: -0.012193[0m
[0m[ INFO] [1748136550.436952084]: Received reference trajectory - x: 196.324249, y: 0.000000, phi: 0.000000, v: 210.046234, w: 0.000000[0m
[0m[ INFO] [1748136550.478441491]: [1748136550.478] Robot state - x: 0.129454, y: 0.000577, phi: 0.005636[0m
[0m[ INFO] [1748136550.478851220]: [1748136550.479] Reference trajectory - x: 0.196324, y: 0.000000, phi: 0.000000, v: 0.210046, w: 0.000000[0m
[0m[ INFO] [1748136550.479039413]: [1748136550.479] v: 0.353123, w: -0.012497[0m
[0m[ INFO] [1748136550.535203189]: Received reference trajectory - x: 217.820007, y: 0.000000, phi: 0.000000, v: 220.104736, w: 0.000000[0m
[0m[ INFO] [1748136550.570717862]: [1748136550.571] Robot state - x: 0.148034, y: 0.000682, phi: 0.005636[0m
[0m[ INFO] [1748136550.570816582]: [1748136550.571] Reference trajectory - x: 0.217820, y: 0.000000, phi: 0.000000, v: 0.220105, w: 0.000000[0m
[0m[ INFO] [1748136550.570860390]: [1748136550.571] v: 0.371263, w: -0.012818[0m
[0m[ INFO] [1748136550.634999801]: Received reference trajectory - x: 240.318878, y: 0.000000, phi: 0.000000, v: 229.988571, w: 0.000000[0m
[0m[ INFO] [1748136550.670633066]: [1748136550.671] Robot state - x: 0.169442, y: 0.000802, phi: 0.005636[0m
[0m[ INFO] [1748136550.670734058]: [1748136550.671] Reference trajectory - x: 0.240319, y: 0.000000, phi: 0.000000, v: 0.229989, w: 0.000000[0m
[0m[ INFO] [1748136550.670779563]: [1748136550.671] v: 0.386174, w: -0.013189[0m
[0m[ INFO] [1748136550.735362366]: Received reference trajectory - x: 263.807129, y: 0.000000, phi: 0.000000, v: 239.698837, w: 0.000000[0m
[0m[ INFO] [1748136550.771131728]: [1748136550.771] Robot state - x: 0.192667, y: 0.000955, phi: 0.007515[0m
[0m[ INFO] [1748136550.771241712]: [1748136550.771] Reference trajectory - x: 0.263807, y: 0.000000, phi: 0.000000, v: 0.239699, w: 0.000000[0m
[0m[ INFO] [1748136550.771288880]: [1748136550.771] v: 0.399514, w: -0.017253[0m
[0m[ INFO] [1748136550.836307813]: Received reference trajectory - x: 288.258575, y: 0.000000, phi: 0.000000, v: 249.231644, w: 0.000000[0m
[0m[ INFO] [1748136550.878555013]: [1748136550.878] Robot state - x: 0.216700, y: 0.001068, phi: 0.005636[0m
[0m[ INFO] [1748136550.879021254]: [1748136550.879] Reference trajectory - x: 0.288259, y: 0.000000, phi: 0.000000, v: 0.249232, w: 0.000000[0m
[0m[ INFO] [1748136550.879209927]: [1748136550.879] v: 0.412959, w: -0.014017[0m
[0m[ INFO] [1748136550.935105702]: Received reference trajectory - x: 313.645264, y: 0.000000, phi: 0.000000, v: 258.583313, w: 0.000000[0m
[0m[ INFO] [1748136550.980621102]: [1748136550.980] Robot state - x: 0.241540, y: 0.001231, phi: 0.003757[0m
[0m[ INFO] [1748136550.980979343]: [1748136550.981] Reference trajectory - x: 0.313645, y: 0.000000, phi: 0.000000, v: 0.258583, w: 0.000000[0m
[0m[ INFO] [1748136550.981073871]: [1748136550.981] v: 0.426464, w: -0.010929[0m
[0m[ INFO] [1748136551.035222796]: Received reference trajectory - x: 339.967194, y: 0.000000, phi: 0.000000, v: 267.760376, w: 0.000000[0m
[0m[ INFO] [1748136551.079513971]: [1748136551.079] Robot state - x: 0.268400, y: 0.001408, phi: 0.005636[0m
[0m[ INFO] [1748136551.079869076]: [1748136551.080] Reference trajectory - x: 0.339967, y: 0.000000, phi: 0.000000, v: 0.267760, w: 0.000000[0m
[0m[ INFO] [1748136551.080208917]: [1748136551.080] v: 0.437927, w: -0.015079[0m
[0m[ INFO] [1748136551.135203605]: Received reference trajectory - x: 367.191986, y: 0.000000, phi: 0.000000, v: 276.757660, w: 0.000000[0m
[0m[ INFO] [1748136551.172974477]: [1748136551.173] Robot state - x: 0.296270, y: 0.001513, phi: 0.005636[0m
[0m[ INFO] [1748136551.173350894]: [1748136551.173] Reference trajectory - x: 0.367192, y: 0.000000, phi: 0.000000, v: 0.276758, w: 0.000000[0m
[0m[ INFO] [1748136551.173610318]: [1748136551.174] v: 0.448998, w: -0.015437[0m
[0m[ INFO] [1748136551.236397088]: Received reference trajectory - x: 395.341553, y: 0.000000, phi: 0.000000, v: 285.587616, w: 0.000000[0m
[0m[ INFO] [1748136551.275135162]: [1748136551.275] Robot state - x: 0.325150, y: 0.001648, phi: 0.003757[0m
[0m[ INFO] [1748136551.275382107]: [1748136551.275] Reference trajectory - x: 0.395342, y: 0.000000, phi: 0.000000, v: 0.285588, w: 0.000000[0m
[0m[ INFO] [1748136551.275462011]: [1748136551.275] v: 0.459724, w: -0.012291[0m
[0m[ INFO] [1748136551.335179078]: Received reference trajectory - x: 424.317841, y: 0.000000, phi: 0.000000, v: 294.225342, w: 0.000000[0m
[0m[ INFO] [1748136551.371272538]: [1748136551.371] Robot state - x: 0.355242, y: 0.001846, phi: 0.005636[0m
[0m[ INFO] [1748136551.371381946]: [1748136551.371] Reference trajectory - x: 0.424318, y: 0.000000, phi: 0.000000, v: 0.294225, w: 0.000000[0m
[0m[ INFO] [1748136551.371481594]: [1748136551.371] v: 0.469554, w: -0.016519[0m
[0m[ INFO] [1748136551.436600178]: Received reference trajectory - x: 454.164612, y: 0.000000, phi: 0.000000, v: 302.689941, w: 0.000000[0m
[0m[ INFO] [1748136551.474964011]: [1748136551.475] Robot state - x: 0.386747, y: 0.001964, phi: 0.005636[0m
[0m[ INFO] [1748136551.475119371]: [1748136551.475] Reference trajectory - x: 0.454165, y: 0.000000, phi: 0.000000, v: 0.302690, w: 0.000000[0m
[0m[ INFO] [1748136551.475252588]: [1748136551.475] v: 0.478212, w: -0.016936[0m
[0m[ INFO] [1748136551.535226935]: Received reference trajectory - x: 484.842438, y: 0.000000, phi: 0.000000, v: 310.975037, w: 0.000000[0m
[0m[ INFO] [1748136551.571182379]: [1748136551.571] Robot state - x: 0.419060, y: 0.002147, phi: 0.005636[0m
[0m[ INFO] [1748136551.571319851]: [1748136551.571] Reference trajectory - x: 0.484842, y: 0.000000, phi: 0.000000, v: 0.310975, w: 0.000000[0m
[0m[ INFO] [1748136551.571387083]: [1748136551.571] v: 0.486657, w: -0.017538[0m
[0m[ INFO] [1748136551.635344192]: Received reference trajectory - x: 516.351501, y: 0.000000, phi: 0.000000, v: 319.085419, w: 0.000000[0m
[0m[ INFO] [1748136551.671067795]: [1748136551.671] Robot state - x: 0.452181, y: 0.002333, phi: 0.005636[0m
[0m[ INFO] [1748136551.671266868]: [1748136551.671] Reference trajectory - x: 0.516352, y: 0.000000, phi: 0.000000, v: 0.319085, w: 0.000000[0m
[0m[ INFO] [1748136551.671395284]: [1748136551.671] v: 0.494895, w: -0.018160[0m
[0m[ INFO] [1748136551.735145096]: Received reference trajectory - x: 548.644470, y: 0.000000, phi: 0.000000, v: 327.013550, w: 0.000000[0m
[0m[ INFO] [1748136551.781270516]: [1748136551.781] Robot state - x: 0.486715, y: 0.002560, phi: 0.007515[0m
[0m[ INFO] [1748136551.781681333]: [1748136551.782] Reference trajectory - x: 0.548644, y: 0.000000, phi: 0.000000, v: 0.327014, w: 0.000000[0m
[0m[ INFO] [1748136551.781867189]: [1748136551.782] v: 0.501779, w: -0.022502[0m
[0m[ INFO] [1748136551.836651412]: Received reference trajectory - x: 581.769043, y: 0.000000, phi: 0.000000, v: 334.775055, w: 0.000000[0m
[0m[ INFO] [1748136551.879309496]: [1748136551.879] Robot state - x: 0.521856, y: 0.002758, phi: 0.007515[0m
[0m[ INFO] [1748136551.880281082]: [1748136551.880] Reference trajectory - x: 0.581769, y: 0.000000, phi: 0.000000, v: 0.334775, w: 0.000000[0m
[0m[ INFO] [1748136551.880498650]: [1748136551.880] v: 0.508791, w: -0.023175[0m
[0m[ INFO] [1748136551.935367994]: Received reference trajectory - x: 615.601990, y: 0.000000, phi: 0.000000, v: 342.345367, w: 0.000000[0m
[0m[ INFO] [1748136551.977936957]: [1748136551.978] Robot state - x: 0.558006, y: 0.002996, phi: 0.005636[0m
[0m[ INFO] [1748136551.978368158]: [1748136551.978] Reference trajectory - x: 0.615602, y: 0.000000, phi: 0.000000, v: 0.342345, w: 0.000000[0m
[0m[ INFO] [1748136551.978546718]: [1748136551.978] v: 0.514995, w: -0.020372[0m
[0m[ INFO] [1748136552.036615847]: Received reference trajectory - x: 650.216675, y: 0.000000, phi: 0.000000, v: 349.745300, w: 0.000000[0m
[0m[ INFO] [1748136552.072785341]: [1748136552.073] Robot state - x: 0.595165, y: 0.003275, phi: 0.005636[0m
[0m[ INFO] [1748136552.072892605]: [1748136552.073] Reference trajectory - x: 0.650217, y: 0.000000, phi: 0.000000, v: 0.349745, w: 0.000000[0m
[0m[ INFO] [1748136552.072937757]: [1748136552.073] v: 0.520527, w: -0.021294[0m
[0m[ INFO] [1748136552.135213904]: Received reference trajectory - x: 685.540161, y: 0.000000, phi: 0.000000, v: 356.962860, w: 0.000000[0m
[0m[ INFO] [1748136552.171057669]: [1748136552.171] Robot state - x: 0.633335, y: 0.003526, phi: 0.007515[0m
[0m[ INFO] [1748136552.171167429]: [1748136552.171] Reference trajectory - x: 0.685540, y: 0.000000, phi: 0.000000, v: 0.356963, w: 0.000000[0m
[0m[ INFO] [1748136552.171241510]: [1748136552.171] v: 0.525237, w: -0.025746[0m
[0m[ INFO] [1748136552.236653152]: Received reference trajectory - x: 721.639282, y: 0.000000, phi: 0.000000, v: 364.014832, w: 0.000000[0m
[0m[ INFO] [1748136552.271189202]: [1748136552.271] Robot state - x: 0.671706, y: 0.003743, phi: 0.007515[0m
[0m[ INFO] [1748136552.271390867]: [1748136552.271] Reference trajectory - x: 0.721639, y: 0.000000, phi: 0.000000, v: 0.364015, w: 0.000000[0m
[0m[ INFO] [1748136552.271530771]: [1748136552.271] v: 0.530656, w: -0.026514[0m
[0m[ INFO] [1748136552.335207274]: Received reference trajectory - x: 758.334290, y: 0.000000, phi: 0.000000, v: 370.870056, w: 0.000000[0m
[0m[ INFO] [1748136552.371324831]: [1748136552.371] Robot state - x: 0.711491, y: 0.004004, phi: 0.005636[0m
[0m[ INFO] [1748136552.371449600]: [1748136552.371] Reference trajectory - x: 0.758334, y: 0.000000, phi: 0.000000, v: 0.370870, w: 0.000000[0m
[0m[ INFO] [1748136552.371579552]: [1748136552.372] v: 0.534349, w: -0.023822[0m
[0m[ INFO] [1748136552.437361564]: Received reference trajectory - x: 795.770630, y: 0.000000, phi: 0.000000, v: 377.559418, w: 0.000000[0m
[0m[ INFO] [1748136552.473308529]: [1748136552.473] Robot state - x: 0.751277, y: 0.004266, phi: 0.003757[0m
[0m[ INFO] [1748136552.473533009]: [1748136552.473] Reference trajectory - x: 0.795771, y: 0.000000, phi: 0.000000, v: 0.377559, w: 0.000000[0m
[0m[ INFO] [1748136552.473638802]: [1748136552.474] v: 0.539032, w: -0.021142[0m
[0m[ INFO] [1748136552.535125603]: Received reference trajectory - x: 833.836609, y: 0.000000, phi: 0.000000, v: 384.065765, w: 0.000000[0m
[0m[ INFO] [1748136552.571319673]: [1748136552.571] Robot state - x: 0.792274, y: 0.004535, phi: 0.005636[0m
[0m[ INFO] [1748136552.571452121]: [1748136552.571] Reference trajectory - x: 0.833837, y: 0.000000, phi: 0.000000, v: 0.384066, w: 0.000000[0m
[0m[ INFO] [1748136552.571550521]: [1748136552.571] v: 0.542411, w: -0.025690[0m
[0m[ INFO] [1748136552.636490963]: Received reference trajectory - x: 872.575623, y: 0.000000, phi: 0.000000, v: 390.399536, w: 0.000000[0m
[0m[ INFO] [1748136552.673557099]: [1748136552.673] Robot state - x: 0.833877, y: 0.004692, phi: 0.005636[0m
[0m[ INFO] [1748136552.673734443]: [1748136552.674] Reference trajectory - x: 0.872576, y: 0.000000, phi: 0.000000, v: 0.390400, w: 0.000000[0m
[0m[ INFO] [1748136552.673798732]: [1748136552.674] v: 0.545602, w: -0.026334[0m
[0m[ INFO] [1748136552.735207229]: Received reference trajectory - x: 911.912170, y: 0.000000, phi: 0.000000, v: 396.551239, w: 0.000000[0m
[0m[ INFO] [1748136552.778414691]: [1748136552.778] Robot state - x: 0.873455, y: 0.005361, phi: 0.028180[0m
[0m[ INFO] [1748136552.778754852]: [1748136552.779] Reference trajectory - x: 0.911912, y: 0.000000, phi: 0.000000, v: 0.396551, w: 0.000000[0m
[0m[ INFO] [1748136552.778842404]: [1748136552.779] v: 0.553062, w: -0.071596[0m
[0m[ INFO] [1748136552.836662317]: Received reference trajectory - x: 951.881287, y: 0.000000, phi: 0.000000, v: 402.529144, w: 0.000000[0m
[0m[ INFO] [1748136552.874627111]: [1748136552.875] Robot state - x: 0.907960, y: 0.006820, phi: 0.101449[0m
[0m[ INFO] [1748136552.874812135]: [1748136552.875] Reference trajectory - x: 0.951881, y: 0.000000, phi: 0.000000, v: 0.402529, w: 0.000000[0m
[0m[ INFO] [1748136552.874915784]: [1748136552.875] v: 0.570302, w: -0.216237[0m
[0m[ INFO] [1748136552.935096182]: Received reference trajectory - x: 992.408264, y: 0.000000, phi: 0.000000, v: 408.324799, w: 0.000000[0m
[0m[ INFO] [1748136552.978090940]: [1748136552.978] Robot state - x: 0.938747, y: 0.009458, phi: 0.216050[0m
[0m[ INFO] [1748136552.979167263]: [1748136552.979] Reference trajectory - x: 0.992408, y: 0.000000, phi: 0.000000, v: 0.408325, w: 0.000000[0m
[0m[ INFO] [1748136552.979610560]: [1748136552.980] v: 0.595068, w: -0.443402[0m
[0m[ INFO] [1748136553.036301255]: Received reference trajectory - x: 1033.540527, y: 0.000000, phi: 0.000000, v: 413.947479, w: 0.000000[0m
[0m[ INFO] [1748136553.077237258]: [1748136553.077] Robot state - x: 0.966812, y: 0.014277, phi: 0.353194[0m
[0m[ INFO] [1748136553.078190796]: [1748136553.078] Reference trajectory - x: 1.033540, y: 0.000000, phi: 0.000000, v: 0.413947, w: 0.000000[0m
[0m[ INFO] [1748136553.079308143]: [1748136553.079] v: 0.625905, w: -0.720000[0m
[0m[ INFO] [1748136553.135227158]: Received reference trajectory - x: 1075.192383, y: 0.000000, phi: 0.000000, v: 419.387909, w: 0.000000[0m
[0m[ INFO] [1748136553.179812801]: [1748136553.179] Robot state - x: 1.003858, y: 0.023472, phi: 0.407676[0m
[0m[ INFO] [1748136553.180321538]: [1748136553.180] Reference trajectory - x: 1.075192, y: 0.000000, phi: 0.000000, v: 0.419388, w: 0.000000[0m
[0m[ INFO] [1748136553.180406658]: [1748136553.180] v: 0.642371, w: -0.850893[0m
[0m[ INFO] [1748136553.236286057]: Received reference trajectory - x: 1117.413452, y: 0.000000, phi: 0.000000, v: 424.654846, w: 0.000000[0m
[0m[ INFO] [1748136553.271223453]: [1748136553.271] Robot state - x: 1.045518, y: 0.038919, phi: 0.411434[0m
[0m[ INFO] [1748136553.271341246]: [1748136553.271] Reference trajectory - x: 1.117413, y: 0.000000, phi: 0.000000, v: 0.424655, w: 0.000000[0m
[0m[ INFO] [1748136553.271406046]: [1748136553.271] v: 0.651809, w: -0.902714[0m
[0m[ INFO] [1748136553.335251031]: Received reference trajectory - x: 1160.120972, y: 0.000000, phi: 0.000000, v: 429.740204, w: 0.000000[0m
[0m[ INFO] [1748136553.371334318]: [1748136553.371] Robot state - x: 1.083692, y: 0.055961, phi: 0.435857[0m
[0m[ INFO] [1748136553.371458511]: [1748136553.371] Reference trajectory - x: 1.160121, y: 0.000000, phi: 0.000000, v: 0.429740, w: 0.000000[0m
[0m[ INFO] [1748136553.371521999]: [1748136553.371] v: 0.668024, w: -0.999294[0m
[0m[ INFO] [1748136553.437492622]: Received reference trajectory - x: 1203.373413, y: 0.000000, phi: 0.000000, v: 434.652924, w: 0.000000[0m
[0m[ INFO] [1748136553.478182896]: [1748136553.478] Robot state - x: 1.118583, y: 0.072411, phi: 0.494096[0m
[0m[ INFO] [1748136553.478593169]: [1748136553.479] Reference trajectory - x: 1.203373, y: 0.000000, phi: 0.000000, v: 0.434653, w: 0.000000[0m
[0m[ INFO] [1748136553.478749937]: [1748136553.479] v: 0.690955, w: -1.159710[0m
[0m[ INFO] [1748136553.535302202]: Received reference trajectory - x: 1247.049683, y: 0.000000, phi: 0.000000, v: 439.381409, w: 0.000000[0m
[0m[ INFO] [1748136553.576119260]: [1748136553.576] Robot state - x: 1.146591, y: 0.087702, phi: 0.621848[0m
[0m[ INFO] [1748136553.576215548]: [1748136553.576] Reference trajectory - x: 1.247050, y: 0.000000, phi: 0.000000, v: 0.439381, w: 0.000000[0m
[0m[ INFO] [1748136553.576310908]: [1748136553.576] v: 0.726833, w: -1.450683[0m
[0m[ INFO] [1748136553.636577870]: Received reference trajectory - x: 1291.244385, y: 0.000000, phi: 0.000000, v: 443.937805, w: 0.000000[0m
[0m[ INFO] [1748136553.677389808]: [1748136553.677] Robot state - x: 1.165756, y: 0.100820, phi: 0.834140[0m
[0m[ INFO] [1748136553.677786513]: [1748136553.678] Reference trajectory - x: 1.291244, y: 0.000000, phi: 0.000000, v: 0.443938, w: 0.000000[0m
[0m[ INFO] [1748136553.677873361]: [1748136553.678] v: 0.779584, w: -1.898077[0m
[0m[ INFO] [1748136553.735334043]: Received reference trajectory - x: 1335.825195, y: 0.000000, phi: 0.000000, v: 448.310425, w: 0.000000[0m
[0m[ INFO] [1748136553.775824157]: [1748136553.776] Robot state - x: 1.194234, y: 0.123415, phi: 0.931832[0m
[0m[ INFO] [1748136553.775992989]: [1748136553.776] Reference trajectory - x: 1.335825, y: 0.000000, phi: 0.000000, v: 0.448310, w: 0.000000[0m
[0m[ INFO] [1748136553.776128830]: [1748136553.776] v: 0.817684, w: -2.153372[0m
[0m[ INFO] [1748136553.837426449]: Received reference trajectory - x: 1380.912354, y: 0.000000, phi: 0.000000, v: 452.512604, w: 0.000000[0m
[0m[ INFO] [1748136553.875406829]: [1748136553.875] Robot state - x: 1.231785, y: 0.162395, phi: 0.871714[0m
[0m[ INFO] [1748136553.875499245]: [1748136553.875] Reference trajectory - x: 1.380912, y: 0.000000, phi: 0.000000, v: 0.452513, w: 0.000000[0m
[0m[ INFO] [1748136553.875540269]: [1748136553.876] v: 0.841377, w: -2.153755[0m
[0m[ INFO] [1748136553.935228285]: Received reference trajectory - x: 1426.326050, y: 0.000000, phi: 0.000000, v: 456.529327, w: 0.000000[0m
[0m[ INFO] [1748136553.974740060]: [1748136553.975] Robot state - x: 1.274112, y: 0.211232, phi: 0.721418[0m
[0m[ INFO] [1748136553.974827421]: [1748136553.975] Reference trajectory - x: 1.426326, y: 0.000000, phi: 0.000000, v: 0.456529, w: 0.000000[0m
[0m[ INFO] [1748136553.974894717]: [1748136553.975] v: 0.857452, w: -2.011031[0m
[0m[ INFO] [1748136554.035055919]: Received reference trajectory - x: 1472.155884, y: 0.000000, phi: 0.000000, v: 460.370514, w: 0.000000[0m
[0m[ INFO] [1748136554.073311661]: [1748136554.073] Robot state - x: 1.322191, y: 0.259120, phi: 0.544821[0m
[0m[ INFO] [1748136554.073728846]: [1748136554.074] Reference trajectory - x: 1.472156, y: 0.000000, phi: 0.000000, v: 0.460371, w: 0.000000[0m
[0m[ INFO] [1748136554.073961614]: [1748136554.074] v: 0.864174, w: -1.817455[0m
[0m[ INFO] [1748136554.135180356]: Received reference trajectory - x: 1518.377930, y: 0.000000, phi: 0.000000, v: 464.035370, w: 0.000000[0m
[0m[ INFO] [1748136554.171437245]: [1748136554.171] Robot state - x: 1.379614, y: 0.300685, phi: 0.355073[0m
[0m[ INFO] [1748136554.171560926]: [1748136554.172] Reference trajectory - x: 1.518378, y: 0.000000, phi: 0.000000, v: 0.464035, w: 0.000000[0m
[0m[ INFO] [1748136554.171660990]: [1748136554.172] v: 0.854988, w: -1.583004[0m
[0m[ INFO] [1748136554.236594589]: Received reference trajectory - x: 1564.988892, y: 0.000000, phi: 0.000000, v: 467.524750, w: 0.000000[0m
[0m[ INFO] [1748136554.274783387]: [1748136554.275] Robot state - x: 1.442523, y: 0.332022, phi: 0.189748[0m
[0m[ INFO] [1748136554.274923387]: [1748136554.275] Reference trajectory - x: 1.564989, y: 0.000000, phi: 0.000000, v: 0.467525, w: 0.000000[0m
[0m[ INFO] [1748136554.274996987]: [1748136554.275] v: 0.836227, w: -1.368320[0m
[0m[ INFO] [1748136554.335229455]: Received reference trajectory - x: 1611.900757, y: 0.000000, phi: 0.000000, v: 470.833374, w: 0.000000[0m
[0m[ INFO] [1748136554.379135130]: [1748136554.379] Robot state - x: 1.512547, y: 0.351584, phi: 0.024423[0m
[0m[ INFO] [1748136554.379565435]: [1748136554.379] Reference trajectory - x: 1.611901, y: 0.000000, phi: 0.000000, v: 0.470833, w: 0.000000[0m
[0m[ INFO] [1748136554.379660572]: [1748136554.380] v: 0.804657, w: -1.121817[0m
[0m[ INFO] [1748136554.436567559]: Received reference trajectory - x: 1659.168823, y: 0.000000, phi: 0.000000, v: 473.966522, w: 0.000000[0m
[0m[ INFO] [1748136554.476595337]: [1748136554.477] Robot state - x: 1.585208, y: 0.359671, phi: -0.133387[0m
[0m[ INFO] [1748136554.476683433]: [1748136554.477] Reference trajectory - x: 1.659169, y: 0.000000, phi: 0.000000, v: 0.473967, w: 0.000000[0m
[0m[ INFO] [1748136554.476748586]: [1748136554.477] v: 0.767898, w: -0.858205[0m
[0m[ INFO] [1748136554.535282201]: Received reference trajectory - x: 1706.698120, y: 0.000000, phi: 0.000000, v: 476.919067, w: 0.000000[0m
[0m[ INFO] [1748136554.577617985]: [1748136554.577] Robot state - x: 1.656821, y: 0.356238, phi: -0.278047[0m
[0m[ INFO] [1748136554.577916673]: [1748136554.578] Reference trajectory - x: 1.706698, y: 0.000000, phi: 0.000000, v: 0.476919, w: 0.000000[0m
[0m[ INFO] [1748136554.578082306]: [1748136554.578] v: 0.732107, w: -0.587634[0m
[0m[ INFO] [1748136554.636780594]: Received reference trajectory - x: 1754.561157, y: 0.000000, phi: 0.000000, v: 479.696594, w: 0.000000[0m
[0m[ INFO] [1748136554.673169259]: [1748136554.673] Robot state - x: 1.725740, y: 0.342463, phi: -0.405798[0m
[0m[ INFO] [1748136554.673490700]: [1748136554.673] Reference trajectory - x: 1.754561, y: 0.000000, phi: 0.000000, v: 0.479697, w: 0.000000[0m
[0m[ INFO] [1748136554.673621484]: [1748136554.674] v: 0.700351, w: -0.320110[0m
[0m[ INFO] [1748136554.735348579]: Received reference trajectory - x: 1802.611084, y: 0.000000, phi: 0.000000, v: 482.291870, w: 0.000000[0m
[0m[ INFO] [1748136554.771684284]: [1748136554.772] Robot state - x: 1.790772, y: 0.319799, phi: -0.520398[0m
[0m[ INFO] [1748136554.771853693]: [1748136554.772] Reference trajectory - x: 1.802611, y: 0.000000, phi: 0.000000, v: 0.482292, w: 0.000000[0m
[0m[ INFO] [1748136554.772023869]: [1748136554.772] v: 0.674584, w: -0.052069[0m
[0m[ INFO] [1748136554.837403134]: Received reference trajectory - x: 1851.025269, y: 0.000000, phi: 0.000000, v: 484.715210, w: 0.000000[0m
[0m[ INFO] [1748136554.876960190]: [1748136554.877] Robot state - x: 1.850649, y: 0.290532, phi: -0.618090[0m
[0m[ INFO] [1748136554.877078111]: [1748136554.877] Reference trajectory - x: 1.851025, y: 0.000000, phi: 0.000000, v: 0.484715, w: 0.000000[0m
[0m[ INFO] [1748136554.877143967]: [1748136554.877] v: 0.657523, w: 0.203240[0m
[0m[ INFO] [1748136554.935247629]: Received reference trajectory - x: 1899.541626, y: 0.000000, phi: 0.000000, v: 486.954498, w: 0.000000[0m
[0m[ INFO] [1748136554.970833957]: [1748136554.971] Robot state - x: 1.906304, y: 0.255358, phi: -0.704510[0m
[0m[ INFO] [1748136554.971003845]: [1748136554.971] Reference trajectory - x: 1.899542, y: 0.000000, phi: 0.000000, v: 0.486955, w: 0.000000[0m
[0m[ INFO] [1748136554.971120165]: [1748136554.971] v: 0.647314, w: 0.454939[0m
[0m[ INFO] [1748136555.037810154]: Received reference trajectory - x: 1948.395264, y: 0.000000, phi: 0.000000, v: 489.021484, w: 0.000000[0m
[0m[ INFO] [1748136555.070908509]: [1748136555.071] Robot state - x: 1.957554, y: 0.216319, phi: -0.770264[0m
[0m[ INFO] [1748136555.071009629]: [1748136555.071] Reference trajectory - x: 1.948395, y: 0.000000, phi: 0.000000, v: 0.489021, w: 0.000000[0m
[0m[ INFO] [1748136555.071077501]: [1748136555.071] v: 0.644894, w: 0.679547[0m
[0m[ INFO] [1748136555.135236413]: Received reference trajectory - x: 1997.338989, y: 0.000000, phi: 0.000000, v: 490.906311, w: 0.000000[0m
[0m[ INFO] [1748136555.236305049]: Received reference trajectory - x: 2046.508545, y: 0.000000, phi: 0.000000, v: 492.615295, w: 0.000000[0m
[0m[ INFO] [1748136555.293303815]: [1748136555.293] Robot state - x: 2.004665, y: 0.174170, phi: -0.820989[0m
[0m[ INFO] [1748136555.293477383]: [1748136555.293] Reference trajectory - x: 2.046509, y: 0.000000, phi: 0.000000, v: 0.492615, w: 0.000000[0m
[0m[ INFO] [1748136555.293521800]: [1748136555.294] v: 0.737131, w: 0.885900[0m
[0m[ INFO] [1748136555.293632264]: [1748136555.294] Robot state - x: 2.049141, y: 0.129536, phi: -0.854805[0m
[0m[ INFO] [1748136555.293671912]: [1748136555.294] Reference trajectory - x: 2.046509, y: 0.000000, phi: 0.000000, v: 0.492615, w: 0.000000[0m
[0m[ INFO] [1748136555.293704520]: [1748136555.294] v: 0.661344, w: 1.068777[0m
[0m[ INFO] [1748136555.335195471]: Received reference trajectory - x: 2095.847900, y: 0.000000, phi: 0.000000, v: 494.146790, w: 0.000000[0m
[0m[ INFO] [1748136555.371597290]: [1748136555.371] Robot state - x: 2.093767, y: 0.085336, phi: -0.875471[0m
[0m[ INFO] [1748136555.371761963]: [1748136555.372] Reference trajectory - x: 2.095848, y: 0.000000, phi: 0.000000, v: 0.494147, w: 0.000000[0m
[0m[ INFO] [1748136555.371917195]: [1748136555.372] v: 0.670989, w: 1.227242[0m
[0m[ INFO] [1748136555.437354798]: Received reference trajectory - x: 2145.397949, y: 0.000000, phi: 0.000000, v: 495.502228, w: 0.000000[0m
[0m[ INFO] [1748136555.477215185]: [1748136555.477] Robot state - x: 2.134591, y: 0.037603, phi: -0.892379[0m
[0m[ INFO] [1748136555.477586514]: [1748136555.477] Reference trajectory - x: 2.145398, y: 0.000000, phi: 0.000000, v: 0.495502, w: 0.000000[0m
[0m[ INFO] [1748136555.477765875]: [1748136555.478] v: 0.687673, w: 1.390458[0m
[0m[ INFO] [1748136555.535222530]: Received reference trajectory - x: 2194.954590, y: 0.000000, phi: 0.000000, v: 496.676758, w: 0.000000[0m
[0m[ INFO] [1748136555.571192188]: [1748136555.571] Robot state - x: 2.174519, y: -0.010620, phi: -0.899894[0m
[0m[ INFO] [1748136555.571357980]: [1748136555.571] Reference trajectory - x: 2.194955, y: 0.000000, phi: 0.000000, v: 0.496677, w: 0.000000[0m
[0m[ INFO] [1748136555.571449116]: [1748136555.571] v: 0.706143, w: 1.539208[0m
[0m[ INFO] [1748136555.637263328]: Received reference trajectory - x: 2244.737549, y: 0.000000, phi: 0.000000, v: 497.676056, w: 0.000000[0m
[0m[ INFO] [1748136555.676656034]: [1748136555.677] Robot state - x: 2.214347, y: -0.059186, phi: -0.882986[0m
[0m[ INFO] [1748136555.676750403]: [1748136555.677] Reference trajectory - x: 2.244738, y: 0.000000, phi: 0.000000, v: 0.497676, w: 0.000000[0m
[0m[ INFO] [1748136555.676805155]: [1748136555.677] v: 0.725437, w: 1.644321[0m
[0m[ INFO] [1748136555.735102196]: Received reference trajectory - x: 2294.483887, y: 0.000000, phi: 0.000000, v: 498.495239, w: 0.000000[0m
[0m[ INFO] [1748136555.775570137]: [1748136555.775] Robot state - x: 2.255713, y: -0.109626, phi: -0.851048[0m
[0m[ INFO] [1748136555.776253115]: [1748136555.776] Reference trajectory - x: 2.294484, y: 0.000000, phi: 0.000000, v: 0.498495, w: 0.000000[0m
[0m[ INFO] [1748136555.776407867]: [1748136555.776] v: 0.742248, w: 1.728116[0m
[0m[ INFO] [1748136555.839822393]: Received reference trajectory - x: 2344.502441, y: 0.000000, phi: 0.000000, v: 499.139282, w: 0.000000[0m
[0m[ INFO] [1748136555.870810342]: [1748136555.871] Robot state - x: 2.298740, y: -0.159460, phi: -0.802202[0m
[0m[ INFO] [1748136555.870939303]: [1748136555.871] Reference trajectory - x: 2.344502, y: 0.000000, phi: 0.000000, v: 0.499139, w: 0.000000[0m
[0m[ INFO] [1748136555.871029991]: [1748136555.871] v: 0.756833, w: 1.780083[0m
[0m[ INFO] [1748136555.935240903]: Received reference trajectory - x: 2394.315186, y: 0.000000, phi: 0.000000, v: 499.602661, w: 0.000000[0m
[0m[ INFO] [1748136555.978337426]: [1748136555.978] Robot state - x: 2.344434, y: -0.208806, phi: -0.747720[0m
[0m[ INFO] [1748136555.978800564]: [1748136555.979] Reference trajectory - x: 2.394315, y: 0.000000, phi: 0.000000, v: 0.499603, w: 0.000000[0m
[0m[ INFO] [1748136555.979015732]: [1748136555.979] v: 0.766535, w: 1.822110[0m
[0m[ INFO] [1748136556.036637221]: Received reference trajectory - x: 2444.295654, y: 0.000000, phi: 0.000000, v: 499.889648, w: 0.000000[0m
[0m[ INFO] [1748136556.074207140]: [1748136556.074] Robot state - x: 2.392848, y: -0.255776, phi: -0.683844[0m
[0m[ INFO] [1748136556.074579621]: [1748136556.075] Reference trajectory - x: 2.444296, y: 0.000000, phi: 0.000000, v: 0.499890, w: 0.000000[0m
[0m[ INFO] [1748136556.075075975]: [1748136556.075] v: 0.771788, w: 1.841658[0m
[0m[ INFO] [1748136556.135231743]: Received reference trajectory - x: 2494.283447, y: 0.000000, phi: 0.000000, v: 499.998840, w: 0.000000[0m
[0m[ INFO] [1748136556.170832089]: [1748136556.171] Robot state - x: 2.444551, y: -0.300654, phi: -0.618090[0m
[0m[ INFO] [1748136556.170993690]: [1748136556.171] Reference trajectory - x: 2.494283, y: 0.000000, phi: 0.000000, v: 0.499999, w: 0.000000[0m
[0m[ INFO] [1748136556.171076282]: [1748136556.171] v: 0.771202, w: 1.853808[0m
[0m[ INFO] [1748136556.236227135]: Received reference trajectory - x: 2544.295166, y: 0.000000, phi: 0.000000, v: 499.930237, w: 0.000000[0m
[0m[ INFO] [1748136556.277118215]: [1748136556.277] Robot state - x: 2.499971, y: -0.342215, phi: -0.537306[0m
[0m[ INFO] [1748136556.277480327]: [1748136556.277] Reference trajectory - x: 2.544295, y: 0.000000, phi: 0.000000, v: 0.499930, w: 0.000000[0m
[0m[ INFO] [1748136556.277564808]: [1748136556.278] v: 0.763915, w: 1.829829[0m
[0m[ INFO] [1748136556.335145658]: Received reference trajectory - x: 2594.270020, y: 0.000000, phi: 0.000000, v: 499.683899, w: 0.000000[0m
[0m[ INFO] [1748136556.370847380]: [1748136556.371] Robot state - x: 2.558617, y: -0.380210, phi: -0.450886[0m
[0m[ INFO] [1748136556.371143925]: [1748136556.371] Reference trajectory - x: 2.594270, y: 0.000000, phi: 0.000000, v: 0.499684, w: 0.000000[0m
[0m[ INFO] [1748136556.371212949]: [1748136556.371] v: 0.750511, w: 1.786859[0m
[0m[ INFO] [1748136556.437101212]: Received reference trajectory - x: 2644.243896, y: 0.000000, phi: 0.000000, v: 499.259491, w: 0.000000[0m
[0m[ INFO] [1748136556.477217634]: [1748136556.477] Robot state - x: 2.620347, y: -0.413386, phi: -0.362588[0m
[0m[ INFO] [1748136556.477398978]: [1748136556.477] Reference trajectory - x: 2.644244, y: 0.000000, phi: 0.000000, v: 0.499260, w: 0.000000[0m
[0m[ INFO] [1748136556.477608323]: [1748136556.477] v: 0.731156, w: 1.728397[0m
[0m[ INFO] [1748136556.535290677]: Received reference trajectory - x: 2694.112793, y: 0.000000, phi: 0.000000, v: 498.657867, w: 0.000000[0m
[0m[ INFO] [1748136556.570937999]: [1748136556.571] Robot state - x: 2.684018, y: -0.440672, phi: -0.270532[0m
[0m[ INFO] [1748136556.571059087]: [1748136556.571] Reference trajectory - x: 2.694113, y: 0.000000, phi: 0.000000, v: 0.498658, w: 0.000000[0m
[0m[ INFO] [1748136556.571169680]: [1748136556.571] v: 0.707522, w: 1.647606[0m
[0m[ INFO] [1748136556.636912022]: Received reference trajectory - x: 2743.971436, y: 0.000000, phi: 0.000000, v: 497.877655, w: 0.000000[0m
[0m[ INFO] [1748136556.671693806]: [1748136556.671] Robot state - x: 2.749849, y: -0.462236, phi: -0.178476[0m
[0m[ INFO] [1748136556.672352816]: [1748136556.672] Reference trajectory - x: 2.743971, y: 0.000000, phi: 0.000000, v: 0.497878, w: 0.000000[0m
[0m[ INFO] [1748136556.672604849]: [1748136556.672] v: 0.679307, w: 1.551895[0m
[0m[ INFO] [1748136556.735230255]: Received reference trajectory - x: 2793.671387, y: 0.000000, phi: 0.000000, v: 496.920959, w: 0.000000[0m
[0m[ INFO] [1748136556.771441163]: [1748136556.771] Robot state - x: 2.816229, y: -0.477263, phi: -0.082662[0m
[0m[ INFO] [1748136556.771623052]: [1748136556.772] Reference trajectory - x: 2.793671, y: 0.000000, phi: 0.000000, v: 0.496921, w: 0.000000[0m
[0m[ INFO] [1748136556.771716812]: [1748136556.772] v: 0.648962, w: 1.431512[0m
[0m[ INFO] [1748136556.836699952]: Received reference trajectory - x: 2843.331299, y: 0.000000, phi: 0.000000, v: 495.785187, w: 0.000000[0m
[0m[ INFO] [1748136556.872779756]: [1748136556.873] Robot state - x: 2.882092, y: -0.486038, phi: 0.009394[0m
[0m[ INFO] [1748136556.872922124]: [1748136556.873] Reference trajectory - x: 2.843331, y: 0.000000, phi: 0.000000, v: 0.495785, w: 0.000000[0m
[0m[ INFO] [1748136556.872985292]: [1748136556.873] v: 0.618527, w: 1.301357[0m
[0m[ INFO] [1748136556.935155018]: Received reference trajectory - x: 2892.819824, y: 0.000000, phi: 0.000000, v: 494.472870, w: 0.000000[0m
[0m[ INFO] [1748136556.974627502]: [1748136556.974] Robot state - x: 2.947685, y: -0.488442, phi: 0.101449[0m
[0m[ INFO] [1748136556.975051215]: [1748136556.975] Reference trajectory - x: 2.892820, y: 0.000000, phi: 0.000000, v: 0.494473, w: 0.000000[0m
[0m[ INFO] [1748136556.975254000]: [1748136556.975] v: 0.587363, w: 1.153622[0m
[0m[ INFO] [1748136557.036986317]: Received reference trajectory - x: 2942.250244, y: 0.000000, phi: 0.000000, v: 492.980316, w: 0.000000[0m
[0m[ INFO] [1748136557.077961015]: [1748136557.078] Robot state - x: 3.011217, y: -0.485157, phi: 0.185991[0m
[0m[ INFO] [1748136557.078556504]: [1748136557.078] Reference trajectory - x: 2.942250, y: 0.000000, phi: 0.000000, v: 0.492980, w: 0.000000[0m
[0m[ INFO] [1748136557.078753369]: [1748136557.079] v: 0.558795, w: 1.004332[0m
[0m[ INFO] [1748136557.135225322]: Received reference trajectory - x: 2991.424561, y: 0.000000, phi: 0.000000, v: 491.313080, w: 0.000000[0m
[0m[ INFO] [1748136557.171425832]: [1748136557.171] Robot state - x: 3.072580, y: -0.476277, phi: 0.270532[0m
[0m[ INFO] [1748136557.171567144]: [1748136557.172] Reference trajectory - x: 2.991425, y: 0.000000, phi: 0.000000, v: 0.491313, w: 0.000000[0m
[0m[ INFO] [1748136557.171686408]: [1748136557.172] v: 0.532762, w: 0.839111[0m
[0m[ INFO] [1748136557.237229105]: Received reference trajectory - x: 3040.518066, y: 0.000000, phi: 0.000000, v: 489.464630, w: 0.000000[0m
[0m[ INFO] [1748136557.274482833]: [1748136557.274] Robot state - x: 3.131266, y: -0.462933, phi: 0.345680[0m
[0m[ INFO] [1748136557.274635857]: [1748136557.275] Reference trajectory - x: 3.040518, y: 0.000000, phi: 0.000000, v: 0.489465, w: 0.000000[0m
[0m[ INFO] [1748136557.274740914]: [1748136557.275] v: 0.510536, w: 0.678887[0m
[0m[ INFO] [1748136557.335299950]: Received reference trajectory - x: 3089.321289, y: 0.000000, phi: 0.000000, v: 487.442200, w: 0.000000[0m
[0m[ INFO] [1748136557.375466901]: [1748136557.375] Robot state - x: 3.186933, y: -0.445390, phi: 0.415191[0m
[0m[ INFO] [1748136557.375794230]: [1748136557.376] Reference trajectory - x: 3.089321, y: 0.000000, phi: 0.000000, v: 0.487442, w: 0.000000[0m
[0m[ INFO] [1748136557.375879382]: [1748136557.376] v: 0.492470, w: 0.517010[0m
[0m[ INFO] [1748136557.436997140]: Received reference trajectory - x: 3137.993164, y: 0.000000, phi: 0.000000, v: 485.238525, w: 0.000000[0m
[0m[ INFO] [1748136557.477303835]: [1748136557.477] Robot state - x: 3.240081, y: -0.424367, phi: 0.477188[0m
[0m[ INFO] [1748136557.477585180]: [1748136557.478] Reference trajectory - x: 3.137993, y: 0.000000, phi: 0.000000, v: 0.485239, w: 0.000000[0m
[0m[ INFO] [1748136557.477740604]: [1748136557.478] v: 0.478086, w: 0.358918[0m
[0m[ INFO] [1748136557.535285681]: Received reference trajectory - x: 3186.361328, y: 0.000000, phi: 0.000000, v: 482.860626, w: 0.000000[0m
[0m[ INFO] [1748136557.578264127]: [1748136557.578] Robot state - x: 3.290067, y: -0.400628, phi: 0.533549[0m
[0m[ INFO] [1748136557.578735329]: [1748136557.579] Reference trajectory - x: 3.186361, y: 0.000000, phi: 0.000000, v: 0.482861, w: 0.000000[0m
[0m[ INFO] [1748136557.578909121]: [1748136557.579] v: 0.468317, w: 0.203016[0m
[0m[ INFO] [1748136557.636504533]: Received reference trajectory - x: 3234.573486, y: 0.000000, phi: 0.000000, v: 480.300232, w: 0.000000[0m
[0m[ INFO] [1748136557.676068923]: [1748136557.676] Robot state - x: 3.337726, y: -0.374550, phi: 0.580516[0m
[0m[ INFO] [1748136557.676192764]: [1748136557.676] Reference trajectory - x: 3.234574, y: 0.000000, phi: 0.000000, v: 0.480300, w: 0.000000[0m
[0m[ INFO] [1748136557.676312156]: [1748136557.676] v: 0.462085, w: 0.057438[0m
[0m[ INFO] [1748136557.735151603]: Received reference trajectory - x: 3282.402588, y: 0.000000, phi: 0.000000, v: 477.568665, w: 0.000000[0m
[0m[ INFO] [1748136557.774339768]: [1748136557.774] Robot state - x: 3.382969, y: -0.346724, phi: 0.616211[0m
[0m[ INFO] [1748136557.774769497]: [1748136557.775] Reference trajectory - x: 3.282403, y: 0.000000, phi: 0.000000, v: 0.477569, w: 0.000000[0m
[0m[ INFO] [1748136557.774936474]: [1748136557.775] v: 0.459255, w: -0.072655[0m
[0m[ INFO] [1748136557.837361115]: Received reference trajectory - x: 3330.067871, y: 0.000000, phi: 0.000000, v: 474.652344, w: 0.000000[0m
[0m[ INFO] [1748136557.878326788]: [1748136557.878] Robot state - x: 3.426244, y: -0.317341, phi: 0.648149[0m
[0m[ INFO] [1748136557.878810789]: [1748136557.879] Reference trajectory - x: 3.330068, y: 0.000000, phi: 0.000000, v: 0.474652, w: 0.000000[0m
[0m[ INFO] [1748136557.879001094]: [1748136557.879] v: 0.459507, w: -0.201191[0m
[0m[ INFO] [1748136557.935245559]: Received reference trajectory - x: 3377.325928, y: 0.000000, phi: 0.000000, v: 471.565033, w: 0.000000[0m
[0m[ INFO] [1748136557.978513318]: [1748136557.978] Robot state - x: 3.468232, y: -0.286829, phi: 0.672572[0m
[0m[ INFO] [1748136557.978835335]: [1748136557.979] Reference trajectory - x: 3.377326, y: 0.000000, phi: 0.000000, v: 0.471565, w: 0.000000[0m
[0m[ INFO] [1748136557.978896295]: [1748136557.979] v: 0.461321, w: -0.319840[0m
[0m[ INFO] [1748136558.036991550]: Received reference trajectory - x: 3424.353516, y: 0.000000, phi: 0.000000, v: 468.294098, w: 0.000000[0m
[0m[ INFO] [1748136558.071430008]: [1748136558.071] Robot state - x: 3.508441, y: -0.255960, phi: 0.685723[0m
[0m[ INFO] [1748136558.071843001]: [1748136558.072] Reference trajectory - x: 3.424354, y: 0.000000, phi: 0.000000, v: 0.468294, w: 0.000000[0m
[0m[ INFO] [1748136558.072039354]: [1748136558.072] v: 0.465889, w: -0.419275[0m
[0m[ INFO] [1748136558.135214559]: Received reference trajectory - x: 3470.983398, y: 0.000000, phi: 0.000000, v: 464.849823, w: 0.000000[0m
[0m[ INFO] [1748136558.170638748]: [1748136558.171] Robot state - x: 3.548260, y: -0.223940, phi: 0.695117[0m
[0m[ INFO] [1748136558.170763228]: [1748136558.171] Reference trajectory - x: 3.470984, y: 0.000000, phi: 0.000000, v: 0.464850, w: 0.000000[0m
[0m[ INFO] [1748136558.170828892]: [1748136558.171] v: 0.470577, w: -0.516145[0m
[0m[ INFO] [1748136558.235363461]: Received reference trajectory - x: 3517.279785, y: 0.000000, phi: 0.000000, v: 461.226410, w: 0.000000[0m
[0m[ INFO] [1748136558.278691351]: [1748136558.278] Robot state - x: 3.587337, y: -0.191969, phi: 0.695117[0m
[0m[ INFO] [1748136558.279086424]: [1748136558.279] Reference trajectory - x: 3.517280, y: 0.000000, phi: 0.000000, v: 0.461226, w: 0.000000[0m
[0m[ INFO] [1748136558.279274392]: [1748136558.279] v: 0.476103, w: -0.596326[0m
[0m[ INFO] [1748136558.335129162]: Received reference trajectory - x: 3563.208252, y: 0.000000, phi: 0.000000, v: 457.425049, w: 0.000000[0m
[0m[ INFO] [1748136558.370962120]: [1748136558.371] Robot state - x: 3.625922, y: -0.160035, phi: 0.687602[0m
[0m[ INFO] [1748136558.371093928]: [1748136558.371] Reference trajectory - x: 3.563208, y: 0.000000, phi: 0.000000, v: 0.457425, w: 0.000000[0m
[0m[ INFO] [1748136558.371185033]: [1748136558.371] v: 0.481990, w: -0.663442[0m
[0m[ INFO] [1748136558.437378038]: Received reference trajectory - x: 3608.787842, y: 0.000000, phi: 0.000000, v: 453.442322, w: 0.000000[0m
[0m[ INFO] [1748136558.478471489]: [1748136558.478] Robot state - x: 3.664879, y: -0.127916, phi: 0.676330[0m
[0m[ INFO] [1748136558.478924547]: [1748136558.479] Reference trajectory - x: 3.608788, y: 0.000000, phi: 0.000000, v: 0.453442, w: 0.000000[0m
[0m[ INFO] [1748136558.479187811]: [1748136558.479] v: 0.486766, w: -0.725313[0m
[0m[ INFO] [1748136558.535200278]: Received reference trajectory - x: 3653.898193, y: 0.000000, phi: 0.000000, v: 449.287384, w: 0.000000[0m
[0m[ INFO] [1748136558.577376740]: [1748136558.577] Robot state - x: 3.704195, y: -0.096239, phi: 0.657543[0m
[0m[ INFO] [1748136558.577772613]: [1748136558.578] Reference trajectory - x: 3.653898, y: 0.000000, phi: 0.000000, v: 0.449287, w: 0.000000[0m
[0m[ INFO] [1748136558.577936550]: [1748136558.578] v: 0.490219, w: -0.772987[0m
[0m[ INFO] [1748136558.637029216]: Received reference trajectory - x: 3698.635986, y: 0.000000, phi: 0.000000, v: 444.949768, w: 0.000000[0m
[0m[ INFO] [1748136558.678088844]: [1748136558.678] Robot state - x: 3.743419, y: -0.065418, phi: 0.636877[0m
[0m[ INFO] [1748136558.678691501]: [1748136558.679] Reference trajectory - x: 3.698636, y: 0.000000, phi: 0.000000, v: 0.444950, w: 0.000000[0m
[0m[ INFO] [1748136558.678802478]: [1748136558.679] v: 0.493260, w: -0.816064[0m
[0m[ INFO] [1748136558.735272833]: Received reference trajectory - x: 3742.885010, y: 0.000000, phi: 0.000000, v: 440.438965, w: 0.000000[0m
[0m[ INFO] [1748136558.778306866]: [1748136558.778] Robot state - x: 3.783974, y: -0.035005, phi: 0.608697[0m
[0m[ INFO] [1748136558.778777011]: [1748136558.779] Reference trajectory - x: 3.742885, y: 0.000000, phi: 0.000000, v: 0.440439, w: 0.000000[0m
[0m[ INFO] [1748136558.778906259]: [1748136558.779] v: 0.493196, w: -0.844983[0m
[0m[ INFO] [1748136558.837359436]: Received reference trajectory - x: 3786.777588, y: 0.000000, phi: 0.000000, v: 435.739227, w: 0.000000[0m
[0m[ INFO] [1748136558.879452443]: [1748136558.879] Robot state - x: 3.824931, y: -0.005826, phi: 0.573002[0m
[0m[ INFO] [1748136558.881430240]: [1748136558.881] Reference trajectory - x: 3.786777, y: 0.000000, phi: 0.000000, v: 0.435739, w: 0.000000[0m
[0m[ INFO] [1748136558.888665619]: [1748136558.887] v: 0.491785, w: -0.857392[0m
[0m[ INFO] [1748136558.935213612]: Received reference trajectory - x: 3830.026367, y: 0.000000, phi: 0.000000, v: 430.879944, w: 0.000000[0m
[0m[ INFO] [1748136558.970947242]: [1748136558.971] Robot state - x: 3.866693, y: 0.022188, phi: 0.537306[0m
[0m[ INFO] [1748136558.971076234]: [1748136558.971] Reference trajectory - x: 3.830026, y: 0.000000, phi: 0.000000, v: 0.430880, w: 0.000000[0m
[0m[ INFO] [1748136558.971145514]: [1748136558.971] v: 0.487814, w: -0.867818[0m
[0m[ INFO] [1748136559.035489588]: Received reference trajectory - x: 3872.861572, y: 0.000000, phi: 0.000000, v: 425.833862, w: 0.000000[0m
[0m[ INFO] [1748136559.078240614]: [1748136559.078] Robot state - x: 3.908742, y: 0.048268, phi: 0.501611[0m
[0m[ INFO] [1748136559.078735207]: [1748136559.079] Reference trajectory - x: 3.872862, y: 0.000000, phi: 0.000000, v: 0.425834, w: 0.000000[0m
[0m[ INFO] [1748136559.078848359]: [1748136559.079] v: 0.482501, w: -0.874041[0m
[0m[ INFO] [1748136559.135325438]: Received reference trajectory - x: 3915.182861, y: 0.000000, phi: 0.000000, v: 420.610107, w: 0.000000[0m
[0m[ INFO] [1748136559.171046268]: [1748136559.171] Robot state - x: 3.952338, y: 0.072926, phi: 0.456523[0m
[0m[ INFO] [1748136559.171240797]: [1748136559.171] Reference trajectory - x: 3.915183, y: 0.000000, phi: 0.000000, v: 0.420610, w: 0.000000[0m
[0m[ INFO] [1748136559.171332221]: [1748136559.171] v: 0.473448, w: -0.859436[0m
[0m[ INFO] [1748136559.237346253]: Received reference trajectory - x: 3956.980713, y: 0.000000, phi: 0.000000, v: 415.207520, w: 0.000000[0m
[0m[ INFO] [1748136559.278461882]: [1748136559.278] Robot state - x: 3.996427, y: 0.095827, phi: 0.411434[0m
[0m[ INFO] [1748136559.278927003]: [1748136559.279] Reference trajectory - x: 3.956981, y: 0.000000, phi: 0.000000, v: 0.415208, w: 0.000000[0m
[0m[ INFO] [1748136559.279096284]: [1748136559.279] v: 0.462383, w: -0.840975[0m
[0m[ INFO] [1748136559.335217585]: Received reference trajectory - x: 3998.220215, y: 0.000000, phi: 0.000000, v: 409.628387, w: 0.000000[0m
[0m[ INFO] [1748136559.370933296]: [1748136559.371] Robot state - x: 4.040771, y: 0.116378, phi: 0.366345[0m
[0m[ INFO] [1748136559.371124976]: [1748136559.371] Reference trajectory - x: 3.998220, y: 0.000000, phi: 0.000000, v: 0.409628, w: 0.000000[0m
[0m[ INFO] [1748136559.371238673]: [1748136559.371] v: 0.449620, w: -0.816908[0m
[0m[ INFO] [1748136559.437183968]: Received reference trajectory - x: 4038.930420, y: 0.000000, phi: 0.000000, v: 403.866089, w: 0.000000[0m
[0m[ INFO] [1748136559.478332909]: [1748136559.478] Robot state - x: 4.085282, y: 0.134519, phi: 0.317499[0m
[0m[ INFO] [1748136559.478720494]: [1748136559.479] Reference trajectory - x: 4.038930, y: 0.000000, phi: 0.000000, v: 0.403866, w: 0.000000[0m
[0m[ INFO] [1748136559.479322768]: [1748136559.479] v: 0.435318, w: -0.779769[0m
[0m[ INFO] [1748136559.535360837]: Received reference trajectory - x: 4079.003174, y: 0.000000, phi: 0.000000, v: 397.933594, w: 0.000000[0m
[0m[ INFO] [1748136559.571487973]: [1748136559.571] Robot state - x: 4.130185, y: 0.150501, phi: 0.268653[0m
[0m[ INFO] [1748136559.571656581]: [1748136559.572] Reference trajectory - x: 4.079003, y: 0.000000, phi: 0.000000, v: 0.397934, w: 0.000000[0m
[0m[ INFO] [1748136559.571776230]: [1748136559.572] v: 0.418879, w: -0.737347[0m
[0m[ INFO] [1748136559.637032979]: Received reference trajectory - x: 4118.525391, y: 0.000000, phi: 0.000000, v: 391.815338, w: 0.000000[0m
[0m[ INFO] [1748136559.675721722]: [1748136559.676] Robot state - x: 4.175042, y: 0.164037, phi: 0.219807[0m
[0m[ INFO] [1748136559.675877786]: [1748136559.676] Reference trajectory - x: 4.118526, y: 0.000000, phi: 0.000000, v: 0.391815, w: 0.000000[0m
[0m[ INFO] [1748136559.675991419]: [1748136559.676] v: 0.401157, w: -0.688743[0m
[0m[ INFO] [1748136559.735314296]: Received reference trajectory - x: 4157.351074, y: 0.000000, phi: 0.000000, v: 385.531403, w: 0.000000[0m
[0m[ INFO] [1748136559.771209144]: [1748136559.771] Robot state - x: 4.219124, y: 0.175066, phi: 0.172840[0m
[0m[ INFO] [1748136559.771333880]: [1748136559.771] Reference trajectory - x: 4.157351, y: 0.000000, phi: 0.000000, v: 0.385531, w: 0.000000[0m
[0m[ INFO] [1748136559.771383672]: [1748136559.771] v: 0.383168, w: -0.637269[0m
[0m[ INFO] [1748136559.837168007]: Received reference trajectory - x: 4195.581055, y: 0.000000, phi: 0.000000, v: 379.063080, w: 0.000000[0m
[0m[ INFO] [1748136559.879430775]: [1748136559.879] Robot state - x: 4.263106, y: 0.183771, phi: 0.123994[0m
[0m[ INFO] [1748136559.879782296]: [1748136559.880] Reference trajectory - x: 4.195581, y: 0.000000, phi: 0.000000, v: 0.379063, w: 0.000000[0m
[0m[ INFO] [1748136559.880324314]: [1748136559.880] v: 0.363894, w: -0.576131[0m
[0m[ INFO] [1748136559.935261132]: Received reference trajectory - x: 4233.159668, y: 0.000000, phi: 0.000000, v: 372.416260, w: 0.000000[0m
[0m[ INFO] [1748136559.977846589]: [1748136559.977] Robot state - x: 4.306044, y: 0.190232, phi: 0.077026[0m
[0m[ INFO] [1748136559.978456798]: [1748136559.978] Reference trajectory - x: 4.233160, y: 0.000000, phi: 0.000000, v: 0.372416, w: 0.000000[0m
[0m[ INFO] [1748136559.978666047]: [1748136559.979] v: 0.344869, w: -0.512652[0m
[0m[ INFO] [1748136560.037643933]: Received reference trajectory - x: 4270.121582, y: 0.000000, phi: 0.000000, v: 365.580750, w: 0.000000[0m
[0m[ INFO] [1748136560.079465550]: [1748136560.079] Robot state - x: 4.348032, y: 0.194546, phi: 0.033817[0m
[0m[ INFO] [1748136560.079602862]: [1748136560.080] Reference trajectory - x: 4.270122, y: 0.000000, phi: 0.000000, v: 0.365581, w: 0.000000[0m
[0m[ INFO] [1748136560.079729903]: [1748136560.080] v: 0.325999, w: -0.450599[0m
[0m[ INFO] [1748136560.135258181]: Received reference trajectory - x: 4306.280273, y: 0.000000, phi: 0.000000, v: 358.588623, w: 0.000000[0m
[0m[ INFO] [1748136560.235580339]: Received reference trajectory - x: 4341.768555, y: 0.000000, phi: 0.000000, v: 351.411652, w: 0.000000[0m
[0m[ INFO] [1748136560.294116625]: [1748136560.294] Robot state - x: 4.388968, y: 0.196817, phi: -0.009393[0m
[0m[ INFO] [1748136560.294225490]: [1748136560.294] Reference trajectory - x: 4.341769, y: 0.000000, phi: 0.000000, v: 0.351412, w: 0.000000[0m
[0m[ INFO] [1748136560.294277106]: [1748136560.294] v: 0.361969, w: -0.382975[0m
[0m[ INFO] [1748136560.295451285]: [1748136560.295] Robot state - x: 4.428547, y: 0.197412, phi: -0.046967[0m
[0m[ INFO] [1748136560.295535093]: [1748136560.296] Reference trajectory - x: 4.341769, y: 0.000000, phi: 0.000000, v: 0.351412, w: 0.000000[0m
[0m[ INFO] [1748136560.295582485]: [1748136560.296] v: 0.290751, w: -0.321515[0m
[0m[ INFO] [1748136560.335251744]: Received reference trajectory - x: 4376.541504, y: 0.000000, phi: 0.000000, v: 344.054688, w: 0.000000[0m
[0m[ INFO] [1748136560.372394309]: [1748136560.372] Robot state - x: 4.466915, y: 0.197989, phi: -0.084541[0m
[0m[ INFO] [1748136560.372852422]: [1748136560.373] Reference trajectory - x: 4.376542, y: 0.000000, phi: 0.000000, v: 0.344055, w: 0.000000[0m
[0m[ INFO] [1748136560.373064518]: [1748136560.373] v: 0.273237, w: -0.260030[0m
[0m[ INFO] [1748136560.437653301]: Received reference trajectory - x: 4410.623047, y: 0.000000, phi: 0.000000, v: 336.507812, w: 0.000000[0m
[0m[ INFO] [1748136560.472901140]: [1748136560.473] Robot state - x: 4.505005, y: 0.195516, phi: -0.120236[0m
[0m[ INFO] [1748136560.473026612]: [1748136560.473] Reference trajectory - x: 4.410623, y: 0.000000, phi: 0.000000, v: 0.336508, w: 0.000000[0m
[0m[ INFO] [1748136560.473091860]: [1748136560.473] v: 0.254649, w: -0.193567[0m
[0m[ INFO] [1748136560.535275004]: Received reference trajectory - x: 4443.844727, y: 0.000000, phi: 0.000000, v: 328.805206, w: 0.000000[0m
[0m[ INFO] [1748136560.578089936]: [1748136560.578] Robot state - x: 4.540967, y: 0.191821, phi: -0.155931[0m
[0m[ INFO] [1748136560.578450385]: [1748136560.578] Reference trajectory - x: 4.443845, y: 0.000000, phi: 0.000000, v: 0.328805, w: 0.000000[0m
[0m[ INFO] [1748136560.579243955]: [1748136560.579] v: 0.237941, w: -0.123543[0m
[0m[ INFO] [1748136560.637156079]: Received reference trajectory - x: 4476.357422, y: 0.000000, phi: 0.000000, v: 320.908203, w: 0.000000[0m
[0m[ INFO] [1748136560.680246051]: [1748136560.679] Robot state - x: 4.574798, y: 0.187314, phi: -0.180355[0m
[0m[ INFO] [1748136560.681062214]: [1748136560.681] Reference trajectory - x: 4.476357, y: 0.000000, phi: 0.000000, v: 0.320908, w: 0.000000[0m
[0m[ INFO] [1748136560.681311334]: [1748136560.681] v: 0.223398, w: -0.072644[0m
[0m[ INFO] [1748136560.735184152]: Received reference trajectory - x: 4508.024414, y: 0.000000, phi: 0.000000, v: 312.845215, w: 0.000000[0m
[0m[ INFO] [1748136560.777534538]: [1748136560.777] Robot state - x: 4.607652, y: 0.181737, phi: -0.204778[0m
[0m[ INFO] [1748136560.777941995]: [1748136560.778] Reference trajectory - x: 4.508024, y: 0.000000, phi: 0.000000, v: 0.312845, w: 0.000000[0m
[0m[ INFO] [1748136560.778137740]: [1748136560.778] v: 0.208861, w: -0.018528[0m
[0m[ INFO] [1748136560.836799242]: Received reference trajectory - x: 4538.938965, y: 0.000000, phi: 0.000000, v: 304.587738, w: 0.000000[0m
[0m[ INFO] [1748136560.872193770]: [1748136560.872] Robot state - x: 4.639182, y: 0.175651, phi: -0.225443[0m
[0m[ INFO] [1748136560.872317642]: [1748136560.872] Reference trajectory - x: 4.538939, y: 0.000000, phi: 0.000000, v: 0.304588, w: 0.000000[0m
[0m[ INFO] [1748136560.872381386]: [1748136560.872] v: 0.195074, w: 0.030082[0m
[0m[ INFO] [1748136560.935131571]: Received reference trajectory - x: 4568.936035, y: 0.000000, phi: 0.000000, v: 296.175446, w: 0.000000[0m
[0m[ INFO] [1748136560.970812628]: [1748136560.971] Robot state - x: 4.668783, y: 0.169213, phi: -0.244230[0m
[0m[ INFO] [1748136560.970981588]: [1748136560.971] Reference trajectory - x: 4.568936, y: 0.000000, phi: 0.000000, v: 0.296175, w: 0.000000[0m
[0m[ INFO] [1748136560.971092916]: [1748136560.971] v: 0.182868, w: 0.076361[0m
[0m[ INFO] [1748136561.036588615]: Received reference trajectory - x: 4598.134277, y: 0.000000, phi: 0.000000, v: 287.570770, w: 0.000000[0m
[0m[ INFO] [1748136561.075438865]: [1748136561.075] Robot state - x: 4.697676, y: 0.162386, phi: -0.257381[0m
[0m[ INFO] [1748136561.075733778]: [1748136561.076] Reference trajectory - x: 4.598134, y: 0.000000, phi: 0.000000, v: 0.287571, w: 0.000000[0m
[0m[ INFO] [1748136561.075832882]: [1748136561.076] v: 0.170332, w: 0.113231[0m
[0m[ INFO] [1748136561.135254773]: Received reference trajectory - x: 4626.448242, y: 0.000000, phi: 0.000000, v: 278.792755, w: 0.000000[0m
[0m[ INFO] [1748136561.179290030]: [1748136561.179] Robot state - x: 4.725072, y: 0.155394, phi: -0.268653[0m
[0m[ INFO] [1748136561.179659727]: [1748136561.180] Reference trajectory - x: 4.626448, y: 0.000000, phi: 0.000000, v: 0.278793, w: 0.000000[0m
[0m[ INFO] [1748136561.179816559]: [1748136561.180] v: 0.158704, w: 0.147275[0m
[0m[ INFO] [1748136561.237140236]: Received reference trajectory - x: 4653.935059, y: 0.000000, phi: 0.000000, v: 269.817291, w: 0.000000[0m
[0m[ INFO] [1748136561.278365277]: [1748136561.278] Robot state - x: 4.751406, y: 0.148331, phi: -0.278047[0m
[0m[ INFO] [1748136561.278856830]: [1748136561.279] Reference trajectory - x: 4.653935, y: 0.000000, phi: 0.000000, v: 0.269817, w: 0.000000[0m
[0m[ INFO] [1748136561.279001855]: [1748136561.279] v: 0.147332, w: 0.178238[0m
[0m[ INFO] [1748136561.335329593]: Received reference trajectory - x: 4680.415527, y: 0.000000, phi: 0.000000, v: 260.697937, w: 0.000000[0m
[0m[ INFO] [1748136561.372217118]: [1748136561.372] Robot state - x: 4.776505, y: 0.141345, phi: -0.283683[0m
[0m[ INFO] [1748136561.372436479]: [1748136561.372] Reference trajectory - x: 4.680416, y: 0.000000, phi: 0.000000, v: 0.260698, w: 0.000000[0m
[0m[ INFO] [1748136561.372555871]: [1748136561.372] v: 0.136267, w: 0.202104[0m
[0m[ INFO] [1748136561.435235467]: Received reference trajectory - x: 4706.013672, y: 0.000000, phi: 0.000000, v: 251.387634, w: 0.000000[0m
[0m[ INFO] [1748136561.483240654]: [1748136561.483] Robot state - x: 4.800573, y: 0.134426, phi: -0.287440[0m
[0m[ INFO] [1748136561.485672629]: [1748136561.486] Reference trajectory - x: 4.706014, y: 0.000000, phi: 0.000000, v: 0.251388, w: 0.000000[0m
[0m[ INFO] [1748136561.487291962]: [1748136561.487] v: 0.125330, w: 0.222496[0m
[0m[ INFO] [1748136561.535121821]: Received reference trajectory - x: 4730.673828, y: 0.000000, phi: 0.000000, v: 241.899063, w: 0.000000[0m
[0m[ INFO] [1748136561.571006175]: [1748136561.571] Robot state - x: 4.823451, y: 0.127755, phi: -0.287440[0m
[0m[ INFO] [1748136561.571104031]: [1748136561.571] Reference trajectory - x: 4.730674, y: 0.000000, phi: 0.000000, v: 0.241899, w: 0.000000[0m
[0m[ INFO] [1748136561.571148031]: [1748136561.571] v: 0.114724, w: 0.235302[0m
[0m[ INFO] [1748136561.637250644]: Received reference trajectory - x: 4754.400879, y: 0.000000, phi: 0.000000, v: 232.222549, w: 0.000000[0m
[0m[ INFO] [1748136561.673525336]: [1748136561.673] Robot state - x: 4.845730, y: 0.121192, phi: -0.285561[0m
[0m[ INFO] [1748136561.673873849]: [1748136561.674] Reference trajectory - x: 4.754401, y: 0.000000, phi: 0.000000, v: 0.232223, w: 0.000000[0m
[0m[ INFO] [1748136561.674009561]: [1748136561.674] v: 0.103427, w: 0.244508[0m
[0m[ INFO] [1748136561.735289153]: Received reference trajectory - x: 4777.119629, y: 0.000000, phi: 0.000000, v: 222.381775, w: 0.000000[0m
[0m[ INFO] [1748136561.777878422]: [1748136561.777] Robot state - x: 4.866646, y: 0.115008, phi: -0.285561[0m
[0m[ INFO] [1748136561.778418839]: [1748136561.778] Reference trajectory - x: 4.777120, y: 0.000000, phi: 0.000000, v: 0.222382, w: 0.000000[0m
[0m[ INFO] [1748136561.778683512]: [1748136561.779] v: 0.092649, w: 0.256532[0m
[0m[ INFO] [1748136561.837102168]: Received reference trajectory - x: 4798.856445, y: 0.000000, phi: 0.000000, v: 212.358444, w: 0.000000[0m
[0m[ INFO] [1748136561.876441508]: [1748136561.876] Robot state - x: 4.886622, y: 0.109205, phi: -0.279925[0m
[0m[ INFO] [1748136561.876558788]: [1748136561.877] Reference trajectory - x: 4.798856, y: 0.000000, phi: 0.000000, v: 0.212358, w: 0.000000[0m
[0m[ INFO] [1748136561.876685700]: [1748136561.877] v: 0.081696, w: 0.256970[0m
[0m[ INFO] [1748136561.935177701]: Received reference trajectory - x: 4819.590332, y: 0.000000, phi: 0.000000, v: 202.153137, w: 0.000000[0m
[0m[ INFO] [1748136561.971194951]: [1748136561.971] Robot state - x: 4.905623, y: 0.103665, phi: -0.276168[0m
[0m[ INFO] [1748136561.971330920]: [1748136561.971] Reference trajectory - x: 4.819591, y: 0.000000, phi: 0.000000, v: 0.202153, w: 0.000000[0m
[0m[ INFO] [1748136561.971395976]: [1748136561.971] v: 0.070592, w: 0.260521[0m
[0m[ INFO] [1748136562.037667679]: Received reference trajectory - x: 4839.303223, y: 0.000000, phi: 0.000000, v: 191.765182, w: 0.000000[0m
[0m[ INFO] [1748136562.078020559]: [1748136562.078] Robot state - x: 4.923888, y: 0.098489, phi: -0.268653[0m
[0m[ INFO] [1748136562.078465840]: [1748136562.078] Reference trajectory - x: 4.839303, y: 0.000000, phi: 0.000000, v: 0.191765, w: 0.000000[0m
[0m[ INFO] [1748136562.078641713]: [1748136562.079] v: 0.058884, w: 0.256100[0m
[0m[ INFO] [1748136562.135193070]: Received reference trajectory - x: 4857.934082, y: 0.000000, phi: 0.000000, v: 181.219086, w: 0.000000[0m
[0m[ INFO] [1748136562.175012125]: [1748136562.175] Robot state - x: 4.940616, y: 0.093816, phi: -0.261138[0m
[0m[ INFO] [1748136562.175139997]: [1748136562.175] Reference trajectory - x: 4.857934, y: 0.000000, phi: 0.000000, v: 0.181219, w: 0.000000[0m
[0m[ INFO] [1748136562.175205725]: [1748136562.175] v: 0.047878, w: 0.250490[0m
[0m[ INFO] [1748136562.235335845]: Received reference trajectory - x: 4875.518555, y: 0.000000, phi: 0.000000, v: 170.485153, w: 0.000000[0m
[0m[ INFO] [1748136562.277895963]: [1748136562.277] Robot state - x: 4.956989, y: 0.089374, phi: -0.253624[0m
[0m[ INFO] [1748136562.278339004]: [1748136562.278] Reference trajectory - x: 4.875518, y: 0.000000, phi: 0.000000, v: 0.170485, w: 0.000000[0m
[0m[ INFO] [1748136562.285678801]: [1748136562.285] v: 0.035561, w: 0.244437[0m
[0m[ INFO] [1748136562.335166938]: Received reference trajectory - x: 4892.021484, y: 0.000000, phi: 0.000000, v: 159.573257, w: 0.000000[0m
[0m[ INFO] [1748136562.378303282]: [1748136562.378] Robot state - x: 4.972032, y: 0.085430, phi: -0.244230[0m
[0m[ INFO] [1748136562.378769652]: [1748136562.379] Reference trajectory - x: 4.892022, y: 0.000000, phi: 0.000000, v: 0.159573, w: 0.000000[0m
[0m[ INFO] [1748136562.378944116]: [1748136562.379] v: 0.023557, w: 0.233582[0m
[0m[ INFO] [1748136562.436704373]: Received reference trajectory - x: 4907.437988, y: 0.000000, phi: 0.000000, v: 148.473083, w: 0.000000[0m
[0m[ INFO] [1748136562.475640001]: [1748136562.476] Robot state - x: 4.985929, y: 0.081897, phi: -0.234837[0m
[0m[ INFO] [1748136562.475778817]: [1748136562.476] Reference trajectory - x: 4.907438, y: 0.000000, phi: 0.000000, v: 0.148473, w: 0.000000[0m
[0m[ INFO] [1748136562.475873698]: [1748136562.476] v: 0.011531, w: 0.221742[0m
[0m[ INFO] [1748136562.535374087]: Received reference trajectory - x: 4921.717285, y: 0.000000, phi: 0.000000, v: 137.209488, w: 0.000000[0m
[0m[ INFO] [1748136562.570720873]: [1748136562.571] Robot state - x: 4.999074, y: 0.078687, phi: -0.225443[0m
[0m[ INFO] [1748136562.570898986]: [1748136562.571] Reference trajectory - x: 4.921717, y: 0.000000, phi: 0.000000, v: 0.137209, w: 0.000000[0m
[0m[ INFO] [1748136562.570969706]: [1748136562.571] v: -0.001262, w: 0.209151[0m
[0m[ INFO] [1748136562.637546531]: Received reference trajectory - x: 4934.903320, y: 0.000000, phi: 0.000000, v: 125.730240, w: 0.000000[0m
[0m[ INFO] [1748136562.677308114]: [1748136562.677] Robot state - x: 5.010869, y: 0.075912, phi: -0.217928[0m
[0m[ INFO] [1748136562.677685459]: [1748136562.678] Reference trajectory - x: 4.934903, y: 0.000000, phi: 0.000000, v: 0.125730, w: 0.000000[0m
[0m[ INFO] [1748136562.677835667]: [1748136562.678] v: -0.013773, w: 0.199074[0m
[0m[ INFO] [1748136562.735263891]: Received reference trajectory - x: 4946.861816, y: 0.000000, phi: 0.000000, v: 114.141319, w: 0.000000[0m
[0m[ INFO] [1748136562.774093951]: [1748136562.774] Robot state - x: 5.021907, y: 0.073446, phi: -0.206656[0m
[0m[ INFO] [1748136562.774277055]: [1748136562.774] Reference trajectory - x: 4.946862, y: 0.000000, phi: 0.000000, v: 0.114141, w: 0.000000[0m
[0m[ INFO] [1748136562.774395520]: [1748136562.774] v: -0.027152, w: 0.181053[0m
[0m[ INFO] [1748136562.836669453]: Received reference trajectory - x: 4957.686523, y: 0.000000, phi: 0.000000, v: 102.340492, w: 0.000000[0m
[0m[ INFO] [1748136562.878970691]: [1748136562.879] Robot state - x: 5.031974, y: 0.071266, phi: -0.197263[0m
[0m[ INFO] [1748136562.879721797]: [1748136562.880] Reference trajectory - x: 4.957686, y: 0.000000, phi: 0.000000, v: 0.102340, w: 0.000000[0m
[0m[ INFO] [1748136562.880369287]: [1748136562.880] v: -0.040986, w: 0.165933[0m
[0m[ INFO] [1748136562.935197407]: Received reference trajectory - x: 4967.321289, y: 0.000000, phi: 0.000000, v: 90.362755, w: 0.000000[0m
[0m[ INFO] [1748136562.971405188]: [1748136562.971] Robot state - x: 5.040282, y: 0.069557, phi: -0.189748[0m
[0m[ INFO] [1748136562.971546404]: [1748136562.971] Reference trajectory - x: 4.967321, y: 0.000000, phi: 0.000000, v: 0.090363, w: 0.000000[0m
[0m[ INFO] [1748136562.971730949]: [1748136562.972] v: -0.053969, w: 0.153180[0m
[0m[ INFO] [1748136563.036701691]: Received reference trajectory - x: 4975.764648, y: 0.000000, phi: 0.000000, v: 78.184319, w: 0.000000[0m
[0m[ INFO] [1748136563.078223088]: [1748136563.078] Robot state - x: 5.048013, y: 0.068049, phi: -0.180355[0m
[0m[ INFO] [1748136563.078678193]: [1748136563.079] Reference trajectory - x: 4.975765, y: 0.000000, phi: 0.000000, v: 0.078184, w: 0.000000[0m
[0m[ INFO] [1748136563.078845906]: [1748136563.079] v: -0.068166, w: 0.136336[0m
[0m[ INFO] [1748136563.135404241]: Received reference trajectory - x: 4982.958008, y: 0.000000, phi: 0.000000, v: 65.867081, w: 0.000000[0m
[0m[ INFO] [1748136563.172212057]: [1748136563.172] Robot state - x: 5.054564, y: 0.066823, phi: -0.170961[0m
[0m[ INFO] [1748136563.172676442]: [1748136563.173] Reference trajectory - x: 4.982958, y: 0.000000, phi: 0.000000, v: 0.065867, w: 0.000000[0m
[0m[ INFO] [1748136563.172833979]: [1748136563.173] v: -0.082593, w: 0.118768[0m
[0m[ INFO] [1748136563.236113645]: Received reference trajectory - x: 4988.931641, y: 0.000000, phi: 0.000000, v: 53.327858, w: 0.000000[0m
[0m[ INFO] [1748136563.271595185]: [1748136563.271] Robot state - x: 5.059533, y: 0.065931, phi: -0.165325[0m
[0m[ INFO] [1748136563.271735634]: [1748136563.272] Reference trajectory - x: 4.988932, y: 0.000000, phi: 0.000000, v: 0.053328, w: 0.000000[0m
[0m[ INFO] [1748136563.271805554]: [1748136563.272] v: -0.096581, w: 0.107504[0m
[0m[ INFO] [1748136563.335534726]: Received reference trajectory - x: 4993.623535, y: 0.000000, phi: 0.000000, v: 40.661968, w: 0.000000[0m
[0m[ INFO] [1748136563.377782269]: [1748136563.377] Robot state - x: 5.063517, y: 0.065267, phi: -0.154053[0m
[0m[ INFO] [1748136563.378185726]: [1748136563.378] Reference trajectory - x: 4.993624, y: 0.000000, phi: 0.000000, v: 0.040662, w: 0.000000[0m
[0m[ INFO] [1748136563.378280286]: [1748136563.378] v: -0.111168, w: 0.084848[0m
[0m[ INFO] [1748136563.437821927]: Received reference trajectory - x: 4997.048828, y: 0.000000, phi: 0.000000, v: 27.789286, w: 0.000000[0m
[0m[ INFO] [1748136563.477156630]: [1748136563.477] Robot state - x: 5.066308, y: 0.064812, phi: -0.146538[0m
[0m[ INFO] [1748136563.478679002]: [1748136563.477] Reference trajectory - x: 4.997049, y: 0.000000, phi: 0.000000, v: 0.027789, w: 0.000000[0m
[0m[ INFO] [1748136563.478859514]: [1748136563.479] v: -0.126058, w: 0.068825[0m
[0m[ INFO] [1748136563.535304890]: Received reference trajectory - x: 4999.176270, y: 0.000000, phi: 0.000000, v: 14.748475, w: 0.000000[0m
[0m[ INFO] [1748136563.577946418]: [1748136563.578] Robot state - x: 5.067905, y: 0.064567, phi: -0.142781[0m
[0m[ INFO] [1748136563.578343059]: [1748136563.578] Reference trajectory - x: 4.999177, y: 0.000000, phi: 0.000000, v: 0.014748, w: 0.000000[0m
[0m[ INFO] [1748136563.578556404]: [1748136563.579] v: -0.141271, w: 0.059423[0m
[0m[ INFO] [1748136563.636929432]: Received reference trajectory - x: 4999.991211, y: 0.000000, phi: 0.000000, v: 1.510318, w: 0.000000[0m
[0m[ INFO] [1748136563.677712939]: [1748136563.677] Robot state - x: 5.068104, y: 0.064538, phi: -0.140902[0m
[0m[ INFO] [1748136563.678210797]: [1748136563.678] Reference trajectory - x: 4.999991, y: 0.000000, phi: 0.000000, v: 0.001510, w: 0.000000[0m
[0m[ INFO] [1748136563.678402605]: [1748136563.678] v: -0.156508, w: 0.053021[0m
[0m[ INFO] [1748136563.777963782]: [1748136563.777] Robot state - x: 5.068104, y: 0.064538, phi: -0.140902[0m
[0m[ INFO] [1748136563.778581000]: [1748136563.778] Reference trajectory - x: 4.999991, y: 0.000000, phi: 0.000000, v: 0.001510, w: 0.000000[0m
[0m[ INFO] [1748136563.778754473]: [1748136563.779] v: -0.159554, w: 0.050135[0m
[0m[ INFO] [1748136563.872349809]: [1748136563.872] Robot state - x: 5.067905, y: 0.064566, phi: -0.139023[0m
[0m[ INFO] [1748136563.872499057]: [1748136563.872] Reference trajectory - x: 4.999991, y: 0.000000, phi: 0.000000, v: 0.001510, w: 0.000000[0m
[0m[ INFO] [1748136563.872575185]: [1748136563.873] v: -0.162252, w: 0.043572[0m
[0m[ INFO] [1748136563.972084202]: [1748136563.972] Robot state - x: 5.067305, y: 0.064651, phi: -0.140902[0m
[0m[ INFO] [1748136563.972190346]: [1748136563.972] Reference trajectory - x: 4.999991, y: 0.000000, phi: 0.000000, v: 0.001510, w: 0.000000[0m
[0m[ INFO] [1748136563.972239947]: [1748136563.972] v: -0.164241, w: 0.044040[0m
[0m[ INFO] [1748136564.077518839]: [1748136564.077] Robot state - x: 5.064703, y: 0.065008, phi: -0.135266[0m
[0m[ INFO] [1748136564.077648023]: [1748136564.078] Reference trajectory - x: 4.999991, y: 0.000000, phi: 0.000000, v: 0.001510, w: 0.000000[0m
[0m[ INFO] [1748136564.077715511]: [1748136564.078] v: -0.162710, w: 0.029352[0m
[0m[ INFO] [1748136564.176852403]: [1748136564.177] Robot state - x: 5.060903, y: 0.065536, phi: -0.129630[0m
[0m[ INFO] [1748136564.177018259]: [1748136564.177] Reference trajectory - x: 4.999991, y: 0.000000, phi: 0.000000, v: 0.001510, w: 0.000000[0m
[0m[ INFO] [1748136564.177118260]: [1748136564.177] v: -0.158967, w: 0.014164[0m
[0m[ INFO] [1748136564.274047849]: [1748136564.274] Robot state - x: 5.057301, y: 0.066026, phi: -0.129630[0m
[0m[ INFO] [1748136564.274527851]: [1748136564.274] Reference trajectory - x: 4.999991, y: 0.000000, phi: 0.000000, v: 0.001510, w: 0.000000[0m
[0m[ INFO] [1748136564.274720043]: [1748136564.275] v: -0.155402, w: 0.009850[0m
[0m[ INFO] [1748136564.374625961]: [1748136564.374] Robot state - x: 5.052694, y: 0.066622, phi: -0.127751[0m
[0m[ INFO] [1748136564.374792778]: [1748136564.375] Reference trajectory - x: 4.999991, y: 0.000000, phi: 0.000000, v: 0.001510, w: 0.000000[0m
[0m[ INFO] [1748136564.374886378]: [1748136564.375] v: -0.149922, w: 0.001618[0m
[0m[ INFO] [1748136564.477592560]: [1748136564.477] Robot state - x: 5.047888, y: 0.067249, phi: -0.127751[0m
[0m[ INFO] [1748136564.478054513]: [1748136564.478] Reference trajectory - x: 4.999991, y: 0.000000, phi: 0.000000, v: 0.001510, w: 0.000000[0m
[0m[ INFO] [1748136564.478206610]: [1748136564.478] v: -0.143887, w: -0.003129[0m
[0m[ INFO] [1748136564.578108752]: [1748136564.578] Robot state - x: 5.042679, y: 0.067908, phi: -0.123994[0m
[0m[ INFO] [1748136564.578232400]: [1748136564.578] Reference trajectory - x: 4.999991, y: 0.000000, phi: 0.000000, v: 0.001510, w: 0.000000[0m
[0m[ INFO] [1748136564.578295120]: [1748136564.578] v: -0.136934, w: -0.015190[0m
[0m[ INFO] [1748136564.671369851]: [1748136564.671] Robot state - x: 5.037670, y: 0.068547, phi: -0.122115[0m
[0m[ INFO] [1748136564.671534139]: [1748136564.671] Reference trajectory - x: 4.999991, y: 0.000000, phi: 0.000000, v: 0.001510, w: 0.000000[0m
[0m[ INFO] [1748136564.671601467]: [1748136564.672] v: -0.130098, w: -0.023625[0m
[0m[ INFO] [1748136564.782524857]: [1748136564.782] Robot state - x: 5.032260, y: 0.069226, phi: -0.123994[0m
[0m[ INFO] [1748136564.782919546]: [1748136564.783] Reference trajectory - x: 4.999991, y: 0.000000, phi: 0.000000, v: 0.001510, w: 0.000000[0m
[0m[ INFO] [1748136564.783013242]: [1748136564.783] v: -0.122336, w: -0.025011[0m
[0m[ INFO] [1748136564.877676265]: [1748136564.877] Robot state - x: 5.026847, y: 0.069885, phi: -0.122115[0m
[0m[ INFO] [1748136564.878815340]: [1748136564.879] Reference trajectory - x: 4.999991, y: 0.000000, phi: 0.000000, v: 0.001510, w: 0.000000[0m
[0m[ INFO] [1748136564.878944525]: [1748136564.879] v: -0.114328, w: -0.033563[0m
[0m[ INFO] [1748136564.977935208]: [1748136564.977] Robot state - x: 5.021437, y: 0.070565, phi: -0.123994[0m
[0m[ INFO] [1748136564.978364297]: [1748136564.978] Reference trajectory - x: 4.999991, y: 0.000000, phi: 0.000000, v: 0.001510, w: 0.000000[0m
[0m[ INFO] [1748136564.979662893]: [1748136564.980] v: -0.106083, w: -0.035008[0m
[0m[ INFO] [1748136565.075311170]: [1748136565.075] Robot state - x: 5.016224, y: 0.071205, phi: -0.123994[0m
[0m[ INFO] [1748136565.075443330]: [1748136565.075] Reference trajectory - x: 4.999991, y: 0.000000, phi: 0.000000, v: 0.001510, w: 0.000000[0m
[0m[ INFO] [1748136565.075531011]: [1748136565.076] v: -0.097941, w: -0.039969[0m
[0m[ INFO] [1748136565.297905224]: [1748136565.298] Robot state - x: 5.011014, y: 0.071854, phi: -0.123994[0m
[0m[ INFO] [1748136565.298016169]: [1748136565.298] Reference trajectory - x: 4.999991, y: 0.000000, phi: 0.000000, v: 0.001510, w: 0.000000[0m
[0m[ INFO] [1748136565.298065033]: [1748136565.298] v: -0.089569, w: -0.044985[0m
[0m[ INFO] [1748136565.299500781]: [1748136565.299] Robot state - x: 5.006004, y: 0.072483, phi: -0.125872[0m
[0m[ INFO] [1748136565.299574733]: [1748136565.300] Reference trajectory - x: 4.999991, y: 0.000000, phi: 0.000000, v: 0.001510, w: 0.000000[0m
[0m[ INFO] [1748136565.299647181]: [1748136565.300] v: -0.081316, w: -0.046376[0m
[0m[ INFO] [1748136565.371275101]: [1748136565.371] Robot state - x: 5.000995, y: 0.073112, phi: -0.127751[0m
[0m[ INFO] [1748136565.371452670]: [1748136565.371] Reference trajectory - x: 4.999991, y: 0.000000, phi: 0.000000, v: 0.001510, w: 0.000000[0m
[0m[ INFO] [1748136565.371568926]: [1748136565.372] v: -0.072837, w: -0.047796[0m
[0m[ INFO] [1748136565.479383223]: [1748136565.479] Robot state - x: 4.995785, y: 0.073771, phi: -0.127751[0m
[0m[ INFO] [1748136565.480315546]: [1748136565.480] Reference trajectory - x: 4.999991, y: 0.000000, phi: 0.000000, v: 0.001510, w: 0.000000[0m
[0m[ INFO] [1748136565.482766753]: [1748136565.482] v: -0.063787, w: -0.052925[0m
[0m[ INFO] [1748136565.577949909]: [1748136565.577] Robot state - x: 4.991379, y: 0.074346, phi: -0.131508[0m
[0m[ INFO] [1748136565.578539959]: [1748136565.578] Reference trajectory - x: 4.999991, y: 0.000000, phi: 0.000000, v: 0.001510, w: 0.000000[0m
[0m[ INFO] [1748136565.578695255]: [1748136565.579] v: -0.055905, w: -0.050651[0m
[0m[ INFO] [1748136565.675378512]: [1748136565.675] Robot state - x: 4.987774, y: 0.074816, phi: -0.135266[0m
[0m[ INFO] [1748136565.675506449]: [1748136565.675] Reference trajectory - x: 4.999991, y: 0.000000, phi: 0.000000, v: 0.001510, w: 0.000000[0m
[0m[ INFO] [1748136565.675572145]: [1748136565.676] v: -0.049226, w: -0.048107[0m
[0m[ INFO] [1748136565.772748619]: [1748136565.773] Robot state - x: 4.983571, y: 0.075376, phi: -0.137145[0m
[0m[ INFO] [1748136565.772915915]: [1748136565.773] Reference trajectory - x: 4.999991, y: 0.000000, phi: 0.000000, v: 0.001510, w: 0.000000[0m
[0m[ INFO] [1748136565.772982252]: [1748136565.773] v: -0.041340, w: -0.049436[0m
[0m[ INFO] [1748136565.877028474]: [1748136565.877] Robot state - x: 4.980370, y: 0.075818, phi: -0.140902[0m
[0m[ INFO] [1748136565.877158074]: [1748136565.877] Reference trajectory - x: 4.999991, y: 0.000000, phi: 0.000000, v: 0.001510, w: 0.000000[0m
[0m[ INFO] [1748136565.877225178]: [1748136565.877] v: -0.035016, w: -0.046859[0m
[0m[ INFO] [1748136565.975671320]: [1748136565.976] Robot state - x: 4.977569, y: 0.076209, phi: -0.144659[0m
[0m[ INFO] [1748136565.975870425]: [1748136565.976] Reference trajectory - x: 4.999991, y: 0.000000, phi: 0.000000, v: 0.001510, w: 0.000000[0m
[0m[ INFO] [1748136565.976078969]: [1748136565.976] v: -0.029249, w: -0.044161[0m
[0m[ INFO] [1748136566.071422161]: [1748136566.071] Robot state - x: 4.974570, y: 0.076638, phi: -0.146538[0m
[0m[ INFO] [1748136566.071587825]: [1748136566.072] Reference trajectory - x: 4.999991, y: 0.000000, phi: 0.000000, v: 0.001510, w: 0.000000[0m
[0m[ INFO] [1748136566.071724530]: [1748136566.072] v: -0.023010, w: -0.045180[0m
[0m[ INFO] [1748136566.179343150]: [1748136566.179] Robot state - x: 4.972173, y: 0.076992, phi: -0.150295[0m
[0m[ INFO] [1748136566.180161073]: [1748136566.180] Reference trajectory - x: 4.999991, y: 0.000000, phi: 0.000000, v: 0.001510, w: 0.000000[0m
[0m[ INFO] [1748136566.180404050]: [1748136566.180] v: -0.017687, w: -0.042412[0m
[0m[ INFO] [1748136566.279287797]: [1748136566.279] Robot state - x: 4.969776, y: 0.077350, phi: -0.154053[0m
[0m[ INFO] [1748136566.279759830]: [1748136566.280] Reference trajectory - x: 4.999991, y: 0.000000, phi: 0.000000, v: 0.001510, w: 0.000000[0m
[0m[ INFO] [1748136566.279857014]: [1748136566.280] v: -0.012258, w: -0.039672[0m
[0m[ INFO] [1748136566.380669983]: [1748136566.380] Robot state - x: 4.967779, y: 0.077652, phi: -0.154053[0m
[0m[ INFO] [1748136566.381211457]: [1748136566.381] Reference trajectory - x: 4.999991, y: 0.000000, phi: 0.000000, v: 0.001510, w: 0.000000[0m
[0m[ INFO] [1748136566.381396353]: [1748136566.381] v: -0.007421, w: -0.043984[0m
[0m[ INFO] [1748136566.479650755]: [1748136566.479] Robot state - x: 4.966183, y: 0.077903, phi: -0.157810[0m
[0m[ INFO] [1748136566.480664710]: [1748136566.480] Reference trajectory - x: 4.999991, y: 0.000000, phi: 0.000000, v: 0.001510, w: 0.000000[0m
[0m[ INFO] [1748136566.494107181]: [1748136566.490] v: -0.003194, w: -0.040971[0m
[0m[ INFO] [1748136566.579424904]: [1748136566.579] Robot state - x: 4.964787, y: 0.078124, phi: -0.163446[0m
[0m[ INFO] [1748136566.579863914]: [1748136566.580] Reference trajectory - x: 4.999991, y: 0.000000, phi: 0.000000, v: 0.001510, w: 0.000000[0m
[0m[ INFO] [1748136566.580231499]: [1748136566.580] v: 0.000757, w: -0.034287[0m
[0m[ INFO] [1748136566.679517423]: [1748136566.679] Robot state - x: 4.963390, y: 0.078342, phi: -0.157810[0m
[0m[ INFO] [1748136566.680565618]: [1748136566.680] Reference trajectory - x: 4.999991, y: 0.000000, phi: 0.000000, v: 0.001510, w: 0.000000[0m
[0m[ INFO] [1748136566.680773235]: [1748136566.681] v: 0.004769, w: -0.049188[0m
[0m[ INFO] [1748136566.779629206]: [1748136566.779] Robot state - x: 4.963191, y: 0.078375, phi: -0.155932[0m
[0m[ INFO] [1748136566.780367032]: [1748136566.780] Reference trajectory - x: 4.999991, y: 0.000000, phi: 0.000000, v: 0.001510, w: 0.000000[0m
[0m[ INFO] [1748136566.780563480]: [1748136566.781] v: 0.006754, w: -0.056380[0m
[0m[ INFO] [1748136566.886903186]: [1748136566.886] Robot state - x: 4.963191, y: 0.078375, phi: -0.155932[0m
[0m[ INFO] [1748136566.887317875]: [1748136566.887] Reference trajectory - x: 4.999991, y: 0.000000, phi: 0.000000, v: 0.001510, w: 0.000000[0m
[0m[ INFO] [1748136566.887436435]: [1748136566.887] v: 0.008400, w: -0.059885[0m
[0m[ INFO] [1748136566.970661992]: [1748136566.971] Robot state - x: 4.963191, y: 0.078375, phi: -0.155932[0m
[0m[ INFO] [1748136566.970799017]: [1748136566.971] Reference trajectory - x: 4.999991, y: 0.000000, phi: 0.000000, v: 0.001510, w: 0.000000[0m
[0m[ INFO] [1748136566.970883017]: [1748136566.971] v: 0.010046, w: -0.063390[0m
[0m[ INFO] [1748136567.078749353]: [1748136567.078] Robot state - x: 4.963191, y: 0.078375, phi: -0.155932[0m
[0m[ INFO] [1748136567.079378027]: [1748136567.079] Reference trajectory - x: 4.999991, y: 0.000000, phi: 0.000000, v: 0.001510, w: 0.000000[0m
[0m[ INFO] [1748136567.080228622]: [1748136567.079] v: 0.011691, w: -0.066895[0m
[0m[ INFO] [1748136567.177336400]: [1748136567.177] Robot state - x: 4.963191, y: 0.078375, phi: -0.155932[0m
[0m[ INFO] [1748136567.177761873]: [1748136567.178] Reference trajectory - x: 4.999991, y: 0.000000, phi: 0.000000, v: 0.001510, w: 0.000000[0m
[0m[ INFO] [1748136567.177885169]: [1748136567.178] v: 0.013337, w: -0.070400[0m
[0m[ INFO] [1748136567.278354429]: [1748136567.278] Robot state - x: 4.963191, y: 0.078375, phi: -0.155932[0m
[0m[ INFO] [1748136567.278897471]: [1748136567.279] Reference trajectory - x: 4.999991, y: 0.000000, phi: 0.000000, v: 0.001510, w: 0.000000[0m
[0m[ INFO] [1748136567.279084383]: [1748136567.279] v: 0.014983, w: -0.073905[0m
[0m[ INFO] [1748136567.381732914]: [1748136567.381] Robot state - x: 4.963191, y: 0.078375, phi: -0.155932[0m
[0m[ INFO] [1748136567.382020595]: [1748136567.382] Reference trajectory - x: 4.999991, y: 0.000000, phi: 0.000000, v: 0.001510, w: 0.000000[0m
[0m[ INFO] [1748136567.382097523]: [1748136567.382] v: 0.016629, w: -0.077411[0m
[0m[ INFO] [1748136567.482255582]: [1748136567.482] Robot state - x: 4.963191, y: 0.078375, phi: -0.155932[0m
[0m[ INFO] [1748136567.484609061]: [1748136567.485] Reference trajectory - x: 4.999991, y: 0.000000, phi: 0.000000, v: 0.001510, w: 0.000000[0m
[0m[ INFO] [1748136567.484780037]: [1748136567.485] v: 0.018274, w: -0.080916[0m
[0m[ INFO] [1748136567.579175551]: [1748136567.579] Robot state - x: 4.963191, y: 0.078375, phi: -0.155932[0m
[0m[ INFO] [1748136567.579778913]: [1748136567.580] Reference trajectory - x: 4.999991, y: 0.000000, phi: 0.000000, v: 0.001510, w: 0.000000[0m
[0m[ INFO] [1748136567.580095714]: [1748136567.580] v: 0.019920, w: -0.084421[0m
[0m[ INFO] [1748136567.678401255]: [1748136567.678] Robot state - x: 4.963191, y: 0.078375, phi: -0.155932[0m
[0m[ INFO] [1748136567.678895657]: [1748136567.679] Reference trajectory - x: 4.999991, y: 0.000000, phi: 0.000000, v: 0.001510, w: 0.000000[0[0m[ INFO] [1748136545.303479679]: [I2C FOR MOTORS] Now launching this node in namespace: /asc[0m
[0m[ INFO] [1748136545.337918182]: [I2C FOR MOTORS] publish motor duty cycle requests from command line with: rostopic pub --once /asc/set_motor_duty_cycle asclinic_pkg/LeftRightFloat32 "{left: 10.1, right: 10.1}"[0m
[0m[ INFO] [1748136545.338131238]: [I2C FOR MOTORS] Successfully opened named /dev/i2c-1, with file descriptor = 10[0m
[0m[ INFO] [1748136545.338266567]: [I2C FOR MOTORS] Actual acceleration limit = 0.0003125%/ms (after conversation to "internal units")[0m
[0m[ INFO] [1748136545.338379143]: [I2C FOR MOTORS] Actual deceleration limit = 0.0015625%/ms (after conversation to "internal units")[0m
[0m[ INFO] [1748136545.338464455]: [I2C FOR MOTORS] Now initialising SMC with I2C address 13[0m
[0m[ INFO] [1748136545.356071948]: [I2C FOR MOTORS] Now initialising SMC with I2C address 14[0m
[0m[ INFO] [1748136545.371193483]: [I2C FOR MOTORS] Node initialisation complete[0m
[0m[ INFO] [1748136548.635812043]: Trajectory Generator Node Started[0m
[0m[ INFO] [1748136548.645151968]: Reading trajectory coeffs[0m
m
[0m[ INFO] [1748136567.679664427]: [1748136567.680] v: 0.021566, w: -0.087926[0m
[0m[ INFO] [1748136567.771288988]: [1748136567.771] Robot state - x: 4.963191, y: 0.078375, phi: -0.155932[0m
[0m[ INFO] [1748136567.771436541]: [1748136567.771] Reference trajectory - x: 4.999991, y: 0.000000, phi: 0.000000, v: 0.001510, w: 0.000000[0m
[0m[ INFO] [1748136567.771541565]: [1748136567.771] v: 0.023212, w: -0.091431[0m

[ARUCO DETECTOR] Camera properties upon initialisation:
CV_CAP_PROP_FRAME_HEIGHT : '480.0'
CV_CAP_PROP_FRAME_WIDTH :  '640.0'
CAP_PROP_FPS :             '30.0'
CAP_PROP_FOCUS :           '0.0'
CAP_PROP_AUTOFOCUS :       '0.0'
CAP_PROP_BRIGHTNESS :      '128.0'
CAP_PROP_CONTRAST :        '128.0'
CAP_PROP_SATURATION :      '128.0'
CAP_PROP_BUFFERSIZE :      '4.0'

[ARUCO DETECTOR] Camera properties upon initialisation:
CV_CAP_PROP_FRAME_HEIGHT : '1080.0'
CV_CAP_PROP_FRAME_WIDTH :  '1920.0'
CAP_PROP_FPS :             '5.0'
CAP_PROP_FOCUS :           '0.0'
CAP_PROP_AUTOFOCUS :       '0.0'
CAP_PROP_BRIGHTNESS :      '128.0'
CAP_PROP_CONTRAST :        '128.0'
CAP_PROP_SATURATION :      '128.0'
CAP_PROP_BUFFERSIZE :      '1.0'
[INFO] [1748136547.913702]: [ARUCO DETECTOR] As a double check of the camera properties set, a frame captured just now has dimensions = (1080, 1920, 3)
[INFO] [1748136547.918310]: [ARUCO DETECTOR] publish request from command line to save a single camera image using: rostopic pub --once /asc/request_save_image std_msgs/UInt32 1
[INFO] [1748136547.922395]: [ARUCO DETECTOR] Node initialisation complete
... logging to /home/asc/.ros/log/a43ac826-3907-11f0-8784-d8c0a650f677/roslaunch-asc12-jetson-13475.log
Checking log directory for disk usage. This may take a while.
Press Ctrl-C to interrupt
Done checking log file disk usage. Usage is <1GB.
]2;/home/asc/ASClinic/catkin_ws/src/asclinic_pkg/launch/trajectory.launch
[1mstarted roslaunch server http://asc12-jetson:36555/[0m

SUMMARY
========

PARAMETERS
 * /asc/aruco_detector/aruco_detector_desired_camera_fps: 5
 * /asc/aruco_detector/aruco_detector_desired_camera_frame_height: 1080
 * /asc/aruco_detector/aruco_detector_desired_camera_frame_width: 1920
 * /asc/aruco_detector/aruco_detector_marker_size: 0.25
 * /asc/aruco_detector/aruco_detector_save_image_path: /home/asc/saved_c...
 * /asc/aruco_detector/aruco_detector_should_publish_camera_images: False
 * /asc/aruco_detector/aruco_detector_should_save_all_aruco_images: False
 * /asc/aruco_detector/aruco_detector_should_show_camera_images: False
 * /asc/aruco_detector/aruco_detector_usb_camera_device_number: 0
 * /asc/aruco_detector/aruco_detector_verbosity: 1
 * /asc/encoder_read_multi_threaded/delta_t_for_publishing_encoder_counts: 0.1
 * /asc/encoder_read_multi_threaded/encoder_events_to_monitor: rising
 * /asc/encoder_read_multi_threaded/encoder_read_verbosity: 1
 * /asc/encoder_read_multi_threaded/gpio_chip_number_for_encoder_lines: 1
 * /asc/encoder_read_multi_threaded/line_number_for_left_side_encoder_channel_a: 105
 * /asc/encoder_read_multi_threaded/line_number_for_left_side_encoder_channel_b: 106
 * /asc/encoder_read_multi_threaded/line_number_for_right_side_encoder_channel_a: 84
 * /asc/encoder_read_multi_threaded/line_number_for_right_side_encoder_channel_b: 130
 * /asc/encoder_read_multi_threaded/should_monitor_left_side_encoder_channel_a: True
 * /asc/encoder_read_multi_threaded/should_monitor_left_side_encoder_channel_b: False
 * /asc/encoder_read_multi_threaded/should_monitor_right_side_encoder_channel_a: True
 * /asc/encoder_read_multi_threaded/should_monitor_right_side_encoder_channel_b: False
 * /asc/i2c_for_motors/motor_driver_current_limit_in_milliamps: 5000
 * /asc/i2c_for_motors/motor_driver_left_side_multiplier: 1
 * /asc/i2c_for_motors/motor_driver_max_accel_limit_in_percent_per_millisecond: 0.04
 * /asc/i2c_for_motors/motor_driver_max_decel_limit_in_percent_per_millisecond: 0.16
 * /asc/i2c_for_motors/motor_driver_max_duty_cycle_limit_in_percent: 100.0
 * /asc/i2c_for_motors/motor_driver_right_side_multiplier: 1
 * /asc/i2c_for_motors/motor_driver_verbosity: 1
 * /rosdistro: noetic
 * /rosversion: 1.17.0

NODES
  /
    aruco_positioning (asclinic_pkg/aruco_positioning.py)
    kf_fusion_node (asclinic_pkg/KF.py)
    odomdelta (asclinic_pkg/odomdelta)
    trajectory_generator (asclinic_pkg/trajectory_generator_state_space)
    trajectory_tracker (asclinic_pkg/trajectory_tracker_state_space)
    velocity_PI_control (asclinic_pkg/velocity_PI_control)
  /asc/
    aruco_detector (asclinic_pkg/aruco_detector.py)
    encoder_read_multi_threaded (asclinic_pkg/encoder_read_multi_threaded)
    i2c_for_motors (asclinic_pkg/i2c_for_motors)

auto-starting new master
[1mprocess[master]: started with pid [13495][0m
[1mROS_MASTER_URI=http://localhost:11311[0m
]2;/home/asc/ASClinic/catkin_ws/src/asclinic_pkg/launch/trajectory.launch http://localhost:11311
[1msetting /run_id to a43ac826-3907-11f0-8784-d8c0a650f677[0m
[1mprocess[rosout-1]: started with pid [13511][0m
started core service [/rosout]
[1mprocess[asc/i2c_for_motors-2]: started with pid [13518][0m
[1mprocess[asc/encoder_read_multi_threaded-3]: started with pid [13519][0m
[1mprocess[odomdelta-4]: started with pid [13529][0m
[1mprocess[asc/aruco_detector-5]: started with pid [13531][0m
[1mprocess[aruco_positioning-6]: started with pid [13541][0m
[1mprocess[trajectory_tracker-7]: started with pid [13542][0m
[1mprocess[trajectory_generator-8]: started with pid [13547][0m
[1mprocess[velocity_PI_control-9]: started with pid [13550][0m
[1mprocess[kf_fusion_node-10]: started with pid [13558][0m
[kf_fusion_node-10] killing on exit
[velocity_PI_control-9] killing on exit
[trajectory_generator-8] killing on exit
[trajectory_tracker-7] killing on exit
[asc/aruco_detector-5] killing on exit
[asc/encoder_read_multi_threaded-3] killing on exit
[aruco_positioning-6] killing on exit
[asc/i2c_for_motors-2] killing on exit
[odomdelta-4] killing on exit
[rosout-1] killing on exit
[master] killing on exit
shutting down processing monitor...
... shutting down processing monitor complete
[1mdone[0m
