[0m[ INFO] [1748157630.542305798]: Loaded 1 segments of gains[0m
[0m[ INFO] [1748157630.542426631]: Segment 0:[0m
[0m[ INFO] [1748157630.542452647]:   K_x:[0m
[0m[ INFO] [1748157630.542511240]:     [0.835752, 2.32898e-16, 1.06855e-16][0m
[0m[ INFO] [1748157630.542543912]:     [1.06855e-16, 1.26739, 1.04583][0m
[0m[ INFO] [1748157630.542567848]:   K_p:[0m
[0m[ INFO] [1748157630.542599241]:     [0.182574, 4.01274e-17][0m
[0m[ INFO] [1748157630.542660905]:     [3.08391e-17, 0.182574][0m
[0m[ INFO] [1748157632.412959977]: [1748157632.413] Robot state - x: 5.000000, y: 0.000000, phi: 0.000000[0m
[0m[ INFO] [1748157632.417678766]: [1748157632.418] Reference trajectory - x: 0.000000, y: 0.000000, phi: 0.000000, v: 0.000000, w: 0.000000[0m
[0m[ INFO] [1748157632.515787050]: [1748157632.516] Robot state - x: 5.000000, y: 0.000000, phi: 0.000000[0m
[0m[ INFO] [1748157632.515910667]: [1748157632.516] Reference trajectory - x: 0.000000, y: 0.000000, phi: 0.000000, v: 0.000000, w: 0.000000[0m
[0m[ INFO] [1748157632.613184128]: [1748157632.613] Robot state - x: 5.000000, y: 0.000000, phi: 0.000000[0m
[0m[ INFO] [1748157632.613390466]: [1748157632.613] Reference trajectory - x: 0.000000, y: 0.000000, phi: 0.000000, v: 0.000000, w: 0.000000[0m
[0m[ INFO] [1748157632.713224364]: [1748157632.713] Robot state - x: 5.000000, y: 0.000000, phi: 0.000000[0m
[0m[ INFO] [1748157632.713347021]: [1748157632.713] Reference trajectory - x: 0.000000, y: 0.000000, phi: 0.000000, v: 0.000000, w: 0.000000[0m
[0m[ INFO] [1748157632.813307191]: [1748157632.813] Robot state - x: 5.000000, y: 0.000000, phi: 0.000000[0m
[0m[ INFO] [1748157632.813507705]: [1748157632.813] Reference trajectory - x: 0.000000, y: 0.000000, phi: 0.000000, v: 0.000000, w: 0.000000[0m
[0m[ INFO] [1748157632.913236545]: [1748157632.913] Robot state - x: 5.000000, y: 0.000000, phi: 0.000000[0m
[0m[ INFO] [1748157632.913432963]: [1748157632.913] Reference trajectory - x: 0.000000, y: 0.000000, phi: 0.000000, v: 0.000000, w: 0.000000[0m
[0m[ INFO] [1748157633.013874609]: [1748157633.014] Robot state - x: 5.000000, y: 0.000000, phi: 0.000000[0m
[0m[ INFO] [1748157633.014282516]: [1748157633.014] Reference trajectory - x: 0.000000, y: 0.000000, phi: 0.000000, v: 0.000000, w: 0.000000[0m
[0m[ INFO] [1748157633.112591250]: [1748157633.112] Robot state - x: 5.000000, y: 0.000000, phi: 0.000000[0m
[0m[ INFO] [1748157633.112685139]: [1748157633.113] Reference trajectory - x: 0.000000, y: 0.000000, phi: 0.000000, v: 0.000000, w: 0.000000[0m
[0m[ INFO] [1748157633.212278203]: [1748157633.212] Robot state - x: 5.000000, y: 0.000000, phi: 0.000000[0m
[0m[ INFO] [1748157633.212371196]: [1748157633.212] Reference trajectory - x: 0.000000, y: 0.000000, phi: 0.000000, v: 0.000000, w: 0.000000[0m
[0m[ INFO] [1748157633.312568616]: [1748157633.312] Robot state - x: 5.000000, y: 0.000000, phi: 0.000000[0m
[0m[ INFO] [1748157633.312674089]: [1748157633.313] Reference trajectory - x: 0.000000, y: 0.000000, phi: 0.000000, v: 0.000000, w: 0.000000[0m
[0m[ INFO] [1748157633.412307249]: [1748157633.412] Robot state - x: 5.000000, y: 0.000000, phi: 0.000000[0m
[0m[ INFO] [1748157633.412401842]: [1748157633.412] Reference trajectory - x: 0.000000, y: 0.000000, phi: 0.000000, v: 0.000000, w: 0.000000[0m
[0m[ INFO] [1748157633.512760416]: [1748157633.513] Robot state - x: 5.000000, y: 0.000000, phi: 0.000000[0m
[0m[ INFO] [1748157633.512863457]: [1748157633.513] Reference trajectory - x: 0.000000, y: 0.000000, phi: 0.000000, v: 0.000000, w: 0.000000[0m
[0m[ INFO] [1748157633.557413724]: Received reference trajectory - x: 5000.000000, y: 0.000000, phi: 0.000000, v: 0.000211, w: 0.000000, line_no: 3[0m
[0m[ INFO] [1748157633.612336968]: [1748157633.612] Robot state - x: 5.000000, y: 0.000000, phi: 0.000000[0m
[0m[ INFO] [1748157633.612480841]: [1748157633.612] Reference trajectory - x: 5.000000, y: 0.000000, phi: 0.000000, v: 0.000000, w: 0.000000[0m
[0m[ INFO] [1748157633.612595402]: [1748157633.613] v: -1.095445, w: -0.000000 (segment 0)[0m
[0m[ INFO] [1748157633.649212647]: Received reference trajectory - x: 4998.702148, y: 0.000000, phi: 0.000000, v: 27.731695, w: 0.000000, line_no: 3[0m
[0m[ INFO] [1748157633.712857271]: [1748157633.713] Robot state - x: 5.000000, y: 0.000000, phi: 0.000000[0m
[0m[ INFO] [1748157633.712958712]: [1748157633.713] Reference trajectory - x: 4.998702, y: 0.000000, phi: 0.000000, v: 0.027732, w: 0.000000[0m
[0m[ INFO] [1748157633.713008984]: [1748157633.713] v: -1.068822, w: -0.000000 (segment 0)[0m
[0m[ INFO] [1748157633.749122513]: Received reference trajectory - x: 4994.467285, y: 0.000000, phi: 0.000000, v: 56.869385, w: 0.000000, line_no: 3[0m
[0m[ INFO] [1748157633.812469567]: [1748157633.812] Robot state - x: 5.000000, y: 0.000000, phi: 0.000000[0m
[0m[ INFO] [1748157633.812561280]: [1748157633.813] Reference trajectory - x: 4.994467, y: 0.000000, phi: 0.000000, v: 0.056869, w: 0.000000[0m
[0m[ INFO] [1748157633.812608704]: [1748157633.813] v: -1.043324, w: -0.000000 (segment 0)[0m
[0m[ INFO] [1748157633.848845658]: Received reference trajectory - x: 4987.349121, y: 0.000000, phi: 0.000000, v: 85.407684, w: 0.000000, line_no: 3[0m
[0m[ INFO] [1748157633.912262728]: [1748157633.912] Robot state - x: 5.000000, y: 0.000000, phi: 0.000000[0m
[0m[ INFO] [1748157633.912355145]: [1748157633.912] Reference trajectory - x: 4.987349, y: 0.000000, phi: 0.000000, v: 0.085408, w: 0.000000[0m
[0m[ INFO] [1748157633.912411722]: [1748157633.912] v: -1.020966, w: -0.000000 (segment 0)[0m
[0m[ INFO] [1748157633.948733637]: Received reference trajectory - x: 4977.407227, y: 0.000000, phi: 0.000000, v: 113.345200, w: 0.000000, line_no: 3[0m
[0m[ INFO] [1748157634.012465525]: [1748157634.012] Robot state - x: 4.998788, y: 0.000000, phi: 0.000000[0m
[0m[ INFO] [1748157634.012584886]: [1748157634.013] Reference trajectory - x: 4.977407, y: 0.000000, phi: 0.000000, v: 0.113345, w: 0.000000[0m
[0m[ INFO] [1748157634.012657463]: [1748157634.013] v: -1.000715, w: -0.000000 (segment 0)[0m
[0m[ INFO] [1748157634.048725520]: Received reference trajectory - x: 4964.700684, y: 0.000000, phi: 0.000000, v: 140.685654, w: 0.000000, line_no: 3[0m
[0m[ INFO] [1748157634.112274559]: [1748157634.112] Robot state - x: 4.994951, y: 0.000011, phi: -0.005636[0m
[0m[ INFO] [1748157634.112371968]: [1748157634.112] Reference trajectory - x: 4.964701, y: 0.000000, phi: 0.000000, v: 0.140686, w: 0.000000[0m
[0m[ INFO] [1748157634.112482401]: [1748157634.112] v: -0.981340, w: 0.005881 (segment 0)[0m
[0m[ INFO] [1748157634.148901725]: Received reference trajectory - x: 4949.287598, y: 0.000000, phi: 0.000000, v: 167.430161, w: 0.000000, line_no: 3[0m
[0m[ INFO] [1748157634.213248434]: [1748157634.213] Robot state - x: 4.989296, y: 0.000011, phi: -0.005636[0m
[0m[ INFO] [1748157634.213345331]: [1748157634.213] Reference trajectory - x: 4.949287, y: 0.000000, phi: 0.000000, v: 0.167430, w: 0.000000[0m
[0m[ INFO] [1748157634.213394579]: [1748157634.213] v: -0.963481, w: 0.005880 (segment 0)[0m
[0m[ INFO] [1748157634.249255115]: Received reference trajectory - x: 4931.222656, y: 0.000000, phi: 0.000000, v: 193.583572, w: 0.000000, line_no: 3[0m
[0m[ INFO] [1748157634.312319606]: [1748157634.312] Robot state - x: 4.980006, y: 0.000063, phi: -0.005636[0m
[0m[ INFO] [1748157634.312458647]: [1748157634.312] Reference trajectory - x: 4.931222, y: 0.000000, phi: 0.000000, v: 0.193584, w: 0.000000[0m
[0m[ INFO] [1748157634.312507320]: [1748157634.312] v: -0.945552, w: 0.005813 (segment 0)[0m
[0m[ INFO] [1748157634.349184245]: Received reference trajectory - x: 4910.577637, y: 0.000000, phi: 0.000000, v: 219.128860, w: 0.000000, line_no: 3[0m
[0m[ INFO] [1748157634.412621252]: [1748157634.413] Robot state - x: 4.966677, y: 0.000138, phi: -0.005636[0m
[0m[ INFO] [1748157634.412782085]: [1748157634.413] Reference trajectory - x: 4.910578, y: 0.000000, phi: 0.000000, v: 0.219129, w: 0.000000[0m
[0m[ INFO] [1748157634.412894022]: [1748157634.413] v: -0.927145, w: 0.005715 (segment 0)[0m
[0m[ INFO] [1748157634.449703685]: Received reference trajectory - x: 4887.428223, y: 0.000000, phi: 0.000000, v: 244.052795, w: 0.000000, line_no: 3[0m
[0m[ INFO] [1748157634.512716752]: [1748157634.513] Robot state - x: 4.949108, y: 0.000287, phi: -0.011272[0m
[0m[ INFO] [1748157634.512814417]: [1748157634.513] Reference trajectory - x: 4.887428, y: 0.000000, phi: 0.000000, v: 0.244053, w: 0.000000[0m
[0m[ INFO] [1748157634.512863409]: [1748157634.513] v: -0.908011, w: 0.011416 (segment 0)[0m
[0m[ INFO] [1748157634.549041515]: Received reference trajectory - x: 4861.785156, y: 0.000000, phi: 0.000000, v: 268.406982, w: 0.000000, line_no: 3[0m
[0m[ INFO] [1748157634.620534776]: [1748157634.620] Robot state - x: 4.927498, y: 0.000510, phi: -0.020666[0m
[0m[ INFO] [1748157634.620697466]: [1748157634.621] Reference trajectory - x: 4.861785, y: 0.000000, phi: 0.000000, v: 0.268407, w: 0.000000[0m
[0m[ INFO] [1748157634.620794458]: [1748157634.621] v: -0.888228, w: 0.020948 (segment 0)[0m
[0m[ INFO] [1748157634.649680668]: Received reference trajectory - x: 4833.758301, y: 0.000000, phi: 0.000000, v: 292.142456, w: 0.000000, line_no: 3[0m
[0m[ INFO] [1748157634.721447019]: [1748157634.721] Robot state - x: 4.900843, y: 0.000911, phi: -0.028180[0m
[0m[ INFO] [1748157634.721860206]: [1748157634.722] Reference trajectory - x: 4.833758, y: 0.000000, phi: 0.000000, v: 0.292142, w: 0.000000[0m
[0m[ INFO] [1748157634.722060240]: [1748157634.722] v: -0.866863, w: 0.028282 (segment 0)[0m
[0m[ INFO] [1748157634.750089610]: Received reference trajectory - x: 4803.371582, y: 0.000000, phi: 0.000000, v: 315.289703, w: 0.000000, line_no: 3[0m
[0m[ INFO] [1748157634.813561849]: [1748157634.813] Robot state - x: 4.870962, y: 0.001641, phi: -0.035695[0m
[0m[ INFO] [1748157634.813762298]: [1748157634.814] Reference trajectory - x: 4.803371, y: 0.000000, phi: 0.000000, v: 0.315290, w: 0.000000[0m
[0m[ INFO] [1748157634.813848411]: [1748157634.814] v: -0.845373, w: 0.035187 (segment 0)[0m
[0m[ INFO] [1748157634.848977805]: Received reference trajectory - x: 4770.729492, y: 0.000000, phi: 0.000000, v: 337.817047, w: 0.000000, line_no: 3[0m
[0m[ INFO] [1748157634.915313106]: [1748157634.915] Robot state - x: 4.837050, y: 0.002724, phi: -0.043210[0m
[0m[ INFO] [1748157634.915900886]: [1748157634.916] Reference trajectory - x: 4.770730, y: 0.000000, phi: 0.000000, v: 0.337817, w: 0.000000[0m
[0m[ INFO] [1748157634.916139000]: [1748157634.916] v: -0.822995, w: 0.041623 (segment 0)[0m
[0m[ INFO] [1748157634.950542916]: Received reference trajectory - x: 4735.828125, y: 0.000000, phi: 0.000000, v: 359.767792, w: 0.000000, line_no: 3[0m
[0m[ INFO] [1748157635.016851273]: [1748157635.017] Robot state - x: 4.798707, y: 0.004238, phi: -0.050725[0m
[0m[ INFO] [1748157635.017043787]: [1748157635.017] Reference trajectory - x: 4.735828, y: 0.000000, phi: 0.000000, v: 0.359768, w: 0.000000[0m
[0m[ INFO] [1748157635.017151404]: [1748157635.017] v: -0.799316, w: 0.047487 (segment 0)[0m
[0m[ INFO] [1748157635.050453487]: Received reference trajectory - x: 4698.758301, y: 0.000000, phi: 0.000000, v: 381.119202, w: 0.000000, line_no: 3[0m
[0m[ INFO] [1748157635.119139079]: [1748157635.119] Robot state - x: 4.755340, y: 0.006398, phi: -0.063876[0m
[0m[ INFO] [1748157635.119283880]: [1748157635.119] Reference trajectory - x: 4.698758, y: 0.000000, phi: 0.000000, v: 0.381119, w: 0.000000[0m
[0m[ INFO] [1748157635.119347496]: [1748157635.119] v: -0.773735, w: 0.058385 (segment 0)[0m
[0m[ INFO] [1748157635.149023312]: Received reference trajectory - x: 4659.620117, y: 0.000000, phi: 0.000000, v: 401.850433, w: 0.000000, line_no: 3[0m
[0m[ INFO] [1748157635.218797104]: [1748157635.219] Robot state - x: 4.710767, y: 0.008703, phi: -0.065754[0m
[0m[ INFO] [1748157635.218918385]: [1748157635.219] Reference trajectory - x: 4.659620, y: 0.000000, phi: 0.000000, v: 0.401850, w: 0.000000[0m
[0m[ INFO] [1748157635.218977361]: [1748157635.219] v: -0.749395, w: 0.057269 (segment 0)[0m
[0m[ INFO] [1748157635.248951131]: Received reference trajectory - x: 4618.458496, y: 0.000000, phi: 0.000000, v: 421.973511, w: 0.000000, line_no: 3[0m
[0m[ INFO] [1748157635.312654732]: [1748157635.313] Robot state - x: 4.660789, y: 0.011994, phi: -0.069512[0m
[0m[ INFO] [1748157635.312748844]: [1748157635.313] Reference trajectory - x: 4.618458, y: 0.000000, phi: 0.000000, v: 0.421973, w: 0.000000[0m
[0m[ INFO] [1748157635.312826029]: [1748157635.313] v: -0.722677, w: 0.056809 (segment 0)[0m
[0m[ INFO] [1748157635.348760133]: Received reference trajectory - x: 4575.281738, y: 0.000000, phi: 0.000000, v: 441.512512, w: 0.000000, line_no: 3[0m
[0m[ INFO] [1748157635.412874905]: [1748157635.413] Robot state - x: 4.606180, y: 0.015642, phi: -0.071390[0m
[0m[ INFO] [1748157635.412989946]: [1748157635.413] Reference trajectory - x: 4.575282, y: 0.000000, phi: 0.000000, v: 0.441513, w: 0.000000[0m
[0m[ INFO] [1748157635.413044890]: [1748157635.413] v: -0.694147, w: 0.053865 (segment 0)[0m
[0m[ INFO] [1748157635.448993363]: Received reference trajectory - x: 4530.170410, y: 0.000000, phi: 0.000000, v: 460.455963, w: 0.000000, line_no: 3[0m
[0m[ INFO] [1748157635.512558690]: [1748157635.512] Robot state - x: 4.548141, y: 0.019464, phi: -0.063876[0m
[0m[ INFO] [1748157635.512702435]: [1748157635.513] Reference trajectory - x: 4.530170, y: 0.000000, phi: 0.000000, v: 0.460456, w: 0.000000[0m
[0m[ INFO] [1748157635.512788516]: [1748157635.513] v: -0.664727, w: 0.040807 (segment 0)[0m
[0m[ INFO] [1748157635.548951550]: Received reference trajectory - x: 4483.205078, y: 0.000000, phi: 0.000000, v: 478.795288, w: 0.000000, line_no: 3[0m
[0m[ INFO] [1748157635.613040114]: [1748157635.613] Robot state - x: 4.485505, y: 0.024120, phi: -0.069512[0m
[0m[ INFO] [1748157635.613131090]: [1748157635.613] Reference trajectory - x: 4.483205, y: 0.000000, phi: 0.000000, v: 0.478795, w: 0.000000[0m
[0m[ INFO] [1748157635.613177619]: [1748157635.613] v: -0.633333, w: 0.040359 (segment 0)[0m
[0m[ INFO] [1748157635.648830889]: Received reference trajectory - x: 4434.441406, y: 0.000000, phi: 0.000000, v: 496.532593, w: 0.000000, line_no: 3[0m
[0m[ INFO] [1748157635.712979709]: [1748157635.713] Robot state - x: 4.422020, y: 0.028241, phi: -0.071390[0m
[0m[ INFO] [1748157635.713107934]: [1748157635.713] Reference trajectory - x: 4.434442, y: 0.000000, phi: 0.000000, v: 0.496533, w: 0.000000[0m
[0m[ INFO] [1748157635.713157694]: [1748157635.713] v: -0.603066, w: 0.036586 (segment 0)[0m
[0m[ INFO] [1748157635.755886668]: Received reference trajectory - x: 4383.920898, y: 0.000000, phi: 0.000000, v: 513.674500, w: 0.000000, line_no: 3[0m
[0m[ INFO] [1748157635.820762085]: [1748157635.821] Robot state - x: 4.351299, y: 0.033098, phi: -0.069512[0m
[0m[ INFO] [1748157635.820859910]: [1748157635.821] Reference trajectory - x: 4.383921, y: 0.000000, phi: 0.000000, v: 0.513674, w: 0.000000[0m
[0m[ INFO] [1748157635.820984391]: [1748157635.821] v: -0.568446, w: 0.027861 (segment 0)[0m
[0m[ INFO] [1748157635.849100706]: Received reference trajectory - x: 4331.722656, y: 0.000000, phi: 0.000000, v: 530.214355, w: 0.000000, line_no: 3[0m
[0m[ INFO] [1748157635.917847130]: [1748157635.918] Robot state - x: 4.278386, y: 0.038450, phi: -0.073269[0m
[0m[ INFO] [1748157635.917943515]: [1748157635.918] Reference trajectory - x: 4.331723, y: 0.000000, phi: 0.000000, v: 0.530214, w: 0.000000[0m
[0m[ INFO] [1748157635.917990939]: [1748157635.918] v: -0.533620, w: 0.024306 (segment 0)[0m
[0m[ INFO] [1748157635.947197567]: [1748157635.947] Robot state - x: 4.306386, y: 0.066450, phi: -0.247802[0m
[0m[ INFO] [1748157635.947286624]: [1748157635.947] Reference trajectory - x: 4.331723, y: 0.000000, phi: 0.000000, v: 0.530214, w: 0.000000[0m
[0m[ INFO] [1748157635.947332640]: [1748157635.947] v: -0.556558, w: 0.170138 (segment 0)[0m
[0m[ INFO] [1748157635.948901868]: Received reference trajectory - x: 4277.908691, y: 0.000000, phi: 0.000000, v: 546.151733, w: 0.000000, line_no: 3[0m
[0m[ INFO] [1748157636.002470734]: [1748157636.002] Robot state - x: 4.334386, y: 0.038450, phi: -0.073269[0m
[0m[ INFO] [1748157636.002708976]: [1748157636.003] Reference trajectory - x: 4.277909, y: 0.000000, phi: 0.000000, v: 0.546152, w: 0.000000[0m
[0m[ INFO] [1748157636.002841521]: [1748157636.003] v: -0.610028, w: 0.022391 (segment 0)[0m
[0m[ INFO] [1748157636.012951872]: [1748157636.013] Robot state - x: 4.258034, y: 0.043838, phi: -0.075148[0m
[0m[ INFO] [1748157636.013038401]: [1748157636.013] Reference trajectory - x: 4.277909, y: 0.000000, phi: 0.000000, v: 0.546152, w: 0.000000[0m
[0m[ INFO] [1748157636.013084225]: [1748157636.013] v: -0.545853, w: 0.016726 (segment 0)[0m
[0m[ INFO] [1748157636.048784055]: Received reference trajectory - x: 4222.512695, y: 0.000000, phi: 0.000000, v: 561.494385, w: 0.000000, line_no: 3[0m
[0m[ INFO] [1748157636.115126365]: [1748157636.115] Robot state - x: 4.181702, y: 0.049513, phi: -0.077026[0m
[0m[ INFO] [1748157636.115212317]: [1748157636.115] Reference trajectory - x: 4.222513, y: 0.000000, phi: 0.000000, v: 0.561494, w: 0.000000[0m
[0m[ INFO] [1748157636.115338878]: [1748157636.115] v: -0.512268, w: 0.010595 (segment 0)[0m
[0m[ INFO] [1748157636.121682192]: [1748157636.122] Robot state - x: 4.209702, y: 0.077513, phi: -0.251559[0m
[0m[ INFO] [1748157636.121761841]: [1748157636.122] Reference trajectory - x: 4.222513, y: 0.000000, phi: 0.000000, v: 0.561494, w: 0.000000[0m
[0m[ INFO] [1748157636.121822961]: [1748157636.122] v: -0.535435, w: 0.156225 (segment 0)[0m
[0m[ INFO] [1748157636.148838436]: Received reference trajectory - x: 4165.623535, y: 0.000000, phi: 0.000000, v: 576.233948, w: 0.000000, line_no: 3[0m
[0m[ INFO] [1748157636.212695030]: [1748157636.213] Robot state - x: 4.137575, y: 0.082535, phi: -0.240287[0m
[0m[ INFO] [1748157636.212785015]: [1748157636.213] Reference trajectory - x: 4.165624, y: 0.000000, phi: 0.000000, v: 0.576234, w: 0.000000[0m
[0m[ INFO] [1748157636.212915288]: [1748157636.213] v: -0.507449, w: 0.136565 (segment 0)[0m
[0m[ INFO] [1748157636.248890672]: Received reference trajectory - x: 4107.291016, y: 0.000000, phi: 0.000000, v: 590.373474, w: 0.000000, line_no: 3[0m
[0m[ INFO] [1748157636.351154030]: Received reference trajectory - x: 4047.577148, y: 0.000000, phi: 0.000000, v: 603.912537, w: 0.000000, line_no: 3[0m
[0m[ INFO] [1748157636.360288757]: [1748157636.360] Robot state - x: 4.068052, y: 0.100054, phi: -0.230894[0m
[0m[ INFO] [1748157636.360379574]: [1748157636.360] Reference trajectory - x: 4.047577, y: 0.000000, phi: 0.000000, v: 0.603913, w: 0.000000[0m
[0m[ INFO] [1748157636.360429430]: [1748157636.360] v: -0.520698, w: 0.102710 (segment 0)[0m
[0m[ INFO] [1748157636.381460890]: [1748157636.381] Robot state - x: 4.096052, y: 0.072054, phi: -0.056361[0m
[0m[ INFO] [1748157636.381561499]: [1748157636.382] Reference trajectory - x: 4.047577, y: 0.000000, phi: 0.000000, v: 0.603913, w: 0.000000[0m
[0m[ INFO] [1748157636.381689116]: [1748157636.382] v: -0.544984, w: -0.045651 (segment 0)[0m
[0m[ INFO] [1748157636.412527597]: [1748157636.412] Robot state - x: 4.027304, y: 0.088489, phi: -0.045089[0m
[0m[ INFO] [1748157636.412644525]: [1748157636.413] Reference trajectory - x: 4.047577, y: 0.000000, phi: 0.000000, v: 0.603913, w: 0.000000[0m
[0m[ INFO] [1748157636.412690862]: [1748157636.413] v: -0.487157, w: -0.079885 (segment 0)[0m
[0m[ INFO] [1748157636.448859656]: Received reference trajectory - x: 3986.525146, y: 0.000000, phi: 0.000000, v: 616.854553, w: 0.000000, line_no: 3[0m
[0m[ INFO] [1748157636.512772314]: [1748157636.513] Robot state - x: 3.961146, y: 0.091848, phi: -0.033816[0m
[0m[ INFO] [1748157636.512881275]: [1748157636.513] Reference trajectory - x: 3.986525, y: 0.000000, phi: 0.000000, v: 0.616855, w: 0.000000[0m
[0m[ INFO] [1748157636.512942748]: [1748157636.513] v: -0.469485, w: -0.097607 (segment 0)[0m
[0m[ INFO] [1748157636.524200244]: [1748157636.524] Robot state - x: 3.989146, y: 0.063848, phi: 0.092429[0m
[0m[ INFO] [1748157636.524294612]: [1748157636.524] Reference trajectory - x: 3.986525, y: 0.000000, phi: 0.000000, v: 0.616855, w: 0.000000[0m
[0m[ INFO] [1748157636.524529046]: [1748157636.524] v: -0.492934, w: -0.195318 (segment 0)[0m
[0m[ INFO] [1748157636.548819540]: Received reference trajectory - x: 3924.226562, y: 0.000000, phi: 0.000000, v: 629.193054, w: 0.000000, line_no: 3[0m
[0m[ INFO] [1748157636.612345955]: [1748157636.612] Robot state - x: 3.920539, y: 0.066685, phi: 0.099944[0m
[0m[ INFO] [1748157636.612484772]: [1748157636.612] Reference trajectory - x: 3.924227, y: 0.000000, phi: 0.000000, v: 0.629193, w: 0.000000[0m
[0m[ INFO] [1748157636.612556229]: [1748157636.613] v: -0.475255, w: -0.207991 (segment 0)[0m
[0m[ INFO] [1748157636.648776351]: Received reference trajectory - x: 3860.681641, y: 0.000000, phi: 0.000000, v: 640.939331, w: 0.000000, line_no: 3[0m
[0m[ INFO] [1748157636.712816947]: [1748157636.713] Robot state - x: 3.854981, y: 0.060608, phi: 0.099944[0m
[0m[ INFO] [1748157636.712943796]: [1748157636.713] Reference trajectory - x: 3.860682, y: 0.000000, phi: 0.000000, v: 0.640939, w: 0.000000[0m
[0m[ INFO] [1748157636.712993076]: [1748157636.713] v: -0.461723, w: -0.201396 (segment 0)[0m
[0m[ INFO] [1748157636.739950438]: [1748157636.740] Robot state - x: 3.882981, y: 0.032608, phi: 0.274477[0m
[0m[ INFO] [1748157636.740105608]: [1748157636.740] Reference trajectory - x: 3.860682, y: 0.000000, phi: 0.000000, v: 0.640939, w: 0.000000[0m
[0m[ INFO] [1748157636.740176552]: [1748157636.740] v: -0.485531, w: -0.349036 (segment 0)[0m
[0m[ INFO] [1748157636.749141934]: Received reference trajectory - x: 3796.056396, y: 0.000000, phi: 0.000000, v: 652.074219, w: 0.000000, line_no: 3[0m
[0m[ INFO] [1748157636.812598173]: [1748157636.813] Robot state - x: 3.818883, y: 0.026120, phi: 0.276356[0m
[0m[ INFO] [1748157636.812691870]: [1748157636.813] Reference trajectory - x: 3.796057, y: 0.000000, phi: 0.000000, v: 0.652074, w: 0.000000[0m
[0m[ INFO] [1748157636.812747518]: [1748157636.813] v: -0.475254, w: -0.343255 (segment 0)[0m
[0m[ INFO] [1748157636.848857912]: Received reference trajectory - x: 3730.308594, y: 0.000000, phi: 0.000000, v: 662.615784, w: 0.000000, line_no: 3[0m
[0m[ INFO] [1748157636.914872123]: [1748157636.915] Robot state - x: 3.759545, y: 0.009591, phi: 0.270720[0m
[0m[ INFO] [1748157636.914973372]: [1748157636.915] Reference trajectory - x: 3.730309, y: 0.000000, phi: 0.000000, v: 0.662616, w: 0.000000[0m
[0m[ INFO] [1748157636.915026108]: [1748157636.915] v: -0.470603, w: -0.316587 (segment 0)[0m
[0m[ INFO] [1748157636.948834596]: Received reference trajectory - x: 3663.548096, y: 0.000000, phi: 0.000000, v: 672.555481, w: 0.000000, line_no: 3[0m
[0m[ INFO] [1748157636.953575625]: [1748157636.953] Robot state - x: 3.787545, y: -0.018409, phi: 0.129334[0m
[0m[ INFO] [1748157636.953713226]: [1748157636.954] Reference trajectory - x: 3.663548, y: 0.000000, phi: 0.000000, v: 0.672556, w: 0.000000[0m
[0m[ INFO] [1748157636.953788010]: [1748157636.954] v: -0.542123, w: -0.132898 (segment 0)[0m
[0m[ INFO] [1748157637.012903959]: [1748157637.013] Robot state - x: 3.729885, y: -0.034937, phi: 0.134970[0m
[0m[ INFO] [1748157637.013049017]: [1748157637.013] Reference trajectory - x: 3.663548, y: 0.000000, phi: 0.000000, v: 0.672556, w: 0.000000[0m
[0m[ INFO] [1748157637.014054496]: [1748157637.014] v: -0.495145, w: -0.117206 (segment 0)[0m
[0m[ INFO] [1748157637.048839408]: Received reference trajectory - x: 3595.816650, y: 0.000000, phi: 0.000000, v: 681.896179, w: 0.000000, line_no: 3[0m
[0m[ INFO] [1748157637.115879483]: [1748157637.116] Robot state - x: 3.668572, y: -0.042678, phi: 0.127455[0m
[0m[ INFO] [1748157637.115983548]: [1748157637.116] Reference trajectory - x: 3.595817, y: 0.000000, phi: 0.000000, v: 0.681896, w: 0.000000[0m
[0m[ INFO] [1748157637.116034460]: [1748157637.116] v: -0.492497, w: -0.098758 (segment 0)[0m
[0m[ INFO] [1748157637.134444844]: [1748157637.134] Robot state - x: 3.696572, y: -0.070678, phi: 0.301988[0m
[0m[ INFO] [1748157637.134543149]: [1748157637.135] Reference trajectory - x: 3.595817, y: 0.000000, phi: 0.000000, v: 0.681896, w: 0.000000[0m
[0m[ INFO] [1748157637.134764942]: [1748157637.135] v: -0.517738, w: -0.244513 (segment 0)[0m
[0m[ INFO] [1748157637.149634818]: Received reference trajectory - x: 3527.168701, y: 0.000000, phi: 0.000000, v: 690.638367, w: 0.000000, line_no: 3[0m
[0m[ INFO] [1748157637.212705614]: [1748157637.213] Robot state - x: 3.637663, y: -0.078114, phi: 0.283201[0m
[0m[ INFO] [1748157637.212826383]: [1748157637.213] Reference trajectory - x: 3.527169, y: 0.000000, phi: 0.000000, v: 0.690638, w: 0.000000[0m
[0m[ INFO] [1748157637.212899856]: [1748157637.213] v: -0.519152, w: -0.214014 (segment 0)[0m
[0m[ INFO] [1748157637.248766952]: Received reference trajectory - x: 3457.711182, y: 0.000000, phi: 0.000000, v: 698.776306, w: 0.000000, line_no: 3[0m
[0m[ INFO] [1748157637.313017789]: [1748157637.313] Robot state - x: 3.582180, y: -0.094885, phi: 0.266293[0m
[0m[ INFO] [1748157637.313118686]: [1748157637.313] Reference trajectory - x: 3.457711, y: 0.000000, phi: 0.000000, v: 0.698776, w: 0.000000[0m
[0m[ INFO] [1748157637.313168734]: [1748157637.313] v: -0.524966, w: -0.173343 (segment 0)[0m
[0m[ INFO] [1748157637.342909062]: [1748157637.343] Robot state - x: 3.610180, y: -0.122885, phi: 0.159978[0m
[0m[ INFO] [1748157637.343031655]: [1748157637.343] Reference trajectory - x: 3.457711, y: 0.000000, phi: 0.000000, v: 0.698776, w: 0.000000[0m
[0m[ INFO] [1748157637.343077928]: [1748157637.343] v: -0.551150, w: -0.024425 (segment 0)[0m
[0m[ INFO] [1748157637.348662259]: Received reference trajectory - x: 3387.457031, y: 0.000000, phi: 0.000000, v: 706.315918, w: 0.000000, line_no: 3[0m
[0m[ INFO] [1748157637.412306628]: [1748157637.412] Robot state - x: 3.552991, y: -0.139587, phi: 0.161857[0m
[0m[ INFO] [1748157637.412421157]: [1748157637.412] Reference trajectory - x: 3.387457, y: 0.000000, phi: 0.000000, v: 0.706316, w: 0.000000[0m
[0m[ INFO] [1748157637.412469189]: [1748157637.412] v: -0.557552, w: -0.002674 (segment 0)[0m
[0m[ INFO] [1748157637.448797857]: Received reference trajectory - x: 3316.473145, y: 0.000000, phi: 0.000000, v: 713.256226, w: 0.000000, line_no: 3[0m
[0m[ INFO] [1748157637.513591578]: [1748157637.513] Robot state - x: 3.493974, y: -0.149109, phi: 0.161857[0m
[0m[ INFO] [1748157637.513712763]: [1748157637.514] Reference trajectory - x: 3.316473, y: 0.000000, phi: 0.000000, v: 0.713256, w: 0.000000[0m
[0m[ INFO] [1748157637.513759228]: [1748157637.514] v: -0.563854, w: 0.012118 (segment 0)[0m
[0m[ INFO] [1748157637.532074666]: [1748157637.532] Robot state - x: 3.521974, y: -0.121109, phi: 0.020360[0m
[0m[ INFO] [1748157637.532173067]: [1748157637.532] Reference trajectory - x: 3.316473, y: 0.000000, phi: 0.000000, v: 0.713256, w: 0.000000[0m
[0m[ INFO] [1748157637.532219916]: [1748157637.532] v: -0.591007, w: 0.126824 (segment 0)[0m
[0m[ INFO] [1748157637.548805101]: Received reference trajectory - x: 3244.828125, y: 0.000000, phi: 0.000000, v: 719.596191, w: 0.000000, line_no: 3[0m
[0m[ INFO] [1748157637.612228444]: [1748157637.612] Robot state - x: 3.461725, y: -0.130599, phi: 0.009088[0m
[0m[ INFO] [1748157637.612373853]: [1748157637.612] Reference trajectory - x: 3.244828, y: 0.000000, phi: 0.000000, v: 0.719596, w: 0.000000[0m
[0m[ INFO] [1748157637.612495646]: [1748157637.612] v: -0.598152, w: 0.153024 (segment 0)[0m
[0m[ INFO] [1748157637.648992059]: Received reference trajectory - x: 3172.509521, y: 0.000000, phi: 0.000000, v: 725.341492, w: 0.000000, line_no: 3[0m
[0m[ INFO] [1748157637.712680268]: [1748157637.713] Robot state - x: 3.402563, y: -0.131748, phi: 0.007209[0m
[0m[ INFO] [1748157637.712887981]: [1748157637.713] Reference trajectory - x: 3.172509, y: 0.000000, phi: 0.000000, v: 0.725341, w: 0.000000[0m
[0m[ INFO] [1748157637.712945294]: [1748157637.713] v: -0.607602, w: 0.158851 (segment 0)[0m
[0m[ INFO] [1748157637.742875863]: [1748157637.743] Robot state - x: 3.430562, y: -0.159748, phi: 0.103542[0m
[0m[ INFO] [1748157637.742974680]: [1748157637.743] Reference trajectory - x: 3.172509, y: 0.000000, phi: 0.000000, v: 0.725341, w: 0.000000[0m
[0m[ INFO] [1748157637.743212314]: [1748157637.743] v: -0.635714, w: 0.096506 (segment 0)[0m
[0m[ INFO] [1748157637.749122184]: Received reference trajectory - x: 3099.787354, y: 0.000000, phi: 0.000000, v: 730.476257, w: 0.000000, line_no: 3[0m
[0m[ INFO] [1748157637.812247829]: [1748157637.812] Robot state - x: 3.368161, y: -0.160491, phi: 0.109178[0m
[0m[ INFO] [1748157637.812345525]: [1748157637.812] Reference trajectory - x: 3.099787, y: 0.000000, phi: 0.000000, v: 0.730476, w: 0.000000[0m
[0m[ INFO] [1748157637.812392534]: [1748157637.812] v: -0.644105, w: 0.094483 (segment 0)[0m
[0m[ INFO] [1748157637.848847762]: Received reference trajectory - x: 3026.495361, y: 0.000000, phi: 0.000000, v: 735.017273, w: 0.000000, line_no: 3[0m
[0m[ INFO] [1748157637.912605316]: [1748157637.913] Robot state - x: 3.306548, y: -0.167420, phi: 0.126086[0m
[0m[ INFO] [1748157637.912696100]: [1748157637.913] Reference trajectory - x: 3.026495, y: 0.000000, phi: 0.000000, v: 0.735017, w: 0.000000[0m
[0m[ INFO] [1748157637.912787877]: [1748157637.913] v: -0.654437, w: 0.088639 (segment 0)[0m
[0m[ INFO] [1748157637.938456109]: [1748157637.938] Robot state - x: 3.334548, y: -0.139420, phi: 0.003500[0m
[0m[ INFO] [1748157637.938579662]: [1748157637.939] Reference trajectory - x: 3.026495, y: 0.000000, phi: 0.000000, v: 0.735017, w: 0.000000[0m
[0m[ INFO] [1748157637.938669263]: [1748157637.939] v: -0.683463, w: 0.183902 (segment 0)[0m
[0m[ INFO] [1748157637.948855871]: Received reference trajectory - x: 2952.798096, y: 0.000000, phi: 0.000000, v: 738.957153, w: 0.000000, line_no: 3[0m
[0m[ INFO] [1748157638.012436879]: [1748157638.012] Robot state - x: 3.273324, y: -0.146190, phi: 0.005379[0m
[0m[ INFO] [1748157638.012552720]: [1748157638.012] Reference trajectory - x: 2.952798, y: 0.000000, phi: 0.000000, v: 0.738957, w: 0.000000[0m
[0m[ INFO] [1748157638.012627376]: [1748157638.013] v: -0.695799, w: 0.193186 (segment 0)[0m
[0m[ INFO] [1748157638.048763466]: Received reference trajectory - x: 2878.736816, y: 0.000000, phi: 0.000000, v: 742.297119, w: 0.000000, line_no: 3[0m
[0m[ INFO] [1748157638.117834661]: [1748157638.118] Robot state - x: 3.210111, y: -0.146351, phi: 0.003500[0m
[0m[ INFO] [1748157638.117930150]: [1748157638.118] Reference trajectory - x: 2.878737, y: 0.000000, phi: 0.000000, v: 0.742297, w: 0.000000[0m
[0m[ INFO] [1748157638.117977127]: [1748157638.118] v: -0.707576, w: 0.198028 (segment 0)[0m
[0m[ INFO] [1748157638.128268279]: [1748157638.128] Robot state - x: 3.195789, y: -0.118351, phi: -0.009204[0m
[0m[ INFO] [1748157638.128360248]: [1748157638.128] Reference trajectory - x: 2.878737, y: 0.000000, phi: 0.000000, v: 0.742297, w: 0.000000[0m
[0m[ INFO] [1748157638.128430776]: [1748157638.128] v: -0.701394, w: 0.177988 (segment 0)[0m
[0m[ INFO] [1748157638.148694998]: Received reference trajectory - x: 2804.359863, y: 0.000000, phi: 0.000000, v: 745.037598, w: 0.000000, line_no: 3[0m
[0m[ INFO] [1748157638.216077668]: [1748157638.216] Robot state - x: 3.132174, y: -0.118992, phi: 0.000190[0m
[0m[ INFO] [1748157638.216178693]: [1748157638.216] Reference trajectory - x: 2.804360, y: 0.000000, phi: 0.000000, v: 0.745038, w: 0.000000[0m
[0m[ INFO] [1748157638.216234406]: [1748157638.216] v: -0.713634, w: 0.171149 (segment 0)[0m
[0m[ INFO] [1748157638.249035782]: Received reference trajectory - x: 2729.715332, y: 0.000000, phi: 0.000000, v: 747.178589, w: 0.000000, line_no: 3[0m
[0m[ INFO] [1748157638.314171682]: [1748157638.314] Robot state - x: 3.066942, y: -0.118821, phi: 0.013341[0m
[0m[ INFO] [1748157638.314270883]: [1748157638.314] Reference trajectory - x: 2.729715, y: 0.000000, phi: 0.000000, v: 0.747179, w: 0.000000[0m
[0m[ INFO] [1748157638.314390404]: [1748157638.314] v: -0.725516, w: 0.159347 (segment 0)[0m
[0m[ INFO] [1748157638.348951953]: Received reference trajectory - x: 2654.943848, y: 0.000000, phi: 0.000000, v: 748.718140, w: 0.000000, line_no: 3[0m
[0m[ INFO] [1748157638.352840176]: [1748157638.353] Robot state - x: 3.038942, y: -0.145776, phi: 0.050755[0m
[0m[ INFO] [1748157638.353063858]: [1748157638.353] Reference trajectory - x: 2.654944, y: 0.000000, phi: 0.000000, v: 0.748718, w: 0.000000[0m
[0m[ INFO] [1748157638.353118578]: [1748157638.353] v: -0.770077, w: 0.157042 (segment 0)[0m
[0m[ INFO] [1748157638.378968700]: [1748157638.379] Robot state - x: 3.066942, y: -0.173776, phi: 0.108602[0m
[0m[ INFO] [1748157638.379088797]: [1748157638.379] Reference trajectory - x: 2.654944, y: 0.000000, phi: 0.000000, v: 0.748718, w: 0.000000[0m
[0m[ INFO] [1748157638.379152893]: [1748157638.379] v: -0.801000, w: 0.135204 (segment 0)[0m
[0m[ INFO] [1748157638.412632547]: [1748157638.413] Robot state - x: 2.999490, y: -0.174423, phi: 0.127389[0m
[0m[ INFO] [1748157638.412728451]: [1748157638.413] Reference trajectory - x: 2.654944, y: 0.000000, phi: 0.000000, v: 0.748718, w: 0.000000[0m
[0m[ INFO] [1748157638.412844260]: [1748157638.413] v: -0.750917, w: 0.119560 (segment 0)[0m
[0m[ INFO] [1748157638.448886654]: Received reference trajectory - x: 2580.010986, y: 0.000000, phi: 0.000000, v: 749.658447, w: 0.000000, line_no: 3[0m
[0m[ INFO] [1748157638.513067283]: [1748157638.513] Robot state - x: 2.933264, y: -0.181895, phi: 0.134903[0m
[0m[ INFO] [1748157638.513160563]: [1748157638.513] Reference trajectory - x: 2.580011, y: 0.000000, phi: 0.000000, v: 0.749658, w: 0.000000[0m
[0m[ INFO] [1748157638.513239188]: [1748157638.513] v: -0.763703, w: 0.124492 (segment 0)[0m
[0m[ INFO] [1748157638.535167775]: [1748157638.535] Robot state - x: 2.905264, y: -0.209895, phi: 0.153416[0m
[0m[ INFO] [1748157638.535259552]: [1748157638.535] Reference trajectory - x: 2.580011, y: 0.000000, phi: 0.000000, v: 0.749658, w: 0.000000[0m
[0m[ INFO] [1748157638.535304864]: [1748157638.535] v: -0.746241, w: 0.144451 (segment 0)[0m
[0m[ INFO] [1748157638.550491703]: Received reference trajectory - x: 2504.167969, y: 0.000000, phi: 0.000000, v: 749.999084, w: 0.000000, line_no: 3[0m
[0m[ INFO] [1748157638.563939904]: [1748157638.564] Robot state - x: 2.933264, y: -0.181895, phi: 0.066145[0m
[0m[ INFO] [1748157638.564041568]: [1748157638.564] Reference trajectory - x: 2.504168, y: 0.000000, phi: 0.000000, v: 0.749999, w: 0.000000[0m
[0m[ INFO] [1748157638.564088513]: [1748157638.564] v: -0.840521, w: 0.203555 (segment 0)[0m
[0m[ INFO] [1748157638.612475547]: [1748157638.612] Robot state - x: 2.866389, y: -0.190717, phi: 0.073660[0m
[0m[ INFO] [1748157638.612573659]: [1748157638.613] Reference trajectory - x: 2.504168, y: 0.000000, phi: 0.000000, v: 0.749999, w: 0.000000[0m
[0m[ INFO] [1748157638.612627164]: [1748157638.613] v: -0.791243, w: 0.210357 (segment 0)[0m
[0m[ INFO] [1748157638.649101272]: Received reference trajectory - x: 2430.020752, y: 0.000000, phi: 0.000000, v: 749.738770, w: 0.000000, line_no: 3[0m
[0m[ INFO] [1748157638.713641968]: [1748157638.714] Robot state - x: 2.796494, y: -0.195808, phi: 0.086811[0m
[0m[ INFO] [1748157638.713764465]: [1748157638.714] Reference trajectory - x: 2.430021, y: 0.000000, phi: 0.000000, v: 0.749739, w: 0.000000[0m
[0m[ INFO] [1748157638.713842482]: [1748157638.714] v: -0.801748, w: 0.206632 (segment 0)[0m
[0m[ INFO] [1748157638.732371842]: [1748157638.732] Robot state - x: 2.810778, y: -0.223808, phi: 0.223385[0m
[0m[ INFO] [1748157638.732488931]: [1748157638.732] Reference trajectory - x: 2.430021, y: 0.000000, phi: 0.000000, v: 0.749739, w: 0.000000[0m
[0m[ INFO] [1748157638.732565540]: [1748157638.733] v: -0.820638, w: 0.103371 (segment 0)[0m
[0m[ INFO] [1748157638.743939229]: [1748157638.744] Robot state - x: 2.838778, y: -0.195808, phi: 0.126417[0m
[0m[ INFO] [1748157638.744028733]: [1748157638.744] Reference trajectory - x: 2.430021, y: 0.000000, phi: 0.000000, v: 0.749739, w: 0.000000[0m
[0m[ INFO] [1748157638.744074814]: [1748157638.744] v: -0.851502, w: 0.172872 (segment 0)[0m
[0m[ INFO] [1748157638.748897955]: Received reference trajectory - x: 2355.094971, y: 0.000000, phi: 0.000000, v: 748.879028, w: 0.000000, line_no: 3[0m
[0m[ INFO] [1748157638.812691029]: [1748157638.813] Robot state - x: 2.771310, y: -0.200851, phi: 0.128295[0m
[0m[ INFO] [1748157638.812778198]: [1748157638.813] Reference trajectory - x: 2.355095, y: 0.000000, phi: 0.000000, v: 0.748879, w: 0.000000[0m
[0m[ INFO] [1748157638.812825846]: [1748157638.813] v: -0.866193, w: 0.180965 (segment 0)[0m
[0m[ INFO] [1748157638.849011953]: Received reference trajectory - x: 2280.277832, y: 0.000000, phi: 0.000000, v: 747.419250, w: 0.000000, line_no: 3[0m
[0m[ INFO] [1748157638.918606512]: [1748157638.919] Robot state - x: 2.701013, y: -0.209986, phi: 0.133931[0m
[0m[ INFO] [1748157638.918694641]: [1748157638.919] Reference trajectory - x: 2.280278, y: 0.000000, phi: 0.000000, v: 0.747419, w: 0.000000[0m
[0m[ INFO] [1748157638.918766417]: [1748157638.919] v: -0.879112, w: 0.190483 (segment 0)[0m
[0m[ INFO] [1748157638.949094974]: Received reference trajectory - x: 2205.442627, y: 0.000000, phi: 0.000000, v: 745.353394, w: 0.000000, line_no: 3[0m
[0m[ INFO] [1748157638.980557236]: [1748157638.980] Robot state - x: 2.673013, y: -0.237986, phi: 0.162943[0m
[0m[ INFO] [1748157638.980646772]: [1748157638.981] Reference trajectory - x: 2.205443, y: 0.000000, phi: 0.000000, v: 0.745353, w: 0.000000[0m
[0m[ INFO] [1748157638.980739093]: [1748157638.981] v: -0.928858, w: 0.199974 (segment 0)[0m
[0m[ INFO] [1748157638.997281622]: [1748157638.997] Robot state - x: 2.701013, y: -0.209986, phi: 0.119911[0m
[0m[ INFO] [1748157638.997371575]: [1748157638.997] Reference trajectory - x: 2.205443, y: 0.000000, phi: 0.000000, v: 0.745353, w: 0.000000[0m
[0m[ INFO] [1748157638.997417815]: [1748157638.997] v: -0.961306, w: 0.213325 (segment 0)[0m
[0m[ INFO] [1748157639.013684054]: [1748157639.014] Robot state - x: 2.629114, y: -0.219330, phi: 0.121789[0m
[0m[ INFO] [1748157639.013773847]: [1748157639.014] Reference trajectory - x: 2.205443, y: 0.000000, phi: 0.000000, v: 0.745353, w: 0.000000[0m
[0m[ INFO] [1748157639.013852792]: [1748157639.014] v: -0.908952, w: 0.227207 (segment 0)[0m
[0m[ INFO] [1748157639.049256300]: Received reference trajectory - x: 2131.233643, y: 0.000000, phi: 0.000000, v: 742.700012, w: 0.000000, line_no: 3[0m
[0m[ INFO] [1748157639.116378424]: [1748157639.116] Robot state - x: 2.549958, y: -0.229245, phi: 0.131183[0m
[0m[ INFO] [1748157639.116470265]: [1748157639.116] Reference trajectory - x: 2.131234, y: 0.000000, phi: 0.000000, v: 0.742700, w: 0.000000[0m
[0m[ INFO] [1748157639.116514585]: [1748157639.116] v: -0.915116, w: 0.234134 (segment 0)[0m
[0m[ INFO] [1748157639.132002674]: [1748157639.132] Robot state - x: 2.521959, y: -0.257245, phi: 0.188517[0m
[0m[ INFO] [1748157639.132099315]: [1748157639.132] Reference trajectory - x: 2.131234, y: 0.000000, phi: 0.000000, v: 0.742700, w: 0.000000[0m
[0m[ INFO] [1748157639.132157843]: [1748157639.132] v: -0.898849, w: 0.214356 (segment 0)[0m
[0m[ INFO] [1748157639.149074040]: Received reference trajectory - x: 2057.056396, y: 0.000000, phi: 0.000000, v: 739.437134, w: 0.000000, line_no: 3[0m
[0m[ INFO] [1748157639.151158632]: [1748157639.151] Robot state - x: 2.549958, y: -0.229245, phi: 0.013984[0m
[0m[ INFO] [1748157639.151258249]: [1748157639.151] Reference trajectory - x: 2.057056, y: 0.000000, phi: 0.000000, v: 0.739437, w: 0.000000[0m
[0m[ INFO] [1748157639.151345833]: [1748157639.151] v: -0.996505, w: 0.365587 (segment 0)[0m
[0m[ INFO] [1748157639.212593384]: [1748157639.212] Robot state - x: 2.483452, y: -0.237766, phi: 0.025256[0m
[0m[ INFO] [1748157639.212685928]: [1748157639.213] Reference trajectory - x: 2.057056, y: 0.000000, phi: 0.000000, v: 0.739437, w: 0.000000[0m
[0m[ INFO] [1748157639.212777545]: [1748157639.213] v: -0.948707, w: 0.368939 (segment 0)[0m
[0m[ INFO] [1748157639.248774946]: Received reference trajectory - x: 1983.362915, y: 0.000000, phi: 0.000000, v: 735.580383, w: 0.000000, line_no: 3[0m
[0m[ INFO] [1748157639.313632413]: [1748157639.314] Robot state - x: 2.411768, y: -0.239105, phi: 0.034649[0m
[0m[ INFO] [1748157639.313727389]: [1748157639.314] Reference trajectory - x: 1.983363, y: 0.000000, phi: 0.000000, v: 0.735580, w: 0.000000[0m
[0m[ INFO] [1748157639.313949983]: [1748157639.314] v: -0.962066, w: 0.365177 (segment 0)[0m
[0m[ INFO] [1748157639.349606197]: [1748157639.350] Robot state - x: 2.383769, y: -0.267105, phi: 0.209182[0m
[0m[ INFO] [1748157639.349705366]: [1748157639.350] Reference trajectory - x: 1.983363, y: 0.000000, phi: 0.000000, v: 0.735580, w: 0.000000[0m
[0m[ INFO] [1748157639.349819895]: [1748157639.350] v: -0.945975, w: 0.223009 (segment 0)[0m
[0m[ INFO] [1748157639.349951544]: Received reference trajectory - x: 1910.015869, y: 0.000000, phi: 0.000000, v: 731.120178, w: 0.000000, line_no: 3[0m
[0m[ INFO] [1748157639.412567393]: [1748157639.412] Robot state - x: 2.306472, y: -0.270003, phi: 0.233605[0m
[0m[ INFO] [1748157639.412717378]: [1748157639.413] Reference trajectory - x: 1.910016, y: 0.000000, phi: 0.000000, v: 0.731120, w: 0.000000[0m
[0m[ INFO] [1748157639.412804995]: [1748157639.413] v: -0.954373, w: 0.206068 (segment 0)[0m
[0m[ INFO] [1748157639.448814204]: Received reference trajectory - x: 1837.164185, y: 0.000000, phi: 0.000000, v: 726.061218, w: 0.000000, line_no: 3[0m
[0m[ INFO] [1748157639.513774103]: [1748157639.514] Robot state - x: 2.228974, y: -0.287140, phi: 0.250514[0m
[0m[ INFO] [1748157639.513875032]: [1748157639.514] Reference trajectory - x: 1.837164, y: 0.000000, phi: 0.000000, v: 0.726061, w: 0.000000[0m
[0m[ INFO] [1748157639.513923993]: [1748157639.514] v: -0.962702, w: 0.215347 (segment 0)[0m
[0m[ INFO] [1748157639.538352375]: [1748157639.538] Robot state - x: 2.200974, y: -0.259140, phi: 0.075981[0m
[0m[ INFO] [1748157639.538476344]: [1748157639.538] Reference trajectory - x: 1.837164, y: 0.000000, phi: 0.000000, v: 0.726061, w: 0.000000[0m
[0m[ INFO] [1748157639.538523737]: [1748157639.539] v: -0.945943, w: 0.367124 (segment 0)[0m
[0m[ INFO] [1748157639.548756713]: Received reference trajectory - x: 1764.832031, y: 0.000000, phi: 0.000000, v: 720.401184, w: 0.000000, line_no: 3[0m
[0m[ INFO] [1748157639.612280249]: [1748157639.612] Robot state - x: 2.120744, y: -0.278789, phi: 0.089132[0m
[0m[ INFO] [1748157639.612386009]: [1748157639.612] Reference trajectory - x: 1.764832, y: 0.000000, phi: 0.000000, v: 0.720401, w: 0.000000[0m
[0m[ INFO] [1748157639.612433754]: [1748157639.612] v: -0.951501, w: 0.383364 (segment 0)[0m
[0m[ INFO] [1748157639.648730069]: Received reference trajectory - x: 1693.105713, y: 0.000000, phi: 0.000000, v: 714.141968, w: 0.000000, line_no: 3[0m
[0m[ INFO] [1748157639.712935883]: [1748157639.713] Robot state - x: 2.038852, y: -0.285875, phi: 0.109797[0m
[0m[ INFO] [1748157639.713032491]: [1748157639.713] Reference trajectory - x: 1.693106, y: 0.000000, phi: 0.000000, v: 0.714142, w: 0.000000[0m
[0m[ INFO] [1748157639.713079244]: [1748157639.713] v: -0.955577, w: 0.375951 (segment 0)[0m
[0m[ INFO] [1748157639.748794659]: Received reference trajectory - x: 1622.029907, y: 0.000000, phi: 0.000000, v: 707.282349, w: 0.000000, line_no: 3[0m
[0m[ INFO] [1748157639.812702262]: [1748157639.813] Robot state - x: 1.957672, y: -0.294054, phi: 0.132342[0m
[0m[ INFO] [1748157639.812798614]: [1748157639.813] Reference trajectory - x: 1.622030, y: 0.000000, phi: 0.000000, v: 0.707282, w: 0.000000[0m
[0m[ INFO] [1748157639.812845719]: [1748157639.813] v: -0.960119, w: 0.368107 (segment 0)[0m
[0m[ INFO] [1748157639.850461213]: Received reference trajectory - x: 1551.627930, y: 0.000000, phi: 0.000000, v: 699.817993, w: 0.000000, line_no: 3[0m
[0m[ INFO] [1748157639.913434440]: [1748157639.913] Robot state - x: 1.874731, y: -0.304619, phi: 0.166158[0m
[0m[ INFO] [1748157639.913533385]: [1748157639.914] Reference trajectory - x: 1.551628, y: 0.000000, phi: 0.000000, v: 0.699818, w: 0.000000[0m
[0m[ INFO] [1748157639.913641962]: [1748157639.914] v: -0.963003, w: 0.351693 (segment 0)[0m
[0m[ INFO] [1748157639.949147135]: Received reference trajectory - x: 1481.826416, y: 0.000000, phi: 0.000000, v: 691.731628, w: 0.000000, line_no: 3[0m
[0m[ INFO] [1748157640.012608687]: [1748157640.013] Robot state - x: 1.791581, y: -0.316644, phi: 0.188702[0m
[0m[ INFO] [1748157640.012714544]: [1748157640.013] Reference trajectory - x: 1.481826, y: 0.000000, phi: 0.000000, v: 0.691732, w: 0.000000[0m
[0m[ INFO] [1748157640.012831600]: [1748157640.013] v: -0.965588, w: 0.349136 (segment 0)[0m
[0m[ INFO] [1748157640.049101708]: Received reference trajectory - x: 1413.326050, y: 0.000000, phi: 0.000000, v: 683.101807, w: 0.000000, line_no: 3[0m
[0m[ INFO] [1748157640.112965279]: [1748157640.113] Robot state - x: 1.709707, y: -0.331484, phi: 0.215004[0m
[0m[ INFO] [1748157640.113061439]: [1748157640.113] Reference trajectory - x: 1.413326, y: 0.000000, phi: 0.000000, v: 0.683102, w: 0.000000[0m
[0m[ INFO] [1748157640.113110336]: [1748157640.113] v: -0.968453, w: 0.346489 (segment 0)[0m
[0m[ INFO] [1748157640.148789335]: Received reference trajectory - x: 1345.479614, y: 0.000000, phi: 0.000000, v: 673.842834, w: 0.000000, line_no: 3[0m
[0m[ INFO] [1748157640.212692778]: [1748157640.213] Robot state - x: 1.624842, y: -0.348934, phi: 0.243184[0m
[0m[ INFO] [1748157640.212823371]: [1748157640.213] Reference trajectory - x: 1.345480, y: 0.000000, phi: 0.000000, v: 0.673843, w: 0.000000[0m
[0m[ INFO] [1748157640.212944044]: [1748157640.213] v: -0.968589, w: 0.345503 (segment 0)[0m
[0m[ INFO] [1748157640.249349992]: Received reference trajectory - x: 1278.547241, y: 0.000000, phi: 0.000000, v: 663.977600, w: 0.000000, line_no: 3[0m
[0m[ INFO] [1748157640.312847032]: [1748157640.313] Robot state - x: 1.541394, y: -0.368145, phi: 0.265729[0m
[0m[ INFO] [1748157640.312973433]: [1748157640.313] Reference trajectory - x: 1.278547, y: 0.000000, phi: 0.000000, v: 0.663978, w: 0.000000[0m
[0m[ INFO] [1748157640.313055162]: [1748157640.313] v: -0.969450, w: 0.352995 (segment 0)[0m
[0m[ INFO] [1748157640.348832593]: Received reference trajectory - x: 1212.688354, y: 0.000000, phi: 0.000000, v: 653.520996, w: 0.000000, line_no: 3[0m
[0m[ INFO] [1748157640.412636964]: [1748157640.413] Robot state - x: 1.458079, y: -0.390401, phi: 0.301424[0m
[0m[ INFO] [1748157640.412747397]: [1748157640.413] Reference trajectory - x: 1.212688, y: 0.000000, phi: 0.000000, v: 0.653521, w: 0.000000[0m
[0m[ INFO] [1748157640.412870469]: [1748157640.413] v: -0.969797, w: 0.350999 (segment 0)[0m
[0m[ INFO] [1748157640.448942975]: Received reference trajectory - x: 1147.892578, y: 0.000000, phi: 0.000000, v: 642.462585, w: 0.000000, line_no: 3[0m
[0m[ INFO] [1748157640.512482160]: [1748157640.512] Robot state - x: 1.376835, y: -0.413334, phi: 0.320211[0m
[0m[ INFO] [1748157640.512585904]: [1748157640.513] Reference trajectory - x: 1.147893, y: 0.000000, phi: 0.000000, v: 0.642463, w: 0.000000[0m
[0m[ INFO] [1748157640.512633361]: [1748157640.513] v: -0.971289, w: 0.367963 (segment 0)[0m
[0m[ INFO] [1748157640.548855564]: Received reference trajectory - x: 1084.231934, y: 0.000000, phi: 0.000000, v: 630.804199, w: 0.000000, line_no: 3[0m
[0m[ INFO] [1748157640.612583902]: [1748157640.612] Robot state - x: 1.292551, y: -0.440846, phi: 0.348391[0m
[0m[ INFO] [1748157640.612743871]: [1748157640.613] Reference trajectory - x: 1.084232, y: 0.000000, phi: 0.000000, v: 0.630804, w: 0.000000[0m
[0m[ INFO] [1748157640.612911616]: [1748157640.613] v: -0.969515, w: 0.381408 (segment 0)[0m
[0m[ INFO] [1748157640.650444037]: Received reference trajectory - x: 1021.681763, y: 0.000000, phi: 0.000000, v: 618.528687, w: 0.000000, line_no: 3[0m
[0m[ INFO] [1748157640.712470890]: [1748157640.712] Robot state - x: 1.211740, y: -0.469170, phi: 0.382208[0m
[0m[ INFO] [1748157640.712565931]: [1748157640.713] Reference trajectory - x: 1.021682, y: 0.000000, phi: 0.000000, v: 0.618529, w: 0.000000[0m
[0m[ INFO] [1748157640.712613899]: [1748157640.713] v: -0.969999, w: 0.390505 (segment 0)[0m
[0m[ INFO] [1748157640.748763269]: Received reference trajectory - x: 960.535034, y: 0.000000, phi: 0.000000, v: 605.683044, w: 0.000000, line_no: 3[0m
[0m[ INFO] [1748157640.812927131]: [1748157640.813] Robot state - x: 1.130686, y: -0.500345, phi: 0.419782[0m
[0m[ INFO] [1748157640.813196381]: [1748157640.813] Reference trajectory - x: 0.960535, y: 0.000000, phi: 0.000000, v: 0.605683, w: 0.000000[0m
[0m[ INFO] [1748157640.813270781]: [1748157640.813] v: -0.969314, w: 0.399855 (segment 0)[0m
[0m[ INFO] [1748157640.848837779]: Received reference trajectory - x: 900.644287, y: 0.000000, phi: 0.000000, v: 592.225464, w: 0.000000, line_no: 3[0m
[0m[ INFO] [1748157640.912572517]: [1748157640.912] Robot state - x: 1.047407, y: -0.535192, phi: 0.447962[0m
[0m[ INFO] [1748157640.912709670]: [1748157640.913] Reference trajectory - x: 0.900644, y: 0.000000, phi: 0.000000, v: 0.592225, w: 0.000000[0m
[0m[ INFO] [1748157640.912755302]: [1748157640.913] v: -0.965904, w: 0.424319 (segment 0)[0m
[0m[ INFO] [1748157640.948770016]: Received reference trajectory - x: 842.117371, y: 0.000000, phi: 0.000000, v: 578.165161, w: 0.000000, line_no: 3[0m
[0m[ INFO] [1748157641.012330800]: [1748157641.012] Robot state - x: 0.968783, y: -0.572069, phi: 0.485536[0m
[0m[ INFO] [1748157641.012431057]: [1748157641.012] Reference trajectory - x: 0.842117, y: 0.000000, phi: 0.000000, v: 0.578165, w: 0.000000[0m
[0m[ INFO] [1748157641.012575218]: [1748157641.012] v: -0.965481, w: 0.442205 (segment 0)[0m
[0m[ INFO] [1748157641.049066095]: Received reference trajectory - x: 785.018738, y: 0.000000, phi: 0.000000, v: 563.502747, w: 0.000000, line_no: 3[0m
[0m[ INFO] [1748157641.112562496]: [1748157641.112] Robot state - x: 0.890439, y: -0.611823, phi: 0.528746[0m
[0m[ INFO] [1748157641.112660128]: [1748157641.113] Reference trajectory - x: 0.785019, y: 0.000000, phi: 0.000000, v: 0.563503, w: 0.000000[0m
[0m[ INFO] [1748157641.112758977]: [1748157641.113] v: -0.964312, w: 0.458568 (segment 0)[0m
[0m[ INFO] [1748157641.148932348]: Received reference trajectory - x: 729.432861, y: 0.000000, phi: 0.000000, v: 548.244751, w: 0.000000, line_no: 3[0m
[0m[ INFO] [1748157641.213349971]: [1748157641.213] Robot state - x: 0.811771, y: -0.654857, phi: 0.558805[0m
[0m[ INFO] [1748157641.213469268]: [1748157641.213] Reference trajectory - x: 0.729433, y: 0.000000, phi: 0.000000, v: 0.548245, w: 0.000000[0m
[0m[ INFO] [1748157641.213611893]: [1748157641.214] v: -0.961782, w: 0.493629 (segment 0)[0m
[0m[ INFO] [1748157641.248858025]: Received reference trajectory - x: 675.399719, y: 0.000000, phi: 0.000000, v: 532.385986, w: 0.000000, line_no: 3[0m
[0m[ INFO] [1748157641.355192712]: Received reference trajectory - x: 622.980957, y: 0.000000, phi: 0.000000, v: 515.926880, w: 0.000000, line_no: 3[0m
[0m[ INFO] [1748157641.441199848]: [1748157641.441] Robot state - x: 0.737665, y: -0.700520, phi: 0.605772[0m
[0m[ INFO] [1748157641.441290633]: [1748157641.441] Reference trajectory - x: 0.622981, y: 0.000000, phi: 0.000000, v: 0.515927, w: 0.000000[0m
[0m[ INFO] [1748157641.441364681]: [1748157641.441] v: -1.023227, w: 0.515171 (segment 0)[0m
[0m[ INFO] [1748157641.443004342]: [1748157641.443] Robot state - x: 0.662818, y: -0.749903, phi: 0.654618[0m
[0m[ INFO] [1748157641.443107383]: [1748157641.443] Reference trajectory - x: 0.622981, y: 0.000000, phi: 0.000000, v: 0.515927, w: 0.000000[0m
[0m[ INFO] [1748157641.443174391]: [1748157641.443] v: -0.961401, w: 0.540365 (segment 0)[0m
[0m[ INFO] [1748157641.448720195]: Received reference trajectory - x: 572.238403, y: 0.000000, phi: 0.000000, v: 498.867889, w: 0.000000, line_no: 3[0m
[0m[ INFO] [1748157641.512404724]: [1748157641.512] Robot state - x: 0.587511, y: -0.798581, phi: 0.684678[0m
[0m[ INFO] [1748157641.512499733]: [1748157641.512] Reference trajectory - x: 0.572238, y: 0.000000, phi: 0.000000, v: 0.498868, w: 0.000000[0m
[0m[ INFO] [1748157641.512544693]: [1748157641.513] v: -0.958209, w: 0.585202 (segment 0)[0m
[0m[ INFO] [1748157641.548716592]: Received reference trajectory - x: 523.229919, y: 0.000000, phi: 0.000000, v: 481.208344, w: 0.000000, line_no: 3[0m
[0m[ INFO] [1748157641.612678308]: [1748157641.613] Robot state - x: 0.520265, y: -0.851921, phi: 0.716615[0m
[0m[ INFO] [1748157641.612933094]: [1748157641.613] Reference trajectory - x: 0.523230, y: 0.000000, phi: 0.000000, v: 0.481208, w: 0.000000[0m
[0m[ INFO] [1748157641.612981670]: [1748157641.613] v: -0.960572, w: 0.634958 (segment 0)[0m
[0m[ INFO] [1748157641.648947295]: Received reference trajectory - x: 476.016174, y: 0.000000, phi: 0.000000, v: 462.948303, w: 0.000000, line_no: 3[0m
[0m[ INFO] [1748157641.712890419]: [1748157641.713] Robot state - x: 0.454350, y: -0.908152, phi: 0.759825[0m
[0m[ INFO] [1748157641.712984436]: [1748157641.713] Reference trajectory - x: 0.476016, y: 0.000000, phi: 0.000000, v: 0.462948, w: 0.000000[0m
[0m[ INFO] [1748157641.713029044]: [1748157641.713] v: -0.962807, w: 0.677614 (segment 0)[0m
[0m[ INFO] [1748157641.748804972]: Received reference trajectory - x: 430.657776, y: 0.000000, phi: 0.000000, v: 444.087952, w: 0.000000, line_no: 3[0m
[0m[ INFO] [1748157641.812664351]: [1748157641.813] Robot state - x: 0.387713, y: -0.969355, phi: 0.812429[0m
[0m[ INFO] [1748157641.812785376]: [1748157641.813] Reference trajectory - x: 0.430658, y: 0.000000, phi: 0.000000, v: 0.444088, w: 0.000000[0m
[0m[ INFO] [1748157641.812845920]: [1748157641.813] v: -0.963100, w: 0.717865 (segment 0)[0m
[0m[ INFO] [1748157641.848983387]: Received reference trajectory - x: 387.184418, y: 0.000000, phi: 0.000000, v: 424.613098, w: 0.000000, line_no: 3[0m
[0m[ INFO] [1748157641.914336441]: [1748157641.914] Robot state - x: 0.324571, y: -1.031881, phi: 0.853760[0m
[0m[ INFO] [1748157641.914468186]: [1748157641.914] Reference trajectory - x: 0.387184, y: 0.000000, phi: 0.000000, v: 0.424613, w: 0.000000[0m
[0m[ INFO] [1748157641.914554555]: [1748157641.915] v: -0.964993, w: 0.772724 (segment 0)[0m
[0m[ INFO] [1748157641.949065385]: Received reference trajectory - x: 345.632874, y: 0.000000, phi: 0.000000, v: 404.508514, w: 0.000000, line_no: 3[0m
[0m[ INFO] [1748157642.012469656]: [1748157642.012] Robot state - x: 0.262974, y: -1.099525, phi: 0.893212[0m
[0m[ INFO] [1748157642.012588921]: [1748157642.013] Reference trajectory - x: 0.345633, y: 0.000000, phi: 0.000000, v: 0.404509, w: 0.000000[0m
[0m[ INFO] [1748157642.012650650]: [1748157642.013] v: -0.966836, w: 0.837270 (segment 0)[0m
[0m[ INFO] [1748157642.049020278]: Received reference trajectory - x: 306.319794, y: 0.000000, phi: 0.000000, v: 383.906921, w: 0.000000, line_no: 3[0m
[0m[ INFO] [1748157642.113599279]: [1748157642.114] Robot state - x: 0.205715, y: -1.168533, phi: 0.942059[0m
[0m[ INFO] [1748157642.113712656]: [1748157642.114] Reference trajectory - x: 0.306320, y: 0.000000, phi: 0.000000, v: 0.383907, w: 0.000000[0m
[0m[ INFO] [1748157642.113784304]: [1748157642.114] v: -0.970602, w: 0.894980 (segment 0)[0m
[0m[ INFO] [1748157642.148874179]: Received reference trajectory - x: 268.986053, y: 0.000000, phi: 0.000000, v: 362.646545, w: 0.000000, line_no: 3[0m
[0m[ INFO] [1748157642.212227506]: [1748157642.212] Robot state - x: 0.151846, y: -1.239206, phi: 0.994662[0m
[0m[ INFO] [1748157642.212346035]: [1748157642.212] Reference trajectory - x: 0.268986, y: 0.000000, phi: 0.000000, v: 0.362647, w: 0.000000[0m
[0m[ INFO] [1748157642.212391379]: [1748157642.212] v: -0.975905, w: 0.952160 (segment 0)[0m
[0m[ INFO] [1748157642.248754447]: Received reference trajectory - x: 233.807968, y: 0.000000, phi: 0.000000, v: 340.785828, w: 0.000000, line_no: 3[0m
[0m[ INFO] [1748157642.312454241]: [1748157642.312] Robot state - x: 0.101041, y: -1.313829, phi: 1.056659[0m
[0m[ INFO] [1748157642.312586722]: [1748157642.313] Reference trajectory - x: 0.233808, y: 0.000000, phi: 0.000000, v: 0.340786, w: 0.000000[0m
[0m[ INFO] [1748157642.312681635]: [1748157642.313] v: -0.982281, w: 1.005886 (segment 0)[0m
[0m[ INFO] [1748157642.348755357]: Received reference trajectory - x: 200.853378, y: 0.000000, phi: 0.000000, v: 318.330322, w: 0.000000, line_no: 3[0m
[0m[ INFO] [1748157642.412705329]: [1748157642.413] Robot state - x: 0.053940, y: -1.390844, phi: 1.111141[0m
[0m[ INFO] [1748157642.413021300]: [1748157642.413] Reference trajectory - x: 0.200853, y: 0.000000, phi: 0.000000, v: 0.318330, w: 0.000000[0m
[0m[ INFO] [1748157642.413081876]: [1748157642.413] v: -0.990232, w: 1.071907 (segment 0)[0m
[0m[ INFO] [1748157642.448956044]: Received reference trajectory - x: 170.150742, y: 0.000000, phi: 0.000000, v: 295.256714, w: 0.000000, line_no: 3[0m
[0m[ INFO] [1748157642.512826624]: [1748157642.513] Robot state - x: 0.012248, y: -1.469775, phi: 1.167502[0m
[0m[ INFO] [1748157642.512929793]: [1748157642.513] Reference trajectory - x: 0.170151, y: 0.000000, phi: 0.000000, v: 0.295257, w: 0.000000[0m
[0m[ INFO] [1748157642.512975169]: [1748157642.513] v: -1.001238, w: 1.139835 (segment 0)[0m
[0m[ INFO] [1748157642.549118716]: Received reference trajectory - x: 141.808655, y: 0.000000, phi: 0.000000, v: 271.601593, w: 0.000000, line_no: 3[0m
[0m[ INFO] [1748157642.612977583]: [1748157642.613] Robot state - x: -0.025166, y: -1.549263, phi: 1.206954[0m
[0m[ INFO] [1748157642.613074223]: [1748157642.613] Reference trajectory - x: 0.141809, y: 0.000000, phi: 0.000000, v: 0.271602, w: 0.000000[0m
[0m[ INFO] [1748157642.613121488]: [1748157642.613] v: -1.014262, w: 1.227601 (segment 0)[0m
[0m[ INFO] [1748157642.648866151]: Received reference trajectory - x: 115.866158, y: 0.000000, phi: 0.000000, v: 247.351273, w: 0.000000, line_no: 3[0m
[0m[ INFO] [1748157642.712574169]: [1748157642.712] Robot state - x: -0.056685, y: -1.627577, phi: 1.248286[0m
[0m[ INFO] [1748157642.712672730]: [1748157642.713] Reference trajectory - x: 0.115866, y: 0.000000, phi: 0.000000, v: 0.247351, w: 0.000000[0m
[0m[ INFO] [1748157642.712785371]: [1748157642.713] v: -1.030702, w: 1.313346 (segment 0)[0m
[0m[ INFO] [1748157642.748845525]: Received reference trajectory - x: 92.365173, y: 0.000000, phi: 0.000000, v: 222.487244, w: 0.000000, line_no: 3[0m
[0m[ INFO] [1748157642.812582759]: [1748157642.812] Robot state - x: -0.086219, y: -1.716511, phi: 1.334705[0m
[0m[ INFO] [1748157642.812696328]: [1748157642.813] Reference trajectory - x: 0.092365, y: 0.000000, phi: 0.000000, v: 0.222487, w: 0.000000[0m
[0m[ INFO] [1748157642.812754505]: [1748157642.813] v: -1.047263, w: 1.367018 (segment 0)[0m
[0m[ INFO] [1748157642.849416103]: Received reference trajectory - x: 71.385918, y: 0.000000, phi: 0.000000, v: 197.029373, w: 0.000000, line_no: 3[0m
[0m[ INFO] [1748157642.912992408]: [1748157642.913] Robot state - x: -0.110261, y: -1.801849, phi: 1.430519[0m
[0m[ INFO] [1748157642.913090553]: [1748157642.913] Reference trajectory - x: 0.071386, y: 0.000000, phi: 0.000000, v: 0.197029, w: 0.000000[0m
[0m[ INFO] [1748157642.913169850]: [1748157642.913] v: -1.066845, w: 1.407867 (segment 0)[0m
[0m[ INFO] [1748157642.948822448]: Received reference trajectory - x: 52.979584, y: 0.000000, phi: 0.000000, v: 170.967484, w: 0.000000, line_no: 3[0m
[0m[ INFO] [1748157643.012407393]: [1748157643.012] Robot state - x: -0.127868, y: -1.892449, phi: 1.518817[0m
[0m[ INFO] [1748157643.012505314]: [1748157643.012] Reference trajectory - x: 0.052980, y: 0.000000, phi: 0.000000, v: 0.170967, w: 0.000000[0m
[0m[ INFO] [1748157643.012553410]: [1748157643.013] v: -1.090274, w: 1.464899 (segment 0)[0m
[0m[ INFO] [1748157643.049115520]: Received reference trajectory - x: 37.213211, y: 0.000000, phi: 0.000000, v: 144.312149, w: 0.000000, line_no: 3[0m
[0m[ INFO] [1748157643.112576689]: [1748157643.112] Robot state - x: -0.136865, y: -1.989580, phi: 1.614631[0m
[0m[ INFO] [1748157643.112676978]: [1748157643.113] Reference trajectory - x: 0.037213, y: 0.000000, phi: 0.000000, v: 0.144312, w: 0.000000[0m
[0m[ INFO] [1748157643.112723410]: [1748157643.113] v: -1.119408, w: 1.524121 (segment 0)[0m
[0m[ INFO] [1748157643.148880493]: Received reference trajectory - x: 24.132954, y: 0.000000, phi: 0.000000, v: 117.035896, w: 0.000000, line_no: 3[0m
[0m[ INFO] [1748157643.213313989]: [1748157643.213] Robot state - x: -0.136346, y: -2.087125, phi: 1.729231[0m
[0m[ INFO] [1748157643.213437606]: [1748157643.213] Reference trajectory - x: 0.024133, y: 0.000000, phi: 0.000000, v: 0.117036, w: 0.000000[0m
[0m[ INFO] [1748157643.213629639]: [1748157643.214] v: -1.155120, w: 1.566002 (segment 0)[0m
[0m[ INFO] [1748157643.248871963]: Received reference trajectory - x: 13.822035, y: 0.000000, phi: 0.000000, v: 89.190575, w: 0.000000, line_no: 3[0m
[0m[ INFO] [1748157643.312665006]: [1748157643.313] Robot state - x: -0.126902, y: -2.183808, phi: 1.836317[0m
[0m[ INFO] [1748157643.312763598]: [1748157643.313] Reference trajectory - x: 0.013822, y: 0.000000, phi: 0.000000, v: 0.089191, w: 0.000000[0m
[0m[ INFO] [1748157643.312810959]: [1748157643.313] v: -1.196907, w: 1.616413 (segment 0)[0m
[0m[ INFO] [1748157643.348881769]: Received reference trajectory - x: 6.320113, y: 0.000000, phi: 0.000000, v: 60.726791, w: 0.000000, line_no: 3[0m
[0m[ INFO] [1748157643.420267703]: [1748157643.420] Robot state - x: -0.106388, y: -2.282269, phi: 1.930251[0m
[0m[ INFO] [1748157643.420363672]: [1748157643.420] Reference trajectory - x: 0.006320, y: 0.000000, phi: 0.000000, v: 0.060727, w: 0.000000[0m
[0m[ INFO] [1748157643.420408856]: [1748157643.420] v: -1.246727, w: 1.684631 (segment 0)[0m
[0m[ INFO] [1748157643.450014848]: Received reference trajectory - x: 1.694324, y: 0.000000, phi: 0.000000, v: 31.656754, w: 0.000000, line_no: 3[0m
[0m[ INFO] [1748157643.513371759]: [1748157643.513] Robot state - x: -0.074135, y: -2.378386, phi: 2.046730[0m
[0m[ INFO] [1748157643.513530032]: [1748157643.513] Reference trajectory - x: 0.001694, y: 0.000000, phi: 0.000000, v: 0.031657, w: 0.000000[0m
[0m[ INFO] [1748157643.513613169]: [1748157643.514] v: -1.305234, w: 1.728053 (segment 0)[0m
[0m[ INFO] [1748157643.548810308]: Received reference trajectory - x: 0.006745, y: 0.000000, phi: 0.000000, v: 2.010756, w: 0.000000, line_no: 3[0m
[0m[ INFO] [1748157643.612757720]: [1748157643.613] Robot state - x: -0.031466, y: -2.471909, phi: 2.183875[0m
[0m[ INFO] [1748157643.612898170]: [1748157643.613] Reference trajectory - x: 0.000007, y: 0.000000, phi: 0.000000, v: 0.002011, w: 0.000000[0m
[0m[ INFO] [1748157643.612969018]: [1748157643.613] v: -1.371377, w: 1.748285 (segment 0)[0m
[0m[ INFO] [1748157643.713186250]: [1748157643.713] Robot state - x: 0.018918, y: -2.557083, phi: 2.300354[0m
[0m[ INFO] [1748157643.713283499]: [1748157643.713] Reference trajectory - x: 0.000007, y: 0.000000, phi: 0.000000, v: 0.002011, w: 0.000000[0m
[0m[ INFO] [1748157643.713327083]: [1748157643.713] v: -1.413830, w: 1.781102 (segment 0)[0m
[0m[ INFO] [1748157643.812600115]: [1748157643.813] Robot state - x: 0.088633, y: -2.644336, phi: 2.422469[0m
[0m[ INFO] [1748157643.812825749]: [1748157643.813] Reference trajectory - x: 0.000007, y: 0.000000, phi: 0.000000, v: 0.002011, w: 0.000000[0m
[0m[ INFO] [1748157643.813918302]: [1748157643.813] v: -1.473713, w: 1.812251 (segment 0)[0m
[0m[ INFO] [1748157643.912597793]: [1748157643.913] Robot state - x: 0.166760, y: -2.723861, phi: 2.516404[0m
[0m[ INFO] [1748157643.912692258]: [1748157643.913] Reference trajectory - x: 0.000007, y: 0.000000, phi: 0.000000, v: 0.002011, w: 0.000000[0m
[0m[ INFO] [1748157643.912738466]: [1748157643.913] v: -1.542052, w: 1.864532 (segment 0)[0m
[0m[ INFO] [1748157644.012467374]: [1748157644.012] Robot state - x: 0.256342, y: -2.795838, phi: 2.600945[0m
[0m[ INFO] [1748157644.012654064]: [1748157644.013] Reference trajectory - x: 0.000007, y: 0.000000, phi: 0.000000, v: 0.002011, w: 0.000000[0m
[0m[ INFO] [1748157644.012741169]: [1748157644.013] v: -1.621600, w: 1.918383 (segment 0)[0m
[0m[ INFO] [1748157644.112440765]: [1748157644.112] Robot state - x: 0.352052, y: -2.859073, phi: 2.683607[0m
[0m[ INFO] [1748157644.112538685]: [1748157644.113] Reference trajectory - x: 0.000007, y: 0.000000, phi: 0.000000, v: 0.002011, w: 0.000000[0m
[0m[ INFO] [1748157644.112585566]: [1748157644.113] v: -1.708017, w: 1.964275 (segment 0)[0m
[0m[ INFO] [1748157644.212500139]: [1748157644.212] Robot state - x: 0.454003, y: -2.915927, phi: 2.747483[0m
[0m[ INFO] [1748157644.212851214]: [1748157644.213] Reference trajectory - x: 0.000007, y: 0.000000, phi: 0.000000, v: 0.002011, w: 0.000000[0m
[0m[ INFO] [1748157644.212961359]: [1748157644.213] v: -1.801512, w: 2.022766 (segment 0)[0m
[0m[ INFO] [1748157644.312565530]: [1748157644.312] Robot state - x: 0.562406, y: -2.966359, phi: 2.792571[0m
[0m[ INFO] [1748157644.312672379]: [1748157644.313] Reference trajectory - x: 0.000007, y: 0.000000, phi: 0.000000, v: 0.002011, w: 0.000000[0m
[0m[ INFO] [1748157644.312773276]: [1748157644.313] v: -1.902378, w: 2.093686 (segment 0)[0m
[0m[ INFO] [1748157644.412575881]: [1748157644.412] Robot state - x: 0.673121, y: -3.009861, phi: 2.832024[0m
[0m[ INFO] [1748157644.412768906]: [1748157644.413] Reference trajectory - x: 0.000007, y: 0.000000, phi: 0.000000, v: 0.002011, w: 0.000000[0m
[0m[ INFO] [1748157644.412855115]: [1748157644.413] v: -2.007197, w: 2.162510 (segment 0)[0m
[0m[ INFO] [1748157644.512427606]: [1748157644.512] Robot state - x: 0.785772, y: -3.049306, phi: 2.856447[0m
[0m[ INFO] [1748157644.512539959]: [1748157644.513] Reference trajectory - x: 0.000007, y: 0.000000, phi: 0.000000, v: 0.002011, w: 0.000000[0m
[0m[ INFO] [1748157644.512634359]: [1748157644.513] v: -2.115692, w: 2.242633 (segment 0)[0m
[0m[ INFO] [1748157644.612816903]: [1748157644.613] Robot state - x: 0.901869, y: -3.086079, phi: 2.862083[0m
[0m[ INFO] [1748157644.612991881]: [1748157644.613] Reference trajectory - x: 0.000007, y: 0.000000, phi: 0.000000, v: 0.002011, w: 0.000000[0m
[0m[ INFO] [1748157644.613111658]: [1748157644.613] v: -2.229186, w: 2.339689 (segment 0)[0m
[0m[ INFO] [1748157644.712788853]: [1748157644.713] Robot state - x: 1.017014, y: -3.119012, phi: 2.875234[0m
[0m[ INFO] [1748157644.712905878]: [1748157644.713] Reference trajectory - x: 0.000007, y: 0.000000, phi: 0.000000, v: 0.002011, w: 0.000000[0m
[0m[ INFO] [1748157644.712976055]: [1748157644.713] v: -2.343987, w: 2.424618 (segment 0)[0m
[0m[ INFO] [1748157644.812586658]: [1748157644.812] Robot state - x: 1.133735, y: -3.151566, phi: 2.890264[0m
[0m[ INFO] [1748157644.812687555]: [1748157644.813] Reference trajectory - x: 0.000007, y: 0.000000, phi: 0.000000, v: 0.002011, w: 0.000000[0m
[0m[ INFO] [1748157644.812808484]: [1748157644.813] v: -2.462236, w: 2.507699 (segment 0)[0m
[0m[ INFO] [1748157644.913071380]: [1748157644.913] Robot state - x: 1.243568, y: -3.180979, phi: 2.899657[0m
[0m[ INFO] [1748157644.913188981]: [1748157644.913] Reference trajectory - x: 0.000007, y: 0.000000, phi: 0.000000, v: 0.002011, w: 0.000000[0m
[0m[ INFO] [1748157644.913267766]: [1748157644.913] v: -2.576733, w: 2.593230 (segment 0)[0m
[0m[ INFO] [1748157645.012125883]: [1748157645.012] Robot state - x: 1.362168, y: -3.210364, phi: 2.916565[0m
[0m[ INFO] [1748157645.012363613]: [1748157645.012] Reference trajectory - x: 0.000007, y: 0.000000, phi: 0.000000, v: 0.002011, w: 0.000000[0m
[0m[ INFO] [1748157645.012409757]: [1748157645.012] v: -2.700722, w: 2.671402 (segment 0)[0m
[0m[ INFO] [1748157645.112289451]: [1748157645.112] Robot state - x: 1.481323, y: -3.239175, phi: 2.925959[0m
[0m[ INFO] [1748157645.112404652]: [1748157645.112] Reference trajectory - x: 0.000007, y: 0.000000, phi: 0.000000, v: 0.002011, w: 0.000000[0m
[0m[ INFO] [1748157645.112502541]: [1748157645.112] v: -2.827352, w: 2.757231 (segment 0)[0m
[0m[ INFO] [1748157645.217460034]: [1748157645.217] Robot state - x: 1.599717, y: -3.265925, phi: 2.931595[0m
[0m[ INFO] [1748157645.217828453]: [1748157645.218] Reference trajectory - x: 0.000007, y: 0.000000, phi: 0.000000, v: 0.002011, w: 0.000000[0m
[0m[ INFO] [1748157645.218019623]: [1748157645.218] v: -2.955506, w: 2.844866 (segment 0)[0m
[0m[ INFO] [1748157645.313342609]: [1748157645.313] Robot state - x: 1.718973, y: -3.291578, phi: 2.939110[0m
[0m[ INFO] [1748157645.313444370]: [1748157645.313] Reference trajectory - x: 0.000007, y: 0.000000, phi: 0.000000, v: 0.002011, w: 0.000000[0m
[0m[ INFO] [1748157645.31349918[0m[ INFO] [1748157633.548425142]: Reading trajectory coeffs[0m
6]: [1748157645.313] v: -3.086558, w: 2.929615 (segment 0)[0m
[0m[ INFO] [1748157645.413547265]: [1748157645.413] Robot state - x: 1.837976, y: -3.316475, phi: 2.946624[0m
[0m[ INFO] [1748157645.413651906]: [1748157645.414] Reference trajectory - x: 0.000007, y: 0.000000, phi: 0.000000, v: 0.002011, w: 0.000000[0m
[0m[ INFO] [1748157645.413698434]: [1748157645.414] v: -3.219572, w: 3.013861 (segment 0)[0m
[0m[ INFO] [1748157645.513276141]: [1748157645.513] Robot state - x: 1.957162, y: -3.340477, phi: 2.954139[0m
[0m[ INFO] [1748157645.513382958]: [1748157645.513] Reference trajectory - x: 0.000007, y: 0.000000, phi: 0.000000, v: 0.002011, w: 0.000000[0m
[0m[ INFO] [1748157645.513430191]: [1748157645.513] v: -3.354915, w: 3.097410 (segment 0)[0m
[0m[ INFO] [1748157645.613009434]: [1748157645.613] Robot state - x: 2.076349, y: -3.363433, phi: 2.963533[0m
[0m[ INFO] [1748157645.613111931]: [1748157645.613] Reference trajectory - x: 0.000007, y: 0.000000, phi: 0.000000, v: 0.002011, w: 0.000000[0m
[0m[ INFO] [1748157645.613186587]: [1748157645.613] v: -3.492435, w: 3.178087 (segment 0)[0m
[0m[ INFO] [1748157645.712236771]: [1748157645.712] Robot state - x: 2.197158, y: -3.385409, phi: 2.978562[0m
[0m[ INFO] [1748157645.712333187]: [1748157645.712] Reference trajectory - x: 0.000007, y: 0.000000, phi: 0.000000, v: 0.002011, w: 0.000000[0m
[0m[ INFO] [1748157645.712402596]: [1748157645.712] v: -3.633515, w: 3.252030 (segment 0)[0m
[0m[ INFO] [1748157645.812896662]: [1748157645.813] Robot state - x: 2.314945, y: -3.405922, phi: 2.989834[0m
[0m[ INFO] [1748157645.813036472]: [1748157645.813] Reference trajectory - x: 0.000007, y: 0.000000, phi: 0.000000, v: 0.002011, w: 0.000000[0m
[0m[ INFO] [1748157645.813112920]: [1748157645.813] v: -3.774221, w: 3.328423 (segment 0)[0m
[0m[ INFO] [1748157645.913311208]: [1748157645.913] Robot state - x: 2.435965, y: -3.425478, phi: 2.995470[0m
[0m[ INFO] [1748157645.913420617]: [1748157645.913] Reference trajectory - x: 0.000007, y: 0.000000, phi: 0.000000, v: 0.002011, w: 0.000000[0m
[0m[ INFO] [1748157645.913467146]: [1748157645.913] v: -3.919837, w: 3.409854 (segment 0)[0m
[0m[ INFO] [1748157646.012888884]: [1748157646.013] Robot state - x: 2.556615, y: -3.443466, phi: 3.002985[0m
[0m[ INFO] [1748157646.013056853]: [1748157646.013] Reference trajectory - x: 0.000007, y: 0.000000, phi: 0.000000, v: 0.002011, w: 0.000000[0m
[0m[ INFO] [1748157646.013125846]: [1748157646.013] v: -4.067348, w: 3.487661 (segment 0)[0m
[0m[ INFO] [1748157630.544241461]: [I2C FOR MOTORS] Now launching this node in namespace: /asc[0m
[0m[ INFO] [1748157630.631566205]: [I2C FOR MOTORS] publish motor duty cycle requests from command line with: rostopic pub --once /asc/set_motor_duty_cycle asclinic_pkg/LeftRightFloat32 "{left: 10.1, right: 10.1}"[0m
[0m[ INFO] [1748157630.631772703]: [I2C FOR MOTORS] Successfully opened named /dev/i2c-1, with file descriptor = 11[0m
[0m[ INFO] [1748157630.631876191]: [I2C FOR MOTORS] Actual acceleration limit = 0.0003125%/ms (after conversation to "internal units")[0m
[0m[ INFO] [1748157630.631931264]: [I2C FOR MOTORS] Actual deceleration limit = 0.0015625%/ms (after conversation to "internal units")[0m
[0m[ INFO] [1748157630.631971744]: [I2C FOR MOTORS] Now initialising SMC with I2C address 13[0m
[0m[ INFO] [1748157630.648649634]: [I2C FOR MOTORS] Now initialising SMC with I2C address 14[0m
[0m[ INFO] [1748157630.671006992]: [I2C FOR MOTORS] Node initialisation complete[0m

[ARUCO DETECTOR] Camera properties upon initialisation:
CV_CAP_PROP_FRAME_HEIGHT : '480.0'
CV_CAP_PROP_FRAME_WIDTH :  '640.0'
CAP_PROP_FPS :             '30.0'
CAP_PROP_FOCUS :           '0.0'
CAP_PROP_AUTOFOCUS :       '0.0'
CAP_PROP_BRIGHTNESS :      '128.0'
CAP_PROP_CONTRAST :        '128.0'
CAP_PROP_SATURATION :      '128.0'
CAP_PROP_BUFFERSIZE :      '4.0'

[ARUCO DETECTOR] Camera properties upon initialisation:
CV_CAP_PROP_FRAME_HEIGHT : '1080.0'
CV_CAP_PROP_FRAME_WIDTH :  '1920.0'
CAP_PROP_FPS :             '5.0'
CAP_PROP_FOCUS :           '0.0'
CAP_PROP_AUTOFOCUS :       '0.0'
CAP_PROP_BRIGHTNESS :      '128.0'
CAP_PROP_CONTRAST :        '128.0'
CAP_PROP_SATURATION :      '128.0'
CAP_PROP_BUFFERSIZE :      '1.0'
[INFO] [1748157635.311993]: [ARUCO DETECTOR] As a double check of the camera properties set, a frame captured just now has dimensions = (1080, 1920, 3)
[INFO] [1748157635.317704]: [ARUCO DETECTOR] publish request from command line to save a single camera image using: rostopic pub --once /asc/request_save_image std_msgs/UInt32 1
[INFO] [1748157635.321835]: [ARUCO DETECTOR] Node initialisation complete
... logging to /home/asc/.ros/log/0725ea1e-3922-11f0-8573-d8c0a650f677/roslaunch-asc12-jetson-53576.log
Checking log directory for disk usage. This may take a while.
Press Ctrl-C to interrupt
Done checking log file disk usage. Usage is <1GB.
]2;/home/asc/ASClinic/catkin_ws/src/asclinic_pkg/launch/trajectory.launch
[1mstarted roslaunch server http://asc12-jetson:42437/[0m

SUMMARY
========

PARAMETERS
 * /asc/aruco_detector/aruco_detector_desired_camera_fps: 5
 * /asc/aruco_detector/aruco_detector_desired_camera_frame_height: 1080
 * /asc/aruco_detector/aruco_detector_desired_camera_frame_width: 1920
 * /asc/aruco_detector/aruco_detector_marker_size: 0.25
 * /asc/aruco_detector/aruco_detector_save_image_path: /home/asc/saved_c...
 * /asc/aruco_detector/aruco_detector_should_publish_camera_images: False
 * /asc/aruco_detector/aruco_detector_should_save_all_aruco_images: False
 * /asc/aruco_detector/aruco_detector_should_show_camera_images: False
 * /asc/aruco_detector/aruco_detector_usb_camera_device_number: 0
 * /asc/aruco_detector/aruco_detector_verbosity: 1
 * /asc/encoder_read_multi_threaded/delta_t_for_publishing_encoder_counts: 0.1
 * /asc/encoder_read_multi_threaded/encoder_events_to_monitor: rising
 * /asc/encoder_read_multi_threaded/encoder_read_verbosity: 1
 * /asc/encoder_read_multi_threaded/gpio_chip_number_for_encoder_lines: 1
 * /asc/encoder_read_multi_threaded/line_number_for_left_side_encoder_channel_a: 105
 * /asc/encoder_read_multi_threaded/line_number_for_left_side_encoder_channel_b: 106
 * /asc/encoder_read_multi_threaded/line_number_for_right_side_encoder_channel_a: 84
 * /asc/encoder_read_multi_threaded/line_number_for_right_side_encoder_channel_b: 130
 * /asc/encoder_read_multi_threaded/should_monitor_left_side_encoder_channel_a: True
 * /asc/encoder_read_multi_threaded/should_monitor_left_side_encoder_channel_b: False
 * /asc/encoder_read_multi_threaded/should_monitor_right_side_encoder_channel_a: True
 * /asc/encoder_read_multi_threaded/should_monitor_right_side_encoder_channel_b: False
 * /asc/i2c_for_motors/motor_driver_current_limit_in_milliamps: 5000
 * /asc/i2c_for_motors/motor_driver_left_side_multiplier: 1
 * /asc/i2c_for_motors/motor_driver_max_accel_limit_in_percent_per_millisecond: 0.04
 * /asc/i2c_for_motors/motor_driver_max_decel_limit_in_percent_per_millisecond: 0.16
 * /asc/i2c_for_motors/motor_driver_max_duty_cycle_limit_in_percent: 100.0
 * /asc/i2c_for_motors/motor_driver_right_side_multiplier: 1
 * /asc/i2c_for_motors/motor_driver_verbosity: 1
 * /rosdistro: noetic
 * /rosversion: 1.17.0

NODES
  /
    aruco_positioning (asclinic_pkg/aruco_positioning.py)
    kf_fusion_node (asclinic_pkg/KF.py)
    odomdelta (asclinic_pkg/odomdelta)
    trajectory_generator (asclinic_pkg/trajectory_generator_state_space)
    trajectory_tracker (asclinic_pkg/trajectory_tracker_state_space)
    velocity_PI_control (asclinic_pkg/velocity_PI_control)
  /asc/
    aruco_detector (asclinic_pkg/aruco_detector.py)
    encoder_read_multi_threaded (asclinic_pkg/encoder_read_multi_threaded)
    i2c_for_motors (asclinic_pkg/i2c_for_motors)

[1mROS_MASTER_URI=http://localhost:11311[0m
]2;/home/asc/ASClinic/catkin_ws/src/asclinic_pkg/launch/trajectory.launch http://localhost:11311
[1mprocess[asc/i2c_for_motors-1]: started with pid [53666][0m
[1mprocess[asc/encoder_read_multi_threaded-2]: started with pid [53667][0m
[1mprocess[odomdelta-3]: started with pid [53668][0m
[1mprocess[asc/aruco_detector-4]: started with pid [53669][0m
[1mprocess[aruco_positioning-5]: started with pid [53670][0m
[1mprocess[trajectory_tracker-6]: started with pid [53671][0m
[1mprocess[trajectory_generator-7]: started with pid [53672][0m
[1mprocess[velocity_PI_control-8]: started with pid [53682][0m
[1mprocess[kf_fusion_node-9]: started with pid [53703][0m
[kf_fusion_node-9] killing on exit
[velocity_PI_control-8] killing on exit
[trajectory_generator-7] killing on exit
[trajectory_tracker-6] killing on exit
[aruco_positioning-5] killing on exit
[asc/aruco_detector-4] killing on exit
[asc/encoder_read_multi_threaded-2] killing on exit
[odomdelta-3] killing on exit
[asc/i2c_for_motors-1] killing on exit
shutting down processing monitor...
... shutting down processing monitor complete
[1mdone[0m
