[0m[ INFO] [1748150400.533898086]: K_x: [0.000000, 0.000000, 0.000000; 0.000000, 0.000000, 0.000000][0m
[0m[ INFO] [1748150400.534141066]: K_x: [0.752481, 0.000000, 0.000000; 0.000000, 1.124046, 0.961472][0m
[0m[ INFO] [1748150400.534173546]: K_p: [0.158114, 0.000000; 0.000000, 0.158114][0m
[0m[ INFO] [1748150402.295503441]: [1748150402.295] Robot state - x: 0.000000, y: 0.000000, phi: 0.000000[0m
[0m[ INFO] [1748150402.299329061]: [1748150402.299] Reference trajectory - x: 0.000000, y: 0.000000, phi: 0.000000, v: 0.000000, w: 0.000000[0m
[0m[ INFO] [1748150402.394542184]: [1748150402.394] Robot state - x: 0.000000, y: 0.000000, phi: 0.000000[0m
[0m[ INFO] [1748150402.394639082]: [1748150402.395] Reference trajectory - x: 0.000000, y: 0.000000, phi: 0.000000, v: 0.000000, w: 0.000000[0m
[0m[ INFO] [1748150402.495551962]: [1748150402.495] Robot state - x: 0.000000, y: 0.000000, phi: 0.000000[0m
[0m[ INFO] [1748150402.495722140]: [1748150402.496] Reference trajectory - x: 0.000000, y: 0.000000, phi: 0.000000, v: 0.000000, w: 0.000000[0m
[0m[ INFO] [1748150402.603289607]: [1748150402.603] Robot state - x: 0.000000, y: 0.000000, phi: 0.000000[0m
[0m[ INFO] [1748150402.603918575]: [1748150402.604] Reference trajectory - x: 0.000000, y: 0.000000, phi: 0.000000, v: 0.000000, w: 0.000000[0m
[0m[ INFO] [1748150402.696073258]: [1748150402.696] Robot state - x: 0.000000, y: 0.000000, phi: 0.000000[0m
[0m[ INFO] [1748150402.696210028]: [1748150402.696] Reference trajectory - x: 0.000000, y: 0.000000, phi: 0.000000, v: 0.000000, w: 0.000000[0m
[0m[ INFO] [1748150402.804718146]: [1748150402.804] Robot state - x: 0.000000, y: 0.000000, phi: 0.000000[0m
[0m[ INFO] [1748150402.805272106]: [1748150402.805] Reference trajectory - x: 0.000000, y: 0.000000, phi: 0.000000, v: 0.000000, w: 0.000000[0m
[0m[ INFO] [1748150402.904554116]: [1748150402.904] Robot state - x: 0.000000, y: 0.000000, phi: 0.000000[0m
[0m[ INFO] [1748150402.904720647]: [1748150402.905] Reference trajectory - x: 0.000000, y: 0.000000, phi: 0.000000, v: 0.000000, w: 0.000000[0m
[0m[ INFO] [1748150402.995903188]: [1748150402.996] Robot state - x: 0.000000, y: 0.000000, phi: 0.000000[0m
[0m[ INFO] [1748150402.996060086]: [1748150402.996] Reference trajectory - x: 0.000000, y: 0.000000, phi: 0.000000, v: 0.000000, w: 0.000000[0m
[0m[ INFO] [1748150403.095557395]: [1748150403.095] Robot state - x: 0.000000, y: 0.000000, phi: 0.000000[0m
[0m[ INFO] [1748150403.095685173]: [1748150403.096] Reference trajectory - x: 0.000000, y: 0.000000, phi: 0.000000, v: 0.000000, w: 0.000000[0m
[0m[ INFO] [1748150403.194801581]: [1748150403.195] Robot state - x: 0.000000, y: 0.000000, phi: 0.000000[0m
[0m[ INFO] [1748150403.194956207]: [1748150403.195] Reference trajectory - x: 0.000000, y: 0.000000, phi: 0.000000, v: 0.000000, w: 0.000000[0m
[0m[ INFO] [1748150403.295993505]: [1748150403.296] Robot state - x: 0.000000, y: 0.000000, phi: 0.000000[0m
[0m[ INFO] [1748150403.296192612]: [1748150403.296] Reference trajectory - x: 0.000000, y: 0.000000, phi: 0.000000, v: 0.000000, w: 0.000000[0m
[0m[ INFO] [1748150403.396139239]: [1748150403.396] Robot state - x: 0.000000, y: 0.000000, phi: 0.000000[0m
[0m[ INFO] [1748150403.396259721]: [1748150403.396] Reference trajectory - x: 0.000000, y: 0.000000, phi: 0.000000, v: 0.000000, w: 0.000000[0m
[0m[ INFO] [1748150403.495156350]: [1748150403.495] Robot state - x: 0.000000, y: 0.000000, phi: 0.000000[0m
[0m[ INFO] [1748150403.495256767]: [1748150403.495] Reference trajectory - x: 0.000000, y: 0.000000, phi: 0.000000, v: 0.000000, w: 0.000000[0m
[0m[ INFO] [1748150403.594875710]: [1748150403.595] Robot state - x: 0.000000, y: 0.000000, phi: 0.000000[0m
[0m[ INFO] [1748150403.595014688]: [1748150403.595] Reference trajectory - x: 0.000000, y: 0.000000, phi: 0.000000, v: 0.000000, w: 0.000000[0m
[0m[ INFO] [1748150403.707699983]: [1748150403.707] Robot state - x: 0.000000, y: 0.000000, phi: 0.000000[0m
[0m[ INFO] [1748150403.708273591]: [1748150403.708] Reference trajectory - x: 0.000000, y: 0.000000, phi: 0.000000, v: 0.000000, w: 0.000000[0m
[0m[ INFO] [1748150403.716359108]: Received reference trajectory - x: 0.000000, y: 0.000000, phi: 180.000000, v: 0.000000, w: 0.000000, line_no: 0[0m
[0m[ INFO] [1748150403.794938279]: [1748150403.795] Robot state - x: 0.000000, y: 0.000000, phi: 0.000000[0m
[0m[ INFO] [1748150403.795089033]: [1748150403.795] Reference trajectory - x: 0.000000, y: 0.000000, phi: 3.141593, v: 0.000000, w: 0.000000[0m
[0m[ INFO] [1748150403.798685081]: Received reference trajectory - x: 0.000000, y: 0.000000, phi: 180.000000, v: 0.000000, w: 0.000000, line_no: 0[0m
[0m[ INFO] [1748150403.896335966]: [1748150403.896] Robot state - x: 0.000000, y: 0.000000, phi: 0.000000[0m
[0m[ INFO] [1748150403.896457823]: [1748150403.896] Reference trajectory - x: 0.000000, y: 0.000000, phi: 3.141593, v: 0.000000, w: 0.000000[0m
[0m[ INFO] [1748150403.898750014]: Received reference trajectory - x: 0.000000, y: 0.000000, phi: 180.000000, v: 0.000000, w: 0.000000, line_no: 0[0m
[0m[ INFO] [1748150403.994827245]: [1748150403.995] Robot state - x: 0.000000, y: 0.000000, phi: 0.000000[0m
[0m[ INFO] [1748150403.994940047]: [1748150403.995] Reference trajectory - x: 0.000000, y: 0.000000, phi: 3.141593, v: 0.000000, w: 0.000000[0m
[0m[ INFO] [1748150403.999167176]: Received reference trajectory - x: 0.000000, y: 0.000000, phi: 180.000000, v: 0.000000, w: 0.000000, line_no: 0[0m
[0m[ INFO] [1748150404.097582230]: [1748150404.097] Robot state - x: -0.000202, y: 0.000000, phi: -0.001879[0m
[0m[ INFO] [1748150404.097802233]: [1748150404.098] Reference trajectory - x: 0.000000, y: 0.000000, phi: 3.141593, v: 0.000000, w: 0.000000[0m
[0m[ INFO] [1748150404.100159449]: Received reference trajectory - x: 0.000000, y: 0.000000, phi: 180.000000, v: 0.000000, w: 0.000000, line_no: 0[0m
[0m[ INFO] [1748150404.194630994]: [1748150404.195] Robot state - x: -0.000202, y: 0.000000, phi: -0.013151[0m
[0m[ INFO] [1748150404.194753268]: [1748150404.195] Reference trajectory - x: 0.000000, y: 0.000000, phi: 3.141593, v: 0.000000, w: 0.000000[0m
[0m[ INFO] [1748150404.198684297]: Received reference trajectory - x: 0.000000, y: 0.000000, phi: 180.000000, v: 0.000000, w: 0.000000, line_no: 0[0m
[0m[ INFO] [1748150404.297231865]: [1748150404.297] Robot state - x: -0.000404, y: 0.000004, phi: -0.048846[0m
[0m[ INFO] [1748150404.297328954]: [1748150404.297] Reference trajectory - x: 0.000000, y: 0.000000, phi: 3.141593, v: 0.000000, w: 0.000000[0m
[0m[ INFO] [1748150404.298887375]: Received reference trajectory - x: 0.000000, y: 0.000000, phi: 180.000000, v: 0.000000, w: 0.000000, line_no: 0[0m
[0m[ INFO] [1748150404.394780444]: [1748150404.395] Robot state - x: -0.000808, y: 0.000017, phi: -0.086420[0m
[0m[ INFO] [1748150404.394874941]: [1748150404.395] Reference trajectory - x: 0.000000, y: 0.000000, phi: 3.141593, v: 0.000000, w: 0.000000[0m
[0m[ INFO] [1748150404.398569903]: Received reference trajectory - x: 0.000000, y: 0.000000, phi: 180.000000, v: 0.000000, w: 0.000000, line_no: 0[0m
[0m[ INFO] [1748150404.498894071]: Received reference trajectory - x: 0.000000, y: 0.000000, phi: 180.000000, v: 0.000000, w: 0.000000, line_no: 0[0m
[0m[ INFO] [1748150404.500976755]: [1748150404.501] Robot state - x: -0.001210, y: 0.000049, phi: -0.146538[0m
[0m[ INFO] [1748150404.501135669]: [1748150404.501] Reference trajectory - x: 0.000000, y: 0.000000, phi: 3.141593, v: 0.000000, w: 0.000000[0m
[0m[ INFO] [1748150404.595082887]: [1748150404.595] Robot state - x: -0.001411, y: 0.000074, phi: -0.223565[0m
[0m[ INFO] [1748150404.595234090]: [1748150404.595] Reference trajectory - x: 0.000000, y: 0.000000, phi: 3.141593, v: 0.000000, w: 0.000000[0m
[0m[ INFO] [1748150404.598775129]: Received reference trajectory - x: 0.000000, y: 0.000000, phi: 180.000000, v: 0.000000, w: 0.000000, line_no: 0[0m
[0m[ INFO] [1748150404.700983483]: Received reference trajectory - x: 0.000000, y: 0.000000, phi: 180.000000, v: 0.000000, w: 0.000000, line_no: 0[0m
[0m[ INFO] [1748150404.703369339]: [1748150404.703] Robot state - x: -0.001609, y: 0.000111, phi: -0.296834[0m
[0m[ INFO] [1748150404.703717280]: [1748150404.704] Reference trajectory - x: 0.000000, y: 0.000000, phi: 3.141593, v: 0.000000, w: 0.000000[0m
[0m[ INFO] [1748150404.794919853]: [1748150404.795] Robot state - x: -0.001609, y: 0.000111, phi: -0.368224[0m
[0m[ INFO] [1748150404.795048623]: [1748150404.795] Reference trajectory - x: 0.000000, y: 0.000000, phi: 3.141593, v: 0.000000, w: 0.000000[0m
[0m[ INFO] [1748150404.798715904]: Received reference trajectory - x: 0.000000, y: 0.000000, phi: 180.000000, v: 0.000000, w: 0.000000, line_no: 0[0m
[0m[ INFO] [1748150404.898492865]: [1748150404.898] Robot state - x: -0.001800, y: 0.000177, phi: -0.445250[0m
[0m[ INFO] [1748150404.898601346]: [1748150404.899] Reference trajectory - x: 0.000000, y: 0.000000, phi: 3.141593, v: 0.000000, w: 0.000000[0m
[0m[ INFO] [1748150404.899429037]: Received reference trajectory - x: 0.000000, y: 0.000000, phi: 180.000000, v: 0.000000, w: 0.000000, line_no: 0[0m
[0m[ INFO] [1748150404.994985909]: [1748150404.995] Robot state - x: -0.001985, y: 0.000258, phi: -0.526034[0m
[0m[ INFO] [1748150404.995087287]: [1748150404.995] Reference trajectory - x: 0.000000, y: 0.000000, phi: 3.141593, v: 0.000000, w: 0.000000[0m
[0m[ INFO] [1748150404.998775560]: Received reference trajectory - x: 0.000000, y: 0.000000, phi: 180.000000, v: 0.000000, w: 0.000000, line_no: 0[0m
[0m[ INFO] [1748150405.098572521]: [1748150405.098] Robot state - x: -0.002164, y: 0.000352, phi: -0.606818[0m
[0m[ INFO] [1748150405.098740139]: [1748150405.099] Reference trajectory - x: 0.000000, y: 0.000000, phi: 3.141593, v: 0.000000, w: 0.000000[0m
[0m[ INFO] [1748150405.102088472]: Received reference trajectory - x: 0.000000, y: 0.000000, phi: 180.000000, v: 0.000000, w: 0.000000, line_no: 0[0m
[0m[ INFO] [1748150405.194822234]: [1748150405.195] Robot state - x: -0.002334, y: 0.000460, phi: -0.687602[0m
[0m[ INFO] [1748150405.194918395]: [1748150405.195] Reference trajectory - x: 0.000000, y: 0.000000, phi: 3.141593, v: 0.000000, w: 0.000000[0m
[0m[ INFO] [1748150405.198678862]: Received reference trajectory - x: 0.000000, y: 0.000000, phi: 180.000000, v: 0.000000, w: 0.000000, line_no: 0[0m
[0m[ INFO] [1748150405.295622408]: [1748150405.296] Robot state - x: -0.002334, y: 0.000460, phi: -0.762749[0m
[0m[ INFO] [1748150405.295844235]: [1748150405.296] Reference trajectory - x: 0.000000, y: 0.000000, phi: 3.141593, v: 0.000000, w: 0.000000[0m
[0m[ INFO] [1748150405.298955477]: Received reference trajectory - x: 0.000000, y: 0.000000, phi: 180.000000, v: 0.000000, w: 0.000000, line_no: 0[0m
[0m[ INFO] [1748150405.394963075]: [1748150405.395] Robot state - x: -0.002334, y: 0.000460, phi: -0.841655[0m
[0m[ INFO] [1748150405.395094405]: [1748150405.395] Reference trajectory - x: 0.000000, y: 0.000000, phi: 3.141593, v: 0.000000, w: 0.000000[0m
[0m[ INFO] [1748150405.398670677]: Received reference trajectory - x: 0.000000, y: 0.000000, phi: 180.000000, v: 0.000000, w: 0.000000, line_no: 0[0m
[0m[ INFO] [1748150405.500376848]: Received reference trajectory - x: 0.000000, y: 0.000000, phi: 180.000000, v: 0.000000, w: 0.000000, line_no: 0[0m
[0m[ INFO] [1748150405.502223112]: [1748150405.502] Robot state - x: -0.002475, y: 0.000606, phi: -0.922438[0m
[0m[ INFO] [1748150405.502308426]: [1748150405.502] Reference trajectory - x: 0.000000, y: 0.000000, phi: 3.141593, v: 0.000000, w: 0.000000[0m
[0m[ INFO] [1748150405.594847433]: [1748150405.595] Robot state - x: -0.002346, y: 0.000450, phi: -0.999465[0m
[0m[ INFO] [1748150405.594971114]: [1748150405.595] Reference trajectory - x: 0.000000, y: 0.000000, phi: 3.141593, v: 0.000000, w: 0.000000[0m
[0m[ INFO] [1748150405.598669820]: Received reference trajectory - x: 0.000000, y: 0.000000, phi: 180.000000, v: 0.000000, w: 0.000000, line_no: 0[0m
[0m[ INFO] [1748150405.701613223]: Received reference trajectory - x: 0.000000, y: 0.000000, phi: 180.000000, v: 0.000000, w: 0.000000, line_no: 0[0m
[0m[ INFO] [1748150405.702186127]: [1748150405.702] Robot state - x: -0.002346, y: 0.000450, phi: -1.078370[0m
[0m[ INFO] [1748150405.703103259]: [1748150405.703] Reference trajectory - x: 0.000000, y: 0.000000, phi: 3.141593, v: 0.000000, w: 0.000000[0m
[0m[ INFO] [1748150405.794713742]: [1748150405.795] Robot state - x: -0.002448, y: 0.000624, phi: -1.159154[0m
[0m[ INFO] [1748150405.794839631]: [1748150405.795] Reference trajectory - x: 0.000000, y: 0.000000, phi: 3.141593, v: 0.000000, w: 0.000000[0m
[0m[ INFO] [1748150405.798836037]: Received reference trajectory - x: 0.000000, y: 0.000000, phi: 180.000000, v: 0.000000, w: 0.000000, line_no: 0[0m
[0m[ INFO] [1748150405.895017077]: [1748150405.895] Robot state - x: -0.002360, y: 0.000443, phi: -1.236180[0m
[0m[ INFO] [1748150405.895143159]: [1748150405.895] Reference trajectory - x: 0.000000, y: 0.000000, phi: 3.141593, v: 0.000000, w: 0.000000[0m
[0m[ INFO] [1748150405.898724199]: Received reference trajectory - x: 0.000000, y: 0.000000, phi: 180.000000, v: 0.000000, w: 0.000000, line_no: 0[0m
[0m[ INFO] [1748150405.994807254]: [1748150405.995] Robot state - x: -0.002433, y: 0.000631, phi: -1.313207[0m
[0m[ INFO] [1748150405.994913560]: [1748150405.995] Reference trajectory - x: 0.000000, y: 0.000000, phi: 3.141593, v: 0.000000, w: 0.000000[0m
[0m[ INFO] [1748150405.998666858]: Received reference trajectory - x: 0.000000, y: 0.000000, phi: 180.000000, v: 0.000000, w: 0.000000, line_no: 0[0m
[0m[ INFO] [1748150406.098654701]: Received reference trajectory - x: 0.000000, y: 0.000000, phi: 180.000000, v: 0.000000, w: 0.000000, line_no: 0[0m
[0m[ INFO] [1748150406.143803118]: [1748150406.144] Robot state - x: -0.002493, y: 0.000824, phi: -1.386476[0m
[0m[ INFO] [1748150406.143894159]: [1748150406.144] Reference trajectory - x: 0.000000, y: 0.000000, phi: 3.141593, v: 0.000000, w: 0.000000[0m
[0m[ INFO] [1748150406.194751164]: [1748150406.195] Robot state - x: -0.002493, y: 0.000824, phi: -1.465381[0m
[0m[ INFO] [1748150406.194840349]: [1748150406.195] Reference trajectory - x: 0.000000, y: 0.000000, phi: 3.141593, v: 0.000000, w: 0.000000[0m
[0m[ INFO] [1748150406.199065238]: Received reference trajectory - x: 0.000000, y: 0.000000, phi: 180.000000, v: 0.000000, w: 0.000000, line_no: 0[0m
[0m[ INFO] [1748150406.301110197]: Received reference trajectory - x: 0.000000, y: 0.000000, phi: 180.000000, v: 0.000000, w: 0.000000, line_no: 0[0m
[0m[ INFO] [1748150406.304030076]: [1748150406.304] Robot state - x: -0.002523, y: 0.001023, phi: -1.534892[0m
[0m[ INFO] [1748150406.304338784]: [1748150406.304] Reference trajectory - x: 0.000000, y: 0.000000, phi: 3.141593, v: 0.000000, w: 0.000000[0m
[0m[ INFO] [1748150406.395139048]: [1748150406.395] Robot state - x: -0.002552, y: 0.001426, phi: -1.598768[0m
[0m[ INFO] [1748150406.395261545]: [1748150406.395] Reference trajectory - x: 0.000000, y: 0.000000, phi: 3.141593, v: 0.000000, w: 0.000000[0m
[0m[ INFO] [1748150406.398695256]: Received reference trajectory - x: 0.000000, y: 0.000000, phi: 180.000000, v: 0.000000, w: 0.000000, line_no: 0[0m
[0m[ INFO] [1748150406.499132769]: [1748150406.499] Robot state - x: -0.002552, y: 0.001022, phi: -1.670158[0m
[0m[ INFO] [1748150406.499345764]: [1748150406.499] Reference trajectory - x: 0.000000, y: 0.000000, phi: 3.141593, v: 0.000000, w: 0.000000[0m
[0m[ INFO] [1748150406.499630824]: Received reference trajectory - x: 0.000000, y: 0.000000, phi: 180.000000, v: 0.000000, w: 0.000000, line_no: 0[0m
[0m[ INFO] [1748150406.594881035]: [1748150406.595] Robot state - x: -0.002539, y: 0.001224, phi: -1.747185[0m
[0m[ INFO] [1748150406.594980972]: [1748150406.595] Reference trajectory - x: 0.000000, y: 0.000000, phi: 3.141593, v: 0.000000, w: 0.000000[0m
[0m[ INFO] [1748150406.598679198]: Received reference trajectory - x: 0.000000, y: 0.000000, phi: 180.000000, v: 0.000000, w: 0.000000, line_no: 0[0m
[0m[ INFO] [1748150406.701551560]: Received reference trajectory - x: 0.000000, y: 0.000000, phi: 180.000000, v: 0.000000, w: 0.000000, line_no: 0[0m
[0m[ INFO] [1748150406.702276626]: [1748150406.702] Robot state - x: -0.002512, y: 0.001424, phi: -1.812939[0m
[0m[ INFO] [1748150406.703218975]: [1748150406.703] Reference trajectory - x: 0.000000, y: 0.000000, phi: 3.141593, v: 0.000000, w: 0.000000[0m
[0m[ INFO] [1748150406.795203830]: [1748150406.795] Robot state - x: -0.002596, y: 0.001029, phi: -1.876815[0m
[0m[ INFO] [1748150406.795324343]: [1748150406.795] Reference trajectory - x: 0.000000, y: 0.000000, phi: 3.141593, v: 0.000000, w: 0.000000[0m
[0m[ INFO] [1748150406.798962217]: Received reference trajectory - x: 0.000000, y: 0.000000, phi: 180.000000, v: 0.000000, w: 0.000000, line_no: 0[0m
[0m[ INFO] [1748150406.896254183]: [1748150406.896] Robot state - x: -0.002540, y: 0.001223, phi: -1.950084[0m
[0m[ INFO] [1748150406.896369577]: [1748150406.896] Reference trajectory - x: 0.000000, y: 0.000000, phi: 3.141593, v: 0.000000, w: 0.000000[0m
[0m[ INFO] [1748150406.898830922]: Received reference trajectory - x: 0.000000, y: 0.000000, phi: 180.000000, v: 0.000000, w: 0.000000, line_no: 0[0m
[0m[ INFO] [1748150406.996139721]: [1748150406.996] Robot state - x: -0.002607, y: 0.001032, phi: -2.012080[0m
[0m[ INFO] [1748150406.996242986]: [1748150406.996] Reference trajectory - x: 0.000000, y: 0.000000, phi: 3.141593, v: 0.000000, w: 0.000000[0m
[0m[ INFO] [1748150406.999069105]: Received reference trajectory - x: 0.000000, y: 0.000000, phi: 180.000000, v: 0.000000, w: 0.000000, line_no: 0[0m
[0m[ INFO] [1748150407.094883451]: [1748150407.095] Robot state - x: -0.002607, y: 0.001032, phi: -2.068441[0m
[0m[ INFO] [1748150407.094984701]: [1748150407.095] Reference trajectory - x: 0.000000, y: 0.000000, phi: 3.141593, v: 0.000000, w: 0.000000[0m
[0m[ INFO] [1748150407.098758895]: Received reference trajectory - x: 0.000000, y: 0.000000, phi: 180.000000, v: 0.000000, w: 0.000000, line_no: 0[0m
[0m[ INFO] [1748150407.194603131]: [1748150407.194] Robot state - x: -0.002607, y: 0.001032, phi: -2.132317[0m
[0m[ INFO] [1748150407.194726332]: [1748150407.195] Reference trajectory - x: 0.000000, y: 0.000000, phi: 3.141593, v: 0.000000, w: 0.000000[0m
[0m[ INFO] [1748150407.198605968]: Received reference trajectory - x: 0.000000, y: 0.000000, phi: 180.000000, v: 0.000000, w: 0.000000, line_no: 0[0m
[0m[ INFO] [1748150407.301944832]: Received reference trajectory - x: 0.000000, y: 0.000000, phi: 180.000000, v: 0.000000, w: 0.000000, line_no: 0[0m
[0m[ INFO] [1748150407.308083443]: [1748150407.308] Robot state - x: -0.002810, y: 0.000683, phi: -2.192435[0m
[0m[ INFO] [1748150407.308218901]: [1748150407.308] Reference trajectory - x: 0.000000, y: 0.000000, phi: 3.141593, v: 0.000000, w: 0.000000[0m
[0m[ INFO] [1748150407.394728322]: [1748150407.395] Robot state - x: -0.002698, y: 0.000851, phi: -2.250674[0m
[0m[ INFO] [1748150407.394851396]: [1748150407.395] Reference trajectory - x: 0.000000, y: 0.000000, phi: 3.141593, v: 0.000000, w: 0.000000[0m
[0m[ INFO] [1748150407.398630199]: Received reference trajectory - x: 0.000000, y: 0.000000, phi: 180.000000, v: 0.000000, w: 0.000000, line_no: 0[0m
[0m[ INFO] [1748150407.501311614]: Received reference trajectory - x: 0.000000, y: 0.000000, phi: 180.000000, v: 0.000000, w: 0.000000, line_no: 0[0m
[0m[ INFO] [1748150407.502134409]: [1748150407.502] Robot state - x: -0.002698, y: 0.000851, phi: -2.303278[0m
[0m[ INFO] [1748150407.502260107]: [1748150407.502] Reference trajectory - x: 0.000000, y: 0.000000, phi: 3.141593, v: 0.000000, w: 0.000000[0m
[0m[ INFO] [1748150407.595216591]: [1748150407.595] Robot state - x: -0.002698, y: 0.000851, phi: -2.355881[0m
[0m[ INFO] [1748150407.595314672]: [1748150407.595] Reference trajectory - x: 0.000000, y: 0.000000, phi: 3.141593, v: 0.000000, w: 0.000000[0m
[0m[ INFO] [1748150407.598705534]: Received reference trajectory - x: 0.000000, y: 0.000000, phi: 180.000000, v: 0.000000, w: 0.000000, line_no: 0[0m
[0m[ INFO] [1748150407.696097566]: [1748150407.696] Robot state - x: -0.002698, y: 0.000851, phi: -2.408485[0m
[0m[ INFO] [1748150407.696275776]: [1748150407.696] Reference trajectory - x: 0.000000, y: 0.000000, phi: 3.141593, v: 0.000000, w: 0.000000[0m
[0m[ INFO] [1748150407.705788001]: Received reference trajectory - x: 0.000000, y: 0.000000, phi: 180.000000, v: 0.000000, w: 0.000000, line_no: 0[0m
[0m[ INFO] [1748150407.794666094]: [1748150407.795] Robot state - x: -0.002551, y: 0.000990, phi: -2.459209[0m
[0m[ INFO] [1748150407.794760207]: [1748150407.795] Reference trajectory - x: 0.000000, y: 0.000000, phi: 3.141593, v: 0.000000, w: 0.000000[0m
[0m[ INFO] [1748150407.798778277]: Received reference trajectory - x: 0.000000, y: 0.000000, phi: 180.000000, v: 0.000000, w: 0.000000, line_no: 0[0m
[0m[ INFO] [1748150407.898206721]: [1748150407.898] Robot state - x: -0.002705, y: 0.000859, phi: -2.506177[0m
[0m[ INFO] [1748150407.898345346]: [1748150407.898] Reference trajectory - x: 0.000000, y: 0.000000, phi: 3.141593, v: 0.000000, w: 0.000000[0m
[0m[ INFO] [1748150407.902702301]: Received reference trajectory - x: 0.000000, y: 0.000000, phi: 180.000000, v: 0.000000, w: 0.000000, line_no: 0[0m
[0m[ INFO] [1748150407.994907415]: [1748150407.995] Robot state - x: -0.002705, y: 0.000859, phi: -2.551265[0m
[0m[ INFO] [1748150407.995009977]: [1748150407.995] Reference trajectory - x: 0.000000, y: 0.000000, phi: 3.141593, v: 0.000000, w: 0.000000[0m
[0m[ INFO] [1748150407.998856780]: Received reference trajectory - x: 0.000000, y: 0.000000, phi: 180.000000, v: 0.000000, w: 0.000000, line_no: 0[0m
[0m[ INFO] [1748150408.095195902]: [1748150408.095] Robot state - x: -0.002705, y: 0.000859, phi: -2.592597[0m
[0m[ INFO] [1748150408.095318880]: [1748150408.095] Reference trajectory - x: 0.000000, y: 0.000000, phi: 3.141593, v: 0.000000, w: 0.000000[0m
[0m[ INFO] [1748150408.098582348]: Received reference trajectory - x: 0.000000, y: 0.000000, phi: 180.000000, v: 0.000000, w: 0.000000, line_no: 0[0m
[0m[ INFO] [1748150408.194596153]: [1748150408.195] Robot state - x: -0.003046, y: 0.000642, phi: -2.641443[0m
[0m[ INFO] [1748150408.194727994]: [1748150408.195] Reference trajectory - x: 0.000000, y: 0.000000, phi: 3.141593, v: 0.000000, w: 0.000000[0m
[0m[ INFO] [1748150408.198671984]: Received reference trajectory - x: 0.000000, y: 0.000000, phi: 180.000000, v: 0.000000, w: 0.000000, line_no: 0[0m
[0m[ INFO] [1748150408.294884543]: [1748150408.295] Robot state - x: -0.003220, y: 0.000540, phi: -2.680895[0m
[0m[ INFO] [1748150408.294984801]: [1748150408.295] Reference trajectory - x: 0.000000, y: 0.000000, phi: 3.141593, v: 0.000000, w: 0.000000[0m
[0m[ INFO] [1748150408.298696275]: Received reference trajectory - x: 0.000000, y: 0.000000, phi: 180.000000, v: 0.000000, w: 0.000000, line_no: 0[0m
[0m[ INFO] [1748150408.394705184]: [1748150408.395] Robot state - x: -0.003220, y: 0.000540, phi: -2.714712[0m
[0m[ INFO] [1748150408.394807297]: [1748150408.395] Reference trajectory - x: 0.000000, y: 0.000000, phi: 3.141593, v: 0.000000, w: 0.000000[0m
[0m[ INFO] [1748150408.398680277]: Received reference trajectory - x: 0.000000, y: 0.000000, phi: 180.000000, v: 0.000000, w: 0.000000, line_no: 0[0m
[0m[ INFO] [1748150408.495607055]: [1748150408.496] Robot state - x: -0.002855, y: 0.000714, phi: -2.748528[0m
[0m[ INFO] [1748150408.495709840]: [1748150408.496] Reference trajectory - x: 0.000000, y: 0.000000, phi: 3.141593, v: 0.000000, w: 0.000000[0m
[0m[ INFO] [1748150408.500580498]: Received reference trajectory - x: 0.000000, y: 0.000000, phi: 180.000000, v: 0.000000, w: 0.000000, line_no: 0[0m
[0m[ INFO] [1748150408.594526723]: [1748150408.594] Robot state - x: -0.003041, y: 0.000634, phi: -2.787981[0m
[0m[ INFO] [1748150408.594631525]: [1748150408.595] Reference trajectory - x: 0.000000, y: 0.000000, phi: 3.141593, v: 0.000000, w: 0.000000[0m
[0m[ INFO] [1748150408.598683259]: Received reference trajectory - x: 0.000000, y: 0.000000, phi: 180.000000, v: 0.000000, w: 0.000000, line_no: 0[0m
[0m[ INFO] [1748150408.697029096]: [1748150408.696] Robot state - x: -0.003041, y: 0.000634, phi: -2.821797[0m
[0m[ INFO] [1748150408.698573468]: [1748150408.698] Reference trajectory - x: 0.000000, y: 0.000000, phi: 3.141593, v: 0.000000, w: 0.000000[0m
[0m[ INFO] [1748150408.703471486]: Received reference trajectory - x: 0.000000, y: 0.000000, phi: 180.000000, v: 0.000000, w: 0.000000, line_no: 0[0m
[0m[ INFO] [1748150408.797179021]: [1748150408.797] Robot state - x: -0.003041, y: 0.000634, phi: -2.855614[0m
[0m[ INFO] [1748150408.798279963]: [1748150408.797] Reference trajectory - x: 0.000000, y: 0.000000, phi: 3.141593, v: 0.000000, w: 0.000000[0m
[0m[ INFO] [1748150408.895096691]: [1748150408.895] Robot state - x: -0.003233, y: 0.000573, phi: -2.887552[0m
[0m[ INFO] [1748150408.895228949]: [1748150408.895] Reference trajectory - x: 0.000000, y: 0.000000, phi: 3.141593, v: 0.000000, w: 0.000000[0m
[0m[ INFO] [1748150408.995218136]: [1748150408.995] Robot state - x: -0.003233, y: 0.000573, phi: -2.917611[0m
[0m[ INFO] [1748150408.995309177]: [1748150408.995] Reference trajectory - x: 0.000000, y: 0.000000, phi: 3.141593, v: 0.000000, w: 0.000000[0m
[0m[ INFO] [1748150409.094947511]: [1748150409.095] Robot state - x: -0.003233, y: 0.000573, phi: -2.943912[0m
[0m[ INFO] [1748150409.095078361]: [1748150409.095] Reference trajectory - x: 0.000000, y: 0.000000, phi: 3.141593, v: 0.000000, w: 0.000000[0m
[0m[ INFO] [1748150409.194951417]: [1748150409.195] Robot state - x: -0.003233, y: 0.000573, phi: -2.970214[0m
[0m[ INFO] [1748150409.195046907]: [1748150409.195] Reference trajectory - x: 0.000000, y: 0.000000, phi: 3.141593, v: 0.000000, w: 0.000000[0m
[0m[ INFO] [1748150409.296797589]: [1748150409.297] Robot state - x: -0.003432, y: 0.000536, phi: -2.994637[0m
[0m[ INFO] [1748150409.296898582]: [1748150409.297] Reference trajectory - x: 0.000000, y: 0.000000, phi: 3.141593, v: 0.000000, w: 0.000000[0m
[0m[ INFO] [1748150409.394799901]: [1748150409.395] Robot state - x: -0.003432, y: 0.000536, phi: -3.013424[0m
[0m[ INFO] [1748150409.394890878]: [1748150409.395] Reference trajectory - x: 0.000000, y: 0.000000, phi: 3.141593, v: 0.000000, w: 0.000000[0m
[0m[ INFO] [1748150409.495865806]: [1748150409.496] Robot state - x: -0.003232, y: 0.000564, phi: -3.030332[0m
[0m[ INFO] [1748150409.496054640]: [1748150409.496] Reference trajectory - x: 0.000000, y: 0.000000, phi: 3.141593, v: 0.000000, w: 0.000000[0m
[0m[ INFO] [1748150409.595120198]: [1748150409.595] Robot state - x: -0.003031, y: 0.000588, phi: -3.047240[0m
[0m[ INFO] [1748150409.595253544]: [1748150409.595] Reference trajectory - x: 0.000000, y: 0.000000, phi: 3.141593, v: 0.000000, w: 0.000000[0m
[0m[ INFO] [1748150409.695513422]: [1748150409.695] Robot state - x: -0.003232, y: 0.000567, phi: -3.064149[0m
[0m[ INFO] [1748150409.695638064]: [1748150409.696] Reference trajectory - x: 0.000000, y: 0.000000, phi: 3.141593, v: 0.000000, w: 0.000000[0m
[0m[ INFO] [1748150409.794665925]: [1748150409.795] Robot state - x: -0.003433, y: 0.000550, phi: -3.081057[0m
[0m[ INFO] [1748150409.794761735]: [1748150409.795] Reference trajectory - x: 0.000000, y: 0.000000, phi: 3.141593, v: 0.000000, w: 0.000000[0m
[0m[ INFO] [1748150409.900061489]: [1748150409.900] Robot state - x: -0.003433, y: 0.000550, phi: -3.099844[0m
[0m[ INFO] [1748150409.900191378]: [1748150409.900] Reference trajectory - x: 0.000000, y: 0.000000, phi: 3.141593, v: 0.000000, w: 0.000000[0m
[0m[ INFO] [1748150409.994874637]: [1748150409.995] Robot state - x: -0.003837, y: 0.000528, phi: -3.114873[0m
[0m[ INFO] [1748150409.994972527]: [1748150409.995] Reference trajectory - x: 0.000000, y: 0.000000, phi: 3.141593, v: 0.000000, w: 0.000000[0m
[0m[ INFO] [1748150410.096480037]: [1748150410.096] Robot state - x: -0.003635, y: 0.000535, phi: -3.131782[0m
[0m[ INFO] [1748150410.096944940]: [1748150410.097] Reference trajectory - x: 0.000000, y: 0.000000, phi: 3.141593, v: 0.000000, w: 0.000000[0m
[0m[ INFO] [1748150410.194620687]: [1748150410.195] Robot state - x: -0.003635, y: 0.000535, phi: 3.140131[0m
[0m[ INFO] [1748150410.194717168]: [1748150410.195] Reference trajectory - x: 0.000000, y: 0.000000, phi: 3.141593, v: 0.000000, w: 0.000000[0m
[0m[ INFO] [1748150410.298602119]: [1748150410.298] Robot state - x: -0.003837, y: 0.000533, phi: 3.138253[0m
[0m[ INFO] [1748150410.298790889]: [1748150410.299] Reference trajectory - x: 0.000000, y: 0.000000, phi: 3.141593, v: 0.000000, w: 0.000000[0m
[0m[ INFO] [1748150410.394945464]: [1748150410.395] Robot state - x: -0.003433, y: 0.000532, phi: 3.134495[0m
[0m[ INFO] [1748150410.395046265]: [1748150410.395] Reference trajectory - x: 0.000000, y: 0.000000, phi: 3.141593, v: 0.000000, w: 0.000000[0m
[0m[ INFO] [1748150410.503188105]: [1748150410.503] Robot state - x: -0.003029, y: 0.000530, phi: 3.130738[0m
[0m[ INFO] [1748150410.503601935]: [1748150410.503] Reference trajectory - x: 0.000000, y: 0.000000, phi: 3.141593, v: 0.000000, w: 0.000000[0m
[0m[ INFO] [1748150410.616834435]: [1748150410.617] Robot state - x: -0.003231, y: 0.000533, phi: 3.113830[0m
[0m[ INFO] [1748150410.617210120]: [1748150410.617] Reference trajectory - x: 0.000000, y: 0.000000, phi: 3.141593, v: 0.000000, w: 0.000000[0m
[0m[ INFO] [1748150410.695281027]: [1748150410.695] Robot state - x: -0.003433, y: 0.000537, phi: 3.096922[0m
[0m[ INFO] [1748150410.695382053]: [1748150410.695] Reference trajectory - x: 0.000000, y: 0.000000, phi: 3.141593, v: 0.000000, w: 0.000000[0m
[0m[ INFO] [1748150410.795671499]: [1748150410.796] Robot state - x: -0.003635, y: 0.000543, phi: 3.095043[0m
[0m[ INFO] [1748150410.795841805]: [1748150410.796] Reference trajectory - x: 0.000000, y: 0.000000, phi: 3.141593, v: 0.000000, w: 0.000000[0m
[0m[ INFO] [1748150410.897818154]: [1748150410.898] Robot state - x: -0.003433, y: 0.000533, phi: 3.089407[0m
[0m[ INFO] [1748150410.897962060]: [1748150410.898] Reference trajectory - x: 0.000000, y: 0.000000, phi: 3.141593, v: 0.000000, w: 0.000000[0m
[0m[ INFO] [1748150410.994801924]: [1748150410.995] Robot state - x: -0.003836, y: 0.000553, phi: 3.085649[0m
[0m[ INFO] [1748150410.994903942]: [1748150410.995] Reference trajectory - x: 0.000000, y: 0.000000, phi: 3.141593, v: 0.000000, w: 0.000000[0m
[0m[ INFO] [1748150411.137553062]: [1748150411.137] Robot state - x: -0.004038, y: 0.000565, phi: 3.072499[0m
[0m[ INFO] [1748150411.137684136]: [1748150411.138] Reference trajectory - x: 0.000000, y: 0.000000, phi: 3.141593, v: 0.000000, w: 0.000000[0m
[0m[ INFO] [1748150411.194904874]: [1748150411.195] Robot state - x: -0.004038, y: 0.000565, phi: 3.064984[0m
[0m[ INFO] [1748150411.195077228]: [1748150411.195] Reference trajectory - x: 0.000000, y: 0.000000, phi: 3.141593, v: 0.000000, w: 0.000000[0m
[0m[ INFO] [1748150411.305779422]: [1748150411.306] Robot state - x: -0.004038, y: 0.000565, phi: 3.064984[0m
[0m[ INFO] [1748150411.305996769]: [1748150411.306] Reference trajectory - x: 0.000000, y: 0.000000, phi: 3.141593, v: 0.000000, w: 0.000000[0m
[0m[ INFO] [1748150411.394814733]: [1748150411.395] Robot state - x: -0.004038, y: 0.000565, phi: 3.064984[0m
[0m[ INFO] [1748150411.394912846]: [1748150411.395] Reference trajectory - x: 0.000000, y: 0.000000, phi: 3.141593, v: 0.000000, w: 0.000000[0m
[0m[ INFO] [1748150411.503279009]: [1748150411.503] Robot state - x: -0.004038, y: 0.000565, phi: 3.064984[0m
[0m[ INFO] [1748150411.503397635]: [1748150411.503] Reference trajectory - x: 0.000000, y: 0.000000, phi: 3.141593, v: 0.000000, w: 0.000000[0m
[0m[ INFO] [1748150411.594703312]: [1748150411.595] Robot state - x: -0.004038, y: 0.000565, phi: 3.064984[0m
[0m[ INFO] [1748150411.594805169]: [1748150411.595] Reference trajectory - x: 0.000000, y: 0.000000, phi: 3.141593, v: 0.000000, w: 0.000000[0m
[0m[ INFO] [1748150411.704630424]: [1748150411.704] Robot state - x: -0.004038, y: 0.000565, phi: 3.064984[0m
[0m[ INFO] [1748150411.705429410]: [1748150411.705] Reference trajectory - x: 0.000000, y: 0.000000, phi: 3.141593, v: 0.000000, w: 0.000000[0m
[0m[ INFO] [1748150411.794883927]: [1748150411.795] Robot state - x: -0.004038, y: 0.000565, phi: 3.064984[0m
[0m[ INFO] [1748150411.794976568]: [1748150411.795] Reference trajectory - x: 0.000000, y: 0.000000, phi: 3.141593, v: 0.000000, w: 0.000000[0m
[0m[ INFO] [1748150411.895429792]: [1748150411.895] Robot state - x: -0.004038, y: 0.000565, phi: 3.064984[0m
[0m[ INFO] [1748150411.895562594]: [1748150411.896] Reference trajectory - x: 0.000000, y: 0.000000, phi: 3.141593, v: 0.000000, w: 0.000000[0m
[0m[ INFO] [1748150411.995084830]: [1748150411.995] Robot state - x: -0.004038, y: 0.000565, phi: 3.064984[0m
[0m[ INFO] [1748150411.995188255]: [1748150411.995] Reference trajectory - x: 0.000000, y: 0.000000, phi: 3.141593, v: 0.000000, w: 0.000000[0m
[0m[ INFO] [1748150412.095531173]: [1748150412.095] Robot state - x: -0.004038, y: 0.000565, phi: 3.064984[0m
[0m[ INFO] [1748150412.095644711]: [1748150412.096] Reference trajectory - x: 0.000000, y: 0.000000, phi: 3.141593, v: 0.000000, w: 0.000000[0m
[0m[ INFO] [1748150412.194989920]: [1748150412.195] Robot state - x: -0.004038, y: 0.000565, phi: 3.064984[0m
[0m[ INFO] [1748150412.195095778]: [1748150412.195] Reference trajectory - x: 0.000000, y: 0.000000, phi: 3.141593, v: 0.000000, w: 0.000000[0m
[0m[ INFO] [1748150412.295103812]: [1748150412.295] Robot state - x: -0.004038, y: 0.000565, phi: 3.064984[0m
[0m[ INFO] [1748150412.295219365]: [1748150412.295] Reference trajectory - x: 0.000000, y: 0.000000, phi: 3.141593, v: 0.000000, w: 0.000000[0m
[0m[ INFO] [1748150412.394995332]: [1748150412.395] Robot state - x: -0.004038, y: 0.000565, phi: 3.064984[0m
[0m[ INFO] [1748150412.395121702]: [1748150412.395] Reference trajectory - x: 0.000000, y: 0.000000, phi: 3.141593, v: 0.000000, w: 0.000000[0m
[0m[ INFO] [1748150412.494600609]: [1748150412.494] Robot state - x: -0.004038, y: 0.000565, phi: 3.064984[0m
[0m[ INFO] [1748150412.494695298]: [1748150412.495] Reference trajectory - x: 0.000000, y: 0.000000, phi: 3.141593, v: 0.000000, w: 0.000000[0m
[0m[ INFO] [1748150412.594620739]: [1748150412.594] Robot state - x: -0.004038, y: 0.000565, phi: 3.064984[0m
[0m[ INFO] [1748150412.594717220]: [1748150412.595] Reference trajectory - x: 0.000000, y: 0.000000, phi: 3.141593, v: 0.000000, w: 0.000000[0m
[0m[ INFO] [1748150412.707129517]: [1748150412.707] Robot state - x: -0.004038, y: 0.000565, phi: 3.064984[0m
[0m[ INFO] [1748150412.707631316]: [1748150412.707] Reference trajectory - x: 0.000000, y: 0.000000, phi: 3.141593, v: 0.000000, w: 0.000000[0m
[0m[ INFO] [1748150412.794644615]: [1748150412.795] Robot state - x: -0.004038, y: 0.000565, phi: 3.064984[0m
[0m[ INFO] [1748150412.794747848]: [1748150412.795] Reference trajectory - x: 0.000000, y: 0.000000, phi: 3.141593, v: 0.000000, w: 0.000000[0m
[0m[ INFO] [1748150412.895869657]: [1748150412.896] Robot state - x: -0.004038, y: 0.000565, phi: 3.064984[0m
[0m[ INFO] [1748150412.896038524]: [1748150412.896] Reference trajectory - x: 0.000000, y: 0.000000, phi: 3.141593, v: 0.000000, w: 0.000000[0m
[0m[ INFO] [1748150412.995310388]: [1748150412.995] Robot state - x: -0.004038, y: 0.000565, phi: 3.064984[0m
[0m[ INFO] [1748150412.995398517]: [1748150412.995] Reference trajectory - x: 0.000000, y: 0.000000, phi: 3.141593, v: 0.000000, w: 0.000000[0m
[0m[ INFO] [1748150413.105092729]: [1748150413.105] Robot state - x: -0.004038, y: 0.000565, phi: 3.064984[0m
[0m[ INFO] [1748150413.105621344]: [1748150413.105] Reference trajectory - x: 0.000000, y: 0.000000, phi: 3.141593, v: 0.000000, w: 0.000000[0m
[0m[ INFO] [1748150413.196015713]: [1748150413.196] Robot state - x: -0.004038, y: 0.000565, phi: 3.064984[0m
[0m[ INFO] [1748150413.196126210]: [1748150413.196] Reference trajectory - x: 0.000000, y: 0.000000, phi: 3.141593, v: 0.000000, w: 0.000000[0m
[0m[ INFO] [1748150413.306073802]: [1748150413.306] Robot state - x: -0.004038, y: 0.000565, phi: 3.064984[0m
[0m[ INFO] [1748150413.306459247]: [1748150413.306] Reference trajectory - x: 0.000000, y: 0.000000, phi: 3.141593, v: 0.000000, w: 0.000000[0m
[0m[ INFO] [1748150413.394863285]: [1748150413.395] Robot state - x: -0.004038, y: 0.000565, phi: 3.064984[0m
[0m[ INFO] [1748150413.394969686]: [1748150413.395] Reference trajectory - x: 0.000000, y: 0.000000, phi: 3.141593, v: 0.000000, w: 0.000000[0m
[0m[ INFO] [1748150413.506204495]: [1748150413.505] Robot state - x: -0.004038, y: 0.000565, phi: 3.064984[0m
[0m[ INFO] [1748150413.506557204]: [1748150413.506] Reference trajectory - x: 0.000000, y: 0.000000, phi: 3.141593, v: 0.000000, w: 0.000000[0m
[0m[ INFO] [1748150413.594803383]: [1748150413.595] Robot state - x: -0.004038, y: 0.000565, phi: 3.064984[0m
[0m[ INFO] [1748150413.594900185]: [1748150413.595] Reference trajectory - x: 0.000000, y: 0.000000, phi: 3.141593, v: 0.000000, w: 0.000000[0m
[0m[ INFO] [1748150413.694954875]: [1748150413.695] Robot state - x: -0.004038, y: 0.000565, phi: 3.064984[0m
[0m[ INFO] [1748150413.695070301]: [1748150413.695] Reference trajectory - x: 0.000000, y: 0.000000, phi: 3.141593, v: 0.000000, w: 0.000000[0m
[0m[ INFO] [1748150413.795720935]: [1748150413.795] Robot state - x: -0.004038, y: 0.000565, phi: 3.064984[0m
[0m[ INFO] [1748150413.795881577]: [1748150413.796] Reference trajectory - x: 0.000000, y: 0.000000, phi: 3.141593, v: 0.000000, w: 0.000000[0m
[0m[ INFO] [1748150413.908018254]: [1748150413.907] Robot state - x: -0.004038, y: 0.000565, phi: 3.064984[0m
[0m[ INFO] [1748150413.908411731]: [1748150413.908] Reference trajectory - x: 0.000000, y: 0.000000, phi: 3.141593, v: 0.000000, w: 0.000000[0m
[0m[ INFO] [1748150413.995436999]: [1748150413.995] Robot state - x: -0.004038, y: 0.000565, phi: 3.064984[0m
[0m[ INFO] [1748150413.995570152]: [1748150413.996] Reference trajectory - x: 0.000000, y: 0.000000, phi: 3.141593, v: 0.000000, w: 0.000000[0m
[0m[ INFO] [1748150414.103380691]: [1748150414.103] Robot state - x: -0.004038, y: 0.000565, phi: 3.064984[0m
[0m[ INFO] [1748150414.104005371]: [1748150414.104] Reference trajectory - x: 0.000000, y: 0.000000, phi: 3.141593, v: 0.000000, w: 0.000000[0m
[0m[ INFO] [1748150414.194598974]: [1748150414.195] Robot state - x: -0.004038, y: 0.000565, phi: 3.064984[0m
[0m[ INFO] [1748150414.194752128]: [1748150414.195] Reference trajectory - x: 0.000000, y: 0.000000, phi: 3.141593, v: 0.000000, w: 0.000000[0m
[0m[ INFO] [1748150414.305129645]: [1748150414.305] Robot state - x: -0.004038, y: 0.000565, phi: 3.064984[0m
[0m[ INFO] [1748150414.305658069]: [1748150414.306] Reference trajectory - x: 0.000000, y: 0.000000, phi: 3.141593, v: 0.000000, w: 0.000000[0m
[0m[ INFO] [1748150414.395083400]: [1748150414.395] Robot state - x: -0.004038, y: 0.000565, phi: 3.064984[0m
[0m[ INFO] [1748150414.395207465]: [1748150414.395] Reference trajectory - x: 0.000000, y: 0.000000, phi: 3.141593, v: 0.000000, w: 0.000000[0m
[0m[ INFO] [1748150414.506506691]: [1748150414.506] Robot state - x: -0.004038, y: 0.000565, phi: 3.064984[0m
[0m[ INFO] [1748150414.507039594]: [1748150414.507] Reference trajectory - x: 0.000000, y: 0.000000, phi: 3.141593, v: 0.000000, w: 0.000000[0m
[0m[ INFO] [1748150414.594734342]: [1748150414.595] Robot state - x: -0.004038, y: 0.000565, phi: 3.064984[0m
[0m[ INFO] [1748150414.594830855]: [1748150414.595] Reference trajectory - x: 0.000000, y: 0.000000, phi: 3.141593, v: 0.000000, w: 0.000000[0m
[0m[ INFO] [1748150414.705141267]: [1748150414.705] Robot state - x: -0.004038, y: 0.000565, phi: 3.064984[0m
[0m[ INFO] [1748150414.705604218]: [1748150414.705] Reference trajectory - x: 0.000000, y: 0.000000, phi: 3.141593, v: 0.000000, w: 0.000000[0m
[0m[ INFO] [1748150414.794671176]: [1748150414.795] Robot state - x: -0.004038, y: 0.000565, phi: 3.064984[0m
[0m[ INFO] [1748150414.794764937]: [1748150414.795] Reference trajectory - x: 0.000000, y: 0.000000, phi: 3.141593, v: 0.000000, w: 0.000000[0m
[0m[ INFO] [1748150414.895063087]: [1748150414.895] Robot state - x: -0.004038, y: 0.000565, phi: 3.064984[0m
[0m[ INFO] [1748150414.895185296]: [1748150414.895] Reference trajectory - x: 0.000000, y: 0.000000, phi: 3.141593, v: 0.000000, w: 0.000000[0m
[0m[ INFO] [1748150414.994526505]: [1748150414.994] Robot state - x: -0.004038, y: 0.000565, phi: 3.064984[0m
[0m[ INFO] [1748150414.994814285]: [1748150414.995] Reference trajectory - x: 0.000000, y: 0.000000, phi: 3.141593, v: 0.000000, w: 0.000000[0m
[0m[ INFO] [1748150415.105278843]: [1748150415.105] Robot state - x: -0.004038, y: 0.000565, phi: 3.064984[0m
[0m[ INFO] [1748150415.105684704]: [1748150415.106] Reference trajectory - x: 0.000000, y: 0.000000, phi: 3.141593, v: 0.000000, w: 0.000000[0m
[0m[ INFO] [1748150415.194625901]: [1748150415.195] Robot state - x: -0.004038, y: 0.000565, phi: 3.064984[0m
[0m[ INFO] [1748150415.194723118]: [1748150415.195] Reference trajectory - x: 0.000000, y: 0.000000, phi: 3.141593, v: 0.000000, w: 0.000000[0m
[0m[ INFO] [1748150415.295567643]: [1748150415.295] Robot state - x: -0.004038, y: 0.000565, phi: 3.064984[0m
[0m[ INFO] [1748150415.295698813]: [1748150415.296] Reference trajectory - x: 0.000000, y: 0.000000, phi: 3.141593, v: 0.000000, w: 0.000000[0m
[0m[ INFO] [1748150415.395291096]: [1748150415.395] Robot state - x: -0.004038, y: 0.000565, phi: 3.064984[0m
[0m[ INFO] [1748150415.395378906]: [1748150415.395] Reference trajectory - x: 0.000000, y: 0.000000, phi: 3.141593, v: 0.000000, w: 0.000000[0m
[0m[ INFO] [1748150415.504865050]: [1748150415.504] Robot state - x: -0.004038, y: 0.000565, phi: 3.064984[0m
[0m[ INFO] [1748150415.505454306]: [1748150415.505] Reference trajectory - x: 0.000000, y: 0.000000, phi: 3.141593, v: 0.000000, w: 0.000000[0m
[0m[ INFO] [1748150415.594562065]: [1748150415.594] Robot state - x: -0.004038, y: 0.000565, phi: 3.064984[0m
[0m[ INFO] [1748150415.594681779]: [1748150415.595] Reference trajectory - x: 0.000000, y: 0.000000, phi: 3.141593, v: 0.000000, w: 0.000000[0m
[0m[ INFO] [1748150415.696470380]: [1748150415.696] Robot state - x: -0.004038, y: 0.000565, phi: 3.064984[0m
[0m[ INFO] [1748150415.696603726]: [1748150415.697] Reference trajectory - x: 0.000000, y: 0.000000, phi: 3.141593, v: 0.000000, w: 0.000000[0m
[0m[ INFO] [1748150415.794721558]: [1748150415.795] Robot state - x: -0.004038, y: 0.000565, phi: 3.064984[0m
[0m[ INFO] [1748150415.794813719]: [1748150415.795] Reference trajectory - x: 0.000000, y: 0.000000, phi: 3.141593, v: 0.000000, w: 0.000000[0m
[0m[ INFO] [1748150415.905416551]: [1748150415.905] Robot state - x: -0.004038, y: 0.000565, phi: 3.064984[0m
[0m[ INFO] [1748150415.905931214]: [1748150415.906] Reference trajectory - x: 0.000000, y: 0.000000, phi: 3.141593, v: 0.000000, w: 0.000000[0m
[0m[ INFO] [1748150415.994917691]: [1748150415.995] Robot state - x: -0.004038, y: 0.000565, phi: 3.064984[0m
[0m[ INFO] [1748150415.995019260]: [1748150415.995] Reference trajectory - x: 0.000000, y: 0.000000, phi: 3.141593, v: 0.000000, w: 0.000000[0m
[0m[ INFO] [1748150416.138846571]: [1748150416.139] Robot state - x: -0.004038, y: 0.000565, phi: 3.064984[0m
[0m[ INFO] [1748150416.138945772]: [1748150416.139] Reference trajectory - x: 0.000000, y: 0.000000, phi: 3.141593, v: 0.000000, w: 0.000000[0m
[0m[ INFO] [1748150416.194882684]: [1748150416.195] Robot state - x: -0.004038, y: 0.000565, phi: 3.064984[0m
[0m[ INFO] [1748150416.194983710]: [1748150416.195] Reference trajectory - x: 0.000000, y: 0.000000, phi: 3.141593, v: 0.000000, w: 0.000000[0m
[0m[ INFO] [1748150416.310606673]: [1748150416.310] Robot state - x: -0.004038, y: 0.000565, phi: 3.064984[0m
[0m[ INFO] [1748150416.311079703]: [1748150416.311] Reference trajectory - x: 0.000000, y: 0.000000, phi: 3.141593, v: 0.000000, w: 0.000000[0m
[0m[ INFO] [1748150416.395167394]: [1748150416.395] Robot state - x: -0.004038, y: 0.000565, phi: 3.064984[0m
[0m[ INFO] [1748150416.395266116]: [1748150416.395] Reference trajectory - x: 0.000000, y: 0.000000, phi: 3.141593, v: 0.000000, w: 0.000000[0m
[0m[ INFO] [1748150416.501375575]: [1748150416.501] Robot state - x: -0.004038, y: 0.000565, phi: 3.064984[0m
[0m[ INFO] [1748150416.501522265]: [1748150416.501] Reference trajectory - x: 0.000000, y: 0.000000, phi: 3.141593, v: 0.000000, w: 0.000000[0m
[0m[ INFO] [1748150416.594852224]: [1748150416.595] Robot state - x: -0.004038, y: 0.000565, phi: 3.064984[0m
[0m[ INFO] [1748150416.595159908]: [1748150416.595] Reference trajectory - x: 0.000000, y: 0.000000, phi: 3.141593, v: 0.000000, w: 0.000000[0m
[0m[ INFO] [1748150416.705399087]: [1748150416.705] Robot state - x: -0.004038, y: 0.000565, phi: 3.064984[0m
[0m[ INFO] [1748150416.705953110]: [1748150416.706] Reference trajectory - x: 0.000000, y: 0.000000, phi: 3.141593, v: 0.000000, w: 0.000000[0m
[0m[ INFO] [1748150416.794592767]: [1748150416.794] Robot state - x: -0.004038, y: 0.000565, phi: 3.064984[0m
[0m[ INFO] [1748150416.794687712]: [1748150416.795] Reference trajectory - x: 0.000000, y: 0.000000, phi: 3.141593, v: 0.000000, w: 0.000000[0m
[0m[ INFO] [1748150416.902372488]: [1748150416.902] Robot state - x: -0.004038, y: 0.000565, phi: 3.064984[0m
[0m[ INFO] [1748150416.902729453]: [1748150416.903] Reference trajectory - x: 0.000000, y: 0.000000, phi: 3.141593, v: 0.000000, w: 0.000000[0m
[0m[ INFO] [1748150416.994606049]: [1748150416.994] Robot state - x: -0.004038, y: 0.000565, phi: 3.064984[0m
[0m[ INFO] [1748150416.994731427]: [1748150416.995] Reference trajectory - x: 0.000000, y: 0.000000, phi: 3.141593, v: 0.000000, w: 0.000000[0m
[0m[ INFO] [1748150417.105809944]: [1748150417.105] Robot state - x: -0.004038, y: 0.000565, phi: 3.064984[0m
[0m[ INFO] [1748150417.106264478]: [1748150417.106] Reference trajectory - x: 0.000000, y: 0.000000, phi: 3.141593, v: 0.000000, w: 0.000000[0m
[0m[ INFO] [1748150417.195493358]: [1748150417.195] Robot state - x: -0.004038, y: 0.000565, phi: 3.064984[0m
[0m[ INFO] [1748150417.195624912]: [1748150417.196] Reference trajectory - x: 0.000000, y: 0.000000, phi: 3.141593, v: 0.000000, w: 0.000000[0m
[0m[ INFO] [1748150417.295565296]: [1748150417.295] Robot state - x: -0.004038, y: 0.000565, phi: 3.064984[0m
[0m[ INFO] [1748150417.295695442]: [1748150417.296] Reference trajectory - x: 0.000000, y: 0.000000, phi: 3.141593, v: 0.000000, w: 0.000000[0m
[0m[ INFO] [1748150417.394653829]: [1748150417.395] Robot state - x: -0.004038, y: 0.000565, phi: 3.064984[0m
[0m[ INFO] [1748150417.394753062]: [1748150417.395] Reference trajectory - x: 0.000000, y: 0.000000, phi: 3.141593, v: 0.000000, w: 0.000000[0m
[0m[ INFO] [1748150417.499852875]: [1748150417.500] Robot state - x: -0.004038, y: 0.000565, phi: 3.064984[0m
[0m[ INFO] [1748150417.499953197]: [1748150417.500] Reference trajectory - x: 0.000000, y: 0.000000, phi: 3.141593, v: 0.000000, w: 0.000000[0m
[0m[ INFO] [1748150417.594938250]: [1748150417.595] Robot state - x: -0.004038, y: 0.000565, phi: 3.064984[0m
[0m[ INFO] [1748150417.595034603]: [1748150417.595] Reference trajectory - x: 0.000000, y: 0.000000, phi: 3.141593, v: 0.000000, w: 0.000000[0m
[0m[ INFO] [1748150417.696579457]: [1748150417.696] Robot state - x: -0.004038, y: 0.000565, phi: 3.064984[0m
[0m[ INFO] [1748150417.696679778]: [1748150417.697] Reference trajectory - x: 0.000000, y: 0.000000, phi: 3.141593, v: 0.000000, w: 0.000000[0m
[0m[ INFO] [1748150417.795000621]: [1748150417.795] Robot state - x: -0.004038, y: 0.000565, phi: 3.064984[0m
[0m[ INFO] [1748150417.795102606]: [1748150417.795] Reference trajectory - x: 0.000000, y: 0.000000, phi: 3.141593, v: 0.000000, w: 0.000000[0m
[0m[ INFO] [1748150417.894712329]: [1748150417.895] Robot state - x: -0.004038, y: 0.000565, phi: 3.064984[0m
[0m[ INFO] [1748150417.894835787]: [1748150417.895] Reference trajectory - x: 0.000000, y: 0.000000, phi: 3.141593, v: 0.000000, w: 0.000000[0m
[0m[ INFO] [1748150417.994820236]: [1748150417.995] Robot state - x: -0.004038, y: 0.000565, phi: 3.064984[0m
[0m[ INFO] [1748150417.994920909]: [1748150417.995] Reference trajectory - x: 0.000000, y: 0.000000, phi: 3.141593, v: 0.000000, w: 0.000000[0m
[0m[ INFO] [1748150418.106633131]: [1748150418.106] Robot state - x: -0.004038, y: 0.000565, phi: 3.064984[0m
[0m[ INFO] [1748150418.107085201]: [1748150418.107] Reference trajectory - x: 0.000000, y: 0.000000, phi: 3.141593, v: 0.000000, w: 0.000000[0m
[0m[ INFO] [1748150418.194890734]: [1748150418.195] Robot state - x: -0.004038, y: 0.000565, phi: 3.064984[0m
[0m[ INFO] [1748150418.195159441]: [1748150418.195] Reference trajectory - x: 0.000000, y: 0.000000, phi: 3.141593, v: 0.000000, w: 0.000000[0m
[0m[ INFO] [1748150418.303450273]: [1748150418.302] Robot state - x: -0.004038, y: 0.000565, phi: 3.064984[0m
[0m[ INFO] [1748150418.304260300]: [1748150418.304] Reference trajectory - x: 0.000000, y: 0.000000, phi: 3.141593, v: 0.000000, w: 0.000000[0m
[0m[ INFO] [1748150403.699702883]: Reading trajectory coeffs[0m
[0m[ INFO] [1748150400.306672846]: [I2C FOR MOTORS] Now launching this node in namespace: /asc[0m
[0m[ INFO] [1748150400.337903059]: [I2C FOR MOTORS] publish motor duty cycle requests from command line with: rostopic pub --once /asc/set_motor_duty_cycle asclinic_pkg/LeftRightFloat32 "{left: 10.1, right: 10.1}"[0m
[0m[ INFO] [1748150400.338122166]: [I2C FOR MOTORS] Successfully opened named /dev/i2c-1, with file descriptor = 11[0m
[0m[ INFO] [1748150400.338234391]: [I2C FOR MOTORS] Actual acceleration limit = 0.0003125%/ms (after conversation to "internal units")[0m
[0m[ INFO] [1748150400.338297240]: [I2C FOR MOTORS] Actual deceleration limit = 0.0015625%/ms (after conversation to "internal units")[0m
[0m[ INFO] [1748150400.338357817]: [I2C FOR MOTORS] Now initialising SMC with I2C address 13[0m
[0m[ INFO] [1748150400.354005164]: [I2C FOR MOTORS] Now initialising SMC with I2C address 14[0m
[0m[ INFO] [1748150400.369484829]: [I2C FOR MOTORS] Node initialisation complete[0m

[ARUCO DETECTOR] Camera properties upon initialisation:
CV_CAP_PROP_FRAME_HEIGHT : '480.0'
CV_CAP_PROP_FRAME_WIDTH :  '640.0'
CAP_PROP_FPS :             '30.0'
CAP_PROP_FOCUS :           '0.0'
CAP_PROP_AUTOFOCUS :       '0.0'
CAP_PROP_BRIGHTNESS :      '128.0'
CAP_PROP_CONTRAST :        '128.0'
CAP_PROP_SATURATION :      '128.0'
CAP_PROP_BUFFERSIZE :      '4.0'

[ARUCO DETECTOR] Camera properties upon initialisation:
CV_CAP_PROP_FRAME_HEIGHT : '1080.0'
CV_CAP_PROP_FRAME_WIDTH :  '1920.0'
CAP_PROP_FPS :             '5.0'
CAP_PROP_FOCUS :           '0.0'
CAP_PROP_AUTOFOCUS :       '0.0'
CAP_PROP_BRIGHTNESS :      '128.0'
CAP_PROP_CONTRAST :        '128.0'
CAP_PROP_SATURATION :      '128.0'
CAP_PROP_BUFFERSIZE :      '1.0'
[INFO] [1748150403.196715]: [ARUCO DETECTOR] As a double check of the camera properties set, a frame captured just now has dimensions = (1080, 1920, 3)
[INFO] [1748150403.202083]: [ARUCO DETECTOR] publish request from command line to save a single camera image using: rostopic pub --once /asc/request_save_image std_msgs/UInt32 1
[INFO] [1748150403.206126]: [ARUCO DETECTOR] Node initialisation complete
... logging to /home/asc/.ros/log/0725ea1e-3922-11f0-8573-d8c0a650f677/roslaunch-asc12-jetson-23923.log
Checking log directory for disk usage. This may take a while.
Press Ctrl-C to interrupt
Done checking log file disk usage. Usage is <1GB.
]2;/home/asc/ASClinic/catkin_ws/src/asclinic_pkg/launch/trajectory.launch
[1mstarted roslaunch server http://asc12-jetson:46633/[0m

SUMMARY
========

PARAMETERS
 * /asc/aruco_detector/aruco_detector_desired_camera_fps: 5
 * /asc/aruco_detector/aruco_detector_desired_camera_frame_height: 1080
 * /asc/aruco_detector/aruco_detector_desired_camera_frame_width: 1920
 * /asc/aruco_detector/aruco_detector_marker_size: 0.25
 * /asc/aruco_detector/aruco_detector_save_image_path: /home/asc/saved_c...
 * /asc/aruco_detector/aruco_detector_should_publish_camera_images: False
 * /asc/aruco_detector/aruco_detector_should_save_all_aruco_images: False
 * /asc/aruco_detector/aruco_detector_should_show_camera_images: False
 * /asc/aruco_detector/aruco_detector_usb_camera_device_number: 0
 * /asc/aruco_detector/aruco_detector_verbosity: 1
 * /asc/encoder_read_multi_threaded/delta_t_for_publishing_encoder_counts: 0.1
 * /asc/encoder_read_multi_threaded/encoder_events_to_monitor: rising
 * /asc/encoder_read_multi_threaded/encoder_read_verbosity: 1
 * /asc/encoder_read_multi_threaded/gpio_chip_number_for_encoder_lines: 1
 * /asc/encoder_read_multi_threaded/line_number_for_left_side_encoder_channel_a: 105
 * /asc/encoder_read_multi_threaded/line_number_for_left_side_encoder_channel_b: 106
 * /asc/encoder_read_multi_threaded/line_number_for_right_side_encoder_channel_a: 84
 * /asc/encoder_read_multi_threaded/line_number_for_right_side_encoder_channel_b: 130
 * /asc/encoder_read_multi_threaded/should_monitor_left_side_encoder_channel_a: True
 * /asc/encoder_read_multi_threaded/should_monitor_left_side_encoder_channel_b: False
 * /asc/encoder_read_multi_threaded/should_monitor_right_side_encoder_channel_a: True
 * /asc/encoder_read_multi_threaded/should_monitor_right_side_encoder_channel_b: False
 * /asc/i2c_for_motors/motor_driver_current_limit_in_milliamps: 5000
 * /asc/i2c_for_motors/motor_driver_left_side_multiplier: 1
 * /asc/i2c_for_motors/motor_driver_max_accel_limit_in_percent_per_millisecond: 0.04
 * /asc/i2c_for_motors/motor_driver_max_decel_limit_in_percent_per_millisecond: 0.16
 * /asc/i2c_for_motors/motor_driver_max_duty_cycle_limit_in_percent: 100.0
 * /asc/i2c_for_motors/motor_driver_right_side_multiplier: 1
 * /asc/i2c_for_motors/motor_driver_verbosity: 1
 * /rosdistro: noetic
 * /rosversion: 1.17.0

NODES
  /
    aruco_positioning (asclinic_pkg/aruco_positioning.py)
    kf_fusion_node (asclinic_pkg/KF.py)
    odomdelta (asclinic_pkg/odomdelta)
    trajectory_generator (asclinic_pkg/trajectory_generator_state_space)
    trajectory_tracker (asclinic_pkg/trajectory_tracker_state_space)
    velocity_PI_control (asclinic_pkg/velocity_PI_control)
  /asc/
    aruco_detector (asclinic_pkg/aruco_detector.py)
    encoder_read_multi_threaded (asclinic_pkg/encoder_read_multi_threaded)
    i2c_for_motors (asclinic_pkg/i2c_for_motors)

[1mROS_MASTER_URI=http://localhost:11311[0m
]2;/home/asc/ASClinic/catkin_ws/src/asclinic_pkg/launch/trajectory.launch http://localhost:11311
[1mprocess[asc/i2c_for_motors-1]: started with pid [23962][0m
[1mprocess[asc/encoder_read_multi_threaded-2]: started with pid [23963][0m
[1mprocess[odomdelta-3]: started with pid [23969][0m
[1mprocess[asc/aruco_detector-4]: started with pid [23974][0m
[1mprocess[aruco_positioning-5]: started with pid [23985][0m
[1mprocess[trajectory_tracker-6]: started with pid [23986][0m
[1mprocess[trajectory_generator-7]: started with pid [23988][0m
[1mprocess[velocity_PI_control-8]: started with pid [23995][0m
[1mprocess[kf_fusion_node-9]: started with pid [23997][0m
[kf_fusion_node-9] killing on exit
[velocity_PI_control-8] killing on exit
[aruco_positioning-5] killing on exit
[trajectory_generator-7] killing on exit
[trajectory_tracker-6] killing on exit
[asc/i2c_for_motors-1] killing on exit
[asc/aruco_detector-4] killing on exit
[asc/encoder_read_multi_threaded-2] killing on exit
[odomdelta-3] killing on exit
shutting down processing monitor...
... shutting down processing monitor complete
[1mdone[0m
