[0m[ INFO] [1748153547.139031050]: Loaded 2 segments of gains[0m
[0m[ INFO] [1748153547.139144972]: Segment 0:[0m
[0m[ INFO] [1748153547.139172524]:   K_x:[0m
[0m[ INFO] [1748153547.139228909]:     [-0.182503, -0.730014, 7.04119e-16][0m
[0m[ INFO] [1748153547.139263150]:     [1.09049, -0.272621, 0.961472][0m
[0m[ INFO] [1748153547.139288206]:   K_p:[0m
[0m[ INFO] [1748153547.139321423]:     [-0.0383483, -0.153393][0m
[0m[ INFO] [1748153547.139351567]:     [0.153393, -0.0383483][0m
[0m[ INFO] [1748153547.139373040]: Segment 1:[0m
[0m[ INFO] [1748153547.139393392]:   K_x:[0m
[0m[ INFO] [1748153547.139424401]:     [0.689391, -0.301609, -7.23482e-17][0m
[0m[ INFO] [1748153547.139454385]:     [0.450539, 1.0298, 0.961472][0m
[0m[ INFO] [1748153547.139476689]:   K_p:[0m
[0m[ INFO] [1748153547.139505138]:     [0.144857, -0.063375][0m
[0m[ INFO] [1748153547.139533906]:     [0.063375, 0.144857][0m
[0m[ INFO] [1748153549.202820646]: [1748153549.203] Robot state - x: 0.000000, y: 0.000000, phi: 0.000000[0m
[0m[ INFO] [1748153549.207331312]: [1748153549.207] Reference trajectory - x: 0.000000, y: 0.000000, phi: 0.000000, v: 0.000000, w: 0.000000[0m
[0m[ INFO] [1748153549.311849098]: [1748153549.311] Robot state - x: 0.000000, y: 0.000000, phi: 0.000000[0m
[0m[ INFO] [1748153549.312164719]: [1748153549.312] Reference trajectory - x: 0.000000, y: 0.000000, phi: 0.000000, v: 0.000000, w: 0.000000[0m
[0m[ INFO] [1748153549.405813687]: [1748153549.406] Robot state - x: 0.000000, y: 0.000000, phi: 0.000000[0m
[0m[ INFO] [1748153549.405975353]: [1748153549.406] Reference trajectory - x: 0.000000, y: 0.000000, phi: 0.000000, v: 0.000000, w: 0.000000[0m
[0m[ INFO] [1748153549.502569393]: [1748153549.502] Robot state - x: 0.000000, y: 0.000000, phi: 0.000000[0m
[0m[ INFO] [1748153549.502680755]: [1748153549.503] Reference trajectory - x: 0.000000, y: 0.000000, phi: 0.000000, v: 0.000000, w: 0.000000[0m
[0m[ INFO] [1748153549.602400670]: [1748153549.602] Robot state - x: 0.000000, y: 0.000000, phi: 0.000000[0m
[0m[ INFO] [1748153549.602534880]: [1748153549.603] Reference trajectory - x: 0.000000, y: 0.000000, phi: 0.000000, v: 0.000000, w: 0.000000[0m
[0m[ INFO] [1748153549.709048859]: [1748153549.709] Robot state - x: 0.000000, y: 0.000000, phi: 0.000000[0m
[0m[ INFO] [1748153549.709185597]: [1748153549.709] Reference trajectory - x: 0.000000, y: 0.000000, phi: 0.000000, v: 0.000000, w: 0.000000[0m
[0m[ INFO] [1748153549.803133930]: [1748153549.803] Robot state - x: 0.000000, y: 0.000000, phi: 0.000000[0m
[0m[ INFO] [1748153549.803262988]: [1748153549.803] Reference trajectory - x: 0.000000, y: 0.000000, phi: 0.000000, v: 0.000000, w: 0.000000[0m
[0m[ INFO] [1748153549.903594081]: [1748153549.903] Robot state - x: 0.000000, y: 0.000000, phi: 0.000000[0m
[0m[ INFO] [1748153549.903696995]: [1748153549.904] Reference trajectory - x: 0.000000, y: 0.000000, phi: 0.000000, v: 0.000000, w: 0.000000[0m
[0m[ INFO] [1748153550.012623461]: [1748153550.012] Robot state - x: 0.000000, y: 0.000000, phi: 0.000000[0m
[0m[ INFO] [1748153550.013121166]: [1748153550.013] Reference trajectory - x: 0.000000, y: 0.000000, phi: 0.000000, v: 0.000000, w: 0.000000[0m
[0m[ INFO] [1748153550.229957762]: [1748153550.230] Robot state - x: 0.000000, y: 0.000000, phi: 0.000000[0m
[0m[ INFO] [1748153550.230048548]: [1748153550.230] Reference trajectory - x: 0.000000, y: 0.000000, phi: 0.000000, v: 0.000000, w: 0.000000[0m
[0m[ INFO] [1748153550.232603118]: [1748153550.233] Robot state - x: 0.000000, y: 0.000000, phi: 0.000000[0m
[0m[ INFO] [1748153550.232773873]: [1748153550.233] Reference trajectory - x: 0.000000, y: 0.000000, phi: 0.000000, v: 0.000000, w: 0.000000[0m
[0m[ INFO] [1748153550.302462861]: [1748153550.302] Robot state - x: 0.000000, y: 0.000000, phi: 0.000000[0m
[0m[ INFO] [1748153550.302621263]: [1748153550.303] Reference trajectory - x: 0.000000, y: 0.000000, phi: 0.000000, v: 0.000000, w: 0.000000[0m
[0m[ INFO] [1748153550.320460629]: Received reference trajectory - x: 0.000000, y: 0.000000, phi: -104.000000, v: 0.000000, w: 0.000000, line_no: 0[0m
[0m[ INFO] [1748153550.403151816]: [1748153550.403] Robot state - x: 0.000000, y: 0.000000, phi: 0.000000[0m
[0m[ INFO] [1748153550.403280778]: [1748153550.403] Reference trajectory - x: 0.000000, y: 0.000000, phi: -1.815142, v: 0.000000, w: 0.000000[0m
[0m[ INFO] [1748153550.414082332]: Received reference trajectory - x: 0.000000, y: 0.000000, phi: -104.000000, v: 0.000000, w: 0.000000, line_no: 0[0m
[0m[ INFO] [1748153550.502775153]: [1748153550.503] Robot state - x: 0.000000, y: 0.000000, phi: 0.000000[0m
[0m[ INFO] [1748153550.502906835]: [1748153550.503] Reference trajectory - x: 0.000000, y: 0.000000, phi: -1.815142, v: 0.000000, w: 0.000000[0m
[0m[ INFO] [1748153550.514128620]: Received reference trajectory - x: 0.000000, y: 0.000000, phi: -104.000000, v: 0.000000, w: 0.000000, line_no: 0[0m
[0m[ INFO] [1748153550.612884775]: [1748153550.612] Robot state - x: 0.000000, y: 0.000000, phi: 0.000000[0m
[0m[ INFO] [1748153550.613307118]: [1748153550.613] Reference trajectory - x: 0.000000, y: 0.000000, phi: -1.815142, v: 0.000000, w: 0.000000[0m
[0m[ INFO] [1748153550.615676629]: Received reference trajectory - x: 0.000000, y: 0.000000, phi: -104.000000, v: 0.000000, w: 0.000000, line_no: 0[0m
[0m[ INFO] [1748153550.702854257]: [1748153550.703] Robot state - x: 0.000000, y: 0.000000, phi: -0.003757[0m
[0m[ INFO] [1748153550.702945171]: [1748153550.703] Reference trajectory - x: 0.000000, y: 0.000000, phi: -1.815142, v: 0.000000, w: 0.000000[0m
[0m[ INFO] [1748153550.714210061]: Received reference trajectory - x: 0.000000, y: 0.000000, phi: -104.000000, v: 0.000000, w: 0.000000, line_no: 0[0m
[0m[ INFO] [1748153550.802931714]: [1748153550.803] Robot state - x: 0.000202, y: -0.000002, phi: -0.024423[0m
[0m[ INFO] [1748153550.803067013]: [1748153550.803] Reference trajectory - x: 0.000000, y: 0.000000, phi: -1.815142, v: 0.000000, w: 0.000000[0m
[0m[ INFO] [1748153550.814525409]: Received reference trajectory - x: 0.000000, y: 0.000000, phi: -104.000000, v: 0.000000, w: 0.000000, line_no: 0[0m
[0m[ INFO] [1748153550.902447690]: [1748153550.902] Robot state - x: 0.000202, y: -0.000002, phi: -0.050725[0m
[0m[ INFO] [1748153550.902545324]: [1748153550.903] Reference trajectory - x: 0.000000, y: 0.000000, phi: -1.815142, v: 0.000000, w: 0.000000[0m
[0m[ INFO] [1748153550.914003144]: Received reference trajectory - x: 0.000000, y: 0.000000, phi: -104.000000, v: 0.000000, w: 0.000000, line_no: 0[0m
[0m[ INFO] [1748153551.007576398]: [1748153551.007] Robot state - x: -0.000404, y: 0.000018, phi: -0.067633[0m
[0m[ INFO] [1748153551.007822354]: [1748153551.008] Reference trajectory - x: 0.000000, y: 0.000000, phi: -1.815142, v: 0.000000, w: 0.000000[0m
[0m[ INFO] [1748153551.016859847]: Received reference trajectory - x: 0.000000, y: 0.000000, phi: -104.000000, v: 0.000000, w: 0.000000, line_no: 0[0m
[0m[ INFO] [1748153551.102491466]: [1748153551.102] Robot state - x: -0.000807, y: 0.000042, phi: -0.086420[0m
[0m[ INFO] [1748153551.102583179]: [1748153551.103] Reference trajectory - x: 0.000000, y: 0.000000, phi: -1.815142, v: 0.000000, w: 0.000000[0m
[0m[ INFO] [1748153551.114093001]: Received reference trajectory - x: 0.000000, y: 0.000000, phi: -104.000000, v: 0.000000, w: 0.000000, line_no: 0[0m
[0m[ INFO] [1748153551.213423533]: [1748153551.213] Robot state - x: -0.000605, y: 0.000026, phi: -0.110843[0m
[0m[ INFO] [1748153551.213597264]: [1748153551.214] Reference trajectory - x: 0.000000, y: 0.000000, phi: -1.815142, v: 0.000000, w: 0.000000[0m
[0m[ INFO] [1748153551.214220282]: Received reference trajectory - x: 0.000000, y: 0.000000, phi: -104.000000, v: 0.000000, w: 0.000000, line_no: 0[0m
[0m[ INFO] [1748153551.302167267]: [1748153551.302] Robot state - x: -0.000605, y: 0.000026, phi: -0.140902[0m
[0m[ INFO] [1748153551.302299173]: [1748153551.302] Reference trajectory - x: 0.000000, y: 0.000000, phi: -1.815142, v: 0.000000, w: 0.000000[0m
[0m[ INFO] [1748153551.314020198]: Received reference trajectory - x: 0.000000, y: 0.000000, phi: -104.000000, v: 0.000000, w: 0.000000, line_no: 0[0m
[0m[ INFO] [1748153551.413162536]: [1748153551.413] Robot state - x: -0.000806, y: 0.000052, phi: -0.172840[0m
[0m[ INFO] [1748153551.413633327]: [1748153551.413] Reference trajectory - x: 0.000000, y: 0.000000, phi: -1.815142, v: 0.000000, w: 0.000000[0m
[0m[ INFO] [1748153551.415064231]: Received reference trajectory - x: 0.000000, y: 0.000000, phi: -104.000000, v: 0.000000, w: 0.000000, line_no: 0[0m
[0m[ INFO] [1748153551.502545224]: [1748153551.502] Robot state - x: -0.000806, y: 0.000052, phi: -0.206656[0m
[0m[ INFO] [1748153551.502638890]: [1748153551.503] Reference trajectory - x: 0.000000, y: 0.000000, phi: -1.815142, v: 0.000000, w: 0.000000[0m
[0m[ INFO] [1748153551.514128487]: Received reference trajectory - x: 0.000000, y: 0.000000, phi: -104.000000, v: 0.000000, w: 0.000000, line_no: 0[0m
[0m[ INFO] [1748153551.603051264]: [1748153551.603] Robot state - x: -0.000409, y: -0.000024, phi: -0.236715[0m
[0m[ INFO] [1748153551.603210210]: [1748153551.603] Reference trajectory - x: 0.000000, y: 0.000000, phi: -1.815142, v: 0.000000, w: 0.000000[0m
[0m[ INFO] [1748153551.615083622]: Received reference trajectory - x: 0.000000, y: 0.000000, phi: -104.000000, v: 0.000000, w: 0.000000, line_no: 0[0m
[0m[ INFO] [1748153551.702692105]: [1748153551.703] Robot state - x: -0.000409, y: -0.000024, phi: -0.274289[0m
[0m[ INFO] [1748153551.702785803]: [1748153551.703] Reference trajectory - x: 0.000000, y: 0.000000, phi: -1.815142, v: 0.000000, w: 0.000000[0m
[0m[ INFO] [1748153551.714296968]: Received reference trajectory - x: 0.000000, y: 0.000000, phi: -104.000000, v: 0.000000, w: 0.000000, line_no: 0[0m
[0m[ INFO] [1748153551.803070367]: [1748153551.803] Robot state - x: -0.000604, y: 0.000027, phi: -0.309984[0m
[0m[ INFO] [1748153551.803187297]: [1748153551.803] Reference trajectory - x: 0.000000, y: 0.000000, phi: -1.815142, v: 0.000000, w: 0.000000[0m
[0m[ INFO] [1748153551.813998451]: Received reference trajectory - x: 0.000000, y: 0.000000, phi: -104.000000, v: 0.000000, w: 0.000000, line_no: 0[0m
[0m[ INFO] [1748153551.902954700]: [1748153551.903] Robot state - x: -0.000218, y: -0.000089, phi: -0.343801[0m
[0m[ INFO] [1748153551.903085583]: [1748153551.903] Reference trajectory - x: 0.000000, y: 0.000000, phi: -1.815142, v: 0.000000, w: 0.000000[0m
[0m[ INFO] [1748153551.914085284]: Received reference trajectory - x: 0.000000, y: 0.000000, phi: -104.000000, v: 0.000000, w: 0.000000, line_no: 0[0m
[0m[ INFO] [1748153552.004030574]: [1748153552.004] Robot state - x: -0.000409, y: -0.000024, phi: -0.383253[0m
[0m[ INFO] [1748153552.004204688]: [1748153552.004] Reference trajectory - x: 0.000000, y: 0.000000, phi: -1.815142, v: 0.000000, w: 0.000000[0m
[0m[ INFO] [1748153552.014659357]: Received reference trajectory - x: 0.000000, y: 0.000000, phi: -104.000000, v: 0.000000, w: 0.000000, line_no: 0[0m
[0m[ INFO] [1748153552.102267712]: [1748153552.102] Robot state - x: -0.000409, y: -0.000024, phi: -0.424585[0m
[0m[ INFO] [1748153552.102393538]: [1748153552.102] Reference trajectory - x: 0.000000, y: 0.000000, phi: -1.815142, v: 0.000000, w: 0.000000[0m
[0m[ INFO] [1748153552.114044770]: Received reference trajectory - x: 0.000000, y: 0.000000, phi: -104.000000, v: 0.000000, w: 0.000000, line_no: 0[0m
[0m[ INFO] [1748153552.203562020]: [1748153552.203] Robot state - x: -0.000037, y: -0.000182, phi: -0.462159[0m
[0m[ INFO] [1748153552.204118445]: [1748153552.204] Reference trajectory - x: 0.000000, y: 0.000000, phi: -1.815142, v: 0.000000, w: 0.000000[0m
[0m[ INFO] [1748153552.216247541]: Received reference trajectory - x: 0.000000, y: 0.000000, phi: -104.000000, v: 0.000000, w: 0.000000, line_no: 0[0m
[0m[ INFO] [1748153552.302433729]: [1748153552.302] Robot state - x: -0.000219, y: -0.000095, phi: -0.501611[0m
[0m[ INFO] [1748153552.302561123]: [1748153552.303] Reference trajectory - x: 0.000000, y: 0.000000, phi: -1.815142, v: 0.000000, w: 0.000000[0m
[0m[ INFO] [1748153552.314220867]: Received reference trajectory - x: 0.000000, y: 0.000000, phi: -104.000000, v: 0.000000, w: 0.000000, line_no: 0[0m
[0m[ INFO] [1748153552.406068396]: [1748153552.406] Robot state - x: -0.000219, y: -0.000095, phi: -0.535428[0m
[0m[ INFO] [1748153552.406630645]: [1748153552.406] Reference trajectory - x: 0.000000, y: 0.000000, phi: -1.815142, v: 0.000000, w: 0.000000[0m
[0m[ INFO] [1748153552.415185762]: Received reference trajectory - x: 0.000000, y: 0.000000, phi: -104.000000, v: 0.000000, w: 0.000000, line_no: 0[0m
[0m[ INFO] [1748153552.502266396]: [1748153552.502] Robot state - x: -0.000219, y: -0.000095, phi: -0.573002[0m
[0m[ INFO] [1748153552.502391103]: [1748153552.502] Reference trajectory - x: 0.000000, y: 0.000000, phi: -1.815142, v: 0.000000, w: 0.000000[0m
[0m[ INFO] [1748153552.514001086]: Received reference trajectory - x: 0.000000, y: 0.000000, phi: -104.000000, v: 0.000000, w: 0.000000, line_no: 0[0m
[0m[ INFO] [1748153552.607187677]: [1748153552.607] Robot state - x: -0.000391, y: 0.000011, phi: -0.608697[0m
[0m[ INFO] [1748153552.607478402]: [1748153552.607] Reference trajectory - x: 0.000000, y: 0.000000, phi: -1.815142, v: 0.000000, w: 0.000000[0m
[0m[ INFO] [1748153552.615554087]: Received reference trajectory - x: 0.000000, y: 0.000000, phi: -104.000000, v: 0.000000, w: 0.000000, line_no: 0[0m
[0m[ INFO] [1748153552.702456894]: [1748153552.702] Robot state - x: -0.000223, y: -0.000101, phi: -0.644392[0m
[0m[ INFO] [1748153552.702566720]: [1748153552.703] Reference trajectory - x: 0.000000, y: 0.000000, phi: -1.815142, v: 0.000000, w: 0.000000[0m
[0m[ INFO] [1748153552.714037405]: Received reference trajectory - x: 0.000000, y: 0.000000, phi: -104.000000, v: 0.000000, w: 0.000000, line_no: 0[0m
[0m[ INFO] [1748153552.805010007]: [1748153552.805] Robot state - x: -0.000223, y: -0.000101, phi: -0.681966[0m
[0m[ INFO] [1748153552.805185210]: [1748153552.805] Reference trajectory - x: 0.000000, y: 0.000000, phi: -1.815142, v: 0.000000, w: 0.000000[0m
[0m[ INFO] [1748153552.815315425]: Received reference trajectory - x: 0.000000, y: 0.000000, phi: -104.000000, v: 0.000000, w: 0.000000, line_no: 0[0m
[0m[ INFO] [1748153552.902518301]: [1748153552.902] Robot state - x: -0.000223, y: -0.000101, phi: -0.715782[0m
[0m[ INFO] [1748153552.902669600]: [1748153552.903] Reference trajectory - x: 0.000000, y: 0.000000, phi: -1.815142, v: 0.000000, w: 0.000000[0m
[0m[ INFO] [1748153552.914012475]: Received reference trajectory - x: 0.000000, y: 0.000000, phi: -104.000000, v: 0.000000, w: 0.000000, line_no: 0[0m
[0m[ INFO] [1748153553.005312219]: [1748153553.005] Robot state - x: -0.000069, y: -0.000232, phi: -0.755235[0m
[0m[ INFO] [1748153553.005491166]: [1748153553.005] Reference trajectory - x: 0.000000, y: 0.000000, phi: -1.815142, v: 0.000000, w: 0.000000[0m
[0m[ INFO] [1748153553.015719718]: Received reference trajectory - x: 0.000000, y: 0.000000, phi: -104.000000, v: 0.000000, w: 0.000000, line_no: 0[0m
[0m[ INFO] [1748153553.102329817]: [1748153553.102] Robot state - x: -0.000369, y: 0.000039, phi: -0.792809[0m
[0m[ INFO] [1748153553.102424378]: [1748153553.102] Reference trajectory - x: 0.000000, y: 0.000000, phi: -1.815142, v: 0.000000, w: 0.000000[0m
[0m[ INFO] [1748153553.114069626]: Received reference trajectory - x: 0.000000, y: 0.000000, phi: -104.000000, v: 0.000000, w: 0.000000, line_no: 0[0m
[0m[ INFO] [1748153553.206092358]: [1748153553.206] Robot state - x: -0.000369, y: 0.000039, phi: -0.830382[0m
[0m[ INFO] [1748153553.206430891]: [1748153553.206] Reference trajectory - x: 0.000000, y: 0.000000, phi: -1.815142, v: 0.000000, w: 0.000000[0m
[0m[ INFO] [1748153553.214152714]: Received reference trajectory - x: 0.000000, y: 0.000000, phi: -104.000000, v: 0.000000, w: 0.000000, line_no: 0[0m
[0m[ INFO] [1748153553.302676252]: [1748153553.303] Robot state - x: -0.000091, y: -0.000254, phi: -0.871714[0m
[0m[ INFO] [1748153553.302834783]: [1748153553.303] Reference trajectory - x: 0.000000, y: 0.000000, phi: -1.815142, v: 0.000000, w: 0.000000[0m
[0m[ INFO] [1748153553.314101848]: Received reference trajectory - x: 0.000000, y: 0.000000, phi: -104.000000, v: 0.000000, w: 0.000000, line_no: 0[0m
[0m[ INFO] [1748153553.406922449]: [1748153553.407] Robot state - x: -0.000358, y: 0.000049, phi: -0.913045[0m
[0m[ INFO] [1748153553.407125365]: [1748153553.407] Reference trajectory - x: 0.000000, y: 0.000000, phi: -1.815142, v: 0.000000, w: 0.000000[0m
[0m[ INFO] [1748153553.502483191]: [1748153553.502] Robot state - x: -0.000230, y: -0.000108, phi: -0.948740[0m
[0m[ INFO] [1748153553.502623673]: [1748153553.503] Reference trajectory - x: 0.000000, y: 0.000000, phi: -1.815142, v: 0.000000, w: 0.000000[0m
[0m[ INFO] [1748153553.513926004]: Received reference trajectory - x: -0.044770, y: -0.179078, phi: 0.000000, v: 3.688938, w: 0.000000, line_no: -1[0m
[0m[ INFO] [1748153553.603132273]: [1748153553.603] Robot state - x: -0.000230, y: -0.000108, phi: -0.982557[0m
[0m[ INFO] [1748153553.603234835]: [1748153553.603] Reference trajectory - x: -0.000045, y: -0.000179, phi: 0.000000, v: 0.003689, w: 0.000000[0m
[0m[ INFO] [1748153553.603293588]: [1748153553.603] v: 0.003654, w: 0.945064 (segment 0)[0m
[0m[ INFO] [1748153553.613987108]: Received reference trajectory - x: -0.178629, y: -0.714518, phi: 0.000000, v: 7.343892, w: 0.000000, line_no: -1[0m
[0m[ INFO] [1748153553.702257233]: [1748153553.702] Robot state - x: -0.000345, y: 0.000059, phi: -1.018252[0m
[0m[ INFO] [1748153553.702389940]: [1748153553.702] Reference trajectory - x: -0.000179, y: -0.000715, phi: 0.000000, v: 0.007344, w: 0.000000[0m
[0m[ INFO] [1748153553.702444533]: [1748153553.702] v: 0.007836, w: 0.979560 (segment 0)[0m
[0m[ INFO] [1748153553.714055380]: Received reference trajectory - x: -0.400788, y: -1.603152, phi: 0.000000, v: 10.963208, w: 0.000000, line_no: -1[0m
[0m[ INFO] [1748153553.802681671]: [1748153553.803] Robot state - x: -0.000345, y: 0.000059, phi: -0.980678[0m
[0m[ INFO] [1748153553.802853674]: [1748153553.803] Reference trajectory - x: -0.000401, y: -0.001603, phi: 0.000000, v: 0.010963, w: 0.000000[0m
[0m[ INFO] [1748153553.802929196]: [1748153553.803] v: 0.012170, w: 0.943439 (segment 0)[0m
[0m[ INFO] [1748153553.814123076]: Received reference trajectory - x: -0.710121, y: -2.840485, phi: 0.000000, v: 14.543501, w: 0.000000, line_no: -1[0m
[0m[ INFO] [1748153553.902412594]: [1748153553.902] Robot state - x: -0.000345, y: 0.000059, phi: -0.995707[0m
[0m[ INFO] [1748153553.902537044]: [1748153553.902] Reference trajectory - x: -0.000710, y: -0.002840, phi: 0.000000, v: 0.014544, w: 0.000000[0m
[0m[ INFO] [1748153553.902606453]: [1748153553.903] v: 0.016756, w: 0.957895 (segment 0)[0m
[0m[ INFO] [1748153553.913912111]: Received reference trajectory - x: -1.105838, y: -4.423352, phi: 0.000000, v: 18.086815, w: 0.000000, line_no: -1[0m
[0m[ INFO] [1748153554.010968014]: [1748153554.011] Robot state - x: -0.000345, y: 0.000059, phi: -0.995707[0m
[0m[ INFO] [1748153554.011216978]: [1748153554.011] Reference trajectory - x: -0.001106, y: -0.004423, phi: 0.000000, v: 0.018087, w: 0.000000[0m
[0m[ INFO] [1748153554.011282835]: [1748153554.011] v: 0.021599, w: 0.957901 (segment 0)[0m
[0m[ INFO] [1748153554.014070529]: Received reference trajectory - x: -1.587398, y: -6.349591, phi: 0.000000, v: 21.595480, w: 0.000000, line_no: -1[0m
[0m[ INFO] [1748153554.106919162]: [1748153554.107] Robot state - x: -0.000345, y: 0.000059, phi: -0.995707[0m
[0m[ INFO] [1748153554.107014460]: [1748153554.107] Reference trajectory - x: -0.001587, y: -0.006350, phi: 0.000000, v: 0.021595, w: 0.000000[0m
[0m[ INFO] [1748153554.107114397]: [1748153554.107] v: 0.026704, w: 0.957906 (segment 0)[0m
[0m[ INFO] [1748153554.114054864]: Received reference trajectory - x: -2.152982, y: -8.611927, phi: 0.000000, v: 25.063194, w: 0.000000, line_no: -1[0m
[0m[ INFO] [1748153554.209924602]: [1748153554.209] Robot state - x: -0.000235, y: -0.000111, phi: -0.993829[0m
[0m[ INFO] [1748153554.210385634]: [1748153554.210] Reference trajectory - x: -0.002153, y: -0.008612, phi: 0.000000, v: 0.025063, w: 0.000000[0m
[0m[ INFO] [1748153554.211448852]: [1748153554.211] v: 0.031961, w: 0.955937 (segment 0)[0m
[0m[ INFO] [1748153554.215236946]: Received reference trajectory - x: -2.808016, y: -11.232064, phi: 0.000000, v: 28.522682, w: 0.000000, line_no: -1[0m
[0m[ INFO] [1748153554.302837461]: [1748153554.303] Robot state - x: 0.000318, y: -0.000955, phi: -0.984435[0m
[0m[ INFO] [1748153554.302974583]: [1748153554.303] Reference trajectory - x: -0.002808, y: -0.011232, phi: 0.000000, v: 0.028523, w: 0.000000[0m
[0m[ INFO] [1748153554.303120761]: [1748153554.303] v: 0.037107, w: 0.946063 (segment 0)[0m
[0m[ INFO] [1748153554.314028365]: Received reference trajectory - x: -3.534948, y: -14.139791, phi: 0.000000, v: 31.891218, w: 0.000000, line_no: -1[0m
[0m[ INFO] [1748153554.403975158]: [1748153554.404] Robot state - x: 0.000539, y: -0.001294, phi: -0.980678[0m
[0m[ INFO] [1748153554.404332796]: [1748153554.404] Reference trajectory - x: -0.003535, y: -0.014140, phi: 0.000000, v: 0.031891, w: 0.000000[0m
[0m[ INFO] [1748153554.404467710]: [1748153554.404] v: 0.042737, w: 0.942104 (segment 0)[0m
[0m[ INFO] [1748153554.414772616]: Received reference trajectory - x: -4.349790, y: -17.399158, phi: 0.000000, v: 35.251732, w: 0.000000, line_no: -1[0m
[0m[ INFO] [1748153554.505728194]: [1748153554.506] Robot state - x: 0.000989, y: -0.001965, phi: -0.973163[0m
[0m[ INFO] [1748153554.505828835]: [1748153554.506] Reference trajectory - x: -0.004350, y: -0.017399, phi: 0.000000, v: 0.035252, w: 0.000000[0m
[0m[ INFO] [1748153554.505876676]: [1748153554.506] v: 0.048475, w: 0.934183 (segment 0)[0m
[0m[ INFO] [1748153554.513971914]: Received reference trajectory - x: -5.244440, y: -20.977760, phi: 0.000000, v: 38.570503, w: 0.000000, line_no: -1[0m
[0m[ INFO] [1748153554.616793255]: Received reference trajectory - x: -6.221117, y: -24.884466, phi: 0.000000, v: 41.858788, w: 0.000000, line_no: -1[0m
[0m[ INFO] [1748153554.618235615]: [1748153554.618] Robot state - x: 0.001668, y: -0.002968, phi: -0.961891[0m
[0m[ INFO] [1748153554.618566532]: [1748153554.618] Reference trajectory - x: -0.006221, y: -0.024884, phi: 0.000000, v: 0.041859, w: 0.000000[0m
[0m[ INFO] [1748153554.618688870]: [1748153554.619] v: 0.060646, w: 0.922294 (segment 0)[0m
[0m[ INFO] [1748153554.702324647]: [1748153554.702] Robot state - x: 0.002126, y: -0.003634, phi: -0.954376[0m
[0m[ INFO] [1748153554.702441801]: [1748153554.702] Reference trajectory - x: -0.006221, y: -0.024884, phi: 0.000000, v: 0.041859, w: 0.000000[0m
[0m[ INFO] [1748153554.702502602]: [1748153554.702] v: 0.060601, w: 0.914342 (segment 0)[0m
[0m[ INFO] [1748153554.714005032]: Received reference trajectory - x: -7.274740, y: -29.098961, phi: 0.000000, v: 45.102619, w: 0.000000, line_no: -1[0m
[0m[ INFO] [1748153554.807552876]: [1748153554.807] Robot state - x: 0.002357, y: -0.003965, phi: -0.950619[0m
[0m[ INFO] [1748153554.807687215]: [1748153554.808] Reference trajectory - x: -0.007275, y: -0.029099, phi: 0.000000, v: 0.045103, w: 0.000000[0m
[0m[ INFO] [1748153554.807927890]: [1748153554.808] v: 0.067337, w: 0.910335 (segment 0)[0m
[0m[ INFO] [1748153554.815092552]: Received reference trajectory - x: -8.408648, y: -33.634594, phi: 0.000000, v: 48.315228, w: 0.000000, line_no: -1[0m
[0m[ INFO] [1748153554.903635899]: [1748153554.904] Robot state - x: 0.002945, y: -0.004786, phi: -0.941225[0m
[0m[ INFO] [1748153554.903802973]: [1748153554.904] Reference trajectory - x: -0.008409, y: -0.033635, phi: 0.000000, v: 0.048315, w: 0.000000[0m
[0m[ INFO] [1748153554.903853854]: [1748153554.904] v: 0.074062, w: 0.900375 (segment 0)[0m
[0m[ INFO] [1748153554.914064614]: Received reference trajectory - x: -9.617787, y: -38.471149, phi: 0.000000, v: 51.484848, w: 0.000000, line_no: -1[0m
[0m[ INFO] [1748153555.004140754]: [1748153555.003] Robot state - x: 0.004255, y: -0.006580, phi: -0.920560[0m
[0m[ INFO] [1748153555.004520248]: [1748153555.004] Reference trajectory - x: -0.009618, y: -0.038471, phi: 0.000000, v: 0.051485, w: 0.000000[0m
[0m[ INFO] [1748153555.006526969]: [1748153555.005] v: 0.080454, w: 0.878498 (segment 0)[0m
[0m[ INFO] [1748153555.015268169]: Received reference trajectory - x: -10.905325, y: -43.621300, phi: 0.000000, v: 54.622257, w: 0.000000, line_no: -1[0m
[0m[ INFO] [1748153555.114073988]: Received reference trajectory - x: -12.267209, y: -49.068836, phi: 0.000000, v: 57.719566, w: 0.000000, line_no: -1[0m
[0m[ INFO] [1748153555.214112243]: Received reference trajectory - x: -13.704412, y: -54.817650, phi: 0.000000, v: 60.781197, w: 0.000000, line_no: -1[0m
[0m[ INFO] [1748153555.245625626]: [1748153555.246] Robot state - x: 0.005826, y: -0.008684, phi: -0.896137[0m
[0m[ INFO] [1748153555.245719996]: [1748153555.246] Reference trajectory - x: -0.013704, y: -0.054818, phi: 0.000000, v: 0.060781, w: 0.000000[0m
[0m[ INFO] [1748153555.245767677]: [1748153555.246] v: 0.101964, w: 0.852606 (segment 0)[0m
[0m[ INFO] [1748153555.248067266]: [1748153555.248] Robot state - x: 0.007315, y: -0.010596, phi: -0.873592[0m
[0m[ INFO] [1748153555.248150756]: [1748153555.248] Reference trajectory - x: -0.013704, y: -0.054818, phi: 0.000000, v: 0.060781, w: 0.000000[0m
[0m[ INFO] [1748153555.248224677]: [1748153555.248] v: 0.101598, w: 0.828632 (segment 0)[0m
[0m[ INFO] [1748153555.302664613]: [1748153555.303] Robot state - x: 0.009183, y: -0.012981, phi: -0.845412[0m
[0m[ INFO] [1748153555.302755975]: [1748153555.303] Reference trajectory - x: -0.013704, y: -0.054818, phi: 0.000000, v: 0.060781, w: 0.000000[0m
[0m[ INFO] [1748153555.302802632]: [1748153555.303] v: 0.100927, w: 0.798660 (segment 0)[0m
[0m[ INFO] [1748153555.314077441]: Received reference trajectory - x: -15.214934, y: -60.859737, phi: 0.000000, v: 63.804760, w: 0.000000, line_no: -1[0m
[0m[ INFO] [1748153555.406167342]: [1748153555.406] Robot state - x: 0.011295, y: -0.015427, phi: -0.815353[0m
[0m[ INFO] [1748153555.406274351]: [1748153555.406] Reference trajectory - x: -0.015215, y: -0.060860, phi: 0.000000, v: 0.063805, w: 0.000000[0m
[0m[ INFO] [1748153555.406333456]: [1748153555.406] v: 0.108036, w: 0.766557 (segment 0)[0m
[0m[ INFO] [1748153555.414167953]: Received reference trajectory - x: -16.798601, y: -67.194405, phi: 0.000000, v: 66.791748, w: 0.000000, line_no: -1[0m
[0m[ INFO] [1748153555.502421919]: [1748153555.502] Robot state - x: 0.014292, y: -0.018707, phi: -0.785294[0m
[0m[ INFO] [1748153555.502550401]: [1748153555.502] Reference trajectory - x: -0.016799, y: -0.067194, phi: 0.000000, v: 0.066792, w: 0.000000[0m
[0m[ INFO] [1748153555.502617698]: [1748153555.503] v: 0.114952, w: 0.733203 (segment 0)[0m
[0m[ INFO] [1748153555.513993949]: Received reference trajectory - x: -18.454220, y: -73.816879, phi: 0.000000, v: 69.741570, w: 0.000000, line_no: -1[0m
[0m[ INFO] [1748153555.606383631]: [1748153555.606] Robot state - x: 0.018230, y: -0.022764, phi: -0.755235[0m
[0m[ INFO] [1748153555.606638163]: [1748153555.606] Reference trajectory - x: -0.018454, y: -0.073817, phi: 0.000000, v: 0.069742, w: 0.000000[0m
[0m[ INFO] [1748153555.606794261]: [1748153555.607] v: 0.121719, w: 0.698534 (segment 0)[0m
[0m[ INFO] [1748153555.615450884]: Received reference trajectory - x: -20.182503, y: -80.730011, phi: 0.000000, v: 72.656876, w: 0.000000, line_no: -1[0m
[0m[ INFO] [1748153555.702197112]: [1748153555.702] Robot state - x: 0.022587, y: -0.026975, phi: -0.721418[0m
[0m[ INFO] [1748153555.702290362]: [1748153555.702] Reference trajectory - x: -0.020183, y: -0.080730, phi: 0.000000, v: 0.072657, w: 0.000000[0m
[0m[ INFO] [1748153555.702335643]: [1748153555.702] v: 0.128706, w: 0.659671 (segment 0)[0m
[0m[ INFO] [1748153555.714003099]: Received reference trajectory - x: -21.978485, y: -87.913940, phi: 0.000000, v: 75.530952, w: 0.000000, line_no: -1[0m
[0m[ INFO] [1748153555.809716995]: [1748153555.810] Robot state - x: 0.027068, y: -0.031053, phi: -0.687602[0m
[0m[ INFO] [1748153555.809840837]: [1748153555.810] Reference trajectory - x: -0.021978, y: -0.087914, phi: 0.000000, v: 0.075531, w: 0.000000[0m
[0m[ INFO] [1748153555.810045192]: [1748153555.810] v: 0.136053, w: 0.620625 (segment 0)[0m
[0m[ INFO] [1748153555.816733462]: Received reference trajectory - x: -23.845259, y: -95.381035, phi: 0.000000, v: 78.370300, w: 0.000000, line_no: -1[0m
[0m[ INFO] [1748153555.902276503]: [1748153555.902] Robot state - x: 0.032150, y: -0.035365, phi: -0.651907[0m
[0m[ INFO] [1748153555.902372440]: [1748153555.902] Reference trajectory - x: -0.023845, y: -0.095381, phi: 0.000000, v: 0.078370, w: 0.000000[0m
[0m[ INFO] [1748153555.902460122]: [1748153555.902] v: 0.143600, w: 0.578959 (segment 0)[0m
[0m[ INFO] [1748153555.913987736]: Received reference trajectory - x: -25.779333, y: -103.117332, phi: 0.000000, v: 81.170937, w: 0.000000, line_no: -1[0m
[0m[ INFO] [1748153556.009730144]: [1748153556.010] Robot state - x: 0.038316, y: -0.040266, phi: -0.619969[0m
[0m[ INFO] [1748153556.009935236]: [1748153556.010] Reference trajectory - x: -0.025779, y: -0.103117, phi: 0.000000, v: 0.081171, w: 0.000000[0m
[0m[ INFO] [1748153556.010048133]: [1748153556.010] v: 0.151158, w: 0.539450 (segment 0)[0m
[0m[ INFO] [1748153556.015720387]: Received reference trajectory - x: -27.784159, y: -111.136635, phi: 0.000000, v: 83.938942, w: 0.000000, line_no: -1[0m
[0m[ INFO] [1748153556.102327701]: [1748153556.102] Robot state - x: 0.044494, y: -0.044818, phi: -0.586152[0m
[0m[ INFO] [1748153556.102448279]: [1748153556.102] Reference trajectory - x: -0.027784, y: -0.111137, phi: 0.000000, v: 0.083939, w: 0.000000[0m
[0m[ INFO] [1748153556.102515160]: [1748153556.102] v: 0.159245, w: 0.498104 (segment 0)[0m
[0m[ INFO] [1748153556.114026229]: Received reference trajectory - x: -29.850851, y: -119.403404, phi: 0.000000, v: 86.663429, w: 0.000000, line_no: -1[0m
[0m[ INFO] [1748153556.208135171]: [1748153556.208] Robot state - x: 0.051642, y: -0.049750, phi: -0.554215[0m
[0m[ INFO] [1748153556.208256805]: [1748153556.208] Reference trajectory - x: -0.029851, y: -0.119403, phi: 0.000000, v: 0.086663, w: 0.000000[0m
[0m[ INFO] [1748153556.208343718]: [1748153556.208] v: 0.167466, w: 0.457274 (segment 0)[0m
[0m[ INFO] [1748153556.215429467]: Received reference trajectory - x: -31.988432, y: -127.953728, phi: 0.000000, v: 89.357468, w: 0.000000, line_no: -1[0m
[0m[ INFO] [1748153556.302401363]: [1748153556.302] Robot state - x: 0.059632, y: -0.054874, phi: -0.522277[0m
[0m[ INFO] [1748153556.302531189]: [1748153556.302] Reference trajectory - x: -0.031988, y: -0.127954, phi: 0.000000, v: 0.089357, w: 0.000000[0m
[0m[ INFO] [1748153556.302605590]: [1748153556.303] v: 0.175983, w: 0.415331 (segment 0)[0m
[0m[ INFO] [1748153556.314404793]: Received reference trajectory - x: -34.184891, y: -136.739563, phi: 0.000000, v: 92.007088, w: 0.000000, line_no: -1[0m
[0m[ INFO] [1748153556.403124621]: [1748153556.403] Robot state - x: 0.067791, y: -0.059725, phi: -0.486582[0m
[0m[ INFO] [1748153556.403238223]: [1748153556.403] Reference trajectory - x: -0.034185, y: -0.136740, phi: 0.000000, v: 0.092007, w: 0.000000[0m
[0m[ INFO] [1748153556.403301776]: [1748153556.403] v: 0.184967, w: 0.369523 (segment 0)[0m
[0m[ INFO] [1748153556.414130018]: Received reference trajectory - x: -36.447903, y: -145.791611, phi: 0.000000, v: 94.622902, w: 0.000000, line_no: -1[0m
[0m[ INFO] [1748153556.502459921]: [1748153556.502] Robot state - x: 0.076799, y: -0.064720, phi: -0.454644[0m
[0m[ INFO] [1748153556.502593363]: [1748153556.503] Reference trajectory - x: -0.036448, y: -0.145792, phi: 0.000000, v: 0.094623, w: 0.000000[0m
[0m[ INFO] [1748153556.502685204]: [1748153556.503] v: 0.194280, w: 0.326205 (segment 0)[0m
[0m[ INFO] [1748153556.514246003]: Received reference trajectory - x: -38.774357, y: -155.097427, phi: 0.000000, v: 97.202110, w: 0.000000, line_no: -1[0m
[0m[ INFO] [1748153556.608064956]: [1748153556.607] Robot state - x: 0.086699, y: -0.069756, phi: -0.422706[0m
[0m[ INFO] [1748153556.609634581]: [1748153556.610] Reference trajectory - x: -0.038774, y: -0.155097, phi: 0.000000, v: 0.097202, w: 0.000000[0m
[0m[ INFO] [1748153556.610448419]: [1748153556.610] v: 0.203997, w: 0.281731 (segment 0)[0m
[0m[ INFO] [1748153556.614570471]: Received reference trajectory - x: -41.165573, y: -164.662292, phi: 0.000000, v: 99.746979, w: 0.000000, line_no: -1[0m
[0m[ INFO] [1748153556.702574288]: [1748153556.702] Robot state - x: 0.097665, y: -0.074913, phi: -0.392647[0m
[0m[ INFO] [1748153556.702682609]: [1748153556.703] Reference trajectory - x: -0.041166, y: -0.164662, phi: 0.000000, v: 0.099747, w: 0.000000[0m
[0m[ INFO] [1748153556.702776691]: [1748153556.703] v: 0.214106, w: 0.237681 (segment 0)[0m
[0m[ INFO] [1748153556.714115694]: Received reference trajectory - x: -43.611954, y: -174.447815, phi: 0.000000, v: 102.248451, w: 0.000000, line_no: -1[0m
[0m[ INFO] [1748153556.809159722]: [1748153556.809] Robot state - x: 0.109151, y: -0.079899, phi: -0.366345[0m
[0m[ INFO] [1748153556.809249324]: [1748153556.809] Reference trajectory - x: -0.043612, y: -0.174448, phi: 0.000000, v: 0.102248, w: 0.000000[0m
[0m[ INFO] [1748153556.809295117]: [1748153556.809] v: 0.224690, w: 0.196527 (segment 0)[0m
[0m[ INFO] [1748153556.814632613]: Received reference trajectory - x: -46.122719, y: -184.490875, phi: 0.000000, v: 104.717010, w: 0.000000, line_no: -1[0m
[0m[ INFO] [1748153556.902681870]: [1748153556.903] Robot state - x: 0.121541, y: -0.084814, phi: -0.336286[0m
[0m[ INFO] [1748153556.902800368]: [1748153556.903] Reference trajectory - x: -0.046123, y: -0.184491, phi: 0.000000, v: 0.104717, w: 0.000000[0m
[0m[ INFO] [1748153556.902903154]: [1748153556.903] v: 0.235794, w: 0.150586 (segment 0)[0m
[0m[ INFO] [1748153556.914371759]: Received reference trajectory - x: -48.691685, y: -194.766739, phi: 0.000000, v: 107.147293, w: 0.000000, line_no: -1[0m
[0m[ INFO] [1748153557.008611550]: [1748153557.008] Robot state - x: 0.134805, y: -0.089704, phi: -0.309984[0m
[0m[ INFO] [1748153557.008807970]: [1748153557.009] Reference trajectory - x: -0.048692, y: -0.194767, phi: 0.000000, v: 0.107147, w: 0.000000[0m
[0m[ INFO] [1748153557.008906915]: [1748153557.009] v: 0.247361, w: 0.107088 (segment 0)[0m
[0m[ INFO] [1748153557.015982584]: Received reference trajectory - x: -51.321503, y: -205.286011, phi: 0.000000, v: 109.542580, w: 0.000000, line_no: -1[0m
[0m[ INFO] [1748153557.102707691]: [1748153557.103] Robot state - x: 0.149164, y: -0.094527, phi: -0.285561[0m
[0m[ INFO] [1748153557.102832813]: [1748153557.103] Reference trajectory - x: -0.051322, y: -0.205286, phi: 0.000000, v: 0.109543, w: 0.000000[0m
[0m[ INFO] [1748153557.102910799]: [1748153557.103] v: 0.259483, w: 0.063982 (segment 0)[0m
[0m[ INFO] [1748153557.114100519]: Received reference trajectory - x: -54.005009, y: -216.020035, phi: 0.000000, v: 111.897270, w: 0.000000, line_no: -1[0m
[0m[ INFO] [1748153557.207202724]: [1748153557.207] Robot state - x: 0.164408, y: -0.099237, phi: -0.264896[0m
[0m[ INFO] [1748153557.207340198]: [1748153557.207] Reference trajectory - x: -0.054005, y: -0.216020, phi: 0.000000, v: 0.111897, w: 0.000000[0m
[0m[ INFO] [1748153557.207444648]: [1748153557.207] v: 0.272136, w: 0.023303 (segment 0)[0m
[0m[ INFO] [1748153557.215933203]: Received reference trajectory - x: -56.749882, y: -226.999527, phi: 0.000000, v: 114.218842, w: 0.000000, line_no: -1[0m
[0m[ INFO] [1748153557.302608294]: [1748153557.303] Robot state - x: 0.180349, y: -0.103723, phi: -0.242351[0m
[0m[ INFO] [1748153557.302729288]: [1748153557.303] Reference trajectory - x: -0.056750, y: -0.227000, phi: 0.000000, v: 0.114219, w: 0.000000[0m
[0m[ INFO] [1748153557.302776809]: [1748153557.303] v: 0.285409, w: -0.020143 (segment 0)[0m
[0m[ INFO] [1748153557.314125444]: Received reference trajectory - x: -59.545181, y: -238.180725, phi: 0.000000, v: 116.498833, w: 0.000000, line_no: -1[0m
[0m[ INFO] [1748153557.404954363]: [1748153557.405] Robot state - x: 0.197154, y: -0.108112, phi: -0.223565[0m
[0m[ INFO] [1748153557.405089789]: [1748153557.405] Reference trajectory - x: -0.059545, y: -0.238181, phi: 0.000000, v: 0.116499, w: 0.000000[0m
[0m[ INFO] [1748153557.405402691]: [1748153557.405] v: 0.299204, w: -0.061167 (segment 0)[0m
[0m[ INFO] [1748153557.416174708]: Received reference trajectory - x: -62.400265, y: -249.601059, phi: 0.000000, v: 118.745644, w: 0.000000, line_no: -1[0m
[0m[ INFO] [1748153557.502502369]: [1748153557.502] Robot state - x: 0.215425, y: -0.112465, phi: -0.206656[0m
[0m[ INFO] [1748153557.502657604]: [1748153557.503] Reference trajectory - x: -0.062400, y: -0.249601, phi: 0.000000, v: 0.118746, w: 0.000000[0m
[0m[ INFO] [1748153557.502730341]: [1748153557.503] v: 0.313634, w: -0.102271 (segment 0)[0m
[0m[ INFO] [1748153557.513933373]: Received reference trajectory - x: -65.304573, y: -261.218292, phi: 0.000000, v: 120.951660, w: 0.000000, line_no: -1[0m
[0m[ INFO] [1748153557.603153146]: [1748153557.603] Robot state - x: 0.234362, y: -0.116622, phi: -0.191627[0m
[0m[ INFO] [1748153557.604054441]: [1748153557.603] Reference trajectory - x: -0.065305, y: -0.261218, phi: 0.000000, v: 0.120952, w: 0.000000[0m
[0m[ INFO] [1748153557.604364974]: [1748153557.604] v: 0.328640, w: -0.142547 (segment 0)[0m
[0m[ INFO] [1748153557.614227792]: Received reference trajectory - x: -68.266136, y: -273.064545, phi: 0.000000, v: 123.123703, w: 0.000000, line_no: -1[0m
[0m[ INFO] [1748153557.702333115]: [1748153557.702] Robot state - x: 0.254353, y: -0.120676, phi: -0.178476[0m
[0m[ INFO] [1748153557.702507518]: [1748153557.702] Reference trajectory - x: -0.068266, y: -0.273065, phi: 0.000000, v: 0.123124, w: 0.000000[0m
[0m[ INFO] [1748153557.702570655]: [1748153557.703] v: 0.344264, w: -0.182461 (segment 0)[0m
[0m[ INFO] [1748153557.713965626]: Received reference trajectory - x: -71.276047, y: -285.104187, phi: 0.000000, v: 125.255867, w: 0.000000, line_no: -1[0m
[0m[ INFO] [1748153557.809481983]: [1748153557.809] Robot state - x: 0.275586, y: -0.124692, phi: -0.169082[0m
[0m[ INFO] [1748153557.809649698]: [1748153557.810] Reference trajectory - x: -0.071276, y: -0.285104, phi: 0.000000, v: 0.125256, w: 0.000000[0m
[0m[ INFO] [1748153557.809725603]: [1748153557.810] v: 0.360469, w: -0.220447 (segment 0)[0m
[0m[ INFO] [1748153557.814873880]: Received reference trajectory - x: -74.339813, y: -297.359253, phi: 0.000000, v: 127.352745, w: 0.000000, line_no: -1[0m
[0m[ INFO] [1748153557.902426329]: [1748153557.902] Robot state - x: 0.298057, y: -0.128680, phi: -0.163446[0m
[0m[ INFO] [1748153557.902534875]: [1748153557.903] Reference trajectory - x: -0.074340, y: -0.297359, phi: 0.000000, v: 0.127353, w: 0.000000[0m
[0m[ INFO] [1748153557.902581595]: [1748153557.903] v: 0.377276, w: -0.256522 (segment 0)[0m
[0m[ INFO] [1748153557.914034392]: Received reference trajectory - x: -77.454956, y: -309.819824, phi: 0.000000, v: 129.413132, w: 0.000000, line_no: -1[0m
[0m[ INFO] [1748153558.009186486]: [1748153558.009] Robot state - x: 0.321563, y: -0.132602, phi: -0.155932[0m
[0m[ INFO] [1748153558.009334617]: [1748153558.009] Reference trajectory - x: -0.077455, y: -0.309820, phi: 0.000000, v: 0.129413, w: 0.000000[0m
[0m[ INFO] [1748153558.009439995]: [1748153558.009] v: 0.394677, w: -0.295891 (segment 0)[0m
[0m[ INFO] [1748153558.015199097]: Received reference trajectory - x: -80.618645, y: -322.474579, phi: 0.000000, v: 131.435760, w: 0.000000, line_no: -1[0m
[0m[ INFO] [1748153558.102585560]: [1748153558.102] Robot state - x: 0.345881, y: -0.136566, phi: -0.152174[0m
[0m[ INFO] [1748153558.102697114]: [1748153558.103] Reference trajectory - x: -0.080619, y: -0.322475, phi: 0.000000, v: 0.131436, w: 0.000000[0m
[0m[ INFO] [1748153558.102797403]: [1748153558.103] v: 0.412547, w: -0.332932 (segment 0)[0m
[0m[ INFO] [1748153558.114077237]: Received reference trajectory - x: -83.829887, y: -335.319550, phi: 0.000000, v: 133.420624, w: 0.000000, line_no: -1[0m
[0m[ INFO] [1748153558.204941101]: [1748153558.204] Robot state - x: 0.371825, y: -0.140594, phi: -0.148417[0m
[0m[ INFO] [1748153558.205507190]: [1748153558.205] Reference trajectory - x: -0.083830, y: -0.335320, phi: 0.000000, v: 0.133421, w: 0.000000[0m
[0m[ INFO] [1748153558.207321844]: [1748153558.207] v: 0.431023, w: -0.372177 (segment 0)[0m
[0m[ INFO] [1748153558.215593564]: Received reference trajectory - x: -87.088127, y: -348.352509, phi: 0.000000, v: 135.367996, w: 0.000000, line_no: -1[0m
[0m[ INFO] [1748153558.303965643]: [1748153558.304] Robot state - x: 0.396220, y: -0.144054, phi: -0.125872[0m
[0m[ INFO] [1748153558.304098445]: [1748153558.304] Reference trajectory - x: -0.087088, y: -0.348353, phi: 0.000000, v: 0.135368, w: 0.000000[0m
[0m[ INFO] [1748153558.304164174]: [1748153558.304] v: 0.449993, w: -0.428029 (segment 0)[0m
[0m[ INFO] [1748153558.314021648]: Received reference trajectory - x: -90.394821, y: -361.579285, phi: 0.000000, v: 137.279251, w: 0.000000, line_no: -1[0m
[0m[ INFO] [1748153558.408865961]: [1748153558.409] Robot state - x: 0.417437, y: -0.146901, phi: -0.095813[0m
[0m[ INFO] [1748153558.409037164]: [1748153558.409] Reference trajectory - x: -0.090395, y: -0.361579, phi: 0.000000, v: 0.137279, w: 0.000000[0m
[0m[ INFO] [1748153558.409178991]: [1748153558.409] v: 0.469198, w: -0.487810 (segment 0)[0m
[0m[ INFO] [1748153558.416823692]: Received reference trajectory - x: -93.749817, y: -374.999268, phi: 0.000000, v: 139.154709, w: 0.000000, line_no: -1[0m
[0m[ INFO] [1748153558.502853557]: [1748153558.503] Robot state - x: 0.437280, y: -0.149356, phi: -0.090177[0m
[0m[ INFO] [1748153558.503013495]: [1748153558.503] Reference trajectory - x: -0.093750, y: -0.374999, phi: 0.000000, v: 0.139155, w: 0.000000[0m
[0m[ INFO] [1748153558.503096153]: [1748153558.503] v: 0.488809, w: -0.522816 (segment 0)[0m
[0m[ INFO] [1748153558.513956267]: Received reference trajectory - x: -97.144493, y: -388.577972, phi: 0.000000, v: 140.990143, w: 0.000000, line_no: -1[0m
[0m[ INFO] [1748153558.607099209]: [1748153558.607] Robot state - x: 0.458006, y: -0.151132, phi: -0.069512[0m
[0m[ INFO] [1748153558.607398222]: [1748153558.607] Reference trajectory - x: -0.097144, y: -0.388578, phi: 0.000000, v: 0.140990, w: 0.000000[0m
[0m[ INFO] [1748153558.607583121]: [1748153558.607] v: 0.509434, w: -0.573376 (segment 0)[0m
[0m[ INFO] [1748153558.616156286]: Received reference trajectory - x: -100.592262, y: -402.369049, phi: 0.000000, v: 142.793167, w: 0.000000, line_no: -1[0m
[0m[ INFO] [1748153558.702532907]: [1748153558.702] Robot state - x: 0.480349, y: -0.152962, phi: -0.052603[0m
[0m[ INFO] [1748153558.702652365]: [1748153558.703] Reference trajectory - x: -0.100592, y: -0.402369, phi: 0.000000, v: 0.142793, w: 0.000000[0m
[0m[ INFO] [1748153558.702720335]: [1748153558.703] v: 0.530729, w: -0.622451 (segment 0)[0m
[0m[ INFO] [1748153558.714094698]: Received reference trajectory - x: -104.070755, y: -416.283020, phi: 0.000000, v: 144.552689, w: 0.000000, line_no: -1[0m
[0m[ INFO] [1748153558.804233622]: [1748153558.804] Robot state - x: 0.506350, y: -0.154600, phi: -0.039453[0m
[0m[ INFO] [1748153558.804776255]: [1748153558.805] Reference trajectory - x: -0.104071, y: -0.416283, phi: 0.000000, v: 0.144553, w: 0.000000[0m
[0m[ INFO] [1748153558.804956289]: [1748153558.805] v: 0.553185, w: -0.672256 (segment 0)[0m
[0m[ INFO] [1748153558.814787811]: Received reference trajectory - x: -107.599426, y: -430.397705, phi: 0.000000, v: 146.279068, w: 0.000000, line_no: -1[0m
[0m[ INFO] [1748153558.902560584]: [1748153558.902] Robot state - x: 0.535792, y: -0.156206, phi: -0.043210[0m
[0m[ INFO] [1748153558.902720523]: [1748153558.903] Reference trajectory - x: -0.107599, y: -0.430398, phi: 0.000000, v: 0.146279, w: 0.000000[0m
[0m[ INFO] [1748153558.902797804]: [1748153558.903] v: 0.576734, w: -0.710005 (segment 0)[0m
[0m[ INFO] [1748153558.914190216]: Received reference trajectory - x: -111.166748, y: -444.666992, phi: 0.000000, v: 147.967026, w: 0.000000, line_no: -1[0m
[0m[ INFO] [1748153559.009127074]: [1748153559.009] Robot state - x: 0.567667, y: -0.157704, phi: -0.058239[0m
[0m[ INFO] [1748153559.009249444]: [1748153559.009] Reference trajectory - x: -0.111167, y: -0.444667, phi: 0.000000, v: 0.147967, w: 0.000000[0m
[0m[ INFO] [1748153559.009519369]: [1748153559.009] v: 0.601218, w: -0.740034 (segment 0)[0m
[0m[ INFO] [1748153559.016737312]: Received reference trajectory - x: -114.778320, y: -459.113281, phi: 0.000000, v: 149.619583, w: 0.000000, line_no: -1[0m
[0m[ INFO] [1748153559.103050668]: [1748153559.103] Robot state - x: 0.600935, y: -0.159612, phi: -0.086420[0m
[0m[ INFO] [1748153559.103163886]: [1748153559.103] Reference trajectory - x: -0.114778, y: -0.459113, phi: 0.000000, v: 0.149620, w: 0.000000[0m
[0m[ INFO] [1748153559.103220207]: [1748153559.103] v: 0.626093, w: -0.759569 (segment 0)[0m
[0m[ INFO] [1748153559.114046529]: Received reference trajectory - x: -118.423828, y: -473.695312, phi: 0.000000, v: 151.232483, w: 0.000000, line_no: -1[0m
[0m[ INFO] [1748153559.207567172]: [1748153559.207] Robot state - x: 0.641975, y: -0.163246, phi: -0.146538[0m
[0m[ INFO] [1748153559.207664966]: [1748153559.208] Reference trajectory - x: -0.118424, y: -0.473695, phi: 0.000000, v: 0.151232, w: 0.000000[0m
[0m[ INFO] [1748153559.207781640]: [1748153559.208] v: 0.651532, w: -0.757983 (segment 0)[0m
[0m[ INFO] [1748153559.216414390]: Received reference trajectory - x: -122.113785, y: -488.455139, phi: 0.000000, v: 152.810791, w: 0.000000, line_no: -1[0m
[0m[ INFO] [1748153559.302401821]: [1748153559.302] Robot state - x: 0.695343, y: -0.169389, phi: -0.202899[0m
[0m[ INFO] [1748153559.302506431]: [1748153559.302] Reference trajectory - x: -0.122114, y: -0.488455, phi: 0.000000, v: 0.152811, w: 0.000000[0m
[0m[ INFO] [1748153559.302589184]: [1748153559.303] v: 0.677843, w: -0.774982 (segment 0)[0m
[0m[ INFO] [1748153559.314009276]: Received reference trajectory - x: -125.835976, y: -503.343903, phi: 0.000000, v: 154.349640, w: 0.000000, line_no: -1[0m
[0m[ INFO] [1748153559.405900645]: [1748153559.406] Robot state - x: 0.747552, y: -0.177999, phi: -0.236715[0m
[0m[ INFO] [1748153559.406079848]: [1748153559.406] Reference trajectory - x: -0.125836, y: -0.503344, phi: 0.000000, v: 0.154350, w: 0.000000[0m
[0m[ INFO] [1748153559.406204106]: [1748153559.406] v: 0.702513, w: -0.813898 (segment 0)[0m
[0m[ INFO] [1748153559.415309184]: Received reference trajectory - x: -129.601181, y: -518.404724, phi: 0.000000, v: 155.853851, w: 0.000000, line_no: -1[0m
[0m[ INFO] [1748153559.502610845]: [1748153559.502] Robot state - x: 0.796018, y: -0.188922, phi: -0.274289[0m
[0m[ INFO] [1748153559.502746623]: [1748153559.503] Reference trajectory - x: -0.129601, y: -0.518405, phi: 0.000000, v: 0.155854, w: 0.000000[0m
[0m[ INFO] [1748153559.502829472]: [1748153559.503] v: 0.725173, w: -0.846536 (segment 0)[0m
[0m[ INFO] [1748153559.514003032]: Received reference trajectory - x: -133.394958, y: -533.579834, phi: 0.000000, v: 157.318054, w: 0.000000, line_no: -1[0m
[0m[ INFO] [1748153559.603812990]: [1748153559.604] Robot state - x: 0.845003, y: -0.201964, phi: -0.321257[0m
[0m[ INFO] [1748153559.603961729]: [1748153559.604] Reference trajectory - x: -0.133395, y: -0.533580, phi: 0.000000, v: 0.157318, w: 0.000000[0m
[0m[ INFO] [1748153559.604035874]: [1748153559.604] v: 0.746666, w: -0.872088 (segment 0)[0m
[0m[ INFO] [1748153559.614318155]: Received reference trajectory - x: -137.229553, y: -548.918213, phi: 0.000000, v: 158.747360, w: 0.000000, line_no: -1[0m
[0m[ INFO] [1748153559.702511863]: [1748153559.702] Robot state - x: 0.897118, y: -0.218011, phi: -0.370103[0m
[0m[ INFO] [1748153559.702610808]: [1748153559.703] Reference trajectory - x: -0.137230, y: -0.548918, phi: 0.000000, v: 0.158747, w: 0.000000[0m
[0m[ INFO] [1748153559.702656281]: [1748153559.703] v: 0.766831, w: -0.900926 (segment 0)[0m
[0m[ INFO] [1748153559.714021044]: Received reference trajectory - x: -141.095016, y: -564.380066, phi: 0.000000, v: 160.138321, w: 0.000000, line_no: -1[0m
[0m[ INFO] [1748153559.808106305]: [1748153559.807] Robot state - x: 0.951081, y: -0.237446, phi: -0.418949[0m
[0m[ INFO] [1748153559.808496999]: [1748153559.808] Reference trajectory - x: -0.141095, y: -0.564380, phi: 0.000000, v: 0.160138, w: 0.000000[0m
[0m[ INFO] [1748153559.809476247]: [1748153559.809] v: 0.785079, w: -0.933606 (segment 0)[0m
[0m[ INFO] [1748153559.816482763]: Received reference trajectory - x: -144.994629, y: -579.978516, phi: 0.000000, v: 161.492508, w: 0.000000, line_no: -1[0m
[0m[ INFO] [1748153559.903192414]: [1748153559.903] Robot state - x: 1.006511, y: -0.260891, phi: -0.479067[0m
[0m[ INFO] [1748153559.903336288]: [1748153559.903] Reference trajectory - x: -0.144995, y: -0.579979, phi: 0.000000, v: 0.161493, w: 0.000000[0m
[0m[ INFO] [1748153559.903462178]: [1748153559.903] v: 0.800843, w: -0.959080 (segment 0)[0m
[0m[ INFO] [1748153559.914013680]: Received reference trajectory - x: -148.927734, y: -595.710938, phi: 0.000000, v: 162.809982, w: 0.000000, line_no: -1[0m
[0m[ INFO] [1748153560.007527539]: [1748153560.007] Robot state - x: 1.060935, y: -0.287052, phi: -0.537306[0m
[0m[ INFO] [1748153560.007628213]: [1748153560.008] Reference trajectory - x: -0.148928, y: -0.595711, phi: 0.000000, v: 0.162810, w: 0.000000[0m
[0m[ INFO] [1748153560.007726102]: [1748153560.008] v: 0.814573, w: -0.986941 (segment 0)[0m
[0m[ INFO] [1748153560.015394708]: Received reference trajectory - x: -152.902740, y: -611.610962, phi: 0.000000, v: 164.093628, w: 0.000000, line_no: -1[0m
[0m[ INFO] [1748153560.114368689]: Received reference trajectory - x: -156.890167, y: -627.560669, phi: 0.000000, v: 165.334351, w: 0.000000, line_no: -1[0m
[0m[ INFO] [1748153560.214106491]: Received reference trajectory - x: -160.913116, y: -643.652466, phi: 0.000000, v: 166.539871, w: 0.000000, line_no: -1[0m
[0m[ INFO] [1748153560.242956757]: [1748153560.243] Robot state - x: 1.115045, y: -0.317323, phi: -0.599303[0m
[0m[ INFO] [1748153560.243056119]: [1748153560.243] Reference trajectory - x: -0.160913, y: -0.643652, phi: 0.000000, v: 0.166540, w: 0.000000[0m
[0m[ INFO] [1748153560.243109624]: [1748153560.243] v: 0.853163, w: -1.012912 (segment 0)[0m
[0m[ INFO] [1748153560.245624353]: [1748153560.246] Robot state - x: 1.168873, y: -0.351982, phi: -0.668815[0m
[0m[ INFO] [1748153560.245775428]: [1748153560.246] Reference trajectory - x: -0.160913, y: -0.643652, phi: 0.000000, v: 0.166540, w: 0.000000[0m
[0m[ INFO] [1748153560.245846533]: [1748153560.246] v: 0.847259, w: -1.033505 (segment 0)[0m
[0m[ INFO] [1748153560.302682796]: [1748153560.303] Robot state - x: 1.222904, y: -0.386700, phi: -0.736448[0m
[0m[ INFO] [1748153560.302790222]: [1748153560.303] Reference trajectory - x: -0.160913, y: -0.643652, phi: 0.000000, v: 0.166540, w: 0.000000[0m
[0m[ INFO] [1748153560.302845263]: [1748153560.303] v: 0.841024, w: -1.057104 (segment 0)[0m
[0m[ INFO] [1748153560.314074920]: Received reference trajectory - x: -164.966064, y: -659.864258, phi: 0.000000, v: 167.708649, w: 0.000000, line_no: -1[0m
[0m[ INFO] [1748153560.403033376]: [1748153560.403] Robot state - x: 1.274299, y: -0.430388, phi: -0.807838[0m
[0m[ INFO] [1748153560.403174498]: [1748153560.403] Reference trajectory - x: -0.164966, y: -0.659864, phi: 0.000000, v: 0.167709, w: 0.000000[0m
[0m[ INFO] [1748153560.403247139]: [1748153560.403] v: 0.841294, w: -1.077618 (segment 0)[0m
[0m[ INFO] [1748153560.413937171]: Received reference trajectory - x: -169.046326, y: -676.185303, phi: 0.000000, v: 168.840179, w: 0.000000, line_no: -1[0m
[0m[ INFO] [1748153560.502637607]: [1748153560.503] Robot state - x: 1.322335, y: -0.477167, phi: -0.879228[0m
[0m[ INFO] [1748153560.502784617]: [1748153560.503] Reference trajectory - x: -0.169046, y: -0.676185, phi: 0.000000, v: 0.168840, w: 0.000000[0m
[0m[ INFO] [1748153560.502881515]: [1748153560.503] v: 0.838474, w: -1.096227 (segment 0)[0m
[0m[ INFO] [1748153560.513939681]: Received reference trajectory - x: -173.156097, y: -692.624390, phi: 0.000000, v: 169.935272, w: 0.000000, line_no: -1[0m
[0m[ INFO] [1748153560.606334066]: [1748153560.606] Robot state - x: 1.367007, y: -0.527170, phi: -0.946861[0m
[0m[ INFO] [1748153560.606503444]: [1748153560.606] Reference trajectory - x: -0.173156, y: -0.692624, phi: 0.000000, v: 0.169935, w: 0.000000[0m
[0m[ INFO] [1748153560.606867258]: [1748153560.607] v: 0.832414, w: -1.116536 (segment 0)[0m
[0m[ INFO] [1748153560.616033393]: Received reference trajectory - x: -177.296509, y: -709.186035, phi: 0.000000, v: 170.994370, w: 0.000000, line_no: -1[0m
[0m[ INFO] [1748153560.702789733]: [1748153560.703] Robot state - x: 1.408994, y: -0.582267, phi: -1.027645[0m
[0m[ INFO] [1748153560.702887879]: [1748153560.703] Reference trajectory - x: -0.177297, y: -0.709186, phi: 0.000000, v: 0.170994, w: 0.000000[0m
[0m[ INFO] [1748153560.702934535]: [1748153560.703] v: 0.821790, w: -1.123517 (segment 0)[0m
[0m[ INFO] [1748153560.714043486]: Received reference trajectory - x: -181.449753, y: -725.799011, phi: 0.000000, v: 172.013260, w: 0.000000, line_no: -1[0m
[0m[ INFO] [1748153560.809250557]: [1748153560.809] Robot state - x: 1.446996, y: -0.639943, phi: -1.110308[0m
[0m[ INFO] [1748153560.809421312]: [1748153560.809] Reference trajectory - x: -0.181450, y: -0.725799, phi: 0.000000, v: 0.172013, w: 0.000000[0m
[0m[ INFO] [1748153560.809508481]: [1748153560.809] v: 0.808088, w: -1.125854 (segment 0)[0m
[0m[ INFO] [1748153560.814733527]: Received reference trajectory - x: -185.632889, y: -742.531555, phi: 0.000000, v: 172.996460, w: 0.000000, line_no: -1[0m
[0m[ INFO] [1748153560.902621246]: [1748153560.903] Robot state - x: 1.480375, y: -0.700643, phi: -1.191091[0m
[0m[ INFO] [1748153560.902739359]: [1748153560.903] Reference trajectory - x: -0.185633, y: -0.742532, phi: 0.000000, v: 0.172996, w: 0.000000[0m
[0m[ INFO] [1748153560.902804801]: [1748153560.903] v: 0.790860, w: -1.126525 (segment 0)[0m
[0m[ INFO] [1748153560.913997049]: Received reference trajectory - x: -189.839920, y: -759.359680, phi: 0.000000, v: 173.942673, w: 0.000000, line_no: -1[0m
[0m[ INFO] [1748153561.005730910]: [1748153561.006] Robot state - x: 1.508225, y: -0.762523, phi: -1.266239[0m
[0m[ INFO] [1748153561.005870625]: [1748153561.006] Reference trajectory - x: -0.189840, y: -0.759360, phi: 0.000000, v: 0.173943, w: 0.000000[0m
[0m[ INFO] [1748153561.006007331]: [1748153561.006] v: 0.771232, w: -1.127572 (segment 0)[0m
[0m[ INFO] [1748153561.015106777]: Received reference trajectory - x: -194.072327, y: -776.289307, phi: 0.000000, v: 174.852402, w: 0.000000, line_no: -1[0m
[0m[ INFO] [1748153561.102625273]: [1748153561.102] Robot state - x: 1.531036, y: -0.827931, phi: -1.354538[0m
[0m[ INFO] [1748153561.102730683]: [1748153561.103] Reference trajectory - x: -0.194072, y: -0.776289, phi: 0.000000, v: 0.174852, w: 0.000000[0m
[0m[ INFO] [1748153561.102784091]: [1748153561.103] v: 0.747510, w: -1.112042 (segment 0)[0m
[0m[ INFO] [1748153561.114073045]: Received reference trajectory - x: -198.322281, y: -793.289124, phi: 0.000000, v: 175.724152, w: 0.000000, line_no: -1[0m
[0m[ INFO] [1748153561.204567974]: [1748153561.204] Robot state - x: 1.548540, y: -0.894120, phi: -1.446594[0m
[0m[ INFO] [1748153561.205171568]: [1748153561.205] Reference trajectory - x: -0.198322, y: -0.793289, phi: 0.000000, v: 0.175724, w: 0.000000[0m
[0m[ INFO] [1748153561.205430581]: [1748153561.205] v: 0.721596, w: -1.087847 (segment 0)[0m
[0m[ INFO] [1748153561.214237893]: Received reference trajectory - x: -202.595978, y: -810.383911, phi: 0.000000, v: 176.559402, w: 0.000000, line_no: -1[0m
[0m[ INFO] [1748153561.302876888]: [1748153561.303] Robot state - x: 1.560182, y: -0.960357, phi: -1.531135[0m
[0m[ INFO] [1748153561.302979642]: [1748153561.303] Reference trajectory - x: -0.202596, y: -0.810384, phi: 0.000000, v: 0.176559, w: 0.000000[0m
[0m[ INFO] [1748153561.303092156]: [1748153561.303] v: 0.693920, w: -1.064931 (segment 0)[0m
[0m[ INFO] [1748153561.313940270]: Received reference trajectory - x: -206.884811, y: -827.539246, phi: 0.000000, v: 177.356659, w: 0.000000, line_no: -1[0m
[0m[ INFO] [1748153561.403301069]: [1748153561.403] Robot state - x: 1.565676, y: -1.025764, phi: -1.611919[0m
[0m[ INFO] [1748153561.403937175]: [1748153561.404] Reference trajectory - x: -0.206885, y: -0.827539, phi: 0.000000, v: 0.177357, w: 0.000000[0m
[0m[ INFO] [1748153561.404048057]: [1748153561.404] v: 0.665036, w: -1.039033 (segment 0)[0m
[0m[ INFO] [1748153561.415571510]: Received reference trajectory - x: -211.201752, y: -844.807007, phi: 0.000000, v: 178.118469, w: 0.000000, line_no: -1[0m
[0m[ INFO] [1748153561.504025318]: [1748153561.504] Robot state - x: 1.565444, y: -1.091198, phi: -1.698339[0m
[0m[ INFO] [1748153561.504166280]: [1748153561.504] Reference trajectory - x: -0.211202, y: -0.844807, phi: 0.000000, v: 0.178118, w: 0.000000[0m
[0m[ INFO] [1748153561.504245802]: [1748153561.504] v: 0.634415, w: -1.001726 (segment 0)[0m
[0m[ INFO] [1748153561.514279631]: Received reference trajectory - x: -215.526367, y: -862.105469, phi: 0.000000, v: 178.841370, w: 0.000000, line_no: -1[0m
[0m[ INFO] [1748153561.603648909]: [1748153561.604] Robot state - x: 1.559837, y: -1.155379, phi: -1.790395[0m
[0m[ INFO] [1748153561.603846545]: [1748153561.604] Reference trajectory - x: -0.215526, y: -0.862105, phi: 0.000000, v: 0.178841, w: 0.000000[0m
[0m[ INFO] [1748153561.603935602]: [1748153561.604] v: 0.602988, w: -0.952956 (segment 0)[0m
[0m[ INFO] [1748153561.615990680]: Received reference trajectory - x: -219.873932, y: -879.495728, phi: 0.000000, v: 179.528137, w: 0.000000, line_no: -1[0m
[0m[ INFO] [1748153561.702860782]: [1748153561.703] Robot state - x: 1.549106, y: -1.217265, phi: -1.878693[0m
[0m[ INFO] [1748153561.702989296]: [1748153561.703] Reference trajectory - x: -0.219874, y: -0.879496, phi: 0.000000, v: 0.179528, w: 0.000000[0m
[0m[ INFO] [1748153561.703053169]: [1748153561.703] v: 0.571630, w: -0.901659 (segment 0)[0m
[0m[ INFO] [1748153561.713946948]: Received reference trajectory - x: -224.233444, y: -896.933777, phi: 0.000000, v: 180.177155, w: 0.000000, line_no: -1[0m
[0m[ INFO] [1748153561.806040080]: [1748153561.806] Robot state - x: 1.533475, y: -1.275802, phi: -1.961356[0m
[0m[ INFO] [1748153561.806232531]: [1748153561.806] Reference trajectory - x: -0.224233, y: -0.896934, phi: 0.000000, v: 0.180177, w: 0.000000[0m
[0m[ INFO] [1748153561.806324852]: [1748153561.806] v: 0.541148, w: -0.849510 (segment 0)[0m
[0m[ INFO] [1748153561.815055428]: Received reference trajectory - x: -228.612946, y: -914.451782, phi: 0.000000, v: 180.789734, w: 0.000000, line_no: -1[0m
[0m[ INFO] [1748153561.902257439]: [1748153561.902] Robot state - x: 1.513037, y: -1.331764, phi: -2.045897[0m
[0m[ INFO] [1748153561.902418178]: [1748153561.902] Reference trajectory - x: -0.228613, y: -0.914452, phi: 0.000000, v: 0.180790, w: 0.000000[0m
[0m[ INFO] [1748153561.902506435]: [1748153561.902] v: 0.511043, w: -0.789511 (segment 0)[0m
[0m[ INFO] [1748153561.914013504]: Received reference trajectory - x: -233.002991, y: -932.011963, phi: 0.000000, v: 181.364700, w: 0.000000, line_no: -1[0m
[0m[ INFO] [1748153562.002207948]: [1748153562.002] Robot state - x: 1.488859, y: -1.384221, phi: -2.128559[0m
[0m[ INFO] [1748153562.002335566]: [1748153562.002] Reference trajectory - x: -0.233003, y: -0.932012, phi: 0.000000, v: 0.181365, w: 0.000000[0m
[0m[ INFO] [1748153562.002450192]: [1748153562.002] v: 0.482198, w: -0.726115 (segment 0)[0m
[0m[ INFO] [1748153562.013914028]: Received reference trajectory - x: -237.407349, y: -949.629395, phi: 0.000000, v: 181.902679, w: 0.000000, line_no: -1[0m
[0m[ INFO] [1748153562.102337051]: [1748153562.102] Robot state - x: 1.461373, y: -1.432946, phi: -2.205586[0m
[0m[ INFO] [1748153562.102451005]: [1748153562.102] Reference trajectory - x: -0.237407, y: -0.949629, phi: 0.000000, v: 0.181903, w: 0.000000[0m
[0m[ INFO] [1748153562.102535390]: [1748153562.103] v: 0.454915, w: -0.663278 (segment 0)[0m
[0m[ INFO] [1748153562.113937530]: Received reference trajectory - x: -241.827042, y: -967.308167, phi: 0.000000, v: 182.403854, w: 0.000000, line_no: -1[0m
[0m[ INFO] [1748153562.206350091]: [1748153562.206] Robot state - x: 1.431091, y: -1.477564, phi: -2.282612[0m
[0m[ INFO] [1748153562.206697744]: [1748153562.207] Reference trajectory - x: -0.241827, y: -0.967308, phi: 0.000000, v: 0.182404, w: 0.000000[0m
[0m[ INFO] [1748153562.206803378]: [1748153562.207] v: 0.429619, w: -0.595979 (segment 0)[0m
[0m[ INFO] [1748153562.216944665]: Received reference trajectory - x: -246.268982, y: -985.075928, phi: 0.000000, v: 182.868958, w: 0.000000, line_no: -1[0m
[0m[ INFO] [1748153562.303129731]: [1748153562.303] Robot state - x: 1.398464, y: -1.518706, phi: -2.354003[0m
[0m[ INFO] [1748153562.303222404]: [1748153562.303] Reference trajectory - x: -0.246269, y: -0.985076, phi: 0.000000, v: 0.182869, w: 0.000000[0m
[0m[ INFO] [1748153562.303267237]: [1748153562.303] v: 0.405998, w: -0.530251 (segment 0)[0m
[0m[ INFO] [1748153562.314186649]: Received reference trajectory - x: -250.696259, y: -1002.785034, phi: 0.000000, v: 183.294418, w: 0.000000, line_no: -1[0m
[0m[ INFO] [1748153562.403009230]: [1748153562.403] Robot state - x: 1.364209, y: -1.555799, phi: -2.421636[0m
[0m[ INFO] [1748153562.403139184]: [1748153562.403] Reference trajectory - x: -0.250696, y: -1.002785, phi: 0.000000, v: 0.183294, w: 0.000000[0m
[0m[ INFO] [1748153562.403239442]: [1748153562.403] v: 0.384540, w: -0.464875 (segment 0)[0m
[0m[ INFO] [1748153562.414315144]: Received reference trajectory - x: -255.147980, y: -1020.591919, phi: 0.000000, v: 183.684189, w: 0.000000, line_no: -1[0m
[0m[ INFO] [1748153562.502494291]: [1748153562.502] Robot state - x: 1.328459, y: -1.589420, phi: -2.487390[0m
[0m[ INFO] [1748153562.502643222]: [1748153562.503] Reference trajectory - x: -0.255148, y: -1.020592, phi: 0.000000, v: 0.183684, w: 0.000000[0m
[0m[ INFO] [1748153562.502729559]: [1748153562.503] v: 0.365021, w: -0.398308 (segment 0)[0m
[0m[ INFO] [1748153562.513893551]: Received reference trajectory - x: -259.605225, y: -1038.420898, phi: 0.000000, v: 184.036575, w: 0.000000, line_no: -1[0m
[0m[ INFO] [1748153562.606546467]: [1748153562.606] Robot state - x: 1.291640, y: -1.619686, phi: -2.551265[0m
[0m[ INFO] [1748153562.606677701]: [1748153562.607] Reference trajectory - x: -0.259605, y: -1.038421, phi: 0.000000, v: 0.184037, w: 0.000000[0m
[0m[ INFO] [1748153562.606746086]: [1748153562.607] v: 0.347420, w: -0.331017 (segment 0)[0m
[0m[ INFO] [1748153562.615124976]: Received reference trajectory - x: -264.083099, y: -1056.332397, phi: 0.000000, v: 184.352722, w: 0.000000, line_no: -1[0m
[0m[ INFO] [1748153562.702406316]: [1748153562.702] Robot state - x: 1.254136, y: -1.646749, phi: -2.609505[0m
[0m[ INFO] [1748153562.702528974]: [1748153562.702] Reference trajectory - x: -0.264083, y: -1.056332, phi: 0.000000, v: 0.184353, w: 0.000000[0m
[0m[ INFO] [1748153562.702578031]: [1748153562.703] v: 0.331794, w: -0.267055 (segment 0)[0m
[0m[ INFO] [1748153562.713954698]: Received reference trajectory - x: -268.549133, y: -1074.196533, phi: 0.000000, v: 184.630478, w: 0.000000, line_no: -1[0m
[0m[ INFO] [1748153562.805985077]: [1748153562.806] Robot state - x: 1.216735, y: -1.670358, phi: -2.663987[0m
[0m[ INFO] [1748153562.806114999]: [1748153562.806] Reference trajectory - x: -0.268549, y: -1.074197, phi: 0.000000, v: 0.184630, w: 0.000000[0m
[0m[ INFO] [1748153562.806214360]: [1748153562.806] v: 0.318418, w: -0.205393 (segment 0)[0m
[0m[ INFO] [1748153562.814091098]: Received reference trajectory - x: -273.028595, y: -1092.114380, phi: 0.000000, v: 184.871628, w: 0.000000, line_no: -1[0m
[0m[ INFO] [1748153562.902298789]: [1748153562.902] Robot state - x: 1.178967, y: -1.691369, phi: -2.712833[0m
[0m[ INFO] [1748153562.902423559]: [1748153562.902] Reference trajectory - x: -0.273029, y: -1.092114, phi: 0.000000, v: 0.184872, w: 0.000000[0m
[0m[ INFO] [1748153562.902498537]: [1748153562.902] v: 0.306702, w: -0.147541 (segment 0)[0m
[0m[ INFO] [1748153562.913923781]: Received reference trajectory - x: -277.514404, y: -1110.057617, phi: 0.000000, v: 185.075729, w: 0.000000, line_no: -1[0m
[0m[ INFO] [1748153563.004740027]: [1748153563.004] Robot state - x: 1.141398, y: -1.709708, phi: -2.759800[0m
[0m[ INFO] [1748153563.006106833]: [1748153563.006] Reference trajectory - x: -0.277514, y: -1.110058, phi: 0.000000, v: 0.185076, w: 0.000000[0m
[0m[ INFO] [1748153563.006394390]: [1748153563.006] v: 0.296822, w: -0.090479 (segment 0)[0m
[0m[ INFO] [1748153563.014512348]: Received reference trajectory - x: -282.008423, y: -1128.033691, phi: 0.000000, v: 185.242844, w: 0.000000, line_no: -1[0m
[0m[ INFO] [1748153563.103210959]: [1748153563.103] Robot state - x: 1.103952, y: -1.725898, phi: -2.801132[0m
[0m[ INFO] [1748153563.103321969]: [1748153563.103] Reference trajectory - x: -0.282008, y: -1.128034, phi: 0.000000, v: 0.185243, w: 0.000000[0m
[0m[ INFO] [1748153563.103510228]: [1748153563.103] v: 0.288423, w: -0.037873 (segment 0)[0m
[0m[ INFO] [1748153563.113978880]: Received reference trajectory - x: -286.500397, y: -1146.001587, phi: 0.000000, v: 185.372681, w: 0.000000, line_no: -1[0m
[0m[ INFO] [1748153563.207571044]: [1748153563.207] Robot state - x: 1.067325, y: -1.739811, phi: -2.838706[0m
[0m[ INFO] [1748153563.207707302]: [1748153563.208] Reference trajectory - x: -0.286500, y: -1.146002, phi: 0.000000, v: 0.185373, w: 0.000000[0m
[0m[ INFO] [1748153563.207826920]: [1748153563.208] v: 0.281732, w: 0.011358 (segment 0)[0m
[0m[ INFO] [1748153563.216405717]: Received reference trajectory - x: -291.004272, y: -1164.017090, phi: 0.000000, v: 185.465591, w: 0.000000, line_no: -1[0m
[0m[ INFO] [1748153563.302297530]: [1748153563.302] Robot state - x: 1.030741, y: -1.752040, phi: -2.874401[0m
[0m[ INFO] [1748153563.302421756]: [1748153563.302] Reference trajectory - x: -0.291004, y: -1.164017, phi: 0.000000, v: 0.185466, w: 0.000000[0m
[0m[ INFO] [1748153563.302497149]: [1748153563.302] v: 0.276243, w: 0.059708 (segment 0)[0m
[0m[ INFO] [1748153563.314034203]: Received reference trajectory - x: -295.497070, y: -1181.988281, phi: 0.000000, v: 185.521179, w: 0.000000, line_no: -1[0m
[0m[ INFO] [1748153563.408702609]: [1748153563.409] Robot state - x: 0.994539, y: -1.762796, phi: -2.902581[0m
[0m[ INFO] [1748153563.408846803]: [1748153563.409] Reference trajectory - x: -0.295497, y: -1.181988, phi: 0.000000, v: 0.185521, w: 0.000000[0m
[0m[ INFO] [1748153563.408916692]: [1748153563.409] v: 0.271816, w: 0.101334 (segment 0)[0m
[0m[ INFO] [1748153563.416013385]: Received reference trajectory - x: -300.003784, y: -1200.015137, phi: 0.000000, v: 185.539749, w: 0.000000, line_no: -1[0m
[0m[ INFO] [1748153563.502358613]: [1748153563.502] Robot state - x: 0.958758, y: -1.772051, phi: -2.930761[0m
[0m[ INFO] [1748153563.502454295]: [1748153563.502] Reference trajectory - x: -0.300004, y: -1.200015, phi: 0.000000, v: 0.185540, w: 0.000000[0m
[0m[ INFO] [1748153563.502525624]: [1748153563.502] v: 0.268584, w: 0.143422 (segment 0)[0m
[0m[ INFO] [1748153563.514180504]: Received reference trajectory - x: -304.497131, y: -1217.988525, phi: 0.000000, v: 185.521225, w: 0.000000, line_no: -1[0m
[0m[ INFO] [1748153563.606152609]: [1748153563.606] Robot state - x: 0.923737, y: -1.780167, phi: -2.953306[0m
[0m[ INFO] [1748153563.606334596]: [1748153563.606] Reference trajectory - x: -0.304497, y: -1.217988, phi: 0.000000, v: 0.185521, w: 0.000000[0m
[0m[ INFO] [1748153563.606496103]: [1748153563.606] v: 0.266276, w: 0.180078 (segment 0)[0m
[0m[ INFO] [1748153563.617204023]: Received reference trajectory - x: -308.998505, y: -1235.994019, phi: 0.000000, v: 185.465546, w: 0.000000, line_no: -1[0m
[0m[ INFO] [1748153563.704084236]: [1748153563.704] Robot state - x: 0.888911, y: -1.787279, phi: -2.972093[0m
[0m[ INFO] [1748153563.704190190]: [1748153563.704] Reference trajectory - x: -0.308998, y: -1.235994, phi: 0.000000, v: 0.185466, w: 0.000000[0m
[0m[ INFO] [1748153563.704236655]: [1748153563.704] v: 0.264776, w: 0.213691 (segment 0)[0m
[0m[ INFO] [1748153563.714165746]: Received reference trajectory - x: -313.492828, y: -1253.971313, phi: 0.000000, v: 185.372849, w: 0.000000, line_no: -1[0m
[0m[ INFO] [1748153563.810661413]: [1748153563.811] Robot state - x: 0.854740, y: -1.793524, phi: -2.987122[0m
[0m[ INFO] [1748153563.811045132]: [1748153563.811] Reference trajectory - x: -0.313493, y: -1.253971, phi: 0.000000, v: 0.185373, w: 0.000000[0m
[0m[ INFO] [1748153563.811117773]: [1748153563.811] v: 0.264035, w: 0.243712 (segment 0)[0m
[0m[ INFO] [1748153563.816543398]: Received reference trajectory - x: -317.989594, y: -1271.958374, phi: 0.000000, v: 185.242920, w: 0.000000, line_no: -1[0m
[0m[ INFO] [1748153563.902260296]: [1748153563.902] Robot state - x: 0.821061, y: -1.799061, phi: -3.000273[0m
[0m[ INFO] [1748153563.902387787]: [1748153563.902] Reference trajectory - x: -0.317990, y: -1.271958, phi: 0.000000, v: 0.185243, w: 0.000000[0m
[0m[ INFO] [1748153563.902465804]: [1748153563.902] v: 0.263951, w: 0.272080 (segment 0)[0m
[0m[ INFO] [1748153563.914038410]: Received reference trajectory - x: -322.478241, y: -1289.912964, phi: 0.000000, v: 185.076035, w: 0.000000, line_no: -1[0m
[0m[ INFO] [1748153564.010065590]: [1748153564.010] Robot state - x: 0.787906, y: -1.804032, phi: -3.011545[0m
[0m[ INFO] [1748153564.010162872]: [1748153564.010] Reference trajectory - x: -0.322478, y: -1.289913, phi: 0.000000, v: 0.185076, w: 0.000000[0m
[0m[ INFO] [1748153564.010210776]: [1748153564.010] v: 0.264403, w: 0.298713 (segment 0)[0m
[0m[ INFO] [1748153564.015145962]: Received reference trajectory - x: -326.963837, y: -1307.855347, phi: 0.000000, v: 184.871994, w: 0.000000, line_no: -1[0m
[0m[ INFO] [1748153564.102268387]: [1748153564.102] Robot state - x: 0.754902, y: -1.808633, phi: -3.017181[0m
[0m[ INFO] [1748153564.102371332]: [1748153564.102] Reference trajectory - x: -0.326964, y: -1.307855, phi: 0.000000, v: 0.184872, w: 0.000000[0m
[0m[ INFO] [1748153564.102417093]: [1748153564.102] v: 0.265201, w: 0.320353 (segment 0)[0m
[0m[ INFO] [1748153564.114039716]: Received reference trajectory - x: -331.445129, y: -1325.780518, phi: 0.000000, v: 184.630798, w: 0.000000, line_no: -1[0m
[0m[ INFO] [1748153564.202916410]: [1748153564.203] Robot state - x: 0.722052, y: -1.812866, phi: -3.020939[0m
[0m[ INFO] [1748153564.203051389]: [1748153564.203] Reference trajectory - x: -0.331445, y: -1.325781, phi: 0.000000, v: 0.184631, w: 0.000000[0m
[0m[ INFO] [1748153564.203121470]: [1748153564.203] v: 0.266346, w: 0.340606 (segment 0)[0m
[0m[ INFO] [1748153564.215971889]: Received reference trajectory - x: -335.956177, y: -1343.824707, phi: 0.000000, v: 184.350113, w: 0.000000, line_no: -1[0m
[0m[ INFO] [1748153564.302399743]: [1748153564.302] Robot state - x: 0.689989, y: -1.816876, phi: -3.020939[0m
[0m[ INFO] [1748153564.302503937]: [1748153564.302] Reference trajectory - x: -0.335956, y: -1.343825, phi: 0.000000, v: 0.184350, w: 0.000000[0m
[0m[ INFO] [1748153564.302612898]: [1748153564.303] v: 0.267960, w: 0.356927 (segment 0)[0m
[0m[ INFO] [1748153564.313984701]: Received reference trajectory - x: -340.390808, y: -1361.563232, phi: 0.000000, v: 184.036865, w: 0.000000, line_no: -1[0m
[0m[ INFO] [1748153564.404390092]: [1748153564.404] Robot state - x: 0.658311, y: -1.820717, phi: -3.020939[0m
[0m[ INFO] [1748153564.404564559]: [1748153564.404] Reference trajectory - x: -0.340391, y: -1.361563, phi: 0.000000, v: 0.184037, w: 0.000000[0m
[0m[ INFO] [1748153564.404657809]: [1748153564.405] v: 0.269607, w: 0.373344 (segment 0)[0m
[0m[ INFO] [1748153564.416194447]: Received reference trajectory - x: -344.850769, y: -1379.403076, phi: 0.000000, v: 183.684296, w: 0.000000, line_no: -1[0m
[0m[ INFO] [1748153564.502221334]: [1748153564.502] Robot state - x: 0.626240, y: -1.824666, phi: -3.017181[0m
[0m[ INFO] [1748153564.502350648]: [1748153564.502] Reference trajectory - x: -0.344851, y: -1.379403, phi: 0.000000, v: 0.183684, w: 0.000000[0m
[0m[ INFO] [1748153564.502415353]: [1748153564.502] v: 0.271249, w: 0.387024 (segment 0)[0m
[0m[ INFO] [1748153564.514047800]: Received reference trajectory - x: -349.297516, y: -1397.190063, phi: 0.000000, v: 183.294983, w: 0.000000, line_n[0m[ INFO] [1748153550.313650181]: Reading trajectory coeffs[0m
[0m[ INFO] [1748153550.318173232]: Reading trajectory coeffs[0m
[0m[ INFO] [1748153550.318304306]: Reading trajectory coeffs[0m
[0m[ INFO] [1748153550.318349266]: Reading trajectory coeffs[0m
[0m[ INFO] [1748153550.318423860]: Reading trajectory coeffs[0m
o: -1[0m
[0m[ INFO] [1748153564.607012594]: [1748153564.607] Robot state - x: 0.595182, y: -1.828580, phi: -3.007788[0m
[0m[ INFO] [1748153564.607403928]: [1748153564.607] Reference trajectory - x: -0.349298, y: -1.397190, phi: 0.000000, v: 0.183295, w: 0.000000[0m
[0m[ INFO] [1748153564.607570523]: [1748153564.608] v: 0.273136, w: 0.394652 (segment 0)[0m
[0m[ INFO] [1748153564.614314058]: Received reference trajectory - x: -353.738312, y: -1414.953247, phi: 0.000000, v: 182.868225, w: 0.000000, line_no: -1[0m
[0m[ INFO] [1748153564.702310033]: [1748153564.702] Robot state - x: 0.564131, y: -1.832552, phi: -3.002152[0m
[0m[ INFO] [1748153564.702430547]: [1748153564.702] Reference trajectory - x: -0.353738, y: -1.414953, phi: 0.000000, v: 0.182868, w: 0.000000[0m
[0m[ INFO] [1748153564.702519157]: [1748153564.702] v: 0.275035, w: 0.406330 (segment 0)[0m
[0m[ INFO] [1748153564.713947537]: Received reference trajectory - x: -358.166443, y: -1432.665771, phi: 0.000000, v: 182.404572, w: 0.000000, line_no: -1[0m
[0m[ INFO] [1748153564.803327631]: [1748153564.803] Robot state - x: 0.533127, y: -1.836874, phi: -2.992759[0m
[0m[ INFO] [1748153564.803628916]: [1748153564.804] Reference trajectory - x: -0.358166, y: -1.432666, phi: 0.000000, v: 0.182405, w: 0.000000[0m
[0m[ INFO] [1748153564.803806743]: [1748153564.804] v: 0.276714, w: 0.414708 (segment 0)[0m
[0m[ INFO] [1748153564.814910701]: Received reference trajectory - x: -362.588409, y: -1450.353638, phi: 0.000000, v: 181.903168, w: 0.000000, line_no: -1[0m
[0m[ INFO] [1748153564.902181801]: [1748153564.902] Robot state - x: 0.502156, y: -1.841428, phi: -2.979608[0m
[0m[ INFO] [1748153564.902335148]: [1748153564.902] Reference trajectory - x: -0.362588, y: -1.450354, phi: 0.000000, v: 0.181903, w: 0.000000[0m
[0m[ INFO] [1748153564.902404333]: [1748153564.902] v: 0.278272, w: 0.419830 (segment 0)[0m
[0m[ INFO] [1748153564.914032428]: Received reference trajectory - x: -366.990265, y: -1467.961060, phi: 0.000000, v: 181.365555, w: 0.000000, line_no: -1[0m
[0m[ INFO] [1748153565.010965703]: [1748153565.011] Robot state - x: 0.471629, y: -1.846211, phi: -2.966456[0m
[0m[ INFO] [1748153565.011065704]: [1748153565.011] Reference trajectory - x: -0.366990, y: -1.467961, phi: 0.000000, v: 0.181366, w: 0.000000[0m
[0m[ INFO] [1748153565.011111209]: [1748153565.011] v: 0.279743, w: 0.424857 (segment 0)[0m
[0m[ INFO] [1748153565.014151867]: Received reference trajectory - x: -371.381958, y: -1485.527832, phi: 0.000000, v: 180.790436, w: 0.000000, line_no: -1[0m
[0m[ INFO] [1748153565.115171128]: Received reference trajectory - x: -375.759003, y: -1503.036011, phi: 0.000000, v: 180.178238, w: 0.000000, line_no: -1[0m
[0m[ INFO] [1748153565.214106228]: Received reference trajectory - x: -380.120911, y: -1520.483643, phi: 0.000000, v: 179.528915, w: 0.000000, line_no: -1[0m
[0m[ INFO] [1748153565.243592889]: [1748153565.244] Robot state - x: 0.441371, y: -1.851389, phi: -2.951427[0m
[0m[ INFO] [1748153565.243830653]: [1748153565.244] Reference trajectory - x: -0.380121, y: -1.520484, phi: 0.000000, v: 0.179529, w: 0.000000[0m
[0m[ INFO] [1748153565.243885438]: [1748153565.244] v: 0.307416, w: 0.428121 (segment 0)[0m
[0m[ INFO] [1748153565.246823342]: [1748153565.247] Robot state - x: 0.411388, y: -1.856957, phi: -2.934519[0m
[0m[ INFO] [1748153565.246934832]: [1748153565.247] Reference trajectory - x: -0.380121, y: -1.520484, phi: 0.000000, v: 0.179529, w: 0.000000[0m
[0m[ INFO] [1748153565.247050290]: [1748153565.247] v: 0.295754, w: 0.429611 (segment 0)[0m
[0m[ INFO] [1748153546.911981228]: [I2C FOR MOTORS] Now launching this node in namespace: /asc[0m
[0m[ INFO] [1748153546.954696044]: [I2C FOR MOTORS] publish motor duty cycle requests from command line with: rostopic pub --once /asc/set_motor_duty_cycle asclinic_pkg/LeftRightFloat32 "{left: 10.1, right: 10.1}"[0m
[0m[ INFO] [1748153546.954888559]: [I2C FOR MOTORS] Successfully opened named /dev/i2c-1, with file descriptor = 10[0m
[0m[ INFO] [1748153546.955014641]: [I2C FOR MOTORS] Actual acceleration limit = 0.0003125%/ms (after conversation to "internal units")[0m
[0m[ INFO] [1748153546.955092434]: [I2C FOR MOTORS] Actual deceleration limit = 0.0015625%/ms (after conversation to "internal units")[0m
[0m[ INFO] [1748153546.955159668]: [I2C FOR MOTORS] Now initialising SMC with I2C address 13[0m
[0m[ INFO] [1748153546.971281533]: [I2C FOR MOTORS] Now initialising SMC with I2C address 14[0m
[0m[ INFO] [1748153546.989402376]: [I2C FOR MOTORS] Node initialisation complete[0m

[ARUCO DETECTOR] Camera properties upon initialisation:
CV_CAP_PROP_FRAME_HEIGHT : '480.0'
CV_CAP_PROP_FRAME_WIDTH :  '640.0'
CAP_PROP_FPS :             '30.0'
CAP_PROP_FOCUS :           '0.0'
CAP_PROP_AUTOFOCUS :       '0.0'
CAP_PROP_BRIGHTNESS :      '128.0'
CAP_PROP_CONTRAST :        '128.0'
CAP_PROP_SATURATION :      '128.0'
CAP_PROP_BUFFERSIZE :      '4.0'

[ARUCO DETECTOR] Camera properties upon initialisation:
CV_CAP_PROP_FRAME_HEIGHT : '1080.0'
CV_CAP_PROP_FRAME_WIDTH :  '1920.0'
CAP_PROP_FPS :             '5.0'
CAP_PROP_FOCUS :           '0.0'
CAP_PROP_AUTOFOCUS :       '0.0'
CAP_PROP_BRIGHTNESS :      '128.0'
CAP_PROP_CONTRAST :        '128.0'
CAP_PROP_SATURATION :      '128.0'
CAP_PROP_BUFFERSIZE :      '1.0'
[INFO] [1748153550.085158]: [ARUCO DETECTOR] As a double check of the camera properties set, a frame captured just now has dimensions = (1080, 1920, 3)
[INFO] [1748153550.228879]: [ARUCO DETECTOR] publish request from command line to save a single camera image using: rostopic pub --once /asc/request_save_image std_msgs/UInt32 1
[INFO] [1748153550.235341]: [ARUCO DETECTOR] Node initialisation complete
... logging to /home/asc/.ros/log/0725ea1e-3922-11f0-8573-d8c0a650f677/roslaunch-asc12-jetson-40588.log
Checking log directory for disk usage. This may take a while.
Press Ctrl-C to interrupt
Done checking log file disk usage. Usage is <1GB.
]2;/home/asc/ASClinic/catkin_ws/src/asclinic_pkg/launch/trajectory.launch
[1mstarted roslaunch server http://asc12-jetson:36969/[0m

SUMMARY
========

PARAMETERS
 * /asc/aruco_detector/aruco_detector_desired_camera_fps: 5
 * /asc/aruco_detector/aruco_detector_desired_camera_frame_height: 1080
 * /asc/aruco_detector/aruco_detector_desired_camera_frame_width: 1920
 * /asc/aruco_detector/aruco_detector_marker_size: 0.25
 * /asc/aruco_detector/aruco_detector_save_image_path: /home/asc/saved_c...
 * /asc/aruco_detector/aruco_detector_should_publish_camera_images: False
 * /asc/aruco_detector/aruco_detector_should_save_all_aruco_images: False
 * /asc/aruco_detector/aruco_detector_should_show_camera_images: False
 * /asc/aruco_detector/aruco_detector_usb_camera_device_number: 0
 * /asc/aruco_detector/aruco_detector_verbosity: 1
 * /asc/encoder_read_multi_threaded/delta_t_for_publishing_encoder_counts: 0.1
 * /asc/encoder_read_multi_threaded/encoder_events_to_monitor: rising
 * /asc/encoder_read_multi_threaded/encoder_read_verbosity: 1
 * /asc/encoder_read_multi_threaded/gpio_chip_number_for_encoder_lines: 1
 * /asc/encoder_read_multi_threaded/line_number_for_left_side_encoder_channel_a: 105
 * /asc/encoder_read_multi_threaded/line_number_for_left_side_encoder_channel_b: 106
 * /asc/encoder_read_multi_threaded/line_number_for_right_side_encoder_channel_a: 84
 * /asc/encoder_read_multi_threaded/line_number_for_right_side_encoder_channel_b: 130
 * /asc/encoder_read_multi_threaded/should_monitor_left_side_encoder_channel_a: True
 * /asc/encoder_read_multi_threaded/should_monitor_left_side_encoder_channel_b: False
 * /asc/encoder_read_multi_threaded/should_monitor_right_side_encoder_channel_a: True
 * /asc/encoder_read_multi_threaded/should_monitor_right_side_encoder_channel_b: False
 * /asc/i2c_for_motors/motor_driver_current_limit_in_milliamps: 5000
 * /asc/i2c_for_motors/motor_driver_left_side_multiplier: 1
 * /asc/i2c_for_motors/motor_driver_max_accel_limit_in_percent_per_millisecond: 0.04
 * /asc/i2c_for_motors/motor_driver_max_decel_limit_in_percent_per_millisecond: 0.16
 * /asc/i2c_for_motors/motor_driver_max_duty_cycle_limit_in_percent: 100.0
 * /asc/i2c_for_motors/motor_driver_right_side_multiplier: 1
 * /asc/i2c_for_motors/motor_driver_verbosity: 1
 * /rosdistro: noetic
 * /rosversion: 1.17.0

NODES
  /
    aruco_positioning (asclinic_pkg/aruco_positioning.py)
    kf_fusion_node (asclinic_pkg/KF.py)
    odomdelta (asclinic_pkg/odomdelta)
    trajectory_generator (asclinic_pkg/trajectory_generator_state_space)
    trajectory_tracker (asclinic_pkg/trajectory_tracker_state_space)
    velocity_PI_control (asclinic_pkg/velocity_PI_control)
  /asc/
    aruco_detector (asclinic_pkg/aruco_detector.py)
    encoder_read_multi_threaded (asclinic_pkg/encoder_read_multi_threaded)
    i2c_for_motors (asclinic_pkg/i2c_for_motors)

[1mROS_MASTER_URI=http://localhost:11311[0m
]2;/home/asc/ASClinic/catkin_ws/src/asclinic_pkg/launch/trajectory.launch http://localhost:11311
[1mprocess[asc/i2c_for_motors-1]: started with pid [40696][0m
[1mprocess[asc/encoder_read_multi_threaded-2]: started with pid [40698][0m
[1mprocess[odomdelta-3]: started with pid [40704][0m
[1mprocess[asc/aruco_detector-4]: started with pid [40711][0m
[1mprocess[aruco_positioning-5]: started with pid [40718][0m
[1mprocess[trajectory_tracker-6]: started with pid [40727][0m
[1mprocess[trajectory_generator-7]: started with pid [40731][0m
[1mprocess[velocity_PI_control-8]: started with pid [40738][0m
[1mprocess[kf_fusion_node-9]: started with pid [40749][0m
[kf_fusion_node-9] killing on exit
[velocity_PI_control-8] killing on exit
[trajectory_tracker-6] killing on exit
[aruco_positioning-5] killing on exit
[asc/encoder_read_multi_threaded-2] killing on exit
[asc/i2c_for_motors-1] killing on exit
[asc/aruco_detector-4] killing on exit
[odomdelta-3] killing on exit
[trajectory_generator-7] killing on exit
shutting down processing monitor...
... shutting down processing monitor complete
[1mdone[0m
