[0m[ INFO] [1747890930.807736118]: Robot state - x: 0.000000, y: 0.000000, phi: 0.000000[0m
[0m[ INFO] [1747890930.811108221]: v: 0.000000, w: 0.000000[0m
[0m[ INFO] [1747890930.904618646]: Robot state - x: 0.000000, y: 0.000000, phi: 0.000000[0m
[0m[ INFO] [1747890930.904702135]: v: 0.000000, w: 0.000000[0m
[0m[ INFO] [1747890931.005004895]: Robot state - x: 0.000000, y: 0.000000, phi: 0.000000[0m
[0m[ INFO] [1747890931.005131904]: v: 0.000000, w: 0.000000[0m
[0m[ INFO] [1747890931.104755777]: Robot state - x: 0.000000, y: 0.000000, phi: 0.000000[0m
[0m[ INFO] [1747890931.104877539]: v: 0.000000, w: 0.000000[0m
[0m[ INFO] [1747890931.205033929]: Robot state - x: 0.000000, y: 0.000000, phi: 0.000000[0m
[0m[ INFO] [1747890931.205156427]: v: 0.000000, w: 0.000000[0m
[0m[ INFO] [1747890931.304855244]: Robot state - x: 0.000000, y: 0.000000, phi: 0.000000[0m
[0m[ INFO] [1747890931.304974510]: v: 0.000000, w: 0.000000[0m
[0m[ INFO] [1747890931.405407160]: Robot state - x: 0.000000, y: 0.000000, phi: 0.000000[0m
[0m[ INFO] [1747890931.405601146]: v: 0.000000, w: 0.000000[0m
[0m[ INFO] [1747890931.504938455]: Robot state - x: 0.000000, y: 0.000000, phi: 0.000000[0m
[0m[ INFO] [1747890931.505077977]: v: 0.000000, w: 0.000000[0m
[0m[ INFO] [1747890931.605304064]: Robot state - x: 0.000000, y: 0.000000, phi: 0.000000[0m
[0m[ INFO] [1747890931.605421474]: v: 0.000000, w: 0.000000[0m
[0m[ INFO] [1747890931.705221092]: Robot state - x: 0.000000, y: 0.000000, phi: 0.000000[0m
[0m[ INFO] [1747890931.705379302]: v: 0.000000, w: 0.000000[0m
[0m[ INFO] [1747890931.805409099]: Robot state - x: 0.000000, y: 0.000000, phi: 0.000000[0m
[0m[ INFO] [1747890931.805519661]: v: 0.000000, w: 0.000000[0m
[0m[ INFO] [1747890931.905372400]: Robot state - x: 0.000000, y: 0.000000, phi: 0.000000[0m
[0m[ INFO] [1747890931.905545682]: v: 0.000000, w: 0.000000[0m
[0m[ INFO] [1747890932.004800014]: Robot state - x: 0.000000, y: 0.000000, phi: 0.000000[0m
[0m[ INFO] [1747890932.004885647]: v: 0.000000, w: 0.000000[0m
[0m[ INFO] [1747890932.054345868]: Reference trajectory - x: 0.000000, y: 0.000000, phi: 0.000000, v: 0.000000, w: 0.000000[0m
[0m[ INFO] [1747890932.104864981]: Robot state - x: 0.000000, y: 0.000000, phi: 0.000000[0m
[0m[ INFO] [1747890932.104964182]: v: 0.000000, w: 0.000000[0m
[0m[ INFO] [1747890932.154675349]: Reference trajectory - x: 0.000893, y: 0.000000, phi: 0.000000, v: 0.017815, w: 0.000000[0m
[0m[ INFO] [1747890932.204720984]: Robot state - x: 0.000000, y: 0.000000, phi: 0.000000[0m
[0m[ INFO] [1747890932.204839546]: v: 0.021707, w: 0.000000[0m
[0m[ INFO] [1747890932.254124724]: Reference trajectory - x: 0.003550, y: 0.000000, phi: 0.000000, v: 0.035269, w: 0.000000[0m
[0m[ INFO] [1747890932.304616797]: Robot state - x: 0.000000, y: 0.000000, phi: 0.000000[0m
[0m[ INFO] [1747890932.304697662]: v: 0.051017, w: 0.000000[0m
[0m[ INFO] [1747890932.354112826]: Reference trajectory - x: 0.007934, y: 0.000000, phi: 0.000000, v: 0.052368, w: 0.000000[0m
[0m[ INFO] [1747890932.404804292]: Robot state - x: 0.000000, y: 0.000000, phi: 0.000000[0m
[0m[ INFO] [1747890932.404927174]: v: 0.088339, w: 0.000000[0m
[0m[ INFO] [1747890932.454189440]: Reference trajectory - x: 0.014013, y: 0.000000, phi: 0.000000, v: 0.069113, w: 0.000000[0m
[0m[ INFO] [1747890932.504602184]: Robot state - x: 0.000000, y: 0.000000, phi: 0.000000[0m
[0m[ INFO] [1747890932.504690921]: v: 0.134077, w: 0.000000[0m
[0m[ INFO] [1747890932.554156773]: Reference trajectory - x: 0.021744, y: 0.000000, phi: 0.000000, v: 0.085488, w: 0.000000[0m
[0m[ INFO] [1747890932.604719662]: Robot state - x: 0.000585, y: 0.000000, phi: 0.001688[0m
[0m[ INFO] [1747890932.604835120]: v: 0.186014, w: -0.011661[0m
[0m[ INFO] [1747890932.654594128]: Reference trajectory - x: 0.031104, y: 0.000000, phi: 0.000000, v: 0.101520, w: 0.000000[0m
[0m[ INFO] [1747890932.705331995]: Robot state - x: 0.003129, y: 0.000007, phi: 0.006560[0m
[0m[ INFO] [1747890932.705416508]: v: 0.238434, w: -0.045346[0m
[0m[ INFO] [1747890932.754258801]: Reference trajectory - x: 0.042040, y: 0.000000, phi: 0.000000, v: 0.117177, w: 0.000000[0m
[0m[ INFO] [1747890932.805009021]: Robot state - x: 0.009619, y: 0.000018, phi: 0.006814[0m
[0m[ INFO] [1747890932.805102558]: v: 0.282308, w: -0.047164[0m
[0m[ INFO] [1747890932.854695740]: Reference trajectory - x: 0.054542, y: 0.000000, phi: 0.000000, v: 0.132496, w: 0.000000[0m
[0m[ INFO] [1747890932.904896161]: Robot state - x: 0.019460, y: 0.000071, phi: 0.004426[0m
[0m[ INFO] [1747890932.904994786]: v: 0.319472, w: -0.030929[0m
[0m[ INFO] [1747890932.954178587]: Reference trajectory - x: 0.068518, y: 0.000000, phi: 0.000000, v: 0.147412, w: 0.000000[0m
[0m[ INFO] [1747890933.004770597]: Robot state - x: 0.031663, y: 0.000136, phi: 0.001465[0m
[0m[ INFO] [1747890933.004914183]: v: 0.353205, w: -0.010809[0m
[0m[ INFO] [1747890933.055947382]: Reference trajectory - x: 0.084010, y: 0.000000, phi: 0.000000, v: 0.162009, w: 0.000000[0m
[0m[ INFO] [1747890933.105179760]: Robot state - x: 0.046228, y: 0.000175, phi: -0.002070[0m
[0m[ INFO] [1747890933.105325457]: v: 0.383497, w: 0.013376[0m
[0m[ INFO] [1747890933.155767993]: Reference trajectory - x: 0.100938, y: 0.000000, phi: 0.000000, v: 0.176239, w: 0.000000[0m
[0m[ INFO] [1747890933.205388792]: Robot state - x: 0.064336, y: 0.000162, phi: -0.006464[0m
[0m[ INFO] [1747890933.205522682]: v: 0.404532, w: 0.043740[0m
[0m[ INFO] [1747890933.254469040]: Reference trajectory - x: 0.119225, y: 0.000000, phi: 0.000000, v: 0.190075, w: 0.000000[0m
[0m[ INFO] [1747890933.304854616]: Robot state - x: 0.083624, y: 0.000077, phi: -0.011145[0m
[0m[ INFO] [1747890933.304970713]: v: 0.425580, w: 0.076436[0m
[0m[ INFO] [1747890933.354314805]: Reference trajectory - x: 0.138906, y: 0.000000, phi: 0.000000, v: 0.203572, w: 0.000000[0m
[0m[ INFO] [1747890933.404617851]: Robot state - x: 0.104679, y: -0.000094, phi: -0.014425[0m
[0m[ INFO] [1747890933.404767965]: v: 0.444352, w: 0.099895[0m
[0m[ INFO] [1747890933.454243770]: Reference trajectory - x: 0.159922, y: 0.000000, phi: 0.000000, v: 0.216712, w: 0.000000[0m
[0m[ INFO] [1747890933.511852661]: Robot state - x: 0.128478, y: -0.000363, phi: -0.014711[0m
[0m[ INFO] [1747890933.512201913]: v: 0.456193, w: 0.103205[0m
[0m[ INFO] [1747890933.556028917]: Reference trajectory - x: 0.182248, y: 0.000000, phi: 0.000000, v: 0.229499, w: 0.000000[0m
[0m[ INFO] [1747890933.613644848]: Robot state - x: 0.152506, y: -0.000867, phi: -0.027862[0m
[0m[ INFO] [1747890933.614287223]: v: 0.471509, w: 0.196609[0m
[0m[ INFO] [1747890933.657674734]: Reference trajectory - x: 0.205870, y: 0.000000, phi: 0.000000, v: 0.241943, w: 0.000000[0m
[0m[ INFO] [1747890933.712496680]: Robot state - x: 0.179251, y: -0.001250, phi: -0.027034[0m
[0m[ INFO] [1747890933.712886221]: v: 0.479750, w: 0.193016[0m
[0m[ INFO] [1747890933.756311332]: Reference trajectory - x: 0.230654, y: 0.000000, phi: 0.000000, v: 0.253995, w: 0.000000[0m
[0m[ INFO] [1747890933.811834695]: Robot state - x: 0.207562, y: -0.002032, phi: -0.026588[0m
[0m[ INFO] [1747890933.811916360]: v: 0.484855, w: 0.194122[0m
[0m[ INFO] [1747890933.857728058]: Reference trajectory - x: 0.256652, y: 0.000000, phi: 0.000000, v: 0.265699, w: 0.000000[0m
[0m[ INFO] [1747890933.905161920]: Robot state - x: 0.237037, y: -0.002719, phi: -0.019105[0m
[0m[ INFO] [1747890933.905291041]: v: 0.488714, w: 0.146397[0m
[0m[ INFO] [1747890933.954407834]: Reference trajectory - x: 0.283746, y: 0.000000, phi: 0.000000, v: 0.277020, w: 0.000000[0m
[0m[ INFO] [1747890934.004859682]: Robot state - x: 0.267299, y: -0.003413, phi: -0.011813[0m
[0m[ INFO] [1747890934.004947235]: v: 0.492438, w: 0.100247[0m
[0m[ INFO] [1747890934.056643578]: Reference trajectory - x: 0.312051, y: 0.000000, phi: 0.000000, v: 0.288019, w: 0.000000[0m
[0m[ INFO] [1747890934.105362862]: Robot state - x: 0.298755, y: -0.003962, phi: -0.008470[0m
[0m[ INFO] [1747890934.105519216]: v: 0.494907, w: 0.080886[0m
[0m[ INFO] [1747890934.155943896]: Reference trajectory - x: 0.341355, y: 0.000000, phi: 0.000000, v: 0.298627, w: 0.000000[0m
[0m[ INFO] [1747890934.206180158]: Robot state - x: 0.331203, y: -0.004324, phi: -0.007196[0m
[0m[ INFO] [1747890934.206272063]: v: 0.496022, w: 0.075096[0m
[0m[ INFO] [1747890934.254198059]: Reference trajectory - x: 0.371704, y: 0.000000, phi: 0.000000, v: 0.308877, w: 0.000000[0m
[0m[ INFO] [1747890934.357210772]: Reference trajectory - x: 0.403119, y: 0.000000, phi: 0.000000, v: 0.318786, w: 0.000000[0m
[0m[ INFO] [1747890934.454353754]: Reference trajectory - x: 0.435447, y: 0.000000, phi: 0.000000, v: 0.328318, w: 0.000000[0m
[0m[ INFO] [1747890934.505854446]: Robot state - x: 0.364238, y: -0.004555, phi: -0.004235[0m
[0m[ INFO] [1747890934.506073873]: v: 0.794926, w: 0.057125[0m
[0m[ INFO] [1747890934.508491981]: Robot state - x: 0.397879, y: -0.004842, phi: -0.006910[0m
[0m[ INFO] [1747890934.508614766]: v: 0.670885, w: 0.078433[0m
[0m[ INFO] [1747890934.508771024]: Robot state - x: 0.431711, y: -0.005101, phi: -0.007801[0m
[0m[ INFO] [1747890934.508835473]: v: 0.535371, w: 0.087375[0m
[0m[ INFO] [1747890934.554270527]: Reference trajectory - x: 0.468737, y: 0.000000, phi: 0.000000, v: 0.337497, w: 0.000000[0m
[0m[ INFO] [1747890934.604781288]: Robot state - x: 0.467118, y: -0.005378, phi: -0.009075[0m
[0m[ INFO] [1747890934.604917834]: v: 0.536508, w: 0.099130[0m
[0m[ INFO] [1747890934.654168420]: Reference trajectory - x: 0.502922, y: 0.000000, phi: 0.000000, v: 0.346314, w: 0.000000[0m
[0m[ INFO] [1747890934.713110159]: Robot state - x: 0.502717, y: -0.005647, phi: -0.008566[0m
[0m[ INFO] [1747890934.713195600]: v: 0.539677, w: 0.098612[0m
[0m[ INFO] [1747890934.756109985]: Reference trajectory - x: 0.538026, y: 0.000000, phi: 0.000000, v: 0.354786, w: 0.000000[0m
[0m[ INFO] [1747890934.805734848]: Robot state - x: 0.538718, y: -0.006032, phi: -0.011813[0m
[0m[ INFO] [1747890934.805846530]: v: 0.544304, w: 0.124700[0m
[0m[ INFO] [1747890934.854268947]: Reference trajectory - x: 0.573912, y: 0.000000, phi: 0.000000, v: 0.362885, w: 0.000000[0m
[0m[ INFO] [1747890934.914061543]: Robot state - x: 0.577466, y: -0.006369, phi: -0.012068[0m
[0m[ INFO] [1747890934.914453772]: v: 0.539719, w: 0.129998[0m
[0m[ INFO] [1747890934.954143224]: Reference trajectory - x: 0.610541, y: 0.000000, phi: 0.000000, v: 0.370615, w: 0.000000[0m
[0m[ INFO] [1747890935.004950052]: Robot state - x: 0.617585, y: -0.006818, phi: -0.010826[0m
[0m[ INFO] [1747890935.005078086]: v: 0.531118, w: 0.125608[0m
[0m[ INFO] [1747890935.056567835]: Reference trajectory - x: 0.648008, y: 0.000000, phi: 0.000000, v: 0.378001, w: 0.000000[0m
[0m[ INFO] [1747890935.113326508]: Robot state - x: 0.657118, y: -0.007304, phi: -0.011272[0m
[0m[ INFO] [1747890935.113768082]: v: 0.527276, w: 0.133197[0m
[0m[ INFO] [1747890935.156311999]: Reference trajectory - x: 0.686189, y: 0.000000, phi: 0.000000, v: 0.385026, w: 0.000000[0m
[0m[ INFO] [1747890935.205205525]: Robot state - x: 0.697247, y: -0.007787, phi: -0.013692[0m
[0m[ INFO] [1747890935.205314807]: v: 0.522938, w: 0.154563[0m
[0m[ INFO] [1747890935.257320913]: Reference trajectory - x: 0.725067, y: 0.000000, phi: 0.000000, v: 0.391692, w: 0.000000[0m
[0m[ INFO] [1747890935.305619745]: Robot state - x: 0.737750, y: -0.008146, phi: -0.008884[0m
[0m[ INFO] [1747890935.305737155]: v: 0.519023, w: 0.125550[0m
[0m[ INFO] [1747890935.356773970]: Reference trajectory - x: 0.764521, y: 0.000000, phi: 0.000000, v: 0.397987, w: 0.000000[0m
[0m[ INFO] [1747890935.405843179]: Robot state - x: 0.777474, y: -0.008664, phi: -0.007547[0m
[0m[ INFO] [1747890935.405997549]: v: 0.520131, w: 0.121392[0m
[0m[ INFO] [1747890935.454327165]: Reference trajectory - x: 0.804568, y: 0.000000, phi: 0.000000, v: 0.403919, w: 0.000000[0m
[0m[ INFO] [1747890935.508365359]: Robot state - x: 0.818391, y: -0.009081, phi: -0.010158[0m
[0m[ INFO] [1747890935.508489681]: v: 0.518175, w: 0.144188[0m
[0m[ INFO] [1747890935.555894326]: Reference trajectory - x: 0.845253, y: 0.000000, phi: 0.000000, v: 0.409500, w: 0.000000[0m
[0m[ INFO] [1747890935.606103452]: Robot state - x: 0.859097, y: -0.009328, phi: -0.007228[0m
[0m[ INFO] [1747890935.606187741]: v: 0.519293, w: 0.128022[0m
[0m[ INFO] [1747890935.654230442]: Reference trajectory - x: 0.886446, y: 0.000000, phi: 0.000000, v: 0.414718, w: 0.000000[0m
[0m[ INFO] [1747890935.704896469]: Robot state - x: 0.900196, y: -0.009687, phi: -0.004394[0m
[0m[ INFO] [1747890935.705009942]: v: 0.520545, w: 0.113134[0m
[0m[ INFO] [1747890935.755937189]: Reference trajectory - x: 0.928194, y: 0.000000, phi: 0.000000, v: 0.419581, w: 0.000000[0m
[0m[ INFO] [1747890935.804791995]: Robot state - x: 0.941699, y: -0.010007, phi: -0.005318[0m
[0m[ INFO] [1747890935.804885692]: v: 0.522124, w: 0.124122[0m
[0m[ INFO] [1747890935.854147703]: Reference trajectory - x: 0.970354, y: 0.000000, phi: 0.000000, v: 0.424079, w: 0.000000[0m
[0m[ INFO] [1747890935.917195218]: Robot state - x: 0.983395, y: -0.010172, phi: -0.004458[0m
[0m[ INFO] [1747890935.917492917]: v: 0.524374, w: 0.122148[0m
[0m[ INFO] [1747890935.955912914]: Reference trajectory - x: 1.012996, y: 0.000000, phi: 0.000000, v: 0.428221, w: 0.000000[0m
[0m[ INFO] [1747890936.004759817]: Robot state - x: 1.025484, y: -0.010380, phi: -0.003694[0m
[0m[ INFO] [1747890936.004850090]: v: 0.526800, w: 0.121091[0m
[0m[ INFO] [1747890936.055999003]: Reference trajectory - x: 1.056031, y: 0.000000, phi: 0.000000, v: 0.432003, w: 0.000000[0m
[0m[ INFO] [1747890936.106365859]: Robot state - x: 1.068361, y: -0.010558, phi: -0.003121[0m
[0m[ INFO] [1747890936.106537221]: v: 0.527322, w: 0.121280[0m
[0m[ INFO] [1747890936.155998722]: Reference trajectory - x: 1.099390, y: 0.000000, phi: 0.000000, v: 0.435421, w: 0.000000[0m
[0m[ INFO] [1747890936.205652610]: Robot state - x: 1.111046, y: -0.010742, phi: -0.004331[0m
[0m[ INFO] [1747890936.205754723]: v: 0.529780, w: 0.133866[0m
[0m[ INFO] [1747890936.254269814]: Reference trajectory - x: 1.143091, y: 0.000000, phi: 0.000000, v: 0.438481, w: 0.000000[0m
[0m[ INFO] [1747890936.305697226]: Robot state - x: 1.153721, y: -0.010823, phi: -0.001879[0m
[0m[ INFO] [1747890936.305818892]: v: 0.533625, w: 0.120717[0m
[0m[ INFO] [1747890936.356104307]: Reference trajectory - x: 1.187066, y: 0.000000, phi: 0.000000, v: 0.441180, w: 0.000000[0m
[0m[ INFO] [1747890936.404759175]: Robot state - x: 1.197587, y: -0.011046, phi: -0.003375[0m
[0m[ INFO] [1747890936.404843336]: v: 0.533439, w: 0.135557[0m
[0m[ INFO] [1747890936.456125786]: Reference trajectory - x: 1.231402, y: 0.000000, phi: 0.000000, v: 0.443525, w: 0.000000[0m
[0m[ INFO] [1747890936.512287238]: Robot state - x: 1.241836, y: -0.011083, phi: -0.001306[0m
[0m[ INFO] [1747890936.513765399]: v: 0.532830, w: 0.124933[0m
[0m[ INFO] [1747890936.555980480]: Reference trajectory - x: 1.275772, y: 0.000000, phi: 0.000000, v: 0.445501, w: 0.000000[0m
[0m[ INFO] [1747890936.605565055]: Robot state - x: 1.285692, y: -0.011183, phi: 0.000860[0m
[0m[ INFO] [1747890936.605677153]: v: 0.533749, w: 0.113967[0m
[0m[ INFO] [1747890936.654150259]: Reference trajectory - x: 1.320392, y: 0.000000, phi: 0.000000, v: 0.447120, w: 0.000000[0m
[0m[ INFO] [1747890936.713992201]: Robot state - x: 1.330154, y: -0.011319, phi: -0.002611[0m
[0m[ INFO] [1747890936.714101642]: v: 0.532917, w: 0.142134[0m
[0m[ INFO] [1747890936.755642924]: Reference trajectory - x: 1.365162, y: 0.000000, phi: 0.000000, v: 0.448380, w: 0.000000[0m
[0m[ INFO] [1747890936.805189066]: Robot state - x: 1.374989, y: -0.011196, phi: 0.001146[0m
[0m[ INFO] [1747890936.805335724]: v: 0.530807, w: 0.119163[0m
[0m[ INFO] [1747890936.854312868]: Reference trajectory - x: 1.410027, y: 0.000000, phi: 0.000000, v: 0.449280, w: 0.000000[0m
[0m[ INFO] [1747890936.907888561]: Robot state - x: 1.420036, y: -0.011354, phi: -0.000637[0m
[0m[ INFO] [1747890936.908012018]: v: 0.527810, w: 0.135786[0m
[0m[ INFO] [1747890936.955915294]: Reference trajectory - x: 1.455006, y: 0.000000, phi: 0.000000, v: 0.449820, w: 0.000000[0m
[0m[ INFO] [1747890937.005061944]: Robot state - x: 1.464679, y: -0.011258, phi: 0.001337[0m
[0m[ INFO] [1747890937.005168185]: v: 0.526644, w: 0.125277[0m
[0m[ INFO] [1747890937.055439232]: Reference trajectory - x: 1.499982, y: 0.000000, phi: 0.000000, v: 0.450000, w: 0.000000[0m
[0m[ INFO] [1747890937.111961232]: Robot state - x: 1.510120, y: -0.011330, phi: -0.000541[0m
[0m[ INFO] [1747890937.112251763]: v: 0.521742, w: 0.142162[0m
[0m[ INFO] [1747890937.158489356]: Reference trajectory - x: 1.544999, y: 0.000000, phi: 0.000000, v: 0.449820, w: 0.000000[0m
[0m[ INFO] [1747890937.204795077]: Robot state - x: 1.555157, y: -0.011228, phi: 0.001337[0m
[0m[ INFO] [1747890937.204929958]: v: 0.518271, w: 0.132270[0m
[0m[ INFO] [1747890937.258697142]: Reference trajectory - x: 1.589985, y: 0.000000, phi: 0.000000, v: 0.449279, w: 0.000000[0m
[0m[ INFO] [1747890937.304995567]: Robot state - x: 1.600981, y: -0.011214, phi: 0.003025[0m
[0m[ INFO] [1747890937.305110993]: v: 0.510864, w: 0.124095[0m
[0m[ INFO] [1747890937.354458957]: Reference trajectory - x: 1.634827, y: 0.000000, phi: 0.000000, v: 0.448380, w: 0.000000[0m
[0m[ INFO] [1747890937.404851990]: Robot state - x: 1.645433, y: -0.011150, phi: 0.003216[0m
[0m[ INFO] [1747890937.404939255]: v: 0.508190, w: 0.126013[0m
[0m[ INFO] [1747890937.454245875]: Reference trajectory - x: 1.679585, y: 0.000000, phi: 0.000000, v: 0.447121, w: 0.000000[0m
[0m[ INFO] [1747890937.512706681]: Robot state - x: 1.690469, y: -0.010971, phi: 0.005095[0m
[0m[ INFO] [1747890937.513166654]: v: 0.502362, w: 0.115697[0m
[0m[ INFO] [1747890937.556512373]: Reference trajectory - x: 1.724278, y: 0.000000, phi: 0.000000, v: 0.445499, w: 0.000000[0m
[0m[ INFO] [1747890937.604800453]: Robot state - x: 1.735516, y: -0.010867, phi: 0.003312[0m
[0m[ INFO] [1747890937.604910790]: v: 0.495756, w: 0.130977[0m
[0m[ INFO] [1747890937.654268835]: Reference trajectory - x: 1.768695, y: 0.000000, phi: 0.000000, v: 0.443520, w: 0.000000[0m
[0m[ INFO] [1747890937.710996213]: Robot state - x: 1.780553, y: -0.010595, phi: 0.005190[0m
[0m[ INFO] [1747890937.711148247]: v: 0.487527, w: 0.120120[0m
[0m[ INFO] [1747890937.755665691]: Reference trajectory - x: 1.812946, y: 0.000000, phi: 0.000000, v: 0.441180, w: 0.000000[0m
[0m[ INFO] [1747890937.805088537]: Robot state - x: 1.825004, y: -0.010443, phi: 0.005381[0m
[0m[ INFO] [1747890937.805188506]: v: 0.480564, w: 0.121417[0m
[0m[ INFO] [1747890937.856403596]: Reference trajectory - x: 1.856941, y: 0.000000, phi: 0.000000, v: 0.438479, w: 0.000000[0m
[0m[ INFO] [1747890937.910355038]: Robot state - x: 1.869455, y: -0.010209, phi: 0.005572[0m
[0m[ INFO] [1747890937.910435999]: v: 0.472062, w: 0.122262[0m
[0m[ INFO] [1747890937.955837389]: Reference trajectory - x: 1.900631, y: 0.000000, phi: 0.000000, v: 0.435420, w: 0.000000[0m
[0m[ INFO] [1747890938.004832774]: Robot state - x: 1.913512, y: -0.009965, phi: 0.005859[0m
[0m[ INFO] [1747890938.004979496]: v: 0.463444, w: 0.122332[0m
[0m[ INFO] [1747890938.054459526]: Reference trajectory - x: 1.943986, y: 0.000000, phi: 0.000000, v: 0.432001, w: 0.000000[0m
[0m[ INFO] [1747890938.105169170]: Robot state - x: 1.957569, y: -0.009713, phi: 0.006146[0m
[0m[ INFO] [1747890938.105258323]: v: 0.452893, w: 0.122284[0m
[0m[ INFO] [1747890938.154267084]: Reference trajectory - x: 1.986979, y: 0.000000, phi: 0.000000, v: 0.428223, w: 0.000000[0m
[0m[ INFO] [1747890938.205490463]: Robot state - x: 1.999658, y: -0.009451, phi: 0.006910[0m
[0m[ INFO] [1747890938.205577664]: v: 0.448761, w: 0.118805[0m
[0m[ INFO] [1747890938.254264341]: Reference trajectory - x: 2.029611, y: 0.000000, phi: 0.000000, v: 0.424082, w: 0.000000[0m
[0m[ INFO] [1747890938.309598359]: Robot state - x: 2.043322, y: -0.009174, phi: 0.007292[0m
[0m[ INFO] [1747890938.309714424]: v: 0.436115, w: 0.117814[0m
[0m[ INFO] [1747890938.356614489]: Reference trajectory - x: 2.071826, y: 0.000000, phi: 0.000000, v: 0.419579, w: 0.000000[0m
[0m[ INFO] [1747890938.404997194]: Robot state - x: 2.085804, y: -0.008866, phi: 0.007961[0m
[0m[ INFO] [1747890938.405221453]: v: 0.426110, w: 0.114606[0m
[0m[ INFO] [1747890938.454671275]: Reference trajectory - x: 2.113528, y: 0.000000, phi: 0.000000, v: 0.414721, w: 0.000000[0m
[0m[ INFO] [1747890938.510530131]: Robot state - x: 2.127690, y: -0.008505, phi: 0.010603[0m
[0m[ INFO] [1747890938.510615572]: v: 0.416030, w: 0.097405[0m
[0m[ INFO] [1747890938.556253766]: Reference trajectory - x: 2.154756, y: 0.000000, phi: 0.000000, v: 0.409499, w: 0.000000[0m
[0m[ INFO] [1747890938.604943387]: Robot state - x: 2.168800, y: -0.008195, phi: 0.009776[0m
[0m[ INFO] [1747890938.605031228]: v: 0.406846, w: 0.104312[0m
[0m[ INFO] [1747890938.656458353]: Reference trajectory - x: 2.195432, y: 0.000000, phi: 0.000000, v: 0.403919, w: 0.000000[0m
[0m[ INFO] [1747890938.712959648]: Robot state - x: 2.209908, y: -0.007776, phi: 0.008948[0m
[0m[ INFO] [1747890938.713282340]: v: 0.394939, w: 0.110594[0m
[0m[ INFO] [1747890938.754579971]: Reference trajectory - x: 2.235554, y: 0.000000, phi: 0.000000, v: 0.397975, w: 0.000000[0m
[0m[ INFO] [1747890938.805119278]: Robot state - x: 2.250219, y: -0.007321, phi: 0.011973[0m
[0m[ INFO] [1747890938.805199695]: v: 0.383595, w: 0.089953[0m
[0m[ INFO] [1747890938.857382060]: Reference trajectory - x: 2.274986, y: 0.000000, phi: 0.000000, v: 0.391684, w: 0.000000[0m
[0m[ INFO] [1747890938.909297831]: Robot state - x: 2.289754, y: -0.006976, phi: 0.011527[0m
[0m[ INFO] [1747890938.909426056]: v: 0.372221, w: 0.093677[0m
[0m[ INFO] [1747890938.956079398]: Reference trajectory - x: 2.313842, y: 0.000000, phi: 0.000000, v: 0.385021, w: 0.000000[0m
[0m[ INFO] [1747890939.005090911]: Robot state - x: 2.329287, y: -0.006512, phi: 0.011081[0m
[0m[ INFO] [1747890939.005178528]: v: 0.357938, w: 0.096714[0m
[0m[ INFO] [1747890939.054621342]: Reference trajectory - x: 2.351997, y: 0.000000, phi: 0.000000, v: 0.378001, w: 0.000000[0m
[0m[ INFO] [1747890939.104897030]: Robot state - x: 2.366853, y: -0.006078, phi: 0.011113[0m
[0m[ INFO] [1747890939.104984231]: v: 0.348600, w: 0.096453[0m
[0m[ INFO] [1747890939.156242298]: Reference trajectory - x: 2.389422, y: 0.000000, phi: 0.000000, v: 0.370622, w: 0.000000[0m
[0m[ INFO] [1747890939.205844858]: Robot state - x: 2.404418, y: -0.005661, phi: 0.011145[0m
[0m[ INFO] [1747890939.206046876]: v: 0.335913, w: 0.096136[0m
[0m[ INFO] [1747890939.254222219]: Reference trajectory - x: 2.426094, y: 0.000000, phi: 0.000000, v: 0.362884, w: 0.000000[0m
[0m[ INFO] [1747890939.356271948]: Reference trajectory - x: 2.462000, y: 0.000000, phi: 0.000000, v: 0.354779, w: 0.000000[0m
[0m[ INFO] [1747890939.454213565]: Reference trajectory - x: 2.497040, y: 0.000000, phi: 0.000000, v: 0.346324, w: 0.000000[0m
[0m[ INFO] [1747890939.509220540]: Robot state - x: 2.441590, y: -0.005246, phi: 0.011272[0m
[0m[ INFO] [1747890939.509301277]: v: 0.613777, w: 0.095035[0m
[0m[ INFO] [1747890939.511582296]: Robot state - x: 2.477187, y: -0.004840, phi: 0.011782[0m
[0m[ INFO] [1747890939.511689113]: v: 0.476228, w: 0.091209[0m
[0m[ INFO] [1747890939.512741221]: Robot state - x: 2.512785, y: -0.004434, phi: 0.012291[0m
[0m[ INFO] [1747890939.512809574]: v: 0.327421, w: 0.087255[0m
[0m[ INFO] [1747890939.554150854]: Reference trajectory - x: 2.531225, y: 0.000000, phi: 0.000000, v: 0.337507, w: 0.000000[0m
[0m[ INFO] [1747890939.605017428]: Robot state - x: 2.547404, y: -0.004067, phi: 0.011208[0m
[0m[ INFO] [1747890939.605125654]: v: 0.311737, w: 0.094359[0m
[0m[ INFO] [1747890939.656346696]: Reference trajectory - x: 2.564538, y: 0.000000, phi: 0.000000, v: 0.328322, w: 0.000000[0m
[0m[ INFO] [1747890939.714905104]: Robot state - x: 2.582404, y: -0.003593, phi: 0.013692[0m
[0m[ INFO] [1747890939.715173427]: v: 0.290083, w: 0.076194[0m
[0m[ INFO] [1747890939.754542269]: Reference trajectory - x: 2.596902, y: 0.000000, phi: 0.000000, v: 0.318780, w: 0.000000[0m
[0m[ INFO] [1747890939.805127848]: Robot state - x: 2.617023, y: -0.003224, phi: 0.012610[0m
[0m[ INFO] [1747890939.805211657]: v: 0.265068, w: 0.083021[0m
[0m[ INFO] [1747890939.854196770]: Reference trajectory - x: 2.628264, y: 0.000000, phi: 0.000000, v: 0.308888, w: 0.000000[0m
[0m[ INFO] [1747890939.905183154]: Robot state - x: 2.649864, y: -0.002755, phi: 0.013788[0m
[0m[ INFO] [1747890939.905274707]: v: 0.242372, w: 0.073630[0m
[0m[ INFO] [1747890939.954210443]: Reference trajectory - x: 2.658644, y: 0.000000, phi: 0.000000, v: 0.298628, w: 0.000000[0m
[0m[ INFO] [1747890940.004970808]: Robot state - x: 2.681726, y: -0.002360, phi: 0.013374[0m
[0m[ INFO] [1747890940.005054937]: v: 0.218820, w: 0.075447[0m
[0m[ INFO] [1747890940.054140787]: Reference trajectory - x: 2.687978, y: 0.000000, phi: 0.000000, v: 0.288008, w: 0.000000[0m
[0m[ INFO] [1747890940.112438393]: Robot state - x: 2.712014, y: -0.001943, phi: 0.013342[0m
[0m[ INFO] [1747890940.112898366]: v: 0.196746, w: 0.074394[0m
[0m[ INFO] [1747890940.157752071]: Reference trajectory - x: 2.716268, y: 0.000000, phi: 0.000000, v: 0.277014, w: 0.000000[0m
[0m[ INFO] [1747890940.205120461]: Robot state - x: 2.740525, y: -0.001530, phi: 0.015571[0m
[0m[ INFO] [1747890940.205200270]: v: 0.177188, w: 0.057610[0m
[0m[ INFO] [1747890940.254252136]: Reference trajectory - x: 2.743380, y: 0.000000, phi: 0.000000, v: 0.265685, w: 0.000000[0m
[0m[ INFO] [1747890940.308814882]: Robot state - x: 2.768260, y: -0.001177, phi: 0.014329[0m
[0m[ INFO] [1747890940.308929539]: v: 0.155479, w: 0.064964[0m
[0m[ INFO] [1747890940.356396715]: Reference trajectory - x: 2.769384, y: 0.000000, phi: 0.000000, v: 0.253977, w: 0.000000[0m
[0m[ INFO] [1747890940.404711740]: Robot state - x: 2.794025, y: -0.000785, phi: 0.013565[0m
[0m[ INFO] [1747890940.404801309]: v: 0.136940, w: 0.068720[0m
[0m[ INFO] [1747890940.458234410]: Reference trajectory - x: 2.794242, y: 0.000000, phi: 0.000000, v: 0.241887, w: 0.000000[0m
[0m[ INFO] [1747890940.504931912]: Robot state - x: 2.818600, y: -0.000394, phi: 0.016749[0m
[0m[ INFO] [1747890940.505020297]: v: 0.118291, w: 0.045077[0m
[0m[ INFO] [1747890940.554175844]: Reference trajectory - x: 2.817742, y: 0.000000, phi: 0.000000, v: 0.229504, w: 0.000000[0m
[0m[ INFO] [1747890940.604698095]: Robot state - x: 2.841611, y: -0.000083, phi: 0.016654[0m
[0m[ INFO] [1747890940.604783440]: v: 0.100337, w: 0.044356[0m
[0m[ INFO] [1747890940.656248486]: Reference trajectory - x: 2.840061, y: 0.000000, phi: 0.000000, v: 0.216722, w: 0.000000[0m
[0m[ INFO] [1747890940.712863095]: Robot state - x: 2.863440, y: 0.000285, phi: 0.016845[0m
[0m[ INFO] [1747890940.713490207]: v: 0.082143, w: 0.041281[0m
[0m[ INFO] [1747890940.755945612]: Reference trajectory - x: 2.861082, y: 0.000000, phi: 0.000000, v: 0.203580, w: 0.000000[0m
[0m[ INFO] [1747890940.805556844]: Robot state - x: 2.883694, y: 0.000628, phi: 0.017418[0m
[0m[ INFO] [1747890940.805651725]: v: 0.064946, w: 0.035570[0m
[0m[ INFO] [1747890940.854655526]: Reference trajectory - x: 2.880772, y: 0.000000, phi: 0.000000, v: 0.190077, w: 0.000000[0m
[0m[ INFO] [1747890940.909545956]: Robot state - x: 2.902960, y: 0.000978, phi: 0.020061[0m
[0m[ INFO] [1747890940.909658949]: v: 0.046142, w: 0.015420[0m
[0m[ INFO] [1747890940.956022720]: Reference trajectory - x: 2.899082, y: 0.000000, phi: 0.000000, v: 0.176223, w: 0.000000[0m
[0m[ INFO] [1747890941.005021369]: Robot state - x: 2.920470, y: 0.001262, phi: 0.017641[0m
[0m[ INFO] [1747890941.005140346]: v: 0.028759, w: 0.030454[0m
[0m[ INFO] [1747890941.054277205]: Reference trajectory - x: 2.915995, y: 0.000000, phi: 0.000000, v: 0.162005, w: 0.000000[0m
[0m[ INFO] [1747890941.110733094]: Robot state - x: 2.936787, y: 0.001602, phi: 0.019169[0m
[0m[ INFO] [1747890941.111084490]: v: 0.010370, w: 0.017851[0m
[0m[ INFO] [1747890941.155910227]: Reference trajectory - x: 2.931471, y: 0.000000, phi: 0.000000, v: 0.147423, w: 0.000000[0m
[0m[ INFO] [1747890941.205455826]: Robot state - x: 2.951733, y: 0.001865, phi: 0.019201[0m
[0m[ INFO] [1747890941.205544723]: v: -0.008478, w: 0.015846[0m
[0m[ INFO] [1747890941.254178441]: Reference trajectory - x: 2.945467, y: 0.000000, phi: 0.000000, v: 0.132486, w: 0.000000[0m
[0m[ INFO] [1747890941.313342872]: Robot state - x: 2.965105, y: 0.002125, phi: 0.019615[0m
[0m[ INFO] [1747890941.313793629]: v: -0.027102, w: 0.011142[0m
[0m[ INFO] [1747890941.354530423]: Reference trajectory - x: 2.957951, y: 0.000000, phi: 0.000000, v: 0.117189, w: 0.000000[0m
[0m[ INFO] [1747890941.405600168]: Robot state - x: 2.977295, y: 0.002363, phi: 0.020315[0m
[0m[ INFO] [1747890941.405715242]: v: -0.047329, w: 0.004477[0m
[0m[ INFO] [1747890941.454600130]: Reference trajectory - x: 2.968892, y: 0.000000, phi: 0.000000, v: 0.101527, w: 0.000000[0m
[0m[ INFO] [1747890941.511473911]: Robot state - x: 2.987720, y: 0.002564, phi: 0.019615[0m
[0m[ INFO] [1747890941.511590616]: v: -0.066860, w: 0.007596[0m
[0m[ INFO] [1747890941.556024316]: Reference trajectory - x: 2.978252, y: 0.000000, phi: 0.000000, v: 0.085496, w: 0.000000[0m
[0m[ INFO] [1747890941.605144791]: Robot state - x: 2.996963, y: 0.002750, phi: 0.019201[0m
[0m[ INFO] [1747890941.605276057]: v: -0.088337, w: 0.008745[0m
[0m[ INFO] [1747890941.656065831]: Reference trajectory - x: 2.985984, y: 0.000000, phi: 0.000000, v: 0.069119, w: 0.000000[0m
[0m[ INFO] [1747890941.713023453]: Robot state - x: 3.004240, y: 0.002893, phi: 0.019265[0m
[0m[ INFO] [1747890941.713414913]: v: -0.108644, w: 0.006743[0m
[0m[ INFO] [1747890941.756382741]: Reference trajectory - x: 2.992063, y: 0.000000, phi: 0.000000, v: 0.052378, w: 0.000000[0m
[0m[ INFO] [1747890941.805746867]: Robot state - x: 3.010335, y: 0.003011, phi: 0.019615[0m
[0m[ INFO] [1747890941.805837396]: v: -0.131231, w: 0.002837[0m
[0m[ INFO] [1747890941.854334151]: Reference trajectory - x: 2.996448, y: 0.000000, phi: 0.000000, v: 0.035279, w: 0.000000[0m
[0m[ INFO] [1747890941.905850846]: Robot state - x: 3.014260, y: 0.003092, phi: 0.022321[0m
[0m[ INFO] [1747890941.906103073]: v: -0.152103, w: -0.017205[0m
[0m[ INFO] [1747890941.955892643]: Reference trajectory - x: 2.999106, y: 0.000000, phi: 0.000000, v: 0.017823, w: 0.000000[0m
[0m[ INFO] [1747890942.005282657]: Robot state - x: 3.016813, y: 0.003143, phi: 0.023531[0m
[0m[ INFO] [1747890942.005401667]: v: -0.174738, w: -0.026791[0m
[0m[ INFO] [1747890942.056786936]: Reference trajectory - x: 2.999106, y: 0.000000, phi: 0.000000, v: 0.000000, w: 0.000000[0m
[0m[ INFO] [1747890942.112619521]: Robot state - x: 3.017409, y: 0.003156, phi: 0.021557[0m
[0m[ INFO] [1747890942.112996998]: v: -0.200754, w: -0.014209[0m
[0m[ INFO] [1747890942.205914494]: Robot state - x: 3.017409, y: 0.003156, phi: 0.021557[0m
[0m[ INFO] [1747890942.206025407]: v: -0.206542, w: -0.015207[0m
[0m[ INFO] [1747890942.306327757]: Robot state - x: 3.017217, y: 0.003152, phi: 0.019774[0m
[0m[ INFO] [1747890942.306658193]: v: -0.211496, w: -0.003868[0m
[0m[ INFO] [1747890942.405175755]: Robot state - x: 3.016440, y: 0.003137, phi: 0.016303[0m
[0m[ INFO] [1747890942.405277004]: v: -0.213838, w: 0.019187[0m
[0m[ INFO] [1747890942.511200891]: Robot state - x: 3.012121, y: 0.003057, phi: 0.013692[0m
[0m[ INFO] [1747890942.511569600]: v: -0.200504, w: 0.036618[0m
[0m[ INFO] [1747890942.605352162]: Robot state - x: 3.006611, y: 0.002963, phi: 0.015030[0m
[0m[ INFO] [1747890942.605751207]: v: -0.180612, w: 0.026866[0m
[0m[ INFO] [1747890942.709585598]: Robot state - x: 3.001696, y: 0.002898, phi: 0.014393[0m
[0m[ INFO] [1747890942.709744128]: v: -0.161573, w: 0.030646[0m
[0m[ INFO] [1747890942.804985459]: Robot state - x: 2.995983, y: 0.002803, phi: 0.017609[0m
[0m[ INFO] [1747890942.805120277]: v: -0.137505, w: 0.007974[0m
[0m[ INFO] [1747890942.911797037]: Robot state - x: 2.990866, y: 0.002726, phi: 0.018851[0m
[0m[ INFO] [1747890942.912217490]: v: -0.114225, w: -0.001119[0m
[0m[ INFO] [1747890943.005126666]: Robot state - x: 2.986335, y: 0.002639, phi: 0.021780[0m
[0m[ INFO] [1747890943.005226667]: v: -0.091879, w: -0.021800[0m
[0m[ INFO] [1747890943.104714576]: Robot state - x: 2.982399, y: 0.002563, phi: 0.022735[0m
[0m[ INFO] [1747890943.104937875]: v: -0.070694, w: -0.028865[0m
[0m[ INFO] [1747890943.205078016]: Robot state - x: 2.979453, y: 0.002501, phi: 0.021621[0m
[0m[ INFO] [1747890943.205173921]: v: -0.052574, w: -0.021674[0m
[0m[ INFO] [1747890943.315407459]: Robot state - x: 2.977485, y: 0.002456, phi: 0.022099[0m
[0m[ INFO] [1747890943.315953961]: v: -0.037786, w: -0.025545[0m
[0m[ INFO] [1747890943.405106422]: Robot state - x: 2.975729, y: 0.002422, phi: 0.017036[0m
[0m[ INFO] [1747890943.405235384]: v: -0.023300, w: 0.008815[0m
[0m[ INFO] [1747890943.512952637]: Robot state - x: 2.975538, y: 0.002418, phi: 0.015252[0m
[0m[ INFO] [1747890943.513412098]: v: -0.015073, w: 0.020387[0m
[0m[ INFO] [1747890943.605320911]: Robot state - x: 2.975538, y: 0.002418, phi: 0.015252[0m
[0m[ INFO] [1747890943.605423312]: v: -0.007620, w: 0.019623[0m
[0m[ INFO] [1747890943.712960531]: Robot state - x: 2.975538, y: 0.002418, phi: 0.015252[0m
[0m[ INFO] [1747890943.713456313]: v: -0.000167, w: 0.018858[0m
[0m[ INFO] [1747890943.805320005]: Robot state - x: 2.975336, y: 0.002415, phi: 0.017131[0m
[0m[ INFO] [1747890943.805447879]: v: 0.008165, w: 0.005131[0m
[0m[ INFO] [1747890943.913268429]: Robot state - x: 2.975336, y: 0.002415, phi: 0.017131[0m
[0m[ INFO] [1747890943.913685522]: v: 0.015682, w: 0.004368[0m
[0m[ INFO] [1747890944.005341628]: Robot state - x: 2.975336, y: 0.002415, phi: 0.017131[0m
[0m[ INFO] [1747890944.005434077]: v: 0.023199, w: 0.003604[0m
[0m[ INFO] [1747890944.110120639]: Robot state - x: 2.975336, y: 0.002415, phi: 0.017131[0m
[0m[ INFO] [1747890944.110256577]: v: 0.030716, w: 0.002840[0m
[0m[ INFO] [1747890944.205248466]: Robot state - x: 2.975336, y: 0.002415, phi: 0.017131[0m
[0m[ INFO] [1747890944.205373652]: v: 0.038232, w: 0.002077[0m
[0m[ INFO] [1747890944.313625023]: Robot state - x: 2.975528, y: 0.002418, phi: 0.018914[0m
[0m[ INFO] [1747890944.314122661]: v: 0.044914, w: -0.011022[0m
[0m[ INFO] [1747890944.508500059]: Robot state - x: 2.975729, y: 0.002421, phi: 0.017036[0m
[0m[ INFO] [1747890944.508585884]: v: 0.051490, w: 0.001176[0m
[0m[ INFO] [1747890944.510837462]: Robot state - x: 2.976123, y: 0.002429, phi: 0.016940[0m
[0m[ INFO] [1747890944.510908663]: v: 0.057168, w: 0.001034[0m
[0m[ INFO] [1747890944.605511428]: Robot state - x: 2.976931, y: 0.002441, phi: 0.009425[0m
[0m[ INFO] [1747890944.605631269]: v: 0.060917, w: 0.052119[0m
[0m[ INFO] [1747890944.710549002]: Robot state - x: 2.978313, y: 0.002463, phi: 0.007260[0m
[0m[ INFO] [1747890944.710666475]: v: 0.061905, w: 0.066198[0m
[0m[ INFO] [1747890944.805072918]: Robot state - x: 2.981432, y: 0.002508, phi: 0.017481[0m
[0m[ INFO] [1747890944.805204407]: v: 0.054895, w: -0.005409[0m
[0m[ INFO] [1747890944.911406411]: Robot state - x: 2.984570, y: 0.002536, phi: 0.020379[0m
[0m[ INFO] [1747890944.911799056]: v: 0.046811, w: -0.026352[0m
[0m[ INFO] [1747890945.005048333]: Robot state - x: 2.987315, y: 0.002588, phi: 0.023372[0m
[0m[ INFO] [1747890945.005156206]: v: 0.039449, w: -0.048083[0m
[0m[ INFO] [1747890945.105671488]: Robot state - x: 2.989858, y: 0.002646, phi: 0.028244[0m
[0m[ INFO] [1747890945.105834594]: v: 0.032100, w: -0.082837[0m
[0m[ INFO] [1747890945.205489834]: Robot state - x: 2.992421, y: 0.002703, phi: 0.025792[0m
[0m[ INFO] [1747890945.205587724]: v: 0.023857, w: -0.067011[0m
[0m[ INFO] [1747890945.311736863]: Robot state - x: 2.994591, y: 0.002761, phi: 0.023436[0m
[0m[ INFO] [1747890945.312098500]: v: 0.016520, w: -0.051873[0m
[0m[ INFO] [1747890945.405954888]: Robot state - x: 2.996165, y: 0.002802, phi: 0.023054[0m
[0m[ INFO] [1747890945.406070602]: v: 0.011090, w: -0.050301[0m
[0m[ INFO] [1747890945.513411787]: Robot state - x: 2.997941, y: 0.002841, phi: 0.020793[0m
[0m[ INFO] [1747890945.513849360]: v: 0.004282, w: -0.035762[0m
[0m[ INFO] [1747890945.605494555]: Robot state - x: 2.999525, y: 0.002875, phi: 0.016749[0m
[0m[ INFO] [1747890945.605655261]: v: -0.002252, w: -0.008886[0m
[0m[ INFO] [1747890945.715225945]: Robot state - x: 2.999525, y: 0.002875, phi: 0.016749[0m
[0m[ INFO] [1747890945.715594173]: v: -0.002385, w: -0.009795[0m
[0m[ INFO] [1747890945.805192048]: Robot state - x: 2.999525, y: 0.002875, phi: 0.016749[0m
[0m[ INFO] [1747890945.805287025]: v: -0.002517, w: -0.010704[0m
[0m[ INFO] [1747890945.913812480]: Robot state - x: 2.999525, y: 0.002875, phi: 0.016749[0m
[0m[ INFO] [1747890945.914445768]: v: -0.002650, w: -0.011613[0m
[0m[ INFO] [1747890946.005002438]: Robot state - x: 2.999525, y: 0.002875, phi: 0.016749[0m
[0m[ INFO] [1747890946.005094663]: v: -0.002783, w: -0.012522[0m
[0m[ INFO] [1747890946.112446249]: Robot state - x: 2.999525, y: 0.002875, phi: 0.016749[0m
[0m[ INFO] [1747890946.112931727]: v: -0.002915, w: -0.013431[0m
[0m[ INFO] [1747890946.205300547]: Robot state - x: 2.999525, y: 0.002875, phi: 0.016749[0m
[0m[ INFO] [1747890946.205418180]: v: -0.003048, w: -0.014340[0m
[0m[ INFO] [1747890946.311750171]: Robot state - x: 2.999525, y: 0.002875, phi: 0.016749[0m
[0m[ INFO] [1747890946.312162367]: v: -0.003180, w: -0.015249[0m
[0m[ INFO] [1747890946.405070617]: Robot state - x: 2.999525, y: 0.002875, phi: 0.016749[0m
[0m[ INFO] [1747890946.405158811]: v: -0.003313, w: -0.016158[0m
[0m[ INFO] [1747890946.512551901]: Robot state - x: 2.999525, y: 0.002875, phi: 0.016749[0m
[0m[ INFO] [1747890946.513539689]: v: -0.003446, w: -0.017067[0m
[0m[ INFO] [1747890946.604950641]: Robot state - x: 2.999525, y: 0.002875, phi: 0.016749[0m
[0m[ INFO] [1747890946.605067027]: v: -0.003578, w: -0.017976[0m
[0m[ INFO] [1747890946.713181758]: Robot state - x: 2.999525, y: 0.002875, phi: 0.016749[0m
[0m[ INFO] [1747890946.713588323]: v: -0.003711, w: -0.018885[0m
[0m[ INFO] [1747890946.805246286]: Robot state - x: 2.999525, y: 0.002875, phi: 0.016749[0m
[0m[ INFO] [1747890946.805413648]: v: -0.003844, w: -0.019794[0m
[0m[ INFO] [1747890946.914437702]: Robot state - x: 2.999525, y: 0.002875, phi: 0.016749[0m
[0m[ INFO] [1747890946.914846859]: v: -0.003976, w: -0.020703[0m
[0m[ INFO] [1747890947.005689741]: Robot state - x: 2.999525, y: 0.002875, phi: 0.016749[0m
[0m[ INFO] [1747890947.005782542]: v: -0.004109, w: -0.021612[0m
[0m[ INFO] [1747890947.112477865]: Robot state - x: 2.999525, y: 0.002875, phi: 0.016749[0m
[0m[ INFO] [1747890947.112992719]: v: -0.004241, w: -0.022521[0m
[0m[ INFO] [1747890947.205545765]: Robot state - x: 2.999525, y: 0.002875, phi: 0.016749[0m
[0m[ INFO] [1747890947.205676007]: v: -0.004374, w: -0.023430[0m
[0m[ INFO] [1747890947.312451267]: Robot state - x: 2.999525, y: 0.002875, phi: 0.016749[0m
[0m[ INFO] [1747890947.312891848]: v: -0.004507, w: -0.024339[0m
[0m[ INFO] [1747890947.405435262]: Robot state - x: 2.999525, y: 0.002875, phi: 0.016749[0m
[0m[ INFO] [1747890947.405522655]: v: -0.004639, w: -0.025248[0m
[0m[ INFO] [1747890947.513251527]: Robot state - x: 2.999525, y: 0.002875, phi: 0.016749[0m
[0m[ INFO] [1747890947.513727052]: v: -0.004772, w: -0.026157[0m
[0m[ INFO] [1747890947.605667227]: Robot state - x: 2.999525, y: 0.002875, phi: 0.016749[0m
[0m[ INFO] [1747890947.605790717]: v: -0.004904, w: -0.027066[0m
[0m[ INFO] [1747890947.712664122]: Robot state - x: 2.999525, y: 0.002875, phi: 0.016749[0m
[0m[ INFO] [1747890947.713162752]: v: -0.005037, w: -0.027975[0m
[0m[ INFO] [1747890947.805115855]: Robot state - x: 2.999525, y: 0.002875, phi: 0.016749[0m
[0m[ INFO] [1747890947.805232209]: v: -0.005170, w: -0.028884[0m
[0m[ INFO] [1747890947.911803722]: Robot state - x: 2.999525, y: 0.002875, phi: 0.016749[0m
[0m[ INFO] [1747890947.912211855]: v: -0.005302, w: -0.029793[0m
[0m[ INFO] [1747890948.005302732]: Robot state - x: 2.999525, y: 0.002875, phi: 0.016749[0m
[0m[ INFO] [1747890948.005438157]: v: -0.005435, w: -0.030702[0m
[0m[ INFO] [1747890948.114268514]: Robot state - x: 2.999525, y: 0.002875, phi: 0.016749[0m
[0m[ INFO] [1747890948.114389219]: v: -0.005568, w: -0.031611[0m
[0m[ INFO] [1747890948.205087717]: Robot state - x: 2.999525, y: 0.002875, phi: 0.016749[0m
[0m[ INFO] [1747890948.205351016]: v: -0.005700, w: -0.032520[0m
[0m[ INFO] [1747890948.312378759]: Robot state - x: 2.999525, y: 0.002875, phi: 0.016749[0m
[0m[ INFO] [1747890948.312757612]: v: -0.005833, w: -0.033429[0m
[0m[ INFO] [1747890948.405289698]: Robot state - x: 2.999525, y: 0.002875, phi: 0.016749[0m
[0m[ INFO] [1747890948.405374467]: v: -0.005965, w: -0.034338[0m
[0m[ INFO] [1747890948.511962270]: Robot state - x: 2.999525, y: 0.002875, phi: 0.016749[0m
[0m[ INFO] [1747890948.512363523]: v: -0.006098, w: -0.035247[0m
[0m[ INFO] [1747890948.606149224]: Robot state - x: 2.999525, y: 0.002875, phi: 0.016749[0m
[0m[ INFO] [1747890948.606245033]: v: -0.006231, w: -0.036156[0m
[0m[ INFO] [1747890948.711708662]: Robot state - x: 2.999525, y: 0.002875, phi: 0.016749[0m
[0m[ INFO] [1747890948.712193116]: v: -0.006363, w: -0.037065[0m
[0m[ INFO] [1747890948.805271961]: Robot state - x: 2.999525, y: 0.002875, phi: 0.016749[0m
[0m[ INFO] [1747890948.805359610]: v: -0.006496, w: -0.037974[0m
[0m[ INFO] [1747890948.911435566]: Robot state - x: 2.999525, y: 0.002875, phi: 0.016749[0m
[0m[ INFO] [1747890948.911906548]: v: -0.006629, w: -0.038883[0m
[0m[ INFO] [1747890949.005925052]: Robot state - x: 2.999525, y: 0.002875, phi: 0.016749[0m
[0m[ INFO] [1747890949.006024701]: v: -0.006761, w: -0.039792[0m
[0m[ INFO] [1747890949.111574892]: Robot state - x: 2.999525, y: 0.002875, phi: 0.016749[0m
[0m[ INFO] [1747890949.111915184]: v: -0.006894, w: -0.040701[0m
[0m[ INFO] [1747890949.205261776]: Robot state - x: 2.999525, y: 0.002875, phi: 0.016749[0m
[0m[ INFO] [1747890949.205414482]: v: -0.007026, w: -0.041610[0m
[0m[ INFO] [1747890949.304802617]: Robot state - x: 2.999525, y: 0.002875, phi: 0.016749[0m
[0m[ INFO] [1747890949.304916251]: v: -0.007159, w: -0.042519[0m
[0m[ INFO] [1747890949.459874314]: Robot state - x: 2.999525, y: 0.002875, phi: 0.016749[0m
[0m[ INFO] [1747890949.459991627]: v: -0.007292, w: -0.043428[0m
[0m[ INFO] [1747890949.505146042]: Robot state - x: 2.999525, y: 0.002875, phi: 0.016749[0m
[0m[ INFO] [1747890949.505310204]: v: -0.007424, w: -0.044337[0m
[0m[ INFO] [1747890949.605288522]: Robot state - x: 2.999525, y: 0.002875, phi: 0.016749[0m
[0m[ INFO] [1747890949.605382955]: v: -0.007557, w: -0.045246[0m
[0m[ INFO] [1747890949.712959569]: Robot state - x: 2.999525, y: 0.002875, phi: 0.016749[0m
[0m[ INFO] [1747890949.713325173]: v: -0.007689, w: -0.046155[0m
[0m[ INFO] [1747890949.805559913]: Robot state - x: 2.999525, y: 0.002875, phi: 0.016749[0m
[0m[ INFO] [1747890949.805650570]: v: -0.007822, w: -0.047064[0m
[0m[ INFO] [1747890949.913210640]: Robot state - x: 2.999525, y: 0.002875, phi: 0.016749[0m
[0m[ INFO] [1747890949.913624181]: v: -0.007955, w: -0.047973[0m
[0m[ INFO] [1747890950.005633062]: Robot state - x: 2.999525, y: 0.002875, phi: 0.016749[0m
[0m[ INFO] [1747890950.005756328]: v: -0.008087, w: -0.048882[0m
[0m[ INFO] [1747890950.113315279]: Robot state - x: 2.999525, y: 0.002875, phi: 0.016749[0m
[0m[ INFO] [1747890950.113812052]: v: -0.008220, w: -0.049791[0m
[0m[ INFO] [1747890950.205415713]: Robot state - x: 2.999525, y: 0.002875, phi: 0.016749[0m
[0m[ INFO] [1747890950.205511458]: v: -0.008353, w: -0.050700[0m
[0m[ INFO] [1747890950.313542031]: Robot state - x: 2.999525, y: 0.002875, phi: 0.016749[0m
[0m[ INFO] [1747890950.314238999]: v: -0.008485, w: -0.051610[0m
[0m[ INFO] [1747890950.405647265]: Robot state - x: 2.999525, y: 0.002875, phi: 0.016749[0m
[0m[ INFO] [1747890950.405748546]: v: -0.008618, w: -0.052519[0m
[0m[ INFO] [1747890950.515054334]: Robot state - x: 2.999525, y: 0.002875, phi: 0.016749[0m
[0m[ INFO] [1747890950.515512067]: v: -0.008750, w: -0.053428[0m
[0m[ INFO] [1747890950.605363451]: Robot state - x: 2.999525, y: 0.002875, phi: 0.016749[0m
[0m[ INFO] [1747890950.605482013]: v: -0.008883, w: -0.054337[0m
[0m[ INFO] [1747890950.708310028]: Robot state - x: 2.999525, y: 0.002875, phi: 0.016749[0m
[0m[ INFO] [1747890950.708432686]: v: -0.009016, w: -0.055246[0m
[0m[ INFO] [1747890950.897997873]: Robot state - x: 2.999525, y: 0.002875, phi: 0.016749[0m
[0m[ INFO] [1747890950.898099602]: v: -0.009148, w: -0.056155[0m
[0m[ INFO] [1747890950.904938594]: Robot state - x: 2.999333, y: 0.002872, phi: 0.014966[0m
[0m[ INFO] [1747890950.905045955]: v: -0.008446, w: -0.044731[0m
[0m[ INFO] [1747890951.005420663]: Robot state - x: 2.999333, y: 0.002872, phi: 0.014966[0m
[0m[ INFO] [1747890951.005514968]: v: -0.008518, w: -0.045639[0m
[0m[ INFO] [1747890951.114598353]: Robot state - x: 2.999333, y: 0.002872, phi: 0.014966[0m
[0m[ INFO] [1747890951.115048150]: v: -0.008590, w: -0.046547[0m
[0m[ INFO] [1747890951.206064988]: Robot state - x: 2.999333, y: 0.002872, phi: 0.014966[0m
[0m[ INFO] [1747890951.206188126]: v: -0.008662, w: -0.047455[0m
[0m[ INFO] [1747890951.314336812]: Robot state - x: 2.999333, y: 0.002872, phi: 0.014966[0m
[0m[ INFO] [1747890951.314813746]: v: -0.008734, w: -0.048363[0m
[0m[ INFO] [1747890951.405573109]: Robot state - x: 2.999333, y: 0.002872, phi: 0.014966[0m
[0m[ INFO] [1747890951.405670166]: v: -0.008806, w: -0.049271[0m
[0m[ INFO] [1747890951.512652631]: Robot state - x: 2.999333, y: 0.002872, phi: 0.014966[0m
[0m[ INFO] [1747890951.513095580]: v: -0.008878, w: -0.050179[0m
[0m[ INFO] [1747890951.605081006]: Robot state - x: 2.999333, y: 0.002872, phi: 0.014966[0m
[0m[ INFO] [1747890951.605174703]: v: -0.008950, w: -0.051087[0m
[0m[ INFO] [1747890951.706166634]: Robot state - x: 2.999333, y: 0.002872, phi: 0.014966[0m
[0m[ INFO] [1747890951.706262859]: v: -0.009022, w: -0.051995[0m
[0m[ INFO] [1747890928.354440751]: [I2C FOR MOTORS] Now launching this node in namespace: /asc[0m
[0m[ INFO] [1747890928.369391739]: [I2C FOR MOTORS] publish motor duty cycle requests from command line with: rostopic pub --once /asc/set_motor_duty_cycle asclinic_pkg/LeftRightFloat32 "{left: 10.1, right: 10.1}"[0m
[0m[ INFO] [1747890928.369554397]: [I2C FOR MOTORS] Successfully opened named /dev/i2c-1, with file descriptor = 10[0m
[0m[ INFO] [1747890928.369672863]: [I2C FOR MOTORS] Actual acceleration limit = 0.0003125%/ms (after conversation to "internal units")[0m
[0m[ INFO] [1747890928.369734175]: [I2C FOR MOTORS] Actual deceleration limit = 0.0015625%/ms (after conversation to "internal units")[0m
[0m[ INFO] [1747890928.369787296]: [I2C FOR MOTORS] Now initialising SMC with I2C address 13[0m
[0m[ INFO] [1747890928.384502218]: [I2C FOR MOTORS] Now initialising SMC with I2C address 14[0m
[0m[ INFO] [1747890928.405274010]: [I2C FOR MOTORS] Node initialisation complete[0m

[ARUCO DETECTOR] Camera properties upon initialisation:
CV_CAP_PROP_FRAME_HEIGHT : '480.0'
CV_CAP_PROP_FRAME_WIDTH :  '640.0'
CAP_PROP_FPS :             '30.0'
CAP_PROP_FOCUS :           '0.0'
CAP_PROP_AUTOFOCUS :       '0.0'
CAP_PROP_BRIGHTNESS :      '128.0'
CAP_PROP_CONTRAST :        '128.0'
CAP_PROP_SATURATION :      '128.0'
CAP_PROP_BUFFERSIZE :      '4.0'

[ARUCO DETECTOR] Camera properties upon initialisation:
CV_CAP_PROP_FRAME_HEIGHT : '1080.0'
CV_CAP_PROP_FRAME_WIDTH :  '1920.0'
CAP_PROP_FPS :             '5.0'
CAP_PROP_FOCUS :           '0.0'
CAP_PROP_AUTOFOCUS :       '0.0'
CAP_PROP_BRIGHTNESS :      '128.0'
CAP_PROP_CONTRAST :        '128.0'
CAP_PROP_SATURATION :      '128.0'
CAP_PROP_BUFFERSIZE :      '1.0'
[INFO] [1747890934.225004]: [ARUCO DETECTOR] As a double check of the camera properties set, a frame captured just now has dimensions = (1080, 1920, 3)
[INFO] [1747890934.229466]: [ARUCO DETECTOR] publish request from command line to save a single camera image using: rostopic pub --once /asc/request_save_image std_msgs/UInt32 1
[INFO] [1747890934.232978]: [ARUCO DETECTOR] Node initialisation complete
... logging to /home/asc/.ros/log/43bec514-36bf-11f0-a5e2-d8c0a650f677/roslaunch-asc12-jetson-19127.log
Checking log directory for disk usage. This may take a while.
Press Ctrl-C to interrupt
Done checking log file disk usage. Usage is <1GB.
]2;/home/asc/ASClinic/catkin_ws/src/asclinic_pkg/launch/trajectory.launch
[1mstarted roslaunch server http://asc12-jetson:46833/[0m

SUMMARY
========

PARAMETERS
 * /asc/aruco_detector/aruco_detector_desired_camera_fps: 5
 * /asc/aruco_detector/aruco_detector_desired_camera_frame_height: 1080
 * /asc/aruco_detector/aruco_detector_desired_camera_frame_width: 1920
 * /asc/aruco_detector/aruco_detector_marker_size: 0.25
 * /asc/aruco_detector/aruco_detector_save_image_path: /home/asc/saved_c...
 * /asc/aruco_detector/aruco_detector_should_publish_camera_images: False
 * /asc/aruco_detector/aruco_detector_should_save_all_aruco_images: False
 * /asc/aruco_detector/aruco_detector_should_show_camera_images: False
 * /asc/aruco_detector/aruco_detector_usb_camera_device_number: 0
 * /asc/aruco_detector/aruco_detector_verbosity: 1
 * /asc/encoder_read_multi_threaded/delta_t_for_publishing_encoder_counts: 0.1
 * /asc/encoder_read_multi_threaded/encoder_events_to_monitor: rising
 * /asc/encoder_read_multi_threaded/encoder_read_verbosity: 1
 * /asc/encoder_read_multi_threaded/gpio_chip_number_for_encoder_lines: 1
 * /asc/encoder_read_multi_threaded/line_number_for_left_side_encoder_channel_a: 105
 * /asc/encoder_read_multi_threaded/line_number_for_left_side_encoder_channel_b: 106
 * /asc/encoder_read_multi_threaded/line_number_for_right_side_encoder_channel_a: 84
 * /asc/encoder_read_multi_threaded/line_number_for_right_side_encoder_channel_b: 130
 * /asc/encoder_read_multi_threaded/should_monitor_left_side_encoder_channel_a: True
 * /asc/encoder_read_multi_threaded/should_monitor_left_side_encoder_channel_b: False
 * /asc/encoder_read_multi_threaded/should_monitor_right_side_encoder_channel_a: True
 * /asc/encoder_read_multi_threaded/should_monitor_right_side_encoder_channel_b: False
 * /asc/i2c_for_motors/motor_driver_current_limit_in_milliamps: 5000
 * /asc/i2c_for_motors/motor_driver_left_side_multiplier: 1
 * /asc/i2c_for_motors/motor_driver_max_accel_limit_in_percent_per_millisecond: 0.04
 * /asc/i2c_for_motors/motor_driver_max_decel_limit_in_percent_per_millisecond: 0.16
 * /asc/i2c_for_motors/motor_driver_max_duty_cycle_limit_in_percent: 100.0
 * /asc/i2c_for_motors/motor_driver_right_side_multiplier: 1
 * /asc/i2c_for_motors/motor_driver_verbosity: 1
 * /rosdistro: noetic
 * /rosversion: 1.17.0

NODES
  /
    aruco_positioning (asclinic_pkg/aruco_positioning.py)
    kf_fusion_node (asclinic_pkg/KF.py)
    odomdelta (asclinic_pkg/odomdelta)
    trajectory_generator (asclinic_pkg/trajectory_generator_state_space)
    trajectory_tracker (asclinic_pkg/trajectory_tracker_state_space)
    velocity_PI_control (asclinic_pkg/velocity_PI_control)
  /asc/
    aruco_detector (asclinic_pkg/aruco_detector.py)
    encoder_read_multi_threaded (asclinic_pkg/encoder_read_multi_threaded)
    i2c_for_motors (asclinic_pkg/i2c_for_motors)

[1mROS_MASTER_URI=http://localhost:11311[0m
]2;/home/asc/ASClinic/catkin_ws/src/asclinic_pkg/launch/trajectory.launch http://localhost:11311
[1mprocess[asc/i2c_for_motors-1]: started with pid [19163][0m
[1mprocess[asc/encoder_read_multi_threaded-2]: started with pid [19164][0m
[1mprocess[odomdelta-3]: started with pid [19170][0m
[1mprocess[asc/aruco_detector-4]: started with pid [19180][0m
[1mprocess[aruco_positioning-5]: started with pid [19186][0m
[1mprocess[trajectory_tracker-6]: started with pid [19187][0m
[1mprocess[trajectory_generator-7]: started with pid [19188][0m
[1mprocess[velocity_PI_control-8]: started with pid [19207][0m
[1mprocess[kf_fusion_node-9]: started with pid [19218][0m
[kf_fusion_node-9] killing on exit
[velocity_PI_control-8] killing on exit
[odomdelta-3] killing on exit
[trajectory_tracker-6] killing on exit
[aruco_positioning-5] killing on exit
[asc/encoder_read_multi_threaded-2] killing on exit
[asc/i2c_for_motors-1] killing on exit
[asc/aruco_detector-4] killing on exit
[trajectory_generator-7] killing on exit
shutting down processing monitor...
... shutting down processing monitor complete
[1mdone[0m
